<Jan20-2022> <02:55:17>  AMS 2021.102  RunTime: Jan20-2022 02:55:17  ShM Nodes: 1  Procs: 1
<Jan20-2022> <02:55:17>  ADF 2021.102  RunTime: Jan20-2022 02:55:17  ShM Nodes: 1  Procs: 1
<Jan20-2022> <02:55:17>  *** (NO TITLE) ***
<Jan20-2022> <02:55:17>  Symmetry detected: C(S)
<Jan20-2022> <02:55:17>  Iteration 1
<Jan20-2022> <02:55:17>  DIRAC 2021.102  RunTime: Jan20-2022 02:55:17  ShM Nodes: 1  Procs: 1
<Jan20-2022> <02:55:17>  Carbon (TZ2P)
<Jan20-2022> <02:55:17>  Net Charge: 0 (Nuclei minus Electrons)
<Jan20-2022> <02:55:17>  Symmetry  : ATOM
<Jan20-2022> <02:55:17>  Coordinates
<Jan20-2022> <02:55:17>     Atom         X           Y           Z   (Angstrom)
<Jan20-2022> <02:55:17>     1.C         0.000000    0.000000    0.000000
<Jan20-2022> <02:55:17>  >>>> CORORT
<Jan20-2022> <02:55:17>  >>>> CLSMAT
<Jan20-2022> <02:55:17>  >>>> ORTHON
<Jan20-2022> <02:55:17>  >>>> GENPT
<Jan20-2022> <02:55:17>  Block Length=  72
<Jan20-2022> <02:55:17>  >>>> PTBAS
<Jan20-2022> <02:55:17>  >>>> CYCLE
<Jan20-2022> <02:55:18>              |Error|         MaxErr       Wt(A-DIIS)
<Jan20-2022> <02:55:18>      1      0.00000000      0.00000000
<Jan20-2022> <02:55:18>      2      4.48405934      3.32161898    100.0
<Jan20-2022> <02:55:18>      3      1.60718414      1.28408746    100.0
<Jan20-2022> <02:55:18>      4      0.76426456      0.62272052    100.0
<Jan20-2022> <02:55:18>      5      0.36119063      0.28553990    100.0
<Jan20-2022> <02:55:18>      6      0.14821424      0.11559867    100.0
<Jan20-2022> <02:55:18>      7      0.10108424      0.07867111     78.5
<Jan20-2022> <02:55:18>      8      0.01786531      0.01387049     13.0
<Jan20-2022> <02:55:18>      9      0.00195746      0.00153262      0.5
<Jan20-2022> <02:55:18>     10      0.00001058      0.00000730      0.0
<Jan20-2022> <02:55:18>     11      0.00000047      0.00000027      0.0
<Jan20-2022> <02:55:18>     12      0.00000003      0.00000002      0.0
<Jan20-2022> <02:55:18>     13      0.00000000      0.00000000      0.0
<Jan20-2022> <02:55:18>  SCF converged
<Jan20-2022> <02:55:18>     14      0.00000000      0.00000000      0.0
<Jan20-2022> <02:55:18>  >>>> POPAN
<Jan20-2022> <02:55:18>  >>>> DEBYE
<Jan20-2022> <02:55:18>  DIRAC 2021.102  RunTime: Jan20-2022 02:55:18  ShM Nodes: 1  Procs: 1
<Jan20-2022> <02:55:18>  Hydrogen (TZ2P)
<Jan20-2022> <02:55:18>  Net Charge: 0 (Nuclei minus Electrons)
<Jan20-2022> <02:55:18>  Symmetry  : ATOM
<Jan20-2022> <02:55:18>  Coordinates
<Jan20-2022> <02:55:18>     Atom         X           Y           Z   (Angstrom)
<Jan20-2022> <02:55:18>     1.H         0.000000    0.000000    0.000000
<Jan20-2022> <02:55:18>  >>>> CORORT
<Jan20-2022> <02:55:18>  >>>> CLSMAT
<Jan20-2022> <02:55:18>  >>>> ORTHON
<Jan20-2022> <02:55:18>  >>>> GENPT
<Jan20-2022> <02:55:18>  Block Length=  64
<Jan20-2022> <02:55:18>  >>>> PTBAS
<Jan20-2022> <02:55:18>  >>>> CYCLE
<Jan20-2022> <02:55:18>              |Error|         MaxErr       Wt(A-DIIS)
<Jan20-2022> <02:55:18>      1      0.00000000      0.00000000
<Jan20-2022> <02:55:18>      2      0.03080019      0.02591482
<Jan20-2022> <02:55:18>      3      0.01140383      0.01135775    100.0
<Jan20-2022> <02:55:18>      4      0.00327656      0.00327407      2.3
<Jan20-2022> <02:55:18>      5      0.00010041      0.00009754      0.0
<Jan20-2022> <02:55:18>      6      0.00000525      0.00000504      0.0
<Jan20-2022> <02:55:18>      7      0.00000007      0.00000007      0.0
<Jan20-2022> <02:55:18>      8      0.00000000      0.00000000      0.0
<Jan20-2022> <02:55:18>  SCF converged
<Jan20-2022> <02:55:18>      9      0.00000000      0.00000000      0.0
<Jan20-2022> <02:55:18>  >>>> POPAN
<Jan20-2022> <02:55:18>  >>>> DEBYE
<Jan20-2022> <02:55:19>  DIRAC 2021.102  RunTime: Jan20-2022 02:55:19  ShM Nodes: 1  Procs: 1
<Jan20-2022> <02:55:19>  Oxygen (TZ2P)
<Jan20-2022> <02:55:19>  Net Charge: 0 (Nuclei minus Electrons)
<Jan20-2022> <02:55:19>  Symmetry  : ATOM
<Jan20-2022> <02:55:19>  Coordinates
<Jan20-2022> <02:55:19>     Atom         X           Y           Z   (Angstrom)
<Jan20-2022> <02:55:19>     1.O         0.000000    0.000000    0.000000
<Jan20-2022> <02:55:19>  >>>> CORORT
<Jan20-2022> <02:55:19>  >>>> CLSMAT
<Jan20-2022> <02:55:19>  >>>> ORTHON
<Jan20-2022> <02:55:19>  >>>> GENPT
<Jan20-2022> <02:55:19>  Block Length=  68
<Jan20-2022> <02:55:19>  >>>> PTBAS
<Jan20-2022> <02:55:19>  >>>> CYCLE
<Jan20-2022> <02:55:19>              |Error|         MaxErr       Wt(A-DIIS)
<Jan20-2022> <02:55:19>      1      0.00000000      0.00000000
<Jan20-2022> <02:55:19>      2      8.77210307      5.53374266    100.0
<Jan20-2022> <02:55:19>      3      3.60058093      2.49154808    100.0
<Jan20-2022> <02:55:19>      4      1.20505529      0.62472425    100.0
<Jan20-2022> <02:55:19>      5      1.46502638      0.81213311    100.0
<Jan20-2022> <02:55:19>      6      0.15089362      0.09131786     91.2
<Jan20-2022> <02:55:19>      7      0.14397311      0.08251182     82.3
<Jan20-2022> <02:55:19>      8      0.00183259      0.00123681      0.2
<Jan20-2022> <02:55:19>      9      0.00015629      0.00008105      0.0
<Jan20-2022> <02:55:19>     10      0.00001324      0.00000629      0.0
<Jan20-2022> <02:55:19>     11      0.00000006      0.00000003      0.0
<Jan20-2022> <02:55:19>     12      0.00000000      0.00000000      0.0
<Jan20-2022> <02:55:19>  SCF converged
<Jan20-2022> <02:55:19>     13      0.00000000      0.00000000      0.0
<Jan20-2022> <02:55:19>  >>>> POPAN
<Jan20-2022> <02:55:19>  >>>> DEBYE
<Jan20-2022> <02:55:19>  DIRAC 2021.102  RunTime: Jan20-2022 02:55:19  ShM Nodes: 1  Procs: 1
<Jan20-2022> <02:55:20>  Fluorine (TZ2P)
<Jan20-2022> <02:55:20>  Net Charge: 0 (Nuclei minus Electrons)
<Jan20-2022> <02:55:20>  Symmetry  : ATOM
<Jan20-2022> <02:55:20>  Coordinates
<Jan20-2022> <02:55:20>     Atom         X           Y           Z   (Angstrom)
<Jan20-2022> <02:55:20>     1.F         0.000000    0.000000    0.000000
<Jan20-2022> <02:55:20>  >>>> CORORT
<Jan20-2022> <02:55:20>  >>>> CLSMAT
<Jan20-2022> <02:55:20>  >>>> ORTHON
<Jan20-2022> <02:55:20>  >>>> GENPT
<Jan20-2022> <02:55:20>  Block Length=  76
<Jan20-2022> <02:55:20>  >>>> PTBAS
<Jan20-2022> <02:55:20>  >>>> CYCLE
<Jan20-2022> <02:55:20>              |Error|         MaxErr       Wt(A-DIIS)
<Jan20-2022> <02:55:20>      1      0.00000000      0.00000000
<Jan20-2022> <02:55:20>      2     11.39970762      4.85721148    100.0
<Jan20-2022> <02:55:20>      3      5.17310012      3.16632108    100.0
<Jan20-2022> <02:55:20>      4      1.04882283      0.49392043    100.0
<Jan20-2022> <02:55:20>      5      1.72142161      0.84736739    100.0
<Jan20-2022> <02:55:20>      6      0.21842580      0.10780687    100.0
<Jan20-2022> <02:55:20>      7      0.28524155      0.13554881    100.0
<Jan20-2022> <02:55:20>      8      0.02856437      0.01389479     13.0
<Jan20-2022> <02:55:20>      9      0.00489297      0.00234741      1.4
<Jan20-2022> <02:55:20>     10      0.00009261      0.00004462      0.0
<Jan20-2022> <02:55:20>     11      0.00000010      0.00000005      0.0
<Jan20-2022> <02:55:20>     12      0.00000000      0.00000000      0.0
<Jan20-2022> <02:55:20>  SCF converged
<Jan20-2022> <02:55:20>     13      0.00000000      0.00000000      0.0
<Jan20-2022> <02:55:20>  >>>> POPAN
<Jan20-2022> <02:55:20>  >>>> DEBYE
<Jan20-2022> <02:55:20>  *** GOStep1 ***
<Jan20-2022> <02:55:20>  >>>> FRAGM
<Jan20-2022> <02:55:20>  Coordinates
<Jan20-2022> <02:55:20>     Atom         X           Y           Z   (Angstrom)
<Jan20-2022> <02:55:20>     1.C         0.312247    0.445199    0.000000
<Jan20-2022> <02:55:20>     2.C         0.983914   -0.714308    0.000000
<Jan20-2022> <02:55:20>     3.H         0.458423   -1.668047    0.000000
<Jan20-2022> <02:55:20>     4.C        -1.162784    0.485254    0.000000
<Jan20-2022> <02:55:20>     5.H         0.823132    1.407065    0.000000
<Jan20-2022> <02:55:20>     6.O        -1.824058    1.507291    0.000000
<Jan20-2022> <02:55:20>     7.F         2.393057   -0.763447    0.000000
<Jan20-2022> <02:55:20>     8.H        -1.635503   -0.474661    0.000000
<Jan20-2022> <02:55:20>  >>>> CORORT
<Jan20-2022> <02:55:20>  >>>> CLSMAT
<Jan20-2022> <02:55:20>  >>>> ORTHON
<Jan20-2022> <02:55:20>  >>>> GENPT
<Jan20-2022> <02:55:21>  Block Length= 128
<Jan20-2022> <02:55:21>  >>>> PTBAS
<Jan20-2022> <02:55:29>  >>>> CYCLE
<Jan20-2022> <02:55:48>              |Error|         MaxErr       Wt(A-DIIS)
<Jan20-2022> <02:55:48>      1      4.80921955      1.05980148
<Jan20-2022> <02:56:02>      2      0.80129006      0.18567762    100.0
<Jan20-2022> <02:56:15>      3      0.37636405      0.07094543    100.0
<Jan20-2022> <02:56:29>      4      0.54354261      0.13133014    100.0
<Jan20-2022> <02:56:42>      5      0.19645386      0.04504789     44.5
<Jan20-2022> <02:56:56>      6      0.27523061      0.07580510    100.0
<Jan20-2022> <02:57:10>      7      0.04019855      0.00735159      6.4
<Jan20-2022> <02:57:24>      8      0.01053834      0.00267617      1.7
<Jan20-2022> <02:57:37>      9      0.00287373      0.00052222      0.0
<Jan20-2022> <02:57:51>     10      0.00053285      0.00011794      0.0
<Jan20-2022> <02:58:05>     11      0.00030362      0.00008309      0.0
<Jan20-2022> <02:58:19>     12      0.00003354      0.00000534      0.0
<Jan20-2022> <02:58:33>     13      0.00000442      0.00000076      0.0
<Jan20-2022> <02:58:37>  SCF converged
<Jan20-2022> <02:58:46>     14      0.00000108      0.00000015      0.0
<Jan20-2022> <02:58:50>  >>>> TOTEN
<Jan20-2022> <02:59:10>  >>>> POPAN
<Jan20-2022> <02:59:10>  >>>> DEBYE
<Jan20-2022> <02:59:10>  >>>> ENGRAD
<Jan20-2022> <02:59:41>  current energy                               -1.69168386 Hartree
<Jan20-2022> <02:59:41>  energy change                      -1.69168386     0.00008000    F
<Jan20-2022> <02:59:41>  constrained gradient max            0.08859163     0.00100000    F
<Jan20-2022> <02:59:41>  constrained gradient rms            0.02581167     0.00066667    F
<Jan20-2022> <02:59:41>  gradient max                        0.08859163
<Jan20-2022> <02:59:41>  gradient rms                        0.02581167
<Jan20-2022> <02:59:41>  cart. step max                      0.05887266     0.01000000    F
<Jan20-2022> <02:59:41>  cart. step rms                      0.01689322     0.00666667    F
<Jan20-2022> <02:59:41>  Iteration 2
<Jan20-2022> <02:59:42>  *** GOStep2 ***
<Jan20-2022> <02:59:42>  >>>> FRAGM
<Jan20-2022> <02:59:42>  Coordinates
<Jan20-2022> <02:59:42>     Atom         X           Y           Z   (Angstrom)
<Jan20-2022> <02:59:42>     1.C         0.318191    0.459678    0.000000
<Jan20-2022> <02:59:42>     2.C         0.972473   -0.702931    0.000000
<Jan20-2022> <02:59:42>     3.H         0.495442   -1.680676    0.000000
<Jan20-2022> <02:59:42>     4.C        -1.154962    0.484278    0.000000
<Jan20-2022> <02:59:42>     5.H         0.838234    1.415713    0.000000
<Jan20-2022> <02:59:42>     6.O        -1.809109    1.512488    0.000000
<Jan20-2022> <02:59:42>     7.F         2.334185   -0.764636    0.000000
<Jan20-2022> <02:59:42>     8.H        -1.646025   -0.499568    0.000000
<Jan20-2022> <02:59:42>  >>>> CORORT
<Jan20-2022> <02:59:42>  >>>> CLSMAT
<Jan20-2022> <02:59:42>  >>>> ORTHON
<Jan20-2022> <02:59:42>  >>>> GENPT
<Jan20-2022> <02:59:42>  Block Length= 128
<Jan20-2022> <02:59:43>  >>>> PTBAS
<Jan20-2022> <02:59:50>  >>>> CYCLE
<Jan20-2022> <03:00:00>  using orbital data from restart file
<Jan20-2022> <03:00:10>              |Error|         MaxErr       Wt(A-DIIS)
<Jan20-2022> <03:00:10>      1      0.18138413      0.06672113
<Jan20-2022> <03:00:23>      2      0.06388966      0.01449466    100.0
<Jan20-2022> <03:00:38>      3      0.02352762      0.00615061    100.0
<Jan20-2022> <03:00:51>      4      0.03931241      0.00952763    100.0
<Jan20-2022> <03:01:05>      5      0.00928177      0.00177607      0.8
<Jan20-2022> <03:01:18>      6      0.00324329      0.00073087      0.0
<Jan20-2022> <03:01:32>      7      0.00073519      0.00019382      0.0
<Jan20-2022> <03:01:46>      8      0.00027179      0.00008015      0.0
<Jan20-2022> <03:02:00>      9      0.00005179      0.00001029      0.0
<Jan20-2022> <03:02:13>     10      0.00000999      0.00000165      0.0
<Jan20-2022> <03:02:27>     11      0.00000287      0.00000077      0.0
<Jan20-2022> <03:02:31>  SCF converged
<Jan20-2022> <03:02:41>     12      0.00000044      0.00000010      0.0
<Jan20-2022> <03:02:45>  >>>> TOTEN
<Jan20-2022> <03:03:05>  >>>> POPAN
<Jan20-2022> <03:03:05>  >>>> DEBYE
<Jan20-2022> <03:03:05>  >>>> ENGRAD
<Jan20-2022> <03:03:36>  current energy                               -1.69684140 Hartree
<Jan20-2022> <03:03:36>  energy change                      -0.00515754     0.00008000    F
<Jan20-2022> <03:03:36>  constrained gradient max            0.03170311     0.00100000    F
<Jan20-2022> <03:03:36>  constrained gradient rms            0.01054537     0.00066667    F
<Jan20-2022> <03:03:36>  gradient max                        0.03170311
<Jan20-2022> <03:03:36>  gradient rms                        0.01054537
<Jan20-2022> <03:03:36>  cart. step max                      0.02645449     0.01000000    F
<Jan20-2022> <03:03:36>  cart. step rms                      0.00813825     0.00666667    F
<Jan20-2022> <03:03:36>  Iteration 3
<Jan20-2022> <03:03:37>  *** GOStep3 ***
<Jan20-2022> <03:03:37>  >>>> FRAGM
<Jan20-2022> <03:03:37>  Coordinates
<Jan20-2022> <03:03:37>     Atom         X           Y           Z   (Angstrom)
<Jan20-2022> <03:03:37>     1.C         0.318788    0.468660    0.000000
<Jan20-2022> <03:03:37>     2.C         0.972884   -0.697900    0.000000
<Jan20-2022> <03:03:37>     3.H         0.515366   -1.684943    0.000000
<Jan20-2022> <03:03:37>     4.C        -1.151362    0.490816    0.000000
<Jan20-2022> <03:03:37>     5.H         0.845185    1.419545    0.000000
<Jan20-2022> <03:03:37>     6.O        -1.815422    1.512520    0.000000
<Jan20-2022> <03:03:37>     7.F         2.307730   -0.776265    0.000000
<Jan20-2022> <03:03:37>     8.H        -1.644740   -0.508087    0.000000
<Jan20-2022> <03:03:37>  >>>> CORORT
<Jan20-2022> <03:03:37>  >>>> CLSMAT
<Jan20-2022> <03:03:37>  >>>> ORTHON
<Jan20-2022> <03:03:37>  >>>> GENPT
<Jan20-2022> <03:03:37>  Block Length= 128
<Jan20-2022> <03:03:38>  >>>> PTBAS
<Jan20-2022> <03:03:45>  >>>> CYCLE
<Jan20-2022> <03:03:54>  using orbital data from restart file
<Jan20-2022> <03:04:04>              |Error|         MaxErr       Wt(A-DIIS)
<Jan20-2022> <03:04:04>      1      0.10728186      0.04031609
<Jan20-2022> <03:04:18>      2      0.03166888      0.00794069    100.0
<Jan20-2022> <03:04:32>      3      0.01246580      0.00288271    100.0
<Jan20-2022> <03:04:45>      4      0.02031707      0.00528376    100.0
<Jan20-2022> <03:04:59>      5      0.00430556      0.00078621      0.0
<Jan20-2022> <03:05:13>      6      0.00131947      0.00024234      0.0
<Jan20-2022> <03:05:27>      7      0.00035085      0.00006201      0.0
<Jan20-2022> <03:05:41>      8      0.00010879      0.00003083      0.0
<Jan20-2022> <03:05:54>      9      0.00003282      0.00000868      0.0
<Jan20-2022> <03:06:08>     10      0.00000474      0.00000081      0.0
<Jan20-2022> <03:06:12>  SCF converged
<Jan20-2022> <03:06:21>     11      0.00000128      0.00000028      0.0
<Jan20-2022> <03:06:25>  >>>> TOTEN
<Jan20-2022> <03:06:45>  >>>> POPAN
<Jan20-2022> <03:06:45>  >>>> DEBYE
<Jan20-2022> <03:06:45>  >>>> ENGRAD
<Jan20-2022> <03:07:16>  current energy                               -1.69745946 Hartree
<Jan20-2022> <03:07:16>  energy change                      -0.00061805     0.00008000    F
<Jan20-2022> <03:07:16>  constrained gradient max            0.00611880     0.00100000    F
<Jan20-2022> <03:07:16>  constrained gradient rms            0.00201296     0.00066667    F
<Jan20-2022> <03:07:16>  gradient max                        0.00611880
<Jan20-2022> <03:07:16>  gradient rms                        0.00201296
<Jan20-2022> <03:07:16>  cart. step max                      0.00597484     0.01000000    T
<Jan20-2022> <03:07:16>  cart. step rms                      0.00168166     0.00666667    T
<Jan20-2022> <03:07:16>  Iteration 4
<Jan20-2022> <03:07:16>  *** GOStep4 ***
<Jan20-2022> <03:07:17>  >>>> FRAGM
<Jan20-2022> <03:07:17>  Coordinates
<Jan20-2022> <03:07:17>     Atom         X           Y           Z   (Angstrom)
<Jan20-2022> <03:07:17>     1.C         0.318160    0.468802    0.000000
<Jan20-2022> <03:07:17>     2.C         0.972867   -0.697617    0.000000
<Jan20-2022> <03:07:17>     3.H         0.509391   -1.682575    0.000000
<Jan20-2022> <03:07:17>     4.C        -1.150589    0.490995    0.000000
<Jan20-2022> <03:07:17>     5.H         0.847080    1.418381    0.000000
<Jan20-2022> <03:07:17>     6.O        -1.816739    1.511105    0.000000
<Jan20-2022> <03:07:17>     7.F         2.310463   -0.775281    0.000000
<Jan20-2022> <03:07:17>     8.H        -1.642204   -0.509464    0.000000
<Jan20-2022> <03:07:17>  >>>> CORORT
<Jan20-2022> <03:07:17>  >>>> CLSMAT
<Jan20-2022> <03:07:17>  >>>> ORTHON
<Jan20-2022> <03:07:17>  >>>> GENPT
<Jan20-2022> <03:07:17>  Block Length= 128
<Jan20-2022> <03:07:17>  >>>> PTBAS
<Jan20-2022> <03:07:25>  >>>> CYCLE
<Jan20-2022> <03:07:34>  using orbital data from restart file
<Jan20-2022> <03:07:44>              |Error|         MaxErr       Wt(A-DIIS)
<Jan20-2022> <03:07:44>      1      0.01278138      0.00410258
<Jan20-2022> <03:07:57>      2      0.00401628      0.00106439    100.0
<Jan20-2022> <03:08:11>      3      0.01068623      0.00291821    100.0
<Jan20-2022> <03:08:25>      4      0.00318355      0.00091425      0.0
<Jan20-2022> <03:08:38>      5      0.00080292      0.00024124      0.0
<Jan20-2022> <03:08:52>      6      0.00017116      0.00004866      0.0
<Jan20-2022> <03:09:06>      7      0.00004249      0.00000893      0.0
<Jan20-2022> <03:09:19>      8      0.00000588      0.00000125      0.0
<Jan20-2022> <03:09:33>      9      0.00000206      0.00000028      0.0
<Jan20-2022> <03:09:37>  SCF converged
<Jan20-2022> <03:09:46>     10      0.00000050      0.00000008      0.0
<Jan20-2022> <03:09:50>  >>>> TOTEN
<Jan20-2022> <03:10:09>  >>>> POPAN
<Jan20-2022> <03:10:09>  >>>> DEBYE
<Jan20-2022> <03:10:10>  >>>> ENGRAD
<Jan20-2022> <03:10:40>  current energy                               -1.69748865 Hartree
<Jan20-2022> <03:10:40>  energy change                      -0.00002920     0.00008000    T
<Jan20-2022> <03:10:40>  constrained gradient max            0.00315969     0.00100000    F
<Jan20-2022> <03:10:40>  constrained gradient rms            0.00097087     0.00066667    F
<Jan20-2022> <03:10:40>  gradient max                        0.00315969
<Jan20-2022> <03:10:40>  gradient rms                        0.00097087
<Jan20-2022> <03:10:40>  cart. step max                      0.00370125     0.01000000    T
<Jan20-2022> <03:10:40>  cart. step rms                      0.00130208     0.00666667    T
<Jan20-2022> <03:10:40>  Iteration 5
<Jan20-2022> <03:10:41>  *** GOStep5 ***
<Jan20-2022> <03:10:41>  >>>> FRAGM
<Jan20-2022> <03:10:41>  Coordinates
<Jan20-2022> <03:10:41>     Atom         X           Y           Z   (Angstrom)
<Jan20-2022> <03:10:41>     1.C         0.317679    0.469611    0.000000
<Jan20-2022> <03:10:41>     2.C         0.972613   -0.696980    0.000000
<Jan20-2022> <03:10:41>     3.H         0.505690   -1.680736    0.000000
<Jan20-2022> <03:10:41>     4.C        -1.149612    0.491285    0.000000
<Jan20-2022> <03:10:41>     5.H         0.849686    1.417567    0.000000
<Jan20-2022> <03:10:41>     6.O        -1.818109    1.509800    0.000000
<Jan20-2022> <03:10:41>     7.F         2.310162   -0.774856    0.000000
<Jan20-2022> <03:10:41>     8.H        -1.639681   -0.511345    0.000000
<Jan20-2022> <03:10:41>  >>>> CORORT
<Jan20-2022> <03:10:41>  >>>> CLSMAT
<Jan20-2022> <03:10:41>  >>>> ORTHON
<Jan20-2022> <03:10:41>  >>>> GENPT
<Jan20-2022> <03:10:41>  Block Length= 128
<Jan20-2022> <03:10:42>  >>>> PTBAS
<Jan20-2022> <03:10:49>  >>>> CYCLE
<Jan20-2022> <03:10:58>  using orbital data from restart file
<Jan20-2022> <03:11:08>              |Error|         MaxErr       Wt(A-DIIS)
<Jan20-2022> <03:11:08>      1      0.00836992      0.00257754
<Jan20-2022> <03:11:22>      2      0.00116752      0.00025364    100.0
<Jan20-2022> <03:11:36>      3      0.00061976      0.00012363    100.0
<Jan20-2022> <03:11:49>      4      0.00080308      0.00021562      0.0
<Jan20-2022> <03:12:03>      5      0.00026349      0.00005869      0.0
<Jan20-2022> <03:12:17>      6      0.00006874      0.00001658      0.0
<Jan20-2022> <03:12:30>      7      0.00001496      0.00000389      0.0
<Jan20-2022> <03:12:44>      8      0.00000698      0.00000143      0.0
<Jan20-2022> <03:12:58>      9      0.00000238      0.00000055      0.0
<Jan20-2022> <03:13:02>  SCF converged
<Jan20-2022> <03:13:12>     10      0.00000044      0.00000008      0.0
<Jan20-2022> <03:13:14>  >>>> TOTEN
<Jan20-2022> <03:13:27>  >>>> POPAN
<Jan20-2022> <03:13:27>  >>>> DEBYE
<Jan20-2022> <03:13:27>  >>>> ENGRAD
<Jan20-2022> <03:13:44>  current energy                               -1.69749521 Hartree
<Jan20-2022> <03:13:44>  energy change                      -0.00000656     0.00008000    T
<Jan20-2022> <03:13:44>  constrained gradient max            0.00075806     0.00100000    T
<Jan20-2022> <03:13:44>  constrained gradient rms            0.00027320     0.00066667    T
<Jan20-2022> <03:13:44>  gradient max                        0.00075806
<Jan20-2022> <03:13:44>  gradient rms                        0.00027320
<Jan20-2022> <03:13:44>  cart. step max                      0.00091620     0.01000000    T
<Jan20-2022> <03:13:44>  cart. step rms                      0.00034011     0.00666667    T
<Jan20-2022> <03:13:44>  Geometry optimization converged
<Jan20-2022> <03:13:45>  *** adf ***
<Jan20-2022> <03:13:45>  Net Charge: 0 (Nuclei minus Electrons)
<Jan20-2022> <03:13:45>  Symmetry  : NOSYM
<Jan20-2022> <03:13:45>  >>>> FRAGM
<Jan20-2022> <03:13:45>  Coordinates
<Jan20-2022> <03:13:45>     Atom         X           Y           Z   (Angstrom)
<Jan20-2022> <03:13:45>     1.C         0.317679    0.469611    0.000000
<Jan20-2022> <03:13:45>     2.C         0.972613   -0.696980    0.000000
<Jan20-2022> <03:13:45>     3.H         0.505690   -1.680736    0.000000
<Jan20-2022> <03:13:45>     4.C        -1.149612    0.491285    0.000000
<Jan20-2022> <03:13:45>     5.H         0.849686    1.417567    0.000000
<Jan20-2022> <03:13:45>     6.O        -1.818109    1.509800    0.000000
<Jan20-2022> <03:13:45>     7.F         2.310162   -0.774856    0.000000
<Jan20-2022> <03:13:45>     8.H        -1.639681   -0.511345    0.000000
<Jan20-2022> <03:13:45>  >>>> CORORT
<Jan20-2022> <03:13:45>  >>>> CLSMAT
<Jan20-2022> <03:13:45>  >>>> ORTHON
<Jan20-2022> <03:13:45>  >>>> GENPT
<Jan20-2022> <03:13:45>  Block Length= 128
<Jan20-2022> <03:13:46>  >>>> PTBAS
<Jan20-2022> <03:13:53>  >>>> CYCLE
<Jan20-2022> <03:14:02>  using orbital data from restart file
<Jan20-2022> <03:14:12>              |Error|         MaxErr       Wt(A-DIIS)
<Jan20-2022> <03:14:12>      1      0.00000006      0.00000002
<Jan20-2022> <03:14:25>      2      0.00000015      0.00000006    100.0
<Jan20-2022> <03:14:29>  SCF converged
<Jan20-2022> <03:14:39>      3      0.00000003      0.00000001    100.0
<Jan20-2022> <03:14:51>  >>>> TOTEN
<Jan20-2022> <03:15:13>  >>>> POPAN
<Jan20-2022> <03:15:13>  >>>> DEBYE
<Jan20-2022> <03:15:13>  >>>> AMETS
<Jan20-2022> <03:15:13>   Bond Energy          -1.69749521 a.u.
<Jan20-2022> <03:15:13>   Bond Energy         -46.19119494 eV
<Jan20-2022> <03:15:13>   Bond Energy       -1065.19       kcal/mol
<Jan20-2022> <03:15:13>  >>>> POPUL
<Jan20-2022> <03:15:13>  >>>> ENGRAD
<Jan20-2022> <03:15:43>  >>>> ENHESS
<Jan20-2022> <03:15:51>  === NUCLEUS:     1
<Jan20-2022> <03:21:06>  === NUCLEUS:     2
<Jan20-2022> <03:24:43>  === NUCLEUS:     3
<Jan20-2022> <03:28:31>  === NUCLEUS:     4
<Jan20-2022> <03:31:38>  === NUCLEUS:     5
<Jan20-2022> <03:36:12>  === NUCLEUS:     6
<Jan20-2022> <03:40:36>  === NUCLEUS:     7
<Jan20-2022> <03:46:07>  === NUCLEUS:     8
<Jan20-2022> <03:50:49>  >>>> CALC_HESS_PMAT
<Jan20-2022> <03:51:30>  >>>> CALC_HESS_WMAT
<Jan20-2022> <03:51:40>  PES point character: Geometry corresponds to a local minimum on the PES.
<Jan20-2022> <03:51:40>  Geometry optimization successful!
<Jan20-2022> <03:51:40>  NORMAL TERMINATION
