<Jan20-2022> <02:54:59>  AMS 2021.102  RunTime: Jan20-2022 02:54:59  ShM Nodes: 1  Procs: 1
<Jan20-2022> <02:54:59>  ADF 2021.102  RunTime: Jan20-2022 02:54:59  ShM Nodes: 1  Procs: 1
<Jan20-2022> <02:54:59>  *** (NO TITLE) ***
<Jan20-2022> <02:54:59>  Iteration 1
<Jan20-2022> <02:54:59>  DIRAC 2021.102  RunTime: Jan20-2022 02:54:59  ShM Nodes: 1  Procs: 1
<Jan20-2022> <02:54:59>  Hydrogen (TZ2P)
<Jan20-2022> <02:54:59>  Net Charge: 0 (Nuclei minus Electrons)
<Jan20-2022> <02:54:59>  Symmetry  : ATOM
<Jan20-2022> <02:54:59>  Coordinates
<Jan20-2022> <02:54:59>     Atom         X           Y           Z   (Angstrom)
<Jan20-2022> <02:54:59>     1.H         0.000000    0.000000    0.000000
<Jan20-2022> <02:54:59>  >>>> CORORT
<Jan20-2022> <02:54:59>  >>>> CLSMAT
<Jan20-2022> <02:54:59>  >>>> ORTHON
<Jan20-2022> <02:54:59>  >>>> GENPT
<Jan20-2022> <02:54:59>  Block Length=  64
<Jan20-2022> <02:54:59>  >>>> PTBAS
<Jan20-2022> <02:54:59>  >>>> CYCLE
<Jan20-2022> <02:54:59>              |Error|         MaxErr       Wt(A-DIIS)
<Jan20-2022> <02:54:59>      1      0.00000000      0.00000000
<Jan20-2022> <02:54:59>      2      0.03080019      0.02591482
<Jan20-2022> <02:54:59>      3      0.01140383      0.01135775    100.0
<Jan20-2022> <02:54:59>      4      0.00327656      0.00327407      2.3
<Jan20-2022> <02:54:59>      5      0.00010041      0.00009754      0.0
<Jan20-2022> <02:54:59>      6      0.00000525      0.00000504      0.0
<Jan20-2022> <02:55:00>      7      0.00000007      0.00000007      0.0
<Jan20-2022> <02:55:00>      8      0.00000000      0.00000000      0.0
<Jan20-2022> <02:55:00>  SCF converged
<Jan20-2022> <02:55:00>      9      0.00000000      0.00000000      0.0
<Jan20-2022> <02:55:00>  >>>> POPAN
<Jan20-2022> <02:55:00>  >>>> DEBYE
<Jan20-2022> <02:55:00>  DIRAC 2021.102  RunTime: Jan20-2022 02:55:00  ShM Nodes: 1  Procs: 1
<Jan20-2022> <02:55:00>  Carbon (TZ2P)
<Jan20-2022> <02:55:00>  Net Charge: 0 (Nuclei minus Electrons)
<Jan20-2022> <02:55:00>  Symmetry  : ATOM
<Jan20-2022> <02:55:00>  Coordinates
<Jan20-2022> <02:55:00>     Atom         X           Y           Z   (Angstrom)
<Jan20-2022> <02:55:00>     1.C         0.000000    0.000000    0.000000
<Jan20-2022> <02:55:00>  >>>> CORORT
<Jan20-2022> <02:55:00>  >>>> CLSMAT
<Jan20-2022> <02:55:00>  >>>> ORTHON
<Jan20-2022> <02:55:00>  >>>> GENPT
<Jan20-2022> <02:55:00>  Block Length=  72
<Jan20-2022> <02:55:00>  >>>> PTBAS
<Jan20-2022> <02:55:00>  >>>> CYCLE
<Jan20-2022> <02:55:00>              |Error|         MaxErr       Wt(A-DIIS)
<Jan20-2022> <02:55:00>      1      0.00000000      0.00000000
<Jan20-2022> <02:55:00>      2      4.48405934      3.32161898    100.0
<Jan20-2022> <02:55:00>      3      1.60718414      1.28408746    100.0
<Jan20-2022> <02:55:00>      4      0.76426456      0.62272052    100.0
<Jan20-2022> <02:55:00>      5      0.36119063      0.28553990    100.0
<Jan20-2022> <02:55:00>      6      0.14821424      0.11559867    100.0
<Jan20-2022> <02:55:00>      7      0.10108424      0.07867111     78.5
<Jan20-2022> <02:55:00>      8      0.01786531      0.01387049     13.0
<Jan20-2022> <02:55:00>      9      0.00195746      0.00153262      0.5
<Jan20-2022> <02:55:00>     10      0.00001058      0.00000730      0.0
<Jan20-2022> <02:55:00>     11      0.00000047      0.00000027      0.0
<Jan20-2022> <02:55:00>     12      0.00000003      0.00000002      0.0
<Jan20-2022> <02:55:00>     13      0.00000000      0.00000000      0.0
<Jan20-2022> <02:55:00>  SCF converged
<Jan20-2022> <02:55:00>     14      0.00000000      0.00000000      0.0
<Jan20-2022> <02:55:00>  >>>> POPAN
<Jan20-2022> <02:55:00>  >>>> DEBYE
<Jan20-2022> <02:55:00>  *** GOStep1 ***
<Jan20-2022> <02:55:00>  >>>> FRAGM
<Jan20-2022> <02:55:00>  Coordinates
<Jan20-2022> <02:55:00>     Atom         X           Y           Z   (Angstrom)
<Jan20-2022> <02:55:00>     1.H         2.053570   -0.803441    0.000000
<Jan20-2022> <02:55:00>     2.C         0.972937   -0.695741    0.000000
<Jan20-2022> <02:55:00>     3.H         0.663467   -0.150351    0.886617
<Jan20-2022> <02:55:00>     4.H         0.663467    0.150351   -0.886617
<Jan20-2022> <02:55:00>  >>>> CORORT
<Jan20-2022> <02:55:00>  >>>> CLSMAT
<Jan20-2022> <02:55:00>  >>>> ORTHON
<Jan20-2022> <02:55:00>  >>>> GENPT
<Jan20-2022> <02:55:01>  Block Length= 128
<Jan20-2022> <02:55:01>  >>>> PTBAS
<Jan20-2022> <02:55:01>  >>>> CYCLE
<Jan20-2022> <02:55:09>              |Error|         MaxErr       Wt(A-DIIS)
<Jan20-2022> <02:55:09>      1      1.82550844      0.37604047
<Jan20-2022> <02:55:13>      2      0.43473674      0.04919750    100.0
<Jan20-2022> <02:55:18>      3      0.41343507      0.05953285    100.0
<Jan20-2022> <02:55:24>      4      0.05484385      0.00563789      4.7
<Jan20-2022> <02:55:29>      5      0.01218287      0.00187576      0.9
<Jan20-2022> <02:55:35>      6      0.00143899      0.00017142      0.0
<Jan20-2022> <02:55:40>      7      0.00043138      0.00004931      0.0
<Jan20-2022> <02:55:45>      8      0.00015256      0.00001901      0.0
<Jan20-2022> <02:55:51>      9      0.00003797      0.00000480      0.0
<Jan20-2022> <02:55:56>     10      0.00000591      0.00000095      0.0
<Jan20-2022> <02:55:57>  SCF converged
<Jan20-2022> <02:56:01>     11      0.00000154      0.00000025      0.0
<Jan20-2022> <02:56:02>  >>>> TOTEN
<Jan20-2022> <02:56:09>  >>>> POPAN
<Jan20-2022> <02:56:09>  >>>> DEBYE
<Jan20-2022> <02:56:09>  >>>> ENGRAD
<Jan20-2022> <02:56:12>  current energy                               -0.61784933 Hartree
<Jan20-2022> <02:56:12>  energy change                      -0.61784933     0.00004000    F
<Jan20-2022> <02:56:12>  constrained gradient max            0.16087428     0.00100000    F
<Jan20-2022> <02:56:12>  constrained gradient rms            0.06525784     0.00066667    F
<Jan20-2022> <02:56:12>  gradient max                        0.16087428
<Jan20-2022> <02:56:12>  gradient rms                        0.06525784
<Jan20-2022> <02:56:12>  cart. step max                      0.03789453     0.01000000    F
<Jan20-2022> <02:56:12>  cart. step rms                      0.01692117     0.00666667    F
<Jan20-2022> <02:56:12>  Iteration 2
<Jan20-2022> <02:56:12>  *** GOStep2 ***
<Jan20-2022> <02:56:12>  >>>> FRAGM
<Jan20-2022> <02:56:12>  Coordinates
<Jan20-2022> <02:56:12>     Atom         X           Y           Z   (Angstrom)
<Jan20-2022> <02:56:12>     1.H         2.052753   -0.808464   -0.016502
<Jan20-2022> <02:56:12>     2.C         0.973431   -0.657847   -0.010312
<Jan20-2022> <02:56:12>     3.H         0.648892   -0.155785    0.903096
<Jan20-2022> <02:56:12>     4.H         0.678365    0.122913   -0.876282
<Jan20-2022> <02:56:12>  >>>> CORORT
<Jan20-2022> <02:56:12>  >>>> CLSMAT
<Jan20-2022> <02:56:12>  >>>> ORTHON
<Jan20-2022> <02:56:12>  >>>> GENPT
<Jan20-2022> <02:56:13>  Block Length= 128
<Jan20-2022> <02:56:13>  >>>> PTBAS
<Jan20-2022> <02:56:13>  >>>> CYCLE
<Jan20-2022> <02:56:16>  using orbital data from restart file
<Jan20-2022> <02:56:21>              |Error|         MaxErr       Wt(A-DIIS)
<Jan20-2022> <02:56:21>      1      0.11646284      0.03030531
<Jan20-2022> <02:56:26>      2      0.02424311      0.00276688    100.0
<Jan20-2022> <02:56:32>      3      0.01459030      0.00188405    100.0
<Jan20-2022> <02:56:37>      4      0.01504940      0.00172223      0.7
<Jan20-2022> <02:56:42>      5      0.00038842      0.00005526      0.0
<Jan20-2022> <02:56:48>      6      0.00009391      0.00000934      0.0
<Jan20-2022> <02:56:53>      7      0.00001481      0.00000173      0.0
<Jan20-2022> <02:56:58>      8      0.00000527      0.00000074      0.0
<Jan20-2022> <02:56:59>  SCF converged
<Jan20-2022> <02:57:04>      9      0.00000081      0.00000010      0.0
<Jan20-2022> <02:57:05>  >>>> TOTEN
<Jan20-2022> <02:57:11>  >>>> POPAN
<Jan20-2022> <02:57:11>  >>>> DEBYE
<Jan20-2022> <02:57:11>  >>>> ENGRAD
<Jan20-2022> <02:57:15>  current energy                               -0.62853719 Hartree
<Jan20-2022> <02:57:15>  energy change                      -0.01068786     0.00004000    F
<Jan20-2022> <02:57:15>  constrained gradient max            0.13347270     0.00100000    F
<Jan20-2022> <02:57:15>  constrained gradient rms            0.05213982     0.00066667    F
<Jan20-2022> <02:57:15>  gradient max                        0.13347270
<Jan20-2022> <02:57:15>  gradient rms                        0.05213982
<Jan20-2022> <02:57:15>  cart. step max                      0.07281860     0.01000000    F
<Jan20-2022> <02:57:15>  cart. step rms                      0.03354442     0.00666667    F
<Jan20-2022> <02:57:15>  Iteration 3
<Jan20-2022> <02:57:15>  *** GOStep3 ***
<Jan20-2022> <02:57:15>  >>>> FRAGM
<Jan20-2022> <02:57:15>  Coordinates
<Jan20-2022> <02:57:15>     Atom         X           Y           Z   (Angstrom)
<Jan20-2022> <02:57:15>     1.H         2.040892   -0.811882   -0.042127
<Jan20-2022> <02:57:15>     2.C         0.972147   -0.585028   -0.037269
<Jan20-2022> <02:57:15>     3.H         0.630782   -0.166253    0.915368
<Jan20-2022> <02:57:15>     4.H         0.709620    0.063981   -0.835972
<Jan20-2022> <02:57:15>  >>>> CORORT
<Jan20-2022> <02:57:15>  >>>> CLSMAT
<Jan20-2022> <02:57:15>  >>>> ORTHON
<Jan20-2022> <02:57:15>  >>>> GENPT
<Jan20-2022> <02:57:15>  Block Length= 128
<Jan20-2022> <02:57:15>  >>>> PTBAS
<Jan20-2022> <02:57:16>  >>>> CYCLE
<Jan20-2022> <02:57:19>  using orbital data from restart file
<Jan20-2022> <02:57:24>              |Error|         MaxErr       Wt(A-DIIS)
<Jan20-2022> <02:57:24>      1      0.30478414      0.08077309
<Jan20-2022> <02:57:29>      2      0.04288924      0.00506841    100.0
<Jan20-2022> <02:57:34>      3      0.02632068      0.00344924    100.0
<Jan20-2022> <02:57:40>      4      0.02595773      0.00279750      1.8
<Jan20-2022> <02:57:45>      5      0.00090493      0.00014295      0.0
<Jan20-2022> <02:57:50>      6      0.00016321      0.00002220      0.0
<Jan20-2022> <02:57:56>      7      0.00004639      0.00000616      0.0
<Jan20-2022> <02:58:01>      8      0.00001183      0.00000197      0.0
<Jan20-2022> <02:58:06>      9      0.00000138      0.00000015      0.0
<Jan20-2022> <02:58:07>  SCF converged
<Jan20-2022> <02:58:12>     10      0.00000030      0.00000004      0.0
<Jan20-2022> <02:58:13>  >>>> TOTEN
<Jan20-2022> <02:58:19>  >>>> POPAN
<Jan20-2022> <02:58:19>  >>>> DEBYE
<Jan20-2022> <02:58:19>  >>>> ENGRAD
<Jan20-2022> <02:58:23>  current energy                               -0.63918818 Hartree
<Jan20-2022> <02:58:23>  energy change                      -0.01065098     0.00004000    F
<Jan20-2022> <02:58:23>  constrained gradient max            0.04017636     0.00100000    F
<Jan20-2022> <02:58:23>  constrained gradient rms            0.02447855     0.00066667    F
<Jan20-2022> <02:58:23>  gradient max                        0.04017636
<Jan20-2022> <02:58:23>  gradient rms                        0.02447855
<Jan20-2022> <02:58:23>  cart. step max                      0.05066219     0.01000000    F
<Jan20-2022> <02:58:23>  cart. step rms                      0.02572289     0.00666667    F
<Jan20-2022> <02:58:23>  Iteration 4
<Jan20-2022> <02:58:23>  *** GOStep4 ***
<Jan20-2022> <02:58:23>  >>>> FRAGM
<Jan20-2022> <02:58:23>  Coordinates
<Jan20-2022> <02:58:23>     Atom         X           Y           Z   (Angstrom)
<Jan20-2022> <02:58:23>     1.H         2.043652   -0.836604   -0.027403
<Jan20-2022> <02:58:23>     2.C         0.995916   -0.534366   -0.030120
<Jan20-2022> <02:58:23>     3.H         0.629889   -0.191278    0.939054
<Jan20-2022> <02:58:23>     4.H         0.683984    0.063066   -0.881531
<Jan20-2022> <02:58:23>  >>>> CORORT
<Jan20-2022> <02:58:23>  >>>> CLSMAT
<Jan20-2022> <02:58:23>  >>>> ORTHON
<Jan20-2022> <02:58:23>  >>>> GENPT
<Jan20-2022> <02:58:24>  Block Length= 128
<Jan20-2022> <02:58:24>  >>>> PTBAS
<Jan20-2022> <02:58:24>  >>>> CYCLE
<Jan20-2022> <02:58:27>  using orbital data from restart file
<Jan20-2022> <02:58:32>              |Error|         MaxErr       Wt(A-DIIS)
<Jan20-2022> <02:58:32>      1      0.08283935      0.01529630
<Jan20-2022> <02:58:37>      2      0.02452429      0.00349152    100.0
<Jan20-2022> <02:58:42>      3      0.01982268      0.00285660    100.0
<Jan20-2022> <02:58:47>      4      0.01947520      0.00280745      1.8
<Jan20-2022> <02:58:53>      5      0.00603874      0.00110285      0.1
<Jan20-2022> <02:58:58>      6      0.00033788      0.00004610      0.0
<Jan20-2022> <02:59:04>      7      0.00022010      0.00003014      0.0
<Jan20-2022> <02:59:09>      8      0.00002610      0.00000315      0.0
<Jan20-2022> <02:59:15>      9      0.00000197      0.00000022      0.0
<Jan20-2022> <02:59:16>  SCF converged
<Jan20-2022> <02:59:20>     10      0.00000060      0.00000008      0.0
<Jan20-2022> <02:59:21>  >>>> TOTEN
<Jan20-2022> <02:59:27>  >>>> POPAN
<Jan20-2022> <02:59:27>  >>>> DEBYE
<Jan20-2022> <02:59:27>  >>>> ENGRAD
<Jan20-2022> <02:59:31>  current energy                               -0.64388726 Hartree
<Jan20-2022> <02:59:31>  energy change                      -0.00469909     0.00004000    F
<Jan20-2022> <02:59:31>  constrained gradient max            0.03084097     0.00100000    F
<Jan20-2022> <02:59:31>  constrained gradient rms            0.01331012     0.00066667    F
<Jan20-2022> <02:59:31>  gradient max                        0.03084097
<Jan20-2022> <02:59:31>  gradient rms                        0.01331012
<Jan20-2022> <02:59:31>  cart. step max                      0.06275230     0.01000000    F
<Jan20-2022> <02:59:31>  cart. step rms                      0.02425708     0.00666667    F
<Jan20-2022> <02:59:31>  Iteration 5
<Jan20-2022> <02:59:31>  *** GOStep5 ***
<Jan20-2022> <02:59:31>  >>>> FRAGM
<Jan20-2022> <02:59:31>  Coordinates
<Jan20-2022> <02:59:31>     Atom         X           Y           Z   (Angstrom)
<Jan20-2022> <02:59:31>     1.H         2.039870   -0.860261   -0.027170
<Jan20-2022> <02:59:31>     2.C         1.025241   -0.471614   -0.022404
<Jan20-2022> <02:59:31>     3.H         0.619102   -0.213787    0.950603
<Jan20-2022> <02:59:31>     4.H         0.669227    0.046480   -0.901029
<Jan20-2022> <02:59:31>  >>>> CORORT
<Jan20-2022> <02:59:31>  >>>> CLSMAT
<Jan20-2022> <02:59:31>  >>>> ORTHON
<Jan20-2022> <02:59:31>  >>>> GENPT
<Jan20-2022> <02:59:31>  Block Length= 128
<Jan20-2022> <02:59:31>  >>>> PTBAS
<Jan20-2022> <02:59:32>  >>>> CYCLE
<Jan20-2022> <02:59:35>  using orbital data from restart file
<Jan20-2022> <02:59:39>              |Error|         MaxErr       Wt(A-DIIS)
<Jan20-2022> <02:59:39>      1      0.07635390      0.01438340
<Jan20-2022> <02:59:45>      2      0.03006205      0.00412399    100.0
<Jan20-2022> <02:59:50>      3      0.02022295      0.00289184    100.0
<Jan20-2022> <02:59:56>      4      0.01399375      0.00237423      1.4
<Jan20-2022> <03:00:01>      5      0.00080389      0.00012994      0.0
<Jan20-2022> <03:00:07>      6      0.00009647      0.00001115      0.0
<Jan20-2022> <03:00:12>      7      0.00001489      0.00000189      0.0
<Jan20-2022> <03:00:17>      8      0.00000481      0.00000054      0.0
<Jan20-2022> <03:00:18>  SCF converged
<Jan20-2022> <03:00:23>      9      0.00000280      0.00000039      0.0
<Jan20-2022> <03:00:24>  >>>> TOTEN
<Jan20-2022> <03:00:30>  >>>> POPAN
<Jan20-2022> <03:00:30>  >>>> DEBYE
<Jan20-2022> <03:00:30>  >>>> ENGRAD
<Jan20-2022> <03:00:34>  current energy                               -0.64641295 Hartree
<Jan20-2022> <03:00:34>  energy change                      -0.00252569     0.00004000    F
<Jan20-2022> <03:00:34>  constrained gradient max            0.01615978     0.00100000    F
<Jan20-2022> <03:00:34>  constrained gradient rms            0.00749094     0.00066667    F
<Jan20-2022> <03:00:34>  gradient max                        0.01615978
<Jan20-2022> <03:00:34>  gradient rms                        0.00749094
<Jan20-2022> <03:00:34>  cart. step max                      0.04256834     0.01000000    F
<Jan20-2022> <03:00:34>  cart. step rms                      0.01843417     0.00666667    F
<Jan20-2022> <03:00:34>  Iteration 6
<Jan20-2022> <03:00:34>  *** GOStep6 ***
<Jan20-2022> <03:00:34>  >>>> FRAGM
<Jan20-2022> <03:00:34>  Coordinates
<Jan20-2022> <03:00:34>     Atom         X           Y           Z   (Angstrom)
<Jan20-2022> <03:00:34>     1.H         2.039777   -0.879320   -0.036492
<Jan20-2022> <03:00:34>     2.C         1.054742   -0.429045   -0.008936
<Jan20-2022> <03:00:34>     3.H         0.600811   -0.224324    0.951521
<Jan20-2022> <03:00:34>     4.H         0.658110    0.033507   -0.906093
<Jan20-2022> <03:00:34>  >>>> CORORT
<Jan20-2022> <03:00:34>  >>>> CLSMAT
<Jan20-2022> <03:00:34>  >>>> ORTHON
<Jan20-2022> <03:00:34>  >>>> GENPT
<Jan20-2022> <03:00:34>  Block Length= 128
<Jan20-2022> <03:00:35>  >>>> PTBAS
<Jan20-2022> <03:00:35>  >>>> CYCLE
<Jan20-2022> <03:00:38>  using orbital data from restart file
<Jan20-2022> <03:00:43>              |Error|         MaxErr       Wt(A-DIIS)
<Jan20-2022> <03:00:43>      1      0.06087989      0.00841819
<Jan20-2022> <03:00:48>      2      0.02598846      0.00350248    100.0
<Jan20-2022> <03:00:54>      3      0.01732409      0.00246977    100.0
<Jan20-2022> <03:00:59>      4      0.01241464      0.00203599      1.0
<Jan20-2022> <03:01:04>      5      0.00067785      0.00010582      0.0
<Jan20-2022> <03:01:10>      6      0.00010035      0.00001120      0.0
<Jan20-2022> <03:01:15>      7      0.00001348      0.00000170      0.0
<Jan20-2022> <03:01:20>      8      0.00000189      0.00000023      0.0
<Jan20-2022> <03:01:21>  SCF converged
<Jan20-2022> <03:01:26>      9      0.00000054      0.00000006      0.0
<Jan20-2022> <03:01:27>  >>>> TOTEN
<Jan20-2022> <03:01:33>  >>>> POPAN
<Jan20-2022> <03:01:33>  >>>> DEBYE
<Jan20-2022> <03:01:33>  >>>> ENGRAD
<Jan20-2022> <03:01:37>  current energy                               -0.64742785 Hartree
<Jan20-2022> <03:01:37>  energy change                      -0.00101490     0.00004000    F
<Jan20-2022> <03:01:37>  constrained gradient max            0.00646149     0.00100000    F
<Jan20-2022> <03:01:37>  constrained gradient rms            0.00309945     0.00066667    F
<Jan20-2022> <03:01:37>  gradient max                        0.00646149
<Jan20-2022> <03:01:37>  gradient rms                        0.00309945
<Jan20-2022> <03:01:37>  cart. step max                      0.03559794     0.01000000    F
<Jan20-2022> <03:01:37>  cart. step rms                      0.01468663     0.00666667    F
<Jan20-2022> <03:01:37>  Iteration 7
<Jan20-2022> <03:01:37>  *** GOStep7 ***
<Jan20-2022> <03:01:37>  >>>> FRAGM
<Jan20-2022> <03:01:37>  Coordinates
<Jan20-2022> <03:01:37>     Atom         X           Y           Z   (Angstrom)
<Jan20-2022> <03:01:37>     1.H         2.037000   -0.893655   -0.041939
<Jan20-2022> <03:01:37>     2.C         1.078404   -0.393447   -0.001919
<Jan20-2022> <03:01:37>     3.H         0.588224   -0.233455    0.948488
<Jan20-2022> <03:01:37>     4.H         0.649813    0.021376   -0.904630
<Jan20-2022> <03:01:37>  >>>> CORORT
<Jan20-2022> <03:01:37>  >>>> CLSMAT
<Jan20-2022> <03:01:37>  >>>> ORTHON
<Jan20-2022> <03:01:37>  >>>> GENPT
<Jan20-2022> <03:01:37>  Block Length= 128
<Jan20-2022> <03:01:37>  >>>> PTBAS
<Jan20-2022> <03:01:38>  >>>> CYCLE
<Jan20-2022> <03:01:41>  using orbital data from restart file
<Jan20-2022> <03:01:46>              |Error|         MaxErr       Wt(A-DIIS)
<Jan20-2022> <03:01:46>      1      0.04805587      0.00831315
<Jan20-2022> <03:01:51>      2      0.02203599      0.00293151    100.0
<Jan20-2022> <03:01:56>      3      0.02085833      0.00279847    100.0
<Jan20-2022> <03:02:02>      4      0.02084032      0.00279544      1.8
<Jan20-2022> <03:02:07>      5      0.01345740      0.00215958      1.2
<Jan20-2022> <03:02:12>      6      0.00127651      0.00013519      0.0
<Jan20-2022> <03:02:18>      7      0.00129000      0.00016993      0.0
<Jan20-2022> <03:02:23>      8      0.00004228      0.00000445      0.0
<Jan20-2022> <03:02:28>      9      0.00001871      0.00000243      0.0
<Jan20-2022> <03:02:33>     10      0.00001716      0.00000260      0.0
<Jan20-2022> <03:02:38>     11      0.00001668      0.00000247      0.0
<Jan20-2022> <03:02:44>     12      0.00001671      0.00000249      0.0
<Jan20-2022> <03:02:49>     13      0.00001662      0.00000248      0.0
<Jan20-2022> <03:02:55>     14      0.00000049      0.00000009      0.0
<Jan20-2022> <03:02:56>  SCF converged
<Jan20-2022> <03:03:00>     15      0.00000009      0.00000001      0.0
<Jan20-2022> <03:03:01>  >>>> TOTEN
<Jan20-2022> <03:03:08>  >>>> POPAN
<Jan20-2022> <03:03:08>  >>>> DEBYE
<Jan20-2022> <03:03:08>  >>>> ENGRAD
<Jan20-2022> <03:03:11>  current energy                               -0.64774195 Hartree
<Jan20-2022> <03:03:11>  energy change                      -0.00031410     0.00004000    F
<Jan20-2022> <03:03:11>  constrained gradient max            0.00226492     0.00100000    F
<Jan20-2022> <03:03:11>  constrained gradient rms            0.00126838     0.00066667    F
<Jan20-2022> <03:03:11>  gradient max                        0.00226492
<Jan20-2022> <03:03:11>  gradient rms                        0.00126838
<Jan20-2022> <03:03:11>  cart. step max                      0.01558833     0.01000000    F
<Jan20-2022> <03:03:11>  cart. step rms                      0.00604972     0.00666667    T
<Jan20-2022> <03:03:11>  Iteration 8
<Jan20-2022> <03:03:12>  *** GOStep8 ***
<Jan20-2022> <03:03:12>  >>>> FRAGM
<Jan20-2022> <03:03:12>  Coordinates
<Jan20-2022> <03:03:12>     Atom         X           Y           Z   (Angstrom)
<Jan20-2022> <03:03:12>     1.H         2.034691   -0.899350   -0.041821
<Jan20-2022> <03:03:12>     2.C         1.087344   -0.377859   -0.000160
<Jan20-2022> <03:03:12>     3.H         0.585440   -0.238849    0.948484
<Jan20-2022> <03:03:12>     4.H         0.645966    0.016876   -0.906504
<Jan20-2022> <03:03:12>  >>>> CORORT
<Jan20-2022> <03:03:12>  >>>> CLSMAT
<Jan20-2022> <03:03:12>  >>>> ORTHON
<Jan20-2022> <03:03:12>  >>>> GENPT
<Jan20-2022> <03:03:12>  Block Length= 128
<Jan20-2022> <03:03:12>  >>>> PTBAS
<Jan20-2022> <03:03:13>  >>>> CYCLE
<Jan20-2022> <03:03:16>  using orbital data from restart file
<Jan20-2022> <03:03:20>              |Error|         MaxErr       Wt(A-DIIS)
<Jan20-2022> <03:03:20>      1      0.02007454      0.00326762
<Jan20-2022> <03:03:25>      2      0.00935288      0.00129529    100.0
<Jan20-2022> <03:03:30>      3      0.00683813      0.00111704    100.0
<Jan20-2022> <03:03:36>      4      0.00242198      0.00031725      0.0
<Jan20-2022> <03:03:41>      5      0.00061739      0.00008079      0.0
<Jan20-2022> <03:03:46>      6      0.00002036      0.00000230      0.0
<Jan20-2022> <03:03:52>      7      0.00000120      0.00000021      0.0
<Jan20-2022> <03:03:53>  SCF converged
<Jan20-2022> <03:03:57>      8      0.00000022      0.00000003      0.0
<Jan20-2022> <03:03:58>  >>>> TOTEN
<Jan20-2022> <03:04:05>  >>>> POPAN
<Jan20-2022> <03:04:05>  >>>> DEBYE
<Jan20-2022> <03:04:05>  >>>> ENGRAD
<Jan20-2022> <03:04:08>  current energy                               -0.64778042 Hartree
<Jan20-2022> <03:04:08>  energy change                      -0.00003847     0.00004000    T
<Jan20-2022> <03:04:08>  constrained gradient max            0.00100384     0.00100000    F
<Jan20-2022> <03:04:08>  constrained gradient rms            0.00051469     0.00066667    T
<Jan20-2022> <03:04:08>  gradient max                        0.00100384
<Jan20-2022> <03:04:08>  gradient rms                        0.00051469
<Jan20-2022> <03:04:08>  cart. step max                      0.00311587     0.01000000    T
<Jan20-2022> <03:04:08>  cart. step rms                      0.00118216     0.00666667    T
<Jan20-2022> <03:04:08>  Iteration 9
<Jan20-2022> <03:04:08>  *** GOStep9 ***
<Jan20-2022> <03:04:08>  >>>> FRAGM
<Jan20-2022> <03:04:08>  Coordinates
<Jan20-2022> <03:04:08>     Atom         X           Y           Z   (Angstrom)
<Jan20-2022> <03:04:08>     1.H         2.034149   -0.900317   -0.041762
<Jan20-2022> <03:04:08>     2.C         1.088481   -0.374743    0.000065
<Jan20-2022> <03:04:08>     3.H         0.585207   -0.240112    0.949313
<Jan20-2022> <03:04:08>     4.H         0.645604    0.015990   -0.907615
<Jan20-2022> <03:04:09>  >>>> CORORT
<Jan20-2022> <03:04:09>  >>>> CLSMAT
<Jan20-2022> <03:04:09>  >>>> ORTHON
<Jan20-2022> <03:04:09>  >>>> GENPT
<Jan20-2022> <03:04:09>  Block Length= 128
<Jan20-2022> <03:04:09>  >>>> PTBAS
<Jan20-2022> <03:04:09>  >>>> CYCLE
<Jan20-2022> <03:04:13>  using orbital data from restart file
<Jan20-2022> <03:04:17>              |Error|         MaxErr       Wt(A-DIIS)
<Jan20-2022> <03:04:17>      1      0.00401846      0.00069905
<Jan20-2022> <03:04:23>      2      0.00172804      0.00023913    100.0
<Jan20-2022> <03:04:28>      3      0.00129939      0.00020666    100.0
<Jan20-2022> <03:04:33>      4      0.00049452      0.00005126      0.0
<Jan20-2022> <03:04:39>      5      0.00010455      0.00001334      0.0
<Jan20-2022> <03:04:44>      6      0.00000711      0.00000081      0.0
<Jan20-2022> <03:04:45>  SCF converged
<Jan20-2022> <03:04:50>      7      0.00000061      0.00000011      0.0
<Jan20-2022> <03:04:51>  >>>> TOTEN
<Jan20-2022> <03:04:57>  >>>> POPAN
<Jan20-2022> <03:04:57>  >>>> DEBYE
<Jan20-2022> <03:04:57>  >>>> ENGRAD
<Jan20-2022> <03:05:01>  current energy                               -0.64778253 Hartree
<Jan20-2022> <03:05:01>  energy change                      -0.00000211     0.00004000    T
<Jan20-2022> <03:05:01>  constrained gradient max            0.00026933     0.00100000    T
<Jan20-2022> <03:05:01>  constrained gradient rms            0.00012627     0.00066667    T
<Jan20-2022> <03:05:01>  gradient max                        0.00026933
<Jan20-2022> <03:05:01>  gradient rms                        0.00012627
<Jan20-2022> <03:05:01>  cart. step max                      0.00013068     0.01000000    T
<Jan20-2022> <03:05:01>  cart. step rms                      0.00007016     0.00666667    T
<Jan20-2022> <03:05:01>  Geometry optimization converged
<Jan20-2022> <03:05:01>  *** adf ***
<Jan20-2022> <03:05:01>  Net Charge: 0 (Nuclei minus Electrons)
<Jan20-2022> <03:05:01>  Spin polar: 1 (Spin_A minus Spin_B electrons)
<Jan20-2022> <03:05:01>  Symmetry  : NOSYM
<Jan20-2022> <03:05:01>  >>>> FRAGM
<Jan20-2022> <03:05:01>  Coordinates
<Jan20-2022> <03:05:01>     Atom         X           Y           Z   (Angstrom)
<Jan20-2022> <03:05:01>     1.H         2.034149   -0.900317   -0.041762
<Jan20-2022> <03:05:01>     2.C         1.088481   -0.374743    0.000065
<Jan20-2022> <03:05:01>     3.H         0.585207   -0.240112    0.949313
<Jan20-2022> <03:05:01>     4.H         0.645604    0.015990   -0.907615
<Jan20-2022> <03:05:01>  >>>> CORORT
<Jan20-2022> <03:05:01>  >>>> CLSMAT
<Jan20-2022> <03:05:01>  >>>> ORTHON
<Jan20-2022> <03:05:01>  >>>> GENPT
<Jan20-2022> <03:05:01>  Block Length= 128
<Jan20-2022> <03:05:02>  >>>> PTBAS
<Jan20-2022> <03:05:02>  >>>> CYCLE
<Jan20-2022> <03:05:05>  using orbital data from restart file
<Jan20-2022> <03:05:10>              |Error|         MaxErr       Wt(A-DIIS)
<Jan20-2022> <03:05:10>      1      0.00000005      0.00000001
<Jan20-2022> <03:05:15>      2      0.00000004      0.00000001    100.0
<Jan20-2022> <03:05:16>  SCF converged
<Jan20-2022> <03:05:21>      3      0.00000002      0.00000000    100.0
<Jan20-2022> <03:05:26>  >>>> TOTEN
<Jan20-2022> <03:05:36>  >>>> POPAN
<Jan20-2022> <03:05:36>  >>>> DEBYE
<Jan20-2022> <03:05:36>  >>>> AMETS
<Jan20-2022> <03:05:36>   Bond Energy          -0.64778253 a.u.
<Jan20-2022> <03:05:36>   Bond Energy         -17.62705951 eV
<Jan20-2022> <03:05:36>   Bond Energy        -406.49       kcal/mol
<Jan20-2022> <03:05:36>  >>>> POPUL
<Jan20-2022> <03:05:36>  >>>> ENGRAD
<Jan20-2022> <03:05:40>  >>>> ENHESS
<Jan20-2022> <03:05:42>  === NUCLEUS:     1
<Jan20-2022> <03:07:29>  === NUCLEUS:     2
<Jan20-2022> <03:09:11>  === NUCLEUS:     3
<Jan20-2022> <03:10:53>  === NUCLEUS:     4
<Jan20-2022> <03:12:29>  >>>> CALC_HESS_PMAT
<Jan20-2022> <03:12:37>  >>>> CALC_HESS_WMAT
<Jan20-2022> <03:12:38>  PES point character: Geometry corresponds to a local minimum on the PES.
<Jan20-2022> <03:12:38>  Geometry optimization successful!
<Jan20-2022> <03:12:38>  NORMAL TERMINATION
