<Jan28-2022> <10:52:37>  AMS 2021.102  RunTime: Jan28-2022 10:52:37  ShM Nodes: 1  Procs: 4
<Jan28-2022> <10:52:38>  ADF 2021.102  RunTime: Jan28-2022 10:52:38  ShM Nodes: 1  Procs: 4
<Jan28-2022> <10:52:38>  *** (NO TITLE) ***
<Jan28-2022> <10:52:38>  Iteration 1
<Jan28-2022> <10:52:38>  DIRAC 2021.102  RunTime: Jan28-2022 10:52:38  ShM Nodes: 1  Procs: 1
<Jan28-2022> <10:52:39>  Hydrogen (TZ2P)
<Jan28-2022> <10:52:39>  Net Charge: 0 (Nuclei minus Electrons)
<Jan28-2022> <10:52:39>  Symmetry  : ATOM
<Jan28-2022> <10:52:39>  Coordinates
<Jan28-2022> <10:52:39>     Atom         X           Y           Z   (Angstrom)
<Jan28-2022> <10:52:39>     1.H         0.000000    0.000000    0.000000
<Jan28-2022> <10:52:39>  >>>> CORORT
<Jan28-2022> <10:52:39>  >>>> CLSMAT
<Jan28-2022> <10:52:39>  >>>> ORTHON
<Jan28-2022> <10:52:39>  >>>> GENPT
<Jan28-2022> <10:52:39>  Block Length=  64
<Jan28-2022> <10:52:39>  >>>> PTBAS
<Jan28-2022> <10:52:39>  >>>> CYCLE
<Jan28-2022> <10:52:39>              |Error|         MaxErr       Wt(A-DIIS)
<Jan28-2022> <10:52:39>      1      0.00000000      0.00000000
<Jan28-2022> <10:52:39>      2      0.03080019      0.02591482
<Jan28-2022> <10:52:39>      3      0.01140383      0.01135775    100.0
<Jan28-2022> <10:52:39>      4      0.00327656      0.00327407      2.3
<Jan28-2022> <10:52:39>      5      0.00010041      0.00009754      0.0
<Jan28-2022> <10:52:39>      6      0.00000525      0.00000504      0.0
<Jan28-2022> <10:52:39>      7      0.00000007      0.00000007      0.0
<Jan28-2022> <10:52:39>      8      0.00000000      0.00000000      0.0
<Jan28-2022> <10:52:39>  SCF converged
<Jan28-2022> <10:52:39>      9      0.00000000      0.00000000      0.0
<Jan28-2022> <10:52:39>  >>>> POPAN
<Jan28-2022> <10:52:39>  >>>> DEBYE
<Jan28-2022> <10:52:40>  DIRAC 2021.102  RunTime: Jan28-2022 10:52:40  ShM Nodes: 1  Procs: 1
<Jan28-2022> <10:52:40>  Carbon (TZ2P)
<Jan28-2022> <10:52:40>  Net Charge: 0 (Nuclei minus Electrons)
<Jan28-2022> <10:52:40>  Symmetry  : ATOM
<Jan28-2022> <10:52:40>  Coordinates
<Jan28-2022> <10:52:40>     Atom         X           Y           Z   (Angstrom)
<Jan28-2022> <10:52:40>     1.C         0.000000    0.000000    0.000000
<Jan28-2022> <10:52:40>  >>>> CORORT
<Jan28-2022> <10:52:40>  >>>> CLSMAT
<Jan28-2022> <10:52:40>  >>>> ORTHON
<Jan28-2022> <10:52:40>  >>>> GENPT
<Jan28-2022> <10:52:40>  Block Length=  72
<Jan28-2022> <10:52:40>  >>>> PTBAS
<Jan28-2022> <10:52:40>  >>>> CYCLE
<Jan28-2022> <10:52:40>              |Error|         MaxErr       Wt(A-DIIS)
<Jan28-2022> <10:52:40>      1      0.00000000      0.00000000
<Jan28-2022> <10:52:40>      2      4.48405934      3.32161898    100.0
<Jan28-2022> <10:52:40>      3      1.60718414      1.28408746    100.0
<Jan28-2022> <10:52:40>      4      0.76426456      0.62272052    100.0
<Jan28-2022> <10:52:40>      5      0.36119063      0.28553990    100.0
<Jan28-2022> <10:52:41>      6      0.14821424      0.11559867    100.0
<Jan28-2022> <10:52:41>      7      0.10108424      0.07867111     78.5
<Jan28-2022> <10:52:41>      8      0.01786531      0.01387049     13.0
<Jan28-2022> <10:52:41>      9      0.00195746      0.00153262      0.5
<Jan28-2022> <10:52:41>     10      0.00001058      0.00000730      0.0
<Jan28-2022> <10:52:41>     11      0.00000047      0.00000027      0.0
<Jan28-2022> <10:52:41>     12      0.00000003      0.00000002      0.0
<Jan28-2022> <10:52:41>     13      0.00000000      0.00000000      0.0
<Jan28-2022> <10:52:41>  SCF converged
<Jan28-2022> <10:52:41>     14      0.00000000      0.00000000      0.0
<Jan28-2022> <10:52:41>  >>>> POPAN
<Jan28-2022> <10:52:41>  >>>> DEBYE
<Jan28-2022> <10:52:41>  DIRAC 2021.102  RunTime: Jan28-2022 10:52:41  ShM Nodes: 1  Procs: 1
<Jan28-2022> <10:52:41>  Oxygen (TZ2P)
<Jan28-2022> <10:52:41>  Net Charge: 0 (Nuclei minus Electrons)
<Jan28-2022> <10:52:41>  Symmetry  : ATOM
<Jan28-2022> <10:52:42>  Coordinates
<Jan28-2022> <10:52:42>     Atom         X           Y           Z   (Angstrom)
<Jan28-2022> <10:52:42>     1.O         0.000000    0.000000    0.000000
<Jan28-2022> <10:52:42>  >>>> CORORT
<Jan28-2022> <10:52:42>  >>>> CLSMAT
<Jan28-2022> <10:52:42>  >>>> ORTHON
<Jan28-2022> <10:52:42>  >>>> GENPT
<Jan28-2022> <10:52:42>  Block Length=  68
<Jan28-2022> <10:52:42>  >>>> PTBAS
<Jan28-2022> <10:52:42>  >>>> CYCLE
<Jan28-2022> <10:52:42>              |Error|         MaxErr       Wt(A-DIIS)
<Jan28-2022> <10:52:42>      1      0.00000000      0.00000000
<Jan28-2022> <10:52:42>      2      8.77210307      5.53374266    100.0
<Jan28-2022> <10:52:42>      3      3.60058093      2.49154808    100.0
<Jan28-2022> <10:52:42>      4      1.20505529      0.62472425    100.0
<Jan28-2022> <10:52:42>      5      1.46502638      0.81213311    100.0
<Jan28-2022> <10:52:42>      6      0.15089362      0.09131786     91.2
<Jan28-2022> <10:52:42>      7      0.14397311      0.08251182     82.3
<Jan28-2022> <10:52:42>      8      0.00183259      0.00123681      0.2
<Jan28-2022> <10:52:42>      9      0.00015629      0.00008105      0.0
<Jan28-2022> <10:52:42>     10      0.00001324      0.00000629      0.0
<Jan28-2022> <10:52:42>     11      0.00000006      0.00000003      0.0
<Jan28-2022> <10:52:42>     12      0.00000000      0.00000000      0.0
<Jan28-2022> <10:52:42>  SCF converged
<Jan28-2022> <10:52:42>     13      0.00000000      0.00000000      0.0
<Jan28-2022> <10:52:42>  >>>> POPAN
<Jan28-2022> <10:52:42>  >>>> DEBYE
<Jan28-2022> <10:52:43>  DIRAC 2021.102  RunTime: Jan28-2022 10:52:43  ShM Nodes: 1  Procs: 1
<Jan28-2022> <10:52:43>  Boron (TZ2P)
<Jan28-2022> <10:52:43>  Net Charge: 0 (Nuclei minus Electrons)
<Jan28-2022> <10:52:43>  Symmetry  : ATOM
<Jan28-2022> <10:52:43>  Coordinates
<Jan28-2022> <10:52:43>     Atom         X           Y           Z   (Angstrom)
<Jan28-2022> <10:52:43>     1.B         0.000000    0.000000    0.000000
<Jan28-2022> <10:52:43>  >>>> CORORT
<Jan28-2022> <10:52:43>  >>>> CLSMAT
<Jan28-2022> <10:52:43>  >>>> ORTHON
<Jan28-2022> <10:52:43>  >>>> GENPT
<Jan28-2022> <10:52:43>  Block Length=  76
<Jan28-2022> <10:52:43>  >>>> PTBAS
<Jan28-2022> <10:52:43>  >>>> CYCLE
<Jan28-2022> <10:52:44>              |Error|         MaxErr       Wt(A-DIIS)
<Jan28-2022> <10:52:44>      1      0.00000000      0.00000000
<Jan28-2022> <10:52:44>      2      3.20713362      2.03569268    100.0
<Jan28-2022> <10:52:44>      3      1.02425780      0.87564791    100.0
<Jan28-2022> <10:52:44>      4      0.43534597      0.37294039    100.0
<Jan28-2022> <10:52:44>      5      0.21063772      0.18877869    100.0
<Jan28-2022> <10:52:44>      6      0.06237149      0.05418878     53.7
<Jan28-2022> <10:52:44>      7      0.02201011      0.01944984     18.6
<Jan28-2022> <10:52:44>      8      0.00263783      0.00232448      1.3
<Jan28-2022> <10:52:44>      9      0.00002886      0.00002498      0.0
<Jan28-2022> <10:52:44>     10      0.00000135      0.00000098      0.0
<Jan28-2022> <10:52:44>     11      0.00000002      0.00000001      0.0
<Jan28-2022> <10:52:44>     12      0.00000000      0.00000000      0.0
<Jan28-2022> <10:52:44>  SCF converged
<Jan28-2022> <10:52:44>     13      0.00000000      0.00000000      0.0
<Jan28-2022> <10:52:44>  >>>> POPAN
<Jan28-2022> <10:52:44>  >>>> DEBYE
<Jan28-2022> <10:52:44>  DIRAC 2021.102  RunTime: Jan28-2022 10:52:44  ShM Nodes: 1  Procs: 1
<Jan28-2022> <10:52:45>  Fluorine (TZ2P)
<Jan28-2022> <10:52:45>  Net Charge: 0 (Nuclei minus Electrons)
<Jan28-2022> <10:52:45>  Symmetry  : ATOM
<Jan28-2022> <10:52:45>  Coordinates
<Jan28-2022> <10:52:45>     Atom         X           Y           Z   (Angstrom)
<Jan28-2022> <10:52:45>     1.F         0.000000    0.000000    0.000000
<Jan28-2022> <10:52:45>  >>>> CORORT
<Jan28-2022> <10:52:45>  >>>> CLSMAT
<Jan28-2022> <10:52:45>  >>>> ORTHON
<Jan28-2022> <10:52:45>  >>>> GENPT
<Jan28-2022> <10:52:45>  Block Length=  76
<Jan28-2022> <10:52:45>  >>>> PTBAS
<Jan28-2022> <10:52:45>  >>>> CYCLE
<Jan28-2022> <10:52:45>              |Error|         MaxErr       Wt(A-DIIS)
<Jan28-2022> <10:52:45>      1      0.00000000      0.00000000
<Jan28-2022> <10:52:45>      2     11.39970762      4.85721148    100.0
<Jan28-2022> <10:52:45>      3      5.17310012      3.16632108    100.0
<Jan28-2022> <10:52:45>      4      1.04882283      0.49392043    100.0
<Jan28-2022> <10:52:45>      5      1.72142161      0.84736739    100.0
<Jan28-2022> <10:52:45>      6      0.21842580      0.10780687    100.0
<Jan28-2022> <10:52:45>      7      0.28524155      0.13554881    100.0
<Jan28-2022> <10:52:45>      8      0.02856437      0.01389479     13.0
<Jan28-2022> <10:52:45>      9      0.00489297      0.00234741      1.4
<Jan28-2022> <10:52:45>     10      0.00009261      0.00004462      0.0
<Jan28-2022> <10:52:45>     11      0.00000010      0.00000005      0.0
<Jan28-2022> <10:52:45>     12      0.00000000      0.00000000      0.0
<Jan28-2022> <10:52:45>  SCF converged
<Jan28-2022> <10:52:45>     13      0.00000000      0.00000000      0.0
<Jan28-2022> <10:52:45>  >>>> POPAN
<Jan28-2022> <10:52:45>  >>>> DEBYE
<Jan28-2022> <10:52:46>  *** GOStep1 ***
<Jan28-2022> <10:52:46>  >>>> FRAGM
<Jan28-2022> <10:52:46>  Coordinates
<Jan28-2022> <10:52:46>     Atom         X           Y           Z   (Angstrom)
<Jan28-2022> <10:52:46>     1.H         0.193697   -1.853611   -0.245162
<Jan28-2022> <10:52:46>     2.C        -0.920578   -0.122929    0.281838
<Jan28-2022> <10:52:46>     3.C         0.213684   -0.778464   -0.069585
<Jan28-2022> <10:52:46>     4.C         1.521684   -0.130599   -0.228054
<Jan28-2022> <10:52:46>     5.O         2.570844   -0.680222   -0.543138
<Jan28-2022> <10:52:46>     6.H        -0.931174    0.957499    0.373467
<Jan28-2022> <10:52:46>     7.H        -1.166779   -1.147952    3.012814
<Jan28-2022> <10:52:46>     8.H        -2.104965    0.457309    2.860416
<Jan28-2022> <10:52:46>     9.H        -0.247146    0.475465    3.025892
<Jan28-2022> <10:52:46>    10.C        -1.161974   -0.076751    2.852975
<Jan28-2022> <10:52:46>    11.C        -2.706178   -1.131981   -1.133075
<Jan28-2022> <10:52:46>    12.C        -2.277740   -0.850187    0.310242
<Jan28-2022> <10:52:46>    13.C        -3.298145    0.056233    1.005447
<Jan28-2022> <10:52:46>    14.C        -2.108576   -2.160550    1.085138
<Jan28-2022> <10:52:46>    15.H        -1.779935   -1.957381    2.104979
<Jan28-2022> <10:52:46>    16.H        -3.667289   -1.648476   -1.153788
<Jan28-2022> <10:52:46>    17.H        -1.965340   -1.757364   -1.632490
<Jan28-2022> <10:52:46>    18.H        -2.801934   -0.198356   -1.688534
<Jan28-2022> <10:52:46>    19.H        -4.275898   -0.426858    1.044854
<Jan28-2022> <10:52:46>    20.H        -3.397980    0.998047    0.464725
<Jan28-2022> <10:52:46>    21.H        -2.977702    0.274679    2.024739
<Jan28-2022> <10:52:46>    22.H        -3.052887   -2.705962    1.126786
<Jan28-2022> <10:52:46>    23.H        -1.363620   -2.793022    0.601010
<Jan28-2022> <10:52:46>    24.H         1.517415    0.923521   -0.044439
<Jan28-2022> <10:52:46>    25.B         3.936918    0.313962   -0.731395
<Jan28-2022> <10:52:46>    26.F         3.730923    0.822553    0.459682
<Jan28-2022> <10:52:46>    27.F         3.387902    0.868799   -1.785199
<Jan28-2022> <10:52:46>    28.F         4.691928   -0.749466   -0.868669
<Jan28-2022> <10:52:46>  >>>> CORORT
<Jan28-2022> <10:52:46>  >>>> CLSMAT
<Jan28-2022> <10:52:46>  >>>> ORTHON
<Jan28-2022> <10:52:46>  >>>> GENPT
<Jan28-2022> <10:52:47>  Block Length= 128
<Jan28-2022> <10:52:50>  >>>> PTBAS
<Jan28-2022> <10:54:13>  >>>> CYCLE
<Jan28-2022> <10:58:01>              |Error|         MaxErr       Wt(A-DIIS)
<Jan28-2022> <10:58:01>      1      8.69529899      0.52467939
<Jan28-2022> <11:01:15>      2      1.46543919      0.07898668    100.0
<Jan28-2022> <11:04:26>      3      0.77685131      0.04236586    100.0
<Jan28-2022> <11:07:48>      4      1.18577392      0.06782909    100.0
<Jan28-2022> <11:11:04>      5      0.18020511      0.00843324      7.5
<Jan28-2022> <11:14:19>      6      0.11277274      0.01116101      7.5
<Jan28-2022> <11:17:34>      7      0.04063009      0.00488741      3.9
<Jan28-2022> <11:20:49>      8      0.01637906      0.00160207      0.6
<Jan28-2022> <11:24:03>      9      0.00822976      0.00093273      0.0
<Jan28-2022> <11:27:15>     10      0.00215594      0.00019074      0.0
<Jan28-2022> <11:30:29>     11      0.00106376      0.00007324      0.0
<Jan28-2022> <11:33:46>     12      0.00041888      0.00002092      0.0
<Jan28-2022> <11:37:03>     13      0.00012111      0.00001138      0.0
<Jan28-2022> <11:40:19>     14      0.00005048      0.00000353      0.0
<Jan28-2022> <11:43:33>     15      0.00004086      0.00000336      0.0
