<Jan20-2022> <14:26:50>  AMS 2021.102  RunTime: Jan20-2022 14:26:50  ShM Nodes: 1  Procs: 1
<Jan20-2022> <14:26:50>  ADF 2021.102  RunTime: Jan20-2022 14:26:50  ShM Nodes: 1  Procs: 1
<Jan20-2022> <14:26:50>  *** (NO TITLE) ***
<Jan20-2022> <14:26:50>  Iteration 1
<Jan20-2022> <14:26:50>  DIRAC 2021.102  RunTime: Jan20-2022 14:26:50  ShM Nodes: 1  Procs: 1
<Jan20-2022> <14:26:50>  Hydrogen (TZ2P)
<Jan20-2022> <14:26:51>  Net Charge: 0 (Nuclei minus Electrons)
<Jan20-2022> <14:26:51>  Symmetry  : ATOM
<Jan20-2022> <14:26:51>  Coordinates
<Jan20-2022> <14:26:51>     Atom         X           Y           Z   (Angstrom)
<Jan20-2022> <14:26:51>     1.H         0.000000    0.000000    0.000000
<Jan20-2022> <14:26:51>  >>>> CORORT
<Jan20-2022> <14:26:51>  >>>> CLSMAT
<Jan20-2022> <14:26:51>  >>>> ORTHON
<Jan20-2022> <14:26:51>  >>>> GENPT
<Jan20-2022> <14:26:51>  Block Length=  64
<Jan20-2022> <14:26:51>  >>>> PTBAS
<Jan20-2022> <14:26:51>  >>>> CYCLE
<Jan20-2022> <14:26:51>              |Error|         MaxErr       Wt(A-DIIS)
<Jan20-2022> <14:26:51>      1      0.00000000      0.00000000
<Jan20-2022> <14:26:51>      2      0.03080019      0.02591482
<Jan20-2022> <14:26:51>      3      0.01140383      0.01135775    100.0
<Jan20-2022> <14:26:51>      4      0.00327656      0.00327407      2.3
<Jan20-2022> <14:26:51>      5      0.00010041      0.00009754      0.0
<Jan20-2022> <14:26:51>      6      0.00000525      0.00000504      0.0
<Jan20-2022> <14:26:51>      7      0.00000007      0.00000007      0.0
<Jan20-2022> <14:26:51>      8      0.00000000      0.00000000      0.0
<Jan20-2022> <14:26:51>  SCF converged
<Jan20-2022> <14:26:51>      9      0.00000000      0.00000000      0.0
<Jan20-2022> <14:26:51>  >>>> POPAN
<Jan20-2022> <14:26:51>  >>>> DEBYE
<Jan20-2022> <14:26:51>  DIRAC 2021.102  RunTime: Jan20-2022 14:26:51  ShM Nodes: 1  Procs: 1
<Jan20-2022> <14:26:51>  Carbon (TZ2P)
<Jan20-2022> <14:26:51>  Net Charge: 0 (Nuclei minus Electrons)
<Jan20-2022> <14:26:51>  Symmetry  : ATOM
<Jan20-2022> <14:26:51>  Coordinates
<Jan20-2022> <14:26:51>     Atom         X           Y           Z   (Angstrom)
<Jan20-2022> <14:26:51>     1.C         0.000000    0.000000    0.000000
<Jan20-2022> <14:26:51>  >>>> CORORT
<Jan20-2022> <14:26:51>  >>>> CLSMAT
<Jan20-2022> <14:26:51>  >>>> ORTHON
<Jan20-2022> <14:26:51>  >>>> GENPT
<Jan20-2022> <14:26:51>  Block Length=  72
<Jan20-2022> <14:26:51>  >>>> PTBAS
<Jan20-2022> <14:26:51>  >>>> CYCLE
<Jan20-2022> <14:26:51>              |Error|         MaxErr       Wt(A-DIIS)
<Jan20-2022> <14:26:51>      1      0.00000000      0.00000000
<Jan20-2022> <14:26:51>      2      4.48405934      3.32161898    100.0
<Jan20-2022> <14:26:51>      3      1.60718414      1.28408746    100.0
<Jan20-2022> <14:26:51>      4      0.76426456      0.62272052    100.0
<Jan20-2022> <14:26:51>      5      0.36119063      0.28553990    100.0
<Jan20-2022> <14:26:51>      6      0.14821424      0.11559867    100.0
<Jan20-2022> <14:26:51>      7      0.10108424      0.07867111     78.5
<Jan20-2022> <14:26:51>      8      0.01786531      0.01387049     13.0
<Jan20-2022> <14:26:51>      9      0.00195746      0.00153262      0.5
<Jan20-2022> <14:26:51>     10      0.00001058      0.00000730      0.0
<Jan20-2022> <14:26:51>     11      0.00000047      0.00000027      0.0
<Jan20-2022> <14:26:51>     12      0.00000003      0.00000002      0.0
<Jan20-2022> <14:26:51>     13      0.00000000      0.00000000      0.0
<Jan20-2022> <14:26:51>  SCF converged
<Jan20-2022> <14:26:51>     14      0.00000000      0.00000000      0.0
<Jan20-2022> <14:26:52>  >>>> POPAN
<Jan20-2022> <14:26:52>  >>>> DEBYE
<Jan20-2022> <14:26:52>  *** GOStep1 ***
<Jan20-2022> <14:26:52>  >>>> FRAGM
<Jan20-2022> <14:26:52>  Coordinates
<Jan20-2022> <14:26:52>     Atom         X           Y           Z   (Angstrom)
<Jan20-2022> <14:26:52>     1.H         2.053570   -0.803441    0.000000
<Jan20-2022> <14:26:52>     2.C         0.972937   -0.695741    0.000000
<Jan20-2022> <14:26:52>     3.H         0.663467   -0.150351    0.886617
<Jan20-2022> <14:26:52>     4.H         0.663467    0.150351   -0.886617
<Jan20-2022> <14:26:52>  >>>> CORORT
<Jan20-2022> <14:26:52>  >>>> CLSMAT
<Jan20-2022> <14:26:52>  >>>> ORTHON
<Jan20-2022> <14:26:52>  >>>> GENPT
<Jan20-2022> <14:26:52>  Block Length= 128
<Jan20-2022> <14:26:52>  >>>> PTBAS
<Jan20-2022> <14:26:52>  >>>> CYCLE
<Jan20-2022> <14:26:59>              |Error|         MaxErr       Wt(A-DIIS)
<Jan20-2022> <14:26:59>      1      1.82550844      0.37604047
<Jan20-2022> <14:27:04>      2      0.43473674      0.04919750    100.0
<Jan20-2022> <14:27:09>      3      0.41343507      0.05953285    100.0
<Jan20-2022> <14:27:14>      4      0.05484385      0.00563789      4.7
<Jan20-2022> <14:27:19>      5      0.01218287      0.00187576      0.9
<Jan20-2022> <14:27:23>      6      0.00143899      0.00017142      0.0
<Jan20-2022> <14:27:28>      7      0.00043138      0.00004931      0.0
<Jan20-2022> <14:27:34>      8      0.00015256      0.00001901      0.0
<Jan20-2022> <14:27:38>      9      0.00003797      0.00000480      0.0
<Jan20-2022> <14:27:44>     10      0.00000591      0.00000095      0.0
<Jan20-2022> <14:27:45>  SCF converged
<Jan20-2022> <14:27:49>     11      0.00000154      0.00000025      0.0
<Jan20-2022> <14:27:50>  >>>> TOTEN
<Jan20-2022> <14:27:57>  >>>> POPAN
<Jan20-2022> <14:27:57>  >>>> DEBYE
<Jan20-2022> <14:27:57>  >>>> ENGRAD
<Jan20-2022> <14:28:00>  current energy                               -0.61784933 Hartree
<Jan20-2022> <14:28:00>  energy change                      -0.61784933     0.00004000    F
<Jan20-2022> <14:28:00>  constrained gradient max            0.16087428     0.00100000    F
<Jan20-2022> <14:28:00>  constrained gradient rms            0.06525784     0.00066667    F
<Jan20-2022> <14:28:00>  gradient max                        0.16087428
<Jan20-2022> <14:28:00>  gradient rms                        0.06525784
<Jan20-2022> <14:28:00>  cart. step max                      0.03789453     0.01000000    F
<Jan20-2022> <14:28:00>  cart. step rms                      0.01692117     0.00666667    F
<Jan20-2022> <14:28:00>  Iteration 2
<Jan20-2022> <14:28:01>  *** GOStep2 ***
<Jan20-2022> <14:28:01>  >>>> FRAGM
<Jan20-2022> <14:28:01>  Coordinates
<Jan20-2022> <14:28:01>     Atom         X           Y           Z   (Angstrom)
<Jan20-2022> <14:28:01>     1.H         2.052753   -0.808464   -0.016502
<Jan20-2022> <14:28:01>     2.C         0.973431   -0.657847   -0.010312
<Jan20-2022> <14:28:01>     3.H         0.648892   -0.155785    0.903096
<Jan20-2022> <14:28:01>     4.H         0.678365    0.122913   -0.876282
<Jan20-2022> <14:28:01>  >>>> CORORT
<Jan20-2022> <14:28:01>  >>>> CLSMAT
<Jan20-2022> <14:28:01>  >>>> ORTHON
<Jan20-2022> <14:28:01>  >>>> GENPT
<Jan20-2022> <14:28:01>  Block Length= 128
<Jan20-2022> <14:28:01>  >>>> PTBAS
<Jan20-2022> <14:28:02>  >>>> CYCLE
<Jan20-2022> <14:28:05>  using orbital data from restart file
<Jan20-2022> <14:28:09>              |Error|         MaxErr       Wt(A-DIIS)
<Jan20-2022> <14:28:09>      1      0.11646284      0.03030531
<Jan20-2022> <14:28:15>      2      0.02424311      0.00276688    100.0
<Jan20-2022> <14:28:20>      3      0.01459030      0.00188405    100.0
<Jan20-2022> <14:28:25>      4      0.01504940      0.00172223      0.7
<Jan20-2022> <14:28:30>      5      0.00038842      0.00005526      0.0
<Jan20-2022> <14:28:35>      6      0.00009391      0.00000934      0.0
<Jan20-2022> <14:28:40>      7      0.00001481      0.00000173      0.0
<Jan20-2022> <14:28:45>      8      0.00000527      0.00000074      0.0
<Jan20-2022> <14:28:46>  SCF converged
<Jan20-2022> <14:28:50>      9      0.00000081      0.00000010      0.0
<Jan20-2022> <14:28:51>  >>>> TOTEN
<Jan20-2022> <14:28:57>  >>>> POPAN
<Jan20-2022> <14:28:57>  >>>> DEBYE
<Jan20-2022> <14:28:57>  >>>> ENGRAD
<Jan20-2022> <14:29:01>  current energy                               -0.62853719 Hartree
<Jan20-2022> <14:29:01>  energy change                      -0.01068786     0.00004000    F
<Jan20-2022> <14:29:01>  constrained gradient max            0.13347270     0.00100000    F
<Jan20-2022> <14:29:01>  constrained gradient rms            0.05213982     0.00066667    F
<Jan20-2022> <14:29:01>  gradient max                        0.13347270
<Jan20-2022> <14:29:01>  gradient rms                        0.05213982
<Jan20-2022> <14:29:01>  cart. step max                      0.07281860     0.01000000    F
<Jan20-2022> <14:29:01>  cart. step rms                      0.03354442     0.00666667    F
<Jan20-2022> <14:29:01>  Iteration 3
<Jan20-2022> <14:29:01>  *** GOStep3 ***
<Jan20-2022> <14:29:01>  >>>> FRAGM
<Jan20-2022> <14:29:01>  Coordinates
<Jan20-2022> <14:29:01>     Atom         X           Y           Z   (Angstrom)
<Jan20-2022> <14:29:01>     1.H         2.040892   -0.811882   -0.042127
<Jan20-2022> <14:29:01>     2.C         0.972147   -0.585028   -0.037269
<Jan20-2022> <14:29:01>     3.H         0.630782   -0.166253    0.915368
<Jan20-2022> <14:29:01>     4.H         0.709620    0.063981   -0.835972
<Jan20-2022> <14:29:01>  >>>> CORORT
<Jan20-2022> <14:29:01>  >>>> CLSMAT
<Jan20-2022> <14:29:01>  >>>> ORTHON
<Jan20-2022> <14:29:01>  >>>> GENPT
<Jan20-2022> <14:29:01>  Block Length= 128
<Jan20-2022> <14:29:01>  >>>> PTBAS
<Jan20-2022> <14:29:02>  >>>> CYCLE
<Jan20-2022> <14:29:05>  using orbital data from restart file
<Jan20-2022> <14:29:10>              |Error|         MaxErr       Wt(A-DIIS)
<Jan20-2022> <14:29:10>      1      0.30478414      0.08077309
<Jan20-2022> <14:29:15>      2      0.04288924      0.00506841    100.0
<Jan20-2022> <14:29:20>      3      0.02632068      0.00344924    100.0
<Jan20-2022> <14:29:26>      4      0.02595773      0.00279750      1.8
<Jan20-2022> <14:29:31>      5      0.00090493      0.00014295      0.0
<Jan20-2022> <14:29:36>      6      0.00016321      0.00002220      0.0
<Jan20-2022> <14:29:41>      7      0.00004639      0.00000616      0.0
<Jan20-2022> <14:29:46>      8      0.00001183      0.00000197      0.0
<Jan20-2022> <14:29:52>      9      0.00000138      0.00000015      0.0
<Jan20-2022> <14:29:52>  SCF converged
<Jan20-2022> <14:29:57>     10      0.00000030      0.00000004      0.0
<Jan20-2022> <14:29:58>  >>>> TOTEN
<Jan20-2022> <14:30:04>  >>>> POPAN
<Jan20-2022> <14:30:04>  >>>> DEBYE
<Jan20-2022> <14:30:04>  >>>> ENGRAD
<Jan20-2022> <14:30:08>  current energy                               -0.63918818 Hartree
<Jan20-2022> <14:30:08>  energy change                      -0.01065098     0.00004000    F
<Jan20-2022> <14:30:08>  constrained gradient max            0.04017636     0.00100000    F
<Jan20-2022> <14:30:08>  constrained gradient rms            0.02447855     0.00066667    F
<Jan20-2022> <14:30:08>  gradient max                        0.04017636
<Jan20-2022> <14:30:08>  gradient rms                        0.02447855
<Jan20-2022> <14:30:08>  cart. step max                      0.05066219     0.01000000    F
<Jan20-2022> <14:30:08>  cart. step rms                      0.02572289     0.00666667    F
<Jan20-2022> <14:30:08>  Iteration 4
<Jan20-2022> <14:30:08>  *** GOStep4 ***
<Jan20-2022> <14:30:08>  >>>> FRAGM
<Jan20-2022> <14:30:08>  Coordinates
<Jan20-2022> <14:30:08>     Atom         X           Y           Z   (Angstrom)
<Jan20-2022> <14:30:08>     1.H         2.043652   -0.836604   -0.027403
<Jan20-2022> <14:30:08>     2.C         0.995916   -0.534366   -0.030120
<Jan20-2022> <14:30:08>     3.H         0.629889   -0.191278    0.939054
<Jan20-2022> <14:30:08>     4.H         0.683984    0.063066   -0.881531
<Jan20-2022> <14:30:08>  >>>> CORORT
<Jan20-2022> <14:30:08>  >>>> CLSMAT
<Jan20-2022> <14:30:08>  >>>> ORTHON
<Jan20-2022> <14:30:08>  >>>> GENPT
<Jan20-2022> <14:30:09>  Block Length= 128
<Jan20-2022> <14:30:09>  >>>> PTBAS
<Jan20-2022> <14:30:09>  >>>> CYCLE
<Jan20-2022> <14:30:12>  using orbital data from restart file
<Jan20-2022> <14:30:17>              |Error|         MaxErr       Wt(A-DIIS)
<Jan20-2022> <14:30:17>      1      0.08283935      0.01529630
<Jan20-2022> <14:30:22>      2      0.02452429      0.00349152    100.0
<Jan20-2022> <14:30:27>      3      0.01982268      0.00285660    100.0
<Jan20-2022> <14:30:32>      4      0.01947520      0.00280745      1.8
<Jan20-2022> <14:30:37>      5      0.00603874      0.00110285      0.1
<Jan20-2022> <14:30:42>      6      0.00033788      0.00004610      0.0
<Jan20-2022> <14:30:47>      7      0.00022010      0.00003014      0.0
<Jan20-2022> <14:30:52>      8      0.00002610      0.00000315      0.0
<Jan20-2022> <14:30:58>      9      0.00000197      0.00000022      0.0
<Jan20-2022> <14:30:58>  SCF converged
<Jan20-2022> <14:31:03>     10      0.00000060      0.00000008      0.0
<Jan20-2022> <14:31:04>  >>>> TOTEN
<Jan20-2022> <14:31:10>  >>>> POPAN
<Jan20-2022> <14:31:10>  >>>> DEBYE
<Jan20-2022> <14:31:10>  >>>> ENGRAD
<Jan20-2022> <14:31:14>  current energy                               -0.64388726 Hartree
<Jan20-2022> <14:31:14>  energy change                      -0.00469909     0.00004000    F
<Jan20-2022> <14:31:14>  constrained gradient max            0.03084097     0.00100000    F
<Jan20-2022> <14:31:14>  constrained gradient rms            0.01331012     0.00066667    F
<Jan20-2022> <14:31:14>  gradient max                        0.03084097
<Jan20-2022> <14:31:14>  gradient rms                        0.01331012
<Jan20-2022> <14:31:14>  cart. step max                      0.06275230     0.01000000    F
<Jan20-2022> <14:31:14>  cart. step rms                      0.02425708     0.00666667    F
<Jan20-2022> <14:31:14>  Iteration 5
<Jan20-2022> <14:31:14>  *** GOStep5 ***
<Jan20-2022> <14:31:14>  >>>> FRAGM
<Jan20-2022> <14:31:14>  Coordinates
<Jan20-2022> <14:31:14>     Atom         X           Y           Z   (Angstrom)
<Jan20-2022> <14:31:14>     1.H         2.039870   -0.860261   -0.027170
<Jan20-2022> <14:31:14>     2.C         1.025241   -0.471614   -0.022404
<Jan20-2022> <14:31:14>     3.H         0.619102   -0.213787    0.950603
<Jan20-2022> <14:31:14>     4.H         0.669227    0.046480   -0.901029
<Jan20-2022> <14:31:14>  >>>> CORORT
<Jan20-2022> <14:31:14>  >>>> CLSMAT
<Jan20-2022> <14:31:14>  >>>> ORTHON
<Jan20-2022> <14:31:14>  >>>> GENPT
<Jan20-2022> <14:31:14>  Block Length= 128
<Jan20-2022> <14:31:14>  >>>> PTBAS
<Jan20-2022> <14:31:15>  >>>> CYCLE
<Jan20-2022> <14:31:18>  using orbital data from restart file
<Jan20-2022> <14:31:23>              |Error|         MaxErr       Wt(A-DIIS)
<Jan20-2022> <14:31:23>      1      0.07635390      0.01438340
<Jan20-2022> <14:31:28>      2      0.03006205      0.00412399    100.0
<Jan20-2022> <14:31:34>      3      0.02022295      0.00289184    100.0
<Jan20-2022> <14:31:39>      4      0.01399375      0.00237423      1.4
<Jan20-2022> <14:31:44>      5      0.00080389      0.00012994      0.0
<Jan20-2022> <14:31:49>      6      0.00009647      0.00001115      0.0
<Jan20-2022> <14:31:54>      7      0.00001489      0.00000189      0.0
<Jan20-2022> <14:31:59>      8      0.00000481      0.00000054      0.0
<Jan20-2022> <14:32:00>  SCF converged
<Jan20-2022> <14:32:05>      9      0.00000280      0.00000039      0.0
<Jan20-2022> <14:32:05>  >>>> TOTEN
<Jan20-2022> <14:32:12>  >>>> POPAN
<Jan20-2022> <14:32:12>  >>>> DEBYE
<Jan20-2022> <14:32:12>  >>>> ENGRAD
<Jan20-2022> <14:32:15>  current energy                               -0.64641295 Hartree
<Jan20-2022> <14:32:15>  energy change                      -0.00252569     0.00004000    F
<Jan20-2022> <14:32:15>  constrained gradient max            0.01615978     0.00100000    F
<Jan20-2022> <14:32:15>  constrained gradient rms            0.00749094     0.00066667    F
<Jan20-2022> <14:32:15>  gradient max                        0.01615978
<Jan20-2022> <14:32:15>  gradient rms                        0.00749094
<Jan20-2022> <14:32:15>  cart. step max                      0.04256834     0.01000000    F
<Jan20-2022> <14:32:15>  cart. step rms                      0.01843417     0.00666667    F
<Jan20-2022> <14:32:15>  Iteration 6
<Jan20-2022> <14:32:15>  *** GOStep6 ***
<Jan20-2022> <14:32:15>  >>>> FRAGM
<Jan20-2022> <14:32:15>  Coordinates
<Jan20-2022> <14:32:15>     Atom         X           Y           Z   (Angstrom)
<Jan20-2022> <14:32:15>     1.H         2.039777   -0.879320   -0.036492
<Jan20-2022> <14:32:15>     2.C         1.054742   -0.429045   -0.008936
<Jan20-2022> <14:32:15>     3.H         0.600811   -0.224324    0.951521
<Jan20-2022> <14:32:15>     4.H         0.658110    0.033507   -0.906093
<Jan20-2022> <14:32:15>  >>>> CORORT
<Jan20-2022> <14:32:15>  >>>> CLSMAT
<Jan20-2022> <14:32:15>  >>>> ORTHON
<Jan20-2022> <14:32:15>  >>>> GENPT
<Jan20-2022> <14:32:16>  Block Length= 128
<Jan20-2022> <14:32:16>  >>>> PTBAS
<Jan20-2022> <14:32:16>  >>>> CYCLE
<Jan20-2022> <14:32:19>  using orbital data from restart file
<Jan20-2022> <14:32:24>              |Error|         MaxErr       Wt(A-DIIS)
<Jan20-2022> <14:32:24>      1      0.06087989      0.00841819
<Jan20-2022> <14:32:29>      2      0.02598846      0.00350248    100.0
<Jan20-2022> <14:32:34>      3      0.01732409      0.00246977    100.0
<Jan20-2022> <14:32:40>      4      0.01241464      0.00203599      1.0
<Jan20-2022> <14:32:45>      5      0.00067785      0.00010582      0.0
<Jan20-2022> <14:32:50>      6      0.00010035      0.00001120      0.0
<Jan20-2022> <14:32:55>      7      0.00001348      0.00000170      0.0
<Jan20-2022> <14:33:00>      8      0.00000189      0.00000023      0.0
<Jan20-2022> <14:33:01>  SCF converged
<Jan20-2022> <14:33:06>      9      0.00000054      0.00000006      0.0
<Jan20-2022> <14:33:07>  >>>> TOTEN
<Jan20-2022> <14:33:13>  >>>> POPAN
<Jan20-2022> <14:33:13>  >>>> DEBYE
<Jan20-2022> <14:33:13>  >>>> ENGRAD
<Jan20-2022> <14:33:17>  current energy                               -0.64742785 Hartree
<Jan20-2022> <14:33:17>  energy change                      -0.00101490     0.00004000    F
<Jan20-2022> <14:33:17>  constrained gradient max            0.00646149     0.00100000    F
<Jan20-2022> <14:33:17>  constrained gradient rms            0.00309945     0.00066667    F
<Jan20-2022> <14:33:17>  gradient max                        0.00646149
<Jan20-2022> <14:33:17>  gradient rms                        0.00309945
<Jan20-2022> <14:33:17>  cart. step max                      0.03559794     0.01000000    F
<Jan20-2022> <14:33:17>  cart. step rms                      0.01468663     0.00666667    F
<Jan20-2022> <14:33:17>  Iteration 7
<Jan20-2022> <14:33:17>  *** GOStep7 ***
<Jan20-2022> <14:33:17>  >>>> FRAGM
<Jan20-2022> <14:33:17>  Coordinates
<Jan20-2022> <14:33:17>     Atom         X           Y           Z   (Angstrom)
<Jan20-2022> <14:33:17>     1.H         2.037000   -0.893655   -0.041939
<Jan20-2022> <14:33:17>     2.C         1.078404   -0.393447   -0.001919
<Jan20-2022> <14:33:17>     3.H         0.588224   -0.233455    0.948488
<Jan20-2022> <14:33:17>     4.H         0.649813    0.021376   -0.904630
<Jan20-2022> <14:33:17>  >>>> CORORT
<Jan20-2022> <14:33:17>  >>>> CLSMAT
<Jan20-2022> <14:33:17>  >>>> ORTHON
<Jan20-2022> <14:33:17>  >>>> GENPT
<Jan20-2022> <14:33:17>  Block Length= 128
<Jan20-2022> <14:33:18>  >>>> PTBAS
<Jan20-2022> <14:33:18>  >>>> CYCLE
<Jan20-2022> <14:33:21>  using orbital data from restart file
<Jan20-2022> <14:33:26>              |Error|         MaxErr       Wt(A-DIIS)
<Jan20-2022> <14:33:26>      1      0.04805587      0.00831315
<Jan20-2022> <14:33:31>      2      0.02203599      0.00293151    100.0
<Jan20-2022> <14:33:37>      3      0.02085833      0.00279847    100.0
<Jan20-2022> <14:33:42>      4      0.02084032      0.00279544      1.8
<Jan20-2022> <14:33:47>      5      0.01345740      0.00215958      1.2
<Jan20-2022> <14:33:51>      6      0.00127651      0.00013519      0.0
<Jan20-2022> <14:33:56>      7      0.00129000      0.00016993      0.0
<Jan20-2022> <14:34:01>      8      0.00004228      0.00000445      0.0
<Jan20-2022> <14:34:06>      9      0.00001871      0.00000243      0.0
<Jan20-2022> <14:34:12>     10      0.00001716      0.00000260      0.0
<Jan20-2022> <14:34:17>     11      0.00001668      0.00000247      0.0
<Jan20-2022> <14:34:23>     12      0.00001671      0.00000249      0.0
<Jan20-2022> <14:34:28>     13      0.00001662      0.00000248      0.0
<Jan20-2022> <14:34:33>     14      0.00000049      0.00000009      0.0
<Jan20-2022> <14:34:34>  SCF converged
<Jan20-2022> <14:34:39>     15      0.00000009      0.00000001      0.0
<Jan20-2022> <14:34:39>  >>>> TOTEN
<Jan20-2022> <14:34:46>  >>>> POPAN
<Jan20-2022> <14:34:46>  >>>> DEBYE
<Jan20-2022> <14:34:46>  >>>> ENGRAD
<Jan20-2022> <14:34:49>  current energy                               -0.64774195 Hartree
<Jan20-2022> <14:34:49>  energy change                      -0.00031410     0.00004000    F
<Jan20-2022> <14:34:49>  constrained gradient max            0.00226492     0.00100000    F
<Jan20-2022> <14:34:49>  constrained gradient rms            0.00126838     0.00066667    F
<Jan20-2022> <14:34:49>  gradient max                        0.00226492
<Jan20-2022> <14:34:49>  gradient rms                        0.00126838
<Jan20-2022> <14:34:49>  cart. step max                      0.01558833     0.01000000    F
<Jan20-2022> <14:34:49>  cart. step rms                      0.00604972     0.00666667    T
<Jan20-2022> <14:34:49>  Iteration 8
<Jan20-2022> <14:34:50>  *** GOStep8 ***
<Jan20-2022> <14:34:50>  >>>> FRAGM
<Jan20-2022> <14:34:50>  Coordinates
<Jan20-2022> <14:34:50>     Atom         X           Y           Z   (Angstrom)
<Jan20-2022> <14:34:50>     1.H         2.034691   -0.899350   -0.041821
<Jan20-2022> <14:34:50>     2.C         1.087344   -0.377859   -0.000160
<Jan20-2022> <14:34:50>     3.H         0.585440   -0.238849    0.948484
<Jan20-2022> <14:34:50>     4.H         0.645966    0.016876   -0.906504
<Jan20-2022> <14:34:50>  >>>> CORORT
<Jan20-2022> <14:34:50>  >>>> CLSMAT
<Jan20-2022> <14:34:50>  >>>> ORTHON
<Jan20-2022> <14:34:50>  >>>> GENPT
<Jan20-2022> <14:34:50>  Block Length= 128
<Jan20-2022> <14:34:50>  >>>> PTBAS
<Jan20-2022> <14:34:51>  >>>> CYCLE
<Jan20-2022> <14:34:54>  using orbital data from restart file
<Jan20-2022> <14:34:58>              |Error|         MaxErr       Wt(A-DIIS)
<Jan20-2022> <14:34:58>      1      0.02007454      0.00326762
<Jan20-2022> <14:35:03>      2      0.00935288      0.00129529    100.0
<Jan20-2022> <14:35:09>      3      0.00683813      0.00111704    100.0
<Jan20-2022> <14:35:14>      4      0.00242198      0.00031725      0.0
<Jan20-2022> <14:35:19>      5      0.00061739      0.00008079      0.0
<Jan20-2022> <14:35:25>      6      0.00002036      0.00000230      0.0
<Jan20-2022> <14:35:30>      7      0.00000120      0.00000021      0.0
<Jan20-2022> <14:35:31>  SCF converged
<Jan20-2022> <14:35:35>      8      0.00000022      0.00000003      0.0
<Jan20-2022> <14:35:36>  >>>> TOTEN
<Jan20-2022> <14:35:43>  >>>> POPAN
<Jan20-2022> <14:35:43>  >>>> DEBYE
<Jan20-2022> <14:35:43>  >>>> ENGRAD
<Jan20-2022> <14:35:46>  current energy                               -0.64778042 Hartree
<Jan20-2022> <14:35:46>  energy change                      -0.00003847     0.00004000    T
<Jan20-2022> <14:35:46>  constrained gradient max            0.00100384     0.00100000    F
<Jan20-2022> <14:35:46>  constrained gradient rms            0.00051469     0.00066667    T
<Jan20-2022> <14:35:46>  gradient max                        0.00100384
<Jan20-2022> <14:35:46>  gradient rms                        0.00051469
<Jan20-2022> <14:35:46>  cart. step max                      0.00311587     0.01000000    T
<Jan20-2022> <14:35:46>  cart. step rms                      0.00118216     0.00666667    T
<Jan20-2022> <14:35:46>  Iteration 9
<Jan20-2022> <14:35:46>  *** GOStep9 ***
<Jan20-2022> <14:35:46>  >>>> FRAGM
<Jan20-2022> <14:35:46>  Coordinates
<Jan20-2022> <14:35:46>     Atom         X           Y           Z   (Angstrom)
<Jan20-2022> <14:35:46>     1.H         2.034149   -0.900317   -0.041762
<Jan20-2022> <14:35:46>     2.C         1.088481   -0.374743    0.000065
<Jan20-2022> <14:35:46>     3.H         0.585207   -0.240112    0.949313
<Jan20-2022> <14:35:46>     4.H         0.645604    0.015990   -0.907615
<Jan20-2022> <14:35:46>  >>>> CORORT
<Jan20-2022> <14:35:46>  >>>> CLSMAT
<Jan20-2022> <14:35:46>  >>>> ORTHON
<Jan20-2022> <14:35:46>  >>>> GENPT
<Jan20-2022> <14:35:46>  Block Length= 128
<Jan20-2022> <14:35:47>  >>>> PTBAS
<Jan20-2022> <14:35:47>  >>>> CYCLE
<Jan20-2022> <14:35:50>  using orbital data from restart file
<Jan20-2022> <14:35:54>              |Error|         MaxErr       Wt(A-DIIS)
<Jan20-2022> <14:35:54>      1      0.00401846      0.00069905
<Jan20-2022> <14:35:59>      2      0.00172804      0.00023913    100.0
<Jan20-2022> <14:36:04>      3      0.00129939      0.00020666    100.0
<Jan20-2022> <14:36:09>      4      0.00049452      0.00005126      0.0
<Jan20-2022> <14:36:15>      5      0.00010455      0.00001334      0.0
<Jan20-2022> <14:36:20>      6      0.00000711      0.00000081      0.0
<Jan20-2022> <14:36:21>  SCF converged
<Jan20-2022> <14:36:25>      7      0.00000061      0.00000011      0.0
<Jan20-2022> <14:36:26>  >>>> TOTEN
<Jan20-2022> <14:36:33>  >>>> POPAN
<Jan20-2022> <14:36:33>  >>>> DEBYE
<Jan20-2022> <14:36:33>  >>>> ENGRAD
<Jan20-2022> <14:36:36>  current energy                               -0.64778253 Hartree
<Jan20-2022> <14:36:36>  energy change                      -0.00000211     0.00004000    T
<Jan20-2022> <14:36:36>  constrained gradient max            0.00026933     0.00100000    T
<Jan20-2022> <14:36:36>  constrained gradient rms            0.00012627     0.00066667    T
<Jan20-2022> <14:36:36>  gradient max                        0.00026933
<Jan20-2022> <14:36:36>  gradient rms                        0.00012627
<Jan20-2022> <14:36:36>  cart. step max                      0.00013068     0.01000000    T
<Jan20-2022> <14:36:36>  cart. step rms                      0.00007016     0.00666667    T
<Jan20-2022> <14:36:36>  Geometry optimization converged
<Jan20-2022> <14:36:37>  *** adf ***
<Jan20-2022> <14:36:37>  Net Charge: 0 (Nuclei minus Electrons)
<Jan20-2022> <14:36:37>  Spin polar: 1 (Spin_A minus Spin_B electrons)
<Jan20-2022> <14:36:37>  Symmetry  : NOSYM
<Jan20-2022> <14:36:37>  >>>> FRAGM
<Jan20-2022> <14:36:37>  Coordinates
<Jan20-2022> <14:36:37>     Atom         X           Y           Z   (Angstrom)
<Jan20-2022> <14:36:37>     1.H         2.034149   -0.900317   -0.041762
<Jan20-2022> <14:36:37>     2.C         1.088481   -0.374743    0.000065
<Jan20-2022> <14:36:37>     3.H         0.585207   -0.240112    0.949313
<Jan20-2022> <14:36:37>     4.H         0.645604    0.015990   -0.907615
<Jan20-2022> <14:36:37>  >>>> CORORT
<Jan20-2022> <14:36:37>  >>>> CLSMAT
<Jan20-2022> <14:36:37>  >>>> ORTHON
<Jan20-2022> <14:36:37>  >>>> GENPT
<Jan20-2022> <14:36:37>  Block Length= 128
<Jan20-2022> <14:36:37>  >>>> PTBAS
<Jan20-2022> <14:36:38>  >>>> CYCLE
<Jan20-2022> <14:36:41>  using orbital data from restart file
<Jan20-2022> <14:36:45>              |Error|         MaxErr       Wt(A-DIIS)
<Jan20-2022> <14:36:45>      1      0.00000005      0.00000001
<Jan20-2022> <14:36:50>      2      0.00000004      0.00000001    100.0
<Jan20-2022> <14:36:51>  SCF converged
<Jan20-2022> <14:36:56>      3      0.00000002      0.00000000    100.0
<Jan20-2022> <14:37:01>  >>>> TOTEN
<Jan20-2022> <14:37:11>  >>>> POPAN
<Jan20-2022> <14:37:11>  >>>> DEBYE
<Jan20-2022> <14:37:11>  >>>> AMETS
<Jan20-2022> <14:37:11>   Bond Energy          -0.64778253 a.u.
<Jan20-2022> <14:37:11>   Bond Energy         -17.62705951 eV
<Jan20-2022> <14:37:11>   Bond Energy        -406.49       kcal/mol
<Jan20-2022> <14:37:11>  >>>> POPUL
<Jan20-2022> <14:37:11>  >>>> ENGRAD
<Jan20-2022> <14:37:14>  >>>> ENHESS
<Jan20-2022> <14:37:16>  === NUCLEUS:     1
<Jan20-2022> <14:39:02>  === NUCLEUS:     2
<Jan20-2022> <14:40:41>  === NUCLEUS:     3
<Jan20-2022> <14:42:24>  === NUCLEUS:     4
<Jan20-2022> <14:43:58>  >>>> CALC_HESS_PMAT
<Jan20-2022> <14:44:05>  >>>> CALC_HESS_WMAT
<Jan20-2022> <14:44:06>  PES point character: Geometry corresponds to a local minimum on the PES.
<Jan20-2022> <14:44:06>  Geometry optimization successful!
<Jan20-2022> <14:44:06>  NORMAL TERMINATION
