

 Parallel Execution: Process Information
 ==============================================================================
 Rank   Node Name                              NodeID   MyNodeRank  NodeMaster
    0   node115                                   0          0          0
    1   node115                                   0          1         -1
    2   node115                                   0          2         -1
    3   node115                                   0          3         -1
 ==============================================================================


May use up to 122928MB of RAM as shared memory on node 0

 *******************************************************************************
 *                                                                             *
 *  --------------------------------                                           *
 *   Amsterdam Modeling Suite (AMS)              2021.102                      *
 *  --------------------------------                                           *
 *                                               r95042 2021-06-07             *
 *                                                                             *
 *                                                                             *
 *                              =================                              *
 *                              |               |                              *
 *                              |     A M S     |                              *
 *                              |               |                              *
 *                              =================                              *
 *                                                                             *
 *                                                                             *
 *   Online information and documentation:  https://www.scm.com/support/       *
 *   E-mail:  support@scm.com   info@scm.com                                   *
 *                                                                             *
 *   Scientific publications using AMS results must be properly referenced     *
 *   See the User Manuals (or the web site) for recommended citations          *
 *   The terms and conditions of the End User License Agreement apply to       *
 *   the use of AMS, https://www.scm.com/license-terms/                        *
 *                                                                             *
 **********************  x86_64_linux_intel / intelmpi  ************************
 
 Licensed to: VU/FEW (+ SARA) / ALGEMEEN / Amsterdam / THE NETHERLANDS
 SCM User ID: u7668
  
 AMS 2021.102  RunTime: Jan22-2022 23:24:51  ShM Nodes: 1  Procs: 4

 AMS jobname: 10.achiral_catalyst.H_H_I2.Rcat
 AMS jobid  : 772042046

 Start   directory: /scistor/tc/yhk800/MasterProject/calculations/achiral_catalyst_H_H_I2/10.achiral_catalyst.H_H_I2.Rcat/
 Results directory: /scistor/tc/yhk800/MasterProject/calculations/achiral_catalyst_H_H_I2/10.achiral_catalyst.H_H_I2.Rcat/
 Scratch directory: /scratch/3976/amstmp_10.achiral_catalyst.H_H_I2.Rcat_kid0.772042046/


 Communication costs MPI_COMM_WORLD:      0.836 usec per message,   0.0067 usec per 8-byte item
 Communication costs for intra-node:      0.337 usec per message,   0.0062 usec per 8-byte item

 RNG seed: 1999167607 377299870 13590409 451754961 -1371629213 -1201461540 -1280127109 1222510837



                      ************************************************************************
                      *  ADF 2021.102  RunTime: Jan22-2022 23:24:52  ShM Nodes: 1  Procs: 4  *
                      ************************************************************************
  
       ***************************
       *  GEOMETRY OPTIMIZATION  *
       ***************************

Optimization Method                    Quasi Newton
Optimization Coordinates               Delocalized Coordinates
Optimize lattice                       F
 
 ------------------------------------------------------
 Convergence criteria (Hartree,Angstrom)
 ------------------------------------------------------
 Maximum gradient               0.001000000000
 Maximum rms gradient           0.000666666667
 Maximum step allowed           0.010000000000
 Maximum rms step allowed       0.006666666667
 Maximum energy change allowe   0.000020000000
 Maximum stress energy allowe   0.000500000000
 
Initial model Hessian                  Automatic Hessian
 
------------------------------------
Quasi-Newton Optimizer Parameters
------------------------------------
Hessian Update Method                  BFGS
Maximum number of steps                  250
First GDIIS cycle                          0
Maximum GDIIS vectors                      0
Trust radius (bohr)                        0.200000
Trust radius varies                        T
Constraints converged at all steps         T
Use projector                              T
 
 Rigid motions settings for: old optimizer
 Atomic rotations (x,y,z):     T T T
 Atomic translations (x,y,z):  T T T
 Tolerance:                   1.000000000000000E-006
 
--------
Geometry
--------
Formula: I2
Atoms
  Index Symbol   x (angstrom)   y (angstrom)   z (angstrom)
      1      I     1.63000000     0.00000000     0.00000000
      2      I     4.39900000     0.00000000     0.00000000
 
Total System Charge             0.00000
 
 
----------------
ADF Engine Input
----------------
 
 NumericalQuality VeryGood
 SCF
 Converge 1.0e-6
 Iterations 99
 End
 SYMMETRY NOSYM
 XC
 GGA OLYP
 End
 basis
 core None
 type TZ2P
 End
 

 Title: *** (NO TITLE) ***

 WARNING: Atom coordinates do not satisfy full symmetry (probably due to orienta
 tion).
 Using automatic Hessian for delocalized coordinates.
 *** GOStep1 ***

 Energy gradients wrt nuclear displacements
 ==========================================

     Atom      Cartesian (a.u./angstrom)
                 X         Y         Z
 ----------------------------------------
     1 I    -0.026309  0.000000 -0.000000
     2 I     0.026309 -0.000000  0.000000
 ----------------------------------------
 Mulliken charges used for AMS results%charges...
 
----------------------------------------------------------------------
Geometry Convergence after Step   1       (Hartree/Angstrom,Angstrom)
----------------------------------------------------------------------
current energy                               -0.08497317 Hartree
energy change                      -0.08497317     0.00002000    F
constrained gradient max            0.02630888     0.00100000    F
constrained gradient rms            0.01518944     0.00066667    F
gradient max                        0.02630888
gradient rms                        0.01518944
cart. step max                      0.01039388     0.01000000    F
cart. step rms                      0.00600091     0.00666667    T
 
 
--------
Geometry
--------
Formula: I2
Atoms
  Index Symbol   x (angstrom)   y (angstrom)   z (angstrom)
      1      I     1.64039388     0.00000000     0.00000000
      2      I     4.38860612     0.00000000     0.00000000
 
Total System Charge             0.00000
 
 *** GOStep2 ***

 Energy gradients wrt nuclear displacements
 ==========================================

     Atom      Cartesian (a.u./angstrom)
                 X         Y         Z
 ----------------------------------------
     1 I    -0.020517 -0.000000  0.000000
     2 I     0.020517  0.000000 -0.000000
 ----------------------------------------
 Mulliken charges used for AMS results%charges...

 dE(predicted):    -0.27345E-03, dE(actual):    -0.48776E-03, Trust radius:    0.200000, all in a.u.
 
----------------------------------------------------------------------
Geometry Convergence after Step   2       (Hartree/Angstrom,Angstrom)
----------------------------------------------------------------------
current energy                               -0.08546093 Hartree
energy change                      -0.00048776     0.00002000    F
constrained gradient max            0.02051652     0.00100000    F
constrained gradient rms            0.01184522     0.00066667    F
gradient max                        0.02051652
gradient rms                        0.01184522
cart. step max                      0.03681516     0.01000000    F
cart. step rms                      0.02125524     0.00666667    F
 
 
--------
Geometry
--------
Formula: I2
Atoms
  Index Symbol   x (angstrom)   y (angstrom)   z (angstrom)
      1      I     1.67720904     0.00000000     0.00000000
      2      I     4.35179096     0.00000000     0.00000000
 
Total System Charge             0.00000
 
 *** GOStep3 ***

 Energy gradients wrt nuclear displacements
 ==========================================

     Atom      Cartesian (a.u./angstrom)
                 X         Y         Z
 ----------------------------------------
     1 I     0.004708 -0.000000 -0.000000
     2 I    -0.004708  0.000000  0.000000
 ----------------------------------------
 Mulliken charges used for AMS results%charges...

 dE(predicted):    -0.75532E-03, dE(actual):    -0.63010E-03, Trust radius:    0.200000, all in a.u.
 
----------------------------------------------------------------------
Geometry Convergence after Step   3       (Hartree/Angstrom,Angstrom)
----------------------------------------------------------------------
current energy                               -0.08609103 Hartree
energy change                      -0.00063010     0.00002000    F
constrained gradient max            0.00470837     0.00100000    F
constrained gradient rms            0.00271838     0.00066667    F
gradient max                        0.00470837
gradient rms                        0.00271838
cart. step max                      0.00687176     0.01000000    T
cart. step rms                      0.00396741     0.00666667    T
 
 
--------
Geometry
--------
Formula: I2
Atoms
  Index Symbol   x (angstrom)   y (angstrom)   z (angstrom)
      1      I     1.67033728     0.00000000     0.00000000
      2      I     4.35866272     0.00000000     0.00000000
 
Total System Charge             0.00000
 
 *** GOStep4 ***

 Energy gradients wrt nuclear displacements
 ==========================================

     Atom      Cartesian (a.u./angstrom)
                 X         Y         Z
 ----------------------------------------
     1 I    -0.000610  0.000000  0.000000
     2 I     0.000610 -0.000000 -0.000000
 ----------------------------------------
 Mulliken charges used for AMS results%charges...

 dE(predicted):    -0.32355E-04, dE(actual):    -0.27868E-04, Trust radius:    0.200000, all in a.u.
 
----------------------------------------------------------------------
Geometry Convergence after Step   4       (Hartree/Angstrom,Angstrom)
----------------------------------------------------------------------
current energy                               -0.08611890 Hartree
energy change                      -0.00002787     0.00002000    F
constrained gradient max            0.00061039     0.00100000    T
constrained gradient rms            0.00035241     0.00066667    T
gradient max                        0.00061039
gradient rms                        0.00035241
cart. step max                      0.00078861     0.01000000    T
cart. step rms                      0.00045530     0.00666667    T
 
 
--------
Geometry
--------
Formula: I2
Atoms
  Index Symbol   x (angstrom)   y (angstrom)   z (angstrom)
      1      I     1.67112589     0.00000000     0.00000000
      2      I     4.35787411     0.00000000     0.00000000
 
Total System Charge             0.00000
 
 *** GOStep5 ***

 Energy gradients wrt nuclear displacements
 ==========================================

     Atom      Cartesian (a.u./angstrom)
                 X         Y         Z
 ----------------------------------------
     1 I    -0.000015 -0.000000 -0.000000
     2 I     0.000015  0.000000  0.000000
 ----------------------------------------
 Mulliken charges used for AMS results%charges...
 
---------------------------------------------------------
Geometry Convergence after Step   5       ** CONVERGED **
---------------------------------------------------------
current energy                               -0.08611938 Hartree
energy change                      -0.00000049     0.00002000    T
constrained gradient max            0.00001539     0.00100000    T
constrained gradient rms            0.00000888     0.00066667    T
gradient max                        0.00001539
gradient rms                        0.00000888
cart. step max                      0.00002039     0.01000000    T
cart. step rms                      0.00001177     0.00666667    T
 
Geometry optimization converged

Optimized geometry:
 
--------
Geometry
--------
Formula: I2
Atoms
  Index Symbol   x (angstrom)   y (angstrom)   z (angstrom)
      1      I     1.67112589     0.00000000     0.00000000
      2      I     4.35787411     0.00000000     0.00000000
 
Total System Charge             0.00000
 
Performing a single point calculation on the final geometry ...

 *** adf ***



 ===========================
 A T T A C H E D   F I L E S
 ===========================
  
 Restart
 /scratch/3976/amstmp_10.achiral_catalyst.H_H_I2.Rcat_kid0.772042046/GOStep5.rkf
 *** GOStep5 ***



 ===============================
 M O D E L   P A R A M E T E R S
 ===============================
  
 DENSITY FUNCTIONAL POTENTIAL (scf)
    LDA:                               Exchange only                           == Not Default ==
    Gradient Corrections:              OPTX LYP                                == Not Default ==

 SPIN  (restricted / unrestr.)
    Molecule:                          Restricted                               
    Fragments:                         Restricted                               

 OTHER ASPECTS
    Relativistic Corrections:          scalar (ZORA,MAPA)                       

    Nuclear Charge Density Model:      Point Charge Nuclei                      
    Core Treatment:                    Frozen Orbital(s)                        

    Hyperfine or Zeeman Interaction:   ---                                      



 ===============
 G E O M E T R Y  ***  Linear Molecule  ***
 ===============
  

 ATOMS
 =====                            X Y Z                    CHARGE
                                (Angstrom)             Nucl     +Core       At.Mass
                       --------------------------    ----------------       -------
    1  I               1.6711    0.0000    0.0000     53.00     53.00      126.9045
    2  I               4.3579    0.0000    0.0000     53.00     53.00      126.9045


 FRAGMENTS
 =========                                     Atoms in this Fragment     Cart. coord.s (Angstrom)
                                               -------------------------------------------------------
    1  I                                                 1  I            1.6711    0.0000    0.0000
    2  I                                                 2  I            4.3579    0.0000    0.0000


 Interatomic Distance Matrix (Angstrom)
 --------------------------------------

   1)     0.000
   2)     2.687   0.000



 =====================================
 S Y M M E T R Y ,   E L E C T R O N S
 =====================================
  
 Symmetry: NOSYM

 Irreducible Representations, including subspecies
 -------------------------------------------------
 A


 Configuration of Valence Electrons
 ==================================
 ( determined in the SCF procedure )

 Total:   106

 Net Charge: 0 (Nuclei minus Electrons)

 Aufbau principle for MO occupations will be applied through SCF cycle no.      49
 Thereafter, the program will assign electrons to MOs that are spatially
 similar to the occupied MOs in a "reference" cycle ("KeepOrbitals").
 The reference cycle is always the PREVIOUS cycle: it will evolve with
 the SCF procedure.
1
 ***************************************************************************************************



                                      ****************************************
                                      *  B U I L D : (Fragments, Functions)  *
                                      ****************************************
  



 =======
 S F O s  ***  (Symmetrized Fragment Orbitals)  ***
 =======
  
 SFOs are linear combinations of (valence) Fragment Orbitals (FOs), such that the SFOs transform as the
 irreducible representations of the (molecular) symmetry group. Each SFO is therefore characterized by
 an irrep of the molecule and by a few (or only one) generating FOs.
 The SFOs constitute a symmetry-adapted basis for the Fock matrix. The MO eigenvector coefficients in
 this basis provide a direct interpretation of the MOs in terms of Frontier Orbital Theory.

 The SFOs are combined with auxiliary Core Functions (CFs) to ensure orthogonalization on the (frozen)
 Core Orbitals (COs). The Core-orthogonalized SFOs (CSFOs) constitute the true Fock basis.

 The FOs, and hence also the (C)SFOs are combinations of the elementary basis functions (BAS). The basis
 functions that participate in the description of the SFOs depend on the irrep. The indices of the
 involved functions are printed below for each irrep.
 (The complete list of primitive basis functions is printed in another section)

 Total nr. of (C)SFOs (summation over all irreps) :   168

 NOTE: a (C)SFO that is defined as a combination of more than one FO is usually NOT normalized.



                                       === A ===
 Nr. of SFOs :  168
 Cartesian basis functions that participate in this irrep (total number =   188) :
      1     2     3     4     5     6     7     8     9    10
     11    12    13    16    19    22    25    28    31    34
     37    40    14    17    20    23    26    29    32    35
     38    41    15    18    21    24    27    30    33    36
     39    42    43    49    55    61    67    73    79    44
     50    56    62    68    74    80    45    51    57    63
     69    75    81    46    52    58    64    70    76    82
     47    53    59    65    71    77    83    48    54    60
     66    72    78    84    85    86    87    88    89    90
     91    92    93    94    95    96    97    98    99   100
    101   102   103   104   105   106   107   110   113   116
    119   122   125   128   131   134   108   111   114   117
    120   123   126   129   132   135   109   112   115   118
    121   124   127   130   133   136   137   143   149   155
    161   167   173   138   144   150   156   162   168   174
    139   145   151   157   163   169   175   140   146   152
    158   164   170   176   141   147   153   159   165   171
    177   142   148   154   160   166   172   178   179   180
    181   182   183   184   185   186   187   188

    SFO  (index         Fragment          Generating    Expansion in Fragment Orbitals
  indx  incl.CFs)   Occup   Orb.Energy   FragmentType  Coeff.   Orbital     on Fragment
 --------------------------------------------------------------------------------------
     1       1      2.000   -1210.257 au  I             1.00      1 S               1
                        (  -32932.760 eV)
     2       2      2.000    -187.151 au  I             1.00      2 S               1
                        (   -5092.625 eV)
     3       3      2.000     -37.777 au  I             1.00      3 S               1
                        (   -1027.966 eV)
     4       4      2.000      -6.636 au  I             1.00      4 S               1
                        (    -180.568 eV)
     5       5      2.000      -0.634 au  I             1.00      5 S               1
                        (     -17.254 eV)
     6       6       --         0.116 au  I             1.00      6 S               1
                        (       3.143 eV)
     7       7       --         1.329 au  I             1.00      7 S               1
                        (      36.160 eV)
     8       8       --         7.444 au  I             1.00      8 S               1
                        (     202.568 eV)
     9       9       --        43.856 au  I             1.00      9 S               1
                        (    1193.380 eV)
    10      10       --       776.168 au  I             1.00     10 S               1
                        (   21120.618 eV)
    11      11       --      5073.100 au  I             1.00     11 S               1
                        (  138046.085 eV)
    12      12       --     23471.040 au  I             1.00     12 S               1
                        (  638679.486 eV)
    13      13      2.000    -167.999 au  I             1.00      1 P:x             1
                        (   -4571.476 eV)
    14      14      2.000     -31.608 au  I             1.00      2 P:x             1
                        (    -860.101 eV)
    15      15      2.000      -4.700 au  I             1.00      3 P:x             1
                        (    -127.880 eV)
    16      16      1.667      -0.255 au  I             1.00      4 P:x             1
                        (      -6.941 eV)
    17      17       --         0.083 au  I             1.00      5 P:x             1
                        (       2.255 eV)
    18      18       --         0.814 au  I             1.00      6 P:x             1
                        (      22.145 eV)
    19      19       --         4.846 au  I             1.00      7 P:x             1
                        (     131.873 eV)
    20      20       --        31.449 au  I             1.00      8 P:x             1
                        (     855.761 eV)
    21      21       --       298.374 au  I             1.00      9 P:x             1
                        (    8119.167 eV)
    22      22       --      3029.328 au  I             1.00     10 P:x             1
                        (   82432.204 eV)
    23      23      2.000    -167.999 au  I             1.00      1 P:y             1
                        (   -4571.476 eV)
    24      24      2.000     -31.608 au  I             1.00      2 P:y             1
                        (    -860.101 eV)
    25      25      2.000      -4.700 au  I             1.00      3 P:y             1
                        (    -127.880 eV)
    26      26      1.667      -0.255 au  I             1.00      4 P:y             1
                        (      -6.941 eV)
    27      27       --         0.083 au  I             1.00      5 P:y             1
                        (       2.255 eV)
    28      28       --         0.814 au  I             1.00      6 P:y             1
                        (      22.145 eV)
    29      29       --         4.846 au  I             1.00      7 P:y             1
                        (     131.873 eV)
    30      30       --        31.449 au  I             1.00      8 P:y             1
                        (     855.761 eV)
    31      31       --       298.374 au  I             1.00      9 P:y             1
                        (    8119.167 eV)
    32      32       --      3029.328 au  I             1.00     10 P:y             1
                        (   82432.204 eV)
    33      33      2.000    -167.999 au  I             1.00      1 P:z             1
                        (   -4571.476 eV)
    34      34      2.000     -31.608 au  I             1.00      2 P:z             1
                        (    -860.101 eV)
    35      35      2.000      -4.700 au  I             1.00      3 P:z             1
                        (    -127.880 eV)
    36      36      1.667      -0.255 au  I             1.00      4 P:z             1
                        (      -6.941 eV)
    37      37       --         0.083 au  I             1.00      5 P:z             1
                        (       2.255 eV)
    38      38       --         0.814 au  I             1.00      6 P:z             1
                        (      22.145 eV)
    39      39       --         4.846 au  I             1.00      7 P:z             1
                        (     131.873 eV)
    40      40       --        31.449 au  I             1.00      8 P:z             1
                        (     855.761 eV)
    41      41       --       298.374 au  I             1.00      9 P:z             1
                        (    8119.167 eV)
    42      42       --      3029.328 au  I             1.00     10 P:z             1
                        (   82432.204 eV)
    43      43      2.000     -22.333 au  I             1.00      1 D:z2            1
                        (    -607.718 eV)
    44      44      2.000      -1.861 au  I             1.00      2 D:z2            1
                        (     -50.645 eV)
    45      45       --         0.187 au  I             1.00      3 D:z2            1
                        (       5.084 eV)
    46      46       --         1.293 au  I             1.00      4 D:z2            1
                        (      35.180 eV)
    47      47       --         6.017 au  I             1.00      5 D:z2            1
                        (     163.726 eV)
    48      48       --        27.102 au  I             1.00      6 D:z2            1
                        (     737.479 eV)
    49      49       --       143.333 au  I             1.00      7 D:z2            1
                        (    3900.288 eV)
    50      50      2.000     -22.333 au  I             1.00      1 D:x2-y2         1
                        (    -607.718 eV)
    51      51      2.000      -1.861 au  I             1.00      2 D:x2-y2         1
                        (     -50.645 eV)
    52      52       --         0.187 au  I             1.00      3 D:x2-y2         1
                        (       5.084 eV)
    53      53       --         1.293 au  I             1.00      4 D:x2-y2         1
                        (      35.180 eV)
    54      54       --         6.017 au  I             1.00      5 D:x2-y2         1
                        (     163.726 eV)
    55      55       --        27.102 au  I             1.00      6 D:x2-y2         1
                        (     737.479 eV)
    56      56       --       143.333 au  I             1.00      7 D:x2-y2         1
                        (    3900.288 eV)
    57      57      2.000     -22.333 au  I             1.00      1 D:xy            1
                        (    -607.718 eV)
    58      58      2.000      -1.861 au  I             1.00      2 D:xy            1
                        (     -50.645 eV)
    59      59       --         0.187 au  I             1.00      3 D:xy            1
                        (       5.084 eV)
    60      60       --         1.293 au  I             1.00      4 D:xy            1
                        (      35.180 eV)
    61      61       --         6.017 au  I             1.00      5 D:xy            1
                        (     163.726 eV)
    62      62       --        27.102 au  I             1.00      6 D:xy            1
                        (     737.479 eV)
    63      63       --       143.333 au  I             1.00      7 D:xy            1
                        (    3900.288 eV)
    64      64      2.000     -22.333 au  I             1.00      1 D:xz            1
                        (    -607.718 eV)
    65      65      2.000      -1.861 au  I             1.00      2 D:xz            1
                        (     -50.645 eV)
    66      66       --         0.187 au  I             1.00      3 D:xz            1
                        (       5.084 eV)
    67      67       --         1.293 au  I             1.00      4 D:xz            1
                        (      35.180 eV)
    68      68       --         6.017 au  I             1.00      5 D:xz            1
                        (     163.726 eV)
    69      69       --        27.102 au  I             1.00      6 D:xz            1
                        (     737.479 eV)
    70      70       --       143.333 au  I             1.00      7 D:xz            1
                        (    3900.288 eV)
    71      71      2.000     -22.333 au  I             1.00      1 D:yz            1
                        (    -607.718 eV)
    72      72      2.000      -1.861 au  I             1.00      2 D:yz            1
                        (     -50.645 eV)
    73      73       --         0.187 au  I             1.00      3 D:yz            1
                        (       5.084 eV)
    74      74       --         1.293 au  I             1.00      4 D:yz            1
                        (      35.180 eV)
    75      75       --         6.017 au  I             1.00      5 D:yz            1
                        (     163.726 eV)
    76      76       --        27.102 au  I             1.00      6 D:yz            1
                        (     737.479 eV)
    77      77       --       143.333 au  I             1.00      7 D:yz            1
                        (    3900.288 eV)
    78      78       --         0.686 au  I             1.00      1 F:z3            1
                        (      18.680 eV)
    79      79       --         0.686 au  I             1.00      1 F:z             1
                        (      18.680 eV)
    80      80       --         0.686 au  I             1.00      1 F:xyz           1
                        (      18.680 eV)
    81      81       --         0.686 au  I             1.00      1 F:z2x           1
                        (      18.680 eV)
    82      82       --         0.686 au  I             1.00      1 F:z2y           1
                        (      18.680 eV)
    83      83       --         0.686 au  I             1.00      1 F:x             1
                        (      18.680 eV)
    84      84       --         0.686 au  I             1.00      1 F:y             1
                        (      18.680 eV)
    85      85      2.000   -1210.257 au  I             1.00      1 S               2
                        (  -32932.760 eV)
    86      86      2.000    -187.151 au  I             1.00      2 S               2
                        (   -5092.625 eV)
    87      87      2.000     -37.777 au  I             1.00      3 S               2
                        (   -1027.966 eV)
    88      88      2.000      -6.636 au  I             1.00      4 S               2
                        (    -180.568 eV)
    89      89      2.000      -0.634 au  I             1.00      5 S               2
                        (     -17.254 eV)
    90      90       --         0.116 au  I             1.00      6 S               2
                        (       3.143 eV)
    91      91       --         1.329 au  I             1.00      7 S               2
                        (      36.160 eV)
    92      92       --         7.444 au  I             1.00      8 S               2
                        (     202.568 eV)
    93      93       --        43.856 au  I             1.00      9 S               2
                        (    1193.380 eV)
    94      94       --       776.168 au  I             1.00     10 S               2
                        (   21120.618 eV)
    95      95       --      5073.100 au  I             1.00     11 S               2
                        (  138046.085 eV)
    96      96       --     23471.040 au  I             1.00     12 S               2
                        (  638679.486 eV)
    97      97      2.000    -167.999 au  I             1.00      1 P:x             2
                        (   -4571.476 eV)
    98      98      2.000     -31.608 au  I             1.00      2 P:x             2
                        (    -860.101 eV)
    99      99      2.000      -4.700 au  I             1.00      3 P:x             2
                        (    -127.880 eV)
   100     100      1.667      -0.255 au  I             1.00      4 P:x             2
                        (      -6.941 eV)
   101     101       --         0.083 au  I             1.00      5 P:x             2
                        (       2.255 eV)
   102     102       --         0.814 au  I             1.00      6 P:x             2
                        (      22.145 eV)
   103     103       --         4.846 au  I             1.00      7 P:x             2
                        (     131.873 eV)
   104     104       --        31.449 au  I             1.00      8 P:x             2
                        (     855.761 eV)
   105     105       --       298.374 au  I             1.00      9 P:x             2
                        (    8119.167 eV)
   106     106       --      3029.328 au  I             1.00     10 P:x             2
                        (   82432.204 eV)
   107     107      2.000    -167.999 au  I             1.00      1 P:y             2
                        (   -4571.476 eV)
   108     108      2.000     -31.608 au  I             1.00      2 P:y             2
                        (    -860.101 eV)
   109     109      2.000      -4.700 au  I             1.00      3 P:y             2
                        (    -127.880 eV)
   110     110      1.667      -0.255 au  I             1.00      4 P:y             2
                        (      -6.941 eV)
   111     111       --         0.083 au  I             1.00      5 P:y             2
                        (       2.255 eV)
   112     112       --         0.814 au  I             1.00      6 P:y             2
                        (      22.145 eV)
   113     113       --         4.846 au  I             1.00      7 P:y             2
                        (     131.873 eV)
   114     114       --        31.449 au  I             1.00      8 P:y             2
                        (     855.761 eV)
   115     115       --       298.374 au  I             1.00      9 P:y             2
                        (    8119.167 eV)
   116     116       --      3029.328 au  I             1.00     10 P:y             2
                        (   82432.204 eV)
   117     117      2.000    -167.999 au  I             1.00      1 P:z             2
                        (   -4571.476 eV)
   118     118      2.000     -31.608 au  I             1.00      2 P:z             2
                        (    -860.101 eV)
   119     119      2.000      -4.700 au  I             1.00      3 P:z             2
                        (    -127.880 eV)
   120     120      1.667      -0.255 au  I             1.00      4 P:z             2
                        (      -6.941 eV)
   121     121       --         0.083 au  I             1.00      5 P:z             2
                        (       2.255 eV)
   122     122       --         0.814 au  I             1.00      6 P:z             2
                        (      22.145 eV)
   123     123       --         4.846 au  I             1.00      7 P:z             2
                        (     131.873 eV)
   124     124       --        31.449 au  I             1.00      8 P:z             2
                        (     855.761 eV)
   125     125       --       298.374 au  I             1.00      9 P:z             2
                        (    8119.167 eV)
   126     126       --      3029.328 au  I             1.00     10 P:z             2
                        (   82432.204 eV)
   127     127      2.000     -22.333 au  I             1.00      1 D:z2            2
                        (    -607.718 eV)
   128     128      2.000      -1.861 au  I             1.00      2 D:z2            2
                        (     -50.645 eV)
   129     129       --         0.187 au  I             1.00      3 D:z2            2
                        (       5.084 eV)
   130     130       --         1.293 au  I             1.00      4 D:z2            2
                        (      35.180 eV)
   131     131       --         6.017 au  I             1.00      5 D:z2            2
                        (     163.726 eV)
   132     132       --        27.102 au  I             1.00      6 D:z2            2
                        (     737.479 eV)
   133     133       --       143.333 au  I             1.00      7 D:z2            2
                        (    3900.288 eV)
   134     134      2.000     -22.333 au  I             1.00      1 D:x2-y2         2
                        (    -607.718 eV)
   135     135      2.000      -1.861 au  I             1.00      2 D:x2-y2         2
                        (     -50.645 eV)
   136     136       --         0.187 au  I             1.00      3 D:x2-y2         2
                        (       5.084 eV)
   137     137       --         1.293 au  I             1.00      4 D:x2-y2         2
                        (      35.180 eV)
   138     138       --         6.017 au  I             1.00      5 D:x2-y2         2
                        (     163.726 eV)
   139     139       --        27.102 au  I             1.00      6 D:x2-y2         2
                        (     737.479 eV)
   140     140       --       143.333 au  I             1.00      7 D:x2-y2         2
                        (    3900.288 eV)
   141     141      2.000     -22.333 au  I             1.00      1 D:xy            2
                        (    -607.718 eV)
   142     142      2.000      -1.861 au  I             1.00      2 D:xy            2
                        (     -50.645 eV)
   143     143       --         0.187 au  I             1.00      3 D:xy            2
                        (       5.084 eV)
   144     144       --         1.293 au  I             1.00      4 D:xy            2
                        (      35.180 eV)
   145     145       --         6.017 au  I             1.00      5 D:xy            2
                        (     163.726 eV)
   146     146       --        27.102 au  I             1.00      6 D:xy            2
                        (     737.479 eV)
   147     147       --       143.333 au  I             1.00      7 D:xy            2
                        (    3900.288 eV)
   148     148      2.000     -22.333 au  I             1.00      1 D:xz            2
                        (    -607.718 eV)
   149     149      2.000      -1.861 au  I             1.00      2 D:xz            2
                        (     -50.645 eV)
   150     150       --         0.187 au  I             1.00      3 D:xz            2
                        (       5.084 eV)
   151     151       --         1.293 au  I             1.00      4 D:xz            2
                        (      35.180 eV)
   152     152       --         6.017 au  I             1.00      5 D:xz            2
                        (     163.726 eV)
   153     153       --        27.102 au  I             1.00      6 D:xz            2
                        (     737.479 eV)
   154     154       --       143.333 au  I             1.00      7 D:xz            2
                        (    3900.288 eV)
   155     155      2.000     -22.333 au  I             1.00      1 D:yz            2
                        (    -607.718 eV)
   156     156      2.000      -1.861 au  I             1.00      2 D:yz            2
                        (     -50.645 eV)
   157     157       --         0.187 au  I             1.00      3 D:yz            2
                        (       5.084 eV)
   158     158       --         1.293 au  I             1.00      4 D:yz            2
                        (      35.180 eV)
   159     159       --         6.017 au  I             1.00      5 D:yz            2
                        (     163.726 eV)
   160     160       --        27.102 au  I             1.00      6 D:yz            2
                        (     737.479 eV)
   161     161       --       143.333 au  I             1.00      7 D:yz            2
                        (    3900.288 eV)
   162     162       --         0.686 au  I             1.00      1 F:z3            2
                        (      18.680 eV)
   163     163       --         0.686 au  I             1.00      1 F:z             2
                        (      18.680 eV)
   164     164       --         0.686 au  I             1.00      1 F:xyz           2
                        (      18.680 eV)
   165     165       --         0.686 au  I             1.00      1 F:z2x           2
                        (      18.680 eV)
   166     166       --         0.686 au  I             1.00      1 F:z2y           2
                        (      18.680 eV)
   167     167       --         0.686 au  I             1.00      1 F:x             2
                        (      18.680 eV)
   168     168       --         0.686 au  I             1.00      1 F:y             2
                        (      18.680 eV)



 ================================
 (Slater-type)  F U N C T I O N S  ***  (Basis and Fit)  ***
 ================================
  

 Atom Type    1  (I)
 ==============

 Valence Basis Sets:  30
 -----------------------
   1 S  381.000000
   1 S   95.600000
   1 S   53.900000
   2 S   61.350000
   2 S   23.200000
   3 S   12.250000
   3 S    8.500000
   4 S    8.550000
   4 S    5.450000
   5 S    3.800000
   5 S    2.500000
   5 S    1.690000
   2 P   95.600000
   2 P   35.200000
   2 P   22.300000
   3 P   13.200000
   3 P    9.900000
   4 P    7.000000
   4 P    4.600000
   5 P    3.100000
   5 P    1.900000
   5 P    1.190000
   3 D   21.700000
   3 D   13.150000
   3 D    9.000000
   4 D    6.800000
   4 D    4.350000
   4 D    2.850000
   5 D    1.900000
   4 F    2.000000


 BAS: List of all Elementary Cartesian Basis Functions
 =====================================================

 The numbering in the list below (to the right of the function characteristics) is referred
 to in print-outs of MO eigenvectors and Mulliken populations in the BAS representation
 (as contrasted to the SFO representation).

 Notes:
 1. The functions are characterized by a polynomial prefactor (powers of x,y,z and r) and
    an exponential decay factor alpha.
 2. Since the basis sets are specific for an atom TYPE, the individual functions occur on
    all atoms of that type.
 3. The word 'Core' in the left margin signals that it is a Core Function (CF) : not a
    degree of freedom in the valence set, but only used to ensure orthogonalization of
    the other valence basis functions on the frozen Core Orbitals.


 (power of) X  Y  Z  R     Alpha  on Atom
            ==========     =====     ==========

 I                                    1    2
                                  ---------------------------------------------------------------------------
            0  0  0  0   381.000      1   95
            0  0  0  0    95.600      2   96
            0  0  0  0    53.900      3   97
            0  0  0  1    61.350      4   98
            0  0  0  1    23.200      5   99
            0  0  0  2    12.250      6  100
            0  0  0  2     8.500      7  101
            0  0  0  3     8.550      8  102
            0  0  0  3     5.450      9  103
            0  0  0  4     3.800     10  104
            0  0  0  4     2.500     11  105
            0  0  0  4     1.690     12  106
            1  0  0  0    95.600     13  107
            0  1  0  0    95.600     14  108
            0  0  1  0    95.600     15  109
            1  0  0  0    35.200     16  110
            0  1  0  0    35.200     17  111
            0  0  1  0    35.200     18  112
            1  0  0  0    22.300     19  113
            0  1  0  0    22.300     20  114
            0  0  1  0    22.300     21  115
            1  0  0  1    13.200     22  116
            0  1  0  1    13.200     23  117
            0  0  1  1    13.200     24  118
            1  0  0  1     9.900     25  119
            0  1  0  1     9.900     26  120
            0  0  1  1     9.900     27  121
            1  0  0  2     7.000     28  122
            0  1  0  2     7.000     29  123
            0  0  1  2     7.000     30  124
            1  0  0  2     4.600     31  125
            0  1  0  2     4.600     32  126
            0  0  1  2     4.600     33  127
            1  0  0  3     3.100     34  128
            0  1  0  3     3.100     35  129
            0  0  1  3     3.100     36  130
            1  0  0  3     1.900     37  131
            0  1  0  3     1.900     38  132
            0  0  1  3     1.900     39  133
            1  0  0  3     1.190     40  134
            0  1  0  3     1.190     41  135
            0  0  1  3     1.190     42  136
            2  0  0  0    21.700     43  137
            1  1  0  0    21.700     44  138
            1  0  1  0    21.700     45  139
            0  2  0  0    21.700     46  140
            0  1  1  0    21.700     47  141
            0  0  2  0    21.700     48  142
            2  0  0  0    13.150     49  143
            1  1  0  0    13.150     50  144
            1  0  1  0    13.150     51  145
            0  2  0  0    13.150     52  146
            0  1  1  0    13.150     53  147
            0  0  2  0    13.150     54  148
            2  0  0  0     9.000     55  149
            1  1  0  0     9.000     56  150
            1  0  1  0     9.000     57  151
            0  2  0  0     9.000     58  152
            0  1  1  0     9.000     59  153
            0  0  2  0     9.000     60  154
            2  0  0  1     6.800     61  155
            1  1  0  1     6.800     62  156
            1  0  1  1     6.800     63  157
            0  2  0  1     6.800     64  158
            0  1  1  1     6.800     65  159
            0  0  2  1     6.800     66  160
            2  0  0  1     4.350     67  161
            1  1  0  1     4.350     68  162
            1  0  1  1     4.350     69  163
            0  2  0  1     4.350     70  164
            0  1  1  1     4.350     71  165
            0  0  2  1     4.350     72  166
            2  0  0  1     2.850     73  167
            1  1  0  1     2.850     74  168
            1  0  1  1     2.850     75  169
            0  2  0  1     2.850     76  170
            0  1  1  1     2.850     77  171
            0  0  2  1     2.850     78  172
            2  0  0  2     1.900     79  173
            1  1  0  2     1.900     80  174
            1  0  1  2     1.900     81  175
            0  2  0  2     1.900     82  176
            0  1  1  2     1.900     83  177
            0  0  2  2     1.900     84  178
            3  0  0  0     2.000     85  179
            2  1  0  0     2.000     86  180
            2  0  1  0     2.000     87  181
            1  2  0  0     2.000     88  182
            1  1  1  0     2.000     89  183
            1  0  2  0     2.000     90  184
            0  3  0  0     2.000     91  185
            0  2  1  0     2.000     92  186
            0  1  2  0     2.000     93  187
            0  0  3  0     2.000     94  188

 Total number of charge fitting functions (nprimf)       554
 Total number of Cartesian basis functions (naos)        188
 Total number of Cartesian core functions  (ncos)          0

1
 ***************************************************************************************************



                                              ***********************
                                              *  T E C H N I C A L  *
                                              ***********************
  



 =============================================================
 P A R A L L E L I Z A T I O N  and  V E C T O R I Z A T I O N
 =============================================================
  
 Nr of parallel processes:                                4
 Maximum vector length in NumInt loops:                 128



 =====================
 S C F   U P D A T E S
 =====================
  
 Max. nr. of cycles:                                99
 Convergence criterion:                              0.0000010000
   secondary criterion:                              0.0010000000

 Mix parameter (when DIIS does not apply):           0.2000000000
 Mixed ADIIS+SDIIS will be used                  
    Max number of expansion vectors:                10
    Pure ADIIS when Max([F,P]) is above              0.1000000000
    Pure SDIIS when Max([F,P]) is below              0.0010000000
 Automatic ElectronSmearing (in case of problematic SCF convergence) disabled



 =================
 P R E C I S I O N  ***  (General: NumInt, NeglectFunctionTails, ...)  ***
 =================
  

 NumInt:           Target precision:                 8.0000000000
 -------           Initial precision:                8.0000000000
                   Min. precision (optimization):    8.0000000000

 Neglect Functions:          Basis functions:        0.1000000000E-09
 ------------------          Fit functions:          0.1000000000E-09



 ===========================
 L I N E A R   S C A L I N G
 ===========================
  

 Cut-off radii density fit:                        0.1000000000E-11
 Overlap cut-off criterion AO matrix elements:     0.1000000000E-09
 Cut-offs for Coulomb potential and fitted density:0.1000000000E-11
 Cut-off criterion for Coulomb multipole terms:    0.1000000000E-11
 Progressive Convergence parameter:                 0.000000000    

 Number of elements of the density matrix on this node (used, total):      4465     17766



 ===========================================
 Numerical Integration : Fuzzy Cells (Becke)
 ===========================================
  
 Becke grid quality: VERYGOOD       
  
 Lebedev angular grid order:             min:  13 max:  41
 Nr. of radial points:                   min: 175 max: 175

 Total nr. of points:     123332
 Nr. of blocks:              964
 Block length:               128
 Nr. of dummy points:         60


 Test of Precision of the Numerical Integration Grid
 ===================================================

 Integral of the Total Core Density:                   0.00000000000000



 ========================
 Density Fitting (zlmFit)
 ========================
  
 ZlmFit Fit Quality: VERYGOOD       
  
 Max L-expansion:                        min:  11 max:  11
 Nr. of radial interpolation points:     min: 420 max: 420



 =====
 S C F  ***  ScaSCF  ***
 =====
  
 Initial density matrix is taken from previous geometry

 CYCLE    1
  ***********************************************************
  ** : orbital data taken from :/scratch/3976/amstmp_10.achiral_catalyst.H_H_I2.Rcat_kid0.772042046/GOStep5.rkf
  ***********************************************************
 SCF Error: norm([F,P])=      0.000000394077, max([F,P])=      0.000000153090
 orbitals (Q,E):
 ---------------
 A :44...63          ( 2.00    -1.8545)  ( 2.00    -1.8544)  ( 2.00    -1.8544)  ( 2.00    -0.6858)
                     ( 2.00    -0.6068)  ( 2.00    -0.3470)  ( 2.00    -0.2819)  ( 2.00    -0.2819)
                     ( 2.00    -0.2253)  ( 2.00    -0.2253)  ( 0.00    -0.1585)  ( 0.00     0.0499)
                     ( 0.00     0.0637)  ( 0.00     0.0761)  ( 0.00     0.0761)  ( 0.00     0.0986)
                     ( 0.00     0.1094)  ( 0.00     0.1094)  ( 0.00     0.1234)  ( 0.00     0.1234)

 CYCLE    2
   MIX coefficients:  0.8000  0.2000
 SCF Error: norm([F,P])=      0.000000825926, max([F,P])=      0.000000370304
 orbitals (Q,E):
 ---------------
 A :44...54          ( 2.00    -1.8545)  ( 2.00    -1.8544)  ( 2.00    -1.8544)  ( 2.00    -0.6858)
                     ( 2.00    -0.6068)  ( 2.00    -0.3470)  ( 2.00    -0.2819)  ( 2.00    -0.2819)
                     ( 2.00    -0.2253)  ( 2.00    -0.2253)  ( 0.00    -0.1585)

 SCF CONVERGED

 CYCLE    3
1
 ***************************************************************************************************



                                                *******************
                                                *  R E S U L T S  *
                                                *******************
  
 *** Using FIT density in Focky
  SDIIS (wt  0.000): -0.5130  1.5130
 A-DIIS (wt  1.000):  0.0000  1.0000
  DIIS coefficients:  0.0000  1.0000
 SCF Error: norm([F,P])=      0.000000297707, max([F,P])=      0.000000117105

 Scaled ZORA Orbital Energies, per Irrep and Spin:
 =================================================
                        Occup              E (au)              E (eV)       Diff (eV) with prev. cycle
                        -----      --------------------        ------       --------------------------
 A
              44        2.000     -0.18545250438438E+01       -50.464              -1.92E-06
              45        2.000     -0.18544338473767E+01       -50.462              -1.92E-06
              46        2.000     -0.18544288562309E+01       -50.462              -1.92E-06
              47        2.000     -0.68578797227424E+00       -18.661              -9.64E-07
              48        2.000     -0.60675666614584E+00       -16.511              -9.54E-07
              49        2.000     -0.34700363922812E+00        -9.442              -8.22E-07
              50        2.000     -0.28190919375878E+00        -7.671              -7.22E-07
              51        2.000     -0.28190919375494E+00        -7.671              -7.22E-07
              52        2.000     -0.22525978410280E+00        -6.130              -7.31E-07
              53        2.000     -0.22525978409823E+00        -6.130              -7.31E-07
              54        0.000     -0.15848872297232E+00        -4.313
              55        0.000      0.49906085168186E-01         1.358
              56        0.000      0.63689425456792E-01         1.733
              57        0.000      0.76135859265860E-01         2.072
              58        0.000      0.76135859346205E-01         2.072
              59        0.000      0.98550269950199E-01         2.682
              60        0.000      0.10941356021750E+00         2.977
              61        0.000      0.10941356050363E+00         2.977
              62        0.000      0.12336544227838E+00         3.357
              63        0.000      0.12336544228040E+00         3.357
  
 HOMO :       53 A                -0.22525978409823E+00
 LUMO :       54 A                -0.15848872297232E+00
  


 All Electron Calculation, thus no Orbital Energies of the Core Orbitals are calculated


 Fit test: (difference of exact and fit density, squared integrated, result summed over spins)
         Sum-of-Fragments:                             0.00000135024587
         Orthogonalized Fragments:                     0.00000139234216
         SCF:                                          0.00000188644897



 ==========================
 Electron Density at Nuclei
 ==========================
  
 The electron density is calculated at points on a small sphere around the center of a nucleus.
 The printed electron density is the average electron density on these points.
 The radius of the sphere is the printed approximate finite nuclear radius.
 Note: ZORA-4 density is used, which includes small component density

         Atom        Nuclear Radius (Angstrom)             Electron Density (a.u.)
         ----        -------------------------             -----------------------
     1)   I                 0.0000616085                           190961.12118
     2)   I                 0.0000616085                           190961.12079



 =======================================
 M U L L I K E N   P O P U L A T I O N S
 =======================================
  
 The survey below gives for each atom:
 a) the total charge (Z minus electrons)
 b) the net spin polarization (nr of electrons spin-A minus spin-B)
 c) for each spin the atomic electron valence density (integrated) per L-value.

 Atom              Charge    Spin density          S         P         D         F
 ----              ------    ------------       ------    ------    ------    ------
 1 I              -0.0000                       9.9631   22.9497   20.0706    0.0166
 2 I               0.0000                       9.9631   22.9497   20.0706    0.0166

 Populations of individual BAS functions
 ----------------------------------------
 1 I            0.0077  0.2028  1.8621 -0.1644  2.0859  1.6140 -0.1063  1.5149  1.0008  0.7582
                1.0872  0.1002  0.0058  0.0058  0.0058  0.4017  0.4019  0.4019  1.5761  1.5754
                1.5754  1.3381  1.3410  1.3410  0.6510  0.6467  0.6467  1.3165  1.3495  1.3495
                0.7304  0.7143  0.7143  0.4403  0.8307  0.8307  0.5234  0.9794  0.9794  0.0204
                0.1283  0.1283  0.1406  0.2111  0.2111  0.1408  0.2111  0.1408  0.8077  1.2103
                1.2103  0.8065  1.2105  0.8065  0.3960  0.5956  0.5956  0.3975  0.5950  0.3975
                0.5225  0.7851  0.7851  0.5246  0.7882  0.5246  0.6784  1.0231  1.0231  0.6837
                1.0208  0.6837  0.1359  0.1755  0.1755  0.1072  0.1737  0.1072  0.0269  0.0216
                0.0216 -0.0011  0.0007 -0.0011  0.0415  0.0258  0.0258 -0.0173  0.0000 -0.0173
               -0.0157 -0.0052 -0.0052 -0.0157
 2 I            0.0077  0.2028  1.8621 -0.1644  2.0859  1.6140 -0.1063  1.5149  1.0008  0.7582
                1.0872  0.1002  0.0058  0.0058  0.0058  0.4017  0.4019  0.4019  1.5761  1.5754
                1.5754  1.3381  1.3410  1.3410  0.6510  0.6467  0.6467  1.3165  1.3495  1.3495
                0.7304  0.7143  0.7143  0.4403  0.8307  0.8307  0.5234  0.9794  0.9794  0.0204
                0.1283  0.1283  0.1406  0.2111  0.2111  0.1408  0.2111  0.1408  0.8077  1.2103
                1.2103  0.8065  1.2105  0.8065  0.3960  0.5956  0.5956  0.3975  0.5950  0.3975
                0.5225  0.7851  0.7851  0.5246  0.7882  0.5246  0.6784  1.0231  1.0231  0.6837
                1.0208  0.6837  0.1359  0.1755  0.1755  0.1072  0.1737  0.1072  0.0269  0.0216
                0.0216 -0.0011  0.0007 -0.0011  0.0415  0.0258  0.0258 -0.0173  0.0000 -0.0173
               -0.0157 -0.0052 -0.0052 -0.0157

 Gross Charges per Atom (Z minus electrons)
 ==========================================
            -0.0000    0.0000
 Net Total: -0.00000000


 Atom-Atom Population Matrix (off-diagonal elements not doubled)
 ===============================================================

     1 :    52.8101
     2 :     0.1899   52.8101



 =================================================
 H I R S H F E L D   C H A R G E   A N A L Y S I S
 =================================================
  
 For each fragment: the (numerical) integral of rho(scf) * rho(fragment)/rho(sum-of-fragments)
 (nuclear charges are included, electrons are counted negative)

 The fragments and their ordering are defined in the early G E O M E T R Y output section.
 If you use single-atom fragments, this usually implies that all atoms of the same
 chemical type are grouped together. This may not be the order in which you listed them
 in the input file!

    1  I                        -0.0000
    2  I                         0.0000

 Sum of these charges (accuracy NumInt/Tails) =          -0.00000020



 =============================
 V O R O N O I   C H A R G E S
 =============================
  
 For each atom: the (numerical) integral of the total electronic charge density in its Voronoi cell,
 i.e. the region of space that is closer to that atom than to any other atom.
 (cf. Wigner-Seitz cells in crystals)

 Within the Voronoi cell the subintegrals over the atomic sphere and the remaining part are evaluated
 separately to give the numbers of electrons (negative charge) in these regions.
 The net total charge in the cell (including the nuclear charge) is also given.

 Values are provided for
    a) the Initial (sum-of-fragments) density
    b) the Orthogonalized-Fragments density
    c) the SCF density
    d) the Voronoi Deformation Density (VDD): the difference SCF-Initial for the complete atomic cell


  Atom                Initial                    OrthFrag                   SCF
             Sphere RestCell NetTotal   Sphere RestCell NetTotal   Sphere RestCell NetTotal      VDD
 -----       ------------------------   ------------------------   ------------------------    -----
    1 I     -45.492   -7.508   -0.000  -45.519   -7.481   -0.000  -45.486   -7.514   -0.000   -0.000
    2 I     -45.492   -7.508   -0.000  -45.519   -7.481   -0.000  -45.486   -7.514    0.000    0.000
 ---------------------------------------------------------------------------------------------------
 Total NetCharge:              -0.000                     -0.000                     -0.000    0.000
 (accuracy NumInt/Tails)

 Remark: the 'NetTotal' Voronoi charges often do not match the Mulliken and/or Hirshfeld charges very
 well. This is caused by the fact that chemically different atoms are not treated in accordance with
 their relative sizes. (Voronoi cells are defined by boundary planes halfway between the atoms.)
 However, the CHANGES in charge, comparing 'Initial' to 'SCF' for instance, do give a fair indication
 of the flow of charge caused by the relaxation from sum-of-fragments to self-consistency.

 Warning: the absolute accuracy of the VDD charges obtained using the Fuzzy Cells (Becke) integration
 scheme is much poorer than the one obtained with an 'equivalent' Voronoi integration grid. 



 =================================================================
 M U L T I P O L E   D E R I V E D   C H A R G E   A N A L Y S I S
 =================================================================

 This charge analysis uses the atomic multipoles (obtained from the fitted density) up to some level X,
 and reconstructs these multipoles exactly (up to level X) by distributing charges over all atoms.
 This is achieved by using Lagrange multipliers and a weight function to keep the multipoles local.

 Dummy atoms can be included (by setting INCDUM in MDC-block to 1) to obtain a fractional charge.
 This is generally useful and necessary only for small symmetrical molecules, when there are not
 enough degrees of freedom to reconstruct the multipoles.

 Since the atomic multipoles are reconstructed up to level X,
 the molecular multipoles are represented also up to level X.
 The recommended level is to reconstruct up to quadrupole : -> MDC-q charges.

 See: M. Swart, P.Th. van Duijnen, J.G. Snijders, J.Comput.Chem., (2001), p. 79-88.

 ------------------------------------------------------------- 
 Atomic electronic multipole moments from SCF equations (a.u.)
 ------------------------------------------------------------- 

   atom        charge        dip-x     dip-y     dip-z      quad-xx   quad-xy   quad-xz   quad-yy   quad-yz   quad-zz
 --------------------------------------------------------------------------------------------------------------------
    1 I     -0.000000     0.029957  0.000000  0.000000     2.860713 -0.000000 -0.000000 -1.430357  0.000000 -1.430356
    2 I      0.000000    -0.029957  0.000000 -0.000000     2.860715 -0.000000 -0.000000 -1.430358 -0.000000 -1.430357

 --------------------------------------- 
 Multipole derived atomic charges (a.u.)
 --------------------------------------- 

 The MDC-m charges are just the Monopole terms in the multipole expansion, while for the MDC-d charges
 also the Dipoles are reconstructed. The usually preferred charges are the MDC-q charges.
 These reconstruct the Monopoles, Dipoles and Quadrupoles (both atomic AND molecular).

        Atom    Level:     MDC-m        MDC-d        MDC-q
 ---------------------------------------------------------
     1     I           -0.000000    -0.000001    -0.000000
     2     I            0.000000     0.000001     0.000000

 ------------------------------------------------ 
 Average absolute deviations in atomic multipoles
 ------------------------------------------------ 

 Stated here are the average differences between the atomic multipoles
 and the reconstructed atomic multipoles (from the distributed charges).
 If these values are not zero, this means there are not enough degrees of freedom,
 to be able to reconstruct the atomic multipoles. (This usually happens only
 for small and/or highly symmetric molecules). If this is the case, one could add
 dummy atoms as extra point charges (and setting INCDUM in MDC-block to 1).

 Level:                                 MDC-d        MDC-q
 ---------------------------------------------------------
 Charge   (a.u.)                       0.0000       0.0000
 Dipole   (Debye)                      0.0000       0.4406
 Quad.    (a.u.)                       0.9029       0.0228

 --------------------------------------- 
 Represented molecular multipole moments
 --------------------------------------- 

 Given here are the Molecular multipole moments from the atomic charges, and from the Fit Density.
 Note that the atomic charges represent the latter, NOT the ones from the Exact density.

            Q (a.u.)             Dipole moment (Debye)                                          Quadrupole moment (a.u.)
                                 x         y         z              xx        xy        xz        yy        yz        zz
------------------------------------------------------------------------------------------------------------------------
MDC-m         0.0000        0.0000    0.0000    0.0000          0.0000    0.0000    0.0000   -0.0000    0.0000   -0.0000
MDC-d        -0.0000        0.0000    0.0000    0.0000          0.0000    0.0000    0.0000   -0.0000    0.0000   -0.0000
MDC-q         0.0000        0.0000    0.0000    0.0000          0.0000    0.0000    0.0000   -0.0000    0.0000   -0.0000
 
Fit.Dens.     0.0000        0.0000    0.0000    0.0000          5.4173    0.0000    0.0000   -2.7086    0.0000   -2.7086



 =============
 Dipole Moment  ***  (Debye)  ***
 =============
  
 Vector   :         0.00000799      0.00000000      0.00000000
 Magnitude:         0.00000799

 This molecular dipole moment is calculated with analytic integration



 =========================================
 Quadrupole Moment (Buckingham convention)  ***  (a.u.)  ***
 =========================================
  
      quad-xx        quad-xy        quad-xz        quad-yy        quad-yz        quad-zz
      5.41726954     0.00000000     0.00000000    -2.70863477     0.00000000    -2.70863477

 This molecular quadrupole moment is calculated with analytic integration
1



 ===========================
 B O N D I N G   E N E R G Y  ***  (decomposition)  ***
 ===========================
  
*** IMPORTANT NOTE ***

The bond energy is computed as an energy difference between molecule and
fragments. In particular when the fragments are single atoms, they are usually
computed as SPHERICALLY SYMMETRIC and SPIN-RESTRICTED. Obviously, this usually
does NOT represent the true atomic groundstate.

To obtain the 'real' bond energy, (atomic) correction terms must be applied
for the true (multiplet) fragment ground state. See ref: E.J.Baerends,
V.Branchadell, M.Sodupe, Chem.Phys.Lett.265 (1997) 481

General theoretical background on the bond energy decomposition scheme used
here (Morokuma-Ziegler) can be found in the review paper:
F.M. Bickelhaupt and E.J. Baerends,
"Kohn-Sham Density Functional Theory: Predicting and Understanding Chemistry"
In: Rev. Comput. Chem.; Lipkowitz, K. B. and Boyd, D. B., Eds.;
Wiley-VCH: New York, 2000, Vol. 15, 1-86.

Symbols used in the Bickelhaupt-Baerends (BB) paper are given below to make
the direct connection to that paper, where detailed explanations can be found
on the meaning of the various terms.


                                                   hartree              eV         kcal/mol           kJ/mol
                                      --------------------     -----------       ----------      -----------

Pauli Repulsion
  Kinetic (Delta T^0):                   2.104062638373278         57.2545          1320.32          5524.22
  Delta V^Pauli Coulomb:                -1.616561689200772        -43.9889         -1014.41         -4244.28
  Delta V^Pauli LDA-XC:                 -0.190341837460060         -5.1795          -119.44          -499.74
  Delta V^Pauli GGA-Exchange:            0.027557111075112          0.7499            17.29            72.35
  Delta V^Pauli GGA-Correlation:        -0.017383572749119         -0.4730           -10.91           -45.64
                                      --------------------     -----------       ----------      -----------
  Total Pauli Repulsion:                 0.307332650038440          8.3629           192.85           806.90
 (Total Pauli Repulsion =
  Delta E^Pauli in BB paper)

Steric Interaction
  Pauli Repulsion (Delta E^Pauli):       0.307332650038440          8.3629           192.85           806.90
  Electrostatic Interaction:            -0.135064628672631         -3.6753           -84.75          -354.61
 (Electrostatic Interaction =
  Delta V_elstat in the BB paper)
                                      --------------------     -----------       ----------      -----------
  Total Steric Interaction:              0.172268021365808          4.6877           108.10           452.29
 (Total Steric Interaction =
  Delta E^0 in the BB paper)

Orbital Interactions
  A:                                    -0.258387399966913         -7.0311          -162.14          -678.40
                                      --------------------     -----------       ----------      -----------
  Total Orbital Interactions:           -0.258387399966913         -7.0311          -162.14          -678.40

Alternative Decomposition Orb.Int.
  Kinetic:                              -2.049271183553832        -55.7635         -1285.94         -5380.36
  Coulomb:                               1.702423306550160         46.3253          1068.29          4469.71
  XC:                                    0.088460477036759          2.4071            55.51           232.25
                                      --------------------     -----------       ----------      -----------
  Total Orbital Interactions:           -0.258387399966913         -7.0311          -162.14          -678.40

  Residu (E=Steric+OrbInt+Res):         -0.000000006143017         -0.0000            -0.00            -0.00

Total Bonding Energy:                   -0.086119384744122         -2.3434           -54.04          -226.11


Summary of Bonding Energy (energy terms are taken from the energy decomposition above)
======================================================================================

  Electrostatic Energy:                 -0.135064628672631         -3.6753           -84.75          -354.61
  Kinetic Energy:                        0.054791454819446          1.4910            34.38           143.85
  Coulomb (Steric+OrbInt) Energy:        0.085861611206372          2.3364            53.88           225.43
  XC Energy:                            -0.091707822097308         -2.4955           -57.55          -240.78
                                      --------------------     -----------       ----------      -----------
  Total Bonding Energy:                 -0.086119384744122         -2.3434           -54.04          -226.11


Correction terms (incorporated in energies above; only for test purposes):

1. Indication of fit-quality: 1st-order fit-correction used in the energy (hartree):  -0.0000002182
2. Electrostatic (Fit correction):   0.0000000000

Scaled ZORA energy correction, not included in bonding energy (hartree):           -0.0000393622
 NOTE: This scaled ZORA energy correction should only be used to compare two calculations
 in which the only difference in the calculation is the electron configuration.
 Then the difference in energy of this term should be added to the difference in energy of
 the two electron configurations.
 This term should not be used otherwise.
 In practice it is useful only for core excitation energy calculations.



 =========================================
 F R A G M E N T   E N E R G Y   T E R M S  ***  (summed over all fragments)  ***
 =========================================
  

The energy terms below are (parts of) the Total Energy of the fragments from which the molecule
 is built.

Exchange and Correlation
  Exchange LDA:                       -342.694241849144305      -9325.1848       -215043.91       -899743.60
  Exchange GGA:                        -22.078019493392034       -600.7735        -13854.17        -57965.83
  Correlation LDA:                       0.000000000000000          0.0000             0.00             0.00
  Correlation GGA:                      -5.389474706986827       -146.6551         -3381.95        -14150.06
                                      --------------------     -----------       ----------      -----------
  Total XC:                           -370.161736049523199     -10072.6133       -232280.02       -971859.50
1



 =======================================================
 S F O   P O P U L A T I O N S ,   M O   A N A L Y S I S
 =======================================================
  
 A Mulliken population analysis is performed on (input-)selected MOs. All populations refer to SFOs.
 BAS populations may have been printed directly after the SCF part.


                                       === A ===


 SFO contributions (%) per orbital
 (multiplication by the orbital occupation yields the SFO Gross Populations)

 Orb.:       44     45     46     47     48     49     50     51     52     53     54     55     56     57
 occup:     2.00   2.00   2.00   2.00   2.00   2.00   2.00   2.00   2.00   2.00   0.00   0.00   0.00   0.00
 CF+SFO     ----   ----   ----   ----   ----   ----   ----   ----   ----   ----   ----   ----   ----   ----
 ------
      5:   -0.00  -0.00  -0.00  47.54  48.27   2.36   0.00   0.00   0.00   0.00   1.27  -0.38  -0.42   0.00
      6:   -0.00  -0.00   0.00  -0.06   0.17  -0.11  -0.00   0.00  -0.00  -0.00  -1.69 -11.33  -0.60   0.00
     16:   -0.00  -0.00  -0.00   2.23   1.32  46.51   0.00   0.00   0.00   0.00  49.25  -1.90   1.38  -0.00
     17:    0.00   0.00  -0.00  -0.35   0.07   0.63  -0.00  -0.00  -0.00  -0.00  -0.81  61.90  37.61   0.00
     26:    0.00  -0.00   0.00   0.00   0.00   0.00   0.00  49.28   0.00  49.84   0.00   0.00  -0.00  -0.18
     27:    0.00   0.00   0.00   0.00   0.00   0.00   0.00  -0.20   0.00  -0.27   0.00   0.00   0.00  46.51
     36:    0.00  -0.00   0.00   0.00  -0.00   0.00  49.28   0.00  49.84   0.00   0.00   0.00  -0.00   0.00
     44:    0.00  37.44   0.00   0.00  -0.00   0.00  -0.00   0.00   0.00   0.00  -0.00  -0.00   0.00  -0.00
     45:   -0.00   0.00   0.00   0.16   0.03   0.16  -0.00   0.00   0.00  -0.00   0.66   0.32   2.94   0.00
     51:    0.00  12.48   0.00   0.01  -0.00   0.00   0.00   0.00   0.00   0.00  -0.00  -0.00   0.00  -0.00
     52:   -0.00   0.00   0.00   0.48   0.10   0.48   0.00   0.00   0.00  -0.00   1.97   0.96   8.83   0.00
     59:    0.00   0.00   0.00   0.00   0.00  -0.00   0.00   0.76   0.00   0.46   0.00   0.00   0.00   3.23
     72:   50.08   0.00  49.92   0.00   0.00   0.00   0.00   0.00   0.00   0.00   0.00   0.00   0.00   0.00
     89:    0.00  -0.00  -0.00  47.54  48.27   2.36   0.00   0.00   0.00   0.00   1.27  -0.38  -0.42  -0.00
     90:    0.00  -0.00   0.00  -0.06   0.17  -0.11  -0.00  -0.00  -0.00  -0.00  -1.69 -11.33  -0.60   0.00
    100:    0.00  -0.00  -0.00   2.23   1.32  46.51   0.00  -0.00   0.00  -0.00  49.25  -1.90   1.38   0.00
    101:   -0.00   0.00  -0.00  -0.35   0.07   0.63  -0.00  -0.00   0.00   0.00  -0.81  61.90  37.61   0.00
    110:    0.00   0.00   0.00  -0.00  -0.00   0.00   0.00  49.28   0.00  49.84   0.00  -0.00  -0.00  -0.18
    111:    0.00   0.00  -0.00   0.00  -0.00  -0.00   0.00  -0.20  -0.00  -0.27   0.00   0.00   0.00  46.51
    120:    0.00   0.00   0.00   0.00   0.00   0.00  49.28   0.00  49.84   0.00   0.00  -0.00   0.00   0.00
    128:    0.00  37.56   0.00   0.00  -0.00   0.00   0.00   0.00   0.00   0.00  -0.00  -0.00   0.00   0.00
    129:   -0.00   0.00   0.00   0.16   0.03   0.16  -0.00  -0.00  -0.00   0.00   0.66   0.32   2.94   0.00
    135:    0.00  12.52   0.00   0.01  -0.00   0.00   0.00   0.00   0.00   0.00  -0.00  -0.00   0.00   0.00
    136:   -0.00   0.00   0.00   0.48   0.10   0.48  -0.00  -0.00  -0.00  -0.00   1.97   0.96   8.83   0.00
    143:   -0.00  -0.00  -0.00   0.00  -0.00   0.00  -0.00   0.76   0.00   0.46   0.00   0.00   0.00   3.23
    156:   49.92   0.00  50.08   0.00   0.00   0.00   0.00   0.00   0.00   0.00   0.00   0.00   0.00   0.00


 Summation over all MOs, multiplied by occupation: Total SFO Gross Populations in this Irrep
 ===========================================================================================

     2.00    2.00    2.00    2.00    1.96   -0.00   -0.00    0.00    0.00    0.00   -0.00    0.00
     2.00    2.00    2.00    1.00    0.01   -0.00   -0.00   -0.00   -0.00    0.00    2.00    2.00
     2.00    1.98   -0.01    0.00    0.00    0.00    0.00   -0.00    2.00    2.00    2.00    1.98
    -0.01    0.00    0.00    0.00    0.00   -0.00    2.00    2.00    0.01   -0.00   -0.00   -0.00
    -0.00    2.00    2.00    0.02   -0.00   -0.00   -0.00   -0.00    2.00    2.00    0.02   -0.00
    -0.00   -0.00   -0.00    2.00    2.00    0.02   -0.00   -0.00   -0.00   -0.00    2.00    2.00
    -0.00   -0.00    0.00   -0.00   -0.00    0.00    0.00    0.00    0.00    0.00    0.00    0.00
     2.00    2.00    2.00    2.00    1.96   -0.00   -0.00    0.00    0.00    0.00   -0.00    0.00
     2.00    2.00    2.00    1.00    0.01   -0.00   -0.00   -0.00   -0.00    0.00    2.00    2.00
     2.00    1.98   -0.01    0.00    0.00    0.00    0.00   -0.00    2.00    2.00    2.00    1.98
    -0.01    0.00    0.00    0.00    0.00   -0.00    2.00    2.00    0.01   -0.00   -0.00   -0.00
    -0.00    2.00    2.00    0.02   -0.00   -0.00   -0.00   -0.00    2.00    2.00    0.02   -0.00
    -0.00   -0.00   -0.00    2.00    2.00    0.02   -0.00   -0.00   -0.00   -0.00    2.00    2.00
    -0.00   -0.00    0.00   -0.00   -0.00    0.00    0.00    0.00    0.00    0.00    0.00    0.00



 List of all MOs, ordered by energy, with the most significant SFO gross populations
 ===================================================================================

 Each percentage contribution in the table below corres ponds to the indicated SFO.
 In general, a SFO may be a linear combination of several Fragment Orbitals on the same,
 or on symmetry-related Fragments. Only the first 'member' of such a combination is
 specified here. A full definition of all SFOs is given in an earlier part of the output.
 The numbering of the SFOs in this table does NOT include the Core Orbitals, and starts
 from one for each symmetry representation, as in the SFO definition list earlier.

       E(eV)  Occ       MO           %     SFO (first member)   E(eV)  Occ   Fragment
 -------------------------------------------------------------------------------------

     -18.661  2.00    47 A         47.54%     5 S             -17.254  2.00     1 I
                                   47.54%     5 S             -17.254  2.00     2 I
                                    2.23%     4 P:x            -6.941  1.67     2 I
                                    2.23%     4 P:x            -6.941  1.67     1 I
     -16.511  2.00    48 A         48.27%     5 S             -17.254  2.00     2 I
                                   48.27%     5 S             -17.254  2.00     1 I
                                    1.32%     4 P:x            -6.941  1.67     1 I
                                    1.32%     4 P:x            -6.941  1.67     2 I
      -9.442  2.00    49 A         46.51%     4 P:x            -6.941  1.67     1 I
                                   46.51%     4 P:x            -6.941  1.67     2 I
                                    2.36%     5 S             -17.254  2.00     2 I
                                    2.36%     5 S             -17.254  2.00     1 I
      -7.671  2.00    50 A         49.28%     4 P:z            -6.941  1.67     1 I
                                   49.28%     4 P:z            -6.941  1.67     2 I
      -7.671  2.00    51 A         49.28%     4 P:y            -6.941  1.67     1 I
                                   49.28%     4 P:y            -6.941  1.67     2 I
      -6.130  2.00    52 A         49.84%     4 P:z            -6.941  1.67     2 I
                                   49.84%     4 P:z            -6.941  1.67     1 I
      -6.130  2.00    53 A         49.84%     4 P:y            -6.941  1.67     2 I
                                   49.84%     4 P:y            -6.941  1.67     1 I
      -4.313  0.00    54 A         49.25%     4 P:x            -6.941  1.67     2 I
                                   49.25%     4 P:x            -6.941  1.67     1 I
                                    1.97%     3 D:x2-y2         5.084  0.00     1 I
                                    1.97%     3 D:x2-y2         5.084  0.00     2 I
                                   -1.69%     6 S               3.143  0.00     2 I
                                   -1.69%     6 S               3.143  0.00     1 I
                                    1.27%     5 S             -17.254  2.00     1 I
                                    1.27%     5 S             -17.254  2.00     2 I

 Energy gradients wrt nuclear displacements
 ==========================================

     Atom      Cartesian (a.u./angstrom)
                 X         Y         Z
 ----------------------------------------
     1 I    -0.000015 -0.000000 -0.000000
     2 I     0.000015  0.000000  0.000000
 ----------------------------------------



 =======================================================================
 Electrostatic potential at the Nuclei due to electrons and other nuclei
 =======================================================================
  
         Atom                  Potential
         ----                  ---------
     1)   I                 329.25875640
     2)   I                 329.25875581

=============================================================
=== CALCULATE ANALYTICAL SECOND DERIVATIVES OF THE ENERGY ===
=============================================================


-----------------------------------------------
*** RESTART ***
*** CHECKING FOR HESSIAN ON RESTART FILE ***
@@@ WARNING: Cannot find section: Hessian                                                                                                                                                         
*** NO HESSIAN EXISTS ON RESTART FILE ***
*** HESSIAN FROM RESTART FILE IS NOT COMPLETE ***
*** FURTHER CALCULATIONS WILL BE DONE         ***
-----------------------------------------------
                  ------------------------------------------------
                  
                  This Analytical Second Derivatives Progam    
                            was written for ADF by             
                  
                                Stephen K. Wolff               
                  
                         Scientific Computing & Modelling      
                  
                                Vrije University
                              Theoretical Chemistry
                                De Boelelaan 1083
                                1081 HV Amsterdam
                                 The Netherlands
                  
                  ------------------------------------------------
                  
                                    References:                
                                    ===========                
                  
                   Attila Berces, Ross M. Dickson, Liangyou Fan
                   Heiko Jacobsen, David Swerhone, Tom Ziegler,
                   Computer Physics Communications 100 (1997) 247.
                  
                   Heiko Jacobsen, Attila Berces
                   David Swerhone, Tom Ziegler,
                   Computer Physics Communications 100 (1997) 263.
                  
                   Stephen K. Wolff
                   Int. J. Quantum Chem. 104 (2005) 645.
                  
                  ------------------------------------------------
                  
              <><><><><><><><><><><><><><><><><><><><><><><><><>
 
                 SECOND DERIVATIVES INFORMATION:
                 -------------------------------
 
                 === PRINT
 
                   EIGS,  lprint_eigbas =  F
                   U1,    lprint_u1     =  F
                   PARTS, lprint_parts  =  F
 
                 === DEBUG
 
                   ALL        =  F
                   B1         =  F
                   DENSITIES  =  F
                   FIT        =  F
                   HESSIAN    =  F
                   NUMBERS    =  F
                   SYMMETRY   =  F
                   U1         =  F
 
                 === CPKS
 
                   MAX_CPKS_ITERATIONS    =    20
                   U1_ACCURACY PARAMETER  =     5.00
                   U1 ACCURACY            =     0.0000100
 

                 Estimated peak private memory usage    103 MB per process
                                 shared memory usage    105 MB per node

              <><><><><><><><><><><><><><><><><><><><><><><><><>

######## LOOPING OVER NUCLEI ########

==========================
###### NUCLEUS:     1  I  
==========================

====================  solving CPKS equations  ====================

NUCLEUS  COORD.    ITERATION   ACCURACY
-------  ------    ---------   --------
    1       1          1       0.17171186D-01
    1       1          2       0.13111090D-02
    1       1          3       0.11980884D-03
    1       1          4       0.29678627D-04
    1       1          5       0.53174644D-05
*** CPKS converged.
----------------------------------------------
    1       2          1       0.17799042D-01
    1       2          2       0.69717235D-03
    1       2          3       0.38718459D-04
    1       2          4       0.20671496D-05
*** CPKS converged.
----------------------------------------------
    1       3          1       0.17799042D-01
    1       3          2       0.69717235D-03
    1       3          3       0.38718459D-04
    1       3          4       0.20671455D-05
*** CPKS converged.
----------------------------------------------

====================  end of solving CPKS equations  ====================

==========================
###### NUCLEUS:     2  I  
==========================

====================  solving CPKS equations  ====================

NUCLEUS  COORD.    ITERATION   ACCURACY
-------  ------    ---------   --------
    2       1          1       0.17171189D-01
    2       1          2       0.13111090D-02
    2       1          3       0.11980902D-03
    2       1          4       0.29681648D-04
    2       1          5       0.52840023D-05
*** CPKS converged.
----------------------------------------------
    2       2          1       0.17799041D-01
    2       2          2       0.69717228D-03
    2       2          3       0.38718334D-04
    2       2          4       0.20602525D-05
*** CPKS converged.
----------------------------------------------
    2       3          1       0.17799041D-01
    2       3          2       0.69717228D-03
    2       3          3       0.38718334D-04
    2       3          4       0.20602529D-05
*** CPKS converged.
----------------------------------------------

====================  end of solving CPKS equations  ====================


====================================================================
*** DONE CALCULATING ANALYTICAL SECOND DERIVATIVES OF THE ENERGY ***
====================================================================

 Mulliken charges used for AMS results%charges...
Scanning modes in range provided by user.


    =====================
     CALCULATION RESULTS
    =====================

Energy (hartree)            -0.08611938

Gradients (hartree/bohr)
  Index   Atom            d/dx            d/dy            d/dz
      1      I   -0.0000081421   -0.0000000000   -0.0000000001
      2      I    0.0000081421    0.0000000000    0.0000000001

 -----------------------
 Normal Mode Frequencies
 -----------------------

 Index   Frequency (cm-1)   Intensity (km/mol)
     6           210.1193               0.0000

 Zero-point energy (Hartree):     0.0005

 ------------
 Normal Modes
 ------------

 Number of removed rigid normal modes: 5
 
 Mode:     6      Frequency (cm-1):      210.1193     Intensity (km/mol):        0.0000
 Index  Atom      ---- Displacements (x/y/z) ----
     1     I      -0.707107   0.000000   0.000000
     2     I       0.707107   0.000000  -0.000000

PES point character: Geometry corresponds to a local minimum on the PES.




 ============================
 Statistical Thermal Analysis  ***  ideal gas assumed  ***
 ============================
  
 Pressure:                  1.000000 atm.
 Temperature:             298.150000 K



 Moments of Inertia [amu*bohr^2] and principal axis
 ==================================================

           0.0000       1635.6809       1635.6809
 ------------------------------------------------
           1.0000          0.0000          0.0000
           0.0000          1.0000          0.0000
           0.0000          0.0000          1.0000


 The rotational contribution to the molecular entropy includes
 a term, dependent on the symmetry number sigma. The results 
 reported below were computed using sigma = 2, determined from
 the point group symmetry of the input geometry (D(LIN)). 
 If this is not the correct symmetry, try symmetrizing the molecule before
 running the calculation (note: linear molecules should be aligned along one
 of the Cartesian axes).
 Contributions from frequencies below 20 1/cm are not included in vibrational sums.
 Their contributions, if any, are reported separately.


     Temp                                                        Transl      Rotat     Vibrat     Total
     ----                                                        ------      -----     ------     -----

     298.15   Entropy (cal/mol-K):                               42.494     17.771      2.043     62.308
              Nuclear Internal Energy (kcal/mol):                 0.889      0.592      0.642      2.124
              Constant Volume Heat Capacity (cal/mol-K):          2.981      1.987      1.825      6.793
          (c) Constant Volume Heat Capacity (cal/mol-K):          2.981      1.987      1.785      6.753

       Summary of energy terms
                                                   hartree              eV         kcal/mol           kJ/mol
                                      --------------------     -----------       ----------      -----------
      Energy from Engine:               -0.086119384744122         -2.3434           -54.04          -226.11
      Nuclear Internal Energy:           0.003384193449237          0.0921             2.12             8.89
  (c) Nuclear Internal Energy:           0.003357274330364          0.0914             2.11             8.81
      Internal Energy U:                -0.082735191294884         -2.2513           -51.92          -217.22
      pV/n = RT:                         0.000944186013486          0.0257             0.59             2.48
      Enthalpy H:                       -0.081791005281399         -2.2256           -51.32          -214.74
      -T*S:                             -0.029604668740302         -0.8056           -18.58           -77.73
  (c) -T*S:                             -0.029606395033346         -0.8056           -18.58           -77.73
      Gibbs free energy:                -0.111395674021701         -3.0312           -69.90          -292.47
 
 
 
  (c) The properties marked with this symbol have been corrected using 'low vibrational frequency free rotor
      interpolation corrections'. For those terms all positive frequencies are used (also ones below 20 1/cm),
      but the contribution to the partition function of small vibrational frequencies is modified as described
      in the following paper:
      S. Grimme, 'Supramolecular Binding Thermodynamics by Dispersion-Corrected Density Functional Theory'
      (Chem. Eur. J. 2012, 18, 9955-9964)
      Configuration: Dampener Frequency          :   100.000 1/cm
                     Dampener Alpha              :     4.000
                     Averaging Moment of Inertia : 1.000E-44 kg m2

--------------
Atomic charges
--------------
  Index   Atom    Charge
      1      I   -0.0000
      2      I    0.0000


Dipole moment vector    (Debye):     0.00000799    0.00000000    0.00000000
              magnitude (Debye):     0.00000799


Final PES point is a local minimum. Geometry optimization successful!


AMS application finished. Exiting.
NORMAL TERMINATION
     Total cpu time:     143.95
  Total system time:       3.16
 Total elapsed time:     295.98
