<Jan22-2022> <23:24:51>  AMS 2021.102  RunTime: Jan22-2022 23:24:51  ShM Nodes: 1  Procs: 4
<Jan22-2022> <23:24:52>  ADF 2021.102  RunTime: Jan22-2022 23:24:52  ShM Nodes: 1  Procs: 4
<Jan22-2022> <23:24:52>  *** (NO TITLE) ***
<Jan22-2022> <23:24:52>  Atom coordinates do not satisfy full symmetry (probably due to orientation).
<Jan22-2022> <23:24:52>  Iteration 1
<Jan22-2022> <23:24:52>  DIRAC 2021.102  RunTime: Jan22-2022 23:24:52  ShM Nodes: 1  Procs: 1
<Jan22-2022> <23:24:53>  Iodine (TZ2P, all electron)
<Jan22-2022> <23:24:53>  Net Charge: 0 (Nuclei minus Electrons)
<Jan22-2022> <23:24:53>  Symmetry  : ATOM
<Jan22-2022> <23:24:53>  Coordinates
<Jan22-2022> <23:24:53>     Atom         X           Y           Z   (Angstrom)
<Jan22-2022> <23:24:53>     1.I         0.000000    0.000000    0.000000
<Jan22-2022> <23:24:53>  >>>> CORORT
<Jan22-2022> <23:24:53>  >>>> CLSMAT
<Jan22-2022> <23:24:53>  >>>> ORTHON
<Jan22-2022> <23:24:53>  >>>> GENPT
<Jan22-2022> <23:24:53>  Block Length=  88
<Jan22-2022> <23:24:53>  >>>> PTBAS
<Jan22-2022> <23:24:53>  >>>> CYCLE
<Jan22-2022> <23:24:54>              |Error|         MaxErr       Wt(A-DIIS)
<Jan22-2022> <23:24:54>      1      0.00000000      0.00000000
<Jan22-2022> <23:24:54>      2    302.16835523     40.96243619    100.0
<Jan22-2022> <23:24:54>      3    115.45084873     32.05895485    100.0
<Jan22-2022> <23:24:54>      4     16.57298611      2.67421947    100.0
<Jan22-2022> <23:24:55>      5     19.84924009      6.00369154    100.0
<Jan22-2022> <23:24:55>      6      3.53444971      0.75082635    100.0
<Jan22-2022> <23:24:55>      7      3.91287540      0.80211300    100.0
<Jan22-2022> <23:24:55>      8      0.25898904      0.05024736     49.7
<Jan22-2022> <23:24:55>      9      0.05079462      0.01041659      9.5
<Jan22-2022> <23:24:55>     10      0.00447325      0.00089953      0.0
<Jan22-2022> <23:24:56>     11      0.00037467      0.00008194      0.0
<Jan22-2022> <23:24:56>     12      0.00000877      0.00000176      0.0
<Jan22-2022> <23:24:56>     13      0.00000011      0.00000002      0.0
<Jan22-2022> <23:24:56>     14      0.00000000      0.00000000      0.0
<Jan22-2022> <23:24:56>  SCF converged
<Jan22-2022> <23:24:56>     15      0.00000000      0.00000000      0.0
<Jan22-2022> <23:24:56>  >>>> POPAN
<Jan22-2022> <23:24:56>  >>>> DEBYE
<Jan22-2022> <23:24:56>  *** GOStep1 ***
<Jan22-2022> <23:24:56>  >>>> FRAGM
<Jan22-2022> <23:24:56>  Coordinates
<Jan22-2022> <23:24:56>     Atom         X           Y           Z   (Angstrom)
<Jan22-2022> <23:24:56>     1.I         1.630000    0.000000    0.000000
<Jan22-2022> <23:24:56>     2.I         4.399000    0.000000    0.000000
<Jan22-2022> <23:24:57>  >>>> CORORT
<Jan22-2022> <23:24:57>  >>>> CLSMAT
<Jan22-2022> <23:24:57>  >>>> ORTHON
<Jan22-2022> <23:24:57>  >>>> GENPT
<Jan22-2022> <23:24:57>  Block Length= 128
<Jan22-2022> <23:24:57>  >>>> PTBAS
<Jan22-2022> <23:24:58>  >>>> CYCLE
<Jan22-2022> <23:25:04>              |Error|         MaxErr       Wt(A-DIIS)
<Jan22-2022> <23:25:04>      1      2.29573518      0.82615148
<Jan22-2022> <23:25:06>      2      0.09349831      0.02216555    100.0
<Jan22-2022> <23:25:08>      3      0.06972800      0.01652267    100.0
<Jan22-2022> <23:25:09>      4      0.02011930      0.00474120      3.8
<Jan22-2022> <23:25:11>      5      0.00227861      0.00034050      0.0
<Jan22-2022> <23:25:12>      6      0.00060265      0.00006355      0.0
<Jan22-2022> <23:25:14>      7      0.00014930      0.00003147      0.0
<Jan22-2022> <23:25:16>      8      0.00001600      0.00000341      0.0
<Jan22-2022> <23:25:17>      9      0.00000565      0.00000091      0.0
<Jan22-2022> <23:25:18>  SCF converged
<Jan22-2022> <23:25:19>     10      0.00000044      0.00000008      0.0
<Jan22-2022> <23:25:20>  >>>> TOTEN
<Jan22-2022> <23:25:23>  >>>> POPAN
<Jan22-2022> <23:25:23>  >>>> DEBYE
<Jan22-2022> <23:25:23>  >>>> ENGRAD
<Jan22-2022> <23:25:27>  current energy                               -0.08497317 Hartree
<Jan22-2022> <23:25:27>  energy change                      -0.08497317     0.00002000    F
<Jan22-2022> <23:25:27>  constrained gradient max            0.02630888     0.00100000    F
<Jan22-2022> <23:25:27>  constrained gradient rms            0.01518944     0.00066667    F
<Jan22-2022> <23:25:27>  gradient max                        0.02630888
<Jan22-2022> <23:25:27>  gradient rms                        0.01518944
<Jan22-2022> <23:25:27>  cart. step max                      0.01039388     0.01000000    F
<Jan22-2022> <23:25:27>  cart. step rms                      0.00600091     0.00666667    T
<Jan22-2022> <23:25:27>  Iteration 2
<Jan22-2022> <23:25:27>  *** GOStep2 ***
<Jan22-2022> <23:25:27>  >>>> FRAGM
<Jan22-2022> <23:25:27>  Coordinates
<Jan22-2022> <23:25:27>     Atom         X           Y           Z   (Angstrom)
<Jan22-2022> <23:25:27>     1.I         1.640394    0.000000    0.000000
<Jan22-2022> <23:25:27>     2.I         4.388606    0.000000    0.000000
<Jan22-2022> <23:25:27>  >>>> CORORT
<Jan22-2022> <23:25:27>  >>>> CLSMAT
<Jan22-2022> <23:25:27>  >>>> ORTHON
<Jan22-2022> <23:25:27>  >>>> GENPT
<Jan22-2022> <23:25:28>  Block Length= 128
<Jan22-2022> <23:25:28>  >>>> PTBAS
<Jan22-2022> <23:25:29>  >>>> CYCLE
<Jan22-2022> <23:25:35>  using orbital data from restart file
<Jan22-2022> <23:25:35>              |Error|         MaxErr       Wt(A-DIIS)
<Jan22-2022> <23:25:35>      1      0.06397677      0.01678792
<Jan22-2022> <23:25:37>      2      0.01081407      0.00255585    100.0
<Jan22-2022> <23:25:39>      3      0.00524135      0.00126052    100.0
<Jan22-2022> <23:25:41>      4      0.00843470      0.00191793    100.0
<Jan22-2022> <23:25:43>      5      0.00142567      0.00032547      0.0
<Jan22-2022> <23:25:44>      6      0.00003740      0.00000575      0.0
<Jan22-2022> <23:25:46>      7      0.00000468      0.00000073      0.0
<Jan22-2022> <23:25:47>  SCF converged
<Jan22-2022> <23:25:48>      8      0.00000112      0.00000018      0.0
<Jan22-2022> <23:25:48>  >>>> TOTEN
<Jan22-2022> <23:25:51>  >>>> POPAN
<Jan22-2022> <23:25:51>  >>>> DEBYE
<Jan22-2022> <23:25:51>  >>>> ENGRAD
<Jan22-2022> <23:25:55>  current energy                               -0.08546093 Hartree
<Jan22-2022> <23:25:55>  energy change                      -0.00048776     0.00002000    F
<Jan22-2022> <23:25:55>  constrained gradient max            0.02051652     0.00100000    F
<Jan22-2022> <23:25:55>  constrained gradient rms            0.01184522     0.00066667    F
<Jan22-2022> <23:25:55>  gradient max                        0.02051652
<Jan22-2022> <23:25:55>  gradient rms                        0.01184522
<Jan22-2022> <23:25:55>  cart. step max                      0.03681516     0.01000000    F
<Jan22-2022> <23:25:55>  cart. step rms                      0.02125524     0.00666667    F
<Jan22-2022> <23:25:55>  Iteration 3
<Jan22-2022> <23:25:55>  *** GOStep3 ***
<Jan22-2022> <23:25:56>  >>>> FRAGM
<Jan22-2022> <23:25:56>  Coordinates
<Jan22-2022> <23:25:56>     Atom         X           Y           Z   (Angstrom)
<Jan22-2022> <23:25:56>     1.I         1.677209    0.000000    0.000000
<Jan22-2022> <23:25:56>     2.I         4.351791    0.000000    0.000000
<Jan22-2022> <23:25:56>  >>>> CORORT
<Jan22-2022> <23:25:56>  >>>> CLSMAT
<Jan22-2022> <23:25:56>  >>>> ORTHON
<Jan22-2022> <23:25:57>  >>>> GENPT
<Jan22-2022> <23:25:57>  Block Length= 128
<Jan22-2022> <23:25:57>  >>>> PTBAS
<Jan22-2022> <23:25:58>  >>>> CYCLE
<Jan22-2022> <23:26:05>  using orbital data from restart file
<Jan22-2022> <23:26:06>              |Error|         MaxErr       Wt(A-DIIS)
<Jan22-2022> <23:26:06>      1      0.24738541      0.06557496
<Jan22-2022> <23:26:08>      2      0.03856376      0.00903030    100.0
<Jan22-2022> <23:26:10>      3      0.01878353      0.00447449    100.0
<Jan22-2022> <23:26:12>      4      0.03002558      0.00674029    100.0
<Jan22-2022> <23:26:14>      5      0.00509420      0.00114221      0.1
<Jan22-2022> <23:26:15>      6      0.00015277      0.00001858      0.0
<Jan22-2022> <23:26:17>      7      0.00003651      0.00000566      0.0
<Jan22-2022> <23:26:19>      8      0.00000666      0.00000108      0.0
<Jan22-2022> <23:26:21>      9      0.00000109      0.00000022      0.0
<Jan22-2022> <23:26:22>  SCF converged
<Jan22-2022> <23:26:22>     10      0.00000083      0.00000032      0.0
<Jan22-2022> <23:26:23>  >>>> TOTEN
<Jan22-2022> <23:26:26>  >>>> POPAN
<Jan22-2022> <23:26:26>  >>>> DEBYE
<Jan22-2022> <23:26:26>  >>>> ENGRAD
<Jan22-2022> <23:26:31>  current energy                               -0.08609103 Hartree
<Jan22-2022> <23:26:31>  energy change                      -0.00063010     0.00002000    F
<Jan22-2022> <23:26:31>  constrained gradient max            0.00470837     0.00100000    F
<Jan22-2022> <23:26:31>  constrained gradient rms            0.00271838     0.00066667    F
<Jan22-2022> <23:26:31>  gradient max                        0.00470837
<Jan22-2022> <23:26:31>  gradient rms                        0.00271838
<Jan22-2022> <23:26:31>  cart. step max                      0.00687176     0.01000000    T
<Jan22-2022> <23:26:31>  cart. step rms                      0.00396741     0.00666667    T
<Jan22-2022> <23:26:31>  Iteration 4
<Jan22-2022> <23:26:31>  *** GOStep4 ***
<Jan22-2022> <23:26:31>  >>>> FRAGM
<Jan22-2022> <23:26:32>  Coordinates
<Jan22-2022> <23:26:32>     Atom         X           Y           Z   (Angstrom)
<Jan22-2022> <23:26:32>     1.I         1.670337    0.000000    0.000000
<Jan22-2022> <23:26:32>     2.I         4.358663    0.000000    0.000000
<Jan22-2022> <23:26:32>  >>>> CORORT
<Jan22-2022> <23:26:32>  >>>> CLSMAT
<Jan22-2022> <23:26:32>  >>>> ORTHON
<Jan22-2022> <23:26:32>  >>>> GENPT
<Jan22-2022> <23:26:32>  Block Length= 128
<Jan22-2022> <23:26:32>  >>>> PTBAS
<Jan22-2022> <23:26:33>  >>>> CYCLE
<Jan22-2022> <23:26:39>  using orbital data from restart file
<Jan22-2022> <23:26:40>              |Error|         MaxErr       Wt(A-DIIS)
<Jan22-2022> <23:26:40>      1      0.04803564      0.01265833
<Jan22-2022> <23:26:41>      2      0.00719252      0.00168935    100.0
<Jan22-2022> <23:26:43>      3      0.01145143      0.00256903    100.0
<Jan22-2022> <23:26:45>      4      0.00198030      0.00044830      0.0
<Jan22-2022> <23:26:47>      5      0.00008528      0.00001381      0.0
<Jan22-2022> <23:26:48>      6      0.00001007      0.00000190      0.0
<Jan22-2022> <23:26:50>      7      0.00000379      0.00000059      0.0
<Jan22-2022> <23:26:51>  SCF converged
<Jan22-2022> <23:26:52>      8      0.00000018      0.00000004      0.0
<Jan22-2022> <23:26:53>  >>>> TOTEN
<Jan22-2022> <23:26:56>  >>>> POPAN
<Jan22-2022> <23:26:56>  >>>> DEBYE
<Jan22-2022> <23:26:56>  >>>> ENGRAD
<Jan22-2022> <23:27:01>  current energy                               -0.08611890 Hartree
<Jan22-2022> <23:27:01>  energy change                      -0.00002787     0.00002000    F
<Jan22-2022> <23:27:01>  constrained gradient max            0.00061039     0.00100000    T
<Jan22-2022> <23:27:01>  constrained gradient rms            0.00035241     0.00066667    T
<Jan22-2022> <23:27:01>  gradient max                        0.00061039
<Jan22-2022> <23:27:01>  gradient rms                        0.00035241
<Jan22-2022> <23:27:01>  cart. step max                      0.00078861     0.01000000    T
<Jan22-2022> <23:27:01>  cart. step rms                      0.00045530     0.00666667    T
<Jan22-2022> <23:27:01>  Iteration 5
<Jan22-2022> <23:27:01>  *** GOStep5 ***
<Jan22-2022> <23:27:01>  >>>> FRAGM
<Jan22-2022> <23:27:01>  Coordinates
<Jan22-2022> <23:27:01>     Atom         X           Y           Z   (Angstrom)
<Jan22-2022> <23:27:01>     1.I         1.671126    0.000000    0.000000
<Jan22-2022> <23:27:01>     2.I         4.357874    0.000000    0.000000
<Jan22-2022> <23:27:01>  >>>> CORORT
<Jan22-2022> <23:27:01>  >>>> CLSMAT
<Jan22-2022> <23:27:01>  >>>> ORTHON
<Jan22-2022> <23:27:01>  >>>> GENPT
<Jan22-2022> <23:27:01>  Block Length= 128
<Jan22-2022> <23:27:02>  >>>> PTBAS
<Jan22-2022> <23:27:03>  >>>> CYCLE
<Jan22-2022> <23:27:09>  using orbital data from restart file
<Jan22-2022> <23:27:10>              |Error|         MaxErr       Wt(A-DIIS)
<Jan22-2022> <23:27:10>      1      0.00546585      0.00144179
<Jan22-2022> <23:27:11>      2      0.00082551      0.00019388    100.0
<Jan22-2022> <23:27:13>      3      0.00040244      0.00009612    100.0
<Jan22-2022> <23:27:15>      4      0.00064158      0.00014477      0.0
<Jan22-2022> <23:27:17>      5      0.00000964      0.00000161      0.0
<Jan22-2022> <23:27:19>      6      0.00000140      0.00000032      0.0
<Jan22-2022> <23:27:20>  SCF converged
<Jan22-2022> <23:27:21>      7      0.00000107      0.00000039      0.0
<Jan22-2022> <23:27:22>  >>>> TOTEN
<Jan22-2022> <23:27:25>  >>>> POPAN
<Jan22-2022> <23:27:25>  >>>> DEBYE
<Jan22-2022> <23:27:25>  >>>> ENGRAD
<Jan22-2022> <23:27:30>  current energy                               -0.08611938 Hartree
<Jan22-2022> <23:27:30>  energy change                      -0.00000049     0.00002000    T
<Jan22-2022> <23:27:30>  constrained gradient max            0.00001539     0.00100000    T
<Jan22-2022> <23:27:30>  constrained gradient rms            0.00000888     0.00066667    T
<Jan22-2022> <23:27:30>  gradient max                        0.00001539
<Jan22-2022> <23:27:30>  gradient rms                        0.00000888
<Jan22-2022> <23:27:30>  cart. step max                      0.00002039     0.01000000    T
<Jan22-2022> <23:27:30>  cart. step rms                      0.00001177     0.00666667    T
<Jan22-2022> <23:27:30>  Geometry optimization converged
<Jan22-2022> <23:27:30>  *** adf ***
<Jan22-2022> <23:27:30>  Net Charge: 0 (Nuclei minus Electrons)
<Jan22-2022> <23:27:30>  Symmetry  : NOSYM
<Jan22-2022> <23:27:30>  >>>> FRAGM
<Jan22-2022> <23:27:30>  Coordinates
<Jan22-2022> <23:27:30>     Atom         X           Y           Z   (Angstrom)
<Jan22-2022> <23:27:30>     1.I         1.671126    0.000000    0.000000
<Jan22-2022> <23:27:30>     2.I         4.357874    0.000000    0.000000
<Jan22-2022> <23:27:31>  >>>> CORORT
<Jan22-2022> <23:27:31>  >>>> CLSMAT
<Jan22-2022> <23:27:31>  >>>> ORTHON
<Jan22-2022> <23:27:31>  >>>> GENPT
<Jan22-2022> <23:27:32>  Block Length= 128
<Jan22-2022> <23:27:32>  >>>> PTBAS
<Jan22-2022> <23:27:33>  >>>> CYCLE
<Jan22-2022> <23:27:39>  using orbital data from restart file
<Jan22-2022> <23:27:40>              |Error|         MaxErr       Wt(A-DIIS)
<Jan22-2022> <23:27:40>      1      0.00000039      0.00000015
<Jan22-2022> <23:27:42>      2      0.00000083      0.00000037    100.0
<Jan22-2022> <23:27:43>  SCF converged
<Jan22-2022> <23:27:44>      3      0.00000030      0.00000012    100.0
<Jan22-2022> <23:27:45>  >>>> TOTEN
<Jan22-2022> <23:27:51>  >>>> POPAN
<Jan22-2022> <23:27:51>  >>>> DEBYE
<Jan22-2022> <23:27:51>  >>>> AMETS
<Jan22-2022> <23:27:51>   Bond Energy          -0.08611938 a.u.
<Jan22-2022> <23:27:51>   Bond Energy          -2.34342769 eV
<Jan22-2022> <23:27:51>   Bond Energy         -54.04       kcal/mol
<Jan22-2022> <23:27:51>  >>>> POPUL
<Jan22-2022> <23:27:51>  >>>> ENGRAD
<Jan22-2022> <23:27:56>  >>>> ENHESS
<Jan22-2022> <23:27:58>  === NUCLEUS:     1
<Jan22-2022> <23:28:49>  === NUCLEUS:     2
<Jan22-2022> <23:29:34>  >>>> CALC_HESS_PMAT
<Jan22-2022> <23:29:45>  >>>> CALC_HESS_WMAT
<Jan22-2022> <23:29:47>  PES point character: Geometry corresponds to a local minimum on the PES.
<Jan22-2022> <23:29:47>  Geometry optimization successful!
<Jan22-2022> <23:29:47>  NORMAL TERMINATION
