<Jan20-2022> <01:12:25>  AMS 2021.102  RunTime: Jan20-2022 01:12:25  ShM Nodes: 1  Procs: 1
<Jan20-2022> <01:12:25>  ADF 2021.102  RunTime: Jan20-2022 01:12:25  ShM Nodes: 1  Procs: 1
<Jan20-2022> <01:12:25>  *** (NO TITLE) ***
<Jan20-2022> <01:12:25>  Symmetry detected: C(S)
<Jan20-2022> <01:12:25>  Iteration 1
<Jan20-2022> <01:12:25>  DIRAC 2021.102  RunTime: Jan20-2022 01:12:25  ShM Nodes: 1  Procs: 1
<Jan20-2022> <01:12:25>  Carbon (TZ2P)
<Jan20-2022> <01:12:25>  Net Charge: 0 (Nuclei minus Electrons)
<Jan20-2022> <01:12:25>  Symmetry  : ATOM
<Jan20-2022> <01:12:25>  Coordinates
<Jan20-2022> <01:12:25>     Atom         X           Y           Z   (Angstrom)
<Jan20-2022> <01:12:25>     1.C         0.000000    0.000000    0.000000
<Jan20-2022> <01:12:25>  >>>> CORORT
<Jan20-2022> <01:12:25>  >>>> CLSMAT
<Jan20-2022> <01:12:25>  >>>> ORTHON
<Jan20-2022> <01:12:25>  >>>> GENPT
<Jan20-2022> <01:12:25>  Block Length=  72
<Jan20-2022> <01:12:26>  >>>> PTBAS
<Jan20-2022> <01:12:26>  >>>> CYCLE
<Jan20-2022> <01:12:26>              |Error|         MaxErr       Wt(A-DIIS)
<Jan20-2022> <01:12:26>      1      0.00000000      0.00000000
<Jan20-2022> <01:12:26>      2      4.48405934      3.32161898    100.0
<Jan20-2022> <01:12:26>      3      1.60718414      1.28408746    100.0
<Jan20-2022> <01:12:26>      4      0.76426456      0.62272052    100.0
<Jan20-2022> <01:12:26>      5      0.36119063      0.28553990    100.0
<Jan20-2022> <01:12:26>      6      0.14821424      0.11559867    100.0
<Jan20-2022> <01:12:26>      7      0.10108424      0.07867111     78.5
<Jan20-2022> <01:12:26>      8      0.01786531      0.01387049     13.0
<Jan20-2022> <01:12:26>      9      0.00195746      0.00153262      0.5
<Jan20-2022> <01:12:26>     10      0.00001058      0.00000730      0.0
<Jan20-2022> <01:12:26>     11      0.00000047      0.00000027      0.0
<Jan20-2022> <01:12:26>     12      0.00000003      0.00000002      0.0
<Jan20-2022> <01:12:26>     13      0.00000000      0.00000000      0.0
<Jan20-2022> <01:12:26>  SCF converged
<Jan20-2022> <01:12:26>     14      0.00000000      0.00000000      0.0
<Jan20-2022> <01:12:26>  >>>> POPAN
<Jan20-2022> <01:12:26>  >>>> DEBYE
<Jan20-2022> <01:12:26>  DIRAC 2021.102  RunTime: Jan20-2022 01:12:26  ShM Nodes: 1  Procs: 1
<Jan20-2022> <01:12:26>  Hydrogen (TZ2P)
<Jan20-2022> <01:12:26>  Net Charge: 0 (Nuclei minus Electrons)
<Jan20-2022> <01:12:26>  Symmetry  : ATOM
<Jan20-2022> <01:12:26>  Coordinates
<Jan20-2022> <01:12:26>     Atom         X           Y           Z   (Angstrom)
<Jan20-2022> <01:12:26>     1.H         0.000000    0.000000    0.000000
<Jan20-2022> <01:12:26>  >>>> CORORT
<Jan20-2022> <01:12:26>  >>>> CLSMAT
<Jan20-2022> <01:12:26>  >>>> ORTHON
<Jan20-2022> <01:12:26>  >>>> GENPT
<Jan20-2022> <01:12:26>  Block Length=  64
<Jan20-2022> <01:12:26>  >>>> PTBAS
<Jan20-2022> <01:12:26>  >>>> CYCLE
<Jan20-2022> <01:12:26>              |Error|         MaxErr       Wt(A-DIIS)
<Jan20-2022> <01:12:26>      1      0.00000000      0.00000000
<Jan20-2022> <01:12:26>      2      0.03080019      0.02591482
<Jan20-2022> <01:12:26>      3      0.01140383      0.01135775    100.0
<Jan20-2022> <01:12:26>      4      0.00327656      0.00327407      2.3
<Jan20-2022> <01:12:26>      5      0.00010041      0.00009754      0.0
<Jan20-2022> <01:12:26>      6      0.00000525      0.00000504      0.0
<Jan20-2022> <01:12:26>      7      0.00000007      0.00000007      0.0
<Jan20-2022> <01:12:26>      8      0.00000000      0.00000000      0.0
<Jan20-2022> <01:12:26>  SCF converged
<Jan20-2022> <01:12:26>      9      0.00000000      0.00000000      0.0
<Jan20-2022> <01:12:26>  >>>> POPAN
<Jan20-2022> <01:12:26>  >>>> DEBYE
<Jan20-2022> <01:12:27>  DIRAC 2021.102  RunTime: Jan20-2022 01:12:27  ShM Nodes: 1  Procs: 1
<Jan20-2022> <01:12:27>  Oxygen (TZ2P)
<Jan20-2022> <01:12:27>  Net Charge: 0 (Nuclei minus Electrons)
<Jan20-2022> <01:12:27>  Symmetry  : ATOM
<Jan20-2022> <01:12:27>  Coordinates
<Jan20-2022> <01:12:27>     Atom         X           Y           Z   (Angstrom)
<Jan20-2022> <01:12:27>     1.O         0.000000    0.000000    0.000000
<Jan20-2022> <01:12:27>  >>>> CORORT
<Jan20-2022> <01:12:27>  >>>> CLSMAT
<Jan20-2022> <01:12:27>  >>>> ORTHON
<Jan20-2022> <01:12:27>  >>>> GENPT
<Jan20-2022> <01:12:27>  Block Length=  68
<Jan20-2022> <01:12:27>  >>>> PTBAS
<Jan20-2022> <01:12:27>  >>>> CYCLE
<Jan20-2022> <01:12:27>              |Error|         MaxErr       Wt(A-DIIS)
<Jan20-2022> <01:12:27>      1      0.00000000      0.00000000
<Jan20-2022> <01:12:27>      2      8.77210307      5.53374266    100.0
<Jan20-2022> <01:12:27>      3      3.60058093      2.49154808    100.0
<Jan20-2022> <01:12:27>      4      1.20505529      0.62472425    100.0
<Jan20-2022> <01:12:27>      5      1.46502638      0.81213311    100.0
<Jan20-2022> <01:12:27>      6      0.15089362      0.09131786     91.2
<Jan20-2022> <01:12:27>      7      0.14397311      0.08251182     82.3
<Jan20-2022> <01:12:27>      8      0.00183259      0.00123681      0.2
<Jan20-2022> <01:12:27>      9      0.00015629      0.00008105      0.0
<Jan20-2022> <01:12:27>     10      0.00001324      0.00000629      0.0
<Jan20-2022> <01:12:27>     11      0.00000006      0.00000003      0.0
<Jan20-2022> <01:12:27>     12      0.00000000      0.00000000      0.0
<Jan20-2022> <01:12:27>  SCF converged
<Jan20-2022> <01:12:27>     13      0.00000000      0.00000000      0.0
<Jan20-2022> <01:12:27>  >>>> POPAN
<Jan20-2022> <01:12:27>  >>>> DEBYE
<Jan20-2022> <01:12:27>  *** GOStep1 ***
<Jan20-2022> <01:12:27>  >>>> FRAGM
<Jan20-2022> <01:12:27>  Coordinates
<Jan20-2022> <01:12:27>     Atom         X           Y           Z   (Angstrom)
<Jan20-2022> <01:12:27>     1.C         0.312247    0.445199    0.000000
<Jan20-2022> <01:12:27>     2.C         0.983914   -0.714308    0.000000
<Jan20-2022> <01:12:27>     3.H         0.458423   -1.668047    0.000000
<Jan20-2022> <01:12:27>     4.C        -1.162784    0.485254    0.000000
<Jan20-2022> <01:12:27>     5.H         0.823132    1.407065    0.000000
<Jan20-2022> <01:12:27>     6.O        -1.824058    1.507291    0.000000
<Jan20-2022> <01:12:27>     7.H         2.053264   -0.751598    0.000000
<Jan20-2022> <01:12:27>     8.H        -1.635503   -0.474661    0.000000
<Jan20-2022> <01:12:27>  >>>> CORORT
<Jan20-2022> <01:12:27>  >>>> CLSMAT
<Jan20-2022> <01:12:27>  >>>> ORTHON
<Jan20-2022> <01:12:27>  >>>> GENPT
<Jan20-2022> <01:12:28>  Block Length= 128
<Jan20-2022> <01:12:28>  >>>> PTBAS
<Jan20-2022> <01:12:34>  >>>> CYCLE
<Jan20-2022> <01:12:50>              |Error|         MaxErr       Wt(A-DIIS)
<Jan20-2022> <01:12:50>      1      4.64097388      1.05951462
<Jan20-2022> <01:13:00>      2      0.77954014      0.17318640    100.0
<Jan20-2022> <01:13:12>      3      0.41247018      0.07592035    100.0
<Jan20-2022> <01:13:24>      4      0.57884677      0.12735143    100.0
<Jan20-2022> <01:13:36>      5      0.13209004      0.03902793     38.4
<Jan20-2022> <01:13:48>      6      0.19512647      0.06120979    100.0
<Jan20-2022> <01:13:59>      7      0.03683533      0.00578912      4.8
<Jan20-2022> <01:14:11>      8      0.00925904      0.00294844      2.0
<Jan20-2022> <01:14:23>      9      0.00232889      0.00055005      0.0
<Jan20-2022> <01:14:34>     10      0.00018896      0.00002692      0.0
<Jan20-2022> <01:14:46>     11      0.00003805      0.00000602      0.0
<Jan20-2022> <01:14:58>     12      0.00000716      0.00000152      0.0
<Jan20-2022> <01:15:09>     13      0.00000119      0.00000025      0.0
<Jan20-2022> <01:15:13>  SCF converged
<Jan20-2022> <01:15:21>     14      0.00000015      0.00000003      0.0
<Jan20-2022> <01:15:24>  >>>> TOTEN
<Jan20-2022> <01:15:41>  >>>> POPAN
<Jan20-2022> <01:15:41>  >>>> DEBYE
<Jan20-2022> <01:15:41>  >>>> ENGRAD
<Jan20-2022> <01:16:05>  current energy                               -1.68586010 Hartree
<Jan20-2022> <01:16:05>  energy change                      -1.68586010     0.00008000    F
<Jan20-2022> <01:16:05>  constrained gradient max            0.04898820     0.00100000    F
<Jan20-2022> <01:16:05>  constrained gradient rms            0.01632863     0.00066667    F
<Jan20-2022> <01:16:05>  gradient max                        0.04898820
<Jan20-2022> <01:16:05>  gradient rms                        0.01632863
<Jan20-2022> <01:16:05>  cart. step max                      0.02097665     0.01000000    F
<Jan20-2022> <01:16:05>  cart. step rms                      0.00661062     0.00666667    T
<Jan20-2022> <01:16:05>  Iteration 2
<Jan20-2022> <01:16:05>  *** GOStep2 ***
<Jan20-2022> <01:16:05>  >>>> FRAGM
<Jan20-2022> <01:16:05>  Coordinates
<Jan20-2022> <01:16:05>     Atom         X           Y           Z   (Angstrom)
<Jan20-2022> <01:16:05>     1.C         0.313308    0.447857    0.000000
<Jan20-2022> <01:16:05>     2.C         0.983675   -0.712777    0.000000
<Jan20-2022> <01:16:05>     3.H         0.455906   -1.665384    0.000000
<Jan20-2022> <01:16:05>     4.C        -1.162391    0.489087    0.000000
<Jan20-2022> <01:16:05>     5.H         0.826178    1.408731    0.000000
<Jan20-2022> <01:16:05>     6.O        -1.819957    1.516953    0.000000
<Jan20-2022> <01:16:05>     7.H         2.064996   -0.752634    0.000000
<Jan20-2022> <01:16:05>     8.H        -1.653080   -0.495638    0.000000
<Jan20-2022> <01:16:05>  >>>> CORORT
<Jan20-2022> <01:16:06>  >>>> CLSMAT
<Jan20-2022> <01:16:06>  >>>> ORTHON
<Jan20-2022> <01:16:06>  >>>> GENPT
<Jan20-2022> <01:16:06>  Block Length= 128
<Jan20-2022> <01:16:06>  >>>> PTBAS
<Jan20-2022> <01:16:12>  >>>> CYCLE
<Jan20-2022> <01:16:20>  using orbital data from restart file
<Jan20-2022> <01:16:28>              |Error|         MaxErr       Wt(A-DIIS)
<Jan20-2022> <01:16:28>      1      0.08821114      0.04050363
<Jan20-2022> <01:16:40>      2      0.01473162      0.00390800    100.0
<Jan20-2022> <01:16:51>      3      0.03481837      0.01096871    100.0
<Jan20-2022> <01:17:03>      4      0.00747365      0.00139156      0.4
<Jan20-2022> <01:17:15>      5      0.00135601      0.00020433      0.0
<Jan20-2022> <01:17:27>      6      0.00052342      0.00011963      0.0
<Jan20-2022> <01:17:38>      7      0.00023260      0.00007513      0.0
<Jan20-2022> <01:17:50>      8      0.00004679      0.00000848      0.0
<Jan20-2022> <01:18:02>      9      0.00000670      0.00000128      0.0
<Jan20-2022> <01:18:13>     10      0.00000075      0.00000018      0.0
<Jan20-2022> <01:18:16>  SCF converged
<Jan20-2022> <01:18:25>     11      0.00000017      0.00000003      0.0
<Jan20-2022> <01:18:28>  >>>> TOTEN
<Jan20-2022> <01:18:45>  >>>> POPAN
<Jan20-2022> <01:18:45>  >>>> DEBYE
<Jan20-2022> <01:18:45>  >>>> ENGRAD
<Jan20-2022> <01:19:09>  current energy                               -1.68711032 Hartree
<Jan20-2022> <01:19:09>  energy change                      -0.00125022     0.00008000    F
<Jan20-2022> <01:19:09>  constrained gradient max            0.02096124     0.00100000    F
<Jan20-2022> <01:19:09>  constrained gradient rms            0.00607985     0.00066667    F
<Jan20-2022> <01:19:09>  gradient max                        0.02096124
<Jan20-2022> <01:19:09>  gradient rms                        0.00607985
<Jan20-2022> <01:19:09>  cart. step max                      0.00854789     0.01000000    T
<Jan20-2022> <01:19:09>  cart. step rms                      0.00262175     0.00666667    T
<Jan20-2022> <01:19:09>  Iteration 3
<Jan20-2022> <01:19:09>  *** GOStep3 ***
<Jan20-2022> <01:19:09>  >>>> FRAGM
<Jan20-2022> <01:19:09>  Coordinates
<Jan20-2022> <01:19:09>     Atom         X           Y           Z   (Angstrom)
<Jan20-2022> <01:19:09>     1.C         0.313656    0.449214    0.000000
<Jan20-2022> <01:19:09>     2.C         0.982697   -0.712055    0.000000
<Jan20-2022> <01:19:09>     3.H         0.454393   -1.664306    0.000000
<Jan20-2022> <01:19:09>     4.C        -1.161281    0.493056    0.000000
<Jan20-2022> <01:19:09>     5.H         0.827043    1.409665    0.000000
<Jan20-2022> <01:19:09>     6.O        -1.817209    1.517817    0.000000
<Jan20-2022> <01:19:09>     7.H         2.068933   -0.753010    0.000000
<Jan20-2022> <01:19:09>     8.H        -1.659597   -0.504186    0.000000
<Jan20-2022> <01:19:09>  >>>> CORORT
<Jan20-2022> <01:19:09>  >>>> CLSMAT
<Jan20-2022> <01:19:10>  >>>> ORTHON
<Jan20-2022> <01:19:10>  >>>> GENPT
<Jan20-2022> <01:19:10>  Block Length= 128
<Jan20-2022> <01:19:10>  >>>> PTBAS
<Jan20-2022> <01:19:16>  >>>> CYCLE
<Jan20-2022> <01:19:24>  using orbital data from restart file
<Jan20-2022> <01:19:32>              |Error|         MaxErr       Wt(A-DIIS)
<Jan20-2022> <01:19:32>      1      0.04400205      0.01993300
<Jan20-2022> <01:19:44>      2      0.00915037      0.00262146    100.0
<Jan20-2022> <01:19:56>      3      0.02846011      0.00810896    100.0
<Jan20-2022> <01:20:07>      4      0.00841605      0.00238450      1.4
<Jan20-2022> <01:20:19>      5      0.00089842      0.00021423      0.0
<Jan20-2022> <01:20:31>      6      0.00026568      0.00007514      0.0
<Jan20-2022> <01:20:42>      7      0.00008101      0.00001294      0.0
<Jan20-2022> <01:20:54>      8      0.00001026      0.00000210      0.0
<Jan20-2022> <01:21:05>      9      0.00000154      0.00000026      0.0
<Jan20-2022> <01:21:09>  SCF converged
<Jan20-2022> <01:21:17>     10      0.00000033      0.00000006      0.0
<Jan20-2022> <01:21:21>  >>>> TOTEN
<Jan20-2022> <01:21:38>  >>>> POPAN
<Jan20-2022> <01:21:38>  >>>> DEBYE
<Jan20-2022> <01:21:38>  >>>> ENGRAD
<Jan20-2022> <01:22:01>  current energy                               -1.68727693 Hartree
<Jan20-2022> <01:22:01>  energy change                      -0.00016661     0.00008000    F
<Jan20-2022> <01:22:01>  constrained gradient max            0.00241037     0.00100000    F
<Jan20-2022> <01:22:01>  constrained gradient rms            0.00089739     0.00066667    F
<Jan20-2022> <01:22:01>  gradient max                        0.00241037
<Jan20-2022> <01:22:01>  gradient rms                        0.00089739
<Jan20-2022> <01:22:01>  cart. step max                      0.00180614     0.01000000    T
<Jan20-2022> <01:22:01>  cart. step rms                      0.00063207     0.00666667    T
<Jan20-2022> <01:22:01>  Iteration 4
<Jan20-2022> <01:22:01>  *** GOStep4 ***
<Jan20-2022> <01:22:02>  >>>> FRAGM
<Jan20-2022> <01:22:02>  Coordinates
<Jan20-2022> <01:22:02>     Atom         X           Y           Z   (Angstrom)
<Jan20-2022> <01:22:02>     1.C         0.314005    0.449251    0.000000
<Jan20-2022> <01:22:02>     2.C         0.982443   -0.712134    0.000000
<Jan20-2022> <01:22:02>     3.H         0.454139   -1.664334    0.000000
<Jan20-2022> <01:22:02>     4.C        -1.160921    0.494157    0.000000
<Jan20-2022> <01:22:02>     5.H         0.827574    1.409627    0.000000
<Jan20-2022> <01:22:02>     6.O        -1.818693    1.518891    0.000000
<Jan20-2022> <01:22:02>     7.H         2.068703   -0.753272    0.000000
<Jan20-2022> <01:22:02>     8.H        -1.658615   -0.505992    0.000000
<Jan20-2022> <01:22:02>  >>>> CORORT
<Jan20-2022> <01:22:02>  >>>> CLSMAT
<Jan20-2022> <01:22:02>  >>>> ORTHON
<Jan20-2022> <01:22:02>  >>>> GENPT
<Jan20-2022> <01:22:02>  Block Length= 128
<Jan20-2022> <01:22:02>  >>>> PTBAS
<Jan20-2022> <01:22:08>  >>>> CYCLE
<Jan20-2022> <01:22:16>  using orbital data from restart file
<Jan20-2022> <01:22:25>              |Error|         MaxErr       Wt(A-DIIS)
<Jan20-2022> <01:22:25>      1      0.00732277      0.00272056
<Jan20-2022> <01:22:36>      2      0.00226219      0.00042838    100.0
<Jan20-2022> <01:22:48>      3      0.00486103      0.00105833    100.0
<Jan20-2022> <01:23:00>      4      0.00112922      0.00019136      0.0
<Jan20-2022> <01:23:11>      5      0.00017336      0.00004796      0.0
<Jan20-2022> <01:23:23>      6      0.00003580      0.00000592      0.0
<Jan20-2022> <01:23:35>      7      0.00001932      0.00000517      0.0
<Jan20-2022> <01:23:47>      8      0.00000941      0.00000263      0.0
<Jan20-2022> <01:23:58>      9      0.00000063      0.00000012      0.0
<Jan20-2022> <01:24:02>  SCF converged
<Jan20-2022> <01:24:10>     10      0.00000011      0.00000002      0.0
<Jan20-2022> <01:24:13>  >>>> TOTEN
<Jan20-2022> <01:24:30>  >>>> POPAN
<Jan20-2022> <01:24:30>  >>>> DEBYE
<Jan20-2022> <01:24:30>  >>>> ENGRAD
<Jan20-2022> <01:24:55>  current energy                               -1.68728197 Hartree
<Jan20-2022> <01:24:55>  energy change                      -0.00000503     0.00008000    T
<Jan20-2022> <01:24:55>  constrained gradient max            0.00084951     0.00100000    T
<Jan20-2022> <01:24:55>  constrained gradient rms            0.00030020     0.00066667    T
<Jan20-2022> <01:24:55>  gradient max                        0.00084951
<Jan20-2022> <01:24:55>  gradient rms                        0.00030020
<Jan20-2022> <01:24:55>  cart. step max                      0.00050693     0.01000000    T
<Jan20-2022> <01:24:55>  cart. step rms                      0.00018871     0.00666667    T
<Jan20-2022> <01:24:55>  Geometry optimization converged
<Jan20-2022> <01:24:55>  *** adf ***
<Jan20-2022> <01:24:55>  Net Charge: 0 (Nuclei minus Electrons)
<Jan20-2022> <01:24:55>  Symmetry  : NOSYM
<Jan20-2022> <01:24:55>  >>>> FRAGM
<Jan20-2022> <01:24:55>  Coordinates
<Jan20-2022> <01:24:55>     Atom         X           Y           Z   (Angstrom)
<Jan20-2022> <01:24:55>     1.C         0.314005    0.449251    0.000000
<Jan20-2022> <01:24:55>     2.C         0.982443   -0.712134    0.000000
<Jan20-2022> <01:24:55>     3.H         0.454139   -1.664334    0.000000
<Jan20-2022> <01:24:55>     4.C        -1.160921    0.494157    0.000000
<Jan20-2022> <01:24:55>     5.H         0.827574    1.409627    0.000000
<Jan20-2022> <01:24:55>     6.O        -1.818693    1.518891    0.000000
<Jan20-2022> <01:24:55>     7.H         2.068703   -0.753272    0.000000
<Jan20-2022> <01:24:55>     8.H        -1.658615   -0.505992    0.000000
<Jan20-2022> <01:24:55>  >>>> CORORT
<Jan20-2022> <01:24:55>  >>>> CLSMAT
<Jan20-2022> <01:24:55>  >>>> ORTHON
<Jan20-2022> <01:24:55>  >>>> GENPT
<Jan20-2022> <01:24:56>  Block Length= 128
<Jan20-2022> <01:24:56>  >>>> PTBAS
<Jan20-2022> <01:25:02>  >>>> CYCLE
<Jan20-2022> <01:25:10>  using orbital data from restart file
<Jan20-2022> <01:25:18>              |Error|         MaxErr       Wt(A-DIIS)
<Jan20-2022> <01:25:18>      1      0.00000002      0.00000001
<Jan20-2022> <01:25:30>      2      0.00000004      0.00000002    100.0
<Jan20-2022> <01:25:33>  SCF converged
<Jan20-2022> <01:25:42>      3      0.00000010      0.00000005    100.0
<Jan20-2022> <01:25:52>  >>>> TOTEN
<Jan20-2022> <01:26:21>  >>>> POPAN
<Jan20-2022> <01:26:21>  >>>> DEBYE
<Jan20-2022> <01:26:21>  >>>> AMETS
<Jan20-2022> <01:26:21>   Bond Energy          -1.68728197 a.u.
<Jan20-2022> <01:26:21>   Bond Energy         -45.91327836 eV
<Jan20-2022> <01:26:21>   Bond Energy       -1058.79       kcal/mol
<Jan20-2022> <01:26:21>  >>>> POPUL
<Jan20-2022> <01:26:21>  >>>> ENGRAD
<Jan20-2022> <01:26:45>  >>>> ENHESS
<Jan20-2022> <01:26:52>  === NUCLEUS:     1
<Jan20-2022> <01:31:01>  === NUCLEUS:     2
<Jan20-2022> <01:33:33>  === NUCLEUS:     3
<Jan20-2022> <01:36:51>  === NUCLEUS:     4
<Jan20-2022> <01:41:04>  === NUCLEUS:     5
<Jan20-2022> <01:45:05>  === NUCLEUS:     6
<Jan20-2022> <01:49:10>  === NUCLEUS:     7
<Jan20-2022> <01:53:24>  === NUCLEUS:     8
<Jan20-2022> <01:57:38>  >>>> CALC_HESS_PMAT
<Jan20-2022> <01:58:35>  >>>> CALC_HESS_WMAT
<Jan20-2022> <01:58:43>  PES point character: Geometry corresponds to a local minimum on the PES.
<Jan20-2022> <01:58:43>  Geometry optimization successful!
<Jan20-2022> <01:58:43>  NORMAL TERMINATION
