<Jan27-2022> <12:41:38>  AMS 2021.102  RunTime: Jan27-2022 12:41:38  ShM Nodes: 1  Procs: 4
<Jan27-2022> <12:41:39>  ADF 2021.102  RunTime: Jan27-2022 12:41:39  ShM Nodes: 1  Procs: 4
<Jan27-2022> <12:41:39>  *** (NO TITLE) ***
<Jan27-2022> <12:41:39>  Iteration 1
<Jan27-2022> <12:41:39>  DIRAC 2021.102  RunTime: Jan27-2022 12:41:39  ShM Nodes: 1  Procs: 1
<Jan27-2022> <12:41:40>  Tin (TZ2P, all electron)
<Jan27-2022> <12:41:40>  Net Charge: 0 (Nuclei minus Electrons)
<Jan27-2022> <12:41:40>  Symmetry  : ATOM
<Jan27-2022> <12:41:40>  Coordinates
<Jan27-2022> <12:41:40>     Atom         X           Y           Z   (Angstrom)
<Jan27-2022> <12:41:40>     1.Sn        0.000000    0.000000    0.000000
<Jan27-2022> <12:41:41>  >>>> CORORT
<Jan27-2022> <12:41:41>  >>>> CLSMAT
<Jan27-2022> <12:41:41>  >>>> ORTHON
<Jan27-2022> <12:41:41>  >>>> GENPT
<Jan27-2022> <12:41:41>  Block Length=  94
<Jan27-2022> <12:41:41>  >>>> PTBAS
<Jan27-2022> <12:41:41>  >>>> CYCLE
<Jan27-2022> <12:41:41>              |Error|         MaxErr       Wt(A-DIIS)
<Jan27-2022> <12:41:41>      1      0.00000000      0.00000000
<Jan27-2022> <12:41:42>      2    277.78646077     36.34955503    100.0
<Jan27-2022> <12:41:42>      3    108.37475236     33.32898342    100.0
<Jan27-2022> <12:41:42>      4     16.29148072      2.69481417    100.0
<Jan27-2022> <12:41:42>      5     14.42472249      3.02472417    100.0
<Jan27-2022> <12:41:42>      6      3.42801373      0.63340044    100.0
<Jan27-2022> <12:41:42>      7      3.94254662      0.85735153    100.0
<Jan27-2022> <12:41:43>      8      0.32774411      0.05271405     52.2
<Jan27-2022> <12:41:43>      9      0.09237148      0.01803841     17.2
<Jan27-2022> <12:41:43>     10      0.02628512      0.00591655      5.0
<Jan27-2022> <12:41:43>     11      0.00221235      0.00047931      0.0
<Jan27-2022> <12:41:43>     12      0.00004474      0.00000960      0.0
<Jan27-2022> <12:41:44>     13      0.00000334      0.00000092      0.0
<Jan27-2022> <12:41:44>     14      0.00000017      0.00000003      0.0
<Jan27-2022> <12:41:44>     15      0.00000001      0.00000000      0.0
<Jan27-2022> <12:41:44>  SCF converged
<Jan27-2022> <12:41:44>     16      0.00000000      0.00000000      0.0
<Jan27-2022> <12:41:44>  >>>> POPAN
<Jan27-2022> <12:41:44>  >>>> DEBYE
<Jan27-2022> <12:41:45>  DIRAC 2021.102  RunTime: Jan27-2022 12:41:45  ShM Nodes: 1  Procs: 1
<Jan27-2022> <12:41:45>  Chlorine (TZ2P)
<Jan27-2022> <12:41:45>  Net Charge: 0 (Nuclei minus Electrons)
<Jan27-2022> <12:41:45>  Symmetry  : ATOM
<Jan27-2022> <12:41:45>  Coordinates
<Jan27-2022> <12:41:45>     Atom         X           Y           Z   (Angstrom)
<Jan27-2022> <12:41:45>     1.Cl        0.000000    0.000000    0.000000
<Jan27-2022> <12:41:45>  >>>> CORORT
<Jan27-2022> <12:41:45>  >>>> CLSMAT
<Jan27-2022> <12:41:45>  >>>> ORTHON
<Jan27-2022> <12:41:45>  >>>> GENPT
<Jan27-2022> <12:41:45>  Block Length=  93
<Jan27-2022> <12:41:45>  >>>> PTBAS
<Jan27-2022> <12:41:45>  >>>> CYCLE
<Jan27-2022> <12:41:46>              |Error|         MaxErr       Wt(A-DIIS)
<Jan27-2022> <12:41:46>      1      0.00000000      0.00000000
<Jan27-2022> <12:41:46>      2     37.97178129     10.81368001    100.0
<Jan27-2022> <12:41:46>      3     20.81592691      7.10099309    100.0
<Jan27-2022> <12:41:46>      4      5.86634430      1.99760405    100.0
<Jan27-2022> <12:41:46>      5      3.97516517      1.71800842    100.0
<Jan27-2022> <12:41:46>      6      0.27245054      0.10336241    100.0
<Jan27-2022> <12:41:46>      7      0.22638168      0.09827309     98.3
<Jan27-2022> <12:41:46>      8      0.05690956      0.02098624     20.2
<Jan27-2022> <12:41:46>      9      0.00664419      0.00263308      1.6
<Jan27-2022> <12:41:46>     10      0.00015446      0.00006612      0.0
<Jan27-2022> <12:41:46>     11      0.00000385      0.00000160      0.0
<Jan27-2022> <12:41:46>     12      0.00000007      0.00000003      0.0
<Jan27-2022> <12:41:46>     13      0.00000000      0.00000000      0.0
<Jan27-2022> <12:41:46>  SCF converged
<Jan27-2022> <12:41:46>     14      0.00000000      0.00000000      0.0
<Jan27-2022> <12:41:46>  >>>> POPAN
<Jan27-2022> <12:41:46>  >>>> DEBYE
<Jan27-2022> <12:41:46>  *** GOStep1 ***
<Jan27-2022> <12:41:47>  >>>> FRAGM
<Jan27-2022> <12:41:47>  Coordinates
<Jan27-2022> <12:41:47>     Atom         X           Y           Z   (Angstrom)
<Jan27-2022> <12:41:47>     1.Sn        1.920000    0.000000    0.000000
<Jan27-2022> <12:41:47>     2.Cl        3.318105    1.868142   -0.476692
<Jan27-2022> <12:41:47>     3.Cl        3.544850   -1.592451    0.704129
<Jan27-2022> <12:41:47>  >>>> CORORT
<Jan27-2022> <12:41:47>  >>>> CLSMAT
<Jan27-2022> <12:41:47>  >>>> ORTHON
<Jan27-2022> <12:41:48>  >>>> GENPT
<Jan27-2022> <12:41:48>  Block Length= 128
<Jan27-2022> <12:41:48>  >>>> PTBAS
<Jan27-2022> <12:41:49>  >>>> CYCLE
<Jan27-2022> <12:41:55>              |Error|         MaxErr       Wt(A-DIIS)
<Jan27-2022> <12:41:55>      1      2.70126702      0.65977615
<Jan27-2022> <12:41:58>      2      0.39726629      0.08332594    100.0
<Jan27-2022> <12:42:02>      3      0.18947954      0.04152465    100.0
<Jan27-2022> <12:42:05>      4      0.46389939      0.08460716    100.0
<Jan27-2022> <12:42:08>      5      0.10947093      0.02293604     22.2
<Jan27-2022> <12:42:11>      6      0.01534003      0.00205448      1.1
<Jan27-2022> <12:42:15>      7      0.00288906      0.00075541      0.0
<Jan27-2022> <12:42:18>      8      0.00093845      0.00019830      0.0
<Jan27-2022> <12:42:21>      9      0.00018684      0.00004203      0.0
<Jan27-2022> <12:42:26>     10      0.00002945      0.00000699      0.0
<Jan27-2022> <12:42:29>     11      0.00000650      0.00000131      0.0
<Jan27-2022> <12:42:33>     12      0.00000242      0.00000036      0.0
<Jan27-2022> <12:42:34>  SCF converged
<Jan27-2022> <12:42:36>     13      0.00000090      0.00000018      0.0
<Jan27-2022> <12:42:37>  >>>> TOTEN
<Jan27-2022> <12:42:42>  >>>> POPAN
<Jan27-2022> <12:42:42>  >>>> DEBYE
<Jan27-2022> <12:42:42>  >>>> ENGRAD
<Jan27-2022> <12:42:48>  current energy                               -0.33802117 Hartree
<Jan27-2022> <12:42:48>  energy change                      -0.33802117     0.00003000    F
<Jan27-2022> <12:42:48>  constrained gradient max            0.00916447     0.00100000    F
<Jan27-2022> <12:42:48>  constrained gradient rms            0.00440511     0.00066667    F
<Jan27-2022> <12:42:48>  gradient max                        0.00916447
<Jan27-2022> <12:42:48>  gradient rms                        0.00440511
<Jan27-2022> <12:42:48>  cart. step max                      0.00479018     0.01000000    T
<Jan27-2022> <12:42:48>  cart. step rms                      0.00204868     0.00666667    T
<Jan27-2022> <12:42:48>  Iteration 2
<Jan27-2022> <12:42:49>  *** GOStep2 ***
<Jan27-2022> <12:42:49>  >>>> FRAGM
<Jan27-2022> <12:42:49>  Coordinates
<Jan27-2022> <12:42:49>     Atom         X           Y           Z   (Angstrom)
<Jan27-2022> <12:42:49>     1.Sn        1.915210   -0.000433   -0.000362
<Jan27-2022> <12:42:49>     2.Cl        3.320572    1.867225   -0.476124
<Jan27-2022> <12:42:49>     3.Cl        3.547172   -1.591102    0.703924
<Jan27-2022> <12:42:49>  >>>> CORORT
<Jan27-2022> <12:42:49>  >>>> CLSMAT
<Jan27-2022> <12:42:49>  >>>> ORTHON
<Jan27-2022> <12:42:49>  >>>> GENPT
<Jan27-2022> <12:42:49>  Block Length= 128
<Jan27-2022> <12:42:50>  >>>> PTBAS
<Jan27-2022> <12:42:51>  >>>> CYCLE
<Jan27-2022> <12:42:55>  using orbital data from restart file
<Jan27-2022> <12:42:57>              |Error|         MaxErr       Wt(A-DIIS)
<Jan27-2022> <12:42:57>      1      0.01952972      0.00531817
<Jan27-2022> <12:43:00>      2      0.00256643      0.00057463    100.0
<Jan27-2022> <12:43:03>      3      0.00440069      0.00078064    100.0
<Jan27-2022> <12:43:06>      4      0.00086160      0.00020951      0.0
<Jan27-2022> <12:43:09>      5      0.00020562      0.00002995      0.0
<Jan27-2022> <12:43:13>      6      0.00003136      0.00000537      0.0
<Jan27-2022> <12:43:16>      7      0.00000769      0.00000195      0.0
<Jan27-2022> <12:43:19>      8      0.00000148      0.00000033      0.0
<Jan27-2022> <12:43:21>  SCF converged
<Jan27-2022> <12:43:22>      9      0.00000020      0.00000004      0.0
<Jan27-2022> <12:43:24>  >>>> TOTEN
<Jan27-2022> <12:43:28>  >>>> POPAN
<Jan27-2022> <12:43:28>  >>>> DEBYE
<Jan27-2022> <12:43:28>  >>>> ENGRAD
<Jan27-2022> <12:43:34>  current energy                               -0.33806830 Hartree
<Jan27-2022> <12:43:34>  energy change                      -0.00004713     0.00003000    F
<Jan27-2022> <12:43:34>  constrained gradient max            0.00655039     0.00100000    F
<Jan27-2022> <12:43:34>  constrained gradient rms            0.00322371     0.00066667    F
<Jan27-2022> <12:43:34>  gradient max                        0.00655039
<Jan27-2022> <12:43:34>  gradient rms                        0.00322371
<Jan27-2022> <12:43:34>  cart. step max                      0.00791173     0.01000000    T
<Jan27-2022> <12:43:34>  cart. step rms                      0.00358427     0.00666667    T
<Jan27-2022> <12:43:34>  Iteration 3
<Jan27-2022> <12:43:34>  *** GOStep3 ***
<Jan27-2022> <12:43:34>  >>>> FRAGM
<Jan27-2022> <12:43:35>  Coordinates
<Jan27-2022> <12:43:35>     Atom         X           Y           Z   (Angstrom)
<Jan27-2022> <12:43:35>     1.Sn        1.907298   -0.001142   -0.000961
<Jan27-2022> <12:43:35>     2.Cl        3.324325    1.870599   -0.476855
<Jan27-2022> <12:43:35>     3.Cl        3.551331   -1.593766    0.705254
<Jan27-2022> <12:43:35>  >>>> CORORT
<Jan27-2022> <12:43:35>  >>>> CLSMAT
<Jan27-2022> <12:43:35>  >>>> ORTHON
<Jan27-2022> <12:43:35>  >>>> GENPT
<Jan27-2022> <12:43:35>  Block Length= 128
<Jan27-2022> <12:43:35>  >>>> PTBAS
<Jan27-2022> <12:43:37>  >>>> CYCLE
<Jan27-2022> <12:43:40>  using orbital data from restart file
<Jan27-2022> <12:43:42>              |Error|         MaxErr       Wt(A-DIIS)
<Jan27-2022> <12:43:42>      1      0.04878232      0.01331268
<Jan27-2022> <12:43:46>      2      0.00713289      0.00165028    100.0
<Jan27-2022> <12:43:50>      3      0.01203502      0.00225889    100.0
<Jan27-2022> <12:43:53>      4      0.00241680      0.00059073      0.0
<Jan27-2022> <12:43:56>      5      0.00054833      0.00007133      0.0
<Jan27-2022> <12:44:00>      6      0.00008049      0.00001311      0.0
<Jan27-2022> <12:44:03>      7      0.00001866      0.00000425      0.0
<Jan27-2022> <12:44:06>      8      0.00000398      0.00000080      0.0
<Jan27-2022> <12:44:07>  SCF converged
<Jan27-2022> <12:44:09>      9      0.00000053      0.00000011      0.0
<Jan27-2022> <12:44:11>  >>>> TOTEN
<Jan27-2022> <12:44:15>  >>>> POPAN
<Jan27-2022> <12:44:15>  >>>> DEBYE
<Jan27-2022> <12:44:15>  >>>> ENGRAD
<Jan27-2022> <12:44:21>  current energy                               -0.33812568 Hartree
<Jan27-2022> <12:44:21>  energy change                      -0.00005738     0.00003000    F
<Jan27-2022> <12:44:21>  constrained gradient max            0.00063552     0.00100000    T
<Jan27-2022> <12:44:21>  constrained gradient rms            0.00034372     0.00066667    T
<Jan27-2022> <12:44:21>  gradient max                        0.00063552
<Jan27-2022> <12:44:21>  gradient rms                        0.00034372
<Jan27-2022> <12:44:21>  cart. step max                      0.00299022     0.01000000    T
<Jan27-2022> <12:44:21>  cart. step rms                      0.00153868     0.00666667    T
<Jan27-2022> <12:44:21>  Iteration 4
<Jan27-2022> <12:44:22>  *** GOStep4 ***
<Jan27-2022> <12:44:22>  >>>> FRAGM
<Jan27-2022> <12:44:22>  Coordinates
<Jan27-2022> <12:44:22>     Atom         X           Y           Z   (Angstrom)
<Jan27-2022> <12:44:22>     1.Sn        1.908436   -0.001036   -0.000876
<Jan27-2022> <12:44:22>     2.Cl        3.323563    1.873483   -0.477900
<Jan27-2022> <12:44:22>     3.Cl        3.550956   -1.596756    0.706214
<Jan27-2022> <12:44:22>  >>>> CORORT
<Jan27-2022> <12:44:22>  >>>> CLSMAT
<Jan27-2022> <12:44:22>  >>>> ORTHON
<Jan27-2022> <12:44:22>  >>>> GENPT
<Jan27-2022> <12:44:22>  Block Length= 128
<Jan27-2022> <12:44:23>  >>>> PTBAS
<Jan27-2022> <12:44:24>  >>>> CYCLE
<Jan27-2022> <12:44:28>  using orbital data from restart file
<Jan27-2022> <12:44:30>              |Error|         MaxErr       Wt(A-DIIS)
<Jan27-2022> <12:44:30>      1      0.00821626      0.00247887
<Jan27-2022> <12:44:34>      2      0.00107003      0.00024249    100.0
<Jan27-2022> <12:44:37>      3      0.00162117      0.00033533    100.0
<Jan27-2022> <12:44:40>      4      0.00029967      0.00006410      0.0
<Jan27-2022> <12:44:43>      5      0.00007770      0.00001028      0.0
<Jan27-2022> <12:44:48>      6      0.00001057      0.00000145      0.0
<Jan27-2022> <12:44:51>      7      0.00000215      0.00000033      0.0
<Jan27-2022> <12:44:52>  SCF converged
<Jan27-2022> <12:44:54>      8      0.00000045      0.00000009      0.0
<Jan27-2022> <12:44:56>  >>>> TOTEN
<Jan27-2022> <12:45:00>  >>>> POPAN
<Jan27-2022> <12:45:00>  >>>> DEBYE
<Jan27-2022> <12:45:00>  >>>> ENGRAD
<Jan27-2022> <12:45:07>  current energy                               -0.33812875 Hartree
<Jan27-2022> <12:45:07>  energy change                      -0.00000307     0.00003000    T
<Jan27-2022> <12:45:07>  constrained gradient max            0.00016209     0.00100000    T
<Jan27-2022> <12:45:07>  constrained gradient rms            0.00008321     0.00066667    T
<Jan27-2022> <12:45:07>  gradient max                        0.00016209
<Jan27-2022> <12:45:07>  gradient rms                        0.00008321
<Jan27-2022> <12:45:07>  cart. step max                      0.00189689     0.01000000    T
<Jan27-2022> <12:45:07>  cart. step rms                      0.00104129     0.00666667    T
<Jan27-2022> <12:45:07>  Geometry optimization converged
<Jan27-2022> <12:45:07>  *** adf ***
<Jan27-2022> <12:45:07>  Net Charge: 0 (Nuclei minus Electrons)
<Jan27-2022> <12:45:07>  Symmetry  : NOSYM
<Jan27-2022> <12:45:07>  >>>> FRAGM
<Jan27-2022> <12:45:07>  Coordinates
<Jan27-2022> <12:45:07>     Atom         X           Y           Z   (Angstrom)
<Jan27-2022> <12:45:07>     1.Sn        1.908436   -0.001036   -0.000876
<Jan27-2022> <12:45:07>     2.Cl        3.323563    1.873483   -0.477900
<Jan27-2022> <12:45:07>     3.Cl        3.550956   -1.596756    0.706214
<Jan27-2022> <12:45:07>  >>>> CORORT
<Jan27-2022> <12:45:07>  >>>> CLSMAT
<Jan27-2022> <12:45:07>  >>>> ORTHON
<Jan27-2022> <12:45:07>  >>>> GENPT
<Jan27-2022> <12:45:08>  Block Length= 128
<Jan27-2022> <12:45:08>  >>>> PTBAS
<Jan27-2022> <12:45:09>  >>>> CYCLE
<Jan27-2022> <12:45:13>  using orbital data from restart file
<Jan27-2022> <12:45:15>              |Error|         MaxErr       Wt(A-DIIS)
<Jan27-2022> <12:45:15>      1      0.00000007      0.00000001
<Jan27-2022> <12:45:18>      2      0.00000008      0.00000002    100.0
<Jan27-2022> <12:45:20>  SCF converged
<Jan27-2022> <12:45:21>      3      0.00000011      0.00000003    100.0
<Jan27-2022> <12:45:24>  >>>> TOTEN
<Jan27-2022> <12:45:33>  >>>> POPAN
<Jan27-2022> <12:45:33>  >>>> DEBYE
<Jan27-2022> <12:45:33>  >>>> AMETS
<Jan27-2022> <12:45:34>   Bond Energy          -0.33812875 a.u.
<Jan27-2022> <12:45:34>   Bond Energy          -9.20095136 eV
<Jan27-2022> <12:45:34>   Bond Energy        -212.18       kcal/mol
<Jan27-2022> <12:45:34>  >>>> POPUL
<Jan27-2022> <12:45:34>  >>>> ENGRAD
<Jan27-2022> <12:45:40>  >>>> ENHESS
<Jan27-2022> <12:45:42>  === NUCLEUS:     1
<Jan27-2022> <12:47:12>  === NUCLEUS:     2
<Jan27-2022> <12:48:38>  === NUCLEUS:     3
<Jan27-2022> <12:50:02>  >>>> CALC_HESS_PMAT
<Jan27-2022> <12:50:15>  >>>> CALC_HESS_WMAT
<Jan27-2022> <12:50:17>  PES point character: Geometry corresponds to a local minimum on the PES.
<Jan27-2022> <12:50:17>  Geometry optimization successful!
<Jan27-2022> <12:50:17>  WARNING: total elapsed time is much higher than the (CPU+system) time.
<Jan27-2022> <12:50:17>  Make sure the machine is not oversubscribed and has enough memory, SCM_TMPDIR points to a fast file system, and the network is fast enough.
<Jan27-2022> <12:50:17>  NORMAL TERMINATION
