<Jan24-2022> <14:08:01>  AMS 2021.102  RunTime: Jan24-2022 14:08:01  ShM Nodes: 1  Procs: 4
<Jan24-2022> <14:08:02>  ADF 2021.102  RunTime: Jan24-2022 14:08:02  ShM Nodes: 1  Procs: 4
<Jan24-2022> <14:08:02>  *** (NO TITLE) ***
<Jan24-2022> <14:08:02>  Iteration 1
<Jan24-2022> <14:08:02>  DIRAC 2021.102  RunTime: Jan24-2022 14:08:02  ShM Nodes: 1  Procs: 1
<Jan24-2022> <14:08:02>  Hydrogen (TZ2P)
<Jan24-2022> <14:08:02>  Net Charge: 0 (Nuclei minus Electrons)
<Jan24-2022> <14:08:02>  Symmetry  : ATOM
<Jan24-2022> <14:08:02>  Coordinates
<Jan24-2022> <14:08:02>     Atom         X           Y           Z   (Angstrom)
<Jan24-2022> <14:08:02>     1.H         0.000000    0.000000    0.000000
<Jan24-2022> <14:08:02>  >>>> CORORT
<Jan24-2022> <14:08:02>  >>>> CLSMAT
<Jan24-2022> <14:08:02>  >>>> ORTHON
<Jan24-2022> <14:08:02>  >>>> GENPT
<Jan24-2022> <14:08:02>  Block Length=  64
<Jan24-2022> <14:08:02>  >>>> PTBAS
<Jan24-2022> <14:08:02>  >>>> CYCLE
<Jan24-2022> <14:08:02>              |Error|         MaxErr       Wt(A-DIIS)
<Jan24-2022> <14:08:02>      1      0.00000000      0.00000000
<Jan24-2022> <14:08:02>      2      0.03080019      0.02591482
<Jan24-2022> <14:08:02>      3      0.01140383      0.01135775    100.0
<Jan24-2022> <14:08:03>      4      0.00327656      0.00327407      2.3
<Jan24-2022> <14:08:03>      5      0.00010041      0.00009754      0.0
<Jan24-2022> <14:08:03>      6      0.00000525      0.00000504      0.0
<Jan24-2022> <14:08:03>      7      0.00000007      0.00000007      0.0
<Jan24-2022> <14:08:03>      8      0.00000000      0.00000000      0.0
<Jan24-2022> <14:08:03>  SCF converged
<Jan24-2022> <14:08:03>      9      0.00000000      0.00000000      0.0
<Jan24-2022> <14:08:03>  >>>> POPAN
<Jan24-2022> <14:08:03>  >>>> DEBYE
<Jan24-2022> <14:08:03>  DIRAC 2021.102  RunTime: Jan24-2022 14:08:03  ShM Nodes: 1  Procs: 1
<Jan24-2022> <14:08:03>  Carbon (TZ2P)
<Jan24-2022> <14:08:03>  Net Charge: 0 (Nuclei minus Electrons)
<Jan24-2022> <14:08:03>  Symmetry  : ATOM
<Jan24-2022> <14:08:03>  Coordinates
<Jan24-2022> <14:08:03>     Atom         X           Y           Z   (Angstrom)
<Jan24-2022> <14:08:03>     1.C         0.000000    0.000000    0.000000
<Jan24-2022> <14:08:03>  >>>> CORORT
<Jan24-2022> <14:08:03>  >>>> CLSMAT
<Jan24-2022> <14:08:03>  >>>> ORTHON
<Jan24-2022> <14:08:03>  >>>> GENPT
<Jan24-2022> <14:08:03>  Block Length=  72
<Jan24-2022> <14:08:03>  >>>> PTBAS
<Jan24-2022> <14:08:03>  >>>> CYCLE
<Jan24-2022> <14:08:03>              |Error|         MaxErr       Wt(A-DIIS)
<Jan24-2022> <14:08:03>      1      0.00000000      0.00000000
<Jan24-2022> <14:08:03>      2      4.48405934      3.32161898    100.0
<Jan24-2022> <14:08:03>      3      1.60718414      1.28408746    100.0
<Jan24-2022> <14:08:03>      4      0.76426456      0.62272052    100.0
<Jan24-2022> <14:08:03>      5      0.36119063      0.28553990    100.0
<Jan24-2022> <14:08:03>      6      0.14821424      0.11559867    100.0
<Jan24-2022> <14:08:03>      7      0.10108424      0.07867111     78.5
<Jan24-2022> <14:08:03>      8      0.01786531      0.01387049     13.0
<Jan24-2022> <14:08:03>      9      0.00195746      0.00153262      0.5
<Jan24-2022> <14:08:03>     10      0.00001058      0.00000730      0.0
<Jan24-2022> <14:08:03>     11      0.00000047      0.00000027      0.0
<Jan24-2022> <14:08:03>     12      0.00000003      0.00000002      0.0
<Jan24-2022> <14:08:03>     13      0.00000000      0.00000000      0.0
<Jan24-2022> <14:08:03>  SCF converged
<Jan24-2022> <14:08:03>     14      0.00000000      0.00000000      0.0
<Jan24-2022> <14:08:03>  >>>> POPAN
<Jan24-2022> <14:08:03>  >>>> DEBYE
<Jan24-2022> <14:08:03>  *** GOStep1 ***
<Jan24-2022> <14:08:03>  >>>> FRAGM
<Jan24-2022> <14:08:03>  Coordinates
<Jan24-2022> <14:08:03>     Atom         X           Y           Z   (Angstrom)
<Jan24-2022> <14:08:03>     1.H         2.053570   -0.803441    0.000000
<Jan24-2022> <14:08:03>     2.C         0.972937   -0.695741    0.000000
<Jan24-2022> <14:08:03>     3.H         0.663467   -0.150351    0.886617
<Jan24-2022> <14:08:03>     4.H         0.663467    0.150351   -0.886617
<Jan24-2022> <14:08:03>  >>>> CORORT
<Jan24-2022> <14:08:03>  >>>> CLSMAT
<Jan24-2022> <14:08:03>  >>>> ORTHON
<Jan24-2022> <14:08:04>  >>>> GENPT
<Jan24-2022> <14:08:04>  Block Length= 128
<Jan24-2022> <14:08:04>  >>>> PTBAS
<Jan24-2022> <14:08:04>  >>>> CYCLE
<Jan24-2022> <14:08:05>              |Error|         MaxErr       Wt(A-DIIS)
<Jan24-2022> <14:08:05>      1      1.82550844      0.37604047
<Jan24-2022> <14:08:07>      2      0.43473674      0.04919750    100.0
<Jan24-2022> <14:08:08>      3      0.41343507      0.05953285    100.0
<Jan24-2022> <14:08:09>      4      0.05484385      0.00563789      4.7
<Jan24-2022> <14:08:10>      5      0.01218287      0.00187576      0.9
<Jan24-2022> <14:08:11>      6      0.00143899      0.00017142      0.0
<Jan24-2022> <14:08:12>      7      0.00043138      0.00004931      0.0
<Jan24-2022> <14:08:13>      8      0.00015256      0.00001901      0.0
<Jan24-2022> <14:08:14>      9      0.00003797      0.00000480      0.0
<Jan24-2022> <14:08:16>     10      0.00000591      0.00000095      0.0
<Jan24-2022> <14:08:16>  SCF converged
<Jan24-2022> <14:08:17>     11      0.00000154      0.00000025      0.0
<Jan24-2022> <14:08:17>  >>>> TOTEN
<Jan24-2022> <14:08:18>  >>>> POPAN
<Jan24-2022> <14:08:18>  >>>> DEBYE
<Jan24-2022> <14:08:18>  >>>> ENGRAD
<Jan24-2022> <14:08:19>  current energy                               -0.61784933 Hartree
<Jan24-2022> <14:08:19>  energy change                      -0.61784933     0.00004000    F
<Jan24-2022> <14:08:19>  constrained gradient max            0.16087428     0.00100000    F
<Jan24-2022> <14:08:19>  constrained gradient rms            0.06525784     0.00066667    F
<Jan24-2022> <14:08:19>  gradient max                        0.16087428
<Jan24-2022> <14:08:19>  gradient rms                        0.06525784
<Jan24-2022> <14:08:19>  cart. step max                      0.03789453     0.01000000    F
<Jan24-2022> <14:08:19>  cart. step rms                      0.01692117     0.00666667    F
<Jan24-2022> <14:08:19>  Iteration 2
<Jan24-2022> <14:08:19>  *** GOStep2 ***
<Jan24-2022> <14:08:19>  >>>> FRAGM
<Jan24-2022> <14:08:19>  Coordinates
<Jan24-2022> <14:08:19>     Atom         X           Y           Z   (Angstrom)
<Jan24-2022> <14:08:19>     1.H         2.052753   -0.808464   -0.016502
<Jan24-2022> <14:08:19>     2.C         0.973431   -0.657847   -0.010312
<Jan24-2022> <14:08:19>     3.H         0.648892   -0.155785    0.903096
<Jan24-2022> <14:08:19>     4.H         0.678365    0.122913   -0.876282
<Jan24-2022> <14:08:19>  >>>> CORORT
<Jan24-2022> <14:08:19>  >>>> CLSMAT
<Jan24-2022> <14:08:19>  >>>> ORTHON
<Jan24-2022> <14:08:19>  >>>> GENPT
<Jan24-2022> <14:08:19>  Block Length= 128
<Jan24-2022> <14:08:20>  >>>> PTBAS
<Jan24-2022> <14:08:20>  >>>> CYCLE
<Jan24-2022> <14:08:21>  using orbital data from restart file
<Jan24-2022> <14:08:21>              |Error|         MaxErr       Wt(A-DIIS)
<Jan24-2022> <14:08:21>      1      0.11646284      0.03030531
<Jan24-2022> <14:08:22>      2      0.02424311      0.00276688    100.0
<Jan24-2022> <14:08:24>      3      0.01459030      0.00188405    100.0
<Jan24-2022> <14:08:25>      4      0.01504940      0.00172223      0.7
<Jan24-2022> <14:08:26>      5      0.00038842      0.00005526      0.0
<Jan24-2022> <14:08:27>      6      0.00009391      0.00000934      0.0
<Jan24-2022> <14:08:28>      7      0.00001481      0.00000173      0.0
<Jan24-2022> <14:08:29>      8      0.00000527      0.00000074      0.0
<Jan24-2022> <14:08:29>  SCF converged
<Jan24-2022> <14:08:30>      9      0.00000081      0.00000010      0.0
<Jan24-2022> <14:08:30>  >>>> TOTEN
<Jan24-2022> <14:08:31>  >>>> POPAN
<Jan24-2022> <14:08:31>  >>>> DEBYE
<Jan24-2022> <14:08:31>  >>>> ENGRAD
<Jan24-2022> <14:08:32>  current energy                               -0.62853719 Hartree
<Jan24-2022> <14:08:32>  energy change                      -0.01068786     0.00004000    F
<Jan24-2022> <14:08:32>  constrained gradient max            0.13347270     0.00100000    F
<Jan24-2022> <14:08:32>  constrained gradient rms            0.05213982     0.00066667    F
<Jan24-2022> <14:08:32>  gradient max                        0.13347270
<Jan24-2022> <14:08:32>  gradient rms                        0.05213982
<Jan24-2022> <14:08:32>  cart. step max                      0.07281860     0.01000000    F
<Jan24-2022> <14:08:32>  cart. step rms                      0.03354442     0.00666667    F
<Jan24-2022> <14:08:32>  Iteration 3
<Jan24-2022> <14:08:32>  *** GOStep3 ***
<Jan24-2022> <14:08:32>  >>>> FRAGM
<Jan24-2022> <14:08:33>  Coordinates
<Jan24-2022> <14:08:33>     Atom         X           Y           Z   (Angstrom)
<Jan24-2022> <14:08:33>     1.H         2.040892   -0.811882   -0.042127
<Jan24-2022> <14:08:33>     2.C         0.972147   -0.585028   -0.037269
<Jan24-2022> <14:08:33>     3.H         0.630782   -0.166253    0.915368
<Jan24-2022> <14:08:33>     4.H         0.709620    0.063981   -0.835972
<Jan24-2022> <14:08:33>  >>>> CORORT
<Jan24-2022> <14:08:33>  >>>> CLSMAT
<Jan24-2022> <14:08:33>  >>>> ORTHON
<Jan24-2022> <14:08:33>  >>>> GENPT
<Jan24-2022> <14:08:33>  Block Length= 128
<Jan24-2022> <14:08:33>  >>>> PTBAS
<Jan24-2022> <14:08:33>  >>>> CYCLE
<Jan24-2022> <14:08:34>  using orbital data from restart file
<Jan24-2022> <14:08:35>              |Error|         MaxErr       Wt(A-DIIS)
<Jan24-2022> <14:08:35>      1      0.30478414      0.08077309
<Jan24-2022> <14:08:36>      2      0.04288924      0.00506841    100.0
<Jan24-2022> <14:08:37>      3      0.02632068      0.00344924    100.0
<Jan24-2022> <14:08:38>      4      0.02595773      0.00279750      1.8
<Jan24-2022> <14:08:39>      5      0.00090493      0.00014295      0.0
<Jan24-2022> <14:08:40>      6      0.00016321      0.00002220      0.0
<Jan24-2022> <14:08:41>      7      0.00004639      0.00000616      0.0
<Jan24-2022> <14:08:42>      8      0.00001183      0.00000197      0.0
<Jan24-2022> <14:08:43>      9      0.00000138      0.00000015      0.0
<Jan24-2022> <14:08:44>  SCF converged
<Jan24-2022> <14:08:45>     10      0.00000030      0.00000004      0.0
<Jan24-2022> <14:08:45>  >>>> TOTEN
<Jan24-2022> <14:08:46>  >>>> POPAN
<Jan24-2022> <14:08:46>  >>>> DEBYE
<Jan24-2022> <14:08:46>  >>>> ENGRAD
<Jan24-2022> <14:08:47>  current energy                               -0.63918818 Hartree
<Jan24-2022> <14:08:47>  energy change                      -0.01065098     0.00004000    F
<Jan24-2022> <14:08:47>  constrained gradient max            0.04017636     0.00100000    F
<Jan24-2022> <14:08:47>  constrained gradient rms            0.02447855     0.00066667    F
<Jan24-2022> <14:08:47>  gradient max                        0.04017636
<Jan24-2022> <14:08:47>  gradient rms                        0.02447855
<Jan24-2022> <14:08:47>  cart. step max                      0.05066219     0.01000000    F
<Jan24-2022> <14:08:47>  cart. step rms                      0.02572289     0.00666667    F
<Jan24-2022> <14:08:47>  Iteration 4
<Jan24-2022> <14:08:47>  *** GOStep4 ***
<Jan24-2022> <14:08:47>  >>>> FRAGM
<Jan24-2022> <14:08:47>  Coordinates
<Jan24-2022> <14:08:47>     Atom         X           Y           Z   (Angstrom)
<Jan24-2022> <14:08:47>     1.H         2.043652   -0.836604   -0.027403
<Jan24-2022> <14:08:47>     2.C         0.995916   -0.534366   -0.030120
<Jan24-2022> <14:08:47>     3.H         0.629889   -0.191278    0.939054
<Jan24-2022> <14:08:47>     4.H         0.683984    0.063066   -0.881531
<Jan24-2022> <14:08:47>  >>>> CORORT
<Jan24-2022> <14:08:47>  >>>> CLSMAT
<Jan24-2022> <14:08:47>  >>>> ORTHON
<Jan24-2022> <14:08:47>  >>>> GENPT
<Jan24-2022> <14:08:47>  Block Length= 128
<Jan24-2022> <14:08:47>  >>>> PTBAS
<Jan24-2022> <14:08:47>  >>>> CYCLE
<Jan24-2022> <14:08:48>  using orbital data from restart file
<Jan24-2022> <14:08:49>              |Error|         MaxErr       Wt(A-DIIS)
<Jan24-2022> <14:08:49>      1      0.08283935      0.01529630
<Jan24-2022> <14:08:50>      2      0.02452429      0.00349152    100.0
<Jan24-2022> <14:08:51>      3      0.01982268      0.00285660    100.0
<Jan24-2022> <14:08:52>      4      0.01947520      0.00280745      1.8
<Jan24-2022> <14:08:54>      5      0.00603874      0.00110285      0.1
<Jan24-2022> <14:08:55>      6      0.00033788      0.00004610      0.0
<Jan24-2022> <14:08:56>      7      0.00022010      0.00003014      0.0
<Jan24-2022> <14:08:57>      8      0.00002610      0.00000315      0.0
<Jan24-2022> <14:08:58>      9      0.00000197      0.00000022      0.0
<Jan24-2022> <14:08:58>  SCF converged
<Jan24-2022> <14:08:59>     10      0.00000060      0.00000008      0.0
<Jan24-2022> <14:08:59>  >>>> TOTEN
<Jan24-2022> <14:09:01>  >>>> POPAN
<Jan24-2022> <14:09:01>  >>>> DEBYE
<Jan24-2022> <14:09:01>  >>>> ENGRAD
<Jan24-2022> <14:09:01>  current energy                               -0.64388726 Hartree
<Jan24-2022> <14:09:01>  energy change                      -0.00469909     0.00004000    F
<Jan24-2022> <14:09:01>  constrained gradient max            0.03084097     0.00100000    F
<Jan24-2022> <14:09:01>  constrained gradient rms            0.01331012     0.00066667    F
<Jan24-2022> <14:09:01>  gradient max                        0.03084097
<Jan24-2022> <14:09:01>  gradient rms                        0.01331012
<Jan24-2022> <14:09:01>  cart. step max                      0.06275230     0.01000000    F
<Jan24-2022> <14:09:01>  cart. step rms                      0.02425708     0.00666667    F
<Jan24-2022> <14:09:01>  Iteration 5
<Jan24-2022> <14:09:02>  *** GOStep5 ***
<Jan24-2022> <14:09:02>  >>>> FRAGM
<Jan24-2022> <14:09:02>  Coordinates
<Jan24-2022> <14:09:02>     Atom         X           Y           Z   (Angstrom)
<Jan24-2022> <14:09:02>     1.H         2.039870   -0.860261   -0.027170
<Jan24-2022> <14:09:02>     2.C         1.025241   -0.471614   -0.022404
<Jan24-2022> <14:09:02>     3.H         0.619102   -0.213787    0.950603
<Jan24-2022> <14:09:02>     4.H         0.669227    0.046480   -0.901029
<Jan24-2022> <14:09:02>  >>>> CORORT
<Jan24-2022> <14:09:02>  >>>> CLSMAT
<Jan24-2022> <14:09:02>  >>>> ORTHON
<Jan24-2022> <14:09:02>  >>>> GENPT
<Jan24-2022> <14:09:02>  Block Length= 128
<Jan24-2022> <14:09:02>  >>>> PTBAS
<Jan24-2022> <14:09:02>  >>>> CYCLE
<Jan24-2022> <14:09:03>  using orbital data from restart file
<Jan24-2022> <14:09:04>              |Error|         MaxErr       Wt(A-DIIS)
<Jan24-2022> <14:09:04>      1      0.07635390      0.01438340
<Jan24-2022> <14:09:05>      2      0.03006205      0.00412399    100.0
<Jan24-2022> <14:09:06>      3      0.02022295      0.00289184    100.0
<Jan24-2022> <14:09:07>      4      0.01399375      0.00237423      1.4
<Jan24-2022> <14:09:08>      5      0.00080389      0.00012994      0.0
<Jan24-2022> <14:09:09>      6      0.00009647      0.00001115      0.0
<Jan24-2022> <14:09:10>      7      0.00001489      0.00000189      0.0
<Jan24-2022> <14:09:12>      8      0.00000481      0.00000054      0.0
<Jan24-2022> <14:09:12>  SCF converged
<Jan24-2022> <14:09:13>      9      0.00000280      0.00000039      0.0
<Jan24-2022> <14:09:13>  >>>> TOTEN
<Jan24-2022> <14:09:14>  >>>> POPAN
<Jan24-2022> <14:09:14>  >>>> DEBYE
<Jan24-2022> <14:09:14>  >>>> ENGRAD
<Jan24-2022> <14:09:15>  current energy                               -0.64641295 Hartree
<Jan24-2022> <14:09:15>  energy change                      -0.00252569     0.00004000    F
<Jan24-2022> <14:09:15>  constrained gradient max            0.01615978     0.00100000    F
<Jan24-2022> <14:09:15>  constrained gradient rms            0.00749094     0.00066667    F
<Jan24-2022> <14:09:15>  gradient max                        0.01615978
<Jan24-2022> <14:09:15>  gradient rms                        0.00749094
<Jan24-2022> <14:09:15>  cart. step max                      0.04256834     0.01000000    F
<Jan24-2022> <14:09:15>  cart. step rms                      0.01843417     0.00666667    F
<Jan24-2022> <14:09:15>  Iteration 6
<Jan24-2022> <14:09:15>  *** GOStep6 ***
<Jan24-2022> <14:09:15>  >>>> FRAGM
<Jan24-2022> <14:09:15>  Coordinates
<Jan24-2022> <14:09:15>     Atom         X           Y           Z   (Angstrom)
<Jan24-2022> <14:09:15>     1.H         2.039777   -0.879320   -0.036492
<Jan24-2022> <14:09:15>     2.C         1.054742   -0.429045   -0.008936
<Jan24-2022> <14:09:15>     3.H         0.600811   -0.224324    0.951521
<Jan24-2022> <14:09:15>     4.H         0.658110    0.033507   -0.906093
<Jan24-2022> <14:09:15>  >>>> CORORT
<Jan24-2022> <14:09:15>  >>>> CLSMAT
<Jan24-2022> <14:09:15>  >>>> ORTHON
<Jan24-2022> <14:09:15>  >>>> GENPT
<Jan24-2022> <14:09:15>  Block Length= 128
<Jan24-2022> <14:09:15>  >>>> PTBAS
<Jan24-2022> <14:09:16>  >>>> CYCLE
<Jan24-2022> <14:09:16>  using orbital data from restart file
<Jan24-2022> <14:09:17>              |Error|         MaxErr       Wt(A-DIIS)
<Jan24-2022> <14:09:17>      1      0.06087989      0.00841819
<Jan24-2022> <14:09:18>      2      0.02598846      0.00350248    100.0
<Jan24-2022> <14:09:20>      3      0.01732409      0.00246977    100.0
<Jan24-2022> <14:09:21>      4      0.01241464      0.00203599      1.0
<Jan24-2022> <14:09:22>      5      0.00067785      0.00010582      0.0
<Jan24-2022> <14:09:23>      6      0.00010035      0.00001120      0.0
<Jan24-2022> <14:09:24>      7      0.00001348      0.00000170      0.0
<Jan24-2022> <14:09:25>      8      0.00000189      0.00000023      0.0
<Jan24-2022> <14:09:25>  SCF converged
<Jan24-2022> <14:09:26>      9      0.00000054      0.00000006      0.0
<Jan24-2022> <14:09:26>  >>>> TOTEN
<Jan24-2022> <14:09:28>  >>>> POPAN
<Jan24-2022> <14:09:28>  >>>> DEBYE
<Jan24-2022> <14:09:28>  >>>> ENGRAD
<Jan24-2022> <14:09:29>  current energy                               -0.64742785 Hartree
<Jan24-2022> <14:09:29>  energy change                      -0.00101490     0.00004000    F
<Jan24-2022> <14:09:29>  constrained gradient max            0.00646149     0.00100000    F
<Jan24-2022> <14:09:29>  constrained gradient rms            0.00309945     0.00066667    F
<Jan24-2022> <14:09:29>  gradient max                        0.00646149
<Jan24-2022> <14:09:29>  gradient rms                        0.00309945
<Jan24-2022> <14:09:29>  cart. step max                      0.03559794     0.01000000    F
<Jan24-2022> <14:09:29>  cart. step rms                      0.01468663     0.00666667    F
<Jan24-2022> <14:09:29>  Iteration 7
<Jan24-2022> <14:09:29>  *** GOStep7 ***
<Jan24-2022> <14:09:29>  >>>> FRAGM
<Jan24-2022> <14:09:29>  Coordinates
<Jan24-2022> <14:09:29>     Atom         X           Y           Z   (Angstrom)
<Jan24-2022> <14:09:29>     1.H         2.037000   -0.893655   -0.041939
<Jan24-2022> <14:09:29>     2.C         1.078404   -0.393447   -0.001919
<Jan24-2022> <14:09:29>     3.H         0.588224   -0.233455    0.948488
<Jan24-2022> <14:09:29>     4.H         0.649813    0.021376   -0.904630
<Jan24-2022> <14:09:29>  >>>> CORORT
<Jan24-2022> <14:09:29>  >>>> CLSMAT
<Jan24-2022> <14:09:29>  >>>> ORTHON
<Jan24-2022> <14:09:29>  >>>> GENPT
<Jan24-2022> <14:09:29>  Block Length= 128
<Jan24-2022> <14:09:29>  >>>> PTBAS
<Jan24-2022> <14:09:29>  >>>> CYCLE
<Jan24-2022> <14:09:30>  using orbital data from restart file
<Jan24-2022> <14:09:31>              |Error|         MaxErr       Wt(A-DIIS)
<Jan24-2022> <14:09:31>      1      0.04805587      0.00831315
<Jan24-2022> <14:09:32>      2      0.02203599      0.00293151    100.0
<Jan24-2022> <14:09:33>      3      0.02085833      0.00279847    100.0
<Jan24-2022> <14:09:34>      4      0.02084032      0.00279544      1.8
<Jan24-2022> <14:09:35>      5      0.01345740      0.00215958      1.2
<Jan24-2022> <14:09:36>      6      0.00127651      0.00013519      0.0
<Jan24-2022> <14:09:38>      7      0.00129001      0.00016993      0.0
<Jan24-2022> <14:09:39>      8      0.00004228      0.00000445      0.0
<Jan24-2022> <14:09:40>      9      0.00001871      0.00000243      0.0
<Jan24-2022> <14:09:41>     10      0.00001716      0.00000260      0.0
<Jan24-2022> <14:09:42>     11      0.00001668      0.00000247      0.0
<Jan24-2022> <14:09:43>     12      0.00001671      0.00000249      0.0
<Jan24-2022> <14:09:44>     13      0.00001662      0.00000248      0.0
<Jan24-2022> <14:09:45>     14      0.00000049      0.00000009      0.0
<Jan24-2022> <14:09:46>  SCF converged
<Jan24-2022> <14:09:46>     15      0.00000009      0.00000001      0.0
<Jan24-2022> <14:09:47>  >>>> TOTEN
<Jan24-2022> <14:09:48>  >>>> POPAN
<Jan24-2022> <14:09:48>  >>>> DEBYE
<Jan24-2022> <14:09:48>  >>>> ENGRAD
<Jan24-2022> <14:09:49>  current energy                               -0.64774195 Hartree
<Jan24-2022> <14:09:49>  energy change                      -0.00031410     0.00004000    F
<Jan24-2022> <14:09:49>  constrained gradient max            0.00226492     0.00100000    F
<Jan24-2022> <14:09:49>  constrained gradient rms            0.00126838     0.00066667    F
<Jan24-2022> <14:09:49>  gradient max                        0.00226492
<Jan24-2022> <14:09:49>  gradient rms                        0.00126838
<Jan24-2022> <14:09:49>  cart. step max                      0.01558833     0.01000000    F
<Jan24-2022> <14:09:49>  cart. step rms                      0.00604972     0.00666667    T
<Jan24-2022> <14:09:49>  Iteration 8
<Jan24-2022> <14:09:49>  *** GOStep8 ***
<Jan24-2022> <14:09:49>  >>>> FRAGM
<Jan24-2022> <14:09:49>  Coordinates
<Jan24-2022> <14:09:49>     Atom         X           Y           Z   (Angstrom)
<Jan24-2022> <14:09:49>     1.H         2.034691   -0.899350   -0.041821
<Jan24-2022> <14:09:49>     2.C         1.087344   -0.377859   -0.000160
<Jan24-2022> <14:09:49>     3.H         0.585440   -0.238849    0.948484
<Jan24-2022> <14:09:49>     4.H         0.645966    0.016876   -0.906504
<Jan24-2022> <14:09:49>  >>>> CORORT
<Jan24-2022> <14:09:49>  >>>> CLSMAT
<Jan24-2022> <14:09:49>  >>>> ORTHON
<Jan24-2022> <14:09:49>  >>>> GENPT
<Jan24-2022> <14:09:49>  Block Length= 128
<Jan24-2022> <14:09:49>  >>>> PTBAS
<Jan24-2022> <14:09:49>  >>>> CYCLE
<Jan24-2022> <14:09:50>  using orbital data from restart file
<Jan24-2022> <14:09:51>              |Error|         MaxErr       Wt(A-DIIS)
<Jan24-2022> <14:09:51>      1      0.02007454      0.00326762
<Jan24-2022> <14:09:52>      2      0.00935288      0.00129529    100.0
<Jan24-2022> <14:09:53>      3      0.00683813      0.00111704    100.0
<Jan24-2022> <14:09:54>      4      0.00242198      0.00031725      0.0
<Jan24-2022> <14:09:55>      5      0.00061739      0.00008079      0.0
<Jan24-2022> <14:09:57>      6      0.00002036      0.00000230      0.0
<Jan24-2022> <14:09:58>      7      0.00000120      0.00000021      0.0
<Jan24-2022> <14:09:58>  SCF converged
<Jan24-2022> <14:09:59>      8      0.00000022      0.00000003      0.0
<Jan24-2022> <14:09:59>  >>>> TOTEN
<Jan24-2022> <14:10:00>  >>>> POPAN
<Jan24-2022> <14:10:00>  >>>> DEBYE
<Jan24-2022> <14:10:00>  >>>> ENGRAD
<Jan24-2022> <14:10:01>  current energy                               -0.64778042 Hartree
<Jan24-2022> <14:10:01>  energy change                      -0.00003847     0.00004000    T
<Jan24-2022> <14:10:01>  constrained gradient max            0.00100384     0.00100000    F
<Jan24-2022> <14:10:01>  constrained gradient rms            0.00051469     0.00066667    T
<Jan24-2022> <14:10:01>  gradient max                        0.00100384
<Jan24-2022> <14:10:01>  gradient rms                        0.00051469
<Jan24-2022> <14:10:01>  cart. step max                      0.00311587     0.01000000    T
<Jan24-2022> <14:10:01>  cart. step rms                      0.00118216     0.00666667    T
<Jan24-2022> <14:10:01>  Iteration 9
<Jan24-2022> <14:10:01>  *** GOStep9 ***
<Jan24-2022> <14:10:01>  >>>> FRAGM
<Jan24-2022> <14:10:01>  Coordinates
<Jan24-2022> <14:10:01>     Atom         X           Y           Z   (Angstrom)
<Jan24-2022> <14:10:01>     1.H         2.034149   -0.900317   -0.041762
<Jan24-2022> <14:10:01>     2.C         1.088481   -0.374743    0.000065
<Jan24-2022> <14:10:01>     3.H         0.585207   -0.240112    0.949313
<Jan24-2022> <14:10:01>     4.H         0.645604    0.015990   -0.907615
<Jan24-2022> <14:10:01>  >>>> CORORT
<Jan24-2022> <14:10:01>  >>>> CLSMAT
<Jan24-2022> <14:10:01>  >>>> ORTHON
<Jan24-2022> <14:10:01>  >>>> GENPT
<Jan24-2022> <14:10:01>  Block Length= 128
<Jan24-2022> <14:10:02>  >>>> PTBAS
<Jan24-2022> <14:10:02>  >>>> CYCLE
<Jan24-2022> <14:10:03>  using orbital data from restart file
<Jan24-2022> <14:10:03>              |Error|         MaxErr       Wt(A-DIIS)
<Jan24-2022> <14:10:03>      1      0.00401846      0.00069905
<Jan24-2022> <14:10:05>      2      0.00172804      0.00023913    100.0
<Jan24-2022> <14:10:06>      3      0.00129939      0.00020666    100.0
<Jan24-2022> <14:10:07>      4      0.00049452      0.00005126      0.0
<Jan24-2022> <14:10:08>      5      0.00010455      0.00001334      0.0
<Jan24-2022> <14:10:09>      6      0.00000711      0.00000081      0.0
<Jan24-2022> <14:10:09>  SCF converged
<Jan24-2022> <14:10:10>      7      0.00000061      0.00000011      0.0
<Jan24-2022> <14:10:10>  >>>> TOTEN
<Jan24-2022> <14:10:12>  >>>> POPAN
<Jan24-2022> <14:10:12>  >>>> DEBYE
<Jan24-2022> <14:10:12>  >>>> ENGRAD
<Jan24-2022> <14:10:12>  current energy                               -0.64778253 Hartree
<Jan24-2022> <14:10:12>  energy change                      -0.00000211     0.00004000    T
<Jan24-2022> <14:10:13>  constrained gradient max            0.00026933     0.00100000    T
<Jan24-2022> <14:10:13>  constrained gradient rms            0.00012627     0.00066667    T
<Jan24-2022> <14:10:13>  gradient max                        0.00026933
<Jan24-2022> <14:10:13>  gradient rms                        0.00012627
<Jan24-2022> <14:10:13>  cart. step max                      0.00013068     0.01000000    T
<Jan24-2022> <14:10:13>  cart. step rms                      0.00007016     0.00666667    T
<Jan24-2022> <14:10:13>  Geometry optimization converged
<Jan24-2022> <14:10:13>  *** adf ***
<Jan24-2022> <14:10:13>  Net Charge: 0 (Nuclei minus Electrons)
<Jan24-2022> <14:10:13>  Spin polar: 1 (Spin_A minus Spin_B electrons)
<Jan24-2022> <14:10:13>  Symmetry  : NOSYM
<Jan24-2022> <14:10:13>  >>>> FRAGM
<Jan24-2022> <14:10:13>  Coordinates
<Jan24-2022> <14:10:13>     Atom         X           Y           Z   (Angstrom)
<Jan24-2022> <14:10:13>     1.H         2.034149   -0.900317   -0.041762
<Jan24-2022> <14:10:13>     2.C         1.088481   -0.374743    0.000065
<Jan24-2022> <14:10:13>     3.H         0.585207   -0.240112    0.949313
<Jan24-2022> <14:10:13>     4.H         0.645604    0.015990   -0.907615
<Jan24-2022> <14:10:13>  >>>> CORORT
<Jan24-2022> <14:10:13>  >>>> CLSMAT
<Jan24-2022> <14:10:13>  >>>> ORTHON
<Jan24-2022> <14:10:13>  >>>> GENPT
<Jan24-2022> <14:10:13>  Block Length= 128
<Jan24-2022> <14:10:13>  >>>> PTBAS
<Jan24-2022> <14:10:13>  >>>> CYCLE
<Jan24-2022> <14:10:14>  using orbital data from restart file
<Jan24-2022> <14:10:15>              |Error|         MaxErr       Wt(A-DIIS)
<Jan24-2022> <14:10:15>      1      0.00000005      0.00000001
<Jan24-2022> <14:10:16>      2      0.00000004      0.00000001    100.0
<Jan24-2022> <14:10:16>  SCF converged
<Jan24-2022> <14:10:17>      3      0.00000003      0.00000001    100.0
<Jan24-2022> <14:10:18>  >>>> TOTEN
<Jan24-2022> <14:10:20>  >>>> POPAN
<Jan24-2022> <14:10:20>  >>>> DEBYE
<Jan24-2022> <14:10:20>  >>>> AMETS
<Jan24-2022> <14:10:20>   Bond Energy          -0.64778253 a.u.
<Jan24-2022> <14:10:20>   Bond Energy         -17.62705951 eV
<Jan24-2022> <14:10:20>   Bond Energy        -406.49       kcal/mol
<Jan24-2022> <14:10:20>  >>>> POPUL
<Jan24-2022> <14:10:20>  >>>> ENGRAD
<Jan24-2022> <14:10:21>  >>>> ENHESS
<Jan24-2022> <14:10:22>  === NUCLEUS:     1
<Jan24-2022> <14:10:46>  === NUCLEUS:     2
<Jan24-2022> <14:11:09>  === NUCLEUS:     3
<Jan24-2022> <14:11:33>  === NUCLEUS:     4
<Jan24-2022> <14:11:55>  >>>> CALC_HESS_PMAT
<Jan24-2022> <14:11:57>  >>>> CALC_HESS_WMAT
<Jan24-2022> <14:11:57>  PES point character: Geometry corresponds to a local minimum on the PES.
<Jan24-2022> <14:11:57>  Geometry optimization successful!
<Jan24-2022> <14:11:57>  NORMAL TERMINATION
