<Jan21-2022> <00:36:05>  AMS 2021.102  RunTime: Jan21-2022 00:36:05  ShM Nodes: 1  Procs: 1
<Jan21-2022> <00:36:05>  ADF 2021.102  RunTime: Jan21-2022 00:36:05  ShM Nodes: 1  Procs: 1
<Jan21-2022> <00:36:05>  *** (NO TITLE) ***
<Jan21-2022> <00:36:05>  Symmetry detected: C(S)
<Jan21-2022> <00:36:05>  Iteration 1
<Jan21-2022> <00:36:05>  DIRAC 2021.102  RunTime: Jan21-2022 00:36:05  ShM Nodes: 1  Procs: 1
<Jan21-2022> <00:36:05>  Carbon (TZ2P)
<Jan21-2022> <00:36:05>  Net Charge: 0 (Nuclei minus Electrons)
<Jan21-2022> <00:36:05>  Symmetry  : ATOM
<Jan21-2022> <00:36:05>  Coordinates
<Jan21-2022> <00:36:05>     Atom         X           Y           Z   (Angstrom)
<Jan21-2022> <00:36:05>     1.C         0.000000    0.000000    0.000000
<Jan21-2022> <00:36:05>  >>>> CORORT
<Jan21-2022> <00:36:05>  >>>> CLSMAT
<Jan21-2022> <00:36:05>  >>>> ORTHON
<Jan21-2022> <00:36:05>  >>>> GENPT
<Jan21-2022> <00:36:05>  Block Length=  72
<Jan21-2022> <00:36:05>  >>>> PTBAS
<Jan21-2022> <00:36:05>  >>>> CYCLE
<Jan21-2022> <00:36:05>              |Error|         MaxErr       Wt(A-DIIS)
<Jan21-2022> <00:36:05>      1      0.00000000      0.00000000
<Jan21-2022> <00:36:05>      2      4.48405934      3.32161898    100.0
<Jan21-2022> <00:36:05>      3      1.60718414      1.28408746    100.0
<Jan21-2022> <00:36:05>      4      0.76426456      0.62272052    100.0
<Jan21-2022> <00:36:05>      5      0.36119063      0.28553990    100.0
<Jan21-2022> <00:36:06>      6      0.14821424      0.11559867    100.0
<Jan21-2022> <00:36:06>      7      0.10108424      0.07867111     78.5
<Jan21-2022> <00:36:06>      8      0.01786531      0.01387049     13.0
<Jan21-2022> <00:36:06>      9      0.00195746      0.00153262      0.5
<Jan21-2022> <00:36:06>     10      0.00001058      0.00000730      0.0
<Jan21-2022> <00:36:06>     11      0.00000047      0.00000027      0.0
<Jan21-2022> <00:36:06>     12      0.00000003      0.00000002      0.0
<Jan21-2022> <00:36:06>     13      0.00000000      0.00000000      0.0
<Jan21-2022> <00:36:06>  SCF converged
<Jan21-2022> <00:36:06>     14      0.00000000      0.00000000      0.0
<Jan21-2022> <00:36:06>  >>>> POPAN
<Jan21-2022> <00:36:06>  >>>> DEBYE
<Jan21-2022> <00:36:06>  DIRAC 2021.102  RunTime: Jan21-2022 00:36:06  ShM Nodes: 1  Procs: 1
<Jan21-2022> <00:36:06>  Hydrogen (TZ2P)
<Jan21-2022> <00:36:06>  Net Charge: 0 (Nuclei minus Electrons)
<Jan21-2022> <00:36:06>  Symmetry  : ATOM
<Jan21-2022> <00:36:06>  Coordinates
<Jan21-2022> <00:36:06>     Atom         X           Y           Z   (Angstrom)
<Jan21-2022> <00:36:06>     1.H         0.000000    0.000000    0.000000
<Jan21-2022> <00:36:06>  >>>> CORORT
<Jan21-2022> <00:36:06>  >>>> CLSMAT
<Jan21-2022> <00:36:06>  >>>> ORTHON
<Jan21-2022> <00:36:06>  >>>> GENPT
<Jan21-2022> <00:36:06>  Block Length=  64
<Jan21-2022> <00:36:06>  >>>> PTBAS
<Jan21-2022> <00:36:06>  >>>> CYCLE
<Jan21-2022> <00:36:06>              |Error|         MaxErr       Wt(A-DIIS)
<Jan21-2022> <00:36:06>      1      0.00000000      0.00000000
<Jan21-2022> <00:36:06>      2      0.03080019      0.02591482
<Jan21-2022> <00:36:06>      3      0.01140383      0.01135775    100.0
<Jan21-2022> <00:36:06>      4      0.00327656      0.00327407      2.3
<Jan21-2022> <00:36:06>      5      0.00010041      0.00009754      0.0
<Jan21-2022> <00:36:06>      6      0.00000525      0.00000504      0.0
<Jan21-2022> <00:36:06>      7      0.00000007      0.00000007      0.0
<Jan21-2022> <00:36:06>      8      0.00000000      0.00000000      0.0
<Jan21-2022> <00:36:06>  SCF converged
<Jan21-2022> <00:36:06>      9      0.00000000      0.00000000      0.0
<Jan21-2022> <00:36:06>  >>>> POPAN
<Jan21-2022> <00:36:06>  >>>> DEBYE
<Jan21-2022> <00:36:06>  DIRAC 2021.102  RunTime: Jan21-2022 00:36:06  ShM Nodes: 1  Procs: 1
<Jan21-2022> <00:36:06>  Oxygen (TZ2P)
<Jan21-2022> <00:36:06>  Net Charge: 0 (Nuclei minus Electrons)
<Jan21-2022> <00:36:06>  Symmetry  : ATOM
<Jan21-2022> <00:36:06>  Coordinates
<Jan21-2022> <00:36:06>     Atom         X           Y           Z   (Angstrom)
<Jan21-2022> <00:36:06>     1.O         0.000000    0.000000    0.000000
<Jan21-2022> <00:36:06>  >>>> CORORT
<Jan21-2022> <00:36:06>  >>>> CLSMAT
<Jan21-2022> <00:36:07>  >>>> ORTHON
<Jan21-2022> <00:36:07>  >>>> GENPT
<Jan21-2022> <00:36:07>  Block Length=  68
<Jan21-2022> <00:36:07>  >>>> PTBAS
<Jan21-2022> <00:36:07>  >>>> CYCLE
<Jan21-2022> <00:36:07>              |Error|         MaxErr       Wt(A-DIIS)
<Jan21-2022> <00:36:07>      1      0.00000000      0.00000000
<Jan21-2022> <00:36:07>      2      8.77210307      5.53374266    100.0
<Jan21-2022> <00:36:07>      3      3.60058093      2.49154808    100.0
<Jan21-2022> <00:36:07>      4      1.20505529      0.62472425    100.0
<Jan21-2022> <00:36:07>      5      1.46502638      0.81213311    100.0
<Jan21-2022> <00:36:07>      6      0.15089362      0.09131786     91.2
<Jan21-2022> <00:36:07>      7      0.14397311      0.08251182     82.3
<Jan21-2022> <00:36:07>      8      0.00183259      0.00123681      0.2
<Jan21-2022> <00:36:07>      9      0.00015629      0.00008105      0.0
<Jan21-2022> <00:36:07>     10      0.00001324      0.00000629      0.0
<Jan21-2022> <00:36:07>     11      0.00000006      0.00000003      0.0
<Jan21-2022> <00:36:07>     12      0.00000000      0.00000000      0.0
<Jan21-2022> <00:36:07>  SCF converged
<Jan21-2022> <00:36:07>     13      0.00000000      0.00000000      0.0
<Jan21-2022> <00:36:07>  >>>> POPAN
<Jan21-2022> <00:36:07>  >>>> DEBYE
<Jan21-2022> <00:36:07>  DIRAC 2021.102  RunTime: Jan21-2022 00:36:07  ShM Nodes: 1  Procs: 1
<Jan21-2022> <00:36:07>  Fluorine (TZ2P)
<Jan21-2022> <00:36:07>  Net Charge: 0 (Nuclei minus Electrons)
<Jan21-2022> <00:36:07>  Symmetry  : ATOM
<Jan21-2022> <00:36:07>  Coordinates
<Jan21-2022> <00:36:07>     Atom         X           Y           Z   (Angstrom)
<Jan21-2022> <00:36:07>     1.F         0.000000    0.000000    0.000000
<Jan21-2022> <00:36:07>  >>>> CORORT
<Jan21-2022> <00:36:07>  >>>> CLSMAT
<Jan21-2022> <00:36:07>  >>>> ORTHON
<Jan21-2022> <00:36:07>  >>>> GENPT
<Jan21-2022> <00:36:07>  Block Length=  76
<Jan21-2022> <00:36:07>  >>>> PTBAS
<Jan21-2022> <00:36:07>  >>>> CYCLE
<Jan21-2022> <00:36:07>              |Error|         MaxErr       Wt(A-DIIS)
<Jan21-2022> <00:36:07>      1      0.00000000      0.00000000
<Jan21-2022> <00:36:07>      2     11.39970762      4.85721148    100.0
<Jan21-2022> <00:36:07>      3      5.17310012      3.16632108    100.0
<Jan21-2022> <00:36:07>      4      1.04882283      0.49392043    100.0
<Jan21-2022> <00:36:07>      5      1.72142161      0.84736739    100.0
<Jan21-2022> <00:36:07>      6      0.21842580      0.10780687    100.0
<Jan21-2022> <00:36:08>      7      0.28524155      0.13554881    100.0
<Jan21-2022> <00:36:08>      8      0.02856437      0.01389479     13.0
<Jan21-2022> <00:36:08>      9      0.00489297      0.00234741      1.4
<Jan21-2022> <00:36:08>     10      0.00009261      0.00004462      0.0
<Jan21-2022> <00:36:08>     11      0.00000010      0.00000005      0.0
<Jan21-2022> <00:36:08>     12      0.00000000      0.00000000      0.0
<Jan21-2022> <00:36:08>  SCF converged
<Jan21-2022> <00:36:08>     13      0.00000000      0.00000000      0.0
<Jan21-2022> <00:36:08>  >>>> POPAN
<Jan21-2022> <00:36:08>  >>>> DEBYE
<Jan21-2022> <00:36:08>  *** GOStep1 ***
<Jan21-2022> <00:36:08>  >>>> FRAGM
<Jan21-2022> <00:36:08>  Coordinates
<Jan21-2022> <00:36:08>     Atom         X           Y           Z   (Angstrom)
<Jan21-2022> <00:36:08>     1.C         0.312247    0.445199    0.000000
<Jan21-2022> <00:36:08>     2.C         0.983914   -0.714308    0.000000
<Jan21-2022> <00:36:08>     3.H         0.458423   -1.668047    0.000000
<Jan21-2022> <00:36:08>     4.C        -1.162784    0.485254    0.000000
<Jan21-2022> <00:36:08>     5.H         0.823132    1.407065    0.000000
<Jan21-2022> <00:36:08>     6.O        -1.824058    1.507291    0.000000
<Jan21-2022> <00:36:08>     7.F         2.393057   -0.763447    0.000000
<Jan21-2022> <00:36:08>     8.H        -1.635503   -0.474661    0.000000
<Jan21-2022> <00:36:08>  >>>> CORORT
<Jan21-2022> <00:36:08>  >>>> CLSMAT
<Jan21-2022> <00:36:08>  >>>> ORTHON
<Jan21-2022> <00:36:08>  >>>> GENPT
<Jan21-2022> <00:36:08>  Block Length= 128
<Jan21-2022> <00:36:08>  >>>> PTBAS
<Jan21-2022> <00:36:15>  >>>> CYCLE
<Jan21-2022> <00:36:31>              |Error|         MaxErr       Wt(A-DIIS)
<Jan21-2022> <00:36:31>      1      4.80921955      1.05980148
<Jan21-2022> <00:36:43>      2      0.80129006      0.18567762    100.0
<Jan21-2022> <00:36:57>      3      0.37636405      0.07094543    100.0
<Jan21-2022> <00:37:10>      4      0.54354261      0.13133014    100.0
<Jan21-2022> <00:37:23>      5      0.19645386      0.04504789     44.5
<Jan21-2022> <00:37:35>      6      0.27523061      0.07580510    100.0
<Jan21-2022> <00:37:48>      7      0.04019855      0.00735159      6.4
<Jan21-2022> <00:38:01>      8      0.01053834      0.00267617      1.7
<Jan21-2022> <00:38:14>      9      0.00287373      0.00052222      0.0
<Jan21-2022> <00:38:27>     10      0.00053285      0.00011794      0.0
<Jan21-2022> <00:38:40>     11      0.00030362      0.00008309      0.0
<Jan21-2022> <00:38:53>     12      0.00003354      0.00000534      0.0
<Jan21-2022> <00:39:06>     13      0.00000442      0.00000076      0.0
<Jan21-2022> <00:39:10>  SCF converged
<Jan21-2022> <00:39:19>     14      0.00000108      0.00000015      0.0
<Jan21-2022> <00:39:23>  >>>> TOTEN
<Jan21-2022> <00:39:41>  >>>> POPAN
<Jan21-2022> <00:39:41>  >>>> DEBYE
<Jan21-2022> <00:39:41>  >>>> ENGRAD
<Jan21-2022> <00:40:11>  current energy                               -1.69168386 Hartree
<Jan21-2022> <00:40:11>  energy change                      -1.69168386     0.00008000    F
<Jan21-2022> <00:40:11>  constrained gradient max            0.08859163     0.00100000    F
<Jan21-2022> <00:40:11>  constrained gradient rms            0.02581167     0.00066667    F
<Jan21-2022> <00:40:11>  gradient max                        0.08859163
<Jan21-2022> <00:40:11>  gradient rms                        0.02581167
<Jan21-2022> <00:40:11>  cart. step max                      0.05887266     0.01000000    F
<Jan21-2022> <00:40:11>  cart. step rms                      0.01689322     0.00666667    F
<Jan21-2022> <00:40:11>  Iteration 2
<Jan21-2022> <00:40:11>  *** GOStep2 ***
<Jan21-2022> <00:40:11>  >>>> FRAGM
<Jan21-2022> <00:40:11>  Coordinates
<Jan21-2022> <00:40:11>     Atom         X           Y           Z   (Angstrom)
<Jan21-2022> <00:40:11>     1.C         0.318191    0.459678    0.000000
<Jan21-2022> <00:40:11>     2.C         0.972473   -0.702931    0.000000
<Jan21-2022> <00:40:11>     3.H         0.495442   -1.680676    0.000000
<Jan21-2022> <00:40:11>     4.C        -1.154962    0.484278    0.000000
<Jan21-2022> <00:40:11>     5.H         0.838234    1.415713    0.000000
<Jan21-2022> <00:40:11>     6.O        -1.809109    1.512488    0.000000
<Jan21-2022> <00:40:11>     7.F         2.334185   -0.764636    0.000000
<Jan21-2022> <00:40:11>     8.H        -1.646025   -0.499568    0.000000
<Jan21-2022> <00:40:11>  >>>> CORORT
<Jan21-2022> <00:40:11>  >>>> CLSMAT
<Jan21-2022> <00:40:11>  >>>> ORTHON
<Jan21-2022> <00:40:11>  >>>> GENPT
<Jan21-2022> <00:40:11>  Block Length= 128
<Jan21-2022> <00:40:12>  >>>> PTBAS
<Jan21-2022> <00:40:19>  >>>> CYCLE
<Jan21-2022> <00:40:27>  using orbital data from restart file
<Jan21-2022> <00:40:36>              |Error|         MaxErr       Wt(A-DIIS)
<Jan21-2022> <00:40:36>      1      0.18138413      0.06672113
<Jan21-2022> <00:40:49>      2      0.06388966      0.01449466    100.0
<Jan21-2022> <00:41:03>      3      0.02352762      0.00615061    100.0
<Jan21-2022> <00:41:16>      4      0.03931241      0.00952763    100.0
<Jan21-2022> <00:41:28>      5      0.00928177      0.00177607      0.8
<Jan21-2022> <00:41:41>      6      0.00324329      0.00073087      0.0
<Jan21-2022> <00:41:54>      7      0.00073519      0.00019382      0.0
<Jan21-2022> <00:42:07>      8      0.00027179      0.00008015      0.0
<Jan21-2022> <00:42:20>      9      0.00005179      0.00001029      0.0
<Jan21-2022> <00:42:33>     10      0.00000999      0.00000165      0.0
<Jan21-2022> <00:42:46>     11      0.00000287      0.00000077      0.0
<Jan21-2022> <00:42:50>  SCF converged
<Jan21-2022> <00:42:59>     12      0.00000044      0.00000010      0.0
<Jan21-2022> <00:43:03>  >>>> TOTEN
<Jan21-2022> <00:43:21>  >>>> POPAN
<Jan21-2022> <00:43:21>  >>>> DEBYE
<Jan21-2022> <00:43:21>  >>>> ENGRAD
<Jan21-2022> <00:43:50>  current energy                               -1.69684140 Hartree
<Jan21-2022> <00:43:50>  energy change                      -0.00515754     0.00008000    F
<Jan21-2022> <00:43:50>  constrained gradient max            0.03170311     0.00100000    F
<Jan21-2022> <00:43:50>  constrained gradient rms            0.01054537     0.00066667    F
<Jan21-2022> <00:43:50>  gradient max                        0.03170311
<Jan21-2022> <00:43:50>  gradient rms                        0.01054537
<Jan21-2022> <00:43:50>  cart. step max                      0.02645449     0.01000000    F
<Jan21-2022> <00:43:50>  cart. step rms                      0.00813825     0.00666667    F
<Jan21-2022> <00:43:50>  Iteration 3
<Jan21-2022> <00:43:50>  *** GOStep3 ***
<Jan21-2022> <00:43:50>  >>>> FRAGM
<Jan21-2022> <00:43:50>  Coordinates
<Jan21-2022> <00:43:50>     Atom         X           Y           Z   (Angstrom)
<Jan21-2022> <00:43:50>     1.C         0.318788    0.468660    0.000000
<Jan21-2022> <00:43:50>     2.C         0.972884   -0.697900    0.000000
<Jan21-2022> <00:43:50>     3.H         0.515366   -1.684943    0.000000
<Jan21-2022> <00:43:50>     4.C        -1.151362    0.490816    0.000000
<Jan21-2022> <00:43:50>     5.H         0.845185    1.419545    0.000000
<Jan21-2022> <00:43:50>     6.O        -1.815422    1.512520    0.000000
<Jan21-2022> <00:43:50>     7.F         2.307730   -0.776265    0.000000
<Jan21-2022> <00:43:50>     8.H        -1.644740   -0.508087    0.000000
<Jan21-2022> <00:43:50>  >>>> CORORT
<Jan21-2022> <00:43:50>  >>>> CLSMAT
<Jan21-2022> <00:43:50>  >>>> ORTHON
<Jan21-2022> <00:43:50>  >>>> GENPT
<Jan21-2022> <00:43:51>  Block Length= 128
<Jan21-2022> <00:43:51>  >>>> PTBAS
<Jan21-2022> <00:43:58>  >>>> CYCLE
<Jan21-2022> <00:44:07>  using orbital data from restart file
<Jan21-2022> <00:44:16>              |Error|         MaxErr       Wt(A-DIIS)
<Jan21-2022> <00:44:16>      1      0.10728186      0.04031609
<Jan21-2022> <00:44:29>      2      0.03166888      0.00794069    100.0
<Jan21-2022> <00:44:41>      3      0.01246580      0.00288271    100.0
<Jan21-2022> <00:44:54>      4      0.02031707      0.00528376    100.0
<Jan21-2022> <00:45:07>      5      0.00430556      0.00078621      0.0
<Jan21-2022> <00:45:20>      6      0.00131947      0.00024234      0.0
<Jan21-2022> <00:45:33>      7      0.00035085      0.00006201      0.0
<Jan21-2022> <00:45:46>      8      0.00010879      0.00003083      0.0
<Jan21-2022> <00:45:59>      9      0.00003282      0.00000868      0.0
<Jan21-2022> <00:46:11>     10      0.00000474      0.00000081      0.0
<Jan21-2022> <00:46:15>  SCF converged
<Jan21-2022> <00:46:24>     11      0.00000128      0.00000028      0.0
<Jan21-2022> <00:46:28>  >>>> TOTEN
<Jan21-2022> <00:46:46>  >>>> POPAN
<Jan21-2022> <00:46:46>  >>>> DEBYE
<Jan21-2022> <00:46:46>  >>>> ENGRAD
<Jan21-2022> <00:47:16>  current energy                               -1.69745946 Hartree
<Jan21-2022> <00:47:16>  energy change                      -0.00061805     0.00008000    F
<Jan21-2022> <00:47:16>  constrained gradient max            0.00611880     0.00100000    F
<Jan21-2022> <00:47:16>  constrained gradient rms            0.00201296     0.00066667    F
<Jan21-2022> <00:47:16>  gradient max                        0.00611880
<Jan21-2022> <00:47:16>  gradient rms                        0.00201296
<Jan21-2022> <00:47:16>  cart. step max                      0.00597484     0.01000000    T
<Jan21-2022> <00:47:16>  cart. step rms                      0.00168166     0.00666667    T
<Jan21-2022> <00:47:16>  Iteration 4
<Jan21-2022> <00:47:16>  *** GOStep4 ***
<Jan21-2022> <00:47:16>  >>>> FRAGM
<Jan21-2022> <00:47:16>  Coordinates
<Jan21-2022> <00:47:16>     Atom         X           Y           Z   (Angstrom)
<Jan21-2022> <00:47:16>     1.C         0.318160    0.468802    0.000000
<Jan21-2022> <00:47:16>     2.C         0.972867   -0.697617    0.000000
<Jan21-2022> <00:47:16>     3.H         0.509391   -1.682575    0.000000
<Jan21-2022> <00:47:16>     4.C        -1.150589    0.490995    0.000000
<Jan21-2022> <00:47:16>     5.H         0.847080    1.418381    0.000000
<Jan21-2022> <00:47:16>     6.O        -1.816739    1.511105    0.000000
<Jan21-2022> <00:47:16>     7.F         2.310463   -0.775281    0.000000
<Jan21-2022> <00:47:16>     8.H        -1.642204   -0.509464    0.000000
<Jan21-2022> <00:47:16>  >>>> CORORT
<Jan21-2022> <00:47:16>  >>>> CLSMAT
<Jan21-2022> <00:47:16>  >>>> ORTHON
<Jan21-2022> <00:47:16>  >>>> GENPT
<Jan21-2022> <00:47:16>  Block Length= 128
<Jan21-2022> <00:47:17>  >>>> PTBAS
<Jan21-2022> <00:47:24>  >>>> CYCLE
<Jan21-2022> <00:47:33>  using orbital data from restart file
<Jan21-2022> <00:47:42>              |Error|         MaxErr       Wt(A-DIIS)
<Jan21-2022> <00:47:42>      1      0.01278138      0.00410258
<Jan21-2022> <00:47:54>      2      0.00401628      0.00106439    100.0
<Jan21-2022> <00:48:07>      3      0.01068623      0.00291821    100.0
<Jan21-2022> <00:48:20>      4      0.00318355      0.00091425      0.0
<Jan21-2022> <00:48:32>      5      0.00080292      0.00024124      0.0
<Jan21-2022> <00:48:45>      6      0.00017116      0.00004866      0.0
<Jan21-2022> <00:48:58>      7      0.00004249      0.00000893      0.0
<Jan21-2022> <00:49:11>      8      0.00000588      0.00000125      0.0
<Jan21-2022> <00:49:24>      9      0.00000206      0.00000028      0.0
<Jan21-2022> <00:49:27>  SCF converged
<Jan21-2022> <00:49:36>     10      0.00000050      0.00000008      0.0
<Jan21-2022> <00:49:40>  >>>> TOTEN
<Jan21-2022> <00:49:58>  >>>> POPAN
<Jan21-2022> <00:49:58>  >>>> DEBYE
<Jan21-2022> <00:49:58>  >>>> ENGRAD
<Jan21-2022> <00:50:27>  current energy                               -1.69748865 Hartree
<Jan21-2022> <00:50:27>  energy change                      -0.00002920     0.00008000    T
<Jan21-2022> <00:50:27>  constrained gradient max            0.00315969     0.00100000    F
<Jan21-2022> <00:50:27>  constrained gradient rms            0.00097087     0.00066667    F
<Jan21-2022> <00:50:27>  gradient max                        0.00315969
<Jan21-2022> <00:50:27>  gradient rms                        0.00097087
<Jan21-2022> <00:50:27>  cart. step max                      0.00370125     0.01000000    T
<Jan21-2022> <00:50:27>  cart. step rms                      0.00130208     0.00666667    T
<Jan21-2022> <00:50:27>  Iteration 5
<Jan21-2022> <00:50:28>  *** GOStep5 ***
<Jan21-2022> <00:50:28>  >>>> FRAGM
<Jan21-2022> <00:50:28>  Coordinates
<Jan21-2022> <00:50:28>     Atom         X           Y           Z   (Angstrom)
<Jan21-2022> <00:50:28>     1.C         0.317679    0.469611    0.000000
<Jan21-2022> <00:50:28>     2.C         0.972613   -0.696980    0.000000
<Jan21-2022> <00:50:28>     3.H         0.505690   -1.680736    0.000000
<Jan21-2022> <00:50:28>     4.C        -1.149612    0.491285    0.000000
<Jan21-2022> <00:50:28>     5.H         0.849686    1.417567    0.000000
<Jan21-2022> <00:50:28>     6.O        -1.818109    1.509800    0.000000
<Jan21-2022> <00:50:28>     7.F         2.310162   -0.774856    0.000000
<Jan21-2022> <00:50:28>     8.H        -1.639681   -0.511345    0.000000
<Jan21-2022> <00:50:28>  >>>> CORORT
<Jan21-2022> <00:50:28>  >>>> CLSMAT
<Jan21-2022> <00:50:28>  >>>> ORTHON
<Jan21-2022> <00:50:28>  >>>> GENPT
<Jan21-2022> <00:50:28>  Block Length= 128
<Jan21-2022> <00:50:29>  >>>> PTBAS
<Jan21-2022> <00:50:36>  >>>> CYCLE
<Jan21-2022> <00:50:44>  using orbital data from restart file
<Jan21-2022> <00:50:53>              |Error|         MaxErr       Wt(A-DIIS)
<Jan21-2022> <00:50:53>      1      0.00836992      0.00257754
<Jan21-2022> <00:51:06>      2      0.00116752      0.00025364    100.0
<Jan21-2022> <00:51:18>      3      0.00061976      0.00012363    100.0
<Jan21-2022> <00:51:31>      4      0.00080308      0.00021562      0.0
<Jan21-2022> <00:51:44>      5      0.00026349      0.00005869      0.0
<Jan21-2022> <00:51:57>      6      0.00006874      0.00001658      0.0
<Jan21-2022> <00:52:09>      7      0.00001496      0.00000389      0.0
<Jan21-2022> <00:52:22>      8      0.00000698      0.00000143      0.0
<Jan21-2022> <00:52:35>      9      0.00000238      0.00000055      0.0
<Jan21-2022> <00:52:38>  SCF converged
<Jan21-2022> <00:52:47>     10      0.00000044      0.00000008      0.0
<Jan21-2022> <00:52:51>  >>>> TOTEN
<Jan21-2022> <00:53:09>  >>>> POPAN
<Jan21-2022> <00:53:09>  >>>> DEBYE
<Jan21-2022> <00:53:09>  >>>> ENGRAD
<Jan21-2022> <00:53:37>  current energy                               -1.69749521 Hartree
<Jan21-2022> <00:53:37>  energy change                      -0.00000656     0.00008000    T
<Jan21-2022> <00:53:37>  constrained gradient max            0.00075806     0.00100000    T
<Jan21-2022> <00:53:37>  constrained gradient rms            0.00027320     0.00066667    T
<Jan21-2022> <00:53:37>  gradient max                        0.00075806
<Jan21-2022> <00:53:37>  gradient rms                        0.00027320
<Jan21-2022> <00:53:37>  cart. step max                      0.00091620     0.01000000    T
<Jan21-2022> <00:53:37>  cart. step rms                      0.00034011     0.00666667    T
<Jan21-2022> <00:53:37>  Geometry optimization converged
<Jan21-2022> <00:53:38>  *** adf ***
<Jan21-2022> <00:53:38>  Net Charge: 0 (Nuclei minus Electrons)
<Jan21-2022> <00:53:38>  Symmetry  : NOSYM
<Jan21-2022> <00:53:38>  >>>> FRAGM
<Jan21-2022> <00:53:38>  Coordinates
<Jan21-2022> <00:53:38>     Atom         X           Y           Z   (Angstrom)
<Jan21-2022> <00:53:38>     1.C         0.317679    0.469611    0.000000
<Jan21-2022> <00:53:38>     2.C         0.972613   -0.696980    0.000000
<Jan21-2022> <00:53:38>     3.H         0.505690   -1.680736    0.000000
<Jan21-2022> <00:53:38>     4.C        -1.149612    0.491285    0.000000
<Jan21-2022> <00:53:38>     5.H         0.849686    1.417567    0.000000
<Jan21-2022> <00:53:38>     6.O        -1.818109    1.509800    0.000000
<Jan21-2022> <00:53:38>     7.F         2.310162   -0.774856    0.000000
<Jan21-2022> <00:53:38>     8.H        -1.639681   -0.511345    0.000000
<Jan21-2022> <00:53:38>  >>>> CORORT
<Jan21-2022> <00:53:38>  >>>> CLSMAT
<Jan21-2022> <00:53:38>  >>>> ORTHON
<Jan21-2022> <00:53:38>  >>>> GENPT
<Jan21-2022> <00:53:38>  Block Length= 128
<Jan21-2022> <00:53:39>  >>>> PTBAS
<Jan21-2022> <00:53:45>  >>>> CYCLE
<Jan21-2022> <00:53:54>  using orbital data from restart file
<Jan21-2022> <00:54:02>              |Error|         MaxErr       Wt(A-DIIS)
<Jan21-2022> <00:54:02>      1      0.00000006      0.00000002
<Jan21-2022> <00:54:15>      2      0.00000015      0.00000006    100.0
<Jan21-2022> <00:54:19>  SCF converged
<Jan21-2022> <00:54:28>      3      0.00000003      0.00000001    100.0
<Jan21-2022> <00:54:38>  >>>> TOTEN
<Jan21-2022> <00:54:57>  >>>> POPAN
<Jan21-2022> <00:54:57>  >>>> DEBYE
<Jan21-2022> <00:54:57>  >>>> AMETS
<Jan21-2022> <00:54:57>   Bond Energy          -1.69749521 a.u.
<Jan21-2022> <00:54:57>   Bond Energy         -46.19119494 eV
<Jan21-2022> <00:54:57>   Bond Energy       -1065.19       kcal/mol
<Jan21-2022> <00:54:57>  >>>> POPUL
<Jan21-2022> <00:54:57>  >>>> ENGRAD
<Jan21-2022> <00:55:14>  >>>> ENHESS
<Jan21-2022> <00:55:18>  === NUCLEUS:     1
<Jan21-2022> <00:58:30>  === NUCLEUS:     2
<Jan21-2022> <01:02:14>  === NUCLEUS:     3
<Jan21-2022> <01:07:17>  === NUCLEUS:     4
<Jan21-2022> <01:10:42>  === NUCLEUS:     5
<Jan21-2022> <01:15:20>  === NUCLEUS:     6
<Jan21-2022> <01:19:04>  === NUCLEUS:     7
<Jan21-2022> <01:23:14>  === NUCLEUS:     8
<Jan21-2022> <01:27:48>  >>>> CALC_HESS_PMAT
<Jan21-2022> <01:28:26>  >>>> CALC_HESS_WMAT
<Jan21-2022> <01:28:32>  PES point character: Geometry corresponds to a local minimum on the PES.
<Jan21-2022> <01:28:32>  Geometry optimization successful!
<Jan21-2022> <01:28:32>  NORMAL TERMINATION
