<Jan22-2022> <23:26:12>  AMS 2021.102  RunTime: Jan22-2022 23:26:12  ShM Nodes: 1  Procs: 4
<Jan22-2022> <23:26:12>  ADF 2021.102  RunTime: Jan22-2022 23:26:12  ShM Nodes: 1  Procs: 4
<Jan22-2022> <23:26:12>  *** (NO TITLE) ***
<Jan22-2022> <23:26:12>  Atom coordinates do not satisfy full symmetry (probably due to orientation).
<Jan22-2022> <23:26:12>  Symmetry detected: C(3V)
<Jan22-2022> <23:26:12>  Iteration 1
<Jan22-2022> <23:26:13>  DIRAC 2021.102  RunTime: Jan22-2022 23:26:13  ShM Nodes: 1  Procs: 1
<Jan22-2022> <23:26:13>  Aluminium (TZ2P)
<Jan22-2022> <23:26:13>  Net Charge: 0 (Nuclei minus Electrons)
<Jan22-2022> <23:26:13>  Symmetry  : ATOM
<Jan22-2022> <23:26:13>  Coordinates
<Jan22-2022> <23:26:13>     Atom         X           Y           Z   (Angstrom)
<Jan22-2022> <23:26:13>     1.Al        0.000000    0.000000    0.000000
<Jan22-2022> <23:26:13>  >>>> CORORT
<Jan22-2022> <23:26:13>  >>>> CLSMAT
<Jan22-2022> <23:26:13>  >>>> ORTHON
<Jan22-2022> <23:26:13>  >>>> GENPT
<Jan22-2022> <23:26:13>  Block Length=  85
<Jan22-2022> <23:26:13>  >>>> PTBAS
<Jan22-2022> <23:26:13>  >>>> CYCLE
<Jan22-2022> <23:26:14>              |Error|         MaxErr       Wt(A-DIIS)
<Jan22-2022> <23:26:14>      1      0.00000000      0.00000000
<Jan22-2022> <23:26:14>      2     19.74689819      6.61645761    100.0
<Jan22-2022> <23:26:14>      3     10.72432514      6.35631794    100.0
<Jan22-2022> <23:26:14>      4      2.19038492      0.99968242    100.0
<Jan22-2022> <23:26:14>      5      0.76321691      0.32187913    100.0
<Jan22-2022> <23:26:14>      6      0.33480690      0.13581213    100.0
<Jan22-2022> <23:26:14>      7      0.15853080      0.06474515     64.4
<Jan22-2022> <23:26:14>      8      0.05033297      0.02051010     19.7
<Jan22-2022> <23:26:14>      9      0.00512670      0.00207383      1.1
<Jan22-2022> <23:26:14>     10      0.00006945      0.00003398      0.0
<Jan22-2022> <23:26:14>     11      0.00000191      0.00000123      0.0
<Jan22-2022> <23:26:14>     12      0.00000003      0.00000002      0.0
<Jan22-2022> <23:26:14>     13      0.00000000      0.00000000      0.0
<Jan22-2022> <23:26:14>  SCF converged
<Jan22-2022> <23:26:14>     14      0.00000000      0.00000000      0.0
<Jan22-2022> <23:26:14>  >>>> POPAN
<Jan22-2022> <23:26:14>  >>>> DEBYE
<Jan22-2022> <23:26:15>  DIRAC 2021.102  RunTime: Jan22-2022 23:26:15  ShM Nodes: 1  Procs: 1
<Jan22-2022> <23:26:15>  Fluorine (TZ2P)
<Jan22-2022> <23:26:15>  Net Charge: 0 (Nuclei minus Electrons)
<Jan22-2022> <23:26:15>  Symmetry  : ATOM
<Jan22-2022> <23:26:15>  Coordinates
<Jan22-2022> <23:26:15>     Atom         X           Y           Z   (Angstrom)
<Jan22-2022> <23:26:15>     1.F         0.000000    0.000000    0.000000
<Jan22-2022> <23:26:15>  >>>> CORORT
<Jan22-2022> <23:26:15>  >>>> CLSMAT
<Jan22-2022> <23:26:15>  >>>> ORTHON
<Jan22-2022> <23:26:15>  >>>> GENPT
<Jan22-2022> <23:26:15>  Block Length=  76
<Jan22-2022> <23:26:15>  >>>> PTBAS
<Jan22-2022> <23:26:15>  >>>> CYCLE
<Jan22-2022> <23:26:15>              |Error|         MaxErr       Wt(A-DIIS)
<Jan22-2022> <23:26:15>      1      0.00000000      0.00000000
<Jan22-2022> <23:26:15>      2     11.39970762      4.85721148    100.0
<Jan22-2022> <23:26:15>      3      5.17310012      3.16632108    100.0
<Jan22-2022> <23:26:15>      4      1.04882283      0.49392043    100.0
<Jan22-2022> <23:26:15>      5      1.72142161      0.84736739    100.0
<Jan22-2022> <23:26:15>      6      0.21842580      0.10780687    100.0
<Jan22-2022> <23:26:15>      7      0.28524155      0.13554881    100.0
<Jan22-2022> <23:26:15>      8      0.02856437      0.01389479     13.0
<Jan22-2022> <23:26:15>      9      0.00489297      0.00234741      1.4
<Jan22-2022> <23:26:16>     10      0.00009261      0.00004462      0.0
<Jan22-2022> <23:26:16>     11      0.00000010      0.00000005      0.0
<Jan22-2022> <23:26:16>     12      0.00000000      0.00000000      0.0
<Jan22-2022> <23:26:16>  SCF converged
<Jan22-2022> <23:26:16>     13      0.00000000      0.00000000      0.0
<Jan22-2022> <23:26:16>  >>>> POPAN
<Jan22-2022> <23:26:16>  >>>> DEBYE
<Jan22-2022> <23:26:16>  *** GOStep1 ***
<Jan22-2022> <23:26:16>  >>>> FRAGM
<Jan22-2022> <23:26:16>  Coordinates
<Jan22-2022> <23:26:16>     Atom         X           Y           Z   (Angstrom)
<Jan22-2022> <23:26:16>     1.Al        1.730000    0.000000    0.000000
<Jan22-2022> <23:26:16>     2.F         1.730000   -1.400798    0.808751
<Jan22-2022> <23:26:16>     3.F         1.730000    1.400798    0.808751
<Jan22-2022> <23:26:16>     4.F         1.730000    0.000000   -1.617502
<Jan22-2022> <23:26:16>  >>>> CORORT
<Jan22-2022> <23:26:16>  >>>> CLSMAT
<Jan22-2022> <23:26:16>  >>>> ORTHON
<Jan22-2022> <23:26:16>  >>>> GENPT
<Jan22-2022> <23:26:16>  Block Length= 128
<Jan22-2022> <23:26:16>  >>>> PTBAS
<Jan22-2022> <23:26:17>  >>>> CYCLE
<Jan22-2022> <23:26:21>              |Error|         MaxErr       Wt(A-DIIS)
<Jan22-2022> <23:26:21>      1      3.30256282      0.91681463
<Jan22-2022> <23:26:23>      2      1.06992473      0.22184136    100.0
<Jan22-2022> <23:26:26>      3      0.90012465      0.18992305    100.0
<Jan22-2022> <23:26:28>      4      0.89272930      0.18838880    100.0
<Jan22-2022> <23:26:32>      5      1.98168998      0.40999746    100.0
<Jan22-2022> <23:26:34>      6      0.50929297      0.10343568    100.0
<Jan22-2022> <23:26:36>      7      0.24217639      0.04722872     46.7
<Jan22-2022> <23:26:38>      8      0.05990159      0.01165486     10.8
<Jan22-2022> <23:26:40>      9      0.00954053      0.00186475      0.9
<Jan22-2022> <23:26:42>     10      0.00018481      0.00003781      0.0
<Jan22-2022> <23:26:45>     11      0.00002604      0.00000825      0.0
<Jan22-2022> <23:26:47>     12      0.00000789      0.00000156      0.0
<Jan22-2022> <23:26:50>     13      0.00000011      0.00000003      0.0
<Jan22-2022> <23:26:51>  SCF converged
<Jan22-2022> <23:26:52>     14      0.00000001      0.00000000      0.0
<Jan22-2022> <23:26:53>  >>>> TOTEN
<Jan22-2022> <23:26:56>  >>>> POPAN
<Jan22-2022> <23:26:56>  >>>> DEBYE
<Jan22-2022> <23:26:56>  >>>> ENGRAD
<Jan22-2022> <23:27:01>  current energy                               -0.75144025 Hartree
<Jan22-2022> <23:27:01>  energy change                      -0.75144025     0.00004000    F
<Jan22-2022> <23:27:01>  constrained gradient max            0.03871987     0.00100000    F
<Jan22-2022> <23:27:01>  constrained gradient rms            0.01935994     0.00066667    F
<Jan22-2022> <23:27:01>  gradient max                        0.03871987
<Jan22-2022> <23:27:01>  gradient rms                        0.01935994
<Jan22-2022> <23:27:01>  cart. step max                      0.01868934     0.01000000    F
<Jan22-2022> <23:27:01>  cart. step rms                      0.00934467     0.00666667    F
<Jan22-2022> <23:27:01>  Iteration 2
<Jan22-2022> <23:27:01>  *** GOStep2 ***
<Jan22-2022> <23:27:01>  >>>> FRAGM
<Jan22-2022> <23:27:01>  Coordinates
<Jan22-2022> <23:27:01>     Atom         X           Y           Z   (Angstrom)
<Jan22-2022> <23:27:01>     1.Al        1.730000    0.000000   -0.000000
<Jan22-2022> <23:27:01>     2.F         1.730000   -1.416983    0.818096
<Jan22-2022> <23:27:01>     3.F         1.730000    1.416983    0.818096
<Jan22-2022> <23:27:01>     4.F         1.730000   -0.000000   -1.636191
<Jan22-2022> <23:27:01>  >>>> CORORT
<Jan22-2022> <23:27:02>  >>>> CLSMAT
<Jan22-2022> <23:27:02>  >>>> ORTHON
<Jan22-2022> <23:27:02>  >>>> GENPT
<Jan22-2022> <23:27:02>  Block Length= 128
<Jan22-2022> <23:27:02>  >>>> PTBAS
<Jan22-2022> <23:27:03>  >>>> CYCLE
<Jan22-2022> <23:27:06>  using orbital data from restart file
<Jan22-2022> <23:27:08>              |Error|         MaxErr       Wt(A-DIIS)
<Jan22-2022> <23:27:08>      1      0.09028019      0.02883220
<Jan22-2022> <23:27:11>      2      0.01485683      0.00295293    100.0
<Jan22-2022> <23:27:14>      3      0.02314091      0.00438846    100.0
<Jan22-2022> <23:27:16>      4      0.00324800      0.00084736      0.0
<Jan22-2022> <23:27:19>      5      0.00017550      0.00002953      0.0
<Jan22-2022> <23:27:21>      6      0.00003645      0.00001067      0.0
<Jan22-2022> <23:27:26>      7      0.00000424      0.00000113      0.0
<Jan22-2022> <23:27:28>      8      0.00000222      0.00000062      0.0
<Jan22-2022> <23:27:29>  SCF converged
<Jan22-2022> <23:27:31>      9      0.00000041      0.00000013      0.0
<Jan22-2022> <23:27:34>  >>>> TOTEN
<Jan22-2022> <23:27:37>  >>>> POPAN
<Jan22-2022> <23:27:37>  >>>> DEBYE
<Jan22-2022> <23:27:37>  >>>> ENGRAD
<Jan22-2022> <23:27:42>  current energy                               -0.75293996 Hartree
<Jan22-2022> <23:27:42>  energy change                      -0.00149972     0.00004000    F
<Jan22-2022> <23:27:42>  constrained gradient max            0.01483519     0.00100000    F
<Jan22-2022> <23:27:42>  constrained gradient rms            0.00741759     0.00066667    F
<Jan22-2022> <23:27:42>  gradient max                        0.01483519
<Jan22-2022> <23:27:42>  gradient rms                        0.00741759
<Jan22-2022> <23:27:42>  cart. step max                      0.01160827     0.01000000    F
<Jan22-2022> <23:27:42>  cart. step rms                      0.00580413     0.00666667    T
<Jan22-2022> <23:27:42>  Iteration 3
<Jan22-2022> <23:27:42>  *** GOStep3 ***
<Jan22-2022> <23:27:42>  >>>> FRAGM
<Jan22-2022> <23:27:42>  Coordinates
<Jan22-2022> <23:27:42>     Atom         X           Y           Z   (Angstrom)
<Jan22-2022> <23:27:42>     1.Al        1.730000    0.000000   -0.000000
<Jan22-2022> <23:27:42>     2.F         1.730000   -1.427036    0.823900
<Jan22-2022> <23:27:42>     3.F         1.730000    1.427036    0.823900
<Jan22-2022> <23:27:42>     4.F         1.730000   -0.000000   -1.647799
<Jan22-2022> <23:27:42>  >>>> CORORT
<Jan22-2022> <23:27:42>  >>>> CLSMAT
<Jan22-2022> <23:27:42>  >>>> ORTHON
<Jan22-2022> <23:27:43>  >>>> GENPT
<Jan22-2022> <23:27:43>  Block Length= 128
<Jan22-2022> <23:27:43>  >>>> PTBAS
<Jan22-2022> <23:27:44>  >>>> CYCLE
<Jan22-2022> <23:27:47>  using orbital data from restart file
<Jan22-2022> <23:27:49>              |Error|         MaxErr       Wt(A-DIIS)
<Jan22-2022> <23:27:49>      1      0.05423500      0.01715137
<Jan22-2022> <23:27:51>      2      0.00896297      0.00170535    100.0
<Jan22-2022> <23:27:54>      3      0.01387234      0.00261590    100.0
<Jan22-2022> <23:27:56>      4      0.00180405      0.00048319      0.0
<Jan22-2022> <23:27:59>      5      0.00012337      0.00002507      0.0
<Jan22-2022> <23:28:03>      6      0.00002569      0.00000787      0.0
<Jan22-2022> <23:28:05>      7      0.00000265      0.00000071      0.0
<Jan22-2022> <23:28:07>  SCF converged
<Jan22-2022> <23:28:09>      8      0.00000128      0.00000037      0.0
<Jan22-2022> <23:28:10>  >>>> TOTEN
<Jan22-2022> <23:28:13>  >>>> POPAN
<Jan22-2022> <23:28:13>  >>>> DEBYE
<Jan22-2022> <23:28:14>  >>>> ENGRAD
<Jan22-2022> <23:28:18>  current energy                               -0.75322224 Hartree
<Jan22-2022> <23:28:18>  energy change                      -0.00028227     0.00004000    F
<Jan22-2022> <23:28:18>  constrained gradient max            0.00117531     0.00100000    F
<Jan22-2022> <23:28:18>  constrained gradient rms            0.00058766     0.00066667    T
<Jan22-2022> <23:28:18>  gradient max                        0.00117531
<Jan22-2022> <23:28:18>  gradient rms                        0.00058766
<Jan22-2022> <23:28:18>  cart. step max                      0.00099879     0.01000000    T
<Jan22-2022> <23:28:18>  cart. step rms                      0.00049939     0.00666667    T
<Jan22-2022> <23:28:18>  Iteration 4
<Jan22-2022> <23:28:18>  *** GOStep4 ***
<Jan22-2022> <23:28:19>  >>>> FRAGM
<Jan22-2022> <23:28:19>  Coordinates
<Jan22-2022> <23:28:19>     Atom         X           Y           Z   (Angstrom)
<Jan22-2022> <23:28:19>     1.Al        1.730000    0.000000   -0.000000
<Jan22-2022> <23:28:19>     2.F         1.730000   -1.427901    0.824399
<Jan22-2022> <23:28:19>     3.F         1.730000    1.427901    0.824399
<Jan22-2022> <23:28:19>     4.F         1.730000   -0.000000   -1.648798
<Jan22-2022> <23:28:19>  >>>> CORORT
<Jan22-2022> <23:28:19>  >>>> CLSMAT
<Jan22-2022> <23:28:19>  >>>> ORTHON
<Jan22-2022> <23:28:20>  >>>> GENPT
<Jan22-2022> <23:28:20>  Block Length= 128
<Jan22-2022> <23:28:20>  >>>> PTBAS
<Jan22-2022> <23:28:21>  >>>> CYCLE
<Jan22-2022> <23:28:24>  using orbital data from restart file
<Jan22-2022> <23:28:26>              |Error|         MaxErr       Wt(A-DIIS)
<Jan22-2022> <23:28:26>      1      0.00460337      0.00144728
<Jan22-2022> <23:28:28>      2      0.00076282      0.00014177    100.0
<Jan22-2022> <23:28:31>      3      0.00117442      0.00022087    100.0
<Jan22-2022> <23:28:34>      4      0.00014860      0.00003993      0.0
<Jan22-2022> <23:28:36>      5      0.00001104      0.00000238      0.0
<Jan22-2022> <23:28:39>      6      0.00000229      0.00000071      0.0
<Jan22-2022> <23:28:40>  SCF converged
<Jan22-2022> <23:28:41>      7      0.00000026      0.00000007      0.0
<Jan22-2022> <23:28:42>  >>>> TOTEN
<Jan22-2022> <23:28:46>  >>>> POPAN
<Jan22-2022> <23:28:46>  >>>> DEBYE
<Jan22-2022> <23:28:46>  >>>> ENGRAD
<Jan22-2022> <23:28:50>  current energy                               -0.75322455 Hartree
<Jan22-2022> <23:28:50>  energy change                      -0.00000232     0.00004000    T
<Jan22-2022> <23:28:50>  constrained gradient max            0.00003864     0.00100000    T
<Jan22-2022> <23:28:50>  constrained gradient rms            0.00001932     0.00066667    T
<Jan22-2022> <23:28:50>  gradient max                        0.00003864
<Jan22-2022> <23:28:50>  gradient rms                        0.00001932
<Jan22-2022> <23:28:50>  cart. step max                      0.00003395     0.01000000    T
<Jan22-2022> <23:28:50>  cart. step rms                      0.00001697     0.00666667    T
<Jan22-2022> <23:28:50>  Geometry optimization converged
<Jan22-2022> <23:28:51>  *** adf ***
<Jan22-2022> <23:28:51>  Net Charge: 0 (Nuclei minus Electrons)
<Jan22-2022> <23:28:51>  Symmetry  : NOSYM
<Jan22-2022> <23:28:51>  >>>> FRAGM
<Jan22-2022> <23:28:51>  Coordinates
<Jan22-2022> <23:28:51>     Atom         X           Y           Z   (Angstrom)
<Jan22-2022> <23:28:51>     1.Al        1.730000    0.000000   -0.000000
<Jan22-2022> <23:28:51>     2.F         1.730000   -1.427901    0.824399
<Jan22-2022> <23:28:51>     3.F         1.730000    1.427901    0.824399
<Jan22-2022> <23:28:51>     4.F         1.730000   -0.000000   -1.648798
<Jan22-2022> <23:28:51>  >>>> CORORT
<Jan22-2022> <23:28:51>  >>>> CLSMAT
<Jan22-2022> <23:28:51>  >>>> ORTHON
<Jan22-2022> <23:28:51>  >>>> GENPT
<Jan22-2022> <23:28:51>  Block Length= 128
<Jan22-2022> <23:28:51>  >>>> PTBAS
<Jan22-2022> <23:28:53>  >>>> CYCLE
<Jan22-2022> <23:28:56>  using orbital data from restart file
<Jan22-2022> <23:28:57>              |Error|         MaxErr       Wt(A-DIIS)
<Jan22-2022> <23:28:57>      1      0.00000021      0.00000006
<Jan22-2022> <23:29:00>      2      0.00000046      0.00000012    100.0
<Jan22-2022> <23:29:01>  SCF converged
<Jan22-2022> <23:29:02>      3      0.00000098      0.00000026    100.0
<Jan22-2022> <23:29:04>  >>>> TOTEN
<Jan22-2022> <23:29:11>  >>>> POPAN
<Jan22-2022> <23:29:11>  >>>> DEBYE
<Jan22-2022> <23:29:11>  >>>> AMETS
<Jan22-2022> <23:29:11>   Bond Energy          -0.75322455 a.u.
<Jan22-2022> <23:29:11>   Bond Energy         -20.49628290 eV
<Jan22-2022> <23:29:11>   Bond Energy        -472.66       kcal/mol
<Jan22-2022> <23:29:11>  >>>> POPUL
<Jan22-2022> <23:29:12>  >>>> ENGRAD
<Jan22-2022> <23:29:16>  >>>> ENHESS
<Jan22-2022> <23:29:18>  === NUCLEUS:     1
<Jan22-2022> <23:30:18>  === NUCLEUS:     2
<Jan22-2022> <23:31:21>  === NUCLEUS:     3
<Jan22-2022> <23:32:23>  === NUCLEUS:     4
<Jan22-2022> <23:33:19>  >>>> CALC_HESS_PMAT
<Jan22-2022> <23:33:28>  >>>> CALC_HESS_WMAT
<Jan22-2022> <23:33:30>  PES point character: Geometry corresponds to a local minimum on the PES.
<Jan22-2022> <23:33:30>  Geometry optimization successful!
<Jan22-2022> <23:33:30>  WARNING: total elapsed time is much higher than the (CPU+system) time.
<Jan22-2022> <23:33:30>  Make sure the machine is not oversubscribed and has enough memory, SCM_TMPDIR points to a fast file system, and the network is fast enough.
<Jan22-2022> <23:33:30>  NORMAL TERMINATION
