<Jan23-2022> <00:09:19>  AMS 2021.102  RunTime: Jan23-2022 00:09:19  ShM Nodes: 1  Procs: 4
<Jan23-2022> <00:09:20>  ADF 2021.102  RunTime: Jan23-2022 00:09:20  ShM Nodes: 1  Procs: 4
<Jan23-2022> <00:09:20>  *** (NO TITLE) ***
<Jan23-2022> <00:09:20>  Iteration 1
<Jan23-2022> <00:09:20>  DIRAC 2021.102  RunTime: Jan23-2022 00:09:20  ShM Nodes: 1  Procs: 1
<Jan23-2022> <00:09:20>  Carbon (TZ2P)
<Jan23-2022> <00:09:21>  Net Charge: 0 (Nuclei minus Electrons)
<Jan23-2022> <00:09:21>  Symmetry  : ATOM
<Jan23-2022> <00:09:21>  Coordinates
<Jan23-2022> <00:09:21>     Atom         X           Y           Z   (Angstrom)
<Jan23-2022> <00:09:21>     1.C         0.000000    0.000000    0.000000
<Jan23-2022> <00:09:21>  >>>> CORORT
<Jan23-2022> <00:09:21>  >>>> CLSMAT
<Jan23-2022> <00:09:21>  >>>> ORTHON
<Jan23-2022> <00:09:21>  >>>> GENPT
<Jan23-2022> <00:09:21>  Block Length=  72
<Jan23-2022> <00:09:21>  >>>> PTBAS
<Jan23-2022> <00:09:21>  >>>> CYCLE
<Jan23-2022> <00:09:21>              |Error|         MaxErr       Wt(A-DIIS)
<Jan23-2022> <00:09:21>      1      0.00000000      0.00000000
<Jan23-2022> <00:09:21>      2      4.48405934      3.32161898    100.0
<Jan23-2022> <00:09:21>      3      1.60718414      1.28408746    100.0
<Jan23-2022> <00:09:21>      4      0.76426456      0.62272052    100.0
<Jan23-2022> <00:09:21>      5      0.36119063      0.28553990    100.0
<Jan23-2022> <00:09:21>      6      0.14821424      0.11559867    100.0
<Jan23-2022> <00:09:21>      7      0.10108424      0.07867111     78.5
<Jan23-2022> <00:09:21>      8      0.01786531      0.01387049     13.0
<Jan23-2022> <00:09:21>      9      0.00195746      0.00153262      0.5
<Jan23-2022> <00:09:21>     10      0.00001058      0.00000730      0.0
<Jan23-2022> <00:09:21>     11      0.00000047      0.00000027      0.0
<Jan23-2022> <00:09:21>     12      0.00000003      0.00000002      0.0
<Jan23-2022> <00:09:21>     13      0.00000000      0.00000000      0.0
<Jan23-2022> <00:09:21>  SCF converged
<Jan23-2022> <00:09:21>     14      0.00000000      0.00000000      0.0
<Jan23-2022> <00:09:21>  >>>> POPAN
<Jan23-2022> <00:09:21>  >>>> DEBYE
<Jan23-2022> <00:09:22>  DIRAC 2021.102  RunTime: Jan23-2022 00:09:22  ShM Nodes: 1  Procs: 1
<Jan23-2022> <00:09:22>  Hydrogen (TZ2P)
<Jan23-2022> <00:09:22>  Net Charge: 0 (Nuclei minus Electrons)
<Jan23-2022> <00:09:22>  Symmetry  : ATOM
<Jan23-2022> <00:09:22>  Coordinates
<Jan23-2022> <00:09:22>     Atom         X           Y           Z   (Angstrom)
<Jan23-2022> <00:09:22>     1.H         0.000000    0.000000    0.000000
<Jan23-2022> <00:09:22>  >>>> CORORT
<Jan23-2022> <00:09:22>  >>>> CLSMAT
<Jan23-2022> <00:09:22>  >>>> ORTHON
<Jan23-2022> <00:09:22>  >>>> GENPT
<Jan23-2022> <00:09:22>  Block Length=  64
<Jan23-2022> <00:09:22>  >>>> PTBAS
<Jan23-2022> <00:09:22>  >>>> CYCLE
<Jan23-2022> <00:09:22>              |Error|         MaxErr       Wt(A-DIIS)
<Jan23-2022> <00:09:22>      1      0.00000000      0.00000000
<Jan23-2022> <00:09:22>      2      0.03080019      0.02591482
<Jan23-2022> <00:09:22>      3      0.01140383      0.01135775    100.0
<Jan23-2022> <00:09:22>      4      0.00327656      0.00327407      2.3
<Jan23-2022> <00:09:22>      5      0.00010041      0.00009754      0.0
<Jan23-2022> <00:09:22>      6      0.00000525      0.00000504      0.0
<Jan23-2022> <00:09:22>      7      0.00000007      0.00000007      0.0
<Jan23-2022> <00:09:22>      8      0.00000000      0.00000000      0.0
<Jan23-2022> <00:09:22>  SCF converged
<Jan23-2022> <00:09:22>      9      0.00000000      0.00000000      0.0
<Jan23-2022> <00:09:22>  >>>> POPAN
<Jan23-2022> <00:09:22>  >>>> DEBYE
<Jan23-2022> <00:09:23>  DIRAC 2021.102  RunTime: Jan23-2022 00:09:23  ShM Nodes: 1  Procs: 1
<Jan23-2022> <00:09:23>  Oxygen (TZ2P)
<Jan23-2022> <00:09:23>  Net Charge: 0 (Nuclei minus Electrons)
<Jan23-2022> <00:09:23>  Symmetry  : ATOM
<Jan23-2022> <00:09:23>  Coordinates
<Jan23-2022> <00:09:23>     Atom         X           Y           Z   (Angstrom)
<Jan23-2022> <00:09:23>     1.O         0.000000    0.000000    0.000000
<Jan23-2022> <00:09:23>  >>>> CORORT
<Jan23-2022> <00:09:23>  >>>> CLSMAT
<Jan23-2022> <00:09:23>  >>>> ORTHON
<Jan23-2022> <00:09:23>  >>>> GENPT
<Jan23-2022> <00:09:23>  Block Length=  68
<Jan23-2022> <00:09:23>  >>>> PTBAS
<Jan23-2022> <00:09:23>  >>>> CYCLE
<Jan23-2022> <00:09:23>              |Error|         MaxErr       Wt(A-DIIS)
<Jan23-2022> <00:09:23>      1      0.00000000      0.00000000
<Jan23-2022> <00:09:23>      2      8.77210307      5.53374266    100.0
<Jan23-2022> <00:09:23>      3      3.60058093      2.49154808    100.0
<Jan23-2022> <00:09:23>      4      1.20505529      0.62472425    100.0
<Jan23-2022> <00:09:23>      5      1.46502638      0.81213311    100.0
<Jan23-2022> <00:09:24>      6      0.15089362      0.09131786     91.2
<Jan23-2022> <00:09:24>      7      0.14397311      0.08251182     82.3
<Jan23-2022> <00:09:24>      8      0.00183259      0.00123681      0.2
<Jan23-2022> <00:09:24>      9      0.00015629      0.00008105      0.0
<Jan23-2022> <00:09:24>     10      0.00001324      0.00000629      0.0
<Jan23-2022> <00:09:24>     11      0.00000006      0.00000003      0.0
<Jan23-2022> <00:09:24>     12      0.00000000      0.00000000      0.0
<Jan23-2022> <00:09:24>  SCF converged
<Jan23-2022> <00:09:24>     13      0.00000000      0.00000000      0.0
<Jan23-2022> <00:09:24>  >>>> POPAN
<Jan23-2022> <00:09:24>  >>>> DEBYE
<Jan23-2022> <00:09:24>  *** GOStep1 ***
<Jan23-2022> <00:09:24>  >>>> FRAGM
<Jan23-2022> <00:09:24>  Coordinates
<Jan23-2022> <00:09:24>     Atom         X           Y           Z   (Angstrom)
<Jan23-2022> <00:09:24>     1.C         0.072379    0.458490    0.147016
<Jan23-2022> <00:09:24>     2.C         0.881364   -0.769627    0.345434
<Jan23-2022> <00:09:24>     3.H         0.320085   -1.649370    0.008484
<Jan23-2022> <00:09:24>     4.C        -1.244537    0.481405   -0.412106
<Jan23-2022> <00:09:24>     5.H         0.491509    1.421715    0.440204
<Jan23-2022> <00:09:24>     6.O        -1.707636   -0.602381   -0.727301
<Jan23-2022> <00:09:24>     7.C         1.357984   -0.971567    1.798392
<Jan23-2022> <00:09:24>     8.H         1.975789   -1.872162    1.871864
<Jan23-2022> <00:09:24>     9.H         0.508075   -1.083701    2.478485
<Jan23-2022> <00:09:24>    10.H         1.956137   -0.121560    2.141940
<Jan23-2022> <00:09:24>    11.H         1.748706   -0.707949   -0.278116
<Jan23-2022> <00:09:24>    12.H        -1.817870    1.372623   -0.560157
<Jan23-2022> <00:09:24>  >>>> CORORT
<Jan23-2022> <00:09:24>  >>>> CLSMAT
<Jan23-2022> <00:09:24>  >>>> ORTHON
<Jan23-2022> <00:09:24>  >>>> GENPT
<Jan23-2022> <00:09:25>  Block Length= 128
<Jan23-2022> <00:09:25>  >>>> PTBAS
<Jan23-2022> <00:09:33>  >>>> CYCLE
<Jan23-2022> <00:10:04>              |Error|         MaxErr       Wt(A-DIIS)
<Jan23-2022> <00:10:04>      1      5.40832873      0.52860676
<Jan23-2022> <00:10:30>      2      0.95136659      0.09272317    100.0
<Jan23-2022> <00:10:55>      3      0.49548467      0.03898998    100.0
<Jan23-2022> <00:11:21>      4      0.74341938      0.06802024    100.0
<Jan23-2022> <00:11:47>      5      0.13992799      0.01753638     16.7
<Jan23-2022> <00:12:13>      6      0.11539591      0.01540813     14.6
<Jan23-2022> <00:12:39>      7      0.02029105      0.00272418      1.7
<Jan23-2022> <00:13:06>      8      0.00670782      0.00072538      0.0
<Jan23-2022> <00:13:33>      9      0.00195319      0.00018821      0.0
<Jan23-2022> <00:13:59>     10      0.00135145      0.00009891      0.0
<Jan23-2022> <00:14:25>     11      0.00023305      0.00002102      0.0
<Jan23-2022> <00:14:51>     12      0.00010141      0.00000871      0.0
<Jan23-2022> <00:15:17>     13      0.00002052      0.00000140      0.0
<Jan23-2022> <00:15:43>     14      0.00000663      0.00000066      0.0
<Jan23-2022> <00:15:50>  SCF converged
<Jan23-2022> <00:16:09>     15      0.00000184      0.00000017      0.0
<Jan23-2022> <00:16:15>  >>>> TOTEN
<Jan23-2022> <00:16:42>  >>>> POPAN
<Jan23-2022> <00:16:43>  >>>> DEBYE
<Jan23-2022> <00:16:43>  >>>> ENGRAD
<Jan23-2022> <00:17:18>  current energy                               -2.37684635 Hartree
<Jan23-2022> <00:17:18>  energy change                      -2.37684635     0.00012000    F
<Jan23-2022> <00:17:18>  constrained gradient max            0.06296121     0.00100000    F
<Jan23-2022> <00:17:18>  constrained gradient rms            0.02431219     0.00066667    F
<Jan23-2022> <00:17:18>  gradient max                        0.06296121
<Jan23-2022> <00:17:18>  gradient rms                        0.02431219
<Jan23-2022> <00:17:18>  cart. step max                      0.14227393     0.01000000    F
<Jan23-2022> <00:17:18>  cart. step rms                      0.03131910     0.00666667    F
<Jan23-2022> <00:17:18>  Iteration 2
<Jan23-2022> <00:17:19>  *** GOStep2 ***
<Jan23-2022> <00:17:19>  >>>> FRAGM
<Jan23-2022> <00:17:19>  Coordinates
<Jan23-2022> <00:17:19>     Atom         X           Y           Z   (Angstrom)
<Jan23-2022> <00:17:19>     1.C         0.072550    0.440207    0.147983
<Jan23-2022> <00:17:19>     2.C         0.895684   -0.775800    0.348455
<Jan23-2022> <00:17:19>     3.H         0.341254   -1.656304    0.010490
<Jan23-2022> <00:17:19>     4.C        -1.252216    0.443282   -0.418791
<Jan23-2022> <00:17:19>     5.H         0.494020    1.403167    0.447783
<Jan23-2022> <00:17:19>     6.O        -1.849910   -0.594967   -0.794142
<Jan23-2022> <00:17:19>     7.C         1.365333   -0.962893    1.805879
<Jan23-2022> <00:17:19>     8.H         1.993040   -1.856015    1.884974
<Jan23-2022> <00:17:19>     9.H         0.512694   -1.084632    2.480861
<Jan23-2022> <00:17:19>    10.H         1.951845   -0.105701    2.153068
<Jan23-2022> <00:17:19>    11.H         1.781134   -0.699264   -0.283849
<Jan23-2022> <00:17:19>    12.H        -1.763444    1.404837   -0.528570
<Jan23-2022> <00:17:19>  >>>> CORORT
<Jan23-2022> <00:17:19>  >>>> CLSMAT
<Jan23-2022> <00:17:19>  >>>> ORTHON
<Jan23-2022> <00:17:19>  >>>> GENPT
<Jan23-2022> <00:17:20>  Block Length= 128
<Jan23-2022> <00:17:20>  >>>> PTBAS
<Jan23-2022> <00:17:28>  >>>> CYCLE
<Jan23-2022> <00:17:40>  using orbital data from restart file
<Jan23-2022> <00:17:59>              |Error|         MaxErr       Wt(A-DIIS)
<Jan23-2022> <00:17:59>      1      0.35010959      0.07366430
<Jan23-2022> <00:18:25>      2      0.06936926      0.00767404    100.0
<Jan23-2022> <00:18:51>      3      0.10848175      0.00869068    100.0
<Jan23-2022> <00:19:18>      4      0.01692030      0.00187630      0.9
<Jan23-2022> <00:19:44>      5      0.00472942      0.00034495      0.0
<Jan23-2022> <00:20:10>      6      0.00117650      0.00016868      0.0
<Jan23-2022> <00:20:38>      7      0.00123146      0.00018995      0.0
<Jan23-2022> <00:21:04>      8      0.00012696      0.00001222      0.0
<Jan23-2022> <00:21:30>      9      0.00010527      0.00000936      0.0
<Jan23-2022> <00:21:55>     10      0.00002636      0.00000300      0.0
<Jan23-2022> <00:22:21>     11      0.00000918      0.00000079      0.0
<Jan23-2022> <00:22:28>  SCF converged
<Jan23-2022> <00:22:47>     12      0.00000282      0.00000022      0.0
<Jan23-2022> <00:22:54>  >>>> TOTEN
<Jan23-2022> <00:23:22>  >>>> POPAN
<Jan23-2022> <00:23:22>  >>>> DEBYE
<Jan23-2022> <00:23:22>  >>>> ENGRAD
<Jan23-2022> <00:23:57>  current energy                               -2.38340767 Hartree
<Jan23-2022> <00:23:57>  energy change                      -0.00656132     0.00012000    F
<Jan23-2022> <00:23:57>  constrained gradient max            0.04612887     0.00100000    F
<Jan23-2022> <00:23:57>  constrained gradient rms            0.01045715     0.00066667    F
<Jan23-2022> <00:23:57>  gradient max                        0.04612887
<Jan23-2022> <00:23:57>  gradient rms                        0.01045715
<Jan23-2022> <00:23:57>  cart. step max                      0.01788531     0.01000000    F
<Jan23-2022> <00:23:57>  cart. step rms                      0.00559042     0.00666667    T
<Jan23-2022> <00:23:57>  Iteration 3
<Jan23-2022> <00:23:58>  *** GOStep3 ***
<Jan23-2022> <00:23:58>  >>>> FRAGM
<Jan23-2022> <00:23:58>  Coordinates
<Jan23-2022> <00:23:58>     Atom         X           Y           Z   (Angstrom)
<Jan23-2022> <00:23:58>     1.C         0.068154    0.434879    0.144974
<Jan23-2022> <00:23:58>     2.C         0.895236   -0.778238    0.348322
<Jan23-2022> <00:23:58>     3.H         0.339945   -1.657716    0.010668
<Jan23-2022> <00:23:58>     4.C        -1.250282    0.430945   -0.420090
<Jan23-2022> <00:23:58>     5.H         0.481946    1.400597    0.443294
<Jan23-2022> <00:23:58>     6.O        -1.854496   -0.590105   -0.793994
<Jan23-2022> <00:23:58>     7.C         1.364596   -0.961202    1.806311
<Jan23-2022> <00:23:58>     8.H         1.995405   -1.852008    1.887253
<Jan23-2022> <00:23:58>     9.H         0.511270   -1.086481    2.479683
<Jan23-2022> <00:23:58>    10.H         1.947789   -0.101752    2.153865
<Jan23-2022> <00:23:58>    11.H         1.787979   -0.697340   -0.288875
<Jan23-2022> <00:23:58>    12.H        -1.745558    1.414338   -0.517272
<Jan23-2022> <00:23:58>  >>>> CORORT
<Jan23-2022> <00:23:58>  >>>> CLSMAT
<Jan23-2022> <00:23:58>  >>>> ORTHON
<Jan23-2022> <00:23:58>  >>>> GENPT
<Jan23-2022> <00:23:59>  Block Length= 128
<Jan23-2022> <00:23:59>  >>>> PTBAS
<Jan23-2022> <00:24:07>  >>>> CYCLE
<Jan23-2022> <00:24:19>  using orbital data from restart file
<Jan23-2022> <00:24:38>              |Error|         MaxErr       Wt(A-DIIS)
<Jan23-2022> <00:24:38>      1      0.07349103      0.01486942
<Jan23-2022> <00:25:05>      2      0.01649651      0.00182036    100.0
<Jan23-2022> <00:25:31>      3      0.00703879      0.00053300    100.0
<Jan23-2022> <00:25:57>      4      0.00991132      0.00107640    100.0
<Jan23-2022> <00:26:22>      5      0.00337665      0.00042407      0.0
<Jan23-2022> <00:26:48>      6      0.00058284      0.00004207      0.0
<Jan23-2022> <00:27:14>      7      0.00016188      0.00002331      0.0
<Jan23-2022> <00:27:40>      8      0.00006889      0.00000535      0.0
<Jan23-2022> <00:28:06>      9      0.00003156      0.00000188      0.0
<Jan23-2022> <00:28:32>     10      0.00001023      0.00000065      0.0
<Jan23-2022> <00:28:58>     11      0.00000251      0.00000016      0.0
<Jan23-2022> <00:29:04>  SCF converged
<Jan23-2022> <00:29:23>     12      0.00000063      0.00000005      0.0
<Jan23-2022> <00:29:30>  >>>> TOTEN
<Jan23-2022> <00:29:58>  >>>> POPAN
<Jan23-2022> <00:29:58>  >>>> DEBYE
<Jan23-2022> <00:29:58>  >>>> ENGRAD
<Jan23-2022> <00:30:34>  current energy                               -2.38404419 Hartree
<Jan23-2022> <00:30:34>  energy change                      -0.00063652     0.00012000    F
<Jan23-2022> <00:30:34>  constrained gradient max            0.01256822     0.00100000    F
<Jan23-2022> <00:30:34>  constrained gradient rms            0.00303872     0.00066667    F
<Jan23-2022> <00:30:34>  gradient max                        0.01256822
<Jan23-2022> <00:30:34>  gradient rms                        0.00303872
<Jan23-2022> <00:30:34>  cart. step max                      0.01209950     0.01000000    F
<Jan23-2022> <00:30:34>  cart. step rms                      0.00452253     0.00666667    T
<Jan23-2022> <00:30:34>  Iteration 4
<Jan23-2022> <00:30:34>  *** GOStep4 ***
<Jan23-2022> <00:30:35>  >>>> FRAGM
<Jan23-2022> <00:30:35>  Coordinates
<Jan23-2022> <00:30:35>     Atom         X           Y           Z   (Angstrom)
<Jan23-2022> <00:30:35>     1.C         0.062288    0.431674    0.147036
<Jan23-2022> <00:30:35>     2.C         0.892721   -0.780016    0.351204
<Jan23-2022> <00:30:35>     3.H         0.337949   -1.660134    0.014690
<Jan23-2022> <00:30:35>     4.C        -1.255237    0.427174   -0.417149
<Jan23-2022> <00:30:35>     5.H         0.471117    1.399203    0.443313
<Jan23-2022> <00:30:35>     6.O        -1.854276   -0.587850   -0.801300
<Jan23-2022> <00:30:35>     7.C         1.367588   -0.961801    1.807246
<Jan23-2022> <00:30:35>     8.H         2.001956   -1.850277    1.886910
<Jan23-2022> <00:30:35>     9.H         0.516363   -1.090691    2.482609
<Jan23-2022> <00:30:35>    10.H         1.948476   -0.100147    2.153007
<Jan23-2022> <00:30:35>    11.H         1.786498   -0.696620   -0.290484
<Jan23-2022> <00:30:35>    12.H        -1.733459    1.425401   -0.522942
<Jan23-2022> <00:30:36>  >>>> CORORT
<Jan23-2022> <00:30:36>  >>>> CLSMAT
<Jan23-2022> <00:30:36>  >>>> ORTHON
<Jan23-2022> <00:30:36>  >>>> GENPT
<Jan23-2022> <00:30:36>  Block Length= 128
<Jan23-2022> <00:30:37>  >>>> PTBAS
<Jan23-2022> <00:30:45>  >>>> CYCLE
<Jan23-2022> <00:30:57>  using orbital data from restart file
<Jan23-2022> <00:31:16>              |Error|         MaxErr       Wt(A-DIIS)
<Jan23-2022> <00:31:16>      1      0.04065064      0.00790520
<Jan23-2022> <00:31:44>      2      0.00753626      0.00087253    100.0
<Jan23-2022> <00:32:14>      3      0.00303439      0.00020290    100.0
<Jan23-2022> <00:32:44>      4      0.00393242      0.00047938      0.0
<Jan23-2022> <00:33:15>      5      0.00094494      0.00008905      0.0
<Jan23-2022> <00:33:45>      6      0.00028661      0.00001797      0.0
<Jan23-2022> <00:34:15>      7      0.00010632      0.00000782      0.0
<Jan23-2022> <00:34:45>      8      0.00005088      0.00000428      0.0
<Jan23-2022> <00:35:16>      9      0.00001299      0.00000077      0.0
<Jan23-2022> <00:35:46>     10      0.00000563      0.00000039      0.0
<Jan23-2022> <00:35:54>  SCF converged
<Jan23-2022> <00:36:16>     11      0.00000218      0.00000015      0.0
<Jan23-2022> <00:36:24>  >>>> TOTEN
<Jan23-2022> <00:36:56>  >>>> POPAN
<Jan23-2022> <00:36:56>  >>>> DEBYE
<Jan23-2022> <00:36:56>  >>>> ENGRAD
<Jan23-2022> <00:37:36>  current energy                               -2.38411133 Hartree
<Jan23-2022> <00:37:36>  energy change                      -0.00006714     0.00012000    T
<Jan23-2022> <00:37:36>  constrained gradient max            0.00477474     0.00100000    F
<Jan23-2022> <00:37:36>  constrained gradient rms            0.00102312     0.00066667    F
<Jan23-2022> <00:37:36>  gradient max                        0.00477474
<Jan23-2022> <00:37:36>  gradient rms                        0.00102312
<Jan23-2022> <00:37:36>  cart. step max                      0.02241652     0.01000000    F
<Jan23-2022> <00:37:36>  cart. step rms                      0.00628941     0.00666667    T
<Jan23-2022> <00:37:36>  Iteration 5
<Jan23-2022> <00:37:37>  *** GOStep5 ***
<Jan23-2022> <00:37:37>  >>>> FRAGM
<Jan23-2022> <00:37:37>  Coordinates
<Jan23-2022> <00:37:37>     Atom         X           Y           Z   (Angstrom)
<Jan23-2022> <00:37:37>     1.C         0.064549    0.429783    0.138913
<Jan23-2022> <00:37:37>     2.C         0.894936   -0.781541    0.350269
<Jan23-2022> <00:37:37>     3.H         0.342265   -1.662217    0.011777
<Jan23-2022> <00:37:37>     4.C        -1.248474    0.426753   -0.436077
<Jan23-2022> <00:37:37>     5.H         0.467979    1.398602    0.436060
<Jan23-2022> <00:37:37>     6.O        -1.859326   -0.588990   -0.789637
<Jan23-2022> <00:37:37>     7.C         1.365215   -0.961366    1.807629
<Jan23-2022> <00:37:37>     8.H         2.001649   -1.848092    1.890845
<Jan23-2022> <00:37:37>     9.H         0.511614   -1.092230    2.479664
<Jan23-2022> <00:37:37>    10.H         1.942387   -0.097821    2.154648
<Jan23-2022> <00:37:37>    11.H         1.792870   -0.697775   -0.289426
<Jan23-2022> <00:37:37>    12.H        -1.733679    1.430811   -0.500525
<Jan23-2022> <00:37:37>  >>>> CORORT
<Jan23-2022> <00:37:37>  >>>> CLSMAT
<Jan23-2022> <00:37:37>  >>>> ORTHON
<Jan23-2022> <00:37:38>  >>>> GENPT
<Jan23-2022> <00:37:39>  Block Length= 128
<Jan23-2022> <00:37:39>  >>>> PTBAS
<Jan23-2022> <00:37:48>  >>>> CYCLE
<Jan23-2022> <00:38:00>  using orbital data from restart file
<Jan23-2022> <00:38:19>              |Error|         MaxErr       Wt(A-DIIS)
<Jan23-2022> <00:38:19>      1      0.07259789      0.01629493
<Jan23-2022> <00:38:45>      2      0.00999335      0.00082059    100.0
<Jan23-2022> <00:39:11>      3      0.01576299      0.00182191    100.0
<Jan23-2022> <00:39:37>      4      0.00662488      0.00088950      0.0
<Jan23-2022> <00:40:06>      5      0.00111453      0.00012741      0.0
<Jan23-2022> <00:40:32>      6      0.00067752      0.00004654      0.0
<Jan23-2022> <00:40:58>      7      0.00017828      0.00001141      0.0
<Jan23-2022> <00:41:24>      8      0.00006156      0.00000333      0.0
<Jan23-2022> <00:41:50>      9      0.00003193      0.00000191      0.0
<Jan23-2022> <00:42:15>     10      0.00000871      0.00000059      0.0
<Jan23-2022> <00:42:22>  SCF converged
<Jan23-2022> <00:42:41>     11      0.00000310      0.00000019      0.0
<Jan23-2022> <00:42:48>  >>>> TOTEN
<Jan23-2022> <00:43:15>  >>>> POPAN
<Jan23-2022> <00:43:15>  >>>> DEBYE
<Jan23-2022> <00:43:15>  >>>> ENGRAD
<Jan23-2022> <00:43:51>  current energy                               -2.38400139 Hartree
<Jan23-2022> <00:43:51>  energy change                       0.00010994     0.00012000    T
<Jan23-2022> <00:43:51>  constrained gradient max            0.01001026     0.00100000    F
<Jan23-2022> <00:43:51>  constrained gradient rms            0.00276939     0.00066667    F
<Jan23-2022> <00:43:51>  gradient max                        0.01001026
<Jan23-2022> <00:43:51>  gradient rms                        0.00276939
<Jan23-2022> <00:43:51>  cart. step max                      0.00588310     0.01000000    T
<Jan23-2022> <00:43:51>  cart. step rms                      0.00186431     0.00666667    T
<Jan23-2022> <00:43:51>  Iteration 6
<Jan23-2022> <00:43:51>  *** GOStep6 ***
<Jan23-2022> <00:43:51>  >>>> FRAGM
<Jan23-2022> <00:43:51>  Coordinates
<Jan23-2022> <00:43:51>     Atom         X           Y           Z   (Angstrom)
<Jan23-2022> <00:43:51>     1.C         0.064818    0.430529    0.141381
<Jan23-2022> <00:43:51>     2.C         0.894404   -0.781184    0.350735
<Jan23-2022> <00:43:51>     3.H         0.340983   -1.661702    0.012832
<Jan23-2022> <00:43:51>     4.C        -1.250081    0.427904   -0.432125
<Jan23-2022> <00:43:51>     5.H         0.470200    1.398865    0.438941
<Jan23-2022> <00:43:51>     6.O        -1.858883   -0.588670   -0.794097
<Jan23-2022> <00:43:51>     7.C         1.366081   -0.961436    1.807566
<Jan23-2022> <00:43:51>     8.H         2.002084   -1.848522    1.889635
<Jan23-2022> <00:43:51>     9.H         0.513351   -1.091875    2.480809
<Jan23-2022> <00:43:51>    10.H         1.944148   -0.098287    2.154136
<Jan23-2022> <00:43:51>    11.H         1.790076   -0.698006   -0.289265
<Jan23-2022> <00:43:51>    12.H        -1.735198    1.428301   -0.506409
<Jan23-2022> <00:43:52>  >>>> CORORT
<Jan23-2022> <00:43:52>  >>>> CLSMAT
<Jan23-2022> <00:43:52>  >>>> ORTHON
<Jan23-2022> <00:43:52>  >>>> GENPT
<Jan23-2022> <00:43:52>  Block Length= 128
<Jan23-2022> <00:43:53>  >>>> PTBAS
<Jan23-2022> <00:44:01>  >>>> CYCLE
<Jan23-2022> <00:44:13>  using orbital data from restart file
<Jan23-2022> <00:44:32>              |Error|         MaxErr       Wt(A-DIIS)
<Jan23-2022> <00:44:32>      1      0.02285151      0.00411963
<Jan23-2022> <00:44:58>      2      0.00377954      0.00037973    100.0
<Jan23-2022> <00:45:25>      3      0.00883358      0.00119043    100.0
<Jan23-2022> <00:45:51>      4      0.00172344      0.00015719      0.0
<Jan23-2022> <00:46:17>      5      0.00048391      0.00005939      0.0
<Jan23-2022> <00:46:42>      6      0.00018740      0.00001377      0.0
<Jan23-2022> <00:47:08>      7      0.00007857      0.00000583      0.0
<Jan23-2022> <00:47:34>      8      0.00003021      0.00000235      0.0
<Jan23-2022> <00:48:00>      9      0.00000613      0.00000051      0.0
<Jan23-2022> <00:48:06>  SCF converged
<Jan23-2022> <00:48:25>     10      0.00000258      0.00000018      0.0
<Jan23-2022> <00:48:32>  >>>> TOTEN
<Jan23-2022> <00:48:59>  >>>> POPAN
<Jan23-2022> <00:49:00>  >>>> DEBYE
<Jan23-2022> <00:49:00>  >>>> ENGRAD
<Jan23-2022> <00:49:35>  current energy                               -2.38408451 Hartree
<Jan23-2022> <00:49:35>  energy change                      -0.00008312     0.00012000    T
<Jan23-2022> <00:49:35>  constrained gradient max            0.00619403     0.00100000    F
<Jan23-2022> <00:49:35>  constrained gradient rms            0.00142279     0.00066667    F
<Jan23-2022> <00:49:35>  gradient max                        0.00619403
<Jan23-2022> <00:49:35>  gradient rms                        0.00142279
<Jan23-2022> <00:49:35>  cart. step max                      0.01238700     0.01000000    F
<Jan23-2022> <00:49:35>  cart. step rms                      0.00376093     0.00666667    T
<Jan23-2022> <00:49:35>  Iteration 7
<Jan23-2022> <00:49:35>  *** GOStep7 ***
<Jan23-2022> <00:49:36>  >>>> FRAGM
<Jan23-2022> <00:49:36>  Coordinates
<Jan23-2022> <00:49:36>     Atom         X           Y           Z   (Angstrom)
<Jan23-2022> <00:49:36>     1.C         0.062594    0.430649    0.146488
<Jan23-2022> <00:49:36>     2.C         0.892280   -0.781241    0.352439
<Jan23-2022> <00:49:36>     3.H         0.337546   -1.661691    0.016300
<Jan23-2022> <00:49:36>     4.C        -1.253852    0.428428   -0.425154
<Jan23-2022> <00:49:36>     5.H         0.468867    1.398595    0.444918
<Jan23-2022> <00:49:36>     6.O        -1.855900   -0.586818   -0.803095
<Jan23-2022> <00:49:36>     7.C         1.368516   -0.961697    1.807630
<Jan23-2022> <00:49:36>     8.H         2.005004   -1.848630    1.887235
<Jan23-2022> <00:49:36>     9.H         0.518173   -1.092427    2.483858
<Jan23-2022> <00:49:36>    10.H         1.947513   -0.098534    2.152630
<Jan23-2022> <00:49:36>    11.H         1.784763   -0.698633   -0.290315
<Jan23-2022> <00:49:36>    12.H        -1.733522    1.427916   -0.518796
<Jan23-2022> <00:49:36>  >>>> CORORT
<Jan23-2022> <00:49:36>  >>>> CLSMAT
<Jan23-2022> <00:49:36>  >>>> ORTHON
<Jan23-2022> <00:49:36>  >>>> GENPT
<Jan23-2022> <00:49:36>  Block Length= 128
<Jan23-2022> <00:49:37>  >>>> PTBAS
<Jan23-2022> <00:49:44>  >>>> CYCLE
<Jan23-2022> <00:49:56>  using orbital data from restart file
<Jan23-2022> <00:50:15>              |Error|         MaxErr       Wt(A-DIIS)
<Jan23-2022> <00:50:15>      1      0.03709724      0.00935785
<Jan23-2022> <00:50:42>      2      0.00493954      0.00046890    100.0
<Jan23-2022> <00:51:08>      3      0.00302874      0.00029380    100.0
<Jan23-2022> <00:51:34>      4      0.00264164      0.00028527      0.0
<Jan23-2022> <00:52:00>      5      0.00053921      0.00006030      0.0
<Jan23-2022> <00:52:26>      6      0.00026328      0.00001786      0.0
<Jan23-2022> <00:52:52>      7      0.00008587      0.00000602      0.0
<Jan23-2022> <00:53:18>      8      0.00002863      0.00000164      0.0
<Jan23-2022> <00:53:43>      9      0.00001274      0.00000104      0.0
<Jan23-2022> <00:54:10>     10      0.00000385      0.00000029      0.0
<Jan23-2022> <00:54:17>  SCF converged
<Jan23-2022> <00:54:36>     11      0.00000160      0.00000011      0.0
<Jan23-2022> <00:54:43>  >>>> TOTEN
<Jan23-2022> <00:55:10>  >>>> POPAN
<Jan23-2022> <00:55:10>  >>>> DEBYE
<Jan23-2022> <00:55:11>  >>>> ENGRAD
<Jan23-2022> <00:55:46>  current energy                               -2.38413495 Hartree
<Jan23-2022> <00:55:46>  energy change                      -0.00005044     0.00012000    T
<Jan23-2022> <00:55:46>  constrained gradient max            0.00019342     0.00100000    T
<Jan23-2022> <00:55:46>  constrained gradient rms            0.00007752     0.00066667    T
<Jan23-2022> <00:55:46>  gradient max                        0.00019342
<Jan23-2022> <00:55:46>  gradient rms                        0.00007752
<Jan23-2022> <00:55:46>  cart. step max                      0.00218050     0.01000000    T
<Jan23-2022> <00:55:46>  cart. step rms                      0.00074080     0.00666667    T
<Jan23-2022> <00:55:46>  Geometry optimization converged
<Jan23-2022> <00:55:46>  *** adf ***
<Jan23-2022> <00:55:46>  Net Charge: 0 (Nuclei minus Electrons)
<Jan23-2022> <00:55:46>  Spin polar: 1 (Spin_A minus Spin_B electrons)
<Jan23-2022> <00:55:46>  Symmetry  : NOSYM
<Jan23-2022> <00:55:46>  >>>> FRAGM
<Jan23-2022> <00:55:47>  Coordinates
<Jan23-2022> <00:55:47>     Atom         X           Y           Z   (Angstrom)
<Jan23-2022> <00:55:47>     1.C         0.062594    0.430649    0.146488
<Jan23-2022> <00:55:47>     2.C         0.892280   -0.781241    0.352439
<Jan23-2022> <00:55:47>     3.H         0.337546   -1.661691    0.016300
<Jan23-2022> <00:55:47>     4.C        -1.253852    0.428428   -0.425154
<Jan23-2022> <00:55:47>     5.H         0.468867    1.398595    0.444918
<Jan23-2022> <00:55:47>     6.O        -1.855900   -0.586818   -0.803095
<Jan23-2022> <00:55:47>     7.C         1.368516   -0.961697    1.807630
<Jan23-2022> <00:55:47>     8.H         2.005004   -1.848630    1.887235
<Jan23-2022> <00:55:47>     9.H         0.518173   -1.092427    2.483858
<Jan23-2022> <00:55:47>    10.H         1.947513   -0.098534    2.152630
<Jan23-2022> <00:55:47>    11.H         1.784763   -0.698633   -0.290315
<Jan23-2022> <00:55:47>    12.H        -1.733522    1.427916   -0.518796
<Jan23-2022> <00:55:47>  >>>> CORORT
<Jan23-2022> <00:55:47>  >>>> CLSMAT
<Jan23-2022> <00:55:47>  >>>> ORTHON
<Jan23-2022> <00:55:47>  >>>> GENPT
<Jan23-2022> <00:55:47>  Block Length= 128
<Jan23-2022> <00:55:48>  >>>> PTBAS
<Jan23-2022> <00:55:55>  >>>> CYCLE
<Jan23-2022> <00:56:07>  using orbital data from restart file
<Jan23-2022> <00:56:26>              |Error|         MaxErr       Wt(A-DIIS)
<Jan23-2022> <00:56:26>      1      0.00000063      0.00000008
<Jan23-2022> <00:56:52>      2      0.00000100      0.00000011    100.0
<Jan23-2022> <00:57:00>  SCF converged
<Jan23-2022> <00:57:19>      3      0.00000170      0.00000018    100.0
<Jan23-2022> <00:57:43>  >>>> TOTEN
<Jan23-2022> <00:58:29>  >>>> POPAN
<Jan23-2022> <00:58:29>  >>>> DEBYE
<Jan23-2022> <00:58:29>  >>>> AMETS
<Jan23-2022> <00:58:31>   Bond Energy          -2.38413495 a.u.
<Jan23-2022> <00:58:31>   Bond Energy         -64.87561291 eV
<Jan23-2022> <00:58:31>   Bond Energy       -1496.07       kcal/mol
<Jan23-2022> <00:58:31>  >>>> POPUL
<Jan23-2022> <00:58:31>  >>>> ENGRAD
<Jan23-2022> <00:59:06>  >>>> ENHESS
<Jan23-2022> <00:59:18>  === NUCLEUS:     1
<Jan23-2022> <01:12:36>  === NUCLEUS:     2
<Jan23-2022> <01:24:38>  === NUCLEUS:     3
<Jan23-2022> <01:38:09>  === NUCLEUS:     4
<Jan23-2022> <01:50:32>  === NUCLEUS:     5
<Jan23-2022> <02:01:13>  === NUCLEUS:     6
<Jan23-2022> <02:13:06>  === NUCLEUS:     7
<Jan23-2022> <02:24:24>  === NUCLEUS:     8
<Jan23-2022> <02:35:05>  === NUCLEUS:     9
<Jan23-2022> <02:45:45>  === NUCLEUS:    10
<Jan23-2022> <02:57:18>  === NUCLEUS:    11
<Jan23-2022> <03:08:18>  === NUCLEUS:    12
<Jan23-2022> <03:20:50>  >>>> CALC_HESS_PMAT
<Jan23-2022> <03:22:29>  >>>> CALC_HESS_WMAT
<Jan23-2022> <03:22:41>  PES point character: Geometry corresponds to a local minimum on the PES.
<Jan23-2022> <03:22:41>  Geometry optimization successful!
<Jan23-2022> <03:22:41>  WARNING: total elapsed time is much higher than the (CPU+system) time.
<Jan23-2022> <03:22:41>  Make sure the machine is not oversubscribed and has enough memory, SCM_TMPDIR points to a fast file system, and the network is fast enough.
<Jan23-2022> <03:22:41>  NORMAL TERMINATION
