<Jan20-2022> <14:26:50>  AMS 2021.102  RunTime: Jan20-2022 14:26:50  ShM Nodes: 1  Procs: 1
<Jan20-2022> <14:26:50>  ADF 2021.102  RunTime: Jan20-2022 14:26:50  ShM Nodes: 1  Procs: 1
<Jan20-2022> <14:26:50>  *** (NO TITLE) ***
<Jan20-2022> <14:26:50>  Iteration 1
<Jan20-2022> <14:26:50>  DIRAC 2021.102  RunTime: Jan20-2022 14:26:50  ShM Nodes: 1  Procs: 1
<Jan20-2022> <14:26:51>  Carbon (TZ2P)
<Jan20-2022> <14:26:51>  Net Charge: 0 (Nuclei minus Electrons)
<Jan20-2022> <14:26:51>  Symmetry  : ATOM
<Jan20-2022> <14:26:51>  Coordinates
<Jan20-2022> <14:26:51>     Atom         X           Y           Z   (Angstrom)
<Jan20-2022> <14:26:51>     1.C         0.000000    0.000000    0.000000
<Jan20-2022> <14:26:51>  >>>> CORORT
<Jan20-2022> <14:26:51>  >>>> CLSMAT
<Jan20-2022> <14:26:51>  >>>> ORTHON
<Jan20-2022> <14:26:51>  >>>> GENPT
<Jan20-2022> <14:26:51>  Block Length=  72
<Jan20-2022> <14:26:51>  >>>> PTBAS
<Jan20-2022> <14:26:51>  >>>> CYCLE
<Jan20-2022> <14:26:51>              |Error|         MaxErr       Wt(A-DIIS)
<Jan20-2022> <14:26:51>      1      0.00000000      0.00000000
<Jan20-2022> <14:26:51>      2      4.48405934      3.32161898    100.0
<Jan20-2022> <14:26:51>      3      1.60718414      1.28408746    100.0
<Jan20-2022> <14:26:51>      4      0.76426456      0.62272052    100.0
<Jan20-2022> <14:26:51>      5      0.36119063      0.28553990    100.0
<Jan20-2022> <14:26:51>      6      0.14821424      0.11559867    100.0
<Jan20-2022> <14:26:51>      7      0.10108424      0.07867111     78.5
<Jan20-2022> <14:26:51>      8      0.01786531      0.01387049     13.0
<Jan20-2022> <14:26:51>      9      0.00195746      0.00153262      0.5
<Jan20-2022> <14:26:51>     10      0.00001058      0.00000730      0.0
<Jan20-2022> <14:26:51>     11      0.00000047      0.00000027      0.0
<Jan20-2022> <14:26:51>     12      0.00000003      0.00000002      0.0
<Jan20-2022> <14:26:51>     13      0.00000000      0.00000000      0.0
<Jan20-2022> <14:26:51>  SCF converged
<Jan20-2022> <14:26:51>     14      0.00000000      0.00000000      0.0
<Jan20-2022> <14:26:51>  >>>> POPAN
<Jan20-2022> <14:26:51>  >>>> DEBYE
<Jan20-2022> <14:26:51>  DIRAC 2021.102  RunTime: Jan20-2022 14:26:51  ShM Nodes: 1  Procs: 1
<Jan20-2022> <14:26:51>  Hydrogen (TZ2P)
<Jan20-2022> <14:26:51>  Net Charge: 0 (Nuclei minus Electrons)
<Jan20-2022> <14:26:51>  Symmetry  : ATOM
<Jan20-2022> <14:26:51>  Coordinates
<Jan20-2022> <14:26:51>     Atom         X           Y           Z   (Angstrom)
<Jan20-2022> <14:26:51>     1.H         0.000000    0.000000    0.000000
<Jan20-2022> <14:26:51>  >>>> CORORT
<Jan20-2022> <14:26:51>  >>>> CLSMAT
<Jan20-2022> <14:26:51>  >>>> ORTHON
<Jan20-2022> <14:26:51>  >>>> GENPT
<Jan20-2022> <14:26:51>  Block Length=  64
<Jan20-2022> <14:26:51>  >>>> PTBAS
<Jan20-2022> <14:26:51>  >>>> CYCLE
<Jan20-2022> <14:26:51>              |Error|         MaxErr       Wt(A-DIIS)
<Jan20-2022> <14:26:51>      1      0.00000000      0.00000000
<Jan20-2022> <14:26:51>      2      0.03080019      0.02591482
<Jan20-2022> <14:26:51>      3      0.01140383      0.01135775    100.0
<Jan20-2022> <14:26:51>      4      0.00327656      0.00327407      2.3
<Jan20-2022> <14:26:51>      5      0.00010041      0.00009754      0.0
<Jan20-2022> <14:26:51>      6      0.00000525      0.00000504      0.0
<Jan20-2022> <14:26:52>      7      0.00000007      0.00000007      0.0
<Jan20-2022> <14:26:52>      8      0.00000000      0.00000000      0.0
<Jan20-2022> <14:26:52>  SCF converged
<Jan20-2022> <14:26:52>      9      0.00000000      0.00000000      0.0
<Jan20-2022> <14:26:52>  >>>> POPAN
<Jan20-2022> <14:26:52>  >>>> DEBYE
<Jan20-2022> <14:26:52>  DIRAC 2021.102  RunTime: Jan20-2022 14:26:52  ShM Nodes: 1  Procs: 1
<Jan20-2022> <14:26:52>  Oxygen (TZ2P)
<Jan20-2022> <14:26:52>  Net Charge: 0 (Nuclei minus Electrons)
<Jan20-2022> <14:26:52>  Symmetry  : ATOM
<Jan20-2022> <14:26:52>  Coordinates
<Jan20-2022> <14:26:52>     Atom         X           Y           Z   (Angstrom)
<Jan20-2022> <14:26:52>     1.O         0.000000    0.000000    0.000000
<Jan20-2022> <14:26:52>  >>>> CORORT
<Jan20-2022> <14:26:52>  >>>> CLSMAT
<Jan20-2022> <14:26:52>  >>>> ORTHON
<Jan20-2022> <14:26:52>  >>>> GENPT
<Jan20-2022> <14:26:52>  Block Length=  68
<Jan20-2022> <14:26:52>  >>>> PTBAS
<Jan20-2022> <14:26:52>  >>>> CYCLE
<Jan20-2022> <14:26:52>              |Error|         MaxErr       Wt(A-DIIS)
<Jan20-2022> <14:26:52>      1      0.00000000      0.00000000
<Jan20-2022> <14:26:52>      2      8.77210307      5.53374266    100.0
<Jan20-2022> <14:26:52>      3      3.60058093      2.49154808    100.0
<Jan20-2022> <14:26:52>      4      1.20505529      0.62472425    100.0
<Jan20-2022> <14:26:52>      5      1.46502638      0.81213311    100.0
<Jan20-2022> <14:26:52>      6      0.15089362      0.09131786     91.2
<Jan20-2022> <14:26:52>      7      0.14397311      0.08251182     82.3
<Jan20-2022> <14:26:52>      8      0.00183259      0.00123681      0.2
<Jan20-2022> <14:26:52>      9      0.00015629      0.00008105      0.0
<Jan20-2022> <14:26:52>     10      0.00001324      0.00000629      0.0
<Jan20-2022> <14:26:52>     11      0.00000006      0.00000003      0.0
<Jan20-2022> <14:26:52>     12      0.00000000      0.00000000      0.0
<Jan20-2022> <14:26:52>  SCF converged
<Jan20-2022> <14:26:52>     13      0.00000000      0.00000000      0.0
<Jan20-2022> <14:26:52>  >>>> POPAN
<Jan20-2022> <14:26:52>  >>>> DEBYE
<Jan20-2022> <14:26:52>  DIRAC 2021.102  RunTime: Jan20-2022 14:26:52  ShM Nodes: 1  Procs: 1
<Jan20-2022> <14:26:53>  Fluorine (TZ2P)
<Jan20-2022> <14:26:53>  Net Charge: 0 (Nuclei minus Electrons)
<Jan20-2022> <14:26:53>  Symmetry  : ATOM
<Jan20-2022> <14:26:53>  Coordinates
<Jan20-2022> <14:26:53>     Atom         X           Y           Z   (Angstrom)
<Jan20-2022> <14:26:53>     1.F         0.000000    0.000000    0.000000
<Jan20-2022> <14:26:53>  >>>> CORORT
<Jan20-2022> <14:26:53>  >>>> CLSMAT
<Jan20-2022> <14:26:53>  >>>> ORTHON
<Jan20-2022> <14:26:53>  >>>> GENPT
<Jan20-2022> <14:26:53>  Block Length=  76
<Jan20-2022> <14:26:53>  >>>> PTBAS
<Jan20-2022> <14:26:53>  >>>> CYCLE
<Jan20-2022> <14:26:53>              |Error|         MaxErr       Wt(A-DIIS)
<Jan20-2022> <14:26:53>      1      0.00000000      0.00000000
<Jan20-2022> <14:26:53>      2     11.39970762      4.85721148    100.0
<Jan20-2022> <14:26:53>      3      5.17310012      3.16632108    100.0
<Jan20-2022> <14:26:53>      4      1.04882283      0.49392043    100.0
<Jan20-2022> <14:26:53>      5      1.72142161      0.84736739    100.0
<Jan20-2022> <14:26:53>      6      0.21842580      0.10780687    100.0
<Jan20-2022> <14:26:53>      7      0.28524155      0.13554881    100.0
<Jan20-2022> <14:26:53>      8      0.02856437      0.01389479     13.0
<Jan20-2022> <14:26:53>      9      0.00489297      0.00234741      1.4
<Jan20-2022> <14:26:53>     10      0.00009261      0.00004462      0.0
<Jan20-2022> <14:26:53>     11      0.00000010      0.00000005      0.0
<Jan20-2022> <14:26:53>     12      0.00000000      0.00000000      0.0
<Jan20-2022> <14:26:53>  SCF converged
<Jan20-2022> <14:26:53>     13      0.00000000      0.00000000      0.0
<Jan20-2022> <14:26:53>  >>>> POPAN
<Jan20-2022> <14:26:53>  >>>> DEBYE
<Jan20-2022> <14:26:53>  *** GOStep1 ***
<Jan20-2022> <14:26:53>  >>>> FRAGM
<Jan20-2022> <14:26:53>  Coordinates
<Jan20-2022> <14:26:53>     Atom         X           Y           Z   (Angstrom)
<Jan20-2022> <14:26:53>     1.C         0.072379    0.458490    0.147016
<Jan20-2022> <14:26:53>     2.C         0.881364   -0.769627    0.345434
<Jan20-2022> <14:26:53>     3.H         0.320085   -1.649370    0.008484
<Jan20-2022> <14:26:53>     4.C        -1.244537    0.481405   -0.412106
<Jan20-2022> <14:26:53>     5.H         0.491509    1.421715    0.440204
<Jan20-2022> <14:26:53>     6.O        -1.908801    1.513970   -0.583638
<Jan20-2022> <14:26:53>     7.C         1.357984   -0.971567    1.798392
<Jan20-2022> <14:26:53>     8.H         1.975789   -1.872162    1.871864
<Jan20-2022> <14:26:53>     9.H         0.508075   -1.083701    2.478485
<Jan20-2022> <14:26:53>    10.H         1.956137   -0.121560    2.141940
<Jan20-2022> <14:26:53>    11.F         2.024310   -0.688350   -0.476253
<Jan20-2022> <14:26:53>    12.F        -1.779758   -0.771167   -0.776389
<Jan20-2022> <14:26:53>  >>>> CORORT
<Jan20-2022> <14:26:53>  >>>> CLSMAT
<Jan20-2022> <14:26:53>  >>>> ORTHON
<Jan20-2022> <14:26:53>  >>>> GENPT
<Jan20-2022> <14:26:54>  Block Length= 128
<Jan20-2022> <14:26:55>  >>>> PTBAS
<Jan20-2022> <14:27:15>  >>>> CYCLE
<Jan20-2022> <14:28:28>              |Error|         MaxErr       Wt(A-DIIS)
<Jan20-2022> <14:28:28>      1      5.62100756      0.49815144
<Jan20-2022> <14:29:29>      2      0.96390400      0.09363046    100.0
<Jan20-2022> <14:30:31>      3      0.45603568      0.03280096    100.0
<Jan20-2022> <14:31:35>      4      0.65469621      0.05191877    100.0
<Jan20-2022> <14:32:37>      5      0.15096295      0.01952002     18.7
<Jan20-2022> <14:33:41>      6      0.12325101      0.01688519     16.0
<Jan20-2022> <14:34:44>      7      0.01775047      0.00219531      1.2
<Jan20-2022> <14:35:47>      8      0.00715309      0.00085353      0.0
<Jan20-2022> <14:36:49>      9      0.00320301      0.00040512      0.0
<Jan20-2022> <14:37:51>     10      0.00103808      0.00012469      0.0
<Jan20-2022> <14:38:54>     11      0.00030509      0.00002905      0.0
<Jan20-2022> <14:39:56>     12      0.00020723      0.00002308      0.0
<Jan20-2022> <14:40:59>     13      0.00010067      0.00001064      0.0
<Jan20-2022> <14:42:01>     14      0.00003413      0.00000280      0.0
<Jan20-2022> <14:43:04>     15      0.00001382      0.00000114      0.0
<Jan20-2022> <14:44:05>     16      0.00000637      0.00000046      0.0
<Jan20-2022> <14:44:16>  SCF converged
<Jan20-2022> <14:44:42>     17      0.00000242      0.00000024      0.0
<Jan20-2022> <14:44:52>  >>>> TOTEN
<Jan20-2022> <14:45:30>  >>>> POPAN
<Jan20-2022> <14:45:30>  >>>> DEBYE
<Jan20-2022> <14:45:30>  >>>> ENGRAD
<Jan20-2022> <14:46:45>  current energy                               -2.41802303 Hartree
<Jan20-2022> <14:46:45>  energy change                      -2.41802303     0.00012000    F
<Jan20-2022> <14:46:45>  constrained gradient max            0.07697489     0.00100000    F
<Jan20-2022> <14:46:45>  constrained gradient rms            0.02188487     0.00066667    F
<Jan20-2022> <14:46:45>  gradient max                        0.07697489
<Jan20-2022> <14:46:45>  gradient rms                        0.02188487
<Jan20-2022> <14:46:45>  cart. step max                      0.08736050     0.01000000    F
<Jan20-2022> <14:46:45>  cart. step rms                      0.02623839     0.00666667    F
<Jan20-2022> <14:46:45>  Iteration 2
<Jan20-2022> <14:46:45>  *** GOStep2 ***
<Jan20-2022> <14:46:45>  >>>> FRAGM
<Jan20-2022> <14:46:45>  Coordinates
<Jan20-2022> <14:46:45>     Atom         X           Y           Z   (Angstrom)
<Jan20-2022> <14:46:45>     1.C         0.082313    0.445614    0.137175
<Jan20-2022> <14:46:45>     2.C         0.898437   -0.783174    0.338556
<Jan20-2022> <14:46:45>     3.H         0.360835   -1.669631   -0.012771
<Jan20-2022> <14:46:45>     4.C        -1.243501    0.501708   -0.399476
<Jan20-2022> <14:46:45>     5.H         0.517538    1.409663    0.389233
<Jan20-2022> <14:46:45>     6.O        -1.905370    1.487970   -0.570502
<Jan20-2022> <14:46:45>     7.C         1.338229   -0.971757    1.794971
<Jan20-2022> <14:46:45>     8.H         1.968296   -1.862840    1.871179
<Jan20-2022> <14:46:45>     9.H         0.469203   -1.104519    2.447271
<Jan20-2022> <14:46:45>    10.H         1.908528   -0.106055    2.146013
<Jan20-2022> <14:46:45>    11.F         2.053173   -0.659596   -0.469188
<Jan20-2022> <14:46:45>    12.F        -1.793145   -0.739305   -0.689028
<Jan20-2022> <14:46:45>  >>>> CORORT
<Jan20-2022> <14:46:45>  >>>> CLSMAT
<Jan20-2022> <14:46:46>  >>>> ORTHON
<Jan20-2022> <14:46:46>  >>>> GENPT
<Jan20-2022> <14:46:46>  Block Length= 128
<Jan20-2022> <14:46:47>  >>>> PTBAS
<Jan20-2022> <14:47:07>  >>>> CYCLE
<Jan20-2022> <14:47:32>  using orbital data from restart file
<Jan20-2022> <14:48:17>              |Error|         MaxErr       Wt(A-DIIS)
<Jan20-2022> <14:48:17>      1      0.24995863      0.04047245
<Jan20-2022> <14:49:17>      2      0.05991678      0.00437711    100.0
<Jan20-2022> <14:50:21>      3      0.02870491      0.00255687    100.0
<Jan20-2022> <14:51:21>      4      0.04473920      0.00351825    100.0
<Jan20-2022> <14:52:22>      5      0.00773875      0.00086793      0.0
<Jan20-2022> <14:53:23>      6      0.00320770      0.00043456      0.0
<Jan20-2022> <14:54:23>      7      0.00105582      0.00010911      0.0
<Jan20-2022> <14:55:24>      8      0.00049567      0.00003214      0.0
<Jan20-2022> <14:56:23>      9      0.00017591      0.00001391      0.0
<Jan20-2022> <14:57:24>     10      0.00011538      0.00001617      0.0
<Jan20-2022> <14:58:26>     11      0.00002831      0.00000351      0.0
<Jan20-2022> <14:59:29>     12      0.00001116      0.00000084      0.0
<Jan20-2022> <15:00:33>     13      0.00000359      0.00000024      0.0
<Jan20-2022> <15:00:45>  SCF converged
<Jan20-2022> <15:01:12>     14      0.00000108      0.00000008      0.0
<Jan20-2022> <15:01:23>  >>>> TOTEN
<Jan20-2022> <15:02:04>  >>>> POPAN
<Jan20-2022> <15:02:04>  >>>> DEBYE
<Jan20-2022> <15:02:04>  >>>> ENGRAD
<Jan20-2022> <15:03:04>  current energy                               -2.42118327 Hartree
<Jan20-2022> <15:03:04>  energy change                      -0.00316023     0.00012000    F
<Jan20-2022> <15:03:04>  constrained gradient max            0.01434234     0.00100000    F
<Jan20-2022> <15:03:04>  constrained gradient rms            0.00500594     0.00066667    F
<Jan20-2022> <15:03:04>  gradient max                        0.01434234
<Jan20-2022> <15:03:04>  gradient rms                        0.00500594
<Jan20-2022> <15:03:04>  cart. step max                      0.06202273     0.01000000    F
<Jan20-2022> <15:03:04>  cart. step rms                      0.01621072     0.00666667    F
<Jan20-2022> <15:03:04>  Iteration 3
<Jan20-2022> <15:03:04>  *** GOStep3 ***
<Jan20-2022> <15:03:04>  >>>> FRAGM
<Jan20-2022> <15:03:04>  Coordinates
<Jan20-2022> <15:03:04>     Atom         X           Y           Z   (Angstrom)
<Jan20-2022> <15:03:04>     1.C         0.076315    0.440705    0.147171
<Jan20-2022> <15:03:04>     2.C         0.898273   -0.787453    0.345928
<Jan20-2022> <15:03:04>     3.H         0.369373   -1.676042   -0.009844
<Jan20-2022> <15:03:04>     4.C        -1.275652    0.509106   -0.337453
<Jan20-2022> <15:03:04>     5.H         0.532434    1.405310    0.350999
<Jan20-2022> <15:03:04>     6.O        -1.904904    1.495541   -0.604863
<Jan20-2022> <15:03:04>     7.C         1.338719   -0.975311    1.796160
<Jan20-2022> <15:03:04>     8.H         1.975912   -1.861705    1.865964
<Jan20-2022> <15:03:04>     9.H         0.467310   -1.121468    2.442328
<Jan20-2022> <15:03:04>    10.H         1.897964   -0.103436    2.148235
<Jan20-2022> <15:03:04>    11.F         2.052401   -0.649132   -0.464904
<Jan20-2022> <15:03:04>    12.F        -1.773612   -0.728040   -0.696287
<Jan20-2022> <15:03:04>  >>>> CORORT
<Jan20-2022> <15:03:04>  >>>> CLSMAT
<Jan20-2022> <15:03:04>  >>>> ORTHON
<Jan20-2022> <15:03:04>  >>>> GENPT
<Jan20-2022> <15:03:05>  Block Length= 128
<Jan20-2022> <15:03:05>  >>>> PTBAS
<Jan20-2022> <15:03:19>  >>>> CYCLE
<Jan20-2022> <15:03:35>  using orbital data from restart file
<Jan20-2022> <15:04:03>              |Error|         MaxErr       Wt(A-DIIS)
<Jan20-2022> <15:04:03>      1      0.25057874      0.05634430
<Jan20-2022> <15:04:41>      2      0.03754896      0.00319387    100.0
<Jan20-2022> <15:05:20>      3      0.05340263      0.00475529    100.0
<Jan20-2022> <15:05:59>      4      0.01675475      0.00172315      0.7
<Jan20-2022> <15:06:37>      5      0.00705880      0.00093567      0.0
<Jan20-2022> <15:07:16>      6      0.00309144      0.00030456      0.0
<Jan20-2022> <15:07:54>      7      0.00099295      0.00009849      0.0
<Jan20-2022> <15:08:32>      8      0.00038397      0.00002746      0.0
<Jan20-2022> <15:09:11>      9      0.00009370      0.00000654      0.0
<Jan20-2022> <15:09:49>     10      0.00002729      0.00000251      0.0
<Jan20-2022> <15:10:28>     11      0.00001457      0.00000171      0.0
<Jan20-2022> <15:11:07>     12      0.00000609      0.00000060      0.0
<Jan20-2022> <15:11:17>  SCF converged
<Jan20-2022> <15:11:45>     13      0.00000345      0.00000035      0.0
<Jan20-2022> <15:11:56>  >>>> TOTEN
<Jan20-2022> <15:12:38>  >>>> POPAN
<Jan20-2022> <15:12:38>  >>>> DEBYE
<Jan20-2022> <15:12:38>  >>>> ENGRAD
<Jan20-2022> <15:13:37>  current energy                               -2.42022556 Hartree
<Jan20-2022> <15:13:37>  energy change                       0.00095771     0.00012000    F
<Jan20-2022> <15:13:37>  constrained gradient max            0.03250339     0.00100000    F
<Jan20-2022> <15:13:37>  constrained gradient rms            0.00762586     0.00066667    F
<Jan20-2022> <15:13:37>  gradient max                        0.03250339
<Jan20-2022> <15:13:37>  gradient rms                        0.00762586
<Jan20-2022> <15:13:37>  cart. step max                      0.02302277     0.01000000    F
<Jan20-2022> <15:13:37>  cart. step rms                      0.00682245     0.00666667    F
<Jan20-2022> <15:13:37>  Iteration 4
<Jan20-2022> <15:13:38>  *** GOStep4 ***
<Jan20-2022> <15:13:38>  >>>> FRAGM
<Jan20-2022> <15:13:38>  Coordinates
<Jan20-2022> <15:13:38>     Atom         X           Y           Z   (Angstrom)
<Jan20-2022> <15:13:38>     1.C         0.081699    0.441337    0.139636
<Jan20-2022> <15:13:38>     2.C         0.903209   -0.786142    0.343573
<Jan20-2022> <15:13:38>     3.H         0.377113   -1.674532   -0.016733
<Jan20-2022> <15:13:38>     4.C        -1.270806    0.508551   -0.351338
<Jan20-2022> <15:13:38>     5.H         0.538113    1.405677    0.345893
<Jan20-2022> <15:13:38>     6.O        -1.912228    1.499337   -0.595866
<Jan20-2022> <15:13:38>     7.C         1.335583   -0.975777    1.795250
<Jan20-2022> <15:13:38>     8.H         1.972758   -1.862026    1.868221
<Jan20-2022> <15:13:38>     9.H         0.460272   -1.123400    2.435667
<Jan20-2022> <15:13:38>    10.H         1.892160   -0.104461    2.152187
<Jan20-2022> <15:13:38>    11.F         2.062733   -0.647153   -0.459792
<Jan20-2022> <15:13:38>    12.F        -1.786072   -0.733335   -0.673265
<Jan20-2022> <15:13:38>  >>>> CORORT
<Jan20-2022> <15:13:38>  >>>> CLSMAT
<Jan20-2022> <15:13:38>  >>>> ORTHON
<Jan20-2022> <15:13:38>  >>>> GENPT
<Jan20-2022> <15:13:38>  Block Length= 128
<Jan20-2022> <15:13:39>  >>>> PTBAS
<Jan20-2022> <15:13:52>  >>>> CYCLE
<Jan20-2022> <15:14:09>  using orbital data from restart file
<Jan20-2022> <15:14:36>              |Error|         MaxErr       Wt(A-DIIS)
<Jan20-2022> <15:14:36>      1      0.08072726      0.01471198
<Jan20-2022> <15:15:15>      2      0.01222699      0.00078353    100.0
<Jan20-2022> <15:15:53>      3      0.02011325      0.00191453    100.0
<Jan20-2022> <15:16:32>      4      0.00530593      0.00053120      0.0
<Jan20-2022> <15:17:11>      5      0.00259467      0.00035248      0.0
<Jan20-2022> <15:17:49>      6      0.00078032      0.00008189      0.0
<Jan20-2022> <15:18:27>      7      0.00026032      0.00002672      0.0
<Jan20-2022> <15:19:21>      8      0.00010579      0.00000757      0.0
<Jan20-2022> <15:20:27>      9      0.00003370      0.00000211      0.0
<Jan20-2022> <15:21:11>     10      0.00001664      0.00000215      0.0
<Jan20-2022> <15:21:49>     11      0.00000588      0.00000082      0.0
<Jan20-2022> <15:22:00>  SCF converged
<Jan20-2022> <15:22:28>     12      0.00000198      0.00000018      0.0
<Jan20-2022> <15:22:39>  >>>> TOTEN
<Jan20-2022> <15:23:21>  >>>> POPAN
<Jan20-2022> <15:23:21>  >>>> DEBYE
<Jan20-2022> <15:23:21>  >>>> ENGRAD
<Jan20-2022> <15:24:19>  current energy                               -2.42105861 Hartree
<Jan20-2022> <15:24:19>  energy change                      -0.00083304     0.00012000    F
<Jan20-2022> <15:24:19>  constrained gradient max            0.02269596     0.00100000    F
<Jan20-2022> <15:24:19>  constrained gradient rms            0.00456053     0.00066667    F
<Jan20-2022> <15:24:19>  gradient max                        0.02269596
<Jan20-2022> <15:24:19>  gradient rms                        0.00456053
<Jan20-2022> <15:24:19>  cart. step max                      0.07391408     0.01000000    F
<Jan20-2022> <15:24:19>  cart. step rms                      0.01920560     0.00666667    F
<Jan20-2022> <15:24:19>  Iteration 5
<Jan20-2022> <15:24:20>  *** GOStep5 ***
<Jan20-2022> <15:24:20>  >>>> FRAGM
<Jan20-2022> <15:24:20>  Coordinates
<Jan20-2022> <15:24:20>     Atom         X           Y           Z   (Angstrom)
<Jan20-2022> <15:24:20>     1.C         0.095397    0.445720    0.118269
<Jan20-2022> <15:24:20>     2.C         0.914939   -0.780512    0.334438
<Jan20-2022> <15:24:20>     3.H         0.397847   -1.668005   -0.041271
<Jan20-2022> <15:24:20>     4.C        -1.260783    0.505118   -0.366780
<Jan20-2022> <15:24:20>     5.H         0.554490    1.410975    0.316522
<Jan20-2022> <15:24:20>     6.O        -1.914697    1.493634   -0.573029
<Jan20-2022> <15:24:20>     7.C         1.321701   -0.977316    1.791269
<Jan20-2022> <15:24:20>     8.H         1.960089   -1.862090    1.872116
<Jan20-2022> <15:24:20>     9.H         0.435141   -1.132105    2.414227
<Jan20-2022> <15:24:20>    10.H         1.868309   -0.106998    2.164747
<Jan20-2022> <15:24:20>    11.F         2.089086   -0.637311   -0.447724
<Jan20-2022> <15:24:20>    12.F        -1.806983   -0.743033   -0.599350
<Jan20-2022> <15:24:20>  >>>> CORORT
<Jan20-2022> <15:24:20>  >>>> CLSMAT
<Jan20-2022> <15:24:20>  >>>> ORTHON
<Jan20-2022> <15:24:20>  >>>> GENPT
<Jan20-2022> <15:24:21>  Block Length= 128
<Jan20-2022> <15:24:22>  >>>> PTBAS
<Jan20-2022> <15:24:43>  >>>> CYCLE
<Jan20-2022> <15:25:09>  using orbital data from restart file
<Jan20-2022> <15:25:54>              |Error|         MaxErr       Wt(A-DIIS)
<Jan20-2022> <15:25:54>      1      0.15652919      0.03160822
<Jan20-2022> <15:26:58>      2      0.01758177      0.00181482    100.0
<Jan20-2022> <15:28:02>      3      0.01926065      0.00131938    100.0
<Jan20-2022> <15:29:04>      4      0.01112674      0.00134871      0.4
<Jan20-2022> <15:30:07>      5      0.00271641      0.00033681      0.0
<Jan20-2022> <15:31:11>      6      0.00131248      0.00016320      0.0
<Jan20-2022> <15:32:14>      7      0.00033461      0.00003854      0.0
<Jan20-2022> <15:32:58>      8      0.00013732      0.00001100      0.0
<Jan20-2022> <15:33:36>      9      0.00003872      0.00000350      0.0
<Jan20-2022> <15:34:21>     10      0.00001813      0.00000255      0.0
<Jan20-2022> <15:35:26>     11      0.00000544      0.00000054      0.0
<Jan20-2022> <15:35:44>  SCF converged
<Jan20-2022> <15:36:23>     12      0.00000180      0.00000016      0.0
<Jan20-2022> <15:36:33>  >>>> TOTEN
<Jan20-2022> <15:37:15>  >>>> POPAN
<Jan20-2022> <15:37:15>  >>>> DEBYE
<Jan20-2022> <15:37:15>  >>>> ENGRAD
<Jan20-2022> <15:38:11>  current energy                               -2.42171432 Hartree
<Jan20-2022> <15:38:11>  energy change                      -0.00065572     0.00012000    F
<Jan20-2022> <15:38:11>  constrained gradient max            0.00293824     0.00100000    F
<Jan20-2022> <15:38:11>  constrained gradient rms            0.00102060     0.00066667    F
<Jan20-2022> <15:38:11>  gradient max                        0.00293824
<Jan20-2022> <15:38:11>  gradient rms                        0.00102060
<Jan20-2022> <15:38:11>  cart. step max                      0.08357970     0.01000000    F
<Jan20-2022> <15:38:11>  cart. step rms                      0.02319779     0.00666667    F
<Jan20-2022> <15:38:11>  Iteration 6
<Jan20-2022> <15:38:12>  *** GOStep6 ***
<Jan20-2022> <15:38:12>  >>>> FRAGM
<Jan20-2022> <15:38:12>  Coordinates
<Jan20-2022> <15:38:12>     Atom         X           Y           Z   (Angstrom)
<Jan20-2022> <15:38:12>     1.C         0.109699    0.448267    0.097401
<Jan20-2022> <15:38:12>     2.C         0.929931   -0.775832    0.324162
<Jan20-2022> <15:38:12>     3.H         0.426603   -1.663220   -0.069921
<Jan20-2022> <15:38:12>     4.C        -1.261070    0.504032   -0.350427
<Jan20-2022> <15:38:12>     5.H         0.578621    1.414901    0.261782
<Jan20-2022> <15:38:12>     6.O        -1.919802    1.490188   -0.562405
<Jan20-2022> <15:38:12>     7.C         1.304377   -0.981174    1.787067
<Jan20-2022> <15:38:12>     8.H         1.947970   -1.861451    1.875222
<Jan20-2022> <15:38:12>     9.H         0.404375   -1.149494    2.386873
<Jan20-2022> <15:38:12>    10.H         1.833849   -0.109218    2.180553
<Jan20-2022> <15:38:12>    11.F         2.121250   -0.621720   -0.431103
<Jan20-2022> <15:38:12>    12.F        -1.821268   -0.747204   -0.515771
<Jan20-2022> <15:38:12>  >>>> CORORT
<Jan20-2022> <15:38:12>  >>>> CLSMAT
<Jan20-2022> <15:38:12>  >>>> ORTHON
<Jan20-2022> <15:38:12>  >>>> GENPT
<Jan20-2022> <15:38:12>  Block Length= 128
<Jan20-2022> <15:38:13>  >>>> PTBAS
<Jan20-2022> <15:38:26>  >>>> CYCLE
<Jan20-2022> <15:38:42>  using orbital data from restart file
<Jan20-2022> <15:39:09>              |Error|         MaxErr       Wt(A-DIIS)
<Jan20-2022> <15:39:09>      1      0.12135715      0.02800094
<Jan20-2022> <15:39:45>      2      0.01260842      0.00121953    100.0
<Jan20-2022> <15:40:23>      3      0.01636882      0.00185398    100.0
<Jan20-2022> <15:41:00>      4      0.00884080      0.00121544      0.2
<Jan20-2022> <15:41:37>      5      0.00244909      0.00027609      0.0
<Jan20-2022> <15:42:14>      6      0.00100759      0.00012583      0.0
<Jan20-2022> <15:42:52>      7      0.00036176      0.00005254      0.0
<Jan20-2022> <15:43:29>      8      0.00013546      0.00001144      0.0
<Jan20-2022> <15:44:05>      9      0.00002945      0.00000224      0.0
<Jan20-2022> <15:44:42>     10      0.00000926      0.00000064      0.0
<Jan20-2022> <15:44:52>  SCF converged
<Jan20-2022> <15:45:18>     11      0.00000355      0.00000035      0.0
<Jan20-2022> <15:45:29>  >>>> TOTEN
<Jan20-2022> <15:46:09>  >>>> POPAN
<Jan20-2022> <15:46:10>  >>>> DEBYE
<Jan20-2022> <15:46:10>  >>>> ENGRAD
<Jan20-2022> <15:47:06>  current energy                               -2.42186725 Hartree
<Jan20-2022> <15:47:06>  energy change                      -0.00015293     0.00012000    F
<Jan20-2022> <15:47:06>  constrained gradient max            0.00398956     0.00100000    F
<Jan20-2022> <15:47:06>  constrained gradient rms            0.00120196     0.00066667    F
<Jan20-2022> <15:47:06>  gradient max                        0.00398956
<Jan20-2022> <15:47:06>  gradient rms                        0.00120196
<Jan20-2022> <15:47:06>  cart. step max                      0.13958198     0.01000000    F
<Jan20-2022> <15:47:06>  cart. step rms                      0.03956135     0.00666667    F
<Jan20-2022> <15:47:06>  Iteration 7
<Jan20-2022> <15:47:07>  *** GOStep7 ***
<Jan20-2022> <15:47:07>  >>>> FRAGM
<Jan20-2022> <15:47:07>  Coordinates
<Jan20-2022> <15:47:07>     Atom         X           Y           Z   (Angstrom)
<Jan20-2022> <15:47:07>     1.C         0.134080    0.454300    0.060475
<Jan20-2022> <15:47:07>     2.C         0.954497   -0.765352    0.304810
<Jan20-2022> <15:47:07>     3.H         0.473099   -1.652015   -0.118608
<Jan20-2022> <15:47:07>     4.C        -1.258460    0.498525   -0.315249
<Jan20-2022> <15:47:07>     5.H         0.616988    1.422293    0.164781
<Jan20-2022> <15:47:07>     6.O        -1.924001    1.478935   -0.539453
<Jan20-2022> <15:47:07>     7.C         1.272900   -0.987187    1.778599
<Jan20-2022> <15:47:07>     8.H         1.923898   -1.860548    1.880415
<Jan20-2022> <15:47:07>     9.H         0.351960   -1.175990    2.339281
<Jan20-2022> <15:47:07>    10.H         1.774071   -0.114559    2.206071
<Jan20-2022> <15:47:07>    11.F         2.173565   -0.596652   -0.401499
<Jan20-2022> <15:47:07>    12.F        -1.838062   -0.753674   -0.376189
<Jan20-2022> <15:47:07>  >>>> CORORT
<Jan20-2022> <15:47:07>  >>>> CLSMAT
<Jan20-2022> <15:47:07>  >>>> ORTHON
<Jan20-2022> <15:47:07>  >>>> GENPT
<Jan20-2022> <15:47:07>  Block Length= 128
<Jan20-2022> <15:47:08>  >>>> PTBAS
<Jan20-2022> <15:47:21>  >>>> CYCLE
<Jan20-2022> <15:47:37>  using orbital data from restart file
<Jan20-2022> <15:48:04>              |Error|         MaxErr       Wt(A-DIIS)
<Jan20-2022> <15:48:04>      1      0.19872823      0.04500272
<Jan20-2022> <15:48:41>      2      0.02175958      0.00199572    100.0
<Jan20-2022> <15:49:18>      3      0.03709277      0.00506518    100.0
<Jan20-2022> <15:49:54>      4      0.01249413      0.00167911      0.7
<Jan20-2022> <15:50:31>      5      0.00309899      0.00029116      0.0
<Jan20-2022> <15:51:08>      6      0.00163922      0.00020368      0.0
<Jan20-2022> <15:51:45>      7      0.00059291      0.00009173      0.0
<Jan20-2022> <15:52:22>      8      0.00021545      0.00002396      0.0
<Jan20-2022> <15:52:59>      9      0.00005738      0.00000396      0.0
<Jan20-2022> <15:53:36>     10      0.00001688      0.00000120      0.0
<Jan20-2022> <15:54:13>     11      0.00000810      0.00000119      0.0
<Jan20-2022> <15:54:50>     12      0.00000341      0.00000057      0.0
<Jan20-2022> <15:55:00>  SCF converged
<Jan20-2022> <15:55:27>     13      0.00000109      0.00000011      0.0
<Jan20-2022> <15:55:37>  >>>> TOTEN
<Jan20-2022> <15:56:18>  >>>> POPAN
<Jan20-2022> <15:56:18>  >>>> DEBYE
<Jan20-2022> <15:56:18>  >>>> ENGRAD
<Jan20-2022> <15:57:14>  current energy                               -2.42211925 Hartree
<Jan20-2022> <15:57:14>  energy change                      -0.00025200     0.00012000    F
<Jan20-2022> <15:57:14>  constrained gradient max            0.00554401     0.00100000    F
<Jan20-2022> <15:57:14>  constrained gradient rms            0.00199719     0.00066667    F
<Jan20-2022> <15:57:14>  gradient max                        0.00554401
<Jan20-2022> <15:57:14>  gradient rms                        0.00199719
<Jan20-2022> <15:57:14>  cart. step max                      0.21126404     0.01000000    F
<Jan20-2022> <15:57:14>  cart. step rms                      0.06060478     0.00666667    F
<Jan20-2022> <15:57:14>  Iteration 8
<Jan20-2022> <15:57:14>  *** GOStep8 ***
<Jan20-2022> <15:57:14>  >>>> FRAGM
<Jan20-2022> <15:57:15>  Coordinates
<Jan20-2022> <15:57:15>     Atom         X           Y           Z   (Angstrom)
<Jan20-2022> <15:57:15>     1.C         0.167950    0.461805    0.003524
<Jan20-2022> <15:57:15>     2.C         0.990047   -0.748973    0.276068
<Jan20-2022> <15:57:15>     3.H         0.543828   -1.635217   -0.187799
<Jan20-2022> <15:57:15>     4.C        -1.249600    0.492470   -0.253689
<Jan20-2022> <15:57:15>     5.H         0.666173    1.427304    0.008136
<Jan20-2022> <15:57:15>     6.O        -1.930123    1.458699   -0.497387
<Jan20-2022> <15:57:15>     7.C         1.222101   -0.996145    1.763490
<Jan20-2022> <15:57:15>     8.H         1.883301   -1.859036    1.886953
<Jan20-2022> <15:57:15>     9.H         0.272801   -1.214152    2.262621
<Jan20-2022> <15:57:15>    10.H         1.678300   -0.123446    2.238478
<Jan20-2022> <15:57:15>    11.F         2.246238   -0.559310   -0.352036
<Jan20-2022> <15:57:15>    12.F        -1.836481   -0.755924   -0.164925
<Jan20-2022> <15:57:15>  >>>> CORORT
<Jan20-2022> <15:57:15>  >>>> CLSMAT
<Jan20-2022> <15:57:15>  >>>> ORTHON
<Jan20-2022> <15:57:15>  >>>> GENPT
<Jan20-2022> <15:57:15>  Block Length= 128
<Jan20-2022> <15:57:16>  >>>> PTBAS
<Jan20-2022> <15:57:29>  >>>> CYCLE
<Jan20-2022> <15:57:45>  using orbital data from restart file
<Jan20-2022> <15:58:12>              |Error|         MaxErr       Wt(A-DIIS)
<Jan20-2022> <15:58:12>      1      0.29590789      0.06531063
<Jan20-2022> <15:58:49>      2      0.03943722      0.00393546    100.0
<Jan20-2022> <15:59:26>      3      0.08452661      0.01192840    100.0
<Jan20-2022> <16:00:02>      4      0.01509532      0.00119796      0.2
<Jan20-2022> <16:00:39>      5      0.00444738      0.00033467      0.0
<Jan20-2022> <16:01:16>      6      0.00304966      0.00041896      0.0
<Jan20-2022> <16:01:54>      7      0.00087260      0.00012554      0.0
<Jan20-2022> <16:02:31>      8      0.00028568      0.00002454      0.0
<Jan20-2022> <16:03:08>      9      0.00009383      0.00000648      0.0
<Jan20-2022> <16:03:45>     10      0.00002360      0.00000208      0.0
<Jan20-2022> <16:04:22>     11      0.00000937      0.00000139      0.0
<Jan20-2022> <16:04:58>     12      0.00000571      0.00000088      0.0
<Jan20-2022> <16:05:09>  SCF converged
<Jan20-2022> <16:05:35>     13      0.00000125      0.00000014      0.0
<Jan20-2022> <16:05:45>  >>>> TOTEN
<Jan20-2022> <16:06:26>  >>>> POPAN
<Jan20-2022> <16:06:26>  >>>> DEBYE
<Jan20-2022> <16:06:26>  >>>> ENGRAD
<Jan20-2022> <16:07:23>  current energy                               -2.42246133 Hartree
<Jan20-2022> <16:07:23>  energy change                      -0.00034208     0.00012000    F
<Jan20-2022> <16:07:23>  constrained gradient max            0.00674160     0.00100000    F
<Jan20-2022> <16:07:23>  constrained gradient rms            0.00245752     0.00066667    F
<Jan20-2022> <16:07:23>  gradient max                        0.00674160
<Jan20-2022> <16:07:23>  gradient rms                        0.00245752
<Jan20-2022> <16:07:23>  cart. step max                      0.21168553     0.01000000    F
<Jan20-2022> <16:07:23>  cart. step rms                      0.06385313     0.00666667    F
<Jan20-2022> <16:07:23>  Iteration 9
<Jan20-2022> <16:07:24>  *** GOStep9 ***
<Jan20-2022> <16:07:24>  >>>> FRAGM
<Jan20-2022> <16:07:24>  Coordinates
<Jan20-2022> <16:07:24>     Atom         X           Y           Z   (Angstrom)
<Jan20-2022> <16:07:24>     1.C         0.198974    0.467251   -0.056591
<Jan20-2022> <16:07:24>     2.C         1.025681   -0.730628    0.249300
<Jan20-2022> <16:07:24>     3.H         0.619260   -1.617697   -0.252457
<Jan20-2022> <16:07:24>     4.C        -1.233223    0.489723   -0.183086
<Jan20-2022> <16:07:24>     5.H         0.703798    1.422135   -0.170542
<Jan20-2022> <16:07:24>     6.O        -1.935140    1.436209   -0.440552
<Jan20-2022> <16:07:24>     7.C         1.166644   -1.005922    1.746716
<Jan20-2022> <16:07:24>     8.H         1.837370   -1.857741    1.893161
<Jan20-2022> <16:07:24>     9.H         0.192476   -1.252573    2.179003
<Jan20-2022> <16:07:24>    10.H         1.573963   -0.134531    2.266395
<Jan20-2022> <16:07:24>    11.F         2.312426   -0.519128   -0.294673
<Jan20-2022> <16:07:24>    12.F        -1.807694   -0.749023    0.046761
<Jan20-2022> <16:07:24>  >>>> CORORT
<Jan20-2022> <16:07:24>  >>>> CLSMAT
<Jan20-2022> <16:07:24>  >>>> ORTHON
<Jan20-2022> <16:07:24>  >>>> GENPT
<Jan20-2022> <16:07:24>  Block Length= 128
<Jan20-2022> <16:07:25>  >>>> PTBAS
<Jan20-2022> <16:07:38>  >>>> CYCLE
<Jan20-2022> <16:07:54>  using orbital data from restart file
<Jan20-2022> <16:08:21>              |Error|         MaxErr       Wt(A-DIIS)
<Jan20-2022> <16:08:21>      1      0.29929688      0.06189556
<Jan20-2022> <16:08:59>      2      0.04174752      0.00430695    100.0
<Jan20-2022> <16:09:35>      3      0.09480313      0.01322872    100.0
<Jan20-2022> <16:10:13>      4      0.01601202      0.00127350      0.3
<Jan20-2022> <16:10:50>      5      0.00504506      0.00038772      0.0
<Jan20-2022> <16:11:28>      6      0.00355299      0.00048251      0.0
<Jan20-2022> <16:12:05>      7      0.00086648      0.00011401      0.0
<Jan20-2022> <16:12:42>      8      0.00020217      0.00001726      0.0
<Jan20-2022> <16:13:20>      9      0.00008324      0.00000755      0.0
<Jan20-2022> <16:13:57>     10      0.00002630      0.00000281      0.0
<Jan20-2022> <16:14:33>     11      0.00000738      0.00000090      0.0
<Jan20-2022> <16:14:44>  SCF converged
<Jan20-2022> <16:15:11>     12      0.00000565      0.00000063      0.0
<Jan20-2022> <16:15:21>  >>>> TOTEN
<Jan20-2022> <16:16:02>  >>>> POPAN
<Jan20-2022> <16:16:02>  >>>> DEBYE
<Jan20-2022> <16:16:02>  >>>> ENGRAD
<Jan20-2022> <16:16:59>  current energy                               -2.42266387 Hartree
<Jan20-2022> <16:16:59>  energy change                      -0.00020254     0.00012000    F
<Jan20-2022> <16:16:59>  constrained gradient max            0.00566567     0.00100000    F
<Jan20-2022> <16:16:59>  constrained gradient rms            0.00189322     0.00066667    F
<Jan20-2022> <16:16:59>  gradient max                        0.00566567
<Jan20-2022> <16:16:59>  gradient rms                        0.00189322
<Jan20-2022> <16:16:59>  cart. step max                      0.02664934     0.01000000    F
<Jan20-2022> <16:16:59>  cart. step rms                      0.00565130     0.00666667    T
<Jan20-2022> <16:16:59>  Iteration 10
<Jan20-2022> <16:17:00>  *** GOStep10 ***
<Jan20-2022> <16:17:00>  >>>> FRAGM
<Jan20-2022> <16:17:00>  Coordinates
<Jan20-2022> <16:17:00>     Atom         X           Y           Z   (Angstrom)
<Jan20-2022> <16:17:00>     1.C         0.199501    0.469532   -0.058489
<Jan20-2022> <16:17:00>     2.C         1.027269   -0.727138    0.251139
<Jan20-2022> <16:17:00>     3.H         0.621148   -1.614340   -0.252524
<Jan20-2022> <16:17:00>     4.C        -1.232855    0.491213   -0.176401
<Jan20-2022> <16:17:00>     5.H         0.703960    1.421225   -0.197191
<Jan20-2022> <16:17:00>     6.O        -1.936695    1.436349   -0.428369
<Jan20-2022> <16:17:00>     7.C         1.164910   -1.007852    1.749627
<Jan20-2022> <16:17:00>     8.H         1.834058   -1.861238    1.893149
<Jan20-2022> <16:17:00>     9.H         0.189728   -1.252873    2.179303
<Jan20-2022> <16:17:00>    10.H         1.574761   -0.138753    2.271186
<Jan20-2022> <16:17:00>    11.F         2.313067   -0.515541   -0.288618
<Jan20-2022> <16:17:00>    12.F        -1.804315   -0.752509    0.040621
<Jan20-2022> <16:17:00>  >>>> CORORT
<Jan20-2022> <16:17:00>  >>>> CLSMAT
<Jan20-2022> <16:17:00>  >>>> ORTHON
<Jan20-2022> <16:17:00>  >>>> GENPT
<Jan20-2022> <16:17:00>  Block Length= 128
<Jan20-2022> <16:17:01>  >>>> PTBAS
<Jan20-2022> <16:17:14>  >>>> CYCLE
<Jan20-2022> <16:17:30>  using orbital data from restart file
<Jan20-2022> <16:17:57>              |Error|         MaxErr       Wt(A-DIIS)
<Jan20-2022> <16:17:57>      1      0.03068669      0.00569998
<Jan20-2022> <16:18:34>      2      0.00469033      0.00052730    100.0
<Jan20-2022> <16:19:11>      3      0.00272161      0.00032842    100.0
<Jan20-2022> <16:19:48>      4      0.00248255      0.00031952      0.0
<Jan20-2022> <16:20:25>      5      0.00085131      0.00010224      0.0
<Jan20-2022> <16:21:02>      6      0.00051773      0.00005343      0.0
<Jan20-2022> <16:21:39>      7      0.00010578      0.00001187      0.0
<Jan20-2022> <16:22:16>      8      0.00004474      0.00000325      0.0
<Jan20-2022> <16:22:53>      9      0.00001122      0.00000110      0.0
<Jan20-2022> <16:23:31>     10      0.00000558      0.00000068      0.0
<Jan20-2022> <16:23:41>  SCF converged
<Jan20-2022> <16:24:08>     11      0.00000133      0.00000015      0.0
<Jan20-2022> <16:24:18>  >>>> TOTEN
<Jan20-2022> <16:24:58>  >>>> POPAN
<Jan20-2022> <16:24:58>  >>>> DEBYE
<Jan20-2022> <16:24:58>  >>>> ENGRAD
<Jan20-2022> <16:25:55>  current energy                               -2.42271467 Hartree
<Jan20-2022> <16:25:55>  energy change                      -0.00005080     0.00012000    T
<Jan20-2022> <16:25:55>  constrained gradient max            0.00291865     0.00100000    F
<Jan20-2022> <16:25:55>  constrained gradient rms            0.00090319     0.00066667    F
<Jan20-2022> <16:25:55>  gradient max                        0.00291865
<Jan20-2022> <16:25:55>  gradient rms                        0.00090319
<Jan20-2022> <16:25:55>  cart. step max                      0.01249468     0.01000000    F
<Jan20-2022> <16:25:55>  cart. step rms                      0.00373849     0.00666667    T
<Jan20-2022> <16:25:55>  Iteration 11
<Jan20-2022> <16:25:56>  *** GOStep11 ***
<Jan20-2022> <16:25:56>  >>>> FRAGM
<Jan20-2022> <16:25:56>  Coordinates
<Jan20-2022> <16:25:56>     Atom         X           Y           Z   (Angstrom)
<Jan20-2022> <16:25:56>     1.C         0.199877    0.469256   -0.060717
<Jan20-2022> <16:25:56>     2.C         1.029339   -0.726094    0.251558
<Jan20-2022> <16:25:56>     3.H         0.622118   -1.613724   -0.251624
<Jan20-2022> <16:25:56>     4.C        -1.232996    0.491347   -0.173560
<Jan20-2022> <16:25:56>     5.H         0.702732    1.420437   -0.208251
<Jan20-2022> <16:25:56>     6.O        -1.937983    1.437114   -0.415875
<Jan20-2022> <16:25:56>     7.C         1.163834   -1.007675    1.751196
<Jan20-2022> <16:25:56>     8.H         1.829375   -1.863829    1.893854
<Jan20-2022> <16:25:56>     9.H         0.187141   -1.247686    2.179430
<Jan20-2022> <16:25:56>    10.H         1.578162   -0.140101    2.271707
<Jan20-2022> <16:25:56>    11.F         2.314290   -0.514480   -0.285749
<Jan20-2022> <16:25:56>    12.F        -1.801355   -0.756489    0.031463
<Jan20-2022> <16:25:56>  >>>> CORORT
<Jan20-2022> <16:25:56>  >>>> CLSMAT
<Jan20-2022> <16:25:56>  >>>> ORTHON
<Jan20-2022> <16:25:56>  >>>> GENPT
<Jan20-2022> <16:25:56>  Block Length= 128
<Jan20-2022> <16:25:57>  >>>> PTBAS
<Jan20-2022> <16:26:11>  >>>> CYCLE
<Jan20-2022> <16:26:26>  using orbital data from restart file
<Jan20-2022> <16:26:53>              |Error|         MaxErr       Wt(A-DIIS)
<Jan20-2022> <16:26:53>      1      0.03146053      0.00699158
<Jan20-2022> <16:27:30>      2      0.00276357      0.00025076    100.0
<Jan20-2022> <16:28:08>      3      0.00132794      0.00011443    100.0
<Jan20-2022> <16:28:45>      4      0.00147266      0.00010396      0.0
<Jan20-2022> <16:29:21>      5      0.00056783      0.00006082      0.0
<Jan20-2022> <16:29:58>      6      0.00018228      0.00002344      0.0
<Jan20-2022> <16:30:36>      7      0.00006642      0.00000638      0.0
<Jan20-2022> <16:31:13>      8      0.00002274      0.00000189      0.0
<Jan20-2022> <16:31:50>      9      0.00000579      0.00000057      0.0
<Jan20-2022> <16:32:00>  SCF converged
<Jan20-2022> <16:32:27>     10      0.00000268      0.00000027      0.0
<Jan20-2022> <16:32:37>  >>>> TOTEN
<Jan20-2022> <16:33:18>  >>>> POPAN
<Jan20-2022> <16:33:18>  >>>> DEBYE
<Jan20-2022> <16:33:18>  >>>> ENGRAD
<Jan20-2022> <16:34:16>  current energy                               -2.42272642 Hartree
<Jan20-2022> <16:34:16>  energy change                      -0.00001176     0.00012000    T
<Jan20-2022> <16:34:16>  constrained gradient max            0.00084165     0.00100000    T
<Jan20-2022> <16:34:16>  constrained gradient rms            0.00024869     0.00066667    T
<Jan20-2022> <16:34:16>  gradient max                        0.00084165
<Jan20-2022> <16:34:16>  gradient rms                        0.00024869
<Jan20-2022> <16:34:16>  cart. step max                      0.00424747     0.01000000    T
<Jan20-2022> <16:34:16>  cart. step rms                      0.00139634     0.00666667    T
<Jan20-2022> <16:34:16>  Geometry optimization converged
<Jan20-2022> <16:34:16>  *** adf ***
<Jan20-2022> <16:34:16>  Net Charge: 0 (Nuclei minus Electrons)
<Jan20-2022> <16:34:16>  Spin polar: 1 (Spin_A minus Spin_B electrons)
<Jan20-2022> <16:34:16>  Symmetry  : NOSYM
<Jan20-2022> <16:34:16>  >>>> FRAGM
<Jan20-2022> <16:34:16>  Coordinates
<Jan20-2022> <16:34:16>     Atom         X           Y           Z   (Angstrom)
<Jan20-2022> <16:34:16>     1.C         0.199877    0.469256   -0.060717
<Jan20-2022> <16:34:16>     2.C         1.029339   -0.726094    0.251558
<Jan20-2022> <16:34:16>     3.H         0.622118   -1.613724   -0.251624
<Jan20-2022> <16:34:16>     4.C        -1.232996    0.491347   -0.173560
<Jan20-2022> <16:34:16>     5.H         0.702732    1.420437   -0.208251
<Jan20-2022> <16:34:16>     6.O        -1.937983    1.437114   -0.415875
<Jan20-2022> <16:34:16>     7.C         1.163834   -1.007675    1.751196
<Jan20-2022> <16:34:16>     8.H         1.829375   -1.863829    1.893854
<Jan20-2022> <16:34:16>     9.H         0.187141   -1.247686    2.179430
<Jan20-2022> <16:34:16>    10.H         1.578162   -0.140101    2.271707
<Jan20-2022> <16:34:16>    11.F         2.314290   -0.514480   -0.285749
<Jan20-2022> <16:34:16>    12.F        -1.801355   -0.756489    0.031463
<Jan20-2022> <16:34:16>  >>>> CORORT
<Jan20-2022> <16:34:16>  >>>> CLSMAT
<Jan20-2022> <16:34:16>  >>>> ORTHON
<Jan20-2022> <16:34:16>  >>>> GENPT
<Jan20-2022> <16:34:16>  Block Length= 128
<Jan20-2022> <16:34:17>  >>>> PTBAS
<Jan20-2022> <16:34:31>  >>>> CYCLE
<Jan20-2022> <16:34:46>  using orbital data from restart file
<Jan20-2022> <16:35:13>              |Error|         MaxErr       Wt(A-DIIS)
<Jan20-2022> <16:35:13>      1      0.00000098      0.00000011
<Jan20-2022> <16:35:51>      2      0.00000161      0.00000016    100.0
<Jan20-2022> <16:36:01>  SCF converged
<Jan20-2022> <16:36:28>      3      0.00000063      0.00000008    100.0
<Jan20-2022> <16:37:00>  >>>> TOTEN
<Jan20-2022> <16:38:09>  >>>> POPAN
<Jan20-2022> <16:38:09>  >>>> DEBYE
<Jan20-2022> <16:38:09>  >>>> AMETS
<Jan20-2022> <16:38:09>   Bond Energy          -2.42272642 a.u.
<Jan20-2022> <16:38:09>   Bond Energy         -65.92574028 eV
<Jan20-2022> <16:38:09>   Bond Energy       -1520.28       kcal/mol
<Jan20-2022> <16:38:09>  >>>> POPUL
<Jan20-2022> <16:38:09>  >>>> ENGRAD
<Jan20-2022> <16:39:05>  >>>> ENHESS
<Jan20-2022> <16:39:22>  === NUCLEUS:     1
<Jan20-2022> <16:59:25>  === NUCLEUS:     2
<Jan20-2022> <17:17:09>  === NUCLEUS:     3
