<Jan19-2022> <23:29:51>  AMS 2021.102  RunTime: Jan19-2022 23:29:51  ShM Nodes: 1  Procs: 1
<Jan19-2022> <23:29:51>  ADF 2021.102  RunTime: Jan19-2022 23:29:51  ShM Nodes: 1  Procs: 1
<Jan19-2022> <23:29:51>  *** (NO TITLE) ***
<Jan19-2022> <23:29:51>  Iteration 1
<Jan19-2022> <23:29:51>  DIRAC 2021.102  RunTime: Jan19-2022 23:29:51  ShM Nodes: 1  Procs: 1
<Jan19-2022> <23:29:52>  Carbon (TZ2P)
<Jan19-2022> <23:29:52>  Net Charge: 0 (Nuclei minus Electrons)
<Jan19-2022> <23:29:52>  Symmetry  : ATOM
<Jan19-2022> <23:29:52>  Coordinates
<Jan19-2022> <23:29:52>     Atom         X           Y           Z   (Angstrom)
<Jan19-2022> <23:29:52>     1.C         0.000000    0.000000    0.000000
<Jan19-2022> <23:29:52>  >>>> CORORT
<Jan19-2022> <23:29:52>  >>>> CLSMAT
<Jan19-2022> <23:29:52>  >>>> ORTHON
<Jan19-2022> <23:29:52>  >>>> GENPT
<Jan19-2022> <23:29:52>  Block Length=  72
<Jan19-2022> <23:29:52>  >>>> PTBAS
<Jan19-2022> <23:29:52>  >>>> CYCLE
<Jan19-2022> <23:29:52>              |Error|         MaxErr       Wt(A-DIIS)
<Jan19-2022> <23:29:52>      1      0.00000000      0.00000000
<Jan19-2022> <23:29:52>      2      4.48405934      3.32161898    100.0
<Jan19-2022> <23:29:52>      3      1.60718414      1.28408746    100.0
<Jan19-2022> <23:29:52>      4      0.76426456      0.62272052    100.0
<Jan19-2022> <23:29:52>      5      0.36119063      0.28553990    100.0
<Jan19-2022> <23:29:52>      6      0.14821424      0.11559867    100.0
<Jan19-2022> <23:29:52>      7      0.10108424      0.07867111     78.5
<Jan19-2022> <23:29:52>      8      0.01786531      0.01387049     13.0
<Jan19-2022> <23:29:52>      9      0.00195746      0.00153262      0.5
<Jan19-2022> <23:29:52>     10      0.00001058      0.00000730      0.0
<Jan19-2022> <23:29:52>     11      0.00000047      0.00000027      0.0
<Jan19-2022> <23:29:52>     12      0.00000003      0.00000002      0.0
<Jan19-2022> <23:29:52>     13      0.00000000      0.00000000      0.0
<Jan19-2022> <23:29:52>  SCF converged
<Jan19-2022> <23:29:52>     14      0.00000000      0.00000000      0.0
<Jan19-2022> <23:29:52>  >>>> POPAN
<Jan19-2022> <23:29:52>  >>>> DEBYE
<Jan19-2022> <23:29:52>  DIRAC 2021.102  RunTime: Jan19-2022 23:29:52  ShM Nodes: 1  Procs: 1
<Jan19-2022> <23:29:52>  Hydrogen (TZ2P)
<Jan19-2022> <23:29:52>  Net Charge: 0 (Nuclei minus Electrons)
<Jan19-2022> <23:29:52>  Symmetry  : ATOM
<Jan19-2022> <23:29:52>  Coordinates
<Jan19-2022> <23:29:52>     Atom         X           Y           Z   (Angstrom)
<Jan19-2022> <23:29:52>     1.H         0.000000    0.000000    0.000000
<Jan19-2022> <23:29:52>  >>>> CORORT
<Jan19-2022> <23:29:52>  >>>> CLSMAT
<Jan19-2022> <23:29:52>  >>>> ORTHON
<Jan19-2022> <23:29:52>  >>>> GENPT
<Jan19-2022> <23:29:52>  Block Length=  64
<Jan19-2022> <23:29:52>  >>>> PTBAS
<Jan19-2022> <23:29:52>  >>>> CYCLE
<Jan19-2022> <23:29:53>              |Error|         MaxErr       Wt(A-DIIS)
<Jan19-2022> <23:29:53>      1      0.00000000      0.00000000
<Jan19-2022> <23:29:53>      2      0.03080019      0.02591482
<Jan19-2022> <23:29:53>      3      0.01140383      0.01135775    100.0
<Jan19-2022> <23:29:53>      4      0.00327656      0.00327407      2.3
<Jan19-2022> <23:29:53>      5      0.00010041      0.00009754      0.0
<Jan19-2022> <23:29:53>      6      0.00000525      0.00000504      0.0
<Jan19-2022> <23:29:53>      7      0.00000007      0.00000007      0.0
<Jan19-2022> <23:29:53>      8      0.00000000      0.00000000      0.0
<Jan19-2022> <23:29:53>  SCF converged
<Jan19-2022> <23:29:53>      9      0.00000000      0.00000000      0.0
<Jan19-2022> <23:29:53>  >>>> POPAN
<Jan19-2022> <23:29:53>  >>>> DEBYE
<Jan19-2022> <23:29:53>  DIRAC 2021.102  RunTime: Jan19-2022 23:29:53  ShM Nodes: 1  Procs: 1
<Jan19-2022> <23:29:53>  Oxygen (TZ2P)
<Jan19-2022> <23:29:53>  Net Charge: 0 (Nuclei minus Electrons)
<Jan19-2022> <23:29:53>  Symmetry  : ATOM
<Jan19-2022> <23:29:53>  Coordinates
<Jan19-2022> <23:29:53>     Atom         X           Y           Z   (Angstrom)
<Jan19-2022> <23:29:53>     1.O         0.000000    0.000000    0.000000
<Jan19-2022> <23:29:53>  >>>> CORORT
<Jan19-2022> <23:29:53>  >>>> CLSMAT
<Jan19-2022> <23:29:53>  >>>> ORTHON
<Jan19-2022> <23:29:53>  >>>> GENPT
<Jan19-2022> <23:29:53>  Block Length=  68
<Jan19-2022> <23:29:53>  >>>> PTBAS
<Jan19-2022> <23:29:53>  >>>> CYCLE
<Jan19-2022> <23:29:53>              |Error|         MaxErr       Wt(A-DIIS)
<Jan19-2022> <23:29:53>      1      0.00000000      0.00000000
<Jan19-2022> <23:29:53>      2      8.77210307      5.53374266    100.0
<Jan19-2022> <23:29:53>      3      3.60058093      2.49154808    100.0
<Jan19-2022> <23:29:53>      4      1.20505529      0.62472425    100.0
<Jan19-2022> <23:29:53>      5      1.46502638      0.81213311    100.0
<Jan19-2022> <23:29:53>      6      0.15089362      0.09131786     91.2
<Jan19-2022> <23:29:53>      7      0.14397311      0.08251182     82.3
<Jan19-2022> <23:29:53>      8      0.00183259      0.00123681      0.2
<Jan19-2022> <23:29:53>      9      0.00015629      0.00008105      0.0
<Jan19-2022> <23:29:53>     10      0.00001324      0.00000629      0.0
<Jan19-2022> <23:29:53>     11      0.00000006      0.00000003      0.0
<Jan19-2022> <23:29:53>     12      0.00000000      0.00000000      0.0
<Jan19-2022> <23:29:53>  SCF converged
<Jan19-2022> <23:29:53>     13      0.00000000      0.00000000      0.0
<Jan19-2022> <23:29:53>  >>>> POPAN
<Jan19-2022> <23:29:53>  >>>> DEBYE
<Jan19-2022> <23:29:54>  *** GOStep1 ***
<Jan19-2022> <23:29:54>  >>>> FRAGM
<Jan19-2022> <23:29:54>  Coordinates
<Jan19-2022> <23:29:54>     Atom         X           Y           Z   (Angstrom)
<Jan19-2022> <23:29:54>     1.C         0.072379    0.458490    0.147016
<Jan19-2022> <23:29:54>     2.C         0.881364   -0.769627    0.345434
<Jan19-2022> <23:29:54>     3.H         0.320085   -1.649370    0.008484
<Jan19-2022> <23:29:54>     4.C        -1.244537    0.481405   -0.412106
<Jan19-2022> <23:29:54>     5.H         0.491509    1.421715    0.440204
<Jan19-2022> <23:29:54>     6.O        -1.908801    1.513970   -0.583638
<Jan19-2022> <23:29:54>     7.C         1.357984   -0.971567    1.798392
<Jan19-2022> <23:29:54>     8.H         1.975789   -1.872162    1.871864
<Jan19-2022> <23:29:54>     9.H         0.508075   -1.083701    2.478485
<Jan19-2022> <23:29:54>    10.H         1.956137   -0.121560    2.141940
<Jan19-2022> <23:29:54>    11.H         1.748706   -0.707949   -0.278116
<Jan19-2022> <23:29:54>    12.H        -1.650698   -0.469128   -0.688547
<Jan19-2022> <23:29:54>  >>>> CORORT
<Jan19-2022> <23:29:54>  >>>> CLSMAT
<Jan19-2022> <23:29:54>  >>>> ORTHON
<Jan19-2022> <23:29:54>  >>>> GENPT
<Jan19-2022> <23:29:54>  Block Length= 128
<Jan19-2022> <23:29:55>  >>>> PTBAS
<Jan19-2022> <23:30:11>  >>>> CYCLE
<Jan19-2022> <23:31:12>              |Error|         MaxErr       Wt(A-DIIS)
<Jan19-2022> <23:31:12>      1      5.33249245      0.50861929
<Jan19-2022> <23:32:04>      2      0.92486293      0.09086049    100.0
<Jan19-2022> <23:32:58>      3      0.48795593      0.03697874    100.0
<Jan19-2022> <23:33:53>      4      0.69972437      0.06275576    100.0
<Jan19-2022> <23:34:47>      5      0.11490066      0.01508455     14.2
<Jan19-2022> <23:35:40>      6      0.08615756      0.01234332     11.5
<Jan19-2022> <23:36:34>      7      0.01624486      0.00229811      1.3
<Jan19-2022> <23:37:29>      8      0.00550127      0.00066996      0.0
<Jan19-2022> <23:38:23>      9      0.00141677      0.00013220      0.0
<Jan19-2022> <23:39:17>     10      0.00075544      0.00007589      0.0
<Jan19-2022> <23:40:09>     11      0.00030420      0.00002657      0.0
<Jan19-2022> <23:41:03>     12      0.00010832      0.00001210      0.0
<Jan19-2022> <23:41:56>     13      0.00002270      0.00000151      0.0
<Jan19-2022> <23:42:50>     14      0.00000806      0.00000078      0.0
<Jan19-2022> <23:43:04>  SCF converged
<Jan19-2022> <23:43:44>     15      0.00000328      0.00000025      0.0
<Jan19-2022> <23:43:57>  >>>> TOTEN
<Jan19-2022> <23:44:56>  >>>> POPAN
<Jan19-2022> <23:44:56>  >>>> DEBYE
<Jan19-2022> <23:44:56>  >>>> ENGRAD
<Jan19-2022> <23:46:09>  current energy                               -2.38196924 Hartree
<Jan19-2022> <23:46:09>  energy change                      -2.38196924     0.00012000    F
<Jan19-2022> <23:46:09>  constrained gradient max            0.04608115     0.00100000    F
<Jan19-2022> <23:46:09>  constrained gradient rms            0.01483600     0.00066667    F
<Jan19-2022> <23:46:09>  gradient max                        0.04608115
<Jan19-2022> <23:46:09>  gradient rms                        0.01483600
<Jan19-2022> <23:46:09>  cart. step max                      0.02135819     0.01000000    F
<Jan19-2022> <23:46:09>  cart. step rms                      0.00660723     0.00666667    T
<Jan19-2022> <23:46:09>  Iteration 2
<Jan19-2022> <23:46:10>  *** GOStep2 ***
<Jan19-2022> <23:46:10>  >>>> FRAGM
<Jan19-2022> <23:46:10>  Coordinates
<Jan19-2022> <23:46:10>     Atom         X           Y           Z   (Angstrom)
<Jan19-2022> <23:46:10>     1.C         0.074135    0.461126    0.147940
<Jan19-2022> <23:46:10>     2.C         0.883496   -0.768093    0.344463
<Jan19-2022> <23:46:10>     3.H         0.319400   -1.646937    0.008980
<Jan19-2022> <23:46:10>     4.C        -1.244904    0.483935   -0.407580
<Jan19-2022> <23:46:10>     5.H         0.495569    1.424058    0.439044
<Jan19-2022> <23:46:10>     6.O        -1.905914    1.522053   -0.578828
<Jan19-2022> <23:46:10>     7.C         1.354828   -0.971286    1.799391
<Jan19-2022> <23:46:10>     8.H         1.970955   -1.872968    1.874277
<Jan19-2022> <23:46:10>     9.H         0.503457   -1.081848    2.477844
<Jan19-2022> <23:46:10>    10.H         1.953851   -0.122363    2.144170
<Jan19-2022> <23:46:10>    11.H         1.770064   -0.706786   -0.290240
<Jan19-2022> <23:46:10>    12.H        -1.666945   -0.490376   -0.690048
<Jan19-2022> <23:46:10>  >>>> CORORT
<Jan19-2022> <23:46:10>  >>>> CLSMAT
<Jan19-2022> <23:46:10>  >>>> ORTHON
<Jan19-2022> <23:46:10>  >>>> GENPT
<Jan19-2022> <23:46:10>  Block Length= 128
<Jan19-2022> <23:46:11>  >>>> PTBAS
<Jan19-2022> <23:46:24>  >>>> CYCLE
<Jan19-2022> <23:46:36>  using orbital data from restart file
<Jan19-2022> <23:46:59>              |Error|         MaxErr       Wt(A-DIIS)
<Jan19-2022> <23:46:59>      1      0.09586784      0.01939407
<Jan19-2022> <23:47:30>      2      0.01574081      0.00176595    100.0
<Jan19-2022> <23:48:00>      3      0.03261190      0.00467319    100.0
<Jan19-2022> <23:48:30>      4      0.00711208      0.00051931      0.0
<Jan19-2022> <23:49:01>      5      0.00217077      0.00020131      0.0
<Jan19-2022> <23:49:31>      6      0.00058949      0.00004166      0.0
<Jan19-2022> <23:50:01>      7      0.00013700      0.00001148      0.0
<Jan19-2022> <23:50:32>      8      0.00002821      0.00000205      0.0
<Jan19-2022> <23:51:02>      9      0.00001183      0.00000078      0.0
<Jan19-2022> <23:51:33>     10      0.00000443      0.00000037      0.0
<Jan19-2022> <23:51:40>  SCF converged
<Jan19-2022> <23:52:03>     11      0.00000163      0.00000010      0.0
<Jan19-2022> <23:52:11>  >>>> TOTEN
<Jan19-2022> <23:52:45>  >>>> POPAN
<Jan19-2022> <23:52:45>  >>>> DEBYE
<Jan19-2022> <23:52:45>  >>>> ENGRAD
<Jan19-2022> <23:53:28>  current energy                               -2.38352492 Hartree
<Jan19-2022> <23:53:28>  energy change                      -0.00155569     0.00012000    F
<Jan19-2022> <23:53:28>  constrained gradient max            0.01860485     0.00100000    F
<Jan19-2022> <23:53:28>  constrained gradient rms            0.00528063     0.00066667    F
<Jan19-2022> <23:53:28>  gradient max                        0.01860485
<Jan19-2022> <23:53:28>  gradient rms                        0.00528063
<Jan19-2022> <23:53:28>  cart. step max                      0.00860899     0.01000000    T
<Jan19-2022> <23:53:28>  cart. step rms                      0.00278519     0.00666667    T
<Jan19-2022> <23:53:28>  Iteration 3
<Jan19-2022> <23:53:28>  *** GOStep3 ***
<Jan19-2022> <23:53:28>  >>>> FRAGM
<Jan19-2022> <23:53:28>  Coordinates
<Jan19-2022> <23:53:28>     Atom         X           Y           Z   (Angstrom)
<Jan19-2022> <23:53:28>     1.C         0.075382    0.462490    0.146480
<Jan19-2022> <23:53:28>     2.C         0.882733   -0.767682    0.344860
<Jan19-2022> <23:53:28>     3.H         0.319174   -1.646062    0.007657
<Jan19-2022> <23:53:28>     4.C        -1.243058    0.487324   -0.407822
<Jan19-2022> <23:53:28>     5.H         0.497559    1.425152    0.436904
<Jan19-2022> <23:53:28>     6.O        -1.905081    1.522476   -0.573757
<Jan19-2022> <23:53:28>     7.C         1.353482   -0.971090    1.800049
<Jan19-2022> <23:53:28>     8.H         1.968955   -1.873193    1.875495
<Jan19-2022> <23:53:28>     9.H         0.501060   -1.081243    2.477183
<Jan19-2022> <23:53:28>    10.H         1.952644   -0.122629    2.145820
<Jan19-2022> <23:53:28>    11.H         1.778356   -0.706043   -0.294335
<Jan19-2022> <23:53:28>    12.H        -1.673214   -0.498985   -0.689121
<Jan19-2022> <23:53:28>  >>>> CORORT
<Jan19-2022> <23:53:28>  >>>> CLSMAT
<Jan19-2022> <23:53:28>  >>>> ORTHON
<Jan19-2022> <23:53:28>  >>>> GENPT
<Jan19-2022> <23:53:29>  Block Length= 128
<Jan19-2022> <23:53:29>  >>>> PTBAS
<Jan19-2022> <23:53:45>  >>>> CYCLE
<Jan19-2022> <23:54:05>  using orbital data from restart file
<Jan19-2022> <23:54:44>              |Error|         MaxErr       Wt(A-DIIS)
<Jan19-2022> <23:54:44>      1      0.04635131      0.00899788
<Jan19-2022> <23:55:37>      2      0.00779445      0.00098265    100.0
<Jan19-2022> <23:56:29>      3      0.01940894      0.00280391    100.0
<Jan19-2022> <23:57:22>      4      0.00386331      0.00034466      0.0
<Jan19-2022> <23:58:00>      5      0.00109737      0.00008846      0.0
<Jan19-2022> <23:58:30>      6      0.00018968      0.00001284      0.0
<Jan19-2022> <23:59:00>      7      0.00009101      0.00000586      0.0
<Jan19-2022> <23:59:31>      8      0.00004819      0.00000319      0.0
<Jan20-2022> <00:00:02>      9      0.00001350      0.00000130      0.0
<Jan20-2022> <00:00:32>     10      0.00000503      0.00000034      0.0
<Jan20-2022> <00:00:40>  SCF converged
<Jan20-2022> <00:01:03>     11      0.00000214      0.00000017      0.0
<Jan20-2022> <00:01:10>  >>>> TOTEN
<Jan20-2022> <00:01:44>  >>>> POPAN
<Jan20-2022> <00:01:44>  >>>> DEBYE
<Jan20-2022> <00:01:45>  >>>> ENGRAD
<Jan20-2022> <00:02:26>  current energy                               -2.38372218 Hartree
<Jan20-2022> <00:02:26>  energy change                      -0.00019725     0.00012000    F
<Jan20-2022> <00:02:26>  constrained gradient max            0.00254789     0.00100000    F
<Jan20-2022> <00:02:26>  constrained gradient rms            0.00082172     0.00066667    F
<Jan20-2022> <00:02:26>  gradient max                        0.00254789
<Jan20-2022> <00:02:26>  gradient rms                        0.00082172
<Jan20-2022> <00:02:26>  cart. step max                      0.01382690     0.01000000    F
<Jan20-2022> <00:02:26>  cart. step rms                      0.00410592     0.00666667    T
<Jan20-2022> <00:02:26>  Iteration 4
<Jan20-2022> <00:02:27>  *** GOStep4 ***
<Jan20-2022> <00:02:27>  >>>> FRAGM
<Jan20-2022> <00:02:27>  Coordinates
<Jan20-2022> <00:02:27>     Atom         X           Y           Z   (Angstrom)
<Jan20-2022> <00:02:27>     1.C         0.072447    0.462335    0.151084
<Jan20-2022> <00:02:27>     2.C         0.879262   -0.767982    0.347734
<Jan20-2022> <00:02:27>     3.H         0.315164   -1.646241    0.011571
<Jan20-2022> <00:02:27>     4.C        -1.247940    0.488146   -0.398813
<Jan20-2022> <00:02:27>     5.H         0.495922    1.424905    0.439897
<Jan20-2022> <00:02:27>     6.O        -1.903245    1.524350   -0.582992
<Jan20-2022> <00:02:27>     7.C         1.356198   -0.971481    1.800753
<Jan20-2022> <00:02:27>     8.H         1.971906   -1.873605    1.873632
<Jan20-2022> <00:02:27>     9.H         0.506300   -1.081735    2.481083
<Jan20-2022> <00:02:27>    10.H         1.956634   -0.123037    2.144268
<Jan20-2022> <00:02:27>    11.H         1.773962   -0.706122   -0.295858
<Jan20-2022> <00:02:27>    12.H        -1.668618   -0.499018   -0.702948
<Jan20-2022> <00:02:27>  >>>> CORORT
<Jan20-2022> <00:02:27>  >>>> CLSMAT
<Jan20-2022> <00:02:27>  >>>> ORTHON
<Jan20-2022> <00:02:27>  >>>> GENPT
<Jan20-2022> <00:02:27>  Block Length= 128
<Jan20-2022> <00:02:28>  >>>> PTBAS
<Jan20-2022> <00:02:44>  >>>> CYCLE
<Jan20-2022> <00:03:04>  using orbital data from restart file
<Jan20-2022> <00:03:43>              |Error|         MaxErr       Wt(A-DIIS)
<Jan20-2022> <00:03:43>      1      0.04200384      0.01048119
<Jan20-2022> <00:04:35>      2      0.00584386      0.00057546    100.0
<Jan20-2022> <00:05:29>      3      0.00705406      0.00078890    100.0
<Jan20-2022> <00:06:22>      4      0.00366585      0.00054788      0.0
<Jan20-2022> <00:07:14>      5      0.00107655      0.00014675      0.0
<Jan20-2022> <00:08:08>      6      0.00050236      0.00003851      0.0
<Jan20-2022> <00:09:00>      7      0.00012746      0.00000796      0.0
<Jan20-2022> <00:09:54>      8      0.00004883      0.00000279      0.0
<Jan20-2022> <00:10:45>      9      0.00001495      0.00000099      0.0
<Jan20-2022> <00:11:39>     10      0.00000534      0.00000030      0.0
<Jan20-2022> <00:11:53>  SCF converged
<Jan20-2022> <00:12:33>     11      0.00000237      0.00000014      0.0
<Jan20-2022> <00:12:47>  >>>> TOTEN
<Jan20-2022> <00:13:36>  >>>> POPAN
<Jan20-2022> <00:13:36>  >>>> DEBYE
<Jan20-2022> <00:13:36>  >>>> ENGRAD
<Jan20-2022> <00:14:18>  current energy                               -2.38368182 Hartree
<Jan20-2022> <00:14:18>  energy change                       0.00004036     0.00012000    T
<Jan20-2022> <00:14:18>  constrained gradient max            0.00651515     0.00100000    F
<Jan20-2022> <00:14:18>  constrained gradient rms            0.00134019     0.00066667    F
<Jan20-2022> <00:14:18>  gradient max                        0.00651515
<Jan20-2022> <00:14:18>  gradient rms                        0.00134019
<Jan20-2022> <00:14:18>  cart. step max                      0.00529697     0.01000000    T
<Jan20-2022> <00:14:18>  cart. step rms                      0.00163052     0.00666667    T
<Jan20-2022> <00:14:18>  Iteration 5
<Jan20-2022> <00:14:18>  *** GOStep5 ***
<Jan20-2022> <00:14:18>  >>>> FRAGM
<Jan20-2022> <00:14:18>  Coordinates
<Jan20-2022> <00:14:18>     Atom         X           Y           Z   (Angstrom)
<Jan20-2022> <00:14:18>     1.C         0.073897    0.462477    0.149258
<Jan20-2022> <00:14:18>     2.C         0.880197   -0.767829    0.346943
<Jan20-2022> <00:14:18>     3.H         0.316543   -1.646013    0.009910
<Jan20-2022> <00:14:18>     4.C        -1.245761    0.488320   -0.402696
<Jan20-2022> <00:14:18>     5.H         0.497122    1.425024    0.438621
<Jan20-2022> <00:14:18>     6.O        -1.904917    1.523570   -0.579135
<Jan20-2022> <00:14:18>     7.C         1.355132   -0.971340    1.800540
<Jan20-2022> <00:14:18>     8.H         1.970643   -1.873521    1.874177
<Jan20-2022> <00:14:18>     9.H         0.504320   -1.081527    2.479766
<Jan20-2022> <00:14:18>    10.H         1.955165   -0.122940    2.144820
<Jan20-2022> <00:14:18>    11.H         1.775247   -0.706101   -0.295140
<Jan20-2022> <00:14:18>    12.H        -1.669597   -0.499603   -0.697651
<Jan20-2022> <00:14:18>  >>>> CORORT
<Jan20-2022> <00:14:18>  >>>> CLSMAT
<Jan20-2022> <00:14:18>  >>>> ORTHON
<Jan20-2022> <00:14:18>  >>>> GENPT
<Jan20-2022> <00:14:19>  Block Length= 128
<Jan20-2022> <00:14:19>  >>>> PTBAS
<Jan20-2022> <00:14:29>  >>>> CYCLE
<Jan20-2022> <00:14:41>  using orbital data from restart file
<Jan20-2022> <00:15:04>              |Error|         MaxErr       Wt(A-DIIS)
<Jan20-2022> <00:15:04>      1      0.01830863      0.00443000
<Jan20-2022> <00:15:33>      2      0.00224800      0.00023490    100.0
<Jan20-2022> <00:16:04>      3      0.00144898      0.00014369    100.0
<Jan20-2022> <00:16:34>      4      0.00117975      0.00013243      0.0
<Jan20-2022> <00:17:03>      5      0.00035701      0.00004525      0.0
<Jan20-2022> <00:17:33>      6      0.00016787      0.00001086      0.0
<Jan20-2022> <00:18:03>      7      0.00004500      0.00000270      0.0
<Jan20-2022> <00:18:34>      8      0.00001207      0.00000085      0.0
<Jan20-2022> <00:19:03>      9      0.00000599      0.00000049      0.0
<Jan20-2022> <00:19:11>  SCF converged
<Jan20-2022> <00:19:33>     10      0.00000247      0.00000021      0.0
<Jan20-2022> <00:19:41>  >>>> TOTEN
<Jan20-2022> <00:20:15>  >>>> POPAN
<Jan20-2022> <00:20:15>  >>>> DEBYE
<Jan20-2022> <00:20:15>  >>>> ENGRAD
<Jan20-2022> <00:20:57>  current energy                               -2.38371865 Hartree
<Jan20-2022> <00:20:57>  energy change                      -0.00003683     0.00012000    T
<Jan20-2022> <00:20:57>  constrained gradient max            0.00320572     0.00100000    F
<Jan20-2022> <00:20:57>  constrained gradient rms            0.00065077     0.00066667    T
<Jan20-2022> <00:20:57>  gradient max                        0.00320572
<Jan20-2022> <00:20:57>  gradient rms                        0.00065077
<Jan20-2022> <00:20:57>  cart. step max                      0.00566166     0.01000000    T
<Jan20-2022> <00:20:57>  cart. step rms                      0.00147860     0.00666667    T
<Jan20-2022> <00:20:57>  Iteration 6
<Jan20-2022> <00:20:57>  *** GOStep6 ***
<Jan20-2022> <00:20:57>  >>>> FRAGM
<Jan20-2022> <00:20:57>  Coordinates
<Jan20-2022> <00:20:57>     Atom         X           Y           Z   (Angstrom)
<Jan20-2022> <00:20:57>     1.C         0.075056    0.462767    0.147737
<Jan20-2022> <00:20:57>     2.C         0.880758   -0.767510    0.346424
<Jan20-2022> <00:20:57>     3.H         0.317654   -1.645640    0.008403
<Jan20-2022> <00:20:57>     4.C        -1.243712    0.488638   -0.406602
<Jan20-2022> <00:20:57>     5.H         0.497929    1.425251    0.437955
<Jan20-2022> <00:20:57>     6.O        -1.905794    1.522861   -0.576700
<Jan20-2022> <00:20:57>     7.C         1.354247   -0.971337    1.800335
<Jan20-2022> <00:20:57>     8.H         1.969644   -1.873540    1.874384
<Jan20-2022> <00:20:57>     9.H         0.502779   -1.081645    2.478750
<Jan20-2022> <00:20:57>    10.H         1.953917   -0.122995    2.145329
<Jan20-2022> <00:20:57>    11.H         1.776235   -0.705762   -0.294614
<Jan20-2022> <00:20:57>    12.H        -1.670721   -0.500573   -0.691989
<Jan20-2022> <00:20:57>  >>>> CORORT
<Jan20-2022> <00:20:57>  >>>> CLSMAT
<Jan20-2022> <00:20:57>  >>>> ORTHON
<Jan20-2022> <00:20:57>  >>>> GENPT
<Jan20-2022> <00:20:57>  Block Length= 128
<Jan20-2022> <00:20:58>  >>>> PTBAS
<Jan20-2022> <00:21:08>  >>>> CYCLE
<Jan20-2022> <00:21:20>  using orbital data from restart file
<Jan20-2022> <00:21:43>              |Error|         MaxErr       Wt(A-DIIS)
<Jan20-2022> <00:21:43>      1      0.01515315      0.00354484
<Jan20-2022> <00:22:13>      2      0.00207230      0.00021371    100.0
<Jan20-2022> <00:22:43>      3      0.00135361      0.00013054    100.0
<Jan20-2022> <00:23:12>      4      0.00108271      0.00012391      0.0
<Jan20-2022> <00:23:43>      5      0.00012720      0.00001372      0.0
<Jan20-2022> <00:24:13>      6      0.00015656      0.00002188      0.0
<Jan20-2022> <00:24:43>      7      0.00007192      0.00000917      0.0
<Jan20-2022> <00:25:13>      8      0.00001149      0.00000071      0.0
<Jan20-2022> <00:25:43>      9      0.00000444      0.00000027      0.0
<Jan20-2022> <00:25:50>  SCF converged
<Jan20-2022> <00:26:12>     10      0.00000145      0.00000010      0.0
<Jan20-2022> <00:26:20>  >>>> TOTEN
<Jan20-2022> <00:26:54>  >>>> POPAN
<Jan20-2022> <00:26:54>  >>>> DEBYE
<Jan20-2022> <00:26:54>  >>>> ENGRAD
<Jan20-2022> <00:27:37>  current energy                               -2.38373031 Hartree
<Jan20-2022> <00:27:37>  energy change                      -0.00001166     0.00012000    T
<Jan20-2022> <00:27:37>  constrained gradient max            0.00012649     0.00100000    T
<Jan20-2022> <00:27:37>  constrained gradient rms            0.00003983     0.00066667    T
<Jan20-2022> <00:27:37>  gradient max                        0.00012649
<Jan20-2022> <00:27:37>  gradient rms                        0.00003983
<Jan20-2022> <00:27:37>  cart. step max                      0.00068808     0.01000000    T
<Jan20-2022> <00:27:37>  cart. step rms                      0.00021533     0.00666667    T
<Jan20-2022> <00:27:37>  Geometry optimization converged
<Jan20-2022> <00:27:37>  *** adf ***
<Jan20-2022> <00:27:37>  Net Charge: 0 (Nuclei minus Electrons)
<Jan20-2022> <00:27:37>  Spin polar: 1 (Spin_A minus Spin_B electrons)
<Jan20-2022> <00:27:37>  Symmetry  : NOSYM
<Jan20-2022> <00:27:37>  >>>> FRAGM
<Jan20-2022> <00:27:37>  Coordinates
<Jan20-2022> <00:27:37>     Atom         X           Y           Z   (Angstrom)
<Jan20-2022> <00:27:37>     1.C         0.075056    0.462767    0.147737
<Jan20-2022> <00:27:37>     2.C         0.880758   -0.767510    0.346424
<Jan20-2022> <00:27:37>     3.H         0.317654   -1.645640    0.008403
<Jan20-2022> <00:27:37>     4.C        -1.243712    0.488638   -0.406602
<Jan20-2022> <00:27:37>     5.H         0.497929    1.425251    0.437955
<Jan20-2022> <00:27:37>     6.O        -1.905794    1.522861   -0.576700
<Jan20-2022> <00:27:37>     7.C         1.354247   -0.971337    1.800335
<Jan20-2022> <00:27:37>     8.H         1.969644   -1.873540    1.874384
<Jan20-2022> <00:27:37>     9.H         0.502779   -1.081645    2.478750
<Jan20-2022> <00:27:37>    10.H         1.953917   -0.122995    2.145329
<Jan20-2022> <00:27:37>    11.H         1.776235   -0.705762   -0.294614
<Jan20-2022> <00:27:37>    12.H        -1.670721   -0.500573   -0.691989
<Jan20-2022> <00:27:37>  >>>> CORORT
<Jan20-2022> <00:27:37>  >>>> CLSMAT
<Jan20-2022> <00:27:37>  >>>> ORTHON
<Jan20-2022> <00:27:37>  >>>> GENPT
<Jan20-2022> <00:27:38>  Block Length= 128
<Jan20-2022> <00:27:38>  >>>> PTBAS
<Jan20-2022> <00:27:49>  >>>> CYCLE
<Jan20-2022> <00:28:01>  using orbital data from restart file
<Jan20-2022> <00:28:26>              |Error|         MaxErr       Wt(A-DIIS)
<Jan20-2022> <00:28:26>      1      0.00000039      0.00000004
<Jan20-2022> <00:28:58>      2      0.00000045      0.00000004    100.0
<Jan20-2022> <00:29:06>  SCF converged
<Jan20-2022> <00:29:30>      3      0.00000024      0.00000002    100.0
<Jan20-2022> <00:29:59>  >>>> TOTEN
<Jan20-2022> <00:30:57>  >>>> POPAN
<Jan20-2022> <00:30:57>  >>>> DEBYE
<Jan20-2022> <00:30:57>  >>>> AMETS
<Jan20-2022> <00:30:57>   Bond Energy          -2.38373031 a.u.
<Jan20-2022> <00:30:57>   Bond Energy         -64.86460197 eV
<Jan20-2022> <00:30:57>   Bond Energy       -1495.81       kcal/mol
<Jan20-2022> <00:30:57>  >>>> POPUL
<Jan20-2022> <00:30:58>  >>>> ENGRAD
<Jan20-2022> <00:31:46>  >>>> ENHESS
<Jan20-2022> <00:32:09>  === NUCLEUS:     1
