

 Parallel Execution: Process Information
 ==============================================================================
 Rank   Node Name                              NodeID   MyNodeRank  NodeMaster
    0   node120                                   0          0          0
    1   node120                                   0          1         -1
    2   node120                                   0          2         -1
    3   node120                                   0          3         -1
 ==============================================================================


May use up to 122928MB of RAM as shared memory on node 0

 *******************************************************************************
 *                                                                             *
 *  --------------------------------                                           *
 *   Amsterdam Modeling Suite (AMS)              2021.102                      *
 *  --------------------------------                                           *
 *                                               r95042 2021-06-07             *
 *                                                                             *
 *                                                                             *
 *                              =================                              *
 *                              |               |                              *
 *                              |     A M S     |                              *
 *                              |               |                              *
 *                              =================                              *
 *                                                                             *
 *                                                                             *
 *   Online information and documentation:  https://www.scm.com/support/       *
 *   E-mail:  support@scm.com   info@scm.com                                   *
 *                                                                             *
 *   Scientific publications using AMS results must be properly referenced     *
 *   See the User Manuals (or the web site) for recommended citations          *
 *   The terms and conditions of the End User License Agreement apply to       *
 *   the use of AMS, https://www.scm.com/license-terms/                        *
 *                                                                             *
 **********************  x86_64_linux_intel / intelmpi  ************************
 
 Licensed to: VU/FEW (+ SARA) / ALGEMEEN / Amsterdam / THE NETHERLANDS
 SCM User ID: u7668
  
 AMS 2021.102  RunTime: Jan28-2022 10:53:23  ShM Nodes: 1  Procs: 4

 AMS jobname: 51.achiral_catalyst.H_tBu_ZnCl2.TS
 AMS jobid  : 38633009

 Start   directory: /scistor/tc/yhk800/MasterProject/calculations/achiral_catalyst_H_tBu_ZnCl2/51.achiral_catalyst.H_tBu_ZnCl2.TS/
 Results directory: /scistor/tc/yhk800/MasterProject/calculations/achiral_catalyst_H_tBu_ZnCl2/51.achiral_catalyst.H_tBu_ZnCl2.TS/
 Scratch directory: /scratch/5507/amstmp_51.achiral_catalyst.H_tBu_ZnCl2.TS_kid0.38633009/


 Communication costs MPI_COMM_WORLD:      1.827 usec per message,   0.0301 usec per 8-byte item
 Communication costs for intra-node:      0.946 usec per message,   0.0039 usec per 8-byte item

 RNG seed: 326280443 1637621384 -90147170 -1519300436 393809015 -16522438 1864324310 -1716611055



                      ************************************************************************
                      *  ADF 2021.102  RunTime: Jan28-2022 10:53:23  ShM Nodes: 1  Procs: 4  *
                      ************************************************************************
  
       *****************************
       *  TRANSITION STATE SEARCH  *
       *****************************

Optimization Method                    Quasi Newton
Optimization Coordinates               Delocalized Coordinates
Optimize lattice                       F
 
 ------------------------------------------------------
 Convergence criteria (Hartree,Angstrom)
 ------------------------------------------------------
 Maximum gradient               0.001000000000
 Maximum rms gradient           0.000666666667
 Maximum step allowed           0.010000000000
 Maximum rms step allowed       0.006666666667
 Maximum energy change allowe   0.000270000000
 Maximum stress energy allowe   0.000500000000
 
Initial model Hessian                  Automatic Hessian
 
------------------------------------
Quasi-Newton Optimizer Parameters
------------------------------------
Hessian Update Method                  Bofill
Maximum number of steps                  250
First GDIIS cycle                          0
Maximum GDIIS vectors                      0
Trust radius (bohr)                        0.200000
Trust radius varies                        F
Constraints converged at all steps         T
Use projector                              T
 
 Rigid motions settings for: old optimizer
 Atomic rotations (x,y,z):     T T T
 Atomic translations (x,y,z):  T T T
 Tolerance:                   1.000000000000000E-006
 
           1  TSRC entries:
    i   type      a1    a2    a3    a4    coef
    1 Distance     2    10               -1.000
 
--------
Geometry
--------
Formula: C8H15Cl2OSn
Atoms
  Index Symbol   x (angstrom)   y (angstrom)   z (angstrom)
      1      H     0.19369716    -1.85361092    -0.24516176
      2      C    -0.92057816    -0.12292898     0.28183759
      3      C     0.21368396    -0.77846351    -0.06958517
      4      C     1.52168394    -0.13059856    -0.22805405
      5      O     2.57084417    -0.68022178    -0.54313771
      6      H    -0.93117356     0.95749943     0.37346659
      7      H    -1.16677948    -1.14795174     3.01281369
      8      H    -2.10496465     0.45730942     2.86041604
      9      H    -0.24714630     0.47546451     3.02589233
     10      C    -1.16197426    -0.07675120     2.85297480
     11      C    -2.70617814    -1.13198073    -1.13307527
     12      C    -2.27774025    -0.85018701     0.31024211
     13      C    -3.29814455     0.05623311     1.00544670
     14      C    -2.10857613    -2.16055035     1.08513774
     15      H    -1.77993511    -1.95738108     2.10497923
     16      H    -3.66728922    -1.64847593    -1.15378817
     17      H    -1.96534043    -1.75736397    -1.63248955
     18      H    -2.80193402    -0.19835583    -1.68853426
     19      H    -4.27589769    -0.42685762     1.04485445
     20      H    -3.39798001     0.99804667     0.46472548
     21      H    -2.97770152     0.27467949     2.02473899
     22      H    -3.05288672    -2.70596191     1.12678586
     23      H    -1.36362000    -2.79302204     0.60101043
     24      H     1.51741535     0.92352060    -0.04443873
     25     Sn     3.93691787     0.31396217    -0.73139533
     26     Cl     5.61246515     0.71374680     0.91317142
     27     Cl     4.90148469     1.41079126    -2.61246203
 
Total System Charge             0.00000
 
 
----------------
ADF Engine Input
----------------
 
 NumericalQuality VeryGood
 SCF
 Converge 1.0e-6
 Iterations 99
 End
 SYMMETRY NOSYM
 SpinPolarization 1.0
 Unrestricted Yes
 XC
 GGA OLYP
 End
 basis
 core None
 type TZ2P
 End
 

 Title: *** (NO TITLE) ***

 Using automatic Hessian for delocalized coordinates.
 *** GOStep1 ***
