<Jan28-2022> <10:53:23>  AMS 2021.102  RunTime: Jan28-2022 10:53:23  ShM Nodes: 1  Procs: 4
<Jan28-2022> <10:53:23>  ADF 2021.102  RunTime: Jan28-2022 10:53:23  ShM Nodes: 1  Procs: 4
<Jan28-2022> <10:53:23>  *** (NO TITLE) ***
<Jan28-2022> <10:53:24>  Iteration 1
<Jan28-2022> <10:53:24>  DIRAC 2021.102  RunTime: Jan28-2022 10:53:24  ShM Nodes: 1  Procs: 1
<Jan28-2022> <10:53:24>  Hydrogen (TZ2P)
<Jan28-2022> <10:53:24>  Net Charge: 0 (Nuclei minus Electrons)
<Jan28-2022> <10:53:24>  Symmetry  : ATOM
<Jan28-2022> <10:53:24>  Coordinates
<Jan28-2022> <10:53:24>     Atom         X           Y           Z   (Angstrom)
<Jan28-2022> <10:53:24>     1.H         0.000000    0.000000    0.000000
<Jan28-2022> <10:53:24>  >>>> CORORT
<Jan28-2022> <10:53:24>  >>>> CLSMAT
<Jan28-2022> <10:53:24>  >>>> ORTHON
<Jan28-2022> <10:53:24>  >>>> GENPT
<Jan28-2022> <10:53:24>  Block Length=  64
<Jan28-2022> <10:53:24>  >>>> PTBAS
<Jan28-2022> <10:53:24>  >>>> CYCLE
<Jan28-2022> <10:53:24>              |Error|         MaxErr       Wt(A-DIIS)
<Jan28-2022> <10:53:24>      1      0.00000000      0.00000000
<Jan28-2022> <10:53:24>      2      0.03080019      0.02591482
<Jan28-2022> <10:53:24>      3      0.01140383      0.01135775    100.0
<Jan28-2022> <10:53:24>      4      0.00327656      0.00327407      2.3
<Jan28-2022> <10:53:24>      5      0.00010041      0.00009754      0.0
<Jan28-2022> <10:53:25>      6      0.00000525      0.00000504      0.0
<Jan28-2022> <10:53:25>      7      0.00000007      0.00000007      0.0
<Jan28-2022> <10:53:25>      8      0.00000000      0.00000000      0.0
<Jan28-2022> <10:53:25>  SCF converged
<Jan28-2022> <10:53:25>      9      0.00000000      0.00000000      0.0
<Jan28-2022> <10:53:25>  >>>> POPAN
<Jan28-2022> <10:53:25>  >>>> DEBYE
<Jan28-2022> <10:53:25>  DIRAC 2021.102  RunTime: Jan28-2022 10:53:25  ShM Nodes: 1  Procs: 1
<Jan28-2022> <10:53:25>  Carbon (TZ2P)
<Jan28-2022> <10:53:25>  Net Charge: 0 (Nuclei minus Electrons)
<Jan28-2022> <10:53:25>  Symmetry  : ATOM
<Jan28-2022> <10:53:25>  Coordinates
<Jan28-2022> <10:53:25>     Atom         X           Y           Z   (Angstrom)
<Jan28-2022> <10:53:25>     1.C         0.000000    0.000000    0.000000
<Jan28-2022> <10:53:25>  >>>> CORORT
<Jan28-2022> <10:53:25>  >>>> CLSMAT
<Jan28-2022> <10:53:25>  >>>> ORTHON
<Jan28-2022> <10:53:25>  >>>> GENPT
<Jan28-2022> <10:53:25>  Block Length=  72
<Jan28-2022> <10:53:25>  >>>> PTBAS
<Jan28-2022> <10:53:25>  >>>> CYCLE
<Jan28-2022> <10:53:26>              |Error|         MaxErr       Wt(A-DIIS)
<Jan28-2022> <10:53:26>      1      0.00000000      0.00000000
<Jan28-2022> <10:53:26>      2      4.48405934      3.32161898    100.0
<Jan28-2022> <10:53:26>      3      1.60718414      1.28408746    100.0
<Jan28-2022> <10:53:26>      4      0.76426456      0.62272052    100.0
<Jan28-2022> <10:53:26>      5      0.36119063      0.28553990    100.0
<Jan28-2022> <10:53:26>      6      0.14821424      0.11559867    100.0
<Jan28-2022> <10:53:26>      7      0.10108424      0.07867111     78.5
<Jan28-2022> <10:53:26>      8      0.01786531      0.01387049     13.0
<Jan28-2022> <10:53:26>      9      0.00195746      0.00153262      0.5
<Jan28-2022> <10:53:26>     10      0.00001058      0.00000730      0.0
<Jan28-2022> <10:53:26>     11      0.00000047      0.00000027      0.0
<Jan28-2022> <10:53:26>     12      0.00000003      0.00000002      0.0
<Jan28-2022> <10:53:26>     13      0.00000000      0.00000000      0.0
<Jan28-2022> <10:53:26>  SCF converged
<Jan28-2022> <10:53:26>     14      0.00000000      0.00000000      0.0
<Jan28-2022> <10:53:26>  >>>> POPAN
<Jan28-2022> <10:53:26>  >>>> DEBYE
<Jan28-2022> <10:53:26>  DIRAC 2021.102  RunTime: Jan28-2022 10:53:26  ShM Nodes: 1  Procs: 1
<Jan28-2022> <10:53:27>  Oxygen (TZ2P)
<Jan28-2022> <10:53:27>  Net Charge: 0 (Nuclei minus Electrons)
<Jan28-2022> <10:53:27>  Symmetry  : ATOM
<Jan28-2022> <10:53:27>  Coordinates
<Jan28-2022> <10:53:27>     Atom         X           Y           Z   (Angstrom)
<Jan28-2022> <10:53:27>     1.O         0.000000    0.000000    0.000000
<Jan28-2022> <10:53:27>  >>>> CORORT
<Jan28-2022> <10:53:27>  >>>> CLSMAT
<Jan28-2022> <10:53:27>  >>>> ORTHON
<Jan28-2022> <10:53:27>  >>>> GENPT
<Jan28-2022> <10:53:27>  Block Length=  68
<Jan28-2022> <10:53:27>  >>>> PTBAS
<Jan28-2022> <10:53:27>  >>>> CYCLE
<Jan28-2022> <10:53:27>              |Error|         MaxErr       Wt(A-DIIS)
<Jan28-2022> <10:53:27>      1      0.00000000      0.00000000
<Jan28-2022> <10:53:27>      2      8.77210307      5.53374266    100.0
<Jan28-2022> <10:53:27>      3      3.60058093      2.49154808    100.0
<Jan28-2022> <10:53:27>      4      1.20505529      0.62472425    100.0
<Jan28-2022> <10:53:27>      5      1.46502638      0.81213311    100.0
<Jan28-2022> <10:53:27>      6      0.15089362      0.09131786     91.2
<Jan28-2022> <10:53:27>      7      0.14397311      0.08251182     82.3
<Jan28-2022> <10:53:27>      8      0.00183259      0.00123681      0.2
<Jan28-2022> <10:53:27>      9      0.00015629      0.00008105      0.0
<Jan28-2022> <10:53:28>     10      0.00001324      0.00000629      0.0
<Jan28-2022> <10:53:28>     11      0.00000006      0.00000003      0.0
<Jan28-2022> <10:53:28>     12      0.00000000      0.00000000      0.0
<Jan28-2022> <10:53:28>  SCF converged
<Jan28-2022> <10:53:28>     13      0.00000000      0.00000000      0.0
<Jan28-2022> <10:53:28>  >>>> POPAN
<Jan28-2022> <10:53:28>  >>>> DEBYE
<Jan28-2022> <10:53:28>  DIRAC 2021.102  RunTime: Jan28-2022 10:53:28  ShM Nodes: 1  Procs: 1
<Jan28-2022> <10:53:29>  Tin (TZ2P, all electron)
<Jan28-2022> <10:53:29>  Net Charge: 0 (Nuclei minus Electrons)
<Jan28-2022> <10:53:29>  Symmetry  : ATOM
<Jan28-2022> <10:53:29>  Coordinates
<Jan28-2022> <10:53:29>     Atom         X           Y           Z   (Angstrom)
<Jan28-2022> <10:53:29>     1.Sn        0.000000    0.000000    0.000000
<Jan28-2022> <10:53:29>  >>>> CORORT
<Jan28-2022> <10:53:29>  >>>> CLSMAT
<Jan28-2022> <10:53:29>  >>>> ORTHON
<Jan28-2022> <10:53:29>  >>>> GENPT
<Jan28-2022> <10:53:29>  Block Length=  94
<Jan28-2022> <10:53:29>  >>>> PTBAS
<Jan28-2022> <10:53:29>  >>>> CYCLE
<Jan28-2022> <10:53:30>              |Error|         MaxErr       Wt(A-DIIS)
<Jan28-2022> <10:53:30>      1      0.00000000      0.00000000
<Jan28-2022> <10:53:30>      2    277.78646077     36.34955503    100.0
<Jan28-2022> <10:53:30>      3    108.37475236     33.32898342    100.0
<Jan28-2022> <10:53:31>      4     16.29148072      2.69481417    100.0
<Jan28-2022> <10:53:31>      5     14.42472249      3.02472417    100.0
<Jan28-2022> <10:53:31>      6      3.42801373      0.63340044    100.0
<Jan28-2022> <10:53:31>      7      3.94254662      0.85735153    100.0
<Jan28-2022> <10:53:31>      8      0.32774411      0.05271405     52.2
<Jan28-2022> <10:53:31>      9      0.09237148      0.01803841     17.2
<Jan28-2022> <10:53:31>     10      0.02628512      0.00591655      5.0
<Jan28-2022> <10:53:32>     11      0.00221235      0.00047931      0.0
<Jan28-2022> <10:53:32>     12      0.00004474      0.00000960      0.0
<Jan28-2022> <10:53:32>     13      0.00000334      0.00000092      0.0
<Jan28-2022> <10:53:32>     14      0.00000017      0.00000003      0.0
<Jan28-2022> <10:53:32>     15      0.00000001      0.00000000      0.0
<Jan28-2022> <10:53:32>  SCF converged
<Jan28-2022> <10:53:33>     16      0.00000000      0.00000000      0.0
<Jan28-2022> <10:53:33>  >>>> POPAN
<Jan28-2022> <10:53:33>  >>>> DEBYE
<Jan28-2022> <10:53:33>  DIRAC 2021.102  RunTime: Jan28-2022 10:53:33  ShM Nodes: 1  Procs: 1
<Jan28-2022> <10:53:33>  Chlorine (TZ2P)
<Jan28-2022> <10:53:34>  Net Charge: 0 (Nuclei minus Electrons)
<Jan28-2022> <10:53:34>  Symmetry  : ATOM
<Jan28-2022> <10:53:34>  Coordinates
<Jan28-2022> <10:53:34>     Atom         X           Y           Z   (Angstrom)
<Jan28-2022> <10:53:34>     1.Cl        0.000000    0.000000    0.000000
<Jan28-2022> <10:53:34>  >>>> CORORT
<Jan28-2022> <10:53:34>  >>>> CLSMAT
<Jan28-2022> <10:53:34>  >>>> ORTHON
<Jan28-2022> <10:53:34>  >>>> GENPT
<Jan28-2022> <10:53:34>  Block Length=  93
<Jan28-2022> <10:53:34>  >>>> PTBAS
<Jan28-2022> <10:53:34>  >>>> CYCLE
<Jan28-2022> <10:53:34>              |Error|         MaxErr       Wt(A-DIIS)
<Jan28-2022> <10:53:34>      1      0.00000000      0.00000000
<Jan28-2022> <10:53:34>      2     37.97178129     10.81368001    100.0
<Jan28-2022> <10:53:34>      3     20.81592691      7.10099309    100.0
<Jan28-2022> <10:53:34>      4      5.86634430      1.99760405    100.0
<Jan28-2022> <10:53:34>      5      3.97516517      1.71800842    100.0
<Jan28-2022> <10:53:34>      6      0.27245054      0.10336241    100.0
<Jan28-2022> <10:53:34>      7      0.22638168      0.09827309     98.3
<Jan28-2022> <10:53:34>      8      0.05690956      0.02098624     20.2
<Jan28-2022> <10:53:34>      9      0.00664419      0.00263308      1.6
<Jan28-2022> <10:53:34>     10      0.00015446      0.00006612      0.0
<Jan28-2022> <10:53:34>     11      0.00000385      0.00000160      0.0
<Jan28-2022> <10:53:35>     12      0.00000007      0.00000003      0.0
<Jan28-2022> <10:53:35>     13      0.00000000      0.00000000      0.0
<Jan28-2022> <10:53:35>  SCF converged
<Jan28-2022> <10:53:35>     14      0.00000000      0.00000000      0.0
<Jan28-2022> <10:53:35>  >>>> POPAN
<Jan28-2022> <10:53:35>  >>>> DEBYE
<Jan28-2022> <10:53:35>  *** GOStep1 ***
<Jan28-2022> <10:53:35>  >>>> FRAGM
<Jan28-2022> <10:53:36>  Coordinates
<Jan28-2022> <10:53:36>     Atom         X           Y           Z   (Angstrom)
<Jan28-2022> <10:53:36>     1.H         0.193697   -1.853611   -0.245162
<Jan28-2022> <10:53:36>     2.C        -0.920578   -0.122929    0.281838
<Jan28-2022> <10:53:36>     3.C         0.213684   -0.778464   -0.069585
<Jan28-2022> <10:53:36>     4.C         1.521684   -0.130599   -0.228054
<Jan28-2022> <10:53:36>     5.O         2.570844   -0.680222   -0.543138
<Jan28-2022> <10:53:36>     6.H        -0.931174    0.957499    0.373467
<Jan28-2022> <10:53:36>     7.H        -1.166779   -1.147952    3.012814
<Jan28-2022> <10:53:36>     8.H        -2.104965    0.457309    2.860416
<Jan28-2022> <10:53:36>     9.H        -0.247146    0.475465    3.025892
<Jan28-2022> <10:53:36>    10.C        -1.161974   -0.076751    2.852975
<Jan28-2022> <10:53:36>    11.C        -2.706178   -1.131981   -1.133075
<Jan28-2022> <10:53:36>    12.C        -2.277740   -0.850187    0.310242
<Jan28-2022> <10:53:36>    13.C        -3.298145    0.056233    1.005447
<Jan28-2022> <10:53:36>    14.C        -2.108576   -2.160550    1.085138
<Jan28-2022> <10:53:36>    15.H        -1.779935   -1.957381    2.104979
<Jan28-2022> <10:53:36>    16.H        -3.667289   -1.648476   -1.153788
<Jan28-2022> <10:53:36>    17.H        -1.965340   -1.757364   -1.632490
<Jan28-2022> <10:53:36>    18.H        -2.801934   -0.198356   -1.688534
<Jan28-2022> <10:53:36>    19.H        -4.275898   -0.426858    1.044854
<Jan28-2022> <10:53:36>    20.H        -3.397980    0.998047    0.464725
<Jan28-2022> <10:53:36>    21.H        -2.977702    0.274679    2.024739
<Jan28-2022> <10:53:36>    22.H        -3.052887   -2.705962    1.126786
<Jan28-2022> <10:53:36>    23.H        -1.363620   -2.793022    0.601010
<Jan28-2022> <10:53:36>    24.H         1.517415    0.923521   -0.044439
<Jan28-2022> <10:53:36>    25.Sn        3.936918    0.313962   -0.731395
<Jan28-2022> <10:53:36>    26.Cl        5.612465    0.713747    0.913171
<Jan28-2022> <10:53:36>    27.Cl        4.901485    1.410791   -2.612462
<Jan28-2022> <10:53:36>  >>>> CORORT
<Jan28-2022> <10:53:36>  >>>> CLSMAT
<Jan28-2022> <10:53:36>  >>>> ORTHON
<Jan28-2022> <10:53:36>  >>>> GENPT
<Jan28-2022> <10:53:37>  Block Length= 128
<Jan28-2022> <10:53:40>  >>>> PTBAS
<Jan28-2022> <10:55:06>  >>>> CYCLE
<Jan28-2022> <10:58:53>              |Error|         MaxErr       Wt(A-DIIS)
<Jan28-2022> <10:58:53>      1      8.88295509      0.57504287
<Jan28-2022> <11:02:05>      2      1.75113990      0.09361039    100.0
<Jan28-2022> <11:05:19>      3      0.93774428      0.06709579    100.0
<Jan28-2022> <11:08:43>      4      1.93443496      0.17130224    100.0
<Jan28-2022> <11:12:03>      5      0.78057275      0.05817618     57.8
<Jan28-2022> <11:15:22>      6      0.63198748      0.04530129     44.7
<Jan28-2022> <11:18:39>      7      0.40742291      0.03621674     35.6
<Jan28-2022> <11:21:54>      8      0.46547793      0.04409254    100.0
<Jan28-2022> <11:25:11>      9      0.40382309      0.02565725     24.9
<Jan28-2022> <11:28:25>     10      0.14343818      0.00918299      8.3
<Jan28-2022> <11:31:40>     11      0.10965375      0.00761461      6.7
<Jan28-2022> <11:34:58>     12      0.09064732      0.00574557      4.8
<Jan28-2022> <11:38:17>     13      0.07934621      0.00613911      4.8
<Jan28-2022> <11:41:35>     14      0.05133333      0.00363753      2.7
<Jan28-2022> <11:44:53>     15      0.04403291      0.00265046      1.7
