<Jan20-2022> <14:26:50>  AMS 2021.102  RunTime: Jan20-2022 14:26:50  ShM Nodes: 1  Procs: 1
<Jan20-2022> <14:26:50>  ADF 2021.102  RunTime: Jan20-2022 14:26:50  ShM Nodes: 1  Procs: 1
<Jan20-2022> <14:26:50>  *** (NO TITLE) ***
<Jan20-2022> <14:26:50>  Symmetry detected: C(S)
<Jan20-2022> <14:26:50>  Iteration 1
<Jan20-2022> <14:26:50>  DIRAC 2021.102  RunTime: Jan20-2022 14:26:50  ShM Nodes: 1  Procs: 1
<Jan20-2022> <14:26:51>  Carbon (TZ2P)
<Jan20-2022> <14:26:51>  Net Charge: 0 (Nuclei minus Electrons)
<Jan20-2022> <14:26:51>  Symmetry  : ATOM
<Jan20-2022> <14:26:51>  Coordinates
<Jan20-2022> <14:26:51>     Atom         X           Y           Z   (Angstrom)
<Jan20-2022> <14:26:51>     1.C         0.000000    0.000000    0.000000
<Jan20-2022> <14:26:51>  >>>> CORORT
<Jan20-2022> <14:26:51>  >>>> CLSMAT
<Jan20-2022> <14:26:51>  >>>> ORTHON
<Jan20-2022> <14:26:51>  >>>> GENPT
<Jan20-2022> <14:26:51>  Block Length=  72
<Jan20-2022> <14:26:51>  >>>> PTBAS
<Jan20-2022> <14:26:51>  >>>> CYCLE
<Jan20-2022> <14:26:51>              |Error|         MaxErr       Wt(A-DIIS)
<Jan20-2022> <14:26:51>      1      0.00000000      0.00000000
<Jan20-2022> <14:26:51>      2      4.48405934      3.32161898    100.0
<Jan20-2022> <14:26:51>      3      1.60718414      1.28408746    100.0
<Jan20-2022> <14:26:51>      4      0.76426456      0.62272052    100.0
<Jan20-2022> <14:26:51>      5      0.36119063      0.28553990    100.0
<Jan20-2022> <14:26:51>      6      0.14821424      0.11559867    100.0
<Jan20-2022> <14:26:51>      7      0.10108424      0.07867111     78.5
<Jan20-2022> <14:26:51>      8      0.01786531      0.01387049     13.0
<Jan20-2022> <14:26:51>      9      0.00195746      0.00153262      0.5
<Jan20-2022> <14:26:51>     10      0.00001058      0.00000730      0.0
<Jan20-2022> <14:26:51>     11      0.00000047      0.00000027      0.0
<Jan20-2022> <14:26:51>     12      0.00000003      0.00000002      0.0
<Jan20-2022> <14:26:51>     13      0.00000000      0.00000000      0.0
<Jan20-2022> <14:26:51>  SCF converged
<Jan20-2022> <14:26:51>     14      0.00000000      0.00000000      0.0
<Jan20-2022> <14:26:51>  >>>> POPAN
<Jan20-2022> <14:26:51>  >>>> DEBYE
<Jan20-2022> <14:26:51>  DIRAC 2021.102  RunTime: Jan20-2022 14:26:51  ShM Nodes: 1  Procs: 1
<Jan20-2022> <14:26:51>  Hydrogen (TZ2P)
<Jan20-2022> <14:26:51>  Net Charge: 0 (Nuclei minus Electrons)
<Jan20-2022> <14:26:51>  Symmetry  : ATOM
<Jan20-2022> <14:26:51>  Coordinates
<Jan20-2022> <14:26:51>     Atom         X           Y           Z   (Angstrom)
<Jan20-2022> <14:26:51>     1.H         0.000000    0.000000    0.000000
<Jan20-2022> <14:26:51>  >>>> CORORT
<Jan20-2022> <14:26:51>  >>>> CLSMAT
<Jan20-2022> <14:26:51>  >>>> ORTHON
<Jan20-2022> <14:26:51>  >>>> GENPT
<Jan20-2022> <14:26:51>  Block Length=  64
<Jan20-2022> <14:26:51>  >>>> PTBAS
<Jan20-2022> <14:26:51>  >>>> CYCLE
<Jan20-2022> <14:26:51>              |Error|         MaxErr       Wt(A-DIIS)
<Jan20-2022> <14:26:51>      1      0.00000000      0.00000000
<Jan20-2022> <14:26:51>      2      0.03080019      0.02591482
<Jan20-2022> <14:26:51>      3      0.01140383      0.01135775    100.0
<Jan20-2022> <14:26:51>      4      0.00327656      0.00327407      2.3
<Jan20-2022> <14:26:51>      5      0.00010041      0.00009754      0.0
<Jan20-2022> <14:26:51>      6      0.00000525      0.00000504      0.0
<Jan20-2022> <14:26:51>      7      0.00000007      0.00000007      0.0
<Jan20-2022> <14:26:51>      8      0.00000000      0.00000000      0.0
<Jan20-2022> <14:26:51>  SCF converged
<Jan20-2022> <14:26:51>      9      0.00000000      0.00000000      0.0
<Jan20-2022> <14:26:52>  >>>> POPAN
<Jan20-2022> <14:26:52>  >>>> DEBYE
<Jan20-2022> <14:26:52>  DIRAC 2021.102  RunTime: Jan20-2022 14:26:52  ShM Nodes: 1  Procs: 1
<Jan20-2022> <14:26:52>  Oxygen (TZ2P)
<Jan20-2022> <14:26:52>  Net Charge: 0 (Nuclei minus Electrons)
<Jan20-2022> <14:26:52>  Symmetry  : ATOM
<Jan20-2022> <14:26:52>  Coordinates
<Jan20-2022> <14:26:52>     Atom         X           Y           Z   (Angstrom)
<Jan20-2022> <14:26:52>     1.O         0.000000    0.000000    0.000000
<Jan20-2022> <14:26:52>  >>>> CORORT
<Jan20-2022> <14:26:52>  >>>> CLSMAT
<Jan20-2022> <14:26:52>  >>>> ORTHON
<Jan20-2022> <14:26:52>  >>>> GENPT
<Jan20-2022> <14:26:52>  Block Length=  68
<Jan20-2022> <14:26:52>  >>>> PTBAS
<Jan20-2022> <14:26:52>  >>>> CYCLE
<Jan20-2022> <14:26:52>              |Error|         MaxErr       Wt(A-DIIS)
<Jan20-2022> <14:26:52>      1      0.00000000      0.00000000
<Jan20-2022> <14:26:52>      2      8.77210307      5.53374266    100.0
<Jan20-2022> <14:26:52>      3      3.60058093      2.49154808    100.0
<Jan20-2022> <14:26:52>      4      1.20505529      0.62472425    100.0
<Jan20-2022> <14:26:52>      5      1.46502638      0.81213311    100.0
<Jan20-2022> <14:26:52>      6      0.15089362      0.09131786     91.2
<Jan20-2022> <14:26:52>      7      0.14397311      0.08251182     82.3
<Jan20-2022> <14:26:52>      8      0.00183259      0.00123681      0.2
<Jan20-2022> <14:26:52>      9      0.00015629      0.00008105      0.0
<Jan20-2022> <14:26:52>     10      0.00001324      0.00000629      0.0
<Jan20-2022> <14:26:52>     11      0.00000006      0.00000003      0.0
<Jan20-2022> <14:26:52>     12      0.00000000      0.00000000      0.0
<Jan20-2022> <14:26:52>  SCF converged
<Jan20-2022> <14:26:52>     13      0.00000000      0.00000000      0.0
<Jan20-2022> <14:26:52>  >>>> POPAN
<Jan20-2022> <14:26:52>  >>>> DEBYE
<Jan20-2022> <14:26:52>  DIRAC 2021.102  RunTime: Jan20-2022 14:26:52  ShM Nodes: 1  Procs: 1
<Jan20-2022> <14:26:52>  Fluorine (TZ2P)
<Jan20-2022> <14:26:52>  Net Charge: 0 (Nuclei minus Electrons)
<Jan20-2022> <14:26:52>  Symmetry  : ATOM
<Jan20-2022> <14:26:53>  Coordinates
<Jan20-2022> <14:26:53>     Atom         X           Y           Z   (Angstrom)
<Jan20-2022> <14:26:53>     1.F         0.000000    0.000000    0.000000
<Jan20-2022> <14:26:53>  >>>> CORORT
<Jan20-2022> <14:26:53>  >>>> CLSMAT
<Jan20-2022> <14:26:53>  >>>> ORTHON
<Jan20-2022> <14:26:53>  >>>> GENPT
<Jan20-2022> <14:26:53>  Block Length=  76
<Jan20-2022> <14:26:53>  >>>> PTBAS
<Jan20-2022> <14:26:53>  >>>> CYCLE
<Jan20-2022> <14:26:53>              |Error|         MaxErr       Wt(A-DIIS)
<Jan20-2022> <14:26:53>      1      0.00000000      0.00000000
<Jan20-2022> <14:26:53>      2     11.39970762      4.85721148    100.0
<Jan20-2022> <14:26:53>      3      5.17310012      3.16632108    100.0
<Jan20-2022> <14:26:53>      4      1.04882283      0.49392043    100.0
<Jan20-2022> <14:26:53>      5      1.72142161      0.84736739    100.0
<Jan20-2022> <14:26:53>      6      0.21842580      0.10780687    100.0
<Jan20-2022> <14:26:53>      7      0.28524155      0.13554881    100.0
<Jan20-2022> <14:26:53>      8      0.02856437      0.01389479     13.0
<Jan20-2022> <14:26:53>      9      0.00489297      0.00234741      1.4
<Jan20-2022> <14:26:53>     10      0.00009261      0.00004462      0.0
<Jan20-2022> <14:26:53>     11      0.00000010      0.00000005      0.0
<Jan20-2022> <14:26:53>     12      0.00000000      0.00000000      0.0
<Jan20-2022> <14:26:53>  SCF converged
<Jan20-2022> <14:26:53>     13      0.00000000      0.00000000      0.0
<Jan20-2022> <14:26:53>  >>>> POPAN
<Jan20-2022> <14:26:53>  >>>> DEBYE
<Jan20-2022> <14:26:53>  *** GOStep1 ***
<Jan20-2022> <14:26:53>  >>>> FRAGM
<Jan20-2022> <14:26:53>  Coordinates
<Jan20-2022> <14:26:53>     Atom         X           Y           Z   (Angstrom)
<Jan20-2022> <14:26:53>     1.C         0.312247    0.445199    0.000000
<Jan20-2022> <14:26:53>     2.C         0.983914   -0.714308    0.000000
<Jan20-2022> <14:26:53>     3.H         0.458423   -1.668047    0.000000
<Jan20-2022> <14:26:53>     4.C        -1.162784    0.485254    0.000000
<Jan20-2022> <14:26:53>     5.H         0.823132    1.407065    0.000000
<Jan20-2022> <14:26:53>     6.O        -1.824058    1.507291    0.000000
<Jan20-2022> <14:26:53>     7.F         2.393057   -0.763447    0.000000
<Jan20-2022> <14:26:53>     8.F        -1.785712   -0.779681    0.000000
<Jan20-2022> <14:26:53>  >>>> CORORT
<Jan20-2022> <14:26:53>  >>>> CLSMAT
<Jan20-2022> <14:26:53>  >>>> ORTHON
<Jan20-2022> <14:26:53>  >>>> GENPT
<Jan20-2022> <14:26:53>  Block Length= 128
<Jan20-2022> <14:26:54>  >>>> PTBAS
<Jan20-2022> <14:27:02>  >>>> CYCLE
<Jan20-2022> <14:27:20>              |Error|         MaxErr       Wt(A-DIIS)
<Jan20-2022> <14:27:20>      1      4.95653393      1.03903700
<Jan20-2022> <14:27:34>      2      0.88388746      0.19447630    100.0
<Jan20-2022> <14:27:49>      3      0.38733154      0.06222519    100.0
<Jan20-2022> <14:28:03>      4      0.62921724      0.14650549    100.0
<Jan20-2022> <14:28:18>      5      0.19308462      0.03777229     37.1
<Jan20-2022> <14:28:32>      6      0.25095752      0.06486692    100.0
<Jan20-2022> <14:28:46>      7      0.06281780      0.01400168     13.1
<Jan20-2022> <14:29:00>      8      0.01978663      0.00467983      3.7
<Jan20-2022> <14:29:15>      9      0.00362127      0.00073231      0.0
<Jan20-2022> <14:29:29>     10      0.00123715      0.00031766      0.0
<Jan20-2022> <14:29:43>     11      0.00027301      0.00006505      0.0
<Jan20-2022> <14:29:58>     12      0.00012078      0.00003004      0.0
<Jan20-2022> <14:30:13>     13      0.00001440      0.00000306      0.0
<Jan20-2022> <14:30:27>     14      0.00000209      0.00000030      0.0
<Jan20-2022> <14:30:31>  SCF converged
<Jan20-2022> <14:30:40>     15      0.00000052      0.00000007      0.0
<Jan20-2022> <14:30:45>  >>>> TOTEN
<Jan20-2022> <14:31:05>  >>>> POPAN
<Jan20-2022> <14:31:05>  >>>> DEBYE
<Jan20-2022> <14:31:05>  >>>> ENGRAD
<Jan20-2022> <14:31:41>  current energy                               -1.72619068 Hartree
<Jan20-2022> <14:31:41>  energy change                      -1.72619068     0.00008000    F
<Jan20-2022> <14:31:41>  constrained gradient max            0.09344732     0.00100000    F
<Jan20-2022> <14:31:41>  constrained gradient rms            0.03087678     0.00066667    F
<Jan20-2022> <14:31:41>  gradient max                        0.09344732
<Jan20-2022> <14:31:41>  gradient rms                        0.03087678
<Jan20-2022> <14:31:41>  cart. step max                      0.06332689     0.01000000    F
<Jan20-2022> <14:31:41>  cart. step rms                      0.02124519     0.00666667    F
<Jan20-2022> <14:31:41>  Iteration 2
<Jan20-2022> <14:31:41>  *** GOStep2 ***
<Jan20-2022> <14:31:41>  >>>> FRAGM
<Jan20-2022> <14:31:42>  Coordinates
<Jan20-2022> <14:31:42>     Atom         X           Y           Z   (Angstrom)
<Jan20-2022> <14:31:42>     1.C         0.308460    0.442044    0.000000
<Jan20-2022> <14:31:42>     2.C         0.969626   -0.718867    0.000000
<Jan20-2022> <14:31:42>     3.H         0.504175   -1.700439    0.000000
<Jan20-2022> <14:31:42>     4.C        -1.155918    0.507512    0.000000
<Jan20-2022> <14:31:42>     5.H         0.822614    1.398646    0.000000
<Jan20-2022> <14:31:42>     6.O        -1.823810    1.484127    0.000000
<Jan20-2022> <14:31:42>     7.F         2.329731   -0.749083    0.000000
<Jan20-2022> <14:31:42>     8.F        -1.756658   -0.744614    0.000000
<Jan20-2022> <14:31:42>  >>>> CORORT
<Jan20-2022> <14:31:42>  >>>> CLSMAT
<Jan20-2022> <14:31:42>  >>>> ORTHON
<Jan20-2022> <14:31:42>  >>>> GENPT
<Jan20-2022> <14:31:42>  Block Length= 128
<Jan20-2022> <14:31:42>  >>>> PTBAS
<Jan20-2022> <14:31:51>  >>>> CYCLE
<Jan20-2022> <14:32:00>  using orbital data from restart file
<Jan20-2022> <14:32:10>              |Error|         MaxErr       Wt(A-DIIS)
<Jan20-2022> <14:32:10>      1      0.25842310      0.08041430
<Jan20-2022> <14:32:24>      2      0.06887666      0.01218852    100.0
<Jan20-2022> <14:32:39>      3      0.03349528      0.00708464    100.0
<Jan20-2022> <14:32:53>      4      0.04976311      0.00873455    100.0
<Jan20-2022> <14:33:07>      5      0.00883966      0.00158015      0.6
<Jan20-2022> <14:33:22>      6      0.00302740      0.00072291      0.0
<Jan20-2022> <14:33:37>      7      0.00114551      0.00021659      0.0
<Jan20-2022> <14:33:51>      8      0.00037570      0.00008499      0.0
<Jan20-2022> <14:34:05>      9      0.00008683      0.00001326      0.0
<Jan20-2022> <14:34:19>     10      0.00001806      0.00000254      0.0
<Jan20-2022> <14:34:34>     11      0.00000419      0.00000089      0.0
<Jan20-2022> <14:34:38>  SCF converged
<Jan20-2022> <14:34:48>     12      0.00000279      0.00000075      0.0
<Jan20-2022> <14:34:53>  >>>> TOTEN
<Jan20-2022> <14:35:13>  >>>> POPAN
<Jan20-2022> <14:35:13>  >>>> DEBYE
<Jan20-2022> <14:35:14>  >>>> ENGRAD
<Jan20-2022> <14:35:48>  current energy                               -1.73225867 Hartree
<Jan20-2022> <14:35:48>  energy change                      -0.00606799     0.00008000    F
<Jan20-2022> <14:35:48>  constrained gradient max            0.03259058     0.00100000    F
<Jan20-2022> <14:35:48>  constrained gradient rms            0.01299096     0.00066667    F
<Jan20-2022> <14:35:48>  gradient max                        0.03259058
<Jan20-2022> <14:35:48>  gradient rms                        0.01299096
<Jan20-2022> <14:35:48>  cart. step max                      0.03433981     0.01000000    F
<Jan20-2022> <14:35:48>  cart. step rms                      0.01110775     0.00666667    F
<Jan20-2022> <14:35:48>  Iteration 3
<Jan20-2022> <14:35:49>  *** GOStep3 ***
<Jan20-2022> <14:35:49>  >>>> FRAGM
<Jan20-2022> <14:35:49>  Coordinates
<Jan20-2022> <14:35:49>     Atom         X           Y           Z   (Angstrom)
<Jan20-2022> <14:35:49>     1.C         0.303919    0.435887    0.000000
<Jan20-2022> <14:35:49>     2.C         0.971385   -0.722175    0.000000
<Jan20-2022> <14:35:49>     3.H         0.538515   -1.717328    0.000000
<Jan20-2022> <14:35:49>     4.C        -1.157708    0.516139    0.000000
<Jan20-2022> <14:35:49>     5.H         0.823082    1.388288    0.000000
<Jan20-2022> <14:35:49>     6.O        -1.838245    1.499279    0.000000
<Jan20-2022> <14:35:49>     7.F         2.305035   -0.746392    0.000000
<Jan20-2022> <14:35:49>     8.F        -1.747764   -0.734373    0.000000
<Jan20-2022> <14:35:49>  >>>> CORORT
<Jan20-2022> <14:35:49>  >>>> CLSMAT
<Jan20-2022> <14:35:49>  >>>> ORTHON
<Jan20-2022> <14:35:49>  >>>> GENPT
<Jan20-2022> <14:35:49>  Block Length= 128
<Jan20-2022> <14:35:50>  >>>> PTBAS
<Jan20-2022> <14:35:57>  >>>> CYCLE
<Jan20-2022> <14:36:07>  using orbital data from restart file
<Jan20-2022> <14:36:17>              |Error|         MaxErr       Wt(A-DIIS)
<Jan20-2022> <14:36:17>      1      0.12111783      0.04174576
<Jan20-2022> <14:36:32>      2      0.04641003      0.01186413    100.0
<Jan20-2022> <14:36:46>      3      0.01488728      0.00293247    100.0
<Jan20-2022> <14:37:01>      4      0.02939869      0.00804704    100.0
<Jan20-2022> <14:37:16>      5      0.00615215      0.00112723      0.1
<Jan20-2022> <14:37:30>      6      0.00182289      0.00032046      0.0
<Jan20-2022> <14:37:44>      7      0.00040949      0.00007677      0.0
<Jan20-2022> <14:37:58>      8      0.00014835      0.00003217      0.0
<Jan20-2022> <14:38:12>      9      0.00002722      0.00000585      0.0
<Jan20-2022> <14:38:27>     10      0.00000601      0.00000114      0.0
<Jan20-2022> <14:38:42>     11      0.00000136      0.00000031      0.0
<Jan20-2022> <14:38:46>  SCF converged
<Jan20-2022> <14:38:56>     12      0.00000070      0.00000019      0.0
<Jan20-2022> <14:39:01>  >>>> TOTEN
<Jan20-2022> <14:39:21>  >>>> POPAN
<Jan20-2022> <14:39:21>  >>>> DEBYE
<Jan20-2022> <14:39:21>  >>>> ENGRAD
<Jan20-2022> <14:39:56>  current energy                               -1.73293441 Hartree
<Jan20-2022> <14:39:56>  energy change                      -0.00067574     0.00008000    F
<Jan20-2022> <14:39:56>  constrained gradient max            0.00892312     0.00100000    F
<Jan20-2022> <14:39:56>  constrained gradient rms            0.00282769     0.00066667    F
<Jan20-2022> <14:39:56>  gradient max                        0.00892312
<Jan20-2022> <14:39:56>  gradient rms                        0.00282769
<Jan20-2022> <14:39:56>  cart. step max                      0.01096003     0.01000000    F
<Jan20-2022> <14:39:56>  cart. step rms                      0.00309115     0.00666667    T
<Jan20-2022> <14:39:56>  Iteration 4
<Jan20-2022> <14:39:56>  *** GOStep4 ***
<Jan20-2022> <14:39:56>  >>>> FRAGM
<Jan20-2022> <14:39:56>  Coordinates
<Jan20-2022> <14:39:56>     Atom         X           Y           Z   (Angstrom)
<Jan20-2022> <14:39:56>     1.C         0.301477    0.435156    0.000000
<Jan20-2022> <14:39:56>     2.C         0.974484   -0.721259    0.000000
<Jan20-2022> <14:39:56>     3.H         0.538894   -1.715945    0.000000
<Jan20-2022> <14:39:56>     4.C        -1.159651    0.513302    0.000000
<Jan20-2022> <14:39:56>     5.H         0.823074    1.386737    0.000000
<Jan20-2022> <14:39:56>     6.O        -1.833022    1.499220    0.000000
<Jan20-2022> <14:39:56>     7.F         2.311686   -0.744553    0.000000
<Jan20-2022> <14:39:56>     8.F        -1.758724   -0.733333    0.000000
<Jan20-2022> <14:39:56>  >>>> CORORT
<Jan20-2022> <14:39:56>  >>>> CLSMAT
<Jan20-2022> <14:39:56>  >>>> ORTHON
<Jan20-2022> <14:39:56>  >>>> GENPT
<Jan20-2022> <14:39:56>  Block Length= 128
<Jan20-2022> <14:39:57>  >>>> PTBAS
<Jan20-2022> <14:40:05>  >>>> CYCLE
<Jan20-2022> <14:40:15>  using orbital data from restart file
<Jan20-2022> <14:40:25>              |Error|         MaxErr       Wt(A-DIIS)
<Jan20-2022> <14:40:25>      1      0.02834758      0.00954363
<Jan20-2022> <14:40:39>      2      0.00787052      0.00212311    100.0
<Jan20-2022> <14:40:54>      3      0.02018523      0.00583809    100.0
<Jan20-2022> <14:41:08>      4      0.00597923      0.00155286      0.6
<Jan20-2022> <14:41:22>      5      0.00109248      0.00024498      0.0
<Jan20-2022> <14:41:36>      6      0.00046285      0.00009052      0.0
<Jan20-2022> <14:41:51>      7      0.00009334      0.00002067      0.0
<Jan20-2022> <14:42:05>      8      0.00002621      0.00000521      0.0
<Jan20-2022> <14:42:20>      9      0.00000292      0.00000049      0.0
<Jan20-2022> <14:42:24>  SCF converged
<Jan20-2022> <14:42:34>     10      0.00000096      0.00000025      0.0
<Jan20-2022> <14:42:39>  >>>> TOTEN
<Jan20-2022> <14:42:59>  >>>> POPAN
<Jan20-2022> <14:42:59>  >>>> DEBYE
<Jan20-2022> <14:42:59>  >>>> ENGRAD
<Jan20-2022> <14:43:33>  current energy                               -1.73299479 Hartree
<Jan20-2022> <14:43:33>  energy change                      -0.00006037     0.00008000    T
<Jan20-2022> <14:43:33>  constrained gradient max            0.00355872     0.00100000    F
<Jan20-2022> <14:43:33>  constrained gradient rms            0.00100173     0.00066667    F
<Jan20-2022> <14:43:33>  gradient max                        0.00355872
<Jan20-2022> <14:43:33>  gradient rms                        0.00100173
<Jan20-2022> <14:43:33>  cart. step max                      0.00167716     0.01000000    T
<Jan20-2022> <14:43:33>  cart. step rms                      0.00072872     0.00666667    T
<Jan20-2022> <14:43:33>  Iteration 5
<Jan20-2022> <14:43:33>  *** GOStep5 ***
<Jan20-2022> <14:43:33>  >>>> FRAGM
<Jan20-2022> <14:43:33>  Coordinates
<Jan20-2022> <14:43:33>     Atom         X           Y           Z   (Angstrom)
<Jan20-2022> <14:43:33>     1.C         0.299934    0.434719    0.000000
<Jan20-2022> <14:43:33>     2.C         0.974733   -0.720780    0.000000
<Jan20-2022> <14:43:33>     3.H         0.538651   -1.715685    0.000000
<Jan20-2022> <14:43:33>     4.C        -1.160153    0.512534    0.000000
<Jan20-2022> <14:43:33>     5.H         0.824205    1.385075    0.000000
<Jan20-2022> <14:43:33>     6.O        -1.831750    1.499662    0.000000
<Jan20-2022> <14:43:33>     7.F         2.311804   -0.742875    0.000000
<Jan20-2022> <14:43:33>     8.F        -1.759204   -0.733322    0.000000
<Jan20-2022> <14:43:33>  >>>> CORORT
<Jan20-2022> <14:43:33>  >>>> CLSMAT
<Jan20-2022> <14:43:33>  >>>> ORTHON
<Jan20-2022> <14:43:33>  >>>> GENPT
<Jan20-2022> <14:43:34>  Block Length= 128
<Jan20-2022> <14:43:34>  >>>> PTBAS
<Jan20-2022> <14:43:43>  >>>> CYCLE
<Jan20-2022> <14:43:53>  using orbital data from restart file
<Jan20-2022> <14:44:02>              |Error|         MaxErr       Wt(A-DIIS)
<Jan20-2022> <14:44:02>      1      0.00725200      0.00278651
<Jan20-2022> <14:44:17>      2      0.00193849      0.00047671    100.0
<Jan20-2022> <14:44:31>      3      0.00071338      0.00011777    100.0
<Jan20-2022> <14:44:45>      4      0.00127625      0.00028457      0.0
<Jan20-2022> <14:45:00>      5      0.00028718      0.00005392      0.0
<Jan20-2022> <14:45:13>      6      0.00010887      0.00003261      0.0
<Jan20-2022> <14:45:27>      7      0.00002717      0.00000671      0.0
<Jan20-2022> <14:45:42>      8      0.00000906      0.00000214      0.0
<Jan20-2022> <14:45:56>      9      0.00000136      0.00000017      0.0
<Jan20-2022> <14:46:00>  SCF converged
<Jan20-2022> <14:46:06>     10      0.00000037      0.00000008      0.0
<Jan20-2022> <14:46:09>  >>>> TOTEN
<Jan20-2022> <14:46:21>  >>>> POPAN
<Jan20-2022> <14:46:21>  >>>> DEBYE
<Jan20-2022> <14:46:21>  >>>> ENGRAD
<Jan20-2022> <14:46:41>  current energy                               -1.73300084 Hartree
<Jan20-2022> <14:46:41>  energy change                      -0.00000606     0.00008000    T
<Jan20-2022> <14:46:41>  constrained gradient max            0.00113492     0.00100000    F
<Jan20-2022> <14:46:41>  constrained gradient rms            0.00043013     0.00066667    T
<Jan20-2022> <14:46:41>  gradient max                        0.00113492
<Jan20-2022> <14:46:41>  gradient rms                        0.00043013
<Jan20-2022> <14:46:41>  cart. step max                      0.00121455     0.01000000    T
<Jan20-2022> <14:46:41>  cart. step rms                      0.00046762     0.00666667    T
<Jan20-2022> <14:46:41>  Iteration 6
<Jan20-2022> <14:46:41>  *** GOStep6 ***
<Jan20-2022> <14:46:41>  >>>> FRAGM
<Jan20-2022> <14:46:41>  Coordinates
<Jan20-2022> <14:46:41>     Atom         X           Y           Z   (Angstrom)
<Jan20-2022> <14:46:41>     1.C         0.299195    0.434395    0.000000
<Jan20-2022> <14:46:41>     2.C         0.974871   -0.720716    0.000000
<Jan20-2022> <14:46:41>     3.H         0.538942   -1.715873    0.000000
<Jan20-2022> <14:46:41>     4.C        -1.160346    0.512369    0.000000
<Jan20-2022> <14:46:41>     5.H         0.825288    1.383860    0.000000
<Jan20-2022> <14:46:41>     6.O        -1.831921    1.499814    0.000000
<Jan20-2022> <14:46:41>     7.F         2.311614   -0.741721    0.000000
<Jan20-2022> <14:46:41>     8.F        -1.759423   -0.732801    0.000000
<Jan20-2022> <14:46:41>  >>>> CORORT
<Jan20-2022> <14:46:41>  >>>> CLSMAT
<Jan20-2022> <14:46:41>  >>>> ORTHON
<Jan20-2022> <14:46:41>  >>>> GENPT
<Jan20-2022> <14:46:42>  Block Length= 128
<Jan20-2022> <14:46:42>  >>>> PTBAS
<Jan20-2022> <14:46:47>  >>>> CYCLE
<Jan20-2022> <14:46:53>  using orbital data from restart file
<Jan20-2022> <14:46:59>              |Error|         MaxErr       Wt(A-DIIS)
<Jan20-2022> <14:46:59>      1      0.00391707      0.00094790
<Jan20-2022> <14:47:06>      2      0.00129718      0.00034894    100.0
<Jan20-2022> <14:47:14>      3      0.00039237      0.00006957    100.0
<Jan20-2022> <14:47:23>      4      0.00067724      0.00018149      0.0
<Jan20-2022> <14:47:31>      5      0.00013561      0.00002260      0.0
<Jan20-2022> <14:47:39>      6      0.00002761      0.00000647      0.0
<Jan20-2022> <14:47:47>      7      0.00001211      0.00000341      0.0
<Jan20-2022> <14:47:55>      8      0.00000426      0.00000112      0.0
<Jan20-2022> <14:48:04>      9      0.00000080      0.00000015      0.0
<Jan20-2022> <14:48:06>  SCF converged
<Jan20-2022> <14:48:12>     10      0.00000020      0.00000003      0.0
<Jan20-2022> <14:48:15>  >>>> TOTEN
<Jan20-2022> <14:48:27>  >>>> POPAN
<Jan20-2022> <14:48:27>  >>>> DEBYE
<Jan20-2022> <14:48:27>  >>>> ENGRAD
<Jan20-2022> <14:48:47>  current energy                               -1.73300169 Hartree
<Jan20-2022> <14:48:47>  energy change                      -0.00000085     0.00008000    T
<Jan20-2022> <14:48:47>  constrained gradient max            0.00009734     0.00100000    T
<Jan20-2022> <14:48:47>  constrained gradient rms            0.00004567     0.00066667    T
<Jan20-2022> <14:48:47>  gradient max                        0.00009734
<Jan20-2022> <14:48:47>  gradient rms                        0.00004567
<Jan20-2022> <14:48:47>  cart. step max                      0.00026906     0.01000000    T
<Jan20-2022> <14:48:47>  cart. step rms                      0.00009179     0.00666667    T
<Jan20-2022> <14:48:47>  Geometry optimization converged
<Jan20-2022> <14:48:47>  *** adf ***
<Jan20-2022> <14:48:47>  Net Charge: 0 (Nuclei minus Electrons)
<Jan20-2022> <14:48:47>  Symmetry  : NOSYM
<Jan20-2022> <14:48:47>  >>>> FRAGM
<Jan20-2022> <14:48:47>  Coordinates
<Jan20-2022> <14:48:47>     Atom         X           Y           Z   (Angstrom)
<Jan20-2022> <14:48:47>     1.C         0.299195    0.434395    0.000000
<Jan20-2022> <14:48:47>     2.C         0.974871   -0.720716    0.000000
<Jan20-2022> <14:48:47>     3.H         0.538942   -1.715873    0.000000
<Jan20-2022> <14:48:47>     4.C        -1.160346    0.512369    0.000000
<Jan20-2022> <14:48:47>     5.H         0.825288    1.383860    0.000000
<Jan20-2022> <14:48:47>     6.O        -1.831921    1.499814    0.000000
<Jan20-2022> <14:48:47>     7.F         2.311614   -0.741721    0.000000
<Jan20-2022> <14:48:47>     8.F        -1.759423   -0.732801    0.000000
<Jan20-2022> <14:48:47>  >>>> CORORT
<Jan20-2022> <14:48:47>  >>>> CLSMAT
<Jan20-2022> <14:48:47>  >>>> ORTHON
<Jan20-2022> <14:48:47>  >>>> GENPT
<Jan20-2022> <14:48:47>  Block Length= 128
<Jan20-2022> <14:48:48>  >>>> PTBAS
<Jan20-2022> <14:48:53>  >>>> CYCLE
<Jan20-2022> <14:48:58>  using orbital data from restart file
<Jan20-2022> <14:49:04>              |Error|         MaxErr       Wt(A-DIIS)
<Jan20-2022> <14:49:04>      1      0.00000003      0.00000001
<Jan20-2022> <14:49:12>      2      0.00000003      0.00000001    100.0
<Jan20-2022> <14:49:15>  SCF converged
<Jan20-2022> <14:49:21>      3      0.00000001      0.00000000    100.0
<Jan20-2022> <14:49:28>  >>>> TOTEN
<Jan20-2022> <14:49:49>  >>>> POPAN
<Jan20-2022> <14:49:49>  >>>> DEBYE
<Jan20-2022> <14:49:49>  >>>> AMETS
<Jan20-2022> <14:49:49>   Bond Energy          -1.73300169 a.u.
<Jan20-2022> <14:49:49>   Bond Energy         -47.15737548 eV
<Jan20-2022> <14:49:49>   Bond Energy       -1087.48       kcal/mol
<Jan20-2022> <14:49:49>  >>>> POPUL
<Jan20-2022> <14:49:49>  >>>> ENGRAD
<Jan20-2022> <14:50:09>  >>>> ENHESS
<Jan20-2022> <14:50:14>  === NUCLEUS:     1
<Jan20-2022> <14:55:04>  === NUCLEUS:     2
<Jan20-2022> <15:01:04>  === NUCLEUS:     3
<Jan20-2022> <15:07:12>  === NUCLEUS:     4
<Jan20-2022> <15:12:56>  === NUCLEUS:     5
<Jan20-2022> <15:18:40>  === NUCLEUS:     6
<Jan20-2022> <15:24:46>  === NUCLEUS:     7
<Jan20-2022> <15:30:36>  === NUCLEUS:     8
<Jan20-2022> <15:35:16>  >>>> CALC_HESS_PMAT
<Jan20-2022> <15:36:05>  >>>> CALC_HESS_WMAT
<Jan20-2022> <15:36:12>  PES point character: Geometry corresponds to a local minimum on the PES.
<Jan20-2022> <15:36:12>  Geometry optimization successful!
<Jan20-2022> <15:36:12>  NORMAL TERMINATION
