<Jan20-2022> <13:33:50>  AMS 2021.102  RunTime: Jan20-2022 13:33:50  ShM Nodes: 1  Procs: 1
<Jan20-2022> <13:33:51>  ADF 2021.102  RunTime: Jan20-2022 13:33:51  ShM Nodes: 1  Procs: 1
<Jan20-2022> <13:33:51>  *** (NO TITLE) ***
<Jan20-2022> <13:33:51>  Iteration 1
<Jan20-2022> <13:33:51>  DIRAC 2021.102  RunTime: Jan20-2022 13:33:51  ShM Nodes: 1  Procs: 1
<Jan20-2022> <13:33:51>  Carbon (TZ2P)
<Jan20-2022> <13:33:51>  Net Charge: 0 (Nuclei minus Electrons)
<Jan20-2022> <13:33:51>  Symmetry  : ATOM
<Jan20-2022> <13:33:51>  Coordinates
<Jan20-2022> <13:33:51>     Atom         X           Y           Z   (Angstrom)
<Jan20-2022> <13:33:51>     1.C         0.000000    0.000000    0.000000
<Jan20-2022> <13:33:51>  >>>> CORORT
<Jan20-2022> <13:33:51>  >>>> CLSMAT
<Jan20-2022> <13:33:51>  >>>> ORTHON
<Jan20-2022> <13:33:51>  >>>> GENPT
<Jan20-2022> <13:33:51>  Block Length=  72
<Jan20-2022> <13:33:51>  >>>> PTBAS
<Jan20-2022> <13:33:51>  >>>> CYCLE
<Jan20-2022> <13:33:51>              |Error|         MaxErr       Wt(A-DIIS)
<Jan20-2022> <13:33:51>      1      0.00000000      0.00000000
<Jan20-2022> <13:33:51>      2      4.48405934      3.32161898    100.0
<Jan20-2022> <13:33:51>      3      1.60718414      1.28408746    100.0
<Jan20-2022> <13:33:51>      4      0.76426456      0.62272052    100.0
<Jan20-2022> <13:33:51>      5      0.36119063      0.28553990    100.0
<Jan20-2022> <13:33:51>      6      0.14821424      0.11559867    100.0
<Jan20-2022> <13:33:51>      7      0.10108424      0.07867111     78.5
<Jan20-2022> <13:33:51>      8      0.01786531      0.01387049     13.0
<Jan20-2022> <13:33:51>      9      0.00195746      0.00153262      0.5
<Jan20-2022> <13:33:51>     10      0.00001058      0.00000730      0.0
<Jan20-2022> <13:33:51>     11      0.00000047      0.00000027      0.0
<Jan20-2022> <13:33:51>     12      0.00000003      0.00000002      0.0
<Jan20-2022> <13:33:51>     13      0.00000000      0.00000000      0.0
<Jan20-2022> <13:33:51>  SCF converged
<Jan20-2022> <13:33:51>     14      0.00000000      0.00000000      0.0
<Jan20-2022> <13:33:51>  >>>> POPAN
<Jan20-2022> <13:33:51>  >>>> DEBYE
<Jan20-2022> <13:33:51>  DIRAC 2021.102  RunTime: Jan20-2022 13:33:51  ShM Nodes: 1  Procs: 1
<Jan20-2022> <13:33:52>  Hydrogen (TZ2P)
<Jan20-2022> <13:33:52>  Net Charge: 0 (Nuclei minus Electrons)
<Jan20-2022> <13:33:52>  Symmetry  : ATOM
<Jan20-2022> <13:33:52>  Coordinates
<Jan20-2022> <13:33:52>     Atom         X           Y           Z   (Angstrom)
<Jan20-2022> <13:33:52>     1.H         0.000000    0.000000    0.000000
<Jan20-2022> <13:33:52>  >>>> CORORT
<Jan20-2022> <13:33:52>  >>>> CLSMAT
<Jan20-2022> <13:33:52>  >>>> ORTHON
<Jan20-2022> <13:33:52>  >>>> GENPT
<Jan20-2022> <13:33:52>  Block Length=  64
<Jan20-2022> <13:33:52>  >>>> PTBAS
<Jan20-2022> <13:33:52>  >>>> CYCLE
<Jan20-2022> <13:33:52>              |Error|         MaxErr       Wt(A-DIIS)
<Jan20-2022> <13:33:52>      1      0.00000000      0.00000000
<Jan20-2022> <13:33:52>      2      0.03080019      0.02591482
<Jan20-2022> <13:33:52>      3      0.01140383      0.01135775    100.0
<Jan20-2022> <13:33:52>      4      0.00327656      0.00327407      2.3
<Jan20-2022> <13:33:52>      5      0.00010041      0.00009754      0.0
<Jan20-2022> <13:33:52>      6      0.00000525      0.00000504      0.0
<Jan20-2022> <13:33:52>      7      0.00000007      0.00000007      0.0
<Jan20-2022> <13:33:52>      8      0.00000000      0.00000000      0.0
<Jan20-2022> <13:33:52>  SCF converged
<Jan20-2022> <13:33:52>      9      0.00000000      0.00000000      0.0
<Jan20-2022> <13:33:52>  >>>> POPAN
<Jan20-2022> <13:33:52>  >>>> DEBYE
<Jan20-2022> <13:33:52>  DIRAC 2021.102  RunTime: Jan20-2022 13:33:52  ShM Nodes: 1  Procs: 1
<Jan20-2022> <13:33:52>  Oxygen (TZ2P)
<Jan20-2022> <13:33:52>  Net Charge: 0 (Nuclei minus Electrons)
<Jan20-2022> <13:33:52>  Symmetry  : ATOM
<Jan20-2022> <13:33:52>  Coordinates
<Jan20-2022> <13:33:52>     Atom         X           Y           Z   (Angstrom)
<Jan20-2022> <13:33:52>     1.O         0.000000    0.000000    0.000000
<Jan20-2022> <13:33:52>  >>>> CORORT
<Jan20-2022> <13:33:52>  >>>> CLSMAT
<Jan20-2022> <13:33:52>  >>>> ORTHON
<Jan20-2022> <13:33:52>  >>>> GENPT
<Jan20-2022> <13:33:52>  Block Length=  68
<Jan20-2022> <13:33:52>  >>>> PTBAS
<Jan20-2022> <13:33:52>  >>>> CYCLE
<Jan20-2022> <13:33:52>              |Error|         MaxErr       Wt(A-DIIS)
<Jan20-2022> <13:33:52>      1      0.00000000      0.00000000
<Jan20-2022> <13:33:52>      2      8.77210307      5.53374266    100.0
<Jan20-2022> <13:33:52>      3      3.60058093      2.49154808    100.0
<Jan20-2022> <13:33:53>      4      1.20505529      0.62472425    100.0
<Jan20-2022> <13:33:53>      5      1.46502638      0.81213311    100.0
<Jan20-2022> <13:33:53>      6      0.15089362      0.09131786     91.2
<Jan20-2022> <13:33:53>      7      0.14397311      0.08251182     82.3
<Jan20-2022> <13:33:53>      8      0.00183259      0.00123681      0.2
<Jan20-2022> <13:33:53>      9      0.00015629      0.00008105      0.0
<Jan20-2022> <13:33:53>     10      0.00001324      0.00000629      0.0
<Jan20-2022> <13:33:53>     11      0.00000006      0.00000003      0.0
<Jan20-2022> <13:33:53>     12      0.00000000      0.00000000      0.0
<Jan20-2022> <13:33:53>  SCF converged
<Jan20-2022> <13:33:53>     13      0.00000000      0.00000000      0.0
<Jan20-2022> <13:33:53>  >>>> POPAN
<Jan20-2022> <13:33:53>  >>>> DEBYE
<Jan20-2022> <13:33:53>  DIRAC 2021.102  RunTime: Jan20-2022 13:33:53  ShM Nodes: 1  Procs: 1
<Jan20-2022> <13:33:53>  Fluorine (TZ2P)
<Jan20-2022> <13:33:53>  Net Charge: 0 (Nuclei minus Electrons)
<Jan20-2022> <13:33:53>  Symmetry  : ATOM
<Jan20-2022> <13:33:53>  Coordinates
<Jan20-2022> <13:33:53>     Atom         X           Y           Z   (Angstrom)
<Jan20-2022> <13:33:53>     1.F         0.000000    0.000000    0.000000
<Jan20-2022> <13:33:53>  >>>> CORORT
<Jan20-2022> <13:33:53>  >>>> CLSMAT
<Jan20-2022> <13:33:53>  >>>> ORTHON
<Jan20-2022> <13:33:53>  >>>> GENPT
<Jan20-2022> <13:33:53>  Block Length=  76
<Jan20-2022> <13:33:53>  >>>> PTBAS
<Jan20-2022> <13:33:53>  >>>> CYCLE
<Jan20-2022> <13:33:53>              |Error|         MaxErr       Wt(A-DIIS)
<Jan20-2022> <13:33:53>      1      0.00000000      0.00000000
<Jan20-2022> <13:33:53>      2     11.39970762      4.85721148    100.0
<Jan20-2022> <13:33:53>      3      5.17310012      3.16632108    100.0
<Jan20-2022> <13:33:53>      4      1.04882283      0.49392043    100.0
<Jan20-2022> <13:33:53>      5      1.72142161      0.84736739    100.0
<Jan20-2022> <13:33:53>      6      0.21842580      0.10780687    100.0
<Jan20-2022> <13:33:53>      7      0.28524155      0.13554881    100.0
<Jan20-2022> <13:33:53>      8      0.02856437      0.01389479     13.0
<Jan20-2022> <13:33:53>      9      0.00489297      0.00234741      1.4
<Jan20-2022> <13:33:53>     10      0.00009261      0.00004462      0.0
<Jan20-2022> <13:33:53>     11      0.00000010      0.00000005      0.0
<Jan20-2022> <13:33:53>     12      0.00000000      0.00000000      0.0
<Jan20-2022> <13:33:53>  SCF converged
<Jan20-2022> <13:33:53>     13      0.00000000      0.00000000      0.0
<Jan20-2022> <13:33:54>  >>>> POPAN
<Jan20-2022> <13:33:54>  >>>> DEBYE
<Jan20-2022> <13:33:54>  *** GOStep1 ***
<Jan20-2022> <13:33:54>  >>>> FRAGM
<Jan20-2022> <13:33:54>  Coordinates
<Jan20-2022> <13:33:54>     Atom         X           Y           Z   (Angstrom)
<Jan20-2022> <13:33:54>     1.C         0.072379    0.458490    0.147016
<Jan20-2022> <13:33:54>     2.C         0.881364   -0.769627    0.345434
<Jan20-2022> <13:33:54>     3.H         0.320085   -1.649370    0.008484
<Jan20-2022> <13:33:54>     4.C        -1.244537    0.481405   -0.412106
<Jan20-2022> <13:33:54>     5.H         0.491509    1.421715    0.440204
<Jan20-2022> <13:33:54>     6.O        -1.908801    1.513970   -0.583638
<Jan20-2022> <13:33:54>     7.C         1.357984   -0.971567    1.798392
<Jan20-2022> <13:33:54>     8.H         1.975789   -1.872162    1.871864
<Jan20-2022> <13:33:54>     9.H         0.508075   -1.083701    2.478485
<Jan20-2022> <13:33:54>    10.H         1.956137   -0.121560    2.141940
<Jan20-2022> <13:33:54>    11.F         2.024310   -0.688350   -0.476253
<Jan20-2022> <13:33:54>    12.H        -1.650698   -0.469128   -0.688547
<Jan20-2022> <13:33:54>  >>>> CORORT
<Jan20-2022> <13:33:54>  >>>> CLSMAT
<Jan20-2022> <13:33:54>  >>>> ORTHON
<Jan20-2022> <13:33:54>  >>>> GENPT
<Jan20-2022> <13:33:54>  Block Length= 128
<Jan20-2022> <13:33:55>  >>>> PTBAS
<Jan20-2022> <13:34:14>  >>>> CYCLE
<Jan20-2022> <13:35:21>              |Error|         MaxErr       Wt(A-DIIS)
<Jan20-2022> <13:35:21>      1      5.49152457      0.50877000
<Jan20-2022> <13:36:20>      2      0.87403782      0.08891431    100.0
<Jan20-2022> <13:37:17>      3      0.45620610      0.03409912    100.0
<Jan20-2022> <13:38:17>      4      0.60789650      0.05569866    100.0
<Jan20-2022> <13:39:16>      5      0.12463826      0.01839703     17.6
<Jan20-2022> <13:40:15>      6      0.10601452      0.01500562     14.1
