<Jan22-2022> <23:26:22>  AMS 2021.102  RunTime: Jan22-2022 23:26:22  ShM Nodes: 1  Procs: 4
<Jan22-2022> <23:26:23>  ADF 2021.102  RunTime: Jan22-2022 23:26:23  ShM Nodes: 1  Procs: 4
<Jan22-2022> <23:26:23>  *** (NO TITLE) ***
<Jan22-2022> <23:26:23>  Iteration 1
<Jan22-2022> <23:26:23>  DIRAC 2021.102  RunTime: Jan22-2022 23:26:23  ShM Nodes: 1  Procs: 1
<Jan22-2022> <23:26:23>  Hydrogen (TZ2P)
<Jan22-2022> <23:26:23>  Net Charge: 0 (Nuclei minus Electrons)
<Jan22-2022> <23:26:23>  Symmetry  : ATOM
<Jan22-2022> <23:26:23>  Coordinates
<Jan22-2022> <23:26:23>     Atom         X           Y           Z   (Angstrom)
<Jan22-2022> <23:26:23>     1.H         0.000000    0.000000    0.000000
<Jan22-2022> <23:26:23>  >>>> CORORT
<Jan22-2022> <23:26:23>  >>>> CLSMAT
<Jan22-2022> <23:26:23>  >>>> ORTHON
<Jan22-2022> <23:26:23>  >>>> GENPT
<Jan22-2022> <23:26:23>  Block Length=  64
<Jan22-2022> <23:26:23>  >>>> PTBAS
<Jan22-2022> <23:26:23>  >>>> CYCLE
<Jan22-2022> <23:26:23>              |Error|         MaxErr       Wt(A-DIIS)
<Jan22-2022> <23:26:23>      1      0.00000000      0.00000000
<Jan22-2022> <23:26:23>      2      0.03080019      0.02591482
<Jan22-2022> <23:26:23>      3      0.01140383      0.01135775    100.0
<Jan22-2022> <23:26:23>      4      0.00327656      0.00327407      2.3
<Jan22-2022> <23:26:23>      5      0.00010041      0.00009754      0.0
<Jan22-2022> <23:26:23>      6      0.00000525      0.00000504      0.0
<Jan22-2022> <23:26:23>      7      0.00000007      0.00000007      0.0
<Jan22-2022> <23:26:23>      8      0.00000000      0.00000000      0.0
<Jan22-2022> <23:26:23>  SCF converged
<Jan22-2022> <23:26:24>      9      0.00000000      0.00000000      0.0
<Jan22-2022> <23:26:24>  >>>> POPAN
<Jan22-2022> <23:26:24>  >>>> DEBYE
<Jan22-2022> <23:26:24>  DIRAC 2021.102  RunTime: Jan22-2022 23:26:24  ShM Nodes: 1  Procs: 1
<Jan22-2022> <23:26:24>  Carbon (TZ2P)
<Jan22-2022> <23:26:24>  Net Charge: 0 (Nuclei minus Electrons)
<Jan22-2022> <23:26:24>  Symmetry  : ATOM
<Jan22-2022> <23:26:24>  Coordinates
<Jan22-2022> <23:26:24>     Atom         X           Y           Z   (Angstrom)
<Jan22-2022> <23:26:24>     1.C         0.000000    0.000000    0.000000
<Jan22-2022> <23:26:24>  >>>> CORORT
<Jan22-2022> <23:26:24>  >>>> CLSMAT
<Jan22-2022> <23:26:24>  >>>> ORTHON
<Jan22-2022> <23:26:24>  >>>> GENPT
<Jan22-2022> <23:26:24>  Block Length=  72
<Jan22-2022> <23:26:24>  >>>> PTBAS
<Jan22-2022> <23:26:24>  >>>> CYCLE
<Jan22-2022> <23:26:24>              |Error|         MaxErr       Wt(A-DIIS)
<Jan22-2022> <23:26:24>      1      0.00000000      0.00000000
<Jan22-2022> <23:26:24>      2      4.48405934      3.32161898    100.0
<Jan22-2022> <23:26:24>      3      1.60718414      1.28408746    100.0
<Jan22-2022> <23:26:24>      4      0.76426456      0.62272052    100.0
<Jan22-2022> <23:26:25>      5      0.36119063      0.28553990    100.0
<Jan22-2022> <23:26:25>      6      0.14821424      0.11559867    100.0
<Jan22-2022> <23:26:25>      7      0.10108424      0.07867111     78.5
<Jan22-2022> <23:26:25>      8      0.01786531      0.01387049     13.0
<Jan22-2022> <23:26:25>      9      0.00195746      0.00153262      0.5
<Jan22-2022> <23:26:25>     10      0.00001058      0.00000730      0.0
<Jan22-2022> <23:26:25>     11      0.00000047      0.00000027      0.0
<Jan22-2022> <23:26:25>     12      0.00000003      0.00000002      0.0
<Jan22-2022> <23:26:25>     13      0.00000000      0.00000000      0.0
<Jan22-2022> <23:26:25>  SCF converged
<Jan22-2022> <23:26:25>     14      0.00000000      0.00000000      0.0
<Jan22-2022> <23:26:25>  >>>> POPAN
<Jan22-2022> <23:26:25>  >>>> DEBYE
<Jan22-2022> <23:26:25>  DIRAC 2021.102  RunTime: Jan22-2022 23:26:25  ShM Nodes: 1  Procs: 1
<Jan22-2022> <23:26:25>  Oxygen (TZ2P)
<Jan22-2022> <23:26:25>  Net Charge: 0 (Nuclei minus Electrons)
<Jan22-2022> <23:26:25>  Symmetry  : ATOM
<Jan22-2022> <23:26:25>  Coordinates
<Jan22-2022> <23:26:25>     Atom         X           Y           Z   (Angstrom)
<Jan22-2022> <23:26:25>     1.O         0.000000    0.000000    0.000000
<Jan22-2022> <23:26:25>  >>>> CORORT
<Jan22-2022> <23:26:25>  >>>> CLSMAT
<Jan22-2022> <23:26:25>  >>>> ORTHON
<Jan22-2022> <23:26:25>  >>>> GENPT
<Jan22-2022> <23:26:25>  Block Length=  68
<Jan22-2022> <23:26:25>  >>>> PTBAS
<Jan22-2022> <23:26:26>  >>>> CYCLE
<Jan22-2022> <23:26:26>              |Error|         MaxErr       Wt(A-DIIS)
<Jan22-2022> <23:26:26>      1      0.00000000      0.00000000
<Jan22-2022> <23:26:26>      2      8.77210307      5.53374266    100.0
<Jan22-2022> <23:26:26>      3      3.60058093      2.49154808    100.0
<Jan22-2022> <23:26:26>      4      1.20505529      0.62472425    100.0
<Jan22-2022> <23:26:26>      5      1.46502638      0.81213311    100.0
<Jan22-2022> <23:26:26>      6      0.15089362      0.09131786     91.2
<Jan22-2022> <23:26:26>      7      0.14397311      0.08251182     82.3
<Jan22-2022> <23:26:26>      8      0.00183259      0.00123681      0.2
<Jan22-2022> <23:26:26>      9      0.00015629      0.00008105      0.0
<Jan22-2022> <23:26:26>     10      0.00001324      0.00000629      0.0
<Jan22-2022> <23:26:26>     11      0.00000006      0.00000003      0.0
<Jan22-2022> <23:26:26>     12      0.00000000      0.00000000      0.0
<Jan22-2022> <23:26:26>  SCF converged
<Jan22-2022> <23:26:26>     13      0.00000000      0.00000000      0.0
<Jan22-2022> <23:26:26>  >>>> POPAN
<Jan22-2022> <23:26:26>  >>>> DEBYE
<Jan22-2022> <23:26:26>  DIRAC 2021.102  RunTime: Jan22-2022 23:26:26  ShM Nodes: 1  Procs: 1
<Jan22-2022> <23:26:27>  Boron (TZ2P)
<Jan22-2022> <23:26:27>  Net Charge: 0 (Nuclei minus Electrons)
<Jan22-2022> <23:26:27>  Symmetry  : ATOM
<Jan22-2022> <23:26:27>  Coordinates
<Jan22-2022> <23:26:27>     Atom         X           Y           Z   (Angstrom)
<Jan22-2022> <23:26:27>     1.B         0.000000    0.000000    0.000000
<Jan22-2022> <23:26:27>  >>>> CORORT
<Jan22-2022> <23:26:27>  >>>> CLSMAT
<Jan22-2022> <23:26:27>  >>>> ORTHON
<Jan22-2022> <23:26:27>  >>>> GENPT
<Jan22-2022> <23:26:27>  Block Length=  76
<Jan22-2022> <23:26:27>  >>>> PTBAS
<Jan22-2022> <23:26:27>  >>>> CYCLE
<Jan22-2022> <23:26:27>              |Error|         MaxErr       Wt(A-DIIS)
<Jan22-2022> <23:26:27>      1      0.00000000      0.00000000
<Jan22-2022> <23:26:27>      2      3.20713362      2.03569268    100.0
<Jan22-2022> <23:26:27>      3      1.02425780      0.87564791    100.0
<Jan22-2022> <23:26:27>      4      0.43534597      0.37294039    100.0
<Jan22-2022> <23:26:27>      5      0.21063772      0.18877869    100.0
<Jan22-2022> <23:26:27>      6      0.06237149      0.05418878     53.7
<Jan22-2022> <23:26:27>      7      0.02201011      0.01944984     18.6
<Jan22-2022> <23:26:27>      8      0.00263783      0.00232448      1.3
<Jan22-2022> <23:26:27>      9      0.00002886      0.00002498      0.0
<Jan22-2022> <23:26:28>     10      0.00000135      0.00000098      0.0
<Jan22-2022> <23:26:28>     11      0.00000002      0.00000001      0.0
<Jan22-2022> <23:26:28>     12      0.00000000      0.00000000      0.0
<Jan22-2022> <23:26:28>  SCF converged
<Jan22-2022> <23:26:28>     13      0.00000000      0.00000000      0.0
<Jan22-2022> <23:26:28>  >>>> POPAN
<Jan22-2022> <23:26:28>  >>>> DEBYE
<Jan22-2022> <23:26:28>  DIRAC 2021.102  RunTime: Jan22-2022 23:26:28  ShM Nodes: 1  Procs: 1
<Jan22-2022> <23:26:28>  Fluorine (TZ2P)
<Jan22-2022> <23:26:28>  Net Charge: 0 (Nuclei minus Electrons)
<Jan22-2022> <23:26:28>  Symmetry  : ATOM
<Jan22-2022> <23:26:28>  Coordinates
<Jan22-2022> <23:26:28>     Atom         X           Y           Z   (Angstrom)
<Jan22-2022> <23:26:28>     1.F         0.000000    0.000000    0.000000
<Jan22-2022> <23:26:28>  >>>> CORORT
<Jan22-2022> <23:26:28>  >>>> CLSMAT
<Jan22-2022> <23:26:28>  >>>> ORTHON
<Jan22-2022> <23:26:28>  >>>> GENPT
<Jan22-2022> <23:26:28>  Block Length=  76
<Jan22-2022> <23:26:28>  >>>> PTBAS
<Jan22-2022> <23:26:28>  >>>> CYCLE
<Jan22-2022> <23:26:29>              |Error|         MaxErr       Wt(A-DIIS)
<Jan22-2022> <23:26:29>      1      0.00000000      0.00000000
<Jan22-2022> <23:26:29>      2     11.39970762      4.85721148    100.0
<Jan22-2022> <23:26:29>      3      5.17310012      3.16632108    100.0
<Jan22-2022> <23:26:29>      4      1.04882283      0.49392043    100.0
<Jan22-2022> <23:26:29>      5      1.72142161      0.84736739    100.0
<Jan22-2022> <23:26:29>      6      0.21842580      0.10780687    100.0
<Jan22-2022> <23:26:29>      7      0.28524155      0.13554881    100.0
<Jan22-2022> <23:26:29>      8      0.02856437      0.01389479     13.0
<Jan22-2022> <23:26:29>      9      0.00489297      0.00234741      1.4
<Jan22-2022> <23:26:29>     10      0.00009261      0.00004462      0.0
<Jan22-2022> <23:26:29>     11      0.00000010      0.00000005      0.0
<Jan22-2022> <23:26:29>     12      0.00000000      0.00000000      0.0
<Jan22-2022> <23:26:29>  SCF converged
<Jan22-2022> <23:26:29>     13      0.00000000      0.00000000      0.0
<Jan22-2022> <23:26:29>  >>>> POPAN
<Jan22-2022> <23:26:29>  >>>> DEBYE
<Jan22-2022> <23:26:29>  *** GOStep1 ***
<Jan22-2022> <23:26:29>  >>>> FRAGM
<Jan22-2022> <23:26:29>  Coordinates
<Jan22-2022> <23:26:29>     Atom         X           Y           Z   (Angstrom)
<Jan22-2022> <23:26:29>     1.H         0.090394   -1.809885   -0.515559
<Jan22-2022> <23:26:29>     2.C        -0.907818   -0.007713   -0.049435
<Jan22-2022> <23:26:29>     3.C         0.182665   -0.752196   -0.265123
<Jan22-2022> <23:26:29>     4.C         1.559289   -0.220140   -0.182914
<Jan22-2022> <23:26:29>     5.O         1.866357    0.933659    0.071805
<Jan22-2022> <23:26:29>     6.H        -0.824316    1.044913    0.202426
<Jan22-2022> <23:26:29>     7.H        -1.889827   -0.427141   -0.117553
<Jan22-2022> <23:26:29>     8.H         2.325141   -0.943334   -0.370959
<Jan22-2022> <23:26:29>     9.B         2.116500    4.009702    1.240303
<Jan22-2022> <23:26:29>    10.F         1.342399    3.689390    2.249229
<Jan22-2022> <23:26:29>    11.F         1.590869    4.473468    0.131972
<Jan22-2022> <23:26:29>    12.F         3.416232    3.866247    1.339708
<Jan22-2022> <23:26:29>  >>>> CORORT
<Jan22-2022> <23:26:29>  >>>> CLSMAT
<Jan22-2022> <23:26:29>  >>>> ORTHON
<Jan22-2022> <23:26:30>  >>>> GENPT
<Jan22-2022> <23:26:30>  Block Length= 128
<Jan22-2022> <23:26:31>  >>>> PTBAS
<Jan22-2022> <23:26:39>  >>>> CYCLE
<Jan22-2022> <23:27:07>              |Error|         MaxErr       Wt(A-DIIS)
<Jan22-2022> <23:27:07>      1      6.09386573      1.09503198
<Jan22-2022> <23:27:24>      2      1.06369748      0.17880426    100.0
<Jan22-2022> <23:27:42>      3      0.53485165      0.08209997    100.0
<Jan22-2022> <23:28:00>      4      0.84986049      0.13191394    100.0
<Jan22-2022> <23:28:19>      5      0.13382404      0.02872734     28.0
<Jan22-2022> <23:28:37>      6      0.14756252      0.04295089     28.0
<Jan22-2022> <23:28:55>      7      0.03545792      0.00969244      8.8
<Jan22-2022> <23:29:13>      8      0.01213214      0.00340710      2.4
<Jan22-2022> <23:29:31>      9      0.00286053      0.00076314      0.0
<Jan22-2022> <23:29:49>     10      0.00041101      0.00004490      0.0
<Jan22-2022> <23:30:07>     11      0.00018679      0.00002194      0.0
<Jan22-2022> <23:30:25>     12      0.00002979      0.00000380      0.0
<Jan22-2022> <23:30:43>     13      0.00000436      0.00000072      0.0
<Jan22-2022> <23:30:49>  SCF converged
<Jan22-2022> <23:31:01>     14      0.00000212      0.00000055      0.0
<Jan22-2022> <23:31:07>  >>>> TOTEN
<Jan22-2022> <23:31:30>  >>>> POPAN
<Jan22-2022> <23:31:30>  >>>> DEBYE
<Jan22-2022> <23:31:30>  >>>> ENGRAD
<Jan22-2022> <23:32:09>  current energy                               -2.51657148 Hartree
<Jan22-2022> <23:32:09>  energy change                      -2.51657148     0.00012000    F
<Jan22-2022> <23:32:09>  constrained gradient max            0.03826483     0.00100000    F
<Jan22-2022> <23:32:09>  constrained gradient rms            0.01472367     0.00066667    F
<Jan22-2022> <23:32:09>  gradient max                        0.03826483
<Jan22-2022> <23:32:09>  gradient rms                        0.01472367
<Jan22-2022> <23:32:09>  cart. step max                      0.02862609     0.01000000    F
<Jan22-2022> <23:32:09>  cart. step rms                      0.01053302     0.00666667    F
<Jan22-2022> <23:32:09>  Iteration 2
<Jan22-2022> <23:32:09>  *** GOStep2 ***
<Jan22-2022> <23:32:10>  >>>> FRAGM
<Jan22-2022> <23:32:10>  Coordinates
<Jan22-2022> <23:32:10>     Atom         X           Y           Z   (Angstrom)
<Jan22-2022> <23:32:10>     1.H         0.084999   -1.804625   -0.510326
<Jan22-2022> <23:32:10>     2.C        -0.905165    0.005151   -0.045063
<Jan22-2022> <23:32:10>     3.C         0.183161   -0.747152   -0.263415
<Jan22-2022> <23:32:10>     4.C         1.567851   -0.224196   -0.186871
<Jan22-2022> <23:32:10>     5.O         1.870739    0.930074    0.069000
<Jan22-2022> <23:32:10>     6.H        -0.811749    1.059506    0.200883
<Jan22-2022> <23:32:10>     7.H        -1.901868   -0.411431   -0.107320
<Jan22-2022> <23:32:10>     8.H         2.353768   -0.967761   -0.380862
<Jan22-2022> <23:32:10>     9.B         2.106535    3.994374    1.235473
<Jan22-2022> <23:32:10>    10.F         1.324251    3.680474    2.256529
<Jan22-2022> <23:32:10>    11.F         1.576632    4.474327    0.121648
<Jan22-2022> <23:32:10>    12.F         3.418731    3.868229    1.344225
<Jan22-2022> <23:32:10>  >>>> CORORT
<Jan22-2022> <23:32:11>  >>>> CLSMAT
<Jan22-2022> <23:32:11>  >>>> ORTHON
<Jan22-2022> <23:32:11>  >>>> GENPT
<Jan22-2022> <23:32:11>  Block Length= 128
<Jan22-2022> <23:32:12>  >>>> PTBAS
<Jan22-2022> <23:32:21>  >>>> CYCLE
<Jan22-2022> <23:32:36>  using orbital data from restart file
<Jan22-2022> <23:32:48>              |Error|         MaxErr       Wt(A-DIIS)
<Jan22-2022> <23:32:48>      1      0.11029029      0.03864283
<Jan22-2022> <23:33:07>      2      0.01712165      0.00221726    100.0
<Jan22-2022> <23:33:25>      3      0.02795080      0.00427162    100.0
<Jan22-2022> <23:33:44>      4      0.00596632      0.00124409      0.2
<Jan22-2022> <23:34:03>      5      0.00349423      0.00085127      0.0
<Jan22-2022> <23:34:21>      6      0.00040092      0.00005562      0.0
<Jan22-2022> <23:34:40>      7      0.00013622      0.00002270      0.0
<Jan22-2022> <23:34:59>      8      0.00004865      0.00001334      0.0
<Jan22-2022> <23:35:17>      9      0.00002213      0.00000669      0.0
<Jan22-2022> <23:35:37>     10      0.00000481      0.00000080      0.0
<Jan22-2022> <23:35:44>  SCF converged
<Jan22-2022> <23:35:57>     11      0.00000159      0.00000029      0.0
<Jan22-2022> <23:36:03>  >>>> TOTEN
<Jan22-2022> <23:36:27>  >>>> POPAN
<Jan22-2022> <23:36:27>  >>>> DEBYE
<Jan22-2022> <23:36:27>  >>>> ENGRAD
<Jan22-2022> <23:37:08>  current energy                               -2.51841927 Hartree
<Jan22-2022> <23:37:08>  energy change                      -0.00184780     0.00012000    F
<Jan22-2022> <23:37:08>  constrained gradient max            0.01683723     0.00100000    F
<Jan22-2022> <23:37:08>  constrained gradient rms            0.00472144     0.00066667    F
<Jan22-2022> <23:37:08>  gradient max                        0.01683723
<Jan22-2022> <23:37:08>  gradient rms                        0.00472144
<Jan22-2022> <23:37:08>  cart. step max                      0.00783849     0.01000000    T
<Jan22-2022> <23:37:08>  cart. step rms                      0.00294959     0.00666667    T
<Jan22-2022> <23:37:08>  Iteration 3
<Jan22-2022> <23:37:09>  *** GOStep3 ***
<Jan22-2022> <23:37:09>  >>>> FRAGM
<Jan22-2022> <23:37:09>  Coordinates
<Jan22-2022> <23:37:09>     Atom         X           Y           Z   (Angstrom)
<Jan22-2022> <23:37:09>     1.H         0.084164   -1.804223   -0.511372
<Jan22-2022> <23:37:09>     2.C        -0.905314    0.005984   -0.045451
<Jan22-2022> <23:37:09>     3.C         0.181738   -0.747213   -0.262989
<Jan22-2022> <23:37:09>     4.C         1.567479   -0.221942   -0.184142
<Jan22-2022> <23:37:09>     5.O         1.870587    0.930229    0.070865
<Jan22-2022> <23:37:09>     6.H        -0.810273    1.058706    0.208722
<Jan22-2022> <23:37:09>     7.H        -1.906547   -0.410775   -0.110095
<Jan22-2022> <23:37:09>     8.H         2.361494   -0.973537   -0.386687
<Jan22-2022> <23:37:09>     9.B         2.106300    3.990057    1.232796
<Jan22-2022> <23:37:09>    10.F         1.320779    3.683066    2.256393
<Jan22-2022> <23:37:09>    11.F         1.577351    4.476338    0.118875
<Jan22-2022> <23:37:09>    12.F         3.420128    3.870282    1.346985
<Jan22-2022> <23:37:09>  >>>> CORORT
<Jan22-2022> <23:37:09>  >>>> CLSMAT
<Jan22-2022> <23:37:09>  >>>> ORTHON
<Jan22-2022> <23:37:09>  >>>> GENPT
<Jan22-2022> <23:37:09>  Block Length= 128
<Jan22-2022> <23:37:10>  >>>> PTBAS
<Jan22-2022> <23:37:20>  >>>> CYCLE
<Jan22-2022> <23:37:34>  using orbital data from restart file
<Jan22-2022> <23:37:47>              |Error|         MaxErr       Wt(A-DIIS)
<Jan22-2022> <23:37:47>      1      0.04029591      0.01622755
<Jan22-2022> <23:38:06>      2      0.00685714      0.00179314    100.0
<Jan22-2022> <23:38:25>      3      0.01751457      0.00519077    100.0
<Jan22-2022> <23:38:43>      4      0.00401969      0.00104251      0.0
<Jan22-2022> <23:39:02>      5      0.00093235      0.00014037      0.0
<Jan22-2022> <23:39:20>      6      0.00012753      0.00002204      0.0
<Jan22-2022> <23:39:39>      7      0.00009851      0.00002990      0.0
<Jan22-2022> <23:39:58>      8      0.00002264      0.00000588      0.0
<Jan22-2022> <23:40:16>      9      0.00000699      0.00000138      0.0
<Jan22-2022> <23:40:35>     10      0.00000161      0.00000032      0.0
<Jan22-2022> <23:40:41>  SCF converged
<Jan22-2022> <23:40:54>     11      0.00000074      0.00000018      0.0
<Jan22-2022> <23:41:00>  >>>> TOTEN
<Jan22-2022> <23:41:24>  >>>> POPAN
<Jan22-2022> <23:41:24>  >>>> DEBYE
<Jan22-2022> <23:41:24>  >>>> ENGRAD
<Jan22-2022> <23:42:05>  current energy                               -2.51858666 Hartree
<Jan22-2022> <23:42:05>  energy change                      -0.00016739     0.00012000    F
<Jan22-2022> <23:42:05>  constrained gradient max            0.00366413     0.00100000    F
<Jan22-2022> <23:42:05>  constrained gradient rms            0.00099193     0.00066667    F
<Jan22-2022> <23:42:05>  gradient max                        0.00366413
<Jan22-2022> <23:42:05>  gradient rms                        0.00099193
<Jan22-2022> <23:42:05>  cart. step max                      0.01628280     0.01000000    F
<Jan22-2022> <23:42:05>  cart. step rms                      0.00451772     0.00666667    T
<Jan22-2022> <23:42:05>  Iteration 4
<Jan22-2022> <23:42:06>  *** GOStep4 ***
<Jan22-2022> <23:42:06>  >>>> FRAGM
<Jan22-2022> <23:42:06>  Coordinates
<Jan22-2022> <23:42:06>     Atom         X           Y           Z   (Angstrom)
<Jan22-2022> <23:42:06>     1.H         0.085089   -1.805782   -0.503932
<Jan22-2022> <23:42:06>     2.C        -0.904955    0.005158   -0.039199
<Jan22-2022> <23:42:06>     3.C         0.181508   -0.747781   -0.259976
<Jan22-2022> <23:42:06>     4.C         1.567074   -0.218091   -0.193664
<Jan22-2022> <23:42:06>     5.O         1.871015    0.932744    0.065120
<Jan22-2022> <23:42:06>     6.H        -0.810755    1.063212    0.192439
<Jan22-2022> <23:42:06>     7.H        -1.906900   -0.412072   -0.101213
<Jan22-2022> <23:42:06>     8.H         2.362846   -0.975477   -0.387999
<Jan22-2022> <23:42:06>     9.B         2.106092    3.988733    1.234472
<Jan22-2022> <23:42:06>    10.F         1.316292    3.679897    2.254343
<Jan22-2022> <23:42:06>    11.F         1.581351    4.478229    0.119965
<Jan22-2022> <23:42:06>    12.F         3.419229    3.868199    1.353544
<Jan22-2022> <23:42:06>  >>>> CORORT
<Jan22-2022> <23:42:06>  >>>> CLSMAT
<Jan22-2022> <23:42:06>  >>>> ORTHON
<Jan22-2022> <23:42:06>  >>>> GENPT
<Jan22-2022> <23:42:07>  Block Length= 128
<Jan22-2022> <23:42:07>  >>>> PTBAS
<Jan22-2022> <23:42:17>  >>>> CYCLE
<Jan22-2022> <23:42:31>  using orbital data from restart file
<Jan22-2022> <23:42:44>              |Error|         MaxErr       Wt(A-DIIS)
<Jan22-2022> <23:42:44>      1      0.02426185      0.00484565
<Jan22-2022> <23:43:03>      2      0.00323970      0.00087669    100.0
<Jan22-2022> <23:43:21>      3      0.00797788      0.00249403    100.0
<Jan22-2022> <23:43:40>      4      0.00137445      0.00035126      0.0
<Jan22-2022> <23:43:59>      5      0.00040517      0.00007605      0.0
<Jan22-2022> <23:44:18>      6      0.00017606      0.00005158      0.0
<Jan22-2022> <23:44:37>      7      0.00006809      0.00002022      0.0
<Jan22-2022> <23:44:57>      8      0.00001105      0.00000192      0.0
<Jan22-2022> <23:45:16>      9      0.00000409      0.00000092      0.0
<Jan22-2022> <23:45:22>  SCF converged
<Jan22-2022> <23:45:35>     10      0.00000124      0.00000022      0.0
<Jan22-2022> <23:45:41>  >>>> TOTEN
<Jan22-2022> <23:46:05>  >>>> POPAN
<Jan22-2022> <23:46:05>  >>>> DEBYE
<Jan22-2022> <23:46:05>  >>>> ENGRAD
<Jan22-2022> <23:46:46>  current energy                               -2.51857719 Hartree
<Jan22-2022> <23:46:46>  energy change                       0.00000947     0.00012000    T
<Jan22-2022> <23:46:46>  constrained gradient max            0.00335402     0.00100000    F
<Jan22-2022> <23:46:46>  constrained gradient rms            0.00087828     0.00066667    F
<Jan22-2022> <23:46:46>  gradient max                        0.00335402
<Jan22-2022> <23:46:46>  gradient rms                        0.00087828
<Jan22-2022> <23:46:46>  cart. step max                      0.00566291     0.01000000    T
<Jan22-2022> <23:46:46>  cart. step rms                      0.00139478     0.00666667    T
<Jan22-2022> <23:46:46>  Iteration 5
<Jan22-2022> <23:46:47>  *** GOStep5 ***
<Jan22-2022> <23:46:47>  >>>> FRAGM
<Jan22-2022> <23:46:47>  Coordinates
<Jan22-2022> <23:46:47>     Atom         X           Y           Z   (Angstrom)
<Jan22-2022> <23:46:47>     1.H         0.085428   -1.805270   -0.506473
<Jan22-2022> <23:46:47>     2.C        -0.905171    0.005764   -0.042138
<Jan22-2022> <23:46:47>     3.C         0.181384   -0.747439   -0.261832
<Jan22-2022> <23:46:47>     4.C         1.567153   -0.218590   -0.190977
<Jan22-2022> <23:46:47>     5.O         1.871185    0.932406    0.067007
<Jan22-2022> <23:46:47>     6.H        -0.810871    1.061848    0.198102
<Jan22-2022> <23:46:47>     7.H        -1.906736   -0.412032   -0.100952
<Jan22-2022> <23:46:47>     8.H         2.362352   -0.975558   -0.388413
<Jan22-2022> <23:46:47>     9.B         2.106177    3.989269    1.233929
<Jan22-2022> <23:46:47>    10.F         1.316050    3.680636    2.253303
<Jan22-2022> <23:46:47>    11.F         1.581920    4.477314    0.118836
<Jan22-2022> <23:46:47>    12.F         3.419016    3.868622    1.353507
<Jan22-2022> <23:46:47>  >>>> CORORT
<Jan22-2022> <23:46:47>  >>>> CLSMAT
<Jan22-2022> <23:46:47>  >>>> ORTHON
<Jan22-2022> <23:46:47>  >>>> GENPT
<Jan22-2022> <23:46:48>  Block Length= 128
<Jan22-2022> <23:46:48>  >>>> PTBAS
<Jan22-2022> <23:46:58>  >>>> CYCLE
<Jan22-2022> <23:47:13>  using orbital data from restart file
<Jan22-2022> <23:47:25>              |Error|         MaxErr       Wt(A-DIIS)
<Jan22-2022> <23:47:25>      1      0.00714330      0.00173166
<Jan22-2022> <23:47:44>      2      0.00116942      0.00028975    100.0
<Jan22-2022> <23:48:03>      3      0.00074884      0.00019122    100.0
<Jan22-2022> <23:48:21>      4      0.00057661      0.00015322      0.0
<Jan22-2022> <23:48:40>      5      0.00012575      0.00002843      0.0
<Jan22-2022> <23:48:59>      6      0.00005794      0.00001104      0.0
<Jan22-2022> <23:49:17>      7      0.00002711      0.00000662      0.0
<Jan22-2022> <23:49:36>      8      0.00000553      0.00000092      0.0
<Jan22-2022> <23:49:42>  SCF converged
<Jan22-2022> <23:49:55>      9      0.00000078      0.00000015      0.0
<Jan22-2022> <23:50:01>  >>>> TOTEN
<Jan22-2022> <23:50:25>  >>>> POPAN
<Jan22-2022> <23:50:25>  >>>> DEBYE
<Jan22-2022> <23:50:25>  >>>> ENGRAD
<Jan22-2022> <23:51:05>  current energy                               -2.51859450 Hartree
<Jan22-2022> <23:51:05>  energy change                      -0.00001731     0.00012000    T
<Jan22-2022> <23:51:05>  constrained gradient max            0.00173849     0.00100000    F
<Jan22-2022> <23:51:05>  constrained gradient rms            0.00042857     0.00066667    T
<Jan22-2022> <23:51:05>  gradient max                        0.00173849
<Jan22-2022> <23:51:05>  gradient rms                        0.00042857
<Jan22-2022> <23:51:05>  cart. step max                      0.00877360     0.01000000    T
<Jan22-2022> <23:51:05>  cart. step rms                      0.00297017     0.00666667    T
<Jan22-2022> <23:51:05>  Iteration 6
<Jan22-2022> <23:51:06>  *** GOStep6 ***
<Jan22-2022> <23:51:06>  >>>> FRAGM
<Jan22-2022> <23:51:07>  Coordinates
<Jan22-2022> <23:51:07>     Atom         X           Y           Z   (Angstrom)
<Jan22-2022> <23:51:07>     1.H         0.085755   -1.804209   -0.510265
<Jan22-2022> <23:51:07>     2.C        -0.905161    0.005597   -0.040684
<Jan22-2022> <23:51:07>     3.C         0.181342   -0.747582   -0.260609
<Jan22-2022> <23:51:07>     4.C         1.567489   -0.220228   -0.183406
<Jan22-2022> <23:51:07>     5.O         1.871557    0.931177    0.072076
<Jan22-2022> <23:51:07>     6.H        -0.810706    1.060058    0.206314
<Jan22-2022> <23:51:07>     7.H        -1.906862   -0.409446   -0.109725
<Jan22-2022> <23:51:07>     8.H         2.361562   -0.974521   -0.393590
<Jan22-2022> <23:51:07>     9.B         2.106162    3.989858    1.232705
<Jan22-2022> <23:51:07>    10.F         1.317508    3.681193    2.252986
<Jan22-2022> <23:51:07>    11.F         1.580166    4.474569    0.117186
<Jan22-2022> <23:51:07>    12.F         3.419072    3.870503    1.350912
<Jan22-2022> <23:51:07>  >>>> CORORT
<Jan22-2022> <23:51:07>  >>>> CLSMAT
<Jan22-2022> <23:51:07>  >>>> ORTHON
<Jan22-2022> <23:51:07>  >>>> GENPT
<Jan22-2022> <23:51:07>  Block Length= 128
<Jan22-2022> <23:51:08>  >>>> PTBAS
<Jan22-2022> <23:51:18>  >>>> CYCLE
<Jan22-2022> <23:51:32>  using orbital data from restart file
<Jan22-2022> <23:51:45>              |Error|         MaxErr       Wt(A-DIIS)
<Jan22-2022> <23:51:45>      1      0.01291648      0.00283433
<Jan22-2022> <23:52:04>      2      0.00217108      0.00034476    100.0
<Jan22-2022> <23:52:23>      3      0.00134762      0.00021765    100.0
<Jan22-2022> <23:52:41>      4      0.00121527      0.00021780      0.0
<Jan22-2022> <23:53:00>      5      0.00017929      0.00005001      0.0
<Jan22-2022> <23:53:18>      6      0.00008695      0.00001929      0.0
<Jan22-2022> <23:53:37>      7      0.00002269      0.00000647      0.0
<Jan22-2022> <23:53:55>      8      0.00000992      0.00000224      0.0
<Jan22-2022> <23:54:14>      9      0.00000158      0.00000033      0.0
<Jan22-2022> <23:54:19>  SCF converged
<Jan22-2022> <23:54:32>     10      0.00000086      0.00000018      0.0
<Jan22-2022> <23:54:38>  >>>> TOTEN
<Jan22-2022> <23:55:03>  >>>> POPAN
<Jan22-2022> <23:55:03>  >>>> DEBYE
<Jan22-2022> <23:55:03>  >>>> ENGRAD
<Jan22-2022> <23:55:43>  current energy                               -2.51859597 Hartree
<Jan22-2022> <23:55:43>  energy change                      -0.00000147     0.00012000    T
<Jan22-2022> <23:55:43>  constrained gradient max            0.00210417     0.00100000    F
<Jan22-2022> <23:55:43>  constrained gradient rms            0.00053948     0.00066667    T
<Jan22-2022> <23:55:43>  gradient max                        0.00210417
<Jan22-2022> <23:55:43>  gradient rms                        0.00053948
<Jan22-2022> <23:55:43>  cart. step max                      0.00645745     0.01000000    T
<Jan22-2022> <23:55:43>  cart. step rms                      0.00254376     0.00666667    T
<Jan22-2022> <23:55:43>  Iteration 7
<Jan22-2022> <23:55:44>  *** GOStep7 ***
<Jan22-2022> <23:55:44>  >>>> FRAGM
<Jan22-2022> <23:55:44>  Coordinates
<Jan22-2022> <23:55:44>     Atom         X           Y           Z   (Angstrom)
<Jan22-2022> <23:55:44>     1.H         0.085779   -1.803799   -0.509144
<Jan22-2022> <23:55:44>     2.C        -0.904629    0.007066   -0.042285
<Jan22-2022> <23:55:44>     3.C         0.181516   -0.746571   -0.262170
<Jan22-2022> <23:55:44>     4.C         1.567867   -0.219074   -0.187976
<Jan22-2022> <23:55:44>     5.O         1.872498    0.931664    0.069512
<Jan22-2022> <23:55:44>     6.H        -0.809508    1.060103    0.210442
<Jan22-2022> <23:55:44>     7.H        -1.906257   -0.409389   -0.103268
<Jan22-2022> <23:55:44>     8.H         2.361694   -0.974947   -0.393522
<Jan22-2022> <23:55:44>     9.B         2.105192    3.988905    1.232365
<Jan22-2022> <23:55:44>    10.F         1.311365    3.679977    2.248564
<Jan22-2022> <23:55:44>    11.F         1.584925    4.474498    0.114529
<Jan22-2022> <23:55:44>    12.F         3.417443    3.868540    1.356852
<Jan22-2022> <23:55:44>  >>>> CORORT
<Jan22-2022> <23:55:44>  >>>> CLSMAT
<Jan22-2022> <23:55:44>  >>>> ORTHON
<Jan22-2022> <23:55:44>  >>>> GENPT
<Jan22-2022> <23:55:45>  Block Length= 128
<Jan22-2022> <23:55:45>  >>>> PTBAS
<Jan22-2022> <23:55:55>  >>>> CYCLE
<Jan22-2022> <23:56:10>  using orbital data from restart file
<Jan22-2022> <23:56:22>              |Error|         MaxErr       Wt(A-DIIS)
<Jan22-2022> <23:56:22>      1      0.01587591      0.00530606
<Jan22-2022> <23:56:42>      2      0.00208655      0.00045249    100.0
<Jan22-2022> <23:57:00>      3      0.00132604      0.00029184    100.0
<Jan22-2022> <23:57:20>      4      0.00112228      0.00024938      0.0
<Jan22-2022> <23:57:39>      5      0.00019764      0.00005049      0.0
<Jan22-2022> <23:57:58>      6      0.00007880      0.00002204      0.0
<Jan22-2022> <23:58:17>      7      0.00002093      0.00000426      0.0
<Jan22-2022> <23:58:37>      8      0.00000540      0.00000159      0.0
<Jan22-2022> <23:58:55>      9      0.00000200      0.00000054      0.0
<Jan22-2022> <23:59:01>  SCF converged
<Jan22-2022> <23:59:14>     10      0.00000052      0.00000007      0.0
<Jan22-2022> <23:59:20>  >>>> TOTEN
<Jan22-2022> <23:59:44>  >>>> POPAN
<Jan22-2022> <23:59:44>  >>>> DEBYE
<Jan22-2022> <23:59:44>  >>>> ENGRAD
<Jan23-2022> <00:00:25>  current energy                               -2.51860184 Hartree
<Jan23-2022> <00:00:25>  energy change                      -0.00000587     0.00012000    T
<Jan23-2022> <00:00:25>  constrained gradient max            0.00105597     0.00100000    F
<Jan23-2022> <00:00:25>  constrained gradient rms            0.00030581     0.00066667    T
<Jan23-2022> <00:00:25>  gradient max                        0.00105597
<Jan23-2022> <00:00:25>  gradient rms                        0.00030581
<Jan23-2022> <00:00:25>  cart. step max                      0.00688506     0.01000000    T
<Jan23-2022> <00:00:25>  cart. step rms                      0.00193854     0.00666667    T
<Jan23-2022> <00:00:25>  Iteration 8
<Jan23-2022> <00:00:26>  *** GOStep8 ***
<Jan23-2022> <00:00:28>  >>>> FRAGM
<Jan23-2022> <00:00:28>  Coordinates
<Jan23-2022> <00:00:28>     Atom         X           Y           Z   (Angstrom)
<Jan23-2022> <00:00:28>     1.H         0.085561   -1.803530   -0.508647
<Jan23-2022> <00:00:28>     2.C        -0.904208    0.007445   -0.040892
<Jan23-2022> <00:00:28>     3.C         0.181646   -0.746260   -0.261916
<Jan23-2022> <00:00:28>     4.C         1.568129   -0.218698   -0.189521
<Jan23-2022> <00:00:28>     5.O         1.873207    0.931768    0.068976
<Jan23-2022> <00:00:28>     6.H        -0.808982    1.062240    0.204449
<Jan23-2022> <00:00:28>     7.H        -1.905895   -0.410019   -0.096383
<Jan23-2022> <00:00:28>     8.H         2.361906   -0.974855   -0.395595
<Jan23-2022> <00:00:28>     9.B         2.104595    3.987950    1.232562
<Jan23-2022> <00:00:28>    10.F         1.308157    3.679019    2.246799
<Jan23-2022> <00:00:28>    11.F         1.587180    4.474165    0.113609
<Jan23-2022> <00:00:28>    12.F         3.416588    3.867747    1.360458
<Jan23-2022> <00:00:28>  >>>> CORORT
<Jan23-2022> <00:00:28>  >>>> CLSMAT
<Jan23-2022> <00:00:28>  >>>> ORTHON
<Jan23-2022> <00:00:28>  >>>> GENPT
<Jan23-2022> <00:00:29>  Block Length= 128
<Jan23-2022> <00:00:29>  >>>> PTBAS
<Jan23-2022> <00:00:39>  >>>> CYCLE
<Jan23-2022> <00:00:53>  using orbital data from restart file
<Jan23-2022> <00:01:06>              |Error|         MaxErr       Wt(A-DIIS)
<Jan23-2022> <00:01:06>      1      0.00895311      0.00284487
<Jan23-2022> <00:01:25>      2      0.00045336      0.00007186    100.0
<Jan23-2022> <00:01:44>      3      0.00021867      0.00002975    100.0
<Jan23-2022> <00:02:03>      4      0.00029797      0.00005331      0.0
<Jan23-2022> <00:02:21>      5      0.00002931      0.00000675      0.0
<Jan23-2022> <00:02:40>      6      0.00001221      0.00000239      0.0
<Jan23-2022> <00:02:59>      7      0.00000350      0.00000076      0.0
<Jan23-2022> <00:03:05>  SCF converged
<Jan23-2022> <00:03:18>      8      0.00000207      0.00000052      0.0
<Jan23-2022> <00:03:23>  >>>> TOTEN
<Jan23-2022> <00:03:47>  >>>> POPAN
<Jan23-2022> <00:03:47>  >>>> DEBYE
<Jan23-2022> <00:03:47>  >>>> ENGRAD
<Jan23-2022> <00:04:27>  current energy                               -2.51860362 Hartree
<Jan23-2022> <00:04:27>  energy change                      -0.00000178     0.00012000    T
<Jan23-2022> <00:04:27>  constrained gradient max            0.00086317     0.00100000    T
<Jan23-2022> <00:04:27>  constrained gradient rms            0.00024732     0.00066667    T
<Jan23-2022> <00:04:27>  gradient max                        0.00086317
<Jan23-2022> <00:04:27>  gradient rms                        0.00024732
<Jan23-2022> <00:04:27>  cart. step max                      0.00454621     0.01000000    T
<Jan23-2022> <00:04:27>  cart. step rms                      0.00177962     0.00666667    T
<Jan23-2022> <00:04:27>  Geometry optimization converged
<Jan23-2022> <00:04:28>  *** adf ***
<Jan23-2022> <00:04:28>  Net Charge: 0 (Nuclei minus Electrons)
<Jan23-2022> <00:04:28>  Symmetry  : NOSYM
<Jan23-2022> <00:04:28>  >>>> FRAGM
<Jan23-2022> <00:04:29>  Coordinates
<Jan23-2022> <00:04:29>     Atom         X           Y           Z   (Angstrom)
<Jan23-2022> <00:04:29>     1.H         0.085561   -1.803530   -0.508647
<Jan23-2022> <00:04:29>     2.C        -0.904208    0.007445   -0.040892
<Jan23-2022> <00:04:29>     3.C         0.181646   -0.746260   -0.261916
<Jan23-2022> <00:04:29>     4.C         1.568129   -0.218698   -0.189521
<Jan23-2022> <00:04:29>     5.O         1.873207    0.931768    0.068976
<Jan23-2022> <00:04:29>     6.H        -0.808982    1.062240    0.204449
<Jan23-2022> <00:04:29>     7.H        -1.905895   -0.410019   -0.096383
<Jan23-2022> <00:04:29>     8.H         2.361906   -0.974855   -0.395595
<Jan23-2022> <00:04:29>     9.B         2.104595    3.987950    1.232562
<Jan23-2022> <00:04:29>    10.F         1.308157    3.679019    2.246799
<Jan23-2022> <00:04:29>    11.F         1.587180    4.474165    0.113609
<Jan23-2022> <00:04:29>    12.F         3.416588    3.867747    1.360458
<Jan23-2022> <00:04:29>  >>>> CORORT
<Jan23-2022> <00:04:29>  >>>> CLSMAT
<Jan23-2022> <00:04:29>  >>>> ORTHON
<Jan23-2022> <00:04:29>  >>>> GENPT
<Jan23-2022> <00:04:29>  Block Length= 128
<Jan23-2022> <00:04:30>  >>>> PTBAS
<Jan23-2022> <00:04:39>  >>>> CYCLE
<Jan23-2022> <00:04:54>  using orbital data from restart file
<Jan23-2022> <00:05:07>              |Error|         MaxErr       Wt(A-DIIS)
<Jan23-2022> <00:05:07>      1      0.00000063      0.00000021
<Jan23-2022> <00:05:26>      2      0.00000172      0.00000069    100.0
<Jan23-2022> <00:05:31>  SCF converged
<Jan23-2022> <00:05:44>      3      0.00000525      0.00000220    100.0
<Jan23-2022> <00:06:01>  >>>> TOTEN
<Jan23-2022> <00:06:45>  >>>> POPAN
<Jan23-2022> <00:06:45>  >>>> DEBYE
<Jan23-2022> <00:06:45>  >>>> AMETS
<Jan23-2022> <00:06:46>   Bond Energy          -2.51860362 a.u.
<Jan23-2022> <00:06:46>   Bond Energy         -68.53469156 eV
<Jan23-2022> <00:06:46>   Bond Energy       -1580.45       kcal/mol
<Jan23-2022> <00:06:46>  >>>> POPUL
<Jan23-2022> <00:06:46>  >>>> ENGRAD
<Jan23-2022> <00:07:26>  >>>> ENHESS
<Jan23-2022> <00:07:37>  === NUCLEUS:     1
<Jan23-2022> <00:16:14>  === NUCLEUS:     2
<Jan23-2022> <00:24:16>  === NUCLEUS:     3
<Jan23-2022> <00:32:24>  === NUCLEUS:     4
<Jan23-2022> <00:41:02>  === NUCLEUS:     5
<Jan23-2022> <00:49:36>  === NUCLEUS:     6
<Jan23-2022> <00:57:54>  === NUCLEUS:     7
<Jan23-2022> <01:06:25>  === NUCLEUS:     8
<Jan23-2022> <01:14:26>  === NUCLEUS:     9
<Jan23-2022> <01:22:28>  === NUCLEUS:    10
<Jan23-2022> <01:30:38>  === NUCLEUS:    11
<Jan23-2022> <01:38:52>  === NUCLEUS:    12
<Jan23-2022> <01:46:49>  >>>> CALC_HESS_PMAT
<Jan23-2022> <01:48:23>  >>>> CALC_HESS_WMAT
<Jan23-2022> <01:48:37>  Scanning mode: 7
<Jan23-2022> <01:48:38>  *** SCANMODE_forward_adf_ScanMode_7 ***
<Jan23-2022> <01:48:38>  >>>> FRAGM
<Jan23-2022> <01:48:38>  Coordinates
<Jan23-2022> <01:48:38>     Atom         X           Y           Z   (Angstrom)
<Jan23-2022> <01:48:38>     1.H         0.085555   -1.803538   -0.508647
<Jan23-2022> <01:48:38>     2.C        -0.904222    0.007480   -0.041077
<Jan23-2022> <01:48:38>     3.C         0.181639   -0.746260   -0.261947
<Jan23-2022> <01:48:38>     4.C         1.568126   -0.218728   -0.189418
<Jan23-2022> <01:48:38>     5.O         1.873203    0.931740    0.069070
<Jan23-2022> <01:48:38>     6.H        -0.808998    1.062283    0.204232
<Jan23-2022> <01:48:38>     7.H        -1.905912   -0.409962   -0.096664
<Jan23-2022> <01:48:38>     8.H         2.361908   -0.974913   -0.395374
<Jan23-2022> <01:48:38>     9.B         2.104601    3.987955    1.232564
<Jan23-2022> <01:48:38>    10.F         1.308251    3.679027    2.246871
<Jan23-2022> <01:48:38>    11.F         1.587085    4.474125    0.113639
<Jan23-2022> <01:48:38>    12.F         3.416607    3.867795    1.360362
<Jan23-2022> <01:48:38>  >>>> CORORT
<Jan23-2022> <01:48:38>  >>>> CLSMAT
<Jan23-2022> <01:48:38>  >>>> ORTHON
<Jan23-2022> <01:48:38>  >>>> GENPT
<Jan23-2022> <01:48:39>  Block Length= 128
<Jan23-2022> <01:48:40>  >>>> PTBAS
<Jan23-2022> <01:48:59>  >>>> CYCLE
<Jan23-2022> <01:49:23>  using orbital data from restart file
<Jan23-2022> <01:49:49>              |Error|         MaxErr       Wt(A-DIIS)
<Jan23-2022> <01:49:49>      1      0.00036167      0.00008527
<Jan23-2022> <01:50:25>      2      0.00003472      0.00000881    100.0
<Jan23-2022> <01:51:01>      3      0.00002375      0.00000612    100.0
<Jan23-2022> <01:51:38>      4      0.00001366      0.00000323      0.0
<Jan23-2022> <01:52:15>      5      0.00000247      0.00000052      0.0
<Jan23-2022> <01:52:25>  SCF converged
<Jan23-2022> <01:52:51>      6      0.00000128      0.00000028      0.0
<Jan23-2022> <01:53:02>  >>>> TOTEN
<Jan23-2022> <01:53:49>  >>>> POPAN
<Jan23-2022> <01:53:49>  >>>> DEBYE
<Jan23-2022> <01:53:50>  >>>> ENGRAD
<Jan23-2022> <01:59:55>  Scanning mode: 8
<Jan23-2022> <01:59:56>  *** SCANMODE_forward_adf_ScanMode_8 ***
<Jan23-2022> <01:59:57>  >>>> FRAGM
<Jan23-2022> <01:59:57>  Coordinates
<Jan23-2022> <01:59:57>     Atom         X           Y           Z   (Angstrom)
<Jan23-2022> <01:59:57>     1.H         0.085438   -1.803420   -0.508620
<Jan23-2022> <01:59:57>     2.C        -0.904162    0.007640   -0.040839
<Jan23-2022> <01:59:57>     3.C         0.181621   -0.746159   -0.261888
<Jan23-2022> <01:59:57>     4.C         1.568152   -0.218719   -0.189524
<Jan23-2022> <01:59:57>     5.O         1.873339    0.931719    0.068969
<Jan23-2022> <01:59:57>     6.H        -0.808841    1.062426    0.204502
<Jan23-2022> <01:59:57>     7.H        -1.905886   -0.409738   -0.096308
<Jan23-2022> <01:59:57>     8.H         2.361857   -0.974945   -0.395619
<Jan23-2022> <01:59:57>     9.B         2.104558    3.987906    1.232548
<Jan23-2022> <01:59:57>    10.F         1.308127    3.678929    2.246777
<Jan23-2022> <01:59:57>    11.F         1.587127    4.474088    0.113589
<Jan23-2022> <01:59:57>    12.F         3.416556    3.867780    1.360459
<Jan23-2022> <01:59:57>  >>>> CORORT
<Jan23-2022> <01:59:57>  >>>> CLSMAT
<Jan23-2022> <01:59:57>  >>>> ORTHON
<Jan23-2022> <01:59:57>  >>>> GENPT
<Jan23-2022> <01:59:57>  Block Length= 128
<Jan23-2022> <01:59:58>  >>>> PTBAS
<Jan23-2022> <02:00:17>  >>>> CYCLE
<Jan23-2022> <02:00:40>  using orbital data from restart file
<Jan23-2022> <02:01:06>              |Error|         MaxErr       Wt(A-DIIS)
<Jan23-2022> <02:01:06>      1      0.00031407      0.00015071
<Jan23-2022> <02:01:42>      2      0.00002201      0.00000382    100.0
<Jan23-2022> <02:02:20>      3      0.00001302      0.00000185    100.0
<Jan23-2022> <02:02:56>      4      0.00001184      0.00000225      0.0
<Jan23-2022> <02:03:32>      5      0.00000372      0.00000097      0.0
<Jan23-2022> <02:03:44>  SCF converged
<Jan23-2022> <02:04:09>      6      0.00000185      0.00000046      0.0
<Jan23-2022> <02:04:21>  >>>> TOTEN
<Jan23-2022> <02:05:08>  >>>> POPAN
<Jan23-2022> <02:05:08>  >>>> DEBYE
<Jan23-2022> <02:05:08>  >>>> ENGRAD
<Jan23-2022> <02:11:13>  PES point character: Geometry corresponds to a local minimum on the PES.
<Jan23-2022> <02:11:13>  Geometry optimization successful!
<Jan23-2022> <02:11:13>  WARNING: total elapsed time is much higher than the (CPU+system) time.
<Jan23-2022> <02:11:13>  Make sure the machine is not oversubscribed and has enough memory, SCM_TMPDIR points to a fast file system, and the network is fast enough.
<Jan23-2022> <02:11:13>  NORMAL TERMINATION
