<Jan28-2022> <10:52:13>  AMS 2021.102  RunTime: Jan28-2022 10:52:13  ShM Nodes: 1  Procs: 4
<Jan28-2022> <10:52:14>  ADF 2021.102  RunTime: Jan28-2022 10:52:14  ShM Nodes: 1  Procs: 4
<Jan28-2022> <10:52:14>  *** (NO TITLE) ***
<Jan28-2022> <10:52:14>  Iteration 1
<Jan28-2022> <10:52:15>  DIRAC 2021.102  RunTime: Jan28-2022 10:52:15  ShM Nodes: 1  Procs: 1
<Jan28-2022> <10:52:15>  Hydrogen (TZ2P)
<Jan28-2022> <10:52:15>  Net Charge: 0 (Nuclei minus Electrons)
<Jan28-2022> <10:52:15>  Symmetry  : ATOM
<Jan28-2022> <10:52:15>  Coordinates
<Jan28-2022> <10:52:15>     Atom         X           Y           Z   (Angstrom)
<Jan28-2022> <10:52:15>     1.H         0.000000    0.000000    0.000000
<Jan28-2022> <10:52:15>  >>>> CORORT
<Jan28-2022> <10:52:15>  >>>> CLSMAT
<Jan28-2022> <10:52:15>  >>>> ORTHON
<Jan28-2022> <10:52:15>  >>>> GENPT
<Jan28-2022> <10:52:15>  Block Length=  64
<Jan28-2022> <10:52:15>  >>>> PTBAS
<Jan28-2022> <10:52:15>  >>>> CYCLE
<Jan28-2022> <10:52:15>              |Error|         MaxErr       Wt(A-DIIS)
<Jan28-2022> <10:52:15>      1      0.00000000      0.00000000
<Jan28-2022> <10:52:15>      2      0.03080019      0.02591482
<Jan28-2022> <10:52:15>      3      0.01140383      0.01135775    100.0
<Jan28-2022> <10:52:15>      4      0.00327656      0.00327407      2.3
<Jan28-2022> <10:52:15>      5      0.00010041      0.00009754      0.0
<Jan28-2022> <10:52:15>      6      0.00000525      0.00000504      0.0
<Jan28-2022> <10:52:15>      7      0.00000007      0.00000007      0.0
<Jan28-2022> <10:52:15>      8      0.00000000      0.00000000      0.0
<Jan28-2022> <10:52:15>  SCF converged
<Jan28-2022> <10:52:15>      9      0.00000000      0.00000000      0.0
<Jan28-2022> <10:52:16>  >>>> POPAN
<Jan28-2022> <10:52:16>  >>>> DEBYE
<Jan28-2022> <10:52:16>  DIRAC 2021.102  RunTime: Jan28-2022 10:52:16  ShM Nodes: 1  Procs: 1
<Jan28-2022> <10:52:16>  Carbon (TZ2P)
<Jan28-2022> <10:52:16>  Net Charge: 0 (Nuclei minus Electrons)
<Jan28-2022> <10:52:16>  Symmetry  : ATOM
<Jan28-2022> <10:52:16>  Coordinates
<Jan28-2022> <10:52:16>     Atom         X           Y           Z   (Angstrom)
<Jan28-2022> <10:52:16>     1.C         0.000000    0.000000    0.000000
<Jan28-2022> <10:52:16>  >>>> CORORT
<Jan28-2022> <10:52:16>  >>>> CLSMAT
<Jan28-2022> <10:52:16>  >>>> ORTHON
<Jan28-2022> <10:52:16>  >>>> GENPT
<Jan28-2022> <10:52:16>  Block Length=  72
<Jan28-2022> <10:52:16>  >>>> PTBAS
<Jan28-2022> <10:52:16>  >>>> CYCLE
<Jan28-2022> <10:52:16>              |Error|         MaxErr       Wt(A-DIIS)
<Jan28-2022> <10:52:16>      1      0.00000000      0.00000000
<Jan28-2022> <10:52:16>      2      4.48405934      3.32161898    100.0
<Jan28-2022> <10:52:17>      3      1.60718414      1.28408746    100.0
<Jan28-2022> <10:52:17>      4      0.76426456      0.62272052    100.0
<Jan28-2022> <10:52:17>      5      0.36119063      0.28553990    100.0
<Jan28-2022> <10:52:17>      6      0.14821424      0.11559867    100.0
<Jan28-2022> <10:52:17>      7      0.10108424      0.07867111     78.5
<Jan28-2022> <10:52:17>      8      0.01786531      0.01387049     13.0
<Jan28-2022> <10:52:17>      9      0.00195746      0.00153262      0.5
<Jan28-2022> <10:52:17>     10      0.00001058      0.00000730      0.0
<Jan28-2022> <10:52:17>     11      0.00000047      0.00000027      0.0
<Jan28-2022> <10:52:17>     12      0.00000003      0.00000002      0.0
<Jan28-2022> <10:52:17>     13      0.00000000      0.00000000      0.0
<Jan28-2022> <10:52:17>  SCF converged
<Jan28-2022> <10:52:17>     14      0.00000000      0.00000000      0.0
<Jan28-2022> <10:52:17>  >>>> POPAN
<Jan28-2022> <10:52:17>  >>>> DEBYE
<Jan28-2022> <10:52:17>  DIRAC 2021.102  RunTime: Jan28-2022 10:52:17  ShM Nodes: 1  Procs: 1
<Jan28-2022> <10:52:17>  Oxygen (TZ2P)
<Jan28-2022> <10:52:17>  Net Charge: 0 (Nuclei minus Electrons)
<Jan28-2022> <10:52:18>  Symmetry  : ATOM
<Jan28-2022> <10:52:18>  Coordinates
<Jan28-2022> <10:52:18>     Atom         X           Y           Z   (Angstrom)
<Jan28-2022> <10:52:18>     1.O         0.000000    0.000000    0.000000
<Jan28-2022> <10:52:18>  >>>> CORORT
<Jan28-2022> <10:52:18>  >>>> CLSMAT
<Jan28-2022> <10:52:18>  >>>> ORTHON
<Jan28-2022> <10:52:18>  >>>> GENPT
<Jan28-2022> <10:52:18>  Block Length=  68
<Jan28-2022> <10:52:18>  >>>> PTBAS
<Jan28-2022> <10:52:18>  >>>> CYCLE
<Jan28-2022> <10:52:18>              |Error|         MaxErr       Wt(A-DIIS)
<Jan28-2022> <10:52:18>      1      0.00000000      0.00000000
<Jan28-2022> <10:52:18>      2      8.77210307      5.53374266    100.0
<Jan28-2022> <10:52:18>      3      3.60058093      2.49154808    100.0
<Jan28-2022> <10:52:18>      4      1.20505529      0.62472425    100.0
<Jan28-2022> <10:52:18>      5      1.46502638      0.81213311    100.0
<Jan28-2022> <10:52:18>      6      0.15089362      0.09131786     91.2
<Jan28-2022> <10:52:18>      7      0.14397311      0.08251182     82.3
<Jan28-2022> <10:52:18>      8      0.00183259      0.00123681      0.2
<Jan28-2022> <10:52:18>      9      0.00015629      0.00008105      0.0
<Jan28-2022> <10:52:18>     10      0.00001324      0.00000629      0.0
<Jan28-2022> <10:52:18>     11      0.00000006      0.00000003      0.0
<Jan28-2022> <10:52:18>     12      0.00000000      0.00000000      0.0
<Jan28-2022> <10:52:18>  SCF converged
<Jan28-2022> <10:52:18>     13      0.00000000      0.00000000      0.0
<Jan28-2022> <10:52:18>  >>>> POPAN
<Jan28-2022> <10:52:18>  >>>> DEBYE
<Jan28-2022> <10:52:19>  DIRAC 2021.102  RunTime: Jan28-2022 10:52:19  ShM Nodes: 1  Procs: 1
<Jan28-2022> <10:52:19>  Aluminium (TZ2P)
<Jan28-2022> <10:52:19>  Net Charge: 0 (Nuclei minus Electrons)
<Jan28-2022> <10:52:19>  Symmetry  : ATOM
<Jan28-2022> <10:52:19>  Coordinates
<Jan28-2022> <10:52:19>     Atom         X           Y           Z   (Angstrom)
<Jan28-2022> <10:52:19>     1.Al        0.000000    0.000000    0.000000
<Jan28-2022> <10:52:19>  >>>> CORORT
<Jan28-2022> <10:52:19>  >>>> CLSMAT
<Jan28-2022> <10:52:19>  >>>> ORTHON
<Jan28-2022> <10:52:19>  >>>> GENPT
<Jan28-2022> <10:52:19>  Block Length=  85
<Jan28-2022> <10:52:19>  >>>> PTBAS
<Jan28-2022> <10:52:19>  >>>> CYCLE
<Jan28-2022> <10:52:20>              |Error|         MaxErr       Wt(A-DIIS)
<Jan28-2022> <10:52:20>      1      0.00000000      0.00000000
<Jan28-2022> <10:52:20>      2     19.74689819      6.61645761    100.0
<Jan28-2022> <10:52:20>      3     10.72432514      6.35631794    100.0
<Jan28-2022> <10:52:20>      4      2.19038492      0.99968242    100.0
<Jan28-2022> <10:52:20>      5      0.76321691      0.32187913    100.0
<Jan28-2022> <10:52:20>      6      0.33480690      0.13581213    100.0
<Jan28-2022> <10:52:20>      7      0.15853080      0.06474515     64.4
<Jan28-2022> <10:52:20>      8      0.05033297      0.02051010     19.7
<Jan28-2022> <10:52:20>      9      0.00512670      0.00207383      1.1
<Jan28-2022> <10:52:20>     10      0.00006945      0.00003398      0.0
<Jan28-2022> <10:52:20>     11      0.00000191      0.00000123      0.0
<Jan28-2022> <10:52:20>     12      0.00000003      0.00000002      0.0
<Jan28-2022> <10:52:20>     13      0.00000000      0.00000000      0.0
<Jan28-2022> <10:52:21>  SCF converged
<Jan28-2022> <10:52:21>     14      0.00000000      0.00000000      0.0
<Jan28-2022> <10:52:21>  >>>> POPAN
<Jan28-2022> <10:52:21>  >>>> DEBYE
<Jan28-2022> <10:52:21>  DIRAC 2021.102  RunTime: Jan28-2022 10:52:21  ShM Nodes: 1  Procs: 1
<Jan28-2022> <10:52:21>  Fluorine (TZ2P)
<Jan28-2022> <10:52:21>  Net Charge: 0 (Nuclei minus Electrons)
<Jan28-2022> <10:52:21>  Symmetry  : ATOM
<Jan28-2022> <10:52:21>  Coordinates
<Jan28-2022> <10:52:21>     Atom         X           Y           Z   (Angstrom)
<Jan28-2022> <10:52:21>     1.F         0.000000    0.000000    0.000000
<Jan28-2022> <10:52:21>  >>>> CORORT
<Jan28-2022> <10:52:21>  >>>> CLSMAT
<Jan28-2022> <10:52:21>  >>>> ORTHON
<Jan28-2022> <10:52:21>  >>>> GENPT
<Jan28-2022> <10:52:21>  Block Length=  76
<Jan28-2022> <10:52:21>  >>>> PTBAS
<Jan28-2022> <10:52:21>  >>>> CYCLE
<Jan28-2022> <10:52:22>              |Error|         MaxErr       Wt(A-DIIS)
<Jan28-2022> <10:52:22>      1      0.00000000      0.00000000
<Jan28-2022> <10:52:22>      2     11.39970762      4.85721148    100.0
<Jan28-2022> <10:52:22>      3      5.17310012      3.16632108    100.0
<Jan28-2022> <10:52:22>      4      1.04882283      0.49392043    100.0
<Jan28-2022> <10:52:22>      5      1.72142161      0.84736739    100.0
<Jan28-2022> <10:52:22>      6      0.21842580      0.10780687    100.0
<Jan28-2022> <10:52:22>      7      0.28524155      0.13554881    100.0
<Jan28-2022> <10:52:22>      8      0.02856437      0.01389479     13.0
<Jan28-2022> <10:52:22>      9      0.00489297      0.00234741      1.4
<Jan28-2022> <10:52:22>     10      0.00009261      0.00004462      0.0
<Jan28-2022> <10:52:22>     11      0.00000010      0.00000005      0.0
<Jan28-2022> <10:52:22>     12      0.00000000      0.00000000      0.0
<Jan28-2022> <10:52:22>  SCF converged
<Jan28-2022> <10:52:22>     13      0.00000000      0.00000000      0.0
<Jan28-2022> <10:52:22>  >>>> POPAN
<Jan28-2022> <10:52:22>  >>>> DEBYE
<Jan28-2022> <10:52:22>  *** GOStep1 ***
<Jan28-2022> <10:52:22>  >>>> FRAGM
<Jan28-2022> <10:52:22>  Coordinates
<Jan28-2022> <10:52:22>     Atom         X           Y           Z   (Angstrom)
<Jan28-2022> <10:52:22>     1.H        -0.620561   -0.037647   -0.080237
<Jan28-2022> <10:52:22>     2.C        -0.096595   -2.029480   -0.548834
<Jan28-2022> <10:52:22>     3.C         0.182665   -0.752196   -0.265123
<Jan28-2022> <10:52:22>     4.C         1.559289   -0.220140   -0.182914
<Jan28-2022> <10:52:22>     5.O         1.866357    0.933659    0.071805
<Jan28-2022> <10:52:22>     6.H         0.696953   -2.746124   -0.736266
<Jan28-2022> <10:52:22>     7.C        -1.535124   -3.981695   -1.121568
<Jan28-2022> <10:52:22>     8.C        -1.549875   -2.533590   -0.622661
<Jan28-2022> <10:52:22>     9.C        -2.323718   -1.638855   -1.595669
<Jan28-2022> <10:52:22>    10.C        -2.161090   -2.455551    0.779644
<Jan28-2022> <10:52:22>    11.H        -2.147657   -1.426879    1.141600
<Jan28-2022> <10:52:22>    12.H        -2.550991   -4.374931   -1.187221
<Jan28-2022> <10:52:22>    13.H        -0.962779   -4.611201   -0.439291
<Jan28-2022> <10:52:22>    14.H        -1.077151   -4.036838   -2.109789
<Jan28-2022> <10:52:22>    15.H        -3.361755   -1.966226   -1.674651
<Jan28-2022> <10:52:22>    16.H        -1.871180   -1.677852   -2.587157
<Jan28-2022> <10:52:22>    17.H        -2.311406   -0.604554   -1.250082
<Jan28-2022> <10:52:22>    18.H        -3.194555   -2.805883    0.767440
<Jan28-2022> <10:52:22>    19.H        -1.593059   -3.074540    1.475023
<Jan28-2022> <10:52:22>    20.H         2.325141   -0.943334   -0.370959
<Jan28-2022> <10:52:22>    21.Al        1.851031    2.466110    0.807575
<Jan28-2022> <10:52:22>    22.F         1.062467    1.848449    2.077604
<Jan28-2022> <10:52:22>    23.F         1.022324    3.060595   -0.447872
<Jan28-2022> <10:52:22>    24.F         3.468301    2.489287    0.792992
<Jan28-2022> <10:52:22>  >>>> CORORT
<Jan28-2022> <10:52:23>  >>>> CLSMAT
<Jan28-2022> <10:52:23>  >>>> ORTHON
<Jan28-2022> <10:52:23>  >>>> GENPT
<Jan28-2022> <10:52:24>  Block Length= 128
<Jan28-2022> <10:52:26>  >>>> PTBAS
<Jan28-2022> <10:53:23>  >>>> CYCLE
<Jan28-2022> <10:55:17>              |Error|         MaxErr       Wt(A-DIIS)
<Jan28-2022> <10:55:17>      1      8.12203773      1.10732342
<Jan28-2022> <10:56:47>      2      1.65543670      0.22690240    100.0
<Jan28-2022> <10:58:15>      3      0.82537028      0.11592874    100.0
<Jan28-2022> <10:59:50>      4      1.49735349      0.23228260    100.0
<Jan28-2022> <11:01:21>      5      0.24669447      0.02088751     20.1
<Jan28-2022> <11:02:52>      6      0.14019890      0.02785924     20.1
<Jan28-2022> <11:04:22>      7      0.06938388      0.01564431     14.8
<Jan28-2022> <11:05:53>      8      0.02519134      0.00495535      4.0
<Jan28-2022> <11:07:24>      9      0.00761962      0.00208473      1.1
<Jan28-2022> <11:08:54>     10      0.00103736      0.00015858      0.0
<Jan28-2022> <11:10:26>     11      0.00047004      0.00006003      0.0
<Jan28-2022> <11:11:55>     12      0.00008040      0.00000940      0.0
<Jan28-2022> <11:13:25>     13      0.00003014      0.00000408      0.0
<Jan28-2022> <11:14:56>     14      0.00000890      0.00000179      0.0
<Jan28-2022> <11:16:27>     15      0.00000457      0.00000122      0.0
<Jan28-2022> <11:17:58>     16      0.00000112      0.00000016      0.0
<Jan28-2022> <11:18:33>  SCF converged
<Jan28-2022> <11:19:28>     17      0.00000033      0.00000004      0.0
<Jan28-2022> <11:20:01>  >>>> TOTEN
<Jan28-2022> <11:21:50>  >>>> POPAN
<Jan28-2022> <11:21:50>  >>>> DEBYE
<Jan28-2022> <11:21:50>  >>>> ENGRAD
<Jan28-2022> <11:25:51>  current energy                               -4.76245793 Hartree
<Jan28-2022> <11:25:51>  energy change                      -4.76245793     0.00024000    F
<Jan28-2022> <11:25:51>  constrained gradient max            0.15215179     0.00100000    F
<Jan28-2022> <11:25:51>  constrained gradient rms            0.03139570     0.00066667    F
<Jan28-2022> <11:25:51>  gradient max                        0.15215179
<Jan28-2022> <11:25:51>  gradient rms                        0.03139570
<Jan28-2022> <11:25:51>  cart. step max                      0.15619526     0.01000000    F
<Jan28-2022> <11:25:51>  cart. step rms                      0.03944597     0.00666667    F
<Jan28-2022> <11:25:51>  Iteration 2
<Jan28-2022> <11:25:52>  *** GOStep2 ***
<Jan28-2022> <11:25:53>  >>>> FRAGM
<Jan28-2022> <11:25:53>  Coordinates
<Jan28-2022> <11:25:53>     Atom         X           Y           Z   (Angstrom)
<Jan28-2022> <11:25:53>     1.H        -0.603905   -0.021889   -0.085061
<Jan28-2022> <11:25:53>     2.C        -0.118451   -2.032362   -0.554315
<Jan28-2022> <11:25:53>     3.C         0.180947   -0.753576   -0.273093
<Jan28-2022> <11:25:53>     4.C         1.562918   -0.258194   -0.201160
<Jan28-2022> <11:25:53>     5.O         1.892937    0.894646    0.050317
<Jan28-2022> <11:25:53>     6.H         0.675274   -2.751351   -0.741404
<Jan28-2022> <11:25:53>     7.C        -1.536910   -4.001031   -1.125952
<Jan28-2022> <11:25:53>     8.C        -1.566238   -2.549244   -0.628541
<Jan28-2022> <11:25:53>     9.C        -2.354228   -1.665161   -1.606985
<Jan28-2022> <11:25:53>    10.C        -2.180581   -2.475063    0.777438
<Jan28-2022> <11:25:53>    11.H        -2.181316   -1.446623    1.141897
<Jan28-2022> <11:25:53>    12.H        -2.549009   -4.405905   -1.191291
<Jan28-2022> <11:25:53>    13.H        -0.958522   -4.626870   -0.443376
<Jan28-2022> <11:25:53>    14.H        -1.078790   -4.056504   -2.115456
<Jan28-2022> <11:25:53>    15.H        -3.388500   -2.007873   -1.682936
<Jan28-2022> <11:25:53>    16.H        -1.904292   -1.700679   -2.600916
<Jan28-2022> <11:25:53>    17.H        -2.359446   -0.627773   -1.270053
<Jan28-2022> <11:25:53>    18.H        -3.210857   -2.837573    0.763362
<Jan28-2022> <11:25:53>    19.H        -1.608361   -3.086775    1.477558
<Jan28-2022> <11:25:53>    20.H         2.323360   -1.002329   -0.393688
<Jan28-2022> <11:25:53>    21.Al        1.909686    2.469071    0.799159
<Jan28-2022> <11:25:53>    22.F         1.108169    1.998323    2.146962
<Jan28-2022> <11:25:53>    23.F         1.084083    3.216790   -0.400482
<Jan28-2022> <11:25:53>    24.F         3.539064    2.608531    0.851402
<Jan28-2022> <11:25:54>  >>>> CORORT
<Jan28-2022> <11:25:54>  >>>> CLSMAT
<Jan28-2022> <11:25:54>  >>>> ORTHON
<Jan28-2022> <11:25:54>  >>>> GENPT
<Jan28-2022> <11:25:55>  Block Length= 128
<Jan28-2022> <11:25:58>  >>>> PTBAS
<Jan28-2022> <11:26:56>  >>>> CYCLE
<Jan28-2022> <11:27:51>  using orbital data from restart file
<Jan28-2022> <11:28:47>              |Error|         MaxErr       Wt(A-DIIS)
<Jan28-2022> <11:28:47>      1      0.34334080      0.10811107
<Jan28-2022> <11:30:16>      2      0.05775473      0.01173423    100.0
<Jan28-2022> <11:31:46>      3      0.15918842      0.03738737    100.0
<Jan28-2022> <11:33:16>      4      0.03758864      0.00855477      7.6
<Jan28-2022> <11:34:46>      5      0.00685475      0.00146042      0.5
<Jan28-2022> <11:36:15>      6      0.00221266      0.00050376      0.0
<Jan28-2022> <11:37:45>      7      0.00064018      0.00013365      0.0
<Jan28-2022> <11:39:14>      8      0.00022005      0.00006594      0.0
<Jan28-2022> <11:40:44>      9      0.00004777      0.00000890      0.0
<Jan28-2022> <11:42:13>     10      0.00001516      0.00000178      0.0
<Jan28-2022> <11:43:41>     11      0.00000368      0.00000056      0.0
<Jan28-2022> <11:44:16>  SCF converged
<Jan28-2022> <11:45:11>     12      0.00000148      0.00000026      0.0
<Jan28-2022> <11:45:43>  >>>> TOTEN
<Jan28-2022> <11:47:31>  >>>> POPAN
<Jan28-2022> <11:47:31>  >>>> DEBYE
<Jan28-2022> <11:47:31>  >>>> ENGRAD
<Jan28-2022> <11:51:30>  current energy                               -4.79292272 Hartree
<Jan28-2022> <11:51:30>  energy change                      -0.03046480     0.00024000    F
<Jan28-2022> <11:51:30>  constrained gradient max            0.09112309     0.00100000    F
<Jan28-2022> <11:51:30>  constrained gradient rms            0.02003794     0.00066667    F
<Jan28-2022> <11:51:30>  gradient max                        0.09112309
<Jan28-2022> <11:51:30>  gradient rms                        0.02003794
<Jan28-2022> <11:51:30>  cart. step max                      0.21072030     0.01000000    F
<Jan28-2022> <11:51:30>  cart. step rms                      0.06231513     0.00666667    F
<Jan28-2022> <11:51:30>  Iteration 3
<Jan28-2022> <11:51:31>  *** GOStep3 ***
<Jan28-2022> <11:51:31>  >>>> FRAGM
<Jan28-2022> <11:51:31>  Coordinates
<Jan28-2022> <11:51:31>     Atom         X           Y           Z   (Angstrom)
<Jan28-2022> <11:51:31>     1.H        -0.564225    0.056899   -0.083956
<Jan28-2022> <11:51:31>     2.C        -0.157661   -1.988520   -0.570343
<Jan28-2022> <11:51:31>     3.C         0.178113   -0.712516   -0.281937
<Jan28-2022> <11:51:31>     4.C         1.567792   -0.315887   -0.205942
<Jan28-2022> <11:51:31>     5.O         1.950478    0.832161    0.039480
<Jan28-2022> <11:51:31>     6.H         0.646199   -2.703643   -0.748361
<Jan28-2022> <11:51:31>     7.C        -1.512381   -4.006125   -1.137831
<Jan28-2022> <11:51:31>     8.C        -1.580254   -2.550032   -0.638563
<Jan28-2022> <11:51:31>     9.C        -2.434449   -1.705357   -1.609636
<Jan28-2022> <11:51:31>    10.C        -2.192449   -2.511073    0.779514
<Jan28-2022> <11:51:31>    11.H        -2.253182   -1.489650    1.161782
<Jan28-2022> <11:51:31>    12.H        -2.513201   -4.442722   -1.190377
<Jan28-2022> <11:51:31>    13.H        -0.910608   -4.625005   -0.465461
<Jan28-2022> <11:51:31>    14.H        -1.069811   -4.058969   -2.137012
<Jan28-2022> <11:51:31>    15.H        -3.446507   -2.116032   -1.666385
<Jan28-2022> <11:51:31>    16.H        -2.008041   -1.712506   -2.616523
<Jan28-2022> <11:51:31>    17.H        -2.512965   -0.666686   -1.282738
<Jan28-2022> <11:51:31>    18.H        -3.203937   -2.927025    0.757814
<Jan28-2022> <11:51:31>    19.H        -1.597992   -3.100679    1.483182
<Jan28-2022> <11:51:31>    20.H         2.316083   -1.095116   -0.409466
<Jan28-2022> <11:51:31>    21.Al        1.992873    2.477131    0.784018
<Jan28-2022> <11:51:31>    22.F         1.063326    2.190446    2.136455
<Jan28-2022> <11:51:31>    23.F         1.294803    3.375714   -0.430909
<Jan28-2022> <11:51:31>    24.F         3.625031    2.675776    1.026583
<Jan28-2022> <11:51:31>  >>>> CORORT
<Jan28-2022> <11:51:31>  >>>> CLSMAT
<Jan28-2022> <11:51:31>  >>>> ORTHON
<Jan28-2022> <11:51:31>  >>>> GENPT
<Jan28-2022> <11:51:32>  Block Length= 128
<Jan28-2022> <11:51:34>  >>>> PTBAS
<Jan28-2022> <11:52:31>  >>>> CYCLE
<Jan28-2022> <11:53:26>  using orbital data from restart file
<Jan28-2022> <11:54:20>              |Error|         MaxErr       Wt(A-DIIS)
<Jan28-2022> <11:54:20>      1      0.44411158      0.12408159
<Jan28-2022> <11:55:46>      2      0.09794732      0.02059619    100.0
<Jan28-2022> <11:57:11>      3      0.27950249      0.07078832    100.0
<Jan28-2022> <11:58:36>      4      0.06766493      0.01546410     14.6
<Jan28-2022> <12:00:00>      5      0.01603700      0.00362998      2.7
<Jan28-2022> <12:01:24>      6      0.00534793      0.00126315      0.3
<Jan28-2022> <12:02:49>      7      0.00140446      0.00024616      0.0
<Jan28-2022> <12:04:15>      8      0.00031618      0.00006808      0.0
<Jan28-2022> <12:05:40>      9      0.00012363      0.00002909      0.0
<Jan28-2022> <12:07:05>     10      0.00003256      0.00000936      0.0
<Jan28-2022> <12:08:32>     11      0.00001224      0.00000154      0.0
<Jan28-2022> <12:09:57>     12      0.00000275      0.00000041      0.0
<Jan28-2022> <12:10:28>  SCF converged
<Jan28-2022> <12:11:22>     13      0.00000110      0.00000020      0.0
<Jan28-2022> <12:11:53>  >>>> TOTEN
<Jan28-2022> <12:13:37>  >>>> POPAN
<Jan28-2022> <12:13:37>  >>>> DEBYE
<Jan28-2022> <12:13:37>  >>>> ENGRAD
<Jan28-2022> <12:17:28>  current energy                               -4.81114264 Hartree
<Jan28-2022> <12:17:28>  energy change                      -0.01821991     0.00024000    F
<Jan28-2022> <12:17:28>  constrained gradient max            0.04662700     0.00100000    F
<Jan28-2022> <12:17:28>  constrained gradient rms            0.00873837     0.00066667    F
<Jan28-2022> <12:17:28>  gradient max                        0.04662700
<Jan28-2022> <12:17:28>  gradient rms                        0.00873837
<Jan28-2022> <12:17:28>  cart. step max                      0.21243965     0.01000000    F
<Jan28-2022> <12:17:28>  cart. step rms                      0.05211151     0.00666667    F
<Jan28-2022> <12:17:28>  Iteration 4
<Jan28-2022> <12:17:29>  *** GOStep4 ***
<Jan28-2022> <12:17:30>  >>>> FRAGM
<Jan28-2022> <12:17:30>  Coordinates
<Jan28-2022> <12:17:30>     Atom         X           Y           Z   (Angstrom)
<Jan28-2022> <12:17:30>     1.H        -0.540561    0.081829   -0.092285
<Jan28-2022> <12:17:30>     2.C        -0.169831   -1.986270   -0.552270
<Jan28-2022> <12:17:30>     3.C         0.181805   -0.705511   -0.289929
<Jan28-2022> <12:17:30>     4.C         1.569925   -0.339367   -0.273855
<Jan28-2022> <12:17:30>     5.O         1.988316    0.794327   -0.003847
<Jan28-2022> <12:17:30>     6.H         0.639836   -2.694837   -0.740668
<Jan28-2022> <12:17:30>     7.C        -1.510057   -4.004104   -1.155241
<Jan28-2022> <12:17:30>     8.C        -1.577026   -2.555297   -0.627726
<Jan28-2022> <12:17:30>     9.C        -2.448546   -1.693069   -1.572896
<Jan28-2022> <12:17:30>    10.C        -2.182545   -2.544857    0.799067
<Jan28-2022> <12:17:30>    11.H        -2.258370   -1.531529    1.201582
<Jan28-2022> <12:17:30>    12.H        -2.511246   -4.440925   -1.207863
<Jan28-2022> <12:17:30>    13.H        -0.904539   -4.639614   -0.500421
<Jan28-2022> <12:17:30>    14.H        -1.077612   -4.042821   -2.160561
<Jan28-2022> <12:17:30>    15.H        -3.455497   -2.117590   -1.629820
<Jan28-2022> <12:17:30>    16.H        -2.033979   -1.669985   -2.585245
<Jan28-2022> <12:17:30>    17.H        -2.542094   -0.662397   -1.221985
<Jan28-2022> <12:17:30>    18.H        -3.188731   -2.974815    0.769820
<Jan28-2022> <12:17:30>    19.H        -1.581793   -3.139981    1.493815
<Jan28-2022> <12:17:30>    20.H         2.312981   -1.141904   -0.436248
<Jan28-2022> <12:17:30>    21.Al        1.998557    2.477314    0.755229
<Jan28-2022> <12:17:30>    22.F         0.887050    2.281611    2.000368
<Jan28-2022> <12:17:30>    23.F         1.492433    3.449967   -0.514657
<Jan28-2022> <12:17:30>    24.F         3.588556    2.680412    1.239023
<Jan28-2022> <12:17:30>  >>>> CORORT
<Jan28-2022> <12:17:31>  >>>> CLSMAT
<Jan28-2022> <12:17:31>  >>>> ORTHON
<Jan28-2022> <12:17:31>  >>>> GENPT
<Jan28-2022> <12:17:32>  Block Length= 128
<Jan28-2022> <12:17:34>  >>>> PTBAS
<Jan28-2022> <12:18:31>  >>>> CYCLE
<Jan28-2022> <12:19:28>  using orbital data from restart file
<Jan28-2022> <12:20:23>              |Error|         MaxErr       Wt(A-DIIS)
<Jan28-2022> <12:20:23>      1      0.40448596      0.13064195
<Jan28-2022> <12:21:49>      2      0.08154777      0.01337109    100.0
<Jan28-2022> <12:23:19>      3      0.22285662      0.04707758    100.0
<Jan28-2022> <12:24:47>      4      0.05330683      0.00900871      8.1
<Jan28-2022> <12:26:14>      5      0.01304176      0.00239625      1.4
<Jan28-2022> <12:27:39>      6      0.00321468      0.00052356      0.0
<Jan28-2022> <12:29:06>      7      0.00140666      0.00027111      0.0
<Jan28-2022> <12:30:35>      8      0.00033145      0.00006564      0.0
<Jan28-2022> <12:32:00>      9      0.00011030      0.00001689      0.0
<Jan28-2022> <12:33:29>     10      0.00002613      0.00000615      0.0
<Jan28-2022> <12:34:54>     11      0.00001172      0.00000291      0.0
<Jan28-2022> <12:36:21>     12      0.00000249      0.00000055      0.0
<Jan28-2022> <12:36:53>  SCF converged
<Jan28-2022> <12:37:47>     13      0.00000100      0.00000017      0.0
<Jan28-2022> <12:38:19>  >>>> TOTEN
<Jan28-2022> <12:40:07>  >>>> POPAN
<Jan28-2022> <12:40:07>  >>>> DEBYE
<Jan28-2022> <12:40:07>  >>>> ENGRAD
<Jan28-2022> <12:43:59>  current energy                               -4.81423334 Hartree
<Jan28-2022> <12:43:59>  energy change                      -0.00309071     0.00024000    F
<Jan28-2022> <12:43:59>  constrained gradient max            0.02136683     0.00100000    F
<Jan28-2022> <12:43:59>  constrained gradient rms            0.00538277     0.00066667    F
<Jan28-2022> <12:43:59>  gradient max                        0.02136683
<Jan28-2022> <12:43:59>  gradient rms                        0.00538277
<Jan28-2022> <12:43:59>  cart. step max                      0.20921824     0.01000000    F
<Jan28-2022> <12:43:59>  cart. step rms                      0.06775876     0.00666667    F
<Jan28-2022> <12:43:59>  Iteration 5
<Jan28-2022> <12:44:00>  *** GOStep5 ***
<Jan28-2022> <12:44:02>  >>>> FRAGM
<Jan28-2022> <12:44:02>  Coordinates
<Jan28-2022> <12:44:02>     Atom         X           Y           Z   (Angstrom)
<Jan28-2022> <12:44:02>     1.H        -0.507170    0.083819   -0.045254
<Jan28-2022> <12:44:02>     2.C        -0.177769   -1.990287   -0.539353
<Jan28-2022> <12:44:02>     3.C         0.195680   -0.720450   -0.242500
<Jan28-2022> <12:44:02>     4.C         1.587366   -0.406935   -0.162876
<Jan28-2022> <12:44:02>     5.O         2.041665    0.729868    0.042010
<Jan28-2022> <12:44:02>     6.H         0.633979   -2.699113   -0.725134
<Jan28-2022> <12:44:02>     7.C        -1.515459   -3.981573   -1.212557
<Jan28-2022> <12:44:02>     8.C        -1.574312   -2.554940   -0.624463
<Jan28-2022> <12:44:02>     9.C        -2.466230   -1.656304   -1.518962
<Jan28-2022> <12:44:02>    10.C        -2.166407   -2.607633    0.811973
<Jan28-2022> <12:44:02>    11.H        -2.247366   -1.612554    1.257589
<Jan28-2022> <12:44:02>    12.H        -2.518425   -4.414367   -1.269813
<Jan28-2022> <12:44:02>    13.H        -0.903775   -4.646958   -0.593289
<Jan28-2022> <12:44:02>    14.H        -1.097813   -3.981772   -2.225465
<Jan28-2022> <12:44:02>    15.H        -3.469380   -2.089964   -1.580877
<Jan28-2022> <12:44:02>    16.H        -2.067615   -1.583272   -2.535720
<Jan28-2022> <12:44:02>    17.H        -2.567874   -0.643240   -1.120581
<Jan28-2022> <12:44:02>    18.H        -3.169579   -3.044897    0.771321
<Jan28-2022> <12:44:02>    19.H        -1.556898   -3.227615    1.477281
<Jan28-2022> <12:44:02>    20.H         2.317794   -1.205371   -0.405743
<Jan28-2022> <12:44:02>    21.Al        1.996484    2.503352    0.679255
<Jan28-2022> <12:44:02>    22.F         0.722395    2.454545    1.791150
<Jan28-2022> <12:44:02>    23.F         1.678376    3.414735   -0.704249
<Jan28-2022> <12:44:02>    24.F         3.509366    2.761510    1.369643
<Jan28-2022> <12:44:02>  >>>> CORORT
<Jan28-2022> <12:44:02>  >>>> CLSMAT
<Jan28-2022> <12:44:02>  >>>> ORTHON
<Jan28-2022> <12:44:03>  >>>> GENPT
<Jan28-2022> <12:44:03>  Block Length= 128
<Jan28-2022> <12:44:06>  >>>> PTBAS
<Jan28-2022> <12:45:03>  >>>> CYCLE
<Jan28-2022> <12:45:59>  using orbital data from restart file
<Jan28-2022> <12:46:53>              |Error|         MaxErr       Wt(A-DIIS)
<Jan28-2022> <12:46:53>      1      0.43501345      0.10912055
<Jan28-2022> <12:48:20>      2      0.08667313      0.01432082    100.0
<Jan28-2022> <12:49:49>      3      0.22801205      0.04855938    100.0
<Jan28-2022> <12:51:17>      4      0.05243440      0.00903213      8.1
<Jan28-2022> <12:52:43>      5      0.01356551      0.00313311      2.2
<Jan28-2022> <12:54:09>      6      0.00346321      0.00092738      0.0
<Jan28-2022> <12:55:34>      7      0.00094864      0.00013884      0.0
<Jan28-2022> <12:56:57>      8      0.00047868      0.00010309      0.0
<Jan28-2022> <12:58:26>      9      0.00015103      0.00002562      0.0
<Jan28-2022> <12:59:53>     10      0.00003394      0.00000932      0.0
<Jan28-2022> <13:01:18>     11      0.00001573      0.00000407      0.0
<Jan28-2022> <13:02:45>     12      0.00000324      0.00000052      0.0
<Jan28-2022> <13:03:16>  SCF converged
<Jan28-2022> <13:04:10>     13      0.00000108      0.00000017      0.0
<Jan28-2022> <13:04:43>  >>>> TOTEN
<Jan28-2022> <13:06:28>  >>>> POPAN
<Jan28-2022> <13:06:28>  >>>> DEBYE
<Jan28-2022> <13:06:29>  >>>> ENGRAD
<Jan28-2022> <13:10:20>  current energy                               -4.81508809 Hartree
<Jan28-2022> <13:10:20>  energy change                      -0.00085475     0.00024000    F
<Jan28-2022> <13:10:20>  constrained gradient max            0.02312145     0.00100000    F
<Jan28-2022> <13:10:20>  constrained gradient rms            0.00542618     0.00066667    F
<Jan28-2022> <13:10:20>  gradient max                        0.02312145
<Jan28-2022> <13:10:20>  gradient rms                        0.00542618
<Jan28-2022> <13:10:20>  cart. step max                      0.20930106     0.01000000    F
<Jan28-2022> <13:10:20>  cart. step rms                      0.05287504     0.00666667    F
<Jan28-2022> <13:10:20>  Iteration 6
<Jan28-2022> <13:10:21>  *** GOStep6 ***
<Jan28-2022> <13:10:21>  >>>> FRAGM
<Jan28-2022> <13:10:21>  Coordinates
<Jan28-2022> <13:10:21>     Atom         X           Y           Z   (Angstrom)
<Jan28-2022> <13:10:21>     1.H        -0.480071    0.083826   -0.053665
<Jan28-2022> <13:10:21>     2.C        -0.168720   -1.989843   -0.557289
<Jan28-2022> <13:10:21>     3.C         0.216550   -0.722627   -0.264152
<Jan28-2022> <13:10:21>     4.C         1.612653   -0.414307   -0.196281
<Jan28-2022> <13:10:21>     5.O         2.078836    0.711062    0.043806
<Jan28-2022> <13:10:21>     6.H         0.637569   -2.708634   -0.727023
<Jan28-2022> <13:10:21>     7.C        -1.527369   -3.964900   -1.225224
<Jan28-2022> <13:10:21>     8.C        -1.568621   -2.545330   -0.621005
<Jan28-2022> <13:10:21>     9.C        -2.482408   -1.639046   -1.484926
<Jan28-2022> <13:10:21>    10.C        -2.129106   -2.615962    0.827847
<Jan28-2022> <13:10:21>    11.H        -2.199221   -1.625501    1.284841
<Jan28-2022> <13:10:21>    12.H        -2.532620   -4.394152   -1.264963
<Jan28-2022> <13:10:21>    13.H        -0.903661   -4.637467   -0.626470
<Jan28-2022> <13:10:21>    14.H        -1.131830   -3.954143   -2.246656
<Jan28-2022> <13:10:21>    15.H        -3.485762   -2.073897   -1.531023
<Jan28-2022> <13:10:21>    16.H        -2.105091   -1.553183   -2.508543
<Jan28-2022> <13:10:21>    17.H        -2.577255   -0.631745   -1.071493
<Jan28-2022> <13:10:21>    18.H        -3.132618   -3.053381    0.804461
<Jan28-2022> <13:10:21>    19.H        -1.503989   -3.243264    1.471139
<Jan28-2022> <13:10:21>    20.H         2.337285   -1.226793   -0.400309
<Jan28-2022> <13:10:21>    21.Al        1.961633    2.496549    0.663393
<Jan28-2022> <13:10:21>    22.F         0.541765    2.460224    1.581849
<Jan28-2022> <13:10:21>    23.F         1.852844    3.389845   -0.761977
<Jan28-2022> <13:10:21>    24.F         3.366241    2.733255    1.557051
<Jan28-2022> <13:10:21>  >>>> CORORT
<Jan28-2022> <13:10:21>  >>>> CLSMAT
<Jan28-2022> <13:10:21>  >>>> ORTHON
<Jan28-2022> <13:10:21>  >>>> GENPT
<Jan28-2022> <13:10:22>  Block Length= 128
<Jan28-2022> <13:10:24>  >>>> PTBAS
<Jan28-2022> <13:11:20>  >>>> CYCLE
<Jan28-2022> <13:12:13>  using orbital data from restart file
<Jan28-2022> <13:13:07>              |Error|         MaxErr       Wt(A-DIIS)
<Jan28-2022> <13:13:07>      1      0.37207087      0.11514064
<Jan28-2022> <13:14:33>      2      0.05842150      0.01094081    100.0
<Jan28-2022> <13:15:58>      3      0.11367172      0.01939526    100.0
<Jan28-2022> <13:17:24>      4      0.02716385      0.00500340      4.0
<Jan28-2022> <13:18:50>      5      0.01503201      0.00233299      1.3
<Jan28-2022> <13:20:16>      6      0.00203780      0.00043316      0.0
<Jan28-2022> <13:21:42>      7      0.00039760      0.00003606      0.0
<Jan28-2022> <13:23:07>      8      0.00019738      0.00002832      0.0
<Jan28-2022> <13:24:34>      9      0.00005453      0.00001479      0.0
<Jan28-2022> <13:25:58>     10      0.00002301      0.00000457      0.0
<Jan28-2022> <13:27:21>     11      0.00000775      0.00000124      0.0
<Jan28-2022> <13:28:45>     12      0.00000264      0.00000048      0.0
<Jan28-2022> <13:29:17>  SCF converged
<Jan28-2022> <13:30:11>     13      0.00000088      0.00000018      0.0
<Jan28-2022> <13:30:43>  >>>> TOTEN
<Jan28-2022> <13:32:28>  >>>> POPAN
<Jan28-2022> <13:32:28>  >>>> DEBYE
<Jan28-2022> <13:32:28>  >>>> ENGRAD
<Jan28-2022> <13:36:19>  current energy                               -4.81649376 Hartree
<Jan28-2022> <13:36:19>  energy change                      -0.00140567     0.00024000    F
<Jan28-2022> <13:36:19>  constrained gradient max            0.01660189     0.00100000    F
<Jan28-2022> <13:36:19>  constrained gradient rms            0.00392723     0.00066667    F
<Jan28-2022> <13:36:19>  gradient max                        0.01660189
<Jan28-2022> <13:36:19>  gradient rms                        0.00392723
<Jan28-2022> <13:36:19>  cart. step max                      0.20112141     0.01000000    F
<Jan28-2022> <13:36:19>  cart. step rms                      0.04614139     0.00666667    F
<Jan28-2022> <13:36:19>  Iteration 7
<Jan28-2022> <13:36:20>  *** GOStep7 ***
<Jan28-2022> <13:36:21>  >>>> FRAGM
<Jan28-2022> <13:36:21>  Coordinates
<Jan28-2022> <13:36:21>     Atom         X           Y           Z   (Angstrom)
<Jan28-2022> <13:36:21>     1.H        -0.448684    0.078524   -0.049025
<Jan28-2022> <13:36:21>     2.C        -0.155143   -1.998323   -0.545562
<Jan28-2022> <13:36:21>     3.C         0.241803   -0.734148   -0.256833
<Jan28-2022> <13:36:21>     4.C         1.642380   -0.431069   -0.200691
<Jan28-2022> <13:36:21>     5.O         2.116240    0.688691    0.048327
<Jan28-2022> <13:36:21>     6.H         0.643151   -2.724308   -0.721117
<Jan28-2022> <13:36:21>     7.C        -1.539587   -3.942713   -1.245385
<Jan28-2022> <13:36:21>     8.C        -1.561096   -2.536518   -0.610892
<Jan28-2022> <13:36:21>     9.C        -2.476840   -1.605127   -1.444542
<Jan28-2022> <13:36:21>    10.C        -2.105776   -2.634072    0.842722
<Jan28-2022> <13:36:21>    11.H        -2.161200   -1.652292    1.319484
<Jan28-2022> <13:36:21>    12.H        -2.549101   -4.361628   -1.284278
<Jan28-2022> <13:36:21>    13.H        -0.915913   -4.632723   -0.667232
<Jan28-2022> <13:36:21>    14.H        -1.153568   -3.912701   -2.269798
<Jan28-2022> <13:36:21>    15.H        -3.484010   -2.030493   -1.490783
<Jan28-2022> <13:36:21>    16.H        -2.107932   -1.499479   -2.469118
<Jan28-2022> <13:36:21>    17.H        -2.558997   -0.607188   -1.007105
<Jan28-2022> <13:36:21>    18.H        -3.112841   -3.062824    0.821465
<Jan28-2022> <13:36:21>    19.H        -1.477853   -3.279846    1.464321
<Jan28-2022> <13:36:21>    20.H         2.359650   -1.252041   -0.386657
<Jan28-2022> <13:36:21>    21.Al        1.913157    2.488237    0.626347
<Jan28-2022> <13:36:21>    22.F         0.401330    2.442601    1.380728
<Jan28-2022> <13:36:21>    23.F         1.956217    3.343594   -0.822576
<Jan28-2022> <13:36:21>    24.F         3.211645    2.736431    1.661590
<Jan28-2022> <13:36:21>  >>>> CORORT
<Jan28-2022> <13:36:21>  >>>> CLSMAT
<Jan28-2022> <13:36:21>  >>>> ORTHON
<Jan28-2022> <13:36:21>  >>>> GENPT
<Jan28-2022> <13:36:22>  Block Length= 128
<Jan28-2022> <13:36:24>  >>>> PTBAS
<Jan28-2022> <13:37:22>  >>>> CYCLE
<Jan28-2022> <13:38:17>  using orbital data from restart file
<Jan28-2022> <13:39:11>              |Error|         MaxErr       Wt(A-DIIS)
<Jan28-2022> <13:39:11>      1      0.28432740      0.08717029
<Jan28-2022> <13:40:40>      2      0.03491784      0.00720941    100.0
<Jan28-2022> <13:42:07>      3      0.05803463      0.01276765    100.0
<Jan28-2022> <13:43:36>      4      0.01374491      0.00211357      1.1
<Jan28-2022> <13:45:05>      5      0.00987671      0.00178015      0.8
<Jan28-2022> <13:46:32>      6      0.00130069      0.00027156      0.0
<Jan28-2022> <13:47:58>      7      0.00051033      0.00008699      0.0
<Jan28-2022> <13:49:25>      8      0.00021440      0.00003976      0.0
<Jan28-2022> <13:50:52>      9      0.00007226      0.00001354      0.0
<Jan28-2022> <13:52:19>     10      0.00001582      0.00000442      0.0
<Jan28-2022> <13:53:44>     11      0.00000697      0.00000152      0.0
<Jan28-2022> <13:55:10>     12      0.00000132      0.00000030      0.0
<Jan28-2022> <13:55:43>  SCF converged
<Jan28-2022> <13:56:37>     13      0.00000061      0.00000011      0.0
<Jan28-2022> <13:57:09>  >>>> TOTEN
<Jan28-2022> <13:58:56>  >>>> POPAN
<Jan28-2022> <13:58:56>  >>>> DEBYE
<Jan28-2022> <13:58:57>  >>>> ENGRAD
<Jan28-2022> <14:02:49>  current energy                               -4.81759966 Hartree
<Jan28-2022> <14:02:49>  energy change                      -0.00110589     0.00024000    F
<Jan28-2022> <14:02:49>  constrained gradient max            0.01602537     0.00100000    F
<Jan28-2022> <14:02:49>  constrained gradient rms            0.00316926     0.00066667    F
<Jan28-2022> <14:02:49>  gradient max                        0.01602537
<Jan28-2022> <14:02:49>  gradient rms                        0.00316926
<Jan28-2022> <14:02:49>  cart. step max                      0.20212770     0.01000000    F
<Jan28-2022> <14:02:49>  cart. step rms                      0.04904441     0.00666667    F
<Jan28-2022> <14:02:49>  Iteration 8
<Jan28-2022> <14:02:50>  *** GOStep8 ***
<Jan28-2022> <14:02:51>  >>>> FRAGM
<Jan28-2022> <14:02:51>  Coordinates
<Jan28-2022> <14:02:51>     Atom         X           Y           Z   (Angstrom)
<Jan28-2022> <14:02:51>     1.H        -0.404776    0.072947   -0.046397
<Jan28-2022> <14:02:51>     2.C        -0.135366   -2.006086   -0.541223
<Jan28-2022> <14:02:51>     3.C         0.276822   -0.746939   -0.255792
<Jan28-2022> <14:02:51>     4.C         1.683047   -0.454763   -0.204659
<Jan28-2022> <14:02:51>     5.O         2.168896    0.657598    0.054269
<Jan28-2022> <14:02:51>     6.H         0.651348   -2.744805   -0.714515
<Jan28-2022> <14:02:51>     7.C        -1.555072   -3.916657   -1.259865
<Jan28-2022> <14:02:51>     8.C        -1.549798   -2.521332   -0.602453
<Jan28-2022> <14:02:51>     9.C        -2.463940   -1.564763   -1.407043
<Jan28-2022> <14:02:51>    10.C        -2.075165   -2.635847    0.857471
<Jan28-2022> <14:02:51>    11.H        -2.109191   -1.660163    1.348046
<Jan28-2022> <14:02:51>    12.H        -2.570418   -4.321322   -1.293373
<Jan28-2022> <14:02:51>    13.H        -0.933253   -4.623374   -0.700670
<Jan28-2022> <14:02:51>    14.H        -1.180468   -3.873706   -2.287763
<Jan28-2022> <14:02:51>    15.H        -3.476993   -1.975659   -1.448559
<Jan28-2022> <14:02:51>    16.H        -2.105167   -1.445943   -2.433508
<Jan28-2022> <14:02:51>    17.H        -2.527159   -0.574309   -0.950552
<Jan28-2022> <14:02:51>    18.H        -3.087780   -3.051006    0.844078
<Jan28-2022> <14:02:51>    19.H        -1.446189   -3.299343    1.458667
<Jan28-2022> <14:02:51>    20.H         2.389462   -1.284147   -0.382434
<Jan28-2022> <14:02:51>    21.Al        1.839930    2.461406    0.591209
<Jan28-2022> <14:02:51>    22.F         0.260137    2.362546    1.178600
<Jan28-2022> <14:02:51>    23.F         2.011319    3.286899   -0.860998
<Jan28-2022> <14:02:51>    24.F         3.016806    2.739353    1.750853
<Jan28-2022> <14:02:51>  >>>> CORORT
<Jan28-2022> <14:02:51>  >>>> CLSMAT
<Jan28-2022> <14:02:51>  >>>> ORTHON
<Jan28-2022> <14:02:51>  >>>> GENPT
<Jan28-2022> <14:02:52>  Block Length= 128
<Jan28-2022> <14:02:54>  >>>> PTBAS
<Jan28-2022> <14:03:52>  >>>> CYCLE
<Jan28-2022> <14:04:49>  using orbital data from restart file
<Jan28-2022> <14:05:44>              |Error|         MaxErr       Wt(A-DIIS)
<Jan28-2022> <14:05:44>      1      0.27881775      0.08855826
<Jan28-2022> <14:07:12>      2      0.03407758      0.00754126    100.0
<Jan28-2022> <14:08:40>      3      0.05595691      0.01344540    100.0
<Jan28-2022> <14:10:09>      4      0.01199341      0.00159266      0.6
<Jan28-2022> <14:11:37>      5      0.00927037      0.00160957      0.6
<Jan28-2022> <14:13:05>      6      0.00142711      0.00026352      0.0
<Jan28-2022> <14:14:33>      7      0.00072980      0.00014064      0.0
<Jan28-2022> <14:15:58>      8      0.00019205      0.00003439      0.0
<Jan28-2022> <14:17:26>      9      0.00007809      0.00001156      0.0
<Jan28-2022> <14:18:53>     10      0.00001692      0.00000397      0.0
<Jan28-2022> <14:20:21>     11      0.00000766      0.00000206      0.0
<Jan28-2022> <14:21:48>     12      0.00000148      0.00000032      0.0
<Jan28-2022> <14:22:21>  SCF converged
<Jan28-2022> <14:23:16>     13      0.00000057      0.00000008      0.0
<Jan28-2022> <14:23:51>  >>>> TOTEN
<Jan28-2022> <14:25:37>  >>>> POPAN
<Jan28-2022> <14:25:37>  >>>> DEBYE
<Jan28-2022> <14:25:37>  >>>> ENGRAD
<Jan28-2022> <14:29:33>  current energy                               -4.81882225 Hartree
<Jan28-2022> <14:29:33>  energy change                      -0.00122260     0.00024000    F
<Jan28-2022> <14:29:33>  constrained gradient max            0.01599507     0.00100000    F
<Jan28-2022> <14:29:33>  constrained gradient rms            0.00277867     0.00066667    F
<Jan28-2022> <14:29:33>  gradient max                        0.01599507
<Jan28-2022> <14:29:33>  gradient rms                        0.00277867
<Jan28-2022> <14:29:33>  cart. step max                      0.20610156     0.01000000    F
<Jan28-2022> <14:29:33>  cart. step rms                      0.04885821     0.00666667    F
<Jan28-2022> <14:29:33>  Iteration 9
<Jan28-2022> <14:29:34>  *** GOStep9 ***
<Jan28-2022> <14:29:35>  >>>> FRAGM
<Jan28-2022> <14:29:35>  Coordinates
<Jan28-2022> <14:29:35>     Atom         X           Y           Z   (Angstrom)
<Jan28-2022> <14:29:35>     1.H        -0.362468    0.071563   -0.039121
<Jan28-2022> <14:29:35>     2.C        -0.117072   -2.011519   -0.527118
<Jan28-2022> <14:29:35>     3.C         0.309579   -0.757369   -0.243073
<Jan28-2022> <14:29:35>     4.C         1.720794   -0.480107   -0.191368
<Jan28-2022> <14:29:35>     5.O         2.225668    0.624588    0.070180
<Jan28-2022> <14:29:35>     6.H         0.658804   -2.761386   -0.700745
<Jan28-2022> <14:29:35>     7.C        -1.566794   -3.885189   -1.280232
<Jan28-2022> <14:29:35>     8.C        -1.538726   -2.505562   -0.591464
<Jan28-2022> <14:29:35>     9.C        -2.448356   -1.520439   -1.364327
<Jan28-2022> <14:29:35>    10.C        -2.051721   -2.648063    0.871105
<Jan28-2022> <14:29:35>    11.H        -2.068647   -1.682688    1.382156
<Jan28-2022> <14:29:35>    12.H        -2.587266   -4.276439   -1.314573
<Jan28-2022> <14:29:35>    13.H        -0.948879   -4.611506   -0.742525
<Jan28-2022> <14:29:35>    14.H        -1.199613   -3.822591   -2.309636
<Jan28-2022> <14:29:35>    15.H        -3.466391   -1.918148   -1.407338
<Jan28-2022> <14:29:35>    16.H        -2.095917   -1.381296   -2.390286
<Jan28-2022> <14:29:35>    17.H        -2.496022   -0.540880   -0.883518
<Jan28-2022> <14:29:35>    18.H        -3.068997   -3.051321    0.858171
<Jan28-2022> <14:29:35>    19.H        -1.424263   -3.332067    1.450300
<Jan28-2022> <14:29:35>    20.H         2.414389   -1.320099   -0.360668
<Jan28-2022> <14:29:35>    21.Al        1.769922    2.431378    0.540909
<Jan28-2022> <14:29:35>    22.F         0.146045    2.278368    0.972498
<Jan28-2022> <14:29:35>    23.F         2.052554    3.226189   -0.907164
<Jan28-2022> <14:29:35>    24.F         2.820410    2.755166    1.801225
<Jan28-2022> <14:29:35>  >>>> CORORT
<Jan28-2022> <14:29:35>  >>>> CLSMAT
<Jan28-2022> <14:29:35>  >>>> ORTHON
<Jan28-2022> <14:29:35>  >>>> GENPT
<Jan28-2022> <14:29:36>  Block Length= 128
<Jan28-2022> <14:29:38>  >>>> PTBAS
<Jan28-2022> <14:30:37>  >>>> CYCLE
<Jan28-2022> <14:31:33>  using orbital data from restart file
<Jan28-2022> <14:32:28>              |Error|         MaxErr       Wt(A-DIIS)
<Jan28-2022> <14:32:28>      1      0.26270477      0.08327022
<Jan28-2022> <14:33:57>      2      0.03056856      0.00648286    100.0
<Jan28-2022> <14:35:24>      3      0.04974828      0.01137667    100.0
<Jan28-2022> <14:36:53>      4      0.01158923      0.00155408      0.6
<Jan28-2022> <14:38:20>      5      0.00834594      0.00143343      0.4
<Jan28-2022> <14:39:48>      6      0.00137437      0.00025247      0.0
<Jan28-2022> <14:41:15>      7      0.00070142      0.00013158      0.0
<Jan28-2022> <14:42:44>      8      0.00018543      0.00003341      0.0
<Jan28-2022> <14:44:10>      9      0.00007004      0.00000931      0.0
<Jan28-2022> <14:45:36>     10      0.00001650      0.00000347      0.0
<Jan28-2022> <14:47:03>     11      0.00000708      0.00000198      0.0
<Jan28-2022> <14:48:31>     12      0.00000139      0.00000028      0.0
<Jan28-2022> <14:49:04>  SCF converged
<Jan28-2022> <14:49:58>     13      0.00000052      0.00000007      0.0
<Jan28-2022> <14:50:31>  >>>> TOTEN
<Jan28-2022> <14:52:19>  >>>> POPAN
<Jan28-2022> <14:52:19>  >>>> DEBYE
<Jan28-2022> <14:52:19>  >>>> ENGRAD
<Jan28-2022> <14:56:14>  current energy                               -4.81977504 Hartree
<Jan28-2022> <14:56:14>  energy change                      -0.00095278     0.00024000    F
<Jan28-2022> <14:56:14>  constrained gradient max            0.01219662     0.00100000    F
<Jan28-2022> <14:56:14>  constrained gradient rms            0.00254214     0.00066667    F
<Jan28-2022> <14:56:14>  gradient max                        0.01219662
<Jan28-2022> <14:56:14>  gradient rms                        0.00254214
<Jan28-2022> <14:56:14>  cart. step max                      0.20893166     0.01000000    F
<Jan28-2022> <14:56:14>  cart. step rms                      0.04578484     0.00666667    F
<Jan28-2022> <14:56:14>  Iteration 10
<Jan28-2022> <14:56:15>  *** GOStep10 ***
<Jan28-2022> <14:56:15>  >>>> FRAGM
<Jan28-2022> <14:56:15>  Coordinates
<Jan28-2022> <14:56:15>     Atom         X           Y           Z   (Angstrom)
<Jan28-2022> <14:56:15>     1.H        -0.340018    0.073220   -0.028704
<Jan28-2022> <14:56:15>     2.C        -0.107943   -2.014722   -0.504162
<Jan28-2022> <14:56:15>     3.C         0.326050   -0.762658   -0.222018
<Jan28-2022> <14:56:15>     4.C         1.739665   -0.498974   -0.160903
<Jan28-2022> <14:56:15>     5.O         2.263479    0.598699    0.101228
<Jan28-2022> <14:56:15>     6.H         0.662543   -2.773383   -0.663300
<Jan28-2022> <14:56:15>     7.C        -1.571539   -3.854184   -1.311081
<Jan28-2022> <14:56:15>     8.C        -1.532689   -2.496717   -0.579891
<Jan28-2022> <14:56:15>     9.C        -2.441244   -1.483218   -1.315405
<Jan28-2022> <14:56:15>    10.C        -2.038303   -2.683066    0.881000
<Jan28-2022> <14:56:15>    11.H        -2.048182   -1.733507    1.420965
<Jan28-2022> <14:56:15>    12.H        -2.594387   -4.238401   -1.352931
<Jan28-2022> <14:56:15>    13.H        -0.955236   -4.600269   -0.799245
<Jan28-2022> <14:56:15>    14.H        -1.208500   -3.761426   -2.339667
<Jan28-2022> <14:56:15>    15.H        -3.461138   -1.874942   -1.367142
<Jan28-2022> <14:56:15>    16.H        -2.092379   -1.311815   -2.337680
<Jan28-2022> <14:56:15>    17.H        -2.482784   -0.519867   -0.802448
<Jan28-2022> <14:56:15>    18.H        -3.057156   -3.081978    0.860979
<Jan28-2022> <14:56:15>    19.H        -1.410276   -3.387097    1.435034
<Jan28-2022> <14:56:15>    20.H         2.423099   -1.348411   -0.321450
<Jan28-2022> <14:56:15>    21.Al        1.732714    2.417923    0.478074
<Jan28-2022> <14:56:15>    22.F         0.077623    2.256116    0.763567
<Jan28-2022> <14:56:15>    23.F         2.135016    3.173290   -0.961135
<Jan28-2022> <14:56:15>    24.F         2.658616    2.785969    1.819703
<Jan28-2022> <14:56:15>  >>>> CORORT
<Jan28-2022> <14:56:15>  >>>> CLSMAT
<Jan28-2022> <14:56:15>  >>>> ORTHON
<Jan28-2022> <14:56:15>  >>>> GENPT
<Jan28-2022> <14:56:16>  Block Length= 128
<Jan28-2022> <14:56:18>  >>>> PTBAS
<Jan28-2022> <14:57:16>  >>>> CYCLE
<Jan28-2022> <14:58:13>  using orbital data from restart file
<Jan28-2022> <14:59:07>              |Error|         MaxErr       Wt(A-DIIS)
<Jan28-2022> <14:59:07>      1      0.24801292      0.07894336
<Jan28-2022> <15:00:36>      2      0.02723839      0.00481666    100.0
<Jan28-2022> <15:02:03>      3      0.04480146      0.00805874    100.0
<Jan28-2022> <15:03:30>      4      0.01255296      0.00193336      0.9
<Jan28-2022> <15:04:57>      5      0.00729302      0.00123687      0.2
<Jan28-2022> <15:06:22>      6      0.00111619      0.00019644      0.0
<Jan28-2022> <15:07:49>      7      0.00049003      0.00007547      0.0
<Jan28-2022> <15:09:17>      8      0.00019428      0.00003603      0.0
<Jan28-2022> <15:10:46>      9      0.00005950      0.00000872      0.0
<Jan28-2022> <15:12:14>     10      0.00001334      0.00000279      0.0
<Jan28-2022> <15:13:43>     11      0.00000626      0.00000161      0.0
<Jan28-2022> <15:15:10>     12      0.00000114      0.00000029      0.0
<Jan28-2022> <15:15:44>  SCF converged
<Jan28-2022> <15:16:39>     13      0.00000053      0.00000008      0.0
<Jan28-2022> <15:17:13>  >>>> TOTEN
<Jan28-2022> <15:19:00>  >>>> POPAN
<Jan28-2022> <15:19:00>  >>>> DEBYE
<Jan28-2022> <15:19:00>  >>>> ENGRAD
<Jan28-2022> <15:22:54>  current energy                               -4.82026040 Hartree
<Jan28-2022> <15:22:54>  energy change                      -0.00048536     0.00024000    F
<Jan28-2022> <15:22:54>  constrained gradient max            0.00924737     0.00100000    F
<Jan28-2022> <15:22:54>  constrained gradient rms            0.00220415     0.00066667    F
<Jan28-2022> <15:22:54>  gradient max                        0.00924737
<Jan28-2022> <15:22:54>  gradient rms                        0.00220415
<Jan28-2022> <15:22:54>  cart. step max                      0.21137431     0.01000000    F
<Jan28-2022> <15:22:54>  cart. step rms                      0.05490176     0.00666667    F
<Jan28-2022> <15:22:54>  Iteration 11
<Jan28-2022> <15:22:56>  *** GOStep11 ***
<Jan28-2022> <15:22:56>  >>>> FRAGM
<Jan28-2022> <15:22:56>  Coordinates
<Jan28-2022> <15:22:56>     Atom         X           Y           Z   (Angstrom)
<Jan28-2022> <15:22:56>     1.H        -0.330571    0.087608   -0.072889
<Jan28-2022> <15:22:56>     2.C        -0.102920   -2.018976   -0.460802
<Jan28-2022> <15:22:56>     3.C         0.332260   -0.761703   -0.205540
<Jan28-2022> <15:22:56>     4.C         1.745958   -0.514286   -0.103804
<Jan28-2022> <15:22:56>     5.O         2.292536    0.577937    0.146096
<Jan28-2022> <15:22:56>     6.H         0.662574   -2.790465   -0.576544
<Jan28-2022> <15:22:56>     7.C        -1.569585   -3.813013   -1.358260
<Jan28-2022> <15:22:56>     8.C        -1.530221   -2.491080   -0.563847
<Jan28-2022> <15:22:56>     9.C        -2.436805   -1.442047   -1.247818
<Jan28-2022> <15:22:56>    10.C        -2.032162   -2.746623    0.888015
<Jan28-2022> <15:22:56>    11.H        -2.040899   -1.822907    1.471216
<Jan28-2022> <15:22:56>    12.H        -2.593019   -4.193182   -1.418858
<Jan28-2022> <15:22:56>    13.H        -0.954503   -4.583267   -0.881906
<Jan28-2022> <15:22:56>    14.H        -1.205499   -3.672324   -2.381026
<Jan28-2022> <15:22:56>    15.H        -3.456974   -1.829641   -1.320169
<Jan28-2022> <15:22:56>    16.H        -2.086742   -1.219853   -2.259882
<Jan28-2022> <15:22:56>    17.H        -2.478516   -0.505191   -0.687959
<Jan28-2022> <15:22:56>    18.H        -3.050914   -3.144625    0.851594
<Jan28-2022> <15:22:56>    19.H        -1.402613   -3.475417    1.407363
<Jan28-2022> <15:22:56>    20.H         2.417180   -1.378941   -0.229702
<Jan28-2022> <15:22:56>    21.Al        1.711583    2.412468    0.395006
<Jan28-2022> <15:22:56>    22.F         0.038870    2.265254    0.552192
<Jan28-2022> <15:22:56>    23.F         2.225355    3.101418   -1.039442
<Jan28-2022> <15:22:56>    24.F         2.522659    2.839440    1.790350
<Jan28-2022> <15:22:56>  >>>> CORORT
<Jan28-2022> <15:22:57>  >>>> CLSMAT
<Jan28-2022> <15:22:57>  >>>> ORTHON
<Jan28-2022> <15:22:57>  >>>> GENPT
<Jan28-2022> <15:22:58>  Block Length= 128
<Jan28-2022> <15:23:00>  >>>> PTBAS
<Jan28-2022> <15:23:58>  >>>> CYCLE
<Jan28-2022> <15:24:53>  using orbital data from restart file
<Jan28-2022> <15:25:47>              |Error|         MaxErr       Wt(A-DIIS)
<Jan28-2022> <15:25:47>      1      0.25486392      0.06938642
<Jan28-2022> <15:27:14>      2      0.02817509      0.00374164    100.0
<Jan28-2022> <15:28:38>      3      0.03797991      0.00583048    100.0
<Jan28-2022> <15:30:04>      4      0.01279799      0.00243676      1.5
<Jan28-2022> <15:31:30>      5      0.00754379      0.00125899      0.3
<Jan28-2022> <15:32:56>      6      0.00144079      0.00027594      0.0
<Jan28-2022> <15:34:22>      7      0.00056870      0.00009699      0.0
<Jan28-2022> <15:35:46>      8      0.00022238      0.00004202      0.0
<Jan28-2022> <15:37:11>      9      0.00006475      0.00001090      0.0
<Jan28-2022> <15:38:36>     10      0.00001611      0.00000324      0.0
<Jan28-2022> <15:40:01>     11      0.00000526      0.00000061      0.0
<Jan28-2022> <15:40:32>  SCF converged
<Jan28-2022> <15:41:26>     12      0.00000088      0.00000015      0.0
<Jan28-2022> <15:41:59>  >>>> TOTEN
<Jan28-2022> <15:43:43>  >>>> POPAN
<Jan28-2022> <15:43:43>  >>>> DEBYE
<Jan28-2022> <15:43:44>  >>>> ENGRAD
<Jan28-2022> <15:47:34>  current energy                               -4.82067372 Hartree
<Jan28-2022> <15:47:34>  energy change                      -0.00041332     0.00024000    F
<Jan28-2022> <15:47:34>  constrained gradient max            0.00674088     0.00100000    F
<Jan28-2022> <15:47:34>  constrained gradient rms            0.00166467     0.00066667    F
<Jan28-2022> <15:47:34>  gradient max                        0.00674088
<Jan28-2022> <15:47:34>  gradient rms                        0.00166467
<Jan28-2022> <15:47:34>  cart. step max                      0.21096791     0.01000000    F
<Jan28-2022> <15:47:34>  cart. step rms                      0.06184309     0.00666667    F
<Jan28-2022> <15:47:34>  Iteration 12
<Jan28-2022> <15:47:35>  *** GOStep12 ***
<Jan28-2022> <15:47:35>  >>>> FRAGM
<Jan28-2022> <15:47:35>  Coordinates
<Jan28-2022> <15:47:35>     Atom         X           Y           Z   (Angstrom)
<Jan28-2022> <15:47:35>     1.H        -0.332048    0.106062   -0.122041
<Jan28-2022> <15:47:35>     2.C        -0.109195   -2.017688   -0.407792
<Jan28-2022> <15:47:35>     3.C         0.326398   -0.753404   -0.189415
<Jan28-2022> <15:47:35>     4.C         1.736288   -0.522600   -0.033118
<Jan28-2022> <15:47:35>     5.O         2.301476    0.566140    0.197087
<Jan28-2022> <15:47:35>     6.H         0.651296   -2.801378   -0.454127
<Jan28-2022> <15:47:35>     7.C        -1.557276   -3.765832   -1.414014
<Jan28-2022> <15:47:35>     8.C        -1.534374   -2.488673   -0.547558
<Jan28-2022> <15:47:35>     9.C        -2.449839   -1.412829   -1.172672
<Jan28-2022> <15:47:35>    10.C        -2.033663   -2.831128    0.887303
<Jan28-2022> <15:47:35>    11.H        -2.053908   -1.941261    1.520997
<Jan28-2022> <15:47:35>    12.H        -2.577200   -4.150832   -1.499580
<Jan28-2022> <15:47:35>    13.H        -0.937020   -4.555989   -0.978482
<Jan28-2022> <15:47:35>    14.H        -1.190761   -3.565988   -2.426081
<Jan28-2022> <15:47:35>    15.H        -3.464871   -1.807645   -1.273050
<Jan28-2022> <15:47:35>    16.H        -2.098593   -1.126773   -2.168257
<Jan28-2022> <15:47:35>    17.H        -2.507169   -0.510726   -0.559488
<Jan28-2022> <15:47:35>    18.H        -3.047743   -3.238346    0.827104
<Jan28-2022> <15:47:35>    19.H        -1.396610   -3.580471    1.367093
<Jan28-2022> <15:47:35>    20.H         2.395943   -1.402606   -0.109336
<Jan28-2022> <15:47:35>    21.Al        1.725210    2.421542    0.301876
<Jan28-2022> <15:47:35>    22.F         0.042207    2.323870    0.341224
<Jan28-2022> <15:47:35>    23.F         2.352653    3.025321   -1.124920
<Jan28-2022> <15:47:35>    24.F         2.435833    2.911817    1.730633
<Jan28-2022> <15:47:36>  >>>> CORORT
<Jan28-2022> <15:47:36>  >>>> CLSMAT
<Jan28-2022> <15:47:36>  >>>> ORTHON
<Jan28-2022> <15:47:36>  >>>> GENPT
<Jan28-2022> <15:47:37>  Block Length= 128
<Jan28-2022> <15:47:39>  >>>> PTBAS
<Jan28-2022> <15:48:38>  >>>> CYCLE
<Jan28-2022> <15:49:32>  using orbital data from restart file
<Jan28-2022> <15:50:26>              |Error|         MaxErr       Wt(A-DIIS)
<Jan28-2022> <15:50:26>      1      0.26655135      0.06556573
<Jan28-2022> <15:51:52>      2      0.03150982      0.00390990    100.0
<Jan28-2022> <15:53:17>      3      0.04007899      0.00640146    100.0
<Jan28-2022> <15:54:42>      4      0.01087010      0.00177896      0.8
<Jan28-2022> <15:56:08>      5      0.00632778      0.00135927      0.4
<Jan28-2022> <15:57:34>      6      0.00164219      0.00028005      0.0
<Jan28-2022> <15:59:00>      7      0.00046209      0.00007670      0.0
<Jan28-2022> <16:00:25>      8      0.00021833      0.00005230      0.0
<Jan28-2022> <16:01:53>      9      0.00008021      0.00001746      0.0
<Jan28-2022> <16:03:19>     10      0.00002106      0.00000518      0.0
<Jan28-2022> <16:04:46>     11      0.00000567      0.00000083      0.0
<Jan28-2022> <16:05:20>  SCF converged
<Jan28-2022> <16:06:13>     12      0.00000148      0.00000025      0.0
<Jan28-2022> <16:06:46>  >>>> TOTEN
<Jan28-2022> <16:08:32>  >>>> POPAN
<Jan28-2022> <16:08:32>  >>>> DEBYE
<Jan28-2022> <16:08:33>  >>>> ENGRAD
<Jan28-2022> <16:12:24>  current energy                               -4.82110436 Hartree
<Jan28-2022> <16:12:24>  energy change                      -0.00043064     0.00024000    F
<Jan28-2022> <16:12:24>  constrained gradient max            0.00702491     0.00100000    F
<Jan28-2022> <16:12:24>  constrained gradient rms            0.00161718     0.00066667    F
<Jan28-2022> <16:12:24>  gradient max                        0.00702491
<Jan28-2022> <16:12:24>  gradient rms                        0.00161718
<Jan28-2022> <16:12:24>  cart. step max                      0.19413489     0.01000000    F
<Jan28-2022> <16:12:24>  cart. step rms                      0.07921804     0.00666667    F
<Jan28-2022> <16:12:24>  Iteration 13
<Jan28-2022> <16:12:25>  *** GOStep13 ***
<Jan28-2022> <16:12:26>  >>>> FRAGM
<Jan28-2022> <16:12:26>  Coordinates
<Jan28-2022> <16:12:26>     Atom         X           Y           Z   (Angstrom)
<Jan28-2022> <16:12:26>     1.H        -0.328624    0.131041   -0.227243
<Jan28-2022> <16:12:26>     2.C        -0.125567   -2.011002   -0.327915
<Jan28-2022> <16:12:26>     3.C         0.316288   -0.738878   -0.177109
<Jan28-2022> <16:12:26>     4.C         1.714570   -0.525688    0.064741
<Jan28-2022> <16:12:26>     5.O         2.298065    0.563160    0.246619
<Jan28-2022> <16:12:26>     6.H         0.619608   -2.808343   -0.268726
<Jan28-2022> <16:12:26>     7.C        -1.528830   -3.697251   -1.482773
<Jan28-2022> <16:12:26>     8.C        -1.544327   -2.484504   -0.525502
<Jan28-2022> <16:12:26>     9.C        -2.474140   -1.385643   -1.077981
<Jan28-2022> <16:12:26>    10.C        -2.044398   -2.943538    0.875615
<Jan28-2022> <16:12:26>    11.H        -2.089190   -2.103686    1.573655
<Jan28-2022> <16:12:26>    12.H        -2.540485   -4.093474   -1.608212
<Jan28-2022> <16:12:26>    13.H        -0.898269   -4.505526   -1.097916
<Jan28-2022> <16:12:26>    14.H        -1.154960   -3.418127   -2.473228
<Jan28-2022> <16:12:26>    15.H        -3.478718   -1.793168   -1.222799
<Jan28-2022> <16:12:26>    16.H        -2.118734   -1.014578   -2.043773
<Jan28-2022> <16:12:26>    17.H        -2.562121   -0.534580   -0.398501
<Jan28-2022> <16:12:26>    18.H        -3.049147   -3.366575    0.777090
<Jan28-2022> <16:12:26>    19.H        -1.395761   -3.713105    1.305908
<Jan28-2022> <16:12:26>    20.H         2.356152   -1.423525    0.081073
<Jan28-2022> <16:12:26>    21.Al        1.757837    2.430561    0.186887
<Jan28-2022> <16:12:26>    22.F         0.073636    2.395100    0.147090
<Jan28-2022> <16:12:26>    23.F         2.465783    2.916320   -1.246548
<Jan28-2022> <16:12:26>    24.F         2.408364    3.005596    1.612936
<Jan28-2022> <16:12:26>  >>>> CORORT
<Jan28-2022> <16:12:26>  >>>> CLSMAT
<Jan28-2022> <16:12:27>  >>>> ORTHON
<Jan28-2022> <16:12:27>  >>>> GENPT
<Jan28-2022> <16:12:27>  Block Length= 128
<Jan28-2022> <16:12:30>  >>>> PTBAS
<Jan28-2022> <16:13:28>  >>>> CYCLE
<Jan28-2022> <16:14:24>  using orbital data from restart file
<Jan28-2022> <16:15:19>              |Error|         MaxErr       Wt(A-DIIS)
<Jan28-2022> <16:15:19>      1      0.30838488      0.06647745
<Jan28-2022> <16:16:46>      2      0.04723790      0.00454084    100.0
<Jan28-2022> <16:18:16>      3      0.06963002      0.00658254    100.0
<Jan28-2022> <16:19:41>      4      0.02092078      0.00462569      3.7
<Jan28-2022> <16:21:09>      5      0.01131924      0.00243340      1.4
<Jan28-2022> <16:22:36>      6      0.00187723      0.00029618      0.0
<Jan28-2022> <16:24:05>      7      0.00050938      0.00009510      0.0
<Jan28-2022> <16:25:33>      8      0.00028631      0.00005784      0.0
<Jan28-2022> <16:27:03>      9      0.00008016      0.00001868      0.0
<Jan28-2022> <16:28:31>     10      0.00003048      0.00000792      0.0
<Jan28-2022> <16:29:58>     11      0.00000612      0.00000094      0.0
<Jan28-2022> <16:30:33>  SCF converged
<Jan28-2022> <16:31:28>     12      0.00000142      0.00000018      0.0
<Jan28-2022> <16:32:01>  >>>> TOTEN
<Jan28-2022> <16:33:51>  >>>> POPAN
<Jan28-2022> <16:33:51>  >>>> DEBYE
<Jan28-2022> <16:33:52>  >>>> ENGRAD
<Jan28-2022> <16:37:47>  current energy                               -4.82177528 Hartree
<Jan28-2022> <16:37:47>  energy change                      -0.00067092     0.00024000    F
<Jan28-2022> <16:37:47>  constrained gradient max            0.00954857     0.00100000    F
<Jan28-2022> <16:37:47>  constrained gradient rms            0.00206268     0.00066667    F
<Jan28-2022> <16:37:47>  gradient max                        0.00954857
<Jan28-2022> <16:37:47>  gradient rms                        0.00206268
<Jan28-2022> <16:37:47>  cart. step max                      0.21135599     0.01000000    F
<Jan28-2022> <16:37:47>  cart. step rms                      0.08597419     0.00666667    F
<Jan28-2022> <16:37:47>  Iteration 14
<Jan28-2022> <16:37:48>  *** GOStep14 ***
<Jan28-2022> <16:37:48>  >>>> FRAGM
<Jan28-2022> <16:37:48>  Coordinates
<Jan28-2022> <16:37:48>     Atom         X           Y           Z   (Angstrom)
<Jan28-2022> <16:37:48>     1.H        -0.317495    0.143139   -0.315400
<Jan28-2022> <16:37:48>     2.C        -0.148292   -2.001775   -0.238814
<Jan28-2022> <16:37:48>     3.C         0.307760   -0.728001   -0.158471
<Jan28-2022> <16:37:48>     4.C         1.688816   -0.522691    0.164860
<Jan28-2022> <16:37:48>     5.O         2.286922    0.566219    0.289854
<Jan28-2022> <16:37:48>     6.H         0.571519   -2.805645   -0.065030
<Jan28-2022> <16:37:48>     7.C        -1.492302   -3.612302   -1.550274
<Jan28-2022> <16:37:48>     8.C        -1.555073   -2.479162   -0.498709
<Jan28-2022> <16:37:48>     9.C        -2.501295   -1.362999   -0.973717
<Jan28-2022> <16:37:48>    10.C        -2.058925   -3.063402    0.853206
<Jan28-2022> <16:37:48>    11.H        -2.133861   -2.285066    1.617427
<Jan28-2022> <16:37:48>    12.H        -2.492863   -4.019974   -1.721713
<Jan28-2022> <16:37:48>    13.H        -0.847754   -4.434265   -1.221538
<Jan28-2022> <16:37:48>    14.H        -1.111918   -3.246095   -2.509386
<Jan28-2022> <16:37:48>    15.H        -3.493488   -1.779942   -1.168623
<Jan28-2022> <16:37:48>    16.H        -2.143462   -0.902905   -1.899693
<Jan28-2022> <16:37:48>    17.H        -2.621567   -0.573662   -0.227127
<Jan28-2022> <16:37:48>    18.H        -3.052072   -3.500566    0.707566
<Jan28-2022> <16:37:48>    19.H        -1.398015   -3.850758    1.229758
<Jan28-2022> <16:37:48>    20.H         2.309274   -1.428806    0.286154
<Jan28-2022> <16:37:48>    21.Al        1.795835    2.430703    0.059213
<Jan28-2022> <16:37:48>    22.F         0.115834    2.443616   -0.064266
<Jan28-2022> <16:37:48>    23.F         2.580774    2.792710   -1.371553
<Jan28-2022> <16:37:48>    24.F         2.388681    3.102213    1.469664
<Jan28-2022> <16:37:48>  >>>> CORORT
<Jan28-2022> <16:37:48>  >>>> CLSMAT
<Jan28-2022> <16:37:48>  >>>> ORTHON
<Jan28-2022> <16:37:49>  >>>> GENPT
<Jan28-2022> <16:37:49>  Block Length= 128
<Jan28-2022> <16:37:52>  >>>> PTBAS
<Jan28-2022> <16:38:49>  >>>> CYCLE
<Jan28-2022> <16:39:43>  using orbital data from restart file
<Jan28-2022> <16:40:37>              |Error|         MaxErr       Wt(A-DIIS)
<Jan28-2022> <16:40:37>      1      0.32520027      0.07067381
<Jan28-2022> <16:42:05>      2      0.05225208      0.00440596    100.0
<Jan28-2022> <16:43:31>      3      0.07955874      0.00711403    100.0
<Jan28-2022> <16:44:56>      4      0.02258057      0.00470463      3.7
<Jan28-2022> <16:46:21>      5      0.01190782      0.00251988      1.5
<Jan28-2022> <16:47:48>      6      0.00241644      0.00048444      0.0
<Jan28-2022> <16:49:15>      7      0.00082453      0.00016838      0.0
<Jan28-2022> <16:50:41>      8      0.00035345      0.00007333      0.0
<Jan28-2022> <16:52:07>      9      0.00006913      0.00001456      0.0
<Jan28-2022> <16:53:33>     10      0.00003160      0.00000976      0.0
<Jan28-2022> <16:54:59>     11      0.00000589      0.00000093      0.0
<Jan28-2022> <16:55:32>  SCF converged
<Jan28-2022> <16:56:26>     12      0.00000134      0.00000018      0.0
<Jan28-2022> <16:56:58>  >>>> TOTEN
<Jan28-2022> <16:58:45>  >>>> POPAN
<Jan28-2022> <16:58:45>  >>>> DEBYE
<Jan28-2022> <16:58:46>  >>>> ENGRAD
<Jan28-2022> <17:02:39>  current energy                               -4.82227227 Hartree
<Jan28-2022> <17:02:39>  energy change                      -0.00049699     0.00024000    F
<Jan28-2022> <17:02:39>  constrained gradient max            0.01211435     0.00100000    F
<Jan28-2022> <17:02:39>  constrained gradient rms            0.00256137     0.00066667    F
<Jan28-2022> <17:02:39>  gradient max                        0.01211435
<Jan28-2022> <17:02:39>  gradient rms                        0.00256137
<Jan28-2022> <17:02:39>  cart. step max                      0.15809993     0.01000000    F
<Jan28-2022> <17:02:39>  cart. step rms                      0.06210827     0.00666667    F
<Jan28-2022> <17:02:39>  Iteration 15
<Jan28-2022> <17:02:40>  *** GOStep15 ***
<Jan28-2022> <17:02:42>  >>>> FRAGM
<Jan28-2022> <17:02:42>  Coordinates
<Jan28-2022> <17:02:42>     Atom         X           Y           Z   (Angstrom)
<Jan28-2022> <17:02:42>     1.H        -0.309712    0.138427   -0.367968
<Jan28-2022> <17:02:42>     2.C        -0.169667   -1.997564   -0.158730
<Jan28-2022> <17:02:42>     3.C         0.301193   -0.726823   -0.137190
<Jan28-2022> <17:02:42>     4.C         1.670870   -0.513768    0.225648
<Jan28-2022> <17:02:42>     5.O         2.270909    0.578639    0.284735
<Jan28-2022> <17:02:42>     6.H         0.528284   -2.800061    0.093070
<Jan28-2022> <17:02:42>     7.C        -1.452258   -3.546525   -1.588961
<Jan28-2022> <17:02:42>     8.C        -1.562635   -2.478833   -0.471443
<Jan28-2022> <17:02:42>     9.C        -2.512262   -1.351963   -0.903281
<Jan28-2022> <17:02:42>    10.C        -2.090264   -3.152910    0.827604
<Jan28-2022> <17:02:42>    11.H        -2.192880   -2.426394    1.638688
<Jan28-2022> <17:02:42>    12.H        -2.442026   -3.960881   -1.803427
<Jan28-2022> <17:02:42>    13.H        -0.798394   -4.374821   -1.296964
<Jan28-2022> <17:02:42>    14.H        -1.060699   -3.115088   -2.515689
<Jan28-2022> <17:02:42>    15.H        -3.496298   -1.767615   -1.138536
<Jan28-2022> <17:02:42>    16.H        -2.147766   -0.836297   -1.796926
<Jan28-2022> <17:02:42>    17.H        -2.652662   -0.606280   -0.115587
<Jan28-2022> <17:02:42>    18.H        -3.075371   -3.590025    0.634217
<Jan28-2022> <17:02:42>    19.H        -1.429541   -3.956168    1.169135
<Jan28-2022> <17:02:42>    20.H         2.278761   -1.413071    0.434642
<Jan28-2022> <17:02:42>    21.Al        1.825752    2.431333   -0.031354
<Jan28-2022> <17:02:42>    22.F         0.145157    2.474184   -0.139522
<Jan28-2022> <17:02:42>    23.F         2.601604    2.710555   -1.487474
<Jan28-2022> <17:02:42>    24.F         2.446938    3.162533    1.338702
<Jan28-2022> <17:02:42>  >>>> CORORT
<Jan28-2022> <17:02:42>  >>>> CLSMAT
<Jan28-2022> <17:02:42>  >>>> ORTHON
<Jan28-2022> <17:02:43>  >>>> GENPT
<Jan28-2022> <17:02:43>  Block Length= 128
<Jan28-2022> <17:02:46>  >>>> PTBAS
<Jan28-2022> <17:03:43>  >>>> CYCLE
<Jan28-2022> <17:04:39>  using orbital data from restart file
<Jan28-2022> <17:05:33>              |Error|         MaxErr       Wt(A-DIIS)
<Jan28-2022> <17:05:33>      1      0.24239320      0.06107044
<Jan28-2022> <17:06:59>      2      0.03121621      0.00335104    100.0
<Jan28-2022> <17:08:27>      3      0.04544559      0.00414513    100.0
<Jan28-2022> <17:09:50>      4      0.01271184      0.00235889      1.4
<Jan28-2022> <17:11:15>      5      0.00720847      0.00148253      0.5
<Jan28-2022> <17:12:41>      6      0.00186740      0.00044741      0.0
<Jan28-2022> <17:14:07>      7      0.00051950      0.00010073      0.0
<Jan28-2022> <17:15:34>      8      0.00020076      0.00003077      0.0
<Jan28-2022> <17:17:02>      9      0.00003164      0.00000546      0.0
<Jan28-2022> <17:18:30>     10      0.00001655      0.00000428      0.0
<Jan28-2022> <17:19:56>     11      0.00000373      0.00000068      0.0
<Jan28-2022> <17:20:32>  SCF converged
<Jan28-2022> <17:21:26>     12      0.00000082      0.00000011      0.0
<Jan28-2022> <17:21:58>  >>>> TOTEN
<Jan28-2022> <17:23:45>  >>>> POPAN
<Jan28-2022> <17:23:45>  >>>> DEBYE
<Jan28-2022> <17:23:45>  >>>> ENGRAD
<Jan28-2022> <17:27:41>  current energy                               -4.82260877 Hartree
<Jan28-2022> <17:27:41>  energy change                      -0.00033650     0.00024000    F
<Jan28-2022> <17:27:41>  constrained gradient max            0.01047482     0.00100000    F
<Jan28-2022> <17:27:41>  constrained gradient rms            0.00238117     0.00066667    F
<Jan28-2022> <17:27:41>  gradient max                        0.01047482
<Jan28-2022> <17:27:41>  gradient rms                        0.00238117
<Jan28-2022> <17:27:41>  cart. step max                      0.09619227     0.01000000    F
<Jan28-2022> <17:27:41>  cart. step rms                      0.03301180     0.00666667    F
<Jan28-2022> <17:27:41>  Iteration 16
<Jan28-2022> <17:27:42>  *** GOStep16 ***
<Jan28-2022> <17:27:42>  >>>> FRAGM
<Jan28-2022> <17:27:42>  Coordinates
<Jan28-2022> <17:27:42>     Atom         X           Y           Z   (Angstrom)
<Jan28-2022> <17:27:42>     1.H        -0.300938    0.133725   -0.375332
<Jan28-2022> <17:27:42>     2.C        -0.176660   -1.998412   -0.125278
<Jan28-2022> <17:27:42>     3.C         0.302530   -0.730631   -0.120741
<Jan28-2022> <17:27:42>     4.C         1.669291   -0.511156    0.252750
<Jan28-2022> <17:27:42>     5.O         2.262751    0.585208    0.290045
<Jan28-2022> <17:27:42>     6.H         0.514542   -2.798123    0.153437
<Jan28-2022> <17:27:42>     7.C        -1.436302   -3.506791   -1.606818
<Jan28-2022> <17:27:42>     8.C        -1.564206   -2.476704   -0.454410
<Jan28-2022> <17:27:42>     9.C        -2.518147   -1.343954   -0.860919
<Jan28-2022> <17:27:42>    10.C        -2.104189   -3.197645    0.813029
<Jan28-2022> <17:27:42>    11.H        -2.213139   -2.501777    1.649921
<Jan28-2022> <17:27:42>    12.H        -2.421602   -3.923188   -1.837818
<Jan28-2022> <17:27:42>    13.H        -0.775640   -4.337483   -1.338560
<Jan28-2022> <17:27:42>    14.H        -1.045174   -3.040215   -2.516187
<Jan28-2022> <17:27:42>    15.H        -3.501755   -1.756100   -1.104174
<Jan28-2022> <17:27:42>    16.H        -2.158893   -0.807069   -1.743940
<Jan28-2022> <17:27:42>    17.H        -2.656495   -0.616951   -0.055387
<Jan28-2022> <17:27:42>    18.H        -3.088325   -3.626017    0.597291
<Jan28-2022> <17:27:42>    19.H        -1.446175   -4.013299    1.128975
<Jan28-2022> <17:27:42>    20.H         2.271435   -1.400394    0.512374
<Jan28-2022> <17:27:42>    21.Al        1.835694    2.426457   -0.083837
<Jan28-2022> <17:27:42>    22.F         0.156518    2.451843   -0.235715
<Jan28-2022> <17:27:42>    23.F         2.651105    2.671107   -1.526738
<Jan28-2022> <17:27:42>    24.F         2.420807    3.198155    1.281421
<Jan28-2022> <17:27:42>  >>>> CORORT
<Jan28-2022> <17:27:42>  >>>> CLSMAT
<Jan28-2022> <17:27:42>  >>>> ORTHON
<Jan28-2022> <17:27:43>  >>>> GENPT
<Jan28-2022> <17:27:43>  Block Length= 128
<Jan28-2022> <17:27:46>  >>>> PTBAS
<Jan28-2022> <17:28:43>  >>>> CYCLE
<Jan28-2022> <17:29:38>  using orbital data from restart file
<Jan28-2022> <17:30:31>              |Error|         MaxErr       Wt(A-DIIS)
<Jan28-2022> <17:30:31>      1      0.12380906      0.02347202
<Jan28-2022> <17:31:59>      2      0.01134109      0.00128163    100.0
<Jan28-2022> <17:33:23>      3      0.01404316      0.00239074    100.0
<Jan28-2022> <17:34:48>      4      0.00594635      0.00141524      0.4
<Jan28-2022> <17:36:15>      5      0.00255174      0.00049901      0.0
<Jan28-2022> <17:37:40>      6      0.00058964      0.00011217      0.0
<Jan28-2022> <17:39:06>      7      0.00029524      0.00007681      0.0
<Jan28-2022> <17:40:34>      8      0.00007659      0.00001369      0.0
<Jan28-2022> <17:42:01>      9      0.00001967      0.00000440      0.0
<Jan28-2022> <17:43:28>     10      0.00000651      0.00000187      0.0
<Jan28-2022> <17:44:54>     11      0.00000207      0.00000041      0.0
<Jan28-2022> <17:45:28>  SCF converged
<Jan28-2022> <17:46:22>     12      0.00000040      0.00000008      0.0
<Jan28-2022> <17:46:54>  >>>> TOTEN
<Jan28-2022> <17:48:40>  >>>> POPAN
<Jan28-2022> <17:48:40>  >>>> DEBYE
<Jan28-2022> <17:48:40>  >>>> ENGRAD
<Jan28-2022> <17:52:38>  current energy                               -4.82281926 Hartree
<Jan28-2022> <17:52:38>  energy change                      -0.00021049     0.00024000    T
<Jan28-2022> <17:52:38>  constrained gradient max            0.00597309     0.00100000    F
<Jan28-2022> <17:52:38>  constrained gradient rms            0.00144633     0.00066667    F
<Jan28-2022> <17:52:38>  gradient max                        0.00597309
<Jan28-2022> <17:52:38>  gradient rms                        0.00144633
<Jan28-2022> <17:52:38>  cart. step max                      0.03752387     0.01000000    F
<Jan28-2022> <17:52:38>  cart. step rms                      0.01489127     0.00666667    F
<Jan28-2022> <17:52:38>  Iteration 17
<Jan28-2022> <17:52:39>  *** GOStep17 ***
<Jan28-2022> <17:52:40>  >>>> FRAGM
<Jan28-2022> <17:52:40>  Coordinates
<Jan28-2022> <17:52:40>     Atom         X           Y           Z   (Angstrom)
<Jan28-2022> <17:52:40>     1.H        -0.301675    0.130687   -0.361605
<Jan28-2022> <17:52:40>     2.C        -0.183664   -2.000505   -0.095539
<Jan28-2022> <17:52:40>     3.C         0.299367   -0.734476   -0.102376
<Jan28-2022> <17:52:40>     4.C         1.673742   -0.510102    0.247221
<Jan28-2022> <17:52:40>     5.O         2.262149    0.589240    0.270281
<Jan28-2022> <17:52:40>     6.H         0.507548   -2.797698    0.190961
<Jan28-2022> <17:52:40>     7.C        -1.419940   -3.489830   -1.608723
<Jan28-2022> <17:52:40>     8.C        -1.565630   -2.475776   -0.442107
<Jan28-2022> <17:52:40>     9.C        -2.516919   -1.339292   -0.848332
<Jan28-2022> <17:52:40>    10.C        -2.122531   -3.215804    0.804926
<Jan28-2022> <17:52:40>    11.H        -2.235773   -2.534036    1.652792
<Jan28-2022> <17:52:40>    12.H        -2.400719   -3.908811   -1.853798
<Jan28-2022> <17:52:40>    13.H        -0.756614   -4.319491   -1.344897
<Jan28-2022> <17:52:40>    14.H        -1.023134   -3.006998   -2.506553
<Jan28-2022> <17:52:40>    15.H        -3.501576   -1.747742   -1.092926
<Jan28-2022> <17:52:40>    16.H        -2.156279   -0.801975   -1.730176
<Jan28-2022> <17:52:40>    17.H        -2.651054   -0.614030   -0.040657
<Jan28-2022> <17:52:40>    18.H        -3.106519   -3.634548    0.572466
<Jan28-2022> <17:52:40>    19.H        -1.470555   -4.039535    1.111790
<Jan28-2022> <17:52:40>    20.H         2.278348   -1.392825    0.516994
<Jan28-2022> <17:52:40>    21.Al        1.836549    2.426023   -0.104666
<Jan28-2022> <17:52:40>    22.F         0.154955    2.429098   -0.242233
<Jan28-2022> <17:52:40>    23.F         2.645703    2.665803   -1.552161
<Jan28-2022> <17:52:40>    24.F         2.431255    3.203205    1.252706
<Jan28-2022> <17:52:40>  >>>> CORORT
<Jan28-2022> <17:52:40>  >>>> CLSMAT
<Jan28-2022> <17:52:40>  >>>> ORTHON
<Jan28-2022> <17:52:41>  >>>> GENPT
<Jan28-2022> <17:52:41>  Block Length= 128
<Jan28-2022> <17:52:44>  >>>> PTBAS
<Jan28-2022> <17:53:42>  >>>> CYCLE
<Jan28-2022> <17:54:35>  using orbital data from restart file
<Jan28-2022> <17:55:30>              |Error|         MaxErr       Wt(A-DIIS)
<Jan28-2022> <17:55:30>      1      0.06514954      0.01618164
<Jan28-2022> <17:56:57>      2      0.00597100      0.00067459    100.0
<Jan28-2022> <17:58:24>      3      0.00719600      0.00115493    100.0
<Jan28-2022> <17:59:53>      4      0.00225196      0.00050477      0.0
<Jan28-2022> <18:01:21>      5      0.00106317      0.00020862      0.0
<Jan28-2022> <18:02:50>      6      0.00038939      0.00008725      0.0
<Jan28-2022> <18:04:18>      7      0.00014447      0.00003495      0.0
<Jan28-2022> <18:05:48>      8      0.00003745      0.00000635      0.0
<Jan28-2022> <18:07:16>      9      0.00001254      0.00000296      0.0
<Jan28-2022> <18:08:46>     10      0.00000300      0.00000065      0.0
<Jan28-2022> <18:09:18>  SCF converged
<Jan28-2022> <18:10:13>     11      0.00000097      0.00000009      0.0
<Jan28-2022> <18:10:48>  >>>> TOTEN
<Jan28-2022> <18:12:36>  >>>> POPAN
<Jan28-2022> <18:12:36>  >>>> DEBYE
<Jan28-2022> <18:12:37>  >>>> ENGRAD
<Jan28-2022> <18:16:32>  current energy                               -4.82289794 Hartree
<Jan28-2022> <18:16:32>  energy change                      -0.00007868     0.00024000    T
<Jan28-2022> <18:16:32>  constrained gradient max            0.00229796     0.00100000    F
<Jan28-2022> <18:16:32>  constrained gradient rms            0.00050318     0.00066667    T
<Jan28-2022> <18:16:32>  gradient max                        0.00229796
<Jan28-2022> <18:16:32>  gradient rms                        0.00050318
<Jan28-2022> <18:16:32>  cart. step max                      0.06741297     0.01000000    F
<Jan28-2022> <18:16:32>  cart. step rms                      0.01503767     0.00666667    F
<Jan28-2022> <18:16:32>  Iteration 18
<Jan28-2022> <18:16:33>  *** GOStep18 ***
<Jan28-2022> <18:16:33>  >>>> FRAGM
<Jan28-2022> <18:16:33>  Coordinates
<Jan28-2022> <18:16:33>     Atom         X           Y           Z   (Angstrom)
<Jan28-2022> <18:16:33>     1.H        -0.299307    0.130933   -0.376495
<Jan28-2022> <18:16:33>     2.C        -0.183396   -2.000299   -0.103045
<Jan28-2022> <18:16:33>     3.C         0.298631   -0.733858   -0.109144
<Jan28-2022> <18:16:33>     4.C         1.667990   -0.507810    0.259687
<Jan28-2022> <18:16:33>     5.O         2.256484    0.591147    0.291540
<Jan28-2022> <18:16:33>     6.H         0.508919   -2.796601    0.183388
<Jan28-2022> <18:16:33>     7.C        -1.426705   -3.483059   -1.615885
<Jan28-2022> <18:16:33>     8.C        -1.566347   -2.475503   -0.442423
<Jan28-2022> <18:16:33>     9.C        -2.523743   -1.338910   -0.835272
<Jan28-2022> <18:16:33>    10.C        -2.111944   -3.223719    0.804522
<Jan28-2022> <18:16:33>    11.H        -2.219188   -2.546812    1.657014
<Jan28-2022> <18:16:33>    12.H        -2.408204   -3.903320   -1.855637
<Jan28-2022> <18:16:33>    13.H        -0.759114   -4.312115   -1.361272
<Jan28-2022> <18:16:33>    14.H        -1.038010   -2.994105   -2.513847
<Jan28-2022> <18:16:33>    15.H        -3.509843   -1.748577   -1.071452
<Jan28-2022> <18:16:33>    16.H        -2.171861   -0.798164   -1.718463
<Jan28-2022> <18:16:33>    17.H        -2.651347   -0.616904   -0.023727
<Jan28-2022> <18:16:33>    18.H        -3.096901   -3.642818    0.577394
<Jan28-2022> <18:16:33>    19.H        -1.455867   -4.047839    1.101414
<Jan28-2022> <18:16:33>    20.H         2.265527   -1.388667    0.549351
<Jan28-2022> <18:16:33>    21.Al        1.842421    2.425641   -0.114632
<Jan28-2022> <18:16:33>    22.F         0.166250    2.425021   -0.309646
<Jan28-2022> <18:16:33>    23.F         2.702117    2.651627   -1.534453
<Jan28-2022> <18:16:33>    24.F         2.390472    3.215297    1.254470
<Jan28-2022> <18:16:34>  >>>> CORORT
<Jan28-2022> <18:16:34>  >>>> CLSMAT
<Jan28-2022> <18:16:34>  >>>> ORTHON
<Jan28-2022> <18:16:35>  >>>> GENPT
<Jan28-2022> <18:16:35>  Block Length= 128
<Jan28-2022> <18:16:38>  >>>> PTBAS
<Jan28-2022> <18:17:37>  >>>> CYCLE
<Jan28-2022> <18:18:31>  using orbital data from restart file
<Jan28-2022> <18:19:25>              |Error|         MaxErr       Wt(A-DIIS)
<Jan28-2022> <18:19:25>      1      0.09670158      0.03142408
<Jan28-2022> <18:20:52>      2      0.00732947      0.00134925    100.0
<Jan28-2022> <18:22:20>      3      0.00871874      0.00135120    100.0
<Jan28-2022> <18:23:46>      4      0.00494223      0.00090589      0.0
<Jan28-2022> <18:25:18>      5      0.00162325      0.00027103      0.0
<Jan28-2022> <18:26:47>      6      0.00039233      0.00006784      0.0
<Jan28-2022> <18:28:15>      7      0.00016911      0.00002994      0.0
<Jan28-2022> <18:29:42>      8      0.00006638      0.00001008      0.0
<Jan28-2022> <18:31:09>      9      0.00001341      0.00000162      0.0
<Jan28-2022> <18:32:37>     10      0.00000431      0.00000088      0.0
<Jan28-2022> <18:33:12>  SCF converged
<Jan28-2022> <18:34:07>     11      0.00000142      0.00000027      0.0
<Jan28-2022> <18:34:39>  >>>> TOTEN
<Jan28-2022> <18:36:27>  >>>> POPAN
<Jan28-2022> <18:36:27>  >>>> DEBYE
<Jan28-2022> <18:36:27>  >>>> ENGRAD
<Jan28-2022> <18:40:24>  current energy                               -4.82291005 Hartree
<Jan28-2022> <18:40:24>  energy change                      -0.00001211     0.00024000    T
<Jan28-2022> <18:40:24>  constrained gradient max            0.00150699     0.00100000    F
<Jan28-2022> <18:40:24>  constrained gradient rms            0.00032581     0.00066667    T
<Jan28-2022> <18:40:24>  gradient max                        0.00150699
<Jan28-2022> <18:40:24>  gradient rms                        0.00032581
<Jan28-2022> <18:40:24>  cart. step max                      0.02115106     0.01000000    F
<Jan28-2022> <18:40:24>  cart. step rms                      0.00668344     0.00666667    F
<Jan28-2022> <18:40:24>  Iteration 19
<Jan28-2022> <18:40:25>  *** GOStep19 ***
<Jan28-2022> <18:40:25>  >>>> FRAGM
<Jan28-2022> <18:40:25>  Coordinates
<Jan28-2022> <18:40:25>     Atom         X           Y           Z   (Angstrom)
<Jan28-2022> <18:40:25>     1.H        -0.302762    0.132778   -0.371566
<Jan28-2022> <18:40:25>     2.C        -0.183165   -1.999753   -0.107498
<Jan28-2022> <18:40:25>     3.C         0.297287   -0.732686   -0.111343
<Jan28-2022> <18:40:25>     4.C         1.668603   -0.507983    0.251050
<Jan28-2022> <18:40:25>     5.O         2.256737    0.590786    0.286571
<Jan28-2022> <18:40:25>     6.H         0.510317   -2.795729    0.176814
<Jan28-2022> <18:40:25>     7.C        -1.428269   -3.491111   -1.612139
<Jan28-2022> <18:40:25>     8.C        -1.566284   -2.476422   -0.444650
<Jan28-2022> <18:40:25>     9.C        -2.523399   -1.341655   -0.843740
<Jan28-2022> <18:40:25>    10.C        -2.111734   -3.216644    0.807185
<Jan28-2022> <18:40:25>    11.H        -2.218424   -2.534406    1.655469
<Jan28-2022> <18:40:25>    12.H        -2.410199   -3.911909   -1.849091
<Jan28-2022> <18:40:25>    13.H        -0.761315   -4.319185   -1.352708
<Jan28-2022> <18:40:25>    14.H        -1.039415   -3.007894   -2.513136
<Jan28-2022> <18:40:25>    15.H        -3.509712   -1.752551   -1.076728
<Jan28-2022> <18:40:25>    16.H        -2.171272   -0.806569   -1.730252
<Jan28-2022> <18:40:25>    17.H        -2.650472   -0.614753   -0.036534
<Jan28-2022> <18:40:25>    18.H        -3.096850   -3.636899    0.582895
<Jan28-2022> <18:40:25>    19.H        -1.455901   -4.039111    1.109171
<Jan28-2022> <18:40:25>    20.H         2.268933   -1.391030    0.528200
<Jan28-2022> <18:40:25>    21.Al        1.842775    2.429263   -0.104500
<Jan28-2022> <18:40:25>    22.F         0.165770    2.433454   -0.290256
<Jan28-2022> <18:40:25>    23.F         2.695745    2.662829   -1.526672
<Jan28-2022> <18:40:25>    24.F         2.400038    3.207764    1.266846
<Jan28-2022> <18:40:26>  >>>> CORORT
<Jan28-2022> <18:40:26>  >>>> CLSMAT
<Jan28-2022> <18:40:26>  >>>> ORTHON
<Jan28-2022> <18:40:26>  >>>> GENPT
<Jan28-2022> <18:40:27>  Block Length= 128
<Jan28-2022> <18:40:29>  >>>> PTBAS
<Jan28-2022> <18:41:26>  >>>> CYCLE
<Jan28-2022> <18:42:21>  using orbital data from restart file
<Jan28-2022> <18:43:16>              |Error|         MaxErr       Wt(A-DIIS)
<Jan28-2022> <18:43:16>      1      0.02644128      0.00585477
<Jan28-2022> <18:44:45>      2      0.00225831      0.00044811    100.0
<Jan28-2022> <18:46:12>      3      0.00216925      0.00034001    100.0
<Jan28-2022> <18:47:40>      4      0.00198389      0.00038780      0.0
<Jan28-2022> <18:49:08>      5      0.00038722      0.00007351      0.0
<Jan28-2022> <18:50:37>      6      0.00010873      0.00002173      0.0
<Jan28-2022> <18:52:04>      7      0.00005289      0.00000979      0.0
<Jan28-2022> <18:53:34>      8      0.00001312      0.00000181      0.0
<Jan28-2022> <18:55:02>      9      0.00000454      0.00000108      0.0
<Jan28-2022> <18:56:31>     10      0.00000110      0.00000024      0.0
<Jan28-2022> <18:57:05>  SCF converged
<Jan28-2022> <18:58:00>     11      0.00000025      0.00000003      0.0
<Jan28-2022> <18:58:35>  >>>> TOTEN
<Jan28-2022> <19:00:23>  >>>> POPAN
<Jan28-2022> <19:00:23>  >>>> DEBYE
<Jan28-2022> <19:00:24>  >>>> ENGRAD
<Jan28-2022> <19:04:16>  current energy                               -4.82291640 Hartree
<Jan28-2022> <19:04:16>  energy change                      -0.00000635     0.00024000    T
<Jan28-2022> <19:04:16>  constrained gradient max            0.00115917     0.00100000    F
<Jan28-2022> <19:04:16>  constrained gradient rms            0.00021933     0.00066667    T
<Jan28-2022> <19:04:16>  gradient max                        0.00115917
<Jan28-2022> <19:04:16>  gradient rms                        0.00021933
<Jan28-2022> <19:04:16>  cart. step max                      0.00281252     0.01000000    T
<Jan28-2022> <19:04:16>  cart. step rms                      0.00099192     0.00666667    T
<Jan28-2022> <19:04:16>  Iteration 20
<Jan28-2022> <19:04:17>  *** GOStep20 ***
<Jan28-2022> <19:04:17>  >>>> FRAGM
<Jan28-2022> <19:04:17>  Coordinates
<Jan28-2022> <19:04:17>     Atom         X           Y           Z   (Angstrom)
<Jan28-2022> <19:04:17>     1.H        -0.302947    0.133309   -0.373547
<Jan28-2022> <19:04:17>     2.C        -0.184160   -1.998944   -0.105997
<Jan28-2022> <19:04:17>     3.C         0.296536   -0.732013   -0.111620
<Jan28-2022> <19:04:17>     4.C         1.668327   -0.507752    0.249965
<Jan28-2022> <19:04:17>     5.O         2.256688    0.590761    0.285346
<Jan28-2022> <19:04:17>     6.H         0.509177   -2.794720    0.179088
<Jan28-2022> <19:04:17>     7.C        -1.427378   -3.490786   -1.611956
<Jan28-2022> <19:04:17>     8.C        -1.566727   -2.476397   -0.444173
<Jan28-2022> <19:04:17>     9.C        -2.524537   -1.342308   -0.843547
<Jan28-2022> <19:04:17>    10.C        -2.112170   -3.217374    0.807200
<Jan28-2022> <19:04:17>    11.H        -2.219500   -2.535456    1.655670
<Jan28-2022> <19:04:17>    12.H        -2.408883   -3.912288   -1.849345
<Jan28-2022> <19:04:17>    13.H        -0.759795   -4.318270   -1.352327
<Jan28-2022> <19:04:17>    14.H        -1.038518   -3.006903   -2.512567
<Jan28-2022> <19:04:17>    15.H        -3.510666   -1.753881   -1.075952
<Jan28-2022> <19:04:17>    16.H        -2.172635   -0.807525   -1.730309
<Jan28-2022> <19:04:17>    17.H        -2.651818   -0.615166   -0.036608
<Jan28-2022> <19:04:17>    18.H        -3.096944   -3.638178    0.582493
<Jan28-2022> <19:04:17>    19.H        -1.455985   -4.039536    1.109270
<Jan28-2022> <19:04:17>    20.H         2.268538   -1.391427    0.525387
<Jan28-2022> <19:04:17>    21.Al        1.843723    2.430336   -0.104504
<Jan28-2022> <19:04:17>    22.F         0.166995    2.435508   -0.290621
<Jan28-2022> <19:04:17>    23.F         2.698156    2.663074   -1.525443
<Jan28-2022> <19:04:17>    24.F         2.401558    3.206519    1.267485
<Jan28-2022> <19:04:18>  >>>> CORORT
<Jan28-2022> <19:04:18>  >>>> CLSMAT
<Jan28-2022> <19:04:18>  >>>> ORTHON
<Jan28-2022> <19:04:18>  >>>> GENPT
<Jan28-2022> <19:04:19>  Block Length= 128
<Jan28-2022> <19:04:21>  >>>> PTBAS
<Jan28-2022> <19:05:19>  >>>> CYCLE
<Jan28-2022> <19:06:13>  using orbital data from restart file
<Jan28-2022> <19:07:08>              |Error|         MaxErr       Wt(A-DIIS)
<Jan28-2022> <19:07:08>      1      0.00517670      0.00125422
<Jan28-2022> <19:08:36>      2      0.00085500      0.00011689    100.0
<Jan28-2022> <19:10:06>      3      0.00043114      0.00006028    100.0
<Jan28-2022> <19:11:36>      4      0.00042794      0.00005511      0.0
<Jan28-2022> <19:13:04>      5      0.00009006      0.00001068      0.0
<Jan28-2022> <19:14:33>      6      0.00002914      0.00000437      0.0
<Jan28-2022> <19:16:02>      7      0.00001024      0.00000172      0.0
<Jan28-2022> <19:17:31>      8      0.00000431      0.00000079      0.0
<Jan28-2022> <19:18:06>  SCF converged
<Jan28-2022> <19:19:01>      9      0.00000118      0.00000022      0.0
<Jan28-2022> <19:19:35>  >>>> TOTEN
<Jan28-2022> <19:21:22>  >>>> POPAN
<Jan28-2022> <19:21:22>  >>>> DEBYE
<Jan28-2022> <19:21:22>  >>>> ENGRAD
<Jan28-2022> <19:25:14>  current energy                               -4.82291758 Hartree
<Jan28-2022> <19:25:14>  energy change                      -0.00000118     0.00024000    T
<Jan28-2022> <19:25:14>  constrained gradient max            0.00069979     0.00100000    T
<Jan28-2022> <19:25:14>  constrained gradient rms            0.00012782     0.00066667    T
<Jan28-2022> <19:25:14>  gradient max                        0.00069979
<Jan28-2022> <19:25:14>  gradient rms                        0.00012782
<Jan28-2022> <19:25:14>  cart. step max                      0.00604452     0.01000000    T
<Jan28-2022> <19:25:14>  cart. step rms                      0.00124755     0.00666667    T
<Jan28-2022> <19:25:14>  Geometry optimization converged
<Jan28-2022> <19:25:15>  *** adf ***
<Jan28-2022> <19:25:16>  Net Charge: 0 (Nuclei minus Electrons)
<Jan28-2022> <19:25:16>  Symmetry  : NOSYM
<Jan28-2022> <19:25:16>  >>>> FRAGM
<Jan28-2022> <19:25:16>  Coordinates
<Jan28-2022> <19:25:16>     Atom         X           Y           Z   (Angstrom)
<Jan28-2022> <19:25:16>     1.H        -0.302947    0.133309   -0.373547
<Jan28-2022> <19:25:16>     2.C        -0.184160   -1.998944   -0.105997
<Jan28-2022> <19:25:16>     3.C         0.296536   -0.732013   -0.111620
<Jan28-2022> <19:25:16>     4.C         1.668327   -0.507752    0.249965
<Jan28-2022> <19:25:16>     5.O         2.256688    0.590761    0.285346
<Jan28-2022> <19:25:16>     6.H         0.509177   -2.794720    0.179088
<Jan28-2022> <19:25:16>     7.C        -1.427378   -3.490786   -1.611956
<Jan28-2022> <19:25:16>     8.C        -1.566727   -2.476397   -0.444173
<Jan28-2022> <19:25:16>     9.C        -2.524537   -1.342308   -0.843547
<Jan28-2022> <19:25:16>    10.C        -2.112170   -3.217374    0.807200
<Jan28-2022> <19:25:16>    11.H        -2.219500   -2.535456    1.655670
<Jan28-2022> <19:25:16>    12.H        -2.408883   -3.912288   -1.849345
<Jan28-2022> <19:25:16>    13.H        -0.759795   -4.318270   -1.352327
<Jan28-2022> <19:25:16>    14.H        -1.038518   -3.006903   -2.512567
<Jan28-2022> <19:25:16>    15.H        -3.510666   -1.753881   -1.075952
<Jan28-2022> <19:25:16>    16.H        -2.172635   -0.807525   -1.730309
<Jan28-2022> <19:25:16>    17.H        -2.651818   -0.615166   -0.036608
<Jan28-2022> <19:25:16>    18.H        -3.096944   -3.638178    0.582493
<Jan28-2022> <19:25:16>    19.H        -1.455985   -4.039536    1.109270
<Jan28-2022> <19:25:16>    20.H         2.268538   -1.391427    0.525387
<Jan28-2022> <19:25:16>    21.Al        1.843723    2.430336   -0.104504
<Jan28-2022> <19:25:16>    22.F         0.166995    2.435508   -0.290621
<Jan28-2022> <19:25:16>    23.F         2.698156    2.663074   -1.525443
<Jan28-2022> <19:25:16>    24.F         2.401558    3.206519    1.267485
<Jan28-2022> <19:25:16>  >>>> CORORT
<Jan28-2022> <19:25:16>  >>>> CLSMAT
<Jan28-2022> <19:25:16>  >>>> ORTHON
<Jan28-2022> <19:25:16>  >>>> GENPT
<Jan28-2022> <19:25:17>  Block Length= 128
<Jan28-2022> <19:25:19>  >>>> PTBAS
<Jan28-2022> <19:26:18>  >>>> CYCLE
<Jan28-2022> <19:27:12>  using orbital data from restart file
<Jan28-2022> <19:28:07>              |Error|         MaxErr       Wt(A-DIIS)
<Jan28-2022> <19:28:07>      1      0.00000037      0.00000006
<Jan28-2022> <19:29:34>      2      0.00000072      0.00000013    100.0
<Jan28-2022> <19:30:08>  SCF converged
<Jan28-2022> <19:31:03>      3      0.00000155      0.00000034    100.0
<Jan28-2022> <19:32:20>  >>>> TOTEN
<Jan28-2022> <19:35:51>  >>>> POPAN
<Jan28-2022> <19:35:51>  >>>> DEBYE
<Jan28-2022> <19:35:52>  >>>> AMETS
<Jan28-2022> <19:35:52>   Bond Energy          -4.82291758 a.u.
<Jan28-2022> <19:35:52>   Bond Energy        -131.23826475 eV
<Jan28-2022> <19:35:52>   Bond Energy       -3026.43       kcal/mol
<Jan28-2022> <19:35:52>  >>>> POPUL
<Jan28-2022> <19:35:52>  >>>> ENGRAD
<Jan28-2022> <19:39:49>  >>>> ENHESS
<Jan28-2022> <19:40:48>  === NUCLEUS:     1
<Jan28-2022> <20:21:51>  === NUCLEUS:     2
<Jan28-2022> <20:59:16>  === NUCLEUS:     3
<Jan28-2022> <21:37:20>  === NUCLEUS:     4
<Jan28-2022> <22:16:18>  === NUCLEUS:     5
<Jan28-2022> <22:56:08>  === NUCLEUS:     6
<Jan28-2022> <23:35:52>  === NUCLEUS:     7
<Jan29-2022> <00:15:15>  === NUCLEUS:     8
<Jan29-2022> <00:53:50>  === NUCLEUS:     9
<Jan29-2022> <01:30:38>  === NUCLEUS:    10
<Jan29-2022> <02:06:25>  === NUCLEUS:    11
<Jan29-2022> <02:42:10>  === NUCLEUS:    12
<Jan29-2022> <03:19:13>  === NUCLEUS:    13
<Jan29-2022> <03:58:39>  === NUCLEUS:    14
<Jan29-2022> <04:35:45>  === NUCLEUS:    15
<Jan29-2022> <05:12:46>  === NUCLEUS:    16
<Jan29-2022> <05:49:45>  === NUCLEUS:    17
<Jan29-2022> <06:26:42>  === NUCLEUS:    18
<Jan29-2022> <07:05:47>  === NUCLEUS:    19
<Jan29-2022> <07:42:36>  === NUCLEUS:    20
<Jan29-2022> <08:19:41>  === NUCLEUS:    21
<Jan29-2022> <08:56:59>  === NUCLEUS:    22
<Jan29-2022> <09:32:56>  === NUCLEUS:    23
<Jan29-2022> <10:09:53>  === NUCLEUS:    24
<Jan29-2022> <10:49:35>  >>>> CALC_HESS_PMAT
<Jan29-2022> <10:59:28>  >>>> CALC_HESS_WMAT
<Jan29-2022> <11:00:55>  Scanning mode: 7
<Jan29-2022> <11:00:56>  *** SCANMODE_forward_adf_ScanMode_7 ***
<Jan29-2022> <11:00:57>  >>>> FRAGM
<Jan29-2022> <11:00:57>  Coordinates
<Jan29-2022> <11:00:57>     Atom         X           Y           Z   (Angstrom)
<Jan29-2022> <11:00:57>     1.H        -0.302940    0.133313   -0.373545
<Jan29-2022> <11:00:57>     2.C        -0.184160   -1.998938   -0.105982
<Jan29-2022> <11:00:57>     3.C         0.296534   -0.732006   -0.111591
<Jan29-2022> <11:00:57>     4.C         1.668309   -0.507741    0.250052
<Jan29-2022> <11:00:57>     5.O         2.256670    0.590772    0.285443
<Jan29-2022> <11:00:57>     6.H         0.509166   -2.794712    0.179138
<Jan29-2022> <11:00:57>     7.C        -1.427309   -3.490789   -1.611990
<Jan29-2022> <11:00:57>     8.C        -1.566711   -2.476394   -0.444217
<Jan29-2022> <11:00:57>     9.C        -2.524506   -1.342309   -0.843639
<Jan29-2022> <11:00:57>    10.C        -2.112209   -3.217367    0.807135
<Jan29-2022> <11:00:57>    11.H        -2.219578   -2.535445    1.655597
<Jan29-2022> <11:00:57>    12.H        -2.408803   -3.912294   -1.849421
<Jan29-2022> <11:00:57>    13.H        -0.759736   -4.318270   -1.352326
<Jan29-2022> <11:00:57>    14.H        -1.038410   -3.006910   -2.512585
<Jan29-2022> <11:00:57>    15.H        -3.510624   -1.753884   -1.076085
<Jan29-2022> <11:00:57>    16.H        -2.172566   -0.807530   -1.730389
<Jan29-2022> <11:00:57>    17.H        -2.651823   -0.615163   -0.036709
<Jan29-2022> <11:00:57>    18.H        -3.096972   -3.638173    0.582386
<Jan29-2022> <11:00:57>    19.H        -1.456035   -4.039526    1.109238
<Jan29-2022> <11:00:57>    20.H         2.268507   -1.391413    0.525512
<Jan29-2022> <11:00:57>    21.Al        1.843715    2.430333   -0.104490
<Jan29-2022> <11:00:57>    22.F         0.166970    2.435532   -0.290440
<Jan29-2022> <11:00:57>    23.F         2.698008    2.662943   -1.525535
<Jan29-2022> <11:00:57>    24.F         2.401712    3.206602    1.267383
<Jan29-2022> <11:00:57>  >>>> CORORT
<Jan29-2022> <11:00:57>  >>>> CLSMAT
<Jan29-2022> <11:00:57>  >>>> ORTHON
<Jan29-2022> <11:00:58>  >>>> GENPT
<Jan29-2022> <11:00:59>  Block Length= 128
<Jan29-2022> <11:01:03>  >>>> PTBAS
<Jan29-2022> <11:03:01>  >>>> CYCLE
<Jan29-2022> <11:04:40>  using orbital data from restart file
<Jan29-2022> <11:06:32>              |Error|         MaxErr       Wt(A-DIIS)
<Jan29-2022> <11:06:32>      1      0.00034688      0.00009218
<Jan29-2022> <11:09:31>      2      0.00002141      0.00000397    100.0
<Jan29-2022> <11:12:29>      3      0.00001452      0.00000282    100.0
<Jan29-2022> <11:15:28>      4      0.00000941      0.00000124      0.0
<Jan29-2022> <11:18:27>      5      0.00000145      0.00000019      0.0
<Jan29-2022> <11:19:38>  SCF converged
<Jan29-2022> <11:21:27>      6      0.00000132      0.00000026      0.0
<Jan29-2022> <11:22:39>  >>>> TOTEN
<Jan29-2022> <11:26:19>  >>>> POPAN
<Jan29-2022> <11:26:19>  >>>> DEBYE
<Jan29-2022> <11:26:19>  >>>> ENGRAD
<Jan29-2022> <12:04:18>  PES point character: Geometry corresponds to a local minimum on the PES.
<Jan29-2022> <12:04:18>  Geometry optimization successful!
<Jan29-2022> <12:04:18>  WARNING: total elapsed time is much higher than the (CPU+system) time.
<Jan29-2022> <12:04:18>  Make sure the machine is not oversubscribed and has enough memory, SCM_TMPDIR points to a fast file system, and the network is fast enough.
<Jan29-2022> <12:04:18>  NORMAL TERMINATION
