<Jan27-2022> <12:32:34>  AMS 2021.102  RunTime: Jan27-2022 12:32:34  ShM Nodes: 1  Procs: 4
<Jan27-2022> <12:32:35>  ADF 2021.102  RunTime: Jan27-2022 12:32:35  ShM Nodes: 1  Procs: 4
<Jan27-2022> <12:32:35>  *** (NO TITLE) ***
<Jan27-2022> <12:32:35>  Atom coordinates do not satisfy full symmetry (probably due to orientation).
<Jan27-2022> <12:32:35>  Symmetry detected: C(3V)
<Jan27-2022> <12:32:35>  Iteration 1
<Jan27-2022> <12:32:35>  DIRAC 2021.102  RunTime: Jan27-2022 12:32:35  ShM Nodes: 1  Procs: 1
<Jan27-2022> <12:32:36>  Aluminium (TZ2P)
<Jan27-2022> <12:32:36>  Net Charge: 0 (Nuclei minus Electrons)
<Jan27-2022> <12:32:36>  Symmetry  : ATOM
<Jan27-2022> <12:32:36>  Coordinates
<Jan27-2022> <12:32:36>     Atom         X           Y           Z   (Angstrom)
<Jan27-2022> <12:32:36>     1.Al        0.000000    0.000000    0.000000
<Jan27-2022> <12:32:36>  >>>> CORORT
<Jan27-2022> <12:32:36>  >>>> CLSMAT
<Jan27-2022> <12:32:36>  >>>> ORTHON
<Jan27-2022> <12:32:36>  >>>> GENPT
<Jan27-2022> <12:32:36>  Block Length=  85
<Jan27-2022> <12:32:36>  >>>> PTBAS
<Jan27-2022> <12:32:36>  >>>> CYCLE
<Jan27-2022> <12:32:36>              |Error|         MaxErr       Wt(A-DIIS)
<Jan27-2022> <12:32:36>      1      0.00000000      0.00000000
<Jan27-2022> <12:32:36>      2     19.74689819      6.61645761    100.0
<Jan27-2022> <12:32:36>      3     10.72432514      6.35631794    100.0
<Jan27-2022> <12:32:37>      4      2.19038492      0.99968242    100.0
<Jan27-2022> <12:32:37>      5      0.76321691      0.32187913    100.0
<Jan27-2022> <12:32:37>      6      0.33480690      0.13581213    100.0
<Jan27-2022> <12:32:37>      7      0.15853080      0.06474515     64.4
<Jan27-2022> <12:32:37>      8      0.05033297      0.02051010     19.7
<Jan27-2022> <12:32:37>      9      0.00512670      0.00207383      1.1
<Jan27-2022> <12:32:37>     10      0.00006945      0.00003398      0.0
<Jan27-2022> <12:32:37>     11      0.00000191      0.00000123      0.0
<Jan27-2022> <12:32:37>     12      0.00000003      0.00000002      0.0
<Jan27-2022> <12:32:37>     13      0.00000000      0.00000000      0.0
<Jan27-2022> <12:32:37>  SCF converged
<Jan27-2022> <12:32:37>     14      0.00000000      0.00000000      0.0
<Jan27-2022> <12:32:37>  >>>> POPAN
<Jan27-2022> <12:32:37>  >>>> DEBYE
<Jan27-2022> <12:32:37>  DIRAC 2021.102  RunTime: Jan27-2022 12:32:37  ShM Nodes: 1  Procs: 1
<Jan27-2022> <12:32:38>  Fluorine (TZ2P)
<Jan27-2022> <12:32:38>  Net Charge: 0 (Nuclei minus Electrons)
<Jan27-2022> <12:32:38>  Symmetry  : ATOM
<Jan27-2022> <12:32:38>  Coordinates
<Jan27-2022> <12:32:38>     Atom         X           Y           Z   (Angstrom)
<Jan27-2022> <12:32:38>     1.F         0.000000    0.000000    0.000000
<Jan27-2022> <12:32:38>  >>>> CORORT
<Jan27-2022> <12:32:38>  >>>> CLSMAT
<Jan27-2022> <12:32:38>  >>>> ORTHON
<Jan27-2022> <12:32:38>  >>>> GENPT
<Jan27-2022> <12:32:38>  Block Length=  76
<Jan27-2022> <12:32:38>  >>>> PTBAS
<Jan27-2022> <12:32:38>  >>>> CYCLE
<Jan27-2022> <12:32:38>              |Error|         MaxErr       Wt(A-DIIS)
<Jan27-2022> <12:32:38>      1      0.00000000      0.00000000
<Jan27-2022> <12:32:38>      2     11.39970762      4.85721148    100.0
<Jan27-2022> <12:32:38>      3      5.17310012      3.16632108    100.0
<Jan27-2022> <12:32:38>      4      1.04882283      0.49392043    100.0
<Jan27-2022> <12:32:38>      5      1.72142161      0.84736739    100.0
<Jan27-2022> <12:32:38>      6      0.21842580      0.10780687    100.0
<Jan27-2022> <12:32:38>      7      0.28524155      0.13554881    100.0
<Jan27-2022> <12:32:38>      8      0.02856437      0.01389479     13.0
<Jan27-2022> <12:32:38>      9      0.00489297      0.00234741      1.4
<Jan27-2022> <12:32:38>     10      0.00009261      0.00004462      0.0
<Jan27-2022> <12:32:39>     11      0.00000010      0.00000005      0.0
<Jan27-2022> <12:32:39>     12      0.00000000      0.00000000      0.0
<Jan27-2022> <12:32:39>  SCF converged
<Jan27-2022> <12:32:39>     13      0.00000000      0.00000000      0.0
<Jan27-2022> <12:32:39>  >>>> POPAN
<Jan27-2022> <12:32:39>  >>>> DEBYE
<Jan27-2022> <12:32:39>  *** GOStep1 ***
<Jan27-2022> <12:32:39>  >>>> FRAGM
<Jan27-2022> <12:32:39>  Coordinates
<Jan27-2022> <12:32:39>     Atom         X           Y           Z   (Angstrom)
<Jan27-2022> <12:32:39>     1.Al        1.730000    0.000000    0.000000
<Jan27-2022> <12:32:39>     2.F         1.730000   -1.400798    0.808751
<Jan27-2022> <12:32:39>     3.F         1.730000    1.400798    0.808751
<Jan27-2022> <12:32:39>     4.F         1.730000    0.000000   -1.617502
<Jan27-2022> <12:32:39>  >>>> CORORT
<Jan27-2022> <12:32:39>  >>>> CLSMAT
<Jan27-2022> <12:32:39>  >>>> ORTHON
<Jan27-2022> <12:32:39>  >>>> GENPT
<Jan27-2022> <12:32:39>  Block Length= 128
<Jan27-2022> <12:32:39>  >>>> PTBAS
<Jan27-2022> <12:32:40>  >>>> CYCLE
<Jan27-2022> <12:32:45>              |Error|         MaxErr       Wt(A-DIIS)
<Jan27-2022> <12:32:45>      1      3.30256282      0.91681463
<Jan27-2022> <12:32:47>      2      1.06992473      0.22184136    100.0
<Jan27-2022> <12:32:50>      3      0.90012465      0.18992305    100.0
<Jan27-2022> <12:32:52>      4      0.89272930      0.18838880    100.0
<Jan27-2022> <12:32:54>      5      1.98168998      0.40999746    100.0
<Jan27-2022> <12:32:57>      6      0.50929297      0.10343568    100.0
<Jan27-2022> <12:32:59>      7      0.24217639      0.04722872     46.7
<Jan27-2022> <12:33:02>      8      0.05990159      0.01165486     10.8
<Jan27-2022> <12:33:05>      9      0.00954053      0.00186475      0.9
<Jan27-2022> <12:33:08>     10      0.00018481      0.00003781      0.0
<Jan27-2022> <12:33:12>     11      0.00002604      0.00000825      0.0
<Jan27-2022> <12:33:15>     12      0.00000789      0.00000156      0.0
<Jan27-2022> <12:33:17>     13      0.00000011      0.00000003      0.0
<Jan27-2022> <12:33:18>  SCF converged
<Jan27-2022> <12:33:20>     14      0.00000001      0.00000000      0.0
<Jan27-2022> <12:33:21>  >>>> TOTEN
<Jan27-2022> <12:33:24>  >>>> POPAN
<Jan27-2022> <12:33:24>  >>>> DEBYE
<Jan27-2022> <12:33:24>  >>>> ENGRAD
<Jan27-2022> <12:33:29>  current energy                               -0.75144025 Hartree
<Jan27-2022> <12:33:29>  energy change                      -0.75144025     0.00004000    F
<Jan27-2022> <12:33:29>  constrained gradient max            0.03871987     0.00100000    F
<Jan27-2022> <12:33:29>  constrained gradient rms            0.01935994     0.00066667    F
<Jan27-2022> <12:33:29>  gradient max                        0.03871987
<Jan27-2022> <12:33:29>  gradient rms                        0.01935994
<Jan27-2022> <12:33:29>  cart. step max                      0.01868934     0.01000000    F
<Jan27-2022> <12:33:29>  cart. step rms                      0.00934467     0.00666667    F
<Jan27-2022> <12:33:29>  Iteration 2
<Jan27-2022> <12:33:29>  *** GOStep2 ***
<Jan27-2022> <12:33:29>  >>>> FRAGM
<Jan27-2022> <12:33:29>  Coordinates
<Jan27-2022> <12:33:29>     Atom         X           Y           Z   (Angstrom)
<Jan27-2022> <12:33:29>     1.Al        1.730000    0.000000   -0.000000
<Jan27-2022> <12:33:29>     2.F         1.730000   -1.416983    0.818096
<Jan27-2022> <12:33:29>     3.F         1.730000    1.416983    0.818096
<Jan27-2022> <12:33:29>     4.F         1.730000   -0.000000   -1.636191
<Jan27-2022> <12:33:29>  >>>> CORORT
<Jan27-2022> <12:33:29>  >>>> CLSMAT
<Jan27-2022> <12:33:29>  >>>> ORTHON
<Jan27-2022> <12:33:29>  >>>> GENPT
<Jan27-2022> <12:33:30>  Block Length= 128
<Jan27-2022> <12:33:30>  >>>> PTBAS
<Jan27-2022> <12:33:31>  >>>> CYCLE
<Jan27-2022> <12:33:34>  using orbital data from restart file
<Jan27-2022> <12:33:36>              |Error|         MaxErr       Wt(A-DIIS)
<Jan27-2022> <12:33:36>      1      0.09028019      0.02883220
<Jan27-2022> <12:33:38>      2      0.01485683      0.00295293    100.0
<Jan27-2022> <12:33:40>      3      0.02314091      0.00438846    100.0
<Jan27-2022> <12:33:43>      4      0.00324800      0.00084736      0.0
<Jan27-2022> <12:33:45>      5      0.00017550      0.00002953      0.0
<Jan27-2022> <12:33:47>      6      0.00003645      0.00001067      0.0
<Jan27-2022> <12:33:49>      7      0.00000424      0.00000113      0.0
<Jan27-2022> <12:33:52>      8      0.00000222      0.00000062      0.0
<Jan27-2022> <12:33:53>  SCF converged
<Jan27-2022> <12:33:54>      9      0.00000041      0.00000013      0.0
<Jan27-2022> <12:33:56>  >>>> TOTEN
<Jan27-2022> <12:33:59>  >>>> POPAN
<Jan27-2022> <12:33:59>  >>>> DEBYE
<Jan27-2022> <12:33:59>  >>>> ENGRAD
<Jan27-2022> <12:34:04>  current energy                               -0.75293996 Hartree
<Jan27-2022> <12:34:04>  energy change                      -0.00149972     0.00004000    F
<Jan27-2022> <12:34:04>  constrained gradient max            0.01483519     0.00100000    F
<Jan27-2022> <12:34:04>  constrained gradient rms            0.00741759     0.00066667    F
<Jan27-2022> <12:34:04>  gradient max                        0.01483519
<Jan27-2022> <12:34:04>  gradient rms                        0.00741759
<Jan27-2022> <12:34:04>  cart. step max                      0.01160827     0.01000000    F
<Jan27-2022> <12:34:04>  cart. step rms                      0.00580413     0.00666667    T
<Jan27-2022> <12:34:04>  Iteration 3
<Jan27-2022> <12:34:04>  *** GOStep3 ***
<Jan27-2022> <12:34:04>  >>>> FRAGM
<Jan27-2022> <12:34:04>  Coordinates
<Jan27-2022> <12:34:04>     Atom         X           Y           Z   (Angstrom)
<Jan27-2022> <12:34:04>     1.Al        1.730000    0.000000   -0.000000
<Jan27-2022> <12:34:04>     2.F         1.730000   -1.427036    0.823900
<Jan27-2022> <12:34:04>     3.F         1.730000    1.427036    0.823900
<Jan27-2022> <12:34:04>     4.F         1.730000   -0.000000   -1.647799
<Jan27-2022> <12:34:04>  >>>> CORORT
<Jan27-2022> <12:34:04>  >>>> CLSMAT
<Jan27-2022> <12:34:04>  >>>> ORTHON
<Jan27-2022> <12:34:04>  >>>> GENPT
<Jan27-2022> <12:34:05>  Block Length= 128
<Jan27-2022> <12:34:05>  >>>> PTBAS
<Jan27-2022> <12:34:06>  >>>> CYCLE
<Jan27-2022> <12:34:09>  using orbital data from restart file
<Jan27-2022> <12:34:11>              |Error|         MaxErr       Wt(A-DIIS)
<Jan27-2022> <12:34:11>      1      0.05423500      0.01715137
<Jan27-2022> <12:34:13>      2      0.00896297      0.00170535    100.0
<Jan27-2022> <12:34:16>      3      0.01387234      0.00261590    100.0
<Jan27-2022> <12:34:19>      4      0.00180405      0.00048319      0.0
<Jan27-2022> <12:34:21>      5      0.00012337      0.00002507      0.0
<Jan27-2022> <12:34:25>      6      0.00002569      0.00000787      0.0
<Jan27-2022> <12:34:28>      7      0.00000265      0.00000071      0.0
<Jan27-2022> <12:34:29>  SCF converged
<Jan27-2022> <12:34:30>      8      0.00000128      0.00000037      0.0
<Jan27-2022> <12:34:31>  >>>> TOTEN
<Jan27-2022> <12:34:35>  >>>> POPAN
<Jan27-2022> <12:34:35>  >>>> DEBYE
<Jan27-2022> <12:34:35>  >>>> ENGRAD
<Jan27-2022> <12:34:40>  current energy                               -0.75322224 Hartree
<Jan27-2022> <12:34:40>  energy change                      -0.00028227     0.00004000    F
<Jan27-2022> <12:34:40>  constrained gradient max            0.00117531     0.00100000    F
<Jan27-2022> <12:34:40>  constrained gradient rms            0.00058766     0.00066667    T
<Jan27-2022> <12:34:40>  gradient max                        0.00117531
<Jan27-2022> <12:34:40>  gradient rms                        0.00058766
<Jan27-2022> <12:34:40>  cart. step max                      0.00099879     0.01000000    T
<Jan27-2022> <12:34:40>  cart. step rms                      0.00049939     0.00666667    T
<Jan27-2022> <12:34:40>  Iteration 4
<Jan27-2022> <12:34:40>  *** GOStep4 ***
<Jan27-2022> <12:34:41>  >>>> FRAGM
<Jan27-2022> <12:34:41>  Coordinates
<Jan27-2022> <12:34:41>     Atom         X           Y           Z   (Angstrom)
<Jan27-2022> <12:34:41>     1.Al        1.730000    0.000000   -0.000000
<Jan27-2022> <12:34:41>     2.F         1.730000   -1.427901    0.824399
<Jan27-2022> <12:34:41>     3.F         1.730000    1.427901    0.824399
<Jan27-2022> <12:34:41>     4.F         1.730000   -0.000000   -1.648798
<Jan27-2022> <12:34:41>  >>>> CORORT
<Jan27-2022> <12:34:41>  >>>> CLSMAT
<Jan27-2022> <12:34:41>  >>>> ORTHON
<Jan27-2022> <12:34:41>  >>>> GENPT
<Jan27-2022> <12:34:41>  Block Length= 128
<Jan27-2022> <12:34:41>  >>>> PTBAS
<Jan27-2022> <12:34:42>  >>>> CYCLE
<Jan27-2022> <12:34:46>  using orbital data from restart file
<Jan27-2022> <12:34:47>              |Error|         MaxErr       Wt(A-DIIS)
<Jan27-2022> <12:34:47>      1      0.00460337      0.00144728
<Jan27-2022> <12:34:50>      2      0.00076282      0.00014177    100.0
<Jan27-2022> <12:34:53>      3      0.00117442      0.00022087    100.0
<Jan27-2022> <12:34:55>      4      0.00014860      0.00003993      0.0
<Jan27-2022> <12:34:58>      5      0.00001104      0.00000238      0.0
<Jan27-2022> <12:35:01>      6      0.00000229      0.00000071      0.0
<Jan27-2022> <12:35:02>  SCF converged
<Jan27-2022> <12:35:03>      7      0.00000026      0.00000007      0.0
<Jan27-2022> <12:35:05>  >>>> TOTEN
<Jan27-2022> <12:35:08>  >>>> POPAN
<Jan27-2022> <12:35:08>  >>>> DEBYE
<Jan27-2022> <12:35:08>  >>>> ENGRAD
<Jan27-2022> <12:35:13>  current energy                               -0.75322455 Hartree
<Jan27-2022> <12:35:13>  energy change                      -0.00000232     0.00004000    T
<Jan27-2022> <12:35:13>  constrained gradient max            0.00003864     0.00100000    T
<Jan27-2022> <12:35:13>  constrained gradient rms            0.00001932     0.00066667    T
<Jan27-2022> <12:35:13>  gradient max                        0.00003864
<Jan27-2022> <12:35:13>  gradient rms                        0.00001932
<Jan27-2022> <12:35:13>  cart. step max                      0.00003395     0.01000000    T
<Jan27-2022> <12:35:13>  cart. step rms                      0.00001697     0.00666667    T
<Jan27-2022> <12:35:13>  Geometry optimization converged
<Jan27-2022> <12:35:13>  *** adf ***
<Jan27-2022> <12:35:14>  Net Charge: 0 (Nuclei minus Electrons)
<Jan27-2022> <12:35:14>  Symmetry  : NOSYM
<Jan27-2022> <12:35:14>  >>>> FRAGM
<Jan27-2022> <12:35:14>  Coordinates
<Jan27-2022> <12:35:14>     Atom         X           Y           Z   (Angstrom)
<Jan27-2022> <12:35:14>     1.Al        1.730000    0.000000   -0.000000
<Jan27-2022> <12:35:14>     2.F         1.730000   -1.427901    0.824399
<Jan27-2022> <12:35:14>     3.F         1.730000    1.427901    0.824399
<Jan27-2022> <12:35:14>     4.F         1.730000   -0.000000   -1.648798
<Jan27-2022> <12:35:14>  >>>> CORORT
<Jan27-2022> <12:35:14>  >>>> CLSMAT
<Jan27-2022> <12:35:14>  >>>> ORTHON
<Jan27-2022> <12:35:14>  >>>> GENPT
<Jan27-2022> <12:35:14>  Block Length= 128
<Jan27-2022> <12:35:14>  >>>> PTBAS
<Jan27-2022> <12:35:15>  >>>> CYCLE
<Jan27-2022> <12:35:19>  using orbital data from restart file
<Jan27-2022> <12:35:20>              |Error|         MaxErr       Wt(A-DIIS)
<Jan27-2022> <12:35:20>      1      0.00000021      0.00000006
<Jan27-2022> <12:35:23>      2      0.00000046      0.00000012    100.0
<Jan27-2022> <12:35:24>  SCF converged
<Jan27-2022> <12:35:25>      3      0.00000098      0.00000026    100.0
<Jan27-2022> <12:35:28>  >>>> TOTEN
<Jan27-2022> <12:35:34>  >>>> POPAN
<Jan27-2022> <12:35:34>  >>>> DEBYE
<Jan27-2022> <12:35:34>  >>>> AMETS
<Jan27-2022> <12:35:34>   Bond Energy          -0.75322455 a.u.
<Jan27-2022> <12:35:34>   Bond Energy         -20.49628290 eV
<Jan27-2022> <12:35:34>   Bond Energy        -472.66       kcal/mol
<Jan27-2022> <12:35:34>  >>>> POPUL
<Jan27-2022> <12:35:34>  >>>> ENGRAD
<Jan27-2022> <12:35:39>  >>>> ENHESS
<Jan27-2022> <12:35:41>  === NUCLEUS:     1
<Jan27-2022> <12:36:45>  === NUCLEUS:     2
<Jan27-2022> <12:37:53>  === NUCLEUS:     3
<Jan27-2022> <12:39:02>  === NUCLEUS:     4
<Jan27-2022> <12:40:03>  >>>> CALC_HESS_PMAT
<Jan27-2022> <12:40:13>  >>>> CALC_HESS_WMAT
<Jan27-2022> <12:40:15>  PES point character: Geometry corresponds to a local minimum on the PES.
<Jan27-2022> <12:40:15>  Geometry optimization successful!
<Jan27-2022> <12:40:15>  WARNING: total elapsed time is much higher than the (CPU+system) time.
<Jan27-2022> <12:40:15>  Make sure the machine is not oversubscribed and has enough memory, SCM_TMPDIR points to a fast file system, and the network is fast enough.
<Jan27-2022> <12:40:15>  NORMAL TERMINATION
