<Jan27-2022> <12:30:37>  AMS 2021.102  RunTime: Jan27-2022 12:30:37  ShM Nodes: 1  Procs: 4
<Jan27-2022> <12:30:38>  ADF 2021.102  RunTime: Jan27-2022 12:30:38  ShM Nodes: 1  Procs: 4
<Jan27-2022> <12:30:38>  *** (NO TITLE) ***
<Jan27-2022> <12:30:38>  Iteration 1
<Jan27-2022> <12:30:38>  DIRAC 2021.102  RunTime: Jan27-2022 12:30:38  ShM Nodes: 1  Procs: 1
<Jan27-2022> <12:30:38>  Hydrogen (TZ2P)
<Jan27-2022> <12:30:38>  Net Charge: 0 (Nuclei minus Electrons)
<Jan27-2022> <12:30:38>  Symmetry  : ATOM
<Jan27-2022> <12:30:38>  Coordinates
<Jan27-2022> <12:30:38>     Atom         X           Y           Z   (Angstrom)
<Jan27-2022> <12:30:38>     1.H         0.000000    0.000000    0.000000
<Jan27-2022> <12:30:38>  >>>> CORORT
<Jan27-2022> <12:30:38>  >>>> CLSMAT
<Jan27-2022> <12:30:38>  >>>> ORTHON
<Jan27-2022> <12:30:38>  >>>> GENPT
<Jan27-2022> <12:30:38>  Block Length=  64
<Jan27-2022> <12:30:38>  >>>> PTBAS
<Jan27-2022> <12:30:38>  >>>> CYCLE
<Jan27-2022> <12:30:39>              |Error|         MaxErr       Wt(A-DIIS)
<Jan27-2022> <12:30:39>      1      0.00000000      0.00000000
<Jan27-2022> <12:30:39>      2      0.03080019      0.02591482
<Jan27-2022> <12:30:39>      3      0.01140383      0.01135775    100.0
<Jan27-2022> <12:30:39>      4      0.00327656      0.00327407      2.3
<Jan27-2022> <12:30:39>      5      0.00010041      0.00009754      0.0
<Jan27-2022> <12:30:39>      6      0.00000525      0.00000504      0.0
<Jan27-2022> <12:30:39>      7      0.00000007      0.00000007      0.0
<Jan27-2022> <12:30:39>      8      0.00000000      0.00000000      0.0
<Jan27-2022> <12:30:39>  SCF converged
<Jan27-2022> <12:30:39>      9      0.00000000      0.00000000      0.0
<Jan27-2022> <12:30:39>  >>>> POPAN
<Jan27-2022> <12:30:39>  >>>> DEBYE
<Jan27-2022> <12:30:39>  DIRAC 2021.102  RunTime: Jan27-2022 12:30:39  ShM Nodes: 1  Procs: 1
<Jan27-2022> <12:30:39>  Carbon (TZ2P)
<Jan27-2022> <12:30:40>  Net Charge: 0 (Nuclei minus Electrons)
<Jan27-2022> <12:30:40>  Symmetry  : ATOM
<Jan27-2022> <12:30:40>  Coordinates
<Jan27-2022> <12:30:40>     Atom         X           Y           Z   (Angstrom)
<Jan27-2022> <12:30:40>     1.C         0.000000    0.000000    0.000000
<Jan27-2022> <12:30:40>  >>>> CORORT
<Jan27-2022> <12:30:40>  >>>> CLSMAT
<Jan27-2022> <12:30:40>  >>>> ORTHON
<Jan27-2022> <12:30:40>  >>>> GENPT
<Jan27-2022> <12:30:40>  Block Length=  72
<Jan27-2022> <12:30:40>  >>>> PTBAS
<Jan27-2022> <12:30:40>  >>>> CYCLE
<Jan27-2022> <12:30:40>              |Error|         MaxErr       Wt(A-DIIS)
<Jan27-2022> <12:30:40>      1      0.00000000      0.00000000
<Jan27-2022> <12:30:40>      2      4.48405934      3.32161898    100.0
<Jan27-2022> <12:30:40>      3      1.60718414      1.28408746    100.0
<Jan27-2022> <12:30:40>      4      0.76426456      0.62272052    100.0
<Jan27-2022> <12:30:40>      5      0.36119063      0.28553990    100.0
<Jan27-2022> <12:30:40>      6      0.14821424      0.11559867    100.0
<Jan27-2022> <12:30:40>      7      0.10108424      0.07867111     78.5
<Jan27-2022> <12:30:40>      8      0.01786531      0.01387049     13.0
<Jan27-2022> <12:30:40>      9      0.00195746      0.00153262      0.5
<Jan27-2022> <12:30:40>     10      0.00001058      0.00000730      0.0
<Jan27-2022> <12:30:40>     11      0.00000047      0.00000027      0.0
<Jan27-2022> <12:30:40>     12      0.00000003      0.00000002      0.0
<Jan27-2022> <12:30:40>     13      0.00000000      0.00000000      0.0
<Jan27-2022> <12:30:40>  SCF converged
<Jan27-2022> <12:30:40>     14      0.00000000      0.00000000      0.0
<Jan27-2022> <12:30:41>  >>>> POPAN
<Jan27-2022> <12:30:41>  >>>> DEBYE
<Jan27-2022> <12:30:41>  *** GOStep1 ***
<Jan27-2022> <12:30:41>  >>>> FRAGM
<Jan27-2022> <12:30:41>  Coordinates
<Jan27-2022> <12:30:41>     Atom         X           Y           Z   (Angstrom)
<Jan27-2022> <12:30:41>     1.H         2.053570   -0.803441    0.000000
<Jan27-2022> <12:30:41>     2.C         0.972937   -0.695741    0.000000
<Jan27-2022> <12:30:41>     3.H         0.663467   -0.150351    0.886617
<Jan27-2022> <12:30:41>     4.H         0.663467    0.150351   -0.886617
<Jan27-2022> <12:30:41>  >>>> CORORT
<Jan27-2022> <12:30:41>  >>>> CLSMAT
<Jan27-2022> <12:30:41>  >>>> ORTHON
<Jan27-2022> <12:30:41>  >>>> GENPT
<Jan27-2022> <12:30:41>  Block Length= 128
<Jan27-2022> <12:30:41>  >>>> PTBAS
<Jan27-2022> <12:30:41>  >>>> CYCLE
<Jan27-2022> <12:30:46>              |Error|         MaxErr       Wt(A-DIIS)
<Jan27-2022> <12:30:46>      1      1.82550844      0.37604047
<Jan27-2022> <12:30:49>      2      0.43473674      0.04919750    100.0
<Jan27-2022> <12:30:52>      3      0.41343507      0.05953285    100.0
<Jan27-2022> <12:30:55>      4      0.05484385      0.00563789      4.7
<Jan27-2022> <12:30:58>      5      0.01218287      0.00187576      0.9
<Jan27-2022> <12:31:01>      6      0.00143899      0.00017142      0.0
<Jan27-2022> <12:31:04>      7      0.00043138      0.00004931      0.0
<Jan27-2022> <12:31:07>      8      0.00015256      0.00001901      0.0
<Jan27-2022> <12:31:11>      9      0.00003797      0.00000480      0.0
<Jan27-2022> <12:31:14>     10      0.00000591      0.00000095      0.0
<Jan27-2022> <12:31:14>  SCF converged
<Jan27-2022> <12:31:17>     11      0.00000154      0.00000025      0.0
<Jan27-2022> <12:31:17>  >>>> TOTEN
<Jan27-2022> <12:31:20>  >>>> POPAN
<Jan27-2022> <12:31:21>  >>>> DEBYE
<Jan27-2022> <12:31:21>  >>>> ENGRAD
<Jan27-2022> <12:31:23>  current energy                               -0.61784933 Hartree
<Jan27-2022> <12:31:23>  energy change                      -0.61784933     0.00004000    F
<Jan27-2022> <12:31:23>  constrained gradient max            0.16087428     0.00100000    F
<Jan27-2022> <12:31:23>  constrained gradient rms            0.06525784     0.00066667    F
<Jan27-2022> <12:31:23>  gradient max                        0.16087428
<Jan27-2022> <12:31:23>  gradient rms                        0.06525784
<Jan27-2022> <12:31:23>  cart. step max                      0.03789453     0.01000000    F
<Jan27-2022> <12:31:23>  cart. step rms                      0.01692117     0.00666667    F
<Jan27-2022> <12:31:23>  Iteration 2
<Jan27-2022> <12:31:23>  *** GOStep2 ***
<Jan27-2022> <12:31:23>  >>>> FRAGM
<Jan27-2022> <12:31:23>  Coordinates
<Jan27-2022> <12:31:23>     Atom         X           Y           Z   (Angstrom)
<Jan27-2022> <12:31:23>     1.H         2.052753   -0.808464   -0.016502
<Jan27-2022> <12:31:23>     2.C         0.973431   -0.657847   -0.010312
<Jan27-2022> <12:31:23>     3.H         0.648892   -0.155785    0.903096
<Jan27-2022> <12:31:23>     4.H         0.678365    0.122913   -0.876282
<Jan27-2022> <12:31:23>  >>>> CORORT
<Jan27-2022> <12:31:23>  >>>> CLSMAT
<Jan27-2022> <12:31:23>  >>>> ORTHON
<Jan27-2022> <12:31:23>  >>>> GENPT
<Jan27-2022> <12:31:23>  Block Length= 128
<Jan27-2022> <12:31:23>  >>>> PTBAS
<Jan27-2022> <12:31:24>  >>>> CYCLE
<Jan27-2022> <12:31:26>  using orbital data from restart file
<Jan27-2022> <12:31:28>              |Error|         MaxErr       Wt(A-DIIS)
<Jan27-2022> <12:31:28>      1      0.11646284      0.03030531
<Jan27-2022> <12:31:31>      2      0.02424311      0.00276688    100.0
<Jan27-2022> <12:31:34>      3      0.01459030      0.00188405    100.0
<Jan27-2022> <12:31:37>      4      0.01504940      0.00172223      0.7
<Jan27-2022> <12:31:40>      5      0.00038842      0.00005526      0.0
<Jan27-2022> <12:31:43>      6      0.00009391      0.00000934      0.0
<Jan27-2022> <12:31:46>      7      0.00001481      0.00000173      0.0
<Jan27-2022> <12:31:48>      8      0.00000527      0.00000074      0.0
<Jan27-2022> <12:31:49>  SCF converged
<Jan27-2022> <12:31:51>      9      0.00000081      0.00000010      0.0
<Jan27-2022> <12:31:52>  >>>> TOTEN
<Jan27-2022> <12:31:55>  >>>> POPAN
<Jan27-2022> <12:31:55>  >>>> DEBYE
<Jan27-2022> <12:31:56>  >>>> ENGRAD
<Jan27-2022> <12:31:58>  current energy                               -0.62853719 Hartree
<Jan27-2022> <12:31:58>  energy change                      -0.01068786     0.00004000    F
<Jan27-2022> <12:31:58>  constrained gradient max            0.13347270     0.00100000    F
<Jan27-2022> <12:31:58>  constrained gradient rms            0.05213982     0.00066667    F
<Jan27-2022> <12:31:58>  gradient max                        0.13347270
<Jan27-2022> <12:31:58>  gradient rms                        0.05213982
<Jan27-2022> <12:31:58>  cart. step max                      0.07281860     0.01000000    F
<Jan27-2022> <12:31:58>  cart. step rms                      0.03354442     0.00666667    F
<Jan27-2022> <12:31:58>  Iteration 3
<Jan27-2022> <12:31:58>  *** GOStep3 ***
<Jan27-2022> <12:31:59>  >>>> FRAGM
<Jan27-2022> <12:31:59>  Coordinates
<Jan27-2022> <12:31:59>     Atom         X           Y           Z   (Angstrom)
<Jan27-2022> <12:31:59>     1.H         2.040892   -0.811882   -0.042127
<Jan27-2022> <12:31:59>     2.C         0.972147   -0.585028   -0.037269
<Jan27-2022> <12:31:59>     3.H         0.630782   -0.166253    0.915368
<Jan27-2022> <12:31:59>     4.H         0.709620    0.063981   -0.835972
<Jan27-2022> <12:31:59>  >>>> CORORT
<Jan27-2022> <12:31:59>  >>>> CLSMAT
<Jan27-2022> <12:31:59>  >>>> ORTHON
<Jan27-2022> <12:31:59>  >>>> GENPT
<Jan27-2022> <12:31:59>  Block Length= 128
<Jan27-2022> <12:31:59>  >>>> PTBAS
<Jan27-2022> <12:32:00>  >>>> CYCLE
<Jan27-2022> <12:32:02>  using orbital data from restart file
<Jan27-2022> <12:32:05>              |Error|         MaxErr       Wt(A-DIIS)
<Jan27-2022> <12:32:05>      1      0.30478414      0.08077309
<Jan27-2022> <12:32:08>      2      0.04288924      0.00506841    100.0
<Jan27-2022> <12:32:11>      3      0.02632068      0.00344924    100.0
<Jan27-2022> <12:32:14>      4      0.02595773      0.00279750      1.8
<Jan27-2022> <12:32:17>      5      0.00090493      0.00014295      0.0
<Jan27-2022> <12:32:20>      6      0.00016321      0.00002220      0.0
<Jan27-2022> <12:32:23>      7      0.00004639      0.00000616      0.0
<Jan27-2022> <12:32:26>      8      0.00001183      0.00000197      0.0
<Jan27-2022> <12:32:30>      9      0.00000138      0.00000015      0.0
<Jan27-2022> <12:32:30>  SCF converged
<Jan27-2022> <12:32:33>     10      0.00000030      0.00000004      0.0
<Jan27-2022> <12:32:34>  >>>> TOTEN
<Jan27-2022> <12:32:37>  >>>> POPAN
<Jan27-2022> <12:32:37>  >>>> DEBYE
<Jan27-2022> <12:32:37>  >>>> ENGRAD
<Jan27-2022> <12:32:39>  current energy                               -0.63918818 Hartree
<Jan27-2022> <12:32:39>  energy change                      -0.01065098     0.00004000    F
<Jan27-2022> <12:32:39>  constrained gradient max            0.04017636     0.00100000    F
<Jan27-2022> <12:32:39>  constrained gradient rms            0.02447855     0.00066667    F
<Jan27-2022> <12:32:39>  gradient max                        0.04017636
<Jan27-2022> <12:32:39>  gradient rms                        0.02447855
<Jan27-2022> <12:32:39>  cart. step max                      0.05066219     0.01000000    F
<Jan27-2022> <12:32:39>  cart. step rms                      0.02572289     0.00666667    F
<Jan27-2022> <12:32:39>  Iteration 4
<Jan27-2022> <12:32:40>  *** GOStep4 ***
<Jan27-2022> <12:32:40>  >>>> FRAGM
<Jan27-2022> <12:32:40>  Coordinates
<Jan27-2022> <12:32:40>     Atom         X           Y           Z   (Angstrom)
<Jan27-2022> <12:32:40>     1.H         2.043652   -0.836604   -0.027403
<Jan27-2022> <12:32:40>     2.C         0.995916   -0.534366   -0.030120
<Jan27-2022> <12:32:40>     3.H         0.629889   -0.191278    0.939054
<Jan27-2022> <12:32:40>     4.H         0.683984    0.063066   -0.881531
<Jan27-2022> <12:32:41>  >>>> CORORT
<Jan27-2022> <12:32:41>  >>>> CLSMAT
<Jan27-2022> <12:32:41>  >>>> ORTHON
<Jan27-2022> <12:32:41>  >>>> GENPT
<Jan27-2022> <12:32:41>  Block Length= 128
<Jan27-2022> <12:32:41>  >>>> PTBAS
<Jan27-2022> <12:32:42>  >>>> CYCLE
<Jan27-2022> <12:32:44>  using orbital data from restart file
<Jan27-2022> <12:32:46>              |Error|         MaxErr       Wt(A-DIIS)
<Jan27-2022> <12:32:46>      1      0.08283935      0.01529630
<Jan27-2022> <12:32:49>      2      0.02452429      0.00349152    100.0
<Jan27-2022> <12:32:52>      3      0.01982268      0.00285660    100.0
<Jan27-2022> <12:32:55>      4      0.01947520      0.00280745      1.8
<Jan27-2022> <12:32:58>      5      0.00603874      0.00110285      0.1
<Jan27-2022> <12:33:01>      6      0.00033788      0.00004610      0.0
<Jan27-2022> <12:33:04>      7      0.00022010      0.00003014      0.0
<Jan27-2022> <12:33:07>      8      0.00002610      0.00000315      0.0
<Jan27-2022> <12:33:10>      9      0.00000197      0.00000022      0.0
<Jan27-2022> <12:33:11>  SCF converged
<Jan27-2022> <12:33:13>     10      0.00000060      0.00000008      0.0
<Jan27-2022> <12:33:13>  >>>> TOTEN
<Jan27-2022> <12:33:17>  >>>> POPAN
<Jan27-2022> <12:33:17>  >>>> DEBYE
<Jan27-2022> <12:33:17>  >>>> ENGRAD
<Jan27-2022> <12:33:19>  current energy                               -0.64388726 Hartree
<Jan27-2022> <12:33:19>  energy change                      -0.00469909     0.00004000    F
<Jan27-2022> <12:33:19>  constrained gradient max            0.03084097     0.00100000    F
<Jan27-2022> <12:33:19>  constrained gradient rms            0.01331012     0.00066667    F
<Jan27-2022> <12:33:19>  gradient max                        0.03084097
<Jan27-2022> <12:33:19>  gradient rms                        0.01331012
<Jan27-2022> <12:33:19>  cart. step max                      0.06275230     0.01000000    F
<Jan27-2022> <12:33:19>  cart. step rms                      0.02425708     0.00666667    F
<Jan27-2022> <12:33:19>  Iteration 5
<Jan27-2022> <12:33:20>  *** GOStep5 ***
<Jan27-2022> <12:33:20>  >>>> FRAGM
<Jan27-2022> <12:33:20>  Coordinates
<Jan27-2022> <12:33:20>     Atom         X           Y           Z   (Angstrom)
<Jan27-2022> <12:33:20>     1.H         2.039870   -0.860261   -0.027170
<Jan27-2022> <12:33:20>     2.C         1.025241   -0.471614   -0.022404
<Jan27-2022> <12:33:20>     3.H         0.619102   -0.213787    0.950603
<Jan27-2022> <12:33:20>     4.H         0.669227    0.046480   -0.901029
<Jan27-2022> <12:33:20>  >>>> CORORT
<Jan27-2022> <12:33:20>  >>>> CLSMAT
<Jan27-2022> <12:33:20>  >>>> ORTHON
<Jan27-2022> <12:33:20>  >>>> GENPT
<Jan27-2022> <12:33:20>  Block Length= 128
<Jan27-2022> <12:33:20>  >>>> PTBAS
<Jan27-2022> <12:33:21>  >>>> CYCLE
<Jan27-2022> <12:33:23>  using orbital data from restart file
<Jan27-2022> <12:33:26>              |Error|         MaxErr       Wt(A-DIIS)
<Jan27-2022> <12:33:26>      1      0.07635390      0.01438340
<Jan27-2022> <12:33:29>      2      0.03006205      0.00412399    100.0
<Jan27-2022> <12:33:32>      3      0.02022295      0.00289184    100.0
<Jan27-2022> <12:33:35>      4      0.01399375      0.00237423      1.4
<Jan27-2022> <12:33:38>      5      0.00080389      0.00012994      0.0
<Jan27-2022> <12:33:41>      6      0.00009647      0.00001115      0.0
<Jan27-2022> <12:33:44>      7      0.00001489      0.00000189      0.0
<Jan27-2022> <12:33:47>      8      0.00000481      0.00000054      0.0
<Jan27-2022> <12:33:48>  SCF converged
<Jan27-2022> <12:33:50>      9      0.00000280      0.00000039      0.0
<Jan27-2022> <12:33:51>  >>>> TOTEN
<Jan27-2022> <12:33:54>  >>>> POPAN
<Jan27-2022> <12:33:54>  >>>> DEBYE
<Jan27-2022> <12:33:54>  >>>> ENGRAD
<Jan27-2022> <12:33:57>  current energy                               -0.64641295 Hartree
<Jan27-2022> <12:33:57>  energy change                      -0.00252569     0.00004000    F
<Jan27-2022> <12:33:57>  constrained gradient max            0.01615978     0.00100000    F
<Jan27-2022> <12:33:57>  constrained gradient rms            0.00749094     0.00066667    F
<Jan27-2022> <12:33:57>  gradient max                        0.01615978
<Jan27-2022> <12:33:57>  gradient rms                        0.00749094
<Jan27-2022> <12:33:57>  cart. step max                      0.04256834     0.01000000    F
<Jan27-2022> <12:33:57>  cart. step rms                      0.01843417     0.00666667    F
<Jan27-2022> <12:33:57>  Iteration 6
<Jan27-2022> <12:33:57>  *** GOStep6 ***
<Jan27-2022> <12:33:57>  >>>> FRAGM
<Jan27-2022> <12:33:57>  Coordinates
<Jan27-2022> <12:33:57>     Atom         X           Y           Z   (Angstrom)
<Jan27-2022> <12:33:57>     1.H         2.039777   -0.879320   -0.036492
<Jan27-2022> <12:33:57>     2.C         1.054742   -0.429045   -0.008936
<Jan27-2022> <12:33:57>     3.H         0.600811   -0.224324    0.951521
<Jan27-2022> <12:33:57>     4.H         0.658110    0.033507   -0.906093
<Jan27-2022> <12:33:58>  >>>> CORORT
<Jan27-2022> <12:33:58>  >>>> CLSMAT
<Jan27-2022> <12:33:58>  >>>> ORTHON
<Jan27-2022> <12:33:58>  >>>> GENPT
<Jan27-2022> <12:33:58>  Block Length= 128
<Jan27-2022> <12:33:58>  >>>> PTBAS
<Jan27-2022> <12:33:58>  >>>> CYCLE
<Jan27-2022> <12:34:01>  using orbital data from restart file
<Jan27-2022> <12:34:03>              |Error|         MaxErr       Wt(A-DIIS)
<Jan27-2022> <12:34:03>      1      0.06087989      0.00841819
<Jan27-2022> <12:34:06>      2      0.02598846      0.00350248    100.0
<Jan27-2022> <12:34:09>      3      0.01732409      0.00246977    100.0
<Jan27-2022> <12:34:12>      4      0.01241464      0.00203599      1.0
<Jan27-2022> <12:34:15>      5      0.00067785      0.00010582      0.0
<Jan27-2022> <12:34:18>      6      0.00010035      0.00001120      0.0
<Jan27-2022> <12:34:21>      7      0.00001348      0.00000170      0.0
<Jan27-2022> <12:34:24>      8      0.00000189      0.00000023      0.0
<Jan27-2022> <12:34:25>  SCF converged
<Jan27-2022> <12:34:27>      9      0.00000054      0.00000006      0.0
<Jan27-2022> <12:34:28>  >>>> TOTEN
<Jan27-2022> <12:34:32>  >>>> POPAN
<Jan27-2022> <12:34:32>  >>>> DEBYE
<Jan27-2022> <12:34:32>  >>>> ENGRAD
<Jan27-2022> <12:34:34>  current energy                               -0.64742785 Hartree
<Jan27-2022> <12:34:34>  energy change                      -0.00101490     0.00004000    F
<Jan27-2022> <12:34:34>  constrained gradient max            0.00646149     0.00100000    F
<Jan27-2022> <12:34:34>  constrained gradient rms            0.00309945     0.00066667    F
<Jan27-2022> <12:34:34>  gradient max                        0.00646149
<Jan27-2022> <12:34:34>  gradient rms                        0.00309945
<Jan27-2022> <12:34:34>  cart. step max                      0.03559794     0.01000000    F
<Jan27-2022> <12:34:34>  cart. step rms                      0.01468663     0.00666667    F
<Jan27-2022> <12:34:34>  Iteration 7
<Jan27-2022> <12:34:34>  *** GOStep7 ***
<Jan27-2022> <12:34:35>  >>>> FRAGM
<Jan27-2022> <12:34:35>  Coordinates
<Jan27-2022> <12:34:35>     Atom         X           Y           Z   (Angstrom)
<Jan27-2022> <12:34:35>     1.H         2.037000   -0.893655   -0.041939
<Jan27-2022> <12:34:35>     2.C         1.078404   -0.393447   -0.001919
<Jan27-2022> <12:34:35>     3.H         0.588224   -0.233455    0.948488
<Jan27-2022> <12:34:35>     4.H         0.649813    0.021376   -0.904630
<Jan27-2022> <12:34:35>  >>>> CORORT
<Jan27-2022> <12:34:35>  >>>> CLSMAT
<Jan27-2022> <12:34:35>  >>>> ORTHON
<Jan27-2022> <12:34:35>  >>>> GENPT
<Jan27-2022> <12:34:35>  Block Length= 128
<Jan27-2022> <12:34:35>  >>>> PTBAS
<Jan27-2022> <12:34:36>  >>>> CYCLE
<Jan27-2022> <12:34:38>  using orbital data from restart file
<Jan27-2022> <12:34:41>              |Error|         MaxErr       Wt(A-DIIS)
<Jan27-2022> <12:34:41>      1      0.04805587      0.00831315
<Jan27-2022> <12:34:44>      2      0.02203599      0.00293151    100.0
<Jan27-2022> <12:34:46>      3      0.02085833      0.00279847    100.0
<Jan27-2022> <12:34:49>      4      0.02084032      0.00279544      1.8
<Jan27-2022> <12:34:52>      5      0.01345740      0.00215958      1.2
<Jan27-2022> <12:34:55>      6      0.00127651      0.00013519      0.0
<Jan27-2022> <12:34:58>      7      0.00129001      0.00016993      0.0
<Jan27-2022> <12:35:02>      8      0.00004228      0.00000445      0.0
<Jan27-2022> <12:35:05>      9      0.00001871      0.00000243      0.0
<Jan27-2022> <12:35:08>     10      0.00001716      0.00000260      0.0
<Jan27-2022> <12:35:11>     11      0.00001668      0.00000247      0.0
<Jan27-2022> <12:35:14>     12      0.00001671      0.00000249      0.0
<Jan27-2022> <12:35:17>     13      0.00001662      0.00000248      0.0
<Jan27-2022> <12:35:20>     14      0.00000049      0.00000009      0.0
<Jan27-2022> <12:35:21>  SCF converged
<Jan27-2022> <12:35:23>     15      0.00000009      0.00000001      0.0
<Jan27-2022> <12:35:25>  >>>> TOTEN
<Jan27-2022> <12:35:28>  >>>> POPAN
<Jan27-2022> <12:35:28>  >>>> DEBYE
<Jan27-2022> <12:35:28>  >>>> ENGRAD
<Jan27-2022> <12:35:31>  current energy                               -0.64774195 Hartree
<Jan27-2022> <12:35:31>  energy change                      -0.00031410     0.00004000    F
<Jan27-2022> <12:35:31>  constrained gradient max            0.00226492     0.00100000    F
<Jan27-2022> <12:35:31>  constrained gradient rms            0.00126838     0.00066667    F
<Jan27-2022> <12:35:31>  gradient max                        0.00226492
<Jan27-2022> <12:35:31>  gradient rms                        0.00126838
<Jan27-2022> <12:35:31>  cart. step max                      0.01558833     0.01000000    F
<Jan27-2022> <12:35:31>  cart. step rms                      0.00604972     0.00666667    T
<Jan27-2022> <12:35:31>  Iteration 8
<Jan27-2022> <12:35:31>  *** GOStep8 ***
<Jan27-2022> <12:35:31>  >>>> FRAGM
<Jan27-2022> <12:35:31>  Coordinates
<Jan27-2022> <12:35:31>     Atom         X           Y           Z   (Angstrom)
<Jan27-2022> <12:35:31>     1.H         2.034691   -0.899350   -0.041821
<Jan27-2022> <12:35:31>     2.C         1.087344   -0.377859   -0.000160
<Jan27-2022> <12:35:31>     3.H         0.585440   -0.238849    0.948484
<Jan27-2022> <12:35:31>     4.H         0.645966    0.016876   -0.906504
<Jan27-2022> <12:35:31>  >>>> CORORT
<Jan27-2022> <12:35:31>  >>>> CLSMAT
<Jan27-2022> <12:35:31>  >>>> ORTHON
<Jan27-2022> <12:35:31>  >>>> GENPT
<Jan27-2022> <12:35:32>  Block Length= 128
<Jan27-2022> <12:35:32>  >>>> PTBAS
<Jan27-2022> <12:35:32>  >>>> CYCLE
<Jan27-2022> <12:35:35>  using orbital data from restart file
<Jan27-2022> <12:35:37>              |Error|         MaxErr       Wt(A-DIIS)
<Jan27-2022> <12:35:37>      1      0.02007454      0.00326762
<Jan27-2022> <12:35:40>      2      0.00935288      0.00129529    100.0
<Jan27-2022> <12:35:43>      3      0.00683813      0.00111704    100.0
<Jan27-2022> <12:35:46>      4      0.00242198      0.00031725      0.0
<Jan27-2022> <12:35:49>      5      0.00061739      0.00008079      0.0
<Jan27-2022> <12:35:52>      6      0.00002036      0.00000230      0.0
<Jan27-2022> <12:35:55>      7      0.00000120      0.00000021      0.0
<Jan27-2022> <12:35:55>  SCF converged
<Jan27-2022> <12:35:58>      8      0.00000022      0.00000003      0.0
<Jan27-2022> <12:35:59>  >>>> TOTEN
<Jan27-2022> <12:36:02>  >>>> POPAN
<Jan27-2022> <12:36:02>  >>>> DEBYE
<Jan27-2022> <12:36:02>  >>>> ENGRAD
<Jan27-2022> <12:36:04>  current energy                               -0.64778042 Hartree
<Jan27-2022> <12:36:04>  energy change                      -0.00003847     0.00004000    T
<Jan27-2022> <12:36:04>  constrained gradient max            0.00100384     0.00100000    F
<Jan27-2022> <12:36:04>  constrained gradient rms            0.00051469     0.00066667    T
<Jan27-2022> <12:36:04>  gradient max                        0.00100384
<Jan27-2022> <12:36:04>  gradient rms                        0.00051469
<Jan27-2022> <12:36:04>  cart. step max                      0.00311587     0.01000000    T
<Jan27-2022> <12:36:04>  cart. step rms                      0.00118216     0.00666667    T
<Jan27-2022> <12:36:04>  Iteration 9
<Jan27-2022> <12:36:05>  *** GOStep9 ***
<Jan27-2022> <12:36:05>  >>>> FRAGM
<Jan27-2022> <12:36:05>  Coordinates
<Jan27-2022> <12:36:05>     Atom         X           Y           Z   (Angstrom)
<Jan27-2022> <12:36:05>     1.H         2.034149   -0.900317   -0.041762
<Jan27-2022> <12:36:05>     2.C         1.088481   -0.374743    0.000065
<Jan27-2022> <12:36:05>     3.H         0.585207   -0.240112    0.949313
<Jan27-2022> <12:36:05>     4.H         0.645604    0.015990   -0.907615
<Jan27-2022> <12:36:05>  >>>> CORORT
<Jan27-2022> <12:36:06>  >>>> CLSMAT
<Jan27-2022> <12:36:06>  >>>> ORTHON
<Jan27-2022> <12:36:06>  >>>> GENPT
<Jan27-2022> <12:36:06>  Block Length= 128
<Jan27-2022> <12:36:06>  >>>> PTBAS
<Jan27-2022> <12:36:06>  >>>> CYCLE
<Jan27-2022> <12:36:09>  using orbital data from restart file
<Jan27-2022> <12:36:11>              |Error|         MaxErr       Wt(A-DIIS)
<Jan27-2022> <12:36:11>      1      0.00401846      0.00069905
<Jan27-2022> <12:36:14>      2      0.00172804      0.00023913    100.0
<Jan27-2022> <12:36:17>      3      0.00129939      0.00020666    100.0
<Jan27-2022> <12:36:20>      4      0.00049452      0.00005126      0.0
<Jan27-2022> <12:36:23>      5      0.00010455      0.00001334      0.0
<Jan27-2022> <12:36:26>      6      0.00000711      0.00000081      0.0
<Jan27-2022> <12:36:27>  SCF converged
<Jan27-2022> <12:36:29>      7      0.00000061      0.00000011      0.0
<Jan27-2022> <12:36:30>  >>>> TOTEN
<Jan27-2022> <12:36:33>  >>>> POPAN
<Jan27-2022> <12:36:33>  >>>> DEBYE
<Jan27-2022> <12:36:33>  >>>> ENGRAD
<Jan27-2022> <12:36:36>  current energy                               -0.64778253 Hartree
<Jan27-2022> <12:36:36>  energy change                      -0.00000211     0.00004000    T
<Jan27-2022> <12:36:36>  constrained gradient max            0.00026933     0.00100000    T
<Jan27-2022> <12:36:36>  constrained gradient rms            0.00012627     0.00066667    T
<Jan27-2022> <12:36:36>  gradient max                        0.00026933
<Jan27-2022> <12:36:36>  gradient rms                        0.00012627
<Jan27-2022> <12:36:36>  cart. step max                      0.00013068     0.01000000    T
<Jan27-2022> <12:36:36>  cart. step rms                      0.00007016     0.00666667    T
<Jan27-2022> <12:36:36>  Geometry optimization converged
<Jan27-2022> <12:36:36>  *** adf ***
<Jan27-2022> <12:36:36>  Net Charge: 0 (Nuclei minus Electrons)
<Jan27-2022> <12:36:36>  Spin polar: 1 (Spin_A minus Spin_B electrons)
<Jan27-2022> <12:36:36>  Symmetry  : NOSYM
<Jan27-2022> <12:36:36>  >>>> FRAGM
<Jan27-2022> <12:36:36>  Coordinates
<Jan27-2022> <12:36:36>     Atom         X           Y           Z   (Angstrom)
<Jan27-2022> <12:36:36>     1.H         2.034149   -0.900317   -0.041762
<Jan27-2022> <12:36:36>     2.C         1.088481   -0.374743    0.000065
<Jan27-2022> <12:36:36>     3.H         0.585207   -0.240112    0.949313
<Jan27-2022> <12:36:36>     4.H         0.645604    0.015990   -0.907615
<Jan27-2022> <12:36:36>  >>>> CORORT
<Jan27-2022> <12:36:36>  >>>> CLSMAT
<Jan27-2022> <12:36:37>  >>>> ORTHON
<Jan27-2022> <12:36:37>  >>>> GENPT
<Jan27-2022> <12:36:37>  Block Length= 128
<Jan27-2022> <12:36:37>  >>>> PTBAS
<Jan27-2022> <12:36:37>  >>>> CYCLE
<Jan27-2022> <12:36:40>  using orbital data from restart file
<Jan27-2022> <12:36:42>              |Error|         MaxErr       Wt(A-DIIS)
<Jan27-2022> <12:36:42>      1      0.00000005      0.00000001
<Jan27-2022> <12:36:45>      2      0.00000004      0.00000001    100.0
<Jan27-2022> <12:36:46>  SCF converged
<Jan27-2022> <12:36:49>      3      0.00000002      0.00000000    100.0
<Jan27-2022> <12:36:52>  >>>> TOTEN
<Jan27-2022> <12:36:57>  >>>> POPAN
<Jan27-2022> <12:36:57>  >>>> DEBYE
<Jan27-2022> <12:36:57>  >>>> AMETS
<Jan27-2022> <12:36:57>   Bond Energy          -0.64778253 a.u.
<Jan27-2022> <12:36:57>   Bond Energy         -17.62705951 eV
<Jan27-2022> <12:36:57>   Bond Energy        -406.49       kcal/mol
<Jan27-2022> <12:36:57>  >>>> POPUL
<Jan27-2022> <12:36:57>  >>>> ENGRAD
<Jan27-2022> <12:36:59>  >>>> ENHESS
<Jan27-2022> <12:37:01>  === NUCLEUS:     1
<Jan27-2022> <12:38:12>  === NUCLEUS:     2
<Jan27-2022> <12:39:21>  === NUCLEUS:     3
<Jan27-2022> <12:40:29>  === NUCLEUS:     4
<Jan27-2022> <12:41:32>  >>>> CALC_HESS_PMAT
<Jan27-2022> <12:41:36>  >>>> CALC_HESS_WMAT
<Jan27-2022> <12:41:36>  PES point character: Geometry corresponds to a local minimum on the PES.
<Jan27-2022> <12:41:36>  Geometry optimization successful!
<Jan27-2022> <12:41:36>  WARNING: total elapsed time is much higher than the (CPU+system) time.
<Jan27-2022> <12:41:36>  Make sure the machine is not oversubscribed and has enough memory, SCM_TMPDIR points to a fast file system, and the network is fast enough.
<Jan27-2022> <12:41:36>  NORMAL TERMINATION
