<Jan21-2022> <00:36:28>  AMS 2021.102  RunTime: Jan21-2022 00:36:28  ShM Nodes: 1  Procs: 1
<Jan21-2022> <00:36:29>  ADF 2021.102  RunTime: Jan21-2022 00:36:29  ShM Nodes: 1  Procs: 1
<Jan21-2022> <00:36:29>  *** (NO TITLE) ***
<Jan21-2022> <00:36:29>  Symmetry detected: C(S)
<Jan21-2022> <00:36:29>  Iteration 1
<Jan21-2022> <00:36:29>  DIRAC 2021.102  RunTime: Jan21-2022 00:36:29  ShM Nodes: 1  Procs: 1
<Jan21-2022> <00:36:29>  Carbon (TZ2P)
<Jan21-2022> <00:36:29>  Net Charge: 0 (Nuclei minus Electrons)
<Jan21-2022> <00:36:29>  Symmetry  : ATOM
<Jan21-2022> <00:36:29>  Coordinates
<Jan21-2022> <00:36:29>     Atom         X           Y           Z   (Angstrom)
<Jan21-2022> <00:36:29>     1.C         0.000000    0.000000    0.000000
<Jan21-2022> <00:36:29>  >>>> CORORT
<Jan21-2022> <00:36:29>  >>>> CLSMAT
<Jan21-2022> <00:36:29>  >>>> ORTHON
<Jan21-2022> <00:36:29>  >>>> GENPT
<Jan21-2022> <00:36:29>  Block Length=  72
<Jan21-2022> <00:36:29>  >>>> PTBAS
<Jan21-2022> <00:36:29>  >>>> CYCLE
<Jan21-2022> <00:36:29>              |Error|         MaxErr       Wt(A-DIIS)
<Jan21-2022> <00:36:29>      1      0.00000000      0.00000000
<Jan21-2022> <00:36:29>      2      4.48405934      3.32161898    100.0
<Jan21-2022> <00:36:29>      3      1.60718414      1.28408746    100.0
<Jan21-2022> <00:36:29>      4      0.76426456      0.62272052    100.0
<Jan21-2022> <00:36:29>      5      0.36119063      0.28553990    100.0
<Jan21-2022> <00:36:29>      6      0.14821424      0.11559867    100.0
<Jan21-2022> <00:36:29>      7      0.10108424      0.07867111     78.5
<Jan21-2022> <00:36:29>      8      0.01786531      0.01387049     13.0
<Jan21-2022> <00:36:29>      9      0.00195746      0.00153262      0.5
<Jan21-2022> <00:36:29>     10      0.00001058      0.00000730      0.0
<Jan21-2022> <00:36:29>     11      0.00000047      0.00000027      0.0
<Jan21-2022> <00:36:29>     12      0.00000003      0.00000002      0.0
<Jan21-2022> <00:36:29>     13      0.00000000      0.00000000      0.0
<Jan21-2022> <00:36:29>  SCF converged
<Jan21-2022> <00:36:29>     14      0.00000000      0.00000000      0.0
<Jan21-2022> <00:36:29>  >>>> POPAN
<Jan21-2022> <00:36:29>  >>>> DEBYE
<Jan21-2022> <00:36:29>  DIRAC 2021.102  RunTime: Jan21-2022 00:36:29  ShM Nodes: 1  Procs: 1
<Jan21-2022> <00:36:29>  Hydrogen (TZ2P)
<Jan21-2022> <00:36:30>  Net Charge: 0 (Nuclei minus Electrons)
<Jan21-2022> <00:36:30>  Symmetry  : ATOM
<Jan21-2022> <00:36:30>  Coordinates
<Jan21-2022> <00:36:30>     Atom         X           Y           Z   (Angstrom)
<Jan21-2022> <00:36:30>     1.H         0.000000    0.000000    0.000000
<Jan21-2022> <00:36:30>  >>>> CORORT
<Jan21-2022> <00:36:30>  >>>> CLSMAT
<Jan21-2022> <00:36:30>  >>>> ORTHON
<Jan21-2022> <00:36:30>  >>>> GENPT
<Jan21-2022> <00:36:30>  Block Length=  64
<Jan21-2022> <00:36:30>  >>>> PTBAS
<Jan21-2022> <00:36:30>  >>>> CYCLE
<Jan21-2022> <00:36:30>              |Error|         MaxErr       Wt(A-DIIS)
<Jan21-2022> <00:36:30>      1      0.00000000      0.00000000
<Jan21-2022> <00:36:30>      2      0.03080019      0.02591482
<Jan21-2022> <00:36:30>      3      0.01140383      0.01135775    100.0
<Jan21-2022> <00:36:30>      4      0.00327656      0.00327407      2.3
<Jan21-2022> <00:36:30>      5      0.00010041      0.00009754      0.0
<Jan21-2022> <00:36:30>      6      0.00000525      0.00000504      0.0
<Jan21-2022> <00:36:30>      7      0.00000007      0.00000007      0.0
<Jan21-2022> <00:36:30>      8      0.00000000      0.00000000      0.0
<Jan21-2022> <00:36:30>  SCF converged
<Jan21-2022> <00:36:30>      9      0.00000000      0.00000000      0.0
<Jan21-2022> <00:36:30>  >>>> POPAN
<Jan21-2022> <00:36:30>  >>>> DEBYE
<Jan21-2022> <00:36:30>  DIRAC 2021.102  RunTime: Jan21-2022 00:36:30  ShM Nodes: 1  Procs: 1
<Jan21-2022> <00:36:30>  Oxygen (TZ2P)
<Jan21-2022> <00:36:30>  Net Charge: 0 (Nuclei minus Electrons)
<Jan21-2022> <00:36:30>  Symmetry  : ATOM
<Jan21-2022> <00:36:30>  Coordinates
<Jan21-2022> <00:36:30>     Atom         X           Y           Z   (Angstrom)
<Jan21-2022> <00:36:30>     1.O         0.000000    0.000000    0.000000
<Jan21-2022> <00:36:30>  >>>> CORORT
<Jan21-2022> <00:36:30>  >>>> CLSMAT
<Jan21-2022> <00:36:30>  >>>> ORTHON
<Jan21-2022> <00:36:30>  >>>> GENPT
<Jan21-2022> <00:36:30>  Block Length=  68
<Jan21-2022> <00:36:30>  >>>> PTBAS
<Jan21-2022> <00:36:30>  >>>> CYCLE
<Jan21-2022> <00:36:30>              |Error|         MaxErr       Wt(A-DIIS)
<Jan21-2022> <00:36:30>      1      0.00000000      0.00000000
<Jan21-2022> <00:36:30>      2      8.77210307      5.53374266    100.0
<Jan21-2022> <00:36:30>      3      3.60058093      2.49154808    100.0
<Jan21-2022> <00:36:30>      4      1.20505529      0.62472425    100.0
<Jan21-2022> <00:36:30>      5      1.46502638      0.81213311    100.0
<Jan21-2022> <00:36:30>      6      0.15089362      0.09131786     91.2
<Jan21-2022> <00:36:30>      7      0.14397311      0.08251182     82.3
<Jan21-2022> <00:36:30>      8      0.00183259      0.00123681      0.2
<Jan21-2022> <00:36:31>      9      0.00015629      0.00008105      0.0
<Jan21-2022> <00:36:31>     10      0.00001324      0.00000629      0.0
<Jan21-2022> <00:36:31>     11      0.00000006      0.00000003      0.0
<Jan21-2022> <00:36:31>     12      0.00000000      0.00000000      0.0
<Jan21-2022> <00:36:31>  SCF converged
<Jan21-2022> <00:36:31>     13      0.00000000      0.00000000      0.0
<Jan21-2022> <00:36:31>  >>>> POPAN
<Jan21-2022> <00:36:31>  >>>> DEBYE
<Jan21-2022> <00:36:31>  *** GOStep1 ***
<Jan21-2022> <00:36:31>  >>>> FRAGM
<Jan21-2022> <00:36:31>  Coordinates
<Jan21-2022> <00:36:31>     Atom         X           Y           Z   (Angstrom)
<Jan21-2022> <00:36:31>     1.C         0.312247    0.445199    0.000000
<Jan21-2022> <00:36:31>     2.C         0.983914   -0.714308    0.000000
<Jan21-2022> <00:36:31>     3.H         0.458423   -1.668047    0.000000
<Jan21-2022> <00:36:31>     4.C        -1.162784    0.485254    0.000000
<Jan21-2022> <00:36:31>     5.H         0.823132    1.407065    0.000000
<Jan21-2022> <00:36:31>     6.O        -1.824058    1.507291    0.000000
<Jan21-2022> <00:36:31>     7.H         2.053264   -0.751598    0.000000
<Jan21-2022> <00:36:31>     8.H        -1.635503   -0.474661    0.000000
<Jan21-2022> <00:36:31>  >>>> CORORT
<Jan21-2022> <00:36:31>  >>>> CLSMAT
<Jan21-2022> <00:36:31>  >>>> ORTHON
<Jan21-2022> <00:36:31>  >>>> GENPT
<Jan21-2022> <00:36:31>  Block Length= 128
<Jan21-2022> <00:36:32>  >>>> PTBAS
<Jan21-2022> <00:36:37>  >>>> CYCLE
<Jan21-2022> <00:36:53>              |Error|         MaxErr       Wt(A-DIIS)
<Jan21-2022> <00:36:53>      1      4.64097388      1.05951462
<Jan21-2022> <00:37:04>      2      0.77954014      0.17318640    100.0
<Jan21-2022> <00:37:16>      3      0.41247018      0.07592035    100.0
<Jan21-2022> <00:37:28>      4      0.57884677      0.12735143    100.0
<Jan21-2022> <00:37:40>      5      0.13209004      0.03902793     38.4
<Jan21-2022> <00:37:52>      6      0.19512647      0.06120979    100.0
<Jan21-2022> <00:38:03>      7      0.03683533      0.00578912      4.8
<Jan21-2022> <00:38:16>      8      0.00925904      0.00294844      2.0
<Jan21-2022> <00:38:28>      9      0.00232889      0.00055005      0.0
<Jan21-2022> <00:38:40>     10      0.00018896      0.00002692      0.0
<Jan21-2022> <00:38:51>     11      0.00003805      0.00000602      0.0
<Jan21-2022> <00:39:03>     12      0.00000716      0.00000152      0.0
<Jan21-2022> <00:39:15>     13      0.00000119      0.00000025      0.0
<Jan21-2022> <00:39:18>  SCF converged
<Jan21-2022> <00:39:27>     14      0.00000015      0.00000003      0.0
<Jan21-2022> <00:39:30>  >>>> TOTEN
<Jan21-2022> <00:39:47>  >>>> POPAN
<Jan21-2022> <00:39:47>  >>>> DEBYE
<Jan21-2022> <00:39:48>  >>>> ENGRAD
<Jan21-2022> <00:40:12>  current energy                               -1.68586010 Hartree
<Jan21-2022> <00:40:12>  energy change                      -1.68586010     0.00008000    F
<Jan21-2022> <00:40:12>  constrained gradient max            0.04898820     0.00100000    F
<Jan21-2022> <00:40:12>  constrained gradient rms            0.01632863     0.00066667    F
<Jan21-2022> <00:40:12>  gradient max                        0.04898820
<Jan21-2022> <00:40:12>  gradient rms                        0.01632863
<Jan21-2022> <00:40:12>  cart. step max                      0.02097665     0.01000000    F
<Jan21-2022> <00:40:12>  cart. step rms                      0.00661062     0.00666667    T
<Jan21-2022> <00:40:12>  Iteration 2
<Jan21-2022> <00:40:13>  *** GOStep2 ***
<Jan21-2022> <00:40:13>  >>>> FRAGM
<Jan21-2022> <00:40:13>  Coordinates
<Jan21-2022> <00:40:13>     Atom         X           Y           Z   (Angstrom)
<Jan21-2022> <00:40:13>     1.C         0.313308    0.447857    0.000000
<Jan21-2022> <00:40:13>     2.C         0.983675   -0.712777    0.000000
<Jan21-2022> <00:40:13>     3.H         0.455906   -1.665384    0.000000
<Jan21-2022> <00:40:13>     4.C        -1.162391    0.489087    0.000000
<Jan21-2022> <00:40:13>     5.H         0.826178    1.408731    0.000000
<Jan21-2022> <00:40:13>     6.O        -1.819957    1.516953    0.000000
<Jan21-2022> <00:40:13>     7.H         2.064996   -0.752634    0.000000
<Jan21-2022> <00:40:13>     8.H        -1.653080   -0.495638    0.000000
<Jan21-2022> <00:40:13>  >>>> CORORT
<Jan21-2022> <00:40:13>  >>>> CLSMAT
<Jan21-2022> <00:40:13>  >>>> ORTHON
<Jan21-2022> <00:40:13>  >>>> GENPT
<Jan21-2022> <00:40:13>  Block Length= 128
<Jan21-2022> <00:40:13>  >>>> PTBAS
<Jan21-2022> <00:40:19>  >>>> CYCLE
<Jan21-2022> <00:40:27>  using orbital data from restart file
<Jan21-2022> <00:40:35>              |Error|         MaxErr       Wt(A-DIIS)
<Jan21-2022> <00:40:35>      1      0.08821114      0.04050363
<Jan21-2022> <00:40:47>      2      0.01473162      0.00390800    100.0
<Jan21-2022> <00:40:59>      3      0.03481837      0.01096871    100.0
<Jan21-2022> <00:41:11>      4      0.00747365      0.00139156      0.4
<Jan21-2022> <00:41:23>      5      0.00135601      0.00020433      0.0
<Jan21-2022> <00:41:35>      6      0.00052342      0.00011963      0.0
<Jan21-2022> <00:41:47>      7      0.00023260      0.00007513      0.0
<Jan21-2022> <00:41:59>      8      0.00004679      0.00000848      0.0
<Jan21-2022> <00:42:11>      9      0.00000670      0.00000128      0.0
<Jan21-2022> <00:42:23>     10      0.00000075      0.00000018      0.0
<Jan21-2022> <00:42:26>  SCF converged
<Jan21-2022> <00:42:35>     11      0.00000017      0.00000003      0.0
<Jan21-2022> <00:42:38>  >>>> TOTEN
<Jan21-2022> <00:42:55>  >>>> POPAN
<Jan21-2022> <00:42:55>  >>>> DEBYE
<Jan21-2022> <00:42:55>  >>>> ENGRAD
<Jan21-2022> <00:43:19>  current energy                               -1.68711032 Hartree
<Jan21-2022> <00:43:19>  energy change                      -0.00125022     0.00008000    F
<Jan21-2022> <00:43:19>  constrained gradient max            0.02096124     0.00100000    F
<Jan21-2022> <00:43:19>  constrained gradient rms            0.00607985     0.00066667    F
<Jan21-2022> <00:43:19>  gradient max                        0.02096124
<Jan21-2022> <00:43:19>  gradient rms                        0.00607985
<Jan21-2022> <00:43:19>  cart. step max                      0.00854789     0.01000000    T
<Jan21-2022> <00:43:20>  cart. step rms                      0.00262175     0.00666667    T
<Jan21-2022> <00:43:20>  Iteration 3
<Jan21-2022> <00:43:20>  *** GOStep3 ***
<Jan21-2022> <00:43:20>  >>>> FRAGM
<Jan21-2022> <00:43:20>  Coordinates
<Jan21-2022> <00:43:20>     Atom         X           Y           Z   (Angstrom)
<Jan21-2022> <00:43:20>     1.C         0.313656    0.449214    0.000000
<Jan21-2022> <00:43:20>     2.C         0.982697   -0.712055    0.000000
<Jan21-2022> <00:43:20>     3.H         0.454393   -1.664306    0.000000
<Jan21-2022> <00:43:20>     4.C        -1.161281    0.493056    0.000000
<Jan21-2022> <00:43:20>     5.H         0.827043    1.409665    0.000000
<Jan21-2022> <00:43:20>     6.O        -1.817209    1.517817    0.000000
<Jan21-2022> <00:43:20>     7.H         2.068933   -0.753010    0.000000
<Jan21-2022> <00:43:20>     8.H        -1.659597   -0.504186    0.000000
<Jan21-2022> <00:43:20>  >>>> CORORT
<Jan21-2022> <00:43:20>  >>>> CLSMAT
<Jan21-2022> <00:43:20>  >>>> ORTHON
<Jan21-2022> <00:43:20>  >>>> GENPT
<Jan21-2022> <00:43:20>  Block Length= 128
<Jan21-2022> <00:43:21>  >>>> PTBAS
<Jan21-2022> <00:43:27>  >>>> CYCLE
<Jan21-2022> <00:43:34>  using orbital data from restart file
<Jan21-2022> <00:43:43>              |Error|         MaxErr       Wt(A-DIIS)
<Jan21-2022> <00:43:43>      1      0.04400205      0.01993300
<Jan21-2022> <00:43:55>      2      0.00915037      0.00262146    100.0
<Jan21-2022> <00:44:07>      3      0.02846011      0.00810896    100.0
<Jan21-2022> <00:44:19>      4      0.00841605      0.00238450      1.4
<Jan21-2022> <00:44:31>      5      0.00089842      0.00021423      0.0
<Jan21-2022> <00:44:42>      6      0.00026568      0.00007514      0.0
<Jan21-2022> <00:44:54>      7      0.00008101      0.00001294      0.0
<Jan21-2022> <00:45:06>      8      0.00001026      0.00000210      0.0
<Jan21-2022> <00:45:18>      9      0.00000154      0.00000026      0.0
<Jan21-2022> <00:45:22>  SCF converged
<Jan21-2022> <00:45:30>     10      0.00000033      0.00000006      0.0
<Jan21-2022> <00:45:34>  >>>> TOTEN
<Jan21-2022> <00:45:51>  >>>> POPAN
<Jan21-2022> <00:45:51>  >>>> DEBYE
<Jan21-2022> <00:45:51>  >>>> ENGRAD
<Jan21-2022> <00:46:15>  current energy                               -1.68727693 Hartree
<Jan21-2022> <00:46:15>  energy change                      -0.00016661     0.00008000    F
<Jan21-2022> <00:46:15>  constrained gradient max            0.00241037     0.00100000    F
<Jan21-2022> <00:46:15>  constrained gradient rms            0.00089739     0.00066667    F
<Jan21-2022> <00:46:15>  gradient max                        0.00241037
<Jan21-2022> <00:46:15>  gradient rms                        0.00089739
<Jan21-2022> <00:46:15>  cart. step max                      0.00180614     0.01000000    T
<Jan21-2022> <00:46:15>  cart. step rms                      0.00063207     0.00666667    T
<Jan21-2022> <00:46:15>  Iteration 4
<Jan21-2022> <00:46:16>  *** GOStep4 ***
<Jan21-2022> <00:46:16>  >>>> FRAGM
<Jan21-2022> <00:46:16>  Coordinates
<Jan21-2022> <00:46:16>     Atom         X           Y           Z   (Angstrom)
<Jan21-2022> <00:46:16>     1.C         0.314005    0.449251    0.000000
<Jan21-2022> <00:46:16>     2.C         0.982443   -0.712134    0.000000
<Jan21-2022> <00:46:16>     3.H         0.454139   -1.664334    0.000000
<Jan21-2022> <00:46:16>     4.C        -1.160921    0.494157    0.000000
<Jan21-2022> <00:46:16>     5.H         0.827574    1.409627    0.000000
<Jan21-2022> <00:46:16>     6.O        -1.818693    1.518891    0.000000
<Jan21-2022> <00:46:16>     7.H         2.068703   -0.753272    0.000000
<Jan21-2022> <00:46:16>     8.H        -1.658615   -0.505992    0.000000
<Jan21-2022> <00:46:16>  >>>> CORORT
<Jan21-2022> <00:46:16>  >>>> CLSMAT
<Jan21-2022> <00:46:16>  >>>> ORTHON
<Jan21-2022> <00:46:16>  >>>> GENPT
<Jan21-2022> <00:46:16>  Block Length= 128
<Jan21-2022> <00:46:17>  >>>> PTBAS
<Jan21-2022> <00:46:22>  >>>> CYCLE
<Jan21-2022> <00:46:30>  using orbital data from restart file
<Jan21-2022> <00:46:39>              |Error|         MaxErr       Wt(A-DIIS)
<Jan21-2022> <00:46:39>      1      0.00732277      0.00272056
<Jan21-2022> <00:46:50>      2      0.00226219      0.00042838    100.0
<Jan21-2022> <00:47:03>      3      0.00486103      0.00105833    100.0
<Jan21-2022> <00:47:15>      4      0.00112922      0.00019136      0.0
<Jan21-2022> <00:47:27>      5      0.00017336      0.00004796      0.0
<Jan21-2022> <00:47:38>      6      0.00003580      0.00000592      0.0
<Jan21-2022> <00:47:50>      7      0.00001932      0.00000517      0.0
<Jan21-2022> <00:48:02>      8      0.00000941      0.00000263      0.0
<Jan21-2022> <00:48:14>      9      0.00000063      0.00000012      0.0
<Jan21-2022> <00:48:17>  SCF converged
<Jan21-2022> <00:48:26>     10      0.00000011      0.00000002      0.0
<Jan21-2022> <00:48:29>  >>>> TOTEN
<Jan21-2022> <00:48:46>  >>>> POPAN
<Jan21-2022> <00:48:46>  >>>> DEBYE
<Jan21-2022> <00:48:46>  >>>> ENGRAD
<Jan21-2022> <00:49:11>  current energy                               -1.68728197 Hartree
<Jan21-2022> <00:49:11>  energy change                      -0.00000503     0.00008000    T
<Jan21-2022> <00:49:11>  constrained gradient max            0.00084951     0.00100000    T
<Jan21-2022> <00:49:11>  constrained gradient rms            0.00030020     0.00066667    T
<Jan21-2022> <00:49:11>  gradient max                        0.00084951
<Jan21-2022> <00:49:11>  gradient rms                        0.00030020
<Jan21-2022> <00:49:11>  cart. step max                      0.00050693     0.01000000    T
<Jan21-2022> <00:49:11>  cart. step rms                      0.00018871     0.00666667    T
<Jan21-2022> <00:49:11>  Geometry optimization converged
<Jan21-2022> <00:49:11>  *** adf ***
<Jan21-2022> <00:49:11>  Net Charge: 0 (Nuclei minus Electrons)
<Jan21-2022> <00:49:11>  Symmetry  : NOSYM
<Jan21-2022> <00:49:11>  >>>> FRAGM
<Jan21-2022> <00:49:11>  Coordinates
<Jan21-2022> <00:49:11>     Atom         X           Y           Z   (Angstrom)
<Jan21-2022> <00:49:11>     1.C         0.314005    0.449251    0.000000
<Jan21-2022> <00:49:11>     2.C         0.982443   -0.712134    0.000000
<Jan21-2022> <00:49:11>     3.H         0.454139   -1.664334    0.000000
<Jan21-2022> <00:49:11>     4.C        -1.160921    0.494157    0.000000
<Jan21-2022> <00:49:11>     5.H         0.827574    1.409627    0.000000
<Jan21-2022> <00:49:11>     6.O        -1.818693    1.518891    0.000000
<Jan21-2022> <00:49:11>     7.H         2.068703   -0.753272    0.000000
<Jan21-2022> <00:49:11>     8.H        -1.658615   -0.505992    0.000000
<Jan21-2022> <00:49:11>  >>>> CORORT
<Jan21-2022> <00:49:11>  >>>> CLSMAT
<Jan21-2022> <00:49:11>  >>>> ORTHON
<Jan21-2022> <00:49:11>  >>>> GENPT
<Jan21-2022> <00:49:11>  Block Length= 128
<Jan21-2022> <00:49:12>  >>>> PTBAS
<Jan21-2022> <00:49:18>  >>>> CYCLE
<Jan21-2022> <00:49:25>  using orbital data from restart file
<Jan21-2022> <00:49:34>              |Error|         MaxErr       Wt(A-DIIS)
<Jan21-2022> <00:49:34>      1      0.00000002      0.00000001
<Jan21-2022> <00:49:46>      2      0.00000004      0.00000002    100.0
<Jan21-2022> <00:49:49>  SCF converged
<Jan21-2022> <00:49:58>      3      0.00000010      0.00000005    100.0
<Jan21-2022> <00:50:09>  >>>> TOTEN
<Jan21-2022> <00:50:38>  >>>> POPAN
<Jan21-2022> <00:50:38>  >>>> DEBYE
<Jan21-2022> <00:50:38>  >>>> AMETS
<Jan21-2022> <00:50:38>   Bond Energy          -1.68728197 a.u.
<Jan21-2022> <00:50:38>   Bond Energy         -45.91327836 eV
<Jan21-2022> <00:50:38>   Bond Energy       -1058.79       kcal/mol
<Jan21-2022> <00:50:38>  >>>> POPUL
<Jan21-2022> <00:50:38>  >>>> ENGRAD
<Jan21-2022> <00:51:03>  >>>> ENHESS
<Jan21-2022> <00:51:09>  === NUCLEUS:     1
<Jan21-2022> <00:55:59>  === NUCLEUS:     2
<Jan21-2022> <01:00:27>  === NUCLEUS:     3
<Jan21-2022> <01:04:54>  === NUCLEUS:     4
<Jan21-2022> <01:09:13>  === NUCLEUS:     5
<Jan21-2022> <01:13:20>  === NUCLEUS:     6
<Jan21-2022> <01:16:30>  === NUCLEUS:     7
<Jan21-2022> <01:19:07>  === NUCLEUS:     8
<Jan21-2022> <01:22:19>  >>>> CALC_HESS_PMAT
<Jan21-2022> <01:22:51>  >>>> CALC_HESS_WMAT
<Jan21-2022> <01:22:56>  PES point character: Geometry corresponds to a local minimum on the PES.
<Jan21-2022> <01:22:56>  Geometry optimization successful!
<Jan21-2022> <01:22:56>  NORMAL TERMINATION
