
 *******************************************************************************
 *                                                                             *
 *  --------------------------------                                           *
 *   Amsterdam Modeling Suite (AMS)              2021.102                      *
 *  --------------------------------                                           *
 *                                               r95042 2021-06-07             *
 *                                                                             *
 *                                                                             *
 *                              =================                              *
 *                              |               |                              *
 *                              |     A M S     |                              *
 *                              |               |                              *
 *                              =================                              *
 *                                                                             *
 *                                                                             *
 *   Online information and documentation:  https://www.scm.com/support/       *
 *   E-mail:  support@scm.com   info@scm.com                                   *
 *                                                                             *
 *   Scientific publications using AMS results must be properly referenced     *
 *   See the User Manuals (or the web site) for recommended citations          *
 *   The terms and conditions of the End User License Agreement apply to       *
 *   the use of AMS, https://www.scm.com/license-terms/                        *
 *                                                                             *
 **********************  x86_64_linux_intel / intelmpi  ************************
 
 Licensed to: VU/FEW (+ SARA) / ALGEMEEN / Amsterdam / THE NETHERLANDS
 SCM User ID: u7668
  
 AMS 2021.102  RunTime: Jan20-2022 00:27:17  ShM Nodes: 1  Procs: 1

 AMS jobname: 4.no_catalyst_H_H.P1
 AMS jobid  : 1640422766

 Start   directory: /scistor/tc/yhk800/MasterProject/calculations/no_catalyst_H_H/4.no_catalyst_H_H.P1/
 Results directory: /scistor/tc/yhk800/MasterProject/calculations/no_catalyst_H_H/4.no_catalyst_H_H.P1/
 Scratch directory: /scratch/3444/amstmp_4.no_catalyst_H_H.P1_kid0.1640422766/

 RNG seed: 1153677494 -1087446883 583681704 -90781123 -1868384303 -2028023860 -1343732102 -892627245



                      ************************************************************************
                      *  ADF 2021.102  RunTime: Jan20-2022 00:27:18  ShM Nodes: 1  Procs: 1  *
                      ************************************************************************
  
       ***************************
       *  GEOMETRY OPTIMIZATION  *
       ***************************

Optimization Method                    Quasi Newton
Optimization Coordinates               Delocalized Coordinates
Optimize lattice                       F
 
 ------------------------------------------------------
 Convergence criteria (Hartree,Angstrom)
 ------------------------------------------------------
 Maximum gradient               0.001000000000
 Maximum rms gradient           0.000666666667
 Maximum step allowed           0.010000000000
 Maximum rms step allowed       0.006666666667
 Maximum energy change allowe   0.000120000000
 Maximum stress energy allowe   0.000500000000
 
Initial model Hessian                  Automatic Hessian
 
------------------------------------
Quasi-Newton Optimizer Parameters
------------------------------------
Hessian Update Method                  BFGS
Maximum number of steps                  250
First GDIIS cycle                          0
Maximum GDIIS vectors                      0
Trust radius (bohr)                        0.200000
Trust radius varies                        T
Constraints converged at all steps         T
Use projector                              T
 
 Rigid motions settings for: old optimizer
 Atomic rotations (x,y,z):     T T T
 Atomic translations (x,y,z):  T T T
 Tolerance:                   1.000000000000000E-006
 
--------
Geometry
--------
Formula: C4H7O
Atoms
  Index Symbol   x (angstrom)   y (angstrom)   z (angstrom)
      1      C     0.07237900     0.45849000     0.14701600
      2      C     0.88136400    -0.76962700     0.34543400
      3      H     0.32008500    -1.64937000     0.00848400
      4      C    -1.24453700     0.48140500    -0.41210600
      5      H     0.49150900     1.42171500     0.44020400
      6      O    -1.90880100     1.51397000    -0.58363800
      7      C     1.35798400    -0.97156700     1.79839200
      8      H     1.97578900    -1.87216200     1.87186400
      9      H     0.50807500    -1.08370100     2.47848500
     10      H     1.95613700    -0.12156000     2.14194000
     11      H     1.74870570    -0.70794881    -0.27811565
     12      H    -1.65069784    -0.46912828    -0.68854743
 
Total System Charge             0.00000
 
 
----------------
ADF Engine Input
----------------
 
 NumericalQuality VeryGood
 SCF
 Converge 1.0e-6
 Iterations 99
 End
 SYMMETRY NOSYM
 SpinPolarization 1.0
 Unrestricted Yes
 XC
 GGA OLYP
 End
 basis
 core None
 type TZ2P
 End
 

 Title: *** (NO TITLE) ***

 Using automatic Hessian for delocalized coordinates.
 *** GOStep1 ***

 Energy gradients wrt nuclear displacements
 ==========================================

     Atom      Cartesian (a.u./angstrom)
                 X         Y         Z
 ----------------------------------------
     1 C     0.000772 -0.002703 -0.000852
     2 C     0.029880  0.002821 -0.021141
     3 H     0.000797  0.000325 -0.000595
     4 C    -0.021970 -0.038917 -0.013766
     5 H    -0.000366  0.000025 -0.000025
     6 O     0.002512 -0.005571  0.000543
     7 C     0.001022  0.000238 -0.000926
     8 H    -0.000062  0.000054  0.000051
     9 H    -0.000242  0.000010 -0.000184
    10 H    -0.000026 -0.000078  0.000105
    11 H    -0.032748 -0.002291  0.023085
    12 H     0.020431  0.046086  0.013706
 ----------------------------------------
 Mulliken charges used for AMS results%charges...
 
----------------------------------------------------------------------
Geometry Convergence after Step   1       (Hartree/Angstrom,Angstrom)
----------------------------------------------------------------------
current energy                               -2.38196924 Hartree
energy change                      -2.38196924     0.00012000    F
constrained gradient max            0.04608115     0.00100000    F
constrained gradient rms            0.01483600     0.00066667    F
gradient max                        0.04608115
gradient rms                        0.01483600
cart. step max                      0.02135819     0.01000000    F
cart. step rms                      0.00660723     0.00666667    T
 
 
--------
Geometry
--------
Formula: C4H7O
Atoms
  Index Symbol   x (angstrom)   y (angstrom)   z (angstrom)
      1      C     0.07413520     0.46112599     0.14794010
      2      C     0.88349580    -0.76809328     0.34446323
      3      H     0.31939995    -1.64693735     0.00898000
      4      C    -1.24490409     0.48393538    -0.40757987
      5      H     0.49556948     1.42405809     0.43904355
      6      O    -1.90591395     1.52205287    -0.57882841
      7      C     1.35482760    -0.97128610     1.79939147
      8      H     1.97095464    -1.87296774     1.87427662
      9      H     0.50345686    -1.08184757     2.47784358
     10      H     1.95385129    -0.12236267     2.14416983
     11      H     1.77006389    -0.70678598    -0.29023997
     12      H    -1.66694481    -0.49037574    -0.69004820
 
Total System Charge             0.00000
 
 *** GOStep2 ***
