<Jan20-2022> <00:27:17>  AMS 2021.102  RunTime: Jan20-2022 00:27:17  ShM Nodes: 1  Procs: 1
<Jan20-2022> <00:27:18>  ADF 2021.102  RunTime: Jan20-2022 00:27:18  ShM Nodes: 1  Procs: 1
<Jan20-2022> <00:27:18>  *** (NO TITLE) ***
<Jan20-2022> <00:27:18>  Iteration 1
<Jan20-2022> <00:27:18>  DIRAC 2021.102  RunTime: Jan20-2022 00:27:18  ShM Nodes: 1  Procs: 1
<Jan20-2022> <00:27:18>  Carbon (TZ2P)
<Jan20-2022> <00:27:18>  Net Charge: 0 (Nuclei minus Electrons)
<Jan20-2022> <00:27:18>  Symmetry  : ATOM
<Jan20-2022> <00:27:18>  Coordinates
<Jan20-2022> <00:27:18>     Atom         X           Y           Z   (Angstrom)
<Jan20-2022> <00:27:18>     1.C         0.000000    0.000000    0.000000
<Jan20-2022> <00:27:18>  >>>> CORORT
<Jan20-2022> <00:27:18>  >>>> CLSMAT
<Jan20-2022> <00:27:18>  >>>> ORTHON
<Jan20-2022> <00:27:18>  >>>> GENPT
<Jan20-2022> <00:27:18>  Block Length=  72
<Jan20-2022> <00:27:18>  >>>> PTBAS
<Jan20-2022> <00:27:18>  >>>> CYCLE
<Jan20-2022> <00:27:18>              |Error|         MaxErr       Wt(A-DIIS)
<Jan20-2022> <00:27:18>      1      0.00000000      0.00000000
<Jan20-2022> <00:27:18>      2      4.48405934      3.32161898    100.0
<Jan20-2022> <00:27:18>      3      1.60718414      1.28408746    100.0
<Jan20-2022> <00:27:18>      4      0.76426456      0.62272052    100.0
<Jan20-2022> <00:27:18>      5      0.36119063      0.28553990    100.0
<Jan20-2022> <00:27:18>      6      0.14821424      0.11559867    100.0
<Jan20-2022> <00:27:18>      7      0.10108424      0.07867111     78.5
<Jan20-2022> <00:27:18>      8      0.01786531      0.01387049     13.0
<Jan20-2022> <00:27:18>      9      0.00195746      0.00153262      0.5
<Jan20-2022> <00:27:18>     10      0.00001058      0.00000730      0.0
<Jan20-2022> <00:27:18>     11      0.00000047      0.00000027      0.0
<Jan20-2022> <00:27:18>     12      0.00000003      0.00000002      0.0
<Jan20-2022> <00:27:18>     13      0.00000000      0.00000000      0.0
<Jan20-2022> <00:27:18>  SCF converged
<Jan20-2022> <00:27:18>     14      0.00000000      0.00000000      0.0
<Jan20-2022> <00:27:18>  >>>> POPAN
<Jan20-2022> <00:27:18>  >>>> DEBYE
<Jan20-2022> <00:27:18>  DIRAC 2021.102  RunTime: Jan20-2022 00:27:18  ShM Nodes: 1  Procs: 1
<Jan20-2022> <00:27:19>  Hydrogen (TZ2P)
<Jan20-2022> <00:27:19>  Net Charge: 0 (Nuclei minus Electrons)
<Jan20-2022> <00:27:19>  Symmetry  : ATOM
<Jan20-2022> <00:27:19>  Coordinates
<Jan20-2022> <00:27:19>     Atom         X           Y           Z   (Angstrom)
<Jan20-2022> <00:27:19>     1.H         0.000000    0.000000    0.000000
<Jan20-2022> <00:27:19>  >>>> CORORT
<Jan20-2022> <00:27:19>  >>>> CLSMAT
<Jan20-2022> <00:27:19>  >>>> ORTHON
<Jan20-2022> <00:27:19>  >>>> GENPT
<Jan20-2022> <00:27:19>  Block Length=  64
<Jan20-2022> <00:27:19>  >>>> PTBAS
<Jan20-2022> <00:27:19>  >>>> CYCLE
<Jan20-2022> <00:27:19>              |Error|         MaxErr       Wt(A-DIIS)
<Jan20-2022> <00:27:19>      1      0.00000000      0.00000000
<Jan20-2022> <00:27:19>      2      0.03080019      0.02591482
<Jan20-2022> <00:27:19>      3      0.01140383      0.01135775    100.0
<Jan20-2022> <00:27:19>      4      0.00327656      0.00327407      2.3
<Jan20-2022> <00:27:19>      5      0.00010041      0.00009754      0.0
<Jan20-2022> <00:27:19>      6      0.00000525      0.00000504      0.0
<Jan20-2022> <00:27:19>      7      0.00000007      0.00000007      0.0
<Jan20-2022> <00:27:19>      8      0.00000000      0.00000000      0.0
<Jan20-2022> <00:27:19>  SCF converged
<Jan20-2022> <00:27:19>      9      0.00000000      0.00000000      0.0
<Jan20-2022> <00:27:19>  >>>> POPAN
<Jan20-2022> <00:27:19>  >>>> DEBYE
<Jan20-2022> <00:27:19>  DIRAC 2021.102  RunTime: Jan20-2022 00:27:19  ShM Nodes: 1  Procs: 1
<Jan20-2022> <00:27:19>  Oxygen (TZ2P)
<Jan20-2022> <00:27:19>  Net Charge: 0 (Nuclei minus Electrons)
<Jan20-2022> <00:27:19>  Symmetry  : ATOM
<Jan20-2022> <00:27:19>  Coordinates
<Jan20-2022> <00:27:19>     Atom         X           Y           Z   (Angstrom)
<Jan20-2022> <00:27:19>     1.O         0.000000    0.000000    0.000000
<Jan20-2022> <00:27:19>  >>>> CORORT
<Jan20-2022> <00:27:19>  >>>> CLSMAT
<Jan20-2022> <00:27:19>  >>>> ORTHON
<Jan20-2022> <00:27:19>  >>>> GENPT
<Jan20-2022> <00:27:19>  Block Length=  68
<Jan20-2022> <00:27:19>  >>>> PTBAS
<Jan20-2022> <00:27:19>  >>>> CYCLE
<Jan20-2022> <00:27:19>              |Error|         MaxErr       Wt(A-DIIS)
<Jan20-2022> <00:27:19>      1      0.00000000      0.00000000
<Jan20-2022> <00:27:19>      2      8.77210307      5.53374266    100.0
<Jan20-2022> <00:27:19>      3      3.60058093      2.49154808    100.0
<Jan20-2022> <00:27:20>      4      1.20505529      0.62472425    100.0
<Jan20-2022> <00:27:20>      5      1.46502638      0.81213311    100.0
<Jan20-2022> <00:27:20>      6      0.15089362      0.09131786     91.2
<Jan20-2022> <00:27:20>      7      0.14397311      0.08251182     82.3
<Jan20-2022> <00:27:20>      8      0.00183259      0.00123681      0.2
<Jan20-2022> <00:27:20>      9      0.00015629      0.00008105      0.0
<Jan20-2022> <00:27:20>     10      0.00001324      0.00000629      0.0
<Jan20-2022> <00:27:20>     11      0.00000006      0.00000003      0.0
<Jan20-2022> <00:27:20>     12      0.00000000      0.00000000      0.0
<Jan20-2022> <00:27:20>  SCF converged
<Jan20-2022> <00:27:20>     13      0.00000000      0.00000000      0.0
<Jan20-2022> <00:27:20>  >>>> POPAN
<Jan20-2022> <00:27:20>  >>>> DEBYE
<Jan20-2022> <00:27:20>  *** GOStep1 ***
<Jan20-2022> <00:27:20>  >>>> FRAGM
<Jan20-2022> <00:27:20>  Coordinates
<Jan20-2022> <00:27:20>     Atom         X           Y           Z   (Angstrom)
<Jan20-2022> <00:27:20>     1.C         0.072379    0.458490    0.147016
<Jan20-2022> <00:27:20>     2.C         0.881364   -0.769627    0.345434
<Jan20-2022> <00:27:20>     3.H         0.320085   -1.649370    0.008484
<Jan20-2022> <00:27:20>     4.C        -1.244537    0.481405   -0.412106
<Jan20-2022> <00:27:20>     5.H         0.491509    1.421715    0.440204
<Jan20-2022> <00:27:20>     6.O        -1.908801    1.513970   -0.583638
<Jan20-2022> <00:27:20>     7.C         1.357984   -0.971567    1.798392
<Jan20-2022> <00:27:20>     8.H         1.975789   -1.872162    1.871864
<Jan20-2022> <00:27:20>     9.H         0.508075   -1.083701    2.478485
<Jan20-2022> <00:27:20>    10.H         1.956137   -0.121560    2.141940
<Jan20-2022> <00:27:20>    11.H         1.748706   -0.707949   -0.278116
<Jan20-2022> <00:27:20>    12.H        -1.650698   -0.469128   -0.688547
<Jan20-2022> <00:27:20>  >>>> CORORT
<Jan20-2022> <00:27:20>  >>>> CLSMAT
<Jan20-2022> <00:27:20>  >>>> ORTHON
<Jan20-2022> <00:27:20>  >>>> GENPT
<Jan20-2022> <00:27:20>  Block Length= 128
<Jan20-2022> <00:27:21>  >>>> PTBAS
<Jan20-2022> <00:27:37>  >>>> CYCLE
<Jan20-2022> <00:28:40>              |Error|         MaxErr       Wt(A-DIIS)
<Jan20-2022> <00:28:40>      1      5.33249245      0.50861929
<Jan20-2022> <00:29:34>      2      0.92486293      0.09086049    100.0
<Jan20-2022> <00:30:28>      3      0.48795593      0.03697874    100.0
<Jan20-2022> <00:31:23>      4      0.69972437      0.06275576    100.0
<Jan20-2022> <00:32:18>      5      0.11490066      0.01508455     14.2
<Jan20-2022> <00:33:13>      6      0.08615756      0.01234332     11.5
<Jan20-2022> <00:34:07>      7      0.01624486      0.00229811      1.3
<Jan20-2022> <00:35:01>      8      0.00550127      0.00066996      0.0
<Jan20-2022> <00:35:56>      9      0.00141677      0.00013220      0.0
<Jan20-2022> <00:36:51>     10      0.00075544      0.00007589      0.0
