

 Parallel Execution: Process Information
 ==============================================================================
 Rank   Node Name                              NodeID   MyNodeRank  NodeMaster
    0   node120                                   0          0          0
    1   node120                                   0          1         -1
    2   node120                                   0          2         -1
    3   node120                                   0          3         -1
 ==============================================================================


May use up to 122928MB of RAM as shared memory on node 0

 *******************************************************************************
 *                                                                             *
 *  --------------------------------                                           *
 *   Amsterdam Modeling Suite (AMS)              2021.102                      *
 *  --------------------------------                                           *
 *                                               r95042 2021-06-07             *
 *                                                                             *
 *                                                                             *
 *                              =================                              *
 *                              |               |                              *
 *                              |     A M S     |                              *
 *                              |               |                              *
 *                              =================                              *
 *                                                                             *
 *                                                                             *
 *   Online information and documentation:  https://www.scm.com/support/       *
 *   E-mail:  support@scm.com   info@scm.com                                   *
 *                                                                             *
 *   Scientific publications using AMS results must be properly referenced     *
 *   See the User Manuals (or the web site) for recommended citations          *
 *   The terms and conditions of the End User License Agreement apply to       *
 *   the use of AMS, https://www.scm.com/license-terms/                        *
 *                                                                             *
 **********************  x86_64_linux_intel / intelmpi  ************************
 
 Licensed to: VU/FEW (+ SARA) / ALGEMEEN / Amsterdam / THE NETHERLANDS
 SCM User ID: u7668
  
 AMS 2021.102  RunTime: Jan27-2022 12:32:13  ShM Nodes: 1  Procs: 4

 AMS jobname: 22.achiral_catalyst.H_Ph_BF3.Rcat
 AMS jobid  : 17653497

 Start   directory: /scistor/tc/yhk800/MasterProject/calculations/achiral_catalyst_H_Ph_BF3/22.achiral_catalyst.H_Ph_BF3.Rcat/
 Results directory: /scistor/tc/yhk800/MasterProject/calculations/achiral_catalyst_H_Ph_BF3/22.achiral_catalyst.H_Ph_BF3.Rcat/
 Scratch directory: /scratch/5298/amstmp_22.achiral_catalyst.H_Ph_BF3.Rcat_kid0.17653497/


 Communication costs MPI_COMM_WORLD:     -0.600 usec per message,   0.0051 usec per 8-byte item
 Communication costs for intra-node:      0.681 usec per message,   0.0072 usec per 8-byte item

 RNG seed: 843788722 1581217094 621653524 266055163 1053085530 2100474000 -772368350 780277013



                      ************************************************************************
                      *  ADF 2021.102  RunTime: Jan27-2022 12:32:13  ShM Nodes: 1  Procs: 4  *
                      ************************************************************************
  
       ***************************
       *  GEOMETRY OPTIMIZATION  *
       ***************************

Optimization Method                    Quasi Newton
Optimization Coordinates               Delocalized Coordinates
Optimize lattice                       F
 
 ------------------------------------------------------
 Convergence criteria (Hartree,Angstrom)
 ------------------------------------------------------
 Maximum gradient               0.001000000000
 Maximum rms gradient           0.000666666667
 Maximum step allowed           0.010000000000
 Maximum rms step allowed       0.006666666667
 Maximum energy change allowe   0.000040000000
 Maximum stress energy allowe   0.000500000000
 
Initial model Hessian                  Automatic Hessian
 
------------------------------------
Quasi-Newton Optimizer Parameters
------------------------------------
Hessian Update Method                  BFGS
Maximum number of steps                  250
First GDIIS cycle                          0
Maximum GDIIS vectors                      0
Trust radius (bohr)                        0.200000
Trust radius varies                        T
Constraints converged at all steps         T
Use projector                              T
 
 Rigid motions settings for: old optimizer
 Atomic rotations (x,y,z):     T T T
 Atomic translations (x,y,z):  T T T
 Tolerance:                   1.000000000000000E-006
 
--------
Geometry
--------
Formula: BF3
Atoms
  Index Symbol   x (angstrom)   y (angstrom)   z (angstrom)
      1      B     1.18000000     0.00000000     0.00000000
      2      F     1.18000000     1.13570357    -0.65569876
      3      F     1.18000000    -1.13570357    -0.65569876
      4      F     1.18000000     0.00000000     1.31139752
 
Total System Charge             0.00000
 
 
----------------
ADF Engine Input
----------------
 
 NumericalQuality VeryGood
 SCF
 Converge 1.0e-6
 Iterations 99
 End
 SYMMETRY NOSYM
 XC
 GGA OLYP
 End
 basis
 core None
 type TZ2P
 End
 

 Title: *** (NO TITLE) ***

 WARNING: Atom coordinates do not satisfy full symmetry (probably due to orienta
 tion).
Number of symmetry operators: 6
Schoenflies symbol:           C(3V)
 Using automatic Hessian for delocalized coordinates.
 *** GOStep1 ***

 Energy gradients wrt nuclear displacements
 ==========================================

     Atom      Cartesian (a.u./angstrom)
                 X         Y         Z
 ----------------------------------------
     1 B     0.000000 -0.000000 -0.000007
     2 F    -0.000000 -0.021747  0.012549
     3 F     0.000000  0.021747  0.012549
     4 F    -0.000000  0.000000 -0.025090
 ----------------------------------------
 Mulliken charges used for AMS results%charges...
 
----------------------------------------------------------------------
Geometry Convergence after Step   1       (Hartree/Angstrom,Angstrom)
----------------------------------------------------------------------
current energy                               -0.83160891 Hartree
energy change                      -0.83160891     0.00004000    F
constrained gradient max            0.02510179     0.00100000    F
constrained gradient rms            0.01255089     0.00066667    F
gradient max                        0.02510179
gradient rms                        0.01255089
cart. step max                      0.01211906     0.01000000    F
cart. step rms                      0.00605953     0.00666667    T
 
 
--------
Geometry
--------
Formula: BF3
Atoms
  Index Symbol   x (angstrom)   y (angstrom)   z (angstrom)
      1      B     1.18000001    -0.00000000     0.00000000
      2      F     1.18000000     1.14619898    -0.66175829
      3      F     1.18000000    -1.14619898    -0.66175829
      4      F     1.18000000     0.00000000     1.32351658
 
Total System Charge             0.00000
 
 *** GOStep2 ***

 Energy gradients wrt nuclear displacements
 ==========================================

     Atom      Cartesian (a.u./angstrom)
                 X         Y         Z
 ----------------------------------------
     1 B     0.000000  0.000000  0.000002
     2 F    -0.000000 -0.001281  0.000733
     3 F    -0.000000  0.001281  0.000733
     4 F    -0.000000 -0.000000 -0.001467
 ----------------------------------------
 Mulliken charges used for AMS results%charges...

 dE(predicted):    -0.45632E-03, dE(actual):    -0.48084E-03, Trust radius:    0.200000, all in a.u.
 
----------------------------------------------------------------------
Geometry Convergence after Step   2       (Hartree/Angstrom,Angstrom)
----------------------------------------------------------------------
current energy                               -0.83208975 Hartree
energy change                      -0.00048084     0.00004000    F
constrained gradient max            0.00147267     0.00100000    F
constrained gradient rms            0.00073633     0.00066667    F
gradient max                        0.00147267
gradient rms                        0.00073633
cart. step max                      0.00075531     0.01000000    T
cart. step rms                      0.00037766     0.00666667    T
 
 
--------
Geometry
--------
Formula: BF3
Atoms
  Index Symbol   x (angstrom)   y (angstrom)   z (angstrom)
      1      B     1.17999995    -0.00000000     0.00000000
      2      F     1.18000002     1.14685310    -0.66213594
      3      F     1.18000002    -1.14685310    -0.66213594
      4      F     1.18000002     0.00000000     1.32427189
 
Total System Charge             0.00000
 
 *** GOStep3 ***

 Energy gradients wrt nuclear displacements
 ==========================================

     Atom      Cartesian (a.u./angstrom)
                 X         Y         Z
 ----------------------------------------
     1 B    -0.000000  0.000000  0.000002
     2 F     0.000000 -0.000054  0.000025
     3 F     0.000000  0.000054  0.000025
     4 F     0.000000 -0.000000 -0.000052
 ----------------------------------------
 Mulliken charges used for AMS results%charges...

 dE(predicted):    -0.16685E-05, dE(actual):    -0.19678E-05, Trust radius:    0.200000, all in a.u.
 
---------------------------------------------------------
Geometry Convergence after Step   3       ** CONVERGED **
---------------------------------------------------------
current energy                               -0.83209172 Hartree
energy change                      -0.00000197     0.00004000    T
constrained gradient max            0.00005698     0.00100000    T
constrained gradient rms            0.00002849     0.00066667    T
gradient max                        0.00005698
gradient rms                        0.00002849
cart. step max                      0.00003040     0.01000000    T
cart. step rms                      0.00001520     0.00666667    T
 
Geometry optimization converged

Optimized geometry:
 
--------
Geometry
--------
Formula: BF3
Atoms
  Index Symbol   x (angstrom)   y (angstrom)   z (angstrom)
      1      B     1.17999995    -0.00000000     0.00000000
      2      F     1.18000002     1.14685310    -0.66213594
      3      F     1.18000002    -1.14685310    -0.66213594
      4      F     1.18000002     0.00000000     1.32427189
 
Total System Charge             0.00000
 
Performing a single point calculation on the final geometry ...

 *** adf ***



 ===========================
 A T T A C H E D   F I L E S
 ===========================
  
 Restart
 /scratch/5298/amstmp_22.achiral_catalyst.H_Ph_BF3.Rcat_kid0.17653497/GOStep3.rk
 f*** GOStep3 ***



 ===============================
 M O D E L   P A R A M E T E R S
 ===============================
  
 DENSITY FUNCTIONAL POTENTIAL (scf)
    LDA:                               Exchange only                           == Not Default ==
    Gradient Corrections:              OPTX LYP                                == Not Default ==

 SPIN  (restricted / unrestr.)
    Molecule:                          Restricted                               
    Fragments:                         Restricted                               

 OTHER ASPECTS
    Relativistic Corrections:          scalar (ZORA,MAPA)                       

    Nuclear Charge Density Model:      Point Charge Nuclei                      
    Core Treatment:                    Frozen Orbital(s)                        

    Hyperfine or Zeeman Interaction:   ---                                      



 ===============
 G E O M E T R Y  ***  Planar Molecule  ***
 ===============
  

 ATOMS
 =====                            X Y Z                    CHARGE
                                (Angstrom)             Nucl     +Core       At.Mass
                       --------------------------    ----------------       -------
    1  B               1.1800   -0.0000    0.0000      5.00      5.00       11.0093
    2  F               1.1800    1.1469   -0.6621      9.00      9.00       18.9984
    3  F               1.1800   -1.1469   -0.6621      9.00      9.00       18.9984
    4  F               1.1800    0.0000    1.3243      9.00      9.00       18.9984


 FRAGMENTS
 =========                                     Atoms in this Fragment     Cart. coord.s (Angstrom)
                                               -------------------------------------------------------
    1  B                                                 1  B            1.1800   -0.0000    0.0000
    2  F                                                 2  F            1.1800    1.1469   -0.6621
    3  F                                                 3  F            1.1800   -1.1469   -0.6621
    4  F                                                 4  F            1.1800    0.0000    1.3243


 Interatomic Distance Matrix (Angstrom)
 --------------------------------------

   1)     0.000
   2)     1.324   0.000
   3)     1.324   2.294   0.000
   4)     1.324   2.294   2.294   0.000

 Min. Distance =    1.3243
 Max. Distance =    2.2937



 =====================================
 S Y M M E T R Y ,   E L E C T R O N S
 =====================================
  
 Symmetry: NOSYM

 Irreducible Representations, including subspecies
 -------------------------------------------------
 A


 Configuration of Valence Electrons
 ==================================
 ( determined in the SCF procedure )

 Total:   32

 Net Charge: 0 (Nuclei minus Electrons)

 Aufbau principle for MO occupations will be applied through SCF cycle no.      49
 Thereafter, the program will assign electrons to MOs that are spatially
 similar to the occupied MOs in a "reference" cycle ("KeepOrbitals").
 The reference cycle is always the PREVIOUS cycle: it will evolve with
 the SCF procedure.
1
 ***************************************************************************************************



                                      ****************************************
                                      *  B U I L D : (Fragments, Functions)  *
                                      ****************************************
  



 =======
 S F O s  ***  (Symmetrized Fragment Orbitals)  ***
 =======
  
 SFOs are linear combinations of (valence) Fragment Orbitals (FOs), such that the SFOs transform as the
 irreducible representations of the (molecular) symmetry group. Each SFO is therefore characterized by
 an irrep of the molecule and by a few (or only one) generating FOs.
 The SFOs constitute a symmetry-adapted basis for the Fock matrix. The MO eigenvector coefficients in
 this basis provide a direct interpretation of the MOs in terms of Frontier Orbital Theory.

 The SFOs are combined with auxiliary Core Functions (CFs) to ensure orthogonalization on the (frozen)
 Core Orbitals (COs). The Core-orthogonalized SFOs (CSFOs) constitute the true Fock basis.

 The FOs, and hence also the (C)SFOs are combinations of the elementary basis functions (BAS). The basis
 functions that participate in the description of the SFOs depend on the irrep. The indices of the
 involved functions are printed below for each irrep.
 (The complete list of primitive basis functions is printed in another section)

 Total nr. of (C)SFOs (summation over all irreps) :   104

 NOTE: a (C)SFO that is defined as a combination of more than one FO is usually NOT normalized.



                                       === A ===
 Nr. of SFOs :  104
 Cartesian basis functions that participate in this irrep (total number =   120) :
      1     2     3     4     5     6     9    12     7    10
     13     8    11    14    15    16    17    18    19    20
     21    22    23    24    25    26    27    28    29    30
     31    32    33    34    35    36    39    42    37    40
     43    38    41    44    45    46    47    48    49    50
     51    52    53    54    55    56    57    58    59    60
     61    62    63    64    65    66    69    72    67    70
     73    68    71    74    75    76    77    78    79    80
     81    82    83    84    85    86    87    88    89    90
     91    92    93    94    95    96    99   102    97   100
    103    98   101   104   105   106   107   108   109   110
    111   112   113   114   115   116   117   118   119   120

    SFO  (index         Fragment          Generating    Expansion in Fragment Orbitals
  indx  incl.CFs)   Occup   Orb.Energy   FragmentType  Coeff.   Orbital     on Fragment
 --------------------------------------------------------------------------------------
     1       1      2.000      -6.653 au  B             1.00      1 S               1
                        (    -181.037 eV)
     2       2      2.000      -0.346 au  B             1.00      2 S               1
                        (      -9.402 eV)
     3       3       --         0.207 au  B             1.00      3 S               1
                        (       5.623 eV)
     4       4       --         2.604 au  B             1.00      4 S               1
                        (      70.869 eV)
     5       5       --        26.790 au  B             1.00      5 S               1
                        (     728.990 eV)
     6       6      0.333      -0.126 au  B             1.00      1 P:x             1
                        (      -3.435 eV)
     7       7       --         0.121 au  B             1.00      2 P:x             1
                        (       3.297 eV)
     8       8       --         1.701 au  B             1.00      3 P:x             1
                        (      46.283 eV)
     9       9      0.333      -0.126 au  B             1.00      1 P:y             1
                        (      -3.435 eV)
    10      10       --         0.121 au  B             1.00      2 P:y             1
                        (       3.297 eV)
    11      11       --         1.701 au  B             1.00      3 P:y             1
                        (      46.283 eV)
    12      12      0.333      -0.126 au  B             1.00      1 P:z             1
                        (      -3.435 eV)
    13      13       --         0.121 au  B             1.00      2 P:z             1
                        (       3.297 eV)
    14      14       --         1.701 au  B             1.00      3 P:z             1
                        (      46.283 eV)
    15      15       --         1.038 au  B             1.00      1 D:z2            1
                        (      28.243 eV)
    16      16       --         1.038 au  B             1.00      1 D:x2-y2         1
                        (      28.243 eV)
    17      17       --         1.038 au  B             1.00      1 D:xy            1
                        (      28.243 eV)
    18      18       --         1.038 au  B             1.00      1 D:xz            1
                        (      28.243 eV)
    19      19       --         1.038 au  B             1.00      1 D:yz            1
                        (      28.243 eV)
    20      20       --         3.345 au  B             1.00      1 F:z3            1
                        (      91.031 eV)
    21      21       --         3.345 au  B             1.00      1 F:z             1
                        (      91.031 eV)
    22      22       --         3.345 au  B             1.00      1 F:xyz           1
                        (      91.031 eV)
    23      23       --         3.345 au  B             1.00      1 F:z2x           1
                        (      91.031 eV)
    24      24       --         3.345 au  B             1.00      1 F:z2y           1
                        (      91.031 eV)
    25      25       --         3.345 au  B             1.00      1 F:x             1
                        (      91.031 eV)
    26      26       --         3.345 au  B             1.00      1 F:y             1
                        (      91.031 eV)
    27      27      2.000     -24.380 au  F             1.00      1 S               2
                        (    -663.424 eV)
    28      28      2.000      -1.107 au  F             1.00      2 S               2
                        (     -30.122 eV)
    29      29       --         0.011 au  F             1.00      3 S               2
                        (       0.309 eV)
    30      30       --         1.586 au  F             1.00      4 S               2
                        (      43.147 eV)
    31      31       --        47.962 au  F             1.00      5 S               2
                        (    1305.109 eV)
    32      32      1.667      -0.407 au  F             1.00      1 P:x             2
                        (     -11.083 eV)
    33      33       --         0.433 au  F             1.00      2 P:x             2
                        (      11.793 eV)
    34      34       --         4.596 au  F             1.00      3 P:x             2
                        (     125.057 eV)
    35      35      1.667      -0.407 au  F             1.00      1 P:y             2
                        (     -11.083 eV)
    36      36       --         0.433 au  F             1.00      2 P:y             2
                        (      11.793 eV)
    37      37       --         4.596 au  F             1.00      3 P:y             2
                        (     125.057 eV)
    38      38      1.667      -0.407 au  F             1.00      1 P:z             2
                        (     -11.083 eV)
    39      39       --         0.433 au  F             1.00      2 P:z             2
                        (      11.793 eV)
    40      40       --         4.596 au  F             1.00      3 P:z             2
                        (     125.057 eV)
    41      41       --         1.123 au  F             1.00      1 D:z2            2
                        (      30.566 eV)
    42      42       --         1.123 au  F             1.00      1 D:x2-y2         2
                        (      30.566 eV)
    43      43       --         1.123 au  F             1.00      1 D:xy            2
                        (      30.566 eV)
    44      44       --         1.123 au  F             1.00      1 D:xz            2
                        (      30.566 eV)
    45      45       --         1.123 au  F             1.00      1 D:yz            2
                        (      30.566 eV)
    46      46       --         3.416 au  F             1.00      1 F:z3            2
                        (      92.960 eV)
    47      47       --         3.416 au  F             1.00      1 F:z             2
                        (      92.960 eV)
    48      48       --         3.416 au  F             1.00      1 F:xyz           2
                        (      92.960 eV)
    49      49       --         3.416 au  F             1.00      1 F:z2x           2
                        (      92.960 eV)
    50      50       --         3.416 au  F             1.00      1 F:z2y           2
                        (      92.960 eV)
    51      51       --         3.416 au  F             1.00      1 F:x             2
                        (      92.960 eV)
    52      52       --         3.416 au  F             1.00      1 F:y             2
                        (      92.960 eV)
    53      53      2.000     -24.380 au  F             1.00      1 S               3
                        (    -663.424 eV)
    54      54      2.000      -1.107 au  F             1.00      2 S               3
                        (     -30.122 eV)
    55      55       --         0.011 au  F             1.00      3 S               3
                        (       0.309 eV)
    56      56       --         1.586 au  F             1.00      4 S               3
                        (      43.147 eV)
    57      57       --        47.962 au  F             1.00      5 S               3
                        (    1305.109 eV)
    58      58      1.667      -0.407 au  F             1.00      1 P:x             3
                        (     -11.083 eV)
    59      59       --         0.433 au  F             1.00      2 P:x             3
                        (      11.793 eV)
    60      60       --         4.596 au  F             1.00      3 P:x             3
                        (     125.057 eV)
    61      61      1.667      -0.407 au  F             1.00      1 P:y             3
                        (     -11.083 eV)
    62      62       --         0.433 au  F             1.00      2 P:y             3
                        (      11.793 eV)
    63      63       --         4.596 au  F             1.00      3 P:y             3
                        (     125.057 eV)
    64      64      1.667      -0.407 au  F             1.00      1 P:z             3
                        (     -11.083 eV)
    65      65       --         0.433 au  F             1.00      2 P:z             3
                        (      11.793 eV)
    66      66       --         4.596 au  F             1.00      3 P:z             3
                        (     125.057 eV)
    67      67       --         1.123 au  F             1.00      1 D:z2            3
                        (      30.566 eV)
    68      68       --         1.123 au  F             1.00      1 D:x2-y2         3
                        (      30.566 eV)
    69      69       --         1.123 au  F             1.00      1 D:xy            3
                        (      30.566 eV)
    70      70       --         1.123 au  F             1.00      1 D:xz            3
                        (      30.566 eV)
    71      71       --         1.123 au  F             1.00      1 D:yz            3
                        (      30.566 eV)
    72      72       --         3.416 au  F             1.00      1 F:z3            3
                        (      92.960 eV)
    73      73       --         3.416 au  F             1.00      1 F:z             3
                        (      92.960 eV)
    74      74       --         3.416 au  F             1.00      1 F:xyz           3
                        (      92.960 eV)
    75      75       --         3.416 au  F             1.00      1 F:z2x           3
                        (      92.960 eV)
    76      76       --         3.416 au  F             1.00      1 F:z2y           3
                        (      92.960 eV)
    77      77       --         3.416 au  F             1.00      1 F:x             3
                        (      92.960 eV)
    78      78       --         3.416 au  F             1.00      1 F:y             3
                        (      92.960 eV)
    79      79      2.000     -24.380 au  F             1.00      1 S               4
                        (    -663.424 eV)
    80      80      2.000      -1.107 au  F             1.00      2 S               4
                        (     -30.122 eV)
    81      81       --         0.011 au  F             1.00      3 S               4
                        (       0.309 eV)
    82      82       --         1.586 au  F             1.00      4 S               4
                        (      43.147 eV)
    83      83       --        47.962 au  F             1.00      5 S               4
                        (    1305.109 eV)
    84      84      1.667      -0.407 au  F             1.00      1 P:x             4
                        (     -11.083 eV)
    85      85       --         0.433 au  F             1.00      2 P:x             4
                        (      11.793 eV)
    86      86       --         4.596 au  F             1.00      3 P:x             4
                        (     125.057 eV)
    87      87      1.667      -0.407 au  F             1.00      1 P:y             4
                        (     -11.083 eV)
    88      88       --         0.433 au  F             1.00      2 P:y             4
                        (      11.793 eV)
    89      89       --         4.596 au  F             1.00      3 P:y             4
                        (     125.057 eV)
    90      90      1.667      -0.407 au  F             1.00      1 P:z             4
                        (     -11.083 eV)
    91      91       --         0.433 au  F             1.00      2 P:z             4
                        (      11.793 eV)
    92      92       --         4.596 au  F             1.00      3 P:z             4
                        (     125.057 eV)
    93      93       --         1.123 au  F             1.00      1 D:z2            4
                        (      30.566 eV)
    94      94       --         1.123 au  F             1.00      1 D:x2-y2         4
                        (      30.566 eV)
    95      95       --         1.123 au  F             1.00      1 D:xy            4
                        (      30.566 eV)
    96      96       --         1.123 au  F             1.00      1 D:xz            4
                        (      30.566 eV)
    97      97       --         1.123 au  F             1.00      1 D:yz            4
                        (      30.566 eV)
    98      98       --         3.416 au  F             1.00      1 F:z3            4
                        (      92.960 eV)
    99      99       --         3.416 au  F             1.00      1 F:z             4
                        (      92.960 eV)
   100     100       --         3.416 au  F             1.00      1 F:xyz           4
                        (      92.960 eV)
   101     101       --         3.416 au  F             1.00      1 F:z2x           4
                        (      92.960 eV)
   102     102       --         3.416 au  F             1.00      1 F:z2y           4
                        (      92.960 eV)
   103     103       --         3.416 au  F             1.00      1 F:x             4
                        (      92.960 eV)
   104     104       --         3.416 au  F             1.00      1 F:y             4
                        (      92.960 eV)



 ================================
 (Slater-type)  F U N C T I O N S  ***  (Basis and Fit)  ***
 ================================
  

 Atom Type    1  (B)
 ==============

 Valence Basis Sets:  10
 -----------------------
   1 S    6.500000
   1 S    4.080000
   2 S    2.800000
   2 S    1.700000
   2 S    1.040000
   2 P    2.600000
   2 P    1.260000
   2 P    0.680000
   3 D    2.000000
   4 F    3.000000

 Atom Type    2  (F)
 ==============

 Valence Basis Sets:  10
 -----------------------
   1 S   10.880000
   1 S    7.700000
   2 S    3.240000
   2 S    1.940000
   2 S    0.740000
   2 P    4.540000
   2 P    2.300000
   2 P    1.240000
   3 D    2.000000
   4 F    3.000000


 BAS: List of all Elementary Cartesian Basis Functions
 =====================================================

 The numbering in the list below (to the right of the function characteristics) is referred
 to in print-outs of MO eigenvectors and Mulliken populations in the BAS representation
 (as contrasted to the SFO representation).

 Notes:
 1. The functions are characterized by a polynomial prefactor (powers of x,y,z and r) and
    an exponential decay factor alpha.
 2. Since the basis sets are specific for an atom TYPE, the individual functions occur on
    all atoms of that type.
 3. The word 'Core' in the left margin signals that it is a Core Function (CF) : not a
    degree of freedom in the valence set, but only used to ensure orthogonalization of
    the other valence basis functions on the frozen Core Orbitals.


 (power of) X  Y  Z  R     Alpha  on Atom
            ==========     =====     ==========

 B                                    1
                                  ---------------------------------------------------------------------------
            0  0  0  0     6.500      1
            0  0  0  0     4.080      2
            0  0  0  1     2.800      3
            0  0  0  1     1.700      4
            0  0  0  1     1.040      5
            1  0  0  0     2.600      6
            0  1  0  0     2.600      7
            0  0  1  0     2.600      8
            1  0  0  0     1.260      9
            0  1  0  0     1.260     10
            0  0  1  0     1.260     11
            1  0  0  0     0.680     12
            0  1  0  0     0.680     13
            0  0  1  0     0.680     14
            2  0  0  0     2.000     15
            1  1  0  0     2.000     16
            1  0  1  0     2.000     17
            0  2  0  0     2.000     18
            0  1  1  0     2.000     19
            0  0  2  0     2.000     20
            3  0  0  0     3.000     21
            2  1  0  0     3.000     22
            2  0  1  0     3.000     23
            1  2  0  0     3.000     24
            1  1  1  0     3.000     25
            1  0  2  0     3.000     26
            0  3  0  0     3.000     27
            0  2  1  0     3.000     28
            0  1  2  0     3.000     29
            0  0  3  0     3.000     30

 F                                    2    3    4
                                  ---------------------------------------------------------------------------
            0  0  0  0    10.880     31   61   91
            0  0  0  0     7.700     32   62   92
            0  0  0  1     3.240     33   63   93
            0  0  0  1     1.940     34   64   94
            0  0  0  1     0.740     35   65   95
            1  0  0  0     4.540     36   66   96
            0  1  0  0     4.540     37   67   97
            0  0  1  0     4.540     38   68   98
            1  0  0  0     2.300     39   69   99
            0  1  0  0     2.300     40   70  100
            0  0  1  0     2.300     41   71  101
            1  0  0  0     1.240     42   72  102
            0  1  0  0     1.240     43   73  103
            0  0  1  0     1.240     44   74  104
            2  0  0  0     2.000     45   75  105
            1  1  0  0     2.000     46   76  106
            1  0  1  0     2.000     47   77  107
            0  2  0  0     2.000     48   78  108
            0  1  1  0     2.000     49   79  109
            0  0  2  0     2.000     50   80  110
            3  0  0  0     3.000     51   81  111
            2  1  0  0     3.000     52   82  112
            2  0  1  0     3.000     53   83  113
            1  2  0  0     3.000     54   84  114
            1  1  1  0     3.000     55   85  115
            1  0  2  0     3.000     56   86  116
            0  3  0  0     3.000     57   87  117
            0  2  1  0     3.000     58   88  118
            0  1  2  0     3.000     59   89  119
            0  0  3  0     3.000     60   90  120

 Total number of charge fitting functions (nprimf)       339
 Total number of Cartesian basis functions (naos)        120
 Total number of Cartesian core functions  (ncos)          0

1
 ***************************************************************************************************



                                              ***********************
                                              *  T E C H N I C A L  *
                                              ***********************
  



 =============================================================
 P A R A L L E L I Z A T I O N  and  V E C T O R I Z A T I O N
 =============================================================
  
 Nr of parallel processes:                                4
 Maximum vector length in NumInt loops:                 128



 =====================
 S C F   U P D A T E S
 =====================
  
 Max. nr. of cycles:                                99
 Convergence criterion:                              0.0000010000
   secondary criterion:                              0.0010000000

 Mix parameter (when DIIS does not apply):           0.2000000000
 Mixed ADIIS+SDIIS will be used                  
    Max number of expansion vectors:                10
    Pure ADIIS when Max([F,P]) is above              0.1000000000
    Pure SDIIS when Max([F,P]) is below              0.0010000000
 Automatic ElectronSmearing (in case of problematic SCF convergence) disabled



 =================
 P R E C I S I O N  ***  (General: NumInt, NeglectFunctionTails, ...)  ***
 =================
  

 NumInt:           Target precision:                 8.0000000000
 -------           Initial precision:                8.0000000000
                   Min. precision (optimization):    8.0000000000

 Neglect Functions:          Basis functions:        0.1000000000E-09
 ------------------          Fit functions:          0.1000000000E-09



 ===========================
 L I N E A R   S C A L I N G
 ===========================
  

 Cut-off radii density fit:                        0.1000000000E-11
 Overlap cut-off criterion AO matrix elements:     0.1000000000E-09
 Cut-offs for Coulomb potential and fitted density:0.1000000000E-11
 Cut-off criterion for Coulomb multipole terms:    0.1000000000E-11
 Progressive Convergence parameter:                 0.000000000    

 Number of elements of the density matrix on this node (used, total):      1830      7260



 ===========================================
 Numerical Integration : Fuzzy Cells (Becke)
 ===========================================
  
 Becke grid quality: VERYGOOD       
  
 Lebedev angular grid order:             min:  13 max:  41
 Nr. of radial points:                   min:  76 max:  76

 Total nr. of points:     106932
 Nr. of blocks:              836
 Block length:               128
 Nr. of dummy points:         76


 Test of Precision of the Numerical Integration Grid
 ===================================================

 Integral of the Total Core Density:                   0.00000000000000



 ========================
 Density Fitting (zlmFit)
 ========================
  
 ZlmFit Fit Quality: VERYGOOD       
  
 Max L-expansion:                        min:  11 max:  11
 Nr. of radial interpolation points:     min: 160 max: 170



 =====
 S C F  ***  ScaSCF  ***
 =====
  
 Initial density matrix is taken from previous geometry

 CYCLE    1
  ***********************************************************
  ** : orbital data taken from :/scratch/5298/amstmp_22.achiral_catalyst.H_Ph_BF3.Rcat_kid0.17653497/GOStep3.rkf
  ***********************************************************
 SCF Error: norm([F,P])=      0.000000229502, max([F,P])=      0.000000057979
 orbitals (Q,E):
 ---------------
 A :7...26           ( 2.00    -1.1438)  ( 2.00    -0.5470)  ( 2.00    -0.5083)  ( 2.00    -0.5083)
                     ( 2.00    -0.4698)  ( 2.00    -0.4074)  ( 2.00    -0.4074)  ( 2.00    -0.4018)
                     ( 2.00    -0.4018)  ( 2.00    -0.3683)  ( 0.00    -0.0316)  ( 0.00    -0.0140)
                     ( 0.00     0.0513)  ( 0.00     0.0513)  ( 0.00     0.0837)  ( 0.00     0.1252)
                     ( 0.00     0.1337)  ( 0.00     0.1337)  ( 0.00     0.3418)  ( 0.00     0.3418)

 CYCLE    2
   MIX coefficients:  0.8000  0.2000
 SCF Error: norm([F,P])=      0.000000464776, max([F,P])=      0.000000121567
 orbitals (Q,E):
 ---------------
 A :7...17           ( 2.00    -1.1438)  ( 2.00    -0.5470)  ( 2.00    -0.5083)  ( 2.00    -0.5083)
                     ( 2.00    -0.4698)  ( 2.00    -0.4074)  ( 2.00    -0.4074)  ( 2.00    -0.4018)
                     ( 2.00    -0.4018)  ( 2.00    -0.3683)  ( 0.00    -0.0316)

 SCF CONVERGED

 CYCLE    3
1
 ***************************************************************************************************



                                                *******************
                                                *  R E S U L T S  *
                                                *******************
  
 *** Using FIT density in Focky
  SDIIS (wt  0.000): -0.6429  1.6429
 A-DIIS (wt  1.000):  0.0000  1.0000
  DIIS coefficients:  0.0000  1.0000
 SCF Error: norm([F,P])=      0.000000182132, max([F,P])=      0.000000047270

 Scaled ZORA Orbital Energies, per Irrep and Spin:
 =================================================
                        Occup              E (au)              E (eV)       Diff (eV) with prev. cycle
                        -----      --------------------        ------       --------------------------
 A
               7        2.000     -0.11438337945483E+01       -31.125               8.38E-07
               8        2.000     -0.54696095479796E+00       -14.884              -6.46E-08
               9        2.000     -0.50827606749762E+00       -13.831              -5.75E-07
              10        2.000     -0.50827547045533E+00       -13.831               4.45E-07
              11        2.000     -0.46979610799008E+00       -12.784              -7.58E-08
              12        2.000     -0.40738719069562E+00       -11.086               4.60E-07
              13        2.000     -0.40738282494747E+00       -11.085              -5.34E-07
              14        2.000     -0.40179418755375E+00       -10.933              -9.48E-07
              15        2.000     -0.40179055055547E+00       -10.933               8.83E-07
              16        2.000     -0.36831618715209E+00       -10.022              -2.71E-08
              17        0.000     -0.31567341971108E-01        -0.859
              18        0.000     -0.14011292424856E-01        -0.381
              19        0.000      0.51265161256062E-01         1.395
              20        0.000      0.51265312162621E-01         1.395
              21        0.000      0.83725871906257E-01         2.278
              22        0.000      0.12521524791254E+00         3.407
              23        0.000      0.13372758109038E+00         3.639
              24        0.000      0.13372797187062E+00         3.639
              25        0.000      0.34183436829455E+00         9.302
              26        0.000      0.34184005514576E+00         9.302
  
 HOMO :       16 A                -0.36831618715209E+00
 LUMO :       17 A                -0.31567341971108E-01
  


 All Electron Calculation, thus no Orbital Energies of the Core Orbitals are calculated


 Fit test: (difference of exact and fit density, squared integrated, result summed over spins)
         Sum-of-Fragments:                             0.00000000209685
         Orthogonalized Fragments:                     0.00000089325797
         SCF:                                          0.00000057029888



 ==========================
 Electron Density at Nuclei
 ==========================
  
 The electron density is calculated at points on a small sphere around the center of a nucleus.
 The printed electron density is the average electron density on these points.
 The radius of the sphere is the printed approximate finite nuclear radius.
 Note: ZORA-4 density is used, which includes small component density

         Atom        Nuclear Radius (Angstrom)             Electron Density (a.u.)
         ----        -------------------------             -----------------------
     1)   B                 0.0000313614                               71.30903
     2)   F                 0.0000361580                              450.88234
     3)   F                 0.0000361580                              450.88234
     4)   F                 0.0000361580                              450.88351



 =======================================
 M U L L I K E N   P O P U L A T I O N S
 =======================================
  
 The survey below gives for each atom:
 a) the total charge (Z minus electrons)
 b) the net spin polarization (nr of electrons spin-A minus spin-B)
 c) for each spin the atomic electron valence density (integrated) per L-value.

 Atom              Charge    Spin density          S         P         D         F
 ----              ------    ------------       ------    ------    ------    ------
 1 B               1.4872                       2.3298    0.9783    0.1857    0.0190
 2 F              -0.4957                       3.9882    5.4767    0.0275    0.0033
 3 F              -0.4957                       3.9882    5.4767    0.0275    0.0033
 4 F              -0.4957                       3.9882    5.4767    0.0275    0.0033

 Populations of individual BAS functions
 ----------------------------------------
 1 B            0.4654  1.5413 -0.0926  0.6222 -0.2065  0.0576  0.1410  0.1410  0.3222  0.2665
                0.2664 -0.0441 -0.0861 -0.0861 -0.0164  0.0302  0.0302  0.0419  0.0579  0.0419
               -0.0050 -0.0034 -0.0034  0.0047  0.0020  0.0047  0.0050  0.0039  0.0061  0.0043
 2 F            0.5924  1.3839  1.0881  0.8943  0.0296  0.3710  0.3523  0.3792  1.0318  0.9918
                1.0456  0.4532  0.4056  0.4461 -0.0091  0.0064  0.0023  0.0204  0.0085 -0.0010
               -0.0069 -0.0069 -0.0033  0.0075  0.0005 -0.0001  0.0107  0.0080 -0.0025 -0.0038
 3 F            0.5924  1.3839  1.0881  0.8943  0.0296  0.3710  0.3523  0.3792  1.0318  0.9918
                1.0456  0.4532  0.4056  0.4461 -0.0091  0.0064  0.0023  0.0204  0.0085 -0.0010
               -0.0069 -0.0069 -0.0033  0.0075  0.0005 -0.0001  0.0107  0.0080 -0.0025 -0.0038
 4 F            0.5924  1.3839  1.0880  0.8943  0.0296  0.3710  0.3926  0.3389  1.0318  1.0725
                0.9649  0.4533  0.4663  0.3854 -0.0091  0.0002  0.0085 -0.0112  0.0075  0.0315
               -0.0069 -0.0015 -0.0087 -0.0036  0.0000  0.0115 -0.0087 -0.0103  0.0114  0.0200

 Gross Charges per Atom (Z minus electrons)
 ==========================================
             1.4872   -0.4957   -0.4957   -0.4957
 Net Total: -0.00000000


 Atom-Atom Population Matrix (off-diagonal elements not doubled)
 ===============================================================

     1 :     2.6227
     2 :     0.2967    9.3250
     3 :     0.2967   -0.0630    9.3250
     4 :     0.2967   -0.0630   -0.0630    9.3250



 =================================================
 H I R S H F E L D   C H A R G E   A N A L Y S I S
 =================================================
  
 For each fragment: the (numerical) integral of rho(scf) * rho(fragment)/rho(sum-of-fragments)
 (nuclear charges are included, electrons are counted negative)

 The fragments and their ordering are defined in the early G E O M E T R Y output section.
 If you use single-atom fragments, this usually implies that all atoms of the same
 chemical type are grouped together. This may not be the order in which you listed them
 in the input file!

    1  B                         0.3909
    2  F                        -0.1303
    3  F                        -0.1303
    4  F                        -0.1303

 Sum of these charges (accuracy NumInt/Tails) =          -0.00000045



 =============================
 V O R O N O I   C H A R G E S
 =============================
  
 For each atom: the (numerical) integral of the total electronic charge density in its Voronoi cell,
 i.e. the region of space that is closer to that atom than to any other atom.
 (cf. Wigner-Seitz cells in crystals)

 Within the Voronoi cell the subintegrals over the atomic sphere and the remaining part are evaluated
 separately to give the numbers of electrons (negative charge) in these regions.
 The net total charge in the cell (including the nuclear charge) is also given.

 Values are provided for
    a) the Initial (sum-of-fragments) density
    b) the Orthogonalized-Fragments density
    c) the SCF density
    d) the Voronoi Deformation Density (VDD): the difference SCF-Initial for the complete atomic cell


  Atom                Initial                    OrthFrag                   SCF
             Sphere RestCell NetTotal   Sphere RestCell NetTotal   Sphere RestCell NetTotal      VDD
 -----       ------------------------   ------------------------   ------------------------    -----
    1 B      -2.087   -2.274    0.639   -2.109   -2.127    0.765   -2.100   -1.930    0.970    0.331
    2 F      -4.237   -4.980   -0.217   -4.467   -4.791   -0.258   -4.268   -5.059   -0.327   -0.110
    3 F      -4.237   -4.977   -0.214   -4.467   -4.788   -0.256   -4.268   -5.057   -0.325   -0.111
    4 F      -4.237   -4.971   -0.208   -4.467   -4.783   -0.251   -4.268   -5.050   -0.318   -0.111
 ---------------------------------------------------------------------------------------------------
 Total NetCharge:              -0.000                     -0.000                     -0.000   -0.000
 (accuracy NumInt/Tails)

 Remark: the 'NetTotal' Voronoi charges often do not match the Mulliken and/or Hirshfeld charges very
 well. This is caused by the fact that chemically different atoms are not treated in accordance with
 their relative sizes. (Voronoi cells are defined by boundary planes halfway between the atoms.)
 However, the CHANGES in charge, comparing 'Initial' to 'SCF' for instance, do give a fair indication
 of the flow of charge caused by the relaxation from sum-of-fragments to self-consistency.

 Warning: the absolute accuracy of the VDD charges obtained using the Fuzzy Cells (Becke) integration
 scheme is much poorer than the one obtained with an 'equivalent' Voronoi integration grid. 



 =================================================================
 M U L T I P O L E   D E R I V E D   C H A R G E   A N A L Y S I S
 =================================================================

 This charge analysis uses the atomic multipoles (obtained from the fitted density) up to some level X,
 and reconstructs these multipoles exactly (up to level X) by distributing charges over all atoms.
 This is achieved by using Lagrange multipliers and a weight function to keep the multipoles local.

 Dummy atoms can be included (by setting INCDUM in MDC-block to 1) to obtain a fractional charge.
 This is generally useful and necessary only for small symmetrical molecules, when there are not
 enough degrees of freedom to reconstruct the multipoles.

 Since the atomic multipoles are reconstructed up to level X,
 the molecular multipoles are represented also up to level X.
 The recommended level is to reconstruct up to quadrupole : -> MDC-q charges.

 See: M. Swart, P.Th. van Duijnen, J.G. Snijders, J.Comput.Chem., (2001), p. 79-88.

 ------------------------------------------------------------- 
 Atomic electronic multipole moments from SCF equations (a.u.)
 ------------------------------------------------------------- 

   atom        charge        dip-x     dip-y     dip-z      quad-xx   quad-xy   quad-xz   quad-yy   quad-yz   quad-zz
 --------------------------------------------------------------------------------------------------------------------
    1 B      0.712965    -0.000000  0.000000 -0.000017     0.130935  0.000000  0.000000 -0.065454 -0.000000 -0.065481
    2 F     -0.237658     0.000000 -0.144090  0.083187    -0.266690  0.000000 -0.000000  0.346646 -0.246284 -0.079956
    3 F     -0.237658     0.000000  0.144090  0.083187    -0.266690 -0.000000 -0.000000  0.346646  0.246284 -0.079956
    4 F     -0.237648     0.000000 -0.000000 -0.166387    -0.266720  0.000000  0.000000 -0.293230 -0.000000  0.559950

 --------------------------------------- 
 Multipole derived atomic charges (a.u.)
 --------------------------------------- 

 The MDC-m charges are just the Monopole terms in the multipole expansion, while for the MDC-d charges
 also the Dipoles are reconstructed. The usually preferred charges are the MDC-q charges.
 These reconstruct the Monopoles, Dipoles and Quadrupoles (both atomic AND molecular).

        Atom    Level:     MDC-m        MDC-d        MDC-q
 ---------------------------------------------------------
     1     B            0.712965     0.748319     0.863041
     2     F           -0.237658    -0.249439    -0.269008
     3     F           -0.237658    -0.249439    -0.269008
     4     F           -0.237648    -0.249441    -0.325026

 ------------------------------------------------ 
 Average absolute deviations in atomic multipoles
 ------------------------------------------------ 

 Stated here are the average differences between the atomic multipoles
 and the reconstructed atomic multipoles (from the distributed charges).
 If these values are not zero, this means there are not enough degrees of freedom,
 to be able to reconstruct the atomic multipoles. (This usually happens only
 for small and/or highly symmetric molecules). If this is the case, one could add
 dummy atoms as extra point charges (and setting INCDUM in MDC-block to 1).

 Level:                                 MDC-d        MDC-q
 ---------------------------------------------------------
 Charge   (a.u.)                       0.0000       0.0000
 Dipole   (Debye)                      0.0000       0.0429
 Quad.    (a.u.)                       0.0684       0.0025

 --------------------------------------- 
 Represented molecular multipole moments
 --------------------------------------- 

 Given here are the Molecular multipole moments from the atomic charges, and from the Fit Density.
 Note that the atomic charges represent the latter, NOT the ones from the Exact density.

            Q (a.u.)             Dipole moment (Debye)                                          Quadrupole moment (a.u.)
                                 x         y         z              xx        xy        xz        yy        yz        zz
------------------------------------------------------------------------------------------------------------------------
MDC-m         0.0000       -0.0000   -0.0000    0.0001          2.2325   -0.0000    0.0001   -1.1163    0.0000   -1.1162
MDC-d         0.0000       -0.0000   -0.0000   -0.0000          2.3432   -0.0000   -0.0000   -1.1716    0.0000   -1.1716
MDC-q         0.0000       -0.0000   -0.0000   -0.3563          2.7024   -0.0000   -0.4689   -1.0881    0.0000   -1.6143
 
Fit.Dens.     0.0000       -0.0000   -0.0000   -0.0000          2.8124   -0.0000   -0.0000   -1.4062    0.0000   -1.4062



 =============
 Dipole Moment  ***  (Debye)  ***
 =============
  
 Vector   :        -0.00000027     -0.00000000      0.00000850
 Magnitude:         0.00000850

 This molecular dipole moment is calculated with analytic integration



 =========================================
 Quadrupole Moment (Buckingham convention)  ***  (a.u.)  ***
 =========================================
  
      quad-xx        quad-xy        quad-xz        quad-yy        quad-yz        quad-zz
      2.81247990    -0.00000000     0.00001118    -1.40627551     0.00000000    -1.40620438

 This molecular quadrupole moment is calculated with analytic integration
1



 ===========================
 B O N D I N G   E N E R G Y  ***  (decomposition)  ***
 ===========================
  
*** IMPORTANT NOTE ***

The bond energy is computed as an energy difference between molecule and
fragments. In particular when the fragments are single atoms, they are usually
computed as SPHERICALLY SYMMETRIC and SPIN-RESTRICTED. Obviously, this usually
does NOT represent the true atomic groundstate.

To obtain the 'real' bond energy, (atomic) correction terms must be applied
for the true (multiplet) fragment ground state. See ref: E.J.Baerends,
V.Branchadell, M.Sodupe, Chem.Phys.Lett.265 (1997) 481

General theoretical background on the bond energy decomposition scheme used
here (Morokuma-Ziegler) can be found in the review paper:
F.M. Bickelhaupt and E.J. Baerends,
"Kohn-Sham Density Functional Theory: Predicting and Understanding Chemistry"
In: Rev. Comput. Chem.; Lipkowitz, K. B. and Boyd, D. B., Eds.;
Wiley-VCH: New York, 2000, Vol. 15, 1-86.

Symbols used in the Bickelhaupt-Baerends (BB) paper are given below to make
the direct connection to that paper, where detailed explanations can be found
on the meaning of the various terms.


                                                   hartree              eV         kcal/mol           kJ/mol
                                      --------------------     -----------       ----------      -----------

Pauli Repulsion
  Kinetic (Delta T^0):                  11.218883276703957        305.2813          7039.96         29455.17
  Delta V^Pauli Coulomb:                -6.888547614542175       -187.4469         -4322.63        -18085.88
  Delta V^Pauli LDA-XC:                 -1.199765822273780        -32.6473          -752.86         -3149.98
  Delta V^Pauli GGA-Exchange:            0.070833822998349          1.9275            44.45           185.97
  Delta V^Pauli GGA-Correlation:        -0.074916418429479         -2.0386           -47.01          -196.69
                                      --------------------     -----------       ----------      -----------
  Total Pauli Repulsion:                 3.126487244456872         85.0760          1961.90          8208.59
 (Total Pauli Repulsion =
  Delta E^Pauli in BB paper)

Steric Interaction
  Pauli Repulsion (Delta E^Pauli):       3.126487244456872         85.0760          1961.90          8208.59
  Electrostatic Interaction:            -0.731685257896789        -19.9102          -459.14         -1921.04
 (Electrostatic Interaction =
  Delta V_elstat in the BB paper)
                                      --------------------     -----------       ----------      -----------
  Total Steric Interaction:              2.394801986560083         65.1659          1502.76          6287.55
 (Total Steric Interaction =
  Delta E^0 in the BB paper)

Orbital Interactions
  A:                                    -3.226893655338007        -87.8082         -2024.91         -8472.21
                                      --------------------     -----------       ----------      -----------
  Total Orbital Interactions:           -3.226893655338007        -87.8082         -2024.91         -8472.21

Alternative Decomposition Orb.Int.
  Kinetic:                             -10.486496547630525       -285.3521         -6580.38        -27532.29
  Coulomb:                               6.837147043392491        186.0482          4290.37         17950.93
  XC:                                    0.422455848900026         11.4956           265.10          1109.16
                                      --------------------     -----------       ----------      -----------
  Total Orbital Interactions:           -3.226893655338007        -87.8082         -2024.91         -8472.21

  Residu (E=Steric+OrbInt+Res):         -0.000000048135792         -0.0000            -0.00            -0.00

Total Bonding Energy:                   -0.832091716913716        -22.6424          -522.15         -2184.66


Summary of Bonding Energy (energy terms are taken from the energy decomposition above)
======================================================================================

  Electrostatic Energy:                 -0.731685257896789        -19.9102          -459.14         -1921.04
  Kinetic Energy:                        0.732386729073433         19.9293           459.58          1922.88
  Coulomb (Steric+OrbInt) Energy:       -0.051400619285476         -1.3987           -32.25          -134.95
  XC Energy:                            -0.781392568804885        -21.2628          -490.33         -2051.55
                                      --------------------     -----------       ----------      -----------
  Total Bonding Energy:                 -0.832091716913717        -22.6424          -522.15         -2184.66


Correction terms (incorporated in energies above; only for test purposes):

1. Indication of fit-quality: 1st-order fit-correction used in the energy (hartree):   0.0000072650
2. Electrostatic (Fit correction):   0.0000000000

Scaled ZORA energy correction, not included in bonding energy (hartree):           -0.0000615167
 NOTE: This scaled ZORA energy correction should only be used to compare two calculations
 in which the only difference in the calculation is the electron configuration.
 Then the difference in energy of this term should be added to the difference in energy of
 the two electron configurations.
 This term should not be used otherwise.
 In practice it is useful only for core excitation energy calculations.



 =========================================
 F R A G M E N T   E N E R G Y   T E R M S  ***  (summed over all fragments)  ***
 =========================================
  

The energy terms below are (parts of) the Total Energy of the fragments from which the molecule
 is built.

Exchange and Correlation
  Exchange LDA:                        -30.338125218198442       -825.5424        -19037.46        -79652.74
  Exchange GGA:                         -3.290702496818918        -89.5446         -2064.95         -8639.74
  Correlation LDA:                       0.000000000000000          0.0000             0.00             0.00
  Correlation GGA:                      -1.115731840997228        -30.3606          -700.13         -2929.35
                                      --------------------     -----------       ----------      -----------
  Total XC:                            -34.744559556014586       -945.4476        -21802.54        -91221.83
1



 =======================================================
 S F O   P O P U L A T I O N S ,   M O   A N A L Y S I S
 =======================================================
  
 A Mulliken population analysis is performed on (input-)selected MOs. All populations refer to SFOs.
 BAS populations may have been printed directly after the SCF part.


                                       === A ===


 SFO contributions (%) per orbital
 (multiplication by the orbital occupation yields the SFO Gross Populations)

 Orb.:        7      8      9     10     11     12     13     14     15     16     17     18     19     20
 occup:     2.00   2.00   2.00   2.00   2.00   2.00   2.00   2.00   2.00   2.00   0.00   0.00   0.00   0.00
 CF+SFO     ----   ----   ----   ----   ----   ----   ----   ----   ----   ----   ----   ----   ----   ----
 ------
      2:    0.00   9.17   0.00   0.00   0.00  -0.00  -0.00  -0.00   0.00  -0.00 -34.58  -0.00   0.00   0.00
      3:   -0.00   4.42   0.00   0.00   0.00  -0.00  -0.00   0.00   0.00   0.00 -20.07  -0.00   0.00  -0.00
      6:   -0.00   0.00   0.00   0.00  16.64   0.00   0.00   0.00   0.00   0.00   0.00  88.24   0.00   0.00
      7:    0.00   0.00  -0.00  -0.00   0.53   0.00   0.00   0.00   0.00   0.00   0.00   1.49   0.00   0.00
      9:    0.00   0.00   6.66   0.00  -0.00  -0.34  -0.00  -0.00  -0.00   0.00   0.00  -0.00  -0.00 -20.54
     10:    0.00   0.00   5.94   0.00  -0.00   0.50   0.00   0.00   0.00   0.00   0.00   0.00  -0.00  -5.10
     11:   -0.00   0.00   0.17   0.00  -0.00   0.13   0.00   0.00   0.00   0.00  -0.00   0.00   0.00   2.58
     12:    3.27   0.00   0.00   6.66   0.00  -0.00  -0.34  -0.00  -0.00  -0.00   0.00  -0.00 -20.54  -0.00
     13:    0.51   0.00   0.00   5.94   0.00   0.00   0.50  -0.00   0.00   0.00   0.00  -0.00  -5.09  -0.00
     14:   -0.79   0.00   0.00   0.17   0.00   0.00   0.13   0.00   0.00   0.00   0.00   0.00   2.58   0.00
     15:    0.55  -0.00  -0.00  -0.03   0.00   0.00   1.65   0.00   0.00   0.00   0.38   0.00   0.12   0.00
     16:    0.18  -0.01  -0.00  -0.01   0.00   0.00   0.55   0.00   0.00   0.00   1.13   0.00   0.04   0.00
     17:   -0.00   0.00   0.00   0.00   0.00   0.00   0.00   1.51   0.00   0.00  -0.00   0.00   0.00   0.00
     18:    0.00  -0.00   0.00   0.00   0.00   0.00   0.00   0.00   1.51   0.00  -0.00   0.00   0.00   0.00
     19:    0.00   0.00  -0.04  -0.00   0.00   2.20   0.00   0.00   0.00   0.00   0.00   0.00   0.00   0.16
     28:   15.95   3.12   2.26   0.75   0.00   0.02   0.01  -0.00  -0.00  -0.00  -0.07  -0.00  -0.21  -0.62
     29:   -0.23   0.01   0.00   0.00  -0.00  -0.02  -0.01  -0.00  -0.00  -0.00  50.38   0.00  22.64  67.91
     30:    0.03  -0.08  -0.02  -0.01   0.00  -0.00  -0.00  -0.00  -0.00  -0.00  -0.42  -0.00   0.38   1.14
     32:    0.00   0.00   0.00   0.00  27.27   0.00   0.00  49.24  16.41   0.00   0.00   6.26  -0.00  -0.00
     33:    0.00  -0.00   0.00   0.00  -0.04  -0.00  -0.00  -0.06  -0.02   0.00  -0.00  -3.57   0.00   0.00
     35:    0.41  19.14  16.67  18.62   0.00  20.51   2.33   0.00   0.00   8.38  -0.02  -0.00  -0.15  -0.19
     36:    0.00  -0.06  -0.03   0.01  -0.00  -0.05   0.03  -0.00   0.00  -0.05   0.71  -0.00  -0.07  -7.07
     38:   -0.05   6.38  18.62   0.78   0.00   2.33  39.70   0.00   0.00  25.13  -0.01  -0.00   0.24  -0.15
     39:   -0.04  -0.02   0.01  -0.03  -0.00   0.03   0.02   0.00   0.00  -0.14   0.24  -0.00  -2.05  -0.07
     54:   15.95   3.12   2.26   0.75   0.00   0.02   0.01  -0.00  -0.00  -0.00  -0.07  -0.00  -0.21  -0.62
     55:   -0.23   0.01   0.00   0.00  -0.00  -0.02  -0.01  -0.00  -0.00  -0.00  50.38   0.00  22.64  67.91
     56:    0.03  -0.08  -0.02  -0.01   0.00  -0.00  -0.00  -0.00  -0.00  -0.00  -0.42  -0.00   0.38   1.14
     58:    0.00   0.00   0.00   0.00  27.27   0.00   0.00  49.24  16.41   0.00   0.00   6.26  -0.00  -0.00
     59:    0.00  -0.00   0.00   0.00  -0.04  -0.00  -0.00  -0.06  -0.02   0.00  -0.00  -3.57   0.00   0.00
     61:    0.41  19.14  16.67  18.62   0.00  20.51   2.33   0.00   0.00   8.38  -0.02  -0.00  -0.15  -0.19
     62:    0.00  -0.06  -0.03   0.01  -0.00  -0.05   0.03  -0.00   0.00  -0.05   0.71  -0.00  -0.07  -7.07
     64:   -0.05   6.38  18.62   0.78   0.00   2.33  39.70   0.00   0.00  25.13  -0.01  -0.00   0.24  -0.15
     65:   -0.04  -0.02   0.01  -0.03  -0.00   0.03   0.02   0.00   0.00  -0.14   0.24  -0.00  -2.05  -0.07
     80:   63.81   3.12   0.00   3.01   0.00   0.00   0.03   0.00  -0.00   0.00  -0.07  -0.00  -0.82  -0.00
     81:   -0.91   0.01   0.00   0.00  -0.00  -0.00  -0.03   0.00  -0.00  -0.00  50.38   0.00  90.55   0.00
     82:    0.10  -0.08  -0.00  -0.02   0.00  -0.00  -0.00   0.00  -0.00   0.00  -0.42  -0.00   1.52   0.00
     84:    0.00   0.00   0.00   0.00  27.26   0.00   0.00   0.00  65.65   0.00   0.00   6.26  -0.00   0.00
     85:    0.00  -0.00  -0.00   0.00  -0.04  -0.00  -0.00  -0.00  -0.08  -0.00  -0.00  -3.57   0.00   0.00
     87:    0.00   0.00  11.45   0.00   0.00  51.64   0.00   0.00   0.00  33.49  -0.00   0.00   0.00   0.31
     90:    1.18  25.53   0.00  43.23   0.00   0.00  13.24   0.00   0.00   0.00  -0.03  -0.00  -0.55  -0.00
     91:   -0.20  -0.08  -0.00  -0.02  -0.00  -0.00  -0.05  -0.00  -0.00   0.00   0.95  -0.00  -9.65  -0.00


 Summation over all MOs, multiplied by occupation: Total SFO Gross Populations in this Irrep
 ===========================================================================================

     2.00    0.26    0.08   -0.00   -0.00    0.33    0.01   -0.01    0.19    0.14   -0.01    0.19
     0.14   -0.01    0.05    0.02    0.03    0.03    0.06    0.00    0.00    0.00    0.00    0.01
     0.00    0.00    2.00    2.00   -0.01   -0.00   -0.00    1.86   -0.00    0.00    1.75   -0.01
     0.00    1.87   -0.00    0.00    0.00    0.01    0.01    0.00    0.01    0.00    0.00    0.00
     0.00    0.00    0.00    0.00    2.00    2.00   -0.01   -0.00   -0.00    1.86   -0.00    0.00
     1.75   -0.01    0.00    1.87   -0.00    0.00    0.00    0.01    0.01    0.00    0.01    0.00
     0.00    0.00    0.00    0.00    0.00    0.00    2.00    2.00   -0.01   -0.00   -0.00    1.86
    -0.00    0.00    1.93   -0.00    0.00    1.69   -0.01    0.00    0.01    0.00    0.00    0.01
     0.01    0.00    0.00    0.00    0.00    0.00    0.00    0.00



 List of all MOs, ordered by energy, with the most significant SFO gross populations
 ===================================================================================

 Each percentage contribution in the table below corres ponds to the indicated SFO.
 In general, a SFO may be a linear combination of several Fragment Orbitals on the same,
 or on symmetry-related Fragments. Only the first 'member' of such a combination is
 specified here. A full definition of all SFOs is given in an earlier part of the output.
 The numbering of the SFOs in this table does NOT include the Core Orbitals, and starts
 from one for each symmetry representation, as in the SFO definition list earlier.

       E(eV)  Occ       MO           %     SFO (first member)   E(eV)  Occ   Fragment
 -------------------------------------------------------------------------------------

     -14.884  2.00     8 A         25.53%     1 P:z           -11.083  1.67     4 F
                                   19.14%     1 P:y           -11.083  1.67     2 F
                                   19.14%     1 P:y           -11.083  1.67     3 F
                                    9.17%     2 S              -9.402  2.00     1 B
                                    6.38%     1 P:z           -11.083  1.67     2 F
                                    6.38%     1 P:z           -11.083  1.67     3 F
                                    4.42%     3 S               5.623  0.00     1 B
                                    3.12%     2 S             -30.122  2.00     4 F
                                    3.12%     2 S             -30.122  2.00     2 F
                                    3.12%     2 S             -30.122  2.00     3 F
     -13.831  2.00     9 A         18.62%     1 P:z           -11.083  1.67     2 F
                                   18.62%     1 P:z           -11.083  1.67     3 F
                                   16.67%     1 P:y           -11.083  1.67     3 F
                                   16.67%     1 P:y           -11.083  1.67     2 F
                                   11.45%     1 P:y           -11.083  1.67     4 F
                                    6.66%     1 P:y            -3.435  0.33     1 B
                                    5.94%     2 P:y             3.297  0.00     1 B
                                    2.26%     2 S             -30.122  2.00     3 F
                                    2.26%     2 S             -30.122  2.00     2 F
     -13.831  2.00    10 A         43.23%     1 P:z           -11.083  1.67     4 F
                                   18.62%     1 P:y           -11.083  1.67     2 F
                                   18.62%     1 P:y           -11.083  1.67     3 F
                                    6.66%     1 P:z            -3.435  0.33     1 B
                                    5.94%     2 P:z             3.297  0.00     1 B
                                    3.01%     2 S             -30.122  2.00     4 F
     -12.784  2.00    11 A         27.27%     1 P:x           -11.083  1.67     2 F
                                   27.27%     1 P:x           -11.083  1.67     3 F
                                   27.26%     1 P:x           -11.083  1.67     4 F
                                   16.64%     1 P:x            -3.435  0.33     1 B
     -11.086  2.00    12 A         51.64%     1 P:y           -11.083  1.67     4 F
                                   20.51%     1 P:y           -11.083  1.67     2 F
                                   20.51%     1 P:y           -11.083  1.67     3 F
                                    2.33%     1 P:z           -11.083  1.67     2 F
                                    2.33%     1 P:z           -11.083  1.67     3 F
                                    2.20%     1 D:yz           28.243  0.00     1 B
     -11.085  2.00    13 A         39.70%     1 P:z           -11.083  1.67     3 F
                                   39.70%     1 P:z           -11.083  1.67     2 F
                                   13.24%     1 P:z           -11.083  1.67     4 F
                                    2.33%     1 P:y           -11.083  1.67     3 F
                                    2.33%     1 P:y           -11.083  1.67     2 F
                                    1.65%     1 D:z2           28.243  0.00     1 B
     -10.933  2.00    14 A         49.24%     1 P:x           -11.083  1.67     2 F
                                   49.24%     1 P:x           -11.083  1.67     3 F
                                    1.51%     1 D:xy           28.243  0.00     1 B
     -10.933  2.00    15 A         65.65%     1 P:x           -11.083  1.67     4 F
                                   16.41%     1 P:x           -11.083  1.67     3 F
                                   16.41%     1 P:x           -11.083  1.67     2 F
                                    1.51%     1 D:xz           28.243  0.00     1 B
     -10.022  2.00    16 A         33.49%     1 P:y           -11.083  1.67     4 F
                                   25.13%     1 P:z           -11.083  1.67     3 F
                                   25.13%     1 P:z           -11.083  1.67     2 F
                                    8.38%     1 P:y           -11.083  1.67     3 F
                                    8.38%     1 P:y           -11.083  1.67     2 F
      -0.859  0.00    17 A         50.38%     3 S               0.309  0.00     4 F
                                   50.38%     3 S               0.309  0.00     2 F
                                   50.38%     3 S               0.309  0.00     3 F
                                  -34.58%     2 S              -9.402  2.00     1 B
                                  -20.07%     3 S               5.623  0.00     1 B
                                    1.13%     1 D:x2-y2        28.243  0.00     1 B
      -0.381  0.00    18 A         88.24%     1 P:x            -3.435  0.33     1 B
                                    6.26%     1 P:x           -11.083  1.67     4 F
                                    6.26%     1 P:x           -11.083  1.67     3 F
                                    6.26%     1 P:x           -11.083  1.67     2 F
                                   -3.57%     2 P:x            11.793  0.00     4 F
                                   -3.57%     2 P:x            11.793  0.00     2 F
                                   -3.57%     2 P:x            11.793  0.00     3 F
                                    1.49%     2 P:x             3.297  0.00     1 B
       1.395  0.00    19 A         90.55%     3 S               0.309  0.00     4 F
                                   22.64%     3 S               0.309  0.00     3 F
                                   22.64%     3 S               0.309  0.00     2 F
                                  -20.54%     1 P:z            -3.435  0.33     1 B
                                   -9.65%     2 P:z            11.793  0.00     4 F
                                   -5.09%     2 P:z             3.297  0.00     1 B
                                    2.58%     3 P:z            46.283  0.00     1 B
                                   -2.05%     2 P:z            11.793  0.00     3 F
                                   -2.05%     2 P:z            11.793  0.00     2 F
                                    1.52%     4 S              43.147  0.00     4 F
       1.395  0.00    20 A         67.91%     3 S               0.309  0.00     2 F
                                   67.91%     3 S               0.309  0.00     3 F
                                  -20.54%     1 P:y            -3.435  0.33     1 B
                                   -7.07%     2 P:y            11.793  0.00     2 F
                                   -7.07%     2 P:y            11.793  0.00     3 F
                                   -5.10%     2 P:y             3.297  0.00     1 B
                                    2.58%     3 P:y            46.283  0.00     1 B
                                    1.14%     4 S              43.147  0.00     2 F
                                    1.14%     4 S              43.147  0.00     3 F
       2.278  0.00    21 A        100.13%     2 P:x             3.297  0.00     1 B
                                   -1.16%     2 P:x            11.793  0.00     2 F
                                   -1.16%     2 P:x            11.793  0.00     3 F
                                   -1.16%     2 P:x            11.793  0.00     4 F
       3.407  0.00    22 A        148.43%     2 S              -9.402  2.00     1 B
                                  -11.27%     3 S               5.623  0.00     1 B
                                   -8.55%     2 P:z            11.793  0.00     4 F
                                   -6.41%     2 P:y            11.793  0.00     3 F
                                   -6.41%     2 P:y            11.793  0.00     2 F
                                   -4.89%     3 S               0.309  0.00     4 F
                                   -4.89%     3 S               0.309  0.00     3 F
                                   -4.89%     3 S               0.309  0.00     2 F
                                   -4.72%     4 S              43.147  0.00     4 F
                                   -4.71%     4 S              43.147  0.00     3 F
                                   -4.71%     4 S              43.147  0.00     2 F
                                    3.57%     1 P:z           -11.083  1.67     4 F
                                    2.68%     1 P:y           -11.083  1.67     3 F
                                    2.68%     1 P:y           -11.083  1.67     2 F
                                    2.18%     1 D:x2-y2        28.243  0.00     1 B
                                   -2.14%     2 P:z            11.793  0.00     3 F
                                   -2.14%     2 P:z            11.793  0.00     2 F
       3.639  0.00    23 A         67.13%     2 P:z             3.297  0.00     1 B
                                   63.35%     1 P:z            -3.435  0.33     1 B
                                   -8.80%     2 P:y            11.793  0.00     2 F
                                   -8.80%     2 P:y            11.793  0.00     3 F
                                   -8.41%     2 P:z            11.793  0.00     4 F
                                   -3.98%     2 P:z            11.793  0.00     3 F
                                   -3.98%     2 P:z            11.793  0.00     2 F
                                    2.77%     3 P:z            46.283  0.00     1 B
                                    2.67%     3 S               0.309  0.00     4 F
                                   -2.20%     2 S             -30.122  2.00     4 F
       3.639  0.00    24 A         67.13%     2 P:y             3.297  0.00     1 B
                                   63.35%     1 P:y            -3.435  0.33     1 B
                                  -14.24%     2 P:y            11.793  0.00     4 F
                                   -8.80%     2 P:z            11.793  0.00     2 F
                                   -8.80%     2 P:z            11.793  0.00     3 F
                                    2.77%     3 P:y            46.283  0.00     1 B
                                    2.00%     3 S               0.309  0.00     3 F
                                    2.00%     3 S               0.309  0.00     2 F
                                   -1.65%     2 S             -30.122  2.00     3 F
                                   -1.65%     2 S             -30.122  2.00     2 F
                                   -1.07%     2 P:y            11.793  0.00     3 F
                                   -1.07%     2 P:y            11.793  0.00     2 F

 Energy gradients wrt nuclear displacements
 ==========================================

     Atom      Cartesian (a.u./angstrom)
                 X         Y         Z
 ----------------------------------------
     1 B    -0.000000  0.000000  0.000002
     2 F     0.000000 -0.000054  0.000025
     3 F     0.000000  0.000054  0.000025
     4 F     0.000000 -0.000000 -0.000052
 ----------------------------------------



 =======================================================================
 Electrostatic potential at the Nuclei due to electrons and other nuclei
 =======================================================================
  
         Atom                  Potential
         ----                  ---------
     1)   B                  11.30633519
     2)   F                  26.61288925
     3)   F                  26.61288925
     4)   F                  26.61290005

=============================================================
=== CALCULATE ANALYTICAL SECOND DERIVATIVES OF THE ENERGY ===
=============================================================


-----------------------------------------------
*** RESTART ***
*** CHECKING FOR HESSIAN ON RESTART FILE ***
@@@ WARNING: Cannot find section: Hessian                                                                                                                                                         
*** NO HESSIAN EXISTS ON RESTART FILE ***
*** HESSIAN FROM RESTART FILE IS NOT COMPLETE ***
*** FURTHER CALCULATIONS WILL BE DONE         ***
-----------------------------------------------
                  ------------------------------------------------
                  
                  This Analytical Second Derivatives Progam    
                            was written for ADF by             
                  
                                Stephen K. Wolff               
                  
                         Scientific Computing & Modelling      
                  
                                Vrije University
                              Theoretical Chemistry
                                De Boelelaan 1083
                                1081 HV Amsterdam
                                 The Netherlands
                  
                  ------------------------------------------------
                  
                                    References:                
                                    ===========                
                  
                   Attila Berces, Ross M. Dickson, Liangyou Fan
                   Heiko Jacobsen, David Swerhone, Tom Ziegler,
                   Computer Physics Communications 100 (1997) 247.
                  
                   Heiko Jacobsen, Attila Berces
                   David Swerhone, Tom Ziegler,
                   Computer Physics Communications 100 (1997) 263.
                  
                   Stephen K. Wolff
                   Int. J. Quantum Chem. 104 (2005) 645.
                  
                  ------------------------------------------------
                  
              <><><><><><><><><><><><><><><><><><><><><><><><><>
 
                 SECOND DERIVATIVES INFORMATION:
                 -------------------------------
 
                 === PRINT
 
                   EIGS,  lprint_eigbas =  F
                   U1,    lprint_u1     =  F
                   PARTS, lprint_parts  =  F
 
                 === DEBUG
 
                   ALL        =  F
                   B1         =  F
                   DENSITIES  =  F
                   FIT        =  F
                   HESSIAN    =  F
                   NUMBERS    =  F
                   SYMMETRY   =  F
                   U1         =  F
 
                 === CPKS
 
                   MAX_CPKS_ITERATIONS    =    20
                   U1_ACCURACY PARAMETER  =     5.00
                   U1 ACCURACY            =     0.0000100
 

                 Estimated peak private memory usage    101 MB per process
                                 shared memory usage    112 MB per node

              <><><><><><><><><><><><><><><><><><><><><><><><><>

######## LOOPING OVER NUCLEI ########

==========================
###### NUCLEUS:     1  B  
==========================

====================  solving CPKS equations  ====================

NUCLEUS  COORD.    ITERATION   ACCURACY
-------  ------    ---------   --------
    1       1          1       0.12318403D-01
    1       1          2       0.10200370D-02
    1       1          3       0.95255584D-04
    1       1          4       0.61996034D-05
*** CPKS converged.
----------------------------------------------
    1       2          1       0.79425314D-01
    1       2          2       0.78469847D-02
    1       2          3       0.64156582D-03
    1       2          4       0.69091053D-04
    1       2          5       0.63165326D-05
*** CPKS converged.
----------------------------------------------
    1       3          1       0.79421450D-01
    1       3          2       0.78464250D-02
    1       3          3       0.64155371D-03
    1       3          4       0.69922869D-04
    1       3          5       0.71633775D-05
*** CPKS converged.
----------------------------------------------

====================  end of solving CPKS equations  ====================

==========================
###### NUCLEUS:     2  F  
==========================

====================  solving CPKS equations  ====================

NUCLEUS  COORD.    ITERATION   ACCURACY
-------  ------    ---------   --------
    2       1          1       0.43205598D-02
    2       1          2       0.35745497D-03
    2       1          3       0.52615580D-04
    2       1          4       0.47532063D-05
*** CPKS converged.
----------------------------------------------
    2       2          1       0.34952223D-01
    2       2          2       0.24835998D-02
    2       2          3       0.80226095D-03
    2       2          4       0.21047367D-03
    2       2          5       0.56247508D-04
    2       2          6       0.54624529D-05
*** CPKS converged.
----------------------------------------------
    2       3          1       0.18643861D-01
    2       3          2       0.20880527D-02
    2       3          3       0.50827319D-03
    2       3          4       0.19151699D-03
    2       3          5       0.35961405D-04
    2       3          6       0.44573777D-05
*** CPKS converged.
----------------------------------------------

====================  end of solving CPKS equations  ====================

==========================
###### NUCLEUS:     3  F  
==========================

====================  solving CPKS equations  ====================

NUCLEUS  COORD.    ITERATION   ACCURACY
-------  ------    ---------   --------
    3       1          1       0.43205600D-02
    3       1          2       0.35745503D-03
    3       1          3       0.52615592D-04
    3       1          4       0.47532085D-05
*** CPKS converged.
----------------------------------------------
    3       2          1       0.34952206D-01
    3       2          2       0.24836009D-02
    3       2          3       0.80226095D-03
    3       2          4       0.21047360D-03
    3       2          5       0.56247509D-04
    3       2          6       0.54624527D-05
*** CPKS converged.
----------------------------------------------
    3       3          1       0.18643880D-01
    3       3          2       0.20880528D-02
    3       3          3       0.50827313D-03
    3       3          4       0.19151696D-03
    3       3          5       0.35961405D-04
    3       3          6       0.44573771D-05
*** CPKS converged.
----------------------------------------------

====================  end of solving CPKS equations  ====================

==========================
###### NUCLEUS:     4  F  
==========================

====================  solving CPKS equations  ====================

NUCLEUS  COORD.    ITERATION   ACCURACY
-------  ------    ---------   --------
    4       1          1       0.43187036D-02
    4       1          2       0.36827204D-03
    4       1          3       0.60698056D-04
    4       1          4       0.54780056D-05
*** CPKS converged.
----------------------------------------------
    4       2          1       0.10192406D-01
    4       2          2       0.19449785D-02
    4       2          3       0.20021139D-03
    4       2          4       0.14731806D-04
    4       2          5       0.19060226D-05
*** CPKS converged.
----------------------------------------------
    4       3          1       0.42933893D-01
    4       3          2       0.33877287D-02
    4       3          3       0.90881041D-03
    4       3          4       0.24413473D-03
    4       3          5       0.63699512D-04
    4       3          6       0.63327604D-05
*** CPKS converged.
----------------------------------------------

====================  end of solving CPKS equations  ====================


====================================================================
*** DONE CALCULATING ANALYTICAL SECOND DERIVATIVES OF THE ENERGY ***
====================================================================

 Mulliken charges used for AMS results%charges...
Scanning modes in range provided by user.


    =====================
     CALCULATION RESULTS
    =====================

Energy (hartree)            -0.83209172

Gradients (hartree/bohr)
  Index   Atom            d/dx            d/dy            d/dz
      1      B   -0.0000000176    0.0000000000    0.0000012787
      2      F    0.0000000059   -0.0000287372    0.0000131395
      3      F    0.0000000059    0.0000287372    0.0000131372
      4      F    0.0000000059   -0.0000000000   -0.0000275554

 -----------------------
 Normal Mode Frequencies
 -----------------------

 Index   Frequency (cm-1)   Intensity (km/mol)
     7           459.5737              10.8208
     8           459.5810              10.8191
     9           664.6597              86.0021
    10           852.5239               0.0000
    11          1396.4935             427.7810
    12          1396.4950             427.7815

 Zero-point energy (Hartree):     0.0119

 ------------
 Normal Modes
 ------------

 Number of removed rigid normal modes: 6
 
 Mode:     7      Frequency (cm-1):      459.5737     Intensity (km/mol):       10.8208
 Index  Atom      ---- Displacements (x/y/z) ----
     1     B       0.000000  -0.328176   0.176318
     2     F       0.000000  -0.388085   0.245337
     3     F      -0.000000   0.047165  -0.564746
     4     F      -0.000000   0.531093   0.217234
 
 Mode:     8      Frequency (cm-1):      459.5810     Intensity (km/mol):       10.8191
 Index  Atom      ---- Displacements (x/y/z) ----
     1     B      -0.000000  -0.176326  -0.328165
     2     F      -0.000000   0.313451   0.514869
     3     F      -0.000000  -0.496623   0.079620
     4     F       0.000000   0.285350  -0.404322
 
 Mode:     9      Frequency (cm-1):      664.6597     Intensity (km/mol):       86.0021
 Index  Atom      ---- Displacements (x/y/z) ----
     1     B      -0.948332  -0.000000   0.000000
     2     F       0.183182  -0.000000   0.000000
     3     F       0.183182   0.000000   0.000000
     4     F       0.183182   0.000000  -0.000000
 
 Mode:    10      Frequency (cm-1):      852.5239     Intensity (km/mol):        0.0000
 Index  Atom      ---- Displacements (x/y/z) ----
     1     B      -0.000000  -0.000003  -0.000021
     2     F       0.000000   0.500002  -0.288667
     3     F       0.000000  -0.500004  -0.288672
     4     F       0.000000   0.000004   0.577351
 
 Mode:    11      Frequency (cm-1):     1396.4935     Intensity (km/mol):      427.7810
 Index  Atom      ---- Displacements (x/y/z) ----
     1     B      -0.000000   0.070561  -0.913830
     2     F      -0.000000  -0.147319   0.112514
     3     F      -0.000000   0.108649   0.092750
     4     F       0.000000  -0.002219   0.324287
 
 Mode:    12      Frequency (cm-1):     1396.4950     Intensity (km/mol):      427.7815
 Index  Atom      ---- Displacements (x/y/z) ----
     1     B       0.000000  -0.913827  -0.070561
     2     F       0.000000   0.240525  -0.120059
     3     F      -0.000000   0.260291   0.135908
     4     F       0.000000   0.028734   0.025040

PES point character: Geometry corresponds to a local minimum on the PES.




 ============================
 Statistical Thermal Analysis  ***  ideal gas assumed  ***
 ============================
  
 Pressure:                  1.000000 atm.
 Temperature:             298.150000 K



 Moments of Inertia [amu*bohr^2] and principal axis
 ==================================================

         178.4680        178.4680        356.9360
 ------------------------------------------------
           0.0000          0.0000          1.0000
           1.0000          0.0000          0.0000
           0.0000          1.0000          0.0000


 The rotational contribution to the molecular entropy includes
 a term, dependent on the symmetry number sigma. The results 
 reported below were computed using sigma = 6, determined from
 the point group symmetry of the input geometry (D(3H)). 
 If this is not the correct symmetry, try symmetrizing the molecule before
 running the calculation (note: linear molecules should be aligned along one
 of the Cartesian axes).
 Contributions from frequencies below 20 1/cm are not included in vibrational sums.
 Their contributions, if any, are reported separately.


     Temp                                                        Transl      Rotat     Vibrat     Total
     ----                                                        ------      -----     ------     -----

     298.15   Entropy (cal/mol-K):                               38.569     20.385      2.091     61.044
              Nuclear Internal Energy (kcal/mol):                 0.889      0.889      7.927      9.704
              Constant Volume Heat Capacity (cal/mol-K):          2.981      2.981      4.360     10.322
          (c) Constant Volume Heat Capacity (cal/mol-K):          2.981      2.981      4.359     10.320

       Summary of energy terms
                                                   hartree              eV         kcal/mol           kJ/mol
                                      --------------------     -----------       ----------      -----------
      Energy from Engine:               -0.832091716913716        -22.6424          -522.15         -2184.66
      Nuclear Internal Energy:           0.015464705550105          0.4208             9.70            40.60
  (c) Nuclear Internal Energy:           0.015459957298006          0.4207             9.70            40.59
      Internal Energy U:                -0.816627011363612        -22.2216          -512.44         -2144.05
      pV/n = RT:                         0.000944186013486          0.0257             0.59             2.48
      Enthalpy H:                       -0.815682825350126        -22.1959          -511.85         -2141.57
      -T*S:                             -0.029003961258534         -0.7892           -18.20           -76.15
  (c) -T*S:                             -0.029005384312202         -0.7893           -18.20           -76.15
      Gibbs free energy:                -0.844686786608660        -22.9851          -530.05         -2217.72
 
 
 
  (c) The properties marked with this symbol have been corrected using 'low vibrational frequency free rotor
      interpolation corrections'. For those terms all positive frequencies are used (also ones below 20 1/cm),
      but the contribution to the partition function of small vibrational frequencies is modified as described
      in the following paper:
      S. Grimme, 'Supramolecular Binding Thermodynamics by Dispersion-Corrected Density Functional Theory'
      (Chem. Eur. J. 2012, 18, 9955-9964)
      Configuration: Dampener Frequency          :   100.000 1/cm
                     Dampener Alpha              :     4.000
                     Averaging Moment of Inertia : 1.000E-44 kg m2

--------------
Atomic charges
--------------
  Index   Atom    Charge
      1      B    1.4872
      2      F   -0.4957
      3      F   -0.4957
      4      F   -0.4957


Dipole moment vector    (Debye):    -0.00000027   -0.00000000    0.00000850
              magnitude (Debye):     0.00000850


Final PES point is a local minimum. Geometry optimization successful!


AMS application finished. Exiting.
NORMAL TERMINATION
     Total cpu time:     159.76
  Total system time:       3.39
 Total elapsed time:     328.10
 WARNING: total elapsed time is much higher than the (CPU+system) time. 
 Make sure the machine is not oversubscribed and has enough memory, SCM_TMPDIR p
 oints to a fast file system, and the network is fast enough.
