<Jan27-2022> <12:32:13>  AMS 2021.102  RunTime: Jan27-2022 12:32:13  ShM Nodes: 1  Procs: 4
<Jan27-2022> <12:32:13>  ADF 2021.102  RunTime: Jan27-2022 12:32:13  ShM Nodes: 1  Procs: 4
<Jan27-2022> <12:32:13>  *** (NO TITLE) ***
<Jan27-2022> <12:32:13>  Atom coordinates do not satisfy full symmetry (probably due to orientation).
<Jan27-2022> <12:32:13>  Symmetry detected: C(3V)
<Jan27-2022> <12:32:13>  Iteration 1
<Jan27-2022> <12:32:14>  DIRAC 2021.102  RunTime: Jan27-2022 12:32:14  ShM Nodes: 1  Procs: 1
<Jan27-2022> <12:32:14>  Boron (TZ2P)
<Jan27-2022> <12:32:14>  Net Charge: 0 (Nuclei minus Electrons)
<Jan27-2022> <12:32:14>  Symmetry  : ATOM
<Jan27-2022> <12:32:14>  Coordinates
<Jan27-2022> <12:32:14>     Atom         X           Y           Z   (Angstrom)
<Jan27-2022> <12:32:14>     1.B         0.000000    0.000000    0.000000
<Jan27-2022> <12:32:14>  >>>> CORORT
<Jan27-2022> <12:32:14>  >>>> CLSMAT
<Jan27-2022> <12:32:14>  >>>> ORTHON
<Jan27-2022> <12:32:14>  >>>> GENPT
<Jan27-2022> <12:32:14>  Block Length=  76
<Jan27-2022> <12:32:14>  >>>> PTBAS
<Jan27-2022> <12:32:14>  >>>> CYCLE
<Jan27-2022> <12:32:14>              |Error|         MaxErr       Wt(A-DIIS)
<Jan27-2022> <12:32:14>      1      0.00000000      0.00000000
<Jan27-2022> <12:32:14>      2      3.20713362      2.03569268    100.0
<Jan27-2022> <12:32:15>      3      1.02425780      0.87564791    100.0
<Jan27-2022> <12:32:15>      4      0.43534597      0.37294039    100.0
<Jan27-2022> <12:32:15>      5      0.21063772      0.18877869    100.0
<Jan27-2022> <12:32:15>      6      0.06237149      0.05418878     53.7
<Jan27-2022> <12:32:15>      7      0.02201011      0.01944984     18.6
<Jan27-2022> <12:32:15>      8      0.00263783      0.00232448      1.3
<Jan27-2022> <12:32:15>      9      0.00002886      0.00002498      0.0
<Jan27-2022> <12:32:15>     10      0.00000135      0.00000098      0.0
<Jan27-2022> <12:32:15>     11      0.00000002      0.00000001      0.0
<Jan27-2022> <12:32:15>     12      0.00000000      0.00000000      0.0
<Jan27-2022> <12:32:15>  SCF converged
<Jan27-2022> <12:32:15>     13      0.00000000      0.00000000      0.0
<Jan27-2022> <12:32:15>  >>>> POPAN
<Jan27-2022> <12:32:15>  >>>> DEBYE
<Jan27-2022> <12:32:15>  DIRAC 2021.102  RunTime: Jan27-2022 12:32:15  ShM Nodes: 1  Procs: 1
<Jan27-2022> <12:32:15>  Fluorine (TZ2P)
<Jan27-2022> <12:32:15>  Net Charge: 0 (Nuclei minus Electrons)
<Jan27-2022> <12:32:15>  Symmetry  : ATOM
<Jan27-2022> <12:32:15>  Coordinates
<Jan27-2022> <12:32:15>     Atom         X           Y           Z   (Angstrom)
<Jan27-2022> <12:32:15>     1.F         0.000000    0.000000    0.000000
<Jan27-2022> <12:32:15>  >>>> CORORT
<Jan27-2022> <12:32:15>  >>>> CLSMAT
<Jan27-2022> <12:32:15>  >>>> ORTHON
<Jan27-2022> <12:32:15>  >>>> GENPT
<Jan27-2022> <12:32:15>  Block Length=  76
<Jan27-2022> <12:32:16>  >>>> PTBAS
<Jan27-2022> <12:32:16>  >>>> CYCLE
<Jan27-2022> <12:32:16>              |Error|         MaxErr       Wt(A-DIIS)
<Jan27-2022> <12:32:16>      1      0.00000000      0.00000000
<Jan27-2022> <12:32:16>      2     11.39970762      4.85721148    100.0
<Jan27-2022> <12:32:16>      3      5.17310012      3.16632108    100.0
<Jan27-2022> <12:32:16>      4      1.04882283      0.49392043    100.0
<Jan27-2022> <12:32:16>      5      1.72142161      0.84736739    100.0
<Jan27-2022> <12:32:16>      6      0.21842580      0.10780687    100.0
<Jan27-2022> <12:32:16>      7      0.28524155      0.13554881    100.0
<Jan27-2022> <12:32:16>      8      0.02856437      0.01389479     13.0
<Jan27-2022> <12:32:16>      9      0.00489297      0.00234741      1.4
<Jan27-2022> <12:32:16>     10      0.00009261      0.00004462      0.0
<Jan27-2022> <12:32:16>     11      0.00000010      0.00000005      0.0
<Jan27-2022> <12:32:16>     12      0.00000000      0.00000000      0.0
<Jan27-2022> <12:32:16>  SCF converged
<Jan27-2022> <12:32:16>     13      0.00000000      0.00000000      0.0
<Jan27-2022> <12:32:16>  >>>> POPAN
<Jan27-2022> <12:32:16>  >>>> DEBYE
<Jan27-2022> <12:32:16>  *** GOStep1 ***
<Jan27-2022> <12:32:16>  >>>> FRAGM
<Jan27-2022> <12:32:16>  Coordinates
<Jan27-2022> <12:32:16>     Atom         X           Y           Z   (Angstrom)
<Jan27-2022> <12:32:16>     1.B         1.180000    0.000000    0.000000
<Jan27-2022> <12:32:16>     2.F         1.180000    1.135704   -0.655699
<Jan27-2022> <12:32:16>     3.F         1.180000   -1.135704   -0.655699
<Jan27-2022> <12:32:16>     4.F         1.180000    0.000000    1.311398
<Jan27-2022> <12:32:16>  >>>> CORORT
<Jan27-2022> <12:32:16>  >>>> CLSMAT
<Jan27-2022> <12:32:16>  >>>> ORTHON
<Jan27-2022> <12:32:16>  >>>> GENPT
<Jan27-2022> <12:32:17>  Block Length= 128
<Jan27-2022> <12:32:17>  >>>> PTBAS
<Jan27-2022> <12:32:18>  >>>> CYCLE
<Jan27-2022> <12:32:21>              |Error|         MaxErr       Wt(A-DIIS)
<Jan27-2022> <12:32:21>      1      3.95781361      1.10143628
<Jan27-2022> <12:32:23>      2      0.71598977      0.14571242    100.0
<Jan27-2022> <12:32:25>      3      0.33787112      0.07472350    100.0
<Jan27-2022> <12:32:26>      4      0.61264563      0.11814341    100.0
<Jan27-2022> <12:32:29>      5      0.11881871      0.02383398     23.1
<Jan27-2022> <12:32:31>      6      0.02757008      0.00531401      4.4
<Jan27-2022> <12:32:33>      7      0.00182504      0.00033983      0.0
<Jan27-2022> <12:32:35>      8      0.00005496      0.00001102      0.0
<Jan27-2022> <12:32:37>      9      0.00000467      0.00000084      0.0
<Jan27-2022> <12:32:39>  SCF converged
<Jan27-2022> <12:32:40>     10      0.00000045      0.00000014      0.0
<Jan27-2022> <12:32:41>  >>>> TOTEN
<Jan27-2022> <12:32:44>  >>>> POPAN
<Jan27-2022> <12:32:44>  >>>> DEBYE
<Jan27-2022> <12:32:44>  >>>> ENGRAD
<Jan27-2022> <12:32:48>  current energy                               -0.83160891 Hartree
<Jan27-2022> <12:32:48>  energy change                      -0.83160891     0.00004000    F
<Jan27-2022> <12:32:48>  constrained gradient max            0.02510179     0.00100000    F
<Jan27-2022> <12:32:48>  constrained gradient rms            0.01255089     0.00066667    F
<Jan27-2022> <12:32:48>  gradient max                        0.02510179
<Jan27-2022> <12:32:48>  gradient rms                        0.01255089
<Jan27-2022> <12:32:48>  cart. step max                      0.01211906     0.01000000    F
<Jan27-2022> <12:32:48>  cart. step rms                      0.00605953     0.00666667    T
<Jan27-2022> <12:32:48>  Iteration 2
<Jan27-2022> <12:32:48>  *** GOStep2 ***
<Jan27-2022> <12:32:48>  >>>> FRAGM
<Jan27-2022> <12:32:48>  Coordinates
<Jan27-2022> <12:32:48>     Atom         X           Y           Z   (Angstrom)
<Jan27-2022> <12:32:48>     1.B         1.180000   -0.000000    0.000000
<Jan27-2022> <12:32:48>     2.F         1.180000    1.146199   -0.661758
<Jan27-2022> <12:32:48>     3.F         1.180000   -1.146199   -0.661758
<Jan27-2022> <12:32:48>     4.F         1.180000    0.000000    1.323517
<Jan27-2022> <12:32:48>  >>>> CORORT
<Jan27-2022> <12:32:48>  >>>> CLSMAT
<Jan27-2022> <12:32:48>  >>>> ORTHON
<Jan27-2022> <12:32:48>  >>>> GENPT
<Jan27-2022> <12:32:49>  Block Length= 128
<Jan27-2022> <12:32:49>  >>>> PTBAS
<Jan27-2022> <12:32:50>  >>>> CYCLE
<Jan27-2022> <12:32:52>  using orbital data from restart file
<Jan27-2022> <12:32:54>              |Error|         MaxErr       Wt(A-DIIS)
<Jan27-2022> <12:32:54>      1      0.06237680      0.01867574
<Jan27-2022> <12:32:56>      2      0.01507844      0.00234181    100.0
<Jan27-2022> <12:32:58>      3      0.02495854      0.00421301    100.0
<Jan27-2022> <12:33:00>      4      0.00427420      0.00067884      0.0
<Jan27-2022> <12:33:02>      5      0.00030102      0.00006657      0.0
<Jan27-2022> <12:33:04>      6      0.00000890      0.00000227      0.0
<Jan27-2022> <12:33:06>      7      0.00000283      0.00000061      0.0
<Jan27-2022> <12:33:06>  SCF converged
<Jan27-2022> <12:33:07>      8      0.00000283      0.00000079      0.0
<Jan27-2022> <12:33:08>  >>>> TOTEN
<Jan27-2022> <12:33:11>  >>>> POPAN
<Jan27-2022> <12:33:11>  >>>> DEBYE
<Jan27-2022> <12:33:11>  >>>> ENGRAD
<Jan27-2022> <12:33:14>  current energy                               -0.83208975 Hartree
<Jan27-2022> <12:33:14>  energy change                      -0.00048084     0.00004000    F
<Jan27-2022> <12:33:14>  constrained gradient max            0.00147267     0.00100000    F
<Jan27-2022> <12:33:14>  constrained gradient rms            0.00073633     0.00066667    F
<Jan27-2022> <12:33:14>  gradient max                        0.00147267
<Jan27-2022> <12:33:14>  gradient rms                        0.00073633
<Jan27-2022> <12:33:14>  cart. step max                      0.00075531     0.01000000    T
<Jan27-2022> <12:33:14>  cart. step rms                      0.00037766     0.00666667    T
<Jan27-2022> <12:33:14>  Iteration 3
<Jan27-2022> <12:33:15>  *** GOStep3 ***
<Jan27-2022> <12:33:15>  >>>> FRAGM
<Jan27-2022> <12:33:15>  Coordinates
<Jan27-2022> <12:33:15>     Atom         X           Y           Z   (Angstrom)
<Jan27-2022> <12:33:15>     1.B         1.180000   -0.000000    0.000000
<Jan27-2022> <12:33:15>     2.F         1.180000    1.146853   -0.662136
<Jan27-2022> <12:33:15>     3.F         1.180000   -1.146853   -0.662136
<Jan27-2022> <12:33:15>     4.F         1.180000    0.000000    1.324272
<Jan27-2022> <12:33:15>  >>>> CORORT
<Jan27-2022> <12:33:15>  >>>> CLSMAT
<Jan27-2022> <12:33:15>  >>>> ORTHON
<Jan27-2022> <12:33:15>  >>>> GENPT
<Jan27-2022> <12:33:15>  Block Length= 128
<Jan27-2022> <12:33:15>  >>>> PTBAS
<Jan27-2022> <12:33:16>  >>>> CYCLE
<Jan27-2022> <12:33:19>  using orbital data from restart file
<Jan27-2022> <12:33:20>              |Error|         MaxErr       Wt(A-DIIS)
<Jan27-2022> <12:33:20>      1      0.00385786      0.00115240
<Jan27-2022> <12:33:22>      2      0.00093002      0.00014180    100.0
<Jan27-2022> <12:33:24>      3      0.00153034      0.00025577    100.0
<Jan27-2022> <12:33:26>      4      0.00025190      0.00004314      0.0
<Jan27-2022> <12:33:28>      5      0.00001804      0.00000390      0.0
<Jan27-2022> <12:33:30>      6      0.00000058      0.00000014      0.0
<Jan27-2022> <12:33:31>  SCF converged
<Jan27-2022> <12:33:32>      7      0.00000026      0.00000007      0.0
<Jan27-2022> <12:33:33>  >>>> TOTEN
<Jan27-2022> <12:33:37>  >>>> POPAN
<Jan27-2022> <12:33:37>  >>>> DEBYE
<Jan27-2022> <12:33:37>  >>>> ENGRAD
<Jan27-2022> <12:33:41>  current energy                               -0.83209172 Hartree
<Jan27-2022> <12:33:41>  energy change                      -0.00000197     0.00004000    T
<Jan27-2022> <12:33:41>  constrained gradient max            0.00005698     0.00100000    T
<Jan27-2022> <12:33:41>  constrained gradient rms            0.00002849     0.00066667    T
<Jan27-2022> <12:33:41>  gradient max                        0.00005698
<Jan27-2022> <12:33:41>  gradient rms                        0.00002849
<Jan27-2022> <12:33:41>  cart. step max                      0.00003040     0.01000000    T
<Jan27-2022> <12:33:41>  cart. step rms                      0.00001520     0.00666667    T
<Jan27-2022> <12:33:41>  Geometry optimization converged
<Jan27-2022> <12:33:41>  *** adf ***
<Jan27-2022> <12:33:42>  Net Charge: 0 (Nuclei minus Electrons)
<Jan27-2022> <12:33:42>  Symmetry  : NOSYM
<Jan27-2022> <12:33:42>  >>>> FRAGM
<Jan27-2022> <12:33:42>  Coordinates
<Jan27-2022> <12:33:42>     Atom         X           Y           Z   (Angstrom)
<Jan27-2022> <12:33:42>     1.B         1.180000   -0.000000    0.000000
<Jan27-2022> <12:33:42>     2.F         1.180000    1.146853   -0.662136
<Jan27-2022> <12:33:42>     3.F         1.180000   -1.146853   -0.662136
<Jan27-2022> <12:33:42>     4.F         1.180000    0.000000    1.324272
<Jan27-2022> <12:33:42>  >>>> CORORT
<Jan27-2022> <12:33:42>  >>>> CLSMAT
<Jan27-2022> <12:33:42>  >>>> ORTHON
<Jan27-2022> <12:33:43>  >>>> GENPT
<Jan27-2022> <12:33:43>  Block Length= 128
<Jan27-2022> <12:33:43>  >>>> PTBAS
<Jan27-2022> <12:33:44>  >>>> CYCLE
<Jan27-2022> <12:33:47>  using orbital data from restart file
<Jan27-2022> <12:33:48>              |Error|         MaxErr       Wt(A-DIIS)
<Jan27-2022> <12:33:48>      1      0.00000023      0.00000006
<Jan27-2022> <12:33:51>      2      0.00000046      0.00000012    100.0
<Jan27-2022> <12:33:52>  SCF converged
<Jan27-2022> <12:33:53>      3      0.00000018      0.00000005    100.0
<Jan27-2022> <12:33:55>  >>>> TOTEN
<Jan27-2022> <12:34:00>  >>>> POPAN
<Jan27-2022> <12:34:00>  >>>> DEBYE
<Jan27-2022> <12:34:00>  >>>> AMETS
<Jan27-2022> <12:34:00>   Bond Energy          -0.83209172 a.u.
<Jan27-2022> <12:34:00>   Bond Energy         -22.64236767 eV
<Jan27-2022> <12:34:00>   Bond Energy        -522.15       kcal/mol
<Jan27-2022> <12:34:00>  >>>> POPUL
<Jan27-2022> <12:34:00>  >>>> ENGRAD
<Jan27-2022> <12:34:04>  >>>> ENHESS
<Jan27-2022> <12:34:06>  === NUCLEUS:     1
<Jan27-2022> <12:34:55>  === NUCLEUS:     2
<Jan27-2022> <12:35:49>  === NUCLEUS:     3
<Jan27-2022> <12:36:43>  === NUCLEUS:     4
<Jan27-2022> <12:37:31>  >>>> CALC_HESS_PMAT
<Jan27-2022> <12:37:39>  >>>> CALC_HESS_WMAT
<Jan27-2022> <12:37:40>  PES point character: Geometry corresponds to a local minimum on the PES.
<Jan27-2022> <12:37:40>  Geometry optimization successful!
<Jan27-2022> <12:37:40>  WARNING: total elapsed time is much higher than the (CPU+system) time.
<Jan27-2022> <12:37:40>  Make sure the machine is not oversubscribed and has enough memory, SCM_TMPDIR points to a fast file system, and the network is fast enough.
<Jan27-2022> <12:37:40>  NORMAL TERMINATION
