<Jan19-2022> <20:21:35>  AMS 2021.102  RunTime: Jan19-2022 20:21:35  ShM Nodes: 1  Procs: 4
<Jan19-2022> <20:21:35>  Iteration 1
<Jan19-2022> <20:21:35>  current energy                              -16.77200920 Hartree
<Jan19-2022> <20:21:35>  energy change                     -16.77200920     0.00012000    F
<Jan19-2022> <20:21:35>  constrained gradient max            0.05636578     0.00100000    F
<Jan19-2022> <20:21:35>  constrained gradient rms            0.01640816     0.00066667    F
<Jan19-2022> <20:21:35>  gradient max                        0.05636578
<Jan19-2022> <20:21:35>  gradient rms                        0.01640816
<Jan19-2022> <20:21:35>  cart. step max                      0.03009359     0.01000000    F
<Jan19-2022> <20:21:35>  cart. step rms                      0.01112767     0.00666667    F
<Jan19-2022> <20:21:35>  Iteration 2
<Jan19-2022> <20:21:35>  current energy                              -16.77378564 Hartree
<Jan19-2022> <20:21:35>  energy change                      -0.00177644     0.00012000    F
<Jan19-2022> <20:21:35>  constrained gradient max            0.02191156     0.00100000    F
<Jan19-2022> <20:21:35>  constrained gradient rms            0.00659180     0.00066667    F
<Jan19-2022> <20:21:35>  gradient max                        0.02191156
<Jan19-2022> <20:21:35>  gradient rms                        0.00659180
<Jan19-2022> <20:21:35>  cart. step max                      0.02135888     0.01000000    F
<Jan19-2022> <20:21:35>  cart. step rms                      0.00732314     0.00666667    F
<Jan19-2022> <20:21:35>  Iteration 3
<Jan19-2022> <20:21:35>  current energy                              -16.77435450 Hartree
<Jan19-2022> <20:21:35>  energy change                      -0.00056886     0.00012000    F
<Jan19-2022> <20:21:35>  constrained gradient max            0.02376377     0.00100000    F
<Jan19-2022> <20:21:35>  constrained gradient rms            0.00563257     0.00066667    F
<Jan19-2022> <20:21:35>  gradient max                        0.02376377
<Jan19-2022> <20:21:35>  gradient rms                        0.00563257
<Jan19-2022> <20:21:35>  cart. step max                      0.02086703     0.01000000    F
<Jan19-2022> <20:21:35>  cart. step rms                      0.00929420     0.00666667    F
<Jan19-2022> <20:21:35>  Iteration 4
<Jan19-2022> <20:21:35>  current energy                              -16.77506076 Hartree
<Jan19-2022> <20:21:35>  energy change                      -0.00070626     0.00012000    F
<Jan19-2022> <20:21:35>  constrained gradient max            0.02685480     0.00100000    F
<Jan19-2022> <20:21:35>  constrained gradient rms            0.00791630     0.00066667    F
<Jan19-2022> <20:21:35>  gradient max                        0.02685480
<Jan19-2022> <20:21:35>  gradient rms                        0.00791630
<Jan19-2022> <20:21:35>  cart. step max                      0.02723122     0.01000000    F
<Jan19-2022> <20:21:35>  cart. step rms                      0.01063902     0.00666667    F
<Jan19-2022> <20:21:35>  Iteration 5
<Jan19-2022> <20:21:35>  current energy                              -16.77624591 Hartree
<Jan19-2022> <20:21:35>  energy change                      -0.00118515     0.00012000    F
<Jan19-2022> <20:21:35>  constrained gradient max            0.03106011     0.00100000    F
<Jan19-2022> <20:21:35>  constrained gradient rms            0.01055177     0.00066667    F
<Jan19-2022> <20:21:35>  gradient max                        0.03106011
<Jan19-2022> <20:21:35>  gradient rms                        0.01055177
<Jan19-2022> <20:21:35>  cart. step max                      0.05361298     0.01000000    F
<Jan19-2022> <20:21:35>  cart. step rms                      0.02020985     0.00666667    F
<Jan19-2022> <20:21:35>  Iteration 6
<Jan19-2022> <20:21:35>  current energy                              -16.77977502 Hartree
<Jan19-2022> <20:21:35>  energy change                      -0.00352911     0.00012000    F
<Jan19-2022> <20:21:35>  constrained gradient max            0.04326934     0.00100000    F
<Jan19-2022> <20:21:35>  constrained gradient rms            0.01457218     0.00066667    F
<Jan19-2022> <20:21:35>  gradient max                        0.04326934
<Jan19-2022> <20:21:35>  gradient rms                        0.01457218
<Jan19-2022> <20:21:35>  cart. step max                      0.10465645     0.01000000    F
<Jan19-2022> <20:21:35>  cart. step rms                      0.03891768     0.00666667    F
<Jan19-2022> <20:21:35>  Iteration 7
<Jan19-2022> <20:21:36>  current energy                              -16.79164144 Hartree
<Jan19-2022> <20:21:36>  energy change                      -0.01186642     0.00012000    F
<Jan19-2022> <20:21:36>  constrained gradient max            0.08474877     0.00100000    F
<Jan19-2022> <20:21:36>  constrained gradient rms            0.02282140     0.00066667    F
<Jan19-2022> <20:21:36>  gradient max                        0.08474877
<Jan19-2022> <20:21:36>  gradient rms                        0.02282140
<Jan19-2022> <20:21:36>  cart. step max                      0.12307621     0.01000000    F
<Jan19-2022> <20:21:36>  cart. step rms                      0.04318725     0.00666667    F
<Jan19-2022> <20:21:36>  Iteration 8
<Jan19-2022> <20:21:36>  current energy                              -16.81521533 Hartree
<Jan19-2022> <20:21:36>  energy change                      -0.02357389     0.00012000    F
<Jan19-2022> <20:21:36>  constrained gradient max            0.12694770     0.00100000    F
<Jan19-2022> <20:21:36>  constrained gradient rms            0.03003902     0.00066667    F
<Jan19-2022> <20:21:36>  gradient max                        0.12694770
<Jan19-2022> <20:21:36>  gradient rms                        0.03003902
<Jan19-2022> <20:21:36>  cart. step max                      0.21177414     0.01000000    F
<Jan19-2022> <20:21:36>  cart. step rms                      0.08180260     0.00666667    F
<Jan19-2022> <20:21:36>  Iteration 9
<Jan19-2022> <20:21:36>  current energy                              -16.84197916 Hartree
<Jan19-2022> <20:21:36>  energy change                      -0.02676384     0.00012000    F
<Jan19-2022> <20:21:36>  constrained gradient max            0.06829745     0.00100000    F
<Jan19-2022> <20:21:36>  constrained gradient rms            0.01513166     0.00066667    F
<Jan19-2022> <20:21:36>  gradient max                        0.06829745
<Jan19-2022> <20:21:36>  gradient rms                        0.01513166
<Jan19-2022> <20:21:36>  cart. step max                      0.14069455     0.01000000    F
<Jan19-2022> <20:21:36>  cart. step rms                      0.05329640     0.00666667    F
<Jan19-2022> <20:21:36>  Iteration 10
<Jan19-2022> <20:21:36>  current energy                              -16.83424069 Hartree
<Jan19-2022> <20:21:36>  energy change                       0.00773848     0.00012000    F
<Jan19-2022> <20:21:36>  constrained gradient max            0.11580746     0.00100000    F
<Jan19-2022> <20:21:36>  constrained gradient rms            0.02658371     0.00066667    F
<Jan19-2022> <20:21:36>  gradient max                        0.11580746
<Jan19-2022> <20:21:36>  gradient rms                        0.02658371
<Jan19-2022> <20:21:36>  cart. step max                      0.02940758     0.01000000    F
<Jan19-2022> <20:21:36>  cart. step rms                      0.01267841     0.00666667    F
<Jan19-2022> <20:21:36>  Iteration 11
<Jan19-2022> <20:21:36>  current energy                              -16.83967198 Hartree
<Jan19-2022> <20:21:36>  energy change                      -0.00543130     0.00012000    F
<Jan19-2022> <20:21:36>  constrained gradient max            0.10075595     0.00100000    F
<Jan19-2022> <20:21:36>  constrained gradient rms            0.02265489     0.00066667    F
<Jan19-2022> <20:21:36>  gradient max                        0.10075595
<Jan19-2022> <20:21:36>  gradient rms                        0.02265489
<Jan19-2022> <20:21:36>  cart. step max                      0.05447887     0.01000000    F
<Jan19-2022> <20:21:36>  cart. step rms                      0.02163443     0.00666667    F
<Jan19-2022> <20:21:36>  Iteration 12
<Jan19-2022> <20:21:36>  current energy                              -16.84573818 Hartree
<Jan19-2022> <20:21:36>  energy change                      -0.00606620     0.00012000    F
<Jan19-2022> <20:21:36>  constrained gradient max            0.03999492     0.00100000    F
<Jan19-2022> <20:21:36>  constrained gradient rms            0.00945620     0.00066667    F
<Jan19-2022> <20:21:36>  gradient max                        0.03999492
<Jan19-2022> <20:21:36>  gradient rms                        0.00945620
<Jan19-2022> <20:21:36>  cart. step max                      0.03465758     0.01000000    F
<Jan19-2022> <20:21:36>  cart. step rms                      0.01140850     0.00666667    F
<Jan19-2022> <20:21:36>  Iteration 13
<Jan19-2022> <20:21:36>  current energy                              -16.84659432 Hartree
<Jan19-2022> <20:21:36>  energy change                      -0.00085614     0.00012000    F
<Jan19-2022> <20:21:36>  constrained gradient max            0.01390669     0.00100000    F
<Jan19-2022> <20:21:36>  constrained gradient rms            0.00554719     0.00066667    F
<Jan19-2022> <20:21:36>  gradient max                        0.01390669
<Jan19-2022> <20:21:36>  gradient rms                        0.00554719
<Jan19-2022> <20:21:36>  cart. step max                      0.05048819     0.01000000    F
<Jan19-2022> <20:21:36>  cart. step rms                      0.01572744     0.00666667    F
<Jan19-2022> <20:21:36>  Iteration 14
<Jan19-2022> <20:21:36>  current energy                              -16.84698453 Hartree
<Jan19-2022> <20:21:36>  energy change                      -0.00039021     0.00012000    F
<Jan19-2022> <20:21:36>  constrained gradient max            0.02763068     0.00100000    F
<Jan19-2022> <20:21:36>  constrained gradient rms            0.00703107     0.00066667    F
<Jan19-2022> <20:21:36>  gradient max                        0.02763068
<Jan19-2022> <20:21:36>  gradient rms                        0.00703107
<Jan19-2022> <20:21:36>  cart. step max                      0.05449229     0.01000000    F
<Jan19-2022> <20:21:36>  cart. step rms                      0.02088353     0.00666667    F
<Jan19-2022> <20:21:36>  Iteration 15
<Jan19-2022> <20:21:36>  current energy                              -16.84779647 Hartree
<Jan19-2022> <20:21:36>  energy change                      -0.00081194     0.00012000    F
<Jan19-2022> <20:21:36>  constrained gradient max            0.00467647     0.00100000    F
<Jan19-2022> <20:21:36>  constrained gradient rms            0.00184746     0.00066667    F
<Jan19-2022> <20:21:36>  gradient max                        0.00467647
<Jan19-2022> <20:21:36>  gradient rms                        0.00184746
<Jan19-2022> <20:21:36>  cart. step max                      0.01374615     0.01000000    F
<Jan19-2022> <20:21:36>  cart. step rms                      0.00484129     0.00666667    T
<Jan19-2022> <20:21:36>  Iteration 16
<Jan19-2022> <20:21:36>  current energy                              -16.84785642 Hartree
<Jan19-2022> <20:21:36>  energy change                      -0.00005995     0.00012000    T
<Jan19-2022> <20:21:36>  constrained gradient max            0.00384980     0.00100000    F
<Jan19-2022> <20:21:36>  constrained gradient rms            0.00080246     0.00066667    F
<Jan19-2022> <20:21:36>  gradient max                        0.00384980
<Jan19-2022> <20:21:36>  gradient rms                        0.00080246
<Jan19-2022> <20:21:36>  cart. step max                      0.00935619     0.01000000    T
<Jan19-2022> <20:21:36>  cart. step rms                      0.00268460     0.00666667    T
<Jan19-2022> <20:21:36>  Iteration 17
<Jan19-2022> <20:21:36>  current energy                              -16.84787221 Hartree
<Jan19-2022> <20:21:36>  energy change                      -0.00001579     0.00012000    T
<Jan19-2022> <20:21:36>  constrained gradient max            0.00186182     0.00100000    F
<Jan19-2022> <20:21:36>  constrained gradient rms            0.00039895     0.00066667    T
<Jan19-2022> <20:21:36>  gradient max                        0.00186182
<Jan19-2022> <20:21:36>  gradient rms                        0.00039895
<Jan19-2022> <20:21:36>  cart. step max                      0.03734718     0.01000000    F
<Jan19-2022> <20:21:36>  cart. step rms                      0.01127887     0.00666667    F
<Jan19-2022> <20:21:36>  Iteration 18
<Jan19-2022> <20:21:36>  current energy                              -16.84790509 Hartree
<Jan19-2022> <20:21:36>  energy change                      -0.00003288     0.00012000    T
<Jan19-2022> <20:21:36>  constrained gradient max            0.00301225     0.00100000    F
<Jan19-2022> <20:21:36>  constrained gradient rms            0.00084671     0.00066667    F
<Jan19-2022> <20:21:36>  gradient max                        0.00301225
<Jan19-2022> <20:21:36>  gradient rms                        0.00084671
<Jan19-2022> <20:21:36>  cart. step max                      0.03631030     0.01000000    F
<Jan19-2022> <20:21:36>  cart. step rms                      0.01111133     0.00666667    F
<Jan19-2022> <20:21:36>  Iteration 19
<Jan19-2022> <20:21:36>  current energy                              -16.84792751 Hartree
<Jan19-2022> <20:21:36>  energy change                      -0.00002242     0.00012000    T
<Jan19-2022> <20:21:36>  constrained gradient max            0.00503075     0.00100000    F
<Jan19-2022> <20:21:36>  constrained gradient rms            0.00122841     0.00066667    F
<Jan19-2022> <20:21:36>  gradient max                        0.00503075
<Jan19-2022> <20:21:36>  gradient rms                        0.00122841
<Jan19-2022> <20:21:36>  cart. step max                      0.08717062     0.01000000    F
<Jan19-2022> <20:21:36>  cart. step rms                      0.02662527     0.00666667    F
<Jan19-2022> <20:21:36>  Iteration 20
<Jan19-2022> <20:21:36>  current energy                              -16.84797017 Hartree
<Jan19-2022> <20:21:36>  energy change                      -0.00004266     0.00012000    T
<Jan19-2022> <20:21:36>  constrained gradient max            0.00669198     0.00100000    F
<Jan19-2022> <20:21:36>  constrained gradient rms            0.00147162     0.00066667    F
<Jan19-2022> <20:21:36>  gradient max                        0.00669198
<Jan19-2022> <20:21:36>  gradient rms                        0.00147162
<Jan19-2022> <20:21:36>  cart. step max                      0.07413583     0.01000000    F
<Jan19-2022> <20:21:36>  cart. step rms                      0.02288578     0.00666667    F
<Jan19-2022> <20:21:36>  Iteration 21
<Jan19-2022> <20:21:36>  current energy                              -16.84800443 Hartree
<Jan19-2022> <20:21:36>  energy change                      -0.00003426     0.00012000    T
<Jan19-2022> <20:21:36>  constrained gradient max            0.00549482     0.00100000    F
<Jan19-2022> <20:21:36>  constrained gradient rms            0.00117738     0.00066667    F
<Jan19-2022> <20:21:36>  gradient max                        0.00549482
<Jan19-2022> <20:21:36>  gradient rms                        0.00117738
<Jan19-2022> <20:21:36>  cart. step max                      0.07483773     0.01000000    F
<Jan19-2022> <20:21:36>  cart. step rms                      0.02376815     0.00666667    F
<Jan19-2022> <20:21:36>  Iteration 22
<Jan19-2022> <20:21:36>  current energy                              -16.84804276 Hartree
<Jan19-2022> <20:21:36>  energy change                      -0.00003834     0.00012000    T
<Jan19-2022> <20:21:36>  constrained gradient max            0.00205756     0.00100000    F
<Jan19-2022> <20:21:36>  constrained gradient rms            0.00076208     0.00066667    F
<Jan19-2022> <20:21:36>  gradient max                        0.00205756
<Jan19-2022> <20:21:36>  gradient rms                        0.00076208
<Jan19-2022> <20:21:36>  cart. step max                      0.05394237     0.01000000    F
<Jan19-2022> <20:21:36>  cart. step rms                      0.01814349     0.00666667    F
<Jan19-2022> <20:21:36>  Iteration 23
<Jan19-2022> <20:21:36>  current energy                              -16.84807529 Hartree
<Jan19-2022> <20:21:36>  energy change                      -0.00003252     0.00012000    T
<Jan19-2022> <20:21:36>  constrained gradient max            0.00387372     0.00100000    F
<Jan19-2022> <20:21:36>  constrained gradient rms            0.00094753     0.00066667    F
<Jan19-2022> <20:21:36>  gradient max                        0.00387372
<Jan19-2022> <20:21:36>  gradient rms                        0.00094753
<Jan19-2022> <20:21:36>  cart. step max                      0.05938216     0.01000000    F
<Jan19-2022> <20:21:36>  cart. step rms                      0.02082931     0.00666667    F
<Jan19-2022> <20:21:36>  Iteration 24
<Jan19-2022> <20:21:36>  current energy                              -16.84810799 Hartree
<Jan19-2022> <20:21:36>  energy change                      -0.00003270     0.00012000    T
<Jan19-2022> <20:21:36>  constrained gradient max            0.00408447     0.00100000    F
<Jan19-2022> <20:21:36>  constrained gradient rms            0.00110990     0.00066667    F
<Jan19-2022> <20:21:36>  gradient max                        0.00408447
<Jan19-2022> <20:21:36>  gradient rms                        0.00110990
<Jan19-2022> <20:21:36>  cart. step max                      0.05539663     0.01000000    F
<Jan19-2022> <20:21:36>  cart. step rms                      0.01998150     0.00666667    F
<Jan19-2022> <20:21:36>  Iteration 25
<Jan19-2022> <20:21:37>  current energy                              -16.84813250 Hartree
<Jan19-2022> <20:21:37>  energy change                      -0.00002451     0.00012000    T
<Jan19-2022> <20:21:37>  constrained gradient max            0.00260023     0.00100000    F
<Jan19-2022> <20:21:37>  constrained gradient rms            0.00080968     0.00066667    F
<Jan19-2022> <20:21:37>  gradient max                        0.00260023
<Jan19-2022> <20:21:37>  gradient rms                        0.00080968
<Jan19-2022> <20:21:37>  cart. step max                      0.02718150     0.01000000    F
<Jan19-2022> <20:21:37>  cart. step rms                      0.01016694     0.00666667    F
<Jan19-2022> <20:21:37>  Iteration 26
<Jan19-2022> <20:21:37>  current energy                              -16.84814274 Hartree
<Jan19-2022> <20:21:37>  energy change                      -0.00001024     0.00012000    T
<Jan19-2022> <20:21:37>  constrained gradient max            0.00082705     0.00100000    T
<Jan19-2022> <20:21:37>  constrained gradient rms            0.00033001     0.00066667    T
<Jan19-2022> <20:21:37>  gradient max                        0.00082705
<Jan19-2022> <20:21:37>  gradient rms                        0.00033001
<Jan19-2022> <20:21:37>  cart. step max                      0.00569393     0.01000000    T
<Jan19-2022> <20:21:37>  cart. step rms                      0.00221126     0.00666667    T
<Jan19-2022> <20:21:37>  Geometry optimization converged
<Jan19-2022> <20:21:37>  DFTB: SCC cycle
<Jan19-2022> <20:21:37>      Cycle:   1, MaxQDiff:   0.000000005061, PartialEnergy:     -17.0474399700, Used mix:   0.150 nvec:    0
<Jan19-2022> <20:21:37>  SCC cycle converged!
<Jan19-2022> <20:21:37>  NORMAL TERMINATION
