<Jan23-2022> <05:55:39>  AMS 2021.102  RunTime: Jan23-2022 05:55:39  ShM Nodes: 1  Procs: 4
<Jan23-2022> <05:55:40>  ADF 2021.102  RunTime: Jan23-2022 05:55:40  ShM Nodes: 1  Procs: 4
<Jan23-2022> <05:55:40>  *** (NO TITLE) ***
<Jan23-2022> <05:55:40>  Iteration 1
<Jan23-2022> <05:55:41>  DIRAC 2021.102  RunTime: Jan23-2022 05:55:41  ShM Nodes: 1  Procs: 1
<Jan23-2022> <05:55:41>  Hydrogen (TZ2P)
<Jan23-2022> <05:55:41>  Net Charge: 0 (Nuclei minus Electrons)
<Jan23-2022> <05:55:41>  Symmetry  : ATOM
<Jan23-2022> <05:55:41>  Coordinates
<Jan23-2022> <05:55:41>     Atom         X           Y           Z   (Angstrom)
<Jan23-2022> <05:55:41>     1.H         0.000000    0.000000    0.000000
<Jan23-2022> <05:55:41>  >>>> CORORT
<Jan23-2022> <05:55:41>  >>>> CLSMAT
<Jan23-2022> <05:55:41>  >>>> ORTHON
<Jan23-2022> <05:55:41>  >>>> GENPT
<Jan23-2022> <05:55:41>  Block Length=  64
<Jan23-2022> <05:55:41>  >>>> PTBAS
<Jan23-2022> <05:55:41>  >>>> CYCLE
<Jan23-2022> <05:55:41>              |Error|         MaxErr       Wt(A-DIIS)
<Jan23-2022> <05:55:41>      1      0.00000000      0.00000000
<Jan23-2022> <05:55:41>      2      0.03080019      0.02591482
<Jan23-2022> <05:55:41>      3      0.01140383      0.01135775    100.0
<Jan23-2022> <05:55:41>      4      0.00327656      0.00327407      2.3
<Jan23-2022> <05:55:41>      5      0.00010041      0.00009754      0.0
<Jan23-2022> <05:55:41>      6      0.00000525      0.00000504      0.0
<Jan23-2022> <05:55:41>      7      0.00000007      0.00000007      0.0
<Jan23-2022> <05:55:41>      8      0.00000000      0.00000000      0.0
<Jan23-2022> <05:55:41>  SCF converged
<Jan23-2022> <05:55:41>      9      0.00000000      0.00000000      0.0
<Jan23-2022> <05:55:41>  >>>> POPAN
<Jan23-2022> <05:55:41>  >>>> DEBYE
<Jan23-2022> <05:55:42>  DIRAC 2021.102  RunTime: Jan23-2022 05:55:42  ShM Nodes: 1  Procs: 1
<Jan23-2022> <05:55:42>  Carbon (TZ2P)
<Jan23-2022> <05:55:42>  Net Charge: 0 (Nuclei minus Electrons)
<Jan23-2022> <05:55:42>  Symmetry  : ATOM
<Jan23-2022> <05:55:42>  Coordinates
<Jan23-2022> <05:55:42>     Atom         X           Y           Z   (Angstrom)
<Jan23-2022> <05:55:42>     1.C         0.000000    0.000000    0.000000
<Jan23-2022> <05:55:42>  >>>> CORORT
<Jan23-2022> <05:55:42>  >>>> CLSMAT
<Jan23-2022> <05:55:42>  >>>> ORTHON
<Jan23-2022> <05:55:42>  >>>> GENPT
<Jan23-2022> <05:55:42>  Block Length=  72
<Jan23-2022> <05:55:42>  >>>> PTBAS
<Jan23-2022> <05:55:42>  >>>> CYCLE
<Jan23-2022> <05:55:42>              |Error|         MaxErr       Wt(A-DIIS)
<Jan23-2022> <05:55:42>      1      0.00000000      0.00000000
<Jan23-2022> <05:55:42>      2      4.48405934      3.32161898    100.0
<Jan23-2022> <05:55:42>      3      1.60718414      1.28408746    100.0
<Jan23-2022> <05:55:42>      4      0.76426456      0.62272052    100.0
<Jan23-2022> <05:55:42>      5      0.36119063      0.28553990    100.0
<Jan23-2022> <05:55:42>      6      0.14821424      0.11559867    100.0
<Jan23-2022> <05:55:42>      7      0.10108424      0.07867111     78.5
<Jan23-2022> <05:55:42>      8      0.01786531      0.01387049     13.0
<Jan23-2022> <05:55:42>      9      0.00195746      0.00153262      0.5
<Jan23-2022> <05:55:42>     10      0.00001058      0.00000730      0.0
<Jan23-2022> <05:55:43>     11      0.00000047      0.00000027      0.0
<Jan23-2022> <05:55:43>     12      0.00000003      0.00000002      0.0
<Jan23-2022> <05:55:43>     13      0.00000000      0.00000000      0.0
<Jan23-2022> <05:55:43>  SCF converged
<Jan23-2022> <05:55:43>     14      0.00000000      0.00000000      0.0
<Jan23-2022> <05:55:43>  >>>> POPAN
<Jan23-2022> <05:55:43>  >>>> DEBYE
<Jan23-2022> <05:55:43>  DIRAC 2021.102  RunTime: Jan23-2022 05:55:43  ShM Nodes: 1  Procs: 1
<Jan23-2022> <05:55:43>  Oxygen (TZ2P)
<Jan23-2022> <05:55:43>  Net Charge: 0 (Nuclei minus Electrons)
<Jan23-2022> <05:55:43>  Symmetry  : ATOM
<Jan23-2022> <05:55:43>  Coordinates
<Jan23-2022> <05:55:43>     Atom         X           Y           Z   (Angstrom)
<Jan23-2022> <05:55:43>     1.O         0.000000    0.000000    0.000000
<Jan23-2022> <05:55:43>  >>>> CORORT
<Jan23-2022> <05:55:43>  >>>> CLSMAT
<Jan23-2022> <05:55:43>  >>>> ORTHON
<Jan23-2022> <05:55:43>  >>>> GENPT
<Jan23-2022> <05:55:43>  Block Length=  68
<Jan23-2022> <05:55:43>  >>>> PTBAS
<Jan23-2022> <05:55:43>  >>>> CYCLE
<Jan23-2022> <05:55:44>              |Error|         MaxErr       Wt(A-DIIS)
<Jan23-2022> <05:55:44>      1      0.00000000      0.00000000
<Jan23-2022> <05:55:44>      2      8.77210307      5.53374266    100.0
<Jan23-2022> <05:55:44>      3      3.60058093      2.49154808    100.0
<Jan23-2022> <05:55:44>      4      1.20505529      0.62472425    100.0
<Jan23-2022> <05:55:44>      5      1.46502638      0.81213311    100.0
<Jan23-2022> <05:55:44>      6      0.15089362      0.09131786     91.2
<Jan23-2022> <05:55:44>      7      0.14397311      0.08251182     82.3
<Jan23-2022> <05:55:44>      8      0.00183259      0.00123681      0.2
<Jan23-2022> <05:55:44>      9      0.00015629      0.00008105      0.0
<Jan23-2022> <05:55:44>     10      0.00001324      0.00000629      0.0
<Jan23-2022> <05:55:44>     11      0.00000006      0.00000003      0.0
<Jan23-2022> <05:55:44>     12      0.00000000      0.00000000      0.0
<Jan23-2022> <05:55:44>  SCF converged
<Jan23-2022> <05:55:44>     13      0.00000000      0.00000000      0.0
<Jan23-2022> <05:55:44>  >>>> POPAN
<Jan23-2022> <05:55:44>  >>>> DEBYE
<Jan23-2022> <05:55:44>  DIRAC 2021.102  RunTime: Jan23-2022 05:55:44  ShM Nodes: 1  Procs: 1
<Jan23-2022> <05:55:45>  Titanium (TZ2P)
<Jan23-2022> <05:55:45>  Net Charge: 0 (Nuclei minus Electrons)
<Jan23-2022> <05:55:45>  Symmetry  : ATOM
<Jan23-2022> <05:55:45>  Coordinates
<Jan23-2022> <05:55:45>     Atom         X           Y           Z   (Angstrom)
<Jan23-2022> <05:55:45>     1.Ti        0.000000    0.000000    0.000000
<Jan23-2022> <05:55:45>  >>>> CORORT
<Jan23-2022> <05:55:45>  >>>> CLSMAT
<Jan23-2022> <05:55:45>  >>>> ORTHON
<Jan23-2022> <05:55:45>  >>>> GENPT
<Jan23-2022> <05:55:45>  Block Length= 102
<Jan23-2022> <05:55:45>  >>>> PTBAS
<Jan23-2022> <05:55:45>  >>>> CYCLE
<Jan23-2022> <05:55:46>              |Error|         MaxErr       Wt(A-DIIS)
<Jan23-2022> <05:55:46>      1      0.00000000      0.00000000
<Jan23-2022> <05:55:46>      2     59.37721367     16.54315707    100.0
<Jan23-2022> <05:55:46>      3     22.77911837      6.20359722    100.0
<Jan23-2022> <05:55:46>      4      5.97303616      1.91947774    100.0
<Jan23-2022> <05:55:46>      5      5.54712418      1.92304174    100.0
<Jan23-2022> <05:55:46>      6      0.27222639      0.07272669     72.5
<Jan23-2022> <05:55:46>      7      0.31871744      0.09193231    100.0
<Jan23-2022> <05:55:46>      8      0.08828157      0.03333380     32.7
<Jan23-2022> <05:55:46>      9      0.01777815      0.00651437      5.6
<Jan23-2022> <05:55:46>     10      0.00096483      0.00034516      0.0
<Jan23-2022> <05:55:46>     11      0.00007575      0.00002251      0.0
<Jan23-2022> <05:55:46>     12      0.00000261      0.00000073      0.0
<Jan23-2022> <05:55:46>     13      0.00000011      0.00000004      0.0
<Jan23-2022> <05:55:46>     14      0.00000000      0.00000000      0.0
<Jan23-2022> <05:55:46>  SCF converged
<Jan23-2022> <05:55:46>     15      0.00000000      0.00000000      0.0
<Jan23-2022> <05:55:47>  >>>> POPAN
<Jan23-2022> <05:55:47>  >>>> DEBYE
<Jan23-2022> <05:55:47>  DIRAC 2021.102  RunTime: Jan23-2022 05:55:47  ShM Nodes: 1  Procs: 1
<Jan23-2022> <05:55:47>  Chlorine (TZ2P)
<Jan23-2022> <05:55:47>  Net Charge: 0 (Nuclei minus Electrons)
<Jan23-2022> <05:55:47>  Symmetry  : ATOM
<Jan23-2022> <05:55:47>  Coordinates
<Jan23-2022> <05:55:47>     Atom         X           Y           Z   (Angstrom)
<Jan23-2022> <05:55:47>     1.Cl        0.000000    0.000000    0.000000
<Jan23-2022> <05:55:47>  >>>> CORORT
<Jan23-2022> <05:55:47>  >>>> CLSMAT
<Jan23-2022> <05:55:47>  >>>> ORTHON
<Jan23-2022> <05:55:47>  >>>> GENPT
<Jan23-2022> <05:55:47>  Block Length=  93
<Jan23-2022> <05:55:47>  >>>> PTBAS
<Jan23-2022> <05:55:47>  >>>> CYCLE
<Jan23-2022> <05:55:48>              |Error|         MaxErr       Wt(A-DIIS)
<Jan23-2022> <05:55:48>      1      0.00000000      0.00000000
<Jan23-2022> <05:55:48>      2     37.97178129     10.81368001    100.0
<Jan23-2022> <05:55:48>      3     20.81592691      7.10099309    100.0
<Jan23-2022> <05:55:48>      4      5.86634430      1.99760405    100.0
<Jan23-2022> <05:55:48>      5      3.97516517      1.71800842    100.0
<Jan23-2022> <05:55:48>      6      0.27245054      0.10336241    100.0
<Jan23-2022> <05:55:48>      7      0.22638168      0.09827309     98.3
<Jan23-2022> <05:55:48>      8      0.05690956      0.02098624     20.2
<Jan23-2022> <05:55:48>      9      0.00664419      0.00263308      1.6
<Jan23-2022> <05:55:48>     10      0.00015446      0.00006612      0.0
<Jan23-2022> <05:55:48>     11      0.00000385      0.00000160      0.0
<Jan23-2022> <05:55:48>     12      0.00000007      0.00000003      0.0
<Jan23-2022> <05:55:48>     13      0.00000000      0.00000000      0.0
<Jan23-2022> <05:55:48>  SCF converged
<Jan23-2022> <05:55:48>     14      0.00000000      0.00000000      0.0
<Jan23-2022> <05:55:48>  >>>> POPAN
<Jan23-2022> <05:55:48>  >>>> DEBYE
<Jan23-2022> <05:55:48>  *** GOStep1 ***
<Jan23-2022> <05:55:48>  >>>> FRAGM
<Jan23-2022> <05:55:49>  Coordinates
<Jan23-2022> <05:55:49>     Atom         X           Y           Z   (Angstrom)
<Jan23-2022> <05:55:49>     1.H         0.308836   -1.713227    0.348451
<Jan23-2022> <05:55:49>     2.C        -0.859332    0.073256    0.953616
<Jan23-2022> <05:55:49>     3.C         0.305667   -0.622080    0.356973
<Jan23-2022> <05:55:49>     4.C         1.443635    0.022461   -0.230052
<Jan23-2022> <05:55:49>     5.O         1.615923    1.249926   -0.302136
<Jan23-2022> <05:55:49>     6.H        -0.691953    1.152837    0.944283
<Jan23-2022> <05:55:49>     7.H        -1.408495   -1.487467    2.394752
<Jan23-2022> <05:55:49>     8.C        -1.207068   -0.411253    2.373451
<Jan23-2022> <05:55:49>     9.H        -0.387774   -0.204925    3.068992
<Jan23-2022> <05:55:49>    10.H        -2.099499    0.106838    2.737885
<Jan23-2022> <05:55:49>    11.H        -1.705685   -0.109554    0.324994
<Jan23-2022> <05:55:49>    12.H         2.185845   -0.635773   -0.630990
<Jan23-2022> <05:55:49>    13.Ti        2.421604    6.617662   -0.150331
<Jan23-2022> <05:55:49>    14.Cl        2.055903    4.518945   -0.202479
<Jan23-2022> <05:55:49>    15.Cl        3.007031    7.187997    1.817679
<Jan23-2022> <05:55:49>    16.Cl        0.645284    7.661933   -0.693707
<Jan23-2022> <05:55:49>    17.Cl        3.978198    7.101774   -1.522818
<Jan23-2022> <05:55:49>  >>>> CORORT
<Jan23-2022> <05:55:49>  >>>> CLSMAT
<Jan23-2022> <05:55:49>  >>>> ORTHON
<Jan23-2022> <05:55:50>  >>>> GENPT
<Jan23-2022> <05:55:50>  Block Length= 128
<Jan23-2022> <05:55:51>  >>>> PTBAS
<Jan23-2022> <05:56:12>  >>>> CYCLE
<Jan23-2022> <05:57:21>              |Error|         MaxErr       Wt(A-DIIS)
<Jan23-2022> <05:57:21>      1      7.23055948      0.53535031
<Jan23-2022> <05:58:18>      2      1.09852662      0.09268556    100.0
<Jan23-2022> <05:59:14>      3      0.53801775      0.03918447    100.0
<Jan23-2022> <06:00:12>      4      0.84133314      0.06317741    100.0
<Jan23-2022> <06:01:07>      5      0.62116084      0.05705628    100.0
<Jan23-2022> <06:02:03>      6      0.73152119      0.07572014    100.0
<Jan23-2022> <06:02:58>      7      0.15166627      0.01381622     12.9
<Jan23-2022> <06:03:54>      8      0.07835153      0.00809427      7.2
<Jan23-2022> <06:04:49>      9      0.01326271      0.00144184      0.4
<Jan23-2022> <06:05:45>     10      0.00316180      0.00027135      0.0
<Jan23-2022> <06:06:42>     11      0.00155205      0.00015085      0.0
<Jan23-2022> <06:07:36>     12      0.00069910      0.00006025      0.0
<Jan23-2022> <06:08:31>     13      0.00026613      0.00001660      0.0
<Jan23-2022> <06:09:27>     14      0.00009073      0.00000750      0.0
<Jan23-2022> <06:10:23>     15      0.00007415      0.00000484      0.0
<Jan23-2022> <06:11:19>     16      0.00000985      0.00000070      0.0
<Jan23-2022> <06:11:42>  SCF converged
<Jan23-2022> <06:12:15>     17      0.00000628      0.00000048      0.0
<Jan23-2022> <06:12:37>  >>>> TOTEN
<Jan23-2022> <06:13:32>  >>>> POPAN
<Jan23-2022> <06:13:32>  >>>> DEBYE
<Jan23-2022> <06:13:32>  >>>> ENGRAD
<Jan23-2022> <06:15:11>  current energy                               -3.14814997 Hartree
<Jan23-2022> <06:15:11>  energy change                      -3.14814997     0.00017000    F
<Jan23-2022> <06:15:11>  constrained gradient max            0.03818576     0.00100000    F
<Jan23-2022> <06:15:11>  constrained gradient rms            0.01620023     0.00066667    F
<Jan23-2022> <06:15:11>  gradient max                        0.03818576
<Jan23-2022> <06:15:11>  gradient rms                        0.01620023
<Jan23-2022> <06:15:11>  cart. step max                      0.03557002     0.01000000    F
<Jan23-2022> <06:15:11>  cart. step rms                      0.01454721     0.00666667    F
<Jan23-2022> <06:15:11>  Iteration 2
<Jan23-2022> <06:15:12>  *** GOStep2 ***
<Jan23-2022> <06:15:12>  >>>> FRAGM
<Jan23-2022> <06:15:12>  Coordinates
<Jan23-2022> <06:15:12>     Atom         X           Y           Z   (Angstrom)
<Jan23-2022> <06:15:12>     1.H         0.300992   -1.726048    0.352033
<Jan23-2022> <06:15:12>     2.C        -0.854417    0.075527    0.945592
<Jan23-2022> <06:15:12>     3.C         0.306968   -0.634632    0.357241
<Jan23-2022> <06:15:12>     4.C         1.450885    0.003856   -0.226161
<Jan23-2022> <06:15:12>     5.O         1.613441    1.233877   -0.294089
<Jan23-2022> <06:15:12>     6.H        -0.668232    1.152999    0.928860
<Jan23-2022> <06:15:12>     7.H        -1.420521   -1.465633    2.401597
<Jan23-2022> <06:15:12>     8.C        -1.205198   -0.392308    2.371195
<Jan23-2022> <06:15:12>     9.H        -0.382306   -0.191699    3.064089
<Jan23-2022> <06:15:12>    10.H        -2.090526    0.139474    2.733648
<Jan23-2022> <06:15:12>    11.H        -1.721455   -0.104575    0.305813
<Jan23-2022> <06:15:12>    12.H         2.213339   -0.671343   -0.635609
<Jan23-2022> <06:15:12>    13.Ti        2.412915    6.616103   -0.143276
<Jan23-2022> <06:15:12>    14.Cl        2.048678    4.502556   -0.197787
<Jan23-2022> <06:15:12>    15.Cl        3.023123    7.189054    1.839722
<Jan23-2022> <06:15:12>    16.Cl        0.611032    7.669033   -0.670264
<Jan23-2022> <06:15:12>    17.Cl        3.969402    7.113110   -1.544042
<Jan23-2022> <06:15:12>  >>>> CORORT
<Jan23-2022> <06:15:12>  >>>> CLSMAT
<Jan23-2022> <06:15:12>  >>>> ORTHON
<Jan23-2022> <06:15:13>  >>>> GENPT
<Jan23-2022> <06:15:13>  Block Length= 128
<Jan23-2022> <06:15:14>  >>>> PTBAS
<Jan23-2022> <06:15:35>  >>>> CYCLE
<Jan23-2022> <06:16:11>  using orbital data from restart file
<Jan23-2022> <06:16:44>              |Error|         MaxErr       Wt(A-DIIS)
<Jan23-2022> <06:16:44>      1      0.16008314      0.01899152
<Jan23-2022> <06:17:39>      2      0.01924219      0.00129886    100.0
<Jan23-2022> <06:18:35>      3      0.03554218      0.00282127    100.0
<Jan23-2022> <06:19:31>      4      0.02322189      0.00243837    100.0
<Jan23-2022> <06:20:28>      5      0.02691566      0.00253624    100.0
<Jan23-2022> <06:21:23>      6      0.00744867      0.00074518      0.0
<Jan23-2022> <06:22:19>      7      0.00086601      0.00005990      0.0
<Jan23-2022> <06:23:15>      8      0.00023615      0.00002309      0.0
<Jan23-2022> <06:24:11>      9      0.00009303      0.00000585      0.0
<Jan23-2022> <06:25:07>     10      0.00002401      0.00000170      0.0
<Jan23-2022> <06:26:04>     11      0.00000923      0.00000066      0.0
<Jan23-2022> <06:26:27>  SCF converged
<Jan23-2022> <06:27:00>     12      0.00000384      0.00000021      0.0
<Jan23-2022> <06:27:24>  >>>> TOTEN
<Jan23-2022> <06:28:20>  >>>> POPAN
<Jan23-2022> <06:28:20>  >>>> DEBYE
<Jan23-2022> <06:28:21>  >>>> ENGRAD
<Jan23-2022> <06:30:00>  current energy                               -3.15220990 Hartree
<Jan23-2022> <06:30:00>  energy change                      -0.00405993     0.00017000    F
<Jan23-2022> <06:30:00>  constrained gradient max            0.02308172     0.00100000    F
<Jan23-2022> <06:30:00>  constrained gradient rms            0.00781898     0.00066667    F
<Jan23-2022> <06:30:00>  gradient max                        0.02308172
<Jan23-2022> <06:30:00>  gradient rms                        0.00781898
<Jan23-2022> <06:30:00>  cart. step max                      0.03857982     0.01000000    F
<Jan23-2022> <06:30:00>  cart. step rms                      0.01402006     0.00666667    F
<Jan23-2022> <06:30:00>  Iteration 3
<Jan23-2022> <06:30:00>  *** GOStep3 ***
<Jan23-2022> <06:30:01>  >>>> FRAGM
<Jan23-2022> <06:30:01>  Coordinates
<Jan23-2022> <06:30:01>     Atom         X           Y           Z   (Angstrom)
<Jan23-2022> <06:30:01>     1.H         0.293047   -1.739587    0.355126
<Jan23-2022> <06:30:01>     2.C        -0.853709    0.072194    0.941305
<Jan23-2022> <06:30:01>     3.C         0.300745   -0.648017    0.350983
<Jan23-2022> <06:30:01>     4.C         1.440625   -0.008835   -0.240132
<Jan23-2022> <06:30:01>     5.O         1.602412    1.218868   -0.301898
<Jan23-2022> <06:30:01>     6.H        -0.662502    1.148854    0.907901
<Jan23-2022> <06:30:01>     7.H        -1.413135   -1.450148    2.420793
<Jan23-2022> <06:30:01>     8.C        -1.194083   -0.378036    2.375412
<Jan23-2022> <06:30:01>     9.H        -0.363704   -0.172507    3.057790
<Jan23-2022> <06:30:01>    10.H        -2.074093    0.161161    2.740069
<Jan23-2022> <06:30:01>    11.H        -1.739117   -0.115315    0.302929
<Jan23-2022> <06:30:01>    12.H         2.225502   -0.696783   -0.637490
<Jan23-2022> <06:30:01>    13.Ti        2.409063    6.619739   -0.137365
<Jan23-2022> <06:30:01>    14.Cl        2.036662    4.489316   -0.203020
<Jan23-2022> <06:30:01>    15.Cl        3.007758    7.191997    1.878302
<Jan23-2022> <06:30:01>    16.Cl        0.592499    7.692089   -0.684771
<Jan23-2022> <06:30:01>    17.Cl        4.000148    7.124363   -1.537372
<Jan23-2022> <06:30:01>  >>>> CORORT
<Jan23-2022> <06:30:01>  >>>> CLSMAT
<Jan23-2022> <06:30:01>  >>>> ORTHON
<Jan23-2022> <06:30:01>  >>>> GENPT
<Jan23-2022> <06:30:02>  Block Length= 128
<Jan23-2022> <06:30:03>  >>>> PTBAS
<Jan23-2022> <06:30:24>  >>>> CYCLE
<Jan23-2022> <06:30:57>  using orbital data from restart file
<Jan23-2022> <06:31:30>              |Error|         MaxErr       Wt(A-DIIS)
<Jan23-2022> <06:31:30>      1      0.16106138      0.01920490
<Jan23-2022> <06:32:26>      2      0.02239049      0.00194180    100.0
<Jan23-2022> <06:33:21>      3      0.07579315      0.00697400    100.0
<Jan23-2022> <06:34:17>      4      0.01859789      0.00134871      0.4
<Jan23-2022> <06:35:12>      5      0.00824779      0.00081421      0.0
<Jan23-2022> <06:36:09>      6      0.00253349      0.00033353      0.0
<Jan23-2022> <06:37:04>      7      0.00106924      0.00008949      0.0
<Jan23-2022> <06:37:59>      8      0.00027664      0.00002701      0.0
<Jan23-2022> <06:38:55>      9      0.00013869      0.00000919      0.0
<Jan23-2022> <06:39:50>     10      0.00004283      0.00000317      0.0
<Jan23-2022> <06:40:45>     11      0.00002267      0.00000148      0.0
<Jan23-2022> <06:41:40>     12      0.00000600      0.00000037      0.0
<Jan23-2022> <06:42:03>  SCF converged
<Jan23-2022> <06:42:36>     13      0.00000289      0.00000020      0.0
<Jan23-2022> <06:42:59>  >>>> TOTEN
<Jan23-2022> <06:43:56>  >>>> POPAN
<Jan23-2022> <06:43:56>  >>>> DEBYE
<Jan23-2022> <06:43:57>  >>>> ENGRAD
<Jan23-2022> <06:45:35>  current energy                               -3.15386467 Hartree
<Jan23-2022> <06:45:35>  energy change                      -0.00165477     0.00017000    F
<Jan23-2022> <06:45:35>  constrained gradient max            0.00616042     0.00100000    F
<Jan23-2022> <06:45:35>  constrained gradient rms            0.00224266     0.00066667    F
<Jan23-2022> <06:45:35>  gradient max                        0.00616042
<Jan23-2022> <06:45:35>  gradient rms                        0.00224266
<Jan23-2022> <06:45:35>  cart. step max                      0.20513064     0.01000000    F
<Jan23-2022> <06:45:35>  cart. step rms                      0.06076153     0.00666667    F
<Jan23-2022> <06:45:35>  Iteration 4
<Jan23-2022> <06:45:36>  *** GOStep4 ***
<Jan23-2022> <06:45:36>  >>>> FRAGM
<Jan23-2022> <06:45:36>  Coordinates
<Jan23-2022> <06:45:36>     Atom         X           Y           Z   (Angstrom)
<Jan23-2022> <06:45:36>     1.H         0.312593   -1.738633    0.362324
<Jan23-2022> <06:45:36>     2.C        -0.846461    0.068437    0.938159
<Jan23-2022> <06:45:36>     3.C         0.327861   -0.647533    0.383146
<Jan23-2022> <06:45:36>     4.C         1.497346   -0.002925   -0.142227
<Jan23-2022> <06:45:36>     5.O         1.641837    1.224580   -0.229206
<Jan23-2022> <06:45:36>     6.H        -0.649352    1.144337    0.933855
<Jan23-2022> <06:45:36>     7.H        -1.480233   -1.479765    2.359287
<Jan23-2022> <06:45:36>     8.C        -1.253602   -0.408385    2.345775
<Jan23-2022> <06:45:36>     9.H        -0.453244   -0.221894    3.068377
<Jan23-2022> <06:45:36>    10.H        -2.145990    0.129008    2.681797
<Jan23-2022> <06:45:36>    11.H        -1.704654   -0.101099    0.256973
<Jan23-2022> <06:45:36>    12.H         2.251398   -0.688143   -0.605090
<Jan23-2022> <06:45:36>    13.Ti        2.421907    6.641906   -0.153730
<Jan23-2022> <06:45:36>    14.Cl        2.058054    4.501485   -0.177181
<Jan23-2022> <06:45:36>    15.Cl        3.212889    7.226672    1.802835
<Jan23-2022> <06:45:36>    16.Cl        0.544299    7.705902   -0.526641
<Jan23-2022> <06:45:36>    17.Cl        3.873473    7.155402   -1.709888
<Jan23-2022> <06:45:37>  >>>> CORORT
<Jan23-2022> <06:45:37>  >>>> CLSMAT
<Jan23-2022> <06:45:37>  >>>> ORTHON
<Jan23-2022> <06:45:37>  >>>> GENPT
<Jan23-2022> <06:45:38>  Block Length= 128
<Jan23-2022> <06:45:39>  >>>> PTBAS
<Jan23-2022> <06:46:00>  >>>> CYCLE
<Jan23-2022> <06:46:32>  using orbital data from restart file
<Jan23-2022> <06:47:05>              |Error|         MaxErr       Wt(A-DIIS)
<Jan23-2022> <06:47:05>      1      0.39482040      0.04300037
<Jan23-2022> <06:47:59>      2      0.09154667      0.00804622    100.0
<Jan23-2022> <06:48:55>      3      0.45562181      0.04422755    100.0
<Jan23-2022> <06:49:50>      4      0.17515604      0.01591151    100.0
<Jan23-2022> <06:50:46>      5      0.02374006      0.00239800      1.4
<Jan23-2022> <06:51:41>      6      0.00439944      0.00038321      0.0
<Jan23-2022> <06:52:38>      7      0.00165825      0.00019113      0.0
<Jan23-2022> <06:53:33>      8      0.00131269      0.00018556      0.0
<Jan23-2022> <06:54:28>      9      0.00043960      0.00005380      0.0
<Jan23-2022> <06:55:23>     10      0.00015232      0.00001345      0.0
<Jan23-2022> <06:56:17>     11      0.00006834      0.00000490      0.0
<Jan23-2022> <06:57:14>     12      0.00003636      0.00000324      0.0
<Jan23-2022> <06:58:09>     13      0.00001283      0.00000136      0.0
<Jan23-2022> <06:59:03>     14      0.00000594      0.00000042      0.0
<Jan23-2022> <06:59:26>  SCF converged
<Jan23-2022> <06:59:59>     15      0.00000360      0.00000027      0.0
<Jan23-2022> <07:00:22>  >>>> TOTEN
<Jan23-2022> <07:01:19>  >>>> POPAN
<Jan23-2022> <07:01:19>  >>>> DEBYE
<Jan23-2022> <07:01:19>  >>>> ENGRAD
<Jan23-2022> <07:02:58>  current energy                               -3.15348920 Hartree
<Jan23-2022> <07:02:58>  energy change                       0.00037547     0.00017000    F
<Jan23-2022> <07:02:58>  constrained gradient max            0.02245661     0.00100000    F
<Jan23-2022> <07:02:58>  constrained gradient rms            0.00409587     0.00066667    F
<Jan23-2022> <07:02:58>  gradient max                        0.02245661
<Jan23-2022> <07:02:58>  gradient rms                        0.00409587
<Jan23-2022> <07:02:58>  cart. step max                      0.04152030     0.01000000    F
<Jan23-2022> <07:02:58>  cart. step rms                      0.01307230     0.00666667    F
<Jan23-2022> <07:02:58>  Iteration 5
<Jan23-2022> <07:02:59>  *** GOStep5 ***
<Jan23-2022> <07:02:59>  >>>> FRAGM
<Jan23-2022> <07:02:59>  Coordinates
<Jan23-2022> <07:02:59>     Atom         X           Y           Z   (Angstrom)
<Jan23-2022> <07:02:59>     1.H         0.306239   -1.738120    0.356181
<Jan23-2022> <07:02:59>     2.C        -0.849951    0.067514    0.941003
<Jan23-2022> <07:02:59>     3.C         0.320047   -0.647073    0.375410
<Jan23-2022> <07:02:59>     4.C         1.483755   -0.002303   -0.162985
<Jan23-2022> <07:02:59>     5.O         1.636595    1.225068   -0.238987
<Jan23-2022> <07:02:59>     6.H        -0.655327    1.143725    0.933529
<Jan23-2022> <07:02:59>     7.H        -1.466709   -1.480264    2.369821
<Jan23-2022> <07:02:59>     8.C        -1.242330   -0.408480    2.352973
<Jan23-2022> <07:02:59>     9.H        -0.435375   -0.219653    3.067626
<Jan23-2022> <07:02:59>    10.H        -2.132435    0.127622    2.696959
<Jan23-2022> <07:02:59>    11.H        -1.712482   -0.104016    0.269845
<Jan23-2022> <07:02:59>    12.H         2.244732   -0.686976   -0.608434
<Jan23-2022> <07:02:59>    13.Ti        2.422293    6.642236   -0.153256
<Jan23-2022> <07:02:59>    14.Cl        2.053571    4.502874   -0.187521
<Jan23-2022> <07:02:59>    15.Cl        3.171369    7.224114    1.820167
<Jan23-2022> <07:02:59>    16.Cl        0.555873    7.710218   -0.566714
<Jan23-2022> <07:02:59>    17.Cl        3.908256    7.152866   -1.677054
<Jan23-2022> <07:02:59>  >>>> CORORT
<Jan23-2022> <07:02:59>  >>>> CLSMAT
<Jan23-2022> <07:02:59>  >>>> ORTHON
<Jan23-2022> <07:03:00>  >>>> GENPT
<Jan23-2022> <07:03:00>  Block Length= 128
<Jan23-2022> <07:03:01>  >>>> PTBAS
<Jan23-2022> <07:03:22>  >>>> CYCLE
<Jan23-2022> <07:03:55>  using orbital data from restart file
<Jan23-2022> <07:04:27>              |Error|         MaxErr       Wt(A-DIIS)
<Jan23-2022> <07:04:27>      1      0.09163612      0.00956141
<Jan23-2022> <07:05:23>      2      0.00774769      0.00064864    100.0
<Jan23-2022> <07:06:19>      3      0.00452947      0.00036413    100.0
<Jan23-2022> <07:07:14>      4      0.01163093      0.00107068    100.0
<Jan23-2022> <07:08:09>      5      0.00478814      0.00038929      0.0
<Jan23-2022> <07:09:04>      6      0.00087770      0.00012123      0.0
<Jan23-2022> <07:10:00>      7      0.00050588      0.00004063      0.0
<Jan23-2022> <07:10:55>      8      0.00015298      0.00001580      0.0
<Jan23-2022> <07:11:50>      9      0.00008375      0.00000747      0.0
<Jan23-2022> <07:12:45>     10      0.00001843      0.00000108      0.0
<Jan23-2022> <07:13:42>     11      0.00000956      0.00000046      0.0
<Jan23-2022> <07:14:04>  SCF converged
<Jan23-2022> <07:14:37>     12      0.00000306      0.00000016      0.0
<Jan23-2022> <07:14:58>  >>>> TOTEN
<Jan23-2022> <07:15:54>  >>>> POPAN
<Jan23-2022> <07:15:54>  >>>> DEBYE
<Jan23-2022> <07:15:54>  >>>> ENGRAD
<Jan23-2022> <07:17:31>  current energy                               -3.15381305 Hartree
<Jan23-2022> <07:17:31>  energy change                      -0.00032385     0.00017000    F
<Jan23-2022> <07:17:31>  constrained gradient max            0.01499567     0.00100000    F
<Jan23-2022> <07:17:31>  constrained gradient rms            0.00271862     0.00066667    F
<Jan23-2022> <07:17:31>  gradient max                        0.01499567
<Jan23-2022> <07:17:31>  gradient rms                        0.00271862
<Jan23-2022> <07:17:31>  cart. step max                      0.07818047     0.01000000    F
<Jan23-2022> <07:17:31>  cart. step rms                      0.02398139     0.00666667    F
<Jan23-2022> <07:17:31>  Iteration 6
<Jan23-2022> <07:17:32>  *** GOStep6 ***
<Jan23-2022> <07:17:32>  >>>> FRAGM
<Jan23-2022> <07:17:32>  Coordinates
<Jan23-2022> <07:17:32>     Atom         X           Y           Z   (Angstrom)
<Jan23-2022> <07:17:32>     1.H         0.294872   -1.739795    0.347451
<Jan23-2022> <07:17:32>     2.C        -0.854594    0.066193    0.943973
<Jan23-2022> <07:17:32>     3.C         0.306619   -0.648758    0.361177
<Jan23-2022> <07:17:32>     4.C         1.459025   -0.005924   -0.203304
<Jan23-2022> <07:17:32>     5.O         1.625254    1.220892   -0.257825
<Jan23-2022> <07:17:32>     6.H        -0.663504    1.142855    0.927239
<Jan23-2022> <07:17:32>     7.H        -1.441135   -1.474652    2.392365
<Jan23-2022> <07:17:32>     8.C        -1.219885   -0.402452    2.365498
<Jan23-2022> <07:17:32>     9.H        -0.400718   -0.207596    3.064504
<Jan23-2022> <07:17:32>    10.H        -2.104975    0.133456    2.722410
<Jan23-2022> <07:17:32>    11.H        -1.726043   -0.110699    0.291570
<Jan23-2022> <07:17:32>    12.H         2.232838   -0.691377   -0.613641
<Jan23-2022> <07:17:32>    13.Ti        2.420352    6.641609   -0.150778
<Jan23-2022> <07:17:32>    14.Cl        2.044022    4.503266   -0.207821
<Jan23-2022> <07:17:32>    15.Cl        3.093188    7.213907    1.853374
<Jan23-2022> <07:17:32>    16.Cl        0.575082    7.718632   -0.633639
<Jan23-2022> <07:17:32>    17.Cl        3.967722    7.149795   -1.613988
<Jan23-2022> <07:17:32>  >>>> CORORT
<Jan23-2022> <07:17:33>  >>>> CLSMAT
<Jan23-2022> <07:17:33>  >>>> ORTHON
<Jan23-2022> <07:17:35>  >>>> GENPT
<Jan23-2022> <07:17:35>  Block Length= 128
<Jan23-2022> <07:17:37>  >>>> PTBAS
<Jan23-2022> <07:17:58>  >>>> CYCLE
<Jan23-2022> <07:18:31>  using orbital data from restart file
<Jan23-2022> <07:19:03>              |Error|         MaxErr       Wt(A-DIIS)
<Jan23-2022> <07:19:03>      1      0.16577372      0.01777197
<Jan23-2022> <07:19:58>      2      0.01829930      0.00139779    100.0
<Jan23-2022> <07:20:53>      3      0.08325055      0.00775060    100.0
<Jan23-2022> <07:21:48>      4      0.02341756      0.00194187    100.0
<Jan23-2022> <07:22:43>      5      0.01120328      0.00106611      0.1
<Jan23-2022> <07:23:39>      6      0.00175489      0.00023431      0.0
<Jan23-2022> <07:24:34>      7      0.00107003      0.00009154      0.0
<Jan23-2022> <07:25:29>      8      0.00039783      0.00004471      0.0
<Jan23-2022> <07:26:25>      9      0.00017000      0.00000952      0.0
<Jan23-2022> <07:27:20>     10      0.00003547      0.00000210      0.0
<Jan23-2022> <07:28:16>     11      0.00002311      0.00000183      0.0
<Jan23-2022> <07:29:10>     12      0.00000840      0.00000051      0.0
<Jan23-2022> <07:29:33>  SCF converged
<Jan23-2022> <07:30:05>     13      0.00000384      0.00000034      0.0
<Jan23-2022> <07:30:28>  >>>> TOTEN
<Jan23-2022> <07:31:24>  >>>> POPAN
<Jan23-2022> <07:31:25>  >>>> DEBYE
<Jan23-2022> <07:31:25>  >>>> ENGRAD
<Jan23-2022> <07:33:04>  current energy                               -3.15408213 Hartree
<Jan23-2022> <07:33:04>  energy change                      -0.00026908     0.00017000    F
<Jan23-2022> <07:33:04>  constrained gradient max            0.00299884     0.00100000    F
<Jan23-2022> <07:33:04>  constrained gradient rms            0.00059847     0.00066667    T
<Jan23-2022> <07:33:04>  gradient max                        0.00299884
<Jan23-2022> <07:33:04>  gradient rms                        0.00059847
<Jan23-2022> <07:33:04>  cart. step max                      0.00426361     0.01000000    T
<Jan23-2022> <07:33:04>  cart. step rms                      0.00156749     0.00666667    T
<Jan23-2022> <07:33:04>  Iteration 7
<Jan23-2022> <07:33:05>  *** GOStep7 ***
<Jan23-2022> <07:33:06>  >>>> FRAGM
<Jan23-2022> <07:33:06>  Coordinates
<Jan23-2022> <07:33:06>     Atom         X           Y           Z   (Angstrom)
<Jan23-2022> <07:33:06>     1.H         0.295678   -1.740797    0.348908
<Jan23-2022> <07:33:06>     2.C        -0.856019    0.064304    0.943466
<Jan23-2022> <07:33:06>     3.C         0.306029   -0.649664    0.361145
<Jan23-2022> <07:33:06>     4.C         1.457827   -0.006240   -0.204102
<Jan23-2022> <07:33:06>     5.O         1.624116    1.220799   -0.258035
<Jan23-2022> <07:33:06>     6.H        -0.666370    1.141230    0.925603
<Jan23-2022> <07:33:06>     7.H        -1.439741   -1.475741    2.393936
<Jan23-2022> <07:33:06>     8.C        -1.220023   -0.403249    2.365706
<Jan23-2022> <07:33:06>     9.H        -0.400872   -0.206415    3.064162
<Jan23-2022> <07:33:06>    10.H        -2.105730    0.131793    2.722386
<Jan23-2022> <07:33:06>    11.H        -1.727568   -0.114687    0.291500
<Jan23-2022> <07:33:06>    12.H         2.233739   -0.691452   -0.610813
<Jan23-2022> <07:33:06>    13.Ti        2.421517    6.644137   -0.151499
<Jan23-2022> <07:33:06>    14.Cl        2.044366    4.505975   -0.209969
<Jan23-2022> <07:33:06>    15.Cl        3.095369    7.213524    1.853068
<Jan23-2022> <07:33:06>    16.Cl        0.576859    7.722896   -0.632589
<Jan23-2022> <07:33:06>    17.Cl        3.968945    7.152937   -1.614311
<Jan23-2022> <07:33:06>  >>>> CORORT
<Jan23-2022> <07:33:06>  >>>> CLSMAT
<Jan23-2022> <07:33:06>  >>>> ORTHON
<Jan23-2022> <07:33:06>  >>>> GENPT
<Jan23-2022> <07:33:07>  Block Length= 128
<Jan23-2022> <07:33:08>  >>>> PTBAS
<Jan23-2022> <07:33:28>  >>>> CYCLE
<Jan23-2022> <07:34:02>  using orbital data from restart file
<Jan23-2022> <07:34:35>              |Error|         MaxErr       Wt(A-DIIS)
<Jan23-2022> <07:34:35>      1      0.00598920      0.00061800
<Jan23-2022> <07:35:31>      2      0.00085855      0.00007193    100.0
<Jan23-2022> <07:36:24>      3      0.00126746      0.00010347    100.0
<Jan23-2022> <07:37:19>      4      0.00127243      0.00012076      0.0
<Jan23-2022> <07:38:15>      5      0.00031701      0.00002301      0.0
<Jan23-2022> <07:39:09>      6      0.00010596      0.00001061      0.0
<Jan23-2022> <07:40:04>      7      0.00005930      0.00000852      0.0
<Jan23-2022> <07:40:59>      8      0.00003362      0.00000411      0.0
<Jan23-2022> <07:41:54>      9      0.00001299      0.00000120      0.0
<Jan23-2022> <07:42:49>     10      0.00000308      0.00000016      0.0
<Jan23-2022> <07:43:12>  SCF converged
<Jan23-2022> <07:43:45>     11      0.00000153      0.00000008      0.0
<Jan23-2022> <07:44:07>  >>>> TOTEN
<Jan23-2022> <07:45:04>  >>>> POPAN
<Jan23-2022> <07:45:04>  >>>> DEBYE
<Jan23-2022> <07:45:04>  >>>> ENGRAD
<Jan23-2022> <07:46:44>  current energy                               -3.15409405 Hartree
<Jan23-2022> <07:46:44>  energy change                      -0.00001192     0.00017000    T
<Jan23-2022> <07:46:44>  constrained gradient max            0.00295095     0.00100000    F
<Jan23-2022> <07:46:44>  constrained gradient rms            0.00061009     0.00066667    T
<Jan23-2022> <07:46:44>  gradient max                        0.00295095
<Jan23-2022> <07:46:44>  gradient rms                        0.00061009
<Jan23-2022> <07:46:44>  cart. step max                      0.04978616     0.01000000    F
<Jan23-2022> <07:46:44>  cart. step rms                      0.01674240     0.00666667    F
<Jan23-2022> <07:46:44>  Iteration 8
<Jan23-2022> <07:46:44>  *** GOStep8 ***
<Jan23-2022> <07:46:45>  >>>> FRAGM
<Jan23-2022> <07:46:45>  Coordinates
<Jan23-2022> <07:46:45>     Atom         X           Y           Z   (Angstrom)
<Jan23-2022> <07:46:45>     1.H         0.307414   -1.749804    0.364425
<Jan23-2022> <07:46:45>     2.C        -0.866387    0.047311    0.937683
<Jan23-2022> <07:46:45>     3.C         0.306335   -0.658181    0.366668
<Jan23-2022> <07:46:45>     4.C         1.455615   -0.008741   -0.197300
<Jan23-2022> <07:46:45>     5.O         1.616788    1.219749   -0.252087
<Jan23-2022> <07:46:45>     6.H        -0.688967    1.126321    0.911753
<Jan23-2022> <07:46:45>     7.H        -1.436974   -1.486670    2.400360
<Jan23-2022> <07:46:45>     8.C        -1.229871   -0.411872    2.362950
<Jan23-2022> <07:46:45>     9.H        -0.415773   -0.198920    3.062500
<Jan23-2022> <07:46:45>    10.H        -2.123191    0.115688    2.711722
<Jan23-2022> <07:46:45>    11.H        -1.734202   -0.148725    0.283342
<Jan23-2022> <07:46:45>    12.H         2.246241   -0.690353   -0.582264
<Jan23-2022> <07:46:45>    13.Ti        2.432975    6.667455   -0.158274
<Jan23-2022> <07:46:45>    14.Cl        2.050303    4.530545   -0.223624
<Jan23-2022> <07:46:45>    15.Cl        3.145155    7.213612    1.838813
<Jan23-2022> <07:46:45>    16.Cl        0.585390    7.758408   -0.596489
<Jan23-2022> <07:46:45>    17.Cl        3.957269    7.183528   -1.641616
<Jan23-2022> <07:46:45>  >>>> CORORT
<Jan23-2022> <07:46:45>  >>>> CLSMAT
<Jan23-2022> <07:46:45>  >>>> ORTHON
<Jan23-2022> <07:46:45>  >>>> GENPT
<Jan23-2022> <07:46:46>  Block Length= 128
<Jan23-2022> <07:46:47>  >>>> PTBAS
<Jan23-2022> <07:47:07>  >>>> CYCLE
<Jan23-2022> <07:47:41>  using orbital data from restart file
<Jan23-2022> <07:48:14>              |Error|         MaxErr       Wt(A-DIIS)
<Jan23-2022> <07:48:14>      1      0.08139951      0.00982091
<Jan23-2022> <07:49:10>      2      0.00667904      0.00062919    100.0
<Jan23-2022> <07:50:05>      3      0.01522414      0.00126482    100.0
<Jan23-2022> <07:51:00>      4      0.00890309      0.00080231      0.0
<Jan23-2022> <07:51:55>      5      0.00211796      0.00021663      0.0
<Jan23-2022> <07:52:49>      6      0.00083469      0.00011529      0.0
<Jan23-2022> <07:53:44>      7      0.00050509      0.00006141      0.0
<Jan23-2022> <07:54:39>      8      0.00017671      0.00001435      0.0
<Jan23-2022> <07:55:34>      9      0.00006277      0.00000453      0.0
<Jan23-2022> <07:56:30>     10      0.00002019      0.00000134      0.0
<Jan23-2022> <07:57:25>     11      0.00001107      0.00000068      0.0
<Jan23-2022> <07:58:20>     12      0.00000408      0.00000038      0.0
<Jan23-2022> <07:58:42>  SCF converged
<Jan23-2022> <07:59:15>     13      0.00000266      0.00000024      0.0
<Jan23-2022> <07:59:38>  >>>> TOTEN
<Jan23-2022> <08:00:34>  >>>> POPAN
<Jan23-2022> <08:00:34>  >>>> DEBYE
<Jan23-2022> <08:00:35>  >>>> ENGRAD
<Jan23-2022> <08:02:13>  current energy                               -3.15416985 Hartree
<Jan23-2022> <08:02:13>  energy change                      -0.00007580     0.00017000    T
<Jan23-2022> <08:02:13>  constrained gradient max            0.00412102     0.00100000    F
<Jan23-2022> <08:02:13>  constrained gradient rms            0.00102594     0.00066667    F
<Jan23-2022> <08:02:13>  gradient max                        0.00412102
<Jan23-2022> <08:02:13>  gradient rms                        0.00102594
<Jan23-2022> <08:02:13>  cart. step max                      0.07164848     0.01000000    F
<Jan23-2022> <08:02:13>  cart. step rms                      0.02388829     0.00666667    F
<Jan23-2022> <08:02:13>  Iteration 9
<Jan23-2022> <08:02:14>  *** GOStep9 ***
<Jan23-2022> <08:02:14>  >>>> FRAGM
<Jan23-2022> <08:02:14>  Coordinates
<Jan23-2022> <08:02:14>     Atom         X           Y           Z   (Angstrom)
<Jan23-2022> <08:02:14>     1.H         0.323403   -1.762666    0.384118
<Jan23-2022> <08:02:14>     2.C        -0.879412    0.022723    0.931655
<Jan23-2022> <08:02:14>     3.C         0.307739   -0.670904    0.376368
<Jan23-2022> <08:02:14>     4.C         1.454154   -0.011886   -0.182255
<Jan23-2022> <08:02:14>     5.O         1.603966    1.218371   -0.241592
<Jan23-2022> <08:02:14>     6.H        -0.717810    1.104073    0.896830
<Jan23-2022> <08:02:14>     7.H        -1.437224   -1.505244    2.406005
<Jan23-2022> <08:02:14>     8.C        -1.245990   -0.427829    2.359058
<Jan23-2022> <08:02:14>     9.H        -0.440155   -0.195593    3.061966
<Jan23-2022> <08:02:14>    10.H        -2.149583    0.089596    2.696398
<Jan23-2022> <08:02:14>    11.H        -1.740303   -0.193696    0.272581
<Jan23-2022> <08:02:14>    12.H         2.260738   -0.686907   -0.546909
<Jan23-2022> <08:02:14>    13.Ti        2.451104    6.703131   -0.168579
<Jan23-2022> <08:02:14>    14.Cl        2.059487    4.568049   -0.242346
<Jan23-2022> <08:02:14>    15.Cl        3.216804    7.220693    1.815492
<Jan23-2022> <08:02:14>    16.Cl        0.600286    7.809539   -0.547776
<Jan23-2022> <08:02:14>    17.Cl        3.940920    7.227902   -1.682448
<Jan23-2022> <08:02:15>  >>>> CORORT
<Jan23-2022> <08:02:15>  >>>> CLSMAT
<Jan23-2022> <08:02:15>  >>>> ORTHON
<Jan23-2022> <08:02:15>  >>>> GENPT
<Jan23-2022> <08:02:15>  Block Length= 128
<Jan23-2022> <08:02:17>  >>>> PTBAS
<Jan23-2022> <08:02:37>  >>>> CYCLE
<Jan23-2022> <08:03:10>  using orbital data from restart file
<Jan23-2022> <08:03:43>              |Error|         MaxErr       Wt(A-DIIS)
<Jan23-2022> <08:03:43>      1      0.11375434      0.01361423
<Jan23-2022> <08:04:38>      2      0.00914855      0.00084263    100.0
<Jan23-2022> <08:05:33>      3      0.03172718      0.00288349    100.0
<Jan23-2022> <08:06:27>      4      0.00590788      0.00060438      0.0
<Jan23-2022> <08:07:22>      5      0.00228206      0.00025645      0.0
<Jan23-2022> <08:08:16>      6      0.00096285      0.00013058      0.0
<Jan23-2022> <08:09:11>      7      0.00055448      0.00006676      0.0
<Jan23-2022> <08:10:06>      8      0.00019325      0.00001641      0.0
<Jan23-2022> <08:11:01>      9      0.00006473      0.00000450      0.0
<Jan23-2022> <08:11:57>     10      0.00002052      0.00000143      0.0
<Jan23-2022> <08:12:53>     11      0.00001150      0.00000063      0.0
<Jan23-2022> <08:13:48>     12      0.00000409      0.00000038      0.0
<Jan23-2022> <08:14:12>  SCF converged
<Jan23-2022> <08:14:44>     13      0.00000282      0.00000028      0.0
<Jan23-2022> <08:15:07>  >>>> TOTEN
<Jan23-2022> <08:16:03>  >>>> POPAN
<Jan23-2022> <08:16:03>  >>>> DEBYE
<Jan23-2022> <08:16:04>  >>>> ENGRAD
<Jan23-2022> <08:17:42>  current energy                               -3.15426610 Hartree
<Jan23-2022> <08:17:42>  energy change                      -0.00009626     0.00017000    T
<Jan23-2022> <08:17:42>  constrained gradient max            0.00555933     0.00100000    F
<Jan23-2022> <08:17:42>  constrained gradient rms            0.00145248     0.00066667    F
<Jan23-2022> <08:17:42>  gradient max                        0.00555933
<Jan23-2022> <08:17:42>  gradient rms                        0.00145248
<Jan23-2022> <08:17:42>  cart. step max                      0.12249624     0.01000000    F
<Jan23-2022> <08:17:42>  cart. step rms                      0.04771626     0.00666667    F
<Jan23-2022> <08:17:42>  Iteration 10
<Jan23-2022> <08:17:42>  *** GOStep10 ***
<Jan23-2022> <08:17:43>  >>>> FRAGM
<Jan23-2022> <08:17:43>  Coordinates
<Jan23-2022> <08:17:43>     Atom         X           Y           Z   (Angstrom)
<Jan23-2022> <08:17:43>     1.H         0.351425   -1.790328    0.417675
<Jan23-2022> <08:17:43>     2.C        -0.906470   -0.032323    0.926435
<Jan23-2022> <08:17:43>     3.C         0.306981   -0.699295    0.396390
<Jan23-2022> <08:17:43>     4.C         1.444677   -0.017391   -0.151826
<Jan23-2022> <08:17:43>     5.O         1.565598    1.216058   -0.222082
<Jan23-2022> <08:17:43>     6.H        -0.776345    1.052789    0.877446
<Jan23-2022> <08:17:43>     7.H        -1.436886   -1.553903    2.417907
<Jan23-2022> <08:17:43>     8.C        -1.276732   -0.472112    2.356513
<Jan23-2022> <08:17:43>     9.H        -0.486388   -0.205586    3.064765
<Jan23-2022> <08:17:43>    10.H        -2.199052    0.023460    2.675525
<Jan23-2022> <08:17:43>    11.H        -1.753503   -0.285181    0.260238
<Jan23-2022> <08:17:43>    12.H         2.277441   -0.675499   -0.490366
<Jan23-2022> <08:17:43>    13.Ti        2.495019    6.787676   -0.192726
<Jan23-2022> <08:17:43>    14.Cl        2.078306    4.657562   -0.287136
<Jan23-2022> <08:17:43>    15.Cl        3.339300    7.252217    1.771182
<Jan23-2022> <08:17:43>    16.Cl        0.649133    7.926990   -0.483540
<Jan23-2022> <08:17:43>    17.Cl        3.935618    7.324218   -1.747838
<Jan23-2022> <08:17:43>  >>>> CORORT
<Jan23-2022> <08:17:43>  >>>> CLSMAT
<Jan23-2022> <08:17:43>  >>>> ORTHON
<Jan23-2022> <08:17:43>  >>>> GENPT
<Jan23-2022> <08:17:44>  Block Length= 128
<Jan23-2022> <08:17:45>  >>>> PTBAS
<Jan23-2022> <08:18:05>  >>>> CYCLE
<Jan23-2022> <08:18:40>  using orbital data from restart file
<Jan23-2022> <08:19:13>              |Error|         MaxErr       Wt(A-DIIS)
<Jan23-2022> <08:19:13>      1      0.18540925      0.02054883
<Jan23-2022> <08:20:09>      2      0.01806332      0.00140765    100.0
<Jan23-2022> <08:21:04>      3      0.07634001      0.00707180    100.0
<Jan23-2022> <08:21:58>      4      0.01829308      0.00121051      0.2
<Jan23-2022> <08:22:53>      5      0.00410113      0.00039949      0.0
<Jan23-2022> <08:23:48>      6      0.00160009      0.00021119      0.0
<Jan23-2022> <08:24:43>      7      0.00094951      0.00012243      0.0
<Jan23-2022> <08:25:39>      8      0.00036386      0.00003310      0.0
<Jan23-2022> <08:26:35>      9      0.00009448      0.00000684      0.0
<Jan23-2022> <08:27:31>     10      0.00003163      0.00000229      0.0
<Jan23-2022> <08:28:26>     11      0.00001658      0.00000098      0.0
<Jan23-2022> <08:29:22>     12      0.00000609      0.00000050      0.0
<Jan23-2022> <08:29:45>  SCF converged
<Jan23-2022> <08:30:18>     13      0.00000398      0.00000034      0.0
<Jan23-2022> <08:30:43>  >>>> TOTEN
<Jan23-2022> <08:31:39>  >>>> POPAN
<Jan23-2022> <08:31:39>  >>>> DEBYE
<Jan23-2022> <08:31:40>  >>>> ENGRAD
<Jan23-2022> <08:33:18>  current energy                               -3.15447250 Hartree
<Jan23-2022> <08:33:18>  energy change                      -0.00020639     0.00017000    F
<Jan23-2022> <08:33:18>  constrained gradient max            0.00631375     0.00100000    F
<Jan23-2022> <08:33:18>  constrained gradient rms            0.00185528     0.00066667    F
<Jan23-2022> <08:33:18>  gradient max                        0.00631375
<Jan23-2022> <08:33:18>  gradient rms                        0.00185528
<Jan23-2022> <08:33:18>  cart. step max                      0.21174887     0.01000000    F
<Jan23-2022> <08:33:18>  cart. step rms                      0.08688623     0.00666667    F
<Jan23-2022> <08:33:18>  Iteration 11
<Jan23-2022> <08:33:19>  *** GOStep11 ***
<Jan23-2022> <08:33:19>  >>>> FRAGM
<Jan23-2022> <08:33:19>  Coordinates
<Jan23-2022> <08:33:19>     Atom         X           Y           Z   (Angstrom)
<Jan23-2022> <08:33:19>     1.H         0.400629   -1.848140    0.486500
<Jan23-2022> <08:33:19>     2.C        -0.950444   -0.137941    0.915229
<Jan23-2022> <08:33:19>     3.C         0.306380   -0.761275    0.436123
<Jan23-2022> <08:33:19>     4.C         1.425421   -0.039071   -0.096667
<Jan23-2022> <08:33:19>     5.O         1.487526    1.197304   -0.191764
<Jan23-2022> <08:33:19>     6.H        -0.873762    0.949859    0.828568
<Jan23-2022> <08:33:19>     7.H        -1.438042   -1.628251    2.452413
<Jan23-2022> <08:33:19>     8.C        -1.330530   -0.542803    2.353271
<Jan23-2022> <08:33:19>     9.H        -0.570301   -0.210425    3.066635
<Jan23-2022> <08:33:19>    10.H        -2.283212   -0.082689    2.633914
<Jan23-2022> <08:33:19>    11.H        -1.768914   -0.458072    0.241639
<Jan23-2022> <08:33:19>    12.H         2.297225   -0.663295   -0.401962
<Jan23-2022> <08:33:19>    13.Ti        2.574543    6.945702   -0.231722
<Jan23-2022> <08:33:19>    14.Cl        2.108930    4.826131   -0.382376
<Jan23-2022> <08:33:19>    15.Cl        3.550104    7.305617    1.691574
<Jan23-2022> <08:33:19>    16.Cl        0.745069    8.138739   -0.362754
<Jan23-2022> <08:33:19>    17.Cl        3.927500    7.517961   -1.850058
<Jan23-2022> <08:33:20>  >>>> CORORT
<Jan23-2022> <08:33:20>  >>>> CLSMAT
<Jan23-2022> <08:33:20>  >>>> ORTHON
<Jan23-2022> <08:33:20>  >>>> GENPT
<Jan23-2022> <08:33:20>  Block Length= 128
<Jan23-2022> <08:33:22>  >>>> PTBAS
<Jan23-2022> <08:33:42>  >>>> CYCLE
<Jan23-2022> <08:34:14>  using orbital data from restart file
<Jan23-2022> <08:34:47>              |Error|         MaxErr       Wt(A-DIIS)
<Jan23-2022> <08:34:47>      1      0.34121205      0.03743985
<Jan23-2022> <08:35:41>      2      0.05294812      0.00376244    100.0
<Jan23-2022> <08:36:36>      3      0.26163861      0.02503869    100.0
<Jan23-2022> <08:37:29>      4      0.09053010      0.00791563    100.0
<Jan23-2022> <08:38:22>      5      0.01298255      0.00085112      0.0
<Jan23-2022> <08:39:15>      6      0.00382664      0.00038050      0.0
<Jan23-2022> <08:40:10>      7      0.00265599      0.00022747      0.0
<Jan23-2022> <08:41:03>      8      0.00059401      0.00004981      0.0
<Jan23-2022> <08:41:56>      9      0.00030082      0.00004176      0.0
<Jan23-2022> <08:42:50>     10      0.00008049      0.00000828      0.0
<Jan23-2022> <08:43:42>     11      0.00005379      0.00000504      0.0
<Jan23-2022> <08:44:35>     12      0.00002236      0.00000193      0.0
<Jan23-2022> <08:45:30>     13      0.00000484      0.00000025      0.0
<Jan23-2022> <08:45:52>  SCF converged
<Jan23-2022> <08:46:24>     14      0.00000221      0.00000017      0.0
<Jan23-2022> <08:46:46>  >>>> TOTEN
<Jan23-2022> <08:47:42>  >>>> POPAN
<Jan23-2022> <08:47:42>  >>>> DEBYE
<Jan23-2022> <08:47:42>  >>>> ENGRAD
<Jan23-2022> <08:49:17>  current energy                               -3.15476881 Hartree
<Jan23-2022> <08:49:17>  energy change                      -0.00029632     0.00017000    F
<Jan23-2022> <08:49:17>  constrained gradient max            0.00532871     0.00100000    F
<Jan23-2022> <08:49:17>  constrained gradient rms            0.00182954     0.00066667    F
<Jan23-2022> <08:49:17>  gradient max                        0.00532871
<Jan23-2022> <08:49:17>  gradient rms                        0.00182954
<Jan23-2022> <08:49:17>  cart. step max                      0.14350190     0.01000000    F
<Jan23-2022> <08:49:17>  cart. step rms                      0.05369823     0.00666667    F
<Jan23-2022> <08:49:17>  Iteration 12
<Jan23-2022> <08:49:17>  *** GOStep12 ***
<Jan23-2022> <08:49:18>  >>>> FRAGM
<Jan23-2022> <08:49:18>  Coordinates
<Jan23-2022> <08:49:18>     Atom         X           Y           Z   (Angstrom)
<Jan23-2022> <08:49:18>     1.H         0.420819   -1.884104    0.516788
<Jan23-2022> <08:49:18>     2.C        -0.978533   -0.206367    0.919997
<Jan23-2022> <08:49:18>     3.C         0.298346   -0.800944    0.457354
<Jan23-2022> <08:49:18>     4.C         1.401955   -0.051883   -0.070319
<Jan23-2022> <08:49:18>     5.O         1.425792    1.183255   -0.185554
<Jan23-2022> <08:49:18>     6.H        -0.931471    0.881487    0.817441
<Jan23-2022> <08:49:18>     7.H        -1.433771   -1.687244    2.475837
<Jan23-2022> <08:49:18>     8.C        -1.356037   -0.600820    2.361633
<Jan23-2022> <08:49:18>     9.H        -0.609566   -0.237091    3.074303
<Jan23-2022> <08:49:18>    10.H        -2.322854   -0.163375    2.629870
<Jan23-2022> <08:49:18>    11.H        -1.782534   -0.558222    0.247994
<Jan23-2022> <08:49:18>    12.H         2.288897   -0.654256   -0.372517
<Jan23-2022> <08:49:18>    13.Ti        2.632889    7.056261   -0.259972
<Jan23-2022> <08:49:18>    14.Cl        2.122548    4.948288   -0.460769
<Jan23-2022> <08:49:18>    15.Cl        3.627034    7.358062    1.663572
<Jan23-2022> <08:49:18>    16.Cl        0.822935    8.282241   -0.350814
<Jan23-2022> <08:49:18>    17.Cl        3.981675    7.644064   -1.876281
<Jan23-2022> <08:49:19>  >>>> CORORT
<Jan23-2022> <08:49:20>  >>>> CLSMAT
<Jan23-2022> <08:49:20>  >>>> ORTHON
<Jan23-2022> <08:49:20>  >>>> GENPT
<Jan23-2022> <08:49:20>  Block Length= 128
<Jan23-2022> <08:49:22>  >>>> PTBAS
<Jan23-2022> <08:49:41>  >>>> CYCLE
<Jan23-2022> <08:50:15>  using orbital data from restart file
<Jan23-2022> <08:50:47>              |Error|         MaxErr       Wt(A-DIIS)
<Jan23-2022> <08:50:47>      1      0.15586553      0.02382821
<Jan23-2022> <08:51:41>      2      0.01363785      0.00084558    100.0
<Jan23-2022> <08:52:35>      3      0.03795570      0.00341355    100.0
<Jan23-2022> <08:53:27>      4      0.01429192      0.00134932      0.4
<Jan23-2022> <08:54:18>      5      0.00481113      0.00050299      0.0
<Jan23-2022> <08:55:11>      6      0.00110775      0.00010438      0.0
<Jan23-2022> <08:56:04>      7      0.00085217      0.00012706      0.0
<Jan23-2022> <08:56:56>      8      0.00034740      0.00004745      0.0
<Jan23-2022> <08:57:49>      9      0.00007931      0.00000791      0.0
<Jan23-2022> <08:58:41>     10      0.00002752      0.00000228      0.0
<Jan23-2022> <08:59:33>     11      0.00001141      0.00000074      0.0
<Jan23-2022> <09:00:26>     12      0.00000333      0.00000028      0.0
<Jan23-2022> <09:00:48>  SCF converged
<Jan23-2022> <09:01:20>     13      0.00000263      0.00000025      0.0
<Jan23-2022> <09:01:42>  >>>> TOTEN
<Jan23-2022> <09:02:37>  >>>> POPAN
<Jan23-2022> <09:02:37>  >>>> DEBYE
<Jan23-2022> <09:02:37>  >>>> ENGRAD
<Jan23-2022> <09:04:09>  current energy                               -3.15493281 Hartree
<Jan23-2022> <09:04:09>  energy change                      -0.00016400     0.00017000    T
<Jan23-2022> <09:04:09>  constrained gradient max            0.00325883     0.00100000    F
<Jan23-2022> <09:04:09>  constrained gradient rms            0.00103523     0.00066667    F
<Jan23-2022> <09:04:09>  gradient max                        0.00325883
<Jan23-2022> <09:04:09>  gradient rms                        0.00103523
<Jan23-2022> <09:04:09>  cart. step max                      0.05738281     0.01000000    F
<Jan23-2022> <09:04:09>  cart. step rms                      0.02331384     0.00666667    F
<Jan23-2022> <09:04:09>  Iteration 13
<Jan23-2022> <09:04:10>  *** GOStep13 ***
<Jan23-2022> <09:04:10>  >>>> FRAGM
<Jan23-2022> <09:04:10>  Coordinates
<Jan23-2022> <09:04:10>     Atom         X           Y           Z   (Angstrom)
<Jan23-2022> <09:04:10>     1.H         0.424970   -1.899262    0.524176
<Jan23-2022> <09:04:10>     2.C        -0.989601   -0.233588    0.926729
<Jan23-2022> <09:04:10>     3.C         0.292331   -0.817712    0.463781
<Jan23-2022> <09:04:10>     4.C         1.387262   -0.058560   -0.067828
<Jan23-2022> <09:04:10>     5.O         1.395073    1.174688   -0.193192
<Jan23-2022> <09:04:10>     6.H        -0.952485    0.854094    0.819880
<Jan23-2022> <09:04:10>     7.H        -1.427900   -1.713016    2.488405
<Jan23-2022> <09:04:10>     8.C        -1.360514   -0.626350    2.370476
<Jan23-2022> <09:04:10>     9.H        -0.616052   -0.253401    3.080533
<Jan23-2022> <09:04:10>    10.H        -2.330828   -0.196943    2.639045
<Jan23-2022> <09:04:10>    11.H        -1.790673   -0.594079    0.258906
<Jan23-2022> <09:04:10>    12.H         2.274627   -0.653806   -0.378795
<Jan23-2022> <09:04:10>    13.Ti        2.659336    7.102891   -0.270318
<Jan23-2022> <09:04:10>    14.Cl        2.123924    5.003080   -0.498817
<Jan23-2022> <09:04:10>    15.Cl        3.627808    7.391232    1.668883
<Jan23-2022> <09:04:10>    16.Cl        0.857389    8.339624   -0.377122
<Jan23-2022> <09:04:10>    17.Cl        4.033454    7.690458   -1.866180
<Jan23-2022> <09:04:10>  >>>> CORORT
<Jan23-2022> <09:04:11>  >>>> CLSMAT
<Jan23-2022> <09:04:11>  >>>> ORTHON
<Jan23-2022> <09:04:11>  >>>> GENPT
<Jan23-2022> <09:04:11>  Block Length= 128
<Jan23-2022> <09:04:12>  >>>> PTBAS
<Jan23-2022> <09:04:31>  >>>> CYCLE
<Jan23-2022> <09:05:03>  using orbital data from restart file
<Jan23-2022> <09:05:35>              |Error|         MaxErr       Wt(A-DIIS)
<Jan23-2022> <09:05:35>      1      0.08152943      0.01020960
<Jan23-2022> <09:06:27>      2      0.00632113      0.00049901    100.0
<Jan23-2022> <09:07:19>      3      0.01396877      0.00143760    100.0
<Jan23-2022> <09:08:10>      4      0.00822300      0.00075372      0.0
<Jan23-2022> <09:09:03>      5      0.00219680      0.00020571      0.0
<Jan23-2022> <09:09:54>      6      0.00039989      0.00003255      0.0
<Jan23-2022> <09:10:44>      7      0.00014365      0.00001035      0.0
<Jan23-2022> <09:11:36>      8      0.00006759      0.00000807      0.0
<Jan23-2022> <09:12:27>      9      0.00004671      0.00000568      0.0
<Jan23-2022> <09:13:18>     10      0.00001916      0.00000247      0.0
<Jan23-2022> <09:14:09>     11      0.00001118      0.00000117      0.0
<Jan23-2022> <09:15:01>     12      0.00000338      0.00000029      0.0
<Jan23-2022> <09:15:20>  SCF converged
<Jan23-2022> <09:15:52>     13      0.00000125      0.00000007      0.0
<Jan23-2022> <09:16:11>  >>>> TOTEN
<Jan23-2022> <09:17:04>  >>>> POPAN
<Jan23-2022> <09:17:04>  >>>> DEBYE
<Jan23-2022> <09:17:05>  >>>> ENGRAD
<Jan23-2022> <09:18:36>  current energy                               -3.15498679 Hartree
<Jan23-2022> <09:18:36>  energy change                      -0.00005398     0.00017000    T
<Jan23-2022> <09:18:36>  constrained gradient max            0.00168315     0.00100000    F
<Jan23-2022> <09:18:36>  constrained gradient rms            0.00044414     0.00066667    T
<Jan23-2022> <09:18:36>  gradient max                        0.00168315
<Jan23-2022> <09:18:36>  gradient rms                        0.00044414
<Jan23-2022> <09:18:36>  cart. step max                      0.01747003     0.01000000    F
<Jan23-2022> <09:18:36>  cart. step rms                      0.00720345     0.00666667    F
<Jan23-2022> <09:18:36>  Iteration 14
<Jan23-2022> <09:18:37>  *** GOStep14 ***
<Jan23-2022> <09:18:37>  >>>> FRAGM
<Jan23-2022> <09:18:37>  Coordinates
<Jan23-2022> <09:18:37>     Atom         X           Y           Z   (Angstrom)
<Jan23-2022> <09:18:37>     1.H         0.428271   -1.903920    0.529367
<Jan23-2022> <09:18:37>     2.C        -0.993448   -0.243025    0.927604
<Jan23-2022> <09:18:37>     3.C         0.291141   -0.823120    0.466590
<Jan23-2022> <09:18:37>     4.C         1.383259   -0.060368   -0.066287
<Jan23-2022> <09:18:37>     5.O         1.384827    1.172798   -0.194148
<Jan23-2022> <09:18:37>     6.H        -0.960170    0.844576    0.818628
<Jan23-2022> <09:18:37>     7.H        -1.426970   -1.720958    2.491940
<Jan23-2022> <09:18:37>     8.C        -1.363612   -0.634280    2.371928
<Jan23-2022> <09:18:37>     9.H        -0.620974   -0.257162    3.081698
<Jan23-2022> <09:18:37>    10.H        -2.335691   -0.208016    2.639142
<Jan23-2022> <09:18:37>    11.H        -1.792595   -0.607484    0.260275
<Jan23-2022> <09:18:37>    12.H         2.272082   -0.653008   -0.377332
<Jan23-2022> <09:18:37>    13.Ti        2.668016    7.117801   -0.273202
<Jan23-2022> <09:18:37>    14.Cl        2.126885    5.020550   -0.508005
<Jan23-2022> <09:18:37>    15.Cl        3.636949    7.403735    1.666450
<Jan23-2022> <09:18:37>    16.Cl        0.866956    8.356059   -0.377377
<Jan23-2022> <09:18:37>    17.Cl        4.043197    7.705173   -1.868708
<Jan23-2022> <09:18:37>  >>>> CORORT
<Jan23-2022> <09:18:37>  >>>> CLSMAT
<Jan23-2022> <09:18:37>  >>>> ORTHON
<Jan23-2022> <09:18:37>  >>>> GENPT
<Jan23-2022> <09:18:38>  Block Length= 128
<Jan23-2022> <09:18:39>  >>>> PTBAS
<Jan23-2022> <09:18:59>  >>>> CYCLE
<Jan23-2022> <09:19:31>  using orbital data from restart file
<Jan23-2022> <09:20:03>              |Error|         MaxErr       Wt(A-DIIS)
<Jan23-2022> <09:20:03>      1      0.01892922      0.00399664
<Jan23-2022> <09:20:56>      2      0.00149988      0.00012256    100.0
<Jan23-2022> <09:21:47>      3      0.00237819      0.00015454    100.0
<Jan23-2022> <09:22:40>      4      0.00177059      0.00016597      0.0
<Jan23-2022> <09:23:32>      5      0.00059896      0.00006827      0.0
<Jan23-2022> <09:24:23>      6      0.00018547      0.00001688      0.0
<Jan23-2022> <09:25:16>      7      0.00009005      0.00001246      0.0
<Jan23-2022> <09:26:08>      8      0.00005265      0.00000648      0.0
<Jan23-2022> <09:26:59>      9      0.00001345      0.00000128      0.0
<Jan23-2022> <09:27:49>     10      0.00000424      0.00000027      0.0
<Jan23-2022> <09:28:10>  SCF converged
<Jan23-2022> <09:28:41>     11      0.00000123      0.00000008      0.0
<Jan23-2022> <09:29:03>  >>>> TOTEN
<Jan23-2022> <09:29:56>  >>>> POPAN
<Jan23-2022> <09:29:56>  >>>> DEBYE
<Jan23-2022> <09:29:57>  >>>> ENGRAD
<Jan23-2022> <09:31:26>  current energy                               -3.15499537 Hartree
<Jan23-2022> <09:31:26>  energy change                      -0.00000858     0.00017000    T
<Jan23-2022> <09:31:26>  constrained gradient max            0.00138747     0.00100000    F
<Jan23-2022> <09:31:26>  constrained gradient rms            0.00033153     0.00066667    T
<Jan23-2022> <09:31:26>  gradient max                        0.00138747
<Jan23-2022> <09:31:26>  gradient rms                        0.00033153
<Jan23-2022> <09:31:26>  cart. step max                      0.09237263     0.01000000    F
<Jan23-2022> <09:31:26>  cart. step rms                      0.03911219     0.00666667    F
<Jan23-2022> <09:31:26>  Iteration 15
<Jan23-2022> <09:31:27>  *** GOStep15 ***
<Jan23-2022> <09:31:27>  >>>> FRAGM
<Jan23-2022> <09:31:27>  Coordinates
<Jan23-2022> <09:31:27>     Atom         X           Y           Z   (Angstrom)
<Jan23-2022> <09:31:27>     1.H         0.447243   -1.927145    0.558962
<Jan23-2022> <09:31:27>     2.C        -1.013888   -0.293801    0.930898
<Jan23-2022> <09:31:27>     3.C         0.285862   -0.850690    0.482769
<Jan23-2022> <09:31:27>     4.C         1.362467   -0.068469   -0.053983
<Jan23-2022> <09:31:27>     5.O         1.332886    1.163084   -0.193599
<Jan23-2022> <09:31:27>     6.H        -1.002663    0.793036    0.810117
<Jan23-2022> <09:31:27>     7.H        -1.423119   -1.763346    2.509446
<Jan23-2022> <09:31:27>     8.C        -1.382574   -0.676930    2.377705
<Jan23-2022> <09:31:27>     9.H        -0.651893   -0.276137    3.086913
<Jan23-2022> <09:31:27>    10.H        -2.364969   -0.268906    2.635611
<Jan23-2022> <09:31:27>    11.H        -1.801086   -0.681542    0.264387
<Jan23-2022> <09:31:27>    12.H         2.262896   -0.645294   -0.358870
<Jan23-2022> <09:31:27>    13.Ti        2.713028    7.197191   -0.290587
<Jan23-2022> <09:31:27>    14.Cl        2.143804    5.112923   -0.563332
<Jan23-2022> <09:31:27>    15.Cl        3.696489    7.457790    1.646656
<Jan23-2022> <09:31:27>    16.Cl        0.918767    8.447273   -0.365703
<Jan23-2022> <09:31:27>    17.Cl        4.084870    7.790315   -1.888825
<Jan23-2022> <09:31:27>  >>>> CORORT
<Jan23-2022> <09:31:27>  >>>> CLSMAT
<Jan23-2022> <09:31:27>  >>>> ORTHON
<Jan23-2022> <09:31:27>  >>>> GENPT
<Jan23-2022> <09:31:28>  Block Length= 128
<Jan23-2022> <09:31:29>  >>>> PTBAS
<Jan23-2022> <09:31:48>  >>>> CYCLE
<Jan23-2022> <09:32:19>  using orbital data from restart file
<Jan23-2022> <09:32:50>              |Error|         MaxErr       Wt(A-DIIS)
<Jan23-2022> <09:32:50>      1      0.10705803      0.02003524
<Jan23-2022> <09:33:40>      2      0.00843556      0.00070809    100.0
<Jan23-2022> <09:34:30>      3      0.01462096      0.00132117    100.0
<Jan23-2022> <09:35:20>      4      0.01116882      0.00104810    100.0
<Jan23-2022> <09:36:11>      5      0.01317161      0.00126214    100.0
<Jan23-2022> <09:37:02>      6      0.00229664      0.00016961      0.0
<Jan23-2022> <09:37:52>      7      0.00029023      0.00002113      0.0
<Jan23-2022> <09:38:45>      8      0.00016219      0.00002287      0.0
<Jan23-2022> <09:39:37>      9      0.00010177      0.00001451      0.0
<Jan23-2022> <09:40:28>     10      0.00002431      0.00000170      0.0
<Jan23-2022> <09:41:20>     11      0.00000909      0.00000051      0.0
<Jan23-2022> <09:41:40>  SCF converged
<Jan23-2022> <09:42:12>     12      0.00000330      0.00000023      0.0
<Jan23-2022> <09:42:32>  >>>> TOTEN
<Jan23-2022> <09:43:24>  >>>> POPAN
<Jan23-2022> <09:43:24>  >>>> DEBYE
<Jan23-2022> <09:43:25>  >>>> ENGRAD
<Jan23-2022> <09:44:53>  current energy                               -3.15499991 Hartree
<Jan23-2022> <09:44:53>  energy change                      -0.00000454     0.00017000    T
<Jan23-2022> <09:44:53>  constrained gradient max            0.00201248     0.00100000    F
<Jan23-2022> <09:44:53>  constrained gradient rms            0.00050712     0.00066667    T
<Jan23-2022> <09:44:53>  gradient max                        0.00201248
<Jan23-2022> <09:44:53>  gradient rms                        0.00050712
<Jan23-2022> <09:44:53>  cart. step max                      0.01164993     0.01000000    F
<Jan23-2022> <09:44:53>  cart. step rms                      0.00340337     0.00666667    T
<Jan23-2022> <09:44:53>  Iteration 16
<Jan23-2022> <09:44:54>  *** GOStep16 ***
<Jan23-2022> <09:44:55>  >>>> FRAGM
<Jan23-2022> <09:44:55>  Coordinates
<Jan23-2022> <09:44:55>     Atom         X           Y           Z   (Angstrom)
<Jan23-2022> <09:44:55>     1.H         0.445753   -1.925386    0.557123
<Jan23-2022> <09:44:55>     2.C        -1.013309   -0.290874    0.930850
<Jan23-2022> <09:44:55>     3.C         0.286000   -0.848499    0.482588
<Jan23-2022> <09:44:55>     4.C         1.364944   -0.067542   -0.052920
<Jan23-2022> <09:44:55>     5.O         1.339232    1.164192   -0.192780
<Jan23-2022> <09:44:55>     6.H        -1.000673    0.796252    0.812748
<Jan23-2022> <09:44:55>     7.H        -1.426121   -1.763831    2.505378
<Jan23-2022> <09:44:55>     8.C        -1.384071   -0.677144    2.376296
<Jan23-2022> <09:44:55>     9.H        -0.653654   -0.278971    3.087242
<Jan23-2022> <09:44:55>    10.H        -2.366235   -0.268546    2.634171
<Jan23-2022> <09:44:55>    11.H        -1.800531   -0.676264    0.262281
<Jan23-2022> <09:44:55>    12.H         2.265606   -0.645351   -0.356084
<Jan23-2022> <09:44:55>    13.Ti        2.711157    7.194526   -0.291004
<Jan23-2022> <09:44:55>    14.Cl        2.147035    5.108450   -0.551682
<Jan23-2022> <09:44:55>    15.Cl        3.701444    7.459640    1.641938
<Jan23-2022> <09:44:55>    16.Cl        0.915293    8.442258   -0.362455
<Jan23-2022> <09:44:55>    17.Cl        4.076252    7.786442   -1.895125
<Jan23-2022> <09:44:55>  >>>> CORORT
<Jan23-2022> <09:44:55>  >>>> CLSMAT
<Jan23-2022> <09:44:55>  >>>> ORTHON
<Jan23-2022> <09:44:55>  >>>> GENPT
<Jan23-2022> <09:44:56>  Block Length= 128
<Jan23-2022> <09:44:57>  >>>> PTBAS
<Jan23-2022> <09:45:15>  >>>> CYCLE
<Jan23-2022> <09:45:47>  using orbital data from restart file
<Jan23-2022> <09:46:19>              |Error|         MaxErr       Wt(A-DIIS)
<Jan23-2022> <09:46:19>      1      0.02297792      0.00274442
<Jan23-2022> <09:47:09>      2      0.00168016      0.00021223    100.0
<Jan23-2022> <09:47:59>      3      0.00092146      0.00012739    100.0
<Jan23-2022> <09:48:48>      4      0.00104237      0.00012774      0.0
<Jan23-2022> <09:49:39>      5      0.00071395      0.00006555      0.0
<Jan23-2022> <09:50:29>      6      0.00032429      0.00002857      0.0
<Jan23-2022> <09:51:19>      7      0.00012073      0.00001191      0.0
<Jan23-2022> <09:52:09>      8      0.00002107      0.00000141      0.0
<Jan23-2022> <09:52:59>      9      0.00000872      0.00000052      0.0
<Jan23-2022> <09:53:20>  SCF converged
<Jan23-2022> <09:53:51>     10      0.00000329      0.00000023      0.0
<Jan23-2022> <09:54:11>  >>>> TOTEN
<Jan23-2022> <09:55:04>  >>>> POPAN
<Jan23-2022> <09:55:04>  >>>> DEBYE
<Jan23-2022> <09:55:05>  >>>> ENGRAD
<Jan23-2022> <09:56:34>  current energy                               -3.15500720 Hartree
<Jan23-2022> <09:56:34>  energy change                      -0.00000729     0.00017000    T
<Jan23-2022> <09:56:34>  constrained gradient max            0.00172759     0.00100000    F
<Jan23-2022> <09:56:34>  constrained gradient rms            0.00038287     0.00066667    T
<Jan23-2022> <09:56:34>  gradient max                        0.00172759
<Jan23-2022> <09:56:34>  gradient rms                        0.00038287
<Jan23-2022> <09:56:34>  cart. step max                      0.05647284     0.01000000    F
<Jan23-2022> <09:56:34>  cart. step rms                      0.02308456     0.00666667    F
<Jan23-2022> <09:56:34>  Iteration 17
<Jan23-2022> <09:56:34>  *** GOStep17 ***
<Jan23-2022> <09:56:35>  >>>> FRAGM
<Jan23-2022> <09:56:35>  Coordinates
<Jan23-2022> <09:56:35>     Atom         X           Y           Z   (Angstrom)
<Jan23-2022> <09:56:35>     1.H         0.455634   -1.935209    0.574295
<Jan23-2022> <09:56:35>     2.C        -1.024035   -0.315936    0.931524
<Jan23-2022> <09:56:35>     3.C         0.284308   -0.860412    0.493865
<Jan23-2022> <09:56:35>     4.C         1.358546   -0.070513   -0.039213
<Jan23-2022> <09:56:35>     5.O         1.322889    1.160034   -0.186178
<Jan23-2022> <09:56:35>     6.H        -1.022760    0.771036    0.811043
<Jan23-2022> <09:56:35>     7.H        -1.432036   -1.790186    2.506212
<Jan23-2022> <09:56:35>     8.C        -1.401284   -0.703366    2.374959
<Jan23-2022> <09:56:35>     9.H        -0.680766   -0.295385    3.090424
<Jan23-2022> <09:56:35>    10.H        -2.389916   -0.305413    2.624640
<Jan23-2022> <09:56:35>    11.H        -1.802313   -0.711885    0.257515
<Jan23-2022> <09:56:35>    12.H         2.268967   -0.639718   -0.330649
<Jan23-2022> <09:56:35>    13.Ti        2.733849    7.237691   -0.304177
<Jan23-2022> <09:56:35>    14.Cl        2.165797    5.154404   -0.566862
<Jan23-2022> <09:56:35>    15.Cl        3.757916    7.485552    1.613503
<Jan23-2022> <09:56:35>    16.Cl        0.940183    8.489822   -0.335745
<Jan23-2022> <09:56:35>    17.Cl        4.073140    7.838835   -1.926591
<Jan23-2022> <09:56:35>  >>>> CORORT
<Jan23-2022> <09:56:35>  >>>> CLSMAT
<Jan23-2022> <09:56:35>  >>>> ORTHON
<Jan23-2022> <09:56:36>  >>>> GENPT
<Jan23-2022> <09:56:36>  Block Length= 128
<Jan23-2022> <09:56:38>  >>>> PTBAS
<Jan23-2022> <09:56:56>  >>>> CYCLE
<Jan23-2022> <09:57:28>  using orbital data from restart file
<Jan23-2022> <09:57:59>              |Error|         MaxErr       Wt(A-DIIS)
<Jan23-2022> <09:57:59>      1      0.07852454      0.00932097
<Jan23-2022> <09:58:51>      2      0.00541033      0.00061041    100.0
<Jan23-2022> <09:59:41>      3      0.01295814      0.00109466    100.0
<Jan23-2022> <10:00:32>      4      0.00685114      0.00060551      0.0
<Jan23-2022> <10:01:23>      5      0.00170443      0.00023688      0.0
<Jan23-2022> <10:02:13>      6      0.00070868      0.00009866      0.0
<Jan23-2022> <10:03:03>      7      0.00020821      0.00002073      0.0
<Jan23-2022> <10:03:53>      8      0.00005806      0.00000506      0.0
<Jan23-2022> <10:04:45>      9      0.00002855      0.00000196      0.0
<Jan23-2022> <10:05:35>     10      0.00000885      0.00000060      0.0
<Jan23-2022> <10:05:55>  SCF converged
<Jan23-2022> <10:06:25>     11      0.00000551      0.00000055      0.0
<Jan23-2022> <10:06:45>  >>>> TOTEN
<Jan23-2022> <10:07:37>  >>>> POPAN
<Jan23-2022> <10:07:37>  >>>> DEBYE
<Jan23-2022> <10:07:38>  >>>> ENGRAD
<Jan23-2022> <10:09:04>  current energy                               -3.15501293 Hartree
<Jan23-2022> <10:09:05>  energy change                      -0.00000573     0.00017000    T
<Jan23-2022> <10:09:05>  constrained gradient max            0.00105643     0.00100000    F
<Jan23-2022> <10:09:05>  constrained gradient rms            0.00030267     0.00066667    T
<Jan23-2022> <10:09:05>  gradient max                        0.00105643
<Jan23-2022> <10:09:05>  gradient rms                        0.00030267
<Jan23-2022> <10:09:05>  cart. step max                      0.04670641     0.01000000    F
<Jan23-2022> <10:09:05>  cart. step rms                      0.01858632     0.00666667    F
<Jan23-2022> <10:09:05>  Iteration 18
<Jan23-2022> <10:09:05>  *** GOStep18 ***
<Jan23-2022> <10:09:06>  >>>> FRAGM
<Jan23-2022> <10:09:06>  Coordinates
<Jan23-2022> <10:09:06>     Atom         X           Y           Z   (Angstrom)
<Jan23-2022> <10:09:06>     1.H         0.464736   -1.942624    0.589803
<Jan23-2022> <10:09:06>     2.C        -1.031547   -0.335588    0.931890
<Jan23-2022> <10:09:06>     3.C         0.284009   -0.869774    0.503785
<Jan23-2022> <10:09:06>     4.C         1.353360   -0.072827   -0.026898
<Jan23-2022> <10:09:06>     5.O         1.308387    1.156590   -0.178327
<Jan23-2022> <10:09:06>     6.H        -1.039351    0.751065    0.808774
<Jan23-2022> <10:09:06>     7.H        -1.436951   -1.810081    2.506958
<Jan23-2022> <10:09:06>     8.C        -1.415021   -0.723307    2.373577
<Jan23-2022> <10:09:06>     9.H        -0.702945   -0.307417    3.092933
<Jan23-2022> <10:09:06>    10.H        -2.408808   -0.333697    2.615800
<Jan23-2022> <10:09:06>    11.H        -1.802059   -0.740072    0.253454
<Jan23-2022> <10:09:06>    12.H         2.271348   -0.634790   -0.309365
<Jan23-2022> <10:09:06>    13.Ti        2.751397    7.271183   -0.315082
<Jan23-2022> <10:09:06>    14.Cl        2.179002    5.189778   -0.588760
<Jan23-2022> <10:09:06>    15.Cl        3.801957    7.496983    1.590869
<Jan23-2022> <10:09:06>    16.Cl        0.961018    8.528388   -0.311232
<Jan23-2022> <10:09:06>    17.Cl        4.069591    7.885542   -1.949617
<Jan23-2022> <10:09:06>  >>>> CORORT
<Jan23-2022> <10:09:06>  >>>> CLSMAT
<Jan23-2022> <10:09:06>  >>>> ORTHON
<Jan23-2022> <10:09:06>  >>>> GENPT
<Jan23-2022> <10:09:07>  Block Length= 128
<Jan23-2022> <10:09:08>  >>>> PTBAS
<Jan23-2022> <10:09:26>  >>>> CYCLE
<Jan23-2022> <10:09:57>  using orbital data from restart file
<Jan23-2022> <10:10:28>              |Error|         MaxErr       Wt(A-DIIS)
<Jan23-2022> <10:10:28>      1      0.06969582      0.00835674
<Jan23-2022> <10:11:20>      2      0.00476539      0.00053850    100.0
<Jan23-2022> <10:12:11>      3      0.01225427      0.00110308    100.0
<Jan23-2022> <10:13:02>      4      0.00545433      0.00047099      0.0
<Jan23-2022> <10:13:53>      5      0.00135768      0.00014066      0.0
<Jan23-2022> <10:14:45>      6      0.00037117      0.00003672      0.0
<Jan23-2022> <10:15:36>      7      0.00018710      0.00002439      0.0
<Jan23-2022> <10:16:27>      8      0.00011005      0.00001582      0.0
<Jan23-2022> <10:17:17>      9      0.00004400      0.00000538      0.0
<Jan23-2022> <10:18:07>     10      0.00000905      0.00000066      0.0
<Jan23-2022> <10:18:29>  SCF converged
<Jan23-2022> <10:19:00>     11      0.00000470      0.00000029      0.0
<Jan23-2022> <10:19:21>  >>>> TOTEN
<Jan23-2022> <10:20:13>  >>>> POPAN
<Jan23-2022> <10:20:13>  >>>> DEBYE
<Jan23-2022> <10:20:13>  >>>> ENGRAD
<Jan23-2022> <10:21:41>  current energy                               -3.15501454 Hartree
<Jan23-2022> <10:21:41>  energy change                      -0.00000161     0.00017000    T
<Jan23-2022> <10:21:41>  constrained gradient max            0.00075560     0.00100000    T
<Jan23-2022> <10:21:41>  constrained gradient rms            0.00020406     0.00066667    T
<Jan23-2022> <10:21:41>  gradient max                        0.00075560
<Jan23-2022> <10:21:41>  gradient rms                        0.00020406
<Jan23-2022> <10:21:41>  cart. step max                      0.02323548     0.01000000    F
<Jan23-2022> <10:21:41>  cart. step rms                      0.00878045     0.00666667    F
<Jan23-2022> <10:21:41>  Iteration 19
<Jan23-2022> <10:21:42>  *** GOStep19 ***
<Jan23-2022> <10:21:42>  >>>> FRAGM
<Jan23-2022> <10:21:42>  Coordinates
<Jan23-2022> <10:21:42>     Atom         X           Y           Z   (Angstrom)
<Jan23-2022> <10:21:42>     1.H         0.468989   -1.946248    0.597178
<Jan23-2022> <10:21:42>     2.C        -1.034924   -0.345046    0.932970
<Jan23-2022> <10:21:42>     3.C         0.283806   -0.874382    0.508721
<Jan23-2022> <10:21:42>     4.C         1.350362   -0.073821   -0.021373
<Jan23-2022> <10:21:42>     5.O         1.299840    1.155210   -0.175265
<Jan23-2022> <10:21:42>     6.H        -1.046477    0.741517    0.809438
<Jan23-2022> <10:21:42>     7.H        -1.439683   -1.820741    2.506963
<Jan23-2022> <10:21:42>     8.C        -1.421384   -0.733912    2.373508
<Jan23-2022> <10:21:42>     9.H        -0.713062   -0.315315    3.095004
<Jan23-2022> <10:21:42>    10.H        -2.417338   -0.347953    2.612626
<Jan23-2022> <10:21:42>    11.H        -1.801872   -0.752359    0.252328
<Jan23-2022> <10:21:42>    12.H         2.271014   -0.632359   -0.301808
<Jan23-2022> <10:21:42>    13.Ti        2.760715    7.287886   -0.320660
<Jan23-2022> <10:21:42>    14.Cl        2.184942    5.207629   -0.600711
<Jan23-2022> <10:21:42>    15.Cl        3.819889    7.503568    1.581425
<Jan23-2022> <10:21:42>    16.Cl        0.971762    8.546901   -0.303428
<Jan23-2022> <10:21:42>    17.Cl        4.071544    7.908777   -1.958352
<Jan23-2022> <10:21:42>  >>>> CORORT
<Jan23-2022> <10:21:42>  >>>> CLSMAT
<Jan23-2022> <10:21:42>  >>>> ORTHON
<Jan23-2022> <10:21:42>  >>>> GENPT
<Jan23-2022> <10:21:43>  Block Length= 128
<Jan23-2022> <10:21:44>  >>>> PTBAS
<Jan23-2022> <10:22:03>  >>>> CYCLE
<Jan23-2022> <10:22:35>  using orbital data from restart file
<Jan23-2022> <10:23:05>              |Error|         MaxErr       Wt(A-DIIS)
<Jan23-2022> <10:23:05>      1      0.02906011      0.00357307
<Jan23-2022> <10:23:58>      2      0.00204851      0.00020591    100.0
<Jan23-2022> <10:24:50>      3      0.00330027      0.00028956    100.0
<Jan23-2022> <10:25:41>      4      0.00085760      0.00007592      0.0
<Jan23-2022> <10:26:32>      5      0.00101755      0.00009465      0.0
<Jan23-2022> <10:27:23>      6      0.00031690      0.00002675      0.0
<Jan23-2022> <10:28:14>      7      0.00018143      0.00002620      0.0
<Jan23-2022> <10:29:05>      8      0.00004743      0.00000525      0.0
<Jan23-2022> <10:29:55>      9      0.00001579      0.00000143      0.0
<Jan23-2022> <10:30:45>     10      0.00000426      0.00000030      0.0
<Jan23-2022> <10:31:04>  SCF converged
<Jan23-2022> <10:31:34>     11      0.00000168      0.00000012      0.0
<Jan23-2022> <10:31:54>  >>>> TOTEN
<Jan23-2022> <10:32:47>  >>>> POPAN
<Jan23-2022> <10:32:47>  >>>> DEBYE
<Jan23-2022> <10:32:48>  >>>> ENGRAD
<Jan23-2022> <10:34:14>  current energy                               -3.15501456 Hartree
<Jan23-2022> <10:34:14>  energy change                      -0.00000002     0.00017000    T
<Jan23-2022> <10:34:14>  constrained gradient max            0.00045286     0.00100000    T
<Jan23-2022> <10:34:14>  constrained gradient rms            0.00013734     0.00066667    T
<Jan23-2022> <10:34:14>  gradient max                        0.00045286
<Jan23-2022> <10:34:14>  gradient rms                        0.00013734
<Jan23-2022> <10:34:14>  cart. step max                      0.00649683     0.01000000    T
<Jan23-2022> <10:34:14>  cart. step rms                      0.00218476     0.00666667    T
<Jan23-2022> <10:34:14>  Geometry optimization converged
<Jan23-2022> <10:34:15>  *** adf ***
<Jan23-2022> <10:34:16>  Net Charge: 0 (Nuclei minus Electrons)
<Jan23-2022> <10:34:16>  Spin polar: 1 (Spin_A minus Spin_B electrons)
<Jan23-2022> <10:34:16>  Symmetry  : NOSYM
<Jan23-2022> <10:34:16>  >>>> FRAGM
<Jan23-2022> <10:34:16>  Coordinates
<Jan23-2022> <10:34:16>     Atom         X           Y           Z   (Angstrom)
<Jan23-2022> <10:34:16>     1.H         0.468989   -1.946248    0.597178
<Jan23-2022> <10:34:16>     2.C        -1.034924   -0.345046    0.932970
<Jan23-2022> <10:34:16>     3.C         0.283806   -0.874382    0.508721
<Jan23-2022> <10:34:16>     4.C         1.350362   -0.073821   -0.021373
<Jan23-2022> <10:34:16>     5.O         1.299840    1.155210   -0.175265
<Jan23-2022> <10:34:16>     6.H        -1.046477    0.741517    0.809438
<Jan23-2022> <10:34:16>     7.H        -1.439683   -1.820741    2.506963
<Jan23-2022> <10:34:16>     8.C        -1.421384   -0.733912    2.373508
<Jan23-2022> <10:34:16>     9.H        -0.713062   -0.315315    3.095004
<Jan23-2022> <10:34:16>    10.H        -2.417338   -0.347953    2.612626
<Jan23-2022> <10:34:16>    11.H        -1.801872   -0.752359    0.252328
<Jan23-2022> <10:34:16>    12.H         2.271014   -0.632359   -0.301808
<Jan23-2022> <10:34:16>    13.Ti        2.760715    7.287886   -0.320660
<Jan23-2022> <10:34:16>    14.Cl        2.184942    5.207629   -0.600711
<Jan23-2022> <10:34:16>    15.Cl        3.819889    7.503568    1.581425
<Jan23-2022> <10:34:16>    16.Cl        0.971762    8.546901   -0.303428
<Jan23-2022> <10:34:16>    17.Cl        4.071544    7.908777   -1.958352
<Jan23-2022> <10:34:16>  >>>> CORORT
<Jan23-2022> <10:34:16>  >>>> CLSMAT
<Jan23-2022> <10:34:16>  >>>> ORTHON
<Jan23-2022> <10:34:17>  >>>> GENPT
<Jan23-2022> <10:34:17>  Block Length= 128
<Jan23-2022> <10:34:19>  >>>> PTBAS
<Jan23-2022> <10:34:36>  >>>> CYCLE
<Jan23-2022> <10:35:08>  using orbital data from restart file
<Jan23-2022> <10:35:39>              |Error|         MaxErr       Wt(A-DIIS)
<Jan23-2022> <10:35:39>      1      0.00000045      0.00000007
<Jan23-2022> <10:36:30>      2      0.00000084      0.00000015    100.0
<Jan23-2022> <10:36:52>  SCF converged
<Jan23-2022> <10:37:23>      3      0.00000244      0.00000043    100.0
<Jan23-2022> <10:38:08>  >>>> TOTEN
<Jan23-2022> <10:39:57>  >>>> POPAN
<Jan23-2022> <10:39:57>  >>>> DEBYE
<Jan23-2022> <10:39:57>  >>>> AMETS
<Jan23-2022> <10:39:57>   Bond Energy          -3.15501456 a.u.
<Jan23-2022> <10:39:57>   Bond Energy         -85.85231434 eV
<Jan23-2022> <10:39:57>   Bond Energy       -1979.80       kcal/mol
<Jan23-2022> <10:39:57>  >>>> POPUL
<Jan23-2022> <10:39:59>  >>>> ENGRAD
<Jan23-2022> <10:41:27>  >>>> ENHESS
<Jan23-2022> <10:42:00>  === NUCLEUS:     1
<Jan23-2022> <11:12:00>  === NUCLEUS:     2
<Jan23-2022> <11:39:15>  === NUCLEUS:     3
<Jan23-2022> <12:07:48>  === NUCLEUS:     4
<Jan23-2022> <12:34:26>  === NUCLEUS:     5
<Jan23-2022> <13:00:19>  === NUCLEUS:     6
<Jan23-2022> <13:28:10>  === NUCLEUS:     7
<Jan23-2022> <13:54:36>  === NUCLEUS:     8
<Jan23-2022> <14:23:52>  === NUCLEUS:     9
<Jan23-2022> <14:54:32>  === NUCLEUS:    10
<Jan23-2022> <15:25:53>  === NUCLEUS:    11
<Jan23-2022> <15:55:13>  === NUCLEUS:    12
<Jan23-2022> <16:24:29>  === NUCLEUS:    13
<Jan23-2022> <16:49:27>  === NUCLEUS:    14
<Jan23-2022> <17:13:08>  === NUCLEUS:    15
<Jan23-2022> <17:36:35>  === NUCLEUS:    16
<Jan23-2022> <17:59:56>  === NUCLEUS:    17
<Jan23-2022> <18:22:38>  >>>> CALC_HESS_PMAT
<Jan23-2022> <18:26:36>  >>>> CALC_HESS_WMAT
<Jan23-2022> <18:27:04>  Scanning mode: 7
<Jan23-2022> <18:27:05>  *** SCANMODE_forward_adf_ScanMode_7 ***
<Jan23-2022> <18:27:05>  >>>> FRAGM
<Jan23-2022> <18:27:05>  Coordinates
<Jan23-2022> <18:27:05>     Atom         X           Y           Z   (Angstrom)
<Jan23-2022> <18:27:05>     1.H         0.468878   -1.946245    0.597070
<Jan23-2022> <18:27:05>     2.C        -1.034932   -0.344983    0.933038
<Jan23-2022> <18:27:05>     3.C         0.283740   -0.874367    0.508668
<Jan23-2022> <18:27:05>     4.C         1.350294   -0.073838   -0.021479
<Jan23-2022> <18:27:05>     5.O         1.299820    1.155202   -0.175321
<Jan23-2022> <18:27:05>     6.H        -1.046440    0.741586    0.809549
<Jan23-2022> <18:27:05>     7.H        -1.439642   -1.820719    2.507005
<Jan23-2022> <18:27:05>     8.C        -1.421300   -0.733885    2.373591
<Jan23-2022> <18:27:05>     9.H        -0.712902   -0.315351    3.095049
<Jan23-2022> <18:27:05>    10.H        -2.417217   -0.347887    2.612801
<Jan23-2022> <18:27:05>    11.H        -1.801952   -0.752231    0.252439
<Jan23-2022> <18:27:05>    12.H         2.270897   -0.632409   -0.302006
<Jan23-2022> <18:27:05>    13.Ti        2.760720    7.287880   -0.320655
<Jan23-2022> <18:27:05>    14.Cl        2.185009    5.207605   -0.600704
<Jan23-2022> <18:27:05>    15.Cl        3.819858    7.503601    1.581445
<Jan23-2022> <18:27:05>    16.Cl        0.971732    8.546846   -0.303460
<Jan23-2022> <18:27:05>    17.Cl        4.071558    7.908798   -1.958331
<Jan23-2022> <18:27:05>  >>>> CORORT
<Jan23-2022> <18:27:05>  >>>> CLSMAT
<Jan23-2022> <18:27:05>  >>>> ORTHON
<Jan23-2022> <18:27:06>  >>>> GENPT
<Jan23-2022> <18:27:06>  Block Length= 128
<Jan23-2022> <18:27:08>  >>>> PTBAS
<Jan23-2022> <18:27:45>  >>>> CYCLE
<Jan23-2022> <18:28:43>  using orbital data from restart file
<Jan23-2022> <18:29:44>              |Error|         MaxErr       Wt(A-DIIS)
<Jan23-2022> <18:29:44>      1      0.00026027      0.00003748
<Jan23-2022> <18:31:24>      2      0.00002183      0.00000154    100.0
<Jan23-2022> <18:33:05>      3      0.00001379      0.00000108    100.0
<Jan23-2022> <18:34:46>      4      0.00001936      0.00000156      0.0
<Jan23-2022> <18:36:25>      5      0.00001284      0.00000129      0.0
<Jan23-2022> <18:38:06>      6      0.00000465      0.00000062      0.0
<Jan23-2022> <18:38:47>  SCF converged
<Jan23-2022> <18:39:48>      7      0.00000142      0.00000012      0.0
<Jan23-2022> <18:40:26>  >>>> TOTEN
<Jan23-2022> <18:42:09>  >>>> POPAN
<Jan23-2022> <18:42:09>  >>>> DEBYE
<Jan23-2022> <18:42:09>  >>>> ENGRAD
<Jan23-2022> <19:03:23>  Scanning mode: 8
<Jan23-2022> <19:03:24>  *** SCANMODE_forward_adf_ScanMode_8 ***
<Jan23-2022> <19:03:24>  >>>> FRAGM
<Jan23-2022> <19:03:24>  Coordinates
<Jan23-2022> <19:03:24>     Atom         X           Y           Z   (Angstrom)
<Jan23-2022> <19:03:24>     1.H         0.469024   -1.946263    0.597096
<Jan23-2022> <19:03:24>     2.C        -1.034881   -0.345083    0.933028
<Jan23-2022> <19:03:24>     3.C         0.283826   -0.874396    0.508682
<Jan23-2022> <19:03:24>     4.C         1.350344   -0.073811   -0.021455
<Jan23-2022> <19:03:24>     5.O         1.299802    1.155224   -0.175308
<Jan23-2022> <19:03:24>     6.H        -1.046450    0.741484    0.809529
<Jan23-2022> <19:03:24>     7.H        -1.439531   -1.820827    2.507003
<Jan23-2022> <19:03:24>     8.C        -1.421249   -0.733994    2.373579
<Jan23-2022> <19:03:24>     9.H        -0.712885   -0.315412    3.095044
<Jan23-2022> <19:03:24>    10.H        -2.417191   -0.348050    2.612770
<Jan23-2022> <19:03:24>    11.H        -1.801868   -0.752382    0.252422
<Jan23-2022> <19:03:24>    12.H         2.270982   -0.632333   -0.301963
<Jan23-2022> <19:03:24>    13.Ti        2.760704    7.287895   -0.320657
<Jan23-2022> <19:03:24>    14.Cl        2.184820    5.207665   -0.600695
<Jan23-2022> <19:03:24>    15.Cl        3.819843    7.503543    1.581450
<Jan23-2022> <19:03:24>    16.Cl        0.971821    8.547010   -0.303487
<Jan23-2022> <19:03:24>    17.Cl        4.071608    7.908690   -1.958326
<Jan23-2022> <19:03:24>  >>>> CORORT
<Jan23-2022> <19:03:24>  >>>> CLSMAT
<Jan23-2022> <19:03:24>  >>>> ORTHON
<Jan23-2022> <19:03:25>  >>>> GENPT
<Jan23-2022> <19:03:25>  Block Length= 128
<Jan23-2022> <19:03:27>  >>>> PTBAS
<Jan23-2022> <19:04:03>  >>>> CYCLE
<Jan23-2022> <19:05:01>  using orbital data from restart file
<Jan23-2022> <19:06:02>              |Error|         MaxErr       Wt(A-DIIS)
<Jan23-2022> <19:06:02>      1      0.00029177      0.00002691
<Jan23-2022> <19:07:42>      2      0.00002314      0.00000138    100.0
<Jan23-2022> <19:09:22>      3      0.00005200      0.00000401    100.0
<Jan23-2022> <19:11:03>      4      0.00002703      0.00000240      0.0
<Jan23-2022> <19:12:44>      5      0.00001258      0.00000142      0.0
<Jan23-2022> <19:14:24>      6      0.00000345      0.00000043      0.0
<Jan23-2022> <19:15:04>  SCF converged
<Jan23-2022> <19:16:04>      7      0.00000116      0.00000009      0.0
<Jan23-2022> <19:16:45>  >>>> TOTEN
<Jan23-2022> <19:18:29>  >>>> POPAN
<Jan23-2022> <19:18:29>  >>>> DEBYE
<Jan23-2022> <19:18:29>  >>>> ENGRAD
<Jan23-2022> <19:39:47>  Scanning mode: 9
<Jan23-2022> <19:39:48>  *** SCANMODE_forward_adf_ScanMode_9 ***
<Jan23-2022> <19:39:48>  >>>> FRAGM
<Jan23-2022> <19:39:48>  Coordinates
<Jan23-2022> <19:39:48>     Atom         X           Y           Z   (Angstrom)
<Jan23-2022> <19:39:48>     1.H         0.469032   -1.946214    0.597329
<Jan23-2022> <19:39:48>     2.C        -1.034897   -0.345008    0.933035
<Jan23-2022> <19:39:48>     3.C         0.283838   -0.874354    0.508814
<Jan23-2022> <19:39:48>     4.C         1.350387   -0.073812   -0.021323
<Jan23-2022> <19:39:48>     5.O         1.299853    1.155211   -0.175281
<Jan23-2022> <19:39:48>     6.H        -1.046460    0.741548    0.809444
<Jan23-2022> <19:39:48>     7.H        -1.439640   -1.820621    2.507109
<Jan23-2022> <19:39:48>     8.C        -1.421352   -0.733799    2.373595
<Jan23-2022> <19:39:48>     9.H        -0.713034   -0.315155    3.095068
<Jan23-2022> <19:39:48>    10.H        -2.417310   -0.347838    2.612693
<Jan23-2022> <19:39:48>    11.H        -1.801841   -0.752366    0.252416
<Jan23-2022> <19:39:48>    12.H         2.271043   -0.632355   -0.301728
<Jan23-2022> <19:39:48>    13.Ti        2.760706    7.287872   -0.320680
<Jan23-2022> <19:39:48>    14.Cl        2.184924    5.207642   -0.600926
<Jan23-2022> <19:39:48>    15.Cl        3.819817    7.503385    1.581457
<Jan23-2022> <19:39:48>    16.Cl        0.971762    8.546900   -0.303404
<Jan23-2022> <19:39:48>    17.Cl        4.071594    7.908889   -1.958277
<Jan23-2022> <19:39:48>  >>>> CORORT
<Jan23-2022> <19:39:48>  >>>> CLSMAT
<Jan23-2022> <19:39:48>  >>>> ORTHON
<Jan23-2022> <19:39:48>  >>>> GENPT
<Jan23-2022> <19:39:49>  Block Length= 128
<Jan23-2022> <19:39:51>  >>>> PTBAS
<Jan23-2022> <19:40:27>  >>>> CYCLE
<Jan23-2022> <19:41:25>  using orbital data from restart file
<Jan23-2022> <19:42:25>              |Error|         MaxErr       Wt(A-DIIS)
<Jan23-2022> <19:42:25>      1      0.00039023      0.00004690
<Jan23-2022> <19:44:05>      2      0.00002338      0.00000283    100.0
<Jan23-2022> <19:45:43>      3      0.00001425      0.00000177    100.0
<Jan23-2022> <19:47:19>      4      0.00002271      0.00000184      0.0
<Jan23-2022> <19:48:55>      5      0.00000715      0.00000096      0.0
<Jan23-2022> <19:49:33>  SCF converged
<Jan23-2022> <19:50:32>      6      0.00000257      0.00000036      0.0
<Jan23-2022> <19:51:11>  >>>> TOTEN
<Jan23-2022> <19:52:53>  >>>> POPAN
<Jan23-2022> <19:52:53>  >>>> DEBYE
<Jan23-2022> <19:52:53>  >>>> ENGRAD
<Jan23-2022> <20:15:01>  Scanning mode: 10
<Jan23-2022> <20:15:02>  *** SCANMODE_forward_adf_ScanMode_10 ***
<Jan23-2022> <20:15:02>  >>>> FRAGM
<Jan23-2022> <20:15:02>  Coordinates
<Jan23-2022> <20:15:02>     Atom         X           Y           Z   (Angstrom)
<Jan23-2022> <20:15:02>     1.H         0.468936   -1.946224    0.597199
<Jan23-2022> <20:15:02>     2.C        -1.034886   -0.344927    0.932942
<Jan23-2022> <20:15:02>     3.C         0.283815   -0.874350    0.508712
<Jan23-2022> <20:15:02>     4.C         1.350419   -0.073865   -0.021400
<Jan23-2022> <20:15:02>     5.O         1.299968    1.155165   -0.175326
<Jan23-2022> <20:15:02>     6.H        -1.046376    0.741634    0.809380
<Jan23-2022> <20:15:02>     7.H        -1.439735   -1.820554    2.506974
<Jan23-2022> <20:15:02>     8.C        -1.421373   -0.733730    2.373490
<Jan23-2022> <20:15:02>     9.H        -0.713029   -0.315153    3.094977
<Jan23-2022> <20:15:02>    10.H        -2.417306   -0.347707    2.612594
<Jan23-2022> <20:15:02>    11.H        -1.801855   -0.752214    0.252309
<Jan23-2022> <20:15:02>    12.H         2.271039   -0.632463   -0.301817
<Jan23-2022> <20:15:02>    13.Ti        2.760697    7.287868   -0.320649
<Jan23-2022> <20:15:02>    14.Cl        2.184892    5.207615   -0.600674
<Jan23-2022> <20:15:02>    15.Cl        3.819886    7.503554    1.581426
<Jan23-2022> <20:15:03>    16.Cl        0.971760    8.546907   -0.303418
<Jan23-2022> <20:15:03>    17.Cl        4.071522    7.908724   -1.958357
<Jan23-2022> <20:15:03>  >>>> CORORT
<Jan23-2022> <20:15:03>  >>>> CLSMAT
<Jan23-2022> <20:15:03>  >>>> ORTHON
<Jan23-2022> <20:15:03>  >>>> GENPT
<Jan23-2022> <20:15:04>  Block Length= 128
<Jan23-2022> <20:15:05>  >>>> PTBAS
<Jan23-2022> <20:15:40>  >>>> CYCLE
<Jan23-2022> <20:16:37>  using orbital data from restart file
<Jan23-2022> <20:17:37>              |Error|         MaxErr       Wt(A-DIIS)
<Jan23-2022> <20:17:37>      1      0.00020997      0.00004768
<Jan23-2022> <20:19:13>      2      0.00001652      0.00000121    100.0
<Jan23-2022> <20:20:50>      3      0.00000951      0.00000070    100.0
<Jan23-2022> <20:21:29>  SCF converged
<Jan23-2022> <20:22:28>      4      0.00001804      0.00000147      0.0
<Jan23-2022> <20:23:06>  >>>> TOTEN
<Jan23-2022> <20:24:46>  >>>> POPAN
<Jan23-2022> <20:24:46>  >>>> DEBYE
<Jan23-2022> <20:24:46>  >>>> ENGRAD
<Jan23-2022> <20:50:06>  Scanning mode: 11
<Jan23-2022> <20:50:07>  *** SCANMODE_forward_adf_ScanMode_11 ***
<Jan23-2022> <20:50:07>  >>>> FRAGM
<Jan23-2022> <20:50:08>  Coordinates
<Jan23-2022> <20:50:08>     Atom         X           Y           Z   (Angstrom)
<Jan23-2022> <20:50:08>     1.H         0.469135   -1.946217    0.597355
<Jan23-2022> <20:50:08>     2.C        -1.034919   -0.345106    0.932948
<Jan23-2022> <20:50:08>     3.C         0.283863   -0.874376    0.508781
<Jan23-2022> <20:50:08>     4.C         1.350364   -0.073781   -0.021375
<Jan23-2022> <20:50:08>     5.O         1.299742    1.155230   -0.175396
<Jan23-2022> <20:50:08>     6.H        -1.046563    0.741442    0.809295
<Jan23-2022> <20:50:08>     7.H        -1.439576   -1.820659    2.507101
<Jan23-2022> <20:50:08>     8.C        -1.421369   -0.733843    2.373524
<Jan23-2022> <20:50:08>     9.H        -0.713096   -0.315103    3.094985
<Jan23-2022> <20:50:08>    10.H        -2.417361   -0.347944    2.612582
<Jan23-2022> <20:50:08>    11.H        -1.801821   -0.752561    0.252339
<Jan23-2022> <20:50:08>    12.H         2.271068   -0.632271   -0.301733
<Jan23-2022> <20:50:08>    13.Ti        2.760717    7.287881   -0.320653
<Jan23-2022> <20:50:08>    14.Cl        2.184952    5.207618   -0.600690
<Jan23-2022> <20:50:08>    15.Cl        3.819891    7.503579    1.581430
<Jan23-2022> <20:50:08>    16.Cl        0.971759    8.546888   -0.303429
<Jan23-2022> <20:50:08>    17.Cl        4.071543    7.908765   -1.958350
<Jan23-2022> <20:50:08>  >>>> CORORT
<Jan23-2022> <20:50:08>  >>>> CLSMAT
<Jan23-2022> <20:50:08>  >>>> ORTHON
<Jan23-2022> <20:50:08>  >>>> GENPT
<Jan23-2022> <20:50:09>  Block Length= 128
<Jan23-2022> <20:50:10>  >>>> PTBAS
<Jan23-2022> <20:50:45>  >>>> CYCLE
<Jan23-2022> <20:51:41>  using orbital data from restart file
<Jan23-2022> <20:52:40>              |Error|         MaxErr       Wt(A-DIIS)
<Jan23-2022> <20:52:40>      1      0.00040577      0.00008319
<Jan23-2022> <20:54:18>      2      0.00002378      0.00000261    100.0
<Jan23-2022> <20:55:56>      3      0.00004455      0.00000368    100.0
<Jan23-2022> <20:57:33>      4      0.00003855      0.00000364      0.0
<Jan23-2022> <20:59:11>      5      0.00001436      0.00000171      0.0
<Jan23-2022> <21:00:49>      6      0.00000493      0.00000067      0.0
<Jan23-2022> <21:01:27>  SCF converged
<Jan23-2022> <21:02:27>      7      0.00000245      0.00000024      0.0
<Jan23-2022> <21:03:06>  >>>> TOTEN
<Jan23-2022> <21:04:48>  >>>> POPAN
<Jan23-2022> <21:04:48>  >>>> DEBYE
<Jan23-2022> <21:04:48>  >>>> ENGRAD
<Jan23-2022> <21:25:15>  Scanning mode: 12
<Jan23-2022> <21:25:16>  *** SCANMODE_forward_adf_ScanMode_12 ***
<Jan23-2022> <21:25:16>  >>>> FRAGM
<Jan23-2022> <21:25:16>  Coordinates
<Jan23-2022> <21:25:16>     Atom         X           Y           Z   (Angstrom)
<Jan23-2022> <21:25:16>     1.H         0.469065   -1.946108    0.597072
<Jan23-2022> <21:25:16>     2.C        -1.034893   -0.344967    0.932956
<Jan23-2022> <21:25:16>     3.C         0.283852   -0.874242    0.508677
<Jan23-2022> <21:25:16>     4.C         1.350386   -0.073621   -0.021371
<Jan23-2022> <21:25:16>     5.O         1.299829    1.155418   -0.175193
<Jan23-2022> <21:25:16>     6.H        -1.046475    0.741603    0.809489
<Jan23-2022> <21:25:16>     7.H        -1.439613   -1.820768    2.506860
<Jan23-2022> <21:25:16>     8.C        -1.421343   -0.733930    2.373471
<Jan23-2022> <21:25:16>     9.H        -0.713034   -0.315357    3.094993
<Jan23-2022> <21:25:16>    10.H        -2.417309   -0.348013    2.612611
<Jan23-2022> <21:25:16>    11.H        -1.801829   -0.752260    0.252289
<Jan23-2022> <21:25:16>    12.H         2.271053   -0.632116   -0.301838
<Jan23-2022> <21:25:16>    13.Ti        2.760706    7.287841   -0.320658
<Jan23-2022> <21:25:16>    14.Cl        2.184937    5.207582   -0.600704
<Jan23-2022> <21:25:16>    15.Cl        3.819879    7.503529    1.581426
<Jan23-2022> <21:25:16>    16.Cl        0.971748    8.546851   -0.303430
<Jan23-2022> <21:25:16>    17.Cl        4.071533    7.908730   -1.958353
<Jan23-2022> <21:25:16>  >>>> CORORT
<Jan23-2022> <21:25:16>  >>>> CLSMAT
<Jan23-2022> <21:25:16>  >>>> ORTHON
<Jan23-2022> <21:25:16>  >>>> GENPT
<Jan23-2022> <21:25:17>  Block Length= 128
<Jan23-2022> <21:25:19>  >>>> PTBAS
<Jan23-2022> <21:25:54>  >>>> CYCLE
<Jan23-2022> <21:26:49>  using orbital data from restart file
<Jan23-2022> <21:27:49>              |Error|         MaxErr       Wt(A-DIIS)
<Jan23-2022> <21:27:49>      1      0.00020182      0.00004747
<Jan23-2022> <21:29:26>      2      0.00001629      0.00000155    100.0
<Jan23-2022> <21:31:02>      3      0.00004042      0.00000456    100.0
<Jan23-2022> <21:32:38>      4      0.00001405      0.00000110      0.0
<Jan23-2022> <21:34:16>      5      0.00001207      0.00000101      0.0
<Jan23-2022> <21:35:54>      6      0.00000254      0.00000031      0.0
<Jan23-2022> <21:36:32>  SCF converged
<Jan23-2022> <21:37:31>      7      0.00000092      0.00000007      0.0
<Jan23-2022> <21:38:09>  >>>> TOTEN
<Jan23-2022> <21:39:50>  >>>> POPAN
<Jan23-2022> <21:39:50>  >>>> DEBYE
<Jan23-2022> <21:39:51>  >>>> ENGRAD
<Jan23-2022> <22:00:16>  PES point character: Geometry corresponds to a local minimum on the PES.
<Jan23-2022> <22:00:16>  Geometry optimization successful!
<Jan23-2022> <22:00:17>  WARNING: total elapsed time is much higher than the (CPU+system) time.
<Jan23-2022> <22:00:17>  Make sure the machine is not oversubscribed and has enough memory, SCM_TMPDIR points to a fast file system, and the network is fast enough.
<Jan23-2022> <22:00:17>  NORMAL TERMINATION
