<Jan22-2022> <23:27:03>  AMS 2021.102  RunTime: Jan22-2022 23:27:03  ShM Nodes: 1  Procs: 4
<Jan22-2022> <23:27:04>  ADF 2021.102  RunTime: Jan22-2022 23:27:04  ShM Nodes: 1  Procs: 4
<Jan22-2022> <23:27:04>  *** (NO TITLE) ***
<Jan22-2022> <23:27:04>  Iteration 1
<Jan22-2022> <23:27:04>  DIRAC 2021.102  RunTime: Jan22-2022 23:27:04  ShM Nodes: 1  Procs: 1
<Jan22-2022> <23:27:04>  Hydrogen (TZ2P)
<Jan22-2022> <23:27:04>  Net Charge: 0 (Nuclei minus Electrons)
<Jan22-2022> <23:27:04>  Symmetry  : ATOM
<Jan22-2022> <23:27:04>  Coordinates
<Jan22-2022> <23:27:04>     Atom         X           Y           Z   (Angstrom)
<Jan22-2022> <23:27:04>     1.H         0.000000    0.000000    0.000000
<Jan22-2022> <23:27:04>  >>>> CORORT
<Jan22-2022> <23:27:04>  >>>> CLSMAT
<Jan22-2022> <23:27:04>  >>>> ORTHON
<Jan22-2022> <23:27:04>  >>>> GENPT
<Jan22-2022> <23:27:04>  Block Length=  64
<Jan22-2022> <23:27:05>  >>>> PTBAS
<Jan22-2022> <23:27:05>  >>>> CYCLE
<Jan22-2022> <23:27:05>              |Error|         MaxErr       Wt(A-DIIS)
<Jan22-2022> <23:27:05>      1      0.00000000      0.00000000
<Jan22-2022> <23:27:05>      2      0.03080019      0.02591482
<Jan22-2022> <23:27:05>      3      0.01140383      0.01135775    100.0
<Jan22-2022> <23:27:05>      4      0.00327656      0.00327407      2.3
<Jan22-2022> <23:27:05>      5      0.00010041      0.00009754      0.0
<Jan22-2022> <23:27:05>      6      0.00000525      0.00000504      0.0
<Jan22-2022> <23:27:05>      7      0.00000007      0.00000007      0.0
<Jan22-2022> <23:27:05>      8      0.00000000      0.00000000      0.0
<Jan22-2022> <23:27:05>  SCF converged
<Jan22-2022> <23:27:05>      9      0.00000000      0.00000000      0.0
<Jan22-2022> <23:27:05>  >>>> POPAN
<Jan22-2022> <23:27:05>  >>>> DEBYE
<Jan22-2022> <23:27:05>  DIRAC 2021.102  RunTime: Jan22-2022 23:27:05  ShM Nodes: 1  Procs: 1
<Jan22-2022> <23:27:05>  Carbon (TZ2P)
<Jan22-2022> <23:27:06>  Net Charge: 0 (Nuclei minus Electrons)
<Jan22-2022> <23:27:06>  Symmetry  : ATOM
<Jan22-2022> <23:27:06>  Coordinates
<Jan22-2022> <23:27:06>     Atom         X           Y           Z   (Angstrom)
<Jan22-2022> <23:27:06>     1.C         0.000000    0.000000    0.000000
<Jan22-2022> <23:27:06>  >>>> CORORT
<Jan22-2022> <23:27:06>  >>>> CLSMAT
<Jan22-2022> <23:27:06>  >>>> ORTHON
<Jan22-2022> <23:27:06>  >>>> GENPT
<Jan22-2022> <23:27:06>  Block Length=  72
<Jan22-2022> <23:27:06>  >>>> PTBAS
<Jan22-2022> <23:27:06>  >>>> CYCLE
<Jan22-2022> <23:27:06>              |Error|         MaxErr       Wt(A-DIIS)
<Jan22-2022> <23:27:06>      1      0.00000000      0.00000000
<Jan22-2022> <23:27:06>      2      4.48405934      3.32161898    100.0
<Jan22-2022> <23:27:06>      3      1.60718414      1.28408746    100.0
<Jan22-2022> <23:27:06>      4      0.76426456      0.62272052    100.0
<Jan22-2022> <23:27:06>      5      0.36119063      0.28553990    100.0
<Jan22-2022> <23:27:06>      6      0.14821424      0.11559867    100.0
<Jan22-2022> <23:27:06>      7      0.10108424      0.07867111     78.5
<Jan22-2022> <23:27:06>      8      0.01786531      0.01387049     13.0
<Jan22-2022> <23:27:06>      9      0.00195746      0.00153262      0.5
<Jan22-2022> <23:27:06>     10      0.00001058      0.00000730      0.0
<Jan22-2022> <23:27:06>     11      0.00000047      0.00000027      0.0
<Jan22-2022> <23:27:06>     12      0.00000003      0.00000002      0.0
<Jan22-2022> <23:27:06>     13      0.00000000      0.00000000      0.0
<Jan22-2022> <23:27:06>  SCF converged
<Jan22-2022> <23:27:06>     14      0.00000000      0.00000000      0.0
<Jan22-2022> <23:27:06>  >>>> POPAN
<Jan22-2022> <23:27:06>  >>>> DEBYE
<Jan22-2022> <23:27:06>  *** GOStep1 ***
<Jan22-2022> <23:27:07>  >>>> FRAGM
<Jan22-2022> <23:27:07>  Coordinates
<Jan22-2022> <23:27:07>     Atom         X           Y           Z   (Angstrom)
<Jan22-2022> <23:27:07>     1.H         2.053570   -0.803441    0.000000
<Jan22-2022> <23:27:07>     2.C         0.972937   -0.695741    0.000000
<Jan22-2022> <23:27:07>     3.H         0.663467   -0.150351    0.886617
<Jan22-2022> <23:27:07>     4.H         0.663467    0.150351   -0.886617
<Jan22-2022> <23:27:07>  >>>> CORORT
<Jan22-2022> <23:27:07>  >>>> CLSMAT
<Jan22-2022> <23:27:07>  >>>> ORTHON
<Jan22-2022> <23:27:07>  >>>> GENPT
<Jan22-2022> <23:27:07>  Block Length= 128
<Jan22-2022> <23:27:07>  >>>> PTBAS
<Jan22-2022> <23:27:07>  >>>> CYCLE
<Jan22-2022> <23:27:11>              |Error|         MaxErr       Wt(A-DIIS)
<Jan22-2022> <23:27:11>      1      1.82550844      0.37604047
<Jan22-2022> <23:27:14>      2      0.43473674      0.04919750    100.0
<Jan22-2022> <23:27:16>      3      0.41343507      0.05953285    100.0
<Jan22-2022> <23:27:19>      4      0.05484385      0.00563789      4.7
<Jan22-2022> <23:27:22>      5      0.01218287      0.00187576      0.9
<Jan22-2022> <23:27:25>      6      0.00143899      0.00017142      0.0
<Jan22-2022> <23:27:28>      7      0.00043138      0.00004931      0.0
<Jan22-2022> <23:27:30>      8      0.00015256      0.00001901      0.0
<Jan22-2022> <23:27:33>      9      0.00003797      0.00000480      0.0
<Jan22-2022> <23:27:36>     10      0.00000591      0.00000095      0.0
<Jan22-2022> <23:27:37>  SCF converged
<Jan22-2022> <23:27:39>     11      0.00000154      0.00000025      0.0
<Jan22-2022> <23:27:39>  >>>> TOTEN
<Jan22-2022> <23:27:43>  >>>> POPAN
<Jan22-2022> <23:27:43>  >>>> DEBYE
<Jan22-2022> <23:27:43>  >>>> ENGRAD
<Jan22-2022> <23:27:45>  current energy                               -0.61784933 Hartree
<Jan22-2022> <23:27:45>  energy change                      -0.61784933     0.00004000    F
<Jan22-2022> <23:27:45>  constrained gradient max            0.16087428     0.00100000    F
<Jan22-2022> <23:27:45>  constrained gradient rms            0.06525784     0.00066667    F
<Jan22-2022> <23:27:45>  gradient max                        0.16087428
<Jan22-2022> <23:27:45>  gradient rms                        0.06525784
<Jan22-2022> <23:27:45>  cart. step max                      0.03789453     0.01000000    F
<Jan22-2022> <23:27:45>  cart. step rms                      0.01692117     0.00666667    F
<Jan22-2022> <23:27:45>  Iteration 2
<Jan22-2022> <23:27:46>  *** GOStep2 ***
<Jan22-2022> <23:27:46>  >>>> FRAGM
<Jan22-2022> <23:27:46>  Coordinates
<Jan22-2022> <23:27:46>     Atom         X           Y           Z   (Angstrom)
<Jan22-2022> <23:27:46>     1.H         2.052753   -0.808464   -0.016502
<Jan22-2022> <23:27:46>     2.C         0.973431   -0.657847   -0.010312
<Jan22-2022> <23:27:46>     3.H         0.648892   -0.155785    0.903096
<Jan22-2022> <23:27:46>     4.H         0.678365    0.122913   -0.876282
<Jan22-2022> <23:27:46>  >>>> CORORT
<Jan22-2022> <23:27:46>  >>>> CLSMAT
<Jan22-2022> <23:27:46>  >>>> ORTHON
<Jan22-2022> <23:27:46>  >>>> GENPT
<Jan22-2022> <23:27:46>  Block Length= 128
<Jan22-2022> <23:27:46>  >>>> PTBAS
<Jan22-2022> <23:27:47>  >>>> CYCLE
<Jan22-2022> <23:27:49>  using orbital data from restart file
<Jan22-2022> <23:27:51>              |Error|         MaxErr       Wt(A-DIIS)
<Jan22-2022> <23:27:51>      1      0.11646284      0.03030531
<Jan22-2022> <23:27:53>      2      0.02424311      0.00276688    100.0
<Jan22-2022> <23:27:56>      3      0.01459030      0.00188405    100.0
<Jan22-2022> <23:27:59>      4      0.01504940      0.00172223      0.7
<Jan22-2022> <23:28:02>      5      0.00038842      0.00005526      0.0
<Jan22-2022> <23:28:05>      6      0.00009391      0.00000934      0.0
<Jan22-2022> <23:28:07>      7      0.00001481      0.00000173      0.0
<Jan22-2022> <23:28:10>      8      0.00000527      0.00000074      0.0
<Jan22-2022> <23:28:10>  SCF converged
<Jan22-2022> <23:28:12>      9      0.00000081      0.00000010      0.0
<Jan22-2022> <23:28:13>  >>>> TOTEN
<Jan22-2022> <23:28:16>  >>>> POPAN
<Jan22-2022> <23:28:16>  >>>> DEBYE
<Jan22-2022> <23:28:16>  >>>> ENGRAD
<Jan22-2022> <23:28:18>  current energy                               -0.62853719 Hartree
<Jan22-2022> <23:28:18>  energy change                      -0.01068786     0.00004000    F
<Jan22-2022> <23:28:18>  constrained gradient max            0.13347270     0.00100000    F
<Jan22-2022> <23:28:18>  constrained gradient rms            0.05213982     0.00066667    F
<Jan22-2022> <23:28:18>  gradient max                        0.13347270
<Jan22-2022> <23:28:18>  gradient rms                        0.05213982
<Jan22-2022> <23:28:18>  cart. step max                      0.07281860     0.01000000    F
<Jan22-2022> <23:28:18>  cart. step rms                      0.03354442     0.00666667    F
<Jan22-2022> <23:28:18>  Iteration 3
<Jan22-2022> <23:28:18>  *** GOStep3 ***
<Jan22-2022> <23:28:19>  >>>> FRAGM
<Jan22-2022> <23:28:19>  Coordinates
<Jan22-2022> <23:28:19>     Atom         X           Y           Z   (Angstrom)
<Jan22-2022> <23:28:19>     1.H         2.040892   -0.811882   -0.042127
<Jan22-2022> <23:28:19>     2.C         0.972147   -0.585028   -0.037269
<Jan22-2022> <23:28:19>     3.H         0.630782   -0.166253    0.915368
<Jan22-2022> <23:28:19>     4.H         0.709620    0.063981   -0.835972
<Jan22-2022> <23:28:19>  >>>> CORORT
<Jan22-2022> <23:28:19>  >>>> CLSMAT
<Jan22-2022> <23:28:19>  >>>> ORTHON
<Jan22-2022> <23:28:19>  >>>> GENPT
<Jan22-2022> <23:28:19>  Block Length= 128
<Jan22-2022> <23:28:19>  >>>> PTBAS
<Jan22-2022> <23:28:19>  >>>> CYCLE
<Jan22-2022> <23:28:21>  using orbital data from restart file
<Jan22-2022> <23:28:23>              |Error|         MaxErr       Wt(A-DIIS)
<Jan22-2022> <23:28:23>      1      0.30478414      0.08077309
<Jan22-2022> <23:28:26>      2      0.04288924      0.00506841    100.0
<Jan22-2022> <23:28:29>      3      0.02632068      0.00344924    100.0
<Jan22-2022> <23:28:31>      4      0.02595773      0.00279750      1.8
<Jan22-2022> <23:28:34>      5      0.00090493      0.00014295      0.0
<Jan22-2022> <23:28:36>      6      0.00016321      0.00002220      0.0
<Jan22-2022> <23:28:39>      7      0.00004639      0.00000616      0.0
<Jan22-2022> <23:28:42>      8      0.00001183      0.00000197      0.0
<Jan22-2022> <23:28:44>      9      0.00000138      0.00000015      0.0
<Jan22-2022> <23:28:45>  SCF converged
<Jan22-2022> <23:28:47>     10      0.00000030      0.00000004      0.0
<Jan22-2022> <23:28:48>  >>>> TOTEN
<Jan22-2022> <23:28:51>  >>>> POPAN
<Jan22-2022> <23:28:51>  >>>> DEBYE
<Jan22-2022> <23:28:51>  >>>> ENGRAD
<Jan22-2022> <23:28:53>  current energy                               -0.63918818 Hartree
<Jan22-2022> <23:28:53>  energy change                      -0.01065098     0.00004000    F
<Jan22-2022> <23:28:53>  constrained gradient max            0.04017636     0.00100000    F
<Jan22-2022> <23:28:53>  constrained gradient rms            0.02447855     0.00066667    F
<Jan22-2022> <23:28:53>  gradient max                        0.04017636
<Jan22-2022> <23:28:53>  gradient rms                        0.02447855
<Jan22-2022> <23:28:53>  cart. step max                      0.05066219     0.01000000    F
<Jan22-2022> <23:28:53>  cart. step rms                      0.02572289     0.00666667    F
<Jan22-2022> <23:28:53>  Iteration 4
<Jan22-2022> <23:28:53>  *** GOStep4 ***
<Jan22-2022> <23:28:54>  >>>> FRAGM
<Jan22-2022> <23:28:54>  Coordinates
<Jan22-2022> <23:28:54>     Atom         X           Y           Z   (Angstrom)
<Jan22-2022> <23:28:54>     1.H         2.043652   -0.836604   -0.027403
<Jan22-2022> <23:28:54>     2.C         0.995916   -0.534366   -0.030120
<Jan22-2022> <23:28:54>     3.H         0.629889   -0.191278    0.939054
<Jan22-2022> <23:28:54>     4.H         0.683984    0.063066   -0.881531
<Jan22-2022> <23:28:54>  >>>> CORORT
<Jan22-2022> <23:28:54>  >>>> CLSMAT
<Jan22-2022> <23:28:54>  >>>> ORTHON
<Jan22-2022> <23:28:54>  >>>> GENPT
<Jan22-2022> <23:28:54>  Block Length= 128
<Jan22-2022> <23:28:54>  >>>> PTBAS
<Jan22-2022> <23:28:55>  >>>> CYCLE
<Jan22-2022> <23:28:57>  using orbital data from restart file
<Jan22-2022> <23:28:59>              |Error|         MaxErr       Wt(A-DIIS)
<Jan22-2022> <23:28:59>      1      0.08283935      0.01529630
<Jan22-2022> <23:29:02>      2      0.02452429      0.00349152    100.0
<Jan22-2022> <23:29:04>      3      0.01982268      0.00285660    100.0
<Jan22-2022> <23:29:07>      4      0.01947520      0.00280745      1.8
<Jan22-2022> <23:29:10>      5      0.00603874      0.00110285      0.1
<Jan22-2022> <23:29:13>      6      0.00033788      0.00004610      0.0
<Jan22-2022> <23:29:16>      7      0.00022010      0.00003014      0.0
<Jan22-2022> <23:29:18>      8      0.00002610      0.00000315      0.0
<Jan22-2022> <23:29:21>      9      0.00000197      0.00000022      0.0
<Jan22-2022> <23:29:22>  SCF converged
<Jan22-2022> <23:29:24>     10      0.00000060      0.00000008      0.0
<Jan22-2022> <23:29:24>  >>>> TOTEN
<Jan22-2022> <23:29:27>  >>>> POPAN
<Jan22-2022> <23:29:27>  >>>> DEBYE
<Jan22-2022> <23:29:27>  >>>> ENGRAD
<Jan22-2022> <23:29:29>  current energy                               -0.64388726 Hartree
<Jan22-2022> <23:29:29>  energy change                      -0.00469909     0.00004000    F
<Jan22-2022> <23:29:29>  constrained gradient max            0.03084097     0.00100000    F
<Jan22-2022> <23:29:29>  constrained gradient rms            0.01331012     0.00066667    F
<Jan22-2022> <23:29:29>  gradient max                        0.03084097
<Jan22-2022> <23:29:29>  gradient rms                        0.01331012
<Jan22-2022> <23:29:29>  cart. step max                      0.06275230     0.01000000    F
<Jan22-2022> <23:29:29>  cart. step rms                      0.02425708     0.00666667    F
<Jan22-2022> <23:29:29>  Iteration 5
<Jan22-2022> <23:29:30>  *** GOStep5 ***
<Jan22-2022> <23:29:30>  >>>> FRAGM
<Jan22-2022> <23:29:30>  Coordinates
<Jan22-2022> <23:29:30>     Atom         X           Y           Z   (Angstrom)
<Jan22-2022> <23:29:30>     1.H         2.039870   -0.860261   -0.027170
<Jan22-2022> <23:29:30>     2.C         1.025241   -0.471614   -0.022404
<Jan22-2022> <23:29:30>     3.H         0.619102   -0.213787    0.950603
<Jan22-2022> <23:29:30>     4.H         0.669227    0.046480   -0.901029
<Jan22-2022> <23:29:30>  >>>> CORORT
<Jan22-2022> <23:29:30>  >>>> CLSMAT
<Jan22-2022> <23:29:30>  >>>> ORTHON
<Jan22-2022> <23:29:30>  >>>> GENPT
<Jan22-2022> <23:29:30>  Block Length= 128
<Jan22-2022> <23:29:30>  >>>> PTBAS
<Jan22-2022> <23:29:30>  >>>> CYCLE
<Jan22-2022> <23:29:33>  using orbital data from restart file
<Jan22-2022> <23:29:34>              |Error|         MaxErr       Wt(A-DIIS)
<Jan22-2022> <23:29:34>      1      0.07635390      0.01438340
<Jan22-2022> <23:29:37>      2      0.03006205      0.00412399    100.0
<Jan22-2022> <23:29:40>      3      0.02022295      0.00289184    100.0
<Jan22-2022> <23:29:42>      4      0.01399375      0.00237423      1.4
<Jan22-2022> <23:29:45>      5      0.00080389      0.00012994      0.0
<Jan22-2022> <23:29:48>      6      0.00009647      0.00001115      0.0
<Jan22-2022> <23:29:51>      7      0.00001489      0.00000189      0.0
<Jan22-2022> <23:29:53>      8      0.00000481      0.00000054      0.0
<Jan22-2022> <23:29:54>  SCF converged
<Jan22-2022> <23:29:56>      9      0.00000280      0.00000039      0.0
<Jan22-2022> <23:29:57>  >>>> TOTEN
<Jan22-2022> <23:30:00>  >>>> POPAN
<Jan22-2022> <23:30:00>  >>>> DEBYE
<Jan22-2022> <23:30:00>  >>>> ENGRAD
<Jan22-2022> <23:30:02>  current energy                               -0.64641295 Hartree
<Jan22-2022> <23:30:02>  energy change                      -0.00252569     0.00004000    F
<Jan22-2022> <23:30:02>  constrained gradient max            0.01615978     0.00100000    F
<Jan22-2022> <23:30:02>  constrained gradient rms            0.00749094     0.00066667    F
<Jan22-2022> <23:30:02>  gradient max                        0.01615978
<Jan22-2022> <23:30:02>  gradient rms                        0.00749094
<Jan22-2022> <23:30:02>  cart. step max                      0.04256834     0.01000000    F
<Jan22-2022> <23:30:03>  cart. step rms                      0.01843417     0.00666667    F
<Jan22-2022> <23:30:03>  Iteration 6
<Jan22-2022> <23:30:03>  *** GOStep6 ***
<Jan22-2022> <23:30:03>  >>>> FRAGM
<Jan22-2022> <23:30:03>  Coordinates
<Jan22-2022> <23:30:03>     Atom         X           Y           Z   (Angstrom)
<Jan22-2022> <23:30:03>     1.H         2.039777   -0.879320   -0.036492
<Jan22-2022> <23:30:03>     2.C         1.054742   -0.429045   -0.008936
<Jan22-2022> <23:30:03>     3.H         0.600811   -0.224324    0.951521
<Jan22-2022> <23:30:03>     4.H         0.658110    0.033507   -0.906093
<Jan22-2022> <23:30:03>  >>>> CORORT
<Jan22-2022> <23:30:03>  >>>> CLSMAT
<Jan22-2022> <23:30:03>  >>>> ORTHON
<Jan22-2022> <23:30:03>  >>>> GENPT
<Jan22-2022> <23:30:03>  Block Length= 128
<Jan22-2022> <23:30:03>  >>>> PTBAS
<Jan22-2022> <23:30:04>  >>>> CYCLE
<Jan22-2022> <23:30:06>  using orbital data from restart file
<Jan22-2022> <23:30:08>              |Error|         MaxErr       Wt(A-DIIS)
<Jan22-2022> <23:30:08>      1      0.06087989      0.00841819
<Jan22-2022> <23:30:11>      2      0.02598846      0.00350248    100.0
<Jan22-2022> <23:30:13>      3      0.01732409      0.00246977    100.0
<Jan22-2022> <23:30:16>      4      0.01241464      0.00203599      1.0
<Jan22-2022> <23:30:19>      5      0.00067785      0.00010582      0.0
<Jan22-2022> <23:30:22>      6      0.00010035      0.00001120      0.0
<Jan22-2022> <23:30:25>      7      0.00001348      0.00000170      0.0
<Jan22-2022> <23:30:28>      8      0.00000189      0.00000023      0.0
<Jan22-2022> <23:30:28>  SCF converged
<Jan22-2022> <23:30:30>      9      0.00000054      0.00000006      0.0
<Jan22-2022> <23:30:31>  >>>> TOTEN
<Jan22-2022> <23:30:34>  >>>> POPAN
<Jan22-2022> <23:30:34>  >>>> DEBYE
<Jan22-2022> <23:30:34>  >>>> ENGRAD
<Jan22-2022> <23:30:36>  current energy                               -0.64742785 Hartree
<Jan22-2022> <23:30:36>  energy change                      -0.00101490     0.00004000    F
<Jan22-2022> <23:30:36>  constrained gradient max            0.00646149     0.00100000    F
<Jan22-2022> <23:30:36>  constrained gradient rms            0.00309945     0.00066667    F
<Jan22-2022> <23:30:36>  gradient max                        0.00646149
<Jan22-2022> <23:30:36>  gradient rms                        0.00309945
<Jan22-2022> <23:30:36>  cart. step max                      0.03559794     0.01000000    F
<Jan22-2022> <23:30:36>  cart. step rms                      0.01468663     0.00666667    F
<Jan22-2022> <23:30:36>  Iteration 7
<Jan22-2022> <23:30:37>  *** GOStep7 ***
<Jan22-2022> <23:30:37>  >>>> FRAGM
<Jan22-2022> <23:30:37>  Coordinates
<Jan22-2022> <23:30:37>     Atom         X           Y           Z   (Angstrom)
<Jan22-2022> <23:30:37>     1.H         2.037000   -0.893655   -0.041939
<Jan22-2022> <23:30:37>     2.C         1.078404   -0.393447   -0.001919
<Jan22-2022> <23:30:37>     3.H         0.588224   -0.233455    0.948488
<Jan22-2022> <23:30:37>     4.H         0.649813    0.021376   -0.904630
<Jan22-2022> <23:30:37>  >>>> CORORT
<Jan22-2022> <23:30:37>  >>>> CLSMAT
<Jan22-2022> <23:30:37>  >>>> ORTHON
<Jan22-2022> <23:30:37>  >>>> GENPT
<Jan22-2022> <23:30:37>  Block Length= 128
<Jan22-2022> <23:30:37>  >>>> PTBAS
<Jan22-2022> <23:30:37>  >>>> CYCLE
<Jan22-2022> <23:30:40>  using orbital data from restart file
<Jan22-2022> <23:30:42>              |Error|         MaxErr       Wt(A-DIIS)
<Jan22-2022> <23:30:42>      1      0.04805587      0.00831315
<Jan22-2022> <23:30:44>      2      0.02203599      0.00293151    100.0
<Jan22-2022> <23:30:47>      3      0.02085833      0.00279847    100.0
<Jan22-2022> <23:30:50>      4      0.02084032      0.00279544      1.8
<Jan22-2022> <23:30:53>      5      0.01345740      0.00215958      1.2
<Jan22-2022> <23:30:55>      6      0.00127651      0.00013519      0.0
<Jan22-2022> <23:30:58>      7      0.00129001      0.00016993      0.0
<Jan22-2022> <23:31:00>      8      0.00004228      0.00000445      0.0
<Jan22-2022> <23:31:03>      9      0.00001871      0.00000243      0.0
<Jan22-2022> <23:31:06>     10      0.00001716      0.00000260      0.0
<Jan22-2022> <23:31:09>     11      0.00001668      0.00000247      0.0
<Jan22-2022> <23:31:11>     12      0.00001671      0.00000249      0.0
<Jan22-2022> <23:31:14>     13      0.00001662      0.00000248      0.0
<Jan22-2022> <23:31:17>     14      0.00000049      0.00000009      0.0
<Jan22-2022> <23:31:18>  SCF converged
<Jan22-2022> <23:31:20>     15      0.00000009      0.00000001      0.0
<Jan22-2022> <23:31:20>  >>>> TOTEN
<Jan22-2022> <23:31:23>  >>>> POPAN
<Jan22-2022> <23:31:23>  >>>> DEBYE
<Jan22-2022> <23:31:23>  >>>> ENGRAD
<Jan22-2022> <23:31:25>  current energy                               -0.64774195 Hartree
<Jan22-2022> <23:31:25>  energy change                      -0.00031410     0.00004000    F
<Jan22-2022> <23:31:25>  constrained gradient max            0.00226492     0.00100000    F
<Jan22-2022> <23:31:25>  constrained gradient rms            0.00126838     0.00066667    F
<Jan22-2022> <23:31:25>  gradient max                        0.00226492
<Jan22-2022> <23:31:25>  gradient rms                        0.00126838
<Jan22-2022> <23:31:25>  cart. step max                      0.01558833     0.01000000    F
<Jan22-2022> <23:31:25>  cart. step rms                      0.00604972     0.00666667    T
<Jan22-2022> <23:31:25>  Iteration 8
<Jan22-2022> <23:31:26>  *** GOStep8 ***
<Jan22-2022> <23:31:26>  >>>> FRAGM
<Jan22-2022> <23:31:26>  Coordinates
<Jan22-2022> <23:31:26>     Atom         X           Y           Z   (Angstrom)
<Jan22-2022> <23:31:26>     1.H         2.034691   -0.899350   -0.041821
<Jan22-2022> <23:31:26>     2.C         1.087344   -0.377859   -0.000160
<Jan22-2022> <23:31:26>     3.H         0.585440   -0.238849    0.948484
<Jan22-2022> <23:31:26>     4.H         0.645966    0.016876   -0.906504
<Jan22-2022> <23:31:26>  >>>> CORORT
<Jan22-2022> <23:31:26>  >>>> CLSMAT
<Jan22-2022> <23:31:26>  >>>> ORTHON
<Jan22-2022> <23:31:26>  >>>> GENPT
<Jan22-2022> <23:31:26>  Block Length= 128
<Jan22-2022> <23:31:26>  >>>> PTBAS
<Jan22-2022> <23:31:26>  >>>> CYCLE
<Jan22-2022> <23:31:29>  using orbital data from restart file
<Jan22-2022> <23:31:30>              |Error|         MaxErr       Wt(A-DIIS)
<Jan22-2022> <23:31:30>      1      0.02007454      0.00326762
<Jan22-2022> <23:31:33>      2      0.00935288      0.00129529    100.0
<Jan22-2022> <23:31:36>      3      0.00683813      0.00111704    100.0
<Jan22-2022> <23:31:39>      4      0.00242198      0.00031725      0.0
<Jan22-2022> <23:31:42>      5      0.00061739      0.00008079      0.0
<Jan22-2022> <23:31:45>      6      0.00002036      0.00000230      0.0
<Jan22-2022> <23:31:48>      7      0.00000120      0.00000021      0.0
<Jan22-2022> <23:31:48>  SCF converged
<Jan22-2022> <23:31:50>      8      0.00000022      0.00000003      0.0
<Jan22-2022> <23:31:51>  >>>> TOTEN
<Jan22-2022> <23:31:54>  >>>> POPAN
<Jan22-2022> <23:31:54>  >>>> DEBYE
<Jan22-2022> <23:31:54>  >>>> ENGRAD
<Jan22-2022> <23:31:56>  current energy                               -0.64778042 Hartree
<Jan22-2022> <23:31:56>  energy change                      -0.00003847     0.00004000    T
<Jan22-2022> <23:31:56>  constrained gradient max            0.00100384     0.00100000    F
<Jan22-2022> <23:31:56>  constrained gradient rms            0.00051469     0.00066667    T
<Jan22-2022> <23:31:56>  gradient max                        0.00100384
<Jan22-2022> <23:31:56>  gradient rms                        0.00051469
<Jan22-2022> <23:31:56>  cart. step max                      0.00311587     0.01000000    T
<Jan22-2022> <23:31:56>  cart. step rms                      0.00118216     0.00666667    T
<Jan22-2022> <23:31:56>  Iteration 9
<Jan22-2022> <23:31:56>  *** GOStep9 ***
<Jan22-2022> <23:31:57>  >>>> FRAGM
<Jan22-2022> <23:31:57>  Coordinates
<Jan22-2022> <23:31:57>     Atom         X           Y           Z   (Angstrom)
<Jan22-2022> <23:31:57>     1.H         2.034149   -0.900317   -0.041762
<Jan22-2022> <23:31:57>     2.C         1.088481   -0.374743    0.000065
<Jan22-2022> <23:31:57>     3.H         0.585207   -0.240112    0.949313
<Jan22-2022> <23:31:57>     4.H         0.645604    0.015990   -0.907615
<Jan22-2022> <23:31:57>  >>>> CORORT
<Jan22-2022> <23:31:57>  >>>> CLSMAT
<Jan22-2022> <23:31:57>  >>>> ORTHON
<Jan22-2022> <23:31:57>  >>>> GENPT
<Jan22-2022> <23:31:57>  Block Length= 128
<Jan22-2022> <23:31:57>  >>>> PTBAS
<Jan22-2022> <23:31:57>  >>>> CYCLE
<Jan22-2022> <23:31:59>  using orbital data from restart file
<Jan22-2022> <23:32:01>              |Error|         MaxErr       Wt(A-DIIS)
<Jan22-2022> <23:32:02>      1      0.00401846      0.00069905
<Jan22-2022> <23:32:04>      2      0.00172804      0.00023913    100.0
<Jan22-2022> <23:32:07>      3      0.00129939      0.00020666    100.0
<Jan22-2022> <23:32:10>      4      0.00049452      0.00005126      0.0
<Jan22-2022> <23:32:13>      5      0.00010455      0.00001334      0.0
<Jan22-2022> <23:32:16>      6      0.00000711      0.00000081      0.0
<Jan22-2022> <23:32:16>  SCF converged
<Jan22-2022> <23:32:18>      7      0.00000061      0.00000011      0.0
<Jan22-2022> <23:32:19>  >>>> TOTEN
<Jan22-2022> <23:32:22>  >>>> POPAN
<Jan22-2022> <23:32:22>  >>>> DEBYE
<Jan22-2022> <23:32:23>  >>>> ENGRAD
<Jan22-2022> <23:32:24>  current energy                               -0.64778253 Hartree
<Jan22-2022> <23:32:24>  energy change                      -0.00000211     0.00004000    T
<Jan22-2022> <23:32:24>  constrained gradient max            0.00026933     0.00100000    T
<Jan22-2022> <23:32:24>  constrained gradient rms            0.00012627     0.00066667    T
<Jan22-2022> <23:32:24>  gradient max                        0.00026933
<Jan22-2022> <23:32:24>  gradient rms                        0.00012627
<Jan22-2022> <23:32:24>  cart. step max                      0.00013068     0.01000000    T
<Jan22-2022> <23:32:24>  cart. step rms                      0.00007016     0.00666667    T
<Jan22-2022> <23:32:24>  Geometry optimization converged
<Jan22-2022> <23:32:25>  *** adf ***
<Jan22-2022> <23:32:25>  Net Charge: 0 (Nuclei minus Electrons)
<Jan22-2022> <23:32:25>  Spin polar: 1 (Spin_A minus Spin_B electrons)
<Jan22-2022> <23:32:25>  Symmetry  : NOSYM
<Jan22-2022> <23:32:25>  >>>> FRAGM
<Jan22-2022> <23:32:25>  Coordinates
<Jan22-2022> <23:32:25>     Atom         X           Y           Z   (Angstrom)
<Jan22-2022> <23:32:25>     1.H         2.034149   -0.900317   -0.041762
<Jan22-2022> <23:32:25>     2.C         1.088481   -0.374743    0.000065
<Jan22-2022> <23:32:25>     3.H         0.585207   -0.240112    0.949313
<Jan22-2022> <23:32:25>     4.H         0.645604    0.015990   -0.907615
<Jan22-2022> <23:32:25>  >>>> CORORT
<Jan22-2022> <23:32:25>  >>>> CLSMAT
<Jan22-2022> <23:32:25>  >>>> ORTHON
<Jan22-2022> <23:32:25>  >>>> GENPT
<Jan22-2022> <23:32:25>  Block Length= 128
<Jan22-2022> <23:32:25>  >>>> PTBAS
<Jan22-2022> <23:32:26>  >>>> CYCLE
<Jan22-2022> <23:32:28>  using orbital data from restart file
<Jan22-2022> <23:32:30>              |Error|         MaxErr       Wt(A-DIIS)
<Jan22-2022> <23:32:30>      1      0.00000005      0.00000001
<Jan22-2022> <23:32:33>      2      0.00000004      0.00000001    100.0
<Jan22-2022> <23:32:33>  SCF converged
<Jan22-2022> <23:32:36>      3      0.00000003      0.00000001    100.0
<Jan22-2022> <23:32:38>  >>>> TOTEN
<Jan22-2022> <23:32:43>  >>>> POPAN
<Jan22-2022> <23:32:43>  >>>> DEBYE
<Jan22-2022> <23:32:43>  >>>> AMETS
<Jan22-2022> <23:32:43>   Bond Energy          -0.64778253 a.u.
<Jan22-2022> <23:32:43>   Bond Energy         -17.62705951 eV
<Jan22-2022> <23:32:43>   Bond Energy        -406.49       kcal/mol
<Jan22-2022> <23:32:43>  >>>> POPUL
<Jan22-2022> <23:32:43>  >>>> ENGRAD
<Jan22-2022> <23:32:45>  >>>> ENHESS
<Jan22-2022> <23:32:47>  === NUCLEUS:     1
<Jan22-2022> <23:33:48>  === NUCLEUS:     2
<Jan22-2022> <23:34:45>  === NUCLEUS:     3
<Jan22-2022> <23:35:43>  === NUCLEUS:     4
<Jan22-2022> <23:36:38>  >>>> CALC_HESS_PMAT
<Jan22-2022> <23:36:41>  >>>> CALC_HESS_WMAT
<Jan22-2022> <23:36:42>  PES point character: Geometry corresponds to a local minimum on the PES.
<Jan22-2022> <23:36:42>  Geometry optimization successful!
<Jan22-2022> <23:36:42>  WARNING: total elapsed time is much higher than the (CPU+system) time.
<Jan22-2022> <23:36:42>  Make sure the machine is not oversubscribed and has enough memory, SCM_TMPDIR points to a fast file system, and the network is fast enough.
<Jan22-2022> <23:36:42>  NORMAL TERMINATION
