

 Parallel Execution: Process Information
 ==============================================================================
 Rank   Node Name                              NodeID   MyNodeRank  NodeMaster
    0   node109                                   0          0          0
    1   node109                                   0          1         -1
    2   node109                                   0          2         -1
    3   node109                                   0          3         -1
    4   node109                                   0          4         -1
    5   node109                                   0          5         -1
    6   node109                                   0          6         -1
    7   node109                                   0          7         -1
    8   node109                                   0          8         -1
    9   node109                                   0          9         -1
   10   node109                                   0         10         -1
   11   node109                                   0         11         -1
   12   node109                                   0         12         -1
   13   node109                                   0         13         -1
   14   node109                                   0         14         -1
   15   node109                                   0         15         -1
   16   node109                                   0         16         -1
   17   node109                                   0         17         -1
   18   node109                                   0         18         -1
   19   node109                                   0         19         -1
   20   node109                                   0         20         -1
   21   node109                                   0         21         -1
   22   node109                                   0         22         -1
   23   node109                                   0         23         -1
   24   node109                                   0         24         -1
   25   node109                                   0         25         -1
   26   node109                                   0         26         -1
   27   node109                                   0         27         -1
   28   node109                                   0         28         -1
   29   node109                                   0         29         -1
   30   node109                                   0         30         -1
   31   node109                                   0         31         -1
   32   node109                                   0         32         -1
   33   node109                                   0         33         -1
   34   node109                                   0         34         -1
   35   node109                                   0         35         -1
   36   node109                                   0         36         -1
   37   node109                                   0         37         -1
   38   node109                                   0         38         -1
   39   node109                                   0         39         -1
   40   node109                                   0         40         -1
   41   node109                                   0         41         -1
   42   node109                                   0         42         -1
   43   node109                                   0         43         -1
   44   node109                                   0         44         -1
   45   node109                                   0         45         -1
   46   node109                                   0         46         -1
   47   node109                                   0         47         -1
   48   node109                                   0         48         -1
   49   node109                                   0         49         -1
   50   node109                                   0         50         -1
   51   node109                                   0         51         -1
   52   node109                                   0         52         -1
   53   node109                                   0         53         -1
   54   node109                                   0         54         -1
   55   node109                                   0         55         -1
   56   node109                                   0         56         -1
   57   node109                                   0         57         -1
   58   node109                                   0         58         -1
   59   node109                                   0         59         -1
   60   node109                                   0         60         -1
   61   node109                                   0         61         -1
   62   node109                                   0         62         -1
   63   node109                                   0         63         -1
 ==============================================================================


May use up to 122928MB of RAM as shared memory on node 0

 *******************************************************************************
 *                                                                             *
 *  --------------------------------                                           *
 *   Amsterdam Modeling Suite (AMS)              2021.102                      *
 *  --------------------------------                                           *
 *                                               r95042 2021-06-07             *
 *                                                                             *
 *                                                                             *
 *                              =================                              *
 *                              |               |                              *
 *                              |     A M S     |                              *
 *                              |               |                              *
 *                              =================                              *
 *                                                                             *
 *                                                                             *
 *   Online information and documentation:  https://www.scm.com/support/       *
 *   E-mail:  support@scm.com   info@scm.com                                   *
 *                                                                             *
 *   Scientific publications using AMS results must be properly referenced     *
 *   See the User Manuals (or the web site) for recommended citations          *
 *   The terms and conditions of the End User License Agreement apply to       *
 *   the use of AMS, https://www.scm.com/license-terms/                        *
 *                                                                             *
 **********************  x86_64_linux_intel / intelmpi  ************************
 
 Licensed to: VU/FEW (+ SARA) / ALGEMEEN / Amsterdam / THE NETHERLANDS
 SCM User ID: u7668
  
 AMS 2021.102  RunTime: Feb05-2022 13:21:17  ShM Nodes: 1  Procs: 64

 AMS jobname: 73.urea_tBu_Ph.H_Ph_S.cat
 AMS jobid  : 2093483680

 Start   directory: /scistor/tc/yhk800/MasterProject/calculations/urea_tBu_Ph_H_Ph_S.002/73.urea_tBu_Ph.H_Ph_S.cat/
 Results directory: /scistor/tc/yhk800/MasterProject/calculations/urea_tBu_Ph_H_Ph_S.002/73.urea_tBu_Ph.H_Ph_S.cat/
 Scratch directory: /scratch/7465/amstmp_73.urea_tBu_Ph.H_Ph_S.cat_kid0.2093483680/


 Communication costs MPI_COMM_WORLD:     34.487 usec per message,   0.0685 usec per 8-byte item
 Communication costs for intra-node:     37.923 usec per message,   0.0570 usec per 8-byte item

 RNG seed: -1287020778 -1574039309 2033499253 -1825753748 153832297 -183698338 -1256147192 702582040



                     *************************************************************************
                     *  ADF 2021.102  RunTime: Feb05-2022 13:21:17  ShM Nodes: 1  Procs: 64  *
                     *************************************************************************
  
       ***************************
       *  GEOMETRY OPTIMIZATION  *
       ***************************

Optimization Method                    Quasi Newton
Optimization Coordinates               Delocalized Coordinates
Optimize lattice                       F
 
 ------------------------------------------------------
 Convergence criteria (Hartree,Angstrom)
 ------------------------------------------------------
 Maximum gradient               0.001000000000
 Maximum rms gradient           0.000666666667
 Maximum step allowed           0.010000000000
 Maximum rms step allowed       0.006666666667
 Maximum energy change allowe   0.000420000000
 Maximum stress energy allowe   0.000500000000
 
Initial model Hessian                  Automatic Hessian
 
------------------------------------
Quasi-Newton Optimizer Parameters
------------------------------------
Hessian Update Method                  BFGS
Maximum number of steps                  252
First GDIIS cycle                          0
Maximum GDIIS vectors                      0
Trust radius (bohr)                        0.200000
Trust radius varies                        T
Constraints converged at all steps         T
Use projector                              T
 
 Rigid motions settings for: old optimizer
 Atomic rotations (x,y,z):     T T T
 Atomic translations (x,y,z):  T T T
 Tolerance:                   1.000000000000000E-006
 
--------
Geometry
--------
Formula: C15H24N2S
Atoms
  Index Symbol   x (angstrom)   y (angstrom)   z (angstrom)
      1      C    -1.09424400    -2.41843687    -4.16398080
      2      H    -2.08512077    -2.02020867    -4.40513009
      3      H    -1.18582013    -3.50730532    -4.12209032
      4      H    -0.42793365    -2.16553616    -4.99578977
      5      H    -0.35328241     0.19572373    -1.99860153
      6      C    -0.71730023    -0.28384363    -2.91007493
      7      H    -0.14461731     0.11931195    -3.75126878
      8      H    -1.76433744     0.00636894    -3.04713257
      9      C    -1.48828723    -2.33490866    -1.68424513
     10      H    -1.42970871    -3.42116454    -1.56125455
     11      H    -2.53621225    -2.09234901    -1.88861776
     12      H    -1.23415345    -1.86655706    -0.72801445
     13      H     2.33252394    -3.83774747    -2.56249567
     14      H     0.73663981    -4.28050537    -1.94453892
     15      H     0.99955282    -4.11722138    -3.68405684
     16      H     5.39696942     0.77022882     1.97280473
     17      H     4.29078288    -0.50934707     2.48554521
     18      H     5.46992613    -0.83472701     1.21000597
     19      N     3.00981619    -0.76862899     0.08010117
     20      C     2.56292603    -0.86199491    -1.24502363
     21      N     1.43562162    -1.66301076    -1.35607533
     22      C     3.80867023     0.38160408     0.53689565
     23      H     2.32455869    -1.05443544     0.76832914
     24      C     0.92515399    -2.19480853    -2.62054278
     25      H     1.22106780    -2.22993219    -0.54800681
     26      H     4.37526596     0.70267961    -0.33934448
     27      C     1.25805595    -3.69518482    -2.71048975
     28      C     4.79845169    -0.07426649     1.61792094
     29      H     3.26461945     2.66491454    -0.83569292
     30      H     1.49168753    -1.67624958    -3.39891152
     31      C     2.91081020     1.54520971     0.96850305
     32      C     2.20595518     1.53648850     2.18149948
     33      C     1.34696673     2.58141401     2.52107679
     34      C     1.18069281     3.66358604     1.65699200
     35      C     1.88128829     3.68966814     0.45211650
     36      C     2.73435371     2.63972713     0.11312554
     37      H     2.31966906     0.71052569     2.88057613
     38      H     0.80924863     2.55151016     3.46677969
     39      H     0.51260165     4.47974463     1.92238583
     40      H     1.76260854     4.52825979    -0.23059961
     41      C    -0.59246923    -1.82010861    -2.83229996
     42      S     3.36846314    -0.03410700    -2.63851262
 
Total System Charge             0.00000
 
 
----------------
ADF Engine Input
----------------
 
 NumericalQuality VeryGood
 SCF
 Converge 1.0e-6
 Iterations 99
 End
 SYMMETRY NOSYM
 XC
 GGA OLYP
 End
 basis
 core None
 type TZ2P
 End
 

 Title: *** (NO TITLE) ***

 Using automatic Hessian for delocalized coordinates.
 *** GOStep1 ***
