<Feb05-2022> <13:21:17>  AMS 2021.102  RunTime: Feb05-2022 13:21:17  ShM Nodes: 1  Procs: 64
<Feb05-2022> <13:21:17>  ADF 2021.102  RunTime: Feb05-2022 13:21:17  ShM Nodes: 1  Procs: 64
<Feb05-2022> <13:21:17>  *** (NO TITLE) ***
<Feb05-2022> <13:21:17>  Iteration 1
<Feb05-2022> <13:21:18>  DIRAC 2021.102  RunTime: Feb05-2022 13:21:18  ShM Nodes: 1  Procs: 1
<Feb05-2022> <13:21:18>  Carbon (TZ2P)
<Feb05-2022> <13:21:18>  Net Charge: 0 (Nuclei minus Electrons)
<Feb05-2022> <13:21:18>  Symmetry  : ATOM
<Feb05-2022> <13:21:18>  Coordinates
<Feb05-2022> <13:21:18>     Atom         X           Y           Z   (Angstrom)
<Feb05-2022> <13:21:18>     1.C         0.000000    0.000000    0.000000
<Feb05-2022> <13:21:18>  >>>> CORORT
<Feb05-2022> <13:21:18>  >>>> CLSMAT
<Feb05-2022> <13:21:18>  >>>> ORTHON
<Feb05-2022> <13:21:18>  >>>> GENPT
<Feb05-2022> <13:21:18>  Block Length=  72
<Feb05-2022> <13:21:18>  >>>> PTBAS
<Feb05-2022> <13:21:18>  >>>> CYCLE
<Feb05-2022> <13:21:19>              |Error|         MaxErr       Wt(A-DIIS)
<Feb05-2022> <13:21:19>      1      0.00000000      0.00000000
<Feb05-2022> <13:21:19>      2      4.48405934      3.32161898    100.0
<Feb05-2022> <13:21:19>      3      1.60718414      1.28408746    100.0
<Feb05-2022> <13:21:19>      4      0.76426456      0.62272052    100.0
<Feb05-2022> <13:21:19>      5      0.36119063      0.28553990    100.0
<Feb05-2022> <13:21:19>      6      0.14821424      0.11559867    100.0
<Feb05-2022> <13:21:19>      7      0.10108424      0.07867111     78.5
<Feb05-2022> <13:21:19>      8      0.01786531      0.01387049     13.0
<Feb05-2022> <13:21:19>      9      0.00195746      0.00153262      0.5
<Feb05-2022> <13:21:19>     10      0.00001058      0.00000730      0.0
<Feb05-2022> <13:21:19>     11      0.00000047      0.00000027      0.0
<Feb05-2022> <13:21:19>     12      0.00000003      0.00000002      0.0
<Feb05-2022> <13:21:19>     13      0.00000000      0.00000000      0.0
<Feb05-2022> <13:21:19>  SCF converged
<Feb05-2022> <13:21:19>     14      0.00000000      0.00000000      0.0
<Feb05-2022> <13:21:19>  >>>> POPAN
<Feb05-2022> <13:21:19>  >>>> DEBYE
<Feb05-2022> <13:21:19>  DIRAC 2021.102  RunTime: Feb05-2022 13:21:19  ShM Nodes: 1  Procs: 1
<Feb05-2022> <13:21:20>  Hydrogen (TZ2P)
<Feb05-2022> <13:21:20>  Net Charge: 0 (Nuclei minus Electrons)
<Feb05-2022> <13:21:20>  Symmetry  : ATOM
<Feb05-2022> <13:21:20>  Coordinates
<Feb05-2022> <13:21:20>     Atom         X           Y           Z   (Angstrom)
<Feb05-2022> <13:21:20>     1.H         0.000000    0.000000    0.000000
<Feb05-2022> <13:21:20>  >>>> CORORT
<Feb05-2022> <13:21:20>  >>>> CLSMAT
<Feb05-2022> <13:21:20>  >>>> ORTHON
<Feb05-2022> <13:21:20>  >>>> GENPT
<Feb05-2022> <13:21:20>  Block Length=  64
<Feb05-2022> <13:21:20>  >>>> PTBAS
<Feb05-2022> <13:21:20>  >>>> CYCLE
<Feb05-2022> <13:21:20>              |Error|         MaxErr       Wt(A-DIIS)
<Feb05-2022> <13:21:20>      1      0.00000000      0.00000000
<Feb05-2022> <13:21:20>      2      0.03080019      0.02591482
<Feb05-2022> <13:21:20>      3      0.01140383      0.01135775    100.0
<Feb05-2022> <13:21:20>      4      0.00327656      0.00327407      2.3
<Feb05-2022> <13:21:20>      5      0.00010041      0.00009754      0.0
<Feb05-2022> <13:21:20>      6      0.00000525      0.00000504      0.0
<Feb05-2022> <13:21:20>      7      0.00000007      0.00000007      0.0
<Feb05-2022> <13:21:20>      8      0.00000000      0.00000000      0.0
<Feb05-2022> <13:21:20>  SCF converged
<Feb05-2022> <13:21:20>      9      0.00000000      0.00000000      0.0
<Feb05-2022> <13:21:20>  >>>> POPAN
<Feb05-2022> <13:21:20>  >>>> DEBYE
<Feb05-2022> <13:21:21>  DIRAC 2021.102  RunTime: Feb05-2022 13:21:21  ShM Nodes: 1  Procs: 1
<Feb05-2022> <13:21:21>  Nitrogen (TZ2P)
<Feb05-2022> <13:21:21>  Net Charge: 0 (Nuclei minus Electrons)
<Feb05-2022> <13:21:21>  Symmetry  : ATOM
<Feb05-2022> <13:21:21>  Coordinates
<Feb05-2022> <13:21:21>     Atom         X           Y           Z   (Angstrom)
<Feb05-2022> <13:21:21>     1.N         0.000000    0.000000    0.000000
<Feb05-2022> <13:21:21>  >>>> CORORT
<Feb05-2022> <13:21:21>  >>>> CLSMAT
<Feb05-2022> <13:21:21>  >>>> ORTHON
<Feb05-2022> <13:21:21>  >>>> GENPT
<Feb05-2022> <13:21:21>  Block Length=  72
<Feb05-2022> <13:21:21>  >>>> PTBAS
<Feb05-2022> <13:21:21>  >>>> CYCLE
<Feb05-2022> <13:21:22>              |Error|         MaxErr       Wt(A-DIIS)
<Feb05-2022> <13:21:22>      1      0.00000000      0.00000000
<Feb05-2022> <13:21:22>      2      6.45924916      4.22827936    100.0
<Feb05-2022> <13:21:22>      3      2.49629252      1.94026067    100.0
<Feb05-2022> <13:21:22>      4      1.02261803      0.67892344    100.0
<Feb05-2022> <13:21:22>      5      0.75978967      0.51870659    100.0
<Feb05-2022> <13:21:22>      6      0.09126742      0.05362724     53.2
<Feb05-2022> <13:21:22>      7      0.05505843      0.03680697     36.2
<Feb05-2022> <13:21:22>      8      0.00797139      0.00540602      4.5
<Feb05-2022> <13:21:22>      9      0.00036510      0.00023942      0.0
<Feb05-2022> <13:21:22>     10      0.00000288      0.00000140      0.0
<Feb05-2022> <13:21:22>     11      0.00000010      0.00000007      0.0
<Feb05-2022> <13:21:22>     12      0.00000001      0.00000001      0.0
<Feb05-2022> <13:21:22>  SCF converged
<Feb05-2022> <13:21:22>     13      0.00000000      0.00000000      0.0
<Feb05-2022> <13:21:22>  >>>> POPAN
<Feb05-2022> <13:21:22>  >>>> DEBYE
<Feb05-2022> <13:21:23>  DIRAC 2021.102  RunTime: Feb05-2022 13:21:23  ShM Nodes: 1  Procs: 1
<Feb05-2022> <13:21:23>  Sulphur (TZ2P)
<Feb05-2022> <13:21:23>  Net Charge: 0 (Nuclei minus Electrons)
<Feb05-2022> <13:21:23>  Symmetry  : ATOM
<Feb05-2022> <13:21:23>  Coordinates
<Feb05-2022> <13:21:23>     Atom         X           Y           Z   (Angstrom)
<Feb05-2022> <13:21:23>     1.S         0.000000    0.000000    0.000000
<Feb05-2022> <13:21:23>  >>>> CORORT
<Feb05-2022> <13:21:23>  >>>> CLSMAT
<Feb05-2022> <13:21:23>  >>>> ORTHON
<Feb05-2022> <13:21:23>  >>>> GENPT
<Feb05-2022> <13:21:23>  Block Length=  85
<Feb05-2022> <13:21:23>  >>>> PTBAS
<Feb05-2022> <13:21:23>  >>>> CYCLE
<Feb05-2022> <13:21:24>              |Error|         MaxErr       Wt(A-DIIS)
<Feb05-2022> <13:21:24>      1      0.00000000      0.00000000
<Feb05-2022> <13:21:24>      2     30.52518942      9.91249576    100.0
<Feb05-2022> <13:21:24>      3     16.98353344      6.24310319    100.0
<Feb05-2022> <13:21:24>      4      3.38814892      1.10926217    100.0
<Feb05-2022> <13:21:24>      5      0.91267625      0.31718024    100.0
<Feb05-2022> <13:21:24>      6      0.25127687      0.09017326     90.1
<Feb05-2022> <13:21:24>      7      0.06508096      0.02106758     20.3
<Feb05-2022> <13:21:24>      8      0.00375416      0.00169386      0.7
<Feb05-2022> <13:21:24>      9      0.00010627      0.00003710      0.0
<Feb05-2022> <13:21:24>     10      0.00000522      0.00000223      0.0
<Feb05-2022> <13:21:24>     11      0.00000007      0.00000003      0.0
<Feb05-2022> <13:21:24>     12      0.00000000      0.00000000      0.0
<Feb05-2022> <13:21:24>  SCF converged
<Feb05-2022> <13:21:24>     13      0.00000000      0.00000000      0.0
<Feb05-2022> <13:21:24>  >>>> POPAN
<Feb05-2022> <13:21:24>  >>>> DEBYE
<Feb05-2022> <13:21:24>  *** GOStep1 ***
<Feb05-2022> <13:21:26>  >>>> FRAGM
<Feb05-2022> <13:21:26>  Coordinates
<Feb05-2022> <13:21:26>     Atom         X           Y           Z   (Angstrom)
<Feb05-2022> <13:21:26>     1.C        -1.094244   -2.418437   -4.163981
<Feb05-2022> <13:21:26>     2.H        -2.085121   -2.020209   -4.405130
<Feb05-2022> <13:21:26>     3.H        -1.185820   -3.507305   -4.122090
<Feb05-2022> <13:21:26>     4.H        -0.427934   -2.165536   -4.995790
<Feb05-2022> <13:21:26>     5.H        -0.353282    0.195724   -1.998602
<Feb05-2022> <13:21:26>     6.C        -0.717300   -0.283844   -2.910075
<Feb05-2022> <13:21:26>     7.H        -0.144617    0.119312   -3.751269
<Feb05-2022> <13:21:26>     8.H        -1.764337    0.006369   -3.047133
<Feb05-2022> <13:21:26>     9.C        -1.488287   -2.334909   -1.684245
<Feb05-2022> <13:21:26>    10.H        -1.429709   -3.421165   -1.561255
<Feb05-2022> <13:21:26>    11.H        -2.536212   -2.092349   -1.888618
<Feb05-2022> <13:21:26>    12.H        -1.234153   -1.866557   -0.728014
<Feb05-2022> <13:21:26>    13.H         2.332524   -3.837747   -2.562496
<Feb05-2022> <13:21:26>    14.H         0.736640   -4.280505   -1.944539
<Feb05-2022> <13:21:26>    15.H         0.999553   -4.117221   -3.684057
<Feb05-2022> <13:21:26>    16.H         5.396969    0.770229    1.972805
<Feb05-2022> <13:21:26>    17.H         4.290783   -0.509347    2.485545
<Feb05-2022> <13:21:26>    18.H         5.469926   -0.834727    1.210006
<Feb05-2022> <13:21:26>    19.N         3.009816   -0.768629    0.080101
<Feb05-2022> <13:21:26>    20.C         2.562926   -0.861995   -1.245024
<Feb05-2022> <13:21:26>    21.N         1.435622   -1.663011   -1.356075
<Feb05-2022> <13:21:26>    22.C         3.808670    0.381604    0.536896
<Feb05-2022> <13:21:26>    23.H         2.324559   -1.054435    0.768329
<Feb05-2022> <13:21:26>    24.C         0.925154   -2.194809   -2.620543
<Feb05-2022> <13:21:26>    25.H         1.221068   -2.229932   -0.548007
<Feb05-2022> <13:21:26>    26.H         4.375266    0.702680   -0.339344
<Feb05-2022> <13:21:26>    27.C         1.258056   -3.695185   -2.710490
<Feb05-2022> <13:21:26>    28.C         4.798452   -0.074266    1.617921
<Feb05-2022> <13:21:26>    29.H         3.264619    2.664915   -0.835693
<Feb05-2022> <13:21:26>    30.H         1.491688   -1.676250   -3.398912
<Feb05-2022> <13:21:26>    31.C         2.910810    1.545210    0.968503
<Feb05-2022> <13:21:26>    32.C         2.205955    1.536488    2.181499
<Feb05-2022> <13:21:26>    33.C         1.346967    2.581414    2.521077
<Feb05-2022> <13:21:26>    34.C         1.180693    3.663586    1.656992
<Feb05-2022> <13:21:26>    35.C         1.881288    3.689668    0.452116
<Feb05-2022> <13:21:26>    36.C         2.734354    2.639727    0.113126
<Feb05-2022> <13:21:26>    37.H         2.319669    0.710526    2.880576
<Feb05-2022> <13:21:26>    38.H         0.809249    2.551510    3.466780
<Feb05-2022> <13:21:26>    39.H         0.512602    4.479745    1.922386
<Feb05-2022> <13:21:26>    40.H         1.762609    4.528260   -0.230600
<Feb05-2022> <13:21:26>    41.C        -0.592469   -1.820109   -2.832300
<Feb05-2022> <13:21:26>    42.S         3.368463   -0.034107   -2.638513
<Feb05-2022> <13:21:27>  >>>> CORORT
<Feb05-2022> <13:21:27>  >>>> CLSMAT
<Feb05-2022> <13:21:27>  >>>> ORTHON
<Feb05-2022> <13:21:28>  >>>> GENPT
<Feb05-2022> <13:21:28>  Block Length= 128
<Feb05-2022> <13:21:30>  >>>> PTBAS
<Feb05-2022> <13:21:47>  >>>> CYCLE
<Feb05-2022> <13:22:31>              |Error|         MaxErr       Wt(A-DIIS)
<Feb05-2022> <13:22:31>      1     10.53764134      0.87780025
<Feb05-2022> <13:23:14>      2      1.68332945      0.11213920    100.0
<Feb05-2022> <13:23:42>      3      0.92031773      0.05563950    100.0
<Feb05-2022> <13:24:10>      4      1.36634710      0.08930793    100.0
<Feb05-2022> <13:24:35>      5      0.21029795      0.02020157     19.4
<Feb05-2022> <13:25:03>      6      0.16662277      0.02045782     19.4
<Feb05-2022> <13:25:27>      7      0.05955668      0.00723738      6.3
<Feb05-2022> <13:25:57>      8      0.02004624      0.00234790      1.4
<Feb05-2022> <13:26:22>      9      0.00486214      0.00066095      0.0
<Feb05-2022> <13:26:52>     10      0.00173043      0.00021596      0.0
<Feb05-2022> <13:27:16>     11      0.00077429      0.00012936      0.0
<Feb05-2022> <13:27:46>     12      0.00015506      0.00001228      0.0
<Feb05-2022> <13:28:11>     13      0.00009454      0.00000863      0.0
<Feb05-2022> <13:28:40>     14      0.00002362      0.00000206      0.0
<Feb05-2022> <13:29:05>     15      0.00000879      0.00000075      0.0
