<Jan20-2022> <14:26:59>  AMS 2021.102  RunTime: Jan20-2022 14:26:59  ShM Nodes: 1  Procs: 1
<Jan20-2022> <14:26:59>  ADF 2021.102  RunTime: Jan20-2022 14:26:59  ShM Nodes: 1  Procs: 1
<Jan20-2022> <14:26:59>  *** (NO TITLE) ***
<Jan20-2022> <14:26:59>  Iteration 1
<Jan20-2022> <14:26:59>  DIRAC 2021.102  RunTime: Jan20-2022 14:26:59  ShM Nodes: 1  Procs: 1
<Jan20-2022> <14:26:59>  Hydrogen (TZ2P)
<Jan20-2022> <14:27:00>  Net Charge: 0 (Nuclei minus Electrons)
<Jan20-2022> <14:27:00>  Symmetry  : ATOM
<Jan20-2022> <14:27:00>  Coordinates
<Jan20-2022> <14:27:00>     Atom         X           Y           Z   (Angstrom)
<Jan20-2022> <14:27:00>     1.H         0.000000    0.000000    0.000000
<Jan20-2022> <14:27:00>  >>>> CORORT
<Jan20-2022> <14:27:00>  >>>> CLSMAT
<Jan20-2022> <14:27:00>  >>>> ORTHON
<Jan20-2022> <14:27:00>  >>>> GENPT
<Jan20-2022> <14:27:00>  Block Length=  64
<Jan20-2022> <14:27:00>  >>>> PTBAS
<Jan20-2022> <14:27:00>  >>>> CYCLE
<Jan20-2022> <14:27:00>              |Error|         MaxErr       Wt(A-DIIS)
<Jan20-2022> <14:27:00>      1      0.00000000      0.00000000
<Jan20-2022> <14:27:00>      2      0.03080019      0.02591482
<Jan20-2022> <14:27:00>      3      0.01140383      0.01135775    100.0
<Jan20-2022> <14:27:00>      4      0.00327656      0.00327407      2.3
<Jan20-2022> <14:27:00>      5      0.00010041      0.00009754      0.0
<Jan20-2022> <14:27:00>      6      0.00000525      0.00000504      0.0
<Jan20-2022> <14:27:00>      7      0.00000007      0.00000007      0.0
<Jan20-2022> <14:27:00>      8      0.00000000      0.00000000      0.0
<Jan20-2022> <14:27:00>  SCF converged
<Jan20-2022> <14:27:00>      9      0.00000000      0.00000000      0.0
<Jan20-2022> <14:27:00>  >>>> POPAN
<Jan20-2022> <14:27:00>  >>>> DEBYE
<Jan20-2022> <14:27:00>  DIRAC 2021.102  RunTime: Jan20-2022 14:27:00  ShM Nodes: 1  Procs: 1
<Jan20-2022> <14:27:00>  Carbon (TZ2P)
<Jan20-2022> <14:27:00>  Net Charge: 0 (Nuclei minus Electrons)
<Jan20-2022> <14:27:00>  Symmetry  : ATOM
<Jan20-2022> <14:27:00>  Coordinates
<Jan20-2022> <14:27:00>     Atom         X           Y           Z   (Angstrom)
<Jan20-2022> <14:27:00>     1.C         0.000000    0.000000    0.000000
<Jan20-2022> <14:27:00>  >>>> CORORT
<Jan20-2022> <14:27:00>  >>>> CLSMAT
<Jan20-2022> <14:27:00>  >>>> ORTHON
<Jan20-2022> <14:27:00>  >>>> GENPT
<Jan20-2022> <14:27:00>  Block Length=  72
<Jan20-2022> <14:27:00>  >>>> PTBAS
<Jan20-2022> <14:27:00>  >>>> CYCLE
<Jan20-2022> <14:27:00>              |Error|         MaxErr       Wt(A-DIIS)
<Jan20-2022> <14:27:00>      1      0.00000000      0.00000000
<Jan20-2022> <14:27:00>      2      4.48405934      3.32161898    100.0
<Jan20-2022> <14:27:00>      3      1.60718414      1.28408746    100.0
<Jan20-2022> <14:27:00>      4      0.76426456      0.62272052    100.0
<Jan20-2022> <14:27:00>      5      0.36119063      0.28553990    100.0
<Jan20-2022> <14:27:00>      6      0.14821424      0.11559867    100.0
<Jan20-2022> <14:27:00>      7      0.10108424      0.07867111     78.5
<Jan20-2022> <14:27:00>      8      0.01786531      0.01387049     13.0
<Jan20-2022> <14:27:00>      9      0.00195746      0.00153262      0.5
<Jan20-2022> <14:27:00>     10      0.00001058      0.00000730      0.0
<Jan20-2022> <14:27:00>     11      0.00000047      0.00000027      0.0
<Jan20-2022> <14:27:00>     12      0.00000003      0.00000002      0.0
<Jan20-2022> <14:27:00>     13      0.00000000      0.00000000      0.0
<Jan20-2022> <14:27:00>  SCF converged
<Jan20-2022> <14:27:01>     14      0.00000000      0.00000000      0.0
<Jan20-2022> <14:27:01>  >>>> POPAN
<Jan20-2022> <14:27:01>  >>>> DEBYE
<Jan20-2022> <14:27:01>  *** GOStep1 ***
<Jan20-2022> <14:27:01>  >>>> FRAGM
<Jan20-2022> <14:27:01>  Coordinates
<Jan20-2022> <14:27:01>     Atom         X           Y           Z   (Angstrom)
<Jan20-2022> <14:27:01>     1.H         2.053570   -0.803441    0.000000
<Jan20-2022> <14:27:01>     2.C         0.972937   -0.695741    0.000000
<Jan20-2022> <14:27:01>     3.H         0.663467   -0.150351    0.886617
<Jan20-2022> <14:27:01>     4.H         0.663467    0.150351   -0.886617
<Jan20-2022> <14:27:01>  >>>> CORORT
<Jan20-2022> <14:27:01>  >>>> CLSMAT
<Jan20-2022> <14:27:01>  >>>> ORTHON
<Jan20-2022> <14:27:01>  >>>> GENPT
<Jan20-2022> <14:27:01>  Block Length= 128
<Jan20-2022> <14:27:01>  >>>> PTBAS
<Jan20-2022> <14:27:01>  >>>> CYCLE
<Jan20-2022> <14:27:08>              |Error|         MaxErr       Wt(A-DIIS)
<Jan20-2022> <14:27:08>      1      1.82550844      0.37604047
<Jan20-2022> <14:27:13>      2      0.43473674      0.04919750    100.0
<Jan20-2022> <14:27:18>      3      0.41343507      0.05953285    100.0
<Jan20-2022> <14:27:23>      4      0.05484385      0.00563789      4.7
<Jan20-2022> <14:27:28>      5      0.01218287      0.00187576      0.9
<Jan20-2022> <14:27:33>      6      0.00143899      0.00017142      0.0
<Jan20-2022> <14:27:37>      7      0.00043138      0.00004931      0.0
<Jan20-2022> <14:27:42>      8      0.00015256      0.00001901      0.0
<Jan20-2022> <14:27:48>      9      0.00003797      0.00000480      0.0
<Jan20-2022> <14:27:53>     10      0.00000591      0.00000095      0.0
<Jan20-2022> <14:27:54>  SCF converged
<Jan20-2022> <14:27:59>     11      0.00000154      0.00000025      0.0
<Jan20-2022> <14:28:00>  >>>> TOTEN
<Jan20-2022> <14:28:06>  >>>> POPAN
<Jan20-2022> <14:28:06>  >>>> DEBYE
<Jan20-2022> <14:28:06>  >>>> ENGRAD
<Jan20-2022> <14:28:10>  current energy                               -0.61784933 Hartree
<Jan20-2022> <14:28:10>  energy change                      -0.61784933     0.00004000    F
<Jan20-2022> <14:28:10>  constrained gradient max            0.16087428     0.00100000    F
<Jan20-2022> <14:28:10>  constrained gradient rms            0.06525784     0.00066667    F
<Jan20-2022> <14:28:10>  gradient max                        0.16087428
<Jan20-2022> <14:28:10>  gradient rms                        0.06525784
<Jan20-2022> <14:28:10>  cart. step max                      0.03789453     0.01000000    F
<Jan20-2022> <14:28:10>  cart. step rms                      0.01692117     0.00666667    F
<Jan20-2022> <14:28:10>  Iteration 2
<Jan20-2022> <14:28:10>  *** GOStep2 ***
<Jan20-2022> <14:28:10>  >>>> FRAGM
<Jan20-2022> <14:28:10>  Coordinates
<Jan20-2022> <14:28:10>     Atom         X           Y           Z   (Angstrom)
<Jan20-2022> <14:28:10>     1.H         2.052753   -0.808464   -0.016502
<Jan20-2022> <14:28:10>     2.C         0.973431   -0.657847   -0.010312
<Jan20-2022> <14:28:10>     3.H         0.648892   -0.155785    0.903096
<Jan20-2022> <14:28:10>     4.H         0.678365    0.122913   -0.876282
<Jan20-2022> <14:28:10>  >>>> CORORT
<Jan20-2022> <14:28:10>  >>>> CLSMAT
<Jan20-2022> <14:28:10>  >>>> ORTHON
<Jan20-2022> <14:28:10>  >>>> GENPT
<Jan20-2022> <14:28:10>  Block Length= 128
<Jan20-2022> <14:28:10>  >>>> PTBAS
<Jan20-2022> <14:28:11>  >>>> CYCLE
<Jan20-2022> <14:28:14>  using orbital data from restart file
<Jan20-2022> <14:28:19>              |Error|         MaxErr       Wt(A-DIIS)
<Jan20-2022> <14:28:19>      1      0.11646284      0.03030531
<Jan20-2022> <14:28:24>      2      0.02424311      0.00276688    100.0
<Jan20-2022> <14:28:29>      3      0.01459030      0.00188405    100.0
<Jan20-2022> <14:28:34>      4      0.01504940      0.00172223      0.7
<Jan20-2022> <14:28:39>      5      0.00038842      0.00005526      0.0
<Jan20-2022> <14:28:44>      6      0.00009391      0.00000934      0.0
<Jan20-2022> <14:28:49>      7      0.00001481      0.00000173      0.0
<Jan20-2022> <14:28:54>      8      0.00000527      0.00000074      0.0
<Jan20-2022> <14:28:55>  SCF converged
<Jan20-2022> <14:28:59>      9      0.00000081      0.00000010      0.0
<Jan20-2022> <14:29:00>  >>>> TOTEN
<Jan20-2022> <14:29:07>  >>>> POPAN
<Jan20-2022> <14:29:07>  >>>> DEBYE
<Jan20-2022> <14:29:07>  >>>> ENGRAD
<Jan20-2022> <14:29:10>  current energy                               -0.62853719 Hartree
<Jan20-2022> <14:29:10>  energy change                      -0.01068786     0.00004000    F
<Jan20-2022> <14:29:10>  constrained gradient max            0.13347270     0.00100000    F
<Jan20-2022> <14:29:10>  constrained gradient rms            0.05213982     0.00066667    F
<Jan20-2022> <14:29:10>  gradient max                        0.13347270
<Jan20-2022> <14:29:10>  gradient rms                        0.05213982
<Jan20-2022> <14:29:10>  cart. step max                      0.07281860     0.01000000    F
<Jan20-2022> <14:29:10>  cart. step rms                      0.03354442     0.00666667    F
<Jan20-2022> <14:29:10>  Iteration 3
<Jan20-2022> <14:29:11>  *** GOStep3 ***
<Jan20-2022> <14:29:11>  >>>> FRAGM
<Jan20-2022> <14:29:11>  Coordinates
<Jan20-2022> <14:29:11>     Atom         X           Y           Z   (Angstrom)
<Jan20-2022> <14:29:11>     1.H         2.040892   -0.811882   -0.042127
<Jan20-2022> <14:29:11>     2.C         0.972147   -0.585028   -0.037269
<Jan20-2022> <14:29:11>     3.H         0.630782   -0.166253    0.915368
<Jan20-2022> <14:29:11>     4.H         0.709620    0.063981   -0.835972
<Jan20-2022> <14:29:11>  >>>> CORORT
<Jan20-2022> <14:29:11>  >>>> CLSMAT
<Jan20-2022> <14:29:11>  >>>> ORTHON
<Jan20-2022> <14:29:11>  >>>> GENPT
<Jan20-2022> <14:29:11>  Block Length= 128
<Jan20-2022> <14:29:11>  >>>> PTBAS
<Jan20-2022> <14:29:12>  >>>> CYCLE
<Jan20-2022> <14:29:15>  using orbital data from restart file
<Jan20-2022> <14:29:19>              |Error|         MaxErr       Wt(A-DIIS)
<Jan20-2022> <14:29:19>      1      0.30478414      0.08077309
<Jan20-2022> <14:29:24>      2      0.04288924      0.00506841    100.0
<Jan20-2022> <14:29:29>      3      0.02632068      0.00344924    100.0
<Jan20-2022> <14:29:34>      4      0.02595773      0.00279750      1.8
<Jan20-2022> <14:29:40>      5      0.00090493      0.00014295      0.0
<Jan20-2022> <14:29:45>      6      0.00016321      0.00002220      0.0
<Jan20-2022> <14:29:50>      7      0.00004639      0.00000616      0.0
<Jan20-2022> <14:29:56>      8      0.00001183      0.00000197      0.0
<Jan20-2022> <14:30:01>      9      0.00000138      0.00000015      0.0
<Jan20-2022> <14:30:02>  SCF converged
<Jan20-2022> <14:30:07>     10      0.00000030      0.00000004      0.0
<Jan20-2022> <14:30:07>  >>>> TOTEN
<Jan20-2022> <14:30:14>  >>>> POPAN
<Jan20-2022> <14:30:14>  >>>> DEBYE
<Jan20-2022> <14:30:14>  >>>> ENGRAD
<Jan20-2022> <14:30:17>  current energy                               -0.63918818 Hartree
<Jan20-2022> <14:30:17>  energy change                      -0.01065098     0.00004000    F
<Jan20-2022> <14:30:17>  constrained gradient max            0.04017636     0.00100000    F
<Jan20-2022> <14:30:17>  constrained gradient rms            0.02447855     0.00066667    F
<Jan20-2022> <14:30:17>  gradient max                        0.04017636
<Jan20-2022> <14:30:17>  gradient rms                        0.02447855
<Jan20-2022> <14:30:17>  cart. step max                      0.05066219     0.01000000    F
<Jan20-2022> <14:30:17>  cart. step rms                      0.02572289     0.00666667    F
<Jan20-2022> <14:30:17>  Iteration 4
<Jan20-2022> <14:30:18>  *** GOStep4 ***
<Jan20-2022> <14:30:18>  >>>> FRAGM
<Jan20-2022> <14:30:18>  Coordinates
<Jan20-2022> <14:30:18>     Atom         X           Y           Z   (Angstrom)
<Jan20-2022> <14:30:18>     1.H         2.043652   -0.836604   -0.027403
<Jan20-2022> <14:30:18>     2.C         0.995916   -0.534366   -0.030120
<Jan20-2022> <14:30:18>     3.H         0.629889   -0.191278    0.939054
<Jan20-2022> <14:30:18>     4.H         0.683984    0.063066   -0.881531
<Jan20-2022> <14:30:18>  >>>> CORORT
<Jan20-2022> <14:30:18>  >>>> CLSMAT
<Jan20-2022> <14:30:18>  >>>> ORTHON
<Jan20-2022> <14:30:18>  >>>> GENPT
<Jan20-2022> <14:30:18>  Block Length= 128
<Jan20-2022> <14:30:18>  >>>> PTBAS
<Jan20-2022> <14:30:19>  >>>> CYCLE
<Jan20-2022> <14:30:22>  using orbital data from restart file
<Jan20-2022> <14:30:26>              |Error|         MaxErr       Wt(A-DIIS)
<Jan20-2022> <14:30:26>      1      0.08283935      0.01529630
<Jan20-2022> <14:30:30>      2      0.02452429      0.00349152    100.0
<Jan20-2022> <14:30:35>      3      0.01982268      0.00285660    100.0
<Jan20-2022> <14:30:40>      4      0.01947520      0.00280745      1.8
<Jan20-2022> <14:30:46>      5      0.00603874      0.00110285      0.1
<Jan20-2022> <14:30:51>      6      0.00033788      0.00004610      0.0
<Jan20-2022> <14:30:56>      7      0.00022010      0.00003014      0.0
<Jan20-2022> <14:31:02>      8      0.00002610      0.00000315      0.0
<Jan20-2022> <14:31:07>      9      0.00000197      0.00000022      0.0
<Jan20-2022> <14:31:08>  SCF converged
<Jan20-2022> <14:31:12>     10      0.00000060      0.00000008      0.0
<Jan20-2022> <14:31:13>  >>>> TOTEN
<Jan20-2022> <14:31:20>  >>>> POPAN
<Jan20-2022> <14:31:20>  >>>> DEBYE
<Jan20-2022> <14:31:20>  >>>> ENGRAD
<Jan20-2022> <14:31:23>  current energy                               -0.64388726 Hartree
<Jan20-2022> <14:31:23>  energy change                      -0.00469909     0.00004000    F
<Jan20-2022> <14:31:23>  constrained gradient max            0.03084097     0.00100000    F
<Jan20-2022> <14:31:23>  constrained gradient rms            0.01331012     0.00066667    F
<Jan20-2022> <14:31:23>  gradient max                        0.03084097
<Jan20-2022> <14:31:23>  gradient rms                        0.01331012
<Jan20-2022> <14:31:23>  cart. step max                      0.06275230     0.01000000    F
<Jan20-2022> <14:31:23>  cart. step rms                      0.02425708     0.00666667    F
<Jan20-2022> <14:31:23>  Iteration 5
<Jan20-2022> <14:31:23>  *** GOStep5 ***
<Jan20-2022> <14:31:24>  >>>> FRAGM
<Jan20-2022> <14:31:24>  Coordinates
<Jan20-2022> <14:31:24>     Atom         X           Y           Z   (Angstrom)
<Jan20-2022> <14:31:24>     1.H         2.039870   -0.860261   -0.027170
<Jan20-2022> <14:31:24>     2.C         1.025241   -0.471614   -0.022404
<Jan20-2022> <14:31:24>     3.H         0.619102   -0.213787    0.950603
<Jan20-2022> <14:31:24>     4.H         0.669227    0.046480   -0.901029
<Jan20-2022> <14:31:24>  >>>> CORORT
<Jan20-2022> <14:31:24>  >>>> CLSMAT
<Jan20-2022> <14:31:24>  >>>> ORTHON
<Jan20-2022> <14:31:24>  >>>> GENPT
<Jan20-2022> <14:31:24>  Block Length= 128
<Jan20-2022> <14:31:24>  >>>> PTBAS
<Jan20-2022> <14:31:24>  >>>> CYCLE
<Jan20-2022> <14:31:27>  using orbital data from restart file
<Jan20-2022> <14:31:32>              |Error|         MaxErr       Wt(A-DIIS)
<Jan20-2022> <14:31:32>      1      0.07635390      0.01438340
<Jan20-2022> <14:31:37>      2      0.03006205      0.00412399    100.0
<Jan20-2022> <14:31:42>      3      0.02022295      0.00289184    100.0
<Jan20-2022> <14:31:48>      4      0.01399375      0.00237423      1.4
<Jan20-2022> <14:31:53>      5      0.00080389      0.00012994      0.0
<Jan20-2022> <14:31:58>      6      0.00009647      0.00001115      0.0
<Jan20-2022> <14:32:03>      7      0.00001489      0.00000189      0.0
<Jan20-2022> <14:32:08>      8      0.00000481      0.00000054      0.0
<Jan20-2022> <14:32:09>  SCF converged
<Jan20-2022> <14:32:14>      9      0.00000280      0.00000039      0.0
<Jan20-2022> <14:32:14>  >>>> TOTEN
<Jan20-2022> <14:32:21>  >>>> POPAN
<Jan20-2022> <14:32:21>  >>>> DEBYE
<Jan20-2022> <14:32:21>  >>>> ENGRAD
<Jan20-2022> <14:32:24>  current energy                               -0.64641295 Hartree
<Jan20-2022> <14:32:24>  energy change                      -0.00252569     0.00004000    F
<Jan20-2022> <14:32:24>  constrained gradient max            0.01615978     0.00100000    F
<Jan20-2022> <14:32:24>  constrained gradient rms            0.00749094     0.00066667    F
<Jan20-2022> <14:32:24>  gradient max                        0.01615978
<Jan20-2022> <14:32:24>  gradient rms                        0.00749094
<Jan20-2022> <14:32:24>  cart. step max                      0.04256834     0.01000000    F
<Jan20-2022> <14:32:24>  cart. step rms                      0.01843417     0.00666667    F
<Jan20-2022> <14:32:24>  Iteration 6
<Jan20-2022> <14:32:24>  *** GOStep6 ***
<Jan20-2022> <14:32:24>  >>>> FRAGM
<Jan20-2022> <14:32:24>  Coordinates
<Jan20-2022> <14:32:24>     Atom         X           Y           Z   (Angstrom)
<Jan20-2022> <14:32:24>     1.H         2.039777   -0.879320   -0.036492
<Jan20-2022> <14:32:24>     2.C         1.054742   -0.429045   -0.008936
<Jan20-2022> <14:32:24>     3.H         0.600811   -0.224324    0.951521
<Jan20-2022> <14:32:24>     4.H         0.658110    0.033507   -0.906093
<Jan20-2022> <14:32:24>  >>>> CORORT
<Jan20-2022> <14:32:24>  >>>> CLSMAT
<Jan20-2022> <14:32:24>  >>>> ORTHON
<Jan20-2022> <14:32:24>  >>>> GENPT
<Jan20-2022> <14:32:25>  Block Length= 128
<Jan20-2022> <14:32:25>  >>>> PTBAS
<Jan20-2022> <14:32:25>  >>>> CYCLE
<Jan20-2022> <14:32:28>  using orbital data from restart file
<Jan20-2022> <14:32:32>              |Error|         MaxErr       Wt(A-DIIS)
<Jan20-2022> <14:32:32>      1      0.06087989      0.00841819
<Jan20-2022> <14:32:38>      2      0.02598846      0.00350248    100.0
<Jan20-2022> <14:32:43>      3      0.01732409      0.00246977    100.0
<Jan20-2022> <14:32:48>      4      0.01241464      0.00203599      1.0
<Jan20-2022> <14:32:54>      5      0.00067785      0.00010582      0.0
<Jan20-2022> <14:32:59>      6      0.00010035      0.00001120      0.0
<Jan20-2022> <14:33:04>      7      0.00001348      0.00000170      0.0
<Jan20-2022> <14:33:10>      8      0.00000189      0.00000023      0.0
<Jan20-2022> <14:33:11>  SCF converged
<Jan20-2022> <14:33:15>      9      0.00000054      0.00000006      0.0
<Jan20-2022> <14:33:16>  >>>> TOTEN
<Jan20-2022> <14:33:23>  >>>> POPAN
<Jan20-2022> <14:33:23>  >>>> DEBYE
<Jan20-2022> <14:33:23>  >>>> ENGRAD
<Jan20-2022> <14:33:26>  current energy                               -0.64742785 Hartree
<Jan20-2022> <14:33:26>  energy change                      -0.00101490     0.00004000    F
<Jan20-2022> <14:33:26>  constrained gradient max            0.00646149     0.00100000    F
<Jan20-2022> <14:33:26>  constrained gradient rms            0.00309945     0.00066667    F
<Jan20-2022> <14:33:26>  gradient max                        0.00646149
<Jan20-2022> <14:33:26>  gradient rms                        0.00309945
<Jan20-2022> <14:33:26>  cart. step max                      0.03559794     0.01000000    F
<Jan20-2022> <14:33:26>  cart. step rms                      0.01468663     0.00666667    F
<Jan20-2022> <14:33:26>  Iteration 7
<Jan20-2022> <14:33:26>  *** GOStep7 ***
<Jan20-2022> <14:33:26>  >>>> FRAGM
<Jan20-2022> <14:33:26>  Coordinates
<Jan20-2022> <14:33:26>     Atom         X           Y           Z   (Angstrom)
<Jan20-2022> <14:33:26>     1.H         2.037000   -0.893655   -0.041939
<Jan20-2022> <14:33:26>     2.C         1.078404   -0.393447   -0.001919
<Jan20-2022> <14:33:26>     3.H         0.588224   -0.233455    0.948488
<Jan20-2022> <14:33:26>     4.H         0.649813    0.021376   -0.904630
<Jan20-2022> <14:33:26>  >>>> CORORT
<Jan20-2022> <14:33:26>  >>>> CLSMAT
<Jan20-2022> <14:33:26>  >>>> ORTHON
<Jan20-2022> <14:33:26>  >>>> GENPT
<Jan20-2022> <14:33:27>  Block Length= 128
<Jan20-2022> <14:33:27>  >>>> PTBAS
<Jan20-2022> <14:33:27>  >>>> CYCLE
<Jan20-2022> <14:33:30>  using orbital data from restart file
<Jan20-2022> <14:33:34>              |Error|         MaxErr       Wt(A-DIIS)
<Jan20-2022> <14:33:34>      1      0.04805587      0.00831315
<Jan20-2022> <14:33:40>      2      0.02203599      0.00293151    100.0
<Jan20-2022> <14:33:45>      3      0.02085833      0.00279847    100.0
<Jan20-2022> <14:33:50>      4      0.02084032      0.00279544      1.8
<Jan20-2022> <14:33:55>      5      0.01345740      0.00215958      1.2
<Jan20-2022> <14:34:00>      6      0.00127651      0.00013519      0.0
<Jan20-2022> <14:34:05>      7      0.00129000      0.00016993      0.0
<Jan20-2022> <14:34:11>      8      0.00004228      0.00000445      0.0
<Jan20-2022> <14:34:16>      9      0.00001871      0.00000243      0.0
<Jan20-2022> <14:34:21>     10      0.00001716      0.00000260      0.0
<Jan20-2022> <14:34:26>     11      0.00001668      0.00000247      0.0
<Jan20-2022> <14:34:31>     12      0.00001671      0.00000249      0.0
<Jan20-2022> <14:34:36>     13      0.00001662      0.00000248      0.0
<Jan20-2022> <14:34:42>     14      0.00000049      0.00000009      0.0
<Jan20-2022> <14:34:43>  SCF converged
<Jan20-2022> <14:34:47>     15      0.00000009      0.00000001      0.0
<Jan20-2022> <14:34:48>  >>>> TOTEN
<Jan20-2022> <14:34:55>  >>>> POPAN
<Jan20-2022> <14:34:55>  >>>> DEBYE
<Jan20-2022> <14:34:55>  >>>> ENGRAD
<Jan20-2022> <14:34:58>  current energy                               -0.64774195 Hartree
<Jan20-2022> <14:34:58>  energy change                      -0.00031410     0.00004000    F
<Jan20-2022> <14:34:58>  constrained gradient max            0.00226492     0.00100000    F
<Jan20-2022> <14:34:58>  constrained gradient rms            0.00126838     0.00066667    F
<Jan20-2022> <14:34:58>  gradient max                        0.00226492
<Jan20-2022> <14:34:58>  gradient rms                        0.00126838
<Jan20-2022> <14:34:58>  cart. step max                      0.01558833     0.01000000    F
<Jan20-2022> <14:34:58>  cart. step rms                      0.00604972     0.00666667    T
<Jan20-2022> <14:34:58>  Iteration 8
<Jan20-2022> <14:34:59>  *** GOStep8 ***
<Jan20-2022> <14:34:59>  >>>> FRAGM
<Jan20-2022> <14:34:59>  Coordinates
<Jan20-2022> <14:34:59>     Atom         X           Y           Z   (Angstrom)
<Jan20-2022> <14:34:59>     1.H         2.034691   -0.899350   -0.041821
<Jan20-2022> <14:34:59>     2.C         1.087344   -0.377859   -0.000160
<Jan20-2022> <14:34:59>     3.H         0.585440   -0.238849    0.948484
<Jan20-2022> <14:34:59>     4.H         0.645966    0.016876   -0.906504
<Jan20-2022> <14:34:59>  >>>> CORORT
<Jan20-2022> <14:34:59>  >>>> CLSMAT
<Jan20-2022> <14:34:59>  >>>> ORTHON
<Jan20-2022> <14:34:59>  >>>> GENPT
<Jan20-2022> <14:34:59>  Block Length= 128
<Jan20-2022> <14:34:59>  >>>> PTBAS
<Jan20-2022> <14:35:00>  >>>> CYCLE
<Jan20-2022> <14:35:03>  using orbital data from restart file
<Jan20-2022> <14:35:07>              |Error|         MaxErr       Wt(A-DIIS)
<Jan20-2022> <14:35:07>      1      0.02007454      0.00326762
<Jan20-2022> <14:35:12>      2      0.00935288      0.00129529    100.0
<Jan20-2022> <14:35:18>      3      0.00683813      0.00111704    100.0
<Jan20-2022> <14:35:23>      4      0.00242198      0.00031725      0.0
<Jan20-2022> <14:35:28>      5      0.00061739      0.00008079      0.0
<Jan20-2022> <14:35:33>      6      0.00002036      0.00000230      0.0
<Jan20-2022> <14:35:38>      7      0.00000120      0.00000021      0.0
<Jan20-2022> <14:35:39>  SCF converged
<Jan20-2022> <14:35:43>      8      0.00000022      0.00000003      0.0
<Jan20-2022> <14:35:44>  >>>> TOTEN
<Jan20-2022> <14:35:51>  >>>> POPAN
<Jan20-2022> <14:35:51>  >>>> DEBYE
<Jan20-2022> <14:35:51>  >>>> ENGRAD
<Jan20-2022> <14:35:54>  current energy                               -0.64778042 Hartree
<Jan20-2022> <14:35:54>  energy change                      -0.00003847     0.00004000    T
<Jan20-2022> <14:35:54>  constrained gradient max            0.00100384     0.00100000    F
<Jan20-2022> <14:35:54>  constrained gradient rms            0.00051469     0.00066667    T
<Jan20-2022> <14:35:54>  gradient max                        0.00100384
<Jan20-2022> <14:35:54>  gradient rms                        0.00051469
<Jan20-2022> <14:35:54>  cart. step max                      0.00311587     0.01000000    T
<Jan20-2022> <14:35:54>  cart. step rms                      0.00118216     0.00666667    T
<Jan20-2022> <14:35:54>  Iteration 9
<Jan20-2022> <14:35:54>  *** GOStep9 ***
<Jan20-2022> <14:35:54>  >>>> FRAGM
<Jan20-2022> <14:35:54>  Coordinates
<Jan20-2022> <14:35:54>     Atom         X           Y           Z   (Angstrom)
<Jan20-2022> <14:35:54>     1.H         2.034149   -0.900317   -0.041762
<Jan20-2022> <14:35:54>     2.C         1.088481   -0.374743    0.000065
<Jan20-2022> <14:35:54>     3.H         0.585207   -0.240112    0.949313
<Jan20-2022> <14:35:54>     4.H         0.645604    0.015990   -0.907615
<Jan20-2022> <14:35:54>  >>>> CORORT
<Jan20-2022> <14:35:54>  >>>> CLSMAT
<Jan20-2022> <14:35:54>  >>>> ORTHON
<Jan20-2022> <14:35:54>  >>>> GENPT
<Jan20-2022> <14:35:54>  Block Length= 128
<Jan20-2022> <14:35:54>  >>>> PTBAS
<Jan20-2022> <14:35:55>  >>>> CYCLE
<Jan20-2022> <14:35:58>  using orbital data from restart file
<Jan20-2022> <14:36:02>              |Error|         MaxErr       Wt(A-DIIS)
<Jan20-2022> <14:36:02>      1      0.00401846      0.00069905
<Jan20-2022> <14:36:08>      2      0.00172804      0.00023913    100.0
<Jan20-2022> <14:36:13>      3      0.00129939      0.00020666    100.0
<Jan20-2022> <14:36:18>      4      0.00049452      0.00005126      0.0
<Jan20-2022> <14:36:23>      5      0.00010455      0.00001334      0.0
<Jan20-2022> <14:36:28>      6      0.00000711      0.00000081      0.0
<Jan20-2022> <14:36:29>  SCF converged
<Jan20-2022> <14:36:34>      7      0.00000061      0.00000011      0.0
<Jan20-2022> <14:36:34>  >>>> TOTEN
<Jan20-2022> <14:36:41>  >>>> POPAN
<Jan20-2022> <14:36:41>  >>>> DEBYE
<Jan20-2022> <14:36:41>  >>>> ENGRAD
<Jan20-2022> <14:36:45>  current energy                               -0.64778253 Hartree
<Jan20-2022> <14:36:45>  energy change                      -0.00000211     0.00004000    T
<Jan20-2022> <14:36:45>  constrained gradient max            0.00026933     0.00100000    T
<Jan20-2022> <14:36:45>  constrained gradient rms            0.00012627     0.00066667    T
<Jan20-2022> <14:36:45>  gradient max                        0.00026933
<Jan20-2022> <14:36:45>  gradient rms                        0.00012627
<Jan20-2022> <14:36:45>  cart. step max                      0.00013068     0.01000000    T
<Jan20-2022> <14:36:45>  cart. step rms                      0.00007016     0.00666667    T
<Jan20-2022> <14:36:45>  Geometry optimization converged
<Jan20-2022> <14:36:45>  *** adf ***
<Jan20-2022> <14:36:45>  Net Charge: 0 (Nuclei minus Electrons)
<Jan20-2022> <14:36:45>  Spin polar: 1 (Spin_A minus Spin_B electrons)
<Jan20-2022> <14:36:45>  Symmetry  : NOSYM
<Jan20-2022> <14:36:45>  >>>> FRAGM
<Jan20-2022> <14:36:45>  Coordinates
<Jan20-2022> <14:36:45>     Atom         X           Y           Z   (Angstrom)
<Jan20-2022> <14:36:45>     1.H         2.034149   -0.900317   -0.041762
<Jan20-2022> <14:36:45>     2.C         1.088481   -0.374743    0.000065
<Jan20-2022> <14:36:45>     3.H         0.585207   -0.240112    0.949313
<Jan20-2022> <14:36:45>     4.H         0.645604    0.015990   -0.907615
<Jan20-2022> <14:36:45>  >>>> CORORT
<Jan20-2022> <14:36:45>  >>>> CLSMAT
<Jan20-2022> <14:36:45>  >>>> ORTHON
<Jan20-2022> <14:36:45>  >>>> GENPT
<Jan20-2022> <14:36:45>  Block Length= 128
<Jan20-2022> <14:36:45>  >>>> PTBAS
<Jan20-2022> <14:36:46>  >>>> CYCLE
<Jan20-2022> <14:36:49>  using orbital data from restart file
<Jan20-2022> <14:36:54>              |Error|         MaxErr       Wt(A-DIIS)
<Jan20-2022> <14:36:54>      1      0.00000005      0.00000001
<Jan20-2022> <14:36:59>      2      0.00000004      0.00000001    100.0
<Jan20-2022> <14:37:00>  SCF converged
<Jan20-2022> <14:37:04>      3      0.00000002      0.00000000    100.0
<Jan20-2022> <14:37:10>  >>>> TOTEN
<Jan20-2022> <14:37:19>  >>>> POPAN
<Jan20-2022> <14:37:19>  >>>> DEBYE
<Jan20-2022> <14:37:19>  >>>> AMETS
<Jan20-2022> <14:37:19>   Bond Energy          -0.64778253 a.u.
<Jan20-2022> <14:37:19>   Bond Energy         -17.62705951 eV
<Jan20-2022> <14:37:19>   Bond Energy        -406.49       kcal/mol
<Jan20-2022> <14:37:19>  >>>> POPUL
<Jan20-2022> <14:37:19>  >>>> ENGRAD
<Jan20-2022> <14:37:23>  >>>> ENHESS
<Jan20-2022> <14:37:24>  === NUCLEUS:     1
<Jan20-2022> <14:39:11>  === NUCLEUS:     2
<Jan20-2022> <14:40:50>  === NUCLEUS:     3
<Jan20-2022> <14:42:32>  === NUCLEUS:     4
<Jan20-2022> <14:44:05>  >>>> CALC_HESS_PMAT
<Jan20-2022> <14:44:12>  >>>> CALC_HESS_WMAT
<Jan20-2022> <14:44:13>  PES point character: Geometry corresponds to a local minimum on the PES.
<Jan20-2022> <14:44:13>  Geometry optimization successful!
<Jan20-2022> <14:44:13>  NORMAL TERMINATION
