<Jan20-2022> <01:12:25>  AMS 2021.102  RunTime: Jan20-2022 01:12:25  ShM Nodes: 1  Procs: 1
<Jan20-2022> <01:12:25>  ADF 2021.102  RunTime: Jan20-2022 01:12:25  ShM Nodes: 1  Procs: 1
<Jan20-2022> <01:12:25>  *** (NO TITLE) ***
<Jan20-2022> <01:12:25>  Iteration 1
<Jan20-2022> <01:12:25>  DIRAC 2021.102  RunTime: Jan20-2022 01:12:25  ShM Nodes: 1  Procs: 1
<Jan20-2022> <01:12:25>  Carbon (TZ2P)
<Jan20-2022> <01:12:25>  Net Charge: 0 (Nuclei minus Electrons)
<Jan20-2022> <01:12:25>  Symmetry  : ATOM
<Jan20-2022> <01:12:25>  Coordinates
<Jan20-2022> <01:12:25>     Atom         X           Y           Z   (Angstrom)
<Jan20-2022> <01:12:25>     1.C         0.000000    0.000000    0.000000
<Jan20-2022> <01:12:25>  >>>> CORORT
<Jan20-2022> <01:12:26>  >>>> CLSMAT
<Jan20-2022> <01:12:26>  >>>> ORTHON
<Jan20-2022> <01:12:26>  >>>> GENPT
<Jan20-2022> <01:12:26>  Block Length=  72
<Jan20-2022> <01:12:26>  >>>> PTBAS
<Jan20-2022> <01:12:26>  >>>> CYCLE
<Jan20-2022> <01:12:26>              |Error|         MaxErr       Wt(A-DIIS)
<Jan20-2022> <01:12:26>      1      0.00000000      0.00000000
<Jan20-2022> <01:12:26>      2      4.48405934      3.32161898    100.0
<Jan20-2022> <01:12:26>      3      1.60718414      1.28408746    100.0
<Jan20-2022> <01:12:26>      4      0.76426456      0.62272052    100.0
<Jan20-2022> <01:12:26>      5      0.36119063      0.28553990    100.0
<Jan20-2022> <01:12:26>      6      0.14821424      0.11559867    100.0
<Jan20-2022> <01:12:26>      7      0.10108424      0.07867111     78.5
<Jan20-2022> <01:12:26>      8      0.01786531      0.01387049     13.0
<Jan20-2022> <01:12:26>      9      0.00195746      0.00153262      0.5
<Jan20-2022> <01:12:26>     10      0.00001058      0.00000730      0.0
<Jan20-2022> <01:12:26>     11      0.00000047      0.00000027      0.0
<Jan20-2022> <01:12:26>     12      0.00000003      0.00000002      0.0
<Jan20-2022> <01:12:26>     13      0.00000000      0.00000000      0.0
<Jan20-2022> <01:12:26>  SCF converged
<Jan20-2022> <01:12:26>     14      0.00000000      0.00000000      0.0
<Jan20-2022> <01:12:26>  >>>> POPAN
<Jan20-2022> <01:12:26>  >>>> DEBYE
<Jan20-2022> <01:12:26>  DIRAC 2021.102  RunTime: Jan20-2022 01:12:26  ShM Nodes: 1  Procs: 1
<Jan20-2022> <01:12:26>  Hydrogen (TZ2P)
<Jan20-2022> <01:12:26>  Net Charge: 0 (Nuclei minus Electrons)
<Jan20-2022> <01:12:26>  Symmetry  : ATOM
<Jan20-2022> <01:12:26>  Coordinates
<Jan20-2022> <01:12:26>     Atom         X           Y           Z   (Angstrom)
<Jan20-2022> <01:12:26>     1.H         0.000000    0.000000    0.000000
<Jan20-2022> <01:12:26>  >>>> CORORT
<Jan20-2022> <01:12:26>  >>>> CLSMAT
<Jan20-2022> <01:12:26>  >>>> ORTHON
<Jan20-2022> <01:12:26>  >>>> GENPT
<Jan20-2022> <01:12:26>  Block Length=  64
<Jan20-2022> <01:12:26>  >>>> PTBAS
<Jan20-2022> <01:12:26>  >>>> CYCLE
<Jan20-2022> <01:12:26>              |Error|         MaxErr       Wt(A-DIIS)
<Jan20-2022> <01:12:26>      1      0.00000000      0.00000000
<Jan20-2022> <01:12:26>      2      0.03080019      0.02591482
<Jan20-2022> <01:12:26>      3      0.01140383      0.01135775    100.0
<Jan20-2022> <01:12:26>      4      0.00327656      0.00327407      2.3
<Jan20-2022> <01:12:26>      5      0.00010041      0.00009754      0.0
<Jan20-2022> <01:12:26>      6      0.00000525      0.00000504      0.0
<Jan20-2022> <01:12:26>      7      0.00000007      0.00000007      0.0
<Jan20-2022> <01:12:26>      8      0.00000000      0.00000000      0.0
<Jan20-2022> <01:12:26>  SCF converged
<Jan20-2022> <01:12:26>      9      0.00000000      0.00000000      0.0
<Jan20-2022> <01:12:26>  >>>> POPAN
<Jan20-2022> <01:12:26>  >>>> DEBYE
<Jan20-2022> <01:12:27>  DIRAC 2021.102  RunTime: Jan20-2022 01:12:27  ShM Nodes: 1  Procs: 1
<Jan20-2022> <01:12:27>  Oxygen (TZ2P)
<Jan20-2022> <01:12:27>  Net Charge: 0 (Nuclei minus Electrons)
<Jan20-2022> <01:12:27>  Symmetry  : ATOM
<Jan20-2022> <01:12:27>  Coordinates
<Jan20-2022> <01:12:27>     Atom         X           Y           Z   (Angstrom)
<Jan20-2022> <01:12:27>     1.O         0.000000    0.000000    0.000000
<Jan20-2022> <01:12:27>  >>>> CORORT
<Jan20-2022> <01:12:27>  >>>> CLSMAT
<Jan20-2022> <01:12:27>  >>>> ORTHON
<Jan20-2022> <01:12:27>  >>>> GENPT
<Jan20-2022> <01:12:27>  Block Length=  68
<Jan20-2022> <01:12:27>  >>>> PTBAS
<Jan20-2022> <01:12:27>  >>>> CYCLE
<Jan20-2022> <01:12:27>              |Error|         MaxErr       Wt(A-DIIS)
<Jan20-2022> <01:12:27>      1      0.00000000      0.00000000
<Jan20-2022> <01:12:27>      2      8.77210307      5.53374266    100.0
<Jan20-2022> <01:12:27>      3      3.60058093      2.49154808    100.0
<Jan20-2022> <01:12:27>      4      1.20505529      0.62472425    100.0
<Jan20-2022> <01:12:27>      5      1.46502638      0.81213311    100.0
<Jan20-2022> <01:12:27>      6      0.15089362      0.09131786     91.2
<Jan20-2022> <01:12:27>      7      0.14397311      0.08251182     82.3
<Jan20-2022> <01:12:27>      8      0.00183259      0.00123681      0.2
<Jan20-2022> <01:12:27>      9      0.00015629      0.00008105      0.0
<Jan20-2022> <01:12:27>     10      0.00001324      0.00000629      0.0
<Jan20-2022> <01:12:27>     11      0.00000006      0.00000003      0.0
<Jan20-2022> <01:12:27>     12      0.00000000      0.00000000      0.0
<Jan20-2022> <01:12:27>  SCF converged
<Jan20-2022> <01:12:27>     13      0.00000000      0.00000000      0.0
<Jan20-2022> <01:12:27>  >>>> POPAN
<Jan20-2022> <01:12:27>  >>>> DEBYE
<Jan20-2022> <01:12:27>  *** GOStep1 ***
<Jan20-2022> <01:12:27>  >>>> FRAGM
<Jan20-2022> <01:12:27>  Coordinates
<Jan20-2022> <01:12:27>     Atom         X           Y           Z   (Angstrom)
<Jan20-2022> <01:12:27>     1.C         0.072379    0.458490    0.147016
<Jan20-2022> <01:12:27>     2.C         0.881364   -0.769627    0.345434
<Jan20-2022> <01:12:27>     3.H         0.320085   -1.649370    0.008484
<Jan20-2022> <01:12:27>     4.C        -1.244537    0.481405   -0.412106
<Jan20-2022> <01:12:27>     5.H         0.491509    1.421715    0.440204
<Jan20-2022> <01:12:27>     6.O        -1.908801    1.513970   -0.583638
<Jan20-2022> <01:12:27>     7.C         1.357984   -0.971567    1.798392
<Jan20-2022> <01:12:27>     8.H         1.975789   -1.872162    1.871864
<Jan20-2022> <01:12:27>     9.H         0.508075   -1.083701    2.478485
<Jan20-2022> <01:12:27>    10.H         1.956137   -0.121560    2.141940
<Jan20-2022> <01:12:27>    11.H         1.748706   -0.707949   -0.278116
<Jan20-2022> <01:12:27>    12.H        -1.650698   -0.469128   -0.688547
<Jan20-2022> <01:12:27>  >>>> CORORT
<Jan20-2022> <01:12:27>  >>>> CLSMAT
<Jan20-2022> <01:12:27>  >>>> ORTHON
<Jan20-2022> <01:12:27>  >>>> GENPT
<Jan20-2022> <01:12:28>  Block Length= 128
<Jan20-2022> <01:12:29>  >>>> PTBAS
<Jan20-2022> <01:12:45>  >>>> CYCLE
<Jan20-2022> <01:13:46>              |Error|         MaxErr       Wt(A-DIIS)
<Jan20-2022> <01:13:46>      1      5.33249245      0.50861929
<Jan20-2022> <01:14:39>      2      0.92486293      0.09086049    100.0
<Jan20-2022> <01:15:32>      3      0.48795593      0.03697874    100.0
<Jan20-2022> <01:16:26>      4      0.69972437      0.06275576    100.0
<Jan20-2022> <01:17:20>      5      0.11490066      0.01508455     14.2
<Jan20-2022> <01:18:14>      6      0.08615756      0.01234332     11.5
<Jan20-2022> <01:19:07>      7      0.01624486      0.00229811      1.3
<Jan20-2022> <01:20:01>      8      0.00550127      0.00066996      0.0
<Jan20-2022> <01:20:55>      9      0.00141677      0.00013220      0.0
<Jan20-2022> <01:21:49>     10      0.00075544      0.00007589      0.0
<Jan20-2022> <01:22:42>     11      0.00030420      0.00002657      0.0
<Jan20-2022> <01:23:36>     12      0.00010832      0.00001210      0.0
<Jan20-2022> <01:24:29>     13      0.00002270      0.00000151      0.0
<Jan20-2022> <01:25:23>     14      0.00000806      0.00000078      0.0
<Jan20-2022> <01:25:37>  SCF converged
<Jan20-2022> <01:26:17>     15      0.00000328      0.00000025      0.0
<Jan20-2022> <01:26:30>  >>>> TOTEN
<Jan20-2022> <01:27:28>  >>>> POPAN
<Jan20-2022> <01:27:28>  >>>> DEBYE
<Jan20-2022> <01:27:28>  >>>> ENGRAD
<Jan20-2022> <01:28:41>  current energy                               -2.38196924 Hartree
<Jan20-2022> <01:28:41>  energy change                      -2.38196924     0.00012000    F
<Jan20-2022> <01:28:41>  constrained gradient max            0.04608115     0.00100000    F
<Jan20-2022> <01:28:41>  constrained gradient rms            0.01483600     0.00066667    F
<Jan20-2022> <01:28:41>  gradient max                        0.04608115
<Jan20-2022> <01:28:41>  gradient rms                        0.01483600
<Jan20-2022> <01:28:41>  cart. step max                      0.02135819     0.01000000    F
<Jan20-2022> <01:28:41>  cart. step rms                      0.00660723     0.00666667    T
<Jan20-2022> <01:28:41>  Iteration 2
<Jan20-2022> <01:28:42>  *** GOStep2 ***
<Jan20-2022> <01:28:42>  >>>> FRAGM
<Jan20-2022> <01:28:42>  Coordinates
<Jan20-2022> <01:28:42>     Atom         X           Y           Z   (Angstrom)
<Jan20-2022> <01:28:42>     1.C         0.074135    0.461126    0.147940
<Jan20-2022> <01:28:42>     2.C         0.883496   -0.768093    0.344463
<Jan20-2022> <01:28:42>     3.H         0.319400   -1.646937    0.008980
<Jan20-2022> <01:28:42>     4.C        -1.244904    0.483935   -0.407580
<Jan20-2022> <01:28:42>     5.H         0.495569    1.424058    0.439044
<Jan20-2022> <01:28:42>     6.O        -1.905914    1.522053   -0.578828
<Jan20-2022> <01:28:42>     7.C         1.354828   -0.971286    1.799391
<Jan20-2022> <01:28:42>     8.H         1.970955   -1.872968    1.874277
<Jan20-2022> <01:28:42>     9.H         0.503457   -1.081848    2.477844
<Jan20-2022> <01:28:42>    10.H         1.953851   -0.122363    2.144170
<Jan20-2022> <01:28:42>    11.H         1.770064   -0.706786   -0.290240
<Jan20-2022> <01:28:42>    12.H        -1.666945   -0.490376   -0.690048
<Jan20-2022> <01:28:42>  >>>> CORORT
<Jan20-2022> <01:28:42>  >>>> CLSMAT
<Jan20-2022> <01:28:42>  >>>> ORTHON
<Jan20-2022> <01:28:42>  >>>> GENPT
<Jan20-2022> <01:28:42>  Block Length= 128
<Jan20-2022> <01:28:43>  >>>> PTBAS
<Jan20-2022> <01:28:57>  >>>> CYCLE
<Jan20-2022> <01:29:09>  using orbital data from restart file
<Jan20-2022> <01:29:32>              |Error|         MaxErr       Wt(A-DIIS)
<Jan20-2022> <01:29:32>      1      0.09586784      0.01939407
<Jan20-2022> <01:30:02>      2      0.01574081      0.00176595    100.0
<Jan20-2022> <01:30:46>      3      0.03261190      0.00467319    100.0
<Jan20-2022> <01:31:40>      4      0.00711208      0.00051931      0.0
<Jan20-2022> <01:32:32>      5      0.00217077      0.00020131      0.0
<Jan20-2022> <01:33:26>      6      0.00058949      0.00004166      0.0
<Jan20-2022> <01:34:19>      7      0.00013700      0.00001148      0.0
<Jan20-2022> <01:35:09>      8      0.00002821      0.00000205      0.0
<Jan20-2022> <01:35:39>      9      0.00001183      0.00000078      0.0
<Jan20-2022> <01:36:10>     10      0.00000443      0.00000037      0.0
<Jan20-2022> <01:36:17>  SCF converged
<Jan20-2022> <01:36:40>     11      0.00000163      0.00000010      0.0
<Jan20-2022> <01:36:48>  >>>> TOTEN
<Jan20-2022> <01:37:22>  >>>> POPAN
<Jan20-2022> <01:37:22>  >>>> DEBYE
<Jan20-2022> <01:37:22>  >>>> ENGRAD
<Jan20-2022> <01:38:04>  current energy                               -2.38352492 Hartree
<Jan20-2022> <01:38:04>  energy change                      -0.00155569     0.00012000    F
<Jan20-2022> <01:38:04>  constrained gradient max            0.01860485     0.00100000    F
<Jan20-2022> <01:38:04>  constrained gradient rms            0.00528063     0.00066667    F
<Jan20-2022> <01:38:04>  gradient max                        0.01860485
<Jan20-2022> <01:38:04>  gradient rms                        0.00528063
<Jan20-2022> <01:38:04>  cart. step max                      0.00860899     0.01000000    T
<Jan20-2022> <01:38:04>  cart. step rms                      0.00278519     0.00666667    T
<Jan20-2022> <01:38:04>  Iteration 3
<Jan20-2022> <01:38:05>  *** GOStep3 ***
<Jan20-2022> <01:38:05>  >>>> FRAGM
<Jan20-2022> <01:38:05>  Coordinates
<Jan20-2022> <01:38:05>     Atom         X           Y           Z   (Angstrom)
<Jan20-2022> <01:38:05>     1.C         0.075382    0.462490    0.146480
<Jan20-2022> <01:38:05>     2.C         0.882733   -0.767682    0.344860
<Jan20-2022> <01:38:05>     3.H         0.319174   -1.646062    0.007657
<Jan20-2022> <01:38:05>     4.C        -1.243058    0.487324   -0.407822
<Jan20-2022> <01:38:05>     5.H         0.497559    1.425152    0.436904
<Jan20-2022> <01:38:05>     6.O        -1.905081    1.522476   -0.573757
<Jan20-2022> <01:38:05>     7.C         1.353482   -0.971090    1.800049
<Jan20-2022> <01:38:05>     8.H         1.968955   -1.873193    1.875495
<Jan20-2022> <01:38:05>     9.H         0.501060   -1.081243    2.477183
<Jan20-2022> <01:38:05>    10.H         1.952644   -0.122629    2.145820
<Jan20-2022> <01:38:05>    11.H         1.778356   -0.706043   -0.294335
<Jan20-2022> <01:38:05>    12.H        -1.673214   -0.498985   -0.689121
<Jan20-2022> <01:38:05>  >>>> CORORT
<Jan20-2022> <01:38:05>  >>>> CLSMAT
<Jan20-2022> <01:38:05>  >>>> ORTHON
<Jan20-2022> <01:38:05>  >>>> GENPT
<Jan20-2022> <01:38:05>  Block Length= 128
<Jan20-2022> <01:38:06>  >>>> PTBAS
<Jan20-2022> <01:38:16>  >>>> CYCLE
<Jan20-2022> <01:38:28>  using orbital data from restart file
<Jan20-2022> <01:38:51>              |Error|         MaxErr       Wt(A-DIIS)
<Jan20-2022> <01:38:51>      1      0.04635131      0.00899788
<Jan20-2022> <01:39:21>      2      0.00779445      0.00098265    100.0
<Jan20-2022> <01:39:51>      3      0.01940894      0.00280391    100.0
<Jan20-2022> <01:40:22>      4      0.00386331      0.00034466      0.0
<Jan20-2022> <01:40:52>      5      0.00109737      0.00008846      0.0
<Jan20-2022> <01:41:22>      6      0.00018968      0.00001284      0.0
<Jan20-2022> <01:41:53>      7      0.00009101      0.00000586      0.0
<Jan20-2022> <01:42:24>      8      0.00004819      0.00000319      0.0
<Jan20-2022> <01:42:54>      9      0.00001350      0.00000130      0.0
<Jan20-2022> <01:43:24>     10      0.00000503      0.00000034      0.0
<Jan20-2022> <01:43:31>  SCF converged
<Jan20-2022> <01:43:54>     11      0.00000214      0.00000017      0.0
<Jan20-2022> <01:44:01>  >>>> TOTEN
<Jan20-2022> <01:44:36>  >>>> POPAN
<Jan20-2022> <01:44:36>  >>>> DEBYE
<Jan20-2022> <01:44:36>  >>>> ENGRAD
<Jan20-2022> <01:45:18>  current energy                               -2.38372218 Hartree
<Jan20-2022> <01:45:18>  energy change                      -0.00019725     0.00012000    F
<Jan20-2022> <01:45:18>  constrained gradient max            0.00254789     0.00100000    F
<Jan20-2022> <01:45:18>  constrained gradient rms            0.00082172     0.00066667    F
<Jan20-2022> <01:45:18>  gradient max                        0.00254789
<Jan20-2022> <01:45:18>  gradient rms                        0.00082172
<Jan20-2022> <01:45:18>  cart. step max                      0.01382690     0.01000000    F
<Jan20-2022> <01:45:18>  cart. step rms                      0.00410592     0.00666667    T
<Jan20-2022> <01:45:18>  Iteration 4
<Jan20-2022> <01:45:19>  *** GOStep4 ***
<Jan20-2022> <01:45:19>  >>>> FRAGM
<Jan20-2022> <01:45:19>  Coordinates
<Jan20-2022> <01:45:19>     Atom         X           Y           Z   (Angstrom)
<Jan20-2022> <01:45:19>     1.C         0.072447    0.462335    0.151084
<Jan20-2022> <01:45:19>     2.C         0.879262   -0.767982    0.347734
<Jan20-2022> <01:45:19>     3.H         0.315164   -1.646241    0.011571
<Jan20-2022> <01:45:19>     4.C        -1.247940    0.488146   -0.398813
<Jan20-2022> <01:45:19>     5.H         0.495922    1.424905    0.439897
<Jan20-2022> <01:45:19>     6.O        -1.903245    1.524350   -0.582992
<Jan20-2022> <01:45:19>     7.C         1.356198   -0.971481    1.800753
<Jan20-2022> <01:45:19>     8.H         1.971906   -1.873605    1.873632
<Jan20-2022> <01:45:19>     9.H         0.506300   -1.081735    2.481083
<Jan20-2022> <01:45:19>    10.H         1.956634   -0.123037    2.144268
<Jan20-2022> <01:45:19>    11.H         1.773962   -0.706122   -0.295858
<Jan20-2022> <01:45:19>    12.H        -1.668618   -0.499018   -0.702948
<Jan20-2022> <01:45:19>  >>>> CORORT
<Jan20-2022> <01:45:19>  >>>> CLSMAT
<Jan20-2022> <01:45:19>  >>>> ORTHON
<Jan20-2022> <01:45:19>  >>>> GENPT
<Jan20-2022> <01:45:19>  Block Length= 128
<Jan20-2022> <01:45:20>  >>>> PTBAS
<Jan20-2022> <01:45:29>  >>>> CYCLE
<Jan20-2022> <01:45:42>  using orbital data from restart file
<Jan20-2022> <01:46:05>              |Error|         MaxErr       Wt(A-DIIS)
<Jan20-2022> <01:46:05>      1      0.04200384      0.01048119
<Jan20-2022> <01:46:35>      2      0.00584386      0.00057546    100.0
<Jan20-2022> <01:47:05>      3      0.00705406      0.00078890    100.0
<Jan20-2022> <01:47:35>      4      0.00366585      0.00054788      0.0
<Jan20-2022> <01:48:06>      5      0.00107655      0.00014675      0.0
<Jan20-2022> <01:48:36>      6      0.00050236      0.00003851      0.0
<Jan20-2022> <01:49:06>      7      0.00012746      0.00000796      0.0
<Jan20-2022> <01:49:37>      8      0.00004883      0.00000279      0.0
<Jan20-2022> <01:50:07>      9      0.00001495      0.00000099      0.0
<Jan20-2022> <01:50:38>     10      0.00000534      0.00000030      0.0
<Jan20-2022> <01:50:45>  SCF converged
<Jan20-2022> <01:51:08>     11      0.00000237      0.00000014      0.0
<Jan20-2022> <01:51:16>  >>>> TOTEN
<Jan20-2022> <01:51:51>  >>>> POPAN
<Jan20-2022> <01:51:51>  >>>> DEBYE
<Jan20-2022> <01:51:51>  >>>> ENGRAD
<Jan20-2022> <01:52:33>  current energy                               -2.38368182 Hartree
<Jan20-2022> <01:52:33>  energy change                       0.00004036     0.00012000    T
<Jan20-2022> <01:52:33>  constrained gradient max            0.00651515     0.00100000    F
<Jan20-2022> <01:52:33>  constrained gradient rms            0.00134019     0.00066667    F
<Jan20-2022> <01:52:33>  gradient max                        0.00651515
<Jan20-2022> <01:52:33>  gradient rms                        0.00134019
<Jan20-2022> <01:52:33>  cart. step max                      0.00529697     0.01000000    T
<Jan20-2022> <01:52:33>  cart. step rms                      0.00163052     0.00666667    T
<Jan20-2022> <01:52:33>  Iteration 5
<Jan20-2022> <01:52:33>  *** GOStep5 ***
<Jan20-2022> <01:52:33>  >>>> FRAGM
<Jan20-2022> <01:52:33>  Coordinates
<Jan20-2022> <01:52:33>     Atom         X           Y           Z   (Angstrom)
<Jan20-2022> <01:52:33>     1.C         0.073897    0.462477    0.149258
<Jan20-2022> <01:52:33>     2.C         0.880197   -0.767829    0.346943
<Jan20-2022> <01:52:33>     3.H         0.316543   -1.646013    0.009910
<Jan20-2022> <01:52:33>     4.C        -1.245761    0.488320   -0.402696
<Jan20-2022> <01:52:33>     5.H         0.497122    1.425024    0.438621
<Jan20-2022> <01:52:33>     6.O        -1.904917    1.523570   -0.579135
<Jan20-2022> <01:52:33>     7.C         1.355132   -0.971340    1.800540
<Jan20-2022> <01:52:33>     8.H         1.970643   -1.873521    1.874177
<Jan20-2022> <01:52:33>     9.H         0.504320   -1.081527    2.479766
<Jan20-2022> <01:52:33>    10.H         1.955165   -0.122940    2.144820
<Jan20-2022> <01:52:33>    11.H         1.775247   -0.706101   -0.295140
<Jan20-2022> <01:52:33>    12.H        -1.669597   -0.499603   -0.697651
<Jan20-2022> <01:52:33>  >>>> CORORT
<Jan20-2022> <01:52:33>  >>>> CLSMAT
<Jan20-2022> <01:52:33>  >>>> ORTHON
<Jan20-2022> <01:52:33>  >>>> GENPT
<Jan20-2022> <01:52:34>  Block Length= 128
<Jan20-2022> <01:52:34>  >>>> PTBAS
<Jan20-2022> <01:52:44>  >>>> CYCLE
<Jan20-2022> <01:52:56>  using orbital data from restart file
<Jan20-2022> <01:53:19>              |Error|         MaxErr       Wt(A-DIIS)
<Jan20-2022> <01:53:19>      1      0.01830863      0.00443000
<Jan20-2022> <01:53:50>      2      0.00224800      0.00023490    100.0
<Jan20-2022> <01:54:20>      3      0.00144898      0.00014369    100.0
<Jan20-2022> <01:54:50>      4      0.00117975      0.00013243      0.0
<Jan20-2022> <01:55:20>      5      0.00035701      0.00004525      0.0
<Jan20-2022> <01:55:50>      6      0.00016787      0.00001086      0.0
<Jan20-2022> <01:56:20>      7      0.00004500      0.00000270      0.0
<Jan20-2022> <01:56:50>      8      0.00001207      0.00000085      0.0
<Jan20-2022> <01:57:21>      9      0.00000599      0.00000049      0.0
<Jan20-2022> <01:57:29>  SCF converged
<Jan20-2022> <01:57:51>     10      0.00000247      0.00000021      0.0
<Jan20-2022> <01:57:59>  >>>> TOTEN
<Jan20-2022> <01:58:33>  >>>> POPAN
<Jan20-2022> <01:58:33>  >>>> DEBYE
<Jan20-2022> <01:58:33>  >>>> ENGRAD
<Jan20-2022> <01:59:15>  current energy                               -2.38371865 Hartree
<Jan20-2022> <01:59:15>  energy change                      -0.00003683     0.00012000    T
<Jan20-2022> <01:59:15>  constrained gradient max            0.00320572     0.00100000    F
<Jan20-2022> <01:59:15>  constrained gradient rms            0.00065077     0.00066667    T
<Jan20-2022> <01:59:15>  gradient max                        0.00320572
<Jan20-2022> <01:59:15>  gradient rms                        0.00065077
<Jan20-2022> <01:59:15>  cart. step max                      0.00566166     0.01000000    T
<Jan20-2022> <01:59:15>  cart. step rms                      0.00147860     0.00666667    T
<Jan20-2022> <01:59:15>  Iteration 6
<Jan20-2022> <01:59:15>  *** GOStep6 ***
<Jan20-2022> <01:59:15>  >>>> FRAGM
<Jan20-2022> <01:59:15>  Coordinates
<Jan20-2022> <01:59:15>     Atom         X           Y           Z   (Angstrom)
<Jan20-2022> <01:59:15>     1.C         0.075056    0.462767    0.147737
<Jan20-2022> <01:59:15>     2.C         0.880758   -0.767510    0.346424
<Jan20-2022> <01:59:15>     3.H         0.317654   -1.645640    0.008403
<Jan20-2022> <01:59:15>     4.C        -1.243712    0.488638   -0.406602
<Jan20-2022> <01:59:15>     5.H         0.497929    1.425251    0.437955
<Jan20-2022> <01:59:15>     6.O        -1.905794    1.522861   -0.576700
<Jan20-2022> <01:59:15>     7.C         1.354247   -0.971337    1.800335
<Jan20-2022> <01:59:15>     8.H         1.969644   -1.873540    1.874384
<Jan20-2022> <01:59:15>     9.H         0.502779   -1.081645    2.478750
<Jan20-2022> <01:59:15>    10.H         1.953917   -0.122995    2.145329
<Jan20-2022> <01:59:15>    11.H         1.776235   -0.705762   -0.294614
<Jan20-2022> <01:59:15>    12.H        -1.670721   -0.500573   -0.691989
<Jan20-2022> <01:59:15>  >>>> CORORT
<Jan20-2022> <01:59:15>  >>>> CLSMAT
<Jan20-2022> <01:59:15>  >>>> ORTHON
<Jan20-2022> <01:59:15>  >>>> GENPT
<Jan20-2022> <01:59:16>  Block Length= 128
<Jan20-2022> <01:59:16>  >>>> PTBAS
<Jan20-2022> <01:59:26>  >>>> CYCLE
<Jan20-2022> <01:59:38>  using orbital data from restart file
<Jan20-2022> <02:00:01>              |Error|         MaxErr       Wt(A-DIIS)
<Jan20-2022> <02:00:01>      1      0.01515315      0.00354484
<Jan20-2022> <02:00:31>      2      0.00207230      0.00021371    100.0
<Jan20-2022> <02:01:01>      3      0.00135361      0.00013054    100.0
<Jan20-2022> <02:01:31>      4      0.00108271      0.00012391      0.0
<Jan20-2022> <02:02:01>      5      0.00012720      0.00001372      0.0
<Jan20-2022> <02:02:31>      6      0.00015656      0.00002188      0.0
<Jan20-2022> <02:03:01>      7      0.00007192      0.00000917      0.0
<Jan20-2022> <02:03:31>      8      0.00001149      0.00000071      0.0
<Jan20-2022> <02:04:02>      9      0.00000444      0.00000027      0.0
<Jan20-2022> <02:04:09>  SCF converged
<Jan20-2022> <02:04:32>     10      0.00000145      0.00000010      0.0
<Jan20-2022> <02:04:39>  >>>> TOTEN
<Jan20-2022> <02:05:13>  >>>> POPAN
<Jan20-2022> <02:05:13>  >>>> DEBYE
<Jan20-2022> <02:05:13>  >>>> ENGRAD
<Jan20-2022> <02:05:55>  current energy                               -2.38373031 Hartree
<Jan20-2022> <02:05:55>  energy change                      -0.00001166     0.00012000    T
<Jan20-2022> <02:05:55>  constrained gradient max            0.00012649     0.00100000    T
<Jan20-2022> <02:05:55>  constrained gradient rms            0.00003983     0.00066667    T
<Jan20-2022> <02:05:55>  gradient max                        0.00012649
<Jan20-2022> <02:05:55>  gradient rms                        0.00003983
<Jan20-2022> <02:05:55>  cart. step max                      0.00068808     0.01000000    T
<Jan20-2022> <02:05:55>  cart. step rms                      0.00021533     0.00666667    T
<Jan20-2022> <02:05:55>  Geometry optimization converged
<Jan20-2022> <02:05:55>  *** adf ***
<Jan20-2022> <02:05:56>  Net Charge: 0 (Nuclei minus Electrons)
<Jan20-2022> <02:05:56>  Spin polar: 1 (Spin_A minus Spin_B electrons)
<Jan20-2022> <02:05:56>  Symmetry  : NOSYM
<Jan20-2022> <02:05:56>  >>>> FRAGM
<Jan20-2022> <02:05:56>  Coordinates
<Jan20-2022> <02:05:56>     Atom         X           Y           Z   (Angstrom)
<Jan20-2022> <02:05:56>     1.C         0.075056    0.462767    0.147737
<Jan20-2022> <02:05:56>     2.C         0.880758   -0.767510    0.346424
<Jan20-2022> <02:05:56>     3.H         0.317654   -1.645640    0.008403
<Jan20-2022> <02:05:56>     4.C        -1.243712    0.488638   -0.406602
<Jan20-2022> <02:05:56>     5.H         0.497929    1.425251    0.437955
<Jan20-2022> <02:05:56>     6.O        -1.905794    1.522861   -0.576700
<Jan20-2022> <02:05:56>     7.C         1.354247   -0.971337    1.800335
<Jan20-2022> <02:05:56>     8.H         1.969644   -1.873540    1.874384
<Jan20-2022> <02:05:56>     9.H         0.502779   -1.081645    2.478750
<Jan20-2022> <02:05:56>    10.H         1.953917   -0.122995    2.145329
<Jan20-2022> <02:05:56>    11.H         1.776235   -0.705762   -0.294614
<Jan20-2022> <02:05:56>    12.H        -1.670721   -0.500573   -0.691989
<Jan20-2022> <02:05:56>  >>>> CORORT
<Jan20-2022> <02:05:56>  >>>> CLSMAT
<Jan20-2022> <02:05:56>  >>>> ORTHON
<Jan20-2022> <02:05:56>  >>>> GENPT
<Jan20-2022> <02:05:56>  Block Length= 128
<Jan20-2022> <02:05:57>  >>>> PTBAS
<Jan20-2022> <02:06:06>  >>>> CYCLE
<Jan20-2022> <02:06:18>  using orbital data from restart file
<Jan20-2022> <02:06:41>              |Error|         MaxErr       Wt(A-DIIS)
<Jan20-2022> <02:06:41>      1      0.00000039      0.00000004
<Jan20-2022> <02:07:11>      2      0.00000045      0.00000004    100.0
<Jan20-2022> <02:07:18>  SCF converged
<Jan20-2022> <02:07:41>      3      0.00000024      0.00000002    100.0
<Jan20-2022> <02:08:07>  >>>> TOTEN
<Jan20-2022> <02:09:03>  >>>> POPAN
<Jan20-2022> <02:09:03>  >>>> DEBYE
<Jan20-2022> <02:09:03>  >>>> AMETS
<Jan20-2022> <02:09:03>   Bond Energy          -2.38373031 a.u.
<Jan20-2022> <02:09:03>   Bond Energy         -64.86460197 eV
<Jan20-2022> <02:09:03>   Bond Energy       -1495.81       kcal/mol
<Jan20-2022> <02:09:03>  >>>> POPUL
<Jan20-2022> <02:09:03>  >>>> ENGRAD
<Jan20-2022> <02:09:45>  >>>> ENHESS
<Jan20-2022> <02:09:59>  === NUCLEUS:     1
<Jan20-2022> <02:24:58>  === NUCLEUS:     2
<Jan20-2022> <02:38:32>  === NUCLEUS:     3
