

 Parallel Execution: Process Information
 ==============================================================================
 Rank   Node Name                              NodeID   MyNodeRank  NodeMaster
    0   node120                                   0          0          0
    1   node120                                   0          1         -1
    2   node120                                   0          2         -1
    3   node120                                   0          3         -1
 ==============================================================================


May use up to 122928MB of RAM as shared memory on node 0

 *******************************************************************************
 *                                                                             *
 *  --------------------------------                                           *
 *   Amsterdam Modeling Suite (AMS)              2021.102                      *
 *  --------------------------------                                           *
 *                                               r95042 2021-06-07             *
 *                                                                             *
 *                                                                             *
 *                              =================                              *
 *                              |               |                              *
 *                              |     A M S     |                              *
 *                              |               |                              *
 *                              =================                              *
 *                                                                             *
 *                                                                             *
 *   Online information and documentation:  https://www.scm.com/support/       *
 *   E-mail:  support@scm.com   info@scm.com                                   *
 *                                                                             *
 *   Scientific publications using AMS results must be properly referenced     *
 *   See the User Manuals (or the web site) for recommended citations          *
 *   The terms and conditions of the End User License Agreement apply to       *
 *   the use of AMS, https://www.scm.com/license-terms/                        *
 *                                                                             *
 **********************  x86_64_linux_intel / intelmpi  ************************
 
 Licensed to: VU/FEW (+ SARA) / ALGEMEEN / Amsterdam / THE NETHERLANDS
 SCM User ID: u7668
  
 AMS 2021.102  RunTime: Jan27-2022 12:32:34  ShM Nodes: 1  Procs: 4

 AMS jobname: 27.achiral_catalyst.H_Ph_AlF3.Rcat
 AMS jobid  : 1841943746

 Start   directory: /scistor/tc/yhk800/MasterProject/calculations/achiral_catalyst_H_Ph_AlF3/27.achiral_catalyst.H_Ph_AlF3.Rcat/
 Results directory: /scistor/tc/yhk800/MasterProject/calculations/achiral_catalyst_H_Ph_AlF3/27.achiral_catalyst.H_Ph_AlF3.Rcat/
 Scratch directory: /scratch/5299/amstmp_27.achiral_catalyst.H_Ph_AlF3.Rcat_kid0.1841943746/


 Communication costs MPI_COMM_WORLD:     -0.004 usec per message,   0.0045 usec per 8-byte item
 Communication costs for intra-node:      0.837 usec per message,   0.0067 usec per 8-byte item

 RNG seed: 1513299700 976160983 1632644681 1107570967 -1700901449 717827070 -1534141325 -1177124410



                      ************************************************************************
                      *  ADF 2021.102  RunTime: Jan27-2022 12:32:35  ShM Nodes: 1  Procs: 4  *
                      ************************************************************************
  
       ***************************
       *  GEOMETRY OPTIMIZATION  *
       ***************************

Optimization Method                    Quasi Newton
Optimization Coordinates               Delocalized Coordinates
Optimize lattice                       F
 
 ------------------------------------------------------
 Convergence criteria (Hartree,Angstrom)
 ------------------------------------------------------
 Maximum gradient               0.001000000000
 Maximum rms gradient           0.000666666667
 Maximum step allowed           0.010000000000
 Maximum rms step allowed       0.006666666667
 Maximum energy change allowe   0.000040000000
 Maximum stress energy allowe   0.000500000000
 
Initial model Hessian                  Automatic Hessian
 
------------------------------------
Quasi-Newton Optimizer Parameters
------------------------------------
Hessian Update Method                  BFGS
Maximum number of steps                  250
First GDIIS cycle                          0
Maximum GDIIS vectors                      0
Trust radius (bohr)                        0.200000
Trust radius varies                        T
Constraints converged at all steps         T
Use projector                              T
 
 Rigid motions settings for: old optimizer
 Atomic rotations (x,y,z):     T T T
 Atomic translations (x,y,z):  T T T
 Tolerance:                   1.000000000000000E-006
 
--------
Geometry
--------
Formula: AlF3
Atoms
  Index Symbol   x (angstrom)   y (angstrom)   z (angstrom)
      1     Al     1.73000000     0.00000000     0.00000000
      2      F     1.73000000    -1.40079773     0.80875094
      3      F     1.73000000     1.40079773     0.80875094
      4      F     1.73000000     0.00000000    -1.61750189
 
Total System Charge             0.00000
 
 
----------------
ADF Engine Input
----------------
 
 NumericalQuality VeryGood
 SCF
 Converge 1.0e-6
 Iterations 99
 End
 SYMMETRY NOSYM
 XC
 GGA OLYP
 End
 basis
 core None
 type TZ2P
 End
 

 Title: *** (NO TITLE) ***

 WARNING: Atom coordinates do not satisfy full symmetry (probably due to orienta
 tion).
Number of symmetry operators: 6
Schoenflies symbol:           C(3V)
 Using automatic Hessian for delocalized coordinates.
 *** GOStep1 ***

 Energy gradients wrt nuclear displacements
 ==========================================

     Atom      Cartesian (a.u./angstrom)
                 X         Y         Z
 ----------------------------------------
     1 Al    0.000000 -0.000000  0.000030
     2 F    -0.000000  0.033533 -0.019369
     3 F    -0.000000 -0.033533 -0.019369
     4 F    -0.000000  0.000000  0.038709
 ----------------------------------------
 Mulliken charges used for AMS results%charges...
 
----------------------------------------------------------------------
Geometry Convergence after Step   1       (Hartree/Angstrom,Angstrom)
----------------------------------------------------------------------
current energy                               -0.75144025 Hartree
energy change                      -0.75144025     0.00004000    F
constrained gradient max            0.03871987     0.00100000    F
constrained gradient rms            0.01935994     0.00066667    F
gradient max                        0.03871987
gradient rms                        0.01935994
cart. step max                      0.01868934     0.01000000    F
cart. step rms                      0.00934467     0.00666667    F
 
 
--------
Geometry
--------
Formula: AlF3
Atoms
  Index Symbol   x (angstrom)   y (angstrom)   z (angstrom)
      1     Al     1.73000000     0.00000000    -0.00000000
      2      F     1.73000000    -1.41698317     0.81809561
      3      F     1.73000000     1.41698317     0.81809561
      4      F     1.73000000    -0.00000000    -1.63619123
 
Total System Charge             0.00000
 
 *** GOStep2 ***

 Energy gradients wrt nuclear displacements
 ==========================================

     Atom      Cartesian (a.u./angstrom)
                 X         Y         Z
 ----------------------------------------
     1 Al    0.000000  0.000000  0.000034
     2 F    -0.000000  0.012854 -0.007425
     3 F    -0.000000 -0.012854 -0.007425
     4 F    -0.000000 -0.000000  0.014817
 ----------------------------------------
 Mulliken charges used for AMS results%charges...

 dE(predicted):    -0.10855E-02, dE(actual):    -0.14997E-02, Trust radius:    0.200000, all in a.u.
 
----------------------------------------------------------------------
Geometry Convergence after Step   2       (Hartree/Angstrom,Angstrom)
----------------------------------------------------------------------
current energy                               -0.75293996 Hartree
energy change                      -0.00149972     0.00004000    F
constrained gradient max            0.01483519     0.00100000    F
constrained gradient rms            0.00741759     0.00066667    F
gradient max                        0.01483519
gradient rms                        0.00741759
cart. step max                      0.01160827     0.01000000    F
cart. step rms                      0.00580413     0.00666667    T
 
 
--------
Geometry
--------
Formula: AlF3
Atoms
  Index Symbol   x (angstrom)   y (angstrom)   z (angstrom)
      1     Al     1.72999998     0.00000000    -0.00000000
      2      F     1.73000001    -1.42703622     0.82389974
      3      F     1.73000001     1.42703622     0.82389974
      4      F     1.73000001    -0.00000000    -1.64779949
 
Total System Charge             0.00000
 
 *** GOStep3 ***

 Energy gradients wrt nuclear displacements
 ==========================================

     Atom      Cartesian (a.u./angstrom)
                 X         Y         Z
 ----------------------------------------
     1 Al   -0.000000 -0.000000  0.000036
     2 F     0.000000  0.001025 -0.000595
     3 F     0.000000 -0.001025 -0.000595
     4 F     0.000000  0.000000  0.001155
 ----------------------------------------
 Mulliken charges used for AMS results%charges...

 dE(predicted):    -0.25832E-03, dE(actual):    -0.28227E-03, Trust radius:    0.200000, all in a.u.
 
----------------------------------------------------------------------
Geometry Convergence after Step   3       (Hartree/Angstrom,Angstrom)
----------------------------------------------------------------------
current energy                               -0.75322224 Hartree
energy change                      -0.00028227     0.00004000    F
constrained gradient max            0.00117531     0.00100000    F
constrained gradient rms            0.00058766     0.00066667    T
gradient max                        0.00117531
gradient rms                        0.00058766
cart. step max                      0.00099879     0.01000000    T
cart. step rms                      0.00049939     0.00666667    T
 
 
--------
Geometry
--------
Formula: AlF3
Atoms
  Index Symbol   x (angstrom)   y (angstrom)   z (angstrom)
      1     Al     1.73000005     0.00000000    -0.00000000
      2      F     1.72999998    -1.42790120     0.82439914
      3      F     1.72999998     1.42790120     0.82439914
      4      F     1.72999998    -0.00000000    -1.64879828
 
Total System Charge             0.00000
 
 *** GOStep4 ***

 Energy gradients wrt nuclear displacements
 ==========================================

     Atom      Cartesian (a.u./angstrom)
                 X         Y         Z
 ----------------------------------------
     1 Al    0.000000  0.000000  0.000035
     2 F    -0.000000  0.000041 -0.000027
     3 F    -0.000000 -0.000041 -0.000027
     4 F    -0.000000 -0.000000  0.000019
 ----------------------------------------
 Mulliken charges used for AMS results%charges...

 dE(predicted):    -0.17608E-05, dE(actual):    -0.23156E-05, Trust radius:    0.200000, all in a.u.
 
---------------------------------------------------------
Geometry Convergence after Step   4       ** CONVERGED **
---------------------------------------------------------
current energy                               -0.75322455 Hartree
energy change                      -0.00000232     0.00004000    T
constrained gradient max            0.00003864     0.00100000    T
constrained gradient rms            0.00001932     0.00066667    T
gradient max                        0.00003864
gradient rms                        0.00001932
cart. step max                      0.00003395     0.01000000    T
cart. step rms                      0.00001697     0.00666667    T
 
Geometry optimization converged

Optimized geometry:
 
--------
Geometry
--------
Formula: AlF3
Atoms
  Index Symbol   x (angstrom)   y (angstrom)   z (angstrom)
      1     Al     1.73000005     0.00000000    -0.00000000
      2      F     1.72999998    -1.42790120     0.82439914
      3      F     1.72999998     1.42790120     0.82439914
      4      F     1.72999998    -0.00000000    -1.64879828
 
Total System Charge             0.00000
 
Performing a single point calculation on the final geometry ...

 *** adf ***



 ===========================
 A T T A C H E D   F I L E S
 ===========================
  
 Restart
 /scratch/5299/amstmp_27.achiral_catalyst.H_Ph_AlF3.Rcat_kid0.1841943746/GOStep4
 .rkf*** GOStep4 ***



 ===============================
 M O D E L   P A R A M E T E R S
 ===============================
  
 DENSITY FUNCTIONAL POTENTIAL (scf)
    LDA:                               Exchange only                           == Not Default ==
    Gradient Corrections:              OPTX LYP                                == Not Default ==

 SPIN  (restricted / unrestr.)
    Molecule:                          Restricted                               
    Fragments:                         Restricted                               

 OTHER ASPECTS
    Relativistic Corrections:          scalar (ZORA,MAPA)                       

    Nuclear Charge Density Model:      Point Charge Nuclei                      
    Core Treatment:                    Frozen Orbital(s)                        

    Hyperfine or Zeeman Interaction:   ---                                      



 ===============
 G E O M E T R Y  ***  3D  Molecule  ***
 ===============
  

 ATOMS
 =====                            X Y Z                    CHARGE
                                (Angstrom)             Nucl     +Core       At.Mass
                       --------------------------    ----------------       -------
    1  Al              1.7300    0.0000   -0.0000     13.00     13.00       26.9815
    2  F               1.7300   -1.4279    0.8244      9.00      9.00       18.9984
    3  F               1.7300    1.4279    0.8244      9.00      9.00       18.9984
    4  F               1.7300   -0.0000   -1.6488      9.00      9.00       18.9984


 FRAGMENTS
 =========                                     Atoms in this Fragment     Cart. coord.s (Angstrom)
                                               -------------------------------------------------------
    1  Al                                                1  Al           1.7300    0.0000   -0.0000
    2  F                                                 2  F            1.7300   -1.4279    0.8244
    3  F                                                 3  F            1.7300    1.4279    0.8244
    4  F                                                 4  F            1.7300   -0.0000   -1.6488


 Interatomic Distance Matrix (Angstrom)
 --------------------------------------

   1)     0.000
   2)     1.649   0.000
   3)     1.649   2.856   0.000
   4)     1.649   2.856   2.856   0.000

 Min. Distance =    1.6488
 Max. Distance =    2.8558



 =====================================
 S Y M M E T R Y ,   E L E C T R O N S
 =====================================
  
 Symmetry: NOSYM

 Irreducible Representations, including subspecies
 -------------------------------------------------
 A


 Configuration of Valence Electrons
 ==================================
 ( determined in the SCF procedure )

 Total:   40

 Net Charge: 0 (Nuclei minus Electrons)

 Aufbau principle for MO occupations will be applied through SCF cycle no.      49
 Thereafter, the program will assign electrons to MOs that are spatially
 similar to the occupied MOs in a "reference" cycle ("KeepOrbitals").
 The reference cycle is always the PREVIOUS cycle: it will evolve with
 the SCF procedure.
1
 ***************************************************************************************************



                                      ****************************************
                                      *  B U I L D : (Fragments, Functions)  *
                                      ****************************************
  



 =======
 S F O s  ***  (Symmetrized Fragment Orbitals)  ***
 =======
  
 SFOs are linear combinations of (valence) Fragment Orbitals (FOs), such that the SFOs transform as the
 irreducible representations of the (molecular) symmetry group. Each SFO is therefore characterized by
 an irrep of the molecule and by a few (or only one) generating FOs.
 The SFOs constitute a symmetry-adapted basis for the Fock matrix. The MO eigenvector coefficients in
 this basis provide a direct interpretation of the MOs in terms of Frontier Orbital Theory.

 The SFOs are combined with auxiliary Core Functions (CFs) to ensure orthogonalization on the (frozen)
 Core Orbitals (COs). The Core-orthogonalized SFOs (CSFOs) constitute the true Fock basis.

 The FOs, and hence also the (C)SFOs are combinations of the elementary basis functions (BAS). The basis
 functions that participate in the description of the SFOs depend on the irrep. The indices of the
 involved functions are printed below for each irrep.
 (The complete list of primitive basis functions is printed in another section)

 Total nr. of (C)SFOs (summation over all irreps) :   112

 NOTE: a (C)SFO that is defined as a combination of more than one FO is usually NOT normalized.



                                       === A ===
 Nr. of SFOs :  112
 Cartesian basis functions that participate in this irrep (total number =   128) :
      1     2     3     4    11    12    13     5     8    14
     17    20     6     9    15    18    21     7    10    16
     19    22    23    24    25    26    27    28    29    30
     31    32    33    34    35    36    37    38    39    40
     41    42    43    44    47    50    45    48    51    46
     49    52    53    54    55    56    57    58    59    60
     61    62    63    64    65    66    67    68    69    70
     71    72    73    74    77    80    75    78    81    76
     79    82    83    84    85    86    87    88    89    90
     91    92    93    94    95    96    97    98    99   100
    101   102   103   104   107   110   105   108   111   106
    109   112   113   114   115   116   117   118   119   120
    121   122   123   124   125   126   127   128

    SFO  (index         Fragment          Generating    Expansion in Fragment Orbitals
  indx  incl.CFs)   Occup   Orb.Energy   FragmentType  Coeff.   Orbital     on Fragment
 --------------------------------------------------------------------------------------
     1       1      2.000     -55.530 au  Al            1.00      1 S               1
                        (   -1511.058 eV)
     2       2      2.000      -4.008 au  Al            1.00      2 S               1
                        (    -109.054 eV)
     3       3      2.000      -0.278 au  Al            1.00      3 S               1
                        (      -7.572 eV)
     4       4       --         0.054 au  Al            1.00      4 S               1
                        (       1.461 eV)
     5       5       --         0.736 au  Al            1.00      5 S               1
                        (      20.034 eV)
     6       6       --         5.793 au  Al            1.00      6 S               1
                        (     157.648 eV)
     7       7       --       116.418 au  Al            1.00      7 S               1
                        (    3167.892 eV)
     8       8      2.000      -2.580 au  Al            1.00      1 P:x             1
                        (     -70.216 eV)
     9       9      0.333      -0.094 au  Al            1.00      2 P:x             1
                        (      -2.560 eV)
    10      10       --         0.028 au  Al            1.00      3 P:x             1
                        (       0.764 eV)
    11      11       --         0.453 au  Al            1.00      4 P:x             1
                        (      12.315 eV)
    12      12       --         6.287 au  Al            1.00      5 P:x             1
                        (     171.077 eV)
    13      13      2.000      -2.580 au  Al            1.00      1 P:y             1
                        (     -70.216 eV)
    14      14      0.333      -0.094 au  Al            1.00      2 P:y             1
                        (      -2.560 eV)
    15      15       --         0.028 au  Al            1.00      3 P:y             1
                        (       0.764 eV)
    16      16       --         0.453 au  Al            1.00      4 P:y             1
                        (      12.315 eV)
    17      17       --         6.287 au  Al            1.00      5 P:y             1
                        (     171.077 eV)
    18      18      2.000      -2.580 au  Al            1.00      1 P:z             1
                        (     -70.216 eV)
    19      19      0.333      -0.094 au  Al            1.00      2 P:z             1
                        (      -2.560 eV)
    20      20       --         0.028 au  Al            1.00      3 P:z             1
                        (       0.764 eV)
    21      21       --         0.453 au  Al            1.00      4 P:z             1
                        (      12.315 eV)
    22      22       --         6.287 au  Al            1.00      5 P:z             1
                        (     171.077 eV)
    23      23       --         0.381 au  Al            1.00      1 D:z2            1
                        (      10.360 eV)
    24      24       --         0.381 au  Al            1.00      1 D:x2-y2         1
                        (      10.360 eV)
    25      25       --         0.381 au  Al            1.00      1 D:xy            1
                        (      10.360 eV)
    26      26       --         0.381 au  Al            1.00      1 D:xz            1
                        (      10.360 eV)
    27      27       --         0.381 au  Al            1.00      1 D:yz            1
                        (      10.360 eV)
    28      28       --         0.932 au  Al            1.00      1 F:z3            1
                        (      25.368 eV)
    29      29       --         0.932 au  Al            1.00      1 F:z             1
                        (      25.368 eV)
    30      30       --         0.932 au  Al            1.00      1 F:xyz           1
                        (      25.368 eV)
    31      31       --         0.932 au  Al            1.00      1 F:z2x           1
                        (      25.368 eV)
    32      32       --         0.932 au  Al            1.00      1 F:z2y           1
                        (      25.368 eV)
    33      33       --         0.932 au  Al            1.00      1 F:x             1
                        (      25.368 eV)
    34      34       --         0.932 au  Al            1.00      1 F:y             1
                        (      25.368 eV)
    35      35      2.000     -24.380 au  F             1.00      1 S               2
                        (    -663.424 eV)
    36      36      2.000      -1.107 au  F             1.00      2 S               2
                        (     -30.122 eV)
    37      37       --         0.011 au  F             1.00      3 S               2
                        (       0.309 eV)
    38      38       --         1.586 au  F             1.00      4 S               2
                        (      43.147 eV)
    39      39       --        47.962 au  F             1.00      5 S               2
                        (    1305.109 eV)
    40      40      1.667      -0.407 au  F             1.00      1 P:x             2
                        (     -11.083 eV)
    41      41       --         0.433 au  F             1.00      2 P:x             2
                        (      11.793 eV)
    42      42       --         4.596 au  F             1.00      3 P:x             2
                        (     125.057 eV)
    43      43      1.667      -0.407 au  F             1.00      1 P:y             2
                        (     -11.083 eV)
    44      44       --         0.433 au  F             1.00      2 P:y             2
                        (      11.793 eV)
    45      45       --         4.596 au  F             1.00      3 P:y             2
                        (     125.057 eV)
    46      46      1.667      -0.407 au  F             1.00      1 P:z             2
                        (     -11.083 eV)
    47      47       --         0.433 au  F             1.00      2 P:z             2
                        (      11.793 eV)
    48      48       --         4.596 au  F             1.00      3 P:z             2
                        (     125.057 eV)
    49      49       --         1.123 au  F             1.00      1 D:z2            2
                        (      30.566 eV)
    50      50       --         1.123 au  F             1.00      1 D:x2-y2         2
                        (      30.566 eV)
    51      51       --         1.123 au  F             1.00      1 D:xy            2
                        (      30.566 eV)
    52      52       --         1.123 au  F             1.00      1 D:xz            2
                        (      30.566 eV)
    53      53       --         1.123 au  F             1.00      1 D:yz            2
                        (      30.566 eV)
    54      54       --         3.416 au  F             1.00      1 F:z3            2
                        (      92.960 eV)
    55      55       --         3.416 au  F             1.00      1 F:z             2
                        (      92.960 eV)
    56      56       --         3.416 au  F             1.00      1 F:xyz           2
                        (      92.960 eV)
    57      57       --         3.416 au  F             1.00      1 F:z2x           2
                        (      92.960 eV)
    58      58       --         3.416 au  F             1.00      1 F:z2y           2
                        (      92.960 eV)
    59      59       --         3.416 au  F             1.00      1 F:x             2
                        (      92.960 eV)
    60      60       --         3.416 au  F             1.00      1 F:y             2
                        (      92.960 eV)
    61      61      2.000     -24.380 au  F             1.00      1 S               3
                        (    -663.424 eV)
    62      62      2.000      -1.107 au  F             1.00      2 S               3
                        (     -30.122 eV)
    63      63       --         0.011 au  F             1.00      3 S               3
                        (       0.309 eV)
    64      64       --         1.586 au  F             1.00      4 S               3
                        (      43.147 eV)
    65      65       --        47.962 au  F             1.00      5 S               3
                        (    1305.109 eV)
    66      66      1.667      -0.407 au  F             1.00      1 P:x             3
                        (     -11.083 eV)
    67      67       --         0.433 au  F             1.00      2 P:x             3
                        (      11.793 eV)
    68      68       --         4.596 au  F             1.00      3 P:x             3
                        (     125.057 eV)
    69      69      1.667      -0.407 au  F             1.00      1 P:y             3
                        (     -11.083 eV)
    70      70       --         0.433 au  F             1.00      2 P:y             3
                        (      11.793 eV)
    71      71       --         4.596 au  F             1.00      3 P:y             3
                        (     125.057 eV)
    72      72      1.667      -0.407 au  F             1.00      1 P:z             3
                        (     -11.083 eV)
    73      73       --         0.433 au  F             1.00      2 P:z             3
                        (      11.793 eV)
    74      74       --         4.596 au  F             1.00      3 P:z             3
                        (     125.057 eV)
    75      75       --         1.123 au  F             1.00      1 D:z2            3
                        (      30.566 eV)
    76      76       --         1.123 au  F             1.00      1 D:x2-y2         3
                        (      30.566 eV)
    77      77       --         1.123 au  F             1.00      1 D:xy            3
                        (      30.566 eV)
    78      78       --         1.123 au  F             1.00      1 D:xz            3
                        (      30.566 eV)
    79      79       --         1.123 au  F             1.00      1 D:yz            3
                        (      30.566 eV)
    80      80       --         3.416 au  F             1.00      1 F:z3            3
                        (      92.960 eV)
    81      81       --         3.416 au  F             1.00      1 F:z             3
                        (      92.960 eV)
    82      82       --         3.416 au  F             1.00      1 F:xyz           3
                        (      92.960 eV)
    83      83       --         3.416 au  F             1.00      1 F:z2x           3
                        (      92.960 eV)
    84      84       --         3.416 au  F             1.00      1 F:z2y           3
                        (      92.960 eV)
    85      85       --         3.416 au  F             1.00      1 F:x             3
                        (      92.960 eV)
    86      86       --         3.416 au  F             1.00      1 F:y             3
                        (      92.960 eV)
    87      87      2.000     -24.380 au  F             1.00      1 S               4
                        (    -663.424 eV)
    88      88      2.000      -1.107 au  F             1.00      2 S               4
                        (     -30.122 eV)
    89      89       --         0.011 au  F             1.00      3 S               4
                        (       0.309 eV)
    90      90       --         1.586 au  F             1.00      4 S               4
                        (      43.147 eV)
    91      91       --        47.962 au  F             1.00      5 S               4
                        (    1305.109 eV)
    92      92      1.667      -0.407 au  F             1.00      1 P:x             4
                        (     -11.083 eV)
    93      93       --         0.433 au  F             1.00      2 P:x             4
                        (      11.793 eV)
    94      94       --         4.596 au  F             1.00      3 P:x             4
                        (     125.057 eV)
    95      95      1.667      -0.407 au  F             1.00      1 P:y             4
                        (     -11.083 eV)
    96      96       --         0.433 au  F             1.00      2 P:y             4
                        (      11.793 eV)
    97      97       --         4.596 au  F             1.00      3 P:y             4
                        (     125.057 eV)
    98      98      1.667      -0.407 au  F             1.00      1 P:z             4
                        (     -11.083 eV)
    99      99       --         0.433 au  F             1.00      2 P:z             4
                        (      11.793 eV)
   100     100       --         4.596 au  F             1.00      3 P:z             4
                        (     125.057 eV)
   101     101       --         1.123 au  F             1.00      1 D:z2            4
                        (      30.566 eV)
   102     102       --         1.123 au  F             1.00      1 D:x2-y2         4
                        (      30.566 eV)
   103     103       --         1.123 au  F             1.00      1 D:xy            4
                        (      30.566 eV)
   104     104       --         1.123 au  F             1.00      1 D:xz            4
                        (      30.566 eV)
   105     105       --         1.123 au  F             1.00      1 D:yz            4
                        (      30.566 eV)
   106     106       --         3.416 au  F             1.00      1 F:z3            4
                        (      92.960 eV)
   107     107       --         3.416 au  F             1.00      1 F:z             4
                        (      92.960 eV)
   108     108       --         3.416 au  F             1.00      1 F:xyz           4
                        (      92.960 eV)
   109     109       --         3.416 au  F             1.00      1 F:z2x           4
                        (      92.960 eV)
   110     110       --         3.416 au  F             1.00      1 F:z2y           4
                        (      92.960 eV)
   111     111       --         3.416 au  F             1.00      1 F:x             4
                        (      92.960 eV)
   112     112       --         3.416 au  F             1.00      1 F:y             4
                        (      92.960 eV)



 ================================
 (Slater-type)  F U N C T I O N S  ***  (Basis and Fit)  ***
 ================================
  

 Atom Type    1  (Al)
 ==============

 Valence Basis Sets:  14
 -----------------------
   1 S   15.900000
   1 S   11.500000
   2 S    4.800000
   2 S    3.300000
   2 P    6.300000
   2 P    3.200000
   3 S    2.000000
   3 S    1.350000
   3 S    0.950000
   3 P    1.650000
   3 P    0.950000
   3 P    0.580000
   3 D    1.600000
   4 F    1.750000

 Atom Type    2  (F)
 ==============

 Valence Basis Sets:  10
 -----------------------
   1 S   10.880000
   1 S    7.700000
   2 S    3.240000
   2 S    1.940000
   2 S    0.740000
   2 P    4.540000
   2 P    2.300000
   2 P    1.240000
   3 D    2.000000
   4 F    3.000000


 BAS: List of all Elementary Cartesian Basis Functions
 =====================================================

 The numbering in the list below (to the right of the function characteristics) is referred
 to in print-outs of MO eigenvectors and Mulliken populations in the BAS representation
 (as contrasted to the SFO representation).

 Notes:
 1. The functions are characterized by a polynomial prefactor (powers of x,y,z and r) and
    an exponential decay factor alpha.
 2. Since the basis sets are specific for an atom TYPE, the individual functions occur on
    all atoms of that type.
 3. The word 'Core' in the left margin signals that it is a Core Function (CF) : not a
    degree of freedom in the valence set, but only used to ensure orthogonalization of
    the other valence basis functions on the frozen Core Orbitals.


 (power of) X  Y  Z  R     Alpha  on Atom
            ==========     =====     ==========

 Al                                   1
                                  ---------------------------------------------------------------------------
            0  0  0  0    15.900      1
            0  0  0  0    11.500      2
            0  0  0  1     4.800      3
            0  0  0  1     3.300      4
            1  0  0  0     6.300      5
            0  1  0  0     6.300      6
            0  0  1  0     6.300      7
            1  0  0  0     3.200      8
            0  1  0  0     3.200      9
            0  0  1  0     3.200     10
            0  0  0  2     2.000     11
            0  0  0  2     1.350     12
            0  0  0  2     0.950     13
            1  0  0  1     1.650     14
            0  1  0  1     1.650     15
            0  0  1  1     1.650     16
            1  0  0  1     0.950     17
            0  1  0  1     0.950     18
            0  0  1  1     0.950     19
            1  0  0  1     0.580     20
            0  1  0  1     0.580     21
            0  0  1  1     0.580     22
            2  0  0  0     1.600     23
            1  1  0  0     1.600     24
            1  0  1  0     1.600     25
            0  2  0  0     1.600     26
            0  1  1  0     1.600     27
            0  0  2  0     1.600     28
            3  0  0  0     1.750     29
            2  1  0  0     1.750     30
            2  0  1  0     1.750     31
            1  2  0  0     1.750     32
            1  1  1  0     1.750     33
            1  0  2  0     1.750     34
            0  3  0  0     1.750     35
            0  2  1  0     1.750     36
            0  1  2  0     1.750     37
            0  0  3  0     1.750     38

 F                                    2    3    4
                                  ---------------------------------------------------------------------------
            0  0  0  0    10.880     39   69   99
            0  0  0  0     7.700     40   70  100
            0  0  0  1     3.240     41   71  101
            0  0  0  1     1.940     42   72  102
            0  0  0  1     0.740     43   73  103
            1  0  0  0     4.540     44   74  104
            0  1  0  0     4.540     45   75  105
            0  0  1  0     4.540     46   76  106
            1  0  0  0     2.300     47   77  107
            0  1  0  0     2.300     48   78  108
            0  0  1  0     2.300     49   79  109
            1  0  0  0     1.240     50   80  110
            0  1  0  0     1.240     51   81  111
            0  0  1  0     1.240     52   82  112
            2  0  0  0     2.000     53   83  113
            1  1  0  0     2.000     54   84  114
            1  0  1  0     2.000     55   85  115
            0  2  0  0     2.000     56   86  116
            0  1  1  0     2.000     57   87  117
            0  0  2  0     2.000     58   88  118
            3  0  0  0     3.000     59   89  119
            2  1  0  0     3.000     60   90  120
            2  0  1  0     3.000     61   91  121
            1  2  0  0     3.000     62   92  122
            1  1  1  0     3.000     63   93  123
            1  0  2  0     3.000     64   94  124
            0  3  0  0     3.000     65   95  125
            0  2  1  0     3.000     66   96  126
            0  1  2  0     3.000     67   97  127
            0  0  3  0     3.000     68   98  128

 Total number of charge fitting functions (nprimf)       361
 Total number of Cartesian basis functions (naos)        128
 Total number of Cartesian core functions  (ncos)          0

1
 ***************************************************************************************************



                                              ***********************
                                              *  T E C H N I C A L  *
                                              ***********************
  



 =============================================================
 P A R A L L E L I Z A T I O N  and  V E C T O R I Z A T I O N
 =============================================================
  
 Nr of parallel processes:                                4
 Maximum vector length in NumInt loops:                 128



 =====================
 S C F   U P D A T E S
 =====================
  
 Max. nr. of cycles:                                99
 Convergence criterion:                              0.0000010000
   secondary criterion:                              0.0010000000

 Mix parameter (when DIIS does not apply):           0.2000000000
 Mixed ADIIS+SDIIS will be used                  
    Max number of expansion vectors:                10
    Pure ADIIS when Max([F,P]) is above              0.1000000000
    Pure SDIIS when Max([F,P]) is below              0.0010000000
 Automatic ElectronSmearing (in case of problematic SCF convergence) disabled



 =================
 P R E C I S I O N  ***  (General: NumInt, NeglectFunctionTails, ...)  ***
 =================
  

 NumInt:           Target precision:                 8.0000000000
 -------           Initial precision:                8.0000000000
                   Min. precision (optimization):    8.0000000000

 Neglect Functions:          Basis functions:        0.1000000000E-09
 ------------------          Fit functions:          0.1000000000E-09



 ===========================
 L I N E A R   S C A L I N G
 ===========================
  

 Cut-off radii density fit:                        0.1000000000E-11
 Overlap cut-off criterion AO matrix elements:     0.1000000000E-09
 Cut-offs for Coulomb potential and fitted density:0.1000000000E-11
 Cut-off criterion for Coulomb multipole terms:    0.1000000000E-11
 Progressive Convergence parameter:                 0.000000000    

 Number of elements of the density matrix on this node (used, total):      2346      8256



 ===========================================
 Numerical Integration : Fuzzy Cells (Becke)
 ===========================================
  
 Becke grid quality: VERYGOOD       
  
 Lebedev angular grid order:             min:  13 max:  47
 Nr. of radial points:                   min:  76 max:  85

 Total nr. of points:     118008
 Nr. of blocks:              922
 Block length:               128
 Nr. of dummy points:          8


 Test of Precision of the Numerical Integration Grid
 ===================================================

 Integral of the Total Core Density:                   0.00000000000000



 ========================
 Density Fitting (zlmFit)
 ========================
  
 ZlmFit Fit Quality: VERYGOOD       
  
 Max L-expansion:                        min:  11 max:  12
 Nr. of radial interpolation points:     min: 170 max: 310



 =====
 S C F  ***  ScaSCF  ***
 =====
  
 Initial density matrix is taken from previous geometry

 CYCLE    1
  ***********************************************************
  ** : orbital data taken from :/scratch/5299/amstmp_27.achiral_catalyst.H_Ph_AlF3.Rcat_kid0.1841943746/GOStep4.rkf
  ***********************************************************
 SCF Error: norm([F,P])=      0.000000213227, max([F,P])=      0.000000055629
 orbitals (Q,E):
 ---------------
 A :11...30          ( 2.00    -1.0763)  ( 2.00    -0.4478)  ( 2.00    -0.4075)  ( 2.00    -0.4075)
                     ( 2.00    -0.3855)  ( 2.00    -0.3738)  ( 2.00    -0.3738)  ( 2.00    -0.3685)
                     ( 2.00    -0.3685)  ( 2.00    -0.3513)  ( 0.00    -0.0863)  ( 0.00    -0.0372)
                     ( 0.00    -0.0010)  ( 0.00    -0.0010)  ( 0.00     0.0480)  ( 0.00     0.0513)
                     ( 0.00     0.1245)  ( 0.00     0.1245)  ( 0.00     0.1421)  ( 0.00     0.1421)

 CYCLE    2
  SDIIS (wt  0.000):  0.6819  0.3181
 A-DIIS (wt  1.000):  0.0000  1.0000
  DIIS coefficients:  0.0000  1.0000
 SCF Error: norm([F,P])=      0.000000456895, max([F,P])=      0.000000119263
 orbitals (Q,E):
 ---------------
 A :11...21          ( 2.00    -1.0763)  ( 2.00    -0.4478)  ( 2.00    -0.4075)  ( 2.00    -0.4075)
                     ( 2.00    -0.3855)  ( 2.00    -0.3738)  ( 2.00    -0.3738)  ( 2.00    -0.3685)
                     ( 2.00    -0.3685)  ( 2.00    -0.3513)  ( 0.00    -0.0863)

 SCF CONVERGED

 CYCLE    3
1
 ***************************************************************************************************



                                                *******************
                                                *  R E S U L T S  *
                                                *******************
  
 *** Using FIT density in Focky
  SDIIS (wt  0.000):  1.2775 -0.2775
 A-DIIS (wt  1.000):  0.0000  1.0000
  DIIS coefficients:  0.0000  1.0000
 SCF Error: norm([F,P])=      0.000000979979, max([F,P])=      0.000000256294

 Scaled ZORA Orbital Energies, per Irrep and Spin:
 =================================================
                        Occup              E (au)              E (eV)       Diff (eV) with prev. cycle
                        -----      --------------------        ------       --------------------------
 A
              11        2.000     -0.10762980458647E+01       -29.288               5.24E-06
              12        2.000     -0.44782009889712E+00       -12.186               1.14E-07
              13        2.000     -0.40747846843339E+00       -11.088              -3.67E-06
              14        2.000     -0.40747580057344E+00       -11.088               3.93E-06
              15        2.000     -0.38553556002941E+00       -10.491               1.21E-07
              16        2.000     -0.37384370848698E+00       -10.173              -3.45E-06
              17        2.000     -0.37384177425847E+00       -10.173               3.71E-06
              18        2.000     -0.36852029907688E+00       -10.028              -4.68E-06
              19        2.000     -0.36851782669147E+00       -10.028               4.95E-06
              20        2.000     -0.35129929455013E+00        -9.559               1.42E-07
              21        0.000     -0.86261920200682E-01        -2.347
              22        0.000     -0.37209150807628E-01        -1.013
              23        0.000     -0.10037076131620E-02        -0.027
              24        0.000     -0.10034265062347E-02        -0.027
              25        0.000      0.47992419125037E-01         1.306
              26        0.000      0.51337114155837E-01         1.397
              27        0.000      0.12446164881285E+00         3.387
              28        0.000      0.12446269645543E+00         3.387
              29        0.000      0.14209813924506E+00         3.867
              30        0.000      0.14209924041193E+00         3.867
  
 HOMO :       20 A                -0.35129929455013E+00
 LUMO :       21 A                -0.86261920200682E-01
  


 All Electron Calculation, thus no Orbital Energies of the Core Orbitals are calculated


 Fit test: (difference of exact and fit density, squared integrated, result summed over spins)
         Sum-of-Fragments:                             0.00000000209313
         Orthogonalized Fragments:                     0.00000081209272
         SCF:                                          0.00000051145891



 ==========================
 Electron Density at Nuclei
 ==========================
  
 The electron density is calculated at points on a small sphere around the center of a nucleus.
 The printed electron density is the average electron density on these points.
 The radius of the sphere is the printed approximate finite nuclear radius.
 Note: ZORA-4 density is used, which includes small component density

         Atom        Nuclear Radius (Angstrom)             Electron Density (a.u.)
         ----        -------------------------             -----------------------
     1)   Al                0.0000397368                             1424.37182
     2)   F                 0.0000361580                              450.84157
     3)   F                 0.0000361580                              450.84157
     4)   F                 0.0000361580                              450.84158



 =======================================
 M U L L I K E N   P O P U L A T I O N S
 =======================================
  
 The survey below gives for each atom:
 a) the total charge (Z minus electrons)
 b) the net spin polarization (nr of electrons spin-A minus spin-B)
 c) for each spin the atomic electron valence density (integrated) per L-value.

 Atom              Charge    Spin density          S         P         D         F
 ----              ------    ------------       ------    ------    ------    ------
 1 Al              1.7240                       4.3239    6.5238    0.3407    0.0876
 2 F              -0.5747                       3.9715    5.5851    0.0169    0.0011
 3 F              -0.5747                       3.9715    5.5851    0.0169    0.0011
 4 F              -0.5747                       3.9715    5.5851    0.0169    0.0011

 Populations of individual BAS functions
 ----------------------------------------
 1 Al           0.5217  1.4471  1.3026  0.7248  0.7755  0.7852  0.7852  1.2361  1.2302  1.2302
                0.2441  0.0841 -0.0004  0.1036  0.1901  0.1902  0.0434 -0.0258 -0.0258 -0.0007
                0.0032  0.0032 -0.0246  0.0538  0.0538  0.0753  0.1071  0.0753 -0.0081 -0.0059
               -0.0059  0.0140  0.0102  0.0140  0.0162  0.0130  0.0292  0.0108
 2 F            0.5922  1.3841  1.0876  0.8906  0.0170  0.3736  0.3594  0.3732  1.0072  1.0024
                1.0192  0.5151  0.4468  0.4881 -0.0063  0.0039  0.0013  0.0135  0.0050 -0.0004
               -0.0050 -0.0039 -0.0021  0.0052  0.0002 -0.0000  0.0067  0.0041 -0.0023 -0.0018
 3 F            0.5922  1.3841  1.0876  0.8906  0.0170  0.3736  0.3594  0.3732  1.0072  1.0024
                1.0192  0.5151  0.4468  0.4881 -0.0063  0.0039  0.0013  0.0135  0.0050 -0.0004
               -0.0050 -0.0039 -0.0021  0.0052  0.0002 -0.0000  0.0067  0.0041 -0.0023 -0.0018
 4 F            0.5922  1.3841  1.0876  0.8906  0.0170  0.3736  0.3801  0.3526  1.0072  1.0276
                0.9940  0.5151  0.5088  0.4262 -0.0063  0.0001  0.0052 -0.0074  0.0051  0.0204
               -0.0050 -0.0012 -0.0048 -0.0025  0.0000  0.0078 -0.0062 -0.0055  0.0078  0.0105

 Gross Charges per Atom (Z minus electrons)
 ==========================================
             1.7240   -0.5747   -0.5747   -0.5747
 Net Total:  0.00000000


 Atom-Atom Population Matrix (off-diagonal elements not doubled)
 ===============================================================

     1 :    10.4479
     2 :     0.2760    9.3130
     3 :     0.2760   -0.0072    9.3130
     4 :     0.2760   -0.0072   -0.0072    9.3129



 =================================================
 H I R S H F E L D   C H A R G E   A N A L Y S I S
 =================================================
  
 For each fragment: the (numerical) integral of rho(scf) * rho(fragment)/rho(sum-of-fragments)
 (nuclear charges are included, electrons are counted negative)

 The fragments and their ordering are defined in the early G E O M E T R Y output section.
 If you use single-atom fragments, this usually implies that all atoms of the same
 chemical type are grouped together. This may not be the order in which you listed them
 in the input file!

    1  Al                        0.8266
    2  F                        -0.2755
    3  F                        -0.2755
    4  F                        -0.2755

 Sum of these charges (accuracy NumInt/Tails) =           0.00000716



 =============================
 V O R O N O I   C H A R G E S
 =============================
  
 For each atom: the (numerical) integral of the total electronic charge density in its Voronoi cell,
 i.e. the region of space that is closer to that atom than to any other atom.
 (cf. Wigner-Seitz cells in crystals)

 Within the Voronoi cell the subintegrals over the atomic sphere and the remaining part are evaluated
 separately to give the numbers of electrons (negative charge) in these regions.
 The net total charge in the cell (including the nuclear charge) is also given.

 Values are provided for
    a) the Initial (sum-of-fragments) density
    b) the Orthogonalized-Fragments density
    c) the SCF density
    d) the Voronoi Deformation Density (VDD): the difference SCF-Initial for the complete atomic cell


  Atom                Initial                    OrthFrag                   SCF
             Sphere RestCell NetTotal   Sphere RestCell NetTotal   Sphere RestCell NetTotal      VDD
 -----       ------------------------   ------------------------   ------------------------    -----
    1 Al     -9.013   -2.716    1.271   -9.010   -2.734    1.256   -9.012   -2.078    1.911    0.640
    2 F      -5.252   -4.174   -0.426   -5.428   -3.993   -0.421   -5.315   -4.324   -0.639   -0.213
    3 F      -5.252   -4.173   -0.424   -5.428   -3.991   -0.419   -5.315   -4.323   -0.638   -0.214
    4 F      -5.252   -4.169   -0.421   -5.428   -3.989   -0.416   -5.315   -4.318   -0.634   -0.213
 ---------------------------------------------------------------------------------------------------
 Total NetCharge:               0.000                      0.000                      0.000   -0.000
 (accuracy NumInt/Tails)

 Remark: the 'NetTotal' Voronoi charges often do not match the Mulliken and/or Hirshfeld charges very
 well. This is caused by the fact that chemically different atoms are not treated in accordance with
 their relative sizes. (Voronoi cells are defined by boundary planes halfway between the atoms.)
 However, the CHANGES in charge, comparing 'Initial' to 'SCF' for instance, do give a fair indication
 of the flow of charge caused by the relaxation from sum-of-fragments to self-consistency.

 Warning: the absolute accuracy of the VDD charges obtained using the Fuzzy Cells (Becke) integration
 scheme is much poorer than the one obtained with an 'equivalent' Voronoi integration grid. 



 =================================================================
 M U L T I P O L E   D E R I V E D   C H A R G E   A N A L Y S I S
 =================================================================

 This charge analysis uses the atomic multipoles (obtained from the fitted density) up to some level X,
 and reconstructs these multipoles exactly (up to level X) by distributing charges over all atoms.
 This is achieved by using Lagrange multipliers and a weight function to keep the multipoles local.

 Dummy atoms can be included (by setting INCDUM in MDC-block to 1) to obtain a fractional charge.
 This is generally useful and necessary only for small symmetrical molecules, when there are not
 enough degrees of freedom to reconstruct the multipoles.

 Since the atomic multipoles are reconstructed up to level X,
 the molecular multipoles are represented also up to level X.
 The recommended level is to reconstruct up to quadrupole : -> MDC-q charges.

 See: M. Swart, P.Th. van Duijnen, J.G. Snijders, J.Comput.Chem., (2001), p. 79-88.

 ------------------------------------------------------------- 
 Atomic electronic multipole moments from SCF equations (a.u.)
 ------------------------------------------------------------- 

   atom        charge        dip-x     dip-y     dip-z      quad-xx   quad-xy   quad-xz   quad-yy   quad-yz   quad-zz
 --------------------------------------------------------------------------------------------------------------------
    1 Al     1.747745     0.000000 -0.000000  0.000009     0.201258  0.000000  0.000000 -0.100629  0.000000 -0.100629
    2 F     -0.582587    -0.000000 -0.064628  0.037314    -0.265699  0.000000 -0.000000  0.319070 -0.215046 -0.053371
    3 F     -0.582587    -0.000000  0.064628  0.037314    -0.265699 -0.000000 -0.000000  0.319070  0.215046 -0.053371
    4 F     -0.582571    -0.000000  0.000000 -0.074601    -0.265744  0.000000  0.000000 -0.239662  0.000000  0.505406

 --------------------------------------- 
 Multipole derived atomic charges (a.u.)
 --------------------------------------- 

 The MDC-m charges are just the Monopole terms in the multipole expansion, while for the MDC-d charges
 also the Dipoles are reconstructed. The usually preferred charges are the MDC-q charges.
 These reconstruct the Monopoles, Dipoles and Quadrupoles (both atomic AND molecular).

        Atom    Level:     MDC-m        MDC-d        MDC-q
 ---------------------------------------------------------
     1     Al           1.747745     1.463439     1.806184
     2     F           -0.582587    -0.487815    -0.592095
     3     F           -0.582587    -0.487815    -0.592095
     4     F           -0.582571    -0.487810    -0.621995

 ------------------------------------------------ 
 Average absolute deviations in atomic multipoles
 ------------------------------------------------ 

 Stated here are the average differences between the atomic multipoles
 and the reconstructed atomic multipoles (from the distributed charges).
 If these values are not zero, this means there are not enough degrees of freedom,
 to be able to reconstruct the atomic multipoles. (This usually happens only
 for small and/or highly symmetric molecules). If this is the case, one could add
 dummy atoms as extra point charges (and setting INCDUM in MDC-block to 1).

 Level:                                 MDC-d        MDC-q
 ---------------------------------------------------------
 Charge   (a.u.)                       0.0000       0.0000
 Dipole   (Debye)                      0.0000       0.1276
 Quad.    (a.u.)                       0.2720       0.0077

 --------------------------------------- 
 Represented molecular multipole moments
 --------------------------------------- 

 Given here are the Molecular multipole moments from the atomic charges, and from the Fit Density.
 Note that the atomic charges represent the latter, NOT the ones from the Exact density.

            Q (a.u.)             Dipole moment (Debye)                                          Quadrupole moment (a.u.)
                                 x         y         z              xx        xy        xz        yy        yz        zz
------------------------------------------------------------------------------------------------------------------------
MDC-m         0.0000        0.0000    0.0000   -0.0001          8.4836    0.0000   -0.0002   -4.2419    0.0000   -4.2417
MDC-d         0.0000        0.0000    0.0000   -0.0000          7.1036    0.0000   -0.0001   -3.5518    0.0000   -3.5518
MDC-q         0.0000        0.0000    0.0000    0.2368          8.7673    0.0000    0.4568   -4.1659    0.0000   -4.6013
 
Fit.Dens.     0.0000        0.0000    0.0000   -0.0000          7.1903    0.0000   -0.0001   -3.5952    0.0000   -3.5950



 =============
 Dipole Moment  ***  (Debye)  ***
 =============
  
 Vector   :         0.00000054      0.00000000     -0.00002267
 Magnitude:         0.00002267

 This molecular dipole moment is calculated with analytic integration



 =========================================
 Quadrupole Moment (Buckingham convention)  ***  (a.u.)  ***
 =========================================
  
      quad-xx        quad-xy        quad-xz        quad-yy        quad-yz        quad-zz
      7.19036079     0.00000000    -0.00004373    -3.59527940     0.00000000    -3.59508139

 This molecular quadrupole moment is calculated with analytic integration
1



 ===========================
 B O N D I N G   E N E R G Y  ***  (decomposition)  ***
 ===========================
  
*** IMPORTANT NOTE ***

The bond energy is computed as an energy difference between molecule and
fragments. In particular when the fragments are single atoms, they are usually
computed as SPHERICALLY SYMMETRIC and SPIN-RESTRICTED. Obviously, this usually
does NOT represent the true atomic groundstate.

To obtain the 'real' bond energy, (atomic) correction terms must be applied
for the true (multiplet) fragment ground state. See ref: E.J.Baerends,
V.Branchadell, M.Sodupe, Chem.Phys.Lett.265 (1997) 481

General theoretical background on the bond energy decomposition scheme used
here (Morokuma-Ziegler) can be found in the review paper:
F.M. Bickelhaupt and E.J. Baerends,
"Kohn-Sham Density Functional Theory: Predicting and Understanding Chemistry"
In: Rev. Comput. Chem.; Lipkowitz, K. B. and Boyd, D. B., Eds.;
Wiley-VCH: New York, 2000, Vol. 15, 1-86.

Symbols used in the Bickelhaupt-Baerends (BB) paper are given below to make
the direct connection to that paper, where detailed explanations can be found
on the meaning of the various terms.


                                                   hartree              eV         kcal/mol           kJ/mol
                                      --------------------     -----------       ----------      -----------

Pauli Repulsion
  Kinetic (Delta T^0):                   6.540339777157595        177.9717          4104.13         17171.66
  Delta V^Pauli Coulomb:                -4.157853167275746       -113.1409         -2609.09        -10916.44
  Delta V^Pauli LDA-XC:                 -0.748842846872300        -20.3771          -469.91         -1966.09
  Delta V^Pauli GGA-Exchange:            0.068812250810670          1.8725            43.18           180.67
  Delta V^Pauli GGA-Correlation:        -0.057052391105284         -1.5525           -35.80          -149.79
                                      --------------------     -----------       ----------      -----------
  Total Pauli Repulsion:                 1.645403622714934         44.7737          1032.51          4320.01
 (Total Pauli Repulsion =
  Delta E^Pauli in BB paper)

Steric Interaction
  Pauli Repulsion (Delta E^Pauli):       1.645403622714934         44.7737          1032.51          4320.01
  Electrostatic Interaction:            -0.480283107421267        -13.0692          -301.38         -1260.98
 (Electrostatic Interaction =
  Delta V_elstat in the BB paper)
                                      --------------------     -----------       ----------      -----------
  Total Steric Interaction:              1.165120515293668         31.7045           731.12          3059.02
 (Total Steric Interaction =
  Delta E^0 in the BB paper)

Orbital Interactions
  A:                                    -1.918345063676191        -52.2008         -1203.78         -5036.61
                                      --------------------     -----------       ----------      -----------
  Total Orbital Interactions:           -1.918345063676190        -52.2008         -1203.78         -5036.61

Alternative Decomposition Orb.Int.
  Kinetic:                              -5.898893925220385       -160.5171         -3701.61        -15487.54
  Coulomb:                               4.036120408231456        109.8284          2532.70         10596.83
  XC:                                   -0.055571546687261         -1.5122           -34.87          -145.90
                                      --------------------     -----------       ----------      -----------
  Total Orbital Interactions:           -1.918345063676190        -52.2008         -1203.78         -5036.61

  Residu (E=Steric+OrbInt+Res):         -0.000000003059015         -0.0000            -0.00            -0.00

Total Bonding Energy:                   -0.753224551441538        -20.4963          -472.66         -1977.59


Summary of Bonding Energy (energy terms are taken from the energy decomposition above)
======================================================================================

  Electrostatic Energy:                 -0.480283107421267        -13.0692          -301.38         -1260.98
  Kinetic Energy:                        0.641445851937210         17.4546           402.51          1684.12
  Coulomb (Steric+OrbInt) Energy:       -0.121732762103306         -3.3125           -76.39          -319.61
  XC Energy:                            -0.792654533854175        -21.5692          -497.40         -2081.11
                                      --------------------     -----------       ----------      -----------
  Total Bonding Energy:                 -0.753224551441537        -20.4963          -472.66         -1977.59


Correction terms (incorporated in energies above; only for test purposes):

1. Indication of fit-quality: 1st-order fit-correction used in the energy (hartree):   0.0000079415
2. Electrostatic (Fit correction):   0.0000000000

Scaled ZORA energy correction, not included in bonding energy (hartree):           -0.0000447935
 NOTE: This scaled ZORA energy correction should only be used to compare two calculations
 in which the only difference in the calculation is the electron configuration.
 Then the difference in energy of this term should be added to the difference in energy of
 the two electron configurations.
 This term should not be used otherwise.
 In practice it is useful only for core excitation energy calculations.



 =========================================
 F R A G M E N T   E N E R G Y   T E R M S  ***  (summed over all fragments)  ***
 =========================================
  

The energy terms below are (parts of) the Total Energy of the fragments from which the molecule
 is built.

Exchange and Correlation
  Exchange LDA:                        -43.639639889100522      -1187.4950        -27384.29       -114575.86
  Exchange GGA:                         -4.353287326339345       -118.4590         -2731.73        -11429.55
  Correlation LDA:                       0.000000000000000          0.0000             0.00             0.00
  Correlation GGA:                      -1.485063048403015        -40.4106          -931.89         -3899.03
                                      --------------------     -----------       ----------      -----------
  Total XC:                            -49.477990263842877      -1346.3646        -31047.91       -129904.45
1



 =======================================================
 S F O   P O P U L A T I O N S ,   M O   A N A L Y S I S
 =======================================================
  
 A Mulliken population analysis is performed on (input-)selected MOs. All populations refer to SFOs.
 BAS populations may have been printed directly after the SCF part.


                                       === A ===


 SFO contributions (%) per orbital
 (multiplication by the orbital occupation yields the SFO Gross Populations)

 Orb.:       11     12     13     14     15     16     17     18     19     20     21     22     23     24
 occup:     2.00   2.00   2.00   2.00   2.00   2.00   2.00   2.00   2.00   2.00   0.00   0.00   0.00   0.00
 CF+SFO     ----   ----   ----   ----   ----   ----   ----   ----   ----   ----   ----   ----   ----   ----
 ------
      3:    0.00  12.41   0.00   0.00   0.00   0.00   0.00   0.00   0.00  -0.00  74.15   0.00  -0.00   0.00
      4:   -0.00   1.48   0.00   0.00   0.00  -0.00  -0.00   0.00   0.00   0.00  22.94   0.00   0.00  -0.00
      9:   -0.00   0.00   0.00   0.00   7.48   0.00   0.00   0.00   0.00   0.00   0.00  89.26   0.00   0.00
     10:    0.00  -0.00   0.00   0.00   0.61   0.00   0.00   0.00   0.00   0.00  -0.00   8.03   0.00   0.00
     14:    1.40   0.00   0.00   3.52   0.00   0.63   0.00   0.00   0.00   0.00   0.00   0.00   0.00  52.00
     15:    0.34   0.00   0.00   1.30  -0.00  -0.00  -0.00   0.00  -0.00  -0.00   0.00   0.00   0.00  62.73
     16:   -0.10   0.00   0.00   2.66   0.00   0.00   0.00  -0.00   0.00  -0.00   0.00   0.00  -0.00  -0.22
     19:    0.00   0.00   3.52   0.00   0.00   0.00   0.63   0.00   0.00   0.00  -0.00   0.00  52.00   0.00
     20:    0.00   0.00   1.30   0.00   0.00  -0.00  -0.00  -0.00  -0.00   0.00   0.00   0.00  62.73   0.00
     21:   -0.00   0.00   2.66   0.00   0.00   0.00   0.00   0.00  -0.00  -0.00   0.00   0.00  -0.22  -0.00
     23:    0.00   0.05   0.10   0.00   0.00   0.00   2.91   0.00   0.00   0.00   1.52   0.00   0.14   0.00
     24:    0.00   0.14   0.03   0.00   0.00   0.00   0.97   0.00   0.00   0.00   4.55   0.00   0.05   0.00
     25:    0.00   0.00   0.00   0.00   0.00   0.00   0.00   0.00   2.69   0.00   0.00  -0.00   0.00   0.00
     26:    0.00   0.00   0.00   0.00   0.00   0.00   0.00   2.69   0.00   0.00   0.00   0.00   0.00  -0.00
     27:    1.34   0.00   0.00   0.14   0.00   3.88   0.00   0.00   0.00   0.00   0.00   0.00   0.00   0.18
     32:    0.01   0.00   0.00   0.00  -0.00  -0.00  -0.00   0.00   0.00   1.67   0.00   0.00   0.00   0.01
     36:   48.02   1.51   0.40   1.19   0.00   0.05   0.02   0.00   0.00   0.00   0.29   0.00   0.07   0.21
     37:   -0.13  -0.27   0.02   0.05   0.00   0.07   0.02  -0.00  -0.00   0.00  -4.15   0.00  -2.50  -7.51
     40:    0.00   0.00   0.00   0.00  30.19   0.00   0.00  16.10  48.28   0.00   0.00   2.38   0.00   0.00
     41:    0.00  -0.00   0.00   0.00   0.16   0.00   0.00   0.01   0.04   0.00  -0.00  -1.72   0.00   0.00
     43:    0.29  20.28  18.19  23.30   0.00  14.85   4.42   0.00   0.00   8.21   1.38   0.00   0.11   0.01
     46:    0.14   6.76   0.00  18.19   0.00   4.42  39.48   0.00   0.00  24.62   0.46   0.00   0.35   0.11
     62:   48.02   1.51   0.40   1.19   0.00   0.05   0.02   0.00   0.00   0.00   0.29   0.00   0.07   0.21
     63:   -0.13  -0.27   0.02   0.05   0.00   0.07   0.02  -0.00  -0.00   0.00  -4.15   0.00  -2.50  -7.51
     66:    0.00   0.00   0.00   0.00  30.19   0.00   0.00  16.10  48.28   0.00   0.00   2.38   0.00   0.00
     67:    0.00  -0.00   0.00   0.00   0.16   0.00   0.00   0.01   0.04   0.00  -0.00  -1.72   0.00   0.00
     69:    0.29  20.28  18.19  23.30   0.00  14.85   4.42   0.00   0.00   8.21   1.38   0.00   0.11   0.01
     72:    0.14   6.76   0.00  18.19   0.00   4.42  39.48   0.00   0.00  24.62   0.46   0.00   0.35   0.11
     88:    0.00   1.51   1.59   0.00   0.00   0.00   0.07   0.00  -0.00  -0.00   0.29   0.00   0.27   0.00
     89:   -0.00  -0.27   0.07   0.00   0.00   0.00   0.09  -0.00  -0.00  -0.00  -4.15   0.00 -10.01  -0.00
     92:    0.00   0.00   0.00   0.00  30.21   0.00   0.00  64.36   0.00   0.00   0.00   2.38   0.00   0.00
     93:   -0.00  -0.00   0.00   0.00   0.16  -0.00   0.00   0.06   0.00   0.00  -0.00  -1.72   0.00  -0.00
     95:    0.01   0.00   0.00   6.55   0.00  56.22   0.00   0.00   0.00  32.81   0.00   0.00   0.00   0.62
     98:    0.00  27.04  53.13   0.00   0.00   0.00   6.96   0.00   0.00   0.00   1.84   0.00  -0.05  -0.00


 Summation over all MOs, multiplied by occupation: Total SFO Gross Populations in this Irrep
 ===========================================================================================

     2.00    1.99    0.30    0.03    0.01    0.00    0.00    2.00    0.15    0.01   -0.00   -0.00
     1.99    0.11    0.03    0.05   -0.00    1.99    0.11    0.03    0.05   -0.00    0.09    0.04
     0.05    0.05    0.11    0.01    0.01    0.01    0.01    0.03    0.01    0.01    2.00    1.97
    -0.00   -0.00   -0.00    1.89    0.00   -0.00    1.80    0.00    0.00    1.88    0.00    0.00
     0.00    0.00    0.00    0.00    0.00    0.00    0.00    0.00    0.00    0.00    0.00    0.00
     2.00    1.97   -0.00   -0.00   -0.00    1.89    0.00   -0.00    1.80    0.00    0.00    1.88
     0.00    0.00    0.00    0.00    0.00    0.00    0.00    0.00    0.00    0.00    0.00    0.00
     0.00    0.00    2.00    1.97   -0.00   -0.00   -0.00    1.89    0.00   -0.00    1.91    0.00
    -0.00    1.77    0.00    0.00    0.01    0.00    0.00    0.01    0.01    0.00    0.00    0.00
     0.00    0.00   -0.00    0.00



 List of all MOs, ordered by energy, with the most significant SFO gross populations
 ===================================================================================

 Each percentage contribution in the table below corres ponds to the indicated SFO.
 In general, a SFO may be a linear combination of several Fragment Orbitals on the same,
 or on symmetry-related Fragments. Only the first 'member' of such a combination is
 specified here. A full definition of all SFOs is given in an earlier part of the output.
 The numbering of the SFOs in this table does NOT include the Core Orbitals, and starts
 from one for each symmetry representation, as in the SFO definition list earlier.

       E(eV)  Occ       MO           %     SFO (first member)   E(eV)  Occ   Fragment
 -------------------------------------------------------------------------------------

     -12.186  2.00    12 A         27.04%     1 P:z           -11.083  1.67     4 F
                                   20.28%     1 P:y           -11.083  1.67     2 F
                                   20.28%     1 P:y           -11.083  1.67     3 F
                                   12.41%     3 S              -7.572  2.00     1 Al
                                    6.76%     1 P:z           -11.083  1.67     2 F
                                    6.76%     1 P:z           -11.083  1.67     3 F
                                    1.51%     2 S             -30.122  2.00     4 F
                                    1.51%     2 S             -30.122  2.00     2 F
                                    1.51%     2 S             -30.122  2.00     3 F
                                    1.48%     4 S               1.461  0.00     1 Al
     -11.088  2.00    13 A         53.13%     1 P:z           -11.083  1.67     4 F
                                   18.19%     1 P:y           -11.083  1.67     2 F
                                   18.19%     1 P:y           -11.083  1.67     3 F
                                    3.52%     2 P:z            -2.560  0.33     1 Al
                                    2.66%     4 P:z            12.315  0.00     1 Al
                                    1.59%     2 S             -30.122  2.00     4 F
                                    1.30%     3 P:z             0.764  0.00     1 Al
     -11.088  2.00    14 A         23.30%     1 P:y           -11.083  1.67     3 F
                                   23.30%     1 P:y           -11.083  1.67     2 F
                                   18.19%     1 P:z           -11.083  1.67     2 F
                                   18.19%     1 P:z           -11.083  1.67     3 F
                                    6.55%     1 P:y           -11.083  1.67     4 F
                                    3.52%     2 P:y            -2.560  0.33     1 Al
                                    2.66%     4 P:y            12.315  0.00     1 Al
                                    1.30%     3 P:y             0.764  0.00     1 Al
                                    1.19%     2 S             -30.122  2.00     3 F
                                    1.19%     2 S             -30.122  2.00     2 F
     -10.491  2.00    15 A         30.21%     1 P:x           -11.083  1.67     4 F
                                   30.19%     1 P:x           -11.083  1.67     2 F
                                   30.19%     1 P:x           -11.083  1.67     3 F
                                    7.48%     2 P:x            -2.560  0.33     1 Al
     -10.173  2.00    16 A         56.22%     1 P:y           -11.083  1.67     4 F
                                   14.85%     1 P:y           -11.083  1.67     2 F
                                   14.85%     1 P:y           -11.083  1.67     3 F
                                    4.42%     1 P:z           -11.083  1.67     2 F
                                    4.42%     1 P:z           -11.083  1.67     3 F
                                    3.88%     1 D:yz           10.360  0.00     1 Al
     -10.173  2.00    17 A         39.48%     1 P:z           -11.083  1.67     3 F
                                   39.48%     1 P:z           -11.083  1.67     2 F
                                    6.96%     1 P:z           -11.083  1.67     4 F
                                    4.42%     1 P:y           -11.083  1.67     3 F
                                    4.42%     1 P:y           -11.083  1.67     2 F
                                    2.91%     1 D:z2           10.360  0.00     1 Al
     -10.028  2.00    18 A         64.36%     1 P:x           -11.083  1.67     4 F
                                   16.10%     1 P:x           -11.083  1.67     2 F
                                   16.10%     1 P:x           -11.083  1.67     3 F
                                    2.69%     1 D:xz           10.360  0.00     1 Al
     -10.028  2.00    19 A         48.28%     1 P:x           -11.083  1.67     3 F
                                   48.28%     1 P:x           -11.083  1.67     2 F
                                    2.69%     1 D:xy           10.360  0.00     1 Al
      -9.559  2.00    20 A         32.81%     1 P:y           -11.083  1.67     4 F
                                   24.62%     1 P:z           -11.083  1.67     3 F
                                   24.62%     1 P:z           -11.083  1.67     2 F
                                    8.21%     1 P:y           -11.083  1.67     3 F
                                    8.21%     1 P:y           -11.083  1.67     2 F
                                    1.67%     1 F:z2y          25.368  0.00     1 Al
      -2.347  0.00    21 A         74.15%     3 S              -7.572  2.00     1 Al
                                   22.94%     4 S               1.461  0.00     1 Al
                                    4.55%     1 D:x2-y2        10.360  0.00     1 Al
                                   -4.15%     3 S               0.309  0.00     2 F
                                   -4.15%     3 S               0.309  0.00     3 F
                                   -4.15%     3 S               0.309  0.00     4 F
                                    1.84%     1 P:z           -11.083  1.67     4 F
                                    1.52%     1 D:z2           10.360  0.00     1 Al
                                    1.38%     1 P:y           -11.083  1.67     3 F
                                    1.38%     1 P:y           -11.083  1.67     2 F
      -1.013  0.00    22 A         89.26%     2 P:x            -2.560  0.33     1 Al
                                    8.03%     3 P:x             0.764  0.00     1 Al
                                    2.38%     1 P:x           -11.083  1.67     4 F
                                    2.38%     1 P:x           -11.083  1.67     3 F
                                    2.38%     1 P:x           -11.083  1.67     2 F
                                   -1.72%     2 P:x            11.793  0.00     4 F
                                   -1.72%     2 P:x            11.793  0.00     3 F
                                   -1.72%     2 P:x            11.793  0.00     2 F
      -0.027  0.00    23 A         62.73%     3 P:z             0.764  0.00     1 Al
                                   52.00%     2 P:z            -2.560  0.33     1 Al
                                  -10.01%     3 S               0.309  0.00     4 F
                                   -2.50%     3 S               0.309  0.00     3 F
                                   -2.50%     3 S               0.309  0.00     2 F
      -0.027  0.00    24 A         62.73%     3 P:y             0.764  0.00     1 Al
                                   52.00%     2 P:y            -2.560  0.33     1 Al
                                   -7.51%     3 S               0.309  0.00     2 F
                                   -7.51%     3 S               0.309  0.00     3 F
       1.306  0.00    25 A         90.80%     3 P:x             0.764  0.00     1 Al
                                    7.12%     2 P:x            -2.560  0.33     1 Al
       1.397  0.00    26 A        -80.25%     4 S               1.461  0.00     1 Al
                                   53.69%     3 S              -7.572  2.00     1 Al
                                   48.18%     3 S               0.309  0.00     4 F
                                   48.18%     3 S               0.309  0.00     2 F
                                   48.18%     3 S               0.309  0.00     3 F
                                   -8.16%     2 P:z            11.793  0.00     4 F
                                    6.71%     5 S              20.034  0.00     1 Al
                                   -6.12%     2 P:y            11.793  0.00     2 F
                                   -6.12%     2 P:y            11.793  0.00     3 F
                                   -2.04%     2 P:z            11.793  0.00     2 F
                                   -2.04%     2 P:z            11.793  0.00     3 F
                                   -2.02%     4 S              43.147  0.00     4 F
                                   -2.02%     4 S              43.147  0.00     2 F
                                   -2.02%     4 S              43.147  0.00     3 F
                                    1.79%     1 P:z           -11.083  1.67     4 F
                                    1.34%     1 P:y           -11.083  1.67     3 F
                                    1.34%     1 P:y           -11.083  1.67     2 F

 Energy gradients wrt nuclear displacements
 ==========================================

     Atom      Cartesian (a.u./angstrom)
                 X         Y         Z
 ----------------------------------------
     1 Al    0.000000  0.000000  0.000035
     2 F    -0.000000  0.000041 -0.000027
     3 F    -0.000000 -0.000041 -0.000027
     4 F    -0.000000 -0.000000  0.000019
 ----------------------------------------



 =======================================================================
 Electrostatic potential at the Nuclei due to electrons and other nuclei
 =======================================================================
  
         Atom                  Potential
         ----                  ---------
     1)   Al                 44.63303494
     2)   F                  26.66155106
     3)   F                  26.66155106
     4)   F                  26.66154939

=============================================================
=== CALCULATE ANALYTICAL SECOND DERIVATIVES OF THE ENERGY ===
=============================================================


-----------------------------------------------
*** RESTART ***
*** CHECKING FOR HESSIAN ON RESTART FILE ***
@@@ WARNING: Cannot find section: Hessian                                                                                                                                                         
*** NO HESSIAN EXISTS ON RESTART FILE ***
*** HESSIAN FROM RESTART FILE IS NOT COMPLETE ***
*** FURTHER CALCULATIONS WILL BE DONE         ***
-----------------------------------------------
                  ------------------------------------------------
                  
                  This Analytical Second Derivatives Progam    
                            was written for ADF by             
                  
                                Stephen K. Wolff               
                  
                         Scientific Computing & Modelling      
                  
                                Vrije University
                              Theoretical Chemistry
                                De Boelelaan 1083
                                1081 HV Amsterdam
                                 The Netherlands
                  
                  ------------------------------------------------
                  
                                    References:                
                                    ===========                
                  
                   Attila Berces, Ross M. Dickson, Liangyou Fan
                   Heiko Jacobsen, David Swerhone, Tom Ziegler,
                   Computer Physics Communications 100 (1997) 247.
                  
                   Heiko Jacobsen, Attila Berces
                   David Swerhone, Tom Ziegler,
                   Computer Physics Communications 100 (1997) 263.
                  
                   Stephen K. Wolff
                   Int. J. Quantum Chem. 104 (2005) 645.
                  
                  ------------------------------------------------
                  
              <><><><><><><><><><><><><><><><><><><><><><><><><>
 
                 SECOND DERIVATIVES INFORMATION:
                 -------------------------------
 
                 === PRINT
 
                   EIGS,  lprint_eigbas =  F
                   U1,    lprint_u1     =  F
                   PARTS, lprint_parts  =  F
 
                 === DEBUG
 
                   ALL        =  F
                   B1         =  F
                   DENSITIES  =  F
                   FIT        =  F
                   HESSIAN    =  F
                   NUMBERS    =  F
                   SYMMETRY   =  F
                   U1         =  F
 
                 === CPKS
 
                   MAX_CPKS_ITERATIONS    =    20
                   U1_ACCURACY PARAMETER  =     5.00
                   U1 ACCURACY            =     0.0000100
 

                 Estimated peak private memory usage    101 MB per process
                                 shared memory usage    124 MB per node

              <><><><><><><><><><><><><><><><><><><><><><><><><>

######## LOOPING OVER NUCLEI ########

==========================
###### NUCLEUS:     1  Al 
==========================

====================  solving CPKS equations  ====================

NUCLEUS  COORD.    ITERATION   ACCURACY
-------  ------    ---------   --------
    1       1          1       0.12780827D-01
    1       1          2       0.45167866D-03
    1       1          3       0.62778137D-04
    1       1          4       0.19505990D-05
*** CPKS converged.
----------------------------------------------
    1       2          1       0.45717467D-01
    1       2          2       0.45925017D-02
    1       2          3       0.35172891D-03
    1       2          4       0.41566210D-04
    1       2          5       0.80177459D-05
*** CPKS converged.
----------------------------------------------
    1       3          1       0.45717231D-01
    1       3          2       0.45925737D-02
    1       3          3       0.35167823D-03
    1       3          4       0.41545360D-04
    1       3          5       0.78251152D-05
*** CPKS converged.
----------------------------------------------

====================  end of solving CPKS equations  ====================

==========================
###### NUCLEUS:     2  F  
==========================

====================  solving CPKS equations  ====================

NUCLEUS  COORD.    ITERATION   ACCURACY
-------  ------    ---------   --------
    2       1          1       0.42741132D-02
    2       1          2       0.30093889D-03
    2       1          3       0.41552518D-04
    2       1          4       0.24507063D-05
*** CPKS converged.
----------------------------------------------
    2       2          1       0.22326287D-01
    2       2          2       0.13873698D-02
    2       2          3       0.41787132D-03
    2       2          4       0.10683395D-03
    2       2          5       0.20125617D-04
    2       2          6       0.23276467D-05
*** CPKS converged.
----------------------------------------------
    2       3          1       0.12172638D-01
    2       3          2       0.11944548D-02
    2       3          3       0.30261994D-03
    2       3          4       0.99157708D-04
    2       3          5       0.14436565D-04
    2       3          6       0.22044391D-05
*** CPKS converged.
----------------------------------------------

====================  end of solving CPKS equations  ====================

==========================
###### NUCLEUS:     3  F  
==========================

====================  solving CPKS equations  ====================

NUCLEUS  COORD.    ITERATION   ACCURACY
-------  ------    ---------   --------
    3       1          1       0.42741126D-02
    3       1          2       0.30094032D-03
    3       1          3       0.41552518D-04
    3       1          4       0.24507178D-05
*** CPKS converged.
----------------------------------------------
    3       2          1       0.22326385D-01
    3       2          2       0.13873698D-02
    3       2          3       0.41787131D-03
    3       2          4       0.10683395D-03
    3       2          5       0.20125595D-04
    3       2          6       0.23276675D-05
*** CPKS converged.
----------------------------------------------
    3       3          1       0.12172707D-01
    3       3          2       0.11944549D-02
    3       3          3       0.30261996D-03
    3       3          4       0.99157705D-04
    3       3          5       0.14436563D-04
    3       3          6       0.22044574D-05
*** CPKS converged.
----------------------------------------------

====================  end of solving CPKS equations  ====================

==========================
###### NUCLEUS:     4  F  
==========================

====================  solving CPKS equations  ====================

NUCLEUS  COORD.    ITERATION   ACCURACY
-------  ------    ---------   --------
    4       1          1       0.42747494D-02
    4       1          2       0.34751412D-03
    4       1          3       0.41544451D-04
    4       1          4       0.28313706D-05
*** CPKS converged.
----------------------------------------------
    4       2          1       0.28215115D-02
    4       2          2       0.94881934D-03
    4       2          3       0.12169809D-03
    4       2          4       0.18805157D-04
    4       2          5       0.10501204D-05
*** CPKS converged.
----------------------------------------------
    4       3          1       0.29190013D-01
    4       3          2       0.15921101D-02
    4       3          3       0.50265599D-03
    4       3          4       0.12864385D-03
    4       3          5       0.23513229D-04
    4       3          6       0.37833411D-05
*** CPKS converged.
----------------------------------------------

====================  end of solving CPKS equations  ====================


====================================================================
*** DONE CALCULATING ANALYTICAL SECOND DERIVATIVES OF THE ENERGY ***
====================================================================

 Mulliken charges used for AMS results%charges...
Scanning modes in range provided by user.


    =====================
     CALCULATION RESULTS
    =====================

Energy (hartree)            -0.75322455

Gradients (hartree/bohr)
  Index   Atom            d/dx            d/dy            d/dz
      1     Al    0.0000000076    0.0000000000    0.0000182721
      2      F   -0.0000000025    0.0000216361   -0.0000140493
      3      F   -0.0000000025   -0.0000216361   -0.0000140494
      4      F   -0.0000000025   -0.0000000000    0.0000098267

 -----------------------
 Normal Mode Frequencies
 -----------------------

 Index   Frequency (cm-1)   Intensity (km/mol)
     7           242.2031              32.7742
     8           242.2067              32.7706
     9           288.2657             133.5519
    10           665.0100               0.0000
    11           917.9788             188.9464
    12           917.9789             188.9532

 Zero-point energy (Hartree):     0.0075

 ------------
 Normal Modes
 ------------

 Number of removed rigid normal modes: 6
 
 Mode:     7      Frequency (cm-1):      242.2031     Intensity (km/mol):       32.7742
 Index  Atom      ---- Displacements (x/y/z) ----
     1    Al       0.000000   0.035607  -0.331115
     2     F      -0.000000   0.459675   0.367537
     3     F      -0.000000  -0.437673   0.464037
     4     F       0.000000  -0.072570  -0.361325
 
 Mode:     8      Frequency (cm-1):      242.2067     Intensity (km/mol):       32.7706
 Index  Atom      ---- Displacements (x/y/z) ----
     1    Al       0.000000  -0.331104  -0.035608
     2     F       0.000000  -0.054047   0.493387
     3     F      -0.000000  -0.150546  -0.403960
     4     F       0.000000   0.674828  -0.038857
 
 Mode:     9      Frequency (cm-1):      288.2657     Intensity (km/mol):      133.5519
 Index  Atom      ---- Displacements (x/y/z) ----
     1    Al      -0.773286   0.000000  -0.000000
     2     F       0.366073  -0.000000   0.000000
     3     F       0.366073   0.000000   0.000000
     4     F       0.366073  -0.000000  -0.000000
 
 Mode:    10      Frequency (cm-1):      665.0100     Intensity (km/mol):        0.0000
 Index  Atom      ---- Displacements (x/y/z) ----
     1    Al       0.000000   0.000000   0.000019
     2     F      -0.000000  -0.499988   0.288673
     3     F      -0.000000   0.499988   0.288673
     4     F      -0.000000  -0.000000  -0.577373
 
 Mode:    11      Frequency (cm-1):      917.9788     Intensity (km/mol):      188.9464
 Index  Atom      ---- Displacements (x/y/z) ----
     1    Al      -0.000000  -0.194221   0.634899
     2     F       0.000000   0.380365  -0.234035
     3     F       0.000000  -0.109898  -0.084076
     4     F      -0.000000   0.005366  -0.583572
 
 Mode:    12      Frequency (cm-1):      917.9789     Intensity (km/mol):      188.9532
 Index  Atom      ---- Displacements (x/y/z) ----
     1    Al       0.000000  -0.634905  -0.194220
     2     F       0.000000   0.367089  -0.196450
     3     F      -0.000000   0.517064   0.293762
     4     F       0.000000   0.017540   0.178519

PES point character: Geometry corresponds to a local minimum on the PES.




 ============================
 Statistical Thermal Analysis  ***  ideal gas assumed  ***
 ============================
  
 Pressure:                  1.000000 atm.
 Temperature:             298.150000 K



 Moments of Inertia [amu*bohr^2] and principal axis
 ==================================================

         276.6567        276.6567        553.3133
 ------------------------------------------------
          -0.0000          0.0000          1.0000
          -1.0000          0.0000         -0.0000
           0.0000          1.0000          0.0000


 The rotational contribution to the molecular entropy includes
 a term, dependent on the symmetry number sigma. The results 
 reported below were computed using sigma = 1, determined from
 the point group symmetry of the input geometry (C(S)). 
 If this is not the correct symmetry, try symmetrizing the molecule before
 running the calculation (note: linear molecules should be aligned along one
 of the Cartesian axes).
 Contributions from frequencies below 20 1/cm are not included in vibrational sums.
 Their contributions, if any, are reported separately.


     Temp                                                        Transl      Rotat     Vibrat     Total
     ----                                                        ------      -----     ------     -----

     298.15   Entropy (cal/mol-K):                               39.198     25.252      5.668     70.117
              Nuclear Internal Energy (kcal/mol):                 0.889      0.889      5.721      7.498
              Constant Volume Heat Capacity (cal/mol-K):          2.981      2.981      7.096     13.058
          (c) Constant Volume Heat Capacity (cal/mol-K):          2.981      2.981      7.042     13.004

       Summary of energy terms
                                                   hartree              eV         kcal/mol           kJ/mol
                                      --------------------     -----------       ----------      -----------
      Energy from Engine:               -0.753224551441538        -20.4963          -472.66         -1977.59
      Nuclear Internal Energy:           0.011948959598691          0.3251             7.50            31.37
  (c) Nuclear Internal Energy:           0.011906447391337          0.3240             7.47            31.26
      Internal Energy U:                -0.741275591842847        -20.1711          -465.16         -1946.22
      pV/n = RT:                         0.000944186013486          0.0257             0.59             2.48
      Enthalpy H:                       -0.740331405829361        -20.1454          -464.57         -1943.74
      -T*S:                             -0.033314988890956         -0.9065           -20.91           -87.47
  (c) -T*S:                             -0.033322451406170         -0.9068           -20.91           -87.49
      Gibbs free energy:                -0.773646394720317        -21.0520          -485.47         -2031.21
 
 
 
  (c) The properties marked with this symbol have been corrected using 'low vibrational frequency free rotor
      interpolation corrections'. For those terms all positive frequencies are used (also ones below 20 1/cm),
      but the contribution to the partition function of small vibrational frequencies is modified as described
      in the following paper:
      S. Grimme, 'Supramolecular Binding Thermodynamics by Dispersion-Corrected Density Functional Theory'
      (Chem. Eur. J. 2012, 18, 9955-9964)
      Configuration: Dampener Frequency          :   100.000 1/cm
                     Dampener Alpha              :     4.000
                     Averaging Moment of Inertia : 1.000E-44 kg m2

--------------
Atomic charges
--------------
  Index   Atom    Charge
      1     Al    1.7240
      2      F   -0.5747
      3      F   -0.5747
      4      F   -0.5747


Dipole moment vector    (Debye):     0.00000054    0.00000000   -0.00002267
              magnitude (Debye):     0.00002267


Final PES point is a local minimum. Geometry optimization successful!


AMS application finished. Exiting.
NORMAL TERMINATION
     Total cpu time:     224.78
  Total system time:       4.37
 Total elapsed time:     461.23
 WARNING: total elapsed time is much higher than the (CPU+system) time. 
 Make sure the machine is not oversubscribed and has enough memory, SCM_TMPDIR p
 oints to a fast file system, and the network is fast enough.
