

 Parallel Execution: Process Information
 ==============================================================================
 Rank   Node Name                              NodeID   MyNodeRank  NodeMaster
    0   node109                                   0          0          0
    1   node109                                   0          1         -1
    2   node109                                   0          2         -1
    3   node109                                   0          3         -1
    4   node109                                   0          4         -1
    5   node109                                   0          5         -1
    6   node109                                   0          6         -1
    7   node109                                   0          7         -1
    8   node109                                   0          8         -1
    9   node109                                   0          9         -1
   10   node109                                   0         10         -1
   11   node109                                   0         11         -1
   12   node109                                   0         12         -1
   13   node109                                   0         13         -1
   14   node109                                   0         14         -1
   15   node109                                   0         15         -1
   16   node109                                   0         16         -1
   17   node109                                   0         17         -1
   18   node109                                   0         18         -1
   19   node109                                   0         19         -1
   20   node109                                   0         20         -1
   21   node109                                   0         21         -1
   22   node109                                   0         22         -1
   23   node109                                   0         23         -1
   24   node109                                   0         24         -1
   25   node109                                   0         25         -1
   26   node109                                   0         26         -1
   27   node109                                   0         27         -1
   28   node109                                   0         28         -1
   29   node109                                   0         29         -1
   30   node109                                   0         30         -1
   31   node109                                   0         31         -1
   32   node109                                   0         32         -1
   33   node109                                   0         33         -1
   34   node109                                   0         34         -1
   35   node109                                   0         35         -1
   36   node109                                   0         36         -1
   37   node109                                   0         37         -1
   38   node109                                   0         38         -1
   39   node109                                   0         39         -1
   40   node109                                   0         40         -1
   41   node109                                   0         41         -1
   42   node109                                   0         42         -1
   43   node109                                   0         43         -1
   44   node109                                   0         44         -1
   45   node109                                   0         45         -1
   46   node109                                   0         46         -1
   47   node109                                   0         47         -1
   48   node109                                   0         48         -1
   49   node109                                   0         49         -1
   50   node109                                   0         50         -1
   51   node109                                   0         51         -1
   52   node109                                   0         52         -1
   53   node109                                   0         53         -1
   54   node109                                   0         54         -1
   55   node109                                   0         55         -1
   56   node109                                   0         56         -1
   57   node109                                   0         57         -1
   58   node109                                   0         58         -1
   59   node109                                   0         59         -1
   60   node109                                   0         60         -1
   61   node109                                   0         61         -1
   62   node109                                   0         62         -1
   63   node109                                   0         63         -1
 ==============================================================================


May use up to 122928MB of RAM as shared memory on node 0

 *******************************************************************************
 *                                                                             *
 *  --------------------------------                                           *
 *   Amsterdam Modeling Suite (AMS)              2021.102                      *
 *  --------------------------------                                           *
 *                                               r95042 2021-06-07             *
 *                                                                             *
 *                                                                             *
 *                              =================                              *
 *                              |               |                              *
 *                              |     A M S     |                              *
 *                              |               |                              *
 *                              =================                              *
 *                                                                             *
 *                                                                             *
 *   Online information and documentation:  https://www.scm.com/support/       *
 *   E-mail:  support@scm.com   info@scm.com                                   *
 *                                                                             *
 *   Scientific publications using AMS results must be properly referenced     *
 *   See the User Manuals (or the web site) for recommended citations          *
 *   The terms and conditions of the End User License Agreement apply to       *
 *   the use of AMS, https://www.scm.com/license-terms/                        *
 *                                                                             *
 **********************  x86_64_linux_intel / intelmpi  ************************
 
 Licensed to: VU/FEW (+ SARA) / ALGEMEEN / Amsterdam / THE NETHERLANDS
 SCM User ID: u7668
  
 AMS 2021.102  RunTime: Feb05-2022 13:21:17  ShM Nodes: 1  Procs: 64

 AMS jobname: 74.urea_tBu_Ph.H_Ph_S.Rsub_cat_complex
 AMS jobid  : 1837506348

 Start   directory: /scistor/tc/yhk800/MasterProject/calculations/urea_tBu_Ph_H_Ph_S.002/74.urea_tBu_Ph.H_Ph_S.Rsub_cat_complex/
 Results directory: /scistor/tc/yhk800/MasterProject/calculations/urea_tBu_Ph_H_Ph_S.002/74.urea_tBu_Ph.H_Ph_S.Rsub_cat_complex/
 Scratch directory: /scratch/7465/amstmp_74.urea_tBu_Ph.H_Ph_S.Rsub_cat_complex_kid0.1837506348/


 Communication costs MPI_COMM_WORLD:     45.296 usec per message,   0.0503 usec per 8-byte item
 Communication costs for intra-node:     32.012 usec per message,   0.0599 usec per 8-byte item

 RNG seed: 25582057 1714981140 -1655797673 -1815313635 -1976159455 -1644043564 -1013478711 184576989



                     *************************************************************************
                     *  ADF 2021.102  RunTime: Feb05-2022 13:21:17  ShM Nodes: 1  Procs: 64  *
                     *************************************************************************
  
       ***************************
       *  GEOMETRY OPTIMIZATION  *
       ***************************

Optimization Method                    Quasi Newton
Optimization Coordinates               Delocalized Coordinates
Optimize lattice                       F
 
 ------------------------------------------------------
 Convergence criteria (Hartree,Angstrom)
 ------------------------------------------------------
 Maximum gradient               0.001000000000
 Maximum rms gradient           0.000666666667
 Maximum step allowed           0.010000000000
 Maximum rms step allowed       0.006666666667
 Maximum energy change allowe   0.000600000000
 Maximum stress energy allowe   0.000500000000
 
Initial model Hessian                  Automatic Hessian
 
------------------------------------
Quasi-Newton Optimizer Parameters
------------------------------------
Hessian Update Method                  BFGS
Maximum number of steps                  360
First GDIIS cycle                          0
Maximum GDIIS vectors                      0
Trust radius (bohr)                        0.200000
Trust radius varies                        T
Constraints converged at all steps         T
Use projector                              T
 
 Rigid motions settings for: old optimizer
 Atomic rotations (x,y,z):     T T T
 Atomic translations (x,y,z):  T T T
 Tolerance:                   1.000000000000000E-006
 
--------
Geometry
--------
Formula: C24H32N2OS
Atoms
  Index Symbol   x (angstrom)   y (angstrom)   z (angstrom)
      1      C    -2.45515696    -0.18252687     2.48388350
      2      C    -1.18771642    -0.43476093     2.07388899
      3      C    -0.49442834    -1.66130150     2.44876372
      4      O     0.62680271    -1.98454424     2.06023021
      5      H    -0.64830911     0.08373594    -2.60629557
      6      H    -2.93118378    -0.93643926     3.11469092
      7      H    -0.64194923     0.24936427     1.43061010
      8      C    -1.69265124    -2.41278851    -1.94538466
      9      H    -1.60952313    -3.45348543    -1.61607067
     10      H    -2.71420352    -2.27342134    -2.31563753
     11      H    -1.57700366    -1.76660012    -1.07122190
     12      H     2.27931591    -3.77400204    -2.03813225
     13      H     0.65027106    -4.17743034    -1.48946778
     14      H     1.08787699    -4.37601853    -3.19144903
     15      H     5.51021445     0.71198152     1.48956103
     16      H     4.41306713    -0.53940717     2.09158199
     17      H     5.29548853    -0.80282828     0.58307495
     18      N     2.67336962    -0.43156947    -0.03457823
     19      C     2.27954423    -0.66164484    -1.34207362
     20      N     1.13822630    -1.45998204    -1.41238897
     21      C     3.64347088     0.58400346     0.36825145
     22      H     2.12612218    -0.85272496     0.70451697
     23      C     0.81518437    -2.27692824    -2.58587946
     24      H     0.86729524    -1.88084254    -0.53391788
     25      H     4.06205997     0.96444779    -0.56590468
     26      C     1.22139775    -3.73796902    -2.31482906
     27      C     4.78301064    -0.04788849     1.18595117
     28      H     3.11746163     3.07673190    -0.60143565
     29      H     1.44967394    -1.89119184    -3.38859509
     30      C     2.95973071     1.75220900     1.08890153
     31      C     2.49014969     1.64363479     2.40644043
     32      C     1.84632567     2.71049433     3.03167271
     33      C     1.66180539     3.91604031     2.35413771
     34      C     2.12518071     4.04017096     1.04508375
     35      C     2.76500037     2.96795214     0.42187040
     36      H     2.62117053     0.71801635     2.96128884
     37      H     1.49166502     2.60105731     4.05494079
     38      H     1.16571217     4.75107001     2.84445441
     39      H     1.99270632     4.97579762     0.50555405
     40      C    -0.67514354    -2.06266061    -3.05192856
     41      C    -0.96593998    -2.93517496    -4.29184740
     42      H    -1.93941866    -2.67051643    -4.71785558
     43      H    -0.99745061    -4.00167926    -4.05221250
     44      H    -0.21355334    -2.78573240    -5.07408656
     45      C    -0.85898304    -0.58230431    -3.44640796
     46      H    -0.18804102    -0.30403541    -4.26550655
     47      H    -1.88717738    -0.39951320    -3.77682042
     48      C    -4.52743318     3.45664234     1.34123634
     49      C    -3.73371298     3.43558270     2.49485796
     50      C    -3.06515947     2.26152138     2.86349644
     51      C    -3.19032616     1.10851970     2.07851331
     52      C    -3.98404636     1.12957933     0.92489170
     53      C    -4.65259986     2.30364065     0.55625321
     54      H    -3.63793208     4.31789042     3.09554803
     55      H    -2.45778355     2.24540600     3.74627855
     56      H    -4.07982726     0.24727162     0.32420162
     57      H    -5.25997578     2.31975604    -0.32652890
     58      H    -5.03902820     4.35506544     1.05914431
     59      H    -1.03641951    -2.30657864     3.10812931
     60      S     3.12862695     0.01551400    -2.79004270
 
Total System Charge             0.00000
 
 
----------------
ADF Engine Input
----------------
 
 NumericalQuality VeryGood
 SCF
 Converge 1.0e-6
 Iterations 99
 End
 SYMMETRY NOSYM
 XC
 GGA OLYP
 End
 basis
 core None
 type TZ2P
 End
 

 Title: *** (NO TITLE) ***

 Using automatic Hessian for delocalized coordinates.
 *** GOStep1 ***
