<Feb05-2022> <13:21:17>  AMS 2021.102  RunTime: Feb05-2022 13:21:17  ShM Nodes: 1  Procs: 64
<Feb05-2022> <13:21:17>  ADF 2021.102  RunTime: Feb05-2022 13:21:17  ShM Nodes: 1  Procs: 64
<Feb05-2022> <13:21:17>  *** (NO TITLE) ***
<Feb05-2022> <13:21:17>  Iteration 1
<Feb05-2022> <13:21:18>  DIRAC 2021.102  RunTime: Feb05-2022 13:21:18  ShM Nodes: 1  Procs: 1
<Feb05-2022> <13:21:18>  Carbon (TZ2P)
<Feb05-2022> <13:21:18>  Net Charge: 0 (Nuclei minus Electrons)
<Feb05-2022> <13:21:18>  Symmetry  : ATOM
<Feb05-2022> <13:21:18>  Coordinates
<Feb05-2022> <13:21:18>     Atom         X           Y           Z   (Angstrom)
<Feb05-2022> <13:21:18>     1.C         0.000000    0.000000    0.000000
<Feb05-2022> <13:21:18>  >>>> CORORT
<Feb05-2022> <13:21:18>  >>>> CLSMAT
<Feb05-2022> <13:21:18>  >>>> ORTHON
<Feb05-2022> <13:21:18>  >>>> GENPT
<Feb05-2022> <13:21:18>  Block Length=  72
<Feb05-2022> <13:21:18>  >>>> PTBAS
<Feb05-2022> <13:21:18>  >>>> CYCLE
<Feb05-2022> <13:21:19>              |Error|         MaxErr       Wt(A-DIIS)
<Feb05-2022> <13:21:19>      1      0.00000000      0.00000000
<Feb05-2022> <13:21:19>      2      4.48405934      3.32161898    100.0
<Feb05-2022> <13:21:19>      3      1.60718414      1.28408746    100.0
<Feb05-2022> <13:21:19>      4      0.76426456      0.62272052    100.0
<Feb05-2022> <13:21:19>      5      0.36119063      0.28553990    100.0
<Feb05-2022> <13:21:19>      6      0.14821424      0.11559867    100.0
<Feb05-2022> <13:21:19>      7      0.10108424      0.07867111     78.5
<Feb05-2022> <13:21:19>      8      0.01786531      0.01387049     13.0
<Feb05-2022> <13:21:19>      9      0.00195746      0.00153262      0.5
<Feb05-2022> <13:21:19>     10      0.00001058      0.00000730      0.0
<Feb05-2022> <13:21:19>     11      0.00000047      0.00000027      0.0
<Feb05-2022> <13:21:19>     12      0.00000003      0.00000002      0.0
<Feb05-2022> <13:21:19>     13      0.00000000      0.00000000      0.0
<Feb05-2022> <13:21:19>  SCF converged
<Feb05-2022> <13:21:19>     14      0.00000000      0.00000000      0.0
<Feb05-2022> <13:21:19>  >>>> POPAN
<Feb05-2022> <13:21:19>  >>>> DEBYE
<Feb05-2022> <13:21:19>  DIRAC 2021.102  RunTime: Feb05-2022 13:21:19  ShM Nodes: 1  Procs: 1
<Feb05-2022> <13:21:20>  Oxygen (TZ2P)
<Feb05-2022> <13:21:20>  Net Charge: 0 (Nuclei minus Electrons)
<Feb05-2022> <13:21:20>  Symmetry  : ATOM
<Feb05-2022> <13:21:20>  Coordinates
<Feb05-2022> <13:21:20>     Atom         X           Y           Z   (Angstrom)
<Feb05-2022> <13:21:20>     1.O         0.000000    0.000000    0.000000
<Feb05-2022> <13:21:20>  >>>> CORORT
<Feb05-2022> <13:21:20>  >>>> CLSMAT
<Feb05-2022> <13:21:20>  >>>> ORTHON
<Feb05-2022> <13:21:20>  >>>> GENPT
<Feb05-2022> <13:21:20>  Block Length=  68
<Feb05-2022> <13:21:20>  >>>> PTBAS
<Feb05-2022> <13:21:20>  >>>> CYCLE
<Feb05-2022> <13:21:20>              |Error|         MaxErr       Wt(A-DIIS)
<Feb05-2022> <13:21:21>      1      0.00000000      0.00000000
<Feb05-2022> <13:21:21>      2      8.77210307      5.53374266    100.0
<Feb05-2022> <13:21:21>      3      3.60058093      2.49154808    100.0
<Feb05-2022> <13:21:21>      4      1.20505529      0.62472425    100.0
<Feb05-2022> <13:21:21>      5      1.46502638      0.81213311    100.0
<Feb05-2022> <13:21:21>      6      0.15089362      0.09131786     91.2
<Feb05-2022> <13:21:21>      7      0.14397311      0.08251182     82.3
<Feb05-2022> <13:21:21>      8      0.00183259      0.00123681      0.2
<Feb05-2022> <13:21:21>      9      0.00015629      0.00008105      0.0
<Feb05-2022> <13:21:21>     10      0.00001324      0.00000629      0.0
<Feb05-2022> <13:21:21>     11      0.00000006      0.00000003      0.0
<Feb05-2022> <13:21:21>     12      0.00000000      0.00000000      0.0
<Feb05-2022> <13:21:21>  SCF converged
<Feb05-2022> <13:21:21>     13      0.00000000      0.00000000      0.0
<Feb05-2022> <13:21:21>  >>>> POPAN
<Feb05-2022> <13:21:21>  >>>> DEBYE
<Feb05-2022> <13:21:21>  DIRAC 2021.102  RunTime: Feb05-2022 13:21:21  ShM Nodes: 1  Procs: 1
<Feb05-2022> <13:21:21>  Hydrogen (TZ2P)
<Feb05-2022> <13:21:22>  Net Charge: 0 (Nuclei minus Electrons)
<Feb05-2022> <13:21:22>  Symmetry  : ATOM
<Feb05-2022> <13:21:22>  Coordinates
<Feb05-2022> <13:21:22>     Atom         X           Y           Z   (Angstrom)
<Feb05-2022> <13:21:22>     1.H         0.000000    0.000000    0.000000
<Feb05-2022> <13:21:22>  >>>> CORORT
<Feb05-2022> <13:21:22>  >>>> CLSMAT
<Feb05-2022> <13:21:22>  >>>> ORTHON
<Feb05-2022> <13:21:22>  >>>> GENPT
<Feb05-2022> <13:21:22>  Block Length=  64
<Feb05-2022> <13:21:22>  >>>> PTBAS
<Feb05-2022> <13:21:22>  >>>> CYCLE
<Feb05-2022> <13:21:22>              |Error|         MaxErr       Wt(A-DIIS)
<Feb05-2022> <13:21:22>      1      0.00000000      0.00000000
<Feb05-2022> <13:21:22>      2      0.03080019      0.02591482
<Feb05-2022> <13:21:22>      3      0.01140383      0.01135775    100.0
<Feb05-2022> <13:21:22>      4      0.00327656      0.00327407      2.3
<Feb05-2022> <13:21:22>      5      0.00010041      0.00009754      0.0
<Feb05-2022> <13:21:22>      6      0.00000525      0.00000504      0.0
<Feb05-2022> <13:21:22>      7      0.00000007      0.00000007      0.0
<Feb05-2022> <13:21:22>      8      0.00000000      0.00000000      0.0
<Feb05-2022> <13:21:22>  SCF converged
<Feb05-2022> <13:21:22>      9      0.00000000      0.00000000      0.0
<Feb05-2022> <13:21:22>  >>>> POPAN
<Feb05-2022> <13:21:22>  >>>> DEBYE
<Feb05-2022> <13:21:23>  DIRAC 2021.102  RunTime: Feb05-2022 13:21:23  ShM Nodes: 1  Procs: 1
<Feb05-2022> <13:21:23>  Nitrogen (TZ2P)
<Feb05-2022> <13:21:23>  Net Charge: 0 (Nuclei minus Electrons)
<Feb05-2022> <13:21:23>  Symmetry  : ATOM
<Feb05-2022> <13:21:23>  Coordinates
<Feb05-2022> <13:21:23>     Atom         X           Y           Z   (Angstrom)
<Feb05-2022> <13:21:23>     1.N         0.000000    0.000000    0.000000
<Feb05-2022> <13:21:23>  >>>> CORORT
<Feb05-2022> <13:21:23>  >>>> CLSMAT
<Feb05-2022> <13:21:23>  >>>> ORTHON
<Feb05-2022> <13:21:23>  >>>> GENPT
<Feb05-2022> <13:21:23>  Block Length=  72
<Feb05-2022> <13:21:23>  >>>> PTBAS
<Feb05-2022> <13:21:23>  >>>> CYCLE
<Feb05-2022> <13:21:24>              |Error|         MaxErr       Wt(A-DIIS)
<Feb05-2022> <13:21:24>      1      0.00000000      0.00000000
<Feb05-2022> <13:21:24>      2      6.45924916      4.22827936    100.0
<Feb05-2022> <13:21:24>      3      2.49629252      1.94026067    100.0
<Feb05-2022> <13:21:24>      4      1.02261803      0.67892344    100.0
<Feb05-2022> <13:21:24>      5      0.75978967      0.51870659    100.0
<Feb05-2022> <13:21:24>      6      0.09126742      0.05362724     53.2
<Feb05-2022> <13:21:24>      7      0.05505843      0.03680697     36.2
<Feb05-2022> <13:21:24>      8      0.00797139      0.00540602      4.5
<Feb05-2022> <13:21:24>      9      0.00036510      0.00023942      0.0
<Feb05-2022> <13:21:24>     10      0.00000288      0.00000140      0.0
<Feb05-2022> <13:21:24>     11      0.00000010      0.00000007      0.0
<Feb05-2022> <13:21:24>     12      0.00000001      0.00000001      0.0
<Feb05-2022> <13:21:24>  SCF converged
<Feb05-2022> <13:21:24>     13      0.00000000      0.00000000      0.0
<Feb05-2022> <13:21:24>  >>>> POPAN
<Feb05-2022> <13:21:24>  >>>> DEBYE
<Feb05-2022> <13:21:24>  DIRAC 2021.102  RunTime: Feb05-2022 13:21:24  ShM Nodes: 1  Procs: 1
<Feb05-2022> <13:21:25>  Sulphur (TZ2P)
<Feb05-2022> <13:21:25>  Net Charge: 0 (Nuclei minus Electrons)
<Feb05-2022> <13:21:25>  Symmetry  : ATOM
<Feb05-2022> <13:21:25>  Coordinates
<Feb05-2022> <13:21:25>     Atom         X           Y           Z   (Angstrom)
<Feb05-2022> <13:21:25>     1.S         0.000000    0.000000    0.000000
<Feb05-2022> <13:21:25>  >>>> CORORT
<Feb05-2022> <13:21:25>  >>>> CLSMAT
<Feb05-2022> <13:21:25>  >>>> ORTHON
<Feb05-2022> <13:21:25>  >>>> GENPT
<Feb05-2022> <13:21:25>  Block Length=  85
<Feb05-2022> <13:21:25>  >>>> PTBAS
<Feb05-2022> <13:21:25>  >>>> CYCLE
<Feb05-2022> <13:21:25>              |Error|         MaxErr       Wt(A-DIIS)
<Feb05-2022> <13:21:25>      1      0.00000000      0.00000000
<Feb05-2022> <13:21:25>      2     30.52518942      9.91249576    100.0
<Feb05-2022> <13:21:25>      3     16.98353344      6.24310319    100.0
<Feb05-2022> <13:21:25>      4      3.38814892      1.10926217    100.0
<Feb05-2022> <13:21:26>      5      0.91267625      0.31718024    100.0
<Feb05-2022> <13:21:26>      6      0.25127687      0.09017326     90.1
<Feb05-2022> <13:21:26>      7      0.06508096      0.02106758     20.3
<Feb05-2022> <13:21:26>      8      0.00375416      0.00169386      0.7
<Feb05-2022> <13:21:26>      9      0.00010627      0.00003710      0.0
<Feb05-2022> <13:21:26>     10      0.00000522      0.00000223      0.0
<Feb05-2022> <13:21:26>     11      0.00000007      0.00000003      0.0
<Feb05-2022> <13:21:26>     12      0.00000000      0.00000000      0.0
<Feb05-2022> <13:21:26>  SCF converged
<Feb05-2022> <13:21:26>     13      0.00000000      0.00000000      0.0
<Feb05-2022> <13:21:26>  >>>> POPAN
<Feb05-2022> <13:21:26>  >>>> DEBYE
<Feb05-2022> <13:21:26>  *** GOStep1 ***
<Feb05-2022> <13:21:26>  >>>> FRAGM
<Feb05-2022> <13:21:27>  Coordinates
<Feb05-2022> <13:21:27>     Atom         X           Y           Z   (Angstrom)
<Feb05-2022> <13:21:27>     1.C        -2.455157   -0.182527    2.483883
<Feb05-2022> <13:21:27>     2.C        -1.187716   -0.434761    2.073889
<Feb05-2022> <13:21:27>     3.C        -0.494428   -1.661301    2.448764
<Feb05-2022> <13:21:27>     4.O         0.626803   -1.984544    2.060230
<Feb05-2022> <13:21:27>     5.H        -0.648309    0.083736   -2.606296
<Feb05-2022> <13:21:27>     6.H        -2.931184   -0.936439    3.114691
<Feb05-2022> <13:21:27>     7.H        -0.641949    0.249364    1.430610
<Feb05-2022> <13:21:27>     8.C        -1.692651   -2.412789   -1.945385
<Feb05-2022> <13:21:27>     9.H        -1.609523   -3.453485   -1.616071
<Feb05-2022> <13:21:27>    10.H        -2.714204   -2.273421   -2.315638
<Feb05-2022> <13:21:27>    11.H        -1.577004   -1.766600   -1.071222
<Feb05-2022> <13:21:27>    12.H         2.279316   -3.774002   -2.038132
<Feb05-2022> <13:21:27>    13.H         0.650271   -4.177430   -1.489468
<Feb05-2022> <13:21:27>    14.H         1.087877   -4.376019   -3.191449
<Feb05-2022> <13:21:27>    15.H         5.510214    0.711982    1.489561
<Feb05-2022> <13:21:27>    16.H         4.413067   -0.539407    2.091582
<Feb05-2022> <13:21:27>    17.H         5.295489   -0.802828    0.583075
<Feb05-2022> <13:21:27>    18.N         2.673370   -0.431569   -0.034578
<Feb05-2022> <13:21:27>    19.C         2.279544   -0.661645   -1.342074
<Feb05-2022> <13:21:27>    20.N         1.138226   -1.459982   -1.412389
<Feb05-2022> <13:21:27>    21.C         3.643471    0.584003    0.368251
<Feb05-2022> <13:21:27>    22.H         2.126122   -0.852725    0.704517
<Feb05-2022> <13:21:27>    23.C         0.815184   -2.276928   -2.585879
<Feb05-2022> <13:21:27>    24.H         0.867295   -1.880843   -0.533918
<Feb05-2022> <13:21:27>    25.H         4.062060    0.964448   -0.565905
<Feb05-2022> <13:21:27>    26.C         1.221398   -3.737969   -2.314829
<Feb05-2022> <13:21:27>    27.C         4.783011   -0.047888    1.185951
<Feb05-2022> <13:21:27>    28.H         3.117462    3.076732   -0.601436
<Feb05-2022> <13:21:27>    29.H         1.449674   -1.891192   -3.388595
<Feb05-2022> <13:21:27>    30.C         2.959731    1.752209    1.088902
<Feb05-2022> <13:21:27>    31.C         2.490150    1.643635    2.406440
<Feb05-2022> <13:21:27>    32.C         1.846326    2.710494    3.031673
<Feb05-2022> <13:21:27>    33.C         1.661805    3.916040    2.354138
<Feb05-2022> <13:21:27>    34.C         2.125181    4.040171    1.045084
<Feb05-2022> <13:21:27>    35.C         2.765000    2.967952    0.421870
<Feb05-2022> <13:21:27>    36.H         2.621171    0.718016    2.961289
<Feb05-2022> <13:21:27>    37.H         1.491665    2.601057    4.054941
<Feb05-2022> <13:21:27>    38.H         1.165712    4.751070    2.844454
<Feb05-2022> <13:21:27>    39.H         1.992706    4.975798    0.505554
<Feb05-2022> <13:21:27>    40.C        -0.675144   -2.062661   -3.051929
<Feb05-2022> <13:21:27>    41.C        -0.965940   -2.935175   -4.291847
<Feb05-2022> <13:21:27>    42.H        -1.939419   -2.670516   -4.717856
<Feb05-2022> <13:21:27>    43.H        -0.997451   -4.001679   -4.052213
<Feb05-2022> <13:21:27>    44.H        -0.213553   -2.785732   -5.074087
<Feb05-2022> <13:21:27>    45.C        -0.858983   -0.582304   -3.446408
<Feb05-2022> <13:21:27>    46.H        -0.188041   -0.304035   -4.265507
<Feb05-2022> <13:21:27>    47.H        -1.887177   -0.399513   -3.776820
<Feb05-2022> <13:21:27>    48.C        -4.527433    3.456642    1.341236
<Feb05-2022> <13:21:27>    49.C        -3.733713    3.435583    2.494858
<Feb05-2022> <13:21:27>    50.C        -3.065159    2.261521    2.863496
<Feb05-2022> <13:21:27>    51.C        -3.190326    1.108520    2.078513
<Feb05-2022> <13:21:27>    52.C        -3.984046    1.129579    0.924892
<Feb05-2022> <13:21:27>    53.C        -4.652600    2.303641    0.556253
<Feb05-2022> <13:21:27>    54.H        -3.637932    4.317890    3.095548
<Feb05-2022> <13:21:27>    55.H        -2.457784    2.245406    3.746279
<Feb05-2022> <13:21:27>    56.H        -4.079827    0.247272    0.324202
<Feb05-2022> <13:21:27>    57.H        -5.259976    2.319756   -0.326529
<Feb05-2022> <13:21:27>    58.H        -5.039028    4.355065    1.059144
<Feb05-2022> <13:21:27>    59.H        -1.036420   -2.306579    3.108129
<Feb05-2022> <13:21:27>    60.S         3.128627    0.015514   -2.790043
<Feb05-2022> <13:21:27>  >>>> CORORT
<Feb05-2022> <13:21:27>  >>>> CLSMAT
<Feb05-2022> <13:21:27>  >>>> ORTHON
<Feb05-2022> <13:21:29>  >>>> GENPT
<Feb05-2022> <13:21:30>  Block Length= 128
<Feb05-2022> <13:21:36>  >>>> PTBAS
<Feb05-2022> <13:22:09>  >>>> CYCLE
<Feb05-2022> <13:23:18>              |Error|         MaxErr       Wt(A-DIIS)
<Feb05-2022> <13:23:18>      1     12.98225865      1.02560179
<Feb05-2022> <13:24:10>      2      1.99859707      0.17017113    100.0
<Feb05-2022> <13:25:04>      3      1.10738136      0.07669804    100.0
<Feb05-2022> <13:25:58>      4      1.58511208      0.10046095    100.0
<Feb05-2022> <13:26:53>      5      0.23383722      0.02054583     19.7
<Feb05-2022> <13:27:46>      6      0.19208160      0.02111106     19.7
<Feb05-2022> <13:28:40>      7      0.06614630      0.00742238      6.5
