

 Parallel Execution: Process Information
 ==============================================================================
 Rank   Node Name                              NodeID   MyNodeRank  NodeMaster
    0   DESKTOP-1M8FOJT                           0          0          0
    1   DESKTOP-1M8FOJT                           0          1         -1
    2   DESKTOP-1M8FOJT                           0          2         -1
    3   DESKTOP-1M8FOJT                           0          3         -1
 ==============================================================================


May use up to 4096MB of RAM as shared memory on node 0

 *******************************************************************************
 *                                                                             *
 *  --------------------------------                                           *
 *   Amsterdam Modeling Suite (AMS)              2022.101                      *
 *  --------------------------------                                           *
 *                                               r100871 2022-01-28            *
 *                                                                             *
 *                                                                             *
 *                              =================                              *
 *                              |               |                              *
 *                              |     A M S     |                              *
 *                              |               |                              *
 *                              =================                              *
 *                                                                             *
 *                                                                             *
 *   Online information and documentation:  https://www.scm.com/support/       *
 *   E-mail:  support@scm.com   info@scm.com                                   *
 *                                                                             *
 *   Scientific publications using AMS results must be properly referenced     *
 *   See the User Manuals (or the web site) for recommended citations          *
 *   The terms and conditions of the End User License Agreement apply to       *
 *   the use of AMS, https://www.scm.com/license-terms/                        *
 *                                                                             *
 *********************  x86_64_windows_intel / intelmpi  ***********************
 
 Licensed to: Mr. Yuman Hordijk / SCM / Amsterdam / Netherlands 2022-01-24 11:07:43
 SCM User ID: u24430
  
 AMS 2022.101  RunTime: Feb01-2022 09:40:55  ShM Nodes: 1  Procs: 4

 AMS jobname: ams
 AMS jobid  : 1426482696

 Start   directory: D:/Users/Yuman/Desktop/MasterProject/manual_calculations/urea/tmp..16700.0.noindex/
 Results directory: D:/Users/Yuman/Desktop/MasterProject/manual_calculations/urea/catalyst_cheap_O.results/
 Scratch directory: Z:/SCMTMP/amstmp_ams_kid0.1426482696/


 Communication costs MPI_COMM_WORLD:      1.784 usec per message,   0.0058 usec per 8-byte item
 Communication costs for intra-node:      1.949 usec per message,   0.0071 usec per 8-byte item

 RNG seed: -311769925 -2134451421 2057289397 874375702 472789829 1433391549 -420538348 -1638090037



                      ************************************************************************
                      *  ADF 2022.101  RunTime: Feb01-2022 09:40:56  ShM Nodes: 1  Procs: 4  *
                      ************************************************************************
  
       ***************************
       *  GEOMETRY OPTIMIZATION  *
       ***************************

Optimization Method                    Quasi Newton
Optimization Coordinates               Delocalized Coordinates
Optimize lattice                       F
 
 ------------------------------------------------------
 Convergence criteria (Hartree,Angstrom)
 ------------------------------------------------------
 Maximum gradient               0.001000000000
 Maximum rms gradient           0.000666666667
 Maximum step allowed           0.010000000000
 Maximum rms step allowed       0.006666666667
 Maximum energy change allowe   0.000420000000
 Maximum stress energy allowe   0.000500000000
 
Initial model Hessian                  Automatic Hessian
 
------------------------------------
Quasi-Newton Optimizer Parameters
------------------------------------
Hessian Update Method                  BFGS
Maximum number of steps                  252
First GDIIS cycle                          0
Maximum GDIIS vectors                      0
Trust radius (bohr)                        0.200000
Trust radius varies                        T
Constraints converged at all steps         T
Use projector                              T
 
 Rigid motions settings for: old optimizer
 Atomic rotations (x,y,z):     T T T
 Atomic translations (x,y,z):  T T T
 Tolerance:                   1.000000000000000E-006
 
--------
Geometry
--------
Formula: C15H24N2O
Atoms
  Index Symbol   x (angstrom)   y (angstrom)   z (angstrom)
      1      C    -1.06889082    -2.27401019    -4.18119626
      2      H    -2.07176333    -1.87648686    -4.37600572
      3      H    -1.12129867    -3.36371377    -4.28006284
      4      H    -0.40139525    -1.89033739    -4.96303701
      5      H    -0.40822458     0.05990613    -1.70493692
      6      C    -0.78448382    -0.31358298    -2.66119930
      7      H    -0.25051374     0.21252015    -3.46238404
      8      H    -1.84743768    -0.05537302    -2.73828763
      9      C    -1.45050332    -2.53405369    -1.71008249
     10      H    -1.31879595    -3.62183397    -1.71499236
     11      H    -2.51368866    -2.33466379    -1.89349342
     12      H    -1.21437295    -2.15720811    -0.70968450
     13      H     2.42227210    -3.71552376    -2.75789974
     14      H     0.83617523    -4.32579675    -2.25005664
     15      H     1.12296859    -3.88920413    -3.94455015
     16      H     5.33008143     0.72319971     2.02111382
     17      H     4.16927677    -0.49134497     2.59485289
     18      H     5.34465967    -0.92824494     1.34633874
     19      N     2.89372182    -0.82021623     0.20418956
     20      C     2.47695926    -0.91303446    -1.12465350
     21      O     3.01831306    -0.30651847    -2.04323268
     22      N     1.41086406    -1.77277789    -1.29113856
     23      C     3.74342259     0.31131600     0.60337188
     24      H     2.15672066    -1.01361934     0.87777391
     25      C     0.93301649    -2.16336255    -2.61584132
     26      H     1.27595592    -2.45816449    -0.55601296
     27      H     4.32584487     0.55121886    -0.29106947
     28      C     1.34157885    -3.61165348    -2.90958202
     29      C     4.70282120    -0.12024396     1.71370573
     30      H     3.17376759     2.43304143    -0.98305361
     31      H     1.47433489    -1.51376751    -3.31230989
     32      C     2.89721331     1.53285264     0.94958979
     33      C     2.26402024     1.67262406     2.19020192
     34      C     1.45938271     2.77607720     2.46251608
     35      C     1.27845420     3.76610913     1.50055792
     36      C     1.90536104     3.64065741     0.26357384
     37      C     2.70511098     2.53389017    -0.00775698
     38      H     2.40071240     0.92243753     2.96402750
     39      H     0.97795480     2.86639005     3.43428686
     40      H     0.65574425     4.63151979     1.71563975
     41      H     1.77070499     4.40766853    -0.49568275
     42      C    -0.59364706    -1.83856340    -2.78352089
 
Total System Charge             0.00000
Bonding info available!
 
 
----------------
ADF Engine Input
----------------
 
 Basis
 Type TZ2P
 Core None
 End
 XC
 GGA OLYP
 End
 

 Title: *** (NO TITLE) ***

 Using automatic Hessian for delocalized coordinates.
 *** GO1_GOStep1 ***

 Energy gradients wrt nuclear displacements
 ==========================================

     Atom      Cartesian (a.u./angstrom)
                 X         Y         Z
 ----------------------------------------
     1 C     0.001031  0.001666  0.002779
     2 H    -0.001283  0.001564  0.000480
     3 H     0.000384 -0.002238  0.000906
     4 H     0.002460  0.001031 -0.000437
     5 H     0.002106 -0.000675  0.001083
     6 C     0.000197 -0.002063  0.002214
     7 H     0.001828  0.000254 -0.002722
     8 H    -0.001908 -0.000419 -0.000790
     9 C     0.003499  0.001234  0.000528
    10 H     0.001305 -0.001260 -0.000985
    11 H    -0.002018  0.000896 -0.002057
    12 H     0.001554  0.001727 -0.000331
    13 H     0.002670  0.001133  0.000813
    14 H    -0.000955  0.000957  0.000588
    15 H    -0.000356  0.001166 -0.002324
    16 H    -0.000013  0.002267 -0.000824
    17 H    -0.001960 -0.000208 -0.000899
    18 H     0.000126 -0.001516 -0.002079
    19 N     0.004060  0.002365 -0.005594
    20 C    -0.004200  0.001624  0.001219
    21 O    -0.003428 -0.004508  0.007698
    22 N     0.002421  0.005827 -0.003525
    23 C    -0.002223 -0.002923  0.001061
    24 H    -0.005436  0.001333  0.003733
    25 C     0.000505 -0.001473  0.002317
    26 H     0.000473 -0.005553  0.003590
    27 H     0.000970  0.000451 -0.003168
    28 C    -0.003431  0.001805  0.001775
    29 C    -0.002808  0.002255  0.001324
    30 H    -0.000382 -0.000585 -0.000626
    31 H     0.001307  0.001953 -0.001883
    32 C    -0.002331 -0.000705 -0.000956
    33 C    -0.000011  0.000600 -0.001325
    34 C     0.001731  0.000358 -0.004531
    35 C     0.002202 -0.003533 -0.000240
    36 C     0.000968 -0.002313  0.001441
    37 C    -0.000537 -0.001030  0.003650
    38 H     0.000561  0.000796 -0.001256
    39 H     0.000048  0.000200 -0.000220
    40 H     0.000392  0.000061 -0.000152
    41 H     0.000135 -0.000358  0.000267
    42 C     0.000348 -0.002160 -0.000542
 ----------------------------------------
 Mulliken charges used for AMS results%charges...
 
----------------------------------------------------------------------
Geometry Convergence after Step   1       (Hartree/Angstrom,Angstrom)
----------------------------------------------------------------------
current energy                               -8.76981069 Hartree
energy change                      -8.76981069     0.00042000    F
constrained gradient max            0.00759378     0.00100000    F
constrained gradient rms            0.00216730     0.00066667    F
gradient max                        0.00759378
gradient rms                        0.00216730
cart. step max                      0.21213390     0.01000000    F
cart. step rms                      0.08171497     0.00666667    F
 
 
--------
Geometry
--------
Formula: C15H24N2O
Atoms
  Index Symbol   x (angstrom)   y (angstrom)   z (angstrom)
      1      C    -1.08486795    -2.41021264    -4.18654012
      2      H    -2.08559642    -2.02868133    -4.41624209
      3      H    -1.14355676    -3.50299230    -4.19457819
      4      H    -0.41928824    -2.09959912    -5.00036138
      5      H    -0.42650933     0.12843995    -1.91463107
      6      C    -0.79268000    -0.32675566    -2.83797571
      7      H    -0.25283579     0.13091224    -3.67451794
      8      H    -1.85295026    -0.07199331    -2.94435170
      9      C    -1.48005023    -2.45677092    -1.70718673
     10      H    -1.36528653    -3.54241087    -1.62231661
     11      H    -2.53903116    -2.26099490    -1.91056058
     12      H    -1.24996050    -2.00746374    -0.73610806
     13      H     2.38612286    -3.77236072    -2.65597970
     14      H     0.80001337    -4.31073863    -2.08406775
     15      H     1.07505239    -4.02889249    -3.80916644
     16      H     5.35076527     0.69134902     2.02848810
     17      H     4.18635856    -0.54678816     2.52557053
     18      H     5.36742453    -0.91649924     1.26532695
     19      N     2.92845006    -0.75261613     0.11341830
     20      C     2.51209401    -0.85254464    -1.22058845
     21      O     3.05839434    -0.27225226    -2.15821895
     22      N     1.42499003    -1.70169155    -1.34788719
     23      C     3.77034747     0.36684681     0.57405392
     24      H     2.19894270    -0.98165767     0.77964381
     25      C     0.92113975    -2.18512637    -2.63497409
     26      H     1.27316452    -2.32736811    -0.56822501
     27      H     4.36195960     0.65415452    -0.29805957
     28      C     1.30726924    -3.66190224    -2.80661392
     29      C     4.72273975    -0.12891959     1.66741346
     30      H     3.24444715     2.60399690    -0.87587190
     31      H     1.46765935    -1.60638365    -3.38537727
     32      C     2.92120047     1.57146329     0.98375790
     33      C     2.25849715     1.63324941     2.21820299
     34      C     1.44216975     2.71599350     2.54332757
     35      C     1.27982660     3.76759223     1.64267715
     36      C     1.93879998     3.72389927     0.41518829
     37      C     2.74821621     2.63633874     0.09020324
     38      H     2.37182131     0.83185886     2.94386800
     39      H     0.93501241     2.74003027     3.50594389
     40      H     0.64700700     4.61491767     1.89722258
     41      H     1.82177422     4.53947820    -0.29518714
     42      C    -0.60664875    -1.85877599    -2.82870257
 
Total System Charge             0.00000
Bonding info available!
 
 *** GO1_GOStep2 ***

 Energy gradients wrt nuclear displacements
 ==========================================

     Atom      Cartesian (a.u./angstrom)
                 X         Y         Z
 ----------------------------------------
     1 C     0.000222  0.001419  0.001899
     2 H    -0.000413  0.000599 -0.000221
     3 H     0.000292 -0.000983  0.000371
     4 H     0.001163  0.000238 -0.000165
     5 H     0.000721 -0.000233 -0.000141
     6 C    -0.000856 -0.000364  0.000922
     7 H     0.000516 -0.000074 -0.001343
     8 H    -0.000615  0.000064 -0.000334
     9 C     0.000668  0.000589 -0.000449
    10 H     0.000342 -0.000265 -0.000280
    11 H    -0.001010  0.000049 -0.000813
    12 H     0.000237  0.000668 -0.000619
    13 H     0.001047  0.000287  0.000385
    14 H    -0.000241  0.000330 -0.000006
    15 H     0.000058  0.000733 -0.000940
    16 H    -0.000280  0.000672 -0.000435
    17 H    -0.000428 -0.000334 -0.000264
    18 H     0.000167 -0.000701 -0.000523
    19 N     0.001075 -0.001936 -0.001155
    20 C    -0.004629 -0.002703  0.003203
    21 O     0.002774  0.002327 -0.005064
    22 N     0.003568 -0.000305  0.001321
    23 C     0.000528  0.000853  0.002442
    24 H    -0.002749  0.001241  0.000845
    25 C    -0.002596 -0.000378  0.000322
    26 H     0.001425 -0.001786  0.001004
    27 H     0.000296 -0.000153 -0.000357
    28 C    -0.001992  0.001769  0.001973
    29 C    -0.002554  0.000543  0.000486
    30 H    -0.000199 -0.000267  0.000535
    31 H     0.000662  0.000121 -0.000042
    32 C     0.000559 -0.000965 -0.000227
    33 C     0.000765  0.000713  0.000508
    34 C     0.000246  0.000310 -0.000934
    35 C     0.000400 -0.000759 -0.000330
    36 C     0.000120 -0.000634  0.000275
    37 C    -0.000483  0.000610 -0.000237
    38 H    -0.000009  0.000392 -0.000641
    39 H    -0.000250  0.000230 -0.000204
    40 H     0.000112  0.000248 -0.000141
    41 H     0.000071  0.000069 -0.000014
    42 C     0.001267 -0.002233 -0.000612
 ----------------------------------------
 Mulliken charges used for AMS results%charges...

 dE(predicted):    -0.16142E-02, dE(actual):    -0.31371E-03, Trust radius:    0.200000, all in a.u.
 
----------------------------------------------------------------------
Geometry Convergence after Step   2       (Hartree/Angstrom,Angstrom)
----------------------------------------------------------------------
current energy                               -8.77012440 Hartree
energy change                      -0.00031371     0.00042000    T
constrained gradient max            0.00515242     0.00100000    F
constrained gradient rms            0.00120297     0.00066667    F
gradient max                        0.00515242
gradient rms                        0.00120297
cart. step max                      0.13216530     0.01000000    F
cart. step rms                      0.05185965     0.00666667    F
 
 
--------
Geometry
--------
Formula: C15H24N2O
Atoms
  Index Symbol   x (angstrom)   y (angstrom)   z (angstrom)
      1      C    -1.09878309    -2.43206913    -4.16987000
      2      H    -2.09122459    -2.03508973    -4.40645553
      3      H    -1.18824562    -3.52138460    -4.13159367
      4      H    -0.43631115    -2.17572321    -5.00400476
      5      H    -0.35411764     0.18085302    -2.00236196
      6      C    -0.72837195    -0.29900131    -2.90967684
      7      H    -0.17084844     0.11048659    -3.75834028
      8      H    -1.77882904    -0.01457435    -3.03105137
      9      C    -1.47583987    -2.35774056    -1.68609276
     10      H    -1.40318358    -3.44278290    -1.56078473
     11      H    -2.52822582    -2.12882960    -1.88444906
     12      H    -1.21980063    -1.88409148    -0.73314886
     13      H     2.34528873    -3.83210545    -2.58197859
     14      H     0.75033404    -4.29168499    -1.97410762
     15      H     1.02047577    -4.11264835    -3.71104502
     16      H     5.38437640     0.72575440     1.99777791
     17      H     4.25480723    -0.54364736     2.48656797
     18      H     5.43263251    -0.86850230     1.21259320
     19      N     2.97711462    -0.74738387     0.07760327
     20      C     2.54629512    -0.84514012    -1.25321879
     21      O     3.09193154    -0.27534606    -2.19363888
     22      N     1.43393286    -1.66737968    -1.36799988
     23      C     3.79618067     0.38490804     0.54916344
     24      H     2.26875912    -1.01170423     0.75103596
     25      C     0.92683861    -2.19945313    -2.63532773
     26      H     1.24352244    -2.24631814    -0.56283556
     27      H     4.37392568     0.70248824    -0.32108893
     28      C     1.27023784    -3.69623420    -2.73294054
     29      C     4.77216433    -0.10240272     1.62836997
     30      H     3.24869218     2.65391157    -0.84115393
     31      H     1.48898328    -1.67281355    -3.41143359
     32      C     2.91460985     1.55956526     0.98189616
     33      C     2.22374321     1.56846620     2.20329648
     34      C     1.37771367     2.62391334     2.54438101
     35      C     1.20902749     3.69869075     1.67145688
     36      C     1.89241099     3.70550704     0.45589885
     37      C     2.73260454     2.64558912     0.11541859
     38      H     2.33982177     0.74854755     2.90825536
     39      H     0.85265151     2.60835161     3.49752939
     40      H     0.55007783     4.52250346     1.93653415
     41      H     1.76973115     4.53787380    -0.23383711
     42      C    -0.59270542    -1.83523032    -2.83932604
 
Total System Charge             0.00000
Bonding info available!
 
 *** GO1_GOStep3 ***

 Energy gradients wrt nuclear displacements
 ==========================================

     Atom      Cartesian (a.u./angstrom)
                 X         Y         Z
 ----------------------------------------
     1 C    -0.000006 -0.000070  0.000115
     2 H     0.000273  0.000021 -0.000208
     3 H    -0.000165  0.000006 -0.000197
     4 H     0.000185 -0.000241 -0.000112
     5 H     0.000277  0.000217 -0.000140
     6 C     0.000036  0.000060  0.000459
     7 H    -0.000077 -0.000002 -0.000287
     8 H     0.000270  0.000079  0.000045
     9 C     0.000249  0.000405 -0.000188
    10 H     0.000088  0.000221  0.000155
    11 H    -0.000104 -0.000186 -0.000195
    12 H     0.000018  0.000141 -0.000158
    13 H    -0.000091 -0.000188  0.000202
    14 H    -0.000066 -0.000125 -0.000112
    15 H     0.000441 -0.000034  0.000226
    16 H    -0.000050 -0.000224  0.000140
    17 H     0.000214 -0.000293 -0.000185
    18 H     0.000020 -0.000080  0.000365
    19 N    -0.000898 -0.000078  0.000557
    20 C     0.001731 -0.001474 -0.001645
    21 O    -0.000794  0.000743  0.000832
    22 N    -0.001659 -0.000499  0.001305
    23 C     0.001408  0.000980  0.001398
    24 H    -0.001332  0.001196 -0.000958
    25 C    -0.000875 -0.000332 -0.001378
    26 H     0.001447  0.000223 -0.000007
    27 H     0.000184  0.000120  0.000429
    28 C    -0.000740 -0.000018  0.000372
    29 C    -0.000544 -0.000105 -0.000016
    30 H     0.000064 -0.000351  0.000134
    31 H     0.000270 -0.000323  0.000196
    32 C     0.000852 -0.000736  0.000335
    33 C     0.000004 -0.000016  0.000300
    34 C    -0.000335  0.000137  0.000333
    35 C    -0.000019  0.000471  0.000198
    36 C     0.000210 -0.000091 -0.000218
    37 C    -0.000717  0.000236 -0.001431
    38 H    -0.000214  0.000312 -0.000241
    39 H    -0.000083  0.000267 -0.000086
    40 H    -0.000160  0.000116 -0.000255
    41 H     0.000103  0.000121 -0.000136
    42 C     0.000587 -0.000606  0.000058
 ----------------------------------------
 Mulliken charges used for AMS results%charges...

 dE(predicted):    -0.30537E-03, dE(actual):     0.15867E-03, Trust radius:    0.049231, all in a.u.
 
----------------------------------------------------------------------
Geometry Convergence after Step   3       (Hartree/Angstrom,Angstrom)
----------------------------------------------------------------------
current energy                               -8.76996573 Hartree
energy change                       0.00015867     0.00042000    T
constrained gradient max            0.00172689     0.00100000    F
constrained gradient rms            0.00054973     0.00066667    T
gradient max                        0.00172689
gradient rms                        0.00054973
cart. step max                      0.01843828     0.01000000    F
cart. step rms                      0.00691133     0.00666667    F
 
 
--------
Geometry
--------
Formula: C15H24N2O
Atoms
  Index Symbol   x (angstrom)   y (angstrom)   z (angstrom)
      1      C    -1.09406621    -2.43527583    -4.17260218
      2      H    -2.08620433    -2.04102309    -4.41487896
      3      H    -1.18167467    -3.52453230    -4.13052131
      4      H    -0.42841753    -2.18069121    -5.00459321
      5      H    -0.36403228     0.18550598    -2.01020185
      6      C    -0.73067420    -0.29748835    -2.91885795
      7      H    -0.16642693     0.10924749    -3.76421368
      8      H    -1.78030384    -0.01406596    -3.04948965
      9      C    -1.48526148    -2.35281950    -1.69187491
     10      H    -1.41528002    -3.43783480    -1.56455864
     11      H    -2.53599468    -2.12235237    -1.89637443
     12      H    -1.23449982    -1.87826984    -0.73793899
     13      H     2.34190702    -3.83070093    -2.56781630
     14      H     0.74597988    -4.28628754    -1.95974573
     15      H     1.01779959    -4.11579126    -3.69714214
     16      H     5.39311280     0.73804544     1.98527882
     17      H     4.27037756    -0.53306280     2.48420401
     18      H     5.44437063    -0.85922649     1.20607658
     19      N     2.98343725    -0.75076554     0.07983416
     20      C     2.54459233    -0.84480490    -1.24849366
     21      O     3.09379199    -0.28251467    -2.19118581
     22      N     1.42843577    -1.66189814    -1.36324511
     23      C     3.79982626     0.38523707     0.54492950
     24      H     2.28372061    -1.02097720     0.75971601
     25      C     0.92414116    -2.19720265    -2.62983068
     26      H     1.22942092    -2.23638216    -0.55688722
     27      H     4.37185384     0.70371489    -0.32876046
     28      C     1.26723138    -3.69481117    -2.72086295
     29      C     4.78280644    -0.09412716     1.62167074
     30      H     3.25275122     2.66048445    -0.83664926
     31      H     1.48874017    -1.67389247    -3.40640697
     32      C     2.91606856     1.55735135     0.98080290
     33      C     2.22468076     1.56083159     2.20177936
     34      C     1.37609202     2.61335038     2.54502072
     35      C     1.20628915     3.69079805     1.67560741
     36      C     1.89199101     3.70387585     0.46159023
     37      C     2.73466808     2.64672745     0.11892670
     38      H     2.34141525     0.73861882     2.90430027
     39      H     0.84963968     2.59322485     3.49730087
     40      H     0.54586780     4.51261605     1.94299181
     41      H     1.76933326     4.53856142    -0.22529373
     42      C    -0.59510827    -1.83326412    -2.84158774
 
Total System Charge             0.00000
Bonding info available!
 
 *** GO1_GOStep4 ***

 Energy gradients wrt nuclear displacements
 ==========================================

     Atom      Cartesian (a.u./angstrom)
                 X         Y         Z
 ----------------------------------------
     1 C     0.000088 -0.000081 -0.000037
     2 H     0.000287 -0.000006 -0.000194
     3 H    -0.000096  0.000032 -0.000097
     4 H     0.000104 -0.000264 -0.000034
     5 H     0.000177  0.000095 -0.000267
     6 C     0.000143  0.000208  0.000090
     7 H    -0.000113 -0.000016 -0.000152
     8 H     0.000239  0.000050  0.000065
     9 C    -0.000147  0.000165 -0.000147
    10 H     0.000008  0.000159  0.000187
    11 H     0.000052 -0.000191 -0.000128
    12 H    -0.000146  0.000092 -0.000146
    13 H    -0.000161 -0.000223  0.000239
    14 H    -0.000095 -0.000122 -0.000086
    15 H     0.000301 -0.000084  0.000176
    16 H    -0.000031 -0.000182  0.000243
    17 H     0.000048 -0.000226 -0.000028
    18 H    -0.000063  0.000055  0.000322
    19 N    -0.000637 -0.000323  0.001071
    20 C     0.000879  0.001304 -0.000958
    21 O    -0.000494 -0.000605  0.001058
    22 N    -0.001152 -0.001067  0.000359
    23 C     0.000954  0.000232  0.000364
    24 H    -0.000777  0.001216 -0.000731
    25 C    -0.000548  0.000056 -0.000795
    26 H     0.001196 -0.000181 -0.000261
    27 H     0.000160  0.000223  0.000333
    28 C    -0.000345 -0.000068  0.000316
    29 C    -0.000248 -0.000087  0.000045
    30 H     0.000123 -0.000213  0.000001
    31 H     0.000239 -0.000334  0.000094
    32 C     0.000310 -0.000504  0.000360
    33 C     0.000322  0.000139  0.000273
    34 C    -0.000237  0.000110  0.000106
    35 C    -0.000084  0.000291  0.000033
    36 C     0.000185 -0.000123 -0.000253
    37 C    -0.000632  0.000121 -0.000887
    38 H    -0.000158  0.000129 -0.000046
    39 H    -0.000076  0.000188 -0.000126
    40 H    -0.000033  0.000117 -0.000257
    41 H     0.000117  0.000066 -0.000159
    42 C     0.000343 -0.000144  0.000054
 ----------------------------------------
 Mulliken charges used for AMS results%charges...

 dE(predicted):    -0.76003E-04, dE(actual):    -0.10314E-03, Trust radius:    0.098462, all in a.u.
 
----------------------------------------------------------------------
Geometry Convergence after Step   4       (Hartree/Angstrom,Angstrom)
----------------------------------------------------------------------
current energy                               -8.77006888 Hartree
energy change                      -0.00010314     0.00042000    T
constrained gradient max            0.00135398     0.00100000    F
constrained gradient rms            0.00039040     0.00066667    T
gradient max                        0.00135398
gradient rms                        0.00039040
cart. step max                      0.04171469     0.01000000    F
cart. step rms                      0.01611649     0.00666667    F
 
 
--------
Geometry
--------
Formula: C15H24N2O
Atoms
  Index Symbol   x (angstrom)   y (angstrom)   z (angstrom)
      1      C    -1.09424400    -2.41843687    -4.16398080
      2      H    -2.08512077    -2.02020867    -4.40513010
      3      H    -1.18582013    -3.50730532    -4.12209032
      4      H    -0.42793365    -2.16553616    -4.99578977
      5      H    -0.35328241     0.19572373    -1.99860153
      6      C    -0.71730023    -0.28384363    -2.91007493
      7      H    -0.14461731     0.11931195    -3.75126878
      8      H    -1.76433744     0.00636894    -3.04713257
      9      C    -1.48828723    -2.33490866    -1.68424513
     10      H    -1.42970871    -3.42116454    -1.56125456
     11      H    -2.53621225    -2.09234901    -1.88861776
     12      H    -1.23415345    -1.86655706    -0.72801445
     13      H     2.33252394    -3.83774747    -2.56249567
     14      H     0.73663981    -4.28050537    -1.94453892
     15      H     0.99955282    -4.11722138    -3.68405684
     16      H     5.39696942     0.77022882     1.97280473
     17      H     4.29078288    -0.50934707     2.48554521
     18      H     5.46992613    -0.83472701     1.21000597
     19      N     3.00981619    -0.76862899     0.08010117
     20      C     2.56292603    -0.86199491    -1.24502363
     21      O     3.10939998    -0.30035825    -2.19036236
     22      N     1.43562162    -1.66301076    -1.35607533
     23      C     3.80867023     0.38160408     0.53689565
     24      H     2.32455869    -1.05443544     0.76832914
     25      C     0.92515399    -2.19480853    -2.62054278
     26      H     1.22106780    -2.22993219    -0.54800681
     27      H     4.37526596     0.70267961    -0.33934448
     28      C     1.25805595    -3.69518482    -2.71048975
     29      C     4.79845169    -0.07426649     1.61792094
     30      H     3.26461945     2.66491454    -0.83569292
     31      H     1.49168753    -1.67624958    -3.39891152
     32      C     2.91081020     1.54520971     0.96850305
     33      C     2.20595518     1.53648850     2.18149948
     34      C     1.34696673     2.58141401     2.52107679
     35      C     1.18069281     3.66358604     1.65699200
     36      C     1.88128829     3.68966814     0.45211650
     37      C     2.73435371     2.63972713     0.11312554
     38      H     2.31966906     0.71052569     2.88057613
     39      H     0.80924863     2.55151016     3.46677969
     40      H     0.51260165     4.47974463     1.92238583
     41      H     1.76260854     4.52825979    -0.23059961
     42      C    -0.59246923    -1.82010861    -2.83229996
 
Total System Charge             0.00000
Bonding info available!
 
 *** GO1_GOStep5 ***

 Energy gradients wrt nuclear displacements
 ==========================================

     Atom      Cartesian (a.u./angstrom)
                 X         Y         Z
 ----------------------------------------
     1 C     0.000120  0.000026 -0.000357
     2 H     0.000207 -0.000011 -0.000176
     3 H     0.000004  0.000061  0.000120
     4 H     0.000040 -0.000238  0.000063
     5 H     0.000128 -0.000114 -0.000270
     6 C     0.000264  0.000181 -0.000399
     7 H    -0.000093 -0.000088 -0.000038
     8 H     0.000112  0.000001  0.000062
     9 C    -0.000548 -0.000018  0.000006
    10 H    -0.000038  0.000040  0.000174
    11 H     0.000201 -0.000098 -0.000100
    12 H    -0.000261  0.000082 -0.000075
    13 H    -0.000161 -0.000197  0.000299
    14 H    -0.000191 -0.000086  0.000013
    15 H     0.000049 -0.000087  0.000085
    16 H    -0.000094 -0.000020  0.000272
    17 H    -0.000238 -0.000126  0.000209
    18 H    -0.000134  0.000169  0.000187
    19 N    -0.001381  0.000080  0.001374
    20 C     0.003112 -0.001180 -0.000484
    21 O    -0.000739  0.000528  0.000287
    22 N    -0.001016 -0.000146 -0.000005
    23 C    -0.000109 -0.000530 -0.001019
    24 H    -0.000324  0.001213  0.000055
    25 C     0.000032  0.000884  0.000325
    26 H     0.000521 -0.000763 -0.000346
    27 H     0.000072  0.000260  0.000145
    28 C     0.000287 -0.000194  0.000266
    29 C     0.000024 -0.000289  0.000100
    30 H     0.000195  0.000051 -0.000145
    31 H     0.000172 -0.000318 -0.000080
    32 C    -0.000333  0.000141  0.000553
    33 C     0.000662  0.000378  0.000060
    34 C    -0.000046  0.000201 -0.000358
    35 C     0.000005 -0.000018 -0.000201
    36 C     0.000073 -0.000113 -0.000188
    37 C    -0.000638 -0.000264  0.000015
    38 H    -0.000068 -0.000059  0.000195
    39 H    -0.000074  0.000113 -0.000162
    40 H     0.000107  0.000104 -0.000263
    41 H     0.000152  0.000005 -0.000164
    42 C    -0.000053  0.000443 -0.000038
 ----------------------------------------
 Mulliken charges used for AMS results%charges...

 dE(predicted):    -0.12271E-03, dE(actual):    -0.43010E-04, Trust radius:    0.098462, all in a.u.
 
----------------------------------------------------------------------
Geometry Convergence after Step   5       (Hartree/Angstrom,Angstrom)
----------------------------------------------------------------------
current energy                               -8.77011189 Hartree
energy change                      -0.00004301     0.00042000    T
constrained gradient max            0.00310924     0.00100000    F
constrained gradient rms            0.00044868     0.00066667    T
gradient max                        0.00310924
gradient rms                        0.00044868
cart. step max                      0.03995952     0.01000000    F
cart. step rms                      0.01229470     0.00666667    F
 
 
--------
Geometry
--------
Formula: C15H24N2O
Atoms
  Index Symbol   x (angstrom)   y (angstrom)   z (angstrom)
      1      C    -1.09764247    -2.42758052    -4.16096040
      2      H    -2.09096233    -2.03461158    -4.40082109
      3      H    -1.18414383    -3.51668407    -4.11554197
      4      H    -0.43432357    -2.17390283    -4.99488533
      5      H    -0.36420842     0.19589850    -2.00379189
      6      C    -0.72335398    -0.28730021    -2.91538067
      7      H    -0.14753174     0.11407709    -3.75522448
      8      H    -1.77038544     0.00034811    -3.05800251
      9      C    -1.48885192    -2.33501943    -1.68073441
     10      H    -1.43090657    -3.42118748    -1.55673755
     11      H    -2.53700870    -2.09130070    -1.88267356
     12      H    -1.23188687    -1.86554094    -0.72568475
     13      H     2.33591177    -3.83066714    -2.55486640
     14      H     0.74409160    -4.27343275    -1.92630547
     15      H     0.99877404    -4.12410592    -3.66837972
     16      H     5.39653482     0.77397322     1.96926472
     17      H     4.29123098    -0.50636856     2.48054935
     18      H     5.47373545    -0.83146167     1.20712523
     19      N     3.01881378    -0.76888598     0.06896709
     20      C     2.56004415    -0.85221090    -1.25235630
     21      O     3.10766061    -0.29587198    -2.20056417
     22      N     1.43103996    -1.65016934    -1.35916319
     23      C     3.81163076     0.38305762     0.53083226
     24      H     2.34518800    -1.07113435     0.76170557
     25      C     0.92311066    -2.19285788    -2.61951763
     26      H     1.20669082    -2.20566841    -0.54572352
     27      H     4.37917616     0.70841423    -0.34307343
     28      C     1.26037659    -3.69307294    -2.69959143
     29      C     4.80039258    -0.07180322     1.61345281
     30      H     3.30121803     2.69123407    -0.81442697
     31      H     1.48718209    -1.67745764    -3.40169489
     32      C     2.91086847     1.54413809     0.96485365
     33      C     2.18546080     1.52029215     2.16563281
     34      C     1.32866178     2.56576782     2.50881853
     35      C     1.18423116     3.66345622     1.66048551
     36      C     1.90434269     3.70420418     0.46767274
     37      C     2.75545812     2.65354217     0.12517700
     38      H     2.28202424     0.68234923     2.85302131
     39      H     0.77547344     2.52417474     3.44513863
     40      H     0.51750908     4.47982393     1.92869751
     41      H     1.80256806     4.55448815    -0.20316096
     42      C    -0.59579668    -1.82281440    -2.83211546
 
Total System Charge             0.00000
Bonding info available!
 
 *** GO1_GOStep6 ***
