<Jan21-2022> <00:36:28>  AMS 2021.102  RunTime: Jan21-2022 00:36:28  ShM Nodes: 1  Procs: 1
<Jan21-2022> <00:36:28>  ADF 2021.102  RunTime: Jan21-2022 00:36:28  ShM Nodes: 1  Procs: 1
<Jan21-2022> <00:36:28>  *** (NO TITLE) ***
<Jan21-2022> <00:36:28>  Iteration 1
<Jan21-2022> <00:36:29>  DIRAC 2021.102  RunTime: Jan21-2022 00:36:29  ShM Nodes: 1  Procs: 1
<Jan21-2022> <00:36:29>  Hydrogen (TZ2P)
<Jan21-2022> <00:36:29>  Net Charge: 0 (Nuclei minus Electrons)
<Jan21-2022> <00:36:29>  Symmetry  : ATOM
<Jan21-2022> <00:36:29>  Coordinates
<Jan21-2022> <00:36:29>     Atom         X           Y           Z   (Angstrom)
<Jan21-2022> <00:36:29>     1.H         0.000000    0.000000    0.000000
<Jan21-2022> <00:36:29>  >>>> CORORT
<Jan21-2022> <00:36:29>  >>>> CLSMAT
<Jan21-2022> <00:36:29>  >>>> ORTHON
<Jan21-2022> <00:36:29>  >>>> GENPT
<Jan21-2022> <00:36:29>  Block Length=  64
<Jan21-2022> <00:36:29>  >>>> PTBAS
<Jan21-2022> <00:36:29>  >>>> CYCLE
<Jan21-2022> <00:36:29>              |Error|         MaxErr       Wt(A-DIIS)
<Jan21-2022> <00:36:29>      1      0.00000000      0.00000000
<Jan21-2022> <00:36:29>      2      0.03080019      0.02591482
<Jan21-2022> <00:36:29>      3      0.01140383      0.01135775    100.0
<Jan21-2022> <00:36:29>      4      0.00327656      0.00327407      2.3
<Jan21-2022> <00:36:29>      5      0.00010041      0.00009754      0.0
<Jan21-2022> <00:36:29>      6      0.00000525      0.00000504      0.0
<Jan21-2022> <00:36:29>      7      0.00000007      0.00000007      0.0
<Jan21-2022> <00:36:29>      8      0.00000000      0.00000000      0.0
<Jan21-2022> <00:36:29>  SCF converged
<Jan21-2022> <00:36:29>      9      0.00000000      0.00000000      0.0
<Jan21-2022> <00:36:29>  >>>> POPAN
<Jan21-2022> <00:36:29>  >>>> DEBYE
<Jan21-2022> <00:36:29>  DIRAC 2021.102  RunTime: Jan21-2022 00:36:29  ShM Nodes: 1  Procs: 1
<Jan21-2022> <00:36:29>  Carbon (TZ2P)
<Jan21-2022> <00:36:29>  Net Charge: 0 (Nuclei minus Electrons)
<Jan21-2022> <00:36:29>  Symmetry  : ATOM
<Jan21-2022> <00:36:29>  Coordinates
<Jan21-2022> <00:36:29>     Atom         X           Y           Z   (Angstrom)
<Jan21-2022> <00:36:29>     1.C         0.000000    0.000000    0.000000
<Jan21-2022> <00:36:29>  >>>> CORORT
<Jan21-2022> <00:36:29>  >>>> CLSMAT
<Jan21-2022> <00:36:29>  >>>> ORTHON
<Jan21-2022> <00:36:29>  >>>> GENPT
<Jan21-2022> <00:36:29>  Block Length=  72
<Jan21-2022> <00:36:29>  >>>> PTBAS
<Jan21-2022> <00:36:29>  >>>> CYCLE
<Jan21-2022> <00:36:30>              |Error|         MaxErr       Wt(A-DIIS)
<Jan21-2022> <00:36:30>      1      0.00000000      0.00000000
<Jan21-2022> <00:36:30>      2      4.48405934      3.32161898    100.0
<Jan21-2022> <00:36:30>      3      1.60718414      1.28408746    100.0
<Jan21-2022> <00:36:30>      4      0.76426456      0.62272052    100.0
<Jan21-2022> <00:36:30>      5      0.36119063      0.28553990    100.0
<Jan21-2022> <00:36:30>      6      0.14821424      0.11559867    100.0
<Jan21-2022> <00:36:30>      7      0.10108424      0.07867111     78.5
<Jan21-2022> <00:36:30>      8      0.01786531      0.01387049     13.0
<Jan21-2022> <00:36:30>      9      0.00195746      0.00153262      0.5
<Jan21-2022> <00:36:30>     10      0.00001058      0.00000730      0.0
<Jan21-2022> <00:36:30>     11      0.00000047      0.00000027      0.0
<Jan21-2022> <00:36:30>     12      0.00000003      0.00000002      0.0
<Jan21-2022> <00:36:30>     13      0.00000000      0.00000000      0.0
<Jan21-2022> <00:36:30>  SCF converged
<Jan21-2022> <00:36:30>     14      0.00000000      0.00000000      0.0
<Jan21-2022> <00:36:30>  >>>> POPAN
<Jan21-2022> <00:36:30>  >>>> DEBYE
<Jan21-2022> <00:36:30>  *** GOStep1 ***
<Jan21-2022> <00:36:30>  >>>> FRAGM
<Jan21-2022> <00:36:30>  Coordinates
<Jan21-2022> <00:36:30>     Atom         X           Y           Z   (Angstrom)
<Jan21-2022> <00:36:30>     1.H         2.053570   -0.803441    0.000000
<Jan21-2022> <00:36:30>     2.C         0.972937   -0.695741    0.000000
<Jan21-2022> <00:36:30>     3.H         0.663467   -0.150351    0.886617
<Jan21-2022> <00:36:30>     4.H         0.663467    0.150351   -0.886617
<Jan21-2022> <00:36:30>  >>>> CORORT
<Jan21-2022> <00:36:30>  >>>> CLSMAT
<Jan21-2022> <00:36:30>  >>>> ORTHON
<Jan21-2022> <00:36:30>  >>>> GENPT
<Jan21-2022> <00:36:30>  Block Length= 128
<Jan21-2022> <00:36:30>  >>>> PTBAS
<Jan21-2022> <00:36:31>  >>>> CYCLE
<Jan21-2022> <00:36:38>              |Error|         MaxErr       Wt(A-DIIS)
<Jan21-2022> <00:36:38>      1      1.82550844      0.37604047
<Jan21-2022> <00:36:43>      2      0.43473674      0.04919750    100.0
<Jan21-2022> <00:36:48>      3      0.41343507      0.05953285    100.0
<Jan21-2022> <00:36:52>      4      0.05484385      0.00563789      4.7
<Jan21-2022> <00:36:57>      5      0.01218287      0.00187576      0.9
<Jan21-2022> <00:37:02>      6      0.00143899      0.00017142      0.0
<Jan21-2022> <00:37:07>      7      0.00043138      0.00004931      0.0
<Jan21-2022> <00:37:12>      8      0.00015256      0.00001901      0.0
<Jan21-2022> <00:37:17>      9      0.00003797      0.00000480      0.0
<Jan21-2022> <00:37:22>     10      0.00000591      0.00000095      0.0
<Jan21-2022> <00:37:23>  SCF converged
<Jan21-2022> <00:37:27>     11      0.00000154      0.00000025      0.0
<Jan21-2022> <00:37:28>  >>>> TOTEN
<Jan21-2022> <00:37:34>  >>>> POPAN
<Jan21-2022> <00:37:34>  >>>> DEBYE
<Jan21-2022> <00:37:34>  >>>> ENGRAD
<Jan21-2022> <00:37:38>  current energy                               -0.61784933 Hartree
<Jan21-2022> <00:37:38>  energy change                      -0.61784933     0.00004000    F
<Jan21-2022> <00:37:38>  constrained gradient max            0.16087428     0.00100000    F
<Jan21-2022> <00:37:38>  constrained gradient rms            0.06525784     0.00066667    F
<Jan21-2022> <00:37:38>  gradient max                        0.16087428
<Jan21-2022> <00:37:38>  gradient rms                        0.06525784
<Jan21-2022> <00:37:38>  cart. step max                      0.03789453     0.01000000    F
<Jan21-2022> <00:37:38>  cart. step rms                      0.01692117     0.00666667    F
<Jan21-2022> <00:37:38>  Iteration 2
<Jan21-2022> <00:37:38>  *** GOStep2 ***
<Jan21-2022> <00:37:38>  >>>> FRAGM
<Jan21-2022> <00:37:38>  Coordinates
<Jan21-2022> <00:37:38>     Atom         X           Y           Z   (Angstrom)
<Jan21-2022> <00:37:38>     1.H         2.052753   -0.808464   -0.016502
<Jan21-2022> <00:37:38>     2.C         0.973431   -0.657847   -0.010312
<Jan21-2022> <00:37:38>     3.H         0.648892   -0.155785    0.903096
<Jan21-2022> <00:37:38>     4.H         0.678365    0.122913   -0.876282
<Jan21-2022> <00:37:38>  >>>> CORORT
<Jan21-2022> <00:37:38>  >>>> CLSMAT
<Jan21-2022> <00:37:38>  >>>> ORTHON
<Jan21-2022> <00:37:38>  >>>> GENPT
<Jan21-2022> <00:37:38>  Block Length= 128
<Jan21-2022> <00:37:39>  >>>> PTBAS
<Jan21-2022> <00:37:39>  >>>> CYCLE
<Jan21-2022> <00:37:42>  using orbital data from restart file
<Jan21-2022> <00:37:47>              |Error|         MaxErr       Wt(A-DIIS)
<Jan21-2022> <00:37:47>      1      0.11646284      0.03030531
<Jan21-2022> <00:37:52>      2      0.02424311      0.00276688    100.0
<Jan21-2022> <00:37:56>      3      0.01459030      0.00188405    100.0
<Jan21-2022> <00:38:01>      4      0.01504940      0.00172223      0.7
<Jan21-2022> <00:38:07>      5      0.00038842      0.00005526      0.0
<Jan21-2022> <00:38:12>      6      0.00009391      0.00000934      0.0
<Jan21-2022> <00:38:17>      7      0.00001481      0.00000173      0.0
<Jan21-2022> <00:38:22>      8      0.00000527      0.00000074      0.0
<Jan21-2022> <00:38:23>  SCF converged
<Jan21-2022> <00:38:27>      9      0.00000081      0.00000010      0.0
<Jan21-2022> <00:38:28>  >>>> TOTEN
<Jan21-2022> <00:38:35>  >>>> POPAN
<Jan21-2022> <00:38:35>  >>>> DEBYE
<Jan21-2022> <00:38:35>  >>>> ENGRAD
<Jan21-2022> <00:38:38>  current energy                               -0.62853719 Hartree
<Jan21-2022> <00:38:38>  energy change                      -0.01068786     0.00004000    F
<Jan21-2022> <00:38:38>  constrained gradient max            0.13347270     0.00100000    F
<Jan21-2022> <00:38:38>  constrained gradient rms            0.05213982     0.00066667    F
<Jan21-2022> <00:38:38>  gradient max                        0.13347270
<Jan21-2022> <00:38:38>  gradient rms                        0.05213982
<Jan21-2022> <00:38:38>  cart. step max                      0.07281860     0.01000000    F
<Jan21-2022> <00:38:38>  cart. step rms                      0.03354442     0.00666667    F
<Jan21-2022> <00:38:38>  Iteration 3
<Jan21-2022> <00:38:38>  *** GOStep3 ***
<Jan21-2022> <00:38:38>  >>>> FRAGM
<Jan21-2022> <00:38:38>  Coordinates
<Jan21-2022> <00:38:38>     Atom         X           Y           Z   (Angstrom)
<Jan21-2022> <00:38:38>     1.H         2.040892   -0.811882   -0.042127
<Jan21-2022> <00:38:38>     2.C         0.972147   -0.585028   -0.037269
<Jan21-2022> <00:38:38>     3.H         0.630782   -0.166253    0.915368
<Jan21-2022> <00:38:38>     4.H         0.709620    0.063981   -0.835972
<Jan21-2022> <00:38:38>  >>>> CORORT
<Jan21-2022> <00:38:38>  >>>> CLSMAT
<Jan21-2022> <00:38:38>  >>>> ORTHON
<Jan21-2022> <00:38:38>  >>>> GENPT
<Jan21-2022> <00:38:39>  Block Length= 128
<Jan21-2022> <00:38:39>  >>>> PTBAS
<Jan21-2022> <00:38:39>  >>>> CYCLE
<Jan21-2022> <00:38:42>  using orbital data from restart file
<Jan21-2022> <00:38:46>              |Error|         MaxErr       Wt(A-DIIS)
<Jan21-2022> <00:38:46>      1      0.30478414      0.08077309
<Jan21-2022> <00:38:51>      2      0.04288924      0.00506841    100.0
<Jan21-2022> <00:38:56>      3      0.02632068      0.00344924    100.0
<Jan21-2022> <00:39:02>      4      0.02595773      0.00279750      1.8
<Jan21-2022> <00:39:07>      5      0.00090493      0.00014295      0.0
<Jan21-2022> <00:39:12>      6      0.00016321      0.00002220      0.0
<Jan21-2022> <00:39:17>      7      0.00004639      0.00000616      0.0
<Jan21-2022> <00:39:22>      8      0.00001183      0.00000197      0.0
<Jan21-2022> <00:39:27>      9      0.00000138      0.00000015      0.0
<Jan21-2022> <00:39:28>  SCF converged
<Jan21-2022> <00:39:33>     10      0.00000030      0.00000004      0.0
<Jan21-2022> <00:39:34>  >>>> TOTEN
<Jan21-2022> <00:39:40>  >>>> POPAN
<Jan21-2022> <00:39:40>  >>>> DEBYE
<Jan21-2022> <00:39:40>  >>>> ENGRAD
<Jan21-2022> <00:39:43>  current energy                               -0.63918818 Hartree
<Jan21-2022> <00:39:43>  energy change                      -0.01065098     0.00004000    F
<Jan21-2022> <00:39:43>  constrained gradient max            0.04017636     0.00100000    F
<Jan21-2022> <00:39:43>  constrained gradient rms            0.02447855     0.00066667    F
<Jan21-2022> <00:39:43>  gradient max                        0.04017636
<Jan21-2022> <00:39:43>  gradient rms                        0.02447855
<Jan21-2022> <00:39:43>  cart. step max                      0.05066219     0.01000000    F
<Jan21-2022> <00:39:43>  cart. step rms                      0.02572289     0.00666667    F
<Jan21-2022> <00:39:43>  Iteration 4
<Jan21-2022> <00:39:44>  *** GOStep4 ***
<Jan21-2022> <00:39:44>  >>>> FRAGM
<Jan21-2022> <00:39:44>  Coordinates
<Jan21-2022> <00:39:44>     Atom         X           Y           Z   (Angstrom)
<Jan21-2022> <00:39:44>     1.H         2.043652   -0.836604   -0.027403
<Jan21-2022> <00:39:44>     2.C         0.995916   -0.534366   -0.030120
<Jan21-2022> <00:39:44>     3.H         0.629889   -0.191278    0.939054
<Jan21-2022> <00:39:44>     4.H         0.683984    0.063066   -0.881531
<Jan21-2022> <00:39:44>  >>>> CORORT
<Jan21-2022> <00:39:44>  >>>> CLSMAT
<Jan21-2022> <00:39:44>  >>>> ORTHON
<Jan21-2022> <00:39:44>  >>>> GENPT
<Jan21-2022> <00:39:44>  Block Length= 128
<Jan21-2022> <00:39:44>  >>>> PTBAS
<Jan21-2022> <00:39:45>  >>>> CYCLE
<Jan21-2022> <00:39:47>  using orbital data from restart file
<Jan21-2022> <00:39:52>              |Error|         MaxErr       Wt(A-DIIS)
<Jan21-2022> <00:39:52>      1      0.08283935      0.01529630
<Jan21-2022> <00:39:57>      2      0.02452429      0.00349152    100.0
<Jan21-2022> <00:40:02>      3      0.01982268      0.00285660    100.0
<Jan21-2022> <00:40:07>      4      0.01947520      0.00280745      1.8
<Jan21-2022> <00:40:12>      5      0.00603874      0.00110285      0.1
<Jan21-2022> <00:40:17>      6      0.00033788      0.00004610      0.0
<Jan21-2022> <00:40:22>      7      0.00022010      0.00003014      0.0
<Jan21-2022> <00:40:28>      8      0.00002610      0.00000315      0.0
<Jan21-2022> <00:40:33>      9      0.00000197      0.00000022      0.0
<Jan21-2022> <00:40:33>  SCF converged
<Jan21-2022> <00:40:37>     10      0.00000060      0.00000008      0.0
<Jan21-2022> <00:40:38>  >>>> TOTEN
<Jan21-2022> <00:40:45>  >>>> POPAN
<Jan21-2022> <00:40:45>  >>>> DEBYE
<Jan21-2022> <00:40:45>  >>>> ENGRAD
<Jan21-2022> <00:40:48>  current energy                               -0.64388726 Hartree
<Jan21-2022> <00:40:48>  energy change                      -0.00469909     0.00004000    F
<Jan21-2022> <00:40:48>  constrained gradient max            0.03084097     0.00100000    F
<Jan21-2022> <00:40:48>  constrained gradient rms            0.01331012     0.00066667    F
<Jan21-2022> <00:40:48>  gradient max                        0.03084097
<Jan21-2022> <00:40:48>  gradient rms                        0.01331012
<Jan21-2022> <00:40:48>  cart. step max                      0.06275230     0.01000000    F
<Jan21-2022> <00:40:48>  cart. step rms                      0.02425708     0.00666667    F
<Jan21-2022> <00:40:48>  Iteration 5
<Jan21-2022> <00:40:48>  *** GOStep5 ***
<Jan21-2022> <00:40:48>  >>>> FRAGM
<Jan21-2022> <00:40:48>  Coordinates
<Jan21-2022> <00:40:48>     Atom         X           Y           Z   (Angstrom)
<Jan21-2022> <00:40:48>     1.H         2.039870   -0.860261   -0.027170
<Jan21-2022> <00:40:48>     2.C         1.025241   -0.471614   -0.022404
<Jan21-2022> <00:40:48>     3.H         0.619102   -0.213787    0.950603
<Jan21-2022> <00:40:48>     4.H         0.669227    0.046480   -0.901029
<Jan21-2022> <00:40:48>  >>>> CORORT
<Jan21-2022> <00:40:48>  >>>> CLSMAT
<Jan21-2022> <00:40:48>  >>>> ORTHON
<Jan21-2022> <00:40:48>  >>>> GENPT
<Jan21-2022> <00:40:48>  Block Length= 128
<Jan21-2022> <00:40:49>  >>>> PTBAS
<Jan21-2022> <00:40:49>  >>>> CYCLE
<Jan21-2022> <00:40:52>  using orbital data from restart file
<Jan21-2022> <00:40:57>              |Error|         MaxErr       Wt(A-DIIS)
<Jan21-2022> <00:40:57>      1      0.07635390      0.01438340
<Jan21-2022> <00:41:02>      2      0.03006205      0.00412399    100.0
<Jan21-2022> <00:41:07>      3      0.02022295      0.00289184    100.0
<Jan21-2022> <00:41:12>      4      0.01399375      0.00237423      1.4
<Jan21-2022> <00:41:18>      5      0.00080389      0.00012994      0.0
<Jan21-2022> <00:41:23>      6      0.00009647      0.00001115      0.0
<Jan21-2022> <00:41:28>      7      0.00001489      0.00000189      0.0
<Jan21-2022> <00:41:33>      8      0.00000481      0.00000054      0.0
<Jan21-2022> <00:41:33>  SCF converged
<Jan21-2022> <00:41:38>      9      0.00000280      0.00000039      0.0
<Jan21-2022> <00:41:39>  >>>> TOTEN
<Jan21-2022> <00:41:45>  >>>> POPAN
<Jan21-2022> <00:41:45>  >>>> DEBYE
<Jan21-2022> <00:41:45>  >>>> ENGRAD
<Jan21-2022> <00:41:49>  current energy                               -0.64641295 Hartree
<Jan21-2022> <00:41:49>  energy change                      -0.00252569     0.00004000    F
<Jan21-2022> <00:41:49>  constrained gradient max            0.01615978     0.00100000    F
<Jan21-2022> <00:41:49>  constrained gradient rms            0.00749094     0.00066667    F
<Jan21-2022> <00:41:49>  gradient max                        0.01615978
<Jan21-2022> <00:41:49>  gradient rms                        0.00749094
<Jan21-2022> <00:41:49>  cart. step max                      0.04256834     0.01000000    F
<Jan21-2022> <00:41:49>  cart. step rms                      0.01843417     0.00666667    F
<Jan21-2022> <00:41:49>  Iteration 6
<Jan21-2022> <00:41:49>  *** GOStep6 ***
<Jan21-2022> <00:41:49>  >>>> FRAGM
<Jan21-2022> <00:41:49>  Coordinates
<Jan21-2022> <00:41:49>     Atom         X           Y           Z   (Angstrom)
<Jan21-2022> <00:41:49>     1.H         2.039777   -0.879320   -0.036492
<Jan21-2022> <00:41:49>     2.C         1.054742   -0.429045   -0.008936
<Jan21-2022> <00:41:49>     3.H         0.600811   -0.224324    0.951521
<Jan21-2022> <00:41:49>     4.H         0.658110    0.033507   -0.906093
<Jan21-2022> <00:41:49>  >>>> CORORT
<Jan21-2022> <00:41:49>  >>>> CLSMAT
<Jan21-2022> <00:41:49>  >>>> ORTHON
<Jan21-2022> <00:41:49>  >>>> GENPT
<Jan21-2022> <00:41:49>  Block Length= 128
<Jan21-2022> <00:41:49>  >>>> PTBAS
<Jan21-2022> <00:41:50>  >>>> CYCLE
<Jan21-2022> <00:41:53>  using orbital data from restart file
<Jan21-2022> <00:41:57>              |Error|         MaxErr       Wt(A-DIIS)
<Jan21-2022> <00:41:57>      1      0.06087989      0.00841819
<Jan21-2022> <00:42:02>      2      0.02598846      0.00350248    100.0
<Jan21-2022> <00:42:08>      3      0.01732409      0.00246977    100.0
<Jan21-2022> <00:42:13>      4      0.01241464      0.00203599      1.0
<Jan21-2022> <00:42:18>      5      0.00067785      0.00010582      0.0
<Jan21-2022> <00:42:23>      6      0.00010035      0.00001120      0.0
<Jan21-2022> <00:42:28>      7      0.00001348      0.00000170      0.0
<Jan21-2022> <00:42:33>      8      0.00000189      0.00000023      0.0
<Jan21-2022> <00:42:34>  SCF converged
<Jan21-2022> <00:42:38>      9      0.00000054      0.00000006      0.0
<Jan21-2022> <00:42:39>  >>>> TOTEN
<Jan21-2022> <00:42:46>  >>>> POPAN
<Jan21-2022> <00:42:46>  >>>> DEBYE
<Jan21-2022> <00:42:46>  >>>> ENGRAD
<Jan21-2022> <00:42:49>  current energy                               -0.64742785 Hartree
<Jan21-2022> <00:42:49>  energy change                      -0.00101490     0.00004000    F
<Jan21-2022> <00:42:49>  constrained gradient max            0.00646149     0.00100000    F
<Jan21-2022> <00:42:49>  constrained gradient rms            0.00309945     0.00066667    F
<Jan21-2022> <00:42:49>  gradient max                        0.00646149
<Jan21-2022> <00:42:49>  gradient rms                        0.00309945
<Jan21-2022> <00:42:49>  cart. step max                      0.03559794     0.01000000    F
<Jan21-2022> <00:42:49>  cart. step rms                      0.01468663     0.00666667    F
<Jan21-2022> <00:42:49>  Iteration 7
<Jan21-2022> <00:42:49>  *** GOStep7 ***
<Jan21-2022> <00:42:49>  >>>> FRAGM
<Jan21-2022> <00:42:49>  Coordinates
<Jan21-2022> <00:42:49>     Atom         X           Y           Z   (Angstrom)
<Jan21-2022> <00:42:49>     1.H         2.037000   -0.893655   -0.041939
<Jan21-2022> <00:42:49>     2.C         1.078404   -0.393447   -0.001919
<Jan21-2022> <00:42:49>     3.H         0.588224   -0.233455    0.948488
<Jan21-2022> <00:42:49>     4.H         0.649813    0.021376   -0.904630
<Jan21-2022> <00:42:49>  >>>> CORORT
<Jan21-2022> <00:42:49>  >>>> CLSMAT
<Jan21-2022> <00:42:49>  >>>> ORTHON
<Jan21-2022> <00:42:49>  >>>> GENPT
<Jan21-2022> <00:42:49>  Block Length= 128
<Jan21-2022> <00:42:50>  >>>> PTBAS
<Jan21-2022> <00:42:50>  >>>> CYCLE
<Jan21-2022> <00:42:53>  using orbital data from restart file
<Jan21-2022> <00:42:57>              |Error|         MaxErr       Wt(A-DIIS)
<Jan21-2022> <00:42:57>      1      0.04805587      0.00831315
<Jan21-2022> <00:43:03>      2      0.02203599      0.00293151    100.0
<Jan21-2022> <00:43:08>      3      0.02085833      0.00279847    100.0
<Jan21-2022> <00:43:13>      4      0.02084032      0.00279544      1.8
<Jan21-2022> <00:43:18>      5      0.01345740      0.00215958      1.2
<Jan21-2022> <00:43:23>      6      0.00127651      0.00013519      0.0
<Jan21-2022> <00:43:28>      7      0.00129000      0.00016993      0.0
<Jan21-2022> <00:43:33>      8      0.00004228      0.00000445      0.0
<Jan21-2022> <00:43:38>      9      0.00001871      0.00000243      0.0
<Jan21-2022> <00:43:43>     10      0.00001716      0.00000260      0.0
<Jan21-2022> <00:43:48>     11      0.00001668      0.00000247      0.0
<Jan21-2022> <00:43:54>     12      0.00001671      0.00000249      0.0
<Jan21-2022> <00:43:59>     13      0.00001662      0.00000248      0.0
<Jan21-2022> <00:44:04>     14      0.00000049      0.00000009      0.0
<Jan21-2022> <00:44:05>  SCF converged
<Jan21-2022> <00:44:09>     15      0.00000009      0.00000001      0.0
<Jan21-2022> <00:44:10>  >>>> TOTEN
<Jan21-2022> <00:44:16>  >>>> POPAN
<Jan21-2022> <00:44:16>  >>>> DEBYE
<Jan21-2022> <00:44:16>  >>>> ENGRAD
<Jan21-2022> <00:44:20>  current energy                               -0.64774195 Hartree
<Jan21-2022> <00:44:20>  energy change                      -0.00031410     0.00004000    F
<Jan21-2022> <00:44:20>  constrained gradient max            0.00226492     0.00100000    F
<Jan21-2022> <00:44:20>  constrained gradient rms            0.00126838     0.00066667    F
<Jan21-2022> <00:44:20>  gradient max                        0.00226492
<Jan21-2022> <00:44:20>  gradient rms                        0.00126838
<Jan21-2022> <00:44:20>  cart. step max                      0.01558833     0.01000000    F
<Jan21-2022> <00:44:20>  cart. step rms                      0.00604972     0.00666667    T
<Jan21-2022> <00:44:20>  Iteration 8
<Jan21-2022> <00:44:20>  *** GOStep8 ***
<Jan21-2022> <00:44:20>  >>>> FRAGM
<Jan21-2022> <00:44:20>  Coordinates
<Jan21-2022> <00:44:20>     Atom         X           Y           Z   (Angstrom)
<Jan21-2022> <00:44:20>     1.H         2.034691   -0.899350   -0.041821
<Jan21-2022> <00:44:20>     2.C         1.087344   -0.377859   -0.000160
<Jan21-2022> <00:44:20>     3.H         0.585440   -0.238849    0.948484
<Jan21-2022> <00:44:20>     4.H         0.645966    0.016876   -0.906504
<Jan21-2022> <00:44:20>  >>>> CORORT
<Jan21-2022> <00:44:20>  >>>> CLSMAT
<Jan21-2022> <00:44:20>  >>>> ORTHON
<Jan21-2022> <00:44:20>  >>>> GENPT
<Jan21-2022> <00:44:20>  Block Length= 128
<Jan21-2022> <00:44:20>  >>>> PTBAS
<Jan21-2022> <00:44:21>  >>>> CYCLE
<Jan21-2022> <00:44:24>  using orbital data from restart file
<Jan21-2022> <00:44:28>              |Error|         MaxErr       Wt(A-DIIS)
<Jan21-2022> <00:44:28>      1      0.02007454      0.00326762
<Jan21-2022> <00:44:33>      2      0.00935288      0.00129529    100.0
<Jan21-2022> <00:44:38>      3      0.00683813      0.00111704    100.0
<Jan21-2022> <00:44:43>      4      0.00242198      0.00031725      0.0
<Jan21-2022> <00:44:49>      5      0.00061739      0.00008079      0.0
<Jan21-2022> <00:44:54>      6      0.00002036      0.00000230      0.0
<Jan21-2022> <00:44:59>      7      0.00000120      0.00000021      0.0
<Jan21-2022> <00:45:00>  SCF converged
<Jan21-2022> <00:45:04>      8      0.00000022      0.00000003      0.0
<Jan21-2022> <00:45:05>  >>>> TOTEN
<Jan21-2022> <00:45:11>  >>>> POPAN
<Jan21-2022> <00:45:11>  >>>> DEBYE
<Jan21-2022> <00:45:11>  >>>> ENGRAD
<Jan21-2022> <00:45:14>  current energy                               -0.64778042 Hartree
<Jan21-2022> <00:45:14>  energy change                      -0.00003847     0.00004000    T
<Jan21-2022> <00:45:14>  constrained gradient max            0.00100384     0.00100000    F
<Jan21-2022> <00:45:14>  constrained gradient rms            0.00051469     0.00066667    T
<Jan21-2022> <00:45:14>  gradient max                        0.00100384
<Jan21-2022> <00:45:14>  gradient rms                        0.00051469
<Jan21-2022> <00:45:14>  cart. step max                      0.00311587     0.01000000    T
<Jan21-2022> <00:45:14>  cart. step rms                      0.00118216     0.00666667    T
<Jan21-2022> <00:45:14>  Iteration 9
<Jan21-2022> <00:45:15>  *** GOStep9 ***
<Jan21-2022> <00:45:15>  >>>> FRAGM
<Jan21-2022> <00:45:15>  Coordinates
<Jan21-2022> <00:45:15>     Atom         X           Y           Z   (Angstrom)
<Jan21-2022> <00:45:15>     1.H         2.034149   -0.900317   -0.041762
<Jan21-2022> <00:45:15>     2.C         1.088481   -0.374743    0.000065
<Jan21-2022> <00:45:15>     3.H         0.585207   -0.240112    0.949313
<Jan21-2022> <00:45:15>     4.H         0.645604    0.015990   -0.907615
<Jan21-2022> <00:45:15>  >>>> CORORT
<Jan21-2022> <00:45:15>  >>>> CLSMAT
<Jan21-2022> <00:45:15>  >>>> ORTHON
<Jan21-2022> <00:45:15>  >>>> GENPT
<Jan21-2022> <00:45:15>  Block Length= 128
<Jan21-2022> <00:45:15>  >>>> PTBAS
<Jan21-2022> <00:45:16>  >>>> CYCLE
<Jan21-2022> <00:45:19>  using orbital data from restart file
<Jan21-2022> <00:45:23>              |Error|         MaxErr       Wt(A-DIIS)
<Jan21-2022> <00:45:23>      1      0.00401846      0.00069905
<Jan21-2022> <00:45:28>      2      0.00172804      0.00023913    100.0
<Jan21-2022> <00:45:34>      3      0.00129939      0.00020666    100.0
<Jan21-2022> <00:45:39>      4      0.00049452      0.00005126      0.0
<Jan21-2022> <00:45:44>      5      0.00010455      0.00001334      0.0
<Jan21-2022> <00:45:49>      6      0.00000711      0.00000081      0.0
<Jan21-2022> <00:45:50>  SCF converged
<Jan21-2022> <00:45:54>      7      0.00000061      0.00000011      0.0
<Jan21-2022> <00:45:55>  >>>> TOTEN
<Jan21-2022> <00:46:01>  >>>> POPAN
<Jan21-2022> <00:46:01>  >>>> DEBYE
<Jan21-2022> <00:46:01>  >>>> ENGRAD
<Jan21-2022> <00:46:05>  current energy                               -0.64778253 Hartree
<Jan21-2022> <00:46:05>  energy change                      -0.00000211     0.00004000    T
<Jan21-2022> <00:46:05>  constrained gradient max            0.00026933     0.00100000    T
<Jan21-2022> <00:46:05>  constrained gradient rms            0.00012627     0.00066667    T
<Jan21-2022> <00:46:05>  gradient max                        0.00026933
<Jan21-2022> <00:46:05>  gradient rms                        0.00012627
<Jan21-2022> <00:46:05>  cart. step max                      0.00013068     0.01000000    T
<Jan21-2022> <00:46:05>  cart. step rms                      0.00007016     0.00666667    T
<Jan21-2022> <00:46:05>  Geometry optimization converged
<Jan21-2022> <00:46:05>  *** adf ***
<Jan21-2022> <00:46:05>  Net Charge: 0 (Nuclei minus Electrons)
<Jan21-2022> <00:46:05>  Spin polar: 1 (Spin_A minus Spin_B electrons)
<Jan21-2022> <00:46:05>  Symmetry  : NOSYM
<Jan21-2022> <00:46:05>  >>>> FRAGM
<Jan21-2022> <00:46:05>  Coordinates
<Jan21-2022> <00:46:05>     Atom         X           Y           Z   (Angstrom)
<Jan21-2022> <00:46:05>     1.H         2.034149   -0.900317   -0.041762
<Jan21-2022> <00:46:05>     2.C         1.088481   -0.374743    0.000065
<Jan21-2022> <00:46:05>     3.H         0.585207   -0.240112    0.949313
<Jan21-2022> <00:46:05>     4.H         0.645604    0.015990   -0.907615
<Jan21-2022> <00:46:05>  >>>> CORORT
<Jan21-2022> <00:46:05>  >>>> CLSMAT
<Jan21-2022> <00:46:05>  >>>> ORTHON
<Jan21-2022> <00:46:05>  >>>> GENPT
<Jan21-2022> <00:46:05>  Block Length= 128
<Jan21-2022> <00:46:05>  >>>> PTBAS
<Jan21-2022> <00:46:06>  >>>> CYCLE
<Jan21-2022> <00:46:09>  using orbital data from restart file
<Jan21-2022> <00:46:13>              |Error|         MaxErr       Wt(A-DIIS)
<Jan21-2022> <00:46:13>      1      0.00000005      0.00000001
<Jan21-2022> <00:46:18>      2      0.00000004      0.00000001    100.0
<Jan21-2022> <00:46:19>  SCF converged
<Jan21-2022> <00:46:24>      3      0.00000002      0.00000000    100.0
<Jan21-2022> <00:46:29>  >>>> TOTEN
<Jan21-2022> <00:46:38>  >>>> POPAN
<Jan21-2022> <00:46:38>  >>>> DEBYE
<Jan21-2022> <00:46:38>  >>>> AMETS
<Jan21-2022> <00:46:38>   Bond Energy          -0.64778253 a.u.
<Jan21-2022> <00:46:38>   Bond Energy         -17.62705951 eV
<Jan21-2022> <00:46:38>   Bond Energy        -406.49       kcal/mol
<Jan21-2022> <00:46:38>  >>>> POPUL
<Jan21-2022> <00:46:38>  >>>> ENGRAD
<Jan21-2022> <00:46:42>  >>>> ENHESS
<Jan21-2022> <00:46:44>  === NUCLEUS:     1
<Jan21-2022> <00:48:27>  === NUCLEUS:     2
<Jan21-2022> <00:50:05>  === NUCLEUS:     3
<Jan21-2022> <00:51:44>  === NUCLEUS:     4
<Jan21-2022> <00:53:14>  >>>> CALC_HESS_PMAT
<Jan21-2022> <00:53:21>  >>>> CALC_HESS_WMAT
<Jan21-2022> <00:53:22>  PES point character: Geometry corresponds to a local minimum on the PES.
<Jan21-2022> <00:53:22>  Geometry optimization successful!
<Jan21-2022> <00:53:22>  NORMAL TERMINATION
