<Jan20-2022> <01:12:25>  AMS 2021.102  RunTime: Jan20-2022 01:12:25  ShM Nodes: 1  Procs: 1
<Jan20-2022> <01:12:25>  ADF 2021.102  RunTime: Jan20-2022 01:12:25  ShM Nodes: 1  Procs: 1
<Jan20-2022> <01:12:25>  *** (NO TITLE) ***
<Jan20-2022> <01:12:25>  Iteration 1
<Jan20-2022> <01:12:25>  DIRAC 2021.102  RunTime: Jan20-2022 01:12:25  ShM Nodes: 1  Procs: 1
<Jan20-2022> <01:12:25>  Hydrogen (TZ2P)
<Jan20-2022> <01:12:25>  Net Charge: 0 (Nuclei minus Electrons)
<Jan20-2022> <01:12:25>  Symmetry  : ATOM
<Jan20-2022> <01:12:25>  Coordinates
<Jan20-2022> <01:12:25>     Atom         X           Y           Z   (Angstrom)
<Jan20-2022> <01:12:25>     1.H         0.000000    0.000000    0.000000
<Jan20-2022> <01:12:25>  >>>> CORORT
<Jan20-2022> <01:12:25>  >>>> CLSMAT
<Jan20-2022> <01:12:25>  >>>> ORTHON
<Jan20-2022> <01:12:25>  >>>> GENPT
<Jan20-2022> <01:12:25>  Block Length=  64
<Jan20-2022> <01:12:25>  >>>> PTBAS
<Jan20-2022> <01:12:25>  >>>> CYCLE
<Jan20-2022> <01:12:26>              |Error|         MaxErr       Wt(A-DIIS)
<Jan20-2022> <01:12:26>      1      0.00000000      0.00000000
<Jan20-2022> <01:12:26>      2      0.03080019      0.02591482
<Jan20-2022> <01:12:26>      3      0.01140383      0.01135775    100.0
<Jan20-2022> <01:12:26>      4      0.00327656      0.00327407      2.3
<Jan20-2022> <01:12:26>      5      0.00010041      0.00009754      0.0
<Jan20-2022> <01:12:26>      6      0.00000525      0.00000504      0.0
<Jan20-2022> <01:12:26>      7      0.00000007      0.00000007      0.0
<Jan20-2022> <01:12:26>      8      0.00000000      0.00000000      0.0
<Jan20-2022> <01:12:26>  SCF converged
<Jan20-2022> <01:12:26>      9      0.00000000      0.00000000      0.0
<Jan20-2022> <01:12:26>  >>>> POPAN
<Jan20-2022> <01:12:26>  >>>> DEBYE
<Jan20-2022> <01:12:26>  DIRAC 2021.102  RunTime: Jan20-2022 01:12:26  ShM Nodes: 1  Procs: 1
<Jan20-2022> <01:12:26>  Carbon (TZ2P)
<Jan20-2022> <01:12:26>  Net Charge: 0 (Nuclei minus Electrons)
<Jan20-2022> <01:12:26>  Symmetry  : ATOM
<Jan20-2022> <01:12:26>  Coordinates
<Jan20-2022> <01:12:26>     Atom         X           Y           Z   (Angstrom)
<Jan20-2022> <01:12:26>     1.C         0.000000    0.000000    0.000000
<Jan20-2022> <01:12:26>  >>>> CORORT
<Jan20-2022> <01:12:26>  >>>> CLSMAT
<Jan20-2022> <01:12:26>  >>>> ORTHON
<Jan20-2022> <01:12:26>  >>>> GENPT
<Jan20-2022> <01:12:26>  Block Length=  72
<Jan20-2022> <01:12:26>  >>>> PTBAS
<Jan20-2022> <01:12:26>  >>>> CYCLE
<Jan20-2022> <01:12:26>              |Error|         MaxErr       Wt(A-DIIS)
<Jan20-2022> <01:12:26>      1      0.00000000      0.00000000
<Jan20-2022> <01:12:26>      2      4.48405934      3.32161898    100.0
<Jan20-2022> <01:12:26>      3      1.60718414      1.28408746    100.0
<Jan20-2022> <01:12:26>      4      0.76426456      0.62272052    100.0
<Jan20-2022> <01:12:26>      5      0.36119063      0.28553990    100.0
<Jan20-2022> <01:12:26>      6      0.14821424      0.11559867    100.0
<Jan20-2022> <01:12:26>      7      0.10108424      0.07867111     78.5
<Jan20-2022> <01:12:26>      8      0.01786531      0.01387049     13.0
<Jan20-2022> <01:12:26>      9      0.00195746      0.00153262      0.5
<Jan20-2022> <01:12:26>     10      0.00001058      0.00000730      0.0
<Jan20-2022> <01:12:26>     11      0.00000047      0.00000027      0.0
<Jan20-2022> <01:12:26>     12      0.00000003      0.00000002      0.0
<Jan20-2022> <01:12:26>     13      0.00000000      0.00000000      0.0
<Jan20-2022> <01:12:26>  SCF converged
<Jan20-2022> <01:12:26>     14      0.00000000      0.00000000      0.0
<Jan20-2022> <01:12:26>  >>>> POPAN
<Jan20-2022> <01:12:26>  >>>> DEBYE
<Jan20-2022> <01:12:27>  *** GOStep1 ***
<Jan20-2022> <01:12:27>  >>>> FRAGM
<Jan20-2022> <01:12:27>  Coordinates
<Jan20-2022> <01:12:27>     Atom         X           Y           Z   (Angstrom)
<Jan20-2022> <01:12:27>     1.H         2.053570   -0.803441    0.000000
<Jan20-2022> <01:12:27>     2.C         0.972937   -0.695741    0.000000
<Jan20-2022> <01:12:27>     3.H         0.663467   -0.150351    0.886617
<Jan20-2022> <01:12:27>     4.H         0.663467    0.150351   -0.886617
<Jan20-2022> <01:12:27>  >>>> CORORT
<Jan20-2022> <01:12:27>  >>>> CLSMAT
<Jan20-2022> <01:12:27>  >>>> ORTHON
<Jan20-2022> <01:12:27>  >>>> GENPT
<Jan20-2022> <01:12:27>  Block Length= 128
<Jan20-2022> <01:12:27>  >>>> PTBAS
<Jan20-2022> <01:12:27>  >>>> CYCLE
<Jan20-2022> <01:12:35>              |Error|         MaxErr       Wt(A-DIIS)
<Jan20-2022> <01:12:35>      1      1.82550844      0.37604047
<Jan20-2022> <01:12:39>      2      0.43473674      0.04919750    100.0
<Jan20-2022> <01:12:45>      3      0.41343507      0.05953285    100.0
<Jan20-2022> <01:12:49>      4      0.05484385      0.00563789      4.7
<Jan20-2022> <01:12:53>      5      0.01218287      0.00187576      0.9
<Jan20-2022> <01:12:58>      6      0.00143899      0.00017142      0.0
<Jan20-2022> <01:13:03>      7      0.00043138      0.00004931      0.0
<Jan20-2022> <01:13:08>      8      0.00015256      0.00001901      0.0
<Jan20-2022> <01:13:13>      9      0.00003797      0.00000480      0.0
<Jan20-2022> <01:13:18>     10      0.00000591      0.00000095      0.0
<Jan20-2022> <01:13:19>  SCF converged
<Jan20-2022> <01:13:23>     11      0.00000154      0.00000025      0.0
<Jan20-2022> <01:13:24>  >>>> TOTEN
<Jan20-2022> <01:13:30>  >>>> POPAN
<Jan20-2022> <01:13:30>  >>>> DEBYE
<Jan20-2022> <01:13:30>  >>>> ENGRAD
<Jan20-2022> <01:13:33>  current energy                               -0.61784933 Hartree
<Jan20-2022> <01:13:33>  energy change                      -0.61784933     0.00004000    F
<Jan20-2022> <01:13:33>  constrained gradient max            0.16087428     0.00100000    F
<Jan20-2022> <01:13:33>  constrained gradient rms            0.06525784     0.00066667    F
<Jan20-2022> <01:13:33>  gradient max                        0.16087428
<Jan20-2022> <01:13:33>  gradient rms                        0.06525784
<Jan20-2022> <01:13:33>  cart. step max                      0.03789453     0.01000000    F
<Jan20-2022> <01:13:33>  cart. step rms                      0.01692117     0.00666667    F
<Jan20-2022> <01:13:33>  Iteration 2
<Jan20-2022> <01:13:34>  *** GOStep2 ***
<Jan20-2022> <01:13:34>  >>>> FRAGM
<Jan20-2022> <01:13:34>  Coordinates
<Jan20-2022> <01:13:34>     Atom         X           Y           Z   (Angstrom)
<Jan20-2022> <01:13:34>     1.H         2.052753   -0.808464   -0.016502
<Jan20-2022> <01:13:34>     2.C         0.973431   -0.657847   -0.010312
<Jan20-2022> <01:13:34>     3.H         0.648892   -0.155785    0.903096
<Jan20-2022> <01:13:34>     4.H         0.678365    0.122913   -0.876282
<Jan20-2022> <01:13:34>  >>>> CORORT
<Jan20-2022> <01:13:34>  >>>> CLSMAT
<Jan20-2022> <01:13:34>  >>>> ORTHON
<Jan20-2022> <01:13:34>  >>>> GENPT
<Jan20-2022> <01:13:34>  Block Length= 128
<Jan20-2022> <01:13:34>  >>>> PTBAS
<Jan20-2022> <01:13:35>  >>>> CYCLE
<Jan20-2022> <01:13:38>  using orbital data from restart file
<Jan20-2022> <01:13:42>              |Error|         MaxErr       Wt(A-DIIS)
<Jan20-2022> <01:13:42>      1      0.11646284      0.03030531
<Jan20-2022> <01:13:47>      2      0.02424311      0.00276688    100.0
<Jan20-2022> <01:13:52>      3      0.01459030      0.00188405    100.0
<Jan20-2022> <01:13:56>      4      0.01504940      0.00172223      0.7
<Jan20-2022> <01:14:01>      5      0.00038842      0.00005526      0.0
<Jan20-2022> <01:14:07>      6      0.00009391      0.00000934      0.0
<Jan20-2022> <01:14:12>      7      0.00001481      0.00000173      0.0
<Jan20-2022> <01:14:16>      8      0.00000527      0.00000074      0.0
<Jan20-2022> <01:14:17>  SCF converged
<Jan20-2022> <01:14:22>      9      0.00000081      0.00000010      0.0
<Jan20-2022> <01:14:22>  >>>> TOTEN
<Jan20-2022> <01:14:29>  >>>> POPAN
<Jan20-2022> <01:14:29>  >>>> DEBYE
<Jan20-2022> <01:14:29>  >>>> ENGRAD
<Jan20-2022> <01:14:32>  current energy                               -0.62853719 Hartree
<Jan20-2022> <01:14:32>  energy change                      -0.01068786     0.00004000    F
<Jan20-2022> <01:14:32>  constrained gradient max            0.13347270     0.00100000    F
<Jan20-2022> <01:14:32>  constrained gradient rms            0.05213982     0.00066667    F
<Jan20-2022> <01:14:32>  gradient max                        0.13347270
<Jan20-2022> <01:14:32>  gradient rms                        0.05213982
<Jan20-2022> <01:14:32>  cart. step max                      0.07281860     0.01000000    F
<Jan20-2022> <01:14:32>  cart. step rms                      0.03354442     0.00666667    F
<Jan20-2022> <01:14:32>  Iteration 3
<Jan20-2022> <01:14:32>  *** GOStep3 ***
<Jan20-2022> <01:14:32>  >>>> FRAGM
<Jan20-2022> <01:14:32>  Coordinates
<Jan20-2022> <01:14:32>     Atom         X           Y           Z   (Angstrom)
<Jan20-2022> <01:14:32>     1.H         2.040892   -0.811882   -0.042127
<Jan20-2022> <01:14:32>     2.C         0.972147   -0.585028   -0.037269
<Jan20-2022> <01:14:32>     3.H         0.630782   -0.166253    0.915368
<Jan20-2022> <01:14:32>     4.H         0.709620    0.063981   -0.835972
<Jan20-2022> <01:14:32>  >>>> CORORT
<Jan20-2022> <01:14:32>  >>>> CLSMAT
<Jan20-2022> <01:14:32>  >>>> ORTHON
<Jan20-2022> <01:14:32>  >>>> GENPT
<Jan20-2022> <01:14:33>  Block Length= 128
<Jan20-2022> <01:14:33>  >>>> PTBAS
<Jan20-2022> <01:14:33>  >>>> CYCLE
<Jan20-2022> <01:14:36>  using orbital data from restart file
<Jan20-2022> <01:14:40>              |Error|         MaxErr       Wt(A-DIIS)
<Jan20-2022> <01:14:40>      1      0.30478414      0.08077309
<Jan20-2022> <01:14:45>      2      0.04288924      0.00506841    100.0
<Jan20-2022> <01:14:50>      3      0.02632068      0.00344924    100.0
<Jan20-2022> <01:14:55>      4      0.02595773      0.00279750      1.8
<Jan20-2022> <01:15:00>      5      0.00090493      0.00014295      0.0
<Jan20-2022> <01:15:05>      6      0.00016321      0.00002220      0.0
<Jan20-2022> <01:15:10>      7      0.00004639      0.00000616      0.0
<Jan20-2022> <01:15:15>      8      0.00001183      0.00000197      0.0
<Jan20-2022> <01:15:20>      9      0.00000138      0.00000015      0.0
<Jan20-2022> <01:15:21>  SCF converged
<Jan20-2022> <01:15:25>     10      0.00000030      0.00000004      0.0
<Jan20-2022> <01:15:26>  >>>> TOTEN
<Jan20-2022> <01:15:32>  >>>> POPAN
<Jan20-2022> <01:15:32>  >>>> DEBYE
<Jan20-2022> <01:15:32>  >>>> ENGRAD
<Jan20-2022> <01:15:36>  current energy                               -0.63918818 Hartree
<Jan20-2022> <01:15:36>  energy change                      -0.01065098     0.00004000    F
<Jan20-2022> <01:15:36>  constrained gradient max            0.04017636     0.00100000    F
<Jan20-2022> <01:15:36>  constrained gradient rms            0.02447855     0.00066667    F
<Jan20-2022> <01:15:36>  gradient max                        0.04017636
<Jan20-2022> <01:15:36>  gradient rms                        0.02447855
<Jan20-2022> <01:15:36>  cart. step max                      0.05066219     0.01000000    F
<Jan20-2022> <01:15:36>  cart. step rms                      0.02572289     0.00666667    F
<Jan20-2022> <01:15:36>  Iteration 4
<Jan20-2022> <01:15:36>  *** GOStep4 ***
<Jan20-2022> <01:15:36>  >>>> FRAGM
<Jan20-2022> <01:15:36>  Coordinates
<Jan20-2022> <01:15:36>     Atom         X           Y           Z   (Angstrom)
<Jan20-2022> <01:15:36>     1.H         2.043652   -0.836604   -0.027403
<Jan20-2022> <01:15:36>     2.C         0.995916   -0.534366   -0.030120
<Jan20-2022> <01:15:36>     3.H         0.629889   -0.191278    0.939054
<Jan20-2022> <01:15:36>     4.H         0.683984    0.063066   -0.881531
<Jan20-2022> <01:15:36>  >>>> CORORT
<Jan20-2022> <01:15:36>  >>>> CLSMAT
<Jan20-2022> <01:15:36>  >>>> ORTHON
<Jan20-2022> <01:15:36>  >>>> GENPT
<Jan20-2022> <01:15:36>  Block Length= 128
<Jan20-2022> <01:15:36>  >>>> PTBAS
<Jan20-2022> <01:15:37>  >>>> CYCLE
<Jan20-2022> <01:15:40>  using orbital data from restart file
<Jan20-2022> <01:15:44>              |Error|         MaxErr       Wt(A-DIIS)
<Jan20-2022> <01:15:44>      1      0.08283935      0.01529630
<Jan20-2022> <01:15:49>      2      0.02452429      0.00349152    100.0
<Jan20-2022> <01:15:54>      3      0.01982268      0.00285660    100.0
<Jan20-2022> <01:15:59>      4      0.01947520      0.00280745      1.8
<Jan20-2022> <01:16:04>      5      0.00603874      0.00110285      0.1
<Jan20-2022> <01:16:09>      6      0.00033788      0.00004610      0.0
<Jan20-2022> <01:16:14>      7      0.00022010      0.00003014      0.0
<Jan20-2022> <01:16:19>      8      0.00002610      0.00000315      0.0
<Jan20-2022> <01:16:24>      9      0.00000197      0.00000022      0.0
<Jan20-2022> <01:16:25>  SCF converged
<Jan20-2022> <01:16:29>     10      0.00000060      0.00000008      0.0
<Jan20-2022> <01:16:30>  >>>> TOTEN
<Jan20-2022> <01:16:36>  >>>> POPAN
<Jan20-2022> <01:16:36>  >>>> DEBYE
<Jan20-2022> <01:16:36>  >>>> ENGRAD
<Jan20-2022> <01:16:39>  current energy                               -0.64388726 Hartree
<Jan20-2022> <01:16:39>  energy change                      -0.00469909     0.00004000    F
<Jan20-2022> <01:16:39>  constrained gradient max            0.03084097     0.00100000    F
<Jan20-2022> <01:16:39>  constrained gradient rms            0.01331012     0.00066667    F
<Jan20-2022> <01:16:39>  gradient max                        0.03084097
<Jan20-2022> <01:16:39>  gradient rms                        0.01331012
<Jan20-2022> <01:16:39>  cart. step max                      0.06275230     0.01000000    F
<Jan20-2022> <01:16:39>  cart. step rms                      0.02425708     0.00666667    F
<Jan20-2022> <01:16:39>  Iteration 5
<Jan20-2022> <01:16:39>  *** GOStep5 ***
<Jan20-2022> <01:16:39>  >>>> FRAGM
<Jan20-2022> <01:16:39>  Coordinates
<Jan20-2022> <01:16:39>     Atom         X           Y           Z   (Angstrom)
<Jan20-2022> <01:16:39>     1.H         2.039870   -0.860261   -0.027170
<Jan20-2022> <01:16:39>     2.C         1.025241   -0.471614   -0.022404
<Jan20-2022> <01:16:39>     3.H         0.619102   -0.213787    0.950603
<Jan20-2022> <01:16:39>     4.H         0.669227    0.046480   -0.901029
<Jan20-2022> <01:16:39>  >>>> CORORT
<Jan20-2022> <01:16:39>  >>>> CLSMAT
<Jan20-2022> <01:16:39>  >>>> ORTHON
<Jan20-2022> <01:16:39>  >>>> GENPT
<Jan20-2022> <01:16:40>  Block Length= 128
<Jan20-2022> <01:16:40>  >>>> PTBAS
<Jan20-2022> <01:16:40>  >>>> CYCLE
<Jan20-2022> <01:16:43>  using orbital data from restart file
<Jan20-2022> <01:16:47>              |Error|         MaxErr       Wt(A-DIIS)
<Jan20-2022> <01:16:47>      1      0.07635390      0.01438340
<Jan20-2022> <01:16:52>      2      0.03006205      0.00412399    100.0
<Jan20-2022> <01:16:58>      3      0.02022295      0.00289184    100.0
<Jan20-2022> <01:17:03>      4      0.01399375      0.00237423      1.4
<Jan20-2022> <01:17:08>      5      0.00080389      0.00012994      0.0
<Jan20-2022> <01:17:13>      6      0.00009647      0.00001115      0.0
<Jan20-2022> <01:17:18>      7      0.00001489      0.00000189      0.0
<Jan20-2022> <01:17:23>      8      0.00000481      0.00000054      0.0
<Jan20-2022> <01:17:24>  SCF converged
<Jan20-2022> <01:17:28>      9      0.00000280      0.00000039      0.0
<Jan20-2022> <01:17:29>  >>>> TOTEN
<Jan20-2022> <01:17:35>  >>>> POPAN
<Jan20-2022> <01:17:35>  >>>> DEBYE
<Jan20-2022> <01:17:35>  >>>> ENGRAD
<Jan20-2022> <01:17:38>  current energy                               -0.64641295 Hartree
<Jan20-2022> <01:17:38>  energy change                      -0.00252569     0.00004000    F
<Jan20-2022> <01:17:38>  constrained gradient max            0.01615978     0.00100000    F
<Jan20-2022> <01:17:38>  constrained gradient rms            0.00749094     0.00066667    F
<Jan20-2022> <01:17:38>  gradient max                        0.01615978
<Jan20-2022> <01:17:38>  gradient rms                        0.00749094
<Jan20-2022> <01:17:38>  cart. step max                      0.04256834     0.01000000    F
<Jan20-2022> <01:17:38>  cart. step rms                      0.01843417     0.00666667    F
<Jan20-2022> <01:17:38>  Iteration 6
<Jan20-2022> <01:17:38>  *** GOStep6 ***
<Jan20-2022> <01:17:38>  >>>> FRAGM
<Jan20-2022> <01:17:38>  Coordinates
<Jan20-2022> <01:17:38>     Atom         X           Y           Z   (Angstrom)
<Jan20-2022> <01:17:38>     1.H         2.039777   -0.879320   -0.036492
<Jan20-2022> <01:17:38>     2.C         1.054742   -0.429045   -0.008936
<Jan20-2022> <01:17:38>     3.H         0.600811   -0.224324    0.951521
<Jan20-2022> <01:17:38>     4.H         0.658110    0.033507   -0.906093
<Jan20-2022> <01:17:38>  >>>> CORORT
<Jan20-2022> <01:17:38>  >>>> CLSMAT
<Jan20-2022> <01:17:38>  >>>> ORTHON
<Jan20-2022> <01:17:38>  >>>> GENPT
<Jan20-2022> <01:17:39>  Block Length= 128
<Jan20-2022> <01:17:39>  >>>> PTBAS
<Jan20-2022> <01:17:39>  >>>> CYCLE
<Jan20-2022> <01:17:42>  using orbital data from restart file
<Jan20-2022> <01:17:46>              |Error|         MaxErr       Wt(A-DIIS)
<Jan20-2022> <01:17:46>      1      0.06087989      0.00841819
<Jan20-2022> <01:17:52>      2      0.02598846      0.00350248    100.0
<Jan20-2022> <01:17:57>      3      0.01732409      0.00246977    100.0
<Jan20-2022> <01:18:02>      4      0.01241464      0.00203599      1.0
<Jan20-2022> <01:18:07>      5      0.00067785      0.00010582      0.0
<Jan20-2022> <01:18:12>      6      0.00010035      0.00001120      0.0
<Jan20-2022> <01:18:17>      7      0.00001348      0.00000170      0.0
<Jan20-2022> <01:18:21>      8      0.00000189      0.00000023      0.0
<Jan20-2022> <01:18:22>  SCF converged
<Jan20-2022> <01:18:26>      9      0.00000054      0.00000006      0.0
<Jan20-2022> <01:18:27>  >>>> TOTEN
<Jan20-2022> <01:18:33>  >>>> POPAN
<Jan20-2022> <01:18:33>  >>>> DEBYE
<Jan20-2022> <01:18:33>  >>>> ENGRAD
<Jan20-2022> <01:18:37>  current energy                               -0.64742785 Hartree
<Jan20-2022> <01:18:37>  energy change                      -0.00101490     0.00004000    F
<Jan20-2022> <01:18:37>  constrained gradient max            0.00646149     0.00100000    F
<Jan20-2022> <01:18:37>  constrained gradient rms            0.00309945     0.00066667    F
<Jan20-2022> <01:18:37>  gradient max                        0.00646149
<Jan20-2022> <01:18:37>  gradient rms                        0.00309945
<Jan20-2022> <01:18:37>  cart. step max                      0.03559794     0.01000000    F
<Jan20-2022> <01:18:37>  cart. step rms                      0.01468663     0.00666667    F
<Jan20-2022> <01:18:37>  Iteration 7
<Jan20-2022> <01:18:37>  *** GOStep7 ***
<Jan20-2022> <01:18:37>  >>>> FRAGM
<Jan20-2022> <01:18:37>  Coordinates
<Jan20-2022> <01:18:37>     Atom         X           Y           Z   (Angstrom)
<Jan20-2022> <01:18:37>     1.H         2.037000   -0.893655   -0.041939
<Jan20-2022> <01:18:37>     2.C         1.078404   -0.393447   -0.001919
<Jan20-2022> <01:18:37>     3.H         0.588224   -0.233455    0.948488
<Jan20-2022> <01:18:37>     4.H         0.649813    0.021376   -0.904630
<Jan20-2022> <01:18:37>  >>>> CORORT
<Jan20-2022> <01:18:37>  >>>> CLSMAT
<Jan20-2022> <01:18:37>  >>>> ORTHON
<Jan20-2022> <01:18:37>  >>>> GENPT
<Jan20-2022> <01:18:37>  Block Length= 128
<Jan20-2022> <01:18:37>  >>>> PTBAS
<Jan20-2022> <01:18:38>  >>>> CYCLE
<Jan20-2022> <01:18:41>  using orbital data from restart file
<Jan20-2022> <01:18:45>              |Error|         MaxErr       Wt(A-DIIS)
<Jan20-2022> <01:18:45>      1      0.04805587      0.00831315
<Jan20-2022> <01:18:50>      2      0.02203599      0.00293151    100.0
<Jan20-2022> <01:18:55>      3      0.02085833      0.00279847    100.0
<Jan20-2022> <01:19:00>      4      0.02084032      0.00279544      1.8
<Jan20-2022> <01:19:05>      5      0.01345740      0.00215958      1.2
<Jan20-2022> <01:19:10>      6      0.00127651      0.00013519      0.0
<Jan20-2022> <01:19:15>      7      0.00129000      0.00016993      0.0
<Jan20-2022> <01:19:20>      8      0.00004228      0.00000445      0.0
<Jan20-2022> <01:19:25>      9      0.00001871      0.00000243      0.0
<Jan20-2022> <01:19:30>     10      0.00001716      0.00000260      0.0
<Jan20-2022> <01:19:35>     11      0.00001668      0.00000247      0.0
<Jan20-2022> <01:19:40>     12      0.00001671      0.00000249      0.0
<Jan20-2022> <01:19:45>     13      0.00001662      0.00000248      0.0
<Jan20-2022> <01:19:50>     14      0.00000049      0.00000009      0.0
<Jan20-2022> <01:19:51>  SCF converged
<Jan20-2022> <01:19:55>     15      0.00000009      0.00000001      0.0
<Jan20-2022> <01:19:56>  >>>> TOTEN
<Jan20-2022> <01:20:02>  >>>> POPAN
<Jan20-2022> <01:20:02>  >>>> DEBYE
<Jan20-2022> <01:20:02>  >>>> ENGRAD
<Jan20-2022> <01:20:06>  current energy                               -0.64774195 Hartree
<Jan20-2022> <01:20:06>  energy change                      -0.00031410     0.00004000    F
<Jan20-2022> <01:20:06>  constrained gradient max            0.00226492     0.00100000    F
<Jan20-2022> <01:20:06>  constrained gradient rms            0.00126838     0.00066667    F
<Jan20-2022> <01:20:06>  gradient max                        0.00226492
<Jan20-2022> <01:20:06>  gradient rms                        0.00126838
<Jan20-2022> <01:20:06>  cart. step max                      0.01558833     0.01000000    F
<Jan20-2022> <01:20:06>  cart. step rms                      0.00604972     0.00666667    T
<Jan20-2022> <01:20:06>  Iteration 8
<Jan20-2022> <01:20:06>  *** GOStep8 ***
<Jan20-2022> <01:20:06>  >>>> FRAGM
<Jan20-2022> <01:20:06>  Coordinates
<Jan20-2022> <01:20:06>     Atom         X           Y           Z   (Angstrom)
<Jan20-2022> <01:20:06>     1.H         2.034691   -0.899350   -0.041821
<Jan20-2022> <01:20:06>     2.C         1.087344   -0.377859   -0.000160
<Jan20-2022> <01:20:06>     3.H         0.585440   -0.238849    0.948484
<Jan20-2022> <01:20:06>     4.H         0.645966    0.016876   -0.906504
<Jan20-2022> <01:20:06>  >>>> CORORT
<Jan20-2022> <01:20:06>  >>>> CLSMAT
<Jan20-2022> <01:20:06>  >>>> ORTHON
<Jan20-2022> <01:20:06>  >>>> GENPT
<Jan20-2022> <01:20:06>  Block Length= 128
<Jan20-2022> <01:20:06>  >>>> PTBAS
<Jan20-2022> <01:20:07>  >>>> CYCLE
<Jan20-2022> <01:20:10>  using orbital data from restart file
<Jan20-2022> <01:20:14>              |Error|         MaxErr       Wt(A-DIIS)
<Jan20-2022> <01:20:14>      1      0.02007454      0.00326762
<Jan20-2022> <01:20:19>      2      0.00935288      0.00129529    100.0
<Jan20-2022> <01:20:24>      3      0.00683813      0.00111704    100.0
<Jan20-2022> <01:20:29>      4      0.00242198      0.00031725      0.0
<Jan20-2022> <01:20:34>      5      0.00061739      0.00008079      0.0
<Jan20-2022> <01:20:39>      6      0.00002036      0.00000230      0.0
<Jan20-2022> <01:20:44>      7      0.00000120      0.00000021      0.0
<Jan20-2022> <01:20:45>  SCF converged
<Jan20-2022> <01:20:49>      8      0.00000022      0.00000003      0.0
<Jan20-2022> <01:20:50>  >>>> TOTEN
<Jan20-2022> <01:20:56>  >>>> POPAN
<Jan20-2022> <01:20:56>  >>>> DEBYE
<Jan20-2022> <01:20:56>  >>>> ENGRAD
<Jan20-2022> <01:20:59>  current energy                               -0.64778042 Hartree
<Jan20-2022> <01:20:59>  energy change                      -0.00003847     0.00004000    T
<Jan20-2022> <01:20:59>  constrained gradient max            0.00100384     0.00100000    F
<Jan20-2022> <01:20:59>  constrained gradient rms            0.00051469     0.00066667    T
<Jan20-2022> <01:20:59>  gradient max                        0.00100384
<Jan20-2022> <01:20:59>  gradient rms                        0.00051469
<Jan20-2022> <01:20:59>  cart. step max                      0.00311587     0.01000000    T
<Jan20-2022> <01:20:59>  cart. step rms                      0.00118216     0.00666667    T
<Jan20-2022> <01:20:59>  Iteration 9
<Jan20-2022> <01:21:00>  *** GOStep9 ***
<Jan20-2022> <01:21:00>  >>>> FRAGM
<Jan20-2022> <01:21:00>  Coordinates
<Jan20-2022> <01:21:00>     Atom         X           Y           Z   (Angstrom)
<Jan20-2022> <01:21:00>     1.H         2.034149   -0.900317   -0.041762
<Jan20-2022> <01:21:00>     2.C         1.088481   -0.374743    0.000065
<Jan20-2022> <01:21:00>     3.H         0.585207   -0.240112    0.949313
<Jan20-2022> <01:21:00>     4.H         0.645604    0.015990   -0.907615
<Jan20-2022> <01:21:00>  >>>> CORORT
<Jan20-2022> <01:21:00>  >>>> CLSMAT
<Jan20-2022> <01:21:00>  >>>> ORTHON
<Jan20-2022> <01:21:00>  >>>> GENPT
<Jan20-2022> <01:21:00>  Block Length= 128
<Jan20-2022> <01:21:00>  >>>> PTBAS
<Jan20-2022> <01:21:00>  >>>> CYCLE
<Jan20-2022> <01:21:03>  using orbital data from restart file
<Jan20-2022> <01:21:08>              |Error|         MaxErr       Wt(A-DIIS)
<Jan20-2022> <01:21:08>      1      0.00401846      0.00069905
<Jan20-2022> <01:21:13>      2      0.00172804      0.00023913    100.0
<Jan20-2022> <01:21:18>      3      0.00129939      0.00020666    100.0
<Jan20-2022> <01:21:23>      4      0.00049452      0.00005126      0.0
<Jan20-2022> <01:21:28>      5      0.00010455      0.00001334      0.0
<Jan20-2022> <01:21:33>      6      0.00000711      0.00000081      0.0
<Jan20-2022> <01:21:34>  SCF converged
<Jan20-2022> <01:21:38>      7      0.00000061      0.00000011      0.0
<Jan20-2022> <01:21:39>  >>>> TOTEN
<Jan20-2022> <01:21:45>  >>>> POPAN
<Jan20-2022> <01:21:45>  >>>> DEBYE
<Jan20-2022> <01:21:45>  >>>> ENGRAD
<Jan20-2022> <01:21:49>  current energy                               -0.64778253 Hartree
<Jan20-2022> <01:21:49>  energy change                      -0.00000211     0.00004000    T
<Jan20-2022> <01:21:49>  constrained gradient max            0.00026933     0.00100000    T
<Jan20-2022> <01:21:49>  constrained gradient rms            0.00012627     0.00066667    T
<Jan20-2022> <01:21:49>  gradient max                        0.00026933
<Jan20-2022> <01:21:49>  gradient rms                        0.00012627
<Jan20-2022> <01:21:49>  cart. step max                      0.00013068     0.01000000    T
<Jan20-2022> <01:21:49>  cart. step rms                      0.00007016     0.00666667    T
<Jan20-2022> <01:21:49>  Geometry optimization converged
<Jan20-2022> <01:21:49>  *** adf ***
<Jan20-2022> <01:21:49>  Net Charge: 0 (Nuclei minus Electrons)
<Jan20-2022> <01:21:49>  Spin polar: 1 (Spin_A minus Spin_B electrons)
<Jan20-2022> <01:21:49>  Symmetry  : NOSYM
<Jan20-2022> <01:21:49>  >>>> FRAGM
<Jan20-2022> <01:21:49>  Coordinates
<Jan20-2022> <01:21:49>     Atom         X           Y           Z   (Angstrom)
<Jan20-2022> <01:21:49>     1.H         2.034149   -0.900317   -0.041762
<Jan20-2022> <01:21:49>     2.C         1.088481   -0.374743    0.000065
<Jan20-2022> <01:21:49>     3.H         0.585207   -0.240112    0.949313
<Jan20-2022> <01:21:49>     4.H         0.645604    0.015990   -0.907615
<Jan20-2022> <01:21:49>  >>>> CORORT
<Jan20-2022> <01:21:49>  >>>> CLSMAT
<Jan20-2022> <01:21:49>  >>>> ORTHON
<Jan20-2022> <01:21:49>  >>>> GENPT
<Jan20-2022> <01:21:49>  Block Length= 128
<Jan20-2022> <01:21:49>  >>>> PTBAS
<Jan20-2022> <01:21:50>  >>>> CYCLE
<Jan20-2022> <01:21:53>  using orbital data from restart file
<Jan20-2022> <01:21:57>              |Error|         MaxErr       Wt(A-DIIS)
<Jan20-2022> <01:21:57>      1      0.00000005      0.00000001
<Jan20-2022> <01:22:02>      2      0.00000004      0.00000001    100.0
<Jan20-2022> <01:22:02>  SCF converged
<Jan20-2022> <01:22:07>      3      0.00000002      0.00000000    100.0
<Jan20-2022> <01:22:11>  >>>> TOTEN
<Jan20-2022> <01:22:21>  >>>> POPAN
<Jan20-2022> <01:22:21>  >>>> DEBYE
<Jan20-2022> <01:22:21>  >>>> AMETS
<Jan20-2022> <01:22:21>   Bond Energy          -0.64778253 a.u.
<Jan20-2022> <01:22:21>   Bond Energy         -17.62705951 eV
<Jan20-2022> <01:22:21>   Bond Energy        -406.49       kcal/mol
<Jan20-2022> <01:22:21>  >>>> POPUL
<Jan20-2022> <01:22:21>  >>>> ENGRAD
<Jan20-2022> <01:22:25>  >>>> ENHESS
<Jan20-2022> <01:22:27>  === NUCLEUS:     1
<Jan20-2022> <01:24:07>  === NUCLEUS:     2
<Jan20-2022> <01:25:42>  === NUCLEUS:     3
<Jan20-2022> <01:27:17>  === NUCLEUS:     4
<Jan20-2022> <01:28:45>  >>>> CALC_HESS_PMAT
<Jan20-2022> <01:28:52>  >>>> CALC_HESS_WMAT
<Jan20-2022> <01:28:53>  PES point character: Geometry corresponds to a local minimum on the PES.
<Jan20-2022> <01:28:53>  Geometry optimization successful!
<Jan20-2022> <01:28:53>  NORMAL TERMINATION
