

 Parallel Execution: Process Information
 ==============================================================================
 Rank   Node Name                              NodeID   MyNodeRank  NodeMaster
    0   node120                                   0          0          0
    1   node120                                   0          1         -1
    2   node120                                   0          2         -1
    3   node120                                   0          3         -1
 ==============================================================================


May use up to 122928MB of RAM as shared memory on node 0

 *******************************************************************************
 *                                                                             *
 *  --------------------------------                                           *
 *   Amsterdam Modeling Suite (AMS)              2021.102                      *
 *  --------------------------------                                           *
 *                                               r95042 2021-06-07             *
 *                                                                             *
 *                                                                             *
 *                              =================                              *
 *                              |               |                              *
 *                              |     A M S     |                              *
 *                              |               |                              *
 *                              =================                              *
 *                                                                             *
 *                                                                             *
 *   Online information and documentation:  https://www.scm.com/support/       *
 *   E-mail:  support@scm.com   info@scm.com                                   *
 *                                                                             *
 *   Scientific publications using AMS results must be properly referenced     *
 *   See the User Manuals (or the web site) for recommended citations          *
 *   The terms and conditions of the End User License Agreement apply to       *
 *   the use of AMS, https://www.scm.com/license-terms/                        *
 *                                                                             *
 **********************  x86_64_linux_intel / intelmpi  ************************
 
 Licensed to: VU/FEW (+ SARA) / ALGEMEEN / Amsterdam / THE NETHERLANDS
 SCM User ID: u7668
  
 AMS 2021.102  RunTime: Jan28-2022 10:53:00  ShM Nodes: 1  Procs: 4

 AMS jobname: 45.achiral_catalyst.H_tBu_SnCl4.Rsub_cat_complex
 AMS jobid  : 1256247696

 Start   directory: /scistor/tc/yhk800/MasterProject/calculations/achiral_catalyst_H_tBu_SnCl4/45.achiral_catalyst.H_tBu_SnCl4.Rsub_cat_complex/
 Results directory: /scistor/tc/yhk800/MasterProject/calculations/achiral_catalyst_H_tBu_SnCl4/45.achiral_catalyst.H_tBu_SnCl4.Rsub_cat_complex/
 Scratch directory: /scratch/5505/amstmp_45.achiral_catalyst.H_tBu_SnCl4.Rsub_cat_complex_kid0.1256247696/


 Communication costs MPI_COMM_WORLD:      0.921 usec per message,   0.0072 usec per 8-byte item
 Communication costs for intra-node:      0.933 usec per message,   0.0041 usec per 8-byte item

 RNG seed: -1060912095 602246391 -535413165 359263471 -1136895590 123675093 1449416014 1376105972



                      ************************************************************************
                      *  ADF 2021.102  RunTime: Jan28-2022 10:53:00  ShM Nodes: 1  Procs: 4  *
                      ************************************************************************
  
       ***************************
       *  GEOMETRY OPTIMIZATION  *
       ***************************

Optimization Method                    Quasi Newton
Optimization Coordinates               Delocalized Coordinates
Optimize lattice                       F
 
 ------------------------------------------------------
 Convergence criteria (Hartree,Angstrom)
 ------------------------------------------------------
 Maximum gradient               0.001000000000
 Maximum rms gradient           0.000666666667
 Maximum step allowed           0.010000000000
 Maximum rms step allowed       0.006666666667
 Maximum energy change allowe   0.000250000000
 Maximum stress energy allowe   0.000500000000
 
Initial model Hessian                  Automatic Hessian
 
------------------------------------
Quasi-Newton Optimizer Parameters
------------------------------------
Hessian Update Method                  BFGS
Maximum number of steps                  250
First GDIIS cycle                          0
Maximum GDIIS vectors                      0
Trust radius (bohr)                        0.200000
Trust radius varies                        T
Constraints converged at all steps         T
Use projector                              T
 
 Rigid motions settings for: old optimizer
 Atomic rotations (x,y,z):     T T T
 Atomic translations (x,y,z):  T T T
 Tolerance:                   1.000000000000000E-006
 
--------
Geometry
--------
Formula: C7H12Cl4OSn
Atoms
  Index Symbol   x (angstrom)   y (angstrom)   z (angstrom)
      1      H    -0.62056146    -0.03764738    -0.08023722
      2      C    -0.09659473    -2.02948020    -0.54883449
      3      C     0.18266548    -0.75219647    -0.26512258
      4      C     1.55928918    -0.22013974    -0.18291419
      5      O     1.86635738     0.93365884     0.07180470
      6      H     0.69695300    -2.74612423    -0.73626627
      7      C    -1.53512390    -3.98169459    -1.12156823
      8      C    -1.54987465    -2.53359044    -0.62266085
      9      C    -2.32371837    -1.63885453    -1.59566924
     10      C    -2.16108997    -2.45555144     0.77964353
     11      H    -2.14765732    -1.42687928     1.14159999
     12      H    -2.55099094    -4.37493076    -1.18722103
     13      H    -0.96277866    -4.61120054    -0.43929077
     14      H    -1.07715113    -4.03683810    -2.10978859
     15      H    -3.36175531    -1.96622602    -1.67465053
     16      H    -1.87118027    -1.67785219    -2.58715690
     17      H    -2.31140649    -0.60455404    -1.25008242
     18      H    -3.19455491    -2.80588288     0.76743983
     19      H    -1.59305862    -3.07453987     1.47502332
     20      H     2.32514145    -0.94333367    -0.37095895
     21     Sn     1.85103070     2.46611042     0.80757453
     22     Cl     0.20071494     1.71760154     2.33218143
     23     Cl     0.15272687     3.16663123    -0.68683791
     24     Cl     3.50134646     3.21461931    -0.71703237
     25     Cl     3.54933453     1.76558961     2.30198697
 
Total System Charge             0.00000
 
 
----------------
ADF Engine Input
----------------
 
 NumericalQuality VeryGood
 SCF
 Converge 1.0e-6
 Iterations 99
 End
 SYMMETRY NOSYM
 XC
 GGA OLYP
 End
 basis
 core None
 type TZ2P
 End
 

 Title: *** (NO TITLE) ***

 Using automatic Hessian for delocalized coordinates.
 *** GOStep1 ***

 Energy gradients wrt nuclear displacements
 ==========================================

     Atom      Cartesian (a.u./angstrom)
                 X         Y         Z
 ----------------------------------------
     1 H    -0.009551  0.002101  0.000212
     2 C     0.031457  0.018721  0.002832
     3 C    -0.046819 -0.070149 -0.014011
     4 C     0.098123  0.090470  0.020942
     5 O    -0.024149  0.391436  0.195362
     6 H    -0.006757  0.003430 -0.000166
     7 C     0.000851 -0.001165 -0.000411
     8 C    -0.030134  0.005534  0.007337
     9 C     0.000872 -0.006080  0.002764
    10 C    -0.002419 -0.004400 -0.008246
    11 H     0.003257 -0.000211 -0.005619
    12 H     0.001332  0.002928  0.000997
    13 H    -0.000891  0.006515 -0.001349
    14 H    -0.000413  0.004365  0.005136
    15 H     0.002833  0.001277 -0.000281
    16 H     0.001556 -0.002308  0.005412
    17 H     0.006268 -0.002485  0.004873
    18 H     0.002917  0.001752  0.001310
    19 H     0.000811  0.001501 -0.006285
    20 H    -0.037205  0.018767  0.007237
    21 Sn   -0.004665 -0.394405 -0.180439
    22 Cl    0.021645 -0.009249 -0.030486
    23 Cl    0.021588 -0.026364  0.009658
    24 Cl   -0.014641 -0.023662  0.006874
    25 Cl   -0.015867 -0.008319 -0.023654
 ----------------------------------------
 Mulliken charges used for AMS results%charges...
 
----------------------------------------------------------------------
Geometry Convergence after Step   1       (Hartree/Angstrom,Angstrom)
----------------------------------------------------------------------
current energy                               -4.43847882 Hartree
energy change                      -4.43847882     0.00025000    F
constrained gradient max            0.39441757     0.00100000    F
constrained gradient rms            0.07437257     0.00066667    F
gradient max                        0.39441757
gradient rms                        0.07437257
cart. step max                      0.10058687     0.01000000    F
cart. step rms                      0.02752565     0.00666667    F
 
 
--------
Geometry
--------
Formula: C7H12Cl4OSn
Atoms
  Index Symbol   x (angstrom)   y (angstrom)   z (angstrom)
      1      H    -0.61033782    -0.01152265    -0.08442143
      2      C    -0.11580801    -2.02279180    -0.55183978
      3      C     0.17691090    -0.74015784    -0.27092066
      4      C     1.55330469    -0.24422788    -0.19904876
      5      O     1.88448534     0.88406843     0.03965096
      6      H     0.68095874    -2.73903026    -0.73726122
      7      C    -1.52683618    -3.99584590    -1.12235977
      8      C    -1.56064647    -2.54350269    -0.62675002
      9      C    -2.34997565    -1.66215219    -1.60696566
     10      C    -2.17594521    -2.46878885     0.77905947
     11      H    -2.17988975    -1.43999156     1.14239240
     12      H    -2.53780550    -4.40308278    -1.18784058
     13      H    -0.94741387    -4.61935559    -0.43856240
     14      H    -1.06787676    -4.05146850    -2.11143891
     15      H    -3.38298464    -2.00813009    -1.68282211
     16      H    -1.89936180    -1.69762770    -2.60057895
     17      H    -2.35843066    -0.62431901    -1.27144010
     18      H    -3.20502928    -2.83410415     0.76377759
     19      H    -1.60284375    -3.07808461     1.48051071
     20      H     2.31407311    -0.98585319    -0.39192327
     21     Sn     1.88777809     2.48066066     0.81389041
     22     Cl     0.22767658     1.80985952     2.37554325
     23     Cl     0.19238175     3.26721810    -0.65204488
     24     Cl     3.54732820     3.26971317    -0.68842918
     25     Cl     3.58435121     1.80521194     2.33078467
 
Total System Charge             0.00000
 
 *** GOStep2 ***
