<Jan28-2022> <10:53:00>  AMS 2021.102  RunTime: Jan28-2022 10:53:00  ShM Nodes: 1  Procs: 4
<Jan28-2022> <10:53:00>  ADF 2021.102  RunTime: Jan28-2022 10:53:00  ShM Nodes: 1  Procs: 4
<Jan28-2022> <10:53:00>  *** (NO TITLE) ***
<Jan28-2022> <10:53:00>  Iteration 1
<Jan28-2022> <10:53:01>  DIRAC 2021.102  RunTime: Jan28-2022 10:53:01  ShM Nodes: 1  Procs: 1
<Jan28-2022> <10:53:01>  Hydrogen (TZ2P)
<Jan28-2022> <10:53:01>  Net Charge: 0 (Nuclei minus Electrons)
<Jan28-2022> <10:53:01>  Symmetry  : ATOM
<Jan28-2022> <10:53:01>  Coordinates
<Jan28-2022> <10:53:01>     Atom         X           Y           Z   (Angstrom)
<Jan28-2022> <10:53:01>     1.H         0.000000    0.000000    0.000000
<Jan28-2022> <10:53:01>  >>>> CORORT
<Jan28-2022> <10:53:01>  >>>> CLSMAT
<Jan28-2022> <10:53:01>  >>>> ORTHON
<Jan28-2022> <10:53:01>  >>>> GENPT
<Jan28-2022> <10:53:01>  Block Length=  64
<Jan28-2022> <10:53:01>  >>>> PTBAS
<Jan28-2022> <10:53:01>  >>>> CYCLE
<Jan28-2022> <10:53:01>              |Error|         MaxErr       Wt(A-DIIS)
<Jan28-2022> <10:53:01>      1      0.00000000      0.00000000
<Jan28-2022> <10:53:01>      2      0.03080019      0.02591482
<Jan28-2022> <10:53:01>      3      0.01140383      0.01135775    100.0
<Jan28-2022> <10:53:01>      4      0.00327656      0.00327407      2.3
<Jan28-2022> <10:53:01>      5      0.00010041      0.00009754      0.0
<Jan28-2022> <10:53:01>      6      0.00000525      0.00000504      0.0
<Jan28-2022> <10:53:01>      7      0.00000007      0.00000007      0.0
<Jan28-2022> <10:53:01>      8      0.00000000      0.00000000      0.0
<Jan28-2022> <10:53:01>  SCF converged
<Jan28-2022> <10:53:01>      9      0.00000000      0.00000000      0.0
<Jan28-2022> <10:53:01>  >>>> POPAN
<Jan28-2022> <10:53:02>  >>>> DEBYE
<Jan28-2022> <10:53:02>  DIRAC 2021.102  RunTime: Jan28-2022 10:53:02  ShM Nodes: 1  Procs: 1
<Jan28-2022> <10:53:02>  Carbon (TZ2P)
<Jan28-2022> <10:53:02>  Net Charge: 0 (Nuclei minus Electrons)
<Jan28-2022> <10:53:02>  Symmetry  : ATOM
<Jan28-2022> <10:53:02>  Coordinates
<Jan28-2022> <10:53:02>     Atom         X           Y           Z   (Angstrom)
<Jan28-2022> <10:53:02>     1.C         0.000000    0.000000    0.000000
<Jan28-2022> <10:53:02>  >>>> CORORT
<Jan28-2022> <10:53:02>  >>>> CLSMAT
<Jan28-2022> <10:53:02>  >>>> ORTHON
<Jan28-2022> <10:53:02>  >>>> GENPT
<Jan28-2022> <10:53:02>  Block Length=  72
<Jan28-2022> <10:53:02>  >>>> PTBAS
<Jan28-2022> <10:53:02>  >>>> CYCLE
<Jan28-2022> <10:53:02>              |Error|         MaxErr       Wt(A-DIIS)
<Jan28-2022> <10:53:02>      1      0.00000000      0.00000000
<Jan28-2022> <10:53:03>      2      4.48405934      3.32161898    100.0
<Jan28-2022> <10:53:03>      3      1.60718414      1.28408746    100.0
<Jan28-2022> <10:53:03>      4      0.76426456      0.62272052    100.0
<Jan28-2022> <10:53:03>      5      0.36119063      0.28553990    100.0
<Jan28-2022> <10:53:03>      6      0.14821424      0.11559867    100.0
<Jan28-2022> <10:53:03>      7      0.10108424      0.07867111     78.5
<Jan28-2022> <10:53:03>      8      0.01786531      0.01387049     13.0
<Jan28-2022> <10:53:03>      9      0.00195746      0.00153262      0.5
<Jan28-2022> <10:53:03>     10      0.00001058      0.00000730      0.0
<Jan28-2022> <10:53:03>     11      0.00000047      0.00000027      0.0
<Jan28-2022> <10:53:03>     12      0.00000003      0.00000002      0.0
<Jan28-2022> <10:53:03>     13      0.00000000      0.00000000      0.0
<Jan28-2022> <10:53:03>  SCF converged
<Jan28-2022> <10:53:03>     14      0.00000000      0.00000000      0.0
<Jan28-2022> <10:53:03>  >>>> POPAN
<Jan28-2022> <10:53:03>  >>>> DEBYE
<Jan28-2022> <10:53:03>  DIRAC 2021.102  RunTime: Jan28-2022 10:53:03  ShM Nodes: 1  Procs: 1
<Jan28-2022> <10:53:04>  Oxygen (TZ2P)
<Jan28-2022> <10:53:04>  Net Charge: 0 (Nuclei minus Electrons)
<Jan28-2022> <10:53:04>  Symmetry  : ATOM
<Jan28-2022> <10:53:04>  Coordinates
<Jan28-2022> <10:53:04>     Atom         X           Y           Z   (Angstrom)
<Jan28-2022> <10:53:04>     1.O         0.000000    0.000000    0.000000
<Jan28-2022> <10:53:04>  >>>> CORORT
<Jan28-2022> <10:53:04>  >>>> CLSMAT
<Jan28-2022> <10:53:04>  >>>> ORTHON
<Jan28-2022> <10:53:04>  >>>> GENPT
<Jan28-2022> <10:53:04>  Block Length=  68
<Jan28-2022> <10:53:04>  >>>> PTBAS
<Jan28-2022> <10:53:04>  >>>> CYCLE
<Jan28-2022> <10:53:04>              |Error|         MaxErr       Wt(A-DIIS)
<Jan28-2022> <10:53:04>      1      0.00000000      0.00000000
<Jan28-2022> <10:53:04>      2      8.77210307      5.53374266    100.0
<Jan28-2022> <10:53:04>      3      3.60058093      2.49154808    100.0
<Jan28-2022> <10:53:04>      4      1.20505529      0.62472425    100.0
<Jan28-2022> <10:53:04>      5      1.46502638      0.81213311    100.0
<Jan28-2022> <10:53:04>      6      0.15089362      0.09131786     91.2
<Jan28-2022> <10:53:04>      7      0.14397311      0.08251182     82.3
<Jan28-2022> <10:53:04>      8      0.00183259      0.00123681      0.2
<Jan28-2022> <10:53:04>      9      0.00015629      0.00008105      0.0
<Jan28-2022> <10:53:04>     10      0.00001324      0.00000629      0.0
<Jan28-2022> <10:53:04>     11      0.00000006      0.00000003      0.0
<Jan28-2022> <10:53:04>     12      0.00000000      0.00000000      0.0
<Jan28-2022> <10:53:04>  SCF converged
<Jan28-2022> <10:53:04>     13      0.00000000      0.00000000      0.0
<Jan28-2022> <10:53:05>  >>>> POPAN
<Jan28-2022> <10:53:05>  >>>> DEBYE
<Jan28-2022> <10:53:05>  DIRAC 2021.102  RunTime: Jan28-2022 10:53:05  ShM Nodes: 1  Procs: 1
<Jan28-2022> <10:53:06>  Tin (TZ2P, all electron)
<Jan28-2022> <10:53:06>  Net Charge: 0 (Nuclei minus Electrons)
<Jan28-2022> <10:53:06>  Symmetry  : ATOM
<Jan28-2022> <10:53:06>  Coordinates
<Jan28-2022> <10:53:06>     Atom         X           Y           Z   (Angstrom)
<Jan28-2022> <10:53:06>     1.Sn        0.000000    0.000000    0.000000
<Jan28-2022> <10:53:06>  >>>> CORORT
<Jan28-2022> <10:53:06>  >>>> CLSMAT
<Jan28-2022> <10:53:06>  >>>> ORTHON
<Jan28-2022> <10:53:06>  >>>> GENPT
<Jan28-2022> <10:53:06>  Block Length=  94
<Jan28-2022> <10:53:06>  >>>> PTBAS
<Jan28-2022> <10:53:06>  >>>> CYCLE
<Jan28-2022> <10:53:07>              |Error|         MaxErr       Wt(A-DIIS)
<Jan28-2022> <10:53:07>      1      0.00000000      0.00000000
<Jan28-2022> <10:53:07>      2    277.78646077     36.34955503    100.0
<Jan28-2022> <10:53:07>      3    108.37475236     33.32898342    100.0
<Jan28-2022> <10:53:07>      4     16.29148072      2.69481417    100.0
<Jan28-2022> <10:53:07>      5     14.42472249      3.02472417    100.0
<Jan28-2022> <10:53:08>      6      3.42801373      0.63340044    100.0
<Jan28-2022> <10:53:08>      7      3.94254662      0.85735153    100.0
<Jan28-2022> <10:53:08>      8      0.32774411      0.05271405     52.2
<Jan28-2022> <10:53:08>      9      0.09237148      0.01803841     17.2
<Jan28-2022> <10:53:08>     10      0.02628512      0.00591655      5.0
<Jan28-2022> <10:53:08>     11      0.00221235      0.00047931      0.0
<Jan28-2022> <10:53:09>     12      0.00004474      0.00000960      0.0
<Jan28-2022> <10:53:09>     13      0.00000334      0.00000092      0.0
<Jan28-2022> <10:53:09>     14      0.00000017      0.00000003      0.0
<Jan28-2022> <10:53:09>     15      0.00000001      0.00000000      0.0
<Jan28-2022> <10:53:09>  SCF converged
<Jan28-2022> <10:53:09>     16      0.00000000      0.00000000      0.0
<Jan28-2022> <10:53:10>  >>>> POPAN
<Jan28-2022> <10:53:10>  >>>> DEBYE
<Jan28-2022> <10:53:10>  DIRAC 2021.102  RunTime: Jan28-2022 10:53:10  ShM Nodes: 1  Procs: 1
<Jan28-2022> <10:53:10>  Chlorine (TZ2P)
<Jan28-2022> <10:53:10>  Net Charge: 0 (Nuclei minus Electrons)
<Jan28-2022> <10:53:10>  Symmetry  : ATOM
<Jan28-2022> <10:53:10>  Coordinates
<Jan28-2022> <10:53:10>     Atom         X           Y           Z   (Angstrom)
<Jan28-2022> <10:53:10>     1.Cl        0.000000    0.000000    0.000000
<Jan28-2022> <10:53:10>  >>>> CORORT
<Jan28-2022> <10:53:10>  >>>> CLSMAT
<Jan28-2022> <10:53:10>  >>>> ORTHON
<Jan28-2022> <10:53:10>  >>>> GENPT
<Jan28-2022> <10:53:10>  Block Length=  93
<Jan28-2022> <10:53:10>  >>>> PTBAS
<Jan28-2022> <10:53:10>  >>>> CYCLE
<Jan28-2022> <10:53:11>              |Error|         MaxErr       Wt(A-DIIS)
<Jan28-2022> <10:53:11>      1      0.00000000      0.00000000
<Jan28-2022> <10:53:11>      2     37.97178129     10.81368001    100.0
<Jan28-2022> <10:53:11>      3     20.81592691      7.10099309    100.0
<Jan28-2022> <10:53:11>      4      5.86634430      1.99760405    100.0
<Jan28-2022> <10:53:11>      5      3.97516517      1.71800842    100.0
<Jan28-2022> <10:53:11>      6      0.27245054      0.10336241    100.0
<Jan28-2022> <10:53:11>      7      0.22638168      0.09827309     98.3
<Jan28-2022> <10:53:11>      8      0.05690956      0.02098624     20.2
<Jan28-2022> <10:53:11>      9      0.00664419      0.00263308      1.6
<Jan28-2022> <10:53:11>     10      0.00015446      0.00006612      0.0
<Jan28-2022> <10:53:11>     11      0.00000385      0.00000160      0.0
<Jan28-2022> <10:53:11>     12      0.00000007      0.00000003      0.0
<Jan28-2022> <10:53:11>     13      0.00000000      0.00000000      0.0
<Jan28-2022> <10:53:11>  SCF converged
<Jan28-2022> <10:53:11>     14      0.00000000      0.00000000      0.0
<Jan28-2022> <10:53:12>  >>>> POPAN
<Jan28-2022> <10:53:12>  >>>> DEBYE
<Jan28-2022> <10:53:12>  *** GOStep1 ***
<Jan28-2022> <10:53:12>  >>>> FRAGM
<Jan28-2022> <10:53:12>  Coordinates
<Jan28-2022> <10:53:12>     Atom         X           Y           Z   (Angstrom)
<Jan28-2022> <10:53:12>     1.H        -0.620561   -0.037647   -0.080237
<Jan28-2022> <10:53:12>     2.C        -0.096595   -2.029480   -0.548834
<Jan28-2022> <10:53:12>     3.C         0.182665   -0.752196   -0.265123
<Jan28-2022> <10:53:12>     4.C         1.559289   -0.220140   -0.182914
<Jan28-2022> <10:53:12>     5.O         1.866357    0.933659    0.071805
<Jan28-2022> <10:53:12>     6.H         0.696953   -2.746124   -0.736266
<Jan28-2022> <10:53:12>     7.C        -1.535124   -3.981695   -1.121568
<Jan28-2022> <10:53:12>     8.C        -1.549875   -2.533590   -0.622661
<Jan28-2022> <10:53:12>     9.C        -2.323718   -1.638855   -1.595669
<Jan28-2022> <10:53:12>    10.C        -2.161090   -2.455551    0.779644
<Jan28-2022> <10:53:12>    11.H        -2.147657   -1.426879    1.141600
<Jan28-2022> <10:53:12>    12.H        -2.550991   -4.374931   -1.187221
<Jan28-2022> <10:53:12>    13.H        -0.962779   -4.611201   -0.439291
<Jan28-2022> <10:53:12>    14.H        -1.077151   -4.036838   -2.109789
<Jan28-2022> <10:53:12>    15.H        -3.361755   -1.966226   -1.674651
<Jan28-2022> <10:53:12>    16.H        -1.871180   -1.677852   -2.587157
<Jan28-2022> <10:53:12>    17.H        -2.311406   -0.604554   -1.250082
<Jan28-2022> <10:53:12>    18.H        -3.194555   -2.805883    0.767440
<Jan28-2022> <10:53:12>    19.H        -1.593059   -3.074540    1.475023
<Jan28-2022> <10:53:12>    20.H         2.325141   -0.943334   -0.370959
<Jan28-2022> <10:53:12>    21.Sn        1.851031    2.466110    0.807575
<Jan28-2022> <10:53:12>    22.Cl        0.200715    1.717602    2.332181
<Jan28-2022> <10:53:12>    23.Cl        0.152727    3.166631   -0.686838
<Jan28-2022> <10:53:12>    24.Cl        3.501346    3.214619   -0.717032
<Jan28-2022> <10:53:12>    25.Cl        3.549335    1.765590    2.301987
<Jan28-2022> <10:53:12>  >>>> CORORT
<Jan28-2022> <10:53:12>  >>>> CLSMAT
<Jan28-2022> <10:53:12>  >>>> ORTHON
<Jan28-2022> <10:53:13>  >>>> GENPT
<Jan28-2022> <10:53:14>  Block Length= 128
<Jan28-2022> <10:53:16>  >>>> PTBAS
<Jan28-2022> <10:54:35>  >>>> CYCLE
<Jan28-2022> <10:56:49>              |Error|         MaxErr       Wt(A-DIIS)
<Jan28-2022> <10:56:49>      1      9.06292518      1.12507172
<Jan28-2022> <10:58:33>      2      1.32663136      0.17064035    100.0
<Jan28-2022> <11:00:18>      3      0.69682318      0.07945159    100.0
<Jan28-2022> <11:02:07>      4      1.06387544      0.10777948    100.0
<Jan28-2022> <11:03:56>      5      0.20390754      0.02545356     24.7
<Jan28-2022> <11:05:41>      6      0.19796483      0.03724854     24.7
<Jan28-2022> <11:07:28>      7      0.06669514      0.01088096     10.0
<Jan28-2022> <11:09:14>      8      0.01986686      0.00360720      2.6
<Jan28-2022> <11:11:02>      9      0.00538798      0.00098230      0.0
<Jan28-2022> <11:12:47>     10      0.00159841      0.00019594      0.0
<Jan28-2022> <11:14:35>     11      0.00031361      0.00002876      0.0
<Jan28-2022> <11:16:23>     12      0.00010710      0.00001378      0.0
<Jan28-2022> <11:18:10>     13      0.00002350      0.00000280      0.0
<Jan28-2022> <11:19:56>     14      0.00000818      0.00000116      0.0
<Jan28-2022> <11:21:41>     15      0.00000279      0.00000037      0.0
<Jan28-2022> <11:22:27>  SCF converged
<Jan28-2022> <11:23:30>     16      0.00000091      0.00000011      0.0
<Jan28-2022> <11:24:15>  >>>> TOTEN
<Jan28-2022> <11:26:32>  >>>> POPAN
<Jan28-2022> <11:26:32>  >>>> DEBYE
<Jan28-2022> <11:26:32>  >>>> ENGRAD
<Jan28-2022> <11:31:53>  current energy                               -4.43847882 Hartree
<Jan28-2022> <11:31:53>  energy change                      -4.43847882     0.00025000    F
<Jan28-2022> <11:31:53>  constrained gradient max            0.39441757     0.00100000    F
<Jan28-2022> <11:31:53>  constrained gradient rms            0.07437257     0.00066667    F
<Jan28-2022> <11:31:53>  gradient max                        0.39441757
<Jan28-2022> <11:31:53>  gradient rms                        0.07437257
<Jan28-2022> <11:31:53>  cart. step max                      0.10058687     0.01000000    F
<Jan28-2022> <11:31:53>  cart. step rms                      0.02752565     0.00666667    F
<Jan28-2022> <11:31:53>  Iteration 2
<Jan28-2022> <11:31:54>  *** GOStep2 ***
<Jan28-2022> <11:31:55>  >>>> FRAGM
<Jan28-2022> <11:31:55>  Coordinates
<Jan28-2022> <11:31:55>     Atom         X           Y           Z   (Angstrom)
<Jan28-2022> <11:31:55>     1.H        -0.610338   -0.011523   -0.084421
<Jan28-2022> <11:31:55>     2.C        -0.115808   -2.022792   -0.551840
<Jan28-2022> <11:31:55>     3.C         0.176911   -0.740158   -0.270921
<Jan28-2022> <11:31:55>     4.C         1.553305   -0.244228   -0.199049
<Jan28-2022> <11:31:55>     5.O         1.884485    0.884068    0.039651
<Jan28-2022> <11:31:55>     6.H         0.680959   -2.739030   -0.737261
<Jan28-2022> <11:31:55>     7.C        -1.526836   -3.995846   -1.122360
<Jan28-2022> <11:31:55>     8.C        -1.560646   -2.543503   -0.626750
<Jan28-2022> <11:31:55>     9.C        -2.349976   -1.662152   -1.606966
<Jan28-2022> <11:31:55>    10.C        -2.175945   -2.468789    0.779059
<Jan28-2022> <11:31:55>    11.H        -2.179890   -1.439992    1.142392
<Jan28-2022> <11:31:55>    12.H        -2.537806   -4.403083   -1.187841
<Jan28-2022> <11:31:55>    13.H        -0.947414   -4.619356   -0.438562
<Jan28-2022> <11:31:55>    14.H        -1.067877   -4.051468   -2.111439
<Jan28-2022> <11:31:55>    15.H        -3.382985   -2.008130   -1.682822
<Jan28-2022> <11:31:55>    16.H        -1.899362   -1.697628   -2.600579
<Jan28-2022> <11:31:55>    17.H        -2.358431   -0.624319   -1.271440
<Jan28-2022> <11:31:55>    18.H        -3.205029   -2.834104    0.763778
<Jan28-2022> <11:31:55>    19.H        -1.602844   -3.078085    1.480511
<Jan28-2022> <11:31:55>    20.H         2.314073   -0.985853   -0.391923
<Jan28-2022> <11:31:55>    21.Sn        1.887778    2.480661    0.813890
<Jan28-2022> <11:31:55>    22.Cl        0.227677    1.809860    2.375543
<Jan28-2022> <11:31:55>    23.Cl        0.192382    3.267218   -0.652045
<Jan28-2022> <11:31:55>    24.Cl        3.547328    3.269713   -0.688429
<Jan28-2022> <11:31:55>    25.Cl        3.584351    1.805212    2.330785
<Jan28-2022> <11:31:57>  >>>> CORORT
<Jan28-2022> <11:31:57>  >>>> CLSMAT
<Jan28-2022> <11:31:57>  >>>> ORTHON
<Jan28-2022> <11:31:58>  >>>> GENPT
<Jan28-2022> <11:31:58>  Block Length= 128
<Jan28-2022> <11:32:01>  >>>> PTBAS
<Jan28-2022> <11:33:22>  >>>> CYCLE
<Jan28-2022> <11:34:27>  using orbital data from restart file
<Jan28-2022> <11:35:30>              |Error|         MaxErr       Wt(A-DIIS)
<Jan28-2022> <11:35:30>      1      0.57099250      0.13901299
<Jan28-2022> <11:37:20>      2      0.06462387      0.01175797    100.0
<Jan28-2022> <11:39:06>      3      0.18068674      0.03111359    100.0
<Jan28-2022> <11:40:55>      4      0.05697199      0.01049171      9.6
<Jan28-2022> <11:42:45>      5      0.00440518      0.00052675      0.0
<Jan28-2022> <11:44:32>      6      0.00193621      0.00025352      0.0
<Jan28-2022> <11:46:22>      7      0.00053665      0.00008078      0.0
