<Jan20-2022> <14:26:59>  AMS 2021.102  RunTime: Jan20-2022 14:26:59  ShM Nodes: 1  Procs: 1
<Jan20-2022> <14:26:59>  ADF 2021.102  RunTime: Jan20-2022 14:26:59  ShM Nodes: 1  Procs: 1
<Jan20-2022> <14:26:59>  *** (NO TITLE) ***
<Jan20-2022> <14:26:59>  Iteration 1
<Jan20-2022> <14:26:59>  DIRAC 2021.102  RunTime: Jan20-2022 14:26:59  ShM Nodes: 1  Procs: 1
<Jan20-2022> <14:27:00>  Carbon (TZ2P)
<Jan20-2022> <14:27:00>  Net Charge: 0 (Nuclei minus Electrons)
<Jan20-2022> <14:27:00>  Symmetry  : ATOM
<Jan20-2022> <14:27:00>  Coordinates
<Jan20-2022> <14:27:00>     Atom         X           Y           Z   (Angstrom)
<Jan20-2022> <14:27:00>     1.C         0.000000    0.000000    0.000000
<Jan20-2022> <14:27:00>  >>>> CORORT
<Jan20-2022> <14:27:00>  >>>> CLSMAT
<Jan20-2022> <14:27:00>  >>>> ORTHON
<Jan20-2022> <14:27:00>  >>>> GENPT
<Jan20-2022> <14:27:00>  Block Length=  72
<Jan20-2022> <14:27:00>  >>>> PTBAS
<Jan20-2022> <14:27:00>  >>>> CYCLE
<Jan20-2022> <14:27:00>              |Error|         MaxErr       Wt(A-DIIS)
<Jan20-2022> <14:27:00>      1      0.00000000      0.00000000
<Jan20-2022> <14:27:00>      2      4.48405934      3.32161898    100.0
<Jan20-2022> <14:27:00>      3      1.60718414      1.28408746    100.0
<Jan20-2022> <14:27:00>      4      0.76426456      0.62272052    100.0
<Jan20-2022> <14:27:00>      5      0.36119063      0.28553990    100.0
<Jan20-2022> <14:27:00>      6      0.14821424      0.11559867    100.0
<Jan20-2022> <14:27:00>      7      0.10108424      0.07867111     78.5
<Jan20-2022> <14:27:00>      8      0.01786531      0.01387049     13.0
<Jan20-2022> <14:27:00>      9      0.00195746      0.00153262      0.5
<Jan20-2022> <14:27:00>     10      0.00001058      0.00000730      0.0
<Jan20-2022> <14:27:00>     11      0.00000047      0.00000027      0.0
<Jan20-2022> <14:27:00>     12      0.00000003      0.00000002      0.0
<Jan20-2022> <14:27:00>     13      0.00000000      0.00000000      0.0
<Jan20-2022> <14:27:00>  SCF converged
<Jan20-2022> <14:27:00>     14      0.00000000      0.00000000      0.0
<Jan20-2022> <14:27:00>  >>>> POPAN
<Jan20-2022> <14:27:00>  >>>> DEBYE
<Jan20-2022> <14:27:00>  DIRAC 2021.102  RunTime: Jan20-2022 14:27:00  ShM Nodes: 1  Procs: 1
<Jan20-2022> <14:27:00>  Hydrogen (TZ2P)
<Jan20-2022> <14:27:00>  Net Charge: 0 (Nuclei minus Electrons)
<Jan20-2022> <14:27:00>  Symmetry  : ATOM
<Jan20-2022> <14:27:00>  Coordinates
<Jan20-2022> <14:27:00>     Atom         X           Y           Z   (Angstrom)
<Jan20-2022> <14:27:00>     1.H         0.000000    0.000000    0.000000
<Jan20-2022> <14:27:00>  >>>> CORORT
<Jan20-2022> <14:27:00>  >>>> CLSMAT
<Jan20-2022> <14:27:00>  >>>> ORTHON
<Jan20-2022> <14:27:00>  >>>> GENPT
<Jan20-2022> <14:27:00>  Block Length=  64
<Jan20-2022> <14:27:00>  >>>> PTBAS
<Jan20-2022> <14:27:00>  >>>> CYCLE
<Jan20-2022> <14:27:00>              |Error|         MaxErr       Wt(A-DIIS)
<Jan20-2022> <14:27:00>      1      0.00000000      0.00000000
<Jan20-2022> <14:27:00>      2      0.03080019      0.02591482
<Jan20-2022> <14:27:00>      3      0.01140383      0.01135775    100.0
<Jan20-2022> <14:27:00>      4      0.00327656      0.00327407      2.3
<Jan20-2022> <14:27:01>      5      0.00010041      0.00009754      0.0
<Jan20-2022> <14:27:01>      6      0.00000525      0.00000504      0.0
<Jan20-2022> <14:27:01>      7      0.00000007      0.00000007      0.0
<Jan20-2022> <14:27:01>      8      0.00000000      0.00000000      0.0
<Jan20-2022> <14:27:01>  SCF converged
<Jan20-2022> <14:27:01>      9      0.00000000      0.00000000      0.0
<Jan20-2022> <14:27:01>  >>>> POPAN
<Jan20-2022> <14:27:01>  >>>> DEBYE
<Jan20-2022> <14:27:01>  DIRAC 2021.102  RunTime: Jan20-2022 14:27:01  ShM Nodes: 1  Procs: 1
<Jan20-2022> <14:27:01>  Oxygen (TZ2P)
<Jan20-2022> <14:27:01>  Net Charge: 0 (Nuclei minus Electrons)
<Jan20-2022> <14:27:01>  Symmetry  : ATOM
<Jan20-2022> <14:27:01>  Coordinates
<Jan20-2022> <14:27:01>     Atom         X           Y           Z   (Angstrom)
<Jan20-2022> <14:27:01>     1.O         0.000000    0.000000    0.000000
<Jan20-2022> <14:27:01>  >>>> CORORT
<Jan20-2022> <14:27:01>  >>>> CLSMAT
<Jan20-2022> <14:27:01>  >>>> ORTHON
<Jan20-2022> <14:27:01>  >>>> GENPT
<Jan20-2022> <14:27:01>  Block Length=  68
<Jan20-2022> <14:27:01>  >>>> PTBAS
<Jan20-2022> <14:27:01>  >>>> CYCLE
<Jan20-2022> <14:27:01>              |Error|         MaxErr       Wt(A-DIIS)
<Jan20-2022> <14:27:01>      1      0.00000000      0.00000000
<Jan20-2022> <14:27:01>      2      8.77210307      5.53374266    100.0
<Jan20-2022> <14:27:01>      3      3.60058093      2.49154808    100.0
<Jan20-2022> <14:27:01>      4      1.20505529      0.62472425    100.0
<Jan20-2022> <14:27:01>      5      1.46502638      0.81213311    100.0
<Jan20-2022> <14:27:01>      6      0.15089362      0.09131786     91.2
<Jan20-2022> <14:27:01>      7      0.14397311      0.08251182     82.3
<Jan20-2022> <14:27:01>      8      0.00183259      0.00123681      0.2
<Jan20-2022> <14:27:01>      9      0.00015629      0.00008105      0.0
<Jan20-2022> <14:27:01>     10      0.00001324      0.00000629      0.0
<Jan20-2022> <14:27:01>     11      0.00000006      0.00000003      0.0
<Jan20-2022> <14:27:01>     12      0.00000000      0.00000000      0.0
<Jan20-2022> <14:27:01>  SCF converged
<Jan20-2022> <14:27:01>     13      0.00000000      0.00000000      0.0
<Jan20-2022> <14:27:01>  >>>> POPAN
<Jan20-2022> <14:27:01>  >>>> DEBYE
<Jan20-2022> <14:27:01>  DIRAC 2021.102  RunTime: Jan20-2022 14:27:01  ShM Nodes: 1  Procs: 1
<Jan20-2022> <14:27:02>  Fluorine (TZ2P)
<Jan20-2022> <14:27:02>  Net Charge: 0 (Nuclei minus Electrons)
<Jan20-2022> <14:27:02>  Symmetry  : ATOM
<Jan20-2022> <14:27:02>  Coordinates
<Jan20-2022> <14:27:02>     Atom         X           Y           Z   (Angstrom)
<Jan20-2022> <14:27:02>     1.F         0.000000    0.000000    0.000000
<Jan20-2022> <14:27:02>  >>>> CORORT
<Jan20-2022> <14:27:02>  >>>> CLSMAT
<Jan20-2022> <14:27:02>  >>>> ORTHON
<Jan20-2022> <14:27:02>  >>>> GENPT
<Jan20-2022> <14:27:02>  Block Length=  76
<Jan20-2022> <14:27:02>  >>>> PTBAS
<Jan20-2022> <14:27:02>  >>>> CYCLE
<Jan20-2022> <14:27:02>              |Error|         MaxErr       Wt(A-DIIS)
<Jan20-2022> <14:27:02>      1      0.00000000      0.00000000
<Jan20-2022> <14:27:02>      2     11.39970762      4.85721148    100.0
<Jan20-2022> <14:27:02>      3      5.17310012      3.16632108    100.0
<Jan20-2022> <14:27:02>      4      1.04882283      0.49392043    100.0
<Jan20-2022> <14:27:02>      5      1.72142161      0.84736739    100.0
<Jan20-2022> <14:27:02>      6      0.21842580      0.10780687    100.0
<Jan20-2022> <14:27:02>      7      0.28524155      0.13554881    100.0
<Jan20-2022> <14:27:02>      8      0.02856437      0.01389479     13.0
<Jan20-2022> <14:27:02>      9      0.00489297      0.00234741      1.4
<Jan20-2022> <14:27:02>     10      0.00009261      0.00004462      0.0
<Jan20-2022> <14:27:02>     11      0.00000010      0.00000005      0.0
<Jan20-2022> <14:27:02>     12      0.00000000      0.00000000      0.0
<Jan20-2022> <14:27:02>  SCF converged
<Jan20-2022> <14:27:02>     13      0.00000000      0.00000000      0.0
<Jan20-2022> <14:27:02>  >>>> POPAN
<Jan20-2022> <14:27:02>  >>>> DEBYE
<Jan20-2022> <14:27:02>  *** GOStep1 ***
<Jan20-2022> <14:27:02>  >>>> FRAGM
<Jan20-2022> <14:27:02>  Coordinates
<Jan20-2022> <14:27:02>     Atom         X           Y           Z   (Angstrom)
<Jan20-2022> <14:27:02>     1.C         0.072379    0.458490    0.147016
<Jan20-2022> <14:27:02>     2.C         0.881364   -0.769627    0.345434
<Jan20-2022> <14:27:02>     3.H         0.320085   -1.649370    0.008484
<Jan20-2022> <14:27:02>     4.C        -1.244537    0.481405   -0.412106
<Jan20-2022> <14:27:02>     5.H         0.491509    1.421715    0.440204
<Jan20-2022> <14:27:02>     6.O        -1.908801    1.513970   -0.583638
<Jan20-2022> <14:27:02>     7.C         1.357984   -0.971567    1.798392
<Jan20-2022> <14:27:02>     8.H         1.975789   -1.872162    1.871864
<Jan20-2022> <14:27:02>     9.H         0.508075   -1.083701    2.478485
<Jan20-2022> <14:27:02>    10.H         1.956137   -0.121560    2.141940
<Jan20-2022> <14:27:02>    11.H         1.748706   -0.707949   -0.278116
<Jan20-2022> <14:27:02>    12.F        -1.779758   -0.771167   -0.776389
<Jan20-2022> <14:27:02>  >>>> CORORT
<Jan20-2022> <14:27:02>  >>>> CLSMAT
<Jan20-2022> <14:27:02>  >>>> ORTHON
<Jan20-2022> <14:27:02>  >>>> GENPT
<Jan20-2022> <14:27:03>  Block Length= 128
<Jan20-2022> <14:27:03>  >>>> PTBAS
<Jan20-2022> <14:27:21>  >>>> CYCLE
<Jan20-2022> <14:28:28>              |Error|         MaxErr       Wt(A-DIIS)
<Jan20-2022> <14:28:28>      1      5.46579731      0.49807703
<Jan20-2022> <14:29:25>      2      1.00939194      0.09499566    100.0
<Jan20-2022> <14:30:23>      3      0.48726802      0.03259760    100.0
<Jan20-2022> <14:31:21>      4      0.73802962      0.05812640    100.0
<Jan20-2022> <14:32:19>      5      0.14283739      0.01541102     14.6
<Jan20-2022> <14:33:18>      6      0.09901145      0.01280037     11.9
<Jan20-2022> <14:34:16>      7      0.02556616      0.00277994      1.8
<Jan20-2022> <14:35:14>      8      0.00878281      0.00122409      0.2
<Jan20-2022> <14:36:12>      9      0.00236687      0.00029861      0.0
<Jan20-2022> <14:37:12>     10      0.00098654      0.00010663      0.0
<Jan20-2022> <14:38:09>     11      0.00030908      0.00004072      0.0
<Jan20-2022> <14:39:08>     12      0.00014948      0.00001098      0.0
<Jan20-2022> <14:40:05>     13      0.00005196      0.00000387      0.0
<Jan20-2022> <14:41:04>     14      0.00001848      0.00000121      0.0
<Jan20-2022> <14:42:01>     15      0.00000576      0.00000048      0.0
<Jan20-2022> <14:42:17>  SCF converged
<Jan20-2022> <14:43:00>     16      0.00000391      0.00000028      0.0
<Jan20-2022> <14:43:16>  >>>> TOTEN
<Jan20-2022> <14:44:17>  >>>> POPAN
<Jan20-2022> <14:44:17>  >>>> DEBYE
<Jan20-2022> <14:44:18>  >>>> ENGRAD
<Jan20-2022> <14:45:41>  current energy                               -2.41414311 Hartree
<Jan20-2022> <14:45:41>  energy change                      -2.41414311     0.00012000    F
<Jan20-2022> <14:45:41>  constrained gradient max            0.07250398     0.00100000    F
<Jan20-2022> <14:45:41>  constrained gradient rms            0.02212060     0.00066667    F
<Jan20-2022> <14:45:41>  gradient max                        0.07250398
<Jan20-2022> <14:45:41>  gradient rms                        0.02212060
<Jan20-2022> <14:45:41>  cart. step max                      0.04708648     0.01000000    F
<Jan20-2022> <14:45:41>  cart. step rms                      0.01302046     0.00666667    F
<Jan20-2022> <14:45:41>  Iteration 2
<Jan20-2022> <14:45:42>  *** GOStep2 ***
<Jan20-2022> <14:45:42>  >>>> FRAGM
<Jan20-2022> <14:45:42>  Coordinates
<Jan20-2022> <14:45:42>     Atom         X           Y           Z   (Angstrom)
<Jan20-2022> <14:45:42>     1.C         0.065510    0.439231    0.144389
<Jan20-2022> <14:45:42>     2.C         0.882864   -0.785032    0.343777
<Jan20-2022> <14:45:42>     3.H         0.329686   -1.668465    0.012451
<Jan20-2022> <14:45:42>     4.C        -1.250869    0.508232   -0.409948
<Jan20-2022> <14:45:42>     5.H         0.478597    1.401251    0.438894
<Jan20-2022> <14:45:42>     6.O        -1.914233    1.497439   -0.581551
<Jan20-2022> <14:45:42>     7.C         1.357610   -0.968348    1.800595
<Jan20-2022> <14:45:42>     8.H         1.984761   -1.861669    1.879232
<Jan20-2022> <14:45:42>     9.H         0.507733   -1.086787    2.479457
<Jan20-2022> <14:45:42>    10.H         1.946665   -0.110428    2.141082
<Jan20-2022> <14:45:42>    11.H         1.769519   -0.712869   -0.290115
<Jan20-2022> <14:45:42>    12.F        -1.778912   -0.724080   -0.776692
<Jan20-2022> <14:45:42>  >>>> CORORT
<Jan20-2022> <14:45:42>  >>>> CLSMAT
<Jan20-2022> <14:45:42>  >>>> ORTHON
<Jan20-2022> <14:45:42>  >>>> GENPT
<Jan20-2022> <14:45:42>  Block Length= 128
<Jan20-2022> <14:45:43>  >>>> PTBAS
<Jan20-2022> <14:46:02>  >>>> CYCLE
<Jan20-2022> <14:46:25>  using orbital data from restart file
<Jan20-2022> <14:47:05>              |Error|         MaxErr       Wt(A-DIIS)
<Jan20-2022> <14:47:05>      1      0.20985000      0.03689629
<Jan20-2022> <14:48:04>      2      0.05897563      0.00439317    100.0
<Jan20-2022> <14:49:03>      3      0.02756976      0.00247062    100.0
<Jan20-2022> <14:50:02>      4      0.04497255      0.00318011    100.0
<Jan20-2022> <14:51:01>      5      0.00753271      0.00066930      0.0
<Jan20-2022> <14:52:00>      6      0.00287631      0.00042478      0.0
<Jan20-2022> <14:52:33>      7      0.00084076      0.00009462      0.0
<Jan20-2022> <14:53:06>      8      0.00048234      0.00003378      0.0
<Jan20-2022> <14:53:40>      9      0.00009838      0.00000860      0.0
<Jan20-2022> <14:54:13>     10      0.00003505      0.00000215      0.0
<Jan20-2022> <14:54:47>     11      0.00001536      0.00000105      0.0
<Jan20-2022> <14:55:21>     12      0.00000337      0.00000032      0.0
<Jan20-2022> <14:55:29>  SCF converged
<Jan20-2022> <14:55:54>     13      0.00000134      0.00000011      0.0
<Jan20-2022> <14:56:03>  >>>> TOTEN
<Jan20-2022> <14:56:40>  >>>> POPAN
<Jan20-2022> <14:56:40>  >>>> DEBYE
<Jan20-2022> <14:56:40>  >>>> ENGRAD
<Jan20-2022> <14:57:30>  current energy                               -2.41738187 Hartree
<Jan20-2022> <14:57:30>  energy change                      -0.00323876     0.00012000    F
<Jan20-2022> <14:57:30>  constrained gradient max            0.01175128     0.00100000    F
<Jan20-2022> <14:57:30>  constrained gradient rms            0.00493349     0.00066667    F
<Jan20-2022> <14:57:30>  gradient max                        0.01175128
<Jan20-2022> <14:57:30>  gradient rms                        0.00493349
<Jan20-2022> <14:57:30>  cart. step max                      0.01015739     0.01000000    F
<Jan20-2022> <14:57:30>  cart. step rms                      0.00431292     0.00666667    T
<Jan20-2022> <14:57:30>  Iteration 3
<Jan20-2022> <14:57:30>  *** GOStep3 ***
<Jan20-2022> <14:57:30>  >>>> FRAGM
<Jan20-2022> <14:57:31>  Coordinates
<Jan20-2022> <14:57:31>     Atom         X           Y           Z   (Angstrom)
<Jan20-2022> <14:57:31>     1.C         0.064992    0.432601    0.143561
<Jan20-2022> <14:57:31>     2.C         0.881837   -0.790736    0.344494
<Jan20-2022> <14:57:31>     3.H         0.331506   -1.675007    0.014498
<Jan20-2022> <14:57:31>     4.C        -1.254661    0.516324   -0.414385
<Jan20-2022> <14:57:31>     5.H         0.476196    1.394562    0.440376
<Jan20-2022> <14:57:31>     6.O        -1.923788    1.507596   -0.582279
<Jan20-2022> <14:57:31>     7.C         1.358046   -0.968100    1.801772
<Jan20-2022> <14:57:31>     8.H         1.988750   -1.858813    1.881699
<Jan20-2022> <14:57:31>     9.H         0.508609   -1.088988    2.480647
<Jan20-2022> <14:57:31>    10.H         1.943844   -0.107189    2.140138
<Jan20-2022> <14:57:31>    11.H         1.774710   -0.714291   -0.294476
<Jan20-2022> <14:57:31>    12.F        -1.771111   -0.719483   -0.774473
<Jan20-2022> <14:57:31>  >>>> CORORT
<Jan20-2022> <14:57:31>  >>>> CLSMAT
<Jan20-2022> <14:57:31>  >>>> ORTHON
<Jan20-2022> <14:57:31>  >>>> GENPT
<Jan20-2022> <14:57:31>  Block Length= 128
<Jan20-2022> <14:57:32>  >>>> PTBAS
<Jan20-2022> <14:57:50>  >>>> CYCLE
<Jan20-2022> <14:58:13>  using orbital data from restart file
<Jan20-2022> <14:58:57>              |Error|         MaxErr       Wt(A-DIIS)
<Jan20-2022> <14:58:57>      1      0.04477150      0.00544271
<Jan20-2022> <14:59:58>      2      0.00872104      0.00057835    100.0
<Jan20-2022> <15:01:00>      3      0.01484472      0.00124762    100.0
<Jan20-2022> <15:02:00>      4      0.00288272      0.00035892      0.0
<Jan20-2022> <15:03:03>      5      0.00162895      0.00021421      0.0
<Jan20-2022> <15:04:04>      6      0.00072284      0.00008951      0.0
<Jan20-2022> <15:05:04>      7      0.00013783      0.00001612      0.0
<Jan20-2022> <15:06:04>      8      0.00005389      0.00000503      0.0
<Jan20-2022> <15:07:06>      9      0.00002047      0.00000205      0.0
<Jan20-2022> <15:08:08>     10      0.00000594      0.00000046      0.0
<Jan20-2022> <15:08:25>  SCF converged
<Jan20-2022> <15:09:10>     11      0.00000257      0.00000020      0.0
<Jan20-2022> <15:09:28>  >>>> TOTEN
<Jan20-2022> <15:10:22>  >>>> POPAN
<Jan20-2022> <15:10:22>  >>>> DEBYE
<Jan20-2022> <15:10:22>  >>>> ENGRAD
<Jan20-2022> <15:11:14>  current energy                               -2.41757994 Hartree
<Jan20-2022> <15:11:14>  energy change                      -0.00019807     0.00012000    F
<Jan20-2022> <15:11:14>  constrained gradient max            0.00535721     0.00100000    F
<Jan20-2022> <15:11:14>  constrained gradient rms            0.00163579     0.00066667    F
<Jan20-2022> <15:11:14>  gradient max                        0.00535721
<Jan20-2022> <15:11:14>  gradient rms                        0.00163579
<Jan20-2022> <15:11:14>  cart. step max                      0.02744676     0.01000000    F
<Jan20-2022> <15:11:14>  cart. step rms                      0.00703404     0.00666667    F
<Jan20-2022> <15:11:14>  Iteration 4
<Jan20-2022> <15:11:14>  *** GOStep4 ***
<Jan20-2022> <15:11:14>  >>>> FRAGM
<Jan20-2022> <15:11:14>  Coordinates
<Jan20-2022> <15:11:14>     Atom         X           Y           Z   (Angstrom)
<Jan20-2022> <15:11:14>     1.C         0.060193    0.429045    0.150783
<Jan20-2022> <15:11:14>     2.C         0.876157   -0.793843    0.349351
<Jan20-2022> <15:11:14>     3.H         0.325586   -1.678971    0.023700
<Jan20-2022> <15:11:14>     4.C        -1.262925    0.516177   -0.405959
<Jan20-2022> <15:11:14>     5.H         0.472336    1.391476    0.446448
<Jan20-2022> <15:11:14>     6.O        -1.919874    1.512309   -0.590879
<Jan20-2022> <15:11:14>     7.C         1.363179   -0.967553    1.803435
<Jan20-2022> <15:11:14>     8.H         1.996359   -1.856801    1.880415
<Jan20-2022> <15:11:14>     9.H         0.518397   -1.089360    2.487885
<Jan20-2022> <15:11:14>    10.H         1.949239   -0.104726    2.136025
<Jan20-2022> <15:11:14>    11.H         1.766901   -0.716028   -0.297715
<Jan20-2022> <15:11:14>    12.F        -1.766616   -0.713247   -0.801919
<Jan20-2022> <15:11:14>  >>>> CORORT
<Jan20-2022> <15:11:14>  >>>> CLSMAT
<Jan20-2022> <15:11:14>  >>>> ORTHON
<Jan20-2022> <15:11:14>  >>>> GENPT
<Jan20-2022> <15:11:15>  Block Length= 128
<Jan20-2022> <15:11:15>  >>>> PTBAS
<Jan20-2022> <15:11:27>  >>>> CYCLE
<Jan20-2022> <15:11:44>  using orbital data from restart file
<Jan20-2022> <15:12:28>              |Error|         MaxErr       Wt(A-DIIS)
<Jan20-2022> <15:12:28>      1      0.06847086      0.01240076
<Jan20-2022> <15:13:26>      2      0.00767440      0.00086811    100.0
<Jan20-2022> <15:14:26>      3      0.00840903      0.00073518    100.0
<Jan20-2022> <15:15:26>      4      0.00318437      0.00033762      0.0
<Jan20-2022> <15:16:25>      5      0.00102424      0.00014767      0.0
<Jan20-2022> <15:17:17>      6      0.00077223      0.00008131      0.0
<Jan20-2022> <15:18:07>      7      0.00017592      0.00002222      0.0
<Jan20-2022> <15:18:42>      8      0.00004884      0.00000355      0.0
<Jan20-2022> <15:19:17>      9      0.00002235      0.00000139      0.0
<Jan20-2022> <15:19:52>     10      0.00000656      0.00000049      0.0
<Jan20-2022> <15:20:01>  SCF converged
<Jan20-2022> <15:20:27>     11      0.00000168      0.00000017      0.0
<Jan20-2022> <15:20:36>  >>>> TOTEN
<Jan20-2022> <15:21:15>  >>>> POPAN
<Jan20-2022> <15:21:15>  >>>> DEBYE
<Jan20-2022> <15:21:15>  >>>> ENGRAD
<Jan20-2022> <15:22:06>  current energy                               -2.41751866 Hartree
<Jan20-2022> <15:22:06>  energy change                       0.00006129     0.00012000    T
<Jan20-2022> <15:22:06>  constrained gradient max            0.00914891     0.00100000    F
<Jan20-2022> <15:22:06>  constrained gradient rms            0.00186802     0.00066667    F
<Jan20-2022> <15:22:06>  gradient max                        0.00914891
<Jan20-2022> <15:22:06>  gradient rms                        0.00186802
<Jan20-2022> <15:22:06>  cart. step max                      0.00543609     0.01000000    T
<Jan20-2022> <15:22:06>  cart. step rms                      0.00177618     0.00666667    T
<Jan20-2022> <15:22:06>  Iteration 5
<Jan20-2022> <15:22:06>  *** GOStep5 ***
<Jan20-2022> <15:22:06>  >>>> FRAGM
<Jan20-2022> <15:22:06>  Coordinates
<Jan20-2022> <15:22:06>     Atom         X           Y           Z   (Angstrom)
<Jan20-2022> <15:22:06>     1.C         0.061922    0.429573    0.149019
<Jan20-2022> <15:22:06>     2.C         0.877005   -0.793151    0.348830
<Jan20-2022> <15:22:06>     3.H         0.327036   -1.678200    0.021969
<Jan20-2022> <15:22:06>     4.C        -1.260602    0.515726   -0.410439
<Jan20-2022> <15:22:06>     5.H         0.473230    1.392247    0.445697
<Jan20-2022> <15:22:06>     6.O        -1.919699    1.511042   -0.587580
<Jan20-2022> <15:22:06>     7.C         1.362246   -0.967625    1.803359
<Jan20-2022> <15:22:06>     8.H         1.995291   -1.856940    1.880823
<Jan20-2022> <15:22:06>     9.H         0.516492   -1.089697    2.486572
<Jan20-2022> <15:22:06>    10.H         1.947846   -0.104954    2.136978
<Jan20-2022> <15:22:06>    11.H         1.768578   -0.715118   -0.297174
<Jan20-2022> <15:22:06>    12.F        -1.770414   -0.714427   -0.796483
<Jan20-2022> <15:22:06>  >>>> CORORT
<Jan20-2022> <15:22:06>  >>>> CLSMAT
<Jan20-2022> <15:22:06>  >>>> ORTHON
<Jan20-2022> <15:22:06>  >>>> GENPT
<Jan20-2022> <15:22:07>  Block Length= 128
<Jan20-2022> <15:22:07>  >>>> PTBAS
<Jan20-2022> <15:22:19>  >>>> CYCLE
<Jan20-2022> <15:22:33>  using orbital data from restart file
<Jan20-2022> <15:22:59>              |Error|         MaxErr       Wt(A-DIIS)
<Jan20-2022> <15:22:59>      1      0.02296789      0.00434178
<Jan20-2022> <15:23:34>      2      0.00233692      0.00024376    100.0
<Jan20-2022> <15:24:09>      3      0.00150250      0.00015865    100.0
<Jan20-2022> <15:24:44>      4      0.00125105      0.00013181      0.0
<Jan20-2022> <15:25:19>      5      0.00023835      0.00002463      0.0
<Jan20-2022> <15:25:54>      6      0.00019403      0.00002379      0.0
<Jan20-2022> <15:26:28>      7      0.00005909      0.00000681      0.0
<Jan20-2022> <15:27:03>      8      0.00002505      0.00000241      0.0
<Jan20-2022> <15:27:38>      9      0.00000695      0.00000066      0.0
<Jan20-2022> <15:27:47>  SCF converged
<Jan20-2022> <15:28:13>     10      0.00000182      0.00000020      0.0
<Jan20-2022> <15:28:22>  >>>> TOTEN
<Jan20-2022> <15:29:01>  >>>> POPAN
<Jan20-2022> <15:29:01>  >>>> DEBYE
<Jan20-2022> <15:29:01>  >>>> ENGRAD
<Jan20-2022> <15:29:51>  current energy                               -2.41757736 Hartree
<Jan20-2022> <15:29:51>  energy change                      -0.00005871     0.00012000    T
<Jan20-2022> <15:29:51>  constrained gradient max            0.00510397     0.00100000    F
<Jan20-2022> <15:29:51>  constrained gradient rms            0.00105452     0.00066667    F
<Jan20-2022> <15:29:51>  gradient max                        0.00510397
<Jan20-2022> <15:29:51>  gradient rms                        0.00105452
<Jan20-2022> <15:29:51>  cart. step max                      0.00728344     0.01000000    T
<Jan20-2022> <15:29:51>  cart. step rms                      0.00169337     0.00666667    T
<Jan20-2022> <15:29:51>  Iteration 6
<Jan20-2022> <15:29:52>  *** GOStep6 ***
<Jan20-2022> <15:29:52>  >>>> FRAGM
<Jan20-2022> <15:29:52>  Coordinates
<Jan20-2022> <15:29:52>     Atom         X           Y           Z   (Angstrom)
<Jan20-2022> <15:29:52>     1.C         0.062858    0.430538    0.148053
<Jan20-2022> <15:29:52>     2.C         0.876592   -0.792417    0.349076
<Jan20-2022> <15:29:52>     3.H         0.326502   -1.677335    0.021719
<Jan20-2022> <15:29:52>     4.C        -1.257098    0.515995   -0.417723
<Jan20-2022> <15:29:52>     5.H         0.471911    1.393211    0.447833
<Jan20-2022> <15:29:52>     6.O        -1.920391    1.510206   -0.585316
<Jan20-2022> <15:29:52>     7.C         1.362212   -0.967806    1.803257
<Jan20-2022> <15:29:52>     8.H         1.994984   -1.857325    1.880457
<Jan20-2022> <15:29:52>     9.H         0.516431   -1.089814    2.486479
<Jan20-2022> <15:29:52>    10.H         1.947984   -0.105365    2.137032
<Jan20-2022> <15:29:52>    11.H         1.768039   -0.715700   -0.296840
<Jan20-2022> <15:29:52>    12.F        -1.771093   -0.715711   -0.792457
<Jan20-2022> <15:29:52>  >>>> CORORT
<Jan20-2022> <15:29:52>  >>>> CLSMAT
<Jan20-2022> <15:29:52>  >>>> ORTHON
<Jan20-2022> <15:29:52>  >>>> GENPT
<Jan20-2022> <15:29:52>  Block Length= 128
<Jan20-2022> <15:29:53>  >>>> PTBAS
<Jan20-2022> <15:30:05>  >>>> CYCLE
<Jan20-2022> <15:30:19>  using orbital data from restart file
<Jan20-2022> <15:30:45>              |Error|         MaxErr       Wt(A-DIIS)
<Jan20-2022> <15:30:45>      1      0.02716386      0.00522355
<Jan20-2022> <15:31:20>      2      0.00265676      0.00029097    100.0
<Jan20-2022> <15:31:55>      3      0.00171363      0.00018222    100.0
<Jan20-2022> <15:32:30>      4      0.00137519      0.00015300      0.0
<Jan20-2022> <15:33:05>      5      0.00038696      0.00004554      0.0
<Jan20-2022> <15:33:40>      6      0.00022259      0.00002046      0.0
<Jan20-2022> <15:34:15>      7      0.00005525      0.00000704      0.0
<Jan20-2022> <15:34:50>      8      0.00002547      0.00000237      0.0
<Jan20-2022> <15:35:25>      9      0.00000727      0.00000043      0.0
<Jan20-2022> <15:35:34>  SCF converged
<Jan20-2022> <15:36:00>     10      0.00000143      0.00000008      0.0
<Jan20-2022> <15:36:09>  >>>> TOTEN
<Jan20-2022> <15:36:49>  >>>> POPAN
<Jan20-2022> <15:36:49>  >>>> DEBYE
<Jan20-2022> <15:36:49>  >>>> ENGRAD
<Jan20-2022> <15:37:39>  current energy                               -2.41760611 Hartree
<Jan20-2022> <15:37:39>  energy change                      -0.00002874     0.00012000    T
<Jan20-2022> <15:37:39>  constrained gradient max            0.00029482     0.00100000    T
<Jan20-2022> <15:37:39>  constrained gradient rms            0.00009961     0.00066667    T
<Jan20-2022> <15:37:39>  gradient max                        0.00029482
<Jan20-2022> <15:37:39>  gradient rms                        0.00009961
<Jan20-2022> <15:37:39>  cart. step max                      0.00570115     0.01000000    T
<Jan20-2022> <15:37:39>  cart. step rms                      0.00180667     0.00666667    T
<Jan20-2022> <15:37:39>  Geometry optimization converged
<Jan20-2022> <15:37:40>  *** adf ***
<Jan20-2022> <15:37:40>  Net Charge: 0 (Nuclei minus Electrons)
<Jan20-2022> <15:37:40>  Spin polar: 1 (Spin_A minus Spin_B electrons)
<Jan20-2022> <15:37:40>  Symmetry  : NOSYM
<Jan20-2022> <15:37:40>  >>>> FRAGM
<Jan20-2022> <15:37:40>  Coordinates
<Jan20-2022> <15:37:40>     Atom         X           Y           Z   (Angstrom)
<Jan20-2022> <15:37:40>     1.C         0.062858    0.430538    0.148053
<Jan20-2022> <15:37:40>     2.C         0.876592   -0.792417    0.349076
<Jan20-2022> <15:37:40>     3.H         0.326502   -1.677335    0.021719
<Jan20-2022> <15:37:40>     4.C        -1.257098    0.515995   -0.417723
<Jan20-2022> <15:37:40>     5.H         0.471911    1.393211    0.447833
<Jan20-2022> <15:37:40>     6.O        -1.920391    1.510206   -0.585316
<Jan20-2022> <15:37:40>     7.C         1.362212   -0.967806    1.803257
<Jan20-2022> <15:37:40>     8.H         1.994984   -1.857325    1.880457
<Jan20-2022> <15:37:40>     9.H         0.516431   -1.089814    2.486479
<Jan20-2022> <15:37:40>    10.H         1.947984   -0.105365    2.137032
<Jan20-2022> <15:37:40>    11.H         1.768039   -0.715700   -0.296840
<Jan20-2022> <15:37:40>    12.F        -1.771093   -0.715711   -0.792457
<Jan20-2022> <15:37:40>  >>>> CORORT
<Jan20-2022> <15:37:40>  >>>> CLSMAT
<Jan20-2022> <15:37:40>  >>>> ORTHON
<Jan20-2022> <15:37:40>  >>>> GENPT
<Jan20-2022> <15:37:40>  Block Length= 128
<Jan20-2022> <15:37:41>  >>>> PTBAS
<Jan20-2022> <15:37:53>  >>>> CYCLE
<Jan20-2022> <15:38:07>  using orbital data from restart file
<Jan20-2022> <15:38:33>              |Error|         MaxErr       Wt(A-DIIS)
<Jan20-2022> <15:38:33>      1      0.00000074      0.00000009
<Jan20-2022> <15:39:07>      2      0.00000111      0.00000014    100.0
<Jan20-2022> <15:39:17>  SCF converged
<Jan20-2022> <15:39:42>      3      0.00000054      0.00000007    100.0
<Jan20-2022> <15:40:13>  >>>> TOTEN
<Jan20-2022> <15:41:17>  >>>> POPAN
<Jan20-2022> <15:41:17>  >>>> DEBYE
<Jan20-2022> <15:41:17>  >>>> AMETS
<Jan20-2022> <15:41:18>   Bond Energy          -2.41760611 a.u.
<Jan20-2022> <15:41:18>   Bond Energy         -65.78640939 eV
<Jan20-2022> <15:41:18>   Bond Energy       -1517.07       kcal/mol
<Jan20-2022> <15:41:18>  >>>> POPUL
<Jan20-2022> <15:41:18>  >>>> ENGRAD
<Jan20-2022> <15:42:08>  >>>> ENHESS
<Jan20-2022> <15:42:24>  === NUCLEUS:     1
<Jan20-2022> <16:00:31>  === NUCLEUS:     2
<Jan20-2022> <16:16:29>  === NUCLEUS:     3
<Jan20-2022> <16:33:33>  === NUCLEUS:     4
<Jan20-2022> <16:49:07>  === NUCLEUS:     5
<Jan20-2022> <17:03:18>  === NUCLEUS:     6
<Jan20-2022> <17:18:19>  === NUCLEUS:     7
