forrtl: Stale file handle
forrtl: severe (38): error during write, unit -314, file /scistor/tc/yhk800/MasterProject/calculations/no_catalyst_H_F/15.no_catalyst_H_F.TS/ams.log
Image              PC                Routine            Line        Source             
ams.exe            000000000CBB7A42  Unknown               Unknown  Unknown
ams.exe            000000000CC0FC35  Unknown               Unknown  Unknown
ams.exe            000000000CC0DBDE  Unknown               Unknown  Unknown
ams.exe            0000000009B9B653  Unknown               Unknown  Unknown
ams.exe            00000000004153C1  Unknown               Unknown  Unknown
ams.exe            0000000008BB64E7  Unknown               Unknown  Unknown
ams.exe            0000000009C6EBCF  Unknown               Unknown  Unknown
ams.exe            000000000A2A3BB8  Unknown               Unknown  Unknown
ams.exe            0000000009CFF0FD  Unknown               Unknown  Unknown
ams.exe            0000000009CFD0A3  Unknown               Unknown  Unknown
ams.exe            0000000009D46BA0  Unknown               Unknown  Unknown
ams.exe            00000000006D6F08  Unknown               Unknown  Unknown
ams.exe            0000000000414802  Unknown               Unknown  Unknown
ams.exe            0000000000412272  Unknown               Unknown  Unknown
libc-2.28.so       00001555474BB493  __libc_start_main     Unknown  Unknown
ams.exe            0000000000412101  Unknown               Unknown  Unknown
forrtl: severe (28): CLOSE error, unit -314, file "Unknown"
Image              PC                Routine            Line        Source             
ams.exe            000000000CBBFBA3  Unknown               Unknown  Unknown
ams.exe            000000000CBB8763  Unknown               Unknown  Unknown
ams.exe            000000000CBB7A42  Unknown               Unknown  Unknown
ams.exe            000000000CC0FC35  Unknown               Unknown  Unknown
ams.exe            000000000CC0DBDE  Unknown               Unknown  Unknown
ams.exe            0000000009B9B653  Unknown               Unknown  Unknown
ams.exe            00000000004153C1  Unknown               Unknown  Unknown
ams.exe            0000000008BB64E7  Unknown               Unknown  Unknown
ams.exe            0000000009C6EBCF  Unknown               Unknown  Unknown
ams.exe            000000000A2A3BB8  Unknown               Unknown  Unknown
ams.exe            0000000009CFF0FD  Unknown               Unknown  Unknown
ams.exe            0000000009CFD0A3  Unknown               Unknown  Unknown
ams.exe            0000000009D46BA0  Unknown               Unknown  Unknown
ams.exe            00000000006D6F08  Unknown               Unknown  Unknown
ams.exe            0000000000414802  Unknown               Unknown  Unknown
ams.exe            0000000000412272  Unknown               Unknown  Unknown
libc-2.28.so       00001555474BB493  __libc_start_main     Unknown  Unknown
ams.exe            0000000000412101  Unknown               Unknown  Unknown
