<Jan22-2022> <23:29:48>  AMS 2021.102  RunTime: Jan22-2022 23:29:48  ShM Nodes: 1  Procs: 4
<Jan22-2022> <23:29:49>  ADF 2021.102  RunTime: Jan22-2022 23:29:49  ShM Nodes: 1  Procs: 4
<Jan22-2022> <23:29:49>  *** (NO TITLE) ***
<Jan22-2022> <23:29:49>  Iteration 1
<Jan22-2022> <23:29:49>  DIRAC 2021.102  RunTime: Jan22-2022 23:29:49  ShM Nodes: 1  Procs: 1
<Jan22-2022> <23:29:49>  Hydrogen (TZ2P)
<Jan22-2022> <23:29:50>  Net Charge: 0 (Nuclei minus Electrons)
<Jan22-2022> <23:29:50>  Symmetry  : ATOM
<Jan22-2022> <23:29:50>  Coordinates
<Jan22-2022> <23:29:50>     Atom         X           Y           Z   (Angstrom)
<Jan22-2022> <23:29:50>     1.H         0.000000    0.000000    0.000000
<Jan22-2022> <23:29:50>  >>>> CORORT
<Jan22-2022> <23:29:50>  >>>> CLSMAT
<Jan22-2022> <23:29:50>  >>>> ORTHON
<Jan22-2022> <23:29:50>  >>>> GENPT
<Jan22-2022> <23:29:50>  Block Length=  64
<Jan22-2022> <23:29:50>  >>>> PTBAS
<Jan22-2022> <23:29:50>  >>>> CYCLE
<Jan22-2022> <23:29:50>              |Error|         MaxErr       Wt(A-DIIS)
<Jan22-2022> <23:29:50>      1      0.00000000      0.00000000
<Jan22-2022> <23:29:50>      2      0.03080019      0.02591482
<Jan22-2022> <23:29:50>      3      0.01140383      0.01135775    100.0
<Jan22-2022> <23:29:50>      4      0.00327656      0.00327407      2.3
<Jan22-2022> <23:29:50>      5      0.00010041      0.00009754      0.0
<Jan22-2022> <23:29:50>      6      0.00000525      0.00000504      0.0
<Jan22-2022> <23:29:50>      7      0.00000007      0.00000007      0.0
<Jan22-2022> <23:29:50>      8      0.00000000      0.00000000      0.0
<Jan22-2022> <23:29:50>  SCF converged
<Jan22-2022> <23:29:50>      9      0.00000000      0.00000000      0.0
<Jan22-2022> <23:29:50>  >>>> POPAN
<Jan22-2022> <23:29:50>  >>>> DEBYE
<Jan22-2022> <23:29:50>  DIRAC 2021.102  RunTime: Jan22-2022 23:29:50  ShM Nodes: 1  Procs: 1
<Jan22-2022> <23:29:51>  Carbon (TZ2P)
<Jan22-2022> <23:29:51>  Net Charge: 0 (Nuclei minus Electrons)
<Jan22-2022> <23:29:51>  Symmetry  : ATOM
<Jan22-2022> <23:29:51>  Coordinates
<Jan22-2022> <23:29:51>     Atom         X           Y           Z   (Angstrom)
<Jan22-2022> <23:29:51>     1.C         0.000000    0.000000    0.000000
<Jan22-2022> <23:29:51>  >>>> CORORT
<Jan22-2022> <23:29:51>  >>>> CLSMAT
<Jan22-2022> <23:29:51>  >>>> ORTHON
<Jan22-2022> <23:29:51>  >>>> GENPT
<Jan22-2022> <23:29:51>  Block Length=  72
<Jan22-2022> <23:29:51>  >>>> PTBAS
<Jan22-2022> <23:29:51>  >>>> CYCLE
<Jan22-2022> <23:29:51>              |Error|         MaxErr       Wt(A-DIIS)
<Jan22-2022> <23:29:51>      1      0.00000000      0.00000000
<Jan22-2022> <23:29:51>      2      4.48405934      3.32161898    100.0
<Jan22-2022> <23:29:51>      3      1.60718414      1.28408746    100.0
<Jan22-2022> <23:29:51>      4      0.76426456      0.62272052    100.0
<Jan22-2022> <23:29:51>      5      0.36119063      0.28553990    100.0
<Jan22-2022> <23:29:51>      6      0.14821424      0.11559867    100.0
<Jan22-2022> <23:29:51>      7      0.10108424      0.07867111     78.5
<Jan22-2022> <23:29:51>      8      0.01786531      0.01387049     13.0
<Jan22-2022> <23:29:51>      9      0.00195746      0.00153262      0.5
<Jan22-2022> <23:29:51>     10      0.00001058      0.00000730      0.0
<Jan22-2022> <23:29:51>     11      0.00000047      0.00000027      0.0
<Jan22-2022> <23:29:52>     12      0.00000003      0.00000002      0.0
<Jan22-2022> <23:29:52>     13      0.00000000      0.00000000      0.0
<Jan22-2022> <23:29:52>  SCF converged
<Jan22-2022> <23:29:52>     14      0.00000000      0.00000000      0.0
<Jan22-2022> <23:29:52>  >>>> POPAN
<Jan22-2022> <23:29:52>  >>>> DEBYE
<Jan22-2022> <23:29:52>  DIRAC 2021.102  RunTime: Jan22-2022 23:29:52  ShM Nodes: 1  Procs: 1
<Jan22-2022> <23:29:52>  Oxygen (TZ2P)
<Jan22-2022> <23:29:52>  Net Charge: 0 (Nuclei minus Electrons)
<Jan22-2022> <23:29:52>  Symmetry  : ATOM
<Jan22-2022> <23:29:52>  Coordinates
<Jan22-2022> <23:29:52>     Atom         X           Y           Z   (Angstrom)
<Jan22-2022> <23:29:52>     1.O         0.000000    0.000000    0.000000
<Jan22-2022> <23:29:52>  >>>> CORORT
<Jan22-2022> <23:29:52>  >>>> CLSMAT
<Jan22-2022> <23:29:52>  >>>> ORTHON
<Jan22-2022> <23:29:52>  >>>> GENPT
<Jan22-2022> <23:29:52>  Block Length=  68
<Jan22-2022> <23:29:52>  >>>> PTBAS
<Jan22-2022> <23:29:52>  >>>> CYCLE
<Jan22-2022> <23:29:53>              |Error|         MaxErr       Wt(A-DIIS)
<Jan22-2022> <23:29:53>      1      0.00000000      0.00000000
<Jan22-2022> <23:29:53>      2      8.77210307      5.53374266    100.0
<Jan22-2022> <23:29:53>      3      3.60058093      2.49154808    100.0
<Jan22-2022> <23:29:53>      4      1.20505529      0.62472425    100.0
<Jan22-2022> <23:29:53>      5      1.46502638      0.81213311    100.0
<Jan22-2022> <23:29:53>      6      0.15089362      0.09131786     91.2
<Jan22-2022> <23:29:53>      7      0.14397311      0.08251182     82.3
<Jan22-2022> <23:29:53>      8      0.00183259      0.00123681      0.2
<Jan22-2022> <23:29:53>      9      0.00015629      0.00008105      0.0
<Jan22-2022> <23:29:53>     10      0.00001324      0.00000629      0.0
<Jan22-2022> <23:29:53>     11      0.00000006      0.00000003      0.0
<Jan22-2022> <23:29:53>     12      0.00000000      0.00000000      0.0
<Jan22-2022> <23:29:53>  SCF converged
<Jan22-2022> <23:29:53>     13      0.00000000      0.00000000      0.0
<Jan22-2022> <23:29:53>  >>>> POPAN
<Jan22-2022> <23:29:53>  >>>> DEBYE
<Jan22-2022> <23:29:53>  DIRAC 2021.102  RunTime: Jan22-2022 23:29:53  ShM Nodes: 1  Procs: 1
<Jan22-2022> <23:29:54>  Iodine (TZ2P, all electron)
<Jan22-2022> <23:29:54>  Net Charge: 0 (Nuclei minus Electrons)
<Jan22-2022> <23:29:54>  Symmetry  : ATOM
<Jan22-2022> <23:29:54>  Coordinates
<Jan22-2022> <23:29:54>     Atom         X           Y           Z   (Angstrom)
<Jan22-2022> <23:29:54>     1.I         0.000000    0.000000    0.000000
<Jan22-2022> <23:29:54>  >>>> CORORT
<Jan22-2022> <23:29:54>  >>>> CLSMAT
<Jan22-2022> <23:29:54>  >>>> ORTHON
<Jan22-2022> <23:29:54>  >>>> GENPT
<Jan22-2022> <23:29:55>  Block Length=  88
<Jan22-2022> <23:29:55>  >>>> PTBAS
<Jan22-2022> <23:29:55>  >>>> CYCLE
<Jan22-2022> <23:29:55>              |Error|         MaxErr       Wt(A-DIIS)
<Jan22-2022> <23:29:55>      1      0.00000000      0.00000000
<Jan22-2022> <23:29:56>      2    302.16835523     40.96243619    100.0
<Jan22-2022> <23:29:56>      3    115.45084873     32.05895485    100.0
<Jan22-2022> <23:29:56>      4     16.57298611      2.67421947    100.0
<Jan22-2022> <23:29:56>      5     19.84924009      6.00369154    100.0
<Jan22-2022> <23:29:56>      6      3.53444971      0.75082635    100.0
<Jan22-2022> <23:29:56>      7      3.91287540      0.80211300    100.0
<Jan22-2022> <23:29:57>      8      0.25898904      0.05024736     49.7
<Jan22-2022> <23:29:57>      9      0.05079462      0.01041659      9.5
<Jan22-2022> <23:29:57>     10      0.00447325      0.00089953      0.0
<Jan22-2022> <23:29:57>     11      0.00037467      0.00008194      0.0
<Jan22-2022> <23:29:57>     12      0.00000877      0.00000176      0.0
<Jan22-2022> <23:29:57>     13      0.00000011      0.00000002      0.0
<Jan22-2022> <23:29:58>     14      0.00000000      0.00000000      0.0
<Jan22-2022> <23:29:58>  SCF converged
<Jan22-2022> <23:29:58>     15      0.00000000      0.00000000      0.0
<Jan22-2022> <23:29:58>  >>>> POPAN
<Jan22-2022> <23:29:58>  >>>> DEBYE
<Jan22-2022> <23:29:58>  *** GOStep1 ***
<Jan22-2022> <23:29:59>  >>>> FRAGM
<Jan22-2022> <23:29:59>  Coordinates
<Jan22-2022> <23:29:59>     Atom         X           Y           Z   (Angstrom)
<Jan22-2022> <23:29:59>     1.H         0.090394   -1.809885   -0.515559
<Jan22-2022> <23:29:59>     2.C        -0.907818   -0.007713   -0.049435
<Jan22-2022> <23:29:59>     3.C         0.182665   -0.752196   -0.265123
<Jan22-2022> <23:29:59>     4.C         1.559289   -0.220140   -0.182914
<Jan22-2022> <23:29:59>     5.O         1.866357    0.933659    0.071805
<Jan22-2022> <23:29:59>     6.H        -0.824316    1.044913    0.202426
<Jan22-2022> <23:29:59>     7.H        -1.889827   -0.427141   -0.117553
<Jan22-2022> <23:29:59>     8.H         2.325141   -0.943334   -0.370959
<Jan22-2022> <23:29:59>     9.I         2.116500    4.009702    1.240303
<Jan22-2022> <23:29:59>    10.I         2.326392    6.590782    2.220779
<Jan22-2022> <23:29:59>  >>>> CORORT
<Jan22-2022> <23:29:59>  >>>> CLSMAT
<Jan22-2022> <23:29:59>  >>>> ORTHON
<Jan22-2022> <23:29:59>  >>>> GENPT
<Jan22-2022> <23:30:00>  Block Length= 128
<Jan22-2022> <23:30:01>  >>>> PTBAS
<Jan22-2022> <23:30:09>  >>>> CYCLE
<Jan22-2022> <23:30:37>              |Error|         MaxErr       Wt(A-DIIS)
<Jan22-2022> <23:30:37>      1      5.17506202      1.04835620
<Jan22-2022> <23:30:53>      2      1.51414673      0.29250251    100.0
<Jan22-2022> <23:31:08>      3      0.33374547      0.04849215    100.0
<Jan22-2022> <23:31:24>      4      0.54728172      0.09954680    100.0
<Jan22-2022> <23:31:40>      5      0.13131203      0.02730738     26.6
<Jan22-2022> <23:31:56>      6      0.15061475      0.04060630    100.0
<Jan22-2022> <23:32:13>      7      0.04947029      0.01050395      9.6
<Jan22-2022> <23:32:29>      8      0.01596066      0.00368579      2.7
<Jan22-2022> <23:32:45>      9      0.00376017      0.00074413      0.0
<Jan22-2022> <23:33:01>     10      0.00107297      0.00030854      0.0
<Jan22-2022> <23:33:17>     11      0.00063185      0.00014855      0.0
<Jan22-2022> <23:33:33>     12      0.00007296      0.00001282      0.0
<Jan22-2022> <23:33:49>     13      0.00006078      0.00000814      0.0
<Jan22-2022> <23:34:05>     14      0.00001081      0.00000134      0.0
<Jan22-2022> <23:34:21>     15      0.00000302      0.00000049      0.0
<Jan22-2022> <23:34:26>  SCF converged
<Jan22-2022> <23:34:37>     16      0.00000066      0.00000012      0.0
<Jan22-2022> <23:34:42>  >>>> TOTEN
<Jan22-2022> <23:35:04>  >>>> POPAN
<Jan22-2022> <23:35:04>  >>>> DEBYE
<Jan22-2022> <23:35:04>  >>>> ENGRAD
<Jan22-2022> <23:35:39>  current energy                               -1.76970116 Hartree
<Jan22-2022> <23:35:39>  energy change                      -1.76970116     0.00010000    F
<Jan22-2022> <23:35:39>  constrained gradient max            0.03831573     0.00100000    F
<Jan22-2022> <23:35:39>  constrained gradient rms            0.01497097     0.00066667    F
<Jan22-2022> <23:35:39>  gradient max                        0.03831573
<Jan22-2022> <23:35:39>  gradient rms                        0.01497097
<Jan22-2022> <23:35:39>  cart. step max                      0.03714755     0.01000000    F
<Jan22-2022> <23:35:39>  cart. step rms                      0.01522913     0.00666667    F
<Jan22-2022> <23:35:39>  Iteration 2
<Jan22-2022> <23:35:40>  *** GOStep2 ***
<Jan22-2022> <23:35:40>  >>>> FRAGM
<Jan22-2022> <23:35:40>  Coordinates
<Jan22-2022> <23:35:40>     Atom         X           Y           Z   (Angstrom)
<Jan22-2022> <23:35:40>     1.H         0.079672   -1.803413   -0.505215
<Jan22-2022> <23:35:40>     2.C        -0.903328    0.011380   -0.043226
<Jan22-2022> <23:35:40>     3.C         0.181969   -0.745767   -0.261150
<Jan22-2022> <23:35:40>     4.C         1.568337   -0.228312   -0.188400
<Jan22-2022> <23:35:40>     5.O         1.878069    0.925801    0.064031
<Jan22-2022> <23:35:40>     6.H        -0.806365    1.066158    0.199140
<Jan22-2022> <23:35:40>     7.H        -1.901556   -0.401817   -0.102989
<Jan22-2022> <23:35:40>     8.H         2.351189   -0.974723   -0.382405
<Jan22-2022> <23:35:40>     9.I         2.107547    4.004490    1.233598
<Jan22-2022> <23:35:40>    10.I         2.289244    6.564850    2.220386
<Jan22-2022> <23:35:40>  >>>> CORORT
<Jan22-2022> <23:35:40>  >>>> CLSMAT
<Jan22-2022> <23:35:40>  >>>> ORTHON
<Jan22-2022> <23:35:40>  >>>> GENPT
<Jan22-2022> <23:35:41>  Block Length= 128
<Jan22-2022> <23:35:42>  >>>> PTBAS
<Jan22-2022> <23:35:50>  >>>> CYCLE
<Jan22-2022> <23:36:07>  using orbital data from restart file
<Jan22-2022> <23:36:18>              |Error|         MaxErr       Wt(A-DIIS)
<Jan22-2022> <23:36:18>      1      0.10916497      0.03771763
<Jan22-2022> <23:36:34>      2      0.01621860      0.00337789    100.0
<Jan22-2022> <23:36:50>      3      0.03554499      0.00929672    100.0
<Jan22-2022> <23:37:06>      4      0.00771854      0.00158043      0.6
<Jan22-2022> <23:37:22>      5      0.00220254      0.00045029      0.0
<Jan22-2022> <23:37:38>      6      0.00095550      0.00031234      0.0
<Jan22-2022> <23:37:54>      7      0.00025859      0.00007513      0.0
<Jan22-2022> <23:38:10>      8      0.00002843      0.00000518      0.0
<Jan22-2022> <23:38:26>      9      0.00001422      0.00000315      0.0
<Jan22-2022> <23:38:42>     10      0.00000786      0.00000235      0.0
<Jan22-2022> <23:38:58>     11      0.00000160      0.00000042      0.0
<Jan22-2022> <23:39:04>  SCF converged
<Jan22-2022> <23:39:15>     12      0.00000029      0.00000003      0.0
<Jan22-2022> <23:39:20>  >>>> TOTEN
<Jan22-2022> <23:39:42>  >>>> POPAN
<Jan22-2022> <23:39:42>  >>>> DEBYE
<Jan22-2022> <23:39:42>  >>>> ENGRAD
<Jan22-2022> <23:40:17>  current energy                               -1.77131491 Hartree
<Jan22-2022> <23:40:17>  energy change                      -0.00161375     0.00010000    F
<Jan22-2022> <23:40:17>  constrained gradient max            0.01859368     0.00100000    F
<Jan22-2022> <23:40:17>  constrained gradient rms            0.00716031     0.00066667    F
<Jan22-2022> <23:40:17>  gradient max                        0.01859368
<Jan22-2022> <23:40:17>  gradient rms                        0.00716031
<Jan22-2022> <23:40:17>  cart. step max                      0.03798414     0.01000000    F
<Jan22-2022> <23:40:17>  cart. step rms                      0.01348315     0.00666667    F
<Jan22-2022> <23:40:17>  Iteration 3
<Jan22-2022> <23:40:18>  *** GOStep3 ***
<Jan22-2022> <23:40:18>  >>>> FRAGM
<Jan22-2022> <23:40:18>  Coordinates
<Jan22-2022> <23:40:18>     Atom         X           Y           Z   (Angstrom)
<Jan22-2022> <23:40:18>     1.H         0.069798   -1.797519   -0.497172
<Jan22-2022> <23:40:18>     2.C        -0.896183    0.028300   -0.040441
<Jan22-2022> <23:40:18>     3.C         0.180794   -0.740184   -0.257055
<Jan22-2022> <23:40:18>     4.C         1.573067   -0.231903   -0.188438
<Jan22-2022> <23:40:18>     5.O         1.892736    0.917785    0.058084
<Jan22-2022> <23:40:18>     6.H        -0.787802    1.081086    0.208353
<Jan22-2022> <23:40:18>     7.H        -1.904812   -0.377581   -0.097438
<Jan22-2022> <23:40:18>     8.H         2.361894   -0.996705   -0.393085
<Jan22-2022> <23:40:18>     9.I         2.104026    4.001545    1.225062
<Jan22-2022> <23:40:18>    10.I         2.251260    6.533822    2.215901
<Jan22-2022> <23:40:18>  >>>> CORORT
<Jan22-2022> <23:40:18>  >>>> CLSMAT
<Jan22-2022> <23:40:18>  >>>> ORTHON
<Jan22-2022> <23:40:18>  >>>> GENPT
<Jan22-2022> <23:40:19>  Block Length= 128
<Jan22-2022> <23:40:19>  >>>> PTBAS
<Jan22-2022> <23:40:28>  >>>> CYCLE
<Jan22-2022> <23:40:45>  using orbital data from restart file
<Jan22-2022> <23:40:56>              |Error|         MaxErr       Wt(A-DIIS)
<Jan22-2022> <23:40:56>      1      0.11349063      0.02286606
<Jan22-2022> <23:41:13>      2      0.01770332      0.00312525    100.0
<Jan22-2022> <23:41:29>      3      0.00806937      0.00158318    100.0
<Jan22-2022> <23:41:44>      4      0.01238528      0.00232624    100.0
<Jan22-2022> <23:42:00>      5      0.00269854      0.00057832      0.0
<Jan22-2022> <23:42:16>      6      0.00057213      0.00018227      0.0
<Jan22-2022> <23:42:32>      7      0.00021803      0.00006819      0.0
<Jan22-2022> <23:42:47>      8      0.00001913      0.00000305      0.0
<Jan22-2022> <23:43:04>      9      0.00001208      0.00000291      0.0
<Jan22-2022> <23:43:20>     10      0.00000564      0.00000173      0.0
<Jan22-2022> <23:43:36>     11      0.00000112      0.00000018      0.0
<Jan22-2022> <23:43:41>  SCF converged
<Jan22-2022> <23:43:52>     12      0.00000027      0.00000003      0.0
<Jan22-2022> <23:43:58>  >>>> TOTEN
<Jan22-2022> <23:44:19>  >>>> POPAN
<Jan22-2022> <23:44:19>  >>>> DEBYE
<Jan22-2022> <23:44:19>  >>>> ENGRAD
<Jan22-2022> <23:44:54>  current energy                               -1.77186510 Hartree
<Jan22-2022> <23:44:54>  energy change                      -0.00055020     0.00010000    F
<Jan22-2022> <23:44:54>  constrained gradient max            0.01093217     0.00100000    F
<Jan22-2022> <23:44:54>  constrained gradient rms            0.00305078     0.00066667    F
<Jan22-2022> <23:44:54>  gradient max                        0.01093217
<Jan22-2022> <23:44:54>  gradient rms                        0.00305078
<Jan22-2022> <23:44:54>  cart. step max                      0.03489538     0.01000000    F
<Jan22-2022> <23:44:54>  cart. step rms                      0.01542828     0.00666667    F
<Jan22-2022> <23:44:54>  Iteration 4
<Jan22-2022> <23:44:54>  *** GOStep4 ***
<Jan22-2022> <23:44:54>  >>>> FRAGM
<Jan22-2022> <23:44:55>  Coordinates
<Jan22-2022> <23:44:55>     Atom         X           Y           Z   (Angstrom)
<Jan22-2022> <23:44:55>     1.H         0.062115   -1.795956   -0.475306
<Jan22-2022> <23:44:55>     2.C        -0.888187    0.040993   -0.027152
<Jan22-2022> <23:44:55>     3.C         0.180921   -0.736859   -0.247837
<Jan22-2022> <23:44:55>     4.C         1.576886   -0.233145   -0.206719
<Jan22-2022> <23:44:55>     5.O         1.908666    0.912528    0.041567
<Jan22-2022> <23:44:55>     6.H        -0.772608    1.102939    0.175312
<Jan22-2022> <23:44:55>     7.H        -1.900982   -0.357498   -0.076842
<Jan22-2022> <23:44:55>     8.H         2.361086   -1.014592   -0.393653
<Jan22-2022> <23:44:55>     9.I         2.100516    3.996221    1.220328
<Jan22-2022> <23:44:55>    10.I         2.216365    6.504016    2.224072
<Jan22-2022> <23:44:55>  >>>> CORORT
<Jan22-2022> <23:44:55>  >>>> CLSMAT
<Jan22-2022> <23:44:55>  >>>> ORTHON
<Jan22-2022> <23:44:56>  >>>> GENPT
<Jan22-2022> <23:44:56>  Block Length= 128
<Jan22-2022> <23:44:57>  >>>> PTBAS
<Jan22-2022> <23:45:05>  >>>> CYCLE
<Jan22-2022> <23:45:22>  using orbital data from restart file
<Jan22-2022> <23:45:33>              |Error|         MaxErr       Wt(A-DIIS)
<Jan22-2022> <23:45:33>      1      0.09518859      0.01624100
<Jan22-2022> <23:45:50>      2      0.01199081      0.00227584    100.0
<Jan22-2022> <23:46:06>      3      0.00614138      0.00115574    100.0
<Jan22-2022> <23:46:22>      4      0.00850658      0.00171178    100.0
<Jan22-2022> <23:46:38>      5      0.00141014      0.00030598      0.0
<Jan22-2022> <23:46:54>      6      0.00037668      0.00011095      0.0
<Jan22-2022> <23:47:09>      7      0.00018999      0.00005870      0.0
<Jan22-2022> <23:47:25>      8      0.00002238      0.00000454      0.0
<Jan22-2022> <23:47:41>      9      0.00001716      0.00000526      0.0
<Jan22-2022> <23:47:58>     10      0.00000382      0.00000085      0.0
<Jan22-2022> <23:48:03>  SCF converged
<Jan22-2022> <23:48:14>     11      0.00000057      0.00000007      0.0
<Jan22-2022> <23:48:19>  >>>> TOTEN
<Jan22-2022> <23:48:40>  >>>> POPAN
<Jan22-2022> <23:48:41>  >>>> DEBYE
<Jan22-2022> <23:48:41>  >>>> ENGRAD
<Jan22-2022> <23:49:16>  current energy                               -1.77191988 Hartree
<Jan22-2022> <23:49:16>  energy change                      -0.00005477     0.00010000    T
<Jan22-2022> <23:49:16>  constrained gradient max            0.00697292     0.00100000    F
<Jan22-2022> <23:49:16>  constrained gradient rms            0.00305089     0.00066667    F
<Jan22-2022> <23:49:16>  gradient max                        0.00697292
<Jan22-2022> <23:49:16>  gradient rms                        0.00305089
<Jan22-2022> <23:49:16>  cart. step max                      0.03913824     0.01000000    F
<Jan22-2022> <23:49:16>  cart. step rms                      0.01473564     0.00666667    F
<Jan22-2022> <23:49:16>  Iteration 5
<Jan22-2022> <23:49:17>  *** GOStep5 ***
<Jan22-2022> <23:49:18>  >>>> FRAGM
<Jan22-2022> <23:49:18>  Coordinates
<Jan22-2022> <23:49:18>     Atom         X           Y           Z   (Angstrom)
<Jan22-2022> <23:49:18>     1.H         0.051640   -1.787598   -0.485750
<Jan22-2022> <23:49:18>     2.C        -0.879717    0.058064   -0.029996
<Jan22-2022> <23:49:18>     3.C         0.180673   -0.731597   -0.250301
<Jan22-2022> <23:49:18>     4.C         1.582832   -0.245985   -0.189608
<Jan22-2022> <23:49:18>     5.O         1.928660    0.897883    0.049208
<Jan22-2022> <23:49:18>     6.H        -0.752718    1.113572    0.197008
<Jan22-2022> <23:49:18>     7.H        -1.895335   -0.331609   -0.067553
<Jan22-2022> <23:49:18>     8.H         2.355186   -1.030362   -0.414269
<Jan22-2022> <23:49:18>     9.I         2.096330    3.992077    1.214635
<Jan22-2022> <23:49:18>    10.I         2.177227    6.484203    2.210395
<Jan22-2022> <23:49:18>  >>>> CORORT
<Jan22-2022> <23:49:18>  >>>> CLSMAT
<Jan22-2022> <23:49:18>  >>>> ORTHON
<Jan22-2022> <23:49:18>  >>>> GENPT
<Jan22-2022> <23:49:19>  Block Length= 128
<Jan22-2022> <23:49:19>  >>>> PTBAS
<Jan22-2022> <23:49:28>  >>>> CYCLE
<Jan22-2022> <23:49:45>  using orbital data from restart file
<Jan22-2022> <23:49:55>              |Error|         MaxErr       Wt(A-DIIS)
<Jan22-2022> <23:49:55>      1      0.09580630      0.01937718
<Jan22-2022> <23:50:11>      2      0.01126478      0.00218168    100.0
<Jan22-2022> <23:50:27>      3      0.00599815      0.00107791    100.0
<Jan22-2022> <23:50:43>      4      0.00803551      0.00163750    100.0
<Jan22-2022> <23:50:59>      5      0.00100265      0.00013447      0.0
<Jan22-2022> <23:51:15>      6      0.00029032      0.00005953      0.0
<Jan22-2022> <23:51:31>      7      0.00023745      0.00004393      0.0
<Jan22-2022> <23:51:47>      8      0.00003575      0.00000784      0.0
<Jan22-2022> <23:52:03>      9      0.00002140      0.00000564      0.0
<Jan22-2022> <23:52:19>     10      0.00000310      0.00000055      0.0
<Jan22-2022> <23:52:24>  SCF converged
<Jan22-2022> <23:52:35>     11      0.00000055      0.00000011      0.0
<Jan22-2022> <23:52:41>  >>>> TOTEN
<Jan22-2022> <23:53:02>  >>>> POPAN
<Jan22-2022> <23:53:02>  >>>> DEBYE
<Jan22-2022> <23:53:02>  >>>> ENGRAD
<Jan22-2022> <23:53:37>  current energy                               -1.77198640 Hartree
<Jan22-2022> <23:53:37>  energy change                      -0.00006652     0.00010000    T
<Jan22-2022> <23:53:37>  constrained gradient max            0.00809277     0.00100000    F
<Jan22-2022> <23:53:37>  constrained gradient rms            0.00277917     0.00066667    F
<Jan22-2022> <23:53:37>  gradient max                        0.00809277
<Jan22-2022> <23:53:37>  gradient rms                        0.00277917
<Jan22-2022> <23:53:37>  cart. step max                      0.02446476     0.01000000    F
<Jan22-2022> <23:53:37>  cart. step rms                      0.00682029     0.00666667    F
<Jan22-2022> <23:53:37>  Iteration 6
<Jan22-2022> <23:53:38>  *** GOStep6 ***
<Jan22-2022> <23:53:38>  >>>> FRAGM
<Jan22-2022> <23:53:38>  Coordinates
<Jan22-2022> <23:53:38>     Atom         X           Y           Z   (Angstrom)
<Jan22-2022> <23:53:38>     1.H         0.049445   -1.787698   -0.479526
<Jan22-2022> <23:53:38>     2.C        -0.877860    0.062458   -0.035820
<Jan22-2022> <23:53:38>     3.C         0.181199   -0.729795   -0.253850
<Jan22-2022> <23:53:38>     4.C         1.583955   -0.247188   -0.202946
<Jan22-2022> <23:53:38>     5.O         1.932225    0.894839    0.040260
<Jan22-2022> <23:53:38>     6.H        -0.747317    1.110391    0.221473
<Jan22-2022> <23:53:38>     7.H        -1.892781   -0.324109   -0.075804
<Jan22-2022> <23:53:38>     8.H         2.351937   -1.033975   -0.403005
<Jan22-2022> <23:53:38>     9.I         2.092248    3.987754    1.211805
<Jan22-2022> <23:53:38>    10.I         2.171729    6.485971    2.211184
<Jan22-2022> <23:53:38>  >>>> CORORT
<Jan22-2022> <23:53:38>  >>>> CLSMAT
<Jan22-2022> <23:53:38>  >>>> ORTHON
<Jan22-2022> <23:53:38>  >>>> GENPT
<Jan22-2022> <23:53:39>  Block Length= 128
<Jan22-2022> <23:53:40>  >>>> PTBAS
<Jan22-2022> <23:53:48>  >>>> CYCLE
<Jan22-2022> <23:54:05>  using orbital data from restart file
<Jan22-2022> <23:54:15>              |Error|         MaxErr       Wt(A-DIIS)
<Jan22-2022> <23:54:15>      1      0.03777749      0.00748942
<Jan22-2022> <23:54:31>      2      0.00744935      0.00099827    100.0
<Jan22-2022> <23:54:47>      3      0.00401286      0.00058243    100.0
<Jan22-2022> <23:55:03>      4      0.00489179      0.00074617      0.0
<Jan22-2022> <23:55:19>      5      0.00100264      0.00022044      0.0
<Jan22-2022> <23:55:35>      6      0.00040750      0.00007724      0.0
<Jan22-2022> <23:55:51>      7      0.00019115      0.00004978      0.0
<Jan22-2022> <23:56:07>      8      0.00003236      0.00000721      0.0
<Jan22-2022> <23:56:23>      9      0.00001465      0.00000391      0.0
<Jan22-2022> <23:56:39>     10      0.00000178      0.00000032      0.0
<Jan22-2022> <23:56:45>  SCF converged
<Jan22-2022> <23:56:55>     11      0.00000070      0.00000009      0.0
<Jan22-2022> <23:57:01>  >>>> TOTEN
<Jan22-2022> <23:57:22>  >>>> POPAN
<Jan22-2022> <23:57:22>  >>>> DEBYE
<Jan22-2022> <23:57:22>  >>>> ENGRAD
<Jan22-2022> <23:57:57>  current energy                               -1.77202945 Hartree
<Jan22-2022> <23:57:57>  energy change                      -0.00004305     0.00010000    T
<Jan22-2022> <23:57:57>  constrained gradient max            0.00449315     0.00100000    F
<Jan22-2022> <23:57:57>  constrained gradient rms            0.00140447     0.00066667    F
<Jan22-2022> <23:57:57>  gradient max                        0.00449315
<Jan22-2022> <23:57:57>  gradient rms                        0.00140447
<Jan22-2022> <23:57:57>  cart. step max                      0.01653134     0.01000000    F
<Jan22-2022> <23:57:57>  cart. step rms                      0.00552337     0.00666667    T
<Jan22-2022> <23:57:57>  Iteration 7
<Jan22-2022> <23:57:58>  *** GOStep7 ***
<Jan22-2022> <23:57:58>  >>>> FRAGM
<Jan22-2022> <23:57:58>  Coordinates
<Jan22-2022> <23:57:58>     Atom         X           Y           Z   (Angstrom)
<Jan22-2022> <23:57:58>     1.H         0.047024   -1.786920   -0.480033
<Jan22-2022> <23:57:58>     2.C        -0.875501    0.060779   -0.019288
<Jan22-2022> <23:57:58>     3.C         0.182082   -0.731406   -0.244721
<Jan22-2022> <23:57:58>     4.C         1.585434   -0.251873   -0.200180
<Jan22-2022> <23:57:58>     5.O         1.935198    0.890169    0.040036
<Jan22-2022> <23:57:58>     6.H        -0.743875    1.115497    0.207627
<Jan22-2022> <23:57:58>     7.H        -1.891113   -0.318647   -0.080888
<Jan22-2022> <23:57:58>     8.H         2.349054   -1.032707   -0.413972
<Jan22-2022> <23:57:58>     9.I         2.088153    3.984027    1.212375
<Jan22-2022> <23:57:58>    10.I         2.168323    6.489729    2.212815
<Jan22-2022> <23:57:58>  >>>> CORORT
<Jan22-2022> <23:57:58>  >>>> CLSMAT
<Jan22-2022> <23:57:58>  >>>> ORTHON
<Jan22-2022> <23:57:58>  >>>> GENPT
<Jan22-2022> <23:57:59>  Block Length= 128
<Jan22-2022> <23:58:00>  >>>> PTBAS
<Jan22-2022> <23:58:08>  >>>> CYCLE
<Jan22-2022> <23:58:25>  using orbital data from restart file
<Jan22-2022> <23:58:36>              |Error|         MaxErr       Wt(A-DIIS)
<Jan22-2022> <23:58:36>      1      0.03802125      0.00725683
<Jan22-2022> <23:58:51>      2      0.00866649      0.00151135    100.0
<Jan22-2022> <23:59:08>      3      0.00497987      0.00096894    100.0
<Jan22-2022> <23:59:24>      4      0.00543708      0.00082122      0.0
<Jan22-2022> <23:59:40>      5      0.00108586      0.00024684      0.0
<Jan22-2022> <23:59:56>      6      0.00036861      0.00006847      0.0
<Jan23-2022> <00:00:12>      7      0.00021695      0.00005325      0.0
<Jan23-2022> <00:00:28>      8      0.00002818      0.00000479      0.0
<Jan23-2022> <00:00:44>      9      0.00001605      0.00000480      0.0
<Jan23-2022> <00:00:59>     10      0.00000198      0.00000038      0.0
<Jan23-2022> <00:01:05>  SCF converged
<Jan23-2022> <00:01:16>     11      0.00000065      0.00000012      0.0
<Jan23-2022> <00:01:21>  >>>> TOTEN
<Jan23-2022> <00:01:42>  >>>> POPAN
<Jan23-2022> <00:01:42>  >>>> DEBYE
<Jan23-2022> <00:01:43>  >>>> ENGRAD
<Jan23-2022> <00:02:18>  current energy                               -1.77205713 Hartree
<Jan23-2022> <00:02:18>  energy change                      -0.00002768     0.00010000    T
<Jan23-2022> <00:02:18>  constrained gradient max            0.00329267     0.00100000    F
<Jan23-2022> <00:02:18>  constrained gradient rms            0.00123155     0.00066667    F
<Jan23-2022> <00:02:18>  gradient max                        0.00329267
<Jan23-2022> <00:02:18>  gradient rms                        0.00123155
<Jan23-2022> <00:02:18>  cart. step max                      0.02729201     0.01000000    F
<Jan23-2022> <00:02:18>  cart. step rms                      0.01079200     0.00666667    F
<Jan23-2022> <00:02:18>  Iteration 8
<Jan23-2022> <00:02:19>  *** GOStep8 ***
<Jan23-2022> <00:02:19>  >>>> FRAGM
<Jan23-2022> <00:02:19>  Coordinates
<Jan23-2022> <00:02:19>     Atom         X           Y           Z   (Angstrom)
<Jan23-2022> <00:02:19>     1.H         0.038644   -1.782485   -0.477986
<Jan23-2022> <00:02:19>     2.C        -0.868978    0.074206   -0.023420
<Jan23-2022> <00:02:19>     3.C         0.181911   -0.726918   -0.247912
<Jan23-2022> <00:02:19>     4.C         1.589274   -0.257996   -0.204963
<Jan23-2022> <00:02:19>     5.O         1.949449    0.880946    0.036668
<Jan23-2022> <00:02:19>     6.H        -0.729285    1.129420    0.196425
<Jan23-2022> <00:02:19>     7.H        -1.886921   -0.304092   -0.053596
<Jan23-2022> <00:02:19>     8.H         2.347129   -1.047939   -0.414509
<Jan23-2022> <00:02:19>     9.I         2.082508    3.977653    1.210476
<Jan23-2022> <00:02:19>    10.I         2.141049    6.475852    2.212587
<Jan23-2022> <00:02:19>  >>>> CORORT
<Jan23-2022> <00:02:19>  >>>> CLSMAT
<Jan23-2022> <00:02:19>  >>>> ORTHON
<Jan23-2022> <00:02:19>  >>>> GENPT
<Jan23-2022> <00:02:20>  Block Length= 128
<Jan23-2022> <00:02:20>  >>>> PTBAS
<Jan23-2022> <00:02:29>  >>>> CYCLE
<Jan23-2022> <00:02:45>  using orbital data from restart file
<Jan23-2022> <00:02:56>              |Error|         MaxErr       Wt(A-DIIS)
<Jan23-2022> <00:02:56>      1      0.05030871      0.01367733
<Jan23-2022> <00:03:12>      2      0.00560660      0.00082249    100.0
<Jan23-2022> <00:03:28>      3      0.00328160      0.00053859    100.0
<Jan23-2022> <00:03:44>      4      0.00349254      0.00057564      0.0
<Jan23-2022> <00:04:00>      5      0.00114490      0.00028549      0.0
<Jan23-2022> <00:04:16>      6      0.00018867      0.00002822      0.0
<Jan23-2022> <00:04:32>      7      0.00009551      0.00002200      0.0
<Jan23-2022> <00:04:48>      8      0.00002148      0.00000525      0.0
<Jan23-2022> <00:05:04>      9      0.00000884      0.00000213      0.0
<Jan23-2022> <00:05:20>     10      0.00000288      0.00000062      0.0
<Jan23-2022> <00:05:26>  SCF converged
<Jan23-2022> <00:05:37>     11      0.00000042      0.00000006      0.0
<Jan23-2022> <00:05:42>  >>>> TOTEN
<Jan23-2022> <00:06:03>  >>>> POPAN
<Jan23-2022> <00:06:04>  >>>> DEBYE
<Jan23-2022> <00:06:04>  >>>> ENGRAD
<Jan23-2022> <00:06:39>  current energy                               -1.77209353 Hartree
<Jan23-2022> <00:06:39>  energy change                      -0.00003640     0.00010000    T
<Jan23-2022> <00:06:39>  constrained gradient max            0.00124837     0.00100000    F
<Jan23-2022> <00:06:39>  constrained gradient rms            0.00046993     0.00066667    T
<Jan23-2022> <00:06:39>  gradient max                        0.00124837
<Jan23-2022> <00:06:39>  gradient rms                        0.00046993
<Jan23-2022> <00:06:39>  cart. step max                      0.03371367     0.01000000    F
<Jan23-2022> <00:06:39>  cart. step rms                      0.01246772     0.00666667    F
<Jan23-2022> <00:06:39>  Iteration 9
<Jan23-2022> <00:06:40>  *** GOStep9 ***
<Jan23-2022> <00:06:40>  >>>> FRAGM
<Jan23-2022> <00:06:40>  Coordinates
<Jan23-2022> <00:06:40>     Atom         X           Y           Z   (Angstrom)
<Jan23-2022> <00:06:40>     1.H         0.027808   -1.776673   -0.476420
<Jan23-2022> <00:06:40>     2.C        -0.860058    0.088587   -0.017812
<Jan23-2022> <00:06:40>     3.C         0.182068   -0.722441   -0.247338
<Jan23-2022> <00:06:40>     4.C         1.594311   -0.267584   -0.207434
<Jan23-2022> <00:06:40>     5.O         1.967477    0.867656    0.033392
<Jan23-2022> <00:06:40>     6.H        -0.708844    1.139083    0.216518
<Jan23-2022> <00:06:40>     7.H        -1.882340   -0.277744   -0.054420
<Jan23-2022> <00:06:40>     8.H         2.343335   -1.064837   -0.424299
<Jan23-2022> <00:06:40>     9.I         2.073685    3.969397    1.205294
<Jan23-2022> <00:06:40>    10.I         2.107335    6.463203    2.206290
<Jan23-2022> <00:06:40>  >>>> CORORT
<Jan23-2022> <00:06:40>  >>>> CLSMAT
<Jan23-2022> <00:06:40>  >>>> ORTHON
<Jan23-2022> <00:06:41>  >>>> GENPT
<Jan23-2022> <00:06:42>  Block Length= 128
<Jan23-2022> <00:06:43>  >>>> PTBAS
<Jan23-2022> <00:06:51>  >>>> CYCLE
<Jan23-2022> <00:07:08>  using orbital data from restart file
<Jan23-2022> <00:07:19>              |Error|         MaxErr       Wt(A-DIIS)
<Jan23-2022> <00:07:19>      1      0.05354695      0.01756987
<Jan23-2022> <00:07:35>      2      0.00380335      0.00056216    100.0
<Jan23-2022> <00:07:51>      3      0.00233500      0.00034275    100.0
<Jan23-2022> <00:08:07>      4      0.00218646      0.00041272      0.0
<Jan23-2022> <00:08:22>      5      0.00102319      0.00023759      0.0
<Jan23-2022> <00:08:39>      6      0.00015155      0.00003190      0.0
<Jan23-2022> <00:08:55>      7      0.00009742      0.00002747      0.0
<Jan23-2022> <00:09:12>      8      0.00001373      0.00000246      0.0
<Jan23-2022> <00:09:28>      9      0.00000328      0.00000034      0.0
<Jan23-2022> <00:09:34>  SCF converged
<Jan23-2022> <00:09:45>     10      0.00000079      0.00000016      0.0
<Jan23-2022> <00:09:50>  >>>> TOTEN
<Jan23-2022> <00:10:12>  >>>> POPAN
<Jan23-2022> <00:10:12>  >>>> DEBYE
<Jan23-2022> <00:10:12>  >>>> ENGRAD
<Jan23-2022> <00:10:49>  current energy                               -1.77211014 Hartree
<Jan23-2022> <00:10:49>  energy change                      -0.00001661     0.00010000    T
<Jan23-2022> <00:10:49>  constrained gradient max            0.00215571     0.00100000    F
<Jan23-2022> <00:10:49>  constrained gradient rms            0.00068399     0.00066667    F
<Jan23-2022> <00:10:49>  gradient max                        0.00215571
<Jan23-2022> <00:10:49>  gradient rms                        0.00068399
<Jan23-2022> <00:10:49>  cart. step max                      0.05830121     0.01000000    F
<Jan23-2022> <00:10:49>  cart. step rms                      0.02145476     0.00666667    F
<Jan23-2022> <00:10:49>  Iteration 10
<Jan23-2022> <00:10:49>  *** GOStep10 ***
<Jan23-2022> <00:10:50>  >>>> FRAGM
<Jan23-2022> <00:10:50>  Coordinates
<Jan23-2022> <00:10:50>     Atom         X           Y           Z   (Angstrom)
<Jan23-2022> <00:10:50>     1.H         0.007950   -1.764699   -0.478237
<Jan23-2022> <00:10:50>     2.C        -0.843464    0.113962   -0.006942
<Jan23-2022> <00:10:50>     3.C         0.182863   -0.714436   -0.245491
<Jan23-2022> <00:10:50>     4.C         1.603264   -0.285744   -0.213715
<Jan23-2022> <00:10:50>     5.O         1.999466    0.841274    0.029198
<Jan23-2022> <00:10:50>     6.H        -0.672331    1.159806    0.234160
<Jan23-2022> <00:10:50>     7.H        -1.872168   -0.233696   -0.041567
<Jan23-2022> <00:10:50>     8.H         2.335374   -1.094296   -0.439306
<Jan23-2022> <00:10:50>     9.I         2.054790    3.951053    1.198297
<Jan23-2022> <00:10:50>    10.I         2.049034    6.445424    2.197373
<Jan23-2022> <00:10:50>  >>>> CORORT
<Jan23-2022> <00:10:50>  >>>> CLSMAT
<Jan23-2022> <00:10:50>  >>>> ORTHON
<Jan23-2022> <00:10:50>  >>>> GENPT
<Jan23-2022> <00:10:50>  Block Length= 128
<Jan23-2022> <00:10:51>  >>>> PTBAS
<Jan23-2022> <00:11:00>  >>>> CYCLE
<Jan23-2022> <00:11:17>  using orbital data from restart file
<Jan23-2022> <00:11:28>              |Error|         MaxErr       Wt(A-DIIS)
<Jan23-2022> <00:11:28>      1      0.08627303      0.03204007
<Jan23-2022> <00:11:44>      2      0.00514163      0.00077333    100.0
<Jan23-2022> <00:12:01>      3      0.00344648      0.00056047    100.0
<Jan23-2022> <00:12:17>      4      0.00232573      0.00024613      0.0
<Jan23-2022> <00:12:34>      5      0.00100643      0.00020965      0.0
<Jan23-2022> <00:12:50>      6      0.00035080      0.00009986      0.0
<Jan23-2022> <00:13:06>      7      0.00014331      0.00003389      0.0
<Jan23-2022> <00:13:23>      8      0.00003055      0.00000640      0.0
<Jan23-2022> <00:13:39>      9      0.00001437      0.00000451      0.0
<Jan23-2022> <00:13:55>     10      0.00000346      0.00000080      0.0
<Jan23-2022> <00:14:01>  SCF converged
<Jan23-2022> <00:14:12>     11      0.00000061      0.00000008      0.0
<Jan23-2022> <00:14:18>  >>>> TOTEN
<Jan23-2022> <00:14:40>  >>>> POPAN
<Jan23-2022> <00:14:40>  >>>> DEBYE
<Jan23-2022> <00:14:40>  >>>> ENGRAD
<Jan23-2022> <00:15:16>  current energy                               -1.77213809 Hartree
<Jan23-2022> <00:15:16>  energy change                      -0.00002794     0.00010000    T
<Jan23-2022> <00:15:16>  constrained gradient max            0.00238142     0.00100000    F
<Jan23-2022> <00:15:16>  constrained gradient rms            0.00079385     0.00066667    F
<Jan23-2022> <00:15:16>  gradient max                        0.00238142
<Jan23-2022> <00:15:16>  gradient rms                        0.00079385
<Jan23-2022> <00:15:16>  cart. step max                      0.14000270     0.01000000    F
<Jan23-2022> <00:15:16>  cart. step rms                      0.05221003     0.00666667    F
<Jan23-2022> <00:15:16>  Iteration 11
<Jan23-2022> <00:15:17>  *** GOStep11 ***
<Jan23-2022> <00:15:17>  >>>> FRAGM
<Jan23-2022> <00:15:17>  Coordinates
<Jan23-2022> <00:15:17>     Atom         X           Y           Z   (Angstrom)
<Jan23-2022> <00:15:17>     1.H        -0.039365   -1.731402   -0.485810
<Jan23-2022> <00:15:17>     2.C        -0.801408    0.175102    0.021170
<Jan23-2022> <00:15:17>     3.C         0.185339   -0.692920   -0.242584
<Jan23-2022> <00:15:17>     4.C         1.623419   -0.328922   -0.228250
<Jan23-2022> <00:15:17>     5.O         2.076108    0.774920    0.023201
<Jan23-2022> <00:15:17>     6.H        -0.583245    1.210050    0.270555
<Jan23-2022> <00:15:17>     7.H        -1.844156   -0.128356   -0.004780
<Jan23-2022> <00:15:17>     8.H         2.313815   -1.164307   -0.475241
<Jan23-2022> <00:15:17>     9.I         2.005240    3.902589    1.181305
<Jan23-2022> <00:15:17>    10.I         1.909031    6.401892    2.174205
<Jan23-2022> <00:15:17>  >>>> CORORT
<Jan23-2022> <00:15:17>  >>>> CLSMAT
<Jan23-2022> <00:15:17>  >>>> ORTHON
<Jan23-2022> <00:15:18>  >>>> GENPT
<Jan23-2022> <00:15:18>  Block Length= 128
<Jan23-2022> <00:15:19>  >>>> PTBAS
<Jan23-2022> <00:15:28>  >>>> CYCLE
<Jan23-2022> <00:15:45>  using orbital data from restart file
<Jan23-2022> <00:15:56>              |Error|         MaxErr       Wt(A-DIIS)
<Jan23-2022> <00:15:56>      1      0.20793596      0.07794768
<Jan23-2022> <00:16:13>      2      0.01287462      0.00180448    100.0
<Jan23-2022> <00:16:29>      3      0.00853434      0.00130714    100.0
<Jan23-2022> <00:16:46>      4      0.00627426      0.00061378      0.0
<Jan23-2022> <00:17:02>      5      0.00328727      0.00082111      0.0
<Jan23-2022> <00:17:19>      6      0.00045936      0.00011744      0.0
<Jan23-2022> <00:17:35>      7      0.00030423      0.00007386      0.0
<Jan23-2022> <00:17:52>      8      0.00006785      0.00001857      0.0
<Jan23-2022> <00:18:08>      9      0.00002236      0.00000493      0.0
<Jan23-2022> <00:18:25>     10      0.00000940      0.00000268      0.0
<Jan23-2022> <00:18:41>     11      0.00000175      0.00000040      0.0
<Jan23-2022> <00:18:47>  SCF converged
<Jan23-2022> <00:18:58>     12      0.00000032      0.00000006      0.0
<Jan23-2022> <00:19:03>  >>>> TOTEN
<Jan23-2022> <00:19:25>  >>>> POPAN
<Jan23-2022> <00:19:25>  >>>> DEBYE
<Jan23-2022> <00:19:25>  >>>> ENGRAD
<Jan23-2022> <00:20:02>  current energy                               -1.77220519 Hartree
<Jan23-2022> <00:20:02>  energy change                      -0.00006710     0.00010000    T
<Jan23-2022> <00:20:02>  constrained gradient max            0.00289575     0.00100000    F
<Jan23-2022> <00:20:02>  constrained gradient rms            0.00099290     0.00066667    F
<Jan23-2022> <00:20:02>  gradient max                        0.00289575
<Jan23-2022> <00:20:02>  gradient rms                        0.00099290
<Jan23-2022> <00:20:02>  cart. step max                      0.21412964     0.01000000    F
<Jan23-2022> <00:20:02>  cart. step rms                      0.08257650     0.00666667    F
<Jan23-2022> <00:20:02>  Iteration 12
<Jan23-2022> <00:20:03>  *** GOStep12 ***
<Jan23-2022> <00:20:03>  >>>> FRAGM
<Jan23-2022> <00:20:03>  Coordinates
<Jan23-2022> <00:20:03>     Atom         X           Y           Z   (Angstrom)
<Jan23-2022> <00:20:03>     1.H        -0.108748   -1.660967   -0.536705
<Jan23-2022> <00:20:03>     2.C        -0.733361    0.265139    0.070757
<Jan23-2022> <00:20:03>     3.C         0.189808   -0.653374   -0.247241
<Jan23-2022> <00:20:03>     4.C         1.649587   -0.391271   -0.240624
<Jan23-2022> <00:20:03>     5.O         2.186633    0.662922    0.055101
<Jan23-2022> <00:20:03>     6.H        -0.445440    1.271217    0.362706
<Jan23-2022> <00:20:03>     7.H        -1.794292    0.031842    0.046113
<Jan23-2022> <00:20:03>     8.H         2.275055   -1.260035   -0.540032
<Jan23-2022> <00:20:03>     9.I         1.930635    3.822234    1.157150
<Jan23-2022> <00:20:03>    10.I         1.694901    6.330940    2.106546
<Jan23-2022> <00:20:03>  >>>> CORORT
<Jan23-2022> <00:20:03>  >>>> CLSMAT
<Jan23-2022> <00:20:03>  >>>> ORTHON
<Jan23-2022> <00:20:03>  >>>> GENPT
<Jan23-2022> <00:20:03>  Block Length= 128
<Jan23-2022> <00:20:04>  >>>> PTBAS
<Jan23-2022> <00:20:13>  >>>> CYCLE
<Jan23-2022> <00:20:30>  using orbital data from restart file
<Jan23-2022> <00:20:41>              |Error|         MaxErr       Wt(A-DIIS)
<Jan23-2022> <00:20:41>      1      0.34650595      0.11412506
<Jan23-2022> <00:20:58>      2      0.02953070      0.00299357    100.0
<Jan23-2022> <00:21:15>      3      0.03598302      0.00460547    100.0
<Jan23-2022> <00:21:31>      4      0.01074414      0.00249257      1.5
<Jan23-2022> <00:21:48>      5      0.00593781      0.00120307      0.2
<Jan23-2022> <00:22:04>      6      0.00191258      0.00046986      0.0
<Jan23-2022> <00:22:21>      7      0.00048990      0.00012965      0.0
<Jan23-2022> <00:22:38>      8      0.00021784      0.00004028      0.0
<Jan23-2022> <00:22:54>      9      0.00005963      0.00001335      0.0
<Jan23-2022> <00:23:11>     10      0.00001877      0.00000322      0.0
<Jan23-2022> <00:23:28>     11      0.00000271      0.00000034      0.0
<Jan23-2022> <00:23:34>  SCF converged
<Jan23-2022> <00:23:45>     12      0.00000070      0.00000008      0.0
<Jan23-2022> <00:23:51>  >>>> TOTEN
<Jan23-2022> <00:24:13>  >>>> POPAN
<Jan23-2022> <00:24:13>  >>>> DEBYE
<Jan23-2022> <00:24:13>  >>>> ENGRAD
<Jan23-2022> <00:24:50>  current energy                               -1.77220480 Hartree
<Jan23-2022> <00:24:50>  energy change                       0.00000039     0.00010000    T
<Jan23-2022> <00:24:50>  constrained gradient max            0.00267240     0.00100000    F
<Jan23-2022> <00:24:50>  constrained gradient rms            0.00089163     0.00066667    F
<Jan23-2022> <00:24:50>  gradient max                        0.00267240
<Jan23-2022> <00:24:50>  gradient rms                        0.00089163
<Jan23-2022> <00:24:50>  cart. step max                      0.09473102     0.01000000    F
<Jan23-2022> <00:24:50>  cart. step rms                      0.03724645     0.00666667    F
<Jan23-2022> <00:24:50>  Iteration 13
<Jan23-2022> <00:24:50>  *** GOStep13 ***
<Jan23-2022> <00:24:51>  >>>> FRAGM
<Jan23-2022> <00:24:51>  Coordinates
<Jan23-2022> <00:24:51>     Atom         X           Y           Z   (Angstrom)
<Jan23-2022> <00:24:51>     1.H        -0.077739   -1.693686   -0.513263
<Jan23-2022> <00:24:51>     2.C        -0.765046    0.225236    0.048291
<Jan23-2022> <00:24:51>     3.C         0.187508   -0.670975   -0.245515
<Jan23-2022> <00:24:51>     4.C         1.638684   -0.363735   -0.236377
<Jan23-2022> <00:24:51>     5.O         2.141367    0.712792    0.038175
<Jan23-2022> <00:24:51>     6.H        -0.509935    1.246552    0.316793
<Jan23-2022> <00:24:51>     7.H        -1.818110   -0.041683    0.026518
<Jan23-2022> <00:24:51>     8.H         2.292487   -1.221426   -0.511119
<Jan23-2022> <00:24:51>     9.I         1.965929    3.857768    1.172979
<Jan23-2022> <00:24:51>    10.I         1.789633    6.367805    2.137287
<Jan23-2022> <00:24:51>  >>>> CORORT
<Jan23-2022> <00:24:51>  >>>> CLSMAT
<Jan23-2022> <00:24:51>  >>>> ORTHON
<Jan23-2022> <00:24:51>  >>>> GENPT
<Jan23-2022> <00:24:51>  Block Length= 128
<Jan23-2022> <00:24:52>  >>>> PTBAS
<Jan23-2022> <00:25:01>  >>>> CYCLE
<Jan23-2022> <00:25:18>  using orbital data from restart file
<Jan23-2022> <00:25:29>              |Error|         MaxErr       Wt(A-DIIS)
<Jan23-2022> <00:25:29>      1      0.15016077      0.04651533
<Jan23-2022> <00:25:47>      2      0.01417027      0.00224859    100.0
<Jan23-2022> <00:26:03>      3      0.02331052      0.00427407    100.0
<Jan23-2022> <00:26:19>      4      0.00620897      0.00094247      0.0
<Jan23-2022> <00:26:36>      5      0.00269907      0.00070819      0.0
<Jan23-2022> <00:26:52>      6      0.00141438      0.00034669      0.0
<Jan23-2022> <00:27:09>      7      0.00021141      0.00004600      0.0
<Jan23-2022> <00:27:26>      8      0.00013494      0.00003610      0.0
<Jan23-2022> <00:27:43>      9      0.00001818      0.00000515      0.0
<Jan23-2022> <00:27:59>     10      0.00000480      0.00000090      0.0
<Jan23-2022> <00:28:05>  SCF converged
<Jan23-2022> <00:28:16>     11      0.00000176      0.00000021      0.0
<Jan23-2022> <00:28:21>  >>>> TOTEN
<Jan23-2022> <00:28:42>  >>>> POPAN
<Jan23-2022> <00:28:42>  >>>> DEBYE
<Jan23-2022> <00:28:42>  >>>> ENGRAD
<Jan23-2022> <00:29:19>  current energy                               -1.77224023 Hartree
<Jan23-2022> <00:29:19>  energy change                      -0.00003543     0.00010000    T
<Jan23-2022> <00:29:19>  constrained gradient max            0.00155283     0.00100000    F
<Jan23-2022> <00:29:19>  constrained gradient rms            0.00048213     0.00066667    T
<Jan23-2022> <00:29:19>  gradient max                        0.00155283
<Jan23-2022> <00:29:19>  gradient rms                        0.00048213
<Jan23-2022> <00:29:19>  cart. step max                      0.01643482     0.01000000    F
<Jan23-2022> <00:29:19>  cart. step rms                      0.00693226     0.00666667    F
<Jan23-2022> <00:29:19>  Iteration 14
<Jan23-2022> <00:29:20>  *** GOStep14 ***
<Jan23-2022> <00:29:20>  >>>> FRAGM
<Jan23-2022> <00:29:20>  Coordinates
<Jan23-2022> <00:29:20>     Atom         X           Y           Z   (Angstrom)
<Jan23-2022> <00:29:20>     1.H        -0.082576   -1.686912   -0.522498
<Jan23-2022> <00:29:20>     2.C        -0.760166    0.231467    0.052956
<Jan23-2022> <00:29:20>     3.C         0.187666   -0.667397   -0.247858
<Jan23-2022> <00:29:20>     4.C         1.640543   -0.368328   -0.236747
<Jan23-2022> <00:29:20>     5.O         2.149830    0.703083    0.045126
<Jan23-2022> <00:29:20>     6.H        -0.500539    1.249834    0.328064
<Jan23-2022> <00:29:20>     7.H        -1.814529   -0.030513    0.030681
<Jan23-2022> <00:29:20>     8.H         2.289341   -1.228933   -0.518127
<Jan23-2022> <00:29:20>     9.I         1.962011    3.851101    1.175252
<Jan23-2022> <00:29:20>    10.I         1.773198    6.365245    2.126920
<Jan23-2022> <00:29:20>  >>>> CORORT
<Jan23-2022> <00:29:20>  >>>> CLSMAT
<Jan23-2022> <00:29:21>  >>>> ORTHON
<Jan23-2022> <00:29:21>  >>>> GENPT
<Jan23-2022> <00:29:21>  Block Length= 128
<Jan23-2022> <00:29:22>  >>>> PTBAS
<Jan23-2022> <00:29:31>  >>>> CYCLE
<Jan23-2022> <00:29:48>  using orbital data from restart file
<Jan23-2022> <00:29:59>              |Error|         MaxErr       Wt(A-DIIS)
<Jan23-2022> <00:29:59>      1      0.03788145      0.00876160
<Jan23-2022> <00:30:15>      2      0.00234598      0.00034034    100.0
<Jan23-2022> <00:30:33>      3      0.00156399      0.00023768    100.0
<Jan23-2022> <00:30:50>      4      0.00087444      0.00013010      0.0
<Jan23-2022> <00:31:07>      5      0.00019918      0.00003382      0.0
<Jan23-2022> <00:31:24>      6      0.00006120      0.00000888      0.0
<Jan23-2022> <00:31:42>      7      0.00003459      0.00000950      0.0
<Jan23-2022> <00:32:01>      8      0.00000889      0.00000244      0.0
<Jan23-2022> <00:32:20>      9      0.00000268      0.00000056      0.0
<Jan23-2022> <00:32:26>  SCF converged
<Jan23-2022> <00:32:39>     10      0.00000101      0.00000031      0.0
<Jan23-2022> <00:32:45>  >>>> TOTEN
<Jan23-2022> <00:33:10>  >>>> POPAN
<Jan23-2022> <00:33:10>  >>>> DEBYE
<Jan23-2022> <00:33:10>  >>>> ENGRAD
<Jan23-2022> <00:33:52>  current energy                               -1.77224270 Hartree
<Jan23-2022> <00:33:52>  energy change                      -0.00000247     0.00010000    T
<Jan23-2022> <00:33:52>  constrained gradient max            0.00067444     0.00100000    T
<Jan23-2022> <00:33:52>  constrained gradient rms            0.00021340     0.00066667    T
<Jan23-2022> <00:33:52>  gradient max                        0.00067444
<Jan23-2022> <00:33:52>  gradient rms                        0.00021340
<Jan23-2022> <00:33:52>  cart. step max                      0.02265756     0.01000000    F
<Jan23-2022> <00:33:52>  cart. step rms                      0.01120843     0.00666667    F
<Jan23-2022> <00:33:52>  Iteration 15
<Jan23-2022> <00:33:53>  *** GOStep15 ***
<Jan23-2022> <00:33:53>  >>>> FRAGM
<Jan23-2022> <00:33:53>  Coordinates
<Jan23-2022> <00:33:53>     Atom         X           Y           Z   (Angstrom)
<Jan23-2022> <00:33:53>     1.H        -0.089393   -1.675517   -0.542662
<Jan23-2022> <00:33:53>     2.C        -0.753554    0.239110    0.060948
<Jan23-2022> <00:33:53>     3.C         0.187747   -0.662223   -0.252569
<Jan23-2022> <00:33:53>     4.C         1.643002   -0.374896   -0.236488
<Jan23-2022> <00:33:53>     5.O         2.161471    0.687885    0.060645
<Jan23-2022> <00:33:53>     6.H        -0.487723    1.251756    0.350676
<Jan23-2022> <00:33:53>     7.H        -1.809713   -0.015394    0.035310
<Jan23-2022> <00:33:53>     8.H         2.284670   -1.238297   -0.530415
<Jan23-2022> <00:33:53>     9.I         1.957729    3.841386    1.182102
<Jan23-2022> <00:33:53>    10.I         1.750540    6.364837    2.106225
<Jan23-2022> <00:33:54>  >>>> CORORT
<Jan23-2022> <00:33:54>  >>>> CLSMAT
<Jan23-2022> <00:33:54>  >>>> ORTHON
<Jan23-2022> <00:33:54>  >>>> GENPT
<Jan23-2022> <00:33:54>  Block Length= 128
<Jan23-2022> <00:33:55>  >>>> PTBAS
<Jan23-2022> <00:34:04>  >>>> CYCLE
<Jan23-2022> <00:34:24>  using orbital data from restart file
<Jan23-2022> <00:34:37>              |Error|         MaxErr       Wt(A-DIIS)
<Jan23-2022> <00:34:37>      1      0.06903530      0.01528732
<Jan23-2022> <00:34:57>      2      0.00429102      0.00071143    100.0
<Jan23-2022> <00:35:16>      3      0.00296792      0.00049396    100.0
<Jan23-2022> <00:35:35>      4      0.00153495      0.00026828      0.0
<Jan23-2022> <00:35:54>      5      0.00034063      0.00006351      0.0
<Jan23-2022> <00:36:13>      6      0.00014962      0.00003077      0.0
<Jan23-2022> <00:36:33>      7      0.00006443      0.00001532      0.0
<Jan23-2022> <00:36:52>      8      0.00001505      0.00000302      0.0
<Jan23-2022> <00:37:11>      9      0.00000773      0.00000189      0.0
<Jan23-2022> <00:37:29>     10      0.00000176      0.00000040      0.0
<Jan23-2022> <00:37:36>  SCF converged
<Jan23-2022> <00:37:48>     11      0.00000042      0.00000007      0.0
<Jan23-2022> <00:37:54>  >>>> TOTEN
<Jan23-2022> <00:38:16>  >>>> POPAN
<Jan23-2022> <00:38:16>  >>>> DEBYE
<Jan23-2022> <00:38:16>  >>>> ENGRAD
<Jan23-2022> <00:38:53>  current energy                               -1.77224328 Hartree
<Jan23-2022> <00:38:53>  energy change                      -0.00000057     0.00010000    T
<Jan23-2022> <00:38:53>  constrained gradient max            0.00041950     0.00100000    T
<Jan23-2022> <00:38:53>  constrained gradient rms            0.00016049     0.00066667    T
<Jan23-2022> <00:38:53>  gradient max                        0.00041950
<Jan23-2022> <00:38:53>  gradient rms                        0.00016049
<Jan23-2022> <00:38:53>  cart. step max                      0.01515703     0.01000000    F
<Jan23-2022> <00:38:53>  cart. step rms                      0.00612305     0.00666667    T
<Jan23-2022> <00:38:53>  Iteration 16
<Jan23-2022> <00:38:53>  *** GOStep16 ***
<Jan23-2022> <00:38:54>  >>>> FRAGM
<Jan23-2022> <00:38:54>  Coordinates
<Jan23-2022> <00:38:54>     Atom         X           Y           Z   (Angstrom)
<Jan23-2022> <00:38:54>     1.H        -0.091704   -1.669725   -0.557319
<Jan23-2022> <00:38:54>     2.C        -0.751722    0.240335    0.065251
<Jan23-2022> <00:38:54>     3.C         0.187546   -0.660042   -0.256903
<Jan23-2022> <00:38:54>     4.C         1.643651   -0.377146   -0.235565
<Jan23-2022> <00:38:54>     5.O         2.164938    0.680970    0.072834
<Jan23-2022> <00:38:54>     6.H        -0.483918    1.249281    0.365833
<Jan23-2022> <00:38:54>     7.H        -1.808480   -0.011246    0.036006
<Jan23-2022> <00:38:54>     8.H         2.283092   -1.239975   -0.537010
<Jan23-2022> <00:38:54>     9.I         1.957709    3.838101    1.188080
<Jan23-2022> <00:38:54>    10.I         1.743667    6.368094    2.092564
<Jan23-2022> <00:38:54>  >>>> CORORT
<Jan23-2022> <00:38:54>  >>>> CLSMAT
<Jan23-2022> <00:38:54>  >>>> ORTHON
<Jan23-2022> <00:38:55>  >>>> GENPT
<Jan23-2022> <00:38:55>  Block Length= 128
<Jan23-2022> <00:38:56>  >>>> PTBAS
<Jan23-2022> <00:39:05>  >>>> CYCLE
<Jan23-2022> <00:39:21>  using orbital data from restart file
<Jan23-2022> <00:39:32>              |Error|         MaxErr       Wt(A-DIIS)
<Jan23-2022> <00:39:32>      1      0.04386743      0.01156091
<Jan23-2022> <00:39:49>      2      0.00272330      0.00047796    100.0
<Jan23-2022> <00:40:06>      3      0.00191083      0.00033513    100.0
<Jan23-2022> <00:40:22>      4      0.00096309      0.00019375      0.0
<Jan23-2022> <00:40:38>      5      0.00025803      0.00006277      0.0
<Jan23-2022> <00:40:54>      6      0.00008744      0.00002177      0.0
<Jan23-2022> <00:41:11>      7      0.00003432      0.00000795      0.0
<Jan23-2022> <00:41:27>      8      0.00000877      0.00000185      0.0
<Jan23-2022> <00:41:44>      9      0.00000484      0.00000114      0.0
<Jan23-2022> <00:42:01>     10      0.00000099      0.00000018      0.0
<Jan23-2022> <00:42:06>  SCF converged
<Jan23-2022> <00:42:17>     11      0.00000022      0.00000003      0.0
<Jan23-2022> <00:42:23>  >>>> TOTEN
<Jan23-2022> <00:42:45>  >>>> POPAN
<Jan23-2022> <00:42:45>  >>>> DEBYE
<Jan23-2022> <00:42:46>  >>>> ENGRAD
<Jan23-2022> <00:43:22>  current energy                               -1.77224373 Hartree
<Jan23-2022> <00:43:22>  energy change                      -0.00000045     0.00010000    T
<Jan23-2022> <00:43:22>  constrained gradient max            0.00067057     0.00100000    T
<Jan23-2022> <00:43:22>  constrained gradient rms            0.00023284     0.00066667    T
<Jan23-2022> <00:43:22>  gradient max                        0.00067057
<Jan23-2022> <00:43:22>  gradient rms                        0.00023284
<Jan23-2022> <00:43:22>  cart. step max                      0.02402571     0.01000000    F
<Jan23-2022> <00:43:22>  cart. step rms                      0.00896848     0.00666667    F
<Jan23-2022> <00:43:22>  Iteration 17
<Jan23-2022> <00:43:23>  *** GOStep17 ***
<Jan23-2022> <00:43:23>  >>>> FRAGM
<Jan23-2022> <00:43:24>  Coordinates
<Jan23-2022> <00:43:24>     Atom         X           Y           Z   (Angstrom)
<Jan23-2022> <00:43:24>     1.H        -0.092246   -1.663322   -0.581345
<Jan23-2022> <00:43:24>     2.C        -0.752360    0.237028    0.070372
<Jan23-2022> <00:43:24>     3.C         0.186960   -0.658990   -0.263445
<Jan23-2022> <00:43:24>     4.C         1.643322   -0.377878   -0.233052
<Jan23-2022> <00:43:24>     5.O         2.164439    0.675047    0.092766
<Jan23-2022> <00:43:24>     6.H        -0.484472    1.240657    0.388237
<Jan23-2022> <00:43:24>     7.H        -1.809288   -0.012756    0.033667
<Jan23-2022> <00:43:24>     8.H         2.282857   -1.236828   -0.544940
<Jan23-2022> <00:43:24>     9.I         1.961106    3.837643    1.198713
<Jan23-2022> <00:43:24>    10.I         1.744460    6.378046    2.072797
<Jan23-2022> <00:43:25>  >>>> CORORT
<Jan23-2022> <00:43:25>  >>>> CLSMAT
<Jan23-2022> <00:43:25>  >>>> ORTHON
<Jan23-2022> <00:43:25>  >>>> GENPT
<Jan23-2022> <00:43:25>  Block Length= 128
<Jan23-2022> <00:43:26>  >>>> PTBAS
<Jan23-2022> <00:43:34>  >>>> CYCLE
<Jan23-2022> <00:43:51>  using orbital data from restart file
<Jan23-2022> <00:44:02>              |Error|         MaxErr       Wt(A-DIIS)
<Jan23-2022> <00:44:02>      1      0.06434515      0.01806646
<Jan23-2022> <00:44:19>      2      0.00423381      0.00077648    100.0
<Jan23-2022> <00:44:36>      3      0.00308113      0.00048717    100.0
<Jan23-2022> <00:44:52>      4      0.00406477      0.00089295      0.0
<Jan23-2022> <00:45:09>      5      0.00054149      0.00013232      0.0
<Jan23-2022> <00:45:25>      6      0.00020478      0.00004061      0.0
<Jan23-2022> <00:45:42>      7      0.00006385      0.00001203      0.0
<Jan23-2022> <00:45:59>      8      0.00001867      0.00000423      0.0
<Jan23-2022> <00:46:16>      9      0.00000984      0.00000227      0.0
<Jan23-2022> <00:46:33>     10      0.00000108      0.00000018      0.0
<Jan23-2022> <00:46:38>  SCF converged
<Jan23-2022> <00:46:49>     11      0.00000032      0.00000005      0.0
<Jan23-2022> <00:46:55>  >>>> TOTEN
<Jan23-2022> <00:47:17>  >>>> POPAN
<Jan23-2022> <00:47:17>  >>>> DEBYE
<Jan23-2022> <00:47:17>  >>>> ENGRAD
<Jan23-2022> <00:47:54>  current energy                               -1.77224636 Hartree
<Jan23-2022> <00:47:54>  energy change                      -0.00000263     0.00010000    T
<Jan23-2022> <00:47:54>  constrained gradient max            0.00068204     0.00100000    T
<Jan23-2022> <00:47:54>  constrained gradient rms            0.00021471     0.00066667    T
<Jan23-2022> <00:47:54>  gradient max                        0.00068204
<Jan23-2022> <00:47:54>  gradient rms                        0.00021471
<Jan23-2022> <00:47:54>  cart. step max                      0.02691183     0.01000000    F
<Jan23-2022> <00:47:54>  cart. step rms                      0.01029621     0.00666667    F
<Jan23-2022> <00:47:54>  Iteration 18
<Jan23-2022> <00:47:55>  *** GOStep18 ***
<Jan23-2022> <00:47:55>  >>>> FRAGM
<Jan23-2022> <00:47:55>  Coordinates
<Jan23-2022> <00:47:55>     Atom         X           Y           Z   (Angstrom)
<Jan23-2022> <00:47:55>     1.H        -0.091392   -1.657386   -0.608257
<Jan23-2022> <00:47:55>     2.C        -0.754798    0.230586    0.075236
<Jan23-2022> <00:47:55>     3.C         0.186199   -0.658760   -0.271422
<Jan23-2022> <00:47:55>     4.C         1.642266   -0.377394   -0.229595
<Jan23-2022> <00:47:55>     5.O         2.160699    0.670471    0.116287
<Jan23-2022> <00:47:55>     6.H        -0.488087    1.228219    0.412486
<Jan23-2022> <00:47:55>     7.H        -1.811516   -0.018499    0.029530
<Jan23-2022> <00:47:55>     8.H         2.283929   -1.229967   -0.552374
<Jan23-2022> <00:47:55>     9.I         1.965560    3.840266    1.209220
<Jan23-2022> <00:47:55>    10.I         1.751917    6.391112    2.052660
<Jan23-2022> <00:47:55>  >>>> CORORT
<Jan23-2022> <00:47:56>  >>>> CLSMAT
<Jan23-2022> <00:47:56>  >>>> ORTHON
<Jan23-2022> <00:47:56>  >>>> GENPT
<Jan23-2022> <00:47:56>  Block Length= 128
<Jan23-2022> <00:47:57>  >>>> PTBAS
<Jan23-2022> <00:48:05>  >>>> CYCLE
<Jan23-2022> <00:48:23>  using orbital data from restart file
<Jan23-2022> <00:48:34>              |Error|         MaxErr       Wt(A-DIIS)
<Jan23-2022> <00:48:34>      1      0.06974953      0.02090093
<Jan23-2022> <00:48:51>      2      0.00475565      0.00085044    100.0
<Jan23-2022> <00:49:07>      3      0.00472184      0.00103094    100.0
<Jan23-2022> <00:49:24>      4      0.00484331      0.00116471      0.2
<Jan23-2022> <00:49:41>      5      0.00067965      0.00015524      0.0
<Jan23-2022> <00:49:57>      6      0.00023960      0.00005518      0.0
<Jan23-2022> <00:50:14>      7      0.00007340      0.00001416      0.0
<Jan23-2022> <00:50:30>      8      0.00002309      0.00000558      0.0
<Jan23-2022> <00:50:47>      9      0.00001077      0.00000236      0.0
<Jan23-2022> <00:51:03>     10      0.00000148      0.00000025      0.0
<Jan23-2022> <00:51:09>  SCF converged
<Jan23-2022> <00:51:20>     11      0.00000051      0.00000010      0.0
<Jan23-2022> <00:51:26>  >>>> TOTEN
<Jan23-2022> <00:51:47>  >>>> POPAN
<Jan23-2022> <00:51:47>  >>>> DEBYE
<Jan23-2022> <00:51:48>  >>>> ENGRAD
<Jan23-2022> <00:52:24>  current energy                               -1.77225002 Hartree
<Jan23-2022> <00:52:24>  energy change                      -0.00000366     0.00010000    T
<Jan23-2022> <00:52:24>  constrained gradient max            0.00018846     0.00100000    T
<Jan23-2022> <00:52:24>  constrained gradient rms            0.00008204     0.00066667    T
<Jan23-2022> <00:52:24>  gradient max                        0.00018846
<Jan23-2022> <00:52:24>  gradient rms                        0.00008204
<Jan23-2022> <00:52:24>  cart. step max                      0.01332946     0.01000000    F
<Jan23-2022> <00:52:24>  cart. step rms                      0.00496646     0.00666667    T
<Jan23-2022> <00:52:24>  Iteration 19
<Jan23-2022> <00:52:25>  *** GOStep19 ***
<Jan23-2022> <00:52:26>  >>>> FRAGM
<Jan23-2022> <00:52:26>  Coordinates
<Jan23-2022> <00:52:26>     Atom         X           Y           Z   (Angstrom)
<Jan23-2022> <00:52:26>     1.H        -0.090776   -1.654572   -0.621586
<Jan23-2022> <00:52:26>     2.C        -0.756284    0.226908    0.077428
<Jan23-2022> <00:52:26>     3.C         0.185856   -0.659102   -0.274704
<Jan23-2022> <00:52:26>     4.C         1.641614   -0.377092   -0.227429
<Jan23-2022> <00:52:26>     5.O         2.158200    0.668600    0.127778
<Jan23-2022> <00:52:26>     6.H        -0.490283    1.221455    0.424272
<Jan23-2022> <00:52:26>     7.H        -1.812849   -0.021919    0.026826
<Jan23-2022> <00:52:26>     8.H         2.284823   -1.226169   -0.555246
<Jan23-2022> <00:52:26>     9.I         1.967383    3.843140    1.211444
<Jan23-2022> <00:52:26>    10.I         1.757093    6.397398    2.044987
<Jan23-2022> <00:52:26>  >>>> CORORT
<Jan23-2022> <00:52:26>  >>>> CLSMAT
<Jan23-2022> <00:52:26>  >>>> ORTHON
<Jan23-2022> <00:52:26>  >>>> GENPT
<Jan23-2022> <00:52:26>  Block Length= 128
<Jan23-2022> <00:52:27>  >>>> PTBAS
<Jan23-2022> <00:52:36>  >>>> CYCLE
<Jan23-2022> <00:52:53>  using orbital data from restart file
<Jan23-2022> <00:53:04>              |Error|         MaxErr       Wt(A-DIIS)
<Jan23-2022> <00:53:04>      1      0.02927221      0.00973363
<Jan23-2022> <00:53:20>      2      0.00210055      0.00042821    100.0
<Jan23-2022> <00:53:37>      3      0.00197934      0.00042993    100.0
<Jan23-2022> <00:53:52>      4      0.00229082      0.00056074      0.0
<Jan23-2022> <00:54:09>      5      0.00024989      0.00005341      0.0
<Jan23-2022> <00:54:25>      6      0.00009615      0.00002639      0.0
<Jan23-2022> <00:54:42>      7      0.00003265      0.00000643      0.0
<Jan23-2022> <00:54:58>      8      0.00000726      0.00000184      0.0
<Jan23-2022> <00:55:15>      9      0.00000496      0.00000124      0.0
<Jan23-2022> <00:55:31>     10      0.00000081      0.00000014      0.0
<Jan23-2022> <00:55:36>  SCF converged
<Jan23-2022> <00:55:47>     11      0.00000025      0.00000005      0.0
<Jan23-2022> <00:55:54>  >>>> TOTEN
<Jan23-2022> <00:56:16>  >>>> POPAN
<Jan23-2022> <00:56:16>  >>>> DEBYE
<Jan23-2022> <00:56:16>  >>>> ENGRAD
<Jan23-2022> <00:56:53>  current energy                               -1.77225174 Hartree
<Jan23-2022> <00:56:53>  energy change                      -0.00000172     0.00010000    T
<Jan23-2022> <00:56:53>  constrained gradient max            0.00016285     0.00100000    T
<Jan23-2022> <00:56:53>  constrained gradient rms            0.00006428     0.00066667    T
<Jan23-2022> <00:56:53>  gradient max                        0.00016285
<Jan23-2022> <00:56:53>  gradient rms                        0.00006428
<Jan23-2022> <00:56:53>  cart. step max                      0.00568349     0.01000000    T
<Jan23-2022> <00:56:53>  cart. step rms                      0.00256648     0.00666667    T
<Jan23-2022> <00:56:53>  Geometry optimization converged
<Jan23-2022> <00:56:54>  *** adf ***
<Jan23-2022> <00:56:54>  Net Charge: 0 (Nuclei minus Electrons)
<Jan23-2022> <00:56:54>  Symmetry  : NOSYM
<Jan23-2022> <00:56:54>  >>>> FRAGM
<Jan23-2022> <00:56:54>  Coordinates
<Jan23-2022> <00:56:54>     Atom         X           Y           Z   (Angstrom)
<Jan23-2022> <00:56:54>     1.H        -0.090776   -1.654572   -0.621586
<Jan23-2022> <00:56:54>     2.C        -0.756284    0.226908    0.077428
<Jan23-2022> <00:56:54>     3.C         0.185856   -0.659102   -0.274704
<Jan23-2022> <00:56:54>     4.C         1.641614   -0.377092   -0.227429
<Jan23-2022> <00:56:54>     5.O         2.158200    0.668600    0.127778
<Jan23-2022> <00:56:54>     6.H        -0.490283    1.221455    0.424272
<Jan23-2022> <00:56:54>     7.H        -1.812849   -0.021919    0.026826
<Jan23-2022> <00:56:54>     8.H         2.284823   -1.226169   -0.555246
<Jan23-2022> <00:56:54>     9.I         1.967383    3.843140    1.211444
<Jan23-2022> <00:56:54>    10.I         1.757093    6.397398    2.044987
<Jan23-2022> <00:56:55>  >>>> CORORT
<Jan23-2022> <00:56:55>  >>>> CLSMAT
<Jan23-2022> <00:56:55>  >>>> ORTHON
<Jan23-2022> <00:56:55>  >>>> GENPT
<Jan23-2022> <00:56:55>  Block Length= 128
<Jan23-2022> <00:56:56>  >>>> PTBAS
<Jan23-2022> <00:57:05>  >>>> CYCLE
<Jan23-2022> <00:57:21>  using orbital data from restart file
<Jan23-2022> <00:57:33>              |Error|         MaxErr       Wt(A-DIIS)
<Jan23-2022> <00:57:33>      1      0.00000004      0.00000001
<Jan23-2022> <00:57:50>      2      0.00000004      0.00000001    100.0
<Jan23-2022> <00:57:55>  SCF converged
<Jan23-2022> <00:58:07>      3      0.00000002      0.00000000    100.0
<Jan23-2022> <00:58:22>  >>>> TOTEN
<Jan23-2022> <00:59:05>  >>>> POPAN
<Jan23-2022> <00:59:05>  >>>> DEBYE
<Jan23-2022> <00:59:05>  >>>> AMETS
<Jan23-2022> <00:59:05>   Bond Energy          -1.77225174 a.u.
<Jan23-2022> <00:59:05>   Bond Energy         -48.22542356 eV
<Jan23-2022> <00:59:05>   Bond Energy       -1112.10       kcal/mol
<Jan23-2022> <00:59:05>  >>>> POPUL
<Jan23-2022> <00:59:06>  >>>> ENGRAD
<Jan23-2022> <00:59:42>  >>>> ENHESS
<Jan23-2022> <00:59:53>  === NUCLEUS:     1
<Jan23-2022> <01:08:03>  === NUCLEUS:     2
<Jan23-2022> <01:15:42>  === NUCLEUS:     3
<Jan23-2022> <01:23:19>  === NUCLEUS:     4
<Jan23-2022> <01:31:23>  === NUCLEUS:     5
<Jan23-2022> <01:39:32>  === NUCLEUS:     6
<Jan23-2022> <01:47:37>  === NUCLEUS:     7
<Jan23-2022> <01:55:38>  === NUCLEUS:     8
<Jan23-2022> <02:03:39>  === NUCLEUS:     9
<Jan23-2022> <02:10:50>  === NUCLEUS:    10
<Jan23-2022> <02:18:00>  >>>> CALC_HESS_PMAT
<Jan23-2022> <02:19:24>  >>>> CALC_HESS_WMAT
<Jan23-2022> <02:19:37>  Scanning mode: 7
<Jan23-2022> <02:19:38>  *** SCANMODE_forward_adf_ScanMode_7 ***
<Jan23-2022> <02:19:38>  >>>> FRAGM
<Jan23-2022> <02:19:38>  Coordinates
<Jan23-2022> <02:19:38>     Atom         X           Y           Z   (Angstrom)
<Jan23-2022> <02:19:38>     1.H        -0.090895   -1.654398   -0.621533
<Jan23-2022> <02:19:38>     2.C        -0.756280    0.227119    0.077497
<Jan23-2022> <02:19:38>     3.C         0.185801   -0.658946   -0.274654
<Jan23-2022> <02:19:38>     4.C         1.641577   -0.377025   -0.227406
<Jan23-2022> <02:19:38>     5.O         2.158237    0.668633    0.127792
<Jan23-2022> <02:19:38>     6.H        -0.490216    1.221649    0.424338
<Jan23-2022> <02:19:38>     7.H        -1.812860   -0.021647    0.026912
<Jan23-2022> <02:19:38>     8.H         2.284728   -1.226142   -0.555236
<Jan23-2022> <02:19:38>     9.I         1.967435    3.843118    1.211436
<Jan23-2022> <02:19:38>    10.I         1.757046    6.397370    2.044978
<Jan23-2022> <02:19:38>  >>>> CORORT
<Jan23-2022> <02:19:38>  >>>> CLSMAT
<Jan23-2022> <02:19:38>  >>>> ORTHON
<Jan23-2022> <02:19:38>  >>>> GENPT
<Jan23-2022> <02:19:39>  Block Length= 128
<Jan23-2022> <02:19:40>  >>>> PTBAS
<Jan23-2022> <02:19:57>  >>>> CYCLE
<Jan23-2022> <02:20:21>  using orbital data from restart file
<Jan23-2022> <02:20:42>              |Error|         MaxErr       Wt(A-DIIS)
<Jan23-2022> <02:20:42>      1      0.00025786      0.00010107
<Jan23-2022> <02:21:15>      2      0.00001756      0.00000281    100.0
<Jan23-2022> <02:21:47>      3      0.00001031      0.00000136    100.0
<Jan23-2022> <02:22:19>      4      0.00001055      0.00000209      0.0
<Jan23-2022> <02:22:51>      5      0.00000363      0.00000067      0.0
<Jan23-2022> <02:23:02>  SCF converged
<Jan23-2022> <02:23:24>      6      0.00000178      0.00000047      0.0
<Jan23-2022> <02:23:34>  >>>> TOTEN
<Jan23-2022> <02:24:17>  >>>> POPAN
<Jan23-2022> <02:24:17>  >>>> DEBYE
<Jan23-2022> <02:24:17>  >>>> ENGRAD
<Jan23-2022> <02:30:43>  Scanning mode: 8
<Jan23-2022> <02:30:44>  *** SCANMODE_forward_adf_ScanMode_8 ***
<Jan23-2022> <02:30:44>  >>>> FRAGM
<Jan23-2022> <02:30:45>  Coordinates
<Jan23-2022> <02:30:45>     Atom         X           Y           Z   (Angstrom)
<Jan23-2022> <02:30:45>     1.H        -0.090764   -1.654657   -0.621334
<Jan23-2022> <02:30:45>     2.C        -0.756285    0.226945    0.077339
<Jan23-2022> <02:30:45>     3.C         0.185862   -0.659135   -0.274599
<Jan23-2022> <02:30:45>     4.C         1.641621   -0.377133   -0.227299
<Jan23-2022> <02:30:45>     5.O         2.158202    0.668603    0.127782
<Jan23-2022> <02:30:45>     6.H        -0.490290    1.221545    0.424033
<Jan23-2022> <02:30:45>     7.H        -1.812850   -0.021877    0.026723
<Jan23-2022> <02:30:45>     8.H         2.284836   -1.226264   -0.554967
<Jan23-2022> <02:30:45>     9.I         1.967380    3.843155    1.211397
<Jan23-2022> <02:30:45>    10.I         1.757095    6.397387    2.045018
<Jan23-2022> <02:30:45>  >>>> CORORT
<Jan23-2022> <02:30:45>  >>>> CLSMAT
<Jan23-2022> <02:30:45>  >>>> ORTHON
<Jan23-2022> <02:30:45>  >>>> GENPT
<Jan23-2022> <02:30:45>  Block Length= 128
<Jan23-2022> <02:30:46>  >>>> PTBAS
<Jan23-2022> <02:31:04>  >>>> CYCLE
<Jan23-2022> <02:31:27>  using orbital data from restart file
<Jan23-2022> <02:31:49>              |Error|         MaxErr       Wt(A-DIIS)
<Jan23-2022> <02:31:49>      1      0.00044825      0.00012064
<Jan23-2022> <02:32:22>      2      0.00004289      0.00001052    100.0
<Jan23-2022> <02:32:54>      3      0.00002992      0.00000737    100.0
<Jan23-2022> <02:33:25>      4      0.00001561      0.00000367      0.0
<Jan23-2022> <02:33:58>      5      0.00000140      0.00000030      0.0
<Jan23-2022> <02:34:08>  SCF converged
<Jan23-2022> <02:34:30>      6      0.00000098      0.00000024      0.0
<Jan23-2022> <02:34:41>  >>>> TOTEN
<Jan23-2022> <02:35:23>  >>>> POPAN
<Jan23-2022> <02:35:24>  >>>> DEBYE
<Jan23-2022> <02:35:24>  >>>> ENGRAD
<Jan23-2022> <02:41:50>  PES point character: Geometry corresponds to a local minimum on the PES.
<Jan23-2022> <02:41:50>  Geometry optimization successful!
<Jan23-2022> <02:41:50>  WARNING: total elapsed time is much higher than the (CPU+system) time.
<Jan23-2022> <02:41:50>  Make sure the machine is not oversubscribed and has enough memory, SCM_TMPDIR points to a fast file system, and the network is fast enough.
<Jan23-2022> <02:41:50>  NORMAL TERMINATION
