<Jan23-2022> <02:11:15>  AMS 2021.102  RunTime: Jan23-2022 02:11:15  ShM Nodes: 1  Procs: 4
<Jan23-2022> <02:11:15>  ADF 2021.102  RunTime: Jan23-2022 02:11:15  ShM Nodes: 1  Procs: 4
<Jan23-2022> <02:11:15>  *** (NO TITLE) ***
<Jan23-2022> <02:11:16>  Iteration 1
<Jan23-2022> <02:11:16>  DIRAC 2021.102  RunTime: Jan23-2022 02:11:16  ShM Nodes: 1  Procs: 1
<Jan23-2022> <02:11:16>  Hydrogen (TZ2P)
<Jan23-2022> <02:11:16>  Net Charge: 0 (Nuclei minus Electrons)
<Jan23-2022> <02:11:16>  Symmetry  : ATOM
<Jan23-2022> <02:11:16>  Coordinates
<Jan23-2022> <02:11:16>     Atom         X           Y           Z   (Angstrom)
<Jan23-2022> <02:11:16>     1.H         0.000000    0.000000    0.000000
<Jan23-2022> <02:11:16>  >>>> CORORT
<Jan23-2022> <02:11:16>  >>>> CLSMAT
<Jan23-2022> <02:11:16>  >>>> ORTHON
<Jan23-2022> <02:11:16>  >>>> GENPT
<Jan23-2022> <02:11:16>  Block Length=  64
<Jan23-2022> <02:11:16>  >>>> PTBAS
<Jan23-2022> <02:11:16>  >>>> CYCLE
<Jan23-2022> <02:11:16>              |Error|         MaxErr       Wt(A-DIIS)
<Jan23-2022> <02:11:16>      1      0.00000000      0.00000000
<Jan23-2022> <02:11:16>      2      0.03080019      0.02591482
<Jan23-2022> <02:11:16>      3      0.01140383      0.01135775    100.0
<Jan23-2022> <02:11:16>      4      0.00327656      0.00327407      2.3
<Jan23-2022> <02:11:16>      5      0.00010041      0.00009754      0.0
<Jan23-2022> <02:11:16>      6      0.00000525      0.00000504      0.0
<Jan23-2022> <02:11:16>      7      0.00000007      0.00000007      0.0
<Jan23-2022> <02:11:17>      8      0.00000000      0.00000000      0.0
<Jan23-2022> <02:11:17>  SCF converged
<Jan23-2022> <02:11:17>      9      0.00000000      0.00000000      0.0
<Jan23-2022> <02:11:17>  >>>> POPAN
<Jan23-2022> <02:11:17>  >>>> DEBYE
<Jan23-2022> <02:11:17>  DIRAC 2021.102  RunTime: Jan23-2022 02:11:17  ShM Nodes: 1  Procs: 1
<Jan23-2022> <02:11:17>  Carbon (TZ2P)
<Jan23-2022> <02:11:17>  Net Charge: 0 (Nuclei minus Electrons)
<Jan23-2022> <02:11:17>  Symmetry  : ATOM
<Jan23-2022> <02:11:17>  Coordinates
<Jan23-2022> <02:11:17>     Atom         X           Y           Z   (Angstrom)
<Jan23-2022> <02:11:17>     1.C         0.000000    0.000000    0.000000
<Jan23-2022> <02:11:17>  >>>> CORORT
<Jan23-2022> <02:11:17>  >>>> CLSMAT
<Jan23-2022> <02:11:17>  >>>> ORTHON
<Jan23-2022> <02:11:17>  >>>> GENPT
<Jan23-2022> <02:11:17>  Block Length=  72
<Jan23-2022> <02:11:17>  >>>> PTBAS
<Jan23-2022> <02:11:17>  >>>> CYCLE
<Jan23-2022> <02:11:18>              |Error|         MaxErr       Wt(A-DIIS)
<Jan23-2022> <02:11:18>      1      0.00000000      0.00000000
<Jan23-2022> <02:11:18>      2      4.48405934      3.32161898    100.0
<Jan23-2022> <02:11:18>      3      1.60718414      1.28408746    100.0
<Jan23-2022> <02:11:18>      4      0.76426456      0.62272052    100.0
<Jan23-2022> <02:11:18>      5      0.36119063      0.28553990    100.0
<Jan23-2022> <02:11:18>      6      0.14821424      0.11559867    100.0
<Jan23-2022> <02:11:18>      7      0.10108424      0.07867111     78.5
<Jan23-2022> <02:11:18>      8      0.01786531      0.01387049     13.0
<Jan23-2022> <02:11:18>      9      0.00195746      0.00153262      0.5
<Jan23-2022> <02:11:18>     10      0.00001058      0.00000730      0.0
<Jan23-2022> <02:11:18>     11      0.00000047      0.00000027      0.0
<Jan23-2022> <02:11:18>     12      0.00000003      0.00000002      0.0
<Jan23-2022> <02:11:18>     13      0.00000000      0.00000000      0.0
<Jan23-2022> <02:11:18>  SCF converged
<Jan23-2022> <02:11:18>     14      0.00000000      0.00000000      0.0
<Jan23-2022> <02:11:18>  >>>> POPAN
<Jan23-2022> <02:11:18>  >>>> DEBYE
<Jan23-2022> <02:11:18>  DIRAC 2021.102  RunTime: Jan23-2022 02:11:18  ShM Nodes: 1  Procs: 1
<Jan23-2022> <02:11:18>  Oxygen (TZ2P)
<Jan23-2022> <02:11:19>  Net Charge: 0 (Nuclei minus Electrons)
<Jan23-2022> <02:11:19>  Symmetry  : ATOM
<Jan23-2022> <02:11:19>  Coordinates
<Jan23-2022> <02:11:19>     Atom         X           Y           Z   (Angstrom)
<Jan23-2022> <02:11:19>     1.O         0.000000    0.000000    0.000000
<Jan23-2022> <02:11:19>  >>>> CORORT
<Jan23-2022> <02:11:19>  >>>> CLSMAT
<Jan23-2022> <02:11:19>  >>>> ORTHON
<Jan23-2022> <02:11:19>  >>>> GENPT
<Jan23-2022> <02:11:19>  Block Length=  68
<Jan23-2022> <02:11:19>  >>>> PTBAS
<Jan23-2022> <02:11:19>  >>>> CYCLE
<Jan23-2022> <02:11:19>              |Error|         MaxErr       Wt(A-DIIS)
<Jan23-2022> <02:11:19>      1      0.00000000      0.00000000
<Jan23-2022> <02:11:19>      2      8.77210307      5.53374266    100.0
<Jan23-2022> <02:11:19>      3      3.60058093      2.49154808    100.0
<Jan23-2022> <02:11:19>      4      1.20505529      0.62472425    100.0
<Jan23-2022> <02:11:19>      5      1.46502638      0.81213311    100.0
<Jan23-2022> <02:11:19>      6      0.15089362      0.09131786     91.2
<Jan23-2022> <02:11:19>      7      0.14397311      0.08251182     82.3
<Jan23-2022> <02:11:19>      8      0.00183259      0.00123681      0.2
<Jan23-2022> <02:11:19>      9      0.00015629      0.00008105      0.0
<Jan23-2022> <02:11:19>     10      0.00001324      0.00000629      0.0
<Jan23-2022> <02:11:19>     11      0.00000006      0.00000003      0.0
<Jan23-2022> <02:11:19>     12      0.00000000      0.00000000      0.0
<Jan23-2022> <02:11:19>  SCF converged
<Jan23-2022> <02:11:19>     13      0.00000000      0.00000000      0.0
<Jan23-2022> <02:11:19>  >>>> POPAN
<Jan23-2022> <02:11:19>  >>>> DEBYE
<Jan23-2022> <02:11:20>  DIRAC 2021.102  RunTime: Jan23-2022 02:11:20  ShM Nodes: 1  Procs: 1
<Jan23-2022> <02:11:20>  Boron (TZ2P)
<Jan23-2022> <02:11:20>  Net Charge: 0 (Nuclei minus Electrons)
<Jan23-2022> <02:11:20>  Symmetry  : ATOM
<Jan23-2022> <02:11:20>  Coordinates
<Jan23-2022> <02:11:20>     Atom         X           Y           Z   (Angstrom)
<Jan23-2022> <02:11:20>     1.B         0.000000    0.000000    0.000000
<Jan23-2022> <02:11:20>  >>>> CORORT
<Jan23-2022> <02:11:20>  >>>> CLSMAT
<Jan23-2022> <02:11:20>  >>>> ORTHON
<Jan23-2022> <02:11:20>  >>>> GENPT
<Jan23-2022> <02:11:20>  Block Length=  76
<Jan23-2022> <02:11:20>  >>>> PTBAS
<Jan23-2022> <02:11:20>  >>>> CYCLE
<Jan23-2022> <02:11:20>              |Error|         MaxErr       Wt(A-DIIS)
<Jan23-2022> <02:11:20>      1      0.00000000      0.00000000
<Jan23-2022> <02:11:21>      2      3.20713362      2.03569268    100.0
<Jan23-2022> <02:11:21>      3      1.02425780      0.87564791    100.0
<Jan23-2022> <02:11:21>      4      0.43534597      0.37294039    100.0
<Jan23-2022> <02:11:21>      5      0.21063772      0.18877869    100.0
<Jan23-2022> <02:11:21>      6      0.06237149      0.05418878     53.7
<Jan23-2022> <02:11:21>      7      0.02201011      0.01944984     18.6
<Jan23-2022> <02:11:21>      8      0.00263783      0.00232448      1.3
<Jan23-2022> <02:11:21>      9      0.00002886      0.00002498      0.0
<Jan23-2022> <02:11:21>     10      0.00000135      0.00000098      0.0
<Jan23-2022> <02:11:21>     11      0.00000002      0.00000001      0.0
<Jan23-2022> <02:11:21>     12      0.00000000      0.00000000      0.0
<Jan23-2022> <02:11:21>  SCF converged
<Jan23-2022> <02:11:21>     13      0.00000000      0.00000000      0.0
<Jan23-2022> <02:11:21>  >>>> POPAN
<Jan23-2022> <02:11:21>  >>>> DEBYE
<Jan23-2022> <02:11:21>  DIRAC 2021.102  RunTime: Jan23-2022 02:11:21  ShM Nodes: 1  Procs: 1
<Jan23-2022> <02:11:21>  Fluorine (TZ2P)
<Jan23-2022> <02:11:22>  Net Charge: 0 (Nuclei minus Electrons)
<Jan23-2022> <02:11:22>  Symmetry  : ATOM
<Jan23-2022> <02:11:22>  Coordinates
<Jan23-2022> <02:11:22>     Atom         X           Y           Z   (Angstrom)
<Jan23-2022> <02:11:22>     1.F         0.000000    0.000000    0.000000
<Jan23-2022> <02:11:22>  >>>> CORORT
<Jan23-2022> <02:11:22>  >>>> CLSMAT
<Jan23-2022> <02:11:22>  >>>> ORTHON
<Jan23-2022> <02:11:22>  >>>> GENPT
<Jan23-2022> <02:11:22>  Block Length=  76
<Jan23-2022> <02:11:22>  >>>> PTBAS
<Jan23-2022> <02:11:22>  >>>> CYCLE
<Jan23-2022> <02:11:22>              |Error|         MaxErr       Wt(A-DIIS)
<Jan23-2022> <02:11:22>      1      0.00000000      0.00000000
<Jan23-2022> <02:11:22>      2     11.39970762      4.85721148    100.0
<Jan23-2022> <02:11:22>      3      5.17310012      3.16632108    100.0
<Jan23-2022> <02:11:22>      4      1.04882283      0.49392043    100.0
<Jan23-2022> <02:11:22>      5      1.72142161      0.84736739    100.0
<Jan23-2022> <02:11:22>      6      0.21842580      0.10780687    100.0
<Jan23-2022> <02:11:22>      7      0.28524155      0.13554881    100.0
<Jan23-2022> <02:11:22>      8      0.02856437      0.01389479     13.0
<Jan23-2022> <02:11:22>      9      0.00489297      0.00234741      1.4
<Jan23-2022> <02:11:22>     10      0.00009261      0.00004462      0.0
<Jan23-2022> <02:11:22>     11      0.00000010      0.00000005      0.0
<Jan23-2022> <02:11:22>     12      0.00000000      0.00000000      0.0
<Jan23-2022> <02:11:22>  SCF converged
<Jan23-2022> <02:11:22>     13      0.00000000      0.00000000      0.0
<Jan23-2022> <02:11:22>  >>>> POPAN
<Jan23-2022> <02:11:22>  >>>> DEBYE
<Jan23-2022> <02:11:22>  *** GOStep1 ***
<Jan23-2022> <02:11:24>  >>>> FRAGM
<Jan23-2022> <02:11:24>  Coordinates
<Jan23-2022> <02:11:24>     Atom         X           Y           Z   (Angstrom)
<Jan23-2022> <02:11:24>     1.H         0.308836   -1.713227    0.348451
<Jan23-2022> <02:11:24>     2.C        -0.859332    0.073256    0.953616
<Jan23-2022> <02:11:24>     3.C         0.305667   -0.622080    0.356973
<Jan23-2022> <02:11:24>     4.C         1.443635    0.022461   -0.230052
<Jan23-2022> <02:11:24>     5.O         1.615923    1.249926   -0.302136
<Jan23-2022> <02:11:24>     6.H        -0.691953    1.152837    0.944283
<Jan23-2022> <02:11:24>     7.H        -1.408495   -1.487467    2.394752
<Jan23-2022> <02:11:24>     8.C        -1.207068   -0.411253    2.373451
<Jan23-2022> <02:11:24>     9.H        -0.387774   -0.204925    3.068992
<Jan23-2022> <02:11:24>    10.H        -2.099499    0.106838    2.737885
<Jan23-2022> <02:11:24>    11.H        -1.705685   -0.109554    0.324994
<Jan23-2022> <02:11:24>    12.H         2.185845   -0.635773   -0.630990
<Jan23-2022> <02:11:24>    13.B         2.055903    4.518945   -0.202479
<Jan23-2022> <02:11:24>    14.F         1.877306    4.503380    1.096607
<Jan23-2022> <02:11:24>    15.F         1.030315    4.681397   -1.003442
<Jan23-2022> <02:11:24>    16.F         3.260088    4.372058   -0.700602
<Jan23-2022> <02:11:24>  >>>> CORORT
<Jan23-2022> <02:11:24>  >>>> CLSMAT
<Jan23-2022> <02:11:24>  >>>> ORTHON
<Jan23-2022> <02:11:24>  >>>> GENPT
<Jan23-2022> <02:11:24>  Block Length= 128
<Jan23-2022> <02:11:26>  >>>> PTBAS
<Jan23-2022> <02:11:43>  >>>> CYCLE
<Jan23-2022> <02:12:45>              |Error|         MaxErr       Wt(A-DIIS)
<Jan23-2022> <02:12:45>      1      6.64337750      0.54762580
<Jan23-2022> <02:13:36>      2      1.17369962      0.09181788    100.0
<Jan23-2022> <02:14:26>      3      0.59442915      0.03972752    100.0
<Jan23-2022> <02:15:18>      4      0.93679552      0.06458903    100.0
<Jan23-2022> <02:16:09>      5      0.13613812      0.01364235     12.8
<Jan23-2022> <02:16:59>      6      0.09618312      0.01317239     12.3
<Jan23-2022> <02:17:50>      7      0.02751902      0.00384060      2.9
<Jan23-2022> <02:18:42>      8      0.00637058      0.00078409      0.0
<Jan23-2022> <02:19:35>      9      0.00160967      0.00011704      0.0
<Jan23-2022> <02:20:25>     10      0.00127398      0.00009241      0.0
<Jan23-2022> <02:21:16>     11      0.00026499      0.00002006      0.0
<Jan23-2022> <02:22:06>     12      0.00012015      0.00001351      0.0
<Jan23-2022> <02:22:59>     13      0.00004691      0.00000230      0.0
<Jan23-2022> <02:23:50>     14      0.00002069      0.00000113      0.0
<Jan23-2022> <02:24:41>     15      0.00000653      0.00000064      0.0
<Jan23-2022> <02:25:01>  SCF converged
<Jan23-2022> <02:25:34>     16      0.00000394      0.00000045      0.0
<Jan23-2022> <02:25:53>  >>>> TOTEN
<Jan23-2022> <02:26:44>  >>>> POPAN
<Jan23-2022> <02:26:45>  >>>> DEBYE
<Jan23-2022> <02:26:45>  >>>> ENGRAD
<Jan23-2022> <02:28:09>  current energy                               -3.21705635 Hartree
<Jan23-2022> <02:28:09>  energy change                      -3.21705635     0.00016000    F
<Jan23-2022> <02:28:09>  constrained gradient max            0.03418533     0.00100000    F
<Jan23-2022> <02:28:09>  constrained gradient rms            0.01411249     0.00066667    F
<Jan23-2022> <02:28:09>  gradient max                        0.03418533
<Jan23-2022> <02:28:09>  gradient rms                        0.01411249
<Jan23-2022> <02:28:09>  cart. step max                      0.03958419     0.01000000    F
<Jan23-2022> <02:28:09>  cart. step rms                      0.01762818     0.00666667    F
<Jan23-2022> <02:28:09>  Iteration 2
<Jan23-2022> <02:28:10>  *** GOStep2 ***
<Jan23-2022> <02:28:10>  >>>> FRAGM
<Jan23-2022> <02:28:11>  Coordinates
<Jan23-2022> <02:28:11>     Atom         X           Y           Z   (Angstrom)
<Jan23-2022> <02:28:11>     1.H         0.299088   -1.721215    0.345130
<Jan23-2022> <02:28:11>     2.C        -0.849227    0.082678    0.945158
<Jan23-2022> <02:28:11>     3.C         0.307684   -0.629891    0.351335
<Jan23-2022> <02:28:11>     4.C         1.451578    0.005326   -0.235193
<Jan23-2022> <02:28:11>     5.O         1.616203    1.235082   -0.301042
<Jan23-2022> <02:28:11>     6.H        -0.661114    1.159798    0.929574
<Jan23-2022> <02:28:11>     7.H        -1.413180   -1.459838    2.400673
<Jan23-2022> <02:28:11>     8.C        -1.195447   -0.386971    2.371292
<Jan23-2022> <02:28:11>     9.H        -0.369512   -0.189182    3.061324
<Jan23-2022> <02:28:11>    10.H        -2.078099    0.146422    2.737694
<Jan23-2022> <02:28:11>    11.H        -1.718990   -0.094641    0.308311
<Jan23-2022> <02:28:11>    12.H         2.212332   -0.670281   -0.646268
<Jan23-2022> <02:28:11>    13.B         2.029591    4.493056   -0.185236
<Jan23-2022> <02:28:11>    14.F         1.846487    4.485023    1.125908
<Jan23-2022> <02:28:11>    15.F         0.997272    4.668586   -0.994746
<Jan23-2022> <02:28:11>    16.F         3.249046    4.372867   -0.683609
<Jan23-2022> <02:28:11>  >>>> CORORT
<Jan23-2022> <02:28:11>  >>>> CLSMAT
<Jan23-2022> <02:28:11>  >>>> ORTHON
<Jan23-2022> <02:28:11>  >>>> GENPT
<Jan23-2022> <02:28:11>  Block Length= 128
<Jan23-2022> <02:28:12>  >>>> PTBAS
<Jan23-2022> <02:28:30>  >>>> CYCLE
<Jan23-2022> <02:28:57>  using orbital data from restart file
<Jan23-2022> <02:29:30>              |Error|         MaxErr       Wt(A-DIIS)
<Jan23-2022> <02:29:30>      1      0.12430193      0.01875255
<Jan23-2022> <02:30:22>      2      0.01901209      0.00111248    100.0
<Jan23-2022> <02:31:12>      3      0.02771143      0.00193216    100.0
<Jan23-2022> <02:32:04>      4      0.00349420      0.00024770      0.0
<Jan23-2022> <02:32:55>      5      0.00288541      0.00038895      0.0
<Jan23-2022> <02:33:47>      6      0.00088729      0.00012173      0.0
<Jan23-2022> <02:34:39>      7      0.00017262      0.00001306      0.0
<Jan23-2022> <02:35:31>      8      0.00004210      0.00000267      0.0
<Jan23-2022> <02:36:22>      9      0.00001431      0.00000091      0.0
<Jan23-2022> <02:37:14>     10      0.00000705      0.00000051      0.0
<Jan23-2022> <02:37:32>  SCF converged
<Jan23-2022> <02:38:05>     11      0.00000216      0.00000015      0.0
<Jan23-2022> <02:38:22>  >>>> TOTEN
<Jan23-2022> <02:39:14>  >>>> POPAN
<Jan23-2022> <02:39:14>  >>>> DEBYE
<Jan23-2022> <02:39:14>  >>>> ENGRAD
<Jan23-2022> <02:40:39>  current energy                               -3.21923924 Hartree
<Jan23-2022> <02:40:39>  energy change                      -0.00218290     0.00016000    F
<Jan23-2022> <02:40:39>  constrained gradient max            0.01356776     0.00100000    F
<Jan23-2022> <02:40:39>  constrained gradient rms            0.00440687     0.00066667    F
<Jan23-2022> <02:40:39>  gradient max                        0.01356776
<Jan23-2022> <02:40:39>  gradient rms                        0.00440687
<Jan23-2022> <02:40:39>  cart. step max                      0.01272728     0.01000000    F
<Jan23-2022> <02:40:39>  cart. step rms                      0.00529996     0.00666667    T
<Jan23-2022> <02:40:39>  Iteration 3
<Jan23-2022> <02:40:40>  *** GOStep3 ***
<Jan23-2022> <02:40:40>  >>>> FRAGM
<Jan23-2022> <02:40:41>  Coordinates
<Jan23-2022> <02:40:41>     Atom         X           Y           Z   (Angstrom)
<Jan23-2022> <02:40:41>     1.H         0.295462   -1.724332    0.343170
<Jan23-2022> <02:40:41>     2.C        -0.846672    0.084620    0.943179
<Jan23-2022> <02:40:41>     3.C         0.306417   -0.632928    0.347996
<Jan23-2022> <02:40:41>     4.C         1.450214    0.003591   -0.237549
<Jan23-2022> <02:40:41>     5.O         1.614872    1.231647   -0.301125
<Jan23-2022> <02:40:41>     6.H        -0.655162    1.161261    0.922234
<Jan23-2022> <02:40:41>     7.H        -1.411681   -1.452292    2.405116
<Jan23-2022> <02:40:41>     8.C        -1.190737   -0.380172    2.371667
<Jan23-2022> <02:40:41>     9.H        -0.361871   -0.182687    3.058185
<Jan23-2022> <02:40:41>    10.H        -2.070633    0.157020    2.739191
<Jan23-2022> <02:40:41>    11.H        -1.726221   -0.094174    0.304002
<Jan23-2022> <02:40:41>    12.H         2.220825   -0.679148   -0.649881
<Jan23-2022> <02:40:41>    13.B         2.023399    4.483765   -0.180301
<Jan23-2022> <02:40:41>    14.F         1.833759    4.480772    1.132181
<Jan23-2022> <02:40:41>    15.F         0.993827    4.666272   -0.995075
<Jan23-2022> <02:40:41>    16.F         3.247914    4.373606   -0.672685
<Jan23-2022> <02:40:41>  >>>> CORORT
<Jan23-2022> <02:40:41>  >>>> CLSMAT
<Jan23-2022> <02:40:41>  >>>> ORTHON
<Jan23-2022> <02:40:41>  >>>> GENPT
<Jan23-2022> <02:40:41>  Block Length= 128
<Jan23-2022> <02:40:43>  >>>> PTBAS
<Jan23-2022> <02:41:00>  >>>> CYCLE
<Jan23-2022> <02:41:28>  using orbital data from restart file
<Jan23-2022> <02:42:01>              |Error|         MaxErr       Wt(A-DIIS)
<Jan23-2022> <02:42:01>      1      0.04619119      0.00773167
<Jan23-2022> <02:42:52>      2      0.00654486      0.00057534    100.0
<Jan23-2022> <02:43:44>      3      0.01192907      0.00150274    100.0
<Jan23-2022> <02:44:36>      4      0.00300970      0.00027428      0.0
<Jan23-2022> <02:45:27>      5      0.00118859      0.00011492      0.0
<Jan23-2022> <02:46:20>      6      0.00019652      0.00001385      0.0
<Jan23-2022> <02:47:12>      7      0.00008564      0.00000729      0.0
<Jan23-2022> <02:48:03>      8      0.00003842      0.00000262      0.0
<Jan23-2022> <02:48:54>      9      0.00001560      0.00000114      0.0
<Jan23-2022> <02:49:45>     10      0.00000648      0.00000056      0.0
<Jan23-2022> <02:50:03>  SCF converged
<Jan23-2022> <02:50:37>     11      0.00000241      0.00000019      0.0
<Jan23-2022> <02:50:55>  >>>> TOTEN
<Jan23-2022> <02:51:47>  >>>> POPAN
<Jan23-2022> <02:51:47>  >>>> DEBYE
<Jan23-2022> <02:51:48>  >>>> ENGRAD
<Jan23-2022> <02:53:12>  current energy                               -3.21943789 Hartree
<Jan23-2022> <02:53:12>  energy change                      -0.00019865     0.00016000    F
<Jan23-2022> <02:53:12>  constrained gradient max            0.00322984     0.00100000    F
<Jan23-2022> <02:53:12>  constrained gradient rms            0.00087108     0.00066667    F
<Jan23-2022> <02:53:12>  gradient max                        0.00322984
<Jan23-2022> <02:53:12>  gradient rms                        0.00087108
<Jan23-2022> <02:53:12>  cart. step max                      0.00508621     0.01000000    T
<Jan23-2022> <02:53:12>  cart. step rms                      0.00199659     0.00666667    T
<Jan23-2022> <02:53:12>  Iteration 4
<Jan23-2022> <02:53:12>  *** GOStep4 ***
<Jan23-2022> <02:53:13>  >>>> FRAGM
<Jan23-2022> <02:53:13>  Coordinates
<Jan23-2022> <02:53:13>     Atom         X           Y           Z   (Angstrom)
<Jan23-2022> <02:53:13>     1.H         0.294241   -1.723812    0.340498
<Jan23-2022> <02:53:13>     2.C        -0.845031    0.085367    0.945222
<Jan23-2022> <02:53:13>     3.C         0.307313   -0.632589    0.349300
<Jan23-2022> <02:53:13>     4.C         1.452917    0.004927   -0.232463
<Jan23-2022> <02:53:13>     5.O         1.617692    1.232492   -0.297953
<Jan23-2022> <02:53:13>     6.H        -0.653183    1.161868    0.925588
<Jan23-2022> <02:53:13>     7.H        -1.414580   -1.453567    2.403111
<Jan23-2022> <02:53:13>     8.C        -1.192373   -0.381666    2.372105
<Jan23-2022> <02:53:13>     9.H        -0.364231   -0.186363    3.060149
<Jan23-2022> <02:53:13>    10.H        -2.072168    0.155944    2.739208
<Jan23-2022> <02:53:13>    11.H        -1.725248   -0.091813    0.303597
<Jan23-2022> <02:53:13>    12.H         2.219926   -0.679952   -0.654657
<Jan23-2022> <02:53:13>    13.B         2.023433    4.484322   -0.182247
<Jan23-2022> <02:53:13>    14.F         1.834695    4.482175    1.130378
<Jan23-2022> <02:53:13>    15.F         0.992793    4.664255   -0.996136
<Jan23-2022> <02:53:13>    16.F         3.247517    4.375233   -0.675397
<Jan23-2022> <02:53:13>  >>>> CORORT
<Jan23-2022> <02:53:13>  >>>> CLSMAT
<Jan23-2022> <02:53:13>  >>>> ORTHON
<Jan23-2022> <02:53:14>  >>>> GENPT
<Jan23-2022> <02:53:14>  Block Length= 128
<Jan23-2022> <02:53:15>  >>>> PTBAS
<Jan23-2022> <02:53:33>  >>>> CYCLE
<Jan23-2022> <02:54:01>  using orbital data from restart file
<Jan23-2022> <02:54:34>              |Error|         MaxErr       Wt(A-DIIS)
<Jan23-2022> <02:54:34>      1      0.01194330      0.00169569
<Jan23-2022> <02:55:26>      2      0.00242470      0.00028541    100.0
<Jan23-2022> <02:56:18>      3      0.00556353      0.00078202    100.0
<Jan23-2022> <02:57:09>      4      0.00091915      0.00005667      0.0
<Jan23-2022> <02:58:02>      5      0.00033053      0.00003145      0.0
<Jan23-2022> <02:58:54>      6      0.00015090      0.00001102      0.0
<Jan23-2022> <02:59:46>      7      0.00005092      0.00000319      0.0
<Jan23-2022> <03:00:38>      8      0.00002198      0.00000144      0.0
<Jan23-2022> <03:01:30>      9      0.00000694      0.00000053      0.0
<Jan23-2022> <03:01:48>  SCF converged
<Jan23-2022> <03:02:22>     10      0.00000324      0.00000030      0.0
<Jan23-2022> <03:02:40>  >>>> TOTEN
<Jan23-2022> <03:03:32>  >>>> POPAN
<Jan23-2022> <03:03:32>  >>>> DEBYE
<Jan23-2022> <03:03:32>  >>>> ENGRAD
<Jan23-2022> <03:04:57>  current energy                               -3.21944305 Hartree
<Jan23-2022> <03:04:57>  energy change                      -0.00000516     0.00016000    T
<Jan23-2022> <03:04:57>  constrained gradient max            0.00183346     0.00100000    F
<Jan23-2022> <03:04:57>  constrained gradient rms            0.00043777     0.00066667    T
<Jan23-2022> <03:04:57>  gradient max                        0.00183346
<Jan23-2022> <03:04:57>  gradient rms                        0.00043777
<Jan23-2022> <03:04:57>  cart. step max                      0.01084091     0.01000000    F
<Jan23-2022> <03:04:57>  cart. step rms                      0.00394360     0.00666667    T
<Jan23-2022> <03:04:57>  Iteration 5
<Jan23-2022> <03:04:58>  *** GOStep5 ***
<Jan23-2022> <03:04:58>  >>>> FRAGM
<Jan23-2022> <03:04:58>  Coordinates
<Jan23-2022> <03:04:58>     Atom         X           Y           Z   (Angstrom)
<Jan23-2022> <03:04:58>     1.H         0.294694   -1.724654    0.340764
<Jan23-2022> <03:04:58>     2.C        -0.845796    0.084286    0.943666
<Jan23-2022> <03:04:58>     3.C         0.306036   -0.633555    0.346886
<Jan23-2022> <03:04:58>     4.C         1.448887    0.005112   -0.239902
<Jan23-2022> <03:04:58>     5.O         1.616340    1.232111   -0.302217
<Jan23-2022> <03:04:58>     6.H        -0.657740    1.161204    0.918038
<Jan23-2022> <03:04:58>     7.H        -1.408592   -1.449765    2.409046
<Jan23-2022> <03:04:58>     8.C        -1.189150   -0.377486    2.373107
<Jan23-2022> <03:04:58>     9.H        -0.359813   -0.177192    3.058318
<Jan23-2022> <03:04:58>    10.H        -2.069372    0.159601    2.739879
<Jan23-2022> <03:04:58>    11.H        -1.728076   -0.098312    0.304407
<Jan23-2022> <03:04:58>    12.H         2.220824   -0.681959   -0.654521
<Jan23-2022> <03:04:58>    13.B         2.022851    4.482658   -0.178288
<Jan23-2022> <03:04:58>    14.F         1.826419    4.476677    1.133066
<Jan23-2022> <03:04:58>    15.F         0.996753    4.663556   -0.997387
<Jan23-2022> <03:04:58>    16.F         3.249448    4.374536   -0.664556
<Jan23-2022> <03:04:58>  >>>> CORORT
<Jan23-2022> <03:04:58>  >>>> CLSMAT
<Jan23-2022> <03:04:58>  >>>> ORTHON
<Jan23-2022> <03:04:58>  >>>> GENPT
<Jan23-2022> <03:04:59>  Block Length= 128
<Jan23-2022> <03:05:00>  >>>> PTBAS
<Jan23-2022> <03:05:18>  >>>> CYCLE
<Jan23-2022> <03:05:45>  using orbital data from restart file
<Jan23-2022> <03:06:18>              |Error|         MaxErr       Wt(A-DIIS)
<Jan23-2022> <03:06:18>      1      0.02203442      0.00322908
<Jan23-2022> <03:07:10>      2      0.00247406      0.00022897    100.0
<Jan23-2022> <03:08:02>      3      0.00490091      0.00066211    100.0
<Jan23-2022> <03:08:54>      4      0.00105137      0.00009856      0.0
<Jan23-2022> <03:09:46>      5      0.00036343      0.00003873      0.0
<Jan23-2022> <03:10:38>      6      0.00017931      0.00001064      0.0
<Jan23-2022> <03:11:31>      7      0.00005275      0.00000301      0.0
<Jan23-2022> <03:12:23>      8      0.00002464      0.00000154      0.0
<Jan23-2022> <03:13:15>      9      0.00000778      0.00000069      0.0
<Jan23-2022> <03:13:34>  SCF converged
<Jan23-2022> <03:14:07>     10      0.00000308      0.00000040      0.0
<Jan23-2022> <03:14:26>  >>>> TOTEN
<Jan23-2022> <03:15:18>  >>>> POPAN
<Jan23-2022> <03:15:19>  >>>> DEBYE
<Jan23-2022> <03:15:19>  >>>> ENGRAD
<Jan23-2022> <03:16:43>  current energy                               -3.21944695 Hartree
<Jan23-2022> <03:16:43>  energy change                      -0.00000390     0.00016000    T
<Jan23-2022> <03:16:43>  constrained gradient max            0.00186441     0.00100000    F
<Jan23-2022> <03:16:43>  constrained gradient rms            0.00056562     0.00066667    T
<Jan23-2022> <03:16:43>  gradient max                        0.00186441
<Jan23-2022> <03:16:43>  gradient rms                        0.00056562
<Jan23-2022> <03:16:43>  cart. step max                      0.00283232     0.01000000    T
<Jan23-2022> <03:16:43>  cart. step rms                      0.00097823     0.00666667    T
<Jan23-2022> <03:16:43>  Iteration 6
<Jan23-2022> <03:16:44>  *** GOStep6 ***
<Jan23-2022> <03:16:44>  >>>> FRAGM
<Jan23-2022> <03:16:44>  Coordinates
<Jan23-2022> <03:16:44>     Atom         X           Y           Z   (Angstrom)
<Jan23-2022> <03:16:44>     1.H         0.294041   -1.724037    0.340069
<Jan23-2022> <03:16:44>     2.C        -0.845283    0.085272    0.943939
<Jan23-2022> <03:16:44>     3.C         0.306190   -0.632934    0.346929
<Jan23-2022> <03:16:44>     4.C         1.450234    0.004495   -0.238657
<Jan23-2022> <03:16:44>     5.O         1.617558    1.231539   -0.301491
<Jan23-2022> <03:16:44>     6.H        -0.655936    1.162028    0.919973
<Jan23-2022> <03:16:44>     7.H        -1.409702   -1.449829    2.407512
<Jan23-2022> <03:16:44>     8.C        -1.189187   -0.377726    2.372828
<Jan23-2022> <03:16:44>     9.H        -0.359874   -0.179087    3.058559
<Jan23-2022> <03:16:44>    10.H        -2.068964    0.159806    2.739997
<Jan23-2022> <03:16:44>    11.H        -1.726770   -0.095479    0.304713
<Jan23-2022> <03:16:44>    12.H         2.219785   -0.682061   -0.655075
<Jan23-2022> <03:16:44>    13.B         2.021857    4.482046   -0.178698
<Jan23-2022> <03:16:44>    14.F         1.824701    4.476202    1.132469
<Jan23-2022> <03:16:44>    15.F         0.996212    4.661791   -0.998540
<Jan23-2022> <03:16:44>    16.F         3.248851    4.374796   -0.664224
<Jan23-2022> <03:16:44>  >>>> CORORT
<Jan23-2022> <03:16:44>  >>>> CLSMAT
<Jan23-2022> <03:16:44>  >>>> ORTHON
<Jan23-2022> <03:16:45>  >>>> GENPT
<Jan23-2022> <03:16:45>  Block Length= 128
<Jan23-2022> <03:16:46>  >>>> PTBAS
<Jan23-2022> <03:17:03>  >>>> CYCLE
<Jan23-2022> <03:17:30>  using orbital data from restart file
<Jan23-2022> <03:18:04>              |Error|         MaxErr       Wt(A-DIIS)
<Jan23-2022> <03:18:04>      1      0.00570429      0.00082959
<Jan23-2022> <03:18:55>      2      0.00106595      0.00012885    100.0
<Jan23-2022> <03:19:46>      3      0.00050082      0.00003573    100.0
<Jan23-2022> <03:20:38>      4      0.00064136      0.00006989      0.0
<Jan23-2022> <03:21:30>      5      0.00016380      0.00001677      0.0
<Jan23-2022> <03:22:23>      6      0.00004740      0.00000298      0.0
<Jan23-2022> <03:23:15>      7      0.00002022      0.00000122      0.0
<Jan23-2022> <03:24:07>      8      0.00000892      0.00000061      0.0
<Jan23-2022> <03:24:24>  SCF converged
<Jan23-2022> <03:24:58>      9      0.00000214      0.00000017      0.0
<Jan23-2022> <03:25:19>  >>>> TOTEN
<Jan23-2022> <03:26:11>  >>>> POPAN
<Jan23-2022> <03:26:11>  >>>> DEBYE
<Jan23-2022> <03:26:11>  >>>> ENGRAD
<Jan23-2022> <03:27:36>  current energy                               -3.21945093 Hartree
<Jan23-2022> <03:27:36>  energy change                      -0.00000398     0.00016000    T
<Jan23-2022> <03:27:36>  constrained gradient max            0.00141099     0.00100000    F
<Jan23-2022> <03:27:36>  constrained gradient rms            0.00026803     0.00066667    T
<Jan23-2022> <03:27:36>  gradient max                        0.00141099
<Jan23-2022> <03:27:36>  gradient rms                        0.00026803
<Jan23-2022> <03:27:36>  cart. step max                      0.00811722     0.01000000    T
<Jan23-2022> <03:27:36>  cart. step rms                      0.00216763     0.00666667    T
<Jan23-2022> <03:27:36>  Iteration 7
<Jan23-2022> <03:27:37>  *** GOStep7 ***
<Jan23-2022> <03:27:37>  >>>> FRAGM
<Jan23-2022> <03:27:38>  Coordinates
<Jan23-2022> <03:27:38>     Atom         X           Y           Z   (Angstrom)
<Jan23-2022> <03:27:38>     1.H         0.292380   -1.723475    0.338216
<Jan23-2022> <03:27:38>     2.C        -0.844306    0.086819    0.943979
<Jan23-2022> <03:27:38>     3.C         0.305982   -0.632409    0.346058
<Jan23-2022> <03:27:38>     4.C         1.451185    0.003553   -0.239037
<Jan23-2022> <03:27:38>     5.O         1.619795    1.230438   -0.301635
<Jan23-2022> <03:27:38>     6.H        -0.653803    1.163379    0.920415
<Jan23-2022> <03:27:38>     7.H        -1.409502   -1.448069    2.407355
<Jan23-2022> <03:27:38>     8.C        -1.187757   -0.376218    2.372903
<Jan23-2022> <03:27:38>     9.H        -0.357816   -0.178838    3.058256
<Jan23-2022> <03:27:38>    10.H        -2.066652    0.162246    2.740781
<Jan23-2022> <03:27:38>    11.H        -1.725963   -0.092650    0.305448
<Jan23-2022> <03:27:38>    12.H         2.218406   -0.683650   -0.657133
<Jan23-2022> <03:27:38>    13.B         2.019414    4.479786   -0.177769
<Jan23-2022> <03:27:38>    14.F         1.816584    4.472800    1.132472
<Jan23-2022> <03:27:38>    15.F         0.997029    4.657663   -1.002002
<Jan23-2022> <03:27:38>    16.F         3.248737    4.375445   -0.658004
<Jan23-2022> <03:27:38>  >>>> CORORT
<Jan23-2022> <03:27:38>  >>>> CLSMAT
<Jan23-2022> <03:27:38>  >>>> ORTHON
<Jan23-2022> <03:27:38>  >>>> GENPT
<Jan23-2022> <03:27:38>  Block Length= 128
<Jan23-2022> <03:27:39>  >>>> PTBAS
<Jan23-2022> <03:27:57>  >>>> CYCLE
<Jan23-2022> <03:28:24>  using orbital data from restart file
<Jan23-2022> <03:28:58>              |Error|         MaxErr       Wt(A-DIIS)
<Jan23-2022> <03:28:58>      1      0.01407745      0.00239458
<Jan23-2022> <03:29:51>      2      0.00079507      0.00006293    100.0
<Jan23-2022> <03:30:42>      3      0.00049482      0.00003312    100.0
<Jan23-2022> <03:31:34>      4      0.00039563      0.00003635      0.0
<Jan23-2022> <03:32:24>      5      0.00018612      0.00001897      0.0
<Jan23-2022> <03:33:16>      6      0.00003876      0.00000234      0.0
<Jan23-2022> <03:34:07>      7      0.00001683      0.00000102      0.0
<Jan23-2022> <03:35:00>      8      0.00000634      0.00000044      0.0
<Jan23-2022> <03:35:18>  SCF converged
<Jan23-2022> <03:35:52>      9      0.00000233      0.00000021      0.0
<Jan23-2022> <03:36:11>  >>>> TOTEN
<Jan23-2022> <03:37:03>  >>>> POPAN
<Jan23-2022> <03:37:03>  >>>> DEBYE
<Jan23-2022> <03:37:04>  >>>> ENGRAD
<Jan23-2022> <03:38:28>  current energy                               -3.21945399 Hartree
<Jan23-2022> <03:38:28>  energy change                      -0.00000305     0.00016000    T
<Jan23-2022> <03:38:28>  constrained gradient max            0.00143566     0.00100000    F
<Jan23-2022> <03:38:28>  constrained gradient rms            0.00025667     0.00066667    T
<Jan23-2022> <03:38:28>  gradient max                        0.00143566
<Jan23-2022> <03:38:28>  gradient rms                        0.00025667
<Jan23-2022> <03:38:28>  cart. step max                      0.04449614     0.01000000    F
<Jan23-2022> <03:38:28>  cart. step rms                      0.01182284     0.00666667    F
<Jan23-2022> <03:38:28>  Iteration 8
<Jan23-2022> <03:38:29>  *** GOStep8 ***
<Jan23-2022> <03:38:29>  >>>> FRAGM
<Jan23-2022> <03:38:29>  Coordinates
<Jan23-2022> <03:38:29>     Atom         X           Y           Z   (Angstrom)
<Jan23-2022> <03:38:29>     1.H         0.283583   -1.721086    0.328767
<Jan23-2022> <03:38:29>     2.C        -0.839359    0.094621    0.943620
<Jan23-2022> <03:38:29>     3.C         0.304559   -0.630224    0.340844
<Jan23-2022> <03:38:29>     4.C         1.454423   -0.001137   -0.243439
<Jan23-2022> <03:38:29>     5.O         1.630891    1.224691   -0.303562
<Jan23-2022> <03:38:29>     6.H        -0.643442    1.170199    0.920207
<Jan23-2022> <03:38:29>     7.H        -1.406928   -1.437642    2.408481
<Jan23-2022> <03:38:29>     8.C        -1.179308   -0.367057    2.373613
<Jan23-2022> <03:38:29>     9.H        -0.345543   -0.174850    3.055857
<Jan23-2022> <03:38:29>    10.H        -2.053553    0.176282    2.745260
<Jan23-2022> <03:38:29>    11.H        -1.723458   -0.079800    0.309094
<Jan23-2022> <03:38:29>    12.H         2.212692   -0.692462   -0.667402
<Jan23-2022> <03:38:29>    13.B         2.006414    4.467151   -0.171732
<Jan23-2022> <03:38:29>    14.F         1.772087    4.453204    1.133043
<Jan23-2022> <03:38:29>    15.F         1.002500    4.636222   -1.019931
<Jan23-2022> <03:38:29>    16.F         3.248153    4.378708   -0.622415
<Jan23-2022> <03:38:29>  >>>> CORORT
<Jan23-2022> <03:38:30>  >>>> CLSMAT
<Jan23-2022> <03:38:30>  >>>> ORTHON
<Jan23-2022> <03:38:30>  >>>> GENPT
<Jan23-2022> <03:38:30>  Block Length= 128
<Jan23-2022> <03:38:31>  >>>> PTBAS
<Jan23-2022> <03:38:49>  >>>> CYCLE
<Jan23-2022> <03:39:17>  using orbital data from restart file
<Jan23-2022> <03:39:50>              |Error|         MaxErr       Wt(A-DIIS)
<Jan23-2022> <03:39:50>      1      0.07694013      0.01326935
<Jan23-2022> <03:40:42>      2      0.00382981      0.00029951    100.0
<Jan23-2022> <03:41:34>      3      0.00250819      0.00020845    100.0
<Jan23-2022> <03:42:27>      4      0.00171725      0.00013956      0.0
<Jan23-2022> <03:43:18>      5      0.00077632      0.00007397      0.0
<Jan23-2022> <03:44:10>      6      0.00020749      0.00001246      0.0
<Jan23-2022> <03:45:02>      7      0.00006077      0.00000345      0.0
<Jan23-2022> <03:45:53>      8      0.00002819      0.00000218      0.0
<Jan23-2022> <03:46:44>      9      0.00000929      0.00000095      0.0
<Jan23-2022> <03:47:02>  SCF converged
<Jan23-2022> <03:47:35>     10      0.00000482      0.00000063      0.0
<Jan23-2022> <03:47:54>  >>>> TOTEN
<Jan23-2022> <03:48:47>  >>>> POPAN
<Jan23-2022> <03:48:47>  >>>> DEBYE
<Jan23-2022> <03:48:47>  >>>> ENGRAD
<Jan23-2022> <03:50:12>  current energy                               -3.21946533 Hartree
<Jan23-2022> <03:50:12>  energy change                      -0.00001134     0.00016000    T
<Jan23-2022> <03:50:12>  constrained gradient max            0.00263745     0.00100000    F
<Jan23-2022> <03:50:12>  constrained gradient rms            0.00062602     0.00066667    T
<Jan23-2022> <03:50:12>  gradient max                        0.00263745
<Jan23-2022> <03:50:12>  gradient rms                        0.00062602
<Jan23-2022> <03:50:12>  cart. step max                      0.08734553     0.01000000    F
<Jan23-2022> <03:50:12>  cart. step rms                      0.02364351     0.00666667    F
<Jan23-2022> <03:50:12>  Iteration 9
<Jan23-2022> <03:50:13>  *** GOStep9 ***
<Jan23-2022> <03:50:14>  >>>> FRAGM
<Jan23-2022> <03:50:14>  Coordinates
<Jan23-2022> <03:50:14>     Atom         X           Y           Z   (Angstrom)
<Jan23-2022> <03:50:14>     1.H         0.265947   -1.716555    0.310684
<Jan23-2022> <03:50:14>     2.C        -0.829459    0.110212    0.942111
<Jan23-2022> <03:50:14>     3.C         0.301710   -0.626220    0.330101
<Jan23-2022> <03:50:14>     4.C         1.459578   -0.010327   -0.253694
<Jan23-2022> <03:50:14>     5.O         1.653144    1.213099   -0.307126
<Jan23-2022> <03:50:14>     6.H        -0.622852    1.183739    0.917584
<Jan23-2022> <03:50:14>     7.H        -1.400869   -1.415675    2.411883
<Jan23-2022> <03:50:14>     8.C        -1.161918   -0.347654    2.374901
<Jan23-2022> <03:50:14>     9.H        -0.320355   -0.164676    3.050140
<Jan23-2022> <03:50:14>    10.H        -2.026862    0.205356    2.753857
<Jan23-2022> <03:50:14>    11.H        -1.719684   -0.055255    0.315583
<Jan23-2022> <03:50:14>    12.H         2.203166   -0.710015   -0.686861
<Jan23-2022> <03:50:14>    13.B         1.979968    4.440768   -0.158805
<Jan23-2022> <03:50:14>    14.F         1.684742    4.411361    1.133076
<Jan23-2022> <03:50:14>    15.F         1.013882    4.593406   -1.052434
<Jan23-2022> <03:50:14>    16.F         3.243575    4.385256   -0.550698
<Jan23-2022> <03:50:14>  >>>> CORORT
<Jan23-2022> <03:50:14>  >>>> CLSMAT
<Jan23-2022> <03:50:14>  >>>> ORTHON
<Jan23-2022> <03:50:14>  >>>> GENPT
<Jan23-2022> <03:50:15>  Block Length= 128
<Jan23-2022> <03:50:16>  >>>> PTBAS
<Jan23-2022> <03:50:33>  >>>> CYCLE
<Jan23-2022> <03:51:02>  using orbital data from restart file
<Jan23-2022> <03:51:35>              |Error|         MaxErr       Wt(A-DIIS)
<Jan23-2022> <03:51:35>      1      0.15175797      0.02568828
<Jan23-2022> <03:52:27>      2      0.00893003      0.00078911    100.0
<Jan23-2022> <03:53:19>      3      0.01198849      0.00150137    100.0
<Jan23-2022> <03:54:11>      4      0.00645835      0.00086596      0.0
<Jan23-2022> <03:55:03>      5      0.00132870      0.00011290      0.0
<Jan23-2022> <03:55:55>      6      0.00053698      0.00004932      0.0
<Jan23-2022> <03:56:47>      7      0.00009971      0.00000955      0.0
<Jan23-2022> <03:57:38>      8      0.00006326      0.00000819      0.0
<Jan23-2022> <03:58:30>      9      0.00001547      0.00000173      0.0
<Jan23-2022> <03:59:21>     10      0.00000689      0.00000046      0.0
<Jan23-2022> <03:59:39>  SCF converged
<Jan23-2022> <04:00:12>     11      0.00000155      0.00000011      0.0
<Jan23-2022> <04:00:31>  >>>> TOTEN
<Jan23-2022> <04:01:24>  >>>> POPAN
<Jan23-2022> <04:01:24>  >>>> DEBYE
<Jan23-2022> <04:01:24>  >>>> ENGRAD
<Jan23-2022> <04:02:49>  current energy                               -3.21948289 Hartree
<Jan23-2022> <04:02:49>  energy change                      -0.00001756     0.00016000    T
<Jan23-2022> <04:02:49>  constrained gradient max            0.00468503     0.00100000    F
<Jan23-2022> <04:02:49>  constrained gradient rms            0.00105042     0.00066667    F
<Jan23-2022> <04:02:49>  gradient max                        0.00468503
<Jan23-2022> <04:02:49>  gradient rms                        0.00105042
<Jan23-2022> <04:02:49>  cart. step max                      0.17909835     0.01000000    F
<Jan23-2022> <04:02:49>  cart. step rms                      0.04965708     0.00666667    F
<Jan23-2022> <04:02:49>  Iteration 10
<Jan23-2022> <04:02:50>  *** GOStep10 ***
<Jan23-2022> <04:02:51>  >>>> FRAGM
<Jan23-2022> <04:02:51>  Coordinates
<Jan23-2022> <04:02:51>     Atom         X           Y           Z   (Angstrom)
<Jan23-2022> <04:02:51>     1.H         0.226099   -1.703991    0.270841
<Jan23-2022> <04:02:51>     2.C        -0.807395    0.145333    0.939870
<Jan23-2022> <04:02:51>     3.C         0.295468   -0.615726    0.307460
<Jan23-2022> <04:02:51>     4.C         1.470058   -0.028023   -0.273408
<Jan23-2022> <04:02:51>     5.O         1.703336    1.188972   -0.307967
<Jan23-2022> <04:02:51>     6.H        -0.575809    1.213710    0.916031
<Jan23-2022> <04:02:51>     7.H        -1.390276   -1.370857    2.415296
<Jan23-2022> <04:02:51>     8.C        -1.125892   -0.308907    2.376991
<Jan23-2022> <04:02:51>     9.H        -0.268513   -0.148745    3.038018
<Jan23-2022> <04:02:51>    10.H        -1.970187    0.264154    2.772304
<Jan23-2022> <04:02:51>    11.H        -1.711263    0.002302    0.328741
<Jan23-2022> <04:02:51>    12.H         2.185808   -0.744669   -0.723721
<Jan23-2022> <04:02:51>    13.B         1.923208    4.383292   -0.134363
<Jan23-2022> <04:02:51>    14.F         1.505644    4.319148    1.121463
<Jan23-2022> <04:02:51>    15.F         1.042502    4.501598   -1.115984
<Jan23-2022> <04:02:51>    16.F         3.220926    4.399228   -0.401270
<Jan23-2022> <04:02:51>  >>>> CORORT
<Jan23-2022> <04:02:52>  >>>> CLSMAT
<Jan23-2022> <04:02:52>  >>>> ORTHON
<Jan23-2022> <04:02:52>  >>>> GENPT
<Jan23-2022> <04:02:52>  Block Length= 128
<Jan23-2022> <04:02:53>  >>>> PTBAS
<Jan23-2022> <04:03:11>  >>>> CYCLE
<Jan23-2022> <04:03:39>  using orbital data from restart file
<Jan23-2022> <04:04:13>              |Error|         MaxErr       Wt(A-DIIS)
<Jan23-2022> <04:04:13>      1      0.31864170      0.05284214
<Jan23-2022> <04:05:06>      2      0.03005458      0.00282790    100.0
<Jan23-2022> <04:05:59>      3      0.04361836      0.00503539    100.0
<Jan23-2022> <04:06:52>      4      0.01974349      0.00249204      1.5
<Jan23-2022> <04:07:44>      5      0.00366471      0.00034174      0.0
<Jan23-2022> <04:08:36>      6      0.00151258      0.00020038      0.0
<Jan23-2022> <04:09:29>      7      0.00028159      0.00002877      0.0
<Jan23-2022> <04:10:20>      8      0.00017811      0.00002198      0.0
<Jan23-2022> <04:11:12>      9      0.00003525      0.00000301      0.0
<Jan23-2022> <04:12:04>     10      0.00001890      0.00000169      0.0
<Jan23-2022> <04:12:56>     11      0.00000329      0.00000022      0.0
<Jan23-2022> <04:13:15>  SCF converged
<Jan23-2022> <04:13:48>     12      0.00000209      0.00000011      0.0
<Jan23-2022> <04:14:10>  >>>> TOTEN
<Jan23-2022> <04:15:02>  >>>> POPAN
<Jan23-2022> <04:15:02>  >>>> DEBYE
<Jan23-2022> <04:15:02>  >>>> ENGRAD
<Jan23-2022> <04:16:28>  current energy                               -3.21951527 Hartree
<Jan23-2022> <04:16:28>  energy change                      -0.00003238     0.00016000    T
<Jan23-2022> <04:16:28>  constrained gradient max            0.00609367     0.00100000    F
<Jan23-2022> <04:16:28>  constrained gradient rms            0.00140879     0.00066667    F
<Jan23-2022> <04:16:28>  gradient max                        0.00609367
<Jan23-2022> <04:16:28>  gradient rms                        0.00140879
<Jan23-2022> <04:16:28>  cart. step max                      0.21559895     0.01000000    F
<Jan23-2022> <04:16:28>  cart. step rms                      0.06240869     0.00666667    F
<Jan23-2022> <04:16:28>  Iteration 11
<Jan23-2022> <04:16:28>  *** GOStep11 ***
<Jan23-2022> <04:16:30>  >>>> FRAGM
<Jan23-2022> <04:16:30>  Coordinates
<Jan23-2022> <04:16:30>     Atom         X           Y           Z   (Angstrom)
<Jan23-2022> <04:16:30>     1.H         0.169243   -1.678864    0.213051
<Jan23-2022> <04:16:30>     2.C        -0.776377    0.194516    0.942572
<Jan23-2022> <04:16:30>     3.C         0.286970   -0.596162    0.279795
<Jan23-2022> <04:16:30>     4.C         1.484945   -0.045674   -0.290224
<Jan23-2022> <04:16:30>     5.O         1.773516    1.159846   -0.291462
<Jan23-2022> <04:16:30>     6.H        -0.506549    1.253997    0.931422
<Jan23-2022> <04:16:30>     7.H        -1.386718   -1.321928    2.407266
<Jan23-2022> <04:16:30>     8.C        -1.084246   -0.269876    2.379160
<Jan23-2022> <04:16:30>     9.H        -0.209197   -0.150960    3.025532
<Jan23-2022> <04:16:30>    10.H        -1.899274    0.327760    2.798816
<Jan23-2022> <04:16:30>    11.H        -1.696142    0.092287    0.347093
<Jan23-2022> <04:16:30>    12.H         2.166512   -0.781427   -0.762746
<Jan23-2022> <04:16:30>    13.B         1.851408    4.309788   -0.114452
<Jan23-2022> <04:16:30>    14.F         1.290045    4.202620    1.079917
<Jan23-2022> <04:16:30>    15.F         1.090390    4.382695   -1.193777
<Jan23-2022> <04:16:30>    16.F         3.169187    4.418203   -0.221658
<Jan23-2022> <04:16:30>  >>>> CORORT
<Jan23-2022> <04:16:30>  >>>> CLSMAT
<Jan23-2022> <04:16:30>  >>>> ORTHON
<Jan23-2022> <04:16:31>  >>>> GENPT
<Jan23-2022> <04:16:31>  Block Length= 128
<Jan23-2022> <04:16:32>  >>>> PTBAS
<Jan23-2022> <04:16:50>  >>>> CYCLE
<Jan23-2022> <04:17:18>  using orbital data from restart file
<Jan23-2022> <04:17:52>              |Error|         MaxErr       Wt(A-DIIS)
<Jan23-2022> <04:17:52>      1      0.40659473      0.06722744
<Jan23-2022> <04:18:45>      2      0.04641195      0.00422413    100.0
<Jan23-2022> <04:19:37>      3      0.07003371      0.00839510    100.0
<Jan23-2022> <04:20:30>      4      0.02895273      0.00347501      2.5
<Jan23-2022> <04:21:22>      5      0.00583272      0.00054873      0.0
<Jan23-2022> <04:22:14>      6      0.00209307      0.00029003      0.0
<Jan23-2022> <04:23:06>      7      0.00050568      0.00005263      0.0
<Jan23-2022> <04:23:57>      8      0.00023922      0.00002512      0.0
<Jan23-2022> <04:24:49>      9      0.00007160      0.00000679      0.0
<Jan23-2022> <04:25:41>     10      0.00002969      0.00000255      0.0
<Jan23-2022> <04:26:33>     11      0.00000498      0.00000040      0.0
<Jan23-2022> <04:26:52>  SCF converged
<Jan23-2022> <04:27:26>     12      0.00000303      0.00000018      0.0
<Jan23-2022> <04:27:45>  >>>> TOTEN
<Jan23-2022> <04:28:38>  >>>> POPAN
<Jan23-2022> <04:28:38>  >>>> DEBYE
<Jan23-2022> <04:28:38>  >>>> ENGRAD
<Jan23-2022> <04:30:05>  current energy                               -3.21951175 Hartree
<Jan23-2022> <04:30:05>  energy change                       0.00000352     0.00016000    T
<Jan23-2022> <04:30:05>  constrained gradient max            0.00600099     0.00100000    F
<Jan23-2022> <04:30:05>  constrained gradient rms            0.00171017     0.00066667    F
<Jan23-2022> <04:30:05>  gradient max                        0.00600099
<Jan23-2022> <04:30:05>  gradient rms                        0.00171017
<Jan23-2022> <04:30:05>  cart. step max                      0.05173314     0.01000000    F
<Jan23-2022> <04:30:05>  cart. step rms                      0.01569992     0.00666667    F
<Jan23-2022> <04:30:05>  Iteration 12
<Jan23-2022> <04:30:06>  *** GOStep12 ***
<Jan23-2022> <04:30:06>  >>>> FRAGM
<Jan23-2022> <04:30:06>  Coordinates
<Jan23-2022> <04:30:06>     Atom         X           Y           Z   (Angstrom)
<Jan23-2022> <04:30:06>     1.H         0.184003   -1.686571    0.229203
<Jan23-2022> <04:30:06>     2.C        -0.785138    0.181391    0.941663
<Jan23-2022> <04:30:06>     3.C         0.288849   -0.601931    0.286484
<Jan23-2022> <04:30:06>     4.C         1.478218   -0.040010   -0.288710
<Jan23-2022> <04:30:06>     5.O         1.752577    1.169034   -0.297811
<Jan23-2022> <04:30:06>     6.H        -0.525602    1.243357    0.926270
<Jan23-2022> <04:30:06>     7.H        -1.385378   -1.334926    2.411221
<Jan23-2022> <04:30:06>     8.C        -1.094068   -0.279804    2.379448
<Jan23-2022> <04:30:06>     9.H        -0.222852   -0.148241    3.028425
<Jan23-2022> <04:30:06>    10.H        -1.917301    0.310834    2.793104
<Jan23-2022> <04:30:06>    11.H        -1.702910    0.067297    0.342663
<Jan23-2022> <04:30:06>    12.H         2.173270   -0.770739   -0.753108
<Jan23-2022> <04:30:06>    13.B         1.870987    4.328313   -0.119169
<Jan23-2022> <04:30:06>    14.F         1.341778    4.232989    1.092417
<Jan23-2022> <04:30:06>    15.F         1.081797    4.413449   -1.179794
<Jan23-2022> <04:30:06>    16.F         3.185482    4.412379   -0.262003
<Jan23-2022> <04:30:06>  >>>> CORORT
<Jan23-2022> <04:30:07>  >>>> CLSMAT
<Jan23-2022> <04:30:07>  >>>> ORTHON
<Jan23-2022> <04:30:07>  >>>> GENPT
<Jan23-2022> <04:30:07>  Block Length= 128
<Jan23-2022> <04:30:09>  >>>> PTBAS
<Jan23-2022> <04:30:27>  >>>> CYCLE
<Jan23-2022> <04:30:54>  using orbital data from restart file
<Jan23-2022> <04:31:28>              |Error|         MaxErr       Wt(A-DIIS)
<Jan23-2022> <04:31:28>      1      0.09743094      0.01516881
<Jan23-2022> <04:32:20>      2      0.00526424      0.00042179    100.0
<Jan23-2022> <04:33:12>      3      0.00473329      0.00029832    100.0
<Jan23-2022> <04:34:05>      4      0.00219477      0.00014833      0.0
<Jan23-2022> <04:34:56>      5      0.00041261      0.00002814      0.0
<Jan23-2022> <04:35:48>      6      0.00022809      0.00001262      0.0
<Jan23-2022> <04:36:40>      7      0.00013892      0.00001884      0.0
<Jan23-2022> <04:37:32>      8      0.00006991      0.00000969      0.0
<Jan23-2022> <04:38:23>      9      0.00001432      0.00000188      0.0
<Jan23-2022> <04:39:16>     10      0.00000747      0.00000096      0.0
<Jan23-2022> <04:39:36>  SCF converged
<Jan23-2022> <04:40:10>     11      0.00000155      0.00000015      0.0
<Jan23-2022> <04:40:29>  >>>> TOTEN
<Jan23-2022> <04:41:22>  >>>> POPAN
<Jan23-2022> <04:41:22>  >>>> DEBYE
<Jan23-2022> <04:41:22>  >>>> ENGRAD
<Jan23-2022> <04:42:49>  current energy                               -3.21954265 Hartree
<Jan23-2022> <04:42:49>  energy change                      -0.00003090     0.00016000    T
<Jan23-2022> <04:42:49>  constrained gradient max            0.00313212     0.00100000    F
<Jan23-2022> <04:42:49>  constrained gradient rms            0.00071199     0.00066667    F
<Jan23-2022> <04:42:49>  gradient max                        0.00313212
<Jan23-2022> <04:42:49>  gradient rms                        0.00071199
<Jan23-2022> <04:42:49>  cart. step max                      0.00803842     0.01000000    T
<Jan23-2022> <04:42:49>  cart. step rms                      0.00338425     0.00666667    T
<Jan23-2022> <04:42:49>  Iteration 13
<Jan23-2022> <04:42:49>  *** GOStep13 ***
<Jan23-2022> <04:42:50>  >>>> FRAGM
<Jan23-2022> <04:42:50>  Coordinates
<Jan23-2022> <04:42:50>     Atom         X           Y           Z   (Angstrom)
<Jan23-2022> <04:42:50>     1.H         0.181396   -1.685913    0.228839
<Jan23-2022> <04:42:50>     2.C        -0.781980    0.185112    0.941120
<Jan23-2022> <04:42:50>     3.C         0.289795   -0.601532    0.285449
<Jan23-2022> <04:42:50>     4.C         1.478593   -0.041645   -0.291010
<Jan23-2022> <04:42:50>     5.O         1.756248    1.166878   -0.298427
<Jan23-2022> <04:42:50>     6.H        -0.518627    1.246090    0.926666
<Jan23-2022> <04:42:50>     7.H        -1.386422   -1.331075    2.409784
<Jan23-2022> <04:42:50>     8.C        -1.092502   -0.276636    2.378923
<Jan23-2022> <04:42:50>     9.H        -0.220943   -0.147342    3.027767
<Jan23-2022> <04:42:50>    10.H        -1.914504    0.315652    2.792804
<Jan23-2022> <04:42:50>    11.H        -1.701270    0.074383    0.341780
<Jan23-2022> <04:42:50>    12.H         2.175409   -0.773384   -0.754303
<Jan23-2022> <04:42:50>    13.B         1.865885    4.322827   -0.116941
<Jan23-2022> <04:42:50>    14.F         1.334735    4.224951    1.094166
<Jan23-2022> <04:42:50>    15.F         1.078026    4.406334   -1.179295
<Jan23-2022> <04:42:50>    16.F         3.179871    4.412119   -0.257019
<Jan23-2022> <04:42:50>  >>>> CORORT
<Jan23-2022> <04:42:50>  >>>> CLSMAT
<Jan23-2022> <04:42:51>  >>>> ORTHON
<Jan23-2022> <04:42:51>  >>>> GENPT
<Jan23-2022> <04:42:51>  Block Length= 128
<Jan23-2022> <04:42:52>  >>>> PTBAS
<Jan23-2022> <04:43:10>  >>>> CYCLE
<Jan23-2022> <04:43:38>  using orbital data from restart file
<Jan23-2022> <04:44:11>              |Error|         MaxErr       Wt(A-DIIS)
<Jan23-2022> <04:44:11>      1      0.01403838      0.00216760
<Jan23-2022> <04:45:04>      2      0.00144979      0.00009545    100.0
<Jan23-2022> <04:45:56>      3      0.00227982      0.00016163    100.0
<Jan23-2022> <04:46:49>      4      0.00067396      0.00008010      0.0
<Jan23-2022> <04:47:42>      5      0.00030403      0.00004127      0.0
<Jan23-2022> <04:48:33>      6      0.00006315      0.00000644      0.0
<Jan23-2022> <04:49:26>      7      0.00003281      0.00000373      0.0
<Jan23-2022> <04:50:18>      8      0.00001349      0.00000103      0.0
<Jan23-2022> <04:51:10>      9      0.00000383      0.00000031      0.0
<Jan23-2022> <04:51:29>  SCF converged
<Jan23-2022> <04:52:03>     10      0.00000195      0.00000011      0.0
<Jan23-2022> <04:52:22>  >>>> TOTEN
<Jan23-2022> <04:53:14>  >>>> POPAN
<Jan23-2022> <04:53:14>  >>>> DEBYE
<Jan23-2022> <04:53:15>  >>>> ENGRAD
<Jan23-2022> <04:54:42>  current energy                               -3.21954956 Hartree
<Jan23-2022> <04:54:42>  energy change                      -0.00000690     0.00016000    T
<Jan23-2022> <04:54:42>  constrained gradient max            0.00067373     0.00100000    T
<Jan23-2022> <04:54:42>  constrained gradient rms            0.00022453     0.00066667    T
<Jan23-2022> <04:54:42>  gradient max                        0.00067373
<Jan23-2022> <04:54:42>  gradient rms                        0.00022453
<Jan23-2022> <04:54:42>  cart. step max                      0.00807652     0.01000000    T
<Jan23-2022> <04:54:42>  cart. step rms                      0.00335106     0.00666667    T
<Jan23-2022> <04:54:42>  Geometry optimization converged
<Jan23-2022> <04:54:43>  *** adf ***
<Jan23-2022> <04:54:43>  Net Charge: 0 (Nuclei minus Electrons)
<Jan23-2022> <04:54:43>  Spin polar: 1 (Spin_A minus Spin_B electrons)
<Jan23-2022> <04:54:43>  Symmetry  : NOSYM
<Jan23-2022> <04:54:43>  >>>> FRAGM
<Jan23-2022> <04:54:43>  Coordinates
<Jan23-2022> <04:54:43>     Atom         X           Y           Z   (Angstrom)
<Jan23-2022> <04:54:43>     1.H         0.181396   -1.685913    0.228839
<Jan23-2022> <04:54:43>     2.C        -0.781980    0.185112    0.941120
<Jan23-2022> <04:54:43>     3.C         0.289795   -0.601532    0.285449
<Jan23-2022> <04:54:43>     4.C         1.478593   -0.041645   -0.291010
<Jan23-2022> <04:54:43>     5.O         1.756248    1.166878   -0.298427
<Jan23-2022> <04:54:43>     6.H        -0.518627    1.246090    0.926666
<Jan23-2022> <04:54:43>     7.H        -1.386422   -1.331075    2.409784
<Jan23-2022> <04:54:43>     8.C        -1.092502   -0.276636    2.378923
<Jan23-2022> <04:54:43>     9.H        -0.220943   -0.147342    3.027767
<Jan23-2022> <04:54:43>    10.H        -1.914504    0.315652    2.792804
<Jan23-2022> <04:54:43>    11.H        -1.701270    0.074383    0.341780
<Jan23-2022> <04:54:43>    12.H         2.175409   -0.773384   -0.754303
<Jan23-2022> <04:54:43>    13.B         1.865885    4.322827   -0.116941
<Jan23-2022> <04:54:43>    14.F         1.334735    4.224951    1.094166
<Jan23-2022> <04:54:43>    15.F         1.078026    4.406334   -1.179295
<Jan23-2022> <04:54:43>    16.F         3.179871    4.412119   -0.257019
<Jan23-2022> <04:54:43>  >>>> CORORT
<Jan23-2022> <04:54:43>  >>>> CLSMAT
<Jan23-2022> <04:54:43>  >>>> ORTHON
<Jan23-2022> <04:54:44>  >>>> GENPT
<Jan23-2022> <04:54:44>  Block Length= 128
<Jan23-2022> <04:54:45>  >>>> PTBAS
<Jan23-2022> <04:55:03>  >>>> CYCLE
<Jan23-2022> <04:55:31>  using orbital data from restart file
<Jan23-2022> <04:56:06>              |Error|         MaxErr       Wt(A-DIIS)
<Jan23-2022> <04:56:06>      1      0.00000053      0.00000005
<Jan23-2022> <04:56:59>      2      0.00000086      0.00000010    100.0
<Jan23-2022> <04:57:18>  SCF converged
<Jan23-2022> <04:57:52>      3      0.00000037      0.00000004    100.0
<Jan23-2022> <04:58:38>  >>>> TOTEN
<Jan23-2022> <05:00:13>  >>>> POPAN
<Jan23-2022> <05:00:13>  >>>> DEBYE
<Jan23-2022> <05:00:13>  >>>> AMETS
<Jan23-2022> <05:00:13>   Bond Energy          -3.21954956 a.u.
<Jan23-2022> <05:00:13>   Bond Energy         -87.60840103 eV
<Jan23-2022> <05:00:13>   Bond Energy       -2020.30       kcal/mol
<Jan23-2022> <05:00:13>  >>>> POPUL
<Jan23-2022> <05:00:13>  >>>> ENGRAD
<Jan23-2022> <05:01:40>  >>>> ENHESS
<Jan23-2022> <05:02:11>  === NUCLEUS:     1
<Jan23-2022> <05:28:50>  === NUCLEUS:     2
<Jan23-2022> <05:52:41>  === NUCLEUS:     3
<Jan23-2022> <06:16:38>  === NUCLEUS:     4
<Jan23-2022> <06:40:04>  === NUCLEUS:     5
<Jan23-2022> <07:03:24>  === NUCLEUS:     6
<Jan23-2022> <07:28:41>  === NUCLEUS:     7
<Jan23-2022> <07:52:38>  === NUCLEUS:     8
<Jan23-2022> <08:20:04>  === NUCLEUS:     9
<Jan23-2022> <08:48:02>  === NUCLEUS:    10
<Jan23-2022> <09:16:05>  === NUCLEUS:    11
<Jan23-2022> <09:42:54>  === NUCLEUS:    12
<Jan23-2022> <10:10:09>  === NUCLEUS:    13
<Jan23-2022> <10:33:29>  === NUCLEUS:    14
<Jan23-2022> <10:56:44>  === NUCLEUS:    15
<Jan23-2022> <11:18:40>  === NUCLEUS:    16
<Jan23-2022> <11:40:30>  >>>> CALC_HESS_PMAT
<Jan23-2022> <11:44:26>  >>>> CALC_HESS_WMAT
<Jan23-2022> <11:44:53>  Scanning mode: 7
<Jan23-2022> <11:44:54>  *** SCANMODE_forward_adf_ScanMode_7 ***
<Jan23-2022> <11:44:54>  >>>> FRAGM
<Jan23-2022> <11:44:54>  Coordinates
<Jan23-2022> <11:44:54>     Atom         X           Y           Z   (Angstrom)
<Jan23-2022> <11:44:54>     1.H         0.181302   -1.685878    0.228764
<Jan23-2022> <11:44:54>     2.C        -0.781946    0.185155    0.941198
<Jan23-2022> <11:44:54>     3.C         0.289752   -0.601505    0.285420
<Jan23-2022> <11:44:54>     4.C         1.478538   -0.041642   -0.291089
<Jan23-2022> <11:44:54>     5.O         1.756246    1.166869   -0.298467
<Jan23-2022> <11:44:54>     6.H        -0.518543    1.246120    0.926786
<Jan23-2022> <11:44:54>     7.H        -1.386372   -1.331084    2.409816
<Jan23-2022> <11:44:54>     8.C        -1.092403   -0.276658    2.378995
<Jan23-2022> <11:44:54>     9.H        -0.220800   -0.147442    3.027793
<Jan23-2022> <11:44:54>    10.H        -1.914352    0.315647    2.792958
<Jan23-2022> <11:44:54>    11.H        -1.701276    0.074501    0.341907
<Jan23-2022> <11:44:54>    12.H         2.175291   -0.773390   -0.754462
<Jan23-2022> <11:44:54>    13.B         1.865877    4.322820   -0.116943
<Jan23-2022> <11:44:54>    14.F         1.334606    4.224943    1.094111
<Jan23-2022> <11:44:54>    15.F         1.078123    4.406337   -1.179374
<Jan23-2022> <11:44:54>    16.F         3.179878    4.412102   -0.256889
<Jan23-2022> <11:44:54>  >>>> CORORT
<Jan23-2022> <11:44:54>  >>>> CLSMAT
<Jan23-2022> <11:44:54>  >>>> ORTHON
<Jan23-2022> <11:44:54>  >>>> GENPT
<Jan23-2022> <11:44:55>  Block Length= 128
<Jan23-2022> <11:44:57>  >>>> PTBAS
<Jan23-2022> <11:45:32>  >>>> CYCLE
<Jan23-2022> <11:46:23>  using orbital data from restart file
<Jan23-2022> <11:47:29>              |Error|         MaxErr       Wt(A-DIIS)
<Jan23-2022> <11:47:29>      1      0.00035930      0.00005525
<Jan23-2022> <11:49:11>      2      0.00001947      0.00000128    100.0
<Jan23-2022> <11:50:53>      3      0.00001358      0.00000099    100.0
<Jan23-2022> <11:52:36>      4      0.00000829      0.00000052      0.0
<Jan23-2022> <11:53:14>  SCF converged
<Jan23-2022> <11:54:19>      5      0.00000534      0.00000064      0.0
<Jan23-2022> <11:54:57>  >>>> TOTEN
<Jan23-2022> <11:56:39>  >>>> POPAN
<Jan23-2022> <11:56:39>  >>>> DEBYE
<Jan23-2022> <11:56:40>  >>>> ENGRAD
<Jan23-2022> <12:18:04>  Scanning mode: 8
<Jan23-2022> <12:18:05>  *** SCANMODE_forward_adf_ScanMode_8 ***
<Jan23-2022> <12:18:05>  >>>> FRAGM
<Jan23-2022> <12:18:05>  Coordinates
<Jan23-2022> <12:18:05>     Atom         X           Y           Z   (Angstrom)
<Jan23-2022> <12:18:05>     1.H         0.181373   -1.685880    0.228889
<Jan23-2022> <12:18:05>     2.C        -0.781943    0.185211    0.941080
<Jan23-2022> <12:18:05>     3.C         0.289808   -0.601500    0.285449
<Jan23-2022> <12:18:05>     4.C         1.478629   -0.041681   -0.291030
<Jan23-2022> <12:18:05>     5.O         1.756328    1.166831   -0.298502
<Jan23-2022> <12:18:05>     6.H        -0.518561    1.246180    0.926567
<Jan23-2022> <12:18:05>     7.H        -1.386419   -1.330878    2.409833
<Jan23-2022> <12:18:05>     8.C        -1.092471   -0.276449    2.378911
<Jan23-2022> <12:18:05>     9.H        -0.220906   -0.147142    3.027743
<Jan23-2022> <12:18:05>    10.H        -1.914455    0.315885    2.792762
<Jan23-2022> <12:18:05>    11.H        -1.701238    0.074472    0.341751
<Jan23-2022> <12:18:05>    12.H         2.175420   -0.773467   -0.754286
<Jan23-2022> <12:18:05>    13.B         1.865845    4.322777   -0.116910
<Jan23-2022> <12:18:05>    14.F         1.334706    4.224841    1.094197
<Jan23-2022> <12:18:05>    15.F         1.077974    4.406293   -1.179256
<Jan23-2022> <12:18:05>    16.F         3.179826    4.412121   -0.256994
<Jan23-2022> <12:18:05>  >>>> CORORT
<Jan23-2022> <12:18:06>  >>>> CLSMAT
<Jan23-2022> <12:18:06>  >>>> ORTHON
<Jan23-2022> <12:18:06>  >>>> GENPT
<Jan23-2022> <12:18:06>  Block Length= 128
<Jan23-2022> <12:18:08>  >>>> PTBAS
<Jan23-2022> <12:18:43>  >>>> CYCLE
<Jan23-2022> <12:19:33>  using orbital data from restart file
<Jan23-2022> <12:20:39>              |Error|         MaxErr       Wt(A-DIIS)
<Jan23-2022> <12:20:39>      1      0.00021109      0.00003369
<Jan23-2022> <12:22:22>      2      0.00001448      0.00000101    100.0
<Jan23-2022> <12:24:05>      3      0.00000882      0.00000066    100.0
<Jan23-2022> <12:24:42>  SCF converged
<Jan23-2022> <12:25:47>      4      0.00000761      0.00000054      0.0
<Jan23-2022> <12:26:25>  >>>> TOTEN
<Jan23-2022> <12:28:07>  >>>> POPAN
<Jan23-2022> <12:28:07>  >>>> DEBYE
<Jan23-2022> <12:28:07>  >>>> ENGRAD
<Jan23-2022> <12:51:04>  Scanning mode: 9
<Jan23-2022> <12:51:05>  *** SCANMODE_forward_adf_ScanMode_9 ***
<Jan23-2022> <12:51:05>  >>>> FRAGM
<Jan23-2022> <12:51:05>  Coordinates
<Jan23-2022> <12:51:05>     Atom         X           Y           Z   (Angstrom)
<Jan23-2022> <12:51:05>     1.H         0.181279   -1.685854    0.228718
<Jan23-2022> <12:51:05>     2.C        -0.781949    0.185188    0.941158
<Jan23-2022> <12:51:05>     3.C         0.289759   -0.601485    0.285412
<Jan23-2022> <12:51:05>     4.C         1.478587   -0.041642   -0.291028
<Jan23-2022> <12:51:05>     5.O         1.756329    1.166862   -0.298364
<Jan23-2022> <12:51:05>     6.H        -0.518493    1.246141    0.926826
<Jan23-2022> <12:51:05>     7.H        -1.386566   -1.331108    2.409637
<Jan23-2022> <12:51:05>     8.C        -1.092540   -0.276695    2.378902
<Jan23-2022> <12:51:05>     9.H        -0.220980   -0.147564    3.027775
<Jan23-2022> <12:51:05>    10.H        -1.914490    0.315627    2.792838
<Jan23-2022> <12:51:05>    11.H        -1.701239    0.074617    0.341789
<Jan23-2022> <12:51:05>    12.H         2.175342   -0.773398   -0.754387
<Jan23-2022> <12:51:05>    13.B         1.865879    4.322819   -0.116946
<Jan23-2022> <12:51:05>    14.F         1.334750    4.224964    1.094172
<Jan23-2022> <12:51:05>    15.F         1.077999    4.406263   -1.179291
<Jan23-2022> <12:51:05>    16.F         3.179859    4.412153   -0.257047
<Jan23-2022> <12:51:05>  >>>> CORORT
<Jan23-2022> <12:51:05>  >>>> CLSMAT
<Jan23-2022> <12:51:05>  >>>> ORTHON
<Jan23-2022> <12:51:05>  >>>> GENPT
<Jan23-2022> <12:51:06>  Block Length= 128
<Jan23-2022> <12:51:08>  >>>> PTBAS
<Jan23-2022> <12:51:43>  >>>> CYCLE
<Jan23-2022> <12:52:34>  using orbital data from restart file
<Jan23-2022> <12:53:39>              |Error|         MaxErr       Wt(A-DIIS)
<Jan23-2022> <12:53:39>      1      0.00034316      0.00005503
<Jan23-2022> <12:55:20>      2      0.00001874      0.00000172    100.0
<Jan23-2022> <12:57:01>      3      0.00001350      0.00000137    100.0
<Jan23-2022> <12:58:42>      4      0.00000706      0.00000059      0.0
<Jan23-2022> <12:59:19>  SCF converged
<Jan23-2022> <13:00:24>      5      0.00000455      0.00000063      0.0
<Jan23-2022> <13:01:01>  >>>> TOTEN
<Jan23-2022> <13:02:44>  >>>> POPAN
<Jan23-2022> <13:02:44>  >>>> DEBYE
<Jan23-2022> <13:02:45>  >>>> ENGRAD
<Jan23-2022> <13:24:04>  PES point character: Geometry corresponds to a local minimum on the PES.
<Jan23-2022> <13:24:04>  Geometry optimization successful!
<Jan23-2022> <13:24:04>  WARNING: total elapsed time is much higher than the (CPU+system) time.
<Jan23-2022> <13:24:04>  Make sure the machine is not oversubscribed and has enough memory, SCM_TMPDIR points to a fast file system, and the network is fast enough.
<Jan23-2022> <13:24:04>  NORMAL TERMINATION
