

 Parallel Execution: Process Information
 ==============================================================================
 Rank   Node Name                              NodeID   MyNodeRank  NodeMaster
    0   node120                                   0          0          0
    1   node120                                   0          1         -1
    2   node120                                   0          2         -1
    3   node120                                   0          3         -1
 ==============================================================================


May use up to 122928MB of RAM as shared memory on node 0

 *******************************************************************************
 *                                                                             *
 *  --------------------------------                                           *
 *   Amsterdam Modeling Suite (AMS)              2021.102                      *
 *  --------------------------------                                           *
 *                                               r95042 2021-06-07             *
 *                                                                             *
 *                                                                             *
 *                              =================                              *
 *                              |               |                              *
 *                              |     A M S     |                              *
 *                              |               |                              *
 *                              =================                              *
 *                                                                             *
 *                                                                             *
 *   Online information and documentation:  https://www.scm.com/support/       *
 *   E-mail:  support@scm.com   info@scm.com                                   *
 *                                                                             *
 *   Scientific publications using AMS results must be properly referenced     *
 *   See the User Manuals (or the web site) for recommended citations          *
 *   The terms and conditions of the End User License Agreement apply to       *
 *   the use of AMS, https://www.scm.com/license-terms/                        *
 *                                                                             *
 **********************  x86_64_linux_intel / intelmpi  ************************
 
 Licensed to: VU/FEW (+ SARA) / ALGEMEEN / Amsterdam / THE NETHERLANDS
 SCM User ID: u7668
  
 AMS 2021.102  RunTime: Jan28-2022 07:39:21  ShM Nodes: 1  Procs: 4

 AMS jobname: 25.achiral_catalyst.H_Ph_BF3.P1
 AMS jobid  : 574338052

 Start   directory: /scistor/tc/yhk800/MasterProject/calculations/achiral_catalyst_H_Ph_BF3/25.achiral_catalyst.H_Ph_BF3.P1/
 Results directory: /scistor/tc/yhk800/MasterProject/calculations/achiral_catalyst_H_Ph_BF3/25.achiral_catalyst.H_Ph_BF3.P1/
 Scratch directory: /scratch/5298/amstmp_25.achiral_catalyst.H_Ph_BF3.P1_kid0.574338052/


 Communication costs MPI_COMM_WORLD:      1.756 usec per message,   0.0063 usec per 8-byte item
 Communication costs for intra-node:      1.681 usec per message,   0.0064 usec per 8-byte item

 RNG seed: -259018047 978446675 1028143372 107298531 -336340599 1847429240 297951666 -1475775880



                      ************************************************************************
                      *  ADF 2021.102  RunTime: Jan28-2022 07:39:22  ShM Nodes: 1  Procs: 4  *
                      ************************************************************************
  
       ***************************
       *  GEOMETRY OPTIMIZATION  *
       ***************************

Optimization Method                    Quasi Newton
Optimization Coordinates               Delocalized Coordinates
Optimize lattice                       F
 
 ------------------------------------------------------
 Convergence criteria (Hartree,Angstrom)
 ------------------------------------------------------
 Maximum gradient               0.001000000000
 Maximum rms gradient           0.000666666667
 Maximum step allowed           0.010000000000
 Maximum rms step allowed       0.006666666667
 Maximum energy change allowe   0.000260000000
 Maximum stress energy allowe   0.000500000000
 
Initial model Hessian                  Automatic Hessian
 
------------------------------------
Quasi-Newton Optimizer Parameters
------------------------------------
Hessian Update Method                  BFGS
Maximum number of steps                  250
First GDIIS cycle                          0
Maximum GDIIS vectors                      0
Trust radius (bohr)                        0.200000
Trust radius varies                        T
Constraints converged at all steps         T
Use projector                              T
 
 Rigid motions settings for: old optimizer
 Atomic rotations (x,y,z):     T T T
 Atomic translations (x,y,z):  T T T
 Tolerance:                   1.000000000000000E-006
 
--------
Geometry
--------
Formula: C10H11BF3O
Atoms
  Index Symbol   x (angstrom)   y (angstrom)   z (angstrom)
      1      H     0.30883566    -1.71322737     0.34845077
      2      C    -0.85933175     0.07325638     0.95361639
      3      C     0.30566658    -0.62207952     0.35697327
      4      C     1.44363467     0.02246096    -0.23005168
      5      O     2.41991567    -0.55928782    -0.73004528
      6      H    -0.69195270     1.15283717     0.94428296
      7      H    -2.09949902     0.10683830     2.73788510
      8      H    -0.38777363    -0.20492454     3.06899219
      9      C    -1.20706757    -0.41125312     2.37345100
     10      H    -1.40849480    -1.48746718     2.39475159
     11      C    -4.29292549    -0.66839322    -1.59666079
     12      C    -3.82114632     0.63831354    -1.41996901
     13      C    -2.71340734     0.87758301    -0.59720381
     14      C    -2.07744753    -0.18985427     0.04886961
     15      C    -2.54922669    -1.49656102    -0.12782217
     16      C    -3.65696567    -1.73583049    -0.95058737
     17      H    -4.30779978     1.45514508    -1.91436167
     18      H    -2.35238932     1.87750995    -0.46199454
     19      H    -2.06257324    -2.31339256     0.36657049
     20      H    -4.01798370    -2.73575744    -1.08579664
     21      H    -5.14059697    -0.85148861    -2.22626272
     22      H     2.13175883    -0.63340533    -0.72119785
     23      B     1.54062743     0.82456511    -0.28082009
     24      F     1.77326393     0.56217725     0.98282398
     25      F     0.47342919     0.33649303    -0.86617215
     26      F     2.37518917     1.57502504    -0.95911210
 
Total System Charge             0.00000
 
 
----------------
ADF Engine Input
----------------
 
 NumericalQuality VeryGood
 SCF
 Converge 1.0e-6
 Iterations 99
 End
 SYMMETRY NOSYM
 SpinPolarization 1.0
 Unrestricted Yes
 XC
 GGA OLYP
 End
 basis
 core None
 type TZ2P
 End
 

 Title: *** (NO TITLE) ***

 Using automatic Hessian for delocalized coordinates.
 *** GOStep1 ***

 Energy gradients wrt nuclear displacements
 ==========================================

     Atom      Cartesian (a.u./angstrom)
                 X         Y         Z
 ----------------------------------------
     1 H     0.012426  0.005962 -0.006265
     2 C     0.040994  0.033967 -0.003916
     3 C     0.100802  0.409692 -0.300561
     4 C     0.439731  5.916037 -0.461456
     5 O   -29.141269 -7.547199  0.854198
     6 H     0.001274 -0.008922 -0.011219
     7 H     0.001711  0.000018 -0.001110
     8 H    -0.001170  0.001178 -0.000933
     9 C    -0.009891 -0.010315 -0.010626
    10 H    -0.002306 -0.004829  0.001171
    11 C    -0.018412 -0.008382 -0.013137
    12 C    -0.010858  0.022667 -0.010373
    13 C     0.016894  0.031191  0.010205
    14 C    -0.004739 -0.014134 -0.007636
    15 C     0.025809 -0.016291  0.021220
    16 C    -0.014462 -0.025821 -0.007376
    17 H     0.009859 -0.016035  0.009808
    18 H    -0.005722 -0.020481 -0.003284
    19 H    -0.006086  0.015184 -0.006375
    20 H     0.007120  0.019534  0.002303
    21 H     0.016399  0.003297  0.012016
    22 H    28.852376  8.230218 -0.534100
    23 B    -0.647840 -6.087361  0.183247
    24 F    -0.242322 -0.363072 -0.655521
    25 F     0.627846 -0.430356  0.876474
    26 F    -0.048165 -0.135746  0.063246
 ----------------------------------------
 Mulliken charges used for AMS results%charges...
 
----------------------------------------------------------------------
Geometry Convergence after Step   1       (Hartree/Angstrom,Angstrom)
----------------------------------------------------------------------
current energy                                0.23085805 Hartree
energy change                       0.23085805     0.00026000    F
constrained gradient max           29.14125443     0.00100000    F
constrained gradient rms            4.91279299     0.00066667    F
gradient max                       29.14125443
gradient rms                        4.91279299
cart. step max                      0.03700142     0.01000000    F
cart. step rms                      0.00566149     0.00666667    T
 
 
--------
Geometry
--------
Formula: C10H11BF3O
Atoms
  Index Symbol   x (angstrom)   y (angstrom)   z (angstrom)
      1      H     0.30974096    -1.71342232     0.34847856
      2      C    -0.85906284     0.07317188     0.95351739
      3      C     0.30622910    -0.62224442     0.35697366
      4      C     1.44342822     0.01966026    -0.22925176
      5      O     2.45031414    -0.55345339    -0.73188117
      6      H    -0.69177571     1.15281154     0.94411450
      7      H    -2.09918166     0.10679475     2.73786396
      8      H    -0.38740474    -0.20479384     3.06892754
      9      C    -1.20671033    -0.41124418     2.37342571
     10      H    -1.40803005    -1.48744910     2.39480371
     11      C    -4.29282617    -0.66840666    -1.59680925
     12      C    -3.82098070     0.63820791    -1.42011292
     13      C    -2.71323978     0.87740278    -0.59736434
     14      C    -2.07725156    -0.19000714     0.04875364
     15      C    -2.54919289    -1.49667288    -0.12801158
     16      C    -3.65691623    -1.73584171    -0.95074661
     17      H    -4.30763987     1.45515825    -1.91454492
     18      H    -2.35216944     1.87743276    -0.46216481
     19      H    -2.06259608    -2.31365794     0.36637946
     20      H    -4.01802781    -2.73585058    -1.08596872
     21      H    -5.14059889    -0.85147168    -2.22646737
     22      H     2.09475741    -0.64362744    -0.71944711
     23      B     1.54291918     0.82927684    -0.28132946
     24      F     1.77479842     0.56346430     0.98527768
     25      F     0.47169099     0.33599538    -0.86689970
     26      F     2.37546593     1.57804897    -0.95890660
 
Total System Charge             0.00000
 
 *** GOStep2 ***

 Energy gradients wrt nuclear displacements
 ==========================================

     Atom      Cartesian (a.u./angstrom)
                 X         Y         Z
 ----------------------------------------
     1 H     0.012897  0.006032 -0.006778
     2 C     0.041226  0.033359 -0.004132
     3 C     0.098762  0.409836 -0.298552
     4 C     0.443710  5.672224 -0.470339
     5 O   -16.380523 -4.103932  0.570262
     6 H     0.001150 -0.008637 -0.011206
     7 H     0.001530  0.000042 -0.001006
     8 H    -0.001254  0.001178 -0.000913
     9 C    -0.010148 -0.010237 -0.010587
    10 H    -0.002388 -0.004772  0.001157
    11 C    -0.018406 -0.008238 -0.013071
    12 C    -0.010920  0.022458 -0.010370
    13 C     0.016663  0.031011  0.010093
    14 C    -0.004829 -0.013983 -0.007477
    15 C     0.025478 -0.016251  0.021042
    16 C    -0.014416 -0.025646 -0.007288
    17 H     0.009670 -0.015916  0.009717
    18 H    -0.005782 -0.020325 -0.003237
    19 H    -0.006126  0.015123 -0.006333
    20 H     0.006956  0.019393  0.002281
    21 H     0.016170  0.003282  0.011923
    22 H    16.081156  4.796628 -0.241252
    23 B    -0.647471 -5.851078  0.179822
    24 F    -0.238227 -0.362099 -0.651176
    25 F     0.632004 -0.426906  0.873331
    26 F    -0.046883 -0.142546  0.064089
 ----------------------------------------
 Mulliken charges used for AMS results%charges...

 dE(predicted):    -0.21272E+01, dE(actual):    -0.16254E+01, Trust radius:    0.400000, all in a.u.
 
----------------------------------------------------------------------
Geometry Convergence after Step   2       (Hartree/Angstrom,Angstrom)
----------------------------------------------------------------------
current energy                               -1.39452763 Hartree
energy change                      -1.62538568     0.00026000    F
constrained gradient max           16.38052066     0.00100000    F
constrained gradient rms            2.85706048     0.00066667    F
gradient max                       16.38052066
gradient rms                        2.85706048
cart. step max                      0.06434383     0.01000000    F
cart. step rms                      0.01147546     0.00666667    F
 
 
--------
Geometry
--------
Formula: C10H11BF3O
Atoms
  Index Symbol   x (angstrom)   y (angstrom)   z (angstrom)
      1      H     0.31247756    -1.71438259     0.34884024
      2      C    -0.85984242     0.07281029     0.95374142
      3      C     0.30731785    -0.62299010     0.35751744
      4      C     1.44359332     0.00546402    -0.22622074
      5      O     2.51465797    -0.55773847    -0.73902200
      6      H    -0.69328427     1.15286468     0.94410151
      7      H    -2.09930001     0.10633392     2.73883706
      8      H    -0.38708263    -0.20395206     3.06925157
      9      C    -1.20658023    -0.41120641     2.37413779
     10      H    -1.40705216    -1.48736743     2.39591464
     11      C    -4.29433538    -0.66828421    -1.59738245
     12      C    -3.82226796     0.63773965    -1.42033777
     13      C    -2.71467193     0.87643430    -0.59752229
     14      C    -2.07840935    -0.19079633     0.04876056
     15      C    -2.55123378    -1.49720844    -0.12881517
     16      C    -3.65868427    -1.73571572    -0.95151540
     17      H    -4.30902269     1.45553644    -1.91495731
     18      H    -2.35339496     1.87721388    -0.46216357
     19      H    -2.06493751    -2.31528301     0.36545598
     20      H    -4.02024213    -2.73633947    -1.08706531
     21      H    -5.14269059    -0.85116311    -2.22758794
     22      H     2.03964921    -0.67463203    -0.71698482
     23      B     1.55361714     0.85719595    -0.28397491
     24      F     1.78266297     0.57128911     0.99977044
     25      F     0.45941483     0.33707335    -0.87483971
     26      F     2.37538102     1.59638611    -0.95932980
 
Total System Charge             0.00000
 
 *** GOStep3 ***
