<Jan28-2022> <07:39:21>  AMS 2021.102  RunTime: Jan28-2022 07:39:21  ShM Nodes: 1  Procs: 4
<Jan28-2022> <07:39:22>  ADF 2021.102  RunTime: Jan28-2022 07:39:22  ShM Nodes: 1  Procs: 4
<Jan28-2022> <07:39:22>  *** (NO TITLE) ***
<Jan28-2022> <07:39:22>  Iteration 1
<Jan28-2022> <07:39:22>  DIRAC 2021.102  RunTime: Jan28-2022 07:39:22  ShM Nodes: 1  Procs: 1
<Jan28-2022> <07:39:22>  Hydrogen (TZ2P)
<Jan28-2022> <07:39:23>  Net Charge: 0 (Nuclei minus Electrons)
<Jan28-2022> <07:39:23>  Symmetry  : ATOM
<Jan28-2022> <07:39:23>  Coordinates
<Jan28-2022> <07:39:23>     Atom         X           Y           Z   (Angstrom)
<Jan28-2022> <07:39:23>     1.H         0.000000    0.000000    0.000000
<Jan28-2022> <07:39:23>  >>>> CORORT
<Jan28-2022> <07:39:23>  >>>> CLSMAT
<Jan28-2022> <07:39:23>  >>>> ORTHON
<Jan28-2022> <07:39:23>  >>>> GENPT
<Jan28-2022> <07:39:23>  Block Length=  64
<Jan28-2022> <07:39:23>  >>>> PTBAS
<Jan28-2022> <07:39:23>  >>>> CYCLE
<Jan28-2022> <07:39:23>              |Error|         MaxErr       Wt(A-DIIS)
<Jan28-2022> <07:39:23>      1      0.00000000      0.00000000
<Jan28-2022> <07:39:23>      2      0.03080019      0.02591482
<Jan28-2022> <07:39:23>      3      0.01140383      0.01135775    100.0
<Jan28-2022> <07:39:23>      4      0.00327656      0.00327407      2.3
<Jan28-2022> <07:39:23>      5      0.00010041      0.00009754      0.0
<Jan28-2022> <07:39:23>      6      0.00000525      0.00000504      0.0
<Jan28-2022> <07:39:23>      7      0.00000007      0.00000007      0.0
<Jan28-2022> <07:39:23>      8      0.00000000      0.00000000      0.0
<Jan28-2022> <07:39:23>  SCF converged
<Jan28-2022> <07:39:23>      9      0.00000000      0.00000000      0.0
<Jan28-2022> <07:39:23>  >>>> POPAN
<Jan28-2022> <07:39:23>  >>>> DEBYE
<Jan28-2022> <07:39:23>  DIRAC 2021.102  RunTime: Jan28-2022 07:39:23  ShM Nodes: 1  Procs: 1
<Jan28-2022> <07:39:24>  Carbon (TZ2P)
<Jan28-2022> <07:39:24>  Net Charge: 0 (Nuclei minus Electrons)
<Jan28-2022> <07:39:24>  Symmetry  : ATOM
<Jan28-2022> <07:39:24>  Coordinates
<Jan28-2022> <07:39:24>     Atom         X           Y           Z   (Angstrom)
<Jan28-2022> <07:39:24>     1.C         0.000000    0.000000    0.000000
<Jan28-2022> <07:39:24>  >>>> CORORT
<Jan28-2022> <07:39:24>  >>>> CLSMAT
<Jan28-2022> <07:39:24>  >>>> ORTHON
<Jan28-2022> <07:39:24>  >>>> GENPT
<Jan28-2022> <07:39:24>  Block Length=  72
<Jan28-2022> <07:39:24>  >>>> PTBAS
<Jan28-2022> <07:39:24>  >>>> CYCLE
<Jan28-2022> <07:39:24>              |Error|         MaxErr       Wt(A-DIIS)
<Jan28-2022> <07:39:24>      1      0.00000000      0.00000000
<Jan28-2022> <07:39:24>      2      4.48405934      3.32161898    100.0
<Jan28-2022> <07:39:24>      3      1.60718414      1.28408746    100.0
<Jan28-2022> <07:39:24>      4      0.76426456      0.62272052    100.0
<Jan28-2022> <07:39:24>      5      0.36119063      0.28553990    100.0
<Jan28-2022> <07:39:24>      6      0.14821424      0.11559867    100.0
<Jan28-2022> <07:39:24>      7      0.10108424      0.07867111     78.5
<Jan28-2022> <07:39:24>      8      0.01786531      0.01387049     13.0
<Jan28-2022> <07:39:24>      9      0.00195746      0.00153262      0.5
<Jan28-2022> <07:39:24>     10      0.00001058      0.00000730      0.0
<Jan28-2022> <07:39:24>     11      0.00000047      0.00000027      0.0
<Jan28-2022> <07:39:24>     12      0.00000003      0.00000002      0.0
<Jan28-2022> <07:39:24>     13      0.00000000      0.00000000      0.0
<Jan28-2022> <07:39:24>  SCF converged
<Jan28-2022> <07:39:25>     14      0.00000000      0.00000000      0.0
<Jan28-2022> <07:39:25>  >>>> POPAN
<Jan28-2022> <07:39:25>  >>>> DEBYE
<Jan28-2022> <07:39:25>  DIRAC 2021.102  RunTime: Jan28-2022 07:39:25  ShM Nodes: 1  Procs: 1
<Jan28-2022> <07:39:25>  Oxygen (TZ2P)
<Jan28-2022> <07:39:25>  Net Charge: 0 (Nuclei minus Electrons)
<Jan28-2022> <07:39:25>  Symmetry  : ATOM
<Jan28-2022> <07:39:25>  Coordinates
<Jan28-2022> <07:39:25>     Atom         X           Y           Z   (Angstrom)
<Jan28-2022> <07:39:25>     1.O         0.000000    0.000000    0.000000
<Jan28-2022> <07:39:25>  >>>> CORORT
<Jan28-2022> <07:39:25>  >>>> CLSMAT
<Jan28-2022> <07:39:25>  >>>> ORTHON
<Jan28-2022> <07:39:25>  >>>> GENPT
<Jan28-2022> <07:39:25>  Block Length=  68
<Jan28-2022> <07:39:25>  >>>> PTBAS
<Jan28-2022> <07:39:25>  >>>> CYCLE
<Jan28-2022> <07:39:26>              |Error|         MaxErr       Wt(A-DIIS)
<Jan28-2022> <07:39:26>      1      0.00000000      0.00000000
<Jan28-2022> <07:39:26>      2      8.77210307      5.53374266    100.0
<Jan28-2022> <07:39:26>      3      3.60058093      2.49154808    100.0
<Jan28-2022> <07:39:26>      4      1.20505529      0.62472425    100.0
<Jan28-2022> <07:39:26>      5      1.46502638      0.81213311    100.0
<Jan28-2022> <07:39:26>      6      0.15089362      0.09131786     91.2
<Jan28-2022> <07:39:26>      7      0.14397311      0.08251182     82.3
<Jan28-2022> <07:39:26>      8      0.00183259      0.00123681      0.2
<Jan28-2022> <07:39:26>      9      0.00015629      0.00008105      0.0
<Jan28-2022> <07:39:26>     10      0.00001324      0.00000629      0.0
<Jan28-2022> <07:39:26>     11      0.00000006      0.00000003      0.0
<Jan28-2022> <07:39:26>     12      0.00000000      0.00000000      0.0
<Jan28-2022> <07:39:26>  SCF converged
<Jan28-2022> <07:39:26>     13      0.00000000      0.00000000      0.0
<Jan28-2022> <07:39:26>  >>>> POPAN
<Jan28-2022> <07:39:26>  >>>> DEBYE
<Jan28-2022> <07:39:26>  DIRAC 2021.102  RunTime: Jan28-2022 07:39:26  ShM Nodes: 1  Procs: 1
<Jan28-2022> <07:39:27>  Boron (TZ2P)
<Jan28-2022> <07:39:27>  Net Charge: 0 (Nuclei minus Electrons)
<Jan28-2022> <07:39:27>  Symmetry  : ATOM
<Jan28-2022> <07:39:27>  Coordinates
<Jan28-2022> <07:39:27>     Atom         X           Y           Z   (Angstrom)
<Jan28-2022> <07:39:27>     1.B         0.000000    0.000000    0.000000
<Jan28-2022> <07:39:27>  >>>> CORORT
<Jan28-2022> <07:39:27>  >>>> CLSMAT
<Jan28-2022> <07:39:27>  >>>> ORTHON
<Jan28-2022> <07:39:27>  >>>> GENPT
<Jan28-2022> <07:39:27>  Block Length=  76
<Jan28-2022> <07:39:27>  >>>> PTBAS
<Jan28-2022> <07:39:27>  >>>> CYCLE
<Jan28-2022> <07:39:27>              |Error|         MaxErr       Wt(A-DIIS)
<Jan28-2022> <07:39:27>      1      0.00000000      0.00000000
<Jan28-2022> <07:39:27>      2      3.20713362      2.03569268    100.0
<Jan28-2022> <07:39:27>      3      1.02425780      0.87564791    100.0
<Jan28-2022> <07:39:27>      4      0.43534597      0.37294039    100.0
<Jan28-2022> <07:39:27>      5      0.21063772      0.18877869    100.0
<Jan28-2022> <07:39:27>      6      0.06237149      0.05418878     53.7
<Jan28-2022> <07:39:27>      7      0.02201011      0.01944984     18.6
<Jan28-2022> <07:39:27>      8      0.00263783      0.00232448      1.3
<Jan28-2022> <07:39:27>      9      0.00002886      0.00002498      0.0
<Jan28-2022> <07:39:27>     10      0.00000135      0.00000098      0.0
<Jan28-2022> <07:39:27>     11      0.00000002      0.00000001      0.0
<Jan28-2022> <07:39:27>     12      0.00000000      0.00000000      0.0
<Jan28-2022> <07:39:27>  SCF converged
<Jan28-2022> <07:39:28>     13      0.00000000      0.00000000      0.0
<Jan28-2022> <07:39:28>  >>>> POPAN
<Jan28-2022> <07:39:28>  >>>> DEBYE
<Jan28-2022> <07:39:28>  DIRAC 2021.102  RunTime: Jan28-2022 07:39:28  ShM Nodes: 1  Procs: 1
<Jan28-2022> <07:39:28>  Fluorine (TZ2P)
<Jan28-2022> <07:39:28>  Net Charge: 0 (Nuclei minus Electrons)
<Jan28-2022> <07:39:28>  Symmetry  : ATOM
<Jan28-2022> <07:39:28>  Coordinates
<Jan28-2022> <07:39:28>     Atom         X           Y           Z   (Angstrom)
<Jan28-2022> <07:39:28>     1.F         0.000000    0.000000    0.000000
<Jan28-2022> <07:39:28>  >>>> CORORT
<Jan28-2022> <07:39:28>  >>>> CLSMAT
<Jan28-2022> <07:39:28>  >>>> ORTHON
<Jan28-2022> <07:39:28>  >>>> GENPT
<Jan28-2022> <07:39:28>  Block Length=  76
<Jan28-2022> <07:39:28>  >>>> PTBAS
<Jan28-2022> <07:39:28>  >>>> CYCLE
<Jan28-2022> <07:39:29>              |Error|         MaxErr       Wt(A-DIIS)
<Jan28-2022> <07:39:29>      1      0.00000000      0.00000000
<Jan28-2022> <07:39:29>      2     11.39970762      4.85721148    100.0
<Jan28-2022> <07:39:29>      3      5.17310012      3.16632108    100.0
<Jan28-2022> <07:39:29>      4      1.04882283      0.49392043    100.0
<Jan28-2022> <07:39:29>      5      1.72142161      0.84736739    100.0
<Jan28-2022> <07:39:29>      6      0.21842580      0.10780687    100.0
<Jan28-2022> <07:39:29>      7      0.28524155      0.13554881    100.0
<Jan28-2022> <07:39:29>      8      0.02856437      0.01389479     13.0
<Jan28-2022> <07:39:29>      9      0.00489297      0.00234741      1.4
<Jan28-2022> <07:39:29>     10      0.00009261      0.00004462      0.0
<Jan28-2022> <07:39:29>     11      0.00000010      0.00000005      0.0
<Jan28-2022> <07:39:29>     12      0.00000000      0.00000000      0.0
<Jan28-2022> <07:39:29>  SCF converged
<Jan28-2022> <07:39:29>     13      0.00000000      0.00000000      0.0
<Jan28-2022> <07:39:29>  >>>> POPAN
<Jan28-2022> <07:39:29>  >>>> DEBYE
<Jan28-2022> <07:39:29>  *** GOStep1 ***
<Jan28-2022> <07:39:29>  >>>> FRAGM
<Jan28-2022> <07:39:29>  Coordinates
<Jan28-2022> <07:39:29>     Atom         X           Y           Z   (Angstrom)
<Jan28-2022> <07:39:29>     1.H         0.308836   -1.713227    0.348451
<Jan28-2022> <07:39:29>     2.C        -0.859332    0.073256    0.953616
<Jan28-2022> <07:39:29>     3.C         0.305667   -0.622080    0.356973
<Jan28-2022> <07:39:29>     4.C         1.443635    0.022461   -0.230052
<Jan28-2022> <07:39:29>     5.O         2.419916   -0.559288   -0.730045
<Jan28-2022> <07:39:29>     6.H        -0.691953    1.152837    0.944283
<Jan28-2022> <07:39:29>     7.H        -2.099499    0.106838    2.737885
<Jan28-2022> <07:39:29>     8.H        -0.387774   -0.204925    3.068992
<Jan28-2022> <07:39:29>     9.C        -1.207068   -0.411253    2.373451
<Jan28-2022> <07:39:29>    10.H        -1.408495   -1.487467    2.394752
<Jan28-2022> <07:39:29>    11.C        -4.292925   -0.668393   -1.596661
<Jan28-2022> <07:39:29>    12.C        -3.821146    0.638314   -1.419969
<Jan28-2022> <07:39:29>    13.C        -2.713407    0.877583   -0.597204
<Jan28-2022> <07:39:29>    14.C        -2.077448   -0.189854    0.048870
<Jan28-2022> <07:39:29>    15.C        -2.549227   -1.496561   -0.127822
<Jan28-2022> <07:39:29>    16.C        -3.656966   -1.735830   -0.950587
<Jan28-2022> <07:39:29>    17.H        -4.307800    1.455145   -1.914362
<Jan28-2022> <07:39:29>    18.H        -2.352389    1.877510   -0.461995
<Jan28-2022> <07:39:29>    19.H        -2.062573   -2.313393    0.366570
<Jan28-2022> <07:39:29>    20.H        -4.017984   -2.735757   -1.085797
<Jan28-2022> <07:39:29>    21.H        -5.140597   -0.851489   -2.226263
<Jan28-2022> <07:39:29>    22.H         2.131759   -0.633405   -0.721198
<Jan28-2022> <07:39:29>    23.B         1.540627    0.824565   -0.280820
<Jan28-2022> <07:39:29>    24.F         1.773264    0.562177    0.982824
<Jan28-2022> <07:39:29>    25.F         0.473429    0.336493   -0.866172
<Jan28-2022> <07:39:29>    26.F         2.375189    1.575025   -0.959112
<Jan28-2022> <07:39:29>  >>>> CORORT
<Jan28-2022> <07:39:30>  >>>> CLSMAT
<Jan28-2022> <07:39:30>  >>>> ORTHON
<Jan28-2022> <07:39:30>  >>>> GENPT
<Jan28-2022> <07:39:31>  Block Length= 128
<Jan28-2022> <07:39:34>  >>>> PTBAS
<Jan28-2022> <07:40:53>  >>>> CYCLE
<Jan28-2022> <07:44:20>              |Error|         MaxErr       Wt(A-DIIS)
<Jan28-2022> <07:44:20>      1     14.25702686      1.09988130
<Jan28-2022> <07:47:18>      2      3.13568654      0.32235135    100.0
<Jan28-2022> <07:50:18>      3      1.40969513      0.13954154    100.0
<Jan28-2022> <07:53:30>      4      2.72175996      0.21261976    100.0
<Jan28-2022> <07:56:36>      5      0.84264075      0.07426985     74.0
<Jan28-2022> <07:59:42>      6      0.78901277      0.04496728     44.4
<Jan28-2022> <08:02:44>      7      0.25354060      0.01623980     15.4
<Jan28-2022> <08:05:49>      8      0.06914838      0.00470566      3.7
<Jan28-2022> <08:08:55>      9      0.03140357      0.00275080      1.8
<Jan28-2022> <08:12:03>     10      0.01017472      0.00055187      0.0
<Jan28-2022> <08:15:12>     11      0.00481905      0.00040027      0.0
<Jan28-2022> <08:18:20>     12      0.00117529      0.00007564      0.0
<Jan28-2022> <08:21:26>     13      0.00065853      0.00003817      0.0
<Jan28-2022> <08:24:32>     14      0.00025565      0.00001241      0.0
<Jan28-2022> <08:27:40>     15      0.00012494      0.00000695      0.0
<Jan28-2022> <08:30:45>     16      0.00008118      0.00000375      0.0
<Jan28-2022> <08:33:54>     17      0.00003718      0.00000192      0.0
<Jan28-2022> <08:37:03>     18      0.00002966      0.00000241      0.0
<Jan28-2022> <08:40:11>     19      0.00000744      0.00000038      0.0
<Jan28-2022> <08:41:34>  SCF converged
<Jan28-2022> <08:43:20>     20      0.00000677      0.00000057      0.0
<Jan28-2022> <08:44:44>  >>>> TOTEN
<Jan28-2022> <08:47:39>  >>>> POPAN
<Jan28-2022> <08:47:39>  >>>> DEBYE
<Jan28-2022> <08:47:39>  >>>> ENGRAD
<Jan28-2022> <08:53:57>  current energy                                0.23085805 Hartree
<Jan28-2022> <08:53:57>  energy change                       0.23085805     0.00026000    F
<Jan28-2022> <08:53:57>  constrained gradient max           29.14125443     0.00100000    F
<Jan28-2022> <08:53:57>  constrained gradient rms            4.91279299     0.00066667    F
<Jan28-2022> <08:53:57>  gradient max                       29.14125443
<Jan28-2022> <08:53:57>  gradient rms                        4.91279299
<Jan28-2022> <08:53:57>  cart. step max                      0.03700142     0.01000000    F
<Jan28-2022> <08:53:57>  cart. step rms                      0.00566149     0.00666667    T
<Jan28-2022> <08:53:57>  Iteration 2
<Jan28-2022> <08:53:58>  *** GOStep2 ***
<Jan28-2022> <08:53:59>  >>>> FRAGM
<Jan28-2022> <08:53:59>  Coordinates
<Jan28-2022> <08:53:59>     Atom         X           Y           Z   (Angstrom)
<Jan28-2022> <08:53:59>     1.H         0.309741   -1.713422    0.348479
<Jan28-2022> <08:53:59>     2.C        -0.859063    0.073172    0.953517
<Jan28-2022> <08:53:59>     3.C         0.306229   -0.622244    0.356974
<Jan28-2022> <08:53:59>     4.C         1.443428    0.019660   -0.229252
<Jan28-2022> <08:53:59>     5.O         2.450314   -0.553453   -0.731881
<Jan28-2022> <08:53:59>     6.H        -0.691776    1.152812    0.944115
<Jan28-2022> <08:53:59>     7.H        -2.099182    0.106795    2.737864
<Jan28-2022> <08:53:59>     8.H        -0.387405   -0.204794    3.068928
<Jan28-2022> <08:53:59>     9.C        -1.206710   -0.411244    2.373426
<Jan28-2022> <08:53:59>    10.H        -1.408030   -1.487449    2.394804
<Jan28-2022> <08:53:59>    11.C        -4.292826   -0.668407   -1.596809
<Jan28-2022> <08:53:59>    12.C        -3.820981    0.638208   -1.420113
<Jan28-2022> <08:53:59>    13.C        -2.713240    0.877403   -0.597364
<Jan28-2022> <08:53:59>    14.C        -2.077252   -0.190007    0.048754
<Jan28-2022> <08:53:59>    15.C        -2.549193   -1.496673   -0.128012
<Jan28-2022> <08:53:59>    16.C        -3.656916   -1.735842   -0.950747
<Jan28-2022> <08:53:59>    17.H        -4.307640    1.455158   -1.914545
<Jan28-2022> <08:53:59>    18.H        -2.352169    1.877433   -0.462165
<Jan28-2022> <08:53:59>    19.H        -2.062596   -2.313658    0.366379
<Jan28-2022> <08:53:59>    20.H        -4.018028   -2.735851   -1.085969
<Jan28-2022> <08:53:59>    21.H        -5.140599   -0.851472   -2.226467
<Jan28-2022> <08:53:59>    22.H         2.094757   -0.643627   -0.719447
<Jan28-2022> <08:53:59>    23.B         1.542919    0.829277   -0.281329
<Jan28-2022> <08:53:59>    24.F         1.774798    0.563464    0.985278
<Jan28-2022> <08:53:59>    25.F         0.471691    0.335995   -0.866900
<Jan28-2022> <08:53:59>    26.F         2.375466    1.578049   -0.958907
<Jan28-2022> <08:53:59>  >>>> CORORT
<Jan28-2022> <08:53:59>  >>>> CLSMAT
<Jan28-2022> <08:53:59>  >>>> ORTHON
<Jan28-2022> <08:53:59>  >>>> GENPT
<Jan28-2022> <08:54:00>  Block Length= 128
<Jan28-2022> <08:54:03>  >>>> PTBAS
<Jan28-2022> <08:55:22>  >>>> CYCLE
<Jan28-2022> <08:57:10>  using orbital data from restart file
<Jan28-2022> <08:58:54>              |Error|         MaxErr       Wt(A-DIIS)
<Jan28-2022> <08:58:54>      1      1.77103492      0.45012459
<Jan28-2022> <09:02:07>      2      0.79692095      0.07157896    100.0
<Jan28-2022> <09:05:16>      3      0.14304685      0.01228154    100.0
<Jan28-2022> <09:08:21>      4      0.21207735      0.01382515    100.0
<Jan28-2022> <09:11:28>      5      0.03245034      0.00288893      1.9
<Jan28-2022> <09:14:32>      6      0.01546056      0.00091912      0.0
<Jan28-2022> <09:17:40>      7      0.00593988      0.00037053      0.0
<Jan28-2022> <09:20:48>      8      0.00206852      0.00012188      0.0
<Jan28-2022> <09:23:56>      9      0.00062547      0.00004454      0.0
<Jan28-2022> <09:27:04>     10      0.00039815      0.00002378      0.0
<Jan28-2022> <09:30:16>     11      0.00016030      0.00001425      0.0
<Jan28-2022> <09:33:37>     12      0.00007198      0.00000510      0.0
<Jan28-2022> <09:36:59>     13      0.00004594      0.00000224      0.0
<Jan28-2022> <09:40:22>     14      0.00001837      0.00000092      0.0
<Jan28-2022> <09:43:45>     15      0.00001446      0.00000111      0.0
<Jan28-2022> <09:46:47>     16      0.00000399      0.00000020      0.0
<Jan28-2022> <09:48:08>  SCF converged
<Jan28-2022> <09:49:47>     17      0.00000350      0.00000023      0.0
<Jan28-2022> <09:51:09>  >>>> TOTEN
<Jan28-2022> <09:53:53>  >>>> POPAN
<Jan28-2022> <09:53:53>  >>>> DEBYE
<Jan28-2022> <09:53:53>  >>>> ENGRAD
<Jan28-2022> <09:59:51>  current energy                               -1.39452763 Hartree
<Jan28-2022> <09:59:51>  energy change                      -1.62538568     0.00026000    F
<Jan28-2022> <09:59:51>  constrained gradient max           16.38052066     0.00100000    F
<Jan28-2022> <09:59:51>  constrained gradient rms            2.85706048     0.00066667    F
<Jan28-2022> <09:59:51>  gradient max                       16.38052066
<Jan28-2022> <09:59:51>  gradient rms                        2.85706048
<Jan28-2022> <09:59:51>  cart. step max                      0.06434383     0.01000000    F
<Jan28-2022> <09:59:51>  cart. step rms                      0.01147546     0.00666667    F
<Jan28-2022> <09:59:51>  Iteration 3
<Jan28-2022> <09:59:52>  *** GOStep3 ***
<Jan28-2022> <09:59:52>  >>>> FRAGM
<Jan28-2022> <09:59:53>  Coordinates
<Jan28-2022> <09:59:53>     Atom         X           Y           Z   (Angstrom)
<Jan28-2022> <09:59:53>     1.H         0.312478   -1.714383    0.348840
<Jan28-2022> <09:59:53>     2.C        -0.859842    0.072810    0.953741
<Jan28-2022> <09:59:53>     3.C         0.307318   -0.622990    0.357517
<Jan28-2022> <09:59:53>     4.C         1.443593    0.005464   -0.226221
<Jan28-2022> <09:59:53>     5.O         2.514658   -0.557738   -0.739022
<Jan28-2022> <09:59:53>     6.H        -0.693284    1.152865    0.944102
<Jan28-2022> <09:59:53>     7.H        -2.099300    0.106334    2.738837
<Jan28-2022> <09:59:53>     8.H        -0.387083   -0.203952    3.069252
<Jan28-2022> <09:59:53>     9.C        -1.206580   -0.411206    2.374138
<Jan28-2022> <09:59:53>    10.H        -1.407052   -1.487367    2.395915
<Jan28-2022> <09:59:53>    11.C        -4.294335   -0.668284   -1.597382
<Jan28-2022> <09:59:53>    12.C        -3.822268    0.637740   -1.420338
<Jan28-2022> <09:59:53>    13.C        -2.714672    0.876434   -0.597522
<Jan28-2022> <09:59:53>    14.C        -2.078409   -0.190796    0.048761
<Jan28-2022> <09:59:53>    15.C        -2.551234   -1.497208   -0.128815
<Jan28-2022> <09:59:53>    16.C        -3.658684   -1.735716   -0.951515
<Jan28-2022> <09:59:53>    17.H        -4.309023    1.455536   -1.914957
<Jan28-2022> <09:59:53>    18.H        -2.353395    1.877214   -0.462164
<Jan28-2022> <09:59:53>    19.H        -2.064938   -2.315283    0.365456
<Jan28-2022> <09:59:53>    20.H        -4.020242   -2.736339   -1.087065
<Jan28-2022> <09:59:53>    21.H        -5.142691   -0.851163   -2.227588
<Jan28-2022> <09:59:53>    22.H         2.039649   -0.674632   -0.716985
<Jan28-2022> <09:59:53>    23.B         1.553617    0.857196   -0.283975
<Jan28-2022> <09:59:53>    24.F         1.782663    0.571289    0.999770
<Jan28-2022> <09:59:53>    25.F         0.459415    0.337073   -0.874840
<Jan28-2022> <09:59:53>    26.F         2.375381    1.596386   -0.959330
<Jan28-2022> <09:59:53>  >>>> CORORT
<Jan28-2022> <09:59:53>  >>>> CLSMAT
<Jan28-2022> <09:59:53>  >>>> ORTHON
<Jan28-2022> <09:59:53>  >>>> GENPT
<Jan28-2022> <09:59:54>  Block Length= 128
<Jan28-2022> <09:59:56>  >>>> PTBAS
