<Jan27-2022> <12:31:54>  AMS 2021.102  RunTime: Jan27-2022 12:31:54  ShM Nodes: 1  Procs: 4
<Jan27-2022> <12:31:55>  ADF 2021.102  RunTime: Jan27-2022 12:31:55  ShM Nodes: 1  Procs: 4
<Jan27-2022> <12:31:55>  *** (NO TITLE) ***
<Jan27-2022> <12:31:55>  Atom coordinates do not satisfy full symmetry (probably due to orientation).
<Jan27-2022> <12:31:55>  Iteration 1
<Jan27-2022> <12:31:55>  DIRAC 2021.102  RunTime: Jan27-2022 12:31:55  ShM Nodes: 1  Procs: 1
<Jan27-2022> <12:31:56>  Iodine (TZ2P, all electron)
<Jan27-2022> <12:31:56>  Net Charge: 0 (Nuclei minus Electrons)
<Jan27-2022> <12:31:56>  Symmetry  : ATOM
<Jan27-2022> <12:31:56>  Coordinates
<Jan27-2022> <12:31:56>     Atom         X           Y           Z   (Angstrom)
<Jan27-2022> <12:31:56>     1.I         0.000000    0.000000    0.000000
<Jan27-2022> <12:31:56>  >>>> CORORT
<Jan27-2022> <12:31:57>  >>>> CLSMAT
<Jan27-2022> <12:31:57>  >>>> ORTHON
<Jan27-2022> <12:31:57>  >>>> GENPT
<Jan27-2022> <12:31:57>  Block Length=  88
<Jan27-2022> <12:31:57>  >>>> PTBAS
<Jan27-2022> <12:31:57>  >>>> CYCLE
<Jan27-2022> <12:31:58>              |Error|         MaxErr       Wt(A-DIIS)
<Jan27-2022> <12:31:58>      1      0.00000000      0.00000000
<Jan27-2022> <12:31:58>      2    302.16835523     40.96243619    100.0
<Jan27-2022> <12:31:58>      3    115.45084873     32.05895485    100.0
<Jan27-2022> <12:31:58>      4     16.57298611      2.67421947    100.0
<Jan27-2022> <12:31:58>      5     19.84924009      6.00369154    100.0
<Jan27-2022> <12:31:58>      6      3.53444971      0.75082635    100.0
<Jan27-2022> <12:31:59>      7      3.91287540      0.80211300    100.0
<Jan27-2022> <12:31:59>      8      0.25898904      0.05024736     49.7
<Jan27-2022> <12:31:59>      9      0.05079462      0.01041659      9.5
<Jan27-2022> <12:31:59>     10      0.00447325      0.00089953      0.0
<Jan27-2022> <12:31:59>     11      0.00037467      0.00008194      0.0
<Jan27-2022> <12:32:00>     12      0.00000877      0.00000176      0.0
<Jan27-2022> <12:32:00>     13      0.00000011      0.00000002      0.0
<Jan27-2022> <12:32:00>     14      0.00000000      0.00000000      0.0
<Jan27-2022> <12:32:00>  SCF converged
<Jan27-2022> <12:32:00>     15      0.00000000      0.00000000      0.0
<Jan27-2022> <12:32:00>  >>>> POPAN
<Jan27-2022> <12:32:00>  >>>> DEBYE
<Jan27-2022> <12:32:00>  *** GOStep1 ***
<Jan27-2022> <12:32:01>  >>>> FRAGM
<Jan27-2022> <12:32:01>  Coordinates
<Jan27-2022> <12:32:01>     Atom         X           Y           Z   (Angstrom)
<Jan27-2022> <12:32:01>     1.I         1.630000    0.000000    0.000000
<Jan27-2022> <12:32:01>     2.I         4.399000    0.000000    0.000000
<Jan27-2022> <12:32:01>  >>>> CORORT
<Jan27-2022> <12:32:01>  >>>> CLSMAT
<Jan27-2022> <12:32:01>  >>>> ORTHON
<Jan27-2022> <12:32:01>  >>>> GENPT
<Jan27-2022> <12:32:01>  Block Length= 128
<Jan27-2022> <12:32:01>  >>>> PTBAS
<Jan27-2022> <12:32:03>  >>>> CYCLE
<Jan27-2022> <12:32:10>              |Error|         MaxErr       Wt(A-DIIS)
<Jan27-2022> <12:32:10>      1      2.29573518      0.82615148
<Jan27-2022> <12:32:12>      2      0.09349831      0.02216555    100.0
<Jan27-2022> <12:32:14>      3      0.06972800      0.01652267    100.0
<Jan27-2022> <12:32:17>      4      0.02011930      0.00474120      3.8
<Jan27-2022> <12:32:19>      5      0.00227861      0.00034050      0.0
<Jan27-2022> <12:32:21>      6      0.00060265      0.00006355      0.0
<Jan27-2022> <12:32:23>      7      0.00014930      0.00003147      0.0
<Jan27-2022> <12:32:25>      8      0.00001600      0.00000341      0.0
<Jan27-2022> <12:32:27>      9      0.00000565      0.00000091      0.0
<Jan27-2022> <12:32:28>  SCF converged
<Jan27-2022> <12:32:29>     10      0.00000044      0.00000008      0.0
<Jan27-2022> <12:32:30>  >>>> TOTEN
<Jan27-2022> <12:32:33>  >>>> POPAN
<Jan27-2022> <12:32:34>  >>>> DEBYE
<Jan27-2022> <12:32:34>  >>>> ENGRAD
<Jan27-2022> <12:32:39>  current energy                               -0.08497317 Hartree
<Jan27-2022> <12:32:39>  energy change                      -0.08497317     0.00002000    F
<Jan27-2022> <12:32:39>  constrained gradient max            0.02630888     0.00100000    F
<Jan27-2022> <12:32:39>  constrained gradient rms            0.01518944     0.00066667    F
<Jan27-2022> <12:32:39>  gradient max                        0.02630888
<Jan27-2022> <12:32:39>  gradient rms                        0.01518944
<Jan27-2022> <12:32:39>  cart. step max                      0.01039388     0.01000000    F
<Jan27-2022> <12:32:39>  cart. step rms                      0.00600091     0.00666667    T
<Jan27-2022> <12:32:39>  Iteration 2
<Jan27-2022> <12:32:39>  *** GOStep2 ***
<Jan27-2022> <12:32:39>  >>>> FRAGM
<Jan27-2022> <12:32:39>  Coordinates
<Jan27-2022> <12:32:39>     Atom         X           Y           Z   (Angstrom)
<Jan27-2022> <12:32:39>     1.I         1.640394    0.000000    0.000000
<Jan27-2022> <12:32:39>     2.I         4.388606    0.000000    0.000000
<Jan27-2022> <12:32:39>  >>>> CORORT
<Jan27-2022> <12:32:39>  >>>> CLSMAT
<Jan27-2022> <12:32:39>  >>>> ORTHON
<Jan27-2022> <12:32:40>  >>>> GENPT
<Jan27-2022> <12:32:40>  Block Length= 128
<Jan27-2022> <12:32:40>  >>>> PTBAS
<Jan27-2022> <12:32:41>  >>>> CYCLE
<Jan27-2022> <12:32:48>  using orbital data from restart file
<Jan27-2022> <12:32:49>              |Error|         MaxErr       Wt(A-DIIS)
<Jan27-2022> <12:32:49>      1      0.06397677      0.01678792
<Jan27-2022> <12:32:51>      2      0.01081407      0.00255585    100.0
<Jan27-2022> <12:32:53>      3      0.00524135      0.00126052    100.0
<Jan27-2022> <12:32:55>      4      0.00843470      0.00191793    100.0
<Jan27-2022> <12:32:57>      5      0.00142567      0.00032547      0.0
<Jan27-2022> <12:32:59>      6      0.00003740      0.00000575      0.0
<Jan27-2022> <12:33:01>      7      0.00000468      0.00000073      0.0
<Jan27-2022> <12:33:02>  SCF converged
<Jan27-2022> <12:33:03>      8      0.00000112      0.00000018      0.0
<Jan27-2022> <12:33:04>  >>>> TOTEN
<Jan27-2022> <12:33:07>  >>>> POPAN
<Jan27-2022> <12:33:07>  >>>> DEBYE
<Jan27-2022> <12:33:07>  >>>> ENGRAD
<Jan27-2022> <12:33:11>  current energy                               -0.08546093 Hartree
<Jan27-2022> <12:33:11>  energy change                      -0.00048776     0.00002000    F
<Jan27-2022> <12:33:11>  constrained gradient max            0.02051653     0.00100000    F
<Jan27-2022> <12:33:11>  constrained gradient rms            0.01184522     0.00066667    F
<Jan27-2022> <12:33:11>  gradient max                        0.02051653
<Jan27-2022> <12:33:11>  gradient rms                        0.01184522
<Jan27-2022> <12:33:11>  cart. step max                      0.03681516     0.01000000    F
<Jan27-2022> <12:33:11>  cart. step rms                      0.02125524     0.00666667    F
<Jan27-2022> <12:33:11>  Iteration 3
<Jan27-2022> <12:33:12>  *** GOStep3 ***
<Jan27-2022> <12:33:12>  >>>> FRAGM
<Jan27-2022> <12:33:12>  Coordinates
<Jan27-2022> <12:33:12>     Atom         X           Y           Z   (Angstrom)
<Jan27-2022> <12:33:12>     1.I         1.677209    0.000000    0.000000
<Jan27-2022> <12:33:12>     2.I         4.351791    0.000000    0.000000
<Jan27-2022> <12:33:12>  >>>> CORORT
<Jan27-2022> <12:33:12>  >>>> CLSMAT
<Jan27-2022> <12:33:12>  >>>> ORTHON
<Jan27-2022> <12:33:12>  >>>> GENPT
<Jan27-2022> <12:33:12>  Block Length= 128
<Jan27-2022> <12:33:12>  >>>> PTBAS
<Jan27-2022> <12:33:14>  >>>> CYCLE
<Jan27-2022> <12:33:21>  using orbital data from restart file
<Jan27-2022> <12:33:22>              |Error|         MaxErr       Wt(A-DIIS)
<Jan27-2022> <12:33:22>      1      0.24738543      0.06557497
<Jan27-2022> <12:33:24>      2      0.03856376      0.00903032    100.0
<Jan27-2022> <12:33:26>      3      0.01878353      0.00447449    100.0
<Jan27-2022> <12:33:28>      4      0.03002558      0.00674030    100.0
<Jan27-2022> <12:33:30>      5      0.00509421      0.00114221      0.1
<Jan27-2022> <12:33:32>      6      0.00015277      0.00001858      0.0
<Jan27-2022> <12:33:34>      7      0.00003651      0.00000566      0.0
<Jan27-2022> <12:33:36>      8      0.00000667      0.00000108      0.0
<Jan27-2022> <12:33:38>      9      0.00000114      0.00000024      0.0
<Jan27-2022> <12:33:40>  SCF converged
<Jan27-2022> <12:33:41>     10      0.00000096      0.00000036      0.0
<Jan27-2022> <12:33:42>  >>>> TOTEN
<Jan27-2022> <12:33:46>  >>>> POPAN
<Jan27-2022> <12:33:46>  >>>> DEBYE
<Jan27-2022> <12:33:46>  >>>> ENGRAD
<Jan27-2022> <12:33:51>  current energy                               -0.08609103 Hartree
<Jan27-2022> <12:33:51>  energy change                      -0.00063010     0.00002000    F
<Jan27-2022> <12:33:51>  constrained gradient max            0.00470837     0.00100000    F
<Jan27-2022> <12:33:51>  constrained gradient rms            0.00271838     0.00066667    F
<Jan27-2022> <12:33:51>  gradient max                        0.00470837
<Jan27-2022> <12:33:51>  gradient rms                        0.00271838
<Jan27-2022> <12:33:51>  cart. step max                      0.00687176     0.01000000    T
<Jan27-2022> <12:33:51>  cart. step rms                      0.00396741     0.00666667    T
<Jan27-2022> <12:33:51>  Iteration 4
<Jan27-2022> <12:33:52>  *** GOStep4 ***
<Jan27-2022> <12:33:52>  >>>> FRAGM
<Jan27-2022> <12:33:52>  Coordinates
<Jan27-2022> <12:33:52>     Atom         X           Y           Z   (Angstrom)
<Jan27-2022> <12:33:52>     1.I         1.670337    0.000000    0.000000
<Jan27-2022> <12:33:52>     2.I         4.358663    0.000000    0.000000
<Jan27-2022> <12:33:52>  >>>> CORORT
<Jan27-2022> <12:33:52>  >>>> CLSMAT
<Jan27-2022> <12:33:52>  >>>> ORTHON
<Jan27-2022> <12:33:53>  >>>> GENPT
<Jan27-2022> <12:33:54>  Block Length= 128
<Jan27-2022> <12:33:54>  >>>> PTBAS
<Jan27-2022> <12:33:55>  >>>> CYCLE
<Jan27-2022> <12:34:02>  using orbital data from restart file
<Jan27-2022> <12:34:03>              |Error|         MaxErr       Wt(A-DIIS)
<Jan27-2022> <12:34:03>      1      0.04803566      0.01265834
<Jan27-2022> <12:34:05>      2      0.00719253      0.00168935    100.0
<Jan27-2022> <12:34:09>      3      0.01145143      0.00256903    100.0
<Jan27-2022> <12:34:10>      4      0.00198031      0.00044830      0.0
<Jan27-2022> <12:34:12>      5      0.00008528      0.00001381      0.0
<Jan27-2022> <12:34:14>      6      0.00001007      0.00000190      0.0
<Jan27-2022> <12:34:17>      7      0.00000379      0.00000059      0.0
<Jan27-2022> <12:34:18>  SCF converged
<Jan27-2022> <12:34:19>      8      0.00000017      0.00000004      0.0
<Jan27-2022> <12:34:20>  >>>> TOTEN
<Jan27-2022> <12:34:23>  >>>> POPAN
<Jan27-2022> <12:34:23>  >>>> DEBYE
<Jan27-2022> <12:34:23>  >>>> ENGRAD
<Jan27-2022> <12:34:28>  current energy                               -0.08611890 Hartree
<Jan27-2022> <12:34:28>  energy change                      -0.00002787     0.00002000    F
<Jan27-2022> <12:34:28>  constrained gradient max            0.00061039     0.00100000    T
<Jan27-2022> <12:34:28>  constrained gradient rms            0.00035241     0.00066667    T
<Jan27-2022> <12:34:28>  gradient max                        0.00061039
<Jan27-2022> <12:34:28>  gradient rms                        0.00035241
<Jan27-2022> <12:34:28>  cart. step max                      0.00078861     0.01000000    T
<Jan27-2022> <12:34:28>  cart. step rms                      0.00045530     0.00666667    T
<Jan27-2022> <12:34:28>  Iteration 5
<Jan27-2022> <12:34:29>  *** GOStep5 ***
<Jan27-2022> <12:34:29>  >>>> FRAGM
<Jan27-2022> <12:34:29>  Coordinates
<Jan27-2022> <12:34:29>     Atom         X           Y           Z   (Angstrom)
<Jan27-2022> <12:34:29>     1.I         1.671126    0.000000    0.000000
<Jan27-2022> <12:34:29>     2.I         4.357874    0.000000    0.000000
<Jan27-2022> <12:34:29>  >>>> CORORT
<Jan27-2022> <12:34:29>  >>>> CLSMAT
<Jan27-2022> <12:34:29>  >>>> ORTHON
<Jan27-2022> <12:34:29>  >>>> GENPT
<Jan27-2022> <12:34:29>  Block Length= 128
<Jan27-2022> <12:34:29>  >>>> PTBAS
<Jan27-2022> <12:34:31>  >>>> CYCLE
<Jan27-2022> <12:34:38>  using orbital data from restart file
<Jan27-2022> <12:34:39>              |Error|         MaxErr       Wt(A-DIIS)
<Jan27-2022> <12:34:39>      1      0.00546586      0.00144179
<Jan27-2022> <12:34:41>      2      0.00082550      0.00019387    100.0
<Jan27-2022> <12:34:43>      3      0.00040244      0.00009612    100.0
<Jan27-2022> <12:34:45>      4      0.00064158      0.00014477      0.0
<Jan27-2022> <12:34:47>      5      0.00000964      0.00000161      0.0
<Jan27-2022> <12:34:49>      6      0.00000135      0.00000031      0.0
<Jan27-2022> <12:34:51>  SCF converged
<Jan27-2022> <12:34:51>      7      0.00000097      0.00000035      0.0
<Jan27-2022> <12:34:53>  >>>> TOTEN
<Jan27-2022> <12:34:56>  >>>> POPAN
<Jan27-2022> <12:34:56>  >>>> DEBYE
<Jan27-2022> <12:34:56>  >>>> ENGRAD
<Jan27-2022> <12:35:02>  current energy                               -0.08611938 Hartree
<Jan27-2022> <12:35:02>  energy change                      -0.00000049     0.00002000    T
<Jan27-2022> <12:35:02>  constrained gradient max            0.00001539     0.00100000    T
<Jan27-2022> <12:35:02>  constrained gradient rms            0.00000888     0.00066667    T
<Jan27-2022> <12:35:02>  gradient max                        0.00001539
<Jan27-2022> <12:35:02>  gradient rms                        0.00000888
<Jan27-2022> <12:35:02>  cart. step max                      0.00002039     0.01000000    T
<Jan27-2022> <12:35:02>  cart. step rms                      0.00001177     0.00666667    T
<Jan27-2022> <12:35:02>  Geometry optimization converged
<Jan27-2022> <12:35:02>  *** adf ***
<Jan27-2022> <12:35:02>  Net Charge: 0 (Nuclei minus Electrons)
<Jan27-2022> <12:35:02>  Symmetry  : NOSYM
<Jan27-2022> <12:35:02>  >>>> FRAGM
<Jan27-2022> <12:35:02>  Coordinates
<Jan27-2022> <12:35:02>     Atom         X           Y           Z   (Angstrom)
<Jan27-2022> <12:35:02>     1.I         1.671126    0.000000    0.000000
<Jan27-2022> <12:35:02>     2.I         4.357874    0.000000    0.000000
<Jan27-2022> <12:35:02>  >>>> CORORT
<Jan27-2022> <12:35:02>  >>>> CLSMAT
<Jan27-2022> <12:35:02>  >>>> ORTHON
<Jan27-2022> <12:35:02>  >>>> GENPT
<Jan27-2022> <12:35:03>  Block Length= 128
<Jan27-2022> <12:35:03>  >>>> PTBAS
<Jan27-2022> <12:35:04>  >>>> CYCLE
<Jan27-2022> <12:35:11>  using orbital data from restart file
<Jan27-2022> <12:35:12>              |Error|         MaxErr       Wt(A-DIIS)
<Jan27-2022> <12:35:12>      1      0.00000041      0.00000017
<Jan27-2022> <12:35:14>      2      0.00000088      0.00000040    100.0
<Jan27-2022> <12:35:15>  SCF converged
<Jan27-2022> <12:35:16>      3      0.00000204      0.00000097    100.0
<Jan27-2022> <12:35:18>  >>>> TOTEN
<Jan27-2022> <12:35:24>  >>>> POPAN
<Jan27-2022> <12:35:24>  >>>> DEBYE
<Jan27-2022> <12:35:25>  >>>> AMETS
<Jan27-2022> <12:35:25>   Bond Energy          -0.08611938 a.u.
<Jan27-2022> <12:35:25>   Bond Energy          -2.34342769 eV
<Jan27-2022> <12:35:25>   Bond Energy         -54.04       kcal/mol
<Jan27-2022> <12:35:25>  >>>> POPUL
<Jan27-2022> <12:35:25>  >>>> ENGRAD
<Jan27-2022> <12:35:30>  >>>> ENHESS
<Jan27-2022> <12:35:32>  === NUCLEUS:     1
<Jan27-2022> <12:36:30>  === NUCLEUS:     2
<Jan27-2022> <12:37:23>  >>>> CALC_HESS_PMAT
<Jan27-2022> <12:37:35>  >>>> CALC_HESS_WMAT
<Jan27-2022> <12:37:37>  PES point character: Geometry corresponds to a local minimum on the PES.
<Jan27-2022> <12:37:37>  Geometry optimization successful!
<Jan27-2022> <12:37:37>  WARNING: total elapsed time is much higher than the (CPU+system) time.
<Jan27-2022> <12:37:37>  Make sure the machine is not oversubscribed and has enough memory, SCM_TMPDIR points to a fast file system, and the network is fast enough.
<Jan27-2022> <12:37:37>  NORMAL TERMINATION
