<Jan23-2022> <03:22:42>  AMS 2021.102  RunTime: Jan23-2022 03:22:42  ShM Nodes: 1  Procs: 4
<Jan23-2022> <03:22:43>  ADF 2021.102  RunTime: Jan23-2022 03:22:43  ShM Nodes: 1  Procs: 4
<Jan23-2022> <03:22:43>  *** (NO TITLE) ***
<Jan23-2022> <03:22:43>  Iteration 1
<Jan23-2022> <03:22:43>  DIRAC 2021.102  RunTime: Jan23-2022 03:22:43  ShM Nodes: 1  Procs: 1
<Jan23-2022> <03:22:43>  Carbon (TZ2P)
<Jan23-2022> <03:22:43>  Net Charge: 0 (Nuclei minus Electrons)
<Jan23-2022> <03:22:43>  Symmetry  : ATOM
<Jan23-2022> <03:22:43>  Coordinates
<Jan23-2022> <03:22:43>     Atom         X           Y           Z   (Angstrom)
<Jan23-2022> <03:22:43>     1.C         0.000000    0.000000    0.000000
<Jan23-2022> <03:22:43>  >>>> CORORT
<Jan23-2022> <03:22:43>  >>>> CLSMAT
<Jan23-2022> <03:22:43>  >>>> ORTHON
<Jan23-2022> <03:22:43>  >>>> GENPT
<Jan23-2022> <03:22:43>  Block Length=  72
<Jan23-2022> <03:22:44>  >>>> PTBAS
<Jan23-2022> <03:22:44>  >>>> CYCLE
<Jan23-2022> <03:22:44>              |Error|         MaxErr       Wt(A-DIIS)
<Jan23-2022> <03:22:44>      1      0.00000000      0.00000000
<Jan23-2022> <03:22:44>      2      4.48405934      3.32161898    100.0
<Jan23-2022> <03:22:44>      3      1.60718414      1.28408746    100.0
<Jan23-2022> <03:22:44>      4      0.76426456      0.62272052    100.0
<Jan23-2022> <03:22:44>      5      0.36119063      0.28553990    100.0
<Jan23-2022> <03:22:44>      6      0.14821424      0.11559867    100.0
<Jan23-2022> <03:22:44>      7      0.10108424      0.07867111     78.5
<Jan23-2022> <03:22:44>      8      0.01786531      0.01387049     13.0
<Jan23-2022> <03:22:44>      9      0.00195746      0.00153262      0.5
<Jan23-2022> <03:22:44>     10      0.00001058      0.00000730      0.0
<Jan23-2022> <03:22:44>     11      0.00000047      0.00000027      0.0
<Jan23-2022> <03:22:44>     12      0.00000003      0.00000002      0.0
<Jan23-2022> <03:22:44>     13      0.00000000      0.00000000      0.0
<Jan23-2022> <03:22:44>  SCF converged
<Jan23-2022> <03:22:44>     14      0.00000000      0.00000000      0.0
<Jan23-2022> <03:22:44>  >>>> POPAN
<Jan23-2022> <03:22:44>  >>>> DEBYE
<Jan23-2022> <03:22:45>  DIRAC 2021.102  RunTime: Jan23-2022 03:22:45  ShM Nodes: 1  Procs: 1
<Jan23-2022> <03:22:45>  Hydrogen (TZ2P)
<Jan23-2022> <03:22:45>  Net Charge: 0 (Nuclei minus Electrons)
<Jan23-2022> <03:22:45>  Symmetry  : ATOM
<Jan23-2022> <03:22:45>  Coordinates
<Jan23-2022> <03:22:45>     Atom         X           Y           Z   (Angstrom)
<Jan23-2022> <03:22:45>     1.H         0.000000    0.000000    0.000000
<Jan23-2022> <03:22:45>  >>>> CORORT
<Jan23-2022> <03:22:45>  >>>> CLSMAT
<Jan23-2022> <03:22:45>  >>>> ORTHON
<Jan23-2022> <03:22:45>  >>>> GENPT
<Jan23-2022> <03:22:45>  Block Length=  64
<Jan23-2022> <03:22:45>  >>>> PTBAS
<Jan23-2022> <03:22:45>  >>>> CYCLE
<Jan23-2022> <03:22:45>              |Error|         MaxErr       Wt(A-DIIS)
<Jan23-2022> <03:22:45>      1      0.00000000      0.00000000
<Jan23-2022> <03:22:45>      2      0.03080019      0.02591482
<Jan23-2022> <03:22:45>      3      0.01140383      0.01135775    100.0
<Jan23-2022> <03:22:45>      4      0.00327656      0.00327407      2.3
<Jan23-2022> <03:22:45>      5      0.00010041      0.00009754      0.0
<Jan23-2022> <03:22:45>      6      0.00000525      0.00000504      0.0
<Jan23-2022> <03:22:45>      7      0.00000007      0.00000007      0.0
<Jan23-2022> <03:22:45>      8      0.00000000      0.00000000      0.0
<Jan23-2022> <03:22:45>  SCF converged
<Jan23-2022> <03:22:45>      9      0.00000000      0.00000000      0.0
<Jan23-2022> <03:22:45>  >>>> POPAN
<Jan23-2022> <03:22:45>  >>>> DEBYE
<Jan23-2022> <03:22:46>  DIRAC 2021.102  RunTime: Jan23-2022 03:22:46  ShM Nodes: 1  Procs: 1
<Jan23-2022> <03:22:46>  Oxygen (TZ2P)
<Jan23-2022> <03:22:46>  Net Charge: 0 (Nuclei minus Electrons)
<Jan23-2022> <03:22:46>  Symmetry  : ATOM
<Jan23-2022> <03:22:46>  Coordinates
<Jan23-2022> <03:22:46>     Atom         X           Y           Z   (Angstrom)
<Jan23-2022> <03:22:46>     1.O         0.000000    0.000000    0.000000
<Jan23-2022> <03:22:46>  >>>> CORORT
<Jan23-2022> <03:22:46>  >>>> CLSMAT
<Jan23-2022> <03:22:46>  >>>> ORTHON
<Jan23-2022> <03:22:46>  >>>> GENPT
<Jan23-2022> <03:22:46>  Block Length=  68
<Jan23-2022> <03:22:46>  >>>> PTBAS
<Jan23-2022> <03:22:46>  >>>> CYCLE
<Jan23-2022> <03:22:46>              |Error|         MaxErr       Wt(A-DIIS)
<Jan23-2022> <03:22:46>      1      0.00000000      0.00000000
<Jan23-2022> <03:22:46>      2      8.77210307      5.53374266    100.0
<Jan23-2022> <03:22:46>      3      3.60058093      2.49154808    100.0
<Jan23-2022> <03:22:46>      4      1.20505529      0.62472425    100.0
<Jan23-2022> <03:22:46>      5      1.46502638      0.81213311    100.0
<Jan23-2022> <03:22:46>      6      0.15089362      0.09131786     91.2
<Jan23-2022> <03:22:46>      7      0.14397311      0.08251182     82.3
<Jan23-2022> <03:22:46>      8      0.00183259      0.00123681      0.2
<Jan23-2022> <03:22:47>      9      0.00015629      0.00008105      0.0
<Jan23-2022> <03:22:47>     10      0.00001324      0.00000629      0.0
<Jan23-2022> <03:22:47>     11      0.00000006      0.00000003      0.0
<Jan23-2022> <03:22:47>     12      0.00000000      0.00000000      0.0
<Jan23-2022> <03:22:47>  SCF converged
<Jan23-2022> <03:22:47>     13      0.00000000      0.00000000      0.0
<Jan23-2022> <03:22:47>  >>>> POPAN
<Jan23-2022> <03:22:47>  >>>> DEBYE
<Jan23-2022> <03:22:47>  *** GOStep1 ***
<Jan23-2022> <03:22:47>  >>>> FRAGM
<Jan23-2022> <03:22:48>  Coordinates
<Jan23-2022> <03:22:48>     Atom         X           Y           Z   (Angstrom)
<Jan23-2022> <03:22:48>     1.C         0.340145    0.475375    0.086499
<Jan23-2022> <03:22:48>     2.C         1.449170   -0.521420    0.438432
<Jan23-2022> <03:22:48>     3.H         1.576552   -1.215131   -0.398394
<Jan23-2022> <03:22:48>     4.C        -0.988742   -0.192877   -0.153375
<Jan23-2022> <03:22:48>     5.H         0.591468    1.012294   -0.834729
<Jan23-2022> <03:22:48>     6.H         0.215388    1.229903    0.869334
<Jan23-2022> <03:22:48>     7.H         0.949431   -0.635065    2.545235
<Jan23-2022> <03:22:48>     8.C         1.125818   -1.310070    1.706091
<Jan23-2022> <03:22:48>     9.H         1.960537   -1.964974    1.956386
<Jan23-2022> <03:22:48>    10.H         0.236682   -1.921856    1.556693
<Jan23-2022> <03:22:48>    11.O        -1.155914   -1.378498   -0.205030
<Jan23-2022> <03:22:48>    12.H         2.366745    0.012755    0.571155
<Jan23-2022> <03:22:48>    13.H        -1.791988    0.499624   -0.295283
<Jan23-2022> <03:22:48>  >>>> CORORT
<Jan23-2022> <03:22:48>  >>>> CLSMAT
<Jan23-2022> <03:22:48>  >>>> ORTHON
<Jan23-2022> <03:22:48>  >>>> GENPT
<Jan23-2022> <03:22:48>  Block Length= 128
<Jan23-2022> <03:22:49>  >>>> PTBAS
<Jan23-2022> <03:22:58>  >>>> CYCLE
<Jan23-2022> <03:23:23>              |Error|         MaxErr       Wt(A-DIIS)
<Jan23-2022> <03:23:23>      1      5.62152158      1.07436118
<Jan23-2022> <03:23:42>      2      1.02146147      0.16967663    100.0
<Jan23-2022> <03:24:01>      3      0.53132460      0.07871097    100.0
<Jan23-2022> <03:24:20>      4      0.84434237      0.13170913    100.0
<Jan23-2022> <03:24:39>      5      0.14684524      0.02930497     28.6
<Jan23-2022> <03:24:57>      6      0.14162316      0.04246790     28.6
<Jan23-2022> <03:25:16>      7      0.03387409      0.00923904      8.3
<Jan23-2022> <03:25:35>      8      0.00796642      0.00212847      1.1
<Jan23-2022> <03:25:54>      9      0.00081353      0.00010296      0.0
<Jan23-2022> <03:26:13>     10      0.00022355      0.00002408      0.0
<Jan23-2022> <03:26:32>     11      0.00004898      0.00000669      0.0
<Jan23-2022> <03:26:51>     12      0.00001183      0.00000111      0.0
<Jan23-2022> <03:27:10>     13      0.00000288      0.00000043      0.0
<Jan23-2022> <03:27:15>  SCF converged
<Jan23-2022> <03:27:30>     14      0.00000106      0.00000014      0.0
<Jan23-2022> <03:27:34>  >>>> TOTEN
<Jan23-2022> <03:27:58>  >>>> POPAN
<Jan23-2022> <03:27:59>  >>>> DEBYE
<Jan23-2022> <03:27:59>  >>>> ENGRAD
<Jan23-2022> <03:28:37>  current energy                               -2.55782042 Hartree
<Jan23-2022> <03:28:37>  energy change                      -2.55782042     0.00013000    F
<Jan23-2022> <03:28:37>  constrained gradient max            0.04909759     0.00100000    F
<Jan23-2022> <03:28:37>  constrained gradient rms            0.01683191     0.00066667    F
<Jan23-2022> <03:28:37>  gradient max                        0.04909759
<Jan23-2022> <03:28:37>  gradient rms                        0.01683191
<Jan23-2022> <03:28:37>  cart. step max                      0.18225862     0.01000000    F
<Jan23-2022> <03:28:37>  cart. step rms                      0.06740693     0.00666667    F
<Jan23-2022> <03:28:37>  Iteration 2
<Jan23-2022> <03:28:37>  *** GOStep2 ***
<Jan23-2022> <03:28:38>  >>>> FRAGM
<Jan23-2022> <03:28:38>  Coordinates
<Jan23-2022> <03:28:38>     Atom         X           Y           Z   (Angstrom)
<Jan23-2022> <03:28:38>     1.C         0.308134    0.433730    0.080445
<Jan23-2022> <03:28:38>     2.C         1.435426   -0.540161    0.467923
<Jan23-2022> <03:28:38>     3.H         1.588819   -1.233466   -0.365721
<Jan23-2022> <03:28:38>     4.C        -1.061353   -0.138858   -0.230111
<Jan23-2022> <03:28:38>     5.H         0.585844    0.978355   -0.832925
<Jan23-2022> <03:28:38>     6.H         0.177741    1.194940    0.860130
<Jan23-2022> <03:28:38>     7.H         1.023177   -0.667883    2.603378
<Jan23-2022> <03:28:38>     8.C         1.203277   -1.338510    1.757457
<Jan23-2022> <03:28:38>     9.H         2.083842   -1.943324    1.989460
<Jan23-2022> <03:28:38>    10.H         0.350347   -2.007934    1.661287
<Jan23-2022> <03:28:38>    11.O        -1.338172   -1.317766   -0.346515
<Jan23-2022> <03:28:38>    12.H         2.346051    0.039148    0.588249
<Jan23-2022> <03:28:38>    13.H        -1.827841    0.631792   -0.390043
<Jan23-2022> <03:28:38>  >>>> CORORT
<Jan23-2022> <03:28:38>  >>>> CLSMAT
<Jan23-2022> <03:28:38>  >>>> ORTHON
<Jan23-2022> <03:28:38>  >>>> GENPT
<Jan23-2022> <03:28:38>  Block Length= 128
<Jan23-2022> <03:28:39>  >>>> PTBAS
<Jan23-2022> <03:28:48>  >>>> CYCLE
<Jan23-2022> <03:28:57>  using orbital data from restart file
<Jan23-2022> <03:29:12>              |Error|         MaxErr       Wt(A-DIIS)
<Jan23-2022> <03:29:12>      1      0.33016003      0.14505643
<Jan23-2022> <03:29:30>      2      0.06188649      0.01012791    100.0
<Jan23-2022> <03:29:49>      3      0.08803098      0.01753634    100.0
<Jan23-2022> <03:30:08>      4      0.01813996      0.00456815      3.6
<Jan23-2022> <03:30:27>      5      0.01134435      0.00379774      2.8
<Jan23-2022> <03:30:45>      6      0.00112742      0.00019990      0.0
<Jan23-2022> <03:31:04>      7      0.00035653      0.00003677      0.0
<Jan23-2022> <03:31:23>      8      0.00006173      0.00000827      0.0
<Jan23-2022> <03:31:42>      9      0.00001369      0.00000174      0.0
<Jan23-2022> <03:32:01>     10      0.00000448      0.00000062      0.0
<Jan23-2022> <03:32:06>  SCF converged
<Jan23-2022> <03:32:19>     11      0.00000120      0.00000015      0.0
<Jan23-2022> <03:32:24>  >>>> TOTEN
<Jan23-2022> <03:32:48>  >>>> POPAN
<Jan23-2022> <03:32:48>  >>>> DEBYE
<Jan23-2022> <03:32:48>  >>>> ENGRAD
<Jan23-2022> <03:33:26>  current energy                               -2.56265010 Hartree
<Jan23-2022> <03:33:26>  energy change                      -0.00482968     0.00013000    F
<Jan23-2022> <03:33:26>  constrained gradient max            0.02550594     0.00100000    F
<Jan23-2022> <03:33:26>  constrained gradient rms            0.00823519     0.00066667    F
<Jan23-2022> <03:33:26>  gradient max                        0.02550594
<Jan23-2022> <03:33:26>  gradient rms                        0.00823519
<Jan23-2022> <03:33:26>  cart. step max                      0.05639617     0.01000000    F
<Jan23-2022> <03:33:26>  cart. step rms                      0.01885975     0.00666667    F
<Jan23-2022> <03:33:26>  Iteration 3
<Jan23-2022> <03:33:26>  *** GOStep3 ***
<Jan23-2022> <03:33:26>  >>>> FRAGM
<Jan23-2022> <03:33:26>  Coordinates
<Jan23-2022> <03:33:26>     Atom         X           Y           Z   (Angstrom)
<Jan23-2022> <03:33:26>     1.C         0.307337    0.427803    0.090158
<Jan23-2022> <03:33:26>     2.C         1.429675   -0.553285    0.460561
<Jan23-2022> <03:33:26>     3.H         1.572390   -1.257051   -0.367224
<Jan23-2022> <03:33:26>     4.C        -1.052202   -0.143864   -0.256148
<Jan23-2022> <03:33:26>     5.H         0.592023    1.008571   -0.801517
<Jan23-2022> <03:33:26>     6.H         0.155011    1.176434    0.881153
<Jan23-2022> <03:33:26>     7.H         1.051573   -0.647309    2.609428
<Jan23-2022> <03:33:26>     8.C         1.206020   -1.329178    1.765273
<Jan23-2022> <03:33:26>     9.H         2.082819   -1.943175    1.993394
<Jan23-2022> <03:33:26>    10.H         0.340739   -1.990230    1.698168
<Jan23-2022> <03:33:26>    11.O        -1.321840   -1.315387   -0.402911
<Jan23-2022> <03:33:26>    12.H         2.352807    0.026333    0.550400
<Jan23-2022> <03:33:26>    13.H        -1.841061    0.630403   -0.377722
<Jan23-2022> <03:33:28>  >>>> CORORT
<Jan23-2022> <03:33:28>  >>>> CLSMAT
<Jan23-2022> <03:33:28>  >>>> ORTHON
<Jan23-2022> <03:33:28>  >>>> GENPT
<Jan23-2022> <03:33:28>  Block Length= 128
<Jan23-2022> <03:33:29>  >>>> PTBAS
<Jan23-2022> <03:33:38>  >>>> CYCLE
<Jan23-2022> <03:33:48>  using orbital data from restart file
<Jan23-2022> <03:34:02>              |Error|         MaxErr       Wt(A-DIIS)
<Jan23-2022> <03:34:02>      1      0.09611981      0.03020217
<Jan23-2022> <03:34:21>      2      0.01097086      0.00290219    100.0
<Jan23-2022> <03:34:40>      3      0.02536524      0.00817313    100.0
<Jan23-2022> <03:34:59>      4      0.00384875      0.00078651      0.0
<Jan23-2022> <03:35:18>      5      0.00083710      0.00011616      0.0
<Jan23-2022> <03:35:37>      6      0.00023594      0.00002449      0.0
<Jan23-2022> <03:35:56>      7      0.00005165      0.00000770      0.0
<Jan23-2022> <03:36:15>      8      0.00000974      0.00000144      0.0
<Jan23-2022> <03:36:34>      9      0.00000423      0.00000049      0.0
<Jan23-2022> <03:36:39>  SCF converged
<Jan23-2022> <03:36:53>     10      0.00000089      0.00000009      0.0
<Jan23-2022> <03:36:58>  >>>> TOTEN
<Jan23-2022> <03:37:22>  >>>> POPAN
<Jan23-2022> <03:37:22>  >>>> DEBYE
<Jan23-2022> <03:37:22>  >>>> ENGRAD
<Jan23-2022> <03:38:00>  current energy                               -2.56341295 Hartree
<Jan23-2022> <03:38:00>  energy change                      -0.00076286     0.00013000    F
<Jan23-2022> <03:38:00>  constrained gradient max            0.00872715     0.00100000    F
<Jan23-2022> <03:38:00>  constrained gradient rms            0.00315080     0.00066667    F
<Jan23-2022> <03:38:00>  gradient max                        0.00872715
<Jan23-2022> <03:38:00>  gradient rms                        0.00315080
<Jan23-2022> <03:38:00>  cart. step max                      0.13282638     0.01000000    F
<Jan23-2022> <03:38:00>  cart. step rms                      0.04221573     0.00666667    F
<Jan23-2022> <03:38:00>  Iteration 4
<Jan23-2022> <03:38:01>  *** GOStep4 ***
<Jan23-2022> <03:38:01>  >>>> FRAGM
<Jan23-2022> <03:38:01>  Coordinates
<Jan23-2022> <03:38:01>     Atom         X           Y           Z   (Angstrom)
<Jan23-2022> <03:38:01>     1.C         0.296074    0.420316    0.124097
<Jan23-2022> <03:38:01>     2.C         1.410491   -0.574476    0.451562
<Jan23-2022> <03:38:01>     3.H         1.509592   -1.298859   -0.365541
<Jan23-2022> <03:38:01>     4.C        -1.047649   -0.156085   -0.259867
<Jan23-2022> <03:38:01>     5.H         0.582536    1.060178   -0.729888
<Jan23-2022> <03:38:01>     6.H         0.118910    1.140612    0.939264
<Jan23-2022> <03:38:01>     7.H         1.132363   -0.606220    2.621196
<Jan23-2022> <03:38:01>     8.C         1.220786   -1.309379    1.782860
<Jan23-2022> <03:38:01>     9.H         2.084430   -1.951587    1.989451
<Jan23-2022> <03:38:01>    10.H         0.327323   -1.941280    1.776479
<Jan23-2022> <03:38:01>    11.O        -1.273503   -1.309144   -0.535738
<Jan23-2022> <03:38:01>    12.H         2.356709   -0.010245    0.473584
<Jan23-2022> <03:38:01>    13.H        -1.842769    0.626232   -0.424447
<Jan23-2022> <03:38:01>  >>>> CORORT
<Jan23-2022> <03:38:01>  >>>> CLSMAT
<Jan23-2022> <03:38:01>  >>>> ORTHON
<Jan23-2022> <03:38:01>  >>>> GENPT
<Jan23-2022> <03:38:01>  Block Length= 128
<Jan23-2022> <03:38:02>  >>>> PTBAS
<Jan23-2022> <03:38:11>  >>>> CYCLE
<Jan23-2022> <03:38:21>  using orbital data from restart file
<Jan23-2022> <03:38:35>              |Error|         MaxErr       Wt(A-DIIS)
<Jan23-2022> <03:38:35>      1      0.31106953      0.13723847
<Jan23-2022> <03:38:54>      2      0.04720902      0.00870754    100.0
<Jan23-2022> <03:39:13>      3      0.06706989      0.01539246    100.0
<Jan23-2022> <03:39:32>      4      0.01432848      0.00374703      2.8
<Jan23-2022> <03:39:51>      5      0.00700435      0.00208736      1.1
<Jan23-2022> <03:40:09>      6      0.00076861      0.00009365      0.0
<Jan23-2022> <03:40:28>      7      0.00025129      0.00003043      0.0
<Jan23-2022> <03:40:47>      8      0.00005837      0.00000624      0.0
<Jan23-2022> <03:41:06>      9      0.00001324      0.00000179      0.0
<Jan23-2022> <03:41:25>     10      0.00000356      0.00000043      0.0
<Jan23-2022> <03:41:30>  SCF converged
<Jan23-2022> <03:41:44>     11      0.00000116      0.00000012      0.0
<Jan23-2022> <03:41:49>  >>>> TOTEN
<Jan23-2022> <03:42:13>  >>>> POPAN
<Jan23-2022> <03:42:13>  >>>> DEBYE
<Jan23-2022> <03:42:13>  >>>> ENGRAD
<Jan23-2022> <03:42:51>  current energy                               -2.56310430 Hartree
<Jan23-2022> <03:42:51>  energy change                       0.00030865     0.00013000    F
<Jan23-2022> <03:42:51>  constrained gradient max            0.02526946     0.00100000    F
<Jan23-2022> <03:42:51>  constrained gradient rms            0.00647046     0.00066667    F
<Jan23-2022> <03:42:51>  gradient max                        0.02526946
<Jan23-2022> <03:42:51>  gradient rms                        0.00647046
<Jan23-2022> <03:42:51>  cart. step max                      0.01697317     0.01000000    F
<Jan23-2022> <03:42:51>  cart. step rms                      0.00504128     0.00666667    T
<Jan23-2022> <03:42:51>  Iteration 5
<Jan23-2022> <03:42:52>  *** GOStep5 ***
<Jan23-2022> <03:42:52>  >>>> FRAGM
<Jan23-2022> <03:42:52>  Coordinates
<Jan23-2022> <03:42:52>     Atom         X           Y           Z   (Angstrom)
<Jan23-2022> <03:42:52>     1.C         0.297540    0.421544    0.118245
<Jan23-2022> <03:42:52>     2.C         1.411852   -0.571047    0.453880
<Jan23-2022> <03:42:52>     3.H         1.510647   -1.294382   -0.363534
<Jan23-2022> <03:42:52>     4.C        -1.044636   -0.152927   -0.276840
<Jan23-2022> <03:42:52>     5.H         0.586135    1.060239   -0.734754
<Jan23-2022> <03:42:52>     6.H         0.120044    1.138370    0.935527
<Jan23-2022> <03:42:52>     7.H         1.130656   -0.607371    2.620412
<Jan23-2022> <03:42:52>     8.C         1.221233   -1.309526    1.782319
<Jan23-2022> <03:42:52>     9.H         2.082820   -1.953634    1.989647
<Jan23-2022> <03:42:52>    10.H         0.327792   -1.940205    1.770590
<Jan23-2022> <03:42:52>    11.O        -1.280218   -1.314648   -0.525719
<Jan23-2022> <03:42:52>    12.H         2.357240   -0.010644    0.482713
<Jan23-2022> <03:42:52>    13.H        -1.845815    0.624293   -0.409472
<Jan23-2022> <03:42:52>  >>>> CORORT
<Jan23-2022> <03:42:52>  >>>> CLSMAT
<Jan23-2022> <03:42:52>  >>>> ORTHON
<Jan23-2022> <03:42:52>  >>>> GENPT
<Jan23-2022> <03:42:53>  Block Length= 128
<Jan23-2022> <03:42:53>  >>>> PTBAS
<Jan23-2022> <03:43:03>  >>>> CYCLE
<Jan23-2022> <03:43:12>  using orbital data from restart file
<Jan23-2022> <03:43:27>              |Error|         MaxErr       Wt(A-DIIS)
<Jan23-2022> <03:43:27>      1      0.06974284      0.03211034
<Jan23-2022> <03:43:45>      2      0.00948890      0.00163851    100.0
<Jan23-2022> <03:44:04>      3      0.01792027      0.00454275    100.0
<Jan23-2022> <03:44:23>      4      0.00444035      0.00079522      0.0
<Jan23-2022> <03:44:42>      5      0.00097587      0.00028141      0.0
<Jan23-2022> <03:45:01>      6      0.00022309      0.00003280      0.0
<Jan23-2022> <03:45:20>      7      0.00004131      0.00000446      0.0
<Jan23-2022> <03:45:39>      8      0.00001530      0.00000212      0.0
<Jan23-2022> <03:45:59>      9      0.00000289      0.00000033      0.0
<Jan23-2022> <03:46:04>  SCF converged
<Jan23-2022> <03:46:18>     10      0.00000052      0.00000006      0.0
<Jan23-2022> <03:46:23>  >>>> TOTEN
<Jan23-2022> <03:46:47>  >>>> POPAN
<Jan23-2022> <03:46:47>  >>>> DEBYE
<Jan23-2022> <03:46:47>  >>>> ENGRAD
<Jan23-2022> <03:47:24>  current energy                               -2.56369208 Hartree
<Jan23-2022> <03:47:24>  energy change                      -0.00058778     0.00013000    F
<Jan23-2022> <03:47:24>  constrained gradient max            0.01152884     0.00100000    F
<Jan23-2022> <03:47:24>  constrained gradient rms            0.00254133     0.00066667    F
<Jan23-2022> <03:47:24>  gradient max                        0.01152884
<Jan23-2022> <03:47:24>  gradient rms                        0.00254133
<Jan23-2022> <03:47:24>  cart. step max                      0.02329972     0.01000000    F
<Jan23-2022> <03:47:24>  cart. step rms                      0.00887265     0.00666667    F
<Jan23-2022> <03:47:24>  Iteration 6
<Jan23-2022> <03:47:25>  *** GOStep6 ***
<Jan23-2022> <03:47:25>  >>>> FRAGM
<Jan23-2022> <03:47:25>  Coordinates
<Jan23-2022> <03:47:25>     Atom         X           Y           Z   (Angstrom)
<Jan23-2022> <03:47:25>     1.C         0.295393    0.420232    0.118265
<Jan23-2022> <03:47:25>     2.C         1.409814   -0.571435    0.454329
<Jan23-2022> <03:47:25>     3.H         1.496573   -1.299630   -0.359777
<Jan23-2022> <03:47:25>     4.C        -1.040759   -0.151511   -0.300140
<Jan23-2022> <03:47:25>     5.H         0.590596    1.071160   -0.722588
<Jan23-2022> <03:47:25>     6.H         0.107737    1.122753    0.944899
<Jan23-2022> <03:47:25>     7.H         1.150207   -0.598630    2.621630
<Jan23-2022> <03:47:25>     8.C         1.225513   -1.304475    1.785739
<Jan23-2022> <03:47:25>     9.H         2.080232   -1.959114    1.986533
<Jan23-2022> <03:47:25>    10.H         0.325092   -1.924711    1.783320
<Jan23-2022> <03:47:25>    11.O        -1.274735   -1.314147   -0.542606
<Jan23-2022> <03:47:25>    12.H         2.358009   -0.019362    0.476071
<Jan23-2022> <03:47:25>    13.H        -1.848381    0.618933   -0.402661
<Jan23-2022> <03:47:25>  >>>> CORORT
<Jan23-2022> <03:47:25>  >>>> CLSMAT
<Jan23-2022> <03:47:25>  >>>> ORTHON
<Jan23-2022> <03:47:25>  >>>> GENPT
<Jan23-2022> <03:47:26>  Block Length= 128
<Jan23-2022> <03:47:26>  >>>> PTBAS
<Jan23-2022> <03:47:36>  >>>> CYCLE
<Jan23-2022> <03:47:45>  using orbital data from restart file
<Jan23-2022> <03:48:00>              |Error|         MaxErr       Wt(A-DIIS)
<Jan23-2022> <03:48:00>      1      0.03232970      0.00788190
<Jan23-2022> <03:48:19>      2      0.00580386      0.00088868    100.0
<Jan23-2022> <03:48:38>      3      0.00344115      0.00053372    100.0
<Jan23-2022> <03:48:57>      4      0.00361039      0.00059641      0.0
<Jan23-2022> <03:49:15>      5      0.00055703      0.00016320      0.0
<Jan23-2022> <03:49:34>      6      0.00020749      0.00004762      0.0
<Jan23-2022> <03:49:54>      7      0.00002492      0.00000277      0.0
<Jan23-2022> <03:50:13>      8      0.00000726      0.00000098      0.0
<Jan23-2022> <03:50:17>  SCF converged
<Jan23-2022> <03:50:32>      9      0.00000172      0.00000021      0.0
<Jan23-2022> <03:50:36>  >>>> TOTEN
<Jan23-2022> <03:51:00>  >>>> POPAN
<Jan23-2022> <03:51:00>  >>>> DEBYE
<Jan23-2022> <03:51:00>  >>>> ENGRAD
<Jan23-2022> <03:51:38>  current energy                               -2.56384742 Hartree
<Jan23-2022> <03:51:38>  energy change                      -0.00015534     0.00013000    F
<Jan23-2022> <03:51:38>  constrained gradient max            0.00269755     0.00100000    F
<Jan23-2022> <03:51:38>  constrained gradient rms            0.00082443     0.00066667    F
<Jan23-2022> <03:51:38>  gradient max                        0.00269755
<Jan23-2022> <03:51:38>  gradient rms                        0.00082443
<Jan23-2022> <03:51:38>  cart. step max                      0.01376653     0.01000000    F
<Jan23-2022> <03:51:38>  cart. step rms                      0.00530665     0.00666667    T
<Jan23-2022> <03:51:38>  Iteration 7
<Jan23-2022> <03:51:39>  *** GOStep7 ***
<Jan23-2022> <03:51:39>  >>>> FRAGM
<Jan23-2022> <03:51:39>  Coordinates
<Jan23-2022> <03:51:39>     Atom         X           Y           Z   (Angstrom)
<Jan23-2022> <03:51:39>     1.C         0.293993    0.420248    0.120621
<Jan23-2022> <03:51:39>     2.C         1.408797   -0.571912    0.453913
<Jan23-2022> <03:51:39>     3.H         1.488281   -1.303135   -0.358315
<Jan23-2022> <03:51:39>     4.C        -1.039441   -0.152410   -0.306259
<Jan23-2022> <03:51:39>     5.H         0.591537    1.078418   -0.713753
<Jan23-2022> <03:51:39>     6.H         0.100278    1.115218    0.952229
<Jan23-2022> <03:51:39>     7.H         1.163973   -0.594428    2.623154
<Jan23-2022> <03:51:39>     8.C         1.227900   -1.301794    1.787614
<Jan23-2022> <03:51:39>     9.H         2.078113   -1.963779    1.983172
<Jan23-2022> <03:51:39>    10.H         0.322378   -1.914740    1.792561
<Jan23-2022> <03:51:39>    11.O        -1.271559   -1.315702   -0.552856
<Jan23-2022> <03:51:39>    12.H         2.358710   -0.022884    0.469651
<Jan23-2022> <03:51:39>    13.H        -1.847669    0.616962   -0.408718
<Jan23-2022> <03:51:39>  >>>> CORORT
<Jan23-2022> <03:51:39>  >>>> CLSMAT
<Jan23-2022> <03:51:39>  >>>> ORTHON
<Jan23-2022> <03:51:39>  >>>> GENPT
<Jan23-2022> <03:51:40>  Block Length= 128
<Jan23-2022> <03:51:40>  >>>> PTBAS
<Jan23-2022> <03:51:50>  >>>> CYCLE
<Jan23-2022> <03:51:59>  using orbital data from restart file
<Jan23-2022> <03:52:13>              |Error|         MaxErr       Wt(A-DIIS)
<Jan23-2022> <03:52:13>      1      0.01700406      0.00410495
<Jan23-2022> <03:52:32>      2      0.00179246      0.00031383    100.0
<Jan23-2022> <03:52:51>      3      0.00247052      0.00055413    100.0
<Jan23-2022> <03:53:10>      4      0.00091181      0.00025491      0.0
<Jan23-2022> <03:53:29>      5      0.00024124      0.00006126      0.0
<Jan23-2022> <03:53:48>      6      0.00004639      0.00000690      0.0
<Jan23-2022> <03:54:06>      7      0.00001268      0.00000158      0.0
<Jan23-2022> <03:54:25>      8      0.00000388      0.00000055      0.0
<Jan23-2022> <03:54:30>  SCF converged
<Jan23-2022> <03:54:44>      9      0.00000088      0.00000018      0.0
<Jan23-2022> <03:54:49>  >>>> TOTEN
<Jan23-2022> <03:55:13>  >>>> POPAN
<Jan23-2022> <03:55:13>  >>>> DEBYE
<Jan23-2022> <03:55:13>  >>>> ENGRAD
<Jan23-2022> <03:55:50>  current energy                               -2.56386384 Hartree
<Jan23-2022> <03:55:50>  energy change                      -0.00001641     0.00013000    T
<Jan23-2022> <03:55:50>  constrained gradient max            0.00123912     0.00100000    F
<Jan23-2022> <03:55:50>  constrained gradient rms            0.00045632     0.00066667    T
<Jan23-2022> <03:55:50>  gradient max                        0.00123912
<Jan23-2022> <03:55:50>  gradient rms                        0.00045632
<Jan23-2022> <03:55:50>  cart. step max                      0.02565934     0.01000000    F
<Jan23-2022> <03:55:50>  cart. step rms                      0.00927637     0.00666667    F
<Jan23-2022> <03:55:50>  Iteration 8
<Jan23-2022> <03:55:51>  *** GOStep8 ***
<Jan23-2022> <03:55:51>  >>>> FRAGM
<Jan23-2022> <03:55:51>  Coordinates
<Jan23-2022> <03:55:51>     Atom         X           Y           Z   (Angstrom)
<Jan23-2022> <03:55:51>     1.C         0.290737    0.420048    0.124651
<Jan23-2022> <03:55:51>     2.C         1.406771   -0.572906    0.453695
<Jan23-2022> <03:55:51>     3.H         1.474529   -1.308795   -0.355468
<Jan23-2022> <03:55:51>     4.C        -1.038482   -0.153309   -0.316107
<Jan23-2022> <03:55:51>     5.H         0.591707    1.090159   -0.698591
<Jan23-2022> <03:55:51>     6.H         0.086758    1.101629    0.964785
<Jan23-2022> <03:55:51>     7.H         1.189633   -0.588492    2.626301
<Jan23-2022> <03:55:51>     8.C         1.233135   -1.297990    1.791339
<Jan23-2022> <03:55:51>     9.H         2.075636   -1.972494    1.976805
<Jan23-2022> <03:55:51>    10.H         0.319139   -1.898110    1.809146
<Jan23-2022> <03:55:51>    11.O        -1.267445   -1.316263   -0.568149
<Jan23-2022> <03:55:51>    12.H         2.358653   -0.028212    0.459918
<Jan23-2022> <03:55:51>    13.H        -1.845479    0.614797   -0.425312
<Jan23-2022> <03:55:51>  >>>> CORORT
<Jan23-2022> <03:55:51>  >>>> CLSMAT
<Jan23-2022> <03:55:51>  >>>> ORTHON
<Jan23-2022> <03:55:51>  >>>> GENPT
<Jan23-2022> <03:55:52>  Block Length= 128
<Jan23-2022> <03:55:52>  >>>> PTBAS
<Jan23-2022> <03:56:02>  >>>> CYCLE
<Jan23-2022> <03:56:11>  using orbital data from restart file
<Jan23-2022> <03:56:25>              |Error|         MaxErr       Wt(A-DIIS)
<Jan23-2022> <03:56:25>      1      0.02656932      0.00577866
<Jan23-2022> <03:56:44>      2      0.00240526      0.00039576    100.0
<Jan23-2022> <03:57:03>      3      0.00370073      0.00086194    100.0
<Jan23-2022> <03:57:22>      4      0.00122837      0.00032489      0.0
<Jan23-2022> <03:57:42>      5      0.00042057      0.00007917      0.0
<Jan23-2022> <03:58:01>      6      0.00006754      0.00000823      0.0
<Jan23-2022> <03:58:20>      7      0.00001283      0.00000158      0.0
<Jan23-2022> <03:58:39>      8      0.00000437      0.00000053      0.0
<Jan23-2022> <03:58:44>  SCF converged
<Jan23-2022> <03:58:58>      9      0.00000127      0.00000016      0.0
<Jan23-2022> <03:59:03>  >>>> TOTEN
<Jan23-2022> <03:59:27>  >>>> POPAN
<Jan23-2022> <03:59:27>  >>>> DEBYE
<Jan23-2022> <03:59:27>  >>>> ENGRAD
<Jan23-2022> <04:00:05>  current energy                               -2.56387832 Hartree
<Jan23-2022> <04:00:05>  energy change                      -0.00001449     0.00013000    T
<Jan23-2022> <04:00:05>  constrained gradient max            0.00104042     0.00100000    F
<Jan23-2022> <04:00:05>  constrained gradient rms            0.00028014     0.00066667    T
<Jan23-2022> <04:00:05>  gradient max                        0.00104042
<Jan23-2022> <04:00:05>  gradient rms                        0.00028014
<Jan23-2022> <04:00:05>  cart. step max                      0.00750015     0.01000000    T
<Jan23-2022> <04:00:05>  cart. step rms                      0.00252447     0.00666667    T
<Jan23-2022> <04:00:05>  Iteration 9
<Jan23-2022> <04:00:05>  *** GOStep9 ***
<Jan23-2022> <04:00:06>  >>>> FRAGM
<Jan23-2022> <04:00:06>  Coordinates
<Jan23-2022> <04:00:06>     Atom         X           Y           Z   (Angstrom)
<Jan23-2022> <04:00:06>     1.C         0.289752    0.419880    0.125874
<Jan23-2022> <04:00:06>     2.C         1.406098   -0.573521    0.453502
<Jan23-2022> <04:00:06>     3.H         1.472107   -1.310072   -0.355180
<Jan23-2022> <04:00:06>     4.C        -1.038409   -0.153519   -0.318332
<Jan23-2022> <04:00:06>     5.H         0.591054    1.093551   -0.694159
<Jan23-2022> <04:00:06>     6.H         0.083232    1.098076    0.968240
<Jan23-2022> <04:00:06>     7.H         1.196645   -0.587445    2.627086
<Jan23-2022> <04:00:06>     8.C         1.234512   -1.297389    1.792210
<Jan23-2022> <04:00:06>     9.H         2.075197   -1.974955    1.974919
<Jan23-2022> <04:00:06>    10.H         0.318319   -1.894126    1.813400
<Jan23-2022> <04:00:06>    11.O        -1.267036   -1.316595   -0.569322
<Jan23-2022> <04:00:06>    12.H         2.358130   -0.028974    0.457587
<Jan23-2022> <04:00:06>    13.H        -1.844309    0.615152   -0.432812
<Jan23-2022> <04:00:06>  >>>> CORORT
<Jan23-2022> <04:00:06>  >>>> CLSMAT
<Jan23-2022> <04:00:06>  >>>> ORTHON
<Jan23-2022> <04:00:06>  >>>> GENPT
<Jan23-2022> <04:00:06>  Block Length= 128
<Jan23-2022> <04:00:07>  >>>> PTBAS
<Jan23-2022> <04:00:17>  >>>> CYCLE
<Jan23-2022> <04:00:26>  using orbital data from restart file
<Jan23-2022> <04:00:41>              |Error|         MaxErr       Wt(A-DIIS)
<Jan23-2022> <04:00:41>      1      0.00661881      0.00097840
<Jan23-2022> <04:01:00>      2      0.00068695      0.00011536    100.0
<Jan23-2022> <04:01:19>      3      0.00112610      0.00030690    100.0
<Jan23-2022> <04:01:38>      4      0.00035801      0.00009633      0.0
<Jan23-2022> <04:01:57>      5      0.00010759      0.00001560      0.0
<Jan23-2022> <04:02:16>      6      0.00001960      0.00000214      0.0
<Jan23-2022> <04:02:36>      7      0.00000290      0.00000045      0.0
<Jan23-2022> <04:02:41>  SCF converged
<Jan23-2022> <04:02:55>      8      0.00000095      0.00000017      0.0
<Jan23-2022> <04:03:00>  >>>> TOTEN
<Jan23-2022> <04:03:24>  >>>> POPAN
<Jan23-2022> <04:03:24>  >>>> DEBYE
<Jan23-2022> <04:03:25>  >>>> ENGRAD
<Jan23-2022> <04:04:02>  current energy                               -2.56388068 Hartree
<Jan23-2022> <04:04:02>  energy change                      -0.00000236     0.00013000    T
<Jan23-2022> <04:04:02>  constrained gradient max            0.00051849     0.00100000    T
<Jan23-2022> <04:04:02>  constrained gradient rms            0.00014582     0.00066667    T
<Jan23-2022> <04:04:02>  gradient max                        0.00051849
<Jan23-2022> <04:04:02>  gradient rms                        0.00014582
<Jan23-2022> <04:04:02>  cart. step max                      0.00797378     0.01000000    T
<Jan23-2022> <04:04:02>  cart. step rms                      0.00190830     0.00666667    T
<Jan23-2022> <04:04:02>  Geometry optimization converged
<Jan23-2022> <04:04:03>  *** adf ***
<Jan23-2022> <04:04:03>  Net Charge: 0 (Nuclei minus Electrons)
<Jan23-2022> <04:04:03>  Symmetry  : NOSYM
<Jan23-2022> <04:04:03>  >>>> FRAGM
<Jan23-2022> <04:04:03>  Coordinates
<Jan23-2022> <04:04:03>     Atom         X           Y           Z   (Angstrom)
<Jan23-2022> <04:04:03>     1.C         0.289752    0.419880    0.125874
<Jan23-2022> <04:04:03>     2.C         1.406098   -0.573521    0.453502
<Jan23-2022> <04:04:03>     3.H         1.472107   -1.310072   -0.355180
<Jan23-2022> <04:04:03>     4.C        -1.038409   -0.153519   -0.318332
<Jan23-2022> <04:04:03>     5.H         0.591054    1.093551   -0.694159
<Jan23-2022> <04:04:03>     6.H         0.083232    1.098076    0.968240
<Jan23-2022> <04:04:03>     7.H         1.196645   -0.587445    2.627086
<Jan23-2022> <04:04:03>     8.C         1.234512   -1.297389    1.792210
<Jan23-2022> <04:04:03>     9.H         2.075197   -1.974955    1.974919
<Jan23-2022> <04:04:03>    10.H         0.318319   -1.894126    1.813400
<Jan23-2022> <04:04:03>    11.O        -1.267036   -1.316595   -0.569322
<Jan23-2022> <04:04:03>    12.H         2.358130   -0.028974    0.457587
<Jan23-2022> <04:04:03>    13.H        -1.844309    0.615152   -0.432812
<Jan23-2022> <04:04:03>  >>>> CORORT
<Jan23-2022> <04:04:03>  >>>> CLSMAT
<Jan23-2022> <04:04:04>  >>>> ORTHON
<Jan23-2022> <04:04:04>  >>>> GENPT
<Jan23-2022> <04:04:04>  Block Length= 128
<Jan23-2022> <04:04:05>  >>>> PTBAS
<Jan23-2022> <04:04:14>  >>>> CYCLE
<Jan23-2022> <04:04:24>  using orbital data from restart file
<Jan23-2022> <04:04:38>              |Error|         MaxErr       Wt(A-DIIS)
<Jan23-2022> <04:04:38>      1      0.00000028      0.00000006
<Jan23-2022> <04:04:57>      2      0.00000039      0.00000008    100.0
<Jan23-2022> <04:05:02>  SCF converged
<Jan23-2022> <04:05:17>      3      0.00000060      0.00000013    100.0
<Jan23-2022> <04:05:34>  >>>> TOTEN
<Jan23-2022> <04:06:17>  >>>> POPAN
<Jan23-2022> <04:06:17>  >>>> DEBYE
<Jan23-2022> <04:06:17>  >>>> AMETS
<Jan23-2022> <04:06:17>   Bond Energy          -2.56388068 a.u.
<Jan23-2022> <04:06:17>   Bond Energy         -69.76674305 eV
<Jan23-2022> <04:06:17>   Bond Energy       -1608.86       kcal/mol
<Jan23-2022> <04:06:17>  >>>> POPUL
<Jan23-2022> <04:06:17>  >>>> ENGRAD
<Jan23-2022> <04:06:56>  >>>> ENHESS
<Jan23-2022> <04:07:06>  === NUCLEUS:     1
<Jan23-2022> <04:15:18>  === NUCLEUS:     2
<Jan23-2022> <04:22:45>  === NUCLEUS:     3
<Jan23-2022> <04:29:50>  === NUCLEUS:     4
<Jan23-2022> <04:34:52>  === NUCLEUS:     5
<Jan23-2022> <04:38:17>  === NUCLEUS:     6
<Jan23-2022> <04:41:41>  === NUCLEUS:     7
<Jan23-2022> <04:45:05>  === NUCLEUS:     8
<Jan23-2022> <04:48:29>  === NUCLEUS:     9
<Jan23-2022> <04:51:52>  === NUCLEUS:    10
<Jan23-2022> <04:55:16>  === NUCLEUS:    11
<Jan23-2022> <04:58:39>  === NUCLEUS:    12
<Jan23-2022> <05:02:02>  === NUCLEUS:    13
<Jan23-2022> <05:05:32>  >>>> CALC_HESS_PMAT
<Jan23-2022> <05:06:18>  >>>> CALC_HESS_WMAT
<Jan23-2022> <05:06:25>  PES point character: Geometry corresponds to a local minimum on the PES.
<Jan23-2022> <05:06:25>  Geometry optimization successful!
<Jan23-2022> <05:06:25>  NORMAL TERMINATION
