<Jan20-2022> <01:12:25>  AMS 2021.102  RunTime: Jan20-2022 01:12:25  ShM Nodes: 1  Procs: 1
<Jan20-2022> <01:12:25>  ADF 2021.102  RunTime: Jan20-2022 01:12:25  ShM Nodes: 1  Procs: 1
<Jan20-2022> <01:12:25>  *** (NO TITLE) ***
<Jan20-2022> <01:12:25>  Iteration 1
<Jan20-2022> <01:12:25>  DIRAC 2021.102  RunTime: Jan20-2022 01:12:25  ShM Nodes: 1  Procs: 1
<Jan20-2022> <01:12:25>  Carbon (TZ2P)
<Jan20-2022> <01:12:25>  Net Charge: 0 (Nuclei minus Electrons)
<Jan20-2022> <01:12:25>  Symmetry  : ATOM
<Jan20-2022> <01:12:25>  Coordinates
<Jan20-2022> <01:12:25>     Atom         X           Y           Z   (Angstrom)
<Jan20-2022> <01:12:25>     1.C         0.000000    0.000000    0.000000
<Jan20-2022> <01:12:25>  >>>> CORORT
<Jan20-2022> <01:12:26>  >>>> CLSMAT
<Jan20-2022> <01:12:26>  >>>> ORTHON
<Jan20-2022> <01:12:26>  >>>> GENPT
<Jan20-2022> <01:12:26>  Block Length=  72
<Jan20-2022> <01:12:26>  >>>> PTBAS
<Jan20-2022> <01:12:26>  >>>> CYCLE
<Jan20-2022> <01:12:26>              |Error|         MaxErr       Wt(A-DIIS)
<Jan20-2022> <01:12:26>      1      0.00000000      0.00000000
<Jan20-2022> <01:12:26>      2      4.48405934      3.32161898    100.0
<Jan20-2022> <01:12:26>      3      1.60718414      1.28408746    100.0
<Jan20-2022> <01:12:26>      4      0.76426456      0.62272052    100.0
<Jan20-2022> <01:12:26>      5      0.36119063      0.28553990    100.0
<Jan20-2022> <01:12:26>      6      0.14821424      0.11559867    100.0
<Jan20-2022> <01:12:26>      7      0.10108424      0.07867111     78.5
<Jan20-2022> <01:12:26>      8      0.01786531      0.01387049     13.0
<Jan20-2022> <01:12:26>      9      0.00195746      0.00153262      0.5
<Jan20-2022> <01:12:26>     10      0.00001058      0.00000730      0.0
<Jan20-2022> <01:12:26>     11      0.00000047      0.00000027      0.0
<Jan20-2022> <01:12:26>     12      0.00000003      0.00000002      0.0
<Jan20-2022> <01:12:26>     13      0.00000000      0.00000000      0.0
<Jan20-2022> <01:12:26>  SCF converged
<Jan20-2022> <01:12:26>     14      0.00000000      0.00000000      0.0
<Jan20-2022> <01:12:26>  >>>> POPAN
<Jan20-2022> <01:12:26>  >>>> DEBYE
<Jan20-2022> <01:12:26>  DIRAC 2021.102  RunTime: Jan20-2022 01:12:26  ShM Nodes: 1  Procs: 1
<Jan20-2022> <01:12:26>  Hydrogen (TZ2P)
<Jan20-2022> <01:12:26>  Net Charge: 0 (Nuclei minus Electrons)
<Jan20-2022> <01:12:26>  Symmetry  : ATOM
<Jan20-2022> <01:12:26>  Coordinates
<Jan20-2022> <01:12:26>     Atom         X           Y           Z   (Angstrom)
<Jan20-2022> <01:12:26>     1.H         0.000000    0.000000    0.000000
<Jan20-2022> <01:12:26>  >>>> CORORT
<Jan20-2022> <01:12:26>  >>>> CLSMAT
<Jan20-2022> <01:12:26>  >>>> ORTHON
<Jan20-2022> <01:12:26>  >>>> GENPT
<Jan20-2022> <01:12:26>  Block Length=  64
<Jan20-2022> <01:12:26>  >>>> PTBAS
<Jan20-2022> <01:12:26>  >>>> CYCLE
<Jan20-2022> <01:12:26>              |Error|         MaxErr       Wt(A-DIIS)
<Jan20-2022> <01:12:26>      1      0.00000000      0.00000000
<Jan20-2022> <01:12:26>      2      0.03080019      0.02591482
<Jan20-2022> <01:12:26>      3      0.01140383      0.01135775    100.0
<Jan20-2022> <01:12:26>      4      0.00327656      0.00327407      2.3
<Jan20-2022> <01:12:26>      5      0.00010041      0.00009754      0.0
<Jan20-2022> <01:12:26>      6      0.00000525      0.00000504      0.0
<Jan20-2022> <01:12:26>      7      0.00000007      0.00000007      0.0
<Jan20-2022> <01:12:26>      8      0.00000000      0.00000000      0.0
<Jan20-2022> <01:12:26>  SCF converged
<Jan20-2022> <01:12:26>      9      0.00000000      0.00000000      0.0
<Jan20-2022> <01:12:27>  >>>> POPAN
<Jan20-2022> <01:12:27>  >>>> DEBYE
<Jan20-2022> <01:12:27>  DIRAC 2021.102  RunTime: Jan20-2022 01:12:27  ShM Nodes: 1  Procs: 1
<Jan20-2022> <01:12:27>  Oxygen (TZ2P)
<Jan20-2022> <01:12:27>  Net Charge: 0 (Nuclei minus Electrons)
<Jan20-2022> <01:12:27>  Symmetry  : ATOM
<Jan20-2022> <01:12:27>  Coordinates
<Jan20-2022> <01:12:27>     Atom         X           Y           Z   (Angstrom)
<Jan20-2022> <01:12:27>     1.O         0.000000    0.000000    0.000000
<Jan20-2022> <01:12:27>  >>>> CORORT
<Jan20-2022> <01:12:27>  >>>> CLSMAT
<Jan20-2022> <01:12:27>  >>>> ORTHON
<Jan20-2022> <01:12:27>  >>>> GENPT
<Jan20-2022> <01:12:27>  Block Length=  68
<Jan20-2022> <01:12:27>  >>>> PTBAS
<Jan20-2022> <01:12:27>  >>>> CYCLE
<Jan20-2022> <01:12:27>              |Error|         MaxErr       Wt(A-DIIS)
<Jan20-2022> <01:12:27>      1      0.00000000      0.00000000
<Jan20-2022> <01:12:27>      2      8.77210307      5.53374266    100.0
<Jan20-2022> <01:12:27>      3      3.60058093      2.49154808    100.0
<Jan20-2022> <01:12:27>      4      1.20505529      0.62472425    100.0
<Jan20-2022> <01:12:27>      5      1.46502638      0.81213311    100.0
<Jan20-2022> <01:12:27>      6      0.15089362      0.09131786     91.2
<Jan20-2022> <01:12:27>      7      0.14397311      0.08251182     82.3
<Jan20-2022> <01:12:27>      8      0.00183259      0.00123681      0.2
<Jan20-2022> <01:12:27>      9      0.00015629      0.00008105      0.0
<Jan20-2022> <01:12:27>     10      0.00001324      0.00000629      0.0
<Jan20-2022> <01:12:27>     11      0.00000006      0.00000003      0.0
<Jan20-2022> <01:12:27>     12      0.00000000      0.00000000      0.0
<Jan20-2022> <01:12:27>  SCF converged
<Jan20-2022> <01:12:27>     13      0.00000000      0.00000000      0.0
<Jan20-2022> <01:12:27>  >>>> POPAN
<Jan20-2022> <01:12:27>  >>>> DEBYE
<Jan20-2022> <01:12:27>  *** GOStep1 ***
<Jan20-2022> <01:12:27>  >>>> FRAGM
<Jan20-2022> <01:12:27>  Coordinates
<Jan20-2022> <01:12:27>     Atom         X           Y           Z   (Angstrom)
<Jan20-2022> <01:12:27>     1.C         0.816680   -0.234719    0.881975
<Jan20-2022> <01:12:27>     2.C         0.816784   -0.234131   -0.477193
<Jan20-2022> <01:12:27>     3.C        -1.531600   -0.469980   -1.308576
<Jan20-2022> <01:12:27>     4.H         0.856362   -1.163867    1.448593
<Jan20-2022> <01:12:27>     5.C         0.738934    1.000635    1.660143
<Jan20-2022> <01:12:27>     6.H        -1.752243   -1.423246   -0.843669
<Jan20-2022> <01:12:27>     7.H         0.865401    0.701495   -1.028794
<Jan20-2022> <01:12:27>     8.H        -1.295721   -0.453222   -2.366756
<Jan20-2022> <01:12:27>     9.H        -1.934372    0.427296   -0.854856
<Jan20-2022> <01:12:27>    10.O         0.730889    1.056221    2.881649
<Jan20-2022> <01:12:27>    11.H         0.994956   -1.130034   -1.034430
<Jan20-2022> <01:12:27>    12.H         0.693508    1.895813    1.075768
<Jan20-2022> <01:12:27>  >>>> CORORT
<Jan20-2022> <01:12:27>  >>>> CLSMAT
<Jan20-2022> <01:12:27>  >>>> ORTHON
<Jan20-2022> <01:12:27>  >>>> GENPT
<Jan20-2022> <01:12:28>  Block Length= 128
<Jan20-2022> <01:12:29>  >>>> PTBAS
<Jan20-2022> <01:12:44>  >>>> CYCLE
<Jan20-2022> <01:13:46>              |Error|         MaxErr       Wt(A-DIIS)
<Jan20-2022> <01:13:46>      1      5.06635329      0.52398661
<Jan20-2022> <01:14:38>      2      0.89122353      0.09799634    100.0
<Jan20-2022> <01:15:30>      3      0.48242844      0.04462236    100.0
<Jan20-2022> <01:16:23>      4      0.66468963      0.07388004    100.0
<Jan20-2022> <01:17:16>      5      0.13767296      0.02126000     20.5
<Jan20-2022> <01:18:09>      6      0.14007780      0.02252866     20.5
<Jan20-2022> <01:19:03>      7      0.02456021      0.00246211      1.5
<Jan20-2022> <01:19:55>      8      0.00778434      0.00103476      0.0
<Jan20-2022> <01:20:48>      9      0.00565245      0.00090556      0.0
<Jan20-2022> <01:21:41>     10      0.00181282      0.00020969      0.0
<Jan20-2022> <01:22:33>     11      0.00083609      0.00006399      0.0
<Jan20-2022> <01:23:27>     12      0.00026737      0.00002289      0.0
<Jan20-2022> <01:24:20>     13      0.00008838      0.00000925      0.0
<Jan20-2022> <01:25:12>     14      0.00003359      0.00000462      0.0
<Jan20-2022> <01:26:05>     15      0.00001078      0.00000098      0.0
<Jan20-2022> <01:26:58>     16      0.00000643      0.00000061      0.0
<Jan20-2022> <01:27:11>  SCF converged
<Jan20-2022> <01:27:51>     17      0.00000192      0.00000013      0.0
<Jan20-2022> <01:28:04>  >>>> TOTEN
<Jan20-2022> <01:29:01>  >>>> POPAN
<Jan20-2022> <01:29:01>  >>>> DEBYE
<Jan20-2022> <01:29:01>  >>>> ENGRAD
<Jan20-2022> <01:30:12>  current energy                               -2.32665185 Hartree
<Jan20-2022> <01:30:12>  energy change                      -2.32665185     0.00012000    F
<Jan20-2022> <01:30:12>  constrained gradient max            0.04677457     0.00100000    F
<Jan20-2022> <01:30:12>  constrained gradient rms            0.01321218     0.00066667    F
<Jan20-2022> <01:30:12>  gradient max                        0.04677457
<Jan20-2022> <01:30:12>  gradient rms                        0.01321218
<Jan20-2022> <01:30:12>  cart. step max                      0.02602828     0.01000000    F
<Jan20-2022> <01:30:12>  cart. step rms                      0.00551878     0.00666667    T
<Jan20-2022> <01:30:12>  Iteration 2
<Jan20-2022> <01:30:12>  *** GOStep2 ***
<Jan20-2022> <01:30:12>  >>>> FRAGM
<Jan20-2022> <01:30:12>  Coordinates
<Jan20-2022> <01:30:12>     Atom         X           Y           Z   (Angstrom)
<Jan20-2022> <01:30:12>     1.C         0.816603   -0.237208    0.881426
<Jan20-2022> <01:30:12>     2.C         0.815938   -0.234744   -0.472563
<Jan20-2022> <01:30:12>     3.C        -1.531158   -0.470085   -1.308324
<Jan20-2022> <01:30:12>     4.H         0.856690   -1.167575    1.446144
<Jan20-2022> <01:30:12>     5.C         0.739448    0.998213    1.661004
<Jan20-2022> <01:30:12>     6.H        -1.752259   -1.424069   -0.845127
<Jan20-2022> <01:30:12>     7.H         0.864751    0.702127   -1.022228
<Jan20-2022> <01:30:12>     8.H        -1.293926   -0.451355   -2.366100
<Jan20-2022> <01:30:12>     9.H        -1.934555    0.426385   -0.853435
<Jan20-2022> <01:30:12>    10.O         0.731623    1.047214    2.885776
<Jan20-2022> <01:30:12>    11.H         0.994516   -1.138482   -1.037303
<Jan20-2022> <01:30:12>    12.H         0.691907    1.921841    1.064584
<Jan20-2022> <01:30:12>  >>>> CORORT
<Jan20-2022> <01:30:12>  >>>> CLSMAT
<Jan20-2022> <01:30:12>  >>>> ORTHON
<Jan20-2022> <01:30:12>  >>>> GENPT
<Jan20-2022> <01:30:13>  Block Length= 128
<Jan20-2022> <01:30:13>  >>>> PTBAS
<Jan20-2022> <01:30:29>  >>>> CYCLE
<Jan20-2022> <01:30:50>  using orbital data from restart file
<Jan20-2022> <01:31:30>              |Error|         MaxErr       Wt(A-DIIS)
<Jan20-2022> <01:31:30>      1      0.09159511      0.02072670
<Jan20-2022> <01:32:23>      2      0.01442107      0.00153526    100.0
<Jan20-2022> <01:33:17>      3      0.02679424      0.00373073    100.0
<Jan20-2022> <01:34:10>      4      0.00624798      0.00072940      0.0
<Jan20-2022> <01:35:03>      5      0.00195090      0.00023434      0.0
<Jan20-2022> <01:35:55>      6      0.00056238      0.00007288      0.0
<Jan20-2022> <01:36:46>      7      0.00025283      0.00003965      0.0
<Jan20-2022> <01:37:38>      8      0.00006630      0.00000799      0.0
<Jan20-2022> <01:38:29>      9      0.00003328      0.00000295      0.0
<Jan20-2022> <01:39:21>     10      0.00001965      0.00000171      0.0
<Jan20-2022> <01:40:13>     11      0.00000767      0.00000063      0.0
<Jan20-2022> <01:40:26>  SCF converged
<Jan20-2022> <01:41:04>     12      0.00000148      0.00000020      0.0
<Jan20-2022> <01:41:17>  >>>> TOTEN
<Jan20-2022> <01:42:14>  >>>> POPAN
<Jan20-2022> <01:42:14>  >>>> DEBYE
<Jan20-2022> <01:42:14>  >>>> ENGRAD
<Jan20-2022> <01:43:24>  current energy                               -2.32786166 Hartree
<Jan20-2022> <01:43:24>  energy change                      -0.00120981     0.00012000    F
<Jan20-2022> <01:43:24>  constrained gradient max            0.01627946     0.00100000    F
<Jan20-2022> <01:43:24>  constrained gradient rms            0.00533963     0.00066667    F
<Jan20-2022> <01:43:24>  gradient max                        0.01627946
<Jan20-2022> <01:43:24>  gradient rms                        0.00533963
<Jan20-2022> <01:43:24>  cart. step max                      0.04520432     0.01000000    F
<Jan20-2022> <01:43:24>  cart. step rms                      0.01647690     0.00666667    F
<Jan20-2022> <01:43:24>  Iteration 3
<Jan20-2022> <01:43:24>  *** GOStep3 ***
<Jan20-2022> <01:43:24>  >>>> FRAGM
<Jan20-2022> <01:43:25>  Coordinates
<Jan20-2022> <01:43:25>     Atom         X           Y           Z   (Angstrom)
<Jan20-2022> <01:43:25>     1.C         0.816743   -0.237887    0.853682
<Jan20-2022> <01:43:25>     2.C         0.803837   -0.232016   -0.429422
<Jan20-2022> <01:43:25>     3.C        -1.532502   -0.469498   -1.309363
<Jan20-2022> <01:43:25>     4.H         0.859287   -1.168880    1.417110
<Jan20-2022> <01:43:25>     5.C         0.738948    0.993864    1.638495
<Jan20-2022> <01:43:25>     6.H        -1.754573   -1.427456   -0.854968
<Jan20-2022> <01:43:25>     7.H         0.857406    0.705667   -0.977024
<Jan20-2022> <01:43:25>     8.H        -1.278191   -0.443596   -2.362141
<Jan20-2022> <01:43:25>     9.H        -1.943054    0.422933   -0.852795
<Jan20-2022> <01:43:25>    10.O         0.745871    1.041911    2.861651
<Jan20-2022> <01:43:25>    11.H         0.993732   -1.129933   -0.996302
<Jan20-2022> <01:43:25>    12.H         0.692073    1.917150    1.044931
<Jan20-2022> <01:43:25>  >>>> CORORT
<Jan20-2022> <01:43:25>  >>>> CLSMAT
<Jan20-2022> <01:43:25>  >>>> ORTHON
<Jan20-2022> <01:43:25>  >>>> GENPT
<Jan20-2022> <01:43:25>  Block Length= 128
<Jan20-2022> <01:43:26>  >>>> PTBAS
<Jan20-2022> <01:43:41>  >>>> CYCLE
<Jan20-2022> <01:44:01>  using orbital data from restart file
<Jan20-2022> <01:44:40>              |Error|         MaxErr       Wt(A-DIIS)
<Jan20-2022> <01:44:40>      1      0.26471826      0.04615604
<Jan20-2022> <01:45:31>      2      0.04770282      0.00365663    100.0
<Jan20-2022> <01:46:23>      3      0.02132293      0.00180979    100.0
<Jan20-2022> <01:47:15>      4      0.03365508      0.00242609    100.0
<Jan20-2022> <01:48:07>      5      0.00751265      0.00094822      0.0
<Jan20-2022> <01:48:58>      6      0.00365829      0.00047942      0.0
<Jan20-2022> <01:49:50>      7      0.00126013      0.00021093      0.0
<Jan20-2022> <01:50:42>      8      0.00068357      0.00008551      0.0
<Jan20-2022> <01:51:34>      9      0.00021580      0.00002036      0.0
<Jan20-2022> <01:52:25>     10      0.00008471      0.00000694      0.0
<Jan20-2022> <01:53:17>     11      0.00004155      0.00000367      0.0
<Jan20-2022> <01:54:08>     12      0.00000786      0.00000082      0.0
<Jan20-2022> <01:54:21>  SCF converged
<Jan20-2022> <01:55:00>     13      0.00000461      0.00000069      0.0
<Jan20-2022> <01:55:13>  >>>> TOTEN
<Jan20-2022> <01:56:09>  >>>> POPAN
<Jan20-2022> <01:56:09>  >>>> DEBYE
<Jan20-2022> <01:56:09>  >>>> ENGRAD
<Jan20-2022> <01:57:20>  current energy                               -2.32182276 Hartree
<Jan20-2022> <01:57:20>  energy change                       0.00603889     0.00012000    F
<Jan20-2022> <01:57:20>  constrained gradient max            0.15756589     0.00100000    F
<Jan20-2022> <01:57:20>  constrained gradient rms            0.03745929     0.00066667    F
<Jan20-2022> <01:57:20>  gradient max                        0.15756589
<Jan20-2022> <01:57:20>  gradient rms                        0.03745929
<Jan20-2022> <01:57:20>  cart. step max                      0.04848820     0.01000000    F
<Jan20-2022> <01:57:20>  cart. step rms                      0.01872292     0.00666667    F
<Jan20-2022> <01:57:20>  Iteration 4
<Jan20-2022> <01:57:20>  *** GOStep4 ***
<Jan20-2022> <01:57:20>  >>>> FRAGM
<Jan20-2022> <01:57:20>  Coordinates
<Jan20-2022> <01:57:20>     Atom         X           Y           Z   (Angstrom)
<Jan20-2022> <01:57:20>     1.C         0.812661   -0.256927    0.823119
<Jan20-2022> <01:57:20>     2.C         0.814458   -0.238786   -0.417942
<Jan20-2022> <01:57:20>     3.C        -1.526937   -0.467135   -1.299939
<Jan20-2022> <01:57:20>     4.H         0.850303   -1.206010    1.377073
<Jan20-2022> <01:57:20>     5.C         0.727778    1.008420    1.630424
<Jan20-2022> <01:57:20>     6.H        -1.748856   -1.423795   -0.857581
<Jan20-2022> <01:57:20>     7.H         0.868659    0.679971   -0.940190
<Jan20-2022> <01:57:20>     8.H        -1.280629   -0.431518   -2.331047
<Jan20-2022> <01:57:20>     9.H        -1.935149    0.415771   -0.838565
<Jan20-2022> <01:57:20>    10.O         0.731195    1.041433    2.841175
<Jan20-2022> <01:57:20>    11.H         0.997759   -1.114801   -0.980383
<Jan20-2022> <01:57:20>    12.H         0.688338    1.965639    1.027710
<Jan20-2022> <01:57:20>  >>>> CORORT
<Jan20-2022> <01:57:20>  >>>> CLSMAT
<Jan20-2022> <01:57:20>  >>>> ORTHON
<Jan20-2022> <01:57:20>  >>>> GENPT
<Jan20-2022> <01:57:20>  Block Length= 128
<Jan20-2022> <01:57:21>  >>>> PTBAS
<Jan20-2022> <01:57:37>  >>>> CYCLE
<Jan20-2022> <01:57:58>  using orbital data from restart file
<Jan20-2022> <01:58:38>              |Error|         MaxErr       Wt(A-DIIS)
<Jan20-2022> <01:58:38>      1      0.24366905      0.04085534
<Jan20-2022> <01:59:10>      2      0.03339230      0.00378559    100.0
<Jan20-2022> <01:59:39>      3      0.01393181      0.00166886    100.0
<Jan20-2022> <02:00:09>      4      0.02405469      0.00296798    100.0
<Jan20-2022> <02:00:38>      5      0.00320789      0.00032796      0.0
<Jan20-2022> <02:01:08>      6      0.00158895      0.00016732      0.0
<Jan20-2022> <02:01:38>      7      0.00065817      0.00005402      0.0
<Jan20-2022> <02:02:08>      8      0.00024892      0.00003131      0.0
<Jan20-2022> <02:02:37>      9      0.00010055      0.00000849      0.0
<Jan20-2022> <02:03:07>     10      0.00002927      0.00000290      0.0
<Jan20-2022> <02:03:37>     11      0.00000965      0.00000086      0.0
<Jan20-2022> <02:03:44>  SCF converged
<Jan20-2022> <02:04:06>     12      0.00000392      0.00000026      0.0
<Jan20-2022> <02:04:14>  >>>> TOTEN
<Jan20-2022> <02:04:48>  >>>> POPAN
<Jan20-2022> <02:04:48>  >>>> DEBYE
<Jan20-2022> <02:04:48>  >>>> ENGRAD
<Jan20-2022> <02:05:29>  current energy                               -2.31003519 Hartree
<Jan20-2022> <02:05:29>  energy change                       0.01178757     0.00012000    F
<Jan20-2022> <02:05:29>  constrained gradient max            0.29364579     0.00100000    F
<Jan20-2022> <02:05:29>  constrained gradient rms            0.06456088     0.00066667    F
<Jan20-2022> <02:05:29>  gradient max                        0.29364579
<Jan20-2022> <02:05:29>  gradient rms                        0.06456088
<Jan20-2022> <02:05:29>  cart. step max                      0.06957073     0.01000000    F
<Jan20-2022> <02:05:29>  cart. step rms                      0.02717013     0.00666667    F
<Jan20-2022> <02:05:29>  Iteration 5
<Jan20-2022> <02:05:29>  *** GOStep5 ***
<Jan20-2022> <02:05:29>  >>>> FRAGM
<Jan20-2022> <02:05:29>  Coordinates
<Jan20-2022> <02:05:29>     Atom         X           Y           Z   (Angstrom)
<Jan20-2022> <02:05:29>     1.C         0.804724   -0.238993    0.817161
<Jan20-2022> <02:05:29>     2.C         0.824939   -0.219604   -0.389949
<Jan20-2022> <02:05:29>     3.C        -1.516790   -0.457179   -1.278825
<Jan20-2022> <02:05:29>     4.H         0.839801   -1.195254    1.368857
<Jan20-2022> <02:05:29>     5.C         0.712053    0.962673    1.572844
<Jan20-2022> <02:05:29>     6.H        -1.735895   -1.411322   -0.839954
<Jan20-2022> <02:05:29>     7.H         0.876728    0.684122   -0.900133
<Jan20-2022> <02:05:29>     8.H        -1.272914   -0.419580   -2.294840
<Jan20-2022> <02:05:29>     9.H        -1.928917    0.420158   -0.820766
<Jan20-2022> <02:05:30>    10.O         0.707472    0.993851    2.784822
<Jan20-2022> <02:05:30>    11.H         1.008284   -1.084342   -0.943502
<Jan20-2022> <02:05:30>    12.H         0.680094    1.937732    0.958139
<Jan20-2022> <02:05:30>  >>>> CORORT
<Jan20-2022> <02:05:30>  >>>> CLSMAT
<Jan20-2022> <02:05:30>  >>>> ORTHON
<Jan20-2022> <02:05:30>  >>>> GENPT
<Jan20-2022> <02:05:30>  Block Length= 128
<Jan20-2022> <02:05:30>  >>>> PTBAS
<Jan20-2022> <02:05:40>  >>>> CYCLE
<Jan20-2022> <02:05:53>  using orbital data from restart file
<Jan20-2022> <02:06:15>              |Error|         MaxErr       Wt(A-DIIS)
<Jan20-2022> <02:06:15>      1      0.30571510      0.04613340
<Jan20-2022> <02:06:45>      2      0.06506592      0.00773470    100.0
<Jan20-2022> <02:07:15>      3      0.02726805      0.00263431    100.0
<Jan20-2022> <02:07:45>      4      0.04158035      0.00412747    100.0
<Jan20-2022> <02:08:14>      5      0.01266131      0.00178398      0.8
<Jan20-2022> <02:08:45>      6      0.00392070      0.00045321      0.0
<Jan20-2022> <02:09:15>      7      0.00057086      0.00004776      0.0
<Jan20-2022> <02:09:45>      8      0.00025949      0.00002003      0.0
<Jan20-2022> <02:10:14>      9      0.00009842      0.00001020      0.0
<Jan20-2022> <02:10:44>     10      0.00003366      0.00000306      0.0
<Jan20-2022> <02:11:14>     11      0.00001897      0.00000138      0.0
<Jan20-2022> <02:11:43>     12      0.00000293      0.00000029      0.0
<Jan20-2022> <02:11:51>  SCF converged
<Jan20-2022> <02:12:14>     13      0.00000073      0.00000008      0.0
<Jan20-2022> <02:12:21>  >>>> TOTEN
<Jan20-2022> <02:12:55>  >>>> POPAN
<Jan20-2022> <02:12:55>  >>>> DEBYE
<Jan20-2022> <02:12:55>  >>>> ENGRAD
<Jan20-2022> <02:13:37>  current energy                               -2.29292970 Hartree
<Jan20-2022> <02:13:37>  energy change                       0.01710549     0.00012000    F
<Jan20-2022> <02:13:37>  constrained gradient max            0.37430454     0.00100000    F
<Jan20-2022> <02:13:37>  constrained gradient rms            0.08898166     0.00066667    F
<Jan20-2022> <02:13:37>  gradient max                        0.37430454
<Jan20-2022> <02:13:37>  gradient rms                        0.08898166
<Jan20-2022> <02:13:37>  cart. step max                      0.02941505     0.01000000    F
<Jan20-2022> <02:13:37>  cart. step rms                      0.01566432     0.00666667    F
<Jan20-2022> <02:13:37>  Iteration 6
<Jan20-2022> <02:13:38>  *** GOStep6 ***
<Jan20-2022> <02:13:38>  >>>> FRAGM
<Jan20-2022> <02:13:38>  Coordinates
<Jan20-2022> <02:13:38>     Atom         X           Y           Z   (Angstrom)
<Jan20-2022> <02:13:38>     1.C         0.819542   -0.239506    0.830777
<Jan20-2022> <02:13:38>     2.C         0.806822   -0.224116   -0.388796
<Jan20-2022> <02:13:38>     3.C        -1.526244   -0.458558   -1.297557
<Jan20-2022> <02:13:38>     4.H         0.861383   -1.183832    1.391752
<Jan20-2022> <02:13:38>     5.C         0.735456    0.970931    1.593271
<Jan20-2022> <02:13:38>     6.H        -1.752270   -1.409929   -0.847995
<Jan20-2022> <02:13:38>     7.H         0.866295    0.688391   -0.913680
<Jan20-2022> <02:13:38>     8.H        -1.270660   -0.435088   -2.323349
<Jan20-2022> <02:13:38>     9.H        -1.936225    0.428602   -0.848025
<Jan20-2022> <02:13:38>    10.O         0.736887    1.002342    2.804427
<Jan20-2022> <02:13:38>    11.H         1.001142   -1.095936   -0.952264
<Jan20-2022> <02:13:38>    12.H         0.657453    1.928961    0.985295
<Jan20-2022> <02:13:38>  >>>> CORORT
<Jan20-2022> <02:13:38>  >>>> CLSMAT
<Jan20-2022> <02:13:38>  >>>> ORTHON
<Jan20-2022> <02:13:38>  >>>> GENPT
<Jan20-2022> <02:13:38>  Block Length= 128
<Jan20-2022> <02:13:39>  >>>> PTBAS
<Jan20-2022> <02:13:48>  >>>> CYCLE
<Jan20-2022> <02:14:01>  using orbital data from restart file
<Jan20-2022> <02:14:23>              |Error|         MaxErr       Wt(A-DIIS)
<Jan20-2022> <02:14:23>      1      0.11823628      0.01422098
<Jan20-2022> <02:14:53>      2      0.01843943      0.00156974    100.0
<Jan20-2022> <02:15:23>      3      0.04484438      0.00455304    100.0
<Jan20-2022> <02:15:53>      4      0.01022874      0.00070457      0.0
<Jan20-2022> <02:16:23>      5      0.00339175      0.00053155      0.0
<Jan20-2022> <02:16:53>      6      0.00113288      0.00014149      0.0
<Jan20-2022> <02:17:24>      7      0.00028314      0.00003623      0.0
<Jan20-2022> <02:17:54>      8      0.00009842      0.00000916      0.0
<Jan20-2022> <02:18:24>      9      0.00004112      0.00000372      0.0
<Jan20-2022> <02:18:54>     10      0.00001586      0.00000129      0.0
<Jan20-2022> <02:19:24>     11      0.00000623      0.00000056      0.0
<Jan20-2022> <02:19:32>  SCF converged
<Jan20-2022> <02:19:55>     12      0.00000264      0.00000034      0.0
<Jan20-2022> <02:20:02>  >>>> TOTEN
<Jan20-2022> <02:20:36>  >>>> POPAN
<Jan20-2022> <02:20:36>  >>>> DEBYE
<Jan20-2022> <02:20:36>  >>>> ENGRAD
<Jan20-2022> <02:21:17>  current energy                               -2.30135046 Hartree
<Jan20-2022> <02:21:17>  energy change                      -0.00842076     0.00012000    F
<Jan20-2022> <02:21:17>  constrained gradient max            0.33355598     0.00100000    F
<Jan20-2022> <02:21:17>  constrained gradient rms            0.07931078     0.00066667    F
<Jan20-2022> <02:21:17>  gradient max                        0.33355598
<Jan20-2022> <02:21:17>  gradient rms                        0.07931078
<Jan20-2022> <02:21:17>  cart. step max                      0.02581261     0.01000000    F
<Jan20-2022> <02:21:17>  cart. step rms                      0.00889909     0.00666667    F
<Jan20-2022> <02:21:17>  Iteration 7
<Jan20-2022> <02:21:17>  *** GOStep7 ***
<Jan20-2022> <02:21:17>  >>>> FRAGM
<Jan20-2022> <02:21:17>  Coordinates
<Jan20-2022> <02:21:17>     Atom         X           Y           Z   (Angstrom)
<Jan20-2022> <02:21:17>     1.C         0.818543   -0.240476    0.835134
<Jan20-2022> <02:21:17>     2.C         0.809584   -0.220797   -0.397606
<Jan20-2022> <02:21:17>     3.C        -1.524869   -0.458623   -1.297888
<Jan20-2022> <02:21:17>     4.H         0.862575   -1.187844    1.391411
<Jan20-2022> <02:21:17>     5.C         0.729301    0.967102    1.600049
<Jan20-2022> <02:21:17>     6.H        -1.758735   -1.397506   -0.826920
<Jan20-2022> <02:21:17>     7.H         0.865945    0.692648   -0.918611
<Jan20-2022> <02:21:17>     8.H        -1.271174   -0.460901   -2.323578
<Jan20-2022> <02:21:17>     9.H        -1.928770    0.441508   -0.869676
<Jan20-2022> <02:21:17>    10.O         0.746499    0.998555    2.813071
<Jan20-2022> <02:21:17>    11.H         1.004363   -1.089508   -0.964721
<Jan20-2022> <02:21:17>    12.H         0.646319    1.928102    0.993189
<Jan20-2022> <02:21:17>  >>>> CORORT
<Jan20-2022> <02:21:17>  >>>> CLSMAT
<Jan20-2022> <02:21:17>  >>>> ORTHON
<Jan20-2022> <02:21:17>  >>>> GENPT
<Jan20-2022> <02:21:17>  Block Length= 128
<Jan20-2022> <02:21:18>  >>>> PTBAS
<Jan20-2022> <02:21:28>  >>>> CYCLE
<Jan20-2022> <02:21:40>  using orbital data from restart file
<Jan20-2022> <02:22:03>              |Error|         MaxErr       Wt(A-DIIS)
<Jan20-2022> <02:22:03>      1      0.07257399      0.01065928
<Jan20-2022> <02:22:33>      2      0.00714506      0.00054774    100.0
<Jan20-2022> <02:23:03>      3      0.01232327      0.00117125    100.0
<Jan20-2022> <02:23:33>      4      0.00208267      0.00017585      0.0
<Jan20-2022> <02:24:03>      5      0.00093573      0.00011925      0.0
<Jan20-2022> <02:24:33>      6      0.00048891      0.00007019      0.0
<Jan20-2022> <02:25:02>      7      0.00021921      0.00003416      0.0
<Jan20-2022> <02:25:32>      8      0.00006809      0.00000802      0.0
<Jan20-2022> <02:26:02>      9      0.00003838      0.00000325      0.0
<Jan20-2022> <02:26:32>     10      0.00000957      0.00000071      0.0
<Jan20-2022> <02:26:39>  SCF converged
<Jan20-2022> <02:27:02>     11      0.00000470      0.00000032      0.0
<Jan20-2022> <02:27:09>  >>>> TOTEN
<Jan20-2022> <02:27:43>  >>>> POPAN
<Jan20-2022> <02:27:43>  >>>> DEBYE
<Jan20-2022> <02:27:43>  >>>> ENGRAD
<Jan20-2022> <02:28:25>  current energy                               -2.30594564 Hartree
<Jan20-2022> <02:28:25>  energy change                      -0.00459519     0.00012000    F
<Jan20-2022> <02:28:25>  constrained gradient max            0.28657203     0.00100000    F
<Jan20-2022> <02:28:25>  constrained gradient rms            0.06851783     0.00066667    F
<Jan20-2022> <02:28:25>  gradient max                        0.28657203
<Jan20-2022> <02:28:25>  gradient rms                        0.06851783
<Jan20-2022> <02:28:25>  cart. step max                      0.02690430     0.01000000    F
<Jan20-2022> <02:28:25>  cart. step rms                      0.00946383     0.00666667    F
<Jan20-2022> <02:28:25>  Iteration 8
<Jan20-2022> <02:28:25>  *** GOStep8 ***
<Jan20-2022> <02:28:25>  >>>> FRAGM
<Jan20-2022> <02:28:25>  Coordinates
<Jan20-2022> <02:28:25>     Atom         X           Y           Z   (Angstrom)
<Jan20-2022> <02:28:25>     1.C         0.817601   -0.241963    0.838238
<Jan20-2022> <02:28:25>     2.C         0.811791   -0.218621   -0.407536
<Jan20-2022> <02:28:25>     3.C        -1.525622   -0.459915   -1.299424
<Jan20-2022> <02:28:25>     4.H         0.868926   -1.189252    1.391106
<Jan20-2022> <02:28:25>     5.C         0.733354    0.967101    1.611272
<Jan20-2022> <02:28:25>     6.H        -1.766504   -1.386359   -0.805653
<Jan20-2022> <02:28:25>     7.H         0.861416    0.700992   -0.928273
<Jan20-2022> <02:28:25>     8.H        -1.271186   -0.487805   -2.328510
<Jan20-2022> <02:28:25>     9.H        -1.922118    0.454512   -0.892119
<Jan20-2022> <02:28:25>    10.O         0.746446    0.997448    2.825607
<Jan20-2022> <02:28:25>    11.H         1.004836   -1.089545   -0.979068
<Jan20-2022> <02:28:25>    12.H         0.640637    1.925668    1.008213
<Jan20-2022> <02:28:25>  >>>> CORORT
<Jan20-2022> <02:28:25>  >>>> CLSMAT
<Jan20-2022> <02:28:25>  >>>> ORTHON
<Jan20-2022> <02:28:25>  >>>> GENPT
<Jan20-2022> <02:28:25>  Block Length= 128
<Jan20-2022> <02:28:26>  >>>> PTBAS
<Jan20-2022> <02:28:36>  >>>> CYCLE
<Jan20-2022> <02:28:48>  using orbital data from restart file
<Jan20-2022> <02:29:11>              |Error|         MaxErr       Wt(A-DIIS)
<Jan20-2022> <02:29:11>      1      0.06446942      0.00901170
<Jan20-2022> <02:29:41>      2      0.00992501      0.00113994    100.0
<Jan20-2022> <02:30:11>      3      0.02467002      0.00369036    100.0
<Jan20-2022> <02:30:41>      4      0.00514974      0.00037213      0.0
<Jan20-2022> <02:31:11>      5      0.00146307      0.00015709      0.0
<Jan20-2022> <02:31:41>      6      0.00074522      0.00009199      0.0
<Jan20-2022> <02:32:11>      7      0.00015541      0.00002127      0.0
<Jan20-2022> <02:32:41>      8      0.00008804      0.00001011      0.0
<Jan20-2022> <02:33:11>      9      0.00003129      0.00000332      0.0
<Jan20-2022> <02:33:41>     10      0.00001078      0.00000096      0.0
<Jan20-2022> <02:34:11>     11      0.00000540      0.00000045      0.0
<Jan20-2022> <02:34:19>  SCF converged
<Jan20-2022> <02:34:41>     12      0.00000192      0.00000022      0.0
<Jan20-2022> <02:34:49>  >>>> TOTEN
<Jan20-2022> <02:35:23>  >>>> POPAN
<Jan20-2022> <02:35:23>  >>>> DEBYE
<Jan20-2022> <02:35:23>  >>>> ENGRAD
<Jan20-2022> <02:36:05>  current energy                               -2.31103260 Hartree
<Jan20-2022> <02:36:05>  energy change                      -0.00508696     0.00012000    F
<Jan20-2022> <02:36:05>  constrained gradient max            0.24680493     0.00100000    F
<Jan20-2022> <02:36:05>  constrained gradient rms            0.05886537     0.00066667    F
<Jan20-2022> <02:36:05>  gradient max                        0.24680493
<Jan20-2022> <02:36:05>  gradient rms                        0.05886537
<Jan20-2022> <02:36:05>  cart. step max                      0.02870773     0.01000000    F
<Jan20-2022> <02:36:05>  cart. step rms                      0.01128796     0.00666667    F
<Jan20-2022> <02:36:05>  Iteration 9
<Jan20-2022> <02:36:05>  *** GOStep9 ***
<Jan20-2022> <02:36:05>  >>>> FRAGM
<Jan20-2022> <02:36:05>  Coordinates
<Jan20-2022> <02:36:05>     Atom         X           Y           Z   (Angstrom)
<Jan20-2022> <02:36:05>     1.C         0.815144   -0.241871    0.844788
<Jan20-2022> <02:36:05>     2.C         0.814410   -0.213688   -0.423705
<Jan20-2022> <02:36:05>     3.C        -1.526555   -0.464794   -1.301041
<Jan20-2022> <02:36:05>     4.H         0.864219   -1.188542    1.394957
<Jan20-2022> <02:36:05>     5.C         0.723577    0.966847    1.627118
<Jan20-2022> <02:36:05>     6.H        -1.770651   -1.379757   -0.784999
<Jan20-2022> <02:36:05>     7.H         0.855351    0.713254   -0.945400
<Jan20-2022> <02:36:05>     8.H        -1.273314   -0.516513   -2.334970
<Jan20-2022> <02:36:05>     9.H        -1.918055    0.461876   -0.912585
<Jan20-2022> <02:36:05>    10.O         0.749322    0.996848    2.842789
<Jan20-2022> <02:36:05>    11.H         1.007698   -1.087742   -1.001060
<Jan20-2022> <02:36:05>    12.H         0.658431    1.926343    1.027963
<Jan20-2022> <02:36:05>  >>>> CORORT
<Jan20-2022> <02:36:05>  >>>> CLSMAT
<Jan20-2022> <02:36:05>  >>>> ORTHON
<Jan20-2022> <02:36:05>  >>>> GENPT
<Jan20-2022> <02:36:05>  Block Length= 128
<Jan20-2022> <02:36:06>  >>>> PTBAS
<Jan20-2022> <02:36:16>  >>>> CYCLE
<Jan20-2022> <02:36:28>  using orbital data from restart file
<Jan20-2022> <02:36:51>              |Error|         MaxErr       Wt(A-DIIS)
<Jan20-2022> <02:36:51>      1      0.10228171      0.01589169
<Jan20-2022> <02:37:21>      2      0.01658042      0.00177981    100.0
<Jan20-2022> <02:37:51>      3      0.04027668      0.00583318    100.0
<Jan20-2022> <02:38:21>      4      0.00839081      0.00054629      0.0
<Jan20-2022> <02:38:50>      5      0.00246409      0.00026456      0.0
<Jan20-2022> <02:39:20>      6      0.00122089      0.00014390      0.0
<Jan20-2022> <02:39:50>      7      0.00032651      0.00004960      0.0
<Jan20-2022> <02:40:20>      8      0.00018411      0.00002434      0.0
<Jan20-2022> <02:40:50>      9      0.00006559      0.00000715      0.0
<Jan20-2022> <02:41:20>     10      0.00002190      0.00000182      0.0
<Jan20-2022> <02:41:50>     11      0.00001109      0.00000090      0.0
<Jan20-2022> <02:42:20>     12      0.00000406      0.00000047      0.0
<Jan20-2022> <02:42:27>  SCF converged
<Jan20-2022> <02:42:49>     13      0.00000123      0.00000013      0.0
<Jan20-2022> <02:42:57>  >>>> TOTEN
<Jan20-2022> <02:43:31>  >>>> POPAN
<Jan20-2022> <02:43:31>  >>>> DEBYE
<Jan20-2022> <02:43:31>  >>>> ENGRAD
<Jan20-2022> <02:44:13>  current energy                               -2.31774218 Hartree
<Jan20-2022> <02:44:13>  energy change                      -0.00670958     0.00012000    F
<Jan20-2022> <02:44:13>  constrained gradient max            0.18227559     0.00100000    F
<Jan20-2022> <02:44:13>  constrained gradient rms            0.04364573     0.00066667    F
<Jan20-2022> <02:44:13>  gradient max                        0.18227559
<Jan20-2022> <02:44:13>  gradient rms                        0.04364573
<Jan20-2022> <02:44:13>  cart. step max                      0.03207998     0.01000000    F
<Jan20-2022> <02:44:13>  cart. step rms                      0.01148525     0.00666667    F
<Jan20-2022> <02:44:13>  Iteration 10
<Jan20-2022> <02:44:13>  *** GOStep10 ***
<Jan20-2022> <02:44:13>  >>>> FRAGM
<Jan20-2022> <02:44:13>  Coordinates
<Jan20-2022> <02:44:13>     Atom         X           Y           Z   (Angstrom)
<Jan20-2022> <02:44:13>     1.C         0.817624   -0.243965    0.842475
<Jan20-2022> <02:44:13>     2.C         0.828094   -0.211936   -0.440202
<Jan20-2022> <02:44:13>     3.C        -1.523927   -0.462776   -1.291233
<Jan20-2022> <02:44:13>     4.H         0.864175   -1.191803    1.388986
<Jan20-2022> <02:44:13>     5.C         0.729070    0.964724    1.631220
<Jan20-2022> <02:44:13>     6.H        -1.772182   -1.364251   -0.752919
<Jan20-2022> <02:44:13>     7.H         0.860265    0.719858   -0.960081
<Jan20-2022> <02:44:13>     8.H        -1.277574   -0.538213   -2.327959
<Jan20-2022> <02:44:13>     9.H        -1.904369    0.476758   -0.920840
<Jan20-2022> <02:44:13>    10.O         0.719195    0.991042    2.848801
<Jan20-2022> <02:44:13>    11.H         1.011259   -1.089873   -1.019229
<Jan20-2022> <02:44:13>    12.H         0.647950    1.922694    1.034834
<Jan20-2022> <02:44:13>  >>>> CORORT
<Jan20-2022> <02:44:13>  >>>> CLSMAT
<Jan20-2022> <02:44:13>  >>>> ORTHON
<Jan20-2022> <02:44:13>  >>>> GENPT
<Jan20-2022> <02:44:14>  Block Length= 128
<Jan20-2022> <02:44:14>  >>>> PTBAS
<Jan20-2022> <02:44:24>  >>>> CYCLE
<Jan20-2022> <02:44:36>  using orbital data from restart file
<Jan20-2022> <02:44:59>              |Error|         MaxErr       Wt(A-DIIS)
<Jan20-2022> <02:44:59>      1      0.09989975      0.01974095
<Jan20-2022> <02:45:30>      2      0.01310908      0.00096898    100.0
<Jan20-2022> <02:46:00>      3      0.02482113      0.00291843    100.0
<Jan20-2022> <02:46:30>      4      0.00554502      0.00061365      0.0
<Jan20-2022> <02:47:00>      5      0.00222194      0.00029589      0.0
<Jan20-2022> <02:47:30>      6      0.00121704      0.00014087      0.0
<Jan20-2022> <02:48:01>      7      0.00028848      0.00003689      0.0
<Jan20-2022> <02:48:30>      8      0.00011542      0.00001306      0.0
<Jan20-2022> <02:49:00>      9      0.00005307      0.00000426      0.0
<Jan20-2022> <02:49:31>     10      0.00001393      0.00000149      0.0
<Jan20-2022> <02:50:01>     11      0.00000675      0.00000059      0.0
<Jan20-2022> <02:50:08>  SCF converged
<Jan20-2022> <02:50:31>     12      0.00000379      0.00000032      0.0
<Jan20-2022> <02:50:38>  >>>> TOTEN
<Jan20-2022> <02:51:12>  >>>> POPAN
<Jan20-2022> <02:51:12>  >>>> DEBYE
<Jan20-2022> <02:51:12>  >>>> ENGRAD
