<Jan22-2022> <23:27:03>  AMS 2021.102  RunTime: Jan22-2022 23:27:03  ShM Nodes: 1  Procs: 4
<Jan22-2022> <23:27:04>  ADF 2021.102  RunTime: Jan22-2022 23:27:04  ShM Nodes: 1  Procs: 4
<Jan22-2022> <23:27:04>  *** (NO TITLE) ***
<Jan22-2022> <23:27:04>  Iteration 1
<Jan22-2022> <23:27:04>  DIRAC 2021.102  RunTime: Jan22-2022 23:27:04  ShM Nodes: 1  Procs: 1
<Jan22-2022> <23:27:04>  Hydrogen (TZ2P)
<Jan22-2022> <23:27:04>  Net Charge: 0 (Nuclei minus Electrons)
<Jan22-2022> <23:27:04>  Symmetry  : ATOM
<Jan22-2022> <23:27:04>  Coordinates
<Jan22-2022> <23:27:04>     Atom         X           Y           Z   (Angstrom)
<Jan22-2022> <23:27:04>     1.H         0.000000    0.000000    0.000000
<Jan22-2022> <23:27:04>  >>>> CORORT
<Jan22-2022> <23:27:04>  >>>> CLSMAT
<Jan22-2022> <23:27:04>  >>>> ORTHON
<Jan22-2022> <23:27:04>  >>>> GENPT
<Jan22-2022> <23:27:04>  Block Length=  64
<Jan22-2022> <23:27:04>  >>>> PTBAS
<Jan22-2022> <23:27:04>  >>>> CYCLE
<Jan22-2022> <23:27:05>              |Error|         MaxErr       Wt(A-DIIS)
<Jan22-2022> <23:27:05>      1      0.00000000      0.00000000
<Jan22-2022> <23:27:05>      2      0.03080019      0.02591482
<Jan22-2022> <23:27:05>      3      0.01140383      0.01135775    100.0
<Jan22-2022> <23:27:05>      4      0.00327656      0.00327407      2.3
<Jan22-2022> <23:27:05>      5      0.00010041      0.00009754      0.0
<Jan22-2022> <23:27:05>      6      0.00000525      0.00000504      0.0
<Jan22-2022> <23:27:05>      7      0.00000007      0.00000007      0.0
<Jan22-2022> <23:27:05>      8      0.00000000      0.00000000      0.0
<Jan22-2022> <23:27:05>  SCF converged
<Jan22-2022> <23:27:05>      9      0.00000000      0.00000000      0.0
<Jan22-2022> <23:27:05>  >>>> POPAN
<Jan22-2022> <23:27:05>  >>>> DEBYE
<Jan22-2022> <23:27:05>  DIRAC 2021.102  RunTime: Jan22-2022 23:27:05  ShM Nodes: 1  Procs: 1
<Jan22-2022> <23:27:05>  Carbon (TZ2P)
<Jan22-2022> <23:27:05>  Net Charge: 0 (Nuclei minus Electrons)
<Jan22-2022> <23:27:05>  Symmetry  : ATOM
<Jan22-2022> <23:27:05>  Coordinates
<Jan22-2022> <23:27:05>     Atom         X           Y           Z   (Angstrom)
<Jan22-2022> <23:27:05>     1.C         0.000000    0.000000    0.000000
<Jan22-2022> <23:27:05>  >>>> CORORT
<Jan22-2022> <23:27:06>  >>>> CLSMAT
<Jan22-2022> <23:27:06>  >>>> ORTHON
<Jan22-2022> <23:27:06>  >>>> GENPT
<Jan22-2022> <23:27:06>  Block Length=  72
<Jan22-2022> <23:27:06>  >>>> PTBAS
<Jan22-2022> <23:27:06>  >>>> CYCLE
<Jan22-2022> <23:27:06>              |Error|         MaxErr       Wt(A-DIIS)
<Jan22-2022> <23:27:06>      1      0.00000000      0.00000000
<Jan22-2022> <23:27:06>      2      4.48405934      3.32161898    100.0
<Jan22-2022> <23:27:06>      3      1.60718414      1.28408746    100.0
<Jan22-2022> <23:27:06>      4      0.76426456      0.62272052    100.0
<Jan22-2022> <23:27:06>      5      0.36119063      0.28553990    100.0
<Jan22-2022> <23:27:06>      6      0.14821424      0.11559867    100.0
<Jan22-2022> <23:27:06>      7      0.10108424      0.07867111     78.5
<Jan22-2022> <23:27:06>      8      0.01786531      0.01387049     13.0
<Jan22-2022> <23:27:06>      9      0.00195746      0.00153262      0.5
<Jan22-2022> <23:27:06>     10      0.00001058      0.00000730      0.0
<Jan22-2022> <23:27:06>     11      0.00000047      0.00000027      0.0
<Jan22-2022> <23:27:06>     12      0.00000003      0.00000002      0.0
<Jan22-2022> <23:27:06>     13      0.00000000      0.00000000      0.0
<Jan22-2022> <23:27:06>  SCF converged
<Jan22-2022> <23:27:06>     14      0.00000000      0.00000000      0.0
<Jan22-2022> <23:27:06>  >>>> POPAN
<Jan22-2022> <23:27:06>  >>>> DEBYE
<Jan22-2022> <23:27:07>  DIRAC 2021.102  RunTime: Jan22-2022 23:27:07  ShM Nodes: 1  Procs: 1
<Jan22-2022> <23:27:07>  Oxygen (TZ2P)
<Jan22-2022> <23:27:07>  Net Charge: 0 (Nuclei minus Electrons)
<Jan22-2022> <23:27:07>  Symmetry  : ATOM
<Jan22-2022> <23:27:07>  Coordinates
<Jan22-2022> <23:27:07>     Atom         X           Y           Z   (Angstrom)
<Jan22-2022> <23:27:07>     1.O         0.000000    0.000000    0.000000
<Jan22-2022> <23:27:07>  >>>> CORORT
<Jan22-2022> <23:27:07>  >>>> CLSMAT
<Jan22-2022> <23:27:07>  >>>> ORTHON
<Jan22-2022> <23:27:07>  >>>> GENPT
<Jan22-2022> <23:27:07>  Block Length=  68
<Jan22-2022> <23:27:07>  >>>> PTBAS
<Jan22-2022> <23:27:07>  >>>> CYCLE
<Jan22-2022> <23:27:07>              |Error|         MaxErr       Wt(A-DIIS)
<Jan22-2022> <23:27:07>      1      0.00000000      0.00000000
<Jan22-2022> <23:27:07>      2      8.77210307      5.53374266    100.0
<Jan22-2022> <23:27:07>      3      3.60058093      2.49154808    100.0
<Jan22-2022> <23:27:07>      4      1.20505529      0.62472425    100.0
<Jan22-2022> <23:27:07>      5      1.46502638      0.81213311    100.0
<Jan22-2022> <23:27:07>      6      0.15089362      0.09131786     91.2
<Jan22-2022> <23:27:07>      7      0.14397311      0.08251182     82.3
<Jan22-2022> <23:27:07>      8      0.00183259      0.00123681      0.2
<Jan22-2022> <23:27:07>      9      0.00015629      0.00008105      0.0
<Jan22-2022> <23:27:08>     10      0.00001324      0.00000629      0.0
<Jan22-2022> <23:27:08>     11      0.00000006      0.00000003      0.0
<Jan22-2022> <23:27:08>     12      0.00000000      0.00000000      0.0
<Jan22-2022> <23:27:08>  SCF converged
<Jan22-2022> <23:27:08>     13      0.00000000      0.00000000      0.0
<Jan22-2022> <23:27:08>  >>>> POPAN
<Jan22-2022> <23:27:08>  >>>> DEBYE
<Jan22-2022> <23:27:08>  *** GOStep1 ***
<Jan22-2022> <23:27:08>  >>>> FRAGM
<Jan22-2022> <23:27:08>  Coordinates
<Jan22-2022> <23:27:08>     Atom         X           Y           Z   (Angstrom)
<Jan22-2022> <23:27:08>     1.H         0.090394   -1.809885   -0.515559
<Jan22-2022> <23:27:08>     2.C        -0.907818   -0.007713   -0.049435
<Jan22-2022> <23:27:08>     3.C         0.182665   -0.752196   -0.265123
<Jan22-2022> <23:27:08>     4.C         1.559289   -0.220140   -0.182914
<Jan22-2022> <23:27:08>     5.O         1.866357    0.933659    0.071805
<Jan22-2022> <23:27:08>     6.H        -0.824316    1.044913    0.202426
<Jan22-2022> <23:27:08>     7.H        -1.889827   -0.427141   -0.117553
<Jan22-2022> <23:27:08>     8.H         2.325141   -0.943334   -0.370959
<Jan22-2022> <23:27:08>  >>>> CORORT
<Jan22-2022> <23:27:08>  >>>> CLSMAT
<Jan22-2022> <23:27:08>  >>>> ORTHON
<Jan22-2022> <23:27:08>  >>>> GENPT
<Jan22-2022> <23:27:08>  Block Length= 128
<Jan22-2022> <23:27:08>  >>>> PTBAS
<Jan22-2022> <23:27:11>  >>>> CYCLE
<Jan22-2022> <23:27:24>              |Error|         MaxErr       Wt(A-DIIS)
<Jan22-2022> <23:27:24>      1      4.62859652      1.05113090
<Jan22-2022> <23:27:31>      2      0.79124441      0.18016397    100.0
<Jan22-2022> <23:27:39>      3      0.41306902      0.08109870    100.0
<Jan22-2022> <23:27:46>      4      0.59458374      0.13315319    100.0
<Jan22-2022> <23:27:53>      5      0.13571860      0.03813322     37.5
<Jan22-2022> <23:28:01>      6      0.19099455      0.05822814    100.0
<Jan22-2022> <23:28:08>      7      0.03841577      0.00794330      7.0
<Jan22-2022> <23:28:16>      8      0.01236245      0.00369515      2.7
<Jan22-2022> <23:28:23>      9      0.00251967      0.00062450      0.0
<Jan22-2022> <23:28:31>     10      0.00030593      0.00004620      0.0
<Jan22-2022> <23:28:39>     11      0.00004733      0.00000959      0.0
<Jan22-2022> <23:28:46>     12      0.00000663      0.00000112      0.0
<Jan22-2022> <23:28:53>     13      0.00000120      0.00000026      0.0
<Jan22-2022> <23:28:55>  SCF converged
<Jan22-2022> <23:29:01>     14      0.00000013      0.00000003      0.0
<Jan22-2022> <23:29:02>  >>>> TOTEN
<Jan22-2022> <23:29:12>  >>>> POPAN
<Jan22-2022> <23:29:12>  >>>> DEBYE
<Jan22-2022> <23:29:12>  >>>> ENGRAD
<Jan22-2022> <23:29:25>  current energy                               -1.68211643 Hartree
<Jan22-2022> <23:29:25>  energy change                      -1.68211643     0.00008000    F
<Jan22-2022> <23:29:25>  constrained gradient max            0.03843768     0.00100000    F
<Jan22-2022> <23:29:25>  constrained gradient rms            0.01553533     0.00066667    F
<Jan22-2022> <23:29:25>  gradient max                        0.03843768
<Jan22-2022> <23:29:25>  gradient rms                        0.01553533
<Jan22-2022> <23:29:25>  cart. step max                      0.02870889     0.01000000    F
<Jan22-2022> <23:29:25>  cart. step rms                      0.00800847     0.00666667    F
<Jan22-2022> <23:29:25>  Iteration 2
<Jan22-2022> <23:29:25>  *** GOStep2 ***
<Jan22-2022> <23:29:27>  >>>> FRAGM
<Jan22-2022> <23:29:27>  Coordinates
<Jan22-2022> <23:29:27>     Atom         X           Y           Z   (Angstrom)
<Jan22-2022> <23:29:27>     1.H         0.090067   -1.807920   -0.514995
<Jan22-2022> <23:29:27>     2.C        -0.912168   -0.005524   -0.048313
<Jan22-2022> <23:29:27>     3.C         0.181274   -0.750329   -0.265389
<Jan22-2022> <23:29:27>     4.C         1.562972   -0.218133   -0.184317
<Jan22-2022> <23:29:27>     5.O         1.856982    0.936453    0.076848
<Jan22-2022> <23:29:27>     6.H        -0.824786    1.049012    0.199294
<Jan22-2022> <23:29:27>     7.H        -1.906304   -0.427797   -0.114300
<Jan22-2022> <23:29:27>     8.H         2.353850   -0.957596   -0.376140
<Jan22-2022> <23:29:27>  >>>> CORORT
<Jan22-2022> <23:29:27>  >>>> CLSMAT
<Jan22-2022> <23:29:27>  >>>> ORTHON
<Jan22-2022> <23:29:27>  >>>> GENPT
<Jan22-2022> <23:29:27>  Block Length= 128
<Jan22-2022> <23:29:28>  >>>> PTBAS
<Jan22-2022> <23:29:30>  >>>> CYCLE
<Jan22-2022> <23:29:38>  using orbital data from restart file
<Jan22-2022> <23:29:43>              |Error|         MaxErr       Wt(A-DIIS)
<Jan22-2022> <23:29:43>      1      0.09348396      0.04000336
<Jan22-2022> <23:29:51>      2      0.01341544      0.00402565    100.0
<Jan22-2022> <23:29:58>      3      0.03807817      0.01164009    100.0
<Jan22-2022> <23:30:05>      4      0.00994045      0.00302718      2.0
<Jan22-2022> <23:30:12>      5      0.00106373      0.00020499      0.0
<Jan22-2022> <23:30:20>      6      0.00035665      0.00005045      0.0
<Jan22-2022> <23:30:27>      7      0.00017599      0.00005349      0.0
<Jan22-2022> <23:30:35>      8      0.00003259      0.00000806      0.0
<Jan22-2022> <23:30:42>      9      0.00000853      0.00000128      0.0
<Jan22-2022> <23:30:50>     10      0.00000103      0.00000019      0.0
<Jan22-2022> <23:30:52>  SCF converged
<Jan22-2022> <23:30:57>     11      0.00000016      0.00000002      0.0
<Jan22-2022> <23:30:59>  >>>> TOTEN
<Jan22-2022> <23:31:09>  >>>> POPAN
<Jan22-2022> <23:31:09>  >>>> DEBYE
<Jan22-2022> <23:31:09>  >>>> ENGRAD
<Jan22-2022> <23:31:21>  current energy                               -1.68338775 Hartree
<Jan22-2022> <23:31:21>  energy change                      -0.00127132     0.00008000    F
<Jan22-2022> <23:31:21>  constrained gradient max            0.01765667     0.00100000    F
<Jan22-2022> <23:31:21>  constrained gradient rms            0.00580259     0.00066667    F
<Jan22-2022> <23:31:21>  gradient max                        0.01765667
<Jan22-2022> <23:31:21>  gradient rms                        0.00580259
<Jan22-2022> <23:31:21>  cart. step max                      0.01307428     0.01000000    F
<Jan22-2022> <23:31:21>  cart. step rms                      0.00503652     0.00666667    T
<Jan22-2022> <23:31:21>  Iteration 3
<Jan22-2022> <23:31:21>  *** GOStep3 ***
<Jan22-2022> <23:31:22>  >>>> FRAGM
<Jan22-2022> <23:31:22>  Coordinates
<Jan22-2022> <23:31:22>     Atom         X           Y           Z   (Angstrom)
<Jan22-2022> <23:31:22>     1.H         0.089741   -1.809022   -0.510591
<Jan22-2022> <23:31:22>     2.C        -0.912885   -0.004422   -0.051949
<Jan22-2022> <23:31:22>     3.C         0.179704   -0.751325   -0.261432
<Jan22-2022> <23:31:22>     4.C         1.562939   -0.216620   -0.171242
<Jan22-2022> <23:31:22>     5.O         1.855097    0.939717    0.072386
<Jan22-2022> <23:31:22>     6.H        -0.823077    1.048306    0.204776
<Jan22-2022> <23:31:22>     7.H        -1.912101   -0.426753   -0.121455
<Jan22-2022> <23:31:22>     8.H         2.362468   -0.961718   -0.387804
<Jan22-2022> <23:31:22>  >>>> CORORT
<Jan22-2022> <23:31:22>  >>>> CLSMAT
<Jan22-2022> <23:31:22>  >>>> ORTHON
<Jan22-2022> <23:31:22>  >>>> GENPT
<Jan22-2022> <23:31:22>  Block Length= 128
<Jan22-2022> <23:31:22>  >>>> PTBAS
<Jan22-2022> <23:31:25>  >>>> CYCLE
<Jan22-2022> <23:31:32>  using orbital data from restart file
<Jan22-2022> <23:31:38>              |Error|         MaxErr       Wt(A-DIIS)
<Jan22-2022> <23:31:38>      1      0.05733207      0.01867201
<Jan22-2022> <23:31:46>      2      0.00999526      0.00290569    100.0
<Jan22-2022> <23:31:53>      3      0.02812164      0.00868432    100.0
<Jan22-2022> <23:32:01>      4      0.00704043      0.00210779      1.1
<Jan22-2022> <23:32:09>      5      0.00081716      0.00014048      0.0
<Jan22-2022> <23:32:16>      6      0.00032768      0.00008470      0.0
<Jan22-2022> <23:32:23>      7      0.00015777      0.00004988      0.0
<Jan22-2022> <23:32:31>      8      0.00001957      0.00000314      0.0
<Jan22-2022> <23:32:38>      9      0.00000389      0.00000063      0.0
<Jan22-2022> <23:32:40>  SCF converged
<Jan22-2022> <23:32:45>     10      0.00000118      0.00000014      0.0
<Jan22-2022> <23:32:47>  >>>> TOTEN
<Jan22-2022> <23:32:57>  >>>> POPAN
<Jan22-2022> <23:32:57>  >>>> DEBYE
<Jan22-2022> <23:32:57>  >>>> ENGRAD
<Jan22-2022> <23:33:09>  current energy                               -1.68349539 Hartree
<Jan22-2022> <23:33:09>  energy change                      -0.00010764     0.00008000    F
<Jan22-2022> <23:33:09>  constrained gradient max            0.00751086     0.00100000    F
<Jan22-2022> <23:33:09>  constrained gradient rms            0.00214705     0.00066667    F
<Jan22-2022> <23:33:09>  gradient max                        0.00751086
<Jan22-2022> <23:33:09>  gradient rms                        0.00214705
<Jan22-2022> <23:33:09>  cart. step max                      0.03168707     0.01000000    F
<Jan22-2022> <23:33:09>  cart. step rms                      0.00934102     0.00666667    F
<Jan22-2022> <23:33:09>  Iteration 4
<Jan22-2022> <23:33:09>  *** GOStep4 ***
<Jan22-2022> <23:33:09>  >>>> FRAGM
<Jan22-2022> <23:33:09>  Coordinates
<Jan22-2022> <23:33:09>     Atom         X           Y           Z   (Angstrom)
<Jan22-2022> <23:33:09>     1.H         0.089727   -1.809086   -0.512481
<Jan22-2022> <23:33:09>     2.C        -0.913137   -0.005653   -0.046524
<Jan22-2022> <23:33:09>     3.C         0.177398   -0.750418   -0.267444
<Jan22-2022> <23:33:10>     4.C         1.561031   -0.203219   -0.202930
<Jan22-2022> <23:33:10>     5.O         1.854140    0.939429    0.086010
<Jan22-2022> <23:33:10>     6.H        -0.821274    1.049911    0.200125
<Jan22-2022> <23:33:10>     7.H        -1.917460   -0.429159   -0.113390
<Jan22-2022> <23:33:10>     8.H         2.371461   -0.973641   -0.370677
<Jan22-2022> <23:33:10>  >>>> CORORT
<Jan22-2022> <23:33:10>  >>>> CLSMAT
<Jan22-2022> <23:33:10>  >>>> ORTHON
<Jan22-2022> <23:33:10>  >>>> GENPT
<Jan22-2022> <23:33:11>  Block Length= 128
<Jan22-2022> <23:33:11>  >>>> PTBAS
<Jan22-2022> <23:33:14>  >>>> CYCLE
<Jan22-2022> <23:33:21>  using orbital data from restart file
<Jan22-2022> <23:33:27>              |Error|         MaxErr       Wt(A-DIIS)
<Jan22-2022> <23:33:27>      1      0.11381900      0.05060528
<Jan22-2022> <23:33:34>      2      0.01551515      0.00380323    100.0
<Jan22-2022> <23:33:41>      3      0.03310908      0.01012418    100.0
<Jan22-2022> <23:33:49>      4      0.00638129      0.00141676      0.4
<Jan22-2022> <23:33:56>      5      0.00162667      0.00035258      0.0
<Jan22-2022> <23:34:03>      6      0.00083916      0.00023899      0.0
<Jan22-2022> <23:34:10>      7      0.00028201      0.00008187      0.0
<Jan22-2022> <23:34:18>      8      0.00003890      0.00000487      0.0
<Jan22-2022> <23:34:25>      9      0.00001073      0.00000141      0.0
<Jan22-2022> <23:34:32>     10      0.00000182      0.00000022      0.0
<Jan22-2022> <23:34:34>  SCF converged
<Jan22-2022> <23:34:40>     11      0.00000038      0.00000006      0.0
<Jan22-2022> <23:34:41>  >>>> TOTEN
<Jan22-2022> <23:34:51>  >>>> POPAN
<Jan22-2022> <23:34:51>  >>>> DEBYE
<Jan22-2022> <23:34:51>  >>>> ENGRAD
<Jan22-2022> <23:35:03>  current energy                               -1.68318083 Hartree
<Jan22-2022> <23:35:03>  energy change                       0.00031456     0.00008000    F
<Jan22-2022> <23:35:03>  constrained gradient max            0.01873034     0.00100000    F
<Jan22-2022> <23:35:03>  constrained gradient rms            0.00648981     0.00066667    F
<Jan22-2022> <23:35:03>  gradient max                        0.01873034
<Jan22-2022> <23:35:03>  gradient rms                        0.00648981
<Jan22-2022> <23:35:03>  cart. step max                      0.00649291     0.01000000    T
<Jan22-2022> <23:35:03>  cart. step rms                      0.00255397     0.00666667    T
<Jan22-2022> <23:35:03>  Iteration 5
<Jan22-2022> <23:35:04>  *** GOStep5 ***
<Jan22-2022> <23:35:04>  >>>> FRAGM
<Jan22-2022> <23:35:04>  Coordinates
<Jan22-2022> <23:35:04>     Atom         X           Y           Z   (Angstrom)
<Jan22-2022> <23:35:04>     1.H         0.090613   -1.809355   -0.512450
<Jan22-2022> <23:35:04>     2.C        -0.913124   -0.005651   -0.047208
<Jan22-2022> <23:35:04>     3.C         0.178360   -0.751043   -0.266050
<Jan22-2022> <23:35:04>     4.C         1.561484   -0.207419   -0.196437
<Jan22-2022> <23:35:04>     5.O         1.855522    0.939368    0.083376
<Jan22-2022> <23:35:04>     6.H        -0.822459    1.049376    0.200361
<Jan22-2022> <23:35:04>     7.H        -1.914062   -0.427949   -0.114886
<Jan22-2022> <23:35:04>     8.H         2.365551   -0.969164   -0.374017
<Jan22-2022> <23:35:04>  >>>> CORORT
<Jan22-2022> <23:35:04>  >>>> CLSMAT
<Jan22-2022> <23:35:04>  >>>> ORTHON
<Jan22-2022> <23:35:04>  >>>> GENPT
<Jan22-2022> <23:35:04>  Block Length= 128
<Jan22-2022> <23:35:05>  >>>> PTBAS
<Jan22-2022> <23:35:07>  >>>> CYCLE
<Jan22-2022> <23:35:15>  using orbital data from restart file
<Jan22-2022> <23:35:20>              |Error|         MaxErr       Wt(A-DIIS)
<Jan22-2022> <23:35:20>      1      0.03384117      0.01154434
<Jan22-2022> <23:35:28>      2      0.00666262      0.00200884    100.0
<Jan22-2022> <23:35:35>      3      0.00237766      0.00043195    100.0
<Jan22-2022> <23:35:42>      4      0.00353176      0.00104098    100.0
<Jan22-2022> <23:35:50>      5      0.00172017      0.00045534      0.0
<Jan22-2022> <23:35:57>      6      0.00010629      0.00001170      0.0
<Jan22-2022> <23:36:04>      7      0.00003347      0.00000894      0.0
<Jan22-2022> <23:36:12>      8      0.00002053      0.00000655      0.0
<Jan22-2022> <23:36:19>      9      0.00000173      0.00000036      0.0
<Jan22-2022> <23:36:21>  SCF converged
<Jan22-2022> <23:36:26>     10      0.00000055      0.00000010      0.0
<Jan22-2022> <23:36:28>  >>>> TOTEN
<Jan22-2022> <23:36:38>  >>>> POPAN
<Jan22-2022> <23:36:38>  >>>> DEBYE
<Jan22-2022> <23:36:38>  >>>> ENGRAD
<Jan22-2022> <23:36:49>  current energy                               -1.68342401 Hartree
<Jan22-2022> <23:36:49>  energy change                      -0.00024317     0.00008000    F
<Jan22-2022> <23:36:49>  constrained gradient max            0.01065064     0.00100000    F
<Jan22-2022> <23:36:49>  constrained gradient rms            0.00339711     0.00066667    F
<Jan22-2022> <23:36:49>  gradient max                        0.01065064
<Jan22-2022> <23:36:49>  gradient rms                        0.00339711
<Jan22-2022> <23:36:49>  cart. step max                      0.01557184     0.01000000    F
<Jan22-2022> <23:36:49>  cart. step rms                      0.00463692     0.00666667    T
<Jan22-2022> <23:36:49>  Iteration 6
<Jan22-2022> <23:36:49>  *** GOStep6 ***
<Jan22-2022> <23:36:49>  >>>> FRAGM
<Jan22-2022> <23:36:50>  Coordinates
<Jan22-2022> <23:36:50>     Atom         X           Y           Z   (Angstrom)
<Jan22-2022> <23:36:50>     1.H         0.091327   -1.808815   -0.513826
<Jan22-2022> <23:36:50>     2.C        -0.912980   -0.005533   -0.047910
<Jan22-2022> <23:36:50>     3.C         0.178988   -0.751398   -0.263806
<Jan22-2022> <23:36:50>     4.C         1.562329   -0.212859   -0.180865
<Jan22-2022> <23:36:50>     5.O         1.855487    0.937874    0.083392
<Jan22-2022> <23:36:50>     6.H        -0.823214    1.050916    0.192821
<Jan22-2022> <23:36:50>     7.H        -1.911971   -0.428059   -0.112136
<Jan22-2022> <23:36:50>     8.H         2.361921   -0.963962   -0.384983
<Jan22-2022> <23:36:50>  >>>> CORORT
<Jan22-2022> <23:36:50>  >>>> CLSMAT
<Jan22-2022> <23:36:50>  >>>> ORTHON
<Jan22-2022> <23:36:50>  >>>> GENPT
<Jan22-2022> <23:36:50>  Block Length= 128
<Jan22-2022> <23:36:50>  >>>> PTBAS
<Jan22-2022> <23:36:53>  >>>> CYCLE
<Jan22-2022> <23:37:00>  using orbital data from restart file
<Jan22-2022> <23:37:06>              |Error|         MaxErr       Wt(A-DIIS)
<Jan22-2022> <23:37:06>      1      0.04023943      0.01708239
<Jan22-2022> <23:37:13>      2      0.00599156      0.00133753    100.0
<Jan22-2022> <23:37:21>      3      0.00306255      0.00073967    100.0
<Jan22-2022> <23:37:28>      4      0.00336389      0.00072017      0.0
<Jan22-2022> <23:37:36>      5      0.00039962      0.00007038      0.0
<Jan22-2022> <23:37:43>      6      0.00025440      0.00005837      0.0
<Jan22-2022> <23:37:51>      7      0.00010273      0.00003215      0.0
<Jan22-2022> <23:37:59>      8      0.00001391      0.00000263      0.0
<Jan22-2022> <23:38:06>      9      0.00000176      0.00000030      0.0
<Jan22-2022> <23:38:08>  SCF converged
<Jan22-2022> <23:38:14>     10      0.00000066      0.00000008      0.0
<Jan22-2022> <23:38:16>  >>>> TOTEN
<Jan22-2022> <23:38:26>  >>>> POPAN
<Jan22-2022> <23:38:26>  >>>> DEBYE
<Jan22-2022> <23:38:26>  >>>> ENGRAD
<Jan22-2022> <23:38:38>  current energy                               -1.68355854 Hartree
<Jan22-2022> <23:38:38>  energy change                      -0.00013454     0.00008000    F
<Jan22-2022> <23:38:38>  constrained gradient max            0.00126707     0.00100000    F
<Jan22-2022> <23:38:38>  constrained gradient rms            0.00044408     0.00066667    T
<Jan22-2022> <23:38:38>  gradient max                        0.00126707
<Jan22-2022> <23:38:38>  gradient rms                        0.00044408
<Jan22-2022> <23:38:38>  cart. step max                      0.01345051     0.01000000    F
<Jan22-2022> <23:38:38>  cart. step rms                      0.00389092     0.00666667    T
<Jan22-2022> <23:38:38>  Iteration 7
<Jan22-2022> <23:38:39>  *** GOStep7 ***
<Jan22-2022> <23:38:39>  >>>> FRAGM
<Jan22-2022> <23:38:39>  Coordinates
<Jan22-2022> <23:38:39>     Atom         X           Y           Z   (Angstrom)
<Jan22-2022> <23:38:39>     1.H         0.091544   -1.810034   -0.508602
<Jan22-2022> <23:38:39>     2.C        -0.913268   -0.004189   -0.053685
<Jan22-2022> <23:38:39>     3.C         0.178967   -0.751229   -0.264338
<Jan22-2022> <23:38:39>     4.C         1.562462   -0.212895   -0.181639
<Jan22-2022> <23:38:39>     5.O         1.855795    0.939805    0.076814
<Jan22-2022> <23:38:39>     6.H        -0.823126    1.047649    0.206272
<Jan22-2022> <23:38:39>     7.H        -1.912132   -0.426389   -0.119325
<Jan22-2022> <23:38:39>     8.H         2.361644   -0.964555   -0.382807
<Jan22-2022> <23:38:39>  >>>> CORORT
<Jan22-2022> <23:38:39>  >>>> CLSMAT
<Jan22-2022> <23:38:39>  >>>> ORTHON
<Jan22-2022> <23:38:39>  >>>> GENPT
<Jan22-2022> <23:38:39>  Block Length= 128
<Jan22-2022> <23:38:40>  >>>> PTBAS
<Jan22-2022> <23:38:42>  >>>> CYCLE
<Jan22-2022> <23:38:50>  using orbital data from restart file
<Jan22-2022> <23:38:56>              |Error|         MaxErr       Wt(A-DIIS)
<Jan22-2022> <23:38:56>      1      0.01790525      0.00628800
<Jan22-2022> <23:39:04>      2      0.00212841      0.00042579    100.0
<Jan22-2022> <23:39:12>      3      0.00249934      0.00053966    100.0
<Jan22-2022> <23:39:20>      4      0.00169601      0.00044566      0.0
<Jan22-2022> <23:39:28>      5      0.00022317      0.00006575      0.0
<Jan22-2022> <23:39:35>      6      0.00010621      0.00002465      0.0
<Jan22-2022> <23:39:43>      7      0.00004758      0.00001402      0.0
<Jan22-2022> <23:39:50>      8      0.00000634      0.00000102      0.0
<Jan22-2022> <23:39:58>      9      0.00000128      0.00000020      0.0
<Jan22-2022> <23:40:00>  SCF converged
<Jan22-2022> <23:40:05>     10      0.00000056      0.00000007      0.0
<Jan22-2022> <23:40:07>  >>>> TOTEN
<Jan22-2022> <23:40:17>  >>>> POPAN
<Jan22-2022> <23:40:17>  >>>> DEBYE
<Jan22-2022> <23:40:17>  >>>> ENGRAD
<Jan22-2022> <23:40:30>  current energy                               -1.68355116 Hartree
<Jan22-2022> <23:40:30>  energy change                       0.00000739     0.00008000    T
<Jan22-2022> <23:40:30>  constrained gradient max            0.00218454     0.00100000    F
<Jan22-2022> <23:40:30>  constrained gradient rms            0.00062436     0.00066667    T
<Jan22-2022> <23:40:30>  gradient max                        0.00218454
<Jan22-2022> <23:40:30>  gradient rms                        0.00062436
<Jan22-2022> <23:40:30>  cart. step max                      0.00582067     0.01000000    T
<Jan22-2022> <23:40:30>  cart. step rms                      0.00176101     0.00666667    T
<Jan22-2022> <23:40:30>  Iteration 8
<Jan22-2022> <23:40:30>  *** GOStep8 ***
<Jan22-2022> <23:40:30>  >>>> FRAGM
<Jan22-2022> <23:40:30>  Coordinates
<Jan22-2022> <23:40:30>     Atom         X           Y           Z   (Angstrom)
<Jan22-2022> <23:40:30>     1.H         0.091477   -1.809670   -0.510255
<Jan22-2022> <23:40:30>     2.C        -0.913174   -0.005188   -0.049527
<Jan22-2022> <23:40:30>     3.C         0.178929   -0.751597   -0.262821
<Jan22-2022> <23:40:30>     4.C         1.562445   -0.212717   -0.181414
<Jan22-2022> <23:40:30>     5.O         1.855918    0.939241    0.079705
<Jan22-2022> <23:40:30>     6.H        -0.823326    1.049121    0.200451
<Jan22-2022> <23:40:30>     7.H        -1.912379   -0.426650   -0.118433
<Jan22-2022> <23:40:30>     8.H         2.361997   -0.964375   -0.385017
<Jan22-2022> <23:40:30>  >>>> CORORT
<Jan22-2022> <23:40:31>  >>>> CLSMAT
<Jan22-2022> <23:40:31>  >>>> ORTHON
<Jan22-2022> <23:40:31>  >>>> GENPT
<Jan22-2022> <23:40:31>  Block Length= 128
<Jan22-2022> <23:40:31>  >>>> PTBAS
<Jan22-2022> <23:40:34>  >>>> CYCLE
<Jan22-2022> <23:40:41>  using orbital data from restart file
<Jan22-2022> <23:40:47>              |Error|         MaxErr       Wt(A-DIIS)
<Jan22-2022> <23:40:47>      1      0.00894041      0.00264737
<Jan22-2022> <23:40:54>      2      0.00158447      0.00034669    100.0
<Jan22-2022> <23:41:02>      3      0.00191047      0.00043392    100.0
<Jan22-2022> <23:41:10>      4      0.00137088      0.00040763      0.0
<Jan22-2022> <23:41:17>      5      0.00008821      0.00001848      0.0
<Jan22-2022> <23:41:25>      6      0.00004288      0.00000901      0.0
<Jan22-2022> <23:41:32>      7      0.00002352      0.00000712      0.0
<Jan22-2022> <23:41:40>      8      0.00000476      0.00000106      0.0
<Jan22-2022> <23:41:48>      9      0.00000051      0.00000012      0.0
<Jan22-2022> <23:41:50>  SCF converged
<Jan22-2022> <23:41:55>     10      0.00000012      0.00000002      0.0
<Jan22-2022> <23:41:57>  >>>> TOTEN
<Jan22-2022> <23:42:07>  >>>> POPAN
<Jan22-2022> <23:42:07>  >>>> DEBYE
<Jan22-2022> <23:42:07>  >>>> ENGRAD
<Jan22-2022> <23:42:19>  current energy                               -1.68356191 Hartree
<Jan22-2022> <23:42:19>  energy change                      -0.00001075     0.00008000    T
<Jan22-2022> <23:42:19>  constrained gradient max            0.00029407     0.00100000    T
<Jan22-2022> <23:42:19>  constrained gradient rms            0.00010948     0.00066667    T
<Jan22-2022> <23:42:19>  gradient max                        0.00029407
<Jan22-2022> <23:42:19>  gradient rms                        0.00010948
<Jan22-2022> <23:42:19>  cart. step max                      0.00598538     0.01000000    T
<Jan22-2022> <23:42:19>  cart. step rms                      0.00186829     0.00666667    T
<Jan22-2022> <23:42:19>  Geometry optimization converged
<Jan22-2022> <23:42:20>  *** adf ***
<Jan22-2022> <23:42:20>  Net Charge: 0 (Nuclei minus Electrons)
<Jan22-2022> <23:42:20>  Symmetry  : NOSYM
<Jan22-2022> <23:42:20>  >>>> FRAGM
<Jan22-2022> <23:42:21>  Coordinates
<Jan22-2022> <23:42:21>     Atom         X           Y           Z   (Angstrom)
<Jan22-2022> <23:42:21>     1.H         0.091477   -1.809670   -0.510255
<Jan22-2022> <23:42:21>     2.C        -0.913174   -0.005188   -0.049527
<Jan22-2022> <23:42:21>     3.C         0.178929   -0.751597   -0.262821
<Jan22-2022> <23:42:21>     4.C         1.562445   -0.212717   -0.181414
<Jan22-2022> <23:42:21>     5.O         1.855918    0.939241    0.079705
<Jan22-2022> <23:42:21>     6.H        -0.823326    1.049121    0.200451
<Jan22-2022> <23:42:21>     7.H        -1.912379   -0.426650   -0.118433
<Jan22-2022> <23:42:21>     8.H         2.361997   -0.964375   -0.385017
<Jan22-2022> <23:42:21>  >>>> CORORT
<Jan22-2022> <23:42:21>  >>>> CLSMAT
<Jan22-2022> <23:42:21>  >>>> ORTHON
<Jan22-2022> <23:42:21>  >>>> GENPT
<Jan22-2022> <23:42:21>  Block Length= 128
<Jan22-2022> <23:42:22>  >>>> PTBAS
<Jan22-2022> <23:42:25>  >>>> CYCLE
<Jan22-2022> <23:42:32>  using orbital data from restart file
<Jan22-2022> <23:42:38>              |Error|         MaxErr       Wt(A-DIIS)
<Jan22-2022> <23:42:38>      1      0.00000004      0.00000001
<Jan22-2022> <23:42:45>      2      0.00000006      0.00000002    100.0
<Jan22-2022> <23:42:47>  SCF converged
<Jan22-2022> <23:42:53>      3      0.00000003      0.00000001    100.0
<Jan22-2022> <23:43:00>  >>>> TOTEN
<Jan22-2022> <23:43:17>  >>>> POPAN
<Jan22-2022> <23:43:17>  >>>> DEBYE
<Jan22-2022> <23:43:17>  >>>> AMETS
<Jan22-2022> <23:43:17>   Bond Energy          -1.68356191 a.u.
<Jan22-2022> <23:43:17>   Bond Energy         -45.81205041 eV
<Jan22-2022> <23:43:17>   Bond Energy       -1056.45       kcal/mol
<Jan22-2022> <23:43:17>  >>>> POPUL
<Jan22-2022> <23:43:18>  >>>> ENGRAD
<Jan22-2022> <23:43:30>  >>>> ENHESS
<Jan22-2022> <23:43:34>  === NUCLEUS:     1
<Jan22-2022> <23:46:49>  === NUCLEUS:     2
<Jan22-2022> <23:49:49>  === NUCLEUS:     3
<Jan22-2022> <23:52:52>  === NUCLEUS:     4
<Jan22-2022> <23:55:56>  === NUCLEUS:     5
<Jan22-2022> <23:59:13>  === NUCLEUS:     6
<Jan23-2022> <00:02:25>  === NUCLEUS:     7
<Jan23-2022> <00:05:35>  === NUCLEUS:     8
<Jan23-2022> <00:08:46>  >>>> CALC_HESS_PMAT
<Jan23-2022> <00:09:13>  >>>> CALC_HESS_WMAT
<Jan23-2022> <00:09:18>  PES point character: Geometry corresponds to a local minimum on the PES.
<Jan23-2022> <00:09:18>  Geometry optimization successful!
<Jan23-2022> <00:09:18>  WARNING: total elapsed time is much higher than the (CPU+system) time.
<Jan23-2022> <00:09:18>  Make sure the machine is not oversubscribed and has enough memory, SCM_TMPDIR points to a fast file system, and the network is fast enough.
<Jan23-2022> <00:09:18>  NORMAL TERMINATION
