<Jan19-2022> <23:29:51>  AMS 2021.102  RunTime: Jan19-2022 23:29:51  ShM Nodes: 1  Procs: 1
<Jan19-2022> <23:29:51>  ADF 2021.102  RunTime: Jan19-2022 23:29:51  ShM Nodes: 1  Procs: 1
<Jan19-2022> <23:29:51>  *** (NO TITLE) ***
<Jan19-2022> <23:29:51>  Symmetry detected: C(S)
<Jan19-2022> <23:29:51>  Iteration 1
<Jan19-2022> <23:29:51>  DIRAC 2021.102  RunTime: Jan19-2022 23:29:51  ShM Nodes: 1  Procs: 1
<Jan19-2022> <23:29:52>  Carbon (TZ2P)
<Jan19-2022> <23:29:52>  Net Charge: 0 (Nuclei minus Electrons)
<Jan19-2022> <23:29:52>  Symmetry  : ATOM
<Jan19-2022> <23:29:52>  Coordinates
<Jan19-2022> <23:29:52>     Atom         X           Y           Z   (Angstrom)
<Jan19-2022> <23:29:52>     1.C         0.000000    0.000000    0.000000
<Jan19-2022> <23:29:52>  >>>> CORORT
<Jan19-2022> <23:29:52>  >>>> CLSMAT
<Jan19-2022> <23:29:52>  >>>> ORTHON
<Jan19-2022> <23:29:52>  >>>> GENPT
<Jan19-2022> <23:29:52>  Block Length=  72
<Jan19-2022> <23:29:52>  >>>> PTBAS
<Jan19-2022> <23:29:52>  >>>> CYCLE
<Jan19-2022> <23:29:52>              |Error|         MaxErr       Wt(A-DIIS)
<Jan19-2022> <23:29:52>      1      0.00000000      0.00000000
<Jan19-2022> <23:29:52>      2      4.48405934      3.32161898    100.0
<Jan19-2022> <23:29:52>      3      1.60718414      1.28408746    100.0
<Jan19-2022> <23:29:52>      4      0.76426456      0.62272052    100.0
<Jan19-2022> <23:29:52>      5      0.36119063      0.28553990    100.0
<Jan19-2022> <23:29:52>      6      0.14821424      0.11559867    100.0
<Jan19-2022> <23:29:52>      7      0.10108424      0.07867111     78.5
<Jan19-2022> <23:29:52>      8      0.01786531      0.01387049     13.0
<Jan19-2022> <23:29:52>      9      0.00195746      0.00153262      0.5
<Jan19-2022> <23:29:52>     10      0.00001058      0.00000730      0.0
<Jan19-2022> <23:29:52>     11      0.00000047      0.00000027      0.0
<Jan19-2022> <23:29:52>     12      0.00000003      0.00000002      0.0
<Jan19-2022> <23:29:52>     13      0.00000000      0.00000000      0.0
<Jan19-2022> <23:29:52>  SCF converged
<Jan19-2022> <23:29:52>     14      0.00000000      0.00000000      0.0
<Jan19-2022> <23:29:52>  >>>> POPAN
<Jan19-2022> <23:29:52>  >>>> DEBYE
<Jan19-2022> <23:29:52>  DIRAC 2021.102  RunTime: Jan19-2022 23:29:52  ShM Nodes: 1  Procs: 1
<Jan19-2022> <23:29:52>  Hydrogen (TZ2P)
<Jan19-2022> <23:29:52>  Net Charge: 0 (Nuclei minus Electrons)
<Jan19-2022> <23:29:52>  Symmetry  : ATOM
<Jan19-2022> <23:29:52>  Coordinates
<Jan19-2022> <23:29:52>     Atom         X           Y           Z   (Angstrom)
<Jan19-2022> <23:29:52>     1.H         0.000000    0.000000    0.000000
<Jan19-2022> <23:29:52>  >>>> CORORT
<Jan19-2022> <23:29:52>  >>>> CLSMAT
<Jan19-2022> <23:29:52>  >>>> ORTHON
<Jan19-2022> <23:29:52>  >>>> GENPT
<Jan19-2022> <23:29:52>  Block Length=  64
<Jan19-2022> <23:29:52>  >>>> PTBAS
<Jan19-2022> <23:29:52>  >>>> CYCLE
<Jan19-2022> <23:29:52>              |Error|         MaxErr       Wt(A-DIIS)
<Jan19-2022> <23:29:52>      1      0.00000000      0.00000000
<Jan19-2022> <23:29:52>      2      0.03080019      0.02591482
<Jan19-2022> <23:29:53>      3      0.01140383      0.01135775    100.0
<Jan19-2022> <23:29:53>      4      0.00327656      0.00327407      2.3
<Jan19-2022> <23:29:53>      5      0.00010041      0.00009754      0.0
<Jan19-2022> <23:29:53>      6      0.00000525      0.00000504      0.0
<Jan19-2022> <23:29:53>      7      0.00000007      0.00000007      0.0
<Jan19-2022> <23:29:53>      8      0.00000000      0.00000000      0.0
<Jan19-2022> <23:29:53>  SCF converged
<Jan19-2022> <23:29:53>      9      0.00000000      0.00000000      0.0
<Jan19-2022> <23:29:53>  >>>> POPAN
<Jan19-2022> <23:29:53>  >>>> DEBYE
<Jan19-2022> <23:29:53>  DIRAC 2021.102  RunTime: Jan19-2022 23:29:53  ShM Nodes: 1  Procs: 1
<Jan19-2022> <23:29:53>  Oxygen (TZ2P)
<Jan19-2022> <23:29:53>  Net Charge: 0 (Nuclei minus Electrons)
<Jan19-2022> <23:29:53>  Symmetry  : ATOM
<Jan19-2022> <23:29:53>  Coordinates
<Jan19-2022> <23:29:53>     Atom         X           Y           Z   (Angstrom)
<Jan19-2022> <23:29:53>     1.O         0.000000    0.000000    0.000000
<Jan19-2022> <23:29:53>  >>>> CORORT
<Jan19-2022> <23:29:53>  >>>> CLSMAT
<Jan19-2022> <23:29:53>  >>>> ORTHON
<Jan19-2022> <23:29:53>  >>>> GENPT
<Jan19-2022> <23:29:53>  Block Length=  68
<Jan19-2022> <23:29:53>  >>>> PTBAS
<Jan19-2022> <23:29:53>  >>>> CYCLE
<Jan19-2022> <23:29:53>              |Error|         MaxErr       Wt(A-DIIS)
<Jan19-2022> <23:29:53>      1      0.00000000      0.00000000
<Jan19-2022> <23:29:53>      2      8.77210307      5.53374266    100.0
<Jan19-2022> <23:29:53>      3      3.60058093      2.49154808    100.0
<Jan19-2022> <23:29:53>      4      1.20505529      0.62472425    100.0
<Jan19-2022> <23:29:53>      5      1.46502638      0.81213311    100.0
<Jan19-2022> <23:29:53>      6      0.15089362      0.09131786     91.2
<Jan19-2022> <23:29:53>      7      0.14397311      0.08251182     82.3
<Jan19-2022> <23:29:53>      8      0.00183259      0.00123681      0.2
<Jan19-2022> <23:29:53>      9      0.00015629      0.00008105      0.0
<Jan19-2022> <23:29:53>     10      0.00001324      0.00000629      0.0
<Jan19-2022> <23:29:53>     11      0.00000006      0.00000003      0.0
<Jan19-2022> <23:29:53>     12      0.00000000      0.00000000      0.0
<Jan19-2022> <23:29:53>  SCF converged
<Jan19-2022> <23:29:53>     13      0.00000000      0.00000000      0.0
<Jan19-2022> <23:29:53>  >>>> POPAN
<Jan19-2022> <23:29:53>  >>>> DEBYE
<Jan19-2022> <23:29:53>  *** GOStep1 ***
<Jan19-2022> <23:29:53>  >>>> FRAGM
<Jan19-2022> <23:29:54>  Coordinates
<Jan19-2022> <23:29:54>     Atom         X           Y           Z   (Angstrom)
<Jan19-2022> <23:29:54>     1.C         0.312247    0.445199    0.000000
<Jan19-2022> <23:29:54>     2.C         0.983914   -0.714308    0.000000
<Jan19-2022> <23:29:54>     3.H         0.458423   -1.668047    0.000000
<Jan19-2022> <23:29:54>     4.C        -1.162784    0.485254    0.000000
<Jan19-2022> <23:29:54>     5.H         0.823132    1.407065    0.000000
<Jan19-2022> <23:29:54>     6.O        -1.824058    1.507291    0.000000
<Jan19-2022> <23:29:54>     7.H         2.053264   -0.751598    0.000000
<Jan19-2022> <23:29:54>     8.H        -1.635503   -0.474661    0.000000
<Jan19-2022> <23:29:54>  >>>> CORORT
<Jan19-2022> <23:29:54>  >>>> CLSMAT
<Jan19-2022> <23:29:54>  >>>> ORTHON
<Jan19-2022> <23:29:54>  >>>> GENPT
<Jan19-2022> <23:29:54>  Block Length= 128
<Jan19-2022> <23:29:54>  >>>> PTBAS
<Jan19-2022> <23:30:00>  >>>> CYCLE
<Jan19-2022> <23:30:16>              |Error|         MaxErr       Wt(A-DIIS)
<Jan19-2022> <23:30:16>      1      4.64097388      1.05951462
<Jan19-2022> <23:30:27>      2      0.77954014      0.17318640    100.0
<Jan19-2022> <23:30:38>      3      0.41247018      0.07592035    100.0
<Jan19-2022> <23:30:50>      4      0.57884677      0.12735143    100.0
<Jan19-2022> <23:31:02>      5      0.13209004      0.03902793     38.4
<Jan19-2022> <23:31:13>      6      0.19512647      0.06120979    100.0
<Jan19-2022> <23:31:25>      7      0.03683533      0.00578912      4.8
<Jan19-2022> <23:31:37>      8      0.00925904      0.00294844      2.0
<Jan19-2022> <23:31:48>      9      0.00232889      0.00055005      0.0
<Jan19-2022> <23:32:00>     10      0.00018896      0.00002692      0.0
<Jan19-2022> <23:32:11>     11      0.00003805      0.00000602      0.0
<Jan19-2022> <23:32:23>     12      0.00000716      0.00000152      0.0
<Jan19-2022> <23:32:35>     13      0.00000119      0.00000025      0.0
<Jan19-2022> <23:32:38>  SCF converged
<Jan19-2022> <23:32:47>     14      0.00000015      0.00000003      0.0
<Jan19-2022> <23:32:50>  >>>> TOTEN
<Jan19-2022> <23:33:06>  >>>> POPAN
<Jan19-2022> <23:33:06>  >>>> DEBYE
<Jan19-2022> <23:33:07>  >>>> ENGRAD
<Jan19-2022> <23:33:31>  current energy                               -1.68586010 Hartree
<Jan19-2022> <23:33:31>  energy change                      -1.68586010     0.00008000    F
<Jan19-2022> <23:33:31>  constrained gradient max            0.04898820     0.00100000    F
<Jan19-2022> <23:33:31>  constrained gradient rms            0.01632863     0.00066667    F
<Jan19-2022> <23:33:31>  gradient max                        0.04898820
<Jan19-2022> <23:33:31>  gradient rms                        0.01632863
<Jan19-2022> <23:33:31>  cart. step max                      0.02097665     0.01000000    F
<Jan19-2022> <23:33:31>  cart. step rms                      0.00661062     0.00666667    T
<Jan19-2022> <23:33:31>  Iteration 2
<Jan19-2022> <23:33:31>  *** GOStep2 ***
<Jan19-2022> <23:33:31>  >>>> FRAGM
<Jan19-2022> <23:33:31>  Coordinates
<Jan19-2022> <23:33:31>     Atom         X           Y           Z   (Angstrom)
<Jan19-2022> <23:33:31>     1.C         0.313308    0.447857    0.000000
<Jan19-2022> <23:33:31>     2.C         0.983675   -0.712777    0.000000
<Jan19-2022> <23:33:31>     3.H         0.455906   -1.665384    0.000000
<Jan19-2022> <23:33:31>     4.C        -1.162391    0.489087    0.000000
<Jan19-2022> <23:33:31>     5.H         0.826178    1.408731    0.000000
<Jan19-2022> <23:33:31>     6.O        -1.819957    1.516953    0.000000
<Jan19-2022> <23:33:31>     7.H         2.064996   -0.752634    0.000000
<Jan19-2022> <23:33:31>     8.H        -1.653080   -0.495638    0.000000
<Jan19-2022> <23:33:31>  >>>> CORORT
<Jan19-2022> <23:33:31>  >>>> CLSMAT
<Jan19-2022> <23:33:31>  >>>> ORTHON
<Jan19-2022> <23:33:31>  >>>> GENPT
<Jan19-2022> <23:33:32>  Block Length= 128
<Jan19-2022> <23:33:32>  >>>> PTBAS
<Jan19-2022> <23:33:38>  >>>> CYCLE
<Jan19-2022> <23:33:46>  using orbital data from restart file
<Jan19-2022> <23:33:54>              |Error|         MaxErr       Wt(A-DIIS)
<Jan19-2022> <23:33:54>      1      0.08821114      0.04050363
<Jan19-2022> <23:34:06>      2      0.01473162      0.00390800    100.0
<Jan19-2022> <23:34:18>      3      0.03481837      0.01096871    100.0
<Jan19-2022> <23:34:29>      4      0.00747365      0.00139156      0.4
<Jan19-2022> <23:34:41>      5      0.00135601      0.00020433      0.0
<Jan19-2022> <23:34:52>      6      0.00052342      0.00011963      0.0
<Jan19-2022> <23:35:04>      7      0.00023260      0.00007513      0.0
<Jan19-2022> <23:35:16>      8      0.00004679      0.00000848      0.0
<Jan19-2022> <23:35:28>      9      0.00000670      0.00000128      0.0
<Jan19-2022> <23:35:39>     10      0.00000075      0.00000018      0.0
<Jan19-2022> <23:35:42>  SCF converged
<Jan19-2022> <23:35:51>     11      0.00000017      0.00000003      0.0
<Jan19-2022> <23:35:54>  >>>> TOTEN
<Jan19-2022> <23:36:11>  >>>> POPAN
<Jan19-2022> <23:36:11>  >>>> DEBYE
<Jan19-2022> <23:36:11>  >>>> ENGRAD
<Jan19-2022> <23:36:35>  current energy                               -1.68711032 Hartree
<Jan19-2022> <23:36:35>  energy change                      -0.00125022     0.00008000    F
<Jan19-2022> <23:36:35>  constrained gradient max            0.02096124     0.00100000    F
<Jan19-2022> <23:36:35>  constrained gradient rms            0.00607985     0.00066667    F
<Jan19-2022> <23:36:35>  gradient max                        0.02096124
<Jan19-2022> <23:36:35>  gradient rms                        0.00607985
<Jan19-2022> <23:36:35>  cart. step max                      0.00854789     0.01000000    T
<Jan19-2022> <23:36:35>  cart. step rms                      0.00262175     0.00666667    T
<Jan19-2022> <23:36:35>  Iteration 3
<Jan19-2022> <23:36:36>  *** GOStep3 ***
<Jan19-2022> <23:36:36>  >>>> FRAGM
<Jan19-2022> <23:36:36>  Coordinates
<Jan19-2022> <23:36:36>     Atom         X           Y           Z   (Angstrom)
<Jan19-2022> <23:36:36>     1.C         0.313656    0.449214    0.000000
<Jan19-2022> <23:36:36>     2.C         0.982697   -0.712055    0.000000
<Jan19-2022> <23:36:36>     3.H         0.454393   -1.664306    0.000000
<Jan19-2022> <23:36:36>     4.C        -1.161281    0.493056    0.000000
<Jan19-2022> <23:36:36>     5.H         0.827043    1.409665    0.000000
<Jan19-2022> <23:36:36>     6.O        -1.817209    1.517817    0.000000
<Jan19-2022> <23:36:36>     7.H         2.068933   -0.753010    0.000000
<Jan19-2022> <23:36:36>     8.H        -1.659597   -0.504186    0.000000
<Jan19-2022> <23:36:36>  >>>> CORORT
<Jan19-2022> <23:36:36>  >>>> CLSMAT
<Jan19-2022> <23:36:36>  >>>> ORTHON
<Jan19-2022> <23:36:36>  >>>> GENPT
<Jan19-2022> <23:36:36>  Block Length= 128
<Jan19-2022> <23:36:36>  >>>> PTBAS
<Jan19-2022> <23:36:42>  >>>> CYCLE
<Jan19-2022> <23:36:50>  using orbital data from restart file
<Jan19-2022> <23:36:59>              |Error|         MaxErr       Wt(A-DIIS)
<Jan19-2022> <23:36:59>      1      0.04400205      0.01993300
<Jan19-2022> <23:37:11>      2      0.00915037      0.00262146    100.0
<Jan19-2022> <23:37:22>      3      0.02846011      0.00810896    100.0
<Jan19-2022> <23:37:34>      4      0.00841605      0.00238450      1.4
<Jan19-2022> <23:37:46>      5      0.00089842      0.00021423      0.0
<Jan19-2022> <23:37:58>      6      0.00026568      0.00007514      0.0
<Jan19-2022> <23:38:09>      7      0.00008101      0.00001294      0.0
<Jan19-2022> <23:38:21>      8      0.00001026      0.00000210      0.0
<Jan19-2022> <23:38:32>      9      0.00000154      0.00000026      0.0
<Jan19-2022> <23:38:36>  SCF converged
<Jan19-2022> <23:38:44>     10      0.00000033      0.00000006      0.0
<Jan19-2022> <23:38:48>  >>>> TOTEN
<Jan19-2022> <23:39:05>  >>>> POPAN
<Jan19-2022> <23:39:05>  >>>> DEBYE
<Jan19-2022> <23:39:05>  >>>> ENGRAD
<Jan19-2022> <23:39:28>  current energy                               -1.68727693 Hartree
<Jan19-2022> <23:39:28>  energy change                      -0.00016661     0.00008000    F
<Jan19-2022> <23:39:28>  constrained gradient max            0.00241037     0.00100000    F
<Jan19-2022> <23:39:28>  constrained gradient rms            0.00089739     0.00066667    F
<Jan19-2022> <23:39:28>  gradient max                        0.00241037
<Jan19-2022> <23:39:28>  gradient rms                        0.00089739
<Jan19-2022> <23:39:28>  cart. step max                      0.00180614     0.01000000    T
<Jan19-2022> <23:39:28>  cart. step rms                      0.00063207     0.00666667    T
<Jan19-2022> <23:39:28>  Iteration 4
<Jan19-2022> <23:39:29>  *** GOStep4 ***
<Jan19-2022> <23:39:29>  >>>> FRAGM
<Jan19-2022> <23:39:29>  Coordinates
<Jan19-2022> <23:39:29>     Atom         X           Y           Z   (Angstrom)
<Jan19-2022> <23:39:29>     1.C         0.314005    0.449251    0.000000
<Jan19-2022> <23:39:29>     2.C         0.982443   -0.712134    0.000000
<Jan19-2022> <23:39:29>     3.H         0.454139   -1.664334    0.000000
<Jan19-2022> <23:39:29>     4.C        -1.160921    0.494157    0.000000
<Jan19-2022> <23:39:29>     5.H         0.827574    1.409627    0.000000
<Jan19-2022> <23:39:29>     6.O        -1.818693    1.518891    0.000000
<Jan19-2022> <23:39:29>     7.H         2.068703   -0.753272    0.000000
<Jan19-2022> <23:39:29>     8.H        -1.658615   -0.505992    0.000000
<Jan19-2022> <23:39:29>  >>>> CORORT
<Jan19-2022> <23:39:29>  >>>> CLSMAT
<Jan19-2022> <23:39:29>  >>>> ORTHON
<Jan19-2022> <23:39:29>  >>>> GENPT
<Jan19-2022> <23:39:29>  Block Length= 128
<Jan19-2022> <23:39:30>  >>>> PTBAS
<Jan19-2022> <23:39:36>  >>>> CYCLE
<Jan19-2022> <23:39:43>  using orbital data from restart file
<Jan19-2022> <23:39:52>              |Error|         MaxErr       Wt(A-DIIS)
<Jan19-2022> <23:39:52>      1      0.00732277      0.00272056
<Jan19-2022> <23:40:03>      2      0.00226219      0.00042838    100.0
<Jan19-2022> <23:40:15>      3      0.00486103      0.00105833    100.0
<Jan19-2022> <23:40:26>      4      0.00112922      0.00019136      0.0
<Jan19-2022> <23:40:38>      5      0.00017336      0.00004796      0.0
<Jan19-2022> <23:40:49>      6      0.00003580      0.00000592      0.0
<Jan19-2022> <23:41:01>      7      0.00001932      0.00000517      0.0
<Jan19-2022> <23:41:13>      8      0.00000941      0.00000263      0.0
<Jan19-2022> <23:41:25>      9      0.00000063      0.00000012      0.0
<Jan19-2022> <23:41:28>  SCF converged
<Jan19-2022> <23:41:36>     10      0.00000011      0.00000002      0.0
<Jan19-2022> <23:41:40>  >>>> TOTEN
<Jan19-2022> <23:41:56>  >>>> POPAN
<Jan19-2022> <23:41:56>  >>>> DEBYE
<Jan19-2022> <23:41:56>  >>>> ENGRAD
<Jan19-2022> <23:42:21>  current energy                               -1.68728197 Hartree
<Jan19-2022> <23:42:21>  energy change                      -0.00000503     0.00008000    T
<Jan19-2022> <23:42:21>  constrained gradient max            0.00084951     0.00100000    T
<Jan19-2022> <23:42:21>  constrained gradient rms            0.00030020     0.00066667    T
<Jan19-2022> <23:42:21>  gradient max                        0.00084951
<Jan19-2022> <23:42:21>  gradient rms                        0.00030020
<Jan19-2022> <23:42:21>  cart. step max                      0.00050693     0.01000000    T
<Jan19-2022> <23:42:21>  cart. step rms                      0.00018871     0.00666667    T
<Jan19-2022> <23:42:21>  Geometry optimization converged
<Jan19-2022> <23:42:21>  *** adf ***
<Jan19-2022> <23:42:21>  Net Charge: 0 (Nuclei minus Electrons)
<Jan19-2022> <23:42:21>  Symmetry  : NOSYM
<Jan19-2022> <23:42:21>  >>>> FRAGM
<Jan19-2022> <23:42:21>  Coordinates
<Jan19-2022> <23:42:21>     Atom         X           Y           Z   (Angstrom)
<Jan19-2022> <23:42:21>     1.C         0.314005    0.449251    0.000000
<Jan19-2022> <23:42:21>     2.C         0.982443   -0.712134    0.000000
<Jan19-2022> <23:42:21>     3.H         0.454139   -1.664334    0.000000
<Jan19-2022> <23:42:21>     4.C        -1.160921    0.494157    0.000000
<Jan19-2022> <23:42:21>     5.H         0.827574    1.409627    0.000000
<Jan19-2022> <23:42:21>     6.O        -1.818693    1.518891    0.000000
<Jan19-2022> <23:42:21>     7.H         2.068703   -0.753272    0.000000
<Jan19-2022> <23:42:21>     8.H        -1.658615   -0.505992    0.000000
<Jan19-2022> <23:42:21>  >>>> CORORT
<Jan19-2022> <23:42:21>  >>>> CLSMAT
<Jan19-2022> <23:42:21>  >>>> ORTHON
<Jan19-2022> <23:42:21>  >>>> GENPT
<Jan19-2022> <23:42:21>  Block Length= 128
<Jan19-2022> <23:42:22>  >>>> PTBAS
<Jan19-2022> <23:42:28>  >>>> CYCLE
<Jan19-2022> <23:42:35>  using orbital data from restart file
<Jan19-2022> <23:42:43>              |Error|         MaxErr       Wt(A-DIIS)
<Jan19-2022> <23:42:43>      1      0.00000002      0.00000001
<Jan19-2022> <23:42:55>      2      0.00000004      0.00000002    100.0
<Jan19-2022> <23:42:59>  SCF converged
<Jan19-2022> <23:43:07>      3      0.00000010      0.00000005    100.0
<Jan19-2022> <23:43:18>  >>>> TOTEN
<Jan19-2022> <23:43:47>  >>>> POPAN
<Jan19-2022> <23:43:47>  >>>> DEBYE
<Jan19-2022> <23:43:47>  >>>> AMETS
<Jan19-2022> <23:43:47>   Bond Energy          -1.68728197 a.u.
<Jan19-2022> <23:43:47>   Bond Energy         -45.91327836 eV
<Jan19-2022> <23:43:47>   Bond Energy       -1058.79       kcal/mol
<Jan19-2022> <23:43:47>  >>>> POPUL
<Jan19-2022> <23:43:47>  >>>> ENGRAD
<Jan19-2022> <23:44:12>  >>>> ENHESS
<Jan19-2022> <23:44:18>  === NUCLEUS:     1
<Jan19-2022> <23:49:04>  === NUCLEUS:     2
<Jan19-2022> <23:53:29>  === NUCLEUS:     3
<Jan19-2022> <23:57:53>  === NUCLEUS:     4
<Jan20-2022> <00:02:07>  === NUCLEUS:     5
<Jan20-2022> <00:05:31>  === NUCLEUS:     6
<Jan20-2022> <00:07:51>  === NUCLEUS:     7
<Jan20-2022> <00:10:17>  === NUCLEUS:     8
<Jan20-2022> <00:12:46>  >>>> CALC_HESS_PMAT
<Jan20-2022> <00:13:18>  >>>> CALC_HESS_WMAT
<Jan20-2022> <00:13:23>  PES point character: Geometry corresponds to a local minimum on the PES.
<Jan20-2022> <00:13:23>  Geometry optimization successful!
<Jan20-2022> <00:13:23>  NORMAL TERMINATION
