<Jan20-2022> <13:33:44>  AMS 2021.102  RunTime: Jan20-2022 13:33:44  ShM Nodes: 1  Procs: 1
<Jan20-2022> <13:33:45>  ADF 2021.102  RunTime: Jan20-2022 13:33:45  ShM Nodes: 1  Procs: 1
<Jan20-2022> <13:33:45>  *** (NO TITLE) ***
<Jan20-2022> <13:33:45>  Iteration 1
<Jan20-2022> <13:33:45>  DIRAC 2021.102  RunTime: Jan20-2022 13:33:45  ShM Nodes: 1  Procs: 1
<Jan20-2022> <13:33:45>  Carbon (TZ2P)
<Jan20-2022> <13:33:45>  Net Charge: 0 (Nuclei minus Electrons)
<Jan20-2022> <13:33:45>  Symmetry  : ATOM
<Jan20-2022> <13:33:45>  Coordinates
<Jan20-2022> <13:33:45>     Atom         X           Y           Z   (Angstrom)
<Jan20-2022> <13:33:45>     1.C         0.000000    0.000000    0.000000
<Jan20-2022> <13:33:45>  >>>> CORORT
<Jan20-2022> <13:33:45>  >>>> CLSMAT
<Jan20-2022> <13:33:45>  >>>> ORTHON
<Jan20-2022> <13:33:45>  >>>> GENPT
<Jan20-2022> <13:33:45>  Block Length=  72
<Jan20-2022> <13:33:45>  >>>> PTBAS
<Jan20-2022> <13:33:45>  >>>> CYCLE
<Jan20-2022> <13:33:45>              |Error|         MaxErr       Wt(A-DIIS)
<Jan20-2022> <13:33:45>      1      0.00000000      0.00000000
<Jan20-2022> <13:33:45>      2      4.48405934      3.32161898    100.0
<Jan20-2022> <13:33:45>      3      1.60718414      1.28408746    100.0
<Jan20-2022> <13:33:45>      4      0.76426456      0.62272052    100.0
<Jan20-2022> <13:33:45>      5      0.36119063      0.28553990    100.0
<Jan20-2022> <13:33:45>      6      0.14821424      0.11559867    100.0
<Jan20-2022> <13:33:45>      7      0.10108424      0.07867111     78.5
<Jan20-2022> <13:33:45>      8      0.01786531      0.01387049     13.0
<Jan20-2022> <13:33:45>      9      0.00195746      0.00153262      0.5
<Jan20-2022> <13:33:45>     10      0.00001058      0.00000730      0.0
<Jan20-2022> <13:33:45>     11      0.00000047      0.00000027      0.0
<Jan20-2022> <13:33:45>     12      0.00000003      0.00000002      0.0
<Jan20-2022> <13:33:45>     13      0.00000000      0.00000000      0.0
<Jan20-2022> <13:33:45>  SCF converged
<Jan20-2022> <13:33:45>     14      0.00000000      0.00000000      0.0
<Jan20-2022> <13:33:45>  >>>> POPAN
<Jan20-2022> <13:33:45>  >>>> DEBYE
<Jan20-2022> <13:33:45>  DIRAC 2021.102  RunTime: Jan20-2022 13:33:45  ShM Nodes: 1  Procs: 1
<Jan20-2022> <13:33:46>  Hydrogen (TZ2P)
<Jan20-2022> <13:33:46>  Net Charge: 0 (Nuclei minus Electrons)
<Jan20-2022> <13:33:46>  Symmetry  : ATOM
<Jan20-2022> <13:33:46>  Coordinates
<Jan20-2022> <13:33:46>     Atom         X           Y           Z   (Angstrom)
<Jan20-2022> <13:33:46>     1.H         0.000000    0.000000    0.000000
<Jan20-2022> <13:33:46>  >>>> CORORT
<Jan20-2022> <13:33:46>  >>>> CLSMAT
<Jan20-2022> <13:33:46>  >>>> ORTHON
<Jan20-2022> <13:33:46>  >>>> GENPT
<Jan20-2022> <13:33:46>  Block Length=  64
<Jan20-2022> <13:33:46>  >>>> PTBAS
<Jan20-2022> <13:33:46>  >>>> CYCLE
<Jan20-2022> <13:33:46>              |Error|         MaxErr       Wt(A-DIIS)
<Jan20-2022> <13:33:46>      1      0.00000000      0.00000000
<Jan20-2022> <13:33:46>      2      0.03080019      0.02591482
<Jan20-2022> <13:33:46>      3      0.01140383      0.01135775    100.0
<Jan20-2022> <13:33:46>      4      0.00327656      0.00327407      2.3
<Jan20-2022> <13:33:46>      5      0.00010041      0.00009754      0.0
<Jan20-2022> <13:33:46>      6      0.00000525      0.00000504      0.0
<Jan20-2022> <13:33:46>      7      0.00000007      0.00000007      0.0
<Jan20-2022> <13:33:46>      8      0.00000000      0.00000000      0.0
<Jan20-2022> <13:33:46>  SCF converged
<Jan20-2022> <13:33:46>      9      0.00000000      0.00000000      0.0
<Jan20-2022> <13:33:46>  >>>> POPAN
<Jan20-2022> <13:33:46>  >>>> DEBYE
<Jan20-2022> <13:33:46>  DIRAC 2021.102  RunTime: Jan20-2022 13:33:46  ShM Nodes: 1  Procs: 1
<Jan20-2022> <13:33:46>  Oxygen (TZ2P)
<Jan20-2022> <13:33:46>  Net Charge: 0 (Nuclei minus Electrons)
<Jan20-2022> <13:33:46>  Symmetry  : ATOM
<Jan20-2022> <13:33:46>  Coordinates
<Jan20-2022> <13:33:46>     Atom         X           Y           Z   (Angstrom)
<Jan20-2022> <13:33:46>     1.O         0.000000    0.000000    0.000000
<Jan20-2022> <13:33:46>  >>>> CORORT
<Jan20-2022> <13:33:46>  >>>> CLSMAT
<Jan20-2022> <13:33:46>  >>>> ORTHON
<Jan20-2022> <13:33:46>  >>>> GENPT
<Jan20-2022> <13:33:46>  Block Length=  68
<Jan20-2022> <13:33:46>  >>>> PTBAS
<Jan20-2022> <13:33:46>  >>>> CYCLE
<Jan20-2022> <13:33:46>              |Error|         MaxErr       Wt(A-DIIS)
<Jan20-2022> <13:33:46>      1      0.00000000      0.00000000
<Jan20-2022> <13:33:46>      2      8.77210307      5.53374266    100.0
<Jan20-2022> <13:33:46>      3      3.60058093      2.49154808    100.0
<Jan20-2022> <13:33:46>      4      1.20505529      0.62472425    100.0
<Jan20-2022> <13:33:46>      5      1.46502638      0.81213311    100.0
<Jan20-2022> <13:33:47>      6      0.15089362      0.09131786     91.2
<Jan20-2022> <13:33:47>      7      0.14397311      0.08251182     82.3
<Jan20-2022> <13:33:47>      8      0.00183259      0.00123681      0.2
<Jan20-2022> <13:33:47>      9      0.00015629      0.00008105      0.0
<Jan20-2022> <13:33:47>     10      0.00001324      0.00000629      0.0
<Jan20-2022> <13:33:47>     11      0.00000006      0.00000003      0.0
<Jan20-2022> <13:33:47>     12      0.00000000      0.00000000      0.0
<Jan20-2022> <13:33:47>  SCF converged
<Jan20-2022> <13:33:47>     13      0.00000000      0.00000000      0.0
<Jan20-2022> <13:33:47>  >>>> POPAN
<Jan20-2022> <13:33:47>  >>>> DEBYE
<Jan20-2022> <13:33:47>  DIRAC 2021.102  RunTime: Jan20-2022 13:33:47  ShM Nodes: 1  Procs: 1
<Jan20-2022> <13:33:47>  Fluorine (TZ2P)
<Jan20-2022> <13:33:47>  Net Charge: 0 (Nuclei minus Electrons)
<Jan20-2022> <13:33:47>  Symmetry  : ATOM
<Jan20-2022> <13:33:47>  Coordinates
<Jan20-2022> <13:33:47>     Atom         X           Y           Z   (Angstrom)
<Jan20-2022> <13:33:47>     1.F         0.000000    0.000000    0.000000
<Jan20-2022> <13:33:47>  >>>> CORORT
<Jan20-2022> <13:33:47>  >>>> CLSMAT
<Jan20-2022> <13:33:47>  >>>> ORTHON
<Jan20-2022> <13:33:47>  >>>> GENPT
<Jan20-2022> <13:33:47>  Block Length=  76
<Jan20-2022> <13:33:47>  >>>> PTBAS
<Jan20-2022> <13:33:47>  >>>> CYCLE
<Jan20-2022> <13:33:47>              |Error|         MaxErr       Wt(A-DIIS)
<Jan20-2022> <13:33:47>      1      0.00000000      0.00000000
<Jan20-2022> <13:33:47>      2     11.39970762      4.85721148    100.0
<Jan20-2022> <13:33:47>      3      5.17310012      3.16632108    100.0
<Jan20-2022> <13:33:47>      4      1.04882283      0.49392043    100.0
<Jan20-2022> <13:33:47>      5      1.72142161      0.84736739    100.0
<Jan20-2022> <13:33:47>      6      0.21842580      0.10780687    100.0
<Jan20-2022> <13:33:47>      7      0.28524155      0.13554881    100.0
<Jan20-2022> <13:33:47>      8      0.02856437      0.01389479     13.0
<Jan20-2022> <13:33:47>      9      0.00489297      0.00234741      1.4
<Jan20-2022> <13:33:47>     10      0.00009261      0.00004462      0.0
<Jan20-2022> <13:33:47>     11      0.00000010      0.00000005      0.0
<Jan20-2022> <13:33:47>     12      0.00000000      0.00000000      0.0
<Jan20-2022> <13:33:47>  SCF converged
<Jan20-2022> <13:33:47>     13      0.00000000      0.00000000      0.0
<Jan20-2022> <13:33:48>  >>>> POPAN
<Jan20-2022> <13:33:48>  >>>> DEBYE
<Jan20-2022> <13:33:48>  *** GOStep1 ***
<Jan20-2022> <13:33:48>  >>>> FRAGM
<Jan20-2022> <13:33:48>  Coordinates
<Jan20-2022> <13:33:48>     Atom         X           Y           Z   (Angstrom)
<Jan20-2022> <13:33:48>     1.C         0.816680   -0.234719    0.881975
<Jan20-2022> <13:33:48>     2.C         0.816784   -0.234131   -0.477193
<Jan20-2022> <13:33:48>     3.C        -1.531600   -0.469980   -1.308576
<Jan20-2022> <13:33:48>     4.H         0.856362   -1.163867    1.448593
<Jan20-2022> <13:33:48>     5.C         0.738934    1.000635    1.660143
<Jan20-2022> <13:33:48>     6.H        -1.752243   -1.423246   -0.843669
<Jan20-2022> <13:33:48>     7.H         0.865401    0.701495   -1.028794
<Jan20-2022> <13:33:48>     8.H        -1.295721   -0.453222   -2.366756
<Jan20-2022> <13:33:48>     9.H        -1.934372    0.427296   -0.854856
<Jan20-2022> <13:33:48>    10.O         0.730889    1.056221    2.881649
<Jan20-2022> <13:33:48>    11.F         1.051572   -1.414713   -1.211496
<Jan20-2022> <13:33:48>    12.F         0.679074    2.180262    0.890079
<Jan20-2022> <13:33:48>  >>>> CORORT
<Jan20-2022> <13:33:48>  >>>> CLSMAT
<Jan20-2022> <13:33:48>  >>>> ORTHON
<Jan20-2022> <13:33:48>  >>>> GENPT
<Jan20-2022> <13:33:48>  Block Length= 128
<Jan20-2022> <13:33:49>  >>>> PTBAS
<Jan20-2022> <13:34:10>  >>>> CYCLE
<Jan20-2022> <13:35:21>              |Error|         MaxErr       Wt(A-DIIS)
<Jan20-2022> <13:35:21>      1      5.36389204      0.51339215
<Jan20-2022> <13:36:24>      2      0.98266208      0.09888251    100.0
<Jan20-2022> <13:37:25>      3      0.46409581      0.03614288    100.0
<Jan20-2022> <13:38:29>      4      0.69516204      0.07019910    100.0
<Jan20-2022> <13:39:32>      5      0.21568121      0.02590877     25.2
<Jan20-2022> <13:40:34>      6      0.23351328      0.03208152     25.2
