<Jan20-2022> <14:26:59>  AMS 2021.102  RunTime: Jan20-2022 14:26:59  ShM Nodes: 1  Procs: 1
<Jan20-2022> <14:26:59>  ADF 2021.102  RunTime: Jan20-2022 14:26:59  ShM Nodes: 1  Procs: 1
<Jan20-2022> <14:26:59>  *** (NO TITLE) ***
<Jan20-2022> <14:26:59>  Iteration 1
<Jan20-2022> <14:26:59>  DIRAC 2021.102  RunTime: Jan20-2022 14:26:59  ShM Nodes: 1  Procs: 1
<Jan20-2022> <14:27:00>  Carbon (TZ2P)
<Jan20-2022> <14:27:00>  Net Charge: 0 (Nuclei minus Electrons)
<Jan20-2022> <14:27:00>  Symmetry  : ATOM
<Jan20-2022> <14:27:00>  Coordinates
<Jan20-2022> <14:27:00>     Atom         X           Y           Z   (Angstrom)
<Jan20-2022> <14:27:00>     1.C         0.000000    0.000000    0.000000
<Jan20-2022> <14:27:00>  >>>> CORORT
<Jan20-2022> <14:27:00>  >>>> CLSMAT
<Jan20-2022> <14:27:00>  >>>> ORTHON
<Jan20-2022> <14:27:00>  >>>> GENPT
<Jan20-2022> <14:27:00>  Block Length=  72
<Jan20-2022> <14:27:00>  >>>> PTBAS
<Jan20-2022> <14:27:00>  >>>> CYCLE
<Jan20-2022> <14:27:00>              |Error|         MaxErr       Wt(A-DIIS)
<Jan20-2022> <14:27:00>      1      0.00000000      0.00000000
<Jan20-2022> <14:27:00>      2      4.48405934      3.32161898    100.0
<Jan20-2022> <14:27:00>      3      1.60718414      1.28408746    100.0
<Jan20-2022> <14:27:00>      4      0.76426456      0.62272052    100.0
<Jan20-2022> <14:27:00>      5      0.36119063      0.28553990    100.0
<Jan20-2022> <14:27:00>      6      0.14821424      0.11559867    100.0
<Jan20-2022> <14:27:00>      7      0.10108424      0.07867111     78.5
<Jan20-2022> <14:27:00>      8      0.01786531      0.01387049     13.0
<Jan20-2022> <14:27:00>      9      0.00195746      0.00153262      0.5
<Jan20-2022> <14:27:00>     10      0.00001058      0.00000730      0.0
<Jan20-2022> <14:27:00>     11      0.00000047      0.00000027      0.0
<Jan20-2022> <14:27:00>     12      0.00000003      0.00000002      0.0
<Jan20-2022> <14:27:00>     13      0.00000000      0.00000000      0.0
<Jan20-2022> <14:27:00>  SCF converged
<Jan20-2022> <14:27:00>     14      0.00000000      0.00000000      0.0
<Jan20-2022> <14:27:00>  >>>> POPAN
<Jan20-2022> <14:27:00>  >>>> DEBYE
<Jan20-2022> <14:27:00>  DIRAC 2021.102  RunTime: Jan20-2022 14:27:00  ShM Nodes: 1  Procs: 1
<Jan20-2022> <14:27:00>  Hydrogen (TZ2P)
<Jan20-2022> <14:27:00>  Net Charge: 0 (Nuclei minus Electrons)
<Jan20-2022> <14:27:00>  Symmetry  : ATOM
<Jan20-2022> <14:27:00>  Coordinates
<Jan20-2022> <14:27:00>     Atom         X           Y           Z   (Angstrom)
<Jan20-2022> <14:27:00>     1.H         0.000000    0.000000    0.000000
<Jan20-2022> <14:27:00>  >>>> CORORT
<Jan20-2022> <14:27:00>  >>>> CLSMAT
<Jan20-2022> <14:27:00>  >>>> ORTHON
<Jan20-2022> <14:27:00>  >>>> GENPT
<Jan20-2022> <14:27:00>  Block Length=  64
<Jan20-2022> <14:27:00>  >>>> PTBAS
<Jan20-2022> <14:27:00>  >>>> CYCLE
<Jan20-2022> <14:27:00>              |Error|         MaxErr       Wt(A-DIIS)
<Jan20-2022> <14:27:00>      1      0.00000000      0.00000000
<Jan20-2022> <14:27:00>      2      0.03080019      0.02591482
<Jan20-2022> <14:27:00>      3      0.01140383      0.01135775    100.0
<Jan20-2022> <14:27:00>      4      0.00327656      0.00327407      2.3
<Jan20-2022> <14:27:00>      5      0.00010041      0.00009754      0.0
<Jan20-2022> <14:27:00>      6      0.00000525      0.00000504      0.0
<Jan20-2022> <14:27:00>      7      0.00000007      0.00000007      0.0
<Jan20-2022> <14:27:01>      8      0.00000000      0.00000000      0.0
<Jan20-2022> <14:27:01>  SCF converged
<Jan20-2022> <14:27:01>      9      0.00000000      0.00000000      0.0
<Jan20-2022> <14:27:01>  >>>> POPAN
<Jan20-2022> <14:27:01>  >>>> DEBYE
<Jan20-2022> <14:27:01>  DIRAC 2021.102  RunTime: Jan20-2022 14:27:01  ShM Nodes: 1  Procs: 1
<Jan20-2022> <14:27:01>  Oxygen (TZ2P)
<Jan20-2022> <14:27:01>  Net Charge: 0 (Nuclei minus Electrons)
<Jan20-2022> <14:27:01>  Symmetry  : ATOM
<Jan20-2022> <14:27:01>  Coordinates
<Jan20-2022> <14:27:01>     Atom         X           Y           Z   (Angstrom)
<Jan20-2022> <14:27:01>     1.O         0.000000    0.000000    0.000000
<Jan20-2022> <14:27:01>  >>>> CORORT
<Jan20-2022> <14:27:01>  >>>> CLSMAT
<Jan20-2022> <14:27:01>  >>>> ORTHON
<Jan20-2022> <14:27:01>  >>>> GENPT
<Jan20-2022> <14:27:01>  Block Length=  68
<Jan20-2022> <14:27:01>  >>>> PTBAS
<Jan20-2022> <14:27:01>  >>>> CYCLE
<Jan20-2022> <14:27:01>              |Error|         MaxErr       Wt(A-DIIS)
<Jan20-2022> <14:27:01>      1      0.00000000      0.00000000
<Jan20-2022> <14:27:01>      2      8.77210307      5.53374266    100.0
<Jan20-2022> <14:27:01>      3      3.60058093      2.49154808    100.0
<Jan20-2022> <14:27:01>      4      1.20505529      0.62472425    100.0
<Jan20-2022> <14:27:01>      5      1.46502638      0.81213311    100.0
<Jan20-2022> <14:27:01>      6      0.15089362      0.09131786     91.2
<Jan20-2022> <14:27:01>      7      0.14397311      0.08251182     82.3
<Jan20-2022> <14:27:01>      8      0.00183259      0.00123681      0.2
<Jan20-2022> <14:27:01>      9      0.00015629      0.00008105      0.0
<Jan20-2022> <14:27:01>     10      0.00001324      0.00000629      0.0
<Jan20-2022> <14:27:01>     11      0.00000006      0.00000003      0.0
<Jan20-2022> <14:27:01>     12      0.00000000      0.00000000      0.0
<Jan20-2022> <14:27:01>  SCF converged
<Jan20-2022> <14:27:01>     13      0.00000000      0.00000000      0.0
<Jan20-2022> <14:27:01>  >>>> POPAN
<Jan20-2022> <14:27:01>  >>>> DEBYE
<Jan20-2022> <14:27:01>  DIRAC 2021.102  RunTime: Jan20-2022 14:27:01  ShM Nodes: 1  Procs: 1
<Jan20-2022> <14:27:01>  Fluorine (TZ2P)
<Jan20-2022> <14:27:02>  Net Charge: 0 (Nuclei minus Electrons)
<Jan20-2022> <14:27:02>  Symmetry  : ATOM
<Jan20-2022> <14:27:02>  Coordinates
<Jan20-2022> <14:27:02>     Atom         X           Y           Z   (Angstrom)
<Jan20-2022> <14:27:02>     1.F         0.000000    0.000000    0.000000
<Jan20-2022> <14:27:02>  >>>> CORORT
<Jan20-2022> <14:27:02>  >>>> CLSMAT
<Jan20-2022> <14:27:02>  >>>> ORTHON
<Jan20-2022> <14:27:02>  >>>> GENPT
<Jan20-2022> <14:27:02>  Block Length=  76
<Jan20-2022> <14:27:02>  >>>> PTBAS
<Jan20-2022> <14:27:02>  >>>> CYCLE
<Jan20-2022> <14:27:02>              |Error|         MaxErr       Wt(A-DIIS)
<Jan20-2022> <14:27:02>      1      0.00000000      0.00000000
<Jan20-2022> <14:27:02>      2     11.39970762      4.85721148    100.0
<Jan20-2022> <14:27:02>      3      5.17310012      3.16632108    100.0
<Jan20-2022> <14:27:02>      4      1.04882283      0.49392043    100.0
<Jan20-2022> <14:27:02>      5      1.72142161      0.84736739    100.0
<Jan20-2022> <14:27:02>      6      0.21842580      0.10780687    100.0
<Jan20-2022> <14:27:02>      7      0.28524155      0.13554881    100.0
<Jan20-2022> <14:27:02>      8      0.02856437      0.01389479     13.0
<Jan20-2022> <14:27:02>      9      0.00489297      0.00234741      1.4
<Jan20-2022> <14:27:02>     10      0.00009261      0.00004462      0.0
<Jan20-2022> <14:27:02>     11      0.00000010      0.00000005      0.0
<Jan20-2022> <14:27:02>     12      0.00000000      0.00000000      0.0
<Jan20-2022> <14:27:02>  SCF converged
<Jan20-2022> <14:27:02>     13      0.00000000      0.00000000      0.0
<Jan20-2022> <14:27:02>  >>>> POPAN
<Jan20-2022> <14:27:02>  >>>> DEBYE
<Jan20-2022> <14:27:02>  *** GOStep1 ***
<Jan20-2022> <14:27:02>  >>>> FRAGM
<Jan20-2022> <14:27:02>  Coordinates
<Jan20-2022> <14:27:02>     Atom         X           Y           Z   (Angstrom)
<Jan20-2022> <14:27:02>     1.C         0.816680   -0.234719    0.881975
<Jan20-2022> <14:27:02>     2.C         0.816784   -0.234131   -0.477193
<Jan20-2022> <14:27:02>     3.C        -1.531600   -0.469980   -1.308576
<Jan20-2022> <14:27:02>     4.H         0.856362   -1.163867    1.448593
<Jan20-2022> <14:27:02>     5.C         0.738934    1.000635    1.660143
<Jan20-2022> <14:27:02>     6.H        -1.752243   -1.423246   -0.843669
<Jan20-2022> <14:27:02>     7.H         0.865401    0.701495   -1.028794
<Jan20-2022> <14:27:02>     8.H        -1.295721   -0.453222   -2.366756
<Jan20-2022> <14:27:02>     9.H        -1.934372    0.427296   -0.854856
<Jan20-2022> <14:27:02>    10.O         0.730889    1.056221    2.881649
<Jan20-2022> <14:27:02>    11.H         0.994956   -1.130034   -1.034430
<Jan20-2022> <14:27:02>    12.F         0.679074    2.180262    0.890079
<Jan20-2022> <14:27:02>  >>>> CORORT
<Jan20-2022> <14:27:02>  >>>> CLSMAT
<Jan20-2022> <14:27:02>  >>>> ORTHON
<Jan20-2022> <14:27:02>  >>>> GENPT
<Jan20-2022> <14:27:03>  Block Length= 128
<Jan20-2022> <14:27:03>  >>>> PTBAS
<Jan20-2022> <14:27:21>  >>>> CYCLE
<Jan20-2022> <14:28:29>              |Error|         MaxErr       Wt(A-DIIS)
<Jan20-2022> <14:28:29>      1      5.20609216      0.51330175
<Jan20-2022> <14:29:26>      2      0.98360588      0.09637999    100.0
<Jan20-2022> <14:30:24>      3      0.48494709      0.03837455    100.0
<Jan20-2022> <14:31:23>      4      0.71749739      0.06857277    100.0
<Jan20-2022> <14:32:21>      5      0.17864008      0.02295234     22.2
<Jan20-2022> <14:33:20>      6      0.17571472      0.02482784     22.2
<Jan20-2022> <14:34:19>      7      0.04495360      0.00432650      3.4
<Jan20-2022> <14:35:18>      8      0.01301786      0.00188709      0.9
<Jan20-2022> <14:36:16>      9      0.00549608      0.00074053      0.0
<Jan20-2022> <14:37:15>     10      0.00231110      0.00025932      0.0
<Jan20-2022> <14:38:12>     11      0.00094183      0.00011834      0.0
<Jan20-2022> <14:39:10>     12      0.00024376      0.00002253      0.0
<Jan20-2022> <14:40:08>     13      0.00010057      0.00001150      0.0
<Jan20-2022> <14:41:06>     14      0.00008464      0.00000696      0.0
<Jan20-2022> <14:42:04>     15      0.00003974      0.00000296      0.0
<Jan20-2022> <14:43:02>     16      0.00001216      0.00000105      0.0
<Jan20-2022> <14:44:00>     17      0.00000447      0.00000038      0.0
<Jan20-2022> <14:44:15>  SCF converged
<Jan20-2022> <14:44:40>     18      0.00000758      0.00000110      0.0
<Jan20-2022> <14:44:49>  >>>> TOTEN
<Jan20-2022> <14:45:25>  >>>> POPAN
<Jan20-2022> <14:45:25>  >>>> DEBYE
<Jan20-2022> <14:45:25>  >>>> ENGRAD
<Jan20-2022> <14:46:38>  current energy                               -2.36190715 Hartree
<Jan20-2022> <14:46:38>  energy change                      -2.36190715     0.00012000    F
<Jan20-2022> <14:46:38>  constrained gradient max            0.06989768     0.00100000    F
<Jan20-2022> <14:46:38>  constrained gradient rms            0.01839217     0.00066667    F
<Jan20-2022> <14:46:38>  gradient max                        0.06989768
<Jan20-2022> <14:46:38>  gradient rms                        0.01839217
<Jan20-2022> <14:46:38>  cart. step max                      0.04761901     0.01000000    F
<Jan20-2022> <14:46:38>  cart. step rms                      0.01593854     0.00666667    F
<Jan20-2022> <14:46:38>  Iteration 2
<Jan20-2022> <14:46:38>  *** GOStep2 ***
<Jan20-2022> <14:46:38>  >>>> FRAGM
<Jan20-2022> <14:46:38>  Coordinates
<Jan20-2022> <14:46:38>     Atom         X           Y           Z   (Angstrom)
<Jan20-2022> <14:46:38>     1.C         0.831253   -0.220493    0.873191
<Jan20-2022> <14:46:38>     2.C         0.824828   -0.236768   -0.485379
<Jan20-2022> <14:46:38>     3.C        -1.534326   -0.462677   -1.310488
<Jan20-2022> <14:46:38>     4.H         0.873543   -1.143822    1.443593
<Jan20-2022> <14:46:38>     5.C         0.741404    0.989805    1.681711
<Jan20-2022> <14:46:38>     6.H        -1.762195   -1.408230   -0.833689
<Jan20-2022> <14:46:38>     7.H         0.880868    0.687966   -1.049223
<Jan20-2022> <14:46:38>     8.H        -1.300726   -0.460951   -2.369231
<Jan20-2022> <14:46:38>     9.H        -1.926686    0.444233   -0.866945
<Jan20-2022> <14:46:38>    10.O         0.734516    1.069864    2.869540
<Jan20-2022> <14:46:38>    11.H         0.991210   -1.154632   -1.030641
<Jan20-2022> <14:46:38>    12.F         0.631455    2.152413    0.925725
<Jan20-2022> <14:46:38>  >>>> CORORT
<Jan20-2022> <14:46:38>  >>>> CLSMAT
<Jan20-2022> <14:46:38>  >>>> ORTHON
<Jan20-2022> <14:46:38>  >>>> GENPT
<Jan20-2022> <14:46:39>  Block Length= 128
<Jan20-2022> <14:46:40>  >>>> PTBAS
<Jan20-2022> <14:46:57>  >>>> CYCLE
<Jan20-2022> <14:47:20>  using orbital data from restart file
<Jan20-2022> <14:48:04>              |Error|         MaxErr       Wt(A-DIIS)
<Jan20-2022> <14:48:04>      1      0.20434816      0.03734562
<Jan20-2022> <14:49:02>      2      0.05934634      0.00512146    100.0
<Jan20-2022> <14:50:02>      3      0.02515609      0.00287283    100.0
<Jan20-2022> <14:51:00>      4      0.04292118      0.00338046    100.0
<Jan20-2022> <14:51:59>      5      0.00971056      0.00089179      0.0
<Jan20-2022> <14:52:55>      6      0.00336821      0.00032113      0.0
<Jan20-2022> <14:53:52>      7      0.00097236      0.00010088      0.0
<Jan20-2022> <14:54:48>      8      0.00027251      0.00003621      0.0
<Jan20-2022> <14:55:44>      9      0.00013434      0.00001128      0.0
<Jan20-2022> <14:56:41>     10      0.00004886      0.00000525      0.0
<Jan20-2022> <14:57:37>     11      0.00001756      0.00000191      0.0
<Jan20-2022> <14:58:35>     12      0.00001121      0.00000096      0.0
<Jan20-2022> <14:59:36>     13      0.00000374      0.00000029      0.0
<Jan20-2022> <14:59:53>  SCF converged
<Jan20-2022> <15:00:38>     14      0.00000093      0.00000009      0.0
<Jan20-2022> <15:00:55>  >>>> TOTEN
<Jan20-2022> <15:02:00>  >>>> POPAN
<Jan20-2022> <15:02:00>  >>>> DEBYE
<Jan20-2022> <15:02:00>  >>>> ENGRAD
<Jan20-2022> <15:03:19>  current energy                               -2.36416878 Hartree
<Jan20-2022> <15:03:19>  energy change                      -0.00226164     0.00012000    F
<Jan20-2022> <15:03:19>  constrained gradient max            0.02410425     0.00100000    F
<Jan20-2022> <15:03:19>  constrained gradient rms            0.00564393     0.00066667    F
<Jan20-2022> <15:03:19>  gradient max                        0.02410425
<Jan20-2022> <15:03:19>  gradient rms                        0.00564393
<Jan20-2022> <15:03:19>  cart. step max                      0.08806867     0.01000000    F
<Jan20-2022> <15:03:19>  cart. step rms                      0.02159433     0.00666667    F
<Jan20-2022> <15:03:19>  Iteration 3
<Jan20-2022> <15:03:19>  *** GOStep3 ***
<Jan20-2022> <15:03:19>  >>>> FRAGM
<Jan20-2022> <15:03:19>  Coordinates
<Jan20-2022> <15:03:19>     Atom         X           Y           Z   (Angstrom)
<Jan20-2022> <15:03:19>     1.C         0.803855   -0.218378    0.878657
<Jan20-2022> <15:03:19>     2.C         0.808405   -0.223435   -0.480672
<Jan20-2022> <15:03:19>     3.C        -1.535695   -0.481340   -1.319920
<Jan20-2022> <15:03:19>     4.H         0.835586   -1.141068    1.450890
<Jan20-2022> <15:03:19>     5.C         0.746653    0.994721    1.686308
<Jan20-2022> <15:03:19>     6.H        -1.747947   -1.437757   -0.857135
<Jan20-2022> <15:03:19>     7.H         0.851607    0.708387   -1.034510
<Jan20-2022> <15:03:19>     8.H        -1.296416   -0.460791   -2.377320
<Jan20-2022> <15:03:19>     9.H        -1.948041    0.411676   -0.866159
<Jan20-2022> <15:03:19>    10.O         0.752689    1.075572    2.875868
<Jan20-2022> <15:03:19>    11.H         0.994925   -1.131676   -1.035979
<Jan20-2022> <15:03:19>    12.F         0.719524    2.160798    0.928137
<Jan20-2022> <15:03:19>  >>>> CORORT
<Jan20-2022> <15:03:19>  >>>> CLSMAT
<Jan20-2022> <15:03:19>  >>>> ORTHON
<Jan20-2022> <15:03:19>  >>>> GENPT
<Jan20-2022> <15:03:19>  Block Length= 128
<Jan20-2022> <15:03:20>  >>>> PTBAS
<Jan20-2022> <15:03:32>  >>>> CYCLE
<Jan20-2022> <15:03:47>  using orbital data from restart file
<Jan20-2022> <15:04:13>              |Error|         MaxErr       Wt(A-DIIS)
<Jan20-2022> <15:04:13>      1      0.12340924      0.03067626
<Jan20-2022> <15:04:49>      2      0.01467186      0.00149178    100.0
<Jan20-2022> <15:05:24>      3      0.01773676      0.00189111    100.0
<Jan20-2022> <15:06:00>      4      0.00870218      0.00122293      0.2
<Jan20-2022> <15:06:58>      5      0.00187133      0.00024599      0.0
<Jan20-2022> <15:07:59>      6      0.00108327      0.00012221      0.0
<Jan20-2022> <15:09:01>      7      0.00036637      0.00005361      0.0
<Jan20-2022> <15:10:02>      8      0.00013019      0.00001255      0.0
<Jan20-2022> <15:11:01>      9      0.00005345      0.00000411      0.0
<Jan20-2022> <15:11:51>     10      0.00002315      0.00000171      0.0
<Jan20-2022> <15:12:27>     11      0.00000968      0.00000114      0.0
<Jan20-2022> <15:13:02>     12      0.00000462      0.00000055      0.0
<Jan20-2022> <15:13:11>  SCF converged
<Jan20-2022> <15:13:37>     13      0.00000254      0.00000033      0.0
<Jan20-2022> <15:13:46>  >>>> TOTEN
<Jan20-2022> <15:14:25>  >>>> POPAN
<Jan20-2022> <15:14:25>  >>>> DEBYE
<Jan20-2022> <15:14:25>  >>>> ENGRAD
<Jan20-2022> <15:15:16>  current energy                               -2.36407014 Hartree
<Jan20-2022> <15:15:16>  energy change                       0.00009864     0.00012000    T
<Jan20-2022> <15:15:16>  constrained gradient max            0.01869595     0.00100000    F
<Jan20-2022> <15:15:16>  constrained gradient rms            0.00463635     0.00066667    F
<Jan20-2022> <15:15:16>  gradient max                        0.01869595
<Jan20-2022> <15:15:16>  gradient rms                        0.00463635
<Jan20-2022> <15:15:16>  cart. step max                      0.02991758     0.01000000    F
<Jan20-2022> <15:15:16>  cart. step rms                      0.00894659     0.00666667    F
<Jan20-2022> <15:15:16>  Iteration 4
<Jan20-2022> <15:15:16>  *** GOStep4 ***
<Jan20-2022> <15:15:16>  >>>> FRAGM
<Jan20-2022> <15:15:16>  Coordinates
<Jan20-2022> <15:15:16>     Atom         X           Y           Z   (Angstrom)
<Jan20-2022> <15:15:16>     1.C         0.807401   -0.209794    0.871766
<Jan20-2022> <15:15:16>     2.C         0.810421   -0.223397   -0.485593
<Jan20-2022> <15:15:16>     3.C        -1.536232   -0.481495   -1.321218
<Jan20-2022> <15:15:16>     4.H         0.820047   -1.129053    1.450153
<Jan20-2022> <15:15:16>     5.C         0.776570    0.997867    1.691710
<Jan20-2022> <15:15:16>     6.H        -1.743075   -1.442836   -0.866051
<Jan20-2022> <15:15:16>     7.H         0.856618    0.701960   -1.048211
<Jan20-2022> <15:15:16>     8.H        -1.298613   -0.451359   -2.378795
<Jan20-2022> <15:15:16>     9.H        -1.949058    0.406610   -0.858445
<Jan20-2022> <15:15:16>    10.O         0.749918    1.075392    2.891070
<Jan20-2022> <15:15:16>    11.H         0.990368   -1.144043   -1.029456
<Jan20-2022> <15:15:16>    12.F         0.700777    2.156857    0.931234
<Jan20-2022> <15:15:16>  >>>> CORORT
<Jan20-2022> <15:15:16>  >>>> CLSMAT
<Jan20-2022> <15:15:17>  >>>> ORTHON
<Jan20-2022> <15:15:17>  >>>> GENPT
<Jan20-2022> <15:15:17>  Block Length= 128
<Jan20-2022> <15:15:18>  >>>> PTBAS
<Jan20-2022> <15:15:29>  >>>> CYCLE
<Jan20-2022> <15:15:43>  using orbital data from restart file
<Jan20-2022> <15:16:10>              |Error|         MaxErr       Wt(A-DIIS)
<Jan20-2022> <15:16:10>      1      0.10909162      0.01653035
<Jan20-2022> <15:16:45>      2      0.02348906      0.00202973    100.0
<Jan20-2022> <15:17:29>      3      0.06077773      0.00636813    100.0
<Jan20-2022> <15:18:19>      4      0.01562863      0.00132325      0.3
<Jan20-2022> <15:18:54>      5      0.00425810      0.00065087      0.0
<Jan20-2022> <15:19:29>      6      0.00124775      0.00015283      0.0
<Jan20-2022> <15:20:03>      7      0.00036884      0.00003427      0.0
<Jan20-2022> <15:20:38>      8      0.00009343      0.00001263      0.0
<Jan20-2022> <15:21:13>      9      0.00004982      0.00000582      0.0
<Jan20-2022> <15:21:48>     10      0.00001639      0.00000126      0.0
<Jan20-2022> <15:22:23>     11      0.00000508      0.00000054      0.0
<Jan20-2022> <15:22:32>  SCF converged
<Jan20-2022> <15:22:58>     12      0.00000166      0.00000021      0.0
<Jan20-2022> <15:23:06>  >>>> TOTEN
<Jan20-2022> <15:23:45>  >>>> POPAN
<Jan20-2022> <15:23:45>  >>>> DEBYE
<Jan20-2022> <15:23:45>  >>>> ENGRAD
<Jan20-2022> <15:24:35>  current energy                               -2.36400982 Hartree
<Jan20-2022> <15:24:35>  energy change                       0.00006033     0.00012000    T
<Jan20-2022> <15:24:35>  constrained gradient max            0.01836292     0.00100000    F
<Jan20-2022> <15:24:35>  constrained gradient rms            0.00441921     0.00066667    F
<Jan20-2022> <15:24:35>  gradient max                        0.01836292
<Jan20-2022> <15:24:35>  gradient rms                        0.00441921
<Jan20-2022> <15:24:35>  cart. step max                      0.02876872     0.01000000    F
<Jan20-2022> <15:24:35>  cart. step rms                      0.01145271     0.00666667    F
<Jan20-2022> <15:24:35>  Iteration 5
<Jan20-2022> <15:24:35>  *** GOStep5 ***
<Jan20-2022> <15:24:35>  >>>> FRAGM
<Jan20-2022> <15:24:35>  Coordinates
<Jan20-2022> <15:24:35>     Atom         X           Y           Z   (Angstrom)
<Jan20-2022> <15:24:35>     1.C         0.818826   -0.211814    0.869489
<Jan20-2022> <15:24:35>     2.C         0.817236   -0.226717   -0.487888
<Jan20-2022> <15:24:35>     3.C        -1.536795   -0.473789   -1.317822
<Jan20-2022> <15:24:35>     4.H         0.848044   -1.132909    1.444191
<Jan20-2022> <15:24:35>     5.C         0.758655    0.992624    1.691884
<Jan20-2022> <15:24:35>     6.H        -1.755405   -1.422718   -0.842879
<Jan20-2022> <15:24:35>     7.H         0.864306    0.697928   -1.051913
<Jan20-2022> <15:24:35>     8.H        -1.299829   -0.468077   -2.375891
<Jan20-2022> <15:24:35>     9.H        -1.937632    0.428912   -0.873099
<Jan20-2022> <15:24:35>    10.O         0.743617    1.069864    2.892265
<Jan20-2022> <15:24:35>    11.H         0.992113   -1.148072   -1.031199
<Jan20-2022> <15:24:35>    12.F         0.672008    2.151479    0.931027
<Jan20-2022> <15:24:35>  >>>> CORORT
<Jan20-2022> <15:24:35>  >>>> CLSMAT
<Jan20-2022> <15:24:35>  >>>> ORTHON
<Jan20-2022> <15:24:35>  >>>> GENPT
<Jan20-2022> <15:24:36>  Block Length= 128
<Jan20-2022> <15:24:36>  >>>> PTBAS
<Jan20-2022> <15:24:48>  >>>> CYCLE
<Jan20-2022> <15:25:02>  using orbital data from restart file
<Jan20-2022> <15:25:28>              |Error|         MaxErr       Wt(A-DIIS)
<Jan20-2022> <15:25:28>      1      0.04823274      0.00716055
<Jan20-2022> <15:26:03>      2      0.00316122      0.00035815    100.0
<Jan20-2022> <15:26:37>      3      0.00347465      0.00029311    100.0
<Jan20-2022> <15:27:12>      4      0.00160236      0.00018251      0.0
<Jan20-2022> <15:27:47>      5      0.00052028      0.00007068      0.0
<Jan20-2022> <15:28:21>      6      0.00022251      0.00002383      0.0
<Jan20-2022> <15:28:56>      7      0.00009619      0.00000895      0.0
<Jan20-2022> <15:29:30>      8      0.00004692      0.00000534      0.0
<Jan20-2022> <15:30:05>      9      0.00003003      0.00000430      0.0
<Jan20-2022> <15:30:40>     10      0.00001031      0.00000120      0.0
<Jan20-2022> <15:31:15>     11      0.00000502      0.00000064      0.0
<Jan20-2022> <15:31:24>  SCF converged
<Jan20-2022> <15:31:50>     12      0.00000233      0.00000026      0.0
<Jan20-2022> <15:31:59>  >>>> TOTEN
<Jan20-2022> <15:32:38>  >>>> POPAN
<Jan20-2022> <15:32:38>  >>>> DEBYE
<Jan20-2022> <15:32:38>  >>>> ENGRAD
<Jan20-2022> <15:33:28>  current energy                               -2.36423418 Hartree
<Jan20-2022> <15:33:28>  energy change                      -0.00022436     0.00012000    F
<Jan20-2022> <15:33:28>  constrained gradient max            0.01532227     0.00100000    F
<Jan20-2022> <15:33:28>  constrained gradient rms            0.00384519     0.00066667    F
<Jan20-2022> <15:33:28>  gradient max                        0.01532227
<Jan20-2022> <15:33:28>  gradient rms                        0.00384519
<Jan20-2022> <15:33:28>  cart. step max                      0.02802589     0.01000000    F
<Jan20-2022> <15:33:28>  cart. step rms                      0.01152441     0.00666667    F
<Jan20-2022> <15:33:28>  Iteration 6
<Jan20-2022> <15:33:28>  *** GOStep6 ***
<Jan20-2022> <15:33:28>  >>>> FRAGM
<Jan20-2022> <15:33:28>  Coordinates
<Jan20-2022> <15:33:28>     Atom         X           Y           Z   (Angstrom)
<Jan20-2022> <15:33:28>     1.C         0.827093   -0.212884    0.867219
<Jan20-2022> <15:33:28>     2.C         0.822565   -0.228322   -0.489307
<Jan20-2022> <15:33:28>     3.C        -1.537979   -0.467399   -1.316155
<Jan20-2022> <15:33:28>     4.H         0.873821   -1.135148    1.439836
<Jan20-2022> <15:33:28>     5.C         0.744283    0.988662    1.691177
<Jan20-2022> <15:33:28>     6.H        -1.767777   -1.402149   -0.818957
<Jan20-2022> <15:33:28>     7.H         0.869146    0.694419   -1.056611
<Jan20-2022> <15:33:28>     8.H        -1.299707   -0.489048   -2.373754
<Jan20-2022> <15:33:28>     9.H        -1.926330    0.450848   -0.892395
<Jan20-2022> <15:33:28>    10.O         0.742178    1.058418    2.885677
<Jan20-2022> <15:33:28>    11.H         0.993869   -1.152400   -1.029538
<Jan20-2022> <15:33:28>    12.F         0.643982    2.151713    0.940973
<Jan20-2022> <15:33:28>  >>>> CORORT
<Jan20-2022> <15:33:28>  >>>> CLSMAT
<Jan20-2022> <15:33:28>  >>>> ORTHON
<Jan20-2022> <15:33:28>  >>>> GENPT
<Jan20-2022> <15:33:29>  Block Length= 128
<Jan20-2022> <15:33:29>  >>>> PTBAS
<Jan20-2022> <15:33:41>  >>>> CYCLE
<Jan20-2022> <15:33:55>  using orbital data from restart file
<Jan20-2022> <15:34:21>              |Error|         MaxErr       Wt(A-DIIS)
<Jan20-2022> <15:34:21>      1      0.06235708      0.00807294
<Jan20-2022> <15:34:55>      2      0.01056325      0.00093620    100.0
<Jan20-2022> <15:35:30>      3      0.00455168      0.00049835    100.0
<Jan20-2022> <15:36:05>      4      0.00730754      0.00060898      0.0
<Jan20-2022> <15:36:40>      5      0.00201214      0.00028034      0.0
<Jan20-2022> <15:37:14>      6      0.00094532      0.00010973      0.0
<Jan20-2022> <15:37:48>      7      0.00015255      0.00002147      0.0
<Jan20-2022> <15:38:23>      8      0.00009020      0.00000918      0.0
<Jan20-2022> <15:38:58>      9      0.00003886      0.00000356      0.0
<Jan20-2022> <15:39:32>     10      0.00001889      0.00000165      0.0
<Jan20-2022> <15:40:07>     11      0.00000623      0.00000049      0.0
<Jan20-2022> <15:40:16>  SCF converged
<Jan20-2022> <15:40:42>     12      0.00000428      0.00000047      0.0
<Jan20-2022> <15:40:51>  >>>> TOTEN
<Jan20-2022> <15:41:30>  >>>> POPAN
<Jan20-2022> <15:41:30>  >>>> DEBYE
<Jan20-2022> <15:41:30>  >>>> ENGRAD
<Jan20-2022> <15:42:20>  current energy                               -2.36438463 Hartree
<Jan20-2022> <15:42:20>  energy change                      -0.00015045     0.00012000    F
<Jan20-2022> <15:42:20>  constrained gradient max            0.00479004     0.00100000    F
<Jan20-2022> <15:42:20>  constrained gradient rms            0.00147611     0.00066667    F
<Jan20-2022> <15:42:20>  gradient max                        0.00479004
<Jan20-2022> <15:42:20>  gradient rms                        0.00147611
<Jan20-2022> <15:42:20>  cart. step max                      0.02492009     0.01000000    F
<Jan20-2022> <15:42:20>  cart. step rms                      0.01087680     0.00666667    F
<Jan20-2022> <15:42:20>  Iteration 7
<Jan20-2022> <15:42:20>  *** GOStep7 ***
<Jan20-2022> <15:42:21>  >>>> FRAGM
<Jan20-2022> <15:42:21>  Coordinates
<Jan20-2022> <15:42:21>     Atom         X           Y           Z   (Angstrom)
<Jan20-2022> <15:42:21>     1.C         0.834495   -0.211675    0.862919
<Jan20-2022> <15:42:21>     2.C         0.827995   -0.227201   -0.492914
<Jan20-2022> <15:42:21>     3.C        -1.540160   -0.462846   -1.315991
<Jan20-2022> <15:42:21>     4.H         0.892391   -1.134502    1.433919
<Jan20-2022> <15:42:21>     5.C         0.734603    0.984054    1.694563
<Jan20-2022> <15:42:21>     6.H        -1.778891   -1.381950   -0.794540
<Jan20-2022> <15:42:21>     7.H         0.869794    0.693388   -1.064014
<Jan20-2022> <15:42:21>     8.H        -1.300097   -0.513968   -2.372164
<Jan20-2022> <15:42:21>     9.H        -1.915473    0.470992   -0.915116
<Jan20-2022> <15:42:21>    10.O         0.742514    1.048553    2.892564
<Jan20-2022> <15:42:21>    11.H         0.996957   -1.154888   -1.028943
<Jan20-2022> <15:42:21>    12.F         0.621015    2.146753    0.947880
<Jan20-2022> <15:42:21>  >>>> CORORT
<Jan20-2022> <15:42:21>  >>>> CLSMAT
<Jan20-2022> <15:42:21>  >>>> ORTHON
<Jan20-2022> <15:42:21>  >>>> GENPT
<Jan20-2022> <15:42:21>  Block Length= 128
<Jan20-2022> <15:42:22>  >>>> PTBAS
<Jan20-2022> <15:42:33>  >>>> CYCLE
<Jan20-2022> <15:42:48>  using orbital data from restart file
<Jan20-2022> <15:43:13>              |Error|         MaxErr       Wt(A-DIIS)
<Jan20-2022> <15:43:13>      1      0.04760691      0.00660790
<Jan20-2022> <15:43:48>      2      0.00674403      0.00054470    100.0
<Jan20-2022> <15:44:23>      3      0.01753013      0.00166059    100.0
<Jan20-2022> <15:44:57>      4      0.00436142      0.00038986      0.0
<Jan20-2022> <15:45:32>      5      0.00131639      0.00020431      0.0
<Jan20-2022> <15:46:07>      6      0.00045140      0.00005645      0.0
<Jan20-2022> <15:46:41>      7      0.00015951      0.00002022      0.0
<Jan20-2022> <15:47:16>      8      0.00007552      0.00000913      0.0
<Jan20-2022> <15:47:51>      9      0.00002466      0.00000213      0.0
<Jan20-2022> <15:48:26>     10      0.00001269      0.00000096      0.0
<Jan20-2022> <15:49:01>     11      0.00000592      0.00000054      0.0
<Jan20-2022> <15:49:10>  SCF converged
<Jan20-2022> <15:49:35>     12      0.00000313      0.00000026      0.0
<Jan20-2022> <15:49:44>  >>>> TOTEN
<Jan20-2022> <15:50:22>  >>>> POPAN
<Jan20-2022> <15:50:22>  >>>> DEBYE
<Jan20-2022> <15:50:23>  >>>> ENGRAD
<Jan20-2022> <15:51:13>  current energy                               -2.36441413 Hartree
<Jan20-2022> <15:51:13>  energy change                      -0.00002950     0.00012000    T
<Jan20-2022> <15:51:13>  constrained gradient max            0.00544779     0.00100000    F
<Jan20-2022> <15:51:13>  constrained gradient rms            0.00126544     0.00066667    F
<Jan20-2022> <15:51:13>  gradient max                        0.00544779
<Jan20-2022> <15:51:13>  gradient rms                        0.00126544
<Jan20-2022> <15:51:13>  cart. step max                      0.00387868     0.01000000    T
<Jan20-2022> <15:51:13>  cart. step rms                      0.00163376     0.00666667    T
<Jan20-2022> <15:51:13>  Iteration 8
<Jan20-2022> <15:51:13>  *** GOStep8 ***
<Jan20-2022> <15:51:13>  >>>> FRAGM
<Jan20-2022> <15:51:13>  Coordinates
<Jan20-2022> <15:51:13>     Atom         X           Y           Z   (Angstrom)
<Jan20-2022> <15:51:13>     1.C         0.834880   -0.210861    0.862564
<Jan20-2022> <15:51:13>     2.C         0.829058   -0.227500   -0.492918
<Jan20-2022> <15:51:13>     3.C        -1.540828   -0.462570   -1.316557
<Jan20-2022> <15:51:13>     4.H         0.890720   -1.133507    1.434239
<Jan20-2022> <15:51:13>     5.C         0.734358    0.984820    1.694374
<Jan20-2022> <15:51:13>     6.H        -1.778228   -1.382887   -0.796889
<Jan20-2022> <15:51:13>     7.H         0.870479    0.691328   -1.066464
<Jan20-2022> <15:51:13>     8.H        -1.300006   -0.511250   -2.372562
<Jan20-2022> <15:51:13>     9.H        -1.915160    0.470375   -0.913086
<Jan20-2022> <15:51:13>    10.O         0.746020    1.047946    2.890502
<Jan20-2022> <15:51:13>    11.H         0.996716   -1.157411   -1.025682
<Jan20-2022> <15:51:13>    12.F         0.617136    2.148228    0.950644
<Jan20-2022> <15:51:13>  >>>> CORORT
<Jan20-2022> <15:51:13>  >>>> CLSMAT
<Jan20-2022> <15:51:13>  >>>> ORTHON
<Jan20-2022> <15:51:13>  >>>> GENPT
<Jan20-2022> <15:51:13>  Block Length= 128
<Jan20-2022> <15:51:14>  >>>> PTBAS
<Jan20-2022> <15:51:26>  >>>> CYCLE
<Jan20-2022> <15:51:40>  using orbital data from restart file
<Jan20-2022> <15:52:06>              |Error|         MaxErr       Wt(A-DIIS)
<Jan20-2022> <15:52:06>      1      0.01561319      0.00245993
<Jan20-2022> <15:52:40>      2      0.00293077      0.00029654    100.0
<Jan20-2022> <15:53:15>      3      0.00137066      0.00015898    100.0
<Jan20-2022> <15:53:50>      4      0.00205114      0.00019016      0.0
<Jan20-2022> <15:54:25>      5      0.00049448      0.00006667      0.0
<Jan20-2022> <15:54:59>      6      0.00027041      0.00003460      0.0
<Jan20-2022> <15:55:34>      7      0.00004980      0.00000676      0.0
<Jan20-2022> <15:56:08>      8      0.00002607      0.00000314      0.0
<Jan20-2022> <15:56:43>      9      0.00001324      0.00000183      0.0
<Jan20-2022> <15:57:18>     10      0.00000709      0.00000058      0.0
<Jan20-2022> <15:57:27>  SCF converged
<Jan20-2022> <15:57:52>     11      0.00000171      0.00000015      0.0
<Jan20-2022> <15:58:01>  >>>> TOTEN
<Jan20-2022> <15:58:40>  >>>> POPAN
<Jan20-2022> <15:58:40>  >>>> DEBYE
<Jan20-2022> <15:58:40>  >>>> ENGRAD
<Jan20-2022> <15:59:30>  current energy                               -2.36442446 Hartree
<Jan20-2022> <15:59:30>  energy change                      -0.00001033     0.00012000    T
<Jan20-2022> <15:59:30>  constrained gradient max            0.00158386     0.00100000    F
<Jan20-2022> <15:59:30>  constrained gradient rms            0.00055776     0.00066667    T
<Jan20-2022> <15:59:30>  gradient max                        0.00158386
<Jan20-2022> <15:59:30>  gradient rms                        0.00055776
<Jan20-2022> <15:59:30>  cart. step max                      0.00365541     0.01000000    T
<Jan20-2022> <15:59:30>  cart. step rms                      0.00152224     0.00666667    T
<Jan20-2022> <15:59:30>  Iteration 9
<Jan20-2022> <15:59:30>  *** GOStep9 ***
<Jan20-2022> <15:59:30>  >>>> FRAGM
<Jan20-2022> <15:59:30>  Coordinates
<Jan20-2022> <15:59:30>     Atom         X           Y           Z   (Angstrom)
<Jan20-2022> <15:59:30>     1.C         0.833307   -0.212177    0.863320
<Jan20-2022> <15:59:30>     2.C         0.828158   -0.226681   -0.492290
<Jan20-2022> <15:59:30>     3.C        -1.540810   -0.463153   -1.316920
<Jan20-2022> <15:59:30>     4.H         0.889626   -1.135012    1.434674
<Jan20-2022> <15:59:30>     5.C         0.737047    0.984684    1.693998
<Jan20-2022> <15:59:30>     6.H        -1.778809   -1.381881   -0.794667
<Jan20-2022> <15:59:30>     7.H         0.867877    0.693525   -1.063856
<Jan20-2022> <15:59:30>     8.H        -1.299067   -0.514906   -2.372579
<Jan20-2022> <15:59:30>     9.H        -1.914841    0.471144   -0.916240
<Jan20-2022> <15:59:30>    10.O         0.746305    1.047528    2.889644
<Jan20-2022> <15:59:30>    11.H         0.997870   -1.154584   -1.027569
<Jan20-2022> <15:59:30>    12.F         0.618481    2.148223    0.950650
<Jan20-2022> <15:59:30>  >>>> CORORT
<Jan20-2022> <15:59:30>  >>>> CLSMAT
<Jan20-2022> <15:59:30>  >>>> ORTHON
<Jan20-2022> <15:59:30>  >>>> GENPT
<Jan20-2022> <15:59:30>  Block Length= 128
<Jan20-2022> <15:59:31>  >>>> PTBAS
<Jan20-2022> <15:59:43>  >>>> CYCLE
<Jan20-2022> <15:59:57>  using orbital data from restart file
<Jan20-2022> <16:00:23>              |Error|         MaxErr       Wt(A-DIIS)
<Jan20-2022> <16:00:23>      1      0.00839391      0.00130583
<Jan20-2022> <16:00:58>      2      0.00101531      0.00011738    100.0
<Jan20-2022> <16:01:33>      3      0.00044018      0.00003515    100.0
<Jan20-2022> <16:02:08>      4      0.00064355      0.00008041      0.0
<Jan20-2022> <16:02:43>      5      0.00025301      0.00003776      0.0
<Jan20-2022> <16:03:18>      6      0.00006181      0.00000733      0.0
<Jan20-2022> <16:03:53>      7      0.00001801      0.00000139      0.0
<Jan20-2022> <16:04:28>      8      0.00000535      0.00000033      0.0
<Jan20-2022> <16:04:37>  SCF converged
<Jan20-2022> <16:05:03>      9      0.00000274      0.00000019      0.0
<Jan20-2022> <16:05:12>  >>>> TOTEN
<Jan20-2022> <16:05:50>  >>>> POPAN
<Jan20-2022> <16:05:50>  >>>> DEBYE
<Jan20-2022> <16:05:51>  >>>> ENGRAD
<Jan20-2022> <16:06:41>  current energy                               -2.36442549 Hartree
<Jan20-2022> <16:06:41>  energy change                      -0.00000103     0.00012000    T
<Jan20-2022> <16:06:41>  constrained gradient max            0.00240958     0.00100000    F
<Jan20-2022> <16:06:41>  constrained gradient rms            0.00068357     0.00066667    F
<Jan20-2022> <16:06:41>  gradient max                        0.00240958
<Jan20-2022> <16:06:41>  gradient rms                        0.00068357
<Jan20-2022> <16:06:41>  cart. step max                      0.00490182     0.01000000    T
<Jan20-2022> <16:06:41>  cart. step rms                      0.00159074     0.00666667    T
<Jan20-2022> <16:06:41>  Iteration 10
<Jan20-2022> <16:06:41>  *** GOStep10 ***
<Jan20-2022> <16:06:41>  >>>> FRAGM
<Jan20-2022> <16:06:41>  Coordinates
<Jan20-2022> <16:06:41>     Atom         X           Y           Z   (Angstrom)
<Jan20-2022> <16:06:41>     1.C         0.831858   -0.211413    0.863429
<Jan20-2022> <16:06:41>     2.C         0.828303   -0.226467   -0.491969
<Jan20-2022> <16:06:41>     3.C        -1.541870   -0.463771   -1.318377
<Jan20-2022> <16:06:41>     4.H         0.887024   -1.133991    1.435274
<Jan20-2022> <16:06:41>     5.C         0.737240    0.985465    1.694757
<Jan20-2022> <16:06:41>     6.H        -1.777818   -1.384295   -0.798496
<Jan20-2022> <16:06:41>     7.H         0.866742    0.692763   -1.064910
<Jan20-2022> <16:06:41>     8.H        -1.298686   -0.512129   -2.373790
<Jan20-2022> <16:06:41>     9.H        -1.915664    0.469130   -0.914519
<Jan20-2022> <16:06:41>    10.O         0.751207    1.048586    2.891295
<Jan20-2022> <16:06:41>    11.H         0.997939   -1.155558   -1.025406
<Jan20-2022> <16:06:41>    12.F         0.618869    2.148390    0.950878
<Jan20-2022> <16:06:41>  >>>> CORORT
<Jan20-2022> <16:06:41>  >>>> CLSMAT
<Jan20-2022> <16:06:41>  >>>> ORTHON
<Jan20-2022> <16:06:41>  >>>> GENPT
<Jan20-2022> <16:06:41>  Block Length= 128
<Jan20-2022> <16:06:42>  >>>> PTBAS
<Jan20-2022> <16:06:54>  >>>> CYCLE
<Jan20-2022> <16:07:08>  using orbital data from restart file
<Jan20-2022> <16:07:34>              |Error|         MaxErr       Wt(A-DIIS)
<Jan20-2022> <16:07:34>      1      0.01269618      0.00292926
<Jan20-2022> <16:08:09>      2      0.00185379      0.00016373    100.0
<Jan20-2022> <16:08:44>      3      0.00492453      0.00049949    100.0
<Jan20-2022> <16:09:18>      4      0.00128406      0.00012315      0.0
<Jan20-2022> <16:09:53>      5      0.00035738      0.00005685      0.0
<Jan20-2022> <16:10:27>      6      0.00010805      0.00001494      0.0
<Jan20-2022> <16:11:02>      7      0.00004511      0.00000605      0.0
<Jan20-2022> <16:11:37>      8      0.00002165      0.00000308      0.0
<Jan20-2022> <16:12:12>      9      0.00000919      0.00000090      0.0
<Jan20-2022> <16:12:21>  SCF converged
<Jan20-2022> <16:12:47>     10      0.00000369      0.00000027      0.0
<Jan20-2022> <16:12:56>  >>>> TOTEN
<Jan20-2022> <16:13:34>  >>>> POPAN
<Jan20-2022> <16:13:34>  >>>> DEBYE
<Jan20-2022> <16:13:34>  >>>> ENGRAD
<Jan20-2022> <16:14:24>  current energy                               -2.36443087 Hartree
<Jan20-2022> <16:14:24>  energy change                      -0.00000538     0.00012000    T
<Jan20-2022> <16:14:24>  constrained gradient max            0.00150146     0.00100000    F
<Jan20-2022> <16:14:24>  constrained gradient rms            0.00038736     0.00066667    T
<Jan20-2022> <16:14:24>  gradient max                        0.00150146
<Jan20-2022> <16:14:24>  gradient rms                        0.00038736
<Jan20-2022> <16:14:24>  cart. step max                      0.00543452     0.01000000    T
<Jan20-2022> <16:14:24>  cart. step rms                      0.00196717     0.00666667    T
<Jan20-2022> <16:14:24>  Iteration 11
<Jan20-2022> <16:14:24>  *** GOStep11 ***
<Jan20-2022> <16:14:24>  >>>> FRAGM
<Jan20-2022> <16:14:24>  Coordinates
<Jan20-2022> <16:14:24>     Atom         X           Y           Z   (Angstrom)
<Jan20-2022> <16:14:24>     1.C         0.831833   -0.211157    0.863028
<Jan20-2022> <16:14:24>     2.C         0.828826   -0.225728   -0.492234
<Jan20-2022> <16:14:24>     3.C        -1.542497   -0.463665   -1.319239
<Jan20-2022> <16:14:24>     4.H         0.887966   -1.133911    1.434451
<Jan20-2022> <16:14:24>     5.C         0.735997    0.984662    1.695893
<Jan20-2022> <16:14:24>     6.H        -1.779623   -1.381242   -0.794762
<Jan20-2022> <16:14:24>     7.H         0.865513    0.693435   -1.065313
<Jan20-2022> <16:14:24>     8.H        -1.298123   -0.517564   -2.374093
<Jan20-2022> <16:14:24>     9.H        -1.914108    0.471996   -0.919819
<Jan20-2022> <16:14:24>    10.O         0.755015    1.047258    2.892619
<Jan20-2022> <16:14:24>    11.H         0.998776   -1.155096   -1.025345
<Jan20-2022> <16:14:24>    12.F         0.615570    2.147721    0.952978
<Jan20-2022> <16:14:24>  >>>> CORORT
<Jan20-2022> <16:14:24>  >>>> CLSMAT
<Jan20-2022> <16:14:24>  >>>> ORTHON
<Jan20-2022> <16:14:24>  >>>> GENPT
<Jan20-2022> <16:14:24>  Block Length= 128
<Jan20-2022> <16:14:25>  >>>> PTBAS
<Jan20-2022> <16:14:36>  >>>> CYCLE
<Jan20-2022> <16:14:51>  using orbital data from restart file
<Jan20-2022> <16:15:17>              |Error|         MaxErr       Wt(A-DIIS)
<Jan20-2022> <16:15:17>      1      0.01301123      0.00312410
<Jan20-2022> <16:15:51>      2      0.00076086      0.00007045    100.0
<Jan20-2022> <16:16:26>      3      0.00171663      0.00017999    100.0
<Jan20-2022> <16:17:00>      4      0.00032633      0.00002867      0.0
<Jan20-2022> <16:17:34>      5      0.00015077      0.00001880      0.0
<Jan20-2022> <16:18:09>      6      0.00005331      0.00000792      0.0
<Jan20-2022> <16:18:43>      7      0.00003203      0.00000443      0.0
<Jan20-2022> <16:19:18>      8      0.00001298      0.00000143      0.0
<Jan20-2022> <16:19:52>      9      0.00000525      0.00000033      0.0
<Jan20-2022> <16:20:01>  SCF converged
<Jan20-2022> <16:20:27>     10      0.00000226      0.00000021      0.0
<Jan20-2022> <16:20:35>  >>>> TOTEN
<Jan20-2022> <16:21:14>  >>>> POPAN
<Jan20-2022> <16:21:14>  >>>> DEBYE
<Jan20-2022> <16:21:14>  >>>> ENGRAD
<Jan20-2022> <16:22:04>  current energy                               -2.36443210 Hartree
<Jan20-2022> <16:22:04>  energy change                      -0.00000123     0.00012000    T
<Jan20-2022> <16:22:04>  constrained gradient max            0.00151759     0.00100000    F
<Jan20-2022> <16:22:04>  constrained gradient rms            0.00048316     0.00066667    T
<Jan20-2022> <16:22:04>  gradient max                        0.00151759
<Jan20-2022> <16:22:04>  gradient rms                        0.00048316
<Jan20-2022> <16:22:04>  cart. step max                      0.01723468     0.01000000    F
<Jan20-2022> <16:22:04>  cart. step rms                      0.00531406     0.00666667    T
<Jan20-2022> <16:22:04>  Iteration 12
<Jan20-2022> <16:22:05>  *** GOStep12 ***
<Jan20-2022> <16:22:05>  >>>> FRAGM
<Jan20-2022> <16:22:05>  Coordinates
<Jan20-2022> <16:22:05>     Atom         X           Y           Z   (Angstrom)
<Jan20-2022> <16:22:05>     1.C         0.831459   -0.210379    0.863820
<Jan20-2022> <16:22:05>     2.C         0.829431   -0.228235   -0.491283
<Jan20-2022> <16:22:05>     3.C        -1.543084   -0.463463   -1.319300
<Jan20-2022> <16:22:05>     4.H         0.885306   -1.132161    1.437076
<Jan20-2022> <16:22:05>     5.C         0.736238    0.987176    1.694354
<Jan20-2022> <16:22:05>     6.H        -1.775106   -1.389871   -0.808270
<Jan20-2022> <16:22:05>     7.H         0.868472    0.688802   -1.067486
<Jan20-2022> <16:22:05>     8.H        -1.299138   -0.500329   -2.374951
<Jan20-2022> <16:22:05>     9.H        -1.917304    0.464616   -0.905065
<Jan20-2022> <16:22:05>    10.O         0.754908    1.051685    2.890490
<Jan20-2022> <16:22:05>    11.H         0.996804   -1.160101   -1.020881
<Jan20-2022> <16:22:05>    12.F         0.617159    2.148972    0.949662
<Jan20-2022> <16:22:05>  >>>> CORORT
<Jan20-2022> <16:22:05>  >>>> CLSMAT
<Jan20-2022> <16:22:05>  >>>> ORTHON
<Jan20-2022> <16:22:05>  >>>> GENPT
<Jan20-2022> <16:22:05>  Block Length= 128
<Jan20-2022> <16:22:06>  >>>> PTBAS
<Jan20-2022> <16:22:17>  >>>> CYCLE
<Jan20-2022> <16:22:32>  using orbital data from restart file
<Jan20-2022> <16:22:58>              |Error|         MaxErr       Wt(A-DIIS)
<Jan20-2022> <16:22:58>      1      0.01481249      0.00218956
<Jan20-2022> <16:23:32>      2      0.00140674      0.00010591    100.0
<Jan20-2022> <16:24:07>      3      0.00066527      0.00004479    100.0
<Jan20-2022> <16:24:41>      4      0.00095579      0.00006165      0.0
<Jan20-2022> <16:25:15>      5      0.00025065      0.00003140      0.0
<Jan20-2022> <16:25:50>      6      0.00014074      0.00001533      0.0
<Jan20-2022> <16:26:24>      7      0.00003032      0.00000471      0.0
<Jan20-2022> <16:26:59>      8      0.00001603      0.00000171      0.0
<Jan20-2022> <16:27:34>      9      0.00000781      0.00000081      0.0
<Jan20-2022> <16:27:42>  SCF converged
<Jan20-2022> <16:28:08>     10      0.00000279      0.00000030      0.0
<Jan20-2022> <16:28:17>  >>>> TOTEN
<Jan20-2022> <16:28:56>  >>>> POPAN
<Jan20-2022> <16:28:56>  >>>> DEBYE
<Jan20-2022> <16:28:56>  >>>> ENGRAD
<Jan20-2022> <16:29:46>  current energy                               -2.36443262 Hartree
<Jan20-2022> <16:29:46>  energy change                      -0.00000052     0.00012000    T
<Jan20-2022> <16:29:46>  constrained gradient max            0.00151785     0.00100000    F
<Jan20-2022> <16:29:46>  constrained gradient rms            0.00042405     0.00066667    T
<Jan20-2022> <16:29:46>  gradient max                        0.00151785
<Jan20-2022> <16:29:46>  gradient rms                        0.00042405
<Jan20-2022> <16:29:46>  cart. step max                      0.01494215     0.01000000    F
<Jan20-2022> <16:29:46>  cart. step rms                      0.00453531     0.00666667    T
<Jan20-2022> <16:29:46>  Iteration 13
<Jan20-2022> <16:29:46>  *** GOStep13 ***
<Jan20-2022> <16:29:46>  >>>> FRAGM
<Jan20-2022> <16:29:46>  Coordinates
<Jan20-2022> <16:29:46>     Atom         X           Y           Z   (Angstrom)
<Jan20-2022> <16:29:46>     1.C         0.829681   -0.210706    0.864957
<Jan20-2022> <16:29:46>     2.C         0.830540   -0.230832   -0.490110
<Jan20-2022> <16:29:46>     3.C        -1.543938   -0.462909   -1.319534
<Jan20-2022> <16:29:46>     4.H         0.881986   -1.131799    1.439485
<Jan20-2022> <16:29:46>     5.C         0.737566    0.989439    1.692435
<Jan20-2022> <16:29:46>     6.H        -1.770955   -1.396455   -0.819353
<Jan20-2022> <16:29:46>     7.H         0.869189    0.684814   -1.068574
<Jan20-2022> <16:29:46>     8.H        -1.298913   -0.485387   -2.375300
<Jan20-2022> <16:29:46>     9.H        -1.918124    0.459180   -0.892183
<Jan20-2022> <16:29:46>    10.O         0.756886    1.056129    2.888553
<Jan20-2022> <16:29:46>    11.H         0.996343   -1.164079   -1.017629
<Jan20-2022> <16:29:46>    12.F         0.614883    2.149314    0.945418
<Jan20-2022> <16:29:46>  >>>> CORORT
<Jan20-2022> <16:29:46>  >>>> CLSMAT
<Jan20-2022> <16:29:46>  >>>> ORTHON
<Jan20-2022> <16:29:46>  >>>> GENPT
<Jan20-2022> <16:29:46>  Block Length= 128
<Jan20-2022> <16:29:47>  >>>> PTBAS
<Jan20-2022> <16:29:59>  >>>> CYCLE
<Jan20-2022> <16:30:13>  using orbital data from restart file
<Jan20-2022> <16:30:38>              |Error|         MaxErr       Wt(A-DIIS)
<Jan20-2022> <16:30:38>      1      0.01478401      0.00184136
<Jan20-2022> <16:31:13>      2      0.00125208      0.00009798    100.0
<Jan20-2022> <16:31:48>      3      0.00181442      0.00019617    100.0
<Jan20-2022> <16:32:23>      4      0.00048797      0.00005017      0.0
<Jan20-2022> <16:32:57>      5      0.00031149      0.00003332      0.0
<Jan20-2022> <16:33:31>      6      0.00011112      0.00001406      0.0
<Jan20-2022> <16:34:05>      7      0.00004539      0.00000589      0.0
<Jan20-2022> <16:34:40>      8      0.00002326      0.00000368      0.0
<Jan20-2022> <16:35:14>      9      0.00001307      0.00000172      0.0
<Jan20-2022> <16:35:49>     10      0.00000447      0.00000051      0.0
<Jan20-2022> <16:35:58>  SCF converged
<Jan20-2022> <16:36:24>     11      0.00000190      0.00000015      0.0
<Jan20-2022> <16:36:33>  >>>> TOTEN
<Jan20-2022> <16:37:11>  >>>> POPAN
<Jan20-2022> <16:37:11>  >>>> DEBYE
<Jan20-2022> <16:37:11>  >>>> ENGRAD
<Jan20-2022> <16:38:01>  current energy                               -2.36443479 Hartree
<Jan20-2022> <16:38:01>  energy change                      -0.00000217     0.00012000    T
<Jan20-2022> <16:38:01>  constrained gradient max            0.00142377     0.00100000    F
<Jan20-2022> <16:38:01>  constrained gradient rms            0.00037832     0.00066667    T
<Jan20-2022> <16:38:01>  gradient max                        0.00142377
<Jan20-2022> <16:38:01>  gradient rms                        0.00037832
<Jan20-2022> <16:38:01>  cart. step max                      0.02643982     0.01000000    F
<Jan20-2022> <16:38:01>  cart. step rms                      0.00781903     0.00666667    F
<Jan20-2022> <16:38:01>  Iteration 14
<Jan20-2022> <16:38:01>  *** GOStep14 ***
<Jan20-2022> <16:38:01>  >>>> FRAGM
<Jan20-2022> <16:38:02>  Coordinates
<Jan20-2022> <16:38:02>     Atom         X           Y           Z   (Angstrom)
<Jan20-2022> <16:38:02>     1.C         0.828359   -0.210520    0.865790
<Jan20-2022> <16:38:02>     2.C         0.833155   -0.236053   -0.488962
<Jan20-2022> <16:38:02>     3.C        -1.545201   -0.461184   -1.318665
<Jan20-2022> <16:38:02>     4.H         0.879206   -1.130182    1.442623
<Jan20-2022> <16:38:02>     5.C         0.734841    0.992307    1.689256
<Jan20-2022> <16:38:02>     6.H        -1.764071   -1.406492   -0.837292
<Jan20-2022> <16:38:02>     7.H         0.871401    0.676698   -1.072020
<Jan20-2022> <16:38:02>     8.H        -1.299534   -0.458947   -2.374450
<Jan20-2022> <16:38:02>     9.H        -1.918243    0.450445   -0.868602
<Jan20-2022> <16:38:02>    10.O         0.756567    1.063689    2.884975
<Jan20-2022> <16:38:02>    11.H         0.996242   -1.172207   -1.012372
<Jan20-2022> <16:38:02>    12.F         0.612423    2.149155    0.937882
<Jan20-2022> <16:38:02>  >>>> CORORT
<Jan20-2022> <16:38:02>  >>>> CLSMAT
<Jan20-2022> <16:38:02>  >>>> ORTHON
<Jan20-2022> <16:38:02>  >>>> GENPT
<Jan20-2022> <16:38:02>  Block Length= 128
<Jan20-2022> <16:38:03>  >>>> PTBAS
<Jan20-2022> <16:38:14>  >>>> CYCLE
<Jan20-2022> <16:38:28>  using orbital data from restart file
<Jan20-2022> <16:38:54>              |Error|         MaxErr       Wt(A-DIIS)
<Jan20-2022> <16:38:54>      1      0.02429729      0.00336080
<Jan20-2022> <16:39:28>      2      0.00223223      0.00016699    100.0
<Jan20-2022> <16:40:03>      3      0.00413769      0.00041054    100.0
<Jan20-2022> <16:40:38>      4      0.00098750      0.00008452      0.0
<Jan20-2022> <16:41:12>      5      0.00050662      0.00004788      0.0
<Jan20-2022> <16:41:47>      6      0.00017284      0.00001729      0.0
<Jan20-2022> <16:42:21>      7      0.00012429      0.00001887      0.0
<Jan20-2022> <16:42:55>      8      0.00003766      0.00000428      0.0
<Jan20-2022> <16:43:30>      9      0.00001870      0.00000159      0.0
<Jan20-2022> <16:44:04>     10      0.00000527      0.00000057      0.0
<Jan20-2022> <16:44:13>  SCF converged
<Jan20-2022> <16:44:39>     11      0.00000288      0.00000029      0.0
<Jan20-2022> <16:44:48>  >>>> TOTEN
<Jan20-2022> <16:45:26>  >>>> POPAN
<Jan20-2022> <16:45:26>  >>>> DEBYE
<Jan20-2022> <16:45:26>  >>>> ENGRAD
<Jan20-2022> <16:46:16>  current energy                               -2.36443229 Hartree
<Jan20-2022> <16:46:16>  energy change                       0.00000250     0.00012000    T
<Jan20-2022> <16:46:16>  constrained gradient max            0.00125719     0.00100000    F
<Jan20-2022> <16:46:16>  constrained gradient rms            0.00041658     0.00066667    T
<Jan20-2022> <16:46:16>  gradient max                        0.00125719
<Jan20-2022> <16:46:16>  gradient rms                        0.00041658
<Jan20-2022> <16:46:16>  cart. step max                      0.01685413     0.01000000    F
<Jan20-2022> <16:46:16>  cart. step rms                      0.00517793     0.00666667    T
<Jan20-2022> <16:46:16>  Iteration 15
<Jan20-2022> <16:46:17>  *** GOStep15 ***
<Jan20-2022> <16:46:17>  >>>> FRAGM
<Jan20-2022> <16:46:17>  Coordinates
<Jan20-2022> <16:46:17>     Atom         X           Y           Z   (Angstrom)
<Jan20-2022> <16:46:17>     1.C         0.829294   -0.211049    0.864713
<Jan20-2022> <16:46:17>     2.C         0.832397   -0.233407   -0.490317
<Jan20-2022> <16:46:17>     3.C        -1.543860   -0.461248   -1.317971
<Jan20-2022> <16:46:17>     4.H         0.881552   -1.131884    1.439625
<Jan20-2022> <16:46:17>     5.C         0.735160    0.990061    1.690503
<Jan20-2022> <16:46:17>     6.H        -1.768147   -1.398386   -0.823419
<Jan20-2022> <16:46:17>     7.H         0.869949    0.681006   -1.070784
<Jan20-2022> <16:46:17>     8.H        -1.298679   -0.475801   -2.373757
<Jan20-2022> <16:46:17>     9.H        -1.915434    0.458027   -0.882499
<Jan20-2022> <16:46:17>    10.O         0.755306    1.058497    2.886386
<Jan20-2022> <16:46:17>    11.H         0.997235   -1.167744   -1.016182
<Jan20-2022> <16:46:17>    12.F         0.610369    2.148637    0.941866
<Jan20-2022> <16:46:17>  >>>> CORORT
<Jan20-2022> <16:46:17>  >>>> CLSMAT
<Jan20-2022> <16:46:17>  >>>> ORTHON
<Jan20-2022> <16:46:17>  >>>> GENPT
<Jan20-2022> <16:46:17>  Block Length= 128
<Jan20-2022> <16:46:18>  >>>> PTBAS
<Jan20-2022> <16:46:30>  >>>> CYCLE
<Jan20-2022> <16:46:44>  using orbital data from restart file
<Jan20-2022> <16:47:09>              |Error|         MaxErr       Wt(A-DIIS)
<Jan20-2022> <16:47:09>      1      0.01602669      0.00214758
<Jan20-2022> <16:47:44>      2      0.00093656      0.00006942    100.0
<Jan20-2022> <16:48:18>      3      0.00112399      0.00012712    100.0
<Jan20-2022> <16:48:52>      4      0.00062274      0.00008263      0.0
<Jan20-2022> <16:49:26>      5      0.00024051      0.00002839      0.0
<Jan20-2022> <16:50:00>      6      0.00007681      0.00000880      0.0
<Jan20-2022> <16:50:35>      7      0.00003995      0.00000399      0.0
<Jan20-2022> <16:51:09>      8      0.00001586      0.00000185      0.0
<Jan20-2022> <16:51:44>      9      0.00001096      0.00000174      0.0
<Jan20-2022> <16:52:19>     10      0.00000492      0.00000088      0.0
<Jan20-2022> <16:52:28>  SCF converged
<Jan20-2022> <16:52:54>     11      0.00000202      0.00000024      0.0
<Jan20-2022> <16:53:03>  >>>> TOTEN
<Jan20-2022> <16:53:41>  >>>> POPAN
<Jan20-2022> <16:53:41>  >>>> DEBYE
<Jan20-2022> <16:53:41>  >>>> ENGRAD
<Jan20-2022> <16:54:31>  current energy                               -2.36443264 Hartree
<Jan20-2022> <16:54:31>  energy change                      -0.00000035     0.00012000    T
<Jan20-2022> <16:54:31>  constrained gradient max            0.00123610     0.00100000    F
<Jan20-2022> <16:54:31>  constrained gradient rms            0.00039347     0.00066667    T
<Jan20-2022> <16:54:31>  gradient max                        0.00123610
<Jan20-2022> <16:54:31>  gradient rms                        0.00039347
<Jan20-2022> <16:54:31>  cart. step max                      0.02825422     0.01000000    F
<Jan20-2022> <16:54:31>  cart. step rms                      0.00846033     0.00666667    F
<Jan20-2022> <16:54:31>  Iteration 16
<Jan20-2022> <16:54:31>  *** GOStep16 ***
<Jan20-2022> <16:54:31>  >>>> FRAGM
<Jan20-2022> <16:54:31>  Coordinates
<Jan20-2022> <16:54:31>     Atom         X           Y           Z   (Angstrom)
<Jan20-2022> <16:54:31>     1.C         0.828149   -0.210982    0.866155
<Jan20-2022> <16:54:31>     2.C         0.833829   -0.238457   -0.488561
<Jan20-2022> <16:54:31>     3.C        -1.545124   -0.460334   -1.317508
<Jan20-2022> <16:54:31>     4.H         0.878154   -1.129928    1.444252
<Jan20-2022> <16:54:31>     5.C         0.735048    0.993529    1.687109
<Jan20-2022> <16:54:31>     6.H        -1.761087   -1.410467   -0.844517
<Jan20-2022> <16:54:31>     7.H         0.872483    0.673544   -1.072779
<Jan20-2022> <16:54:31>     8.H        -1.300117   -0.447547   -2.373309
<Jan20-2022> <16:54:31>     9.H        -1.918236    0.446479   -0.858018
<Jan20-2022> <16:54:31>    10.O         0.753274    1.066607    2.882745
<Jan20-2022> <16:54:31>    11.H         0.996500   -1.175019   -1.011161
<Jan20-2022> <16:54:31>    12.F         0.612273    2.149285    0.933757
<Jan20-2022> <16:54:31>  >>>> CORORT
<Jan20-2022> <16:54:31>  >>>> CLSMAT
<Jan20-2022> <16:54:31>  >>>> ORTHON
<Jan20-2022> <16:54:31>  >>>> GENPT
<Jan20-2022> <16:54:31>  Block Length= 128
<Jan20-2022> <16:54:32>  >>>> PTBAS
<Jan20-2022> <16:54:44>  >>>> CYCLE
<Jan20-2022> <16:54:58>  using orbital data from restart file
<Jan20-2022> <16:55:23>              |Error|         MaxErr       Wt(A-DIIS)
<Jan20-2022> <16:55:23>      1      0.02529959      0.00350682
<Jan20-2022> <16:55:58>      2      0.00205408      0.00014197    100.0
<Jan20-2022> <16:56:32>      3      0.00444655      0.00044661    100.0
<Jan20-2022> <16:57:07>      4      0.00099097      0.00007873      0.0
<Jan20-2022> <16:57:42>      5      0.00043327      0.00004380      0.0
<Jan20-2022> <16:58:16>      6      0.00016611      0.00001850      0.0
<Jan20-2022> <16:58:51>      7      0.00009106      0.00001408      0.0
<Jan20-2022> <16:59:25>      8      0.00003181      0.00000331      0.0
<Jan20-2022> <16:59:59>      9      0.00001394      0.00000114      0.0
<Jan20-2022> <17:00:34>     10      0.00000440      0.00000041      0.0
<Jan20-2022> <17:00:43>  SCF converged
<Jan20-2022> <17:01:09>     11      0.00000276      0.00000025      0.0
<Jan20-2022> <17:01:18>  >>>> TOTEN
<Jan20-2022> <17:01:56>  >>>> POPAN
<Jan20-2022> <17:01:56>  >>>> DEBYE
<Jan20-2022> <17:01:57>  >>>> ENGRAD
<Jan20-2022> <17:02:46>  current energy                               -2.36443076 Hartree
<Jan20-2022> <17:02:46>  energy change                       0.00000189     0.00012000    T
<Jan20-2022> <17:02:46>  constrained gradient max            0.00113651     0.00100000    F
<Jan20-2022> <17:02:46>  constrained gradient rms            0.00040589     0.00066667    T
<Jan20-2022> <17:02:46>  gradient max                        0.00113651
<Jan20-2022> <17:02:46>  gradient rms                        0.00040589
<Jan20-2022> <17:02:46>  cart. step max                      0.01781931     0.01000000    F
<Jan20-2022> <17:02:46>  cart. step rms                      0.00548834     0.00666667    T
<Jan20-2022> <17:02:46>  Iteration 17
<Jan20-2022> <17:02:46>  *** GOStep17 ***
<Jan20-2022> <17:02:46>  >>>> FRAGM
<Jan20-2022> <17:02:46>  Coordinates
<Jan20-2022> <17:02:46>     Atom         X           Y           Z   (Angstrom)
<Jan20-2022> <17:02:46>     1.C         0.828598   -0.211266    0.864660
<Jan20-2022> <17:02:46>     2.C         0.832986   -0.235586   -0.490366
<Jan20-2022> <17:02:46>     3.C        -1.543458   -0.460391   -1.316502
<Jan20-2022> <17:02:46>     4.H         0.880235   -1.131544    1.440485
<Jan20-2022> <17:02:46>     5.C         0.733774    0.990931    1.688664
<Jan20-2022> <17:02:46>     6.H        -1.764919   -1.402032   -0.829340
<Jan20-2022> <17:02:46>     7.H         0.870543    0.677983   -1.072154
<Jan20-2022> <17:02:46>     8.H        -1.298944   -0.465366   -2.372486
<Jan20-2022> <17:02:46>     9.H        -1.914643    0.454749   -0.872184
<Jan20-2022> <17:02:46>    10.O         0.752302    1.061231    2.884582
<Jan20-2022> <17:02:46>    11.H         0.997832   -1.170498   -1.015191
<Jan20-2022> <17:02:46>    12.F         0.610838    2.148498    0.937998
<Jan20-2022> <17:02:46>  >>>> CORORT
<Jan20-2022> <17:02:46>  >>>> CLSMAT
<Jan20-2022> <17:02:46>  >>>> ORTHON
<Jan20-2022> <17:02:46>  >>>> GENPT
<Jan20-2022> <17:02:47>  Block Length= 128
<Jan20-2022> <17:02:47>  >>>> PTBAS
<Jan20-2022> <17:02:59>  >>>> CYCLE
<Jan20-2022> <17:03:13>  using orbital data from restart file
<Jan20-2022> <17:03:39>              |Error|         MaxErr       Wt(A-DIIS)
<Jan20-2022> <17:03:39>      1      0.01591423      0.00227254
<Jan20-2022> <17:04:13>      2      0.00099292      0.00007914    100.0
<Jan20-2022> <17:04:47>      3      0.00161378      0.00018278    100.0
<Jan20-2022> <17:05:22>      4      0.00048397      0.00005312      0.0
<Jan20-2022> <17:05:57>      5      0.00023914      0.00002645      0.0
<Jan20-2022> <17:06:31>      6      0.00010358      0.00001217      0.0
<Jan20-2022> <17:07:06>      7      0.00004710      0.00000815      0.0
<Jan20-2022> <17:07:40>      8      0.00002591      0.00000332      0.0
<Jan20-2022> <17:08:15>      9      0.00001336      0.00000125      0.0
<Jan20-2022> <17:08:49>     10      0.00000497      0.00000044      0.0
<Jan20-2022> <17:08:58>  SCF converged
<Jan20-2022> <17:09:24>     11      0.00000215      0.00000025      0.0
<Jan20-2022> <17:09:33>  >>>> TOTEN
<Jan20-2022> <17:10:11>  >>>> POPAN
<Jan20-2022> <17:10:11>  >>>> DEBYE
<Jan20-2022> <17:10:12>  >>>> ENGRAD
<Jan20-2022> <17:11:02>  current energy                               -2.36442963 Hartree
<Jan20-2022> <17:11:02>  energy change                       0.00000112     0.00012000    T
<Jan20-2022> <17:11:02>  constrained gradient max            0.00110575     0.00100000    F
<Jan20-2022> <17:11:02>  constrained gradient rms            0.00038774     0.00066667    T
<Jan20-2022> <17:11:02>  gradient max                        0.00110575
<Jan20-2022> <17:11:02>  gradient rms                        0.00038774
<Jan20-2022> <17:11:02>  cart. step max                      0.02758880     0.01000000    F
<Jan20-2022> <17:11:02>  cart. step rms                      0.00840120     0.00666667    F
<Jan20-2022> <17:11:02>  Iteration 18
<Jan20-2022> <17:11:02>  *** GOStep18 ***
<Jan20-2022> <17:11:02>  >>>> FRAGM
<Jan20-2022> <17:11:02>  Coordinates
<Jan20-2022> <17:11:02>     Atom         X           Y           Z   (Angstrom)
<Jan20-2022> <17:11:02>     1.C         0.827770   -0.210792    0.866366
<Jan20-2022> <17:11:02>     2.C         0.834159   -0.240184   -0.488296
<Jan20-2022> <17:11:02>     3.C        -1.545278   -0.460066   -1.316972
<Jan20-2022> <17:11:02>     4.H         0.876964   -1.129019    1.445652
<Jan20-2022> <17:11:02>     5.C         0.734146    0.994570    1.685965
<Jan20-2022> <17:11:02>     6.H        -1.758483   -1.414558   -0.851638
<Jan20-2022> <17:11:02>     7.H         0.873174    0.670976   -1.073775
<Jan20-2022> <17:11:02>     8.H        -1.300854   -0.437777   -2.372718
<Jan20-2022> <17:11:02>     9.H        -1.919029    0.442199   -0.849228
<Jan20-2022> <17:11:02>    10.O         0.751519    1.069280    2.881647
<Jan20-2022> <17:11:02>    11.H         0.996588   -1.177486   -1.009712
<Jan20-2022> <17:11:02>    12.F         0.614469    2.149566    0.930875
<Jan20-2022> <17:11:02>  >>>> CORORT
<Jan20-2022> <17:11:03>  >>>> CLSMAT
<Jan20-2022> <17:11:03>  >>>> ORTHON
<Jan20-2022> <17:11:03>  >>>> GENPT
<Jan20-2022> <17:11:03>  Block Length= 128
<Jan20-2022> <17:11:04>  >>>> PTBAS
<Jan20-2022> <17:11:15>  >>>> CYCLE
<Jan20-2022> <17:11:29>  using orbital data from restart file
<Jan20-2022> <17:11:55>              |Error|         MaxErr       Wt(A-DIIS)
<Jan20-2022> <17:11:55>      1      0.02485553      0.00349460
<Jan20-2022> <17:12:30>      2      0.00204653      0.00014437    100.0
<Jan20-2022> <17:13:05>      3      0.00459869      0.00045709    100.0
<Jan20-2022> <17:13:40>      4      0.00104898      0.00008756      0.0
<Jan20-2022> <17:14:15>      5      0.00041834      0.00004201      0.0
<Jan20-2022> <17:14:50>      6      0.00017149      0.00002034      0.0
<Jan20-2022> <17:15:24>      7      0.00008339      0.00001339      0.0
<Jan20-2022> <17:15:59>      8      0.00003395      0.00000350      0.0
<Jan20-2022> <17:16:34>      9      0.00001468      0.00000126      0.0
<Jan20-2022> <17:17:08>     10      0.00000456      0.00000038      0.0
<Jan20-2022> <17:17:17>  SCF converged
<Jan20-2022> <17:17:43>     11      0.00000310      0.00000028      0.0
<Jan20-2022> <17:17:52>  >>>> TOTEN
<Jan20-2022> <17:18:31>  >>>> POPAN
<Jan20-2022> <17:18:31>  >>>> DEBYE
<Jan20-2022> <17:18:31>  >>>> ENGRAD
<Jan20-2022> <17:19:20>  current energy                               -2.36442898 Hartree
<Jan20-2022> <17:19:20>  energy change                       0.00000066     0.00012000    T
<Jan20-2022> <17:19:20>  constrained gradient max            0.00105628     0.00100000    F
<Jan20-2022> <17:19:20>  constrained gradient rms            0.00039593     0.00066667    T
<Jan20-2022> <17:19:20>  gradient max                        0.00105628
<Jan20-2022> <17:19:20>  gradient rms                        0.00039593
<Jan20-2022> <17:19:20>  cart. step max                      0.00582221     0.01000000    T
<Jan20-2022> <17:19:20>  cart. step rms                      0.00187946     0.00666667    T
<Jan20-2022> <17:19:20>  Iteration 19
<Jan20-2022> <17:19:21>  *** GOStep19 ***
<Jan20-2022> <17:19:21>  >>>> FRAGM
<Jan20-2022> <17:19:21>  Coordinates
<Jan20-2022> <17:19:21>     Atom         X           Y           Z   (Angstrom)
<Jan20-2022> <17:19:21>     1.C         0.827890   -0.211181    0.865486
<Jan20-2022> <17:19:21>     2.C         0.833955   -0.239767   -0.489361
<Jan20-2022> <17:19:21>     3.C        -1.543899   -0.459438   -1.315500
<Jan20-2022> <17:19:21>     4.H         0.877753   -1.129864    1.444015
<Jan20-2022> <17:19:21>     5.C         0.733133    0.993566    1.685708
<Jan20-2022> <17:19:21>     6.H        -1.759176   -1.411302   -0.845816
<Jan20-2022> <17:19:21>     7.H         0.872750    0.671807   -1.074183
<Jan20-2022> <17:19:21>     8.H        -1.300303   -0.442606   -2.371525
<Jan20-2022> <17:19:21>     9.H        -1.916419    0.445564   -0.852106
<Jan20-2022> <17:19:21>    10.O         0.749340    1.067390    2.881372
<Jan20-2022> <17:19:21>    11.H         0.997527   -1.176524   -1.011319
<Jan20-2022> <17:19:21>    12.F         0.612593    2.149065    0.931394
<Jan20-2022> <17:19:21>  >>>> CORORT
<Jan20-2022> <17:19:21>  >>>> CLSMAT
<Jan20-2022> <17:19:21>  >>>> ORTHON
<Jan20-2022> <17:19:21>  >>>> GENPT
<Jan20-2022> <17:19:21>  Block Length= 128
<Jan20-2022> <17:19:22>  >>>> PTBAS
<Jan20-2022> <17:19:33>  >>>> CYCLE
<Jan20-2022> <17:19:47>  using orbital data from restart file
<Jan20-2022> <17:20:13>              |Error|         MaxErr       Wt(A-DIIS)
<Jan20-2022> <17:20:13>      1      0.00594722      0.00070981
<Jan20-2022> <17:20:47>      2      0.00042174      0.00003044    100.0
