forrtl: Input/output error
forrtl: severe (28): CLOSE error, unit -6143, file "Unknown"
Image              PC                Routine            Line        Source             
ams.exe            000000000CBB7A42  Unknown               Unknown  Unknown
ams.exe            000000000CBA9C9F  Unknown               Unknown  Unknown
ams.exe            0000000009B9B67C  Unknown               Unknown  Unknown
ams.exe            00000000004153C1  Unknown               Unknown  Unknown
ams.exe            00000000015F85BA  Unknown               Unknown  Unknown
ams.exe            000000000133F7E5  Unknown               Unknown  Unknown
ams.exe            000000000121903C  Unknown               Unknown  Unknown
ams.exe            00000000011FFBFB  Unknown               Unknown  Unknown
ams.exe            00000000011EAE7E  Unknown               Unknown  Unknown
ams.exe            00000000004ABB61  Unknown               Unknown  Unknown
ams.exe            000000000043DBB0  Unknown               Unknown  Unknown
ams.exe            00000000006D78DB  Unknown               Unknown  Unknown
ams.exe            0000000000414802  Unknown               Unknown  Unknown
ams.exe            0000000000412272  Unknown               Unknown  Unknown
libc-2.28.so       00001555474BB493  __libc_start_main     Unknown  Unknown
ams.exe            0000000000412101  Unknown               Unknown  Unknown
srun: error: node120: task 0: Exited with exit code 28
srun: Job step aborted: Waiting up to 32 seconds for job step to finish.
slurmstepd: error: *** STEP 5299.3 ON node120 CANCELLED AT 2022-02-05T18:43:44 ***
