<Jan28-2022> <08:03:37>  AMS 2021.102  RunTime: Jan28-2022 08:03:37  ShM Nodes: 1  Procs: 4
<Jan28-2022> <08:03:38>  ADF 2021.102  RunTime: Jan28-2022 08:03:38  ShM Nodes: 1  Procs: 4
<Jan28-2022> <08:03:38>  *** (NO TITLE) ***
<Jan28-2022> <08:03:40>  Iteration 1
<Jan28-2022> <08:03:40>  DIRAC 2021.102  RunTime: Jan28-2022 08:03:40  ShM Nodes: 1  Procs: 1
<Jan28-2022> <08:03:40>  Hydrogen (TZ2P)
<Jan28-2022> <08:03:40>  Net Charge: 0 (Nuclei minus Electrons)
<Jan28-2022> <08:03:40>  Symmetry  : ATOM
<Jan28-2022> <08:03:40>  Coordinates
<Jan28-2022> <08:03:40>     Atom         X           Y           Z   (Angstrom)
<Jan28-2022> <08:03:40>     1.H         0.000000    0.000000    0.000000
<Jan28-2022> <08:03:40>  >>>> CORORT
<Jan28-2022> <08:03:40>  >>>> CLSMAT
<Jan28-2022> <08:03:40>  >>>> ORTHON
<Jan28-2022> <08:03:40>  >>>> GENPT
<Jan28-2022> <08:03:40>  Block Length=  64
<Jan28-2022> <08:03:40>  >>>> PTBAS
<Jan28-2022> <08:03:40>  >>>> CYCLE
<Jan28-2022> <08:03:41>              |Error|         MaxErr       Wt(A-DIIS)
<Jan28-2022> <08:03:41>      1      0.00000000      0.00000000
<Jan28-2022> <08:03:41>      2      0.03080019      0.02591482
<Jan28-2022> <08:03:41>      3      0.01140383      0.01135775    100.0
<Jan28-2022> <08:03:41>      4      0.00327656      0.00327407      2.3
<Jan28-2022> <08:03:41>      5      0.00010041      0.00009754      0.0
<Jan28-2022> <08:03:41>      6      0.00000525      0.00000504      0.0
<Jan28-2022> <08:03:41>      7      0.00000007      0.00000007      0.0
<Jan28-2022> <08:03:41>      8      0.00000000      0.00000000      0.0
<Jan28-2022> <08:03:41>  SCF converged
<Jan28-2022> <08:03:41>      9      0.00000000      0.00000000      0.0
<Jan28-2022> <08:03:41>  >>>> POPAN
<Jan28-2022> <08:03:41>  >>>> DEBYE
<Jan28-2022> <08:03:41>  DIRAC 2021.102  RunTime: Jan28-2022 08:03:41  ShM Nodes: 1  Procs: 1
<Jan28-2022> <08:03:41>  Carbon (TZ2P)
<Jan28-2022> <08:03:42>  Net Charge: 0 (Nuclei minus Electrons)
<Jan28-2022> <08:03:42>  Symmetry  : ATOM
<Jan28-2022> <08:03:42>  Coordinates
<Jan28-2022> <08:03:42>     Atom         X           Y           Z   (Angstrom)
<Jan28-2022> <08:03:42>     1.C         0.000000    0.000000    0.000000
<Jan28-2022> <08:03:42>  >>>> CORORT
<Jan28-2022> <08:03:42>  >>>> CLSMAT
<Jan28-2022> <08:03:42>  >>>> ORTHON
<Jan28-2022> <08:03:42>  >>>> GENPT
<Jan28-2022> <08:03:42>  Block Length=  72
<Jan28-2022> <08:03:42>  >>>> PTBAS
<Jan28-2022> <08:03:42>  >>>> CYCLE
<Jan28-2022> <08:03:42>              |Error|         MaxErr       Wt(A-DIIS)
<Jan28-2022> <08:03:42>      1      0.00000000      0.00000000
<Jan28-2022> <08:03:42>      2      4.48405934      3.32161898    100.0
<Jan28-2022> <08:03:42>      3      1.60718414      1.28408746    100.0
<Jan28-2022> <08:03:42>      4      0.76426456      0.62272052    100.0
<Jan28-2022> <08:03:42>      5      0.36119063      0.28553990    100.0
<Jan28-2022> <08:03:42>      6      0.14821424      0.11559867    100.0
<Jan28-2022> <08:03:42>      7      0.10108424      0.07867111     78.5
<Jan28-2022> <08:03:42>      8      0.01786531      0.01387049     13.0
<Jan28-2022> <08:03:42>      9      0.00195746      0.00153262      0.5
<Jan28-2022> <08:03:42>     10      0.00001058      0.00000730      0.0
<Jan28-2022> <08:03:42>     11      0.00000047      0.00000027      0.0
<Jan28-2022> <08:03:42>     12      0.00000003      0.00000002      0.0
<Jan28-2022> <08:03:42>     13      0.00000000      0.00000000      0.0
<Jan28-2022> <08:03:42>  SCF converged
<Jan28-2022> <08:03:42>     14      0.00000000      0.00000000      0.0
<Jan28-2022> <08:03:42>  >>>> POPAN
<Jan28-2022> <08:03:42>  >>>> DEBYE
<Jan28-2022> <08:03:43>  DIRAC 2021.102  RunTime: Jan28-2022 08:03:43  ShM Nodes: 1  Procs: 1
<Jan28-2022> <08:03:43>  Oxygen (TZ2P)
<Jan28-2022> <08:03:43>  Net Charge: 0 (Nuclei minus Electrons)
<Jan28-2022> <08:03:43>  Symmetry  : ATOM
<Jan28-2022> <08:03:43>  Coordinates
<Jan28-2022> <08:03:43>     Atom         X           Y           Z   (Angstrom)
<Jan28-2022> <08:03:43>     1.O         0.000000    0.000000    0.000000
<Jan28-2022> <08:03:43>  >>>> CORORT
<Jan28-2022> <08:03:43>  >>>> CLSMAT
<Jan28-2022> <08:03:43>  >>>> ORTHON
<Jan28-2022> <08:03:43>  >>>> GENPT
<Jan28-2022> <08:03:43>  Block Length=  68
<Jan28-2022> <08:03:43>  >>>> PTBAS
<Jan28-2022> <08:03:43>  >>>> CYCLE
<Jan28-2022> <08:03:43>              |Error|         MaxErr       Wt(A-DIIS)
<Jan28-2022> <08:03:43>      1      0.00000000      0.00000000
<Jan28-2022> <08:03:44>      2      8.77210307      5.53374266    100.0
<Jan28-2022> <08:03:44>      3      3.60058093      2.49154808    100.0
<Jan28-2022> <08:03:44>      4      1.20505529      0.62472425    100.0
<Jan28-2022> <08:03:44>      5      1.46502638      0.81213311    100.0
<Jan28-2022> <08:03:44>      6      0.15089362      0.09131786     91.2
<Jan28-2022> <08:03:44>      7      0.14397311      0.08251182     82.3
<Jan28-2022> <08:03:44>      8      0.00183259      0.00123681      0.2
<Jan28-2022> <08:03:44>      9      0.00015629      0.00008105      0.0
<Jan28-2022> <08:03:44>     10      0.00001324      0.00000629      0.0
<Jan28-2022> <08:03:44>     11      0.00000006      0.00000003      0.0
<Jan28-2022> <08:03:44>     12      0.00000000      0.00000000      0.0
<Jan28-2022> <08:03:44>  SCF converged
<Jan28-2022> <08:03:44>     13      0.00000000      0.00000000      0.0
<Jan28-2022> <08:03:44>  >>>> POPAN
<Jan28-2022> <08:03:44>  >>>> DEBYE
<Jan28-2022> <08:03:44>  DIRAC 2021.102  RunTime: Jan28-2022 08:03:44  ShM Nodes: 1  Procs: 1
<Jan28-2022> <08:03:45>  Aluminium (TZ2P)
<Jan28-2022> <08:03:45>  Net Charge: 0 (Nuclei minus Electrons)
<Jan28-2022> <08:03:45>  Symmetry  : ATOM
<Jan28-2022> <08:03:45>  Coordinates
<Jan28-2022> <08:03:45>     Atom         X           Y           Z   (Angstrom)
<Jan28-2022> <08:03:45>     1.Al        0.000000    0.000000    0.000000
<Jan28-2022> <08:03:45>  >>>> CORORT
<Jan28-2022> <08:03:45>  >>>> CLSMAT
<Jan28-2022> <08:03:45>  >>>> ORTHON
<Jan28-2022> <08:03:45>  >>>> GENPT
<Jan28-2022> <08:03:45>  Block Length=  85
<Jan28-2022> <08:03:45>  >>>> PTBAS
<Jan28-2022> <08:03:45>  >>>> CYCLE
<Jan28-2022> <08:03:45>              |Error|         MaxErr       Wt(A-DIIS)
<Jan28-2022> <08:03:45>      1      0.00000000      0.00000000
<Jan28-2022> <08:03:46>      2     19.74689819      6.61645761    100.0
<Jan28-2022> <08:03:46>      3     10.72432514      6.35631794    100.0
<Jan28-2022> <08:03:46>      4      2.19038492      0.99968242    100.0
<Jan28-2022> <08:03:46>      5      0.76321691      0.32187913    100.0
<Jan28-2022> <08:03:46>      6      0.33480690      0.13581213    100.0
<Jan28-2022> <08:03:46>      7      0.15853080      0.06474515     64.4
<Jan28-2022> <08:03:46>      8      0.05033297      0.02051010     19.7
<Jan28-2022> <08:03:46>      9      0.00512670      0.00207383      1.1
<Jan28-2022> <08:03:46>     10      0.00006945      0.00003398      0.0
<Jan28-2022> <08:03:46>     11      0.00000191      0.00000123      0.0
<Jan28-2022> <08:03:46>     12      0.00000003      0.00000002      0.0
<Jan28-2022> <08:03:46>     13      0.00000000      0.00000000      0.0
<Jan28-2022> <08:03:46>  SCF converged
<Jan28-2022> <08:03:46>     14      0.00000000      0.00000000      0.0
<Jan28-2022> <08:03:46>  >>>> POPAN
<Jan28-2022> <08:03:46>  >>>> DEBYE
<Jan28-2022> <08:03:47>  DIRAC 2021.102  RunTime: Jan28-2022 08:03:47  ShM Nodes: 1  Procs: 1
<Jan28-2022> <08:03:47>  Fluorine (TZ2P)
<Jan28-2022> <08:03:47>  Net Charge: 0 (Nuclei minus Electrons)
<Jan28-2022> <08:03:47>  Symmetry  : ATOM
<Jan28-2022> <08:03:47>  Coordinates
<Jan28-2022> <08:03:47>     Atom         X           Y           Z   (Angstrom)
<Jan28-2022> <08:03:47>     1.F         0.000000    0.000000    0.000000
<Jan28-2022> <08:03:47>  >>>> CORORT
<Jan28-2022> <08:03:47>  >>>> CLSMAT
<Jan28-2022> <08:03:47>  >>>> ORTHON
<Jan28-2022> <08:03:47>  >>>> GENPT
<Jan28-2022> <08:03:47>  Block Length=  76
<Jan28-2022> <08:03:47>  >>>> PTBAS
<Jan28-2022> <08:03:47>  >>>> CYCLE
<Jan28-2022> <08:03:47>              |Error|         MaxErr       Wt(A-DIIS)
<Jan28-2022> <08:03:47>      1      0.00000000      0.00000000
<Jan28-2022> <08:03:47>      2     11.39970762      4.85721148    100.0
<Jan28-2022> <08:03:47>      3      5.17310012      3.16632108    100.0
<Jan28-2022> <08:03:47>      4      1.04882283      0.49392043    100.0
<Jan28-2022> <08:03:47>      5      1.72142161      0.84736739    100.0
<Jan28-2022> <08:03:47>      6      0.21842580      0.10780687    100.0
<Jan28-2022> <08:03:48>      7      0.28524155      0.13554881    100.0
<Jan28-2022> <08:03:48>      8      0.02856437      0.01389479     13.0
<Jan28-2022> <08:03:48>      9      0.00489297      0.00234741      1.4
<Jan28-2022> <08:03:48>     10      0.00009261      0.00004462      0.0
<Jan28-2022> <08:03:48>     11      0.00000010      0.00000005      0.0
<Jan28-2022> <08:03:48>     12      0.00000000      0.00000000      0.0
<Jan28-2022> <08:03:48>  SCF converged
<Jan28-2022> <08:03:48>     13      0.00000000      0.00000000      0.0
<Jan28-2022> <08:03:48>  >>>> POPAN
<Jan28-2022> <08:03:48>  >>>> DEBYE
<Jan28-2022> <08:03:48>  *** GOStep1 ***
<Jan28-2022> <08:03:48>  >>>> FRAGM
<Jan28-2022> <08:03:48>  Coordinates
<Jan28-2022> <08:03:48>     Atom         X           Y           Z   (Angstrom)
<Jan28-2022> <08:03:48>     1.H         0.308836   -1.713227    0.348451
<Jan28-2022> <08:03:48>     2.C        -0.859332    0.073256    0.953616
<Jan28-2022> <08:03:48>     3.C         0.305667   -0.622080    0.356973
<Jan28-2022> <08:03:48>     4.C         1.443635    0.022461   -0.230052
<Jan28-2022> <08:03:48>     5.O         2.419916   -0.559288   -0.730045
<Jan28-2022> <08:03:48>     6.H        -0.691953    1.152837    0.944283
<Jan28-2022> <08:03:48>     7.H        -2.099499    0.106838    2.737885
<Jan28-2022> <08:03:48>     8.H        -0.387774   -0.204925    3.068992
<Jan28-2022> <08:03:48>     9.C        -1.207068   -0.411253    2.373451
<Jan28-2022> <08:03:48>    10.H        -1.408495   -1.487467    2.394752
<Jan28-2022> <08:03:48>    11.C        -4.292925   -0.668393   -1.596661
<Jan28-2022> <08:03:48>    12.C        -3.821146    0.638314   -1.419969
<Jan28-2022> <08:03:48>    13.C        -2.713407    0.877583   -0.597204
<Jan28-2022> <08:03:48>    14.C        -2.077448   -0.189854    0.048870
<Jan28-2022> <08:03:48>    15.C        -2.549227   -1.496561   -0.127822
<Jan28-2022> <08:03:48>    16.C        -3.656966   -1.735830   -0.950587
<Jan28-2022> <08:03:48>    17.H        -4.307800    1.455145   -1.914362
<Jan28-2022> <08:03:48>    18.H        -2.352389    1.877510   -0.461995
<Jan28-2022> <08:03:48>    19.H        -2.062573   -2.313393    0.366570
<Jan28-2022> <08:03:48>    20.H        -4.017984   -2.735757   -1.085797
<Jan28-2022> <08:03:48>    21.H        -5.140597   -0.851489   -2.226263
<Jan28-2022> <08:03:48>    22.H         2.131759   -0.633405   -0.721198
<Jan28-2022> <08:03:48>    23.Al        1.540627    0.824565   -0.280820
<Jan28-2022> <08:03:48>    24.F         1.827566    0.500931    1.277782
<Jan28-2022> <08:03:48>    25.F         0.224325    0.222568   -1.002804
<Jan28-2022> <08:03:48>    26.F         2.569991    1.750196   -1.117438
<Jan28-2022> <08:03:48>  >>>> CORORT
<Jan28-2022> <08:03:48>  >>>> CLSMAT
<Jan28-2022> <08:03:49>  >>>> ORTHON
<Jan28-2022> <08:03:49>  >>>> GENPT
<Jan28-2022> <08:03:50>  Block Length= 128
<Jan28-2022> <08:03:52>  >>>> PTBAS
<Jan28-2022> <08:05:13>  >>>> CYCLE
<Jan28-2022> <08:08:58>              |Error|         MaxErr       Wt(A-DIIS)
<Jan28-2022> <08:08:58>      1     15.09761035      1.42286681
<Jan28-2022> <08:12:10>      2      3.11214647      0.32981565    100.0
<Jan28-2022> <08:15:25>      3      1.32983736      0.11499947    100.0
<Jan28-2022> <08:18:52>      4      2.65364405      0.13942980    100.0
<Jan28-2022> <08:22:10>      5      0.80448301      0.05847167     58.1
<Jan28-2022> <08:25:32>      6      1.41852022      0.09164027    100.0
<Jan28-2022> <08:28:52>      7      0.43189410      0.03583778     35.2
<Jan28-2022> <08:32:11>      8      0.14613739      0.01375699     12.9
<Jan28-2022> <08:35:30>      9      0.08221551      0.00443833      3.5
<Jan28-2022> <08:38:52>     10      0.03243147      0.00254479      1.6
<Jan28-2022> <08:42:14>     11      0.02306844      0.00137075      0.4
<Jan28-2022> <08:45:37>     12      0.01908489      0.00134221      0.3
<Jan28-2022> <08:48:57>     13      0.01186424      0.00071606      0.0
<Jan28-2022> <08:52:14>     14      0.00907068      0.00062701      0.0
<Jan28-2022> <08:55:38>     15      0.00302566      0.00014782      0.0
<Jan28-2022> <08:59:01>     16      0.00167017      0.00013405      0.0
<Jan28-2022> <09:02:25>     17      0.00070259      0.00003810      0.0
<Jan28-2022> <09:05:50>     18      0.00054578      0.00003364      0.0
<Jan28-2022> <09:09:07>     19      0.00021808      0.00001413      0.0
<Jan28-2022> <09:12:33>     20      0.00007351      0.00000429      0.0
<Jan28-2022> <09:15:59>     21      0.00003890      0.00000242      0.0
<Jan28-2022> <09:19:21>     22      0.00001730      0.00000110      0.0
<Jan28-2022> <09:22:43>     23      0.00000900      0.00000042      0.0
<Jan28-2022> <09:24:13>  SCF converged
<Jan28-2022> <09:26:09>     24      0.00000538      0.00000024      0.0
<Jan28-2022> <09:27:43>  >>>> TOTEN
<Jan28-2022> <09:30:57>  >>>> POPAN
<Jan28-2022> <09:30:58>  >>>> DEBYE
<Jan28-2022> <09:30:58>  >>>> ENGRAD
<Jan28-2022> <09:38:05>  current energy                                1.35111179 Hartree
<Jan28-2022> <09:38:05>  energy change                       1.35111179     0.00026000    F
<Jan28-2022> <09:38:05>  constrained gradient max           29.33185973     0.00100000    F
<Jan28-2022> <09:38:05>  constrained gradient rms            4.99395790     0.00066667    F
<Jan28-2022> <09:38:05>  gradient max                       29.33185973
<Jan28-2022> <09:38:05>  gradient rms                        4.99395790
<Jan28-2022> <09:38:05>  cart. step max                      0.03646774     0.01000000    F
<Jan28-2022> <09:38:05>  cart. step rms                      0.00553795     0.00666667    T
<Jan28-2022> <09:38:05>  Iteration 2
<Jan28-2022> <09:38:06>  *** GOStep2 ***
<Jan28-2022> <09:38:06>  >>>> FRAGM
<Jan28-2022> <09:38:07>  Coordinates
<Jan28-2022> <09:38:07>     Atom         X           Y           Z   (Angstrom)
<Jan28-2022> <09:38:07>     1.H         0.308447   -1.714040    0.348288
<Jan28-2022> <09:38:07>     2.C        -0.859836    0.072833    0.953386
<Jan28-2022> <09:38:07>     3.C         0.305402   -0.622885    0.356877
<Jan28-2022> <09:38:07>     4.C         1.443242    0.018210   -0.229639
<Jan28-2022> <09:38:07>     5.O         2.456383   -0.552194   -0.731190
<Jan28-2022> <09:38:07>     6.H        -0.692327    1.152451    0.943897
<Jan28-2022> <09:38:07>     7.H        -2.099852    0.106765    2.737774
<Jan28-2022> <09:38:07>     8.H        -0.388124   -0.205123    3.068780
<Jan28-2022> <09:38:07>     9.C        -1.207500   -0.411456    2.373330
<Jan28-2022> <09:38:07>    10.H        -1.409022   -1.487627    2.394771
<Jan28-2022> <09:38:07>    11.C        -4.293960   -0.668266   -1.596572
<Jan28-2022> <09:38:07>    12.C        -3.821840    0.638289   -1.420002
<Jan28-2022> <09:38:07>    13.C        -2.713992    0.877330   -0.597389
<Jan28-2022> <09:38:07>    14.C        -2.078151   -0.190151    0.048740
<Jan28-2022> <09:38:07>    15.C        -2.550351   -1.496740   -0.127875
<Jan28-2022> <09:38:07>    16.C        -3.658206   -1.735763   -0.950503
<Jan28-2022> <09:38:07>    17.H        -4.308387    1.455302   -1.914445
<Jan28-2022> <09:38:07>    18.H        -2.352716    1.877299   -0.462298
<Jan28-2022> <09:38:07>    19.H        -2.063869   -2.313787    0.366538
<Jan28-2022> <09:38:07>    20.H        -4.019521   -2.735715   -1.085620
<Jan28-2022> <09:38:07>    21.H        -5.141828   -0.851213   -2.226141
<Jan28-2022> <09:38:07>    22.H         2.103418   -0.642146   -0.718824
<Jan28-2022> <09:38:07>    23.Al        1.543192    0.829737   -0.281168
<Jan28-2022> <09:38:07>    24.F         1.831010    0.502708    1.278635
<Jan28-2022> <09:38:07>    25.F         0.221867    0.220371   -1.001960
<Jan28-2022> <09:38:07>    26.F         2.572259    1.755094   -1.118782
<Jan28-2022> <09:38:07>  >>>> CORORT
<Jan28-2022> <09:38:07>  >>>> CLSMAT
<Jan28-2022> <09:38:07>  >>>> ORTHON
<Jan28-2022> <09:38:07>  >>>> GENPT
<Jan28-2022> <09:38:08>  Block Length= 128
<Jan28-2022> <09:38:11>  >>>> PTBAS
<Jan28-2022> <09:39:40>  >>>> CYCLE
<Jan28-2022> <09:41:45>  using orbital data from restart file
<Jan28-2022> <09:43:44>              |Error|         MaxErr       Wt(A-DIIS)
<Jan28-2022> <09:43:44>      1      1.77036128      0.44990900
<Jan28-2022> <09:47:04>      2      1.44756165      0.09660100    100.0
<Jan28-2022> <09:50:15>      3      0.69306160      0.05702524    100.0
<Jan28-2022> <09:53:27>      4      0.49493512      0.03724122     36.6
<Jan28-2022> <09:56:30>      5      0.58172857      0.03310010    100.0
<Jan28-2022> <09:59:41>      6      0.44686562      0.02128539     20.5
