<Jan19-2022> <23:29:51>  AMS 2021.102  RunTime: Jan19-2022 23:29:51  ShM Nodes: 1  Procs: 1
<Jan19-2022> <23:29:51>  ADF 2021.102  RunTime: Jan19-2022 23:29:51  ShM Nodes: 1  Procs: 1
<Jan19-2022> <23:29:51>  *** (NO TITLE) ***
<Jan19-2022> <23:29:51>  Iteration 1
<Jan19-2022> <23:29:51>  DIRAC 2021.102  RunTime: Jan19-2022 23:29:51  ShM Nodes: 1  Procs: 1
<Jan19-2022> <23:29:51>  Hydrogen (TZ2P)
<Jan19-2022> <23:29:52>  Net Charge: 0 (Nuclei minus Electrons)
<Jan19-2022> <23:29:52>  Symmetry  : ATOM
<Jan19-2022> <23:29:52>  Coordinates
<Jan19-2022> <23:29:52>     Atom         X           Y           Z   (Angstrom)
<Jan19-2022> <23:29:52>     1.H         0.000000    0.000000    0.000000
<Jan19-2022> <23:29:52>  >>>> CORORT
<Jan19-2022> <23:29:52>  >>>> CLSMAT
<Jan19-2022> <23:29:52>  >>>> ORTHON
<Jan19-2022> <23:29:52>  >>>> GENPT
<Jan19-2022> <23:29:52>  Block Length=  64
<Jan19-2022> <23:29:52>  >>>> PTBAS
<Jan19-2022> <23:29:52>  >>>> CYCLE
<Jan19-2022> <23:29:52>              |Error|         MaxErr       Wt(A-DIIS)
<Jan19-2022> <23:29:52>      1      0.00000000      0.00000000
<Jan19-2022> <23:29:52>      2      0.03080019      0.02591482
<Jan19-2022> <23:29:52>      3      0.01140383      0.01135775    100.0
<Jan19-2022> <23:29:52>      4      0.00327656      0.00327407      2.3
<Jan19-2022> <23:29:52>      5      0.00010041      0.00009754      0.0
<Jan19-2022> <23:29:52>      6      0.00000525      0.00000504      0.0
<Jan19-2022> <23:29:52>      7      0.00000007      0.00000007      0.0
<Jan19-2022> <23:29:52>      8      0.00000000      0.00000000      0.0
<Jan19-2022> <23:29:52>  SCF converged
<Jan19-2022> <23:29:52>      9      0.00000000      0.00000000      0.0
<Jan19-2022> <23:29:52>  >>>> POPAN
<Jan19-2022> <23:29:52>  >>>> DEBYE
<Jan19-2022> <23:29:52>  DIRAC 2021.102  RunTime: Jan19-2022 23:29:52  ShM Nodes: 1  Procs: 1
<Jan19-2022> <23:29:52>  Carbon (TZ2P)
<Jan19-2022> <23:29:52>  Net Charge: 0 (Nuclei minus Electrons)
<Jan19-2022> <23:29:52>  Symmetry  : ATOM
<Jan19-2022> <23:29:52>  Coordinates
<Jan19-2022> <23:29:52>     Atom         X           Y           Z   (Angstrom)
<Jan19-2022> <23:29:52>     1.C         0.000000    0.000000    0.000000
<Jan19-2022> <23:29:52>  >>>> CORORT
<Jan19-2022> <23:29:52>  >>>> CLSMAT
<Jan19-2022> <23:29:52>  >>>> ORTHON
<Jan19-2022> <23:29:52>  >>>> GENPT
<Jan19-2022> <23:29:52>  Block Length=  72
<Jan19-2022> <23:29:52>  >>>> PTBAS
<Jan19-2022> <23:29:52>  >>>> CYCLE
<Jan19-2022> <23:29:52>              |Error|         MaxErr       Wt(A-DIIS)
<Jan19-2022> <23:29:52>      1      0.00000000      0.00000000
<Jan19-2022> <23:29:52>      2      4.48405934      3.32161898    100.0
<Jan19-2022> <23:29:52>      3      1.60718414      1.28408746    100.0
<Jan19-2022> <23:29:52>      4      0.76426456      0.62272052    100.0
<Jan19-2022> <23:29:52>      5      0.36119063      0.28553990    100.0
<Jan19-2022> <23:29:52>      6      0.14821424      0.11559867    100.0
<Jan19-2022> <23:29:52>      7      0.10108424      0.07867111     78.5
<Jan19-2022> <23:29:52>      8      0.01786531      0.01387049     13.0
<Jan19-2022> <23:29:52>      9      0.00195746      0.00153262      0.5
<Jan19-2022> <23:29:52>     10      0.00001058      0.00000730      0.0
<Jan19-2022> <23:29:53>     11      0.00000047      0.00000027      0.0
<Jan19-2022> <23:29:53>     12      0.00000003      0.00000002      0.0
<Jan19-2022> <23:29:53>     13      0.00000000      0.00000000      0.0
<Jan19-2022> <23:29:53>  SCF converged
<Jan19-2022> <23:29:53>     14      0.00000000      0.00000000      0.0
<Jan19-2022> <23:29:53>  >>>> POPAN
<Jan19-2022> <23:29:53>  >>>> DEBYE
<Jan19-2022> <23:29:53>  *** GOStep1 ***
<Jan19-2022> <23:29:53>  >>>> FRAGM
<Jan19-2022> <23:29:53>  Coordinates
<Jan19-2022> <23:29:53>     Atom         X           Y           Z   (Angstrom)
<Jan19-2022> <23:29:53>     1.H         2.053570   -0.803441    0.000000
<Jan19-2022> <23:29:53>     2.C         0.972937   -0.695741    0.000000
<Jan19-2022> <23:29:53>     3.H         0.663467   -0.150351    0.886617
<Jan19-2022> <23:29:53>     4.H         0.663467    0.150351   -0.886617
<Jan19-2022> <23:29:53>  >>>> CORORT
<Jan19-2022> <23:29:53>  >>>> CLSMAT
<Jan19-2022> <23:29:53>  >>>> ORTHON
<Jan19-2022> <23:29:53>  >>>> GENPT
<Jan19-2022> <23:29:53>  Block Length= 128
<Jan19-2022> <23:29:53>  >>>> PTBAS
<Jan19-2022> <23:29:54>  >>>> CYCLE
<Jan19-2022> <23:30:00>              |Error|         MaxErr       Wt(A-DIIS)
<Jan19-2022> <23:30:00>      1      1.82550844      0.37604047
<Jan19-2022> <23:30:05>      2      0.43473674      0.04919750    100.0
<Jan19-2022> <23:30:10>      3      0.41343507      0.05953285    100.0
<Jan19-2022> <23:30:15>      4      0.05484385      0.00563789      4.7
<Jan19-2022> <23:30:19>      5      0.01218287      0.00187576      0.9
<Jan19-2022> <23:30:24>      6      0.00143899      0.00017142      0.0
<Jan19-2022> <23:30:29>      7      0.00043138      0.00004931      0.0
<Jan19-2022> <23:30:34>      8      0.00015256      0.00001901      0.0
<Jan19-2022> <23:30:39>      9      0.00003797      0.00000480      0.0
<Jan19-2022> <23:30:44>     10      0.00000591      0.00000095      0.0
<Jan19-2022> <23:30:45>  SCF converged
<Jan19-2022> <23:30:49>     11      0.00000154      0.00000025      0.0
<Jan19-2022> <23:30:50>  >>>> TOTEN
<Jan19-2022> <23:30:56>  >>>> POPAN
<Jan19-2022> <23:30:56>  >>>> DEBYE
<Jan19-2022> <23:30:56>  >>>> ENGRAD
<Jan19-2022> <23:30:59>  current energy                               -0.61784933 Hartree
<Jan19-2022> <23:30:59>  energy change                      -0.61784933     0.00004000    F
<Jan19-2022> <23:30:59>  constrained gradient max            0.16087428     0.00100000    F
<Jan19-2022> <23:30:59>  constrained gradient rms            0.06525784     0.00066667    F
<Jan19-2022> <23:30:59>  gradient max                        0.16087428
<Jan19-2022> <23:30:59>  gradient rms                        0.06525784
<Jan19-2022> <23:30:59>  cart. step max                      0.03789453     0.01000000    F
<Jan19-2022> <23:30:59>  cart. step rms                      0.01692117     0.00666667    F
<Jan19-2022> <23:30:59>  Iteration 2
<Jan19-2022> <23:31:00>  *** GOStep2 ***
<Jan19-2022> <23:31:00>  >>>> FRAGM
<Jan19-2022> <23:31:00>  Coordinates
<Jan19-2022> <23:31:00>     Atom         X           Y           Z   (Angstrom)
<Jan19-2022> <23:31:00>     1.H         2.052753   -0.808464   -0.016502
<Jan19-2022> <23:31:00>     2.C         0.973431   -0.657847   -0.010312
<Jan19-2022> <23:31:00>     3.H         0.648892   -0.155785    0.903096
<Jan19-2022> <23:31:00>     4.H         0.678365    0.122913   -0.876282
<Jan19-2022> <23:31:00>  >>>> CORORT
<Jan19-2022> <23:31:00>  >>>> CLSMAT
<Jan19-2022> <23:31:00>  >>>> ORTHON
<Jan19-2022> <23:31:00>  >>>> GENPT
<Jan19-2022> <23:31:00>  Block Length= 128
<Jan19-2022> <23:31:00>  >>>> PTBAS
<Jan19-2022> <23:31:01>  >>>> CYCLE
<Jan19-2022> <23:31:03>  using orbital data from restart file
<Jan19-2022> <23:31:08>              |Error|         MaxErr       Wt(A-DIIS)
<Jan19-2022> <23:31:08>      1      0.11646284      0.03030531
<Jan19-2022> <23:31:13>      2      0.02424311      0.00276688    100.0
<Jan19-2022> <23:31:17>      3      0.01459030      0.00188405    100.0
<Jan19-2022> <23:31:22>      4      0.01504940      0.00172223      0.7
<Jan19-2022> <23:31:27>      5      0.00038842      0.00005526      0.0
<Jan19-2022> <23:31:32>      6      0.00009391      0.00000934      0.0
<Jan19-2022> <23:31:37>      7      0.00001481      0.00000173      0.0
<Jan19-2022> <23:31:42>      8      0.00000527      0.00000074      0.0
<Jan19-2022> <23:31:43>  SCF converged
<Jan19-2022> <23:31:47>      9      0.00000081      0.00000010      0.0
<Jan19-2022> <23:31:48>  >>>> TOTEN
<Jan19-2022> <23:31:54>  >>>> POPAN
<Jan19-2022> <23:31:54>  >>>> DEBYE
<Jan19-2022> <23:31:54>  >>>> ENGRAD
<Jan19-2022> <23:31:58>  current energy                               -0.62853719 Hartree
<Jan19-2022> <23:31:58>  energy change                      -0.01068786     0.00004000    F
<Jan19-2022> <23:31:58>  constrained gradient max            0.13347270     0.00100000    F
<Jan19-2022> <23:31:58>  constrained gradient rms            0.05213982     0.00066667    F
<Jan19-2022> <23:31:58>  gradient max                        0.13347270
<Jan19-2022> <23:31:58>  gradient rms                        0.05213982
<Jan19-2022> <23:31:58>  cart. step max                      0.07281860     0.01000000    F
<Jan19-2022> <23:31:58>  cart. step rms                      0.03354442     0.00666667    F
<Jan19-2022> <23:31:58>  Iteration 3
<Jan19-2022> <23:31:58>  *** GOStep3 ***
<Jan19-2022> <23:31:58>  >>>> FRAGM
<Jan19-2022> <23:31:58>  Coordinates
<Jan19-2022> <23:31:58>     Atom         X           Y           Z   (Angstrom)
<Jan19-2022> <23:31:58>     1.H         2.040892   -0.811882   -0.042127
<Jan19-2022> <23:31:58>     2.C         0.972147   -0.585028   -0.037269
<Jan19-2022> <23:31:58>     3.H         0.630782   -0.166253    0.915368
<Jan19-2022> <23:31:58>     4.H         0.709620    0.063981   -0.835972
<Jan19-2022> <23:31:58>  >>>> CORORT
<Jan19-2022> <23:31:58>  >>>> CLSMAT
<Jan19-2022> <23:31:58>  >>>> ORTHON
<Jan19-2022> <23:31:58>  >>>> GENPT
<Jan19-2022> <23:31:58>  Block Length= 128
<Jan19-2022> <23:31:58>  >>>> PTBAS
<Jan19-2022> <23:31:59>  >>>> CYCLE
<Jan19-2022> <23:32:02>  using orbital data from restart file
<Jan19-2022> <23:32:06>              |Error|         MaxErr       Wt(A-DIIS)
<Jan19-2022> <23:32:06>      1      0.30478414      0.08077309
<Jan19-2022> <23:32:11>      2      0.04288924      0.00506841    100.0
<Jan19-2022> <23:32:15>      3      0.02632068      0.00344924    100.0
<Jan19-2022> <23:32:20>      4      0.02595773      0.00279750      1.8
<Jan19-2022> <23:32:25>      5      0.00090493      0.00014295      0.0
<Jan19-2022> <23:32:30>      6      0.00016321      0.00002220      0.0
<Jan19-2022> <23:32:35>      7      0.00004639      0.00000616      0.0
<Jan19-2022> <23:32:41>      8      0.00001183      0.00000197      0.0
<Jan19-2022> <23:32:46>      9      0.00000138      0.00000015      0.0
<Jan19-2022> <23:32:47>  SCF converged
<Jan19-2022> <23:32:51>     10      0.00000030      0.00000004      0.0
<Jan19-2022> <23:32:52>  >>>> TOTEN
<Jan19-2022> <23:32:58>  >>>> POPAN
<Jan19-2022> <23:32:58>  >>>> DEBYE
<Jan19-2022> <23:32:58>  >>>> ENGRAD
<Jan19-2022> <23:33:01>  current energy                               -0.63918818 Hartree
<Jan19-2022> <23:33:01>  energy change                      -0.01065098     0.00004000    F
<Jan19-2022> <23:33:01>  constrained gradient max            0.04017636     0.00100000    F
<Jan19-2022> <23:33:01>  constrained gradient rms            0.02447855     0.00066667    F
<Jan19-2022> <23:33:01>  gradient max                        0.04017636
<Jan19-2022> <23:33:01>  gradient rms                        0.02447855
<Jan19-2022> <23:33:01>  cart. step max                      0.05066219     0.01000000    F
<Jan19-2022> <23:33:01>  cart. step rms                      0.02572289     0.00666667    F
<Jan19-2022> <23:33:01>  Iteration 4
<Jan19-2022> <23:33:02>  *** GOStep4 ***
<Jan19-2022> <23:33:02>  >>>> FRAGM
<Jan19-2022> <23:33:02>  Coordinates
<Jan19-2022> <23:33:02>     Atom         X           Y           Z   (Angstrom)
<Jan19-2022> <23:33:02>     1.H         2.043652   -0.836604   -0.027403
<Jan19-2022> <23:33:02>     2.C         0.995916   -0.534366   -0.030120
<Jan19-2022> <23:33:02>     3.H         0.629889   -0.191278    0.939054
<Jan19-2022> <23:33:02>     4.H         0.683984    0.063066   -0.881531
<Jan19-2022> <23:33:02>  >>>> CORORT
<Jan19-2022> <23:33:02>  >>>> CLSMAT
<Jan19-2022> <23:33:02>  >>>> ORTHON
<Jan19-2022> <23:33:02>  >>>> GENPT
<Jan19-2022> <23:33:02>  Block Length= 128
<Jan19-2022> <23:33:02>  >>>> PTBAS
<Jan19-2022> <23:33:03>  >>>> CYCLE
<Jan19-2022> <23:33:06>  using orbital data from restart file
<Jan19-2022> <23:33:09>              |Error|         MaxErr       Wt(A-DIIS)
<Jan19-2022> <23:33:09>      1      0.08283935      0.01529630
<Jan19-2022> <23:33:14>      2      0.02452429      0.00349152    100.0
<Jan19-2022> <23:33:19>      3      0.01982268      0.00285660    100.0
<Jan19-2022> <23:33:24>      4      0.01947520      0.00280745      1.8
<Jan19-2022> <23:33:30>      5      0.00603874      0.00110285      0.1
<Jan19-2022> <23:33:35>      6      0.00033788      0.00004610      0.0
<Jan19-2022> <23:33:40>      7      0.00022010      0.00003014      0.0
<Jan19-2022> <23:33:45>      8      0.00002610      0.00000315      0.0
<Jan19-2022> <23:33:50>      9      0.00000197      0.00000022      0.0
<Jan19-2022> <23:33:50>  SCF converged
<Jan19-2022> <23:33:55>     10      0.00000060      0.00000008      0.0
<Jan19-2022> <23:33:56>  >>>> TOTEN
<Jan19-2022> <23:34:01>  >>>> POPAN
<Jan19-2022> <23:34:01>  >>>> DEBYE
<Jan19-2022> <23:34:02>  >>>> ENGRAD
<Jan19-2022> <23:34:05>  current energy                               -0.64388726 Hartree
<Jan19-2022> <23:34:05>  energy change                      -0.00469909     0.00004000    F
<Jan19-2022> <23:34:05>  constrained gradient max            0.03084097     0.00100000    F
<Jan19-2022> <23:34:05>  constrained gradient rms            0.01331012     0.00066667    F
<Jan19-2022> <23:34:05>  gradient max                        0.03084097
<Jan19-2022> <23:34:05>  gradient rms                        0.01331012
<Jan19-2022> <23:34:05>  cart. step max                      0.06275230     0.01000000    F
<Jan19-2022> <23:34:05>  cart. step rms                      0.02425708     0.00666667    F
<Jan19-2022> <23:34:05>  Iteration 5
<Jan19-2022> <23:34:05>  *** GOStep5 ***
<Jan19-2022> <23:34:05>  >>>> FRAGM
<Jan19-2022> <23:34:05>  Coordinates
<Jan19-2022> <23:34:05>     Atom         X           Y           Z   (Angstrom)
<Jan19-2022> <23:34:05>     1.H         2.039870   -0.860261   -0.027170
<Jan19-2022> <23:34:05>     2.C         1.025241   -0.471614   -0.022404
<Jan19-2022> <23:34:05>     3.H         0.619102   -0.213787    0.950603
<Jan19-2022> <23:34:05>     4.H         0.669227    0.046480   -0.901029
<Jan19-2022> <23:34:05>  >>>> CORORT
<Jan19-2022> <23:34:05>  >>>> CLSMAT
<Jan19-2022> <23:34:05>  >>>> ORTHON
<Jan19-2022> <23:34:05>  >>>> GENPT
<Jan19-2022> <23:34:05>  Block Length= 128
<Jan19-2022> <23:34:06>  >>>> PTBAS
<Jan19-2022> <23:34:06>  >>>> CYCLE
<Jan19-2022> <23:34:09>  using orbital data from restart file
<Jan19-2022> <23:34:13>              |Error|         MaxErr       Wt(A-DIIS)
<Jan19-2022> <23:34:13>      1      0.07635390      0.01438340
<Jan19-2022> <23:34:18>      2      0.03006205      0.00412399    100.0
<Jan19-2022> <23:34:24>      3      0.02022295      0.00289184    100.0
<Jan19-2022> <23:34:29>      4      0.01399375      0.00237423      1.4
<Jan19-2022> <23:34:34>      5      0.00080389      0.00012994      0.0
<Jan19-2022> <23:34:39>      6      0.00009647      0.00001115      0.0
<Jan19-2022> <23:34:44>      7      0.00001489      0.00000189      0.0
<Jan19-2022> <23:34:49>      8      0.00000481      0.00000054      0.0
<Jan19-2022> <23:34:50>  SCF converged
<Jan19-2022> <23:34:54>      9      0.00000280      0.00000039      0.0
<Jan19-2022> <23:34:54>  >>>> TOTEN
<Jan19-2022> <23:35:01>  >>>> POPAN
<Jan19-2022> <23:35:01>  >>>> DEBYE
<Jan19-2022> <23:35:01>  >>>> ENGRAD
<Jan19-2022> <23:35:04>  current energy                               -0.64641295 Hartree
<Jan19-2022> <23:35:04>  energy change                      -0.00252569     0.00004000    F
<Jan19-2022> <23:35:04>  constrained gradient max            0.01615978     0.00100000    F
<Jan19-2022> <23:35:04>  constrained gradient rms            0.00749094     0.00066667    F
<Jan19-2022> <23:35:04>  gradient max                        0.01615978
<Jan19-2022> <23:35:04>  gradient rms                        0.00749094
<Jan19-2022> <23:35:04>  cart. step max                      0.04256834     0.01000000    F
<Jan19-2022> <23:35:04>  cart. step rms                      0.01843417     0.00666667    F
<Jan19-2022> <23:35:04>  Iteration 6
<Jan19-2022> <23:35:04>  *** GOStep6 ***
<Jan19-2022> <23:35:04>  >>>> FRAGM
<Jan19-2022> <23:35:04>  Coordinates
<Jan19-2022> <23:35:04>     Atom         X           Y           Z   (Angstrom)
<Jan19-2022> <23:35:04>     1.H         2.039777   -0.879320   -0.036492
<Jan19-2022> <23:35:05>     2.C         1.054742   -0.429045   -0.008936
<Jan19-2022> <23:35:05>     3.H         0.600811   -0.224324    0.951521
<Jan19-2022> <23:35:05>     4.H         0.658110    0.033507   -0.906093
<Jan19-2022> <23:35:05>  >>>> CORORT
<Jan19-2022> <23:35:05>  >>>> CLSMAT
<Jan19-2022> <23:35:05>  >>>> ORTHON
<Jan19-2022> <23:35:05>  >>>> GENPT
<Jan19-2022> <23:35:05>  Block Length= 128
<Jan19-2022> <23:35:05>  >>>> PTBAS
<Jan19-2022> <23:35:05>  >>>> CYCLE
<Jan19-2022> <23:35:08>  using orbital data from restart file
<Jan19-2022> <23:35:13>              |Error|         MaxErr       Wt(A-DIIS)
<Jan19-2022> <23:35:13>      1      0.06087989      0.00841819
<Jan19-2022> <23:35:18>      2      0.02598846      0.00350248    100.0
<Jan19-2022> <23:35:23>      3      0.01732409      0.00246977    100.0
<Jan19-2022> <23:35:28>      4      0.01241464      0.00203599      1.0
<Jan19-2022> <23:35:33>      5      0.00067785      0.00010582      0.0
<Jan19-2022> <23:35:38>      6      0.00010035      0.00001120      0.0
<Jan19-2022> <23:35:43>      7      0.00001348      0.00000170      0.0
<Jan19-2022> <23:35:48>      8      0.00000189      0.00000023      0.0
<Jan19-2022> <23:35:48>  SCF converged
<Jan19-2022> <23:35:52>      9      0.00000054      0.00000006      0.0
<Jan19-2022> <23:35:53>  >>>> TOTEN
<Jan19-2022> <23:35:59>  >>>> POPAN
<Jan19-2022> <23:36:00>  >>>> DEBYE
<Jan19-2022> <23:36:00>  >>>> ENGRAD
<Jan19-2022> <23:36:03>  current energy                               -0.64742785 Hartree
<Jan19-2022> <23:36:03>  energy change                      -0.00101490     0.00004000    F
<Jan19-2022> <23:36:03>  constrained gradient max            0.00646149     0.00100000    F
<Jan19-2022> <23:36:03>  constrained gradient rms            0.00309945     0.00066667    F
<Jan19-2022> <23:36:03>  gradient max                        0.00646149
<Jan19-2022> <23:36:03>  gradient rms                        0.00309945
<Jan19-2022> <23:36:03>  cart. step max                      0.03559794     0.01000000    F
<Jan19-2022> <23:36:03>  cart. step rms                      0.01468663     0.00666667    F
<Jan19-2022> <23:36:03>  Iteration 7
<Jan19-2022> <23:36:03>  *** GOStep7 ***
<Jan19-2022> <23:36:03>  >>>> FRAGM
<Jan19-2022> <23:36:03>  Coordinates
<Jan19-2022> <23:36:03>     Atom         X           Y           Z   (Angstrom)
<Jan19-2022> <23:36:03>     1.H         2.037000   -0.893655   -0.041939
<Jan19-2022> <23:36:03>     2.C         1.078404   -0.393447   -0.001919
<Jan19-2022> <23:36:03>     3.H         0.588224   -0.233455    0.948488
<Jan19-2022> <23:36:03>     4.H         0.649813    0.021376   -0.904630
<Jan19-2022> <23:36:03>  >>>> CORORT
<Jan19-2022> <23:36:03>  >>>> CLSMAT
<Jan19-2022> <23:36:03>  >>>> ORTHON
<Jan19-2022> <23:36:03>  >>>> GENPT
<Jan19-2022> <23:36:04>  Block Length= 128
<Jan19-2022> <23:36:04>  >>>> PTBAS
<Jan19-2022> <23:36:04>  >>>> CYCLE
<Jan19-2022> <23:36:07>  using orbital data from restart file
<Jan19-2022> <23:36:12>              |Error|         MaxErr       Wt(A-DIIS)
<Jan19-2022> <23:36:12>      1      0.04805587      0.00831315
<Jan19-2022> <23:36:17>      2      0.02203599      0.00293151    100.0
<Jan19-2022> <23:36:22>      3      0.02085833      0.00279847    100.0
<Jan19-2022> <23:36:27>      4      0.02084032      0.00279544      1.8
<Jan19-2022> <23:36:32>      5      0.01345740      0.00215958      1.2
<Jan19-2022> <23:36:37>      6      0.00127651      0.00013519      0.0
<Jan19-2022> <23:36:41>      7      0.00129000      0.00016993      0.0
<Jan19-2022> <23:36:46>      8      0.00004228      0.00000445      0.0
<Jan19-2022> <23:36:51>      9      0.00001871      0.00000243      0.0
<Jan19-2022> <23:36:57>     10      0.00001716      0.00000260      0.0
<Jan19-2022> <23:37:02>     11      0.00001668      0.00000247      0.0
<Jan19-2022> <23:37:07>     12      0.00001671      0.00000249      0.0
<Jan19-2022> <23:37:12>     13      0.00001662      0.00000248      0.0
<Jan19-2022> <23:37:17>     14      0.00000049      0.00000009      0.0
<Jan19-2022> <23:37:18>  SCF converged
<Jan19-2022> <23:37:22>     15      0.00000009      0.00000001      0.0
<Jan19-2022> <23:37:23>  >>>> TOTEN
<Jan19-2022> <23:37:29>  >>>> POPAN
<Jan19-2022> <23:37:29>  >>>> DEBYE
<Jan19-2022> <23:37:29>  >>>> ENGRAD
<Jan19-2022> <23:37:33>  current energy                               -0.64774195 Hartree
<Jan19-2022> <23:37:33>  energy change                      -0.00031410     0.00004000    F
<Jan19-2022> <23:37:33>  constrained gradient max            0.00226492     0.00100000    F
<Jan19-2022> <23:37:33>  constrained gradient rms            0.00126838     0.00066667    F
<Jan19-2022> <23:37:33>  gradient max                        0.00226492
<Jan19-2022> <23:37:33>  gradient rms                        0.00126838
<Jan19-2022> <23:37:33>  cart. step max                      0.01558833     0.01000000    F
<Jan19-2022> <23:37:33>  cart. step rms                      0.00604972     0.00666667    T
<Jan19-2022> <23:37:33>  Iteration 8
<Jan19-2022> <23:37:33>  *** GOStep8 ***
<Jan19-2022> <23:37:33>  >>>> FRAGM
<Jan19-2022> <23:37:33>  Coordinates
<Jan19-2022> <23:37:33>     Atom         X           Y           Z   (Angstrom)
<Jan19-2022> <23:37:33>     1.H         2.034691   -0.899350   -0.041821
<Jan19-2022> <23:37:33>     2.C         1.087344   -0.377859   -0.000160
<Jan19-2022> <23:37:33>     3.H         0.585440   -0.238849    0.948484
<Jan19-2022> <23:37:33>     4.H         0.645966    0.016876   -0.906504
<Jan19-2022> <23:37:33>  >>>> CORORT
<Jan19-2022> <23:37:33>  >>>> CLSMAT
<Jan19-2022> <23:37:33>  >>>> ORTHON
<Jan19-2022> <23:37:33>  >>>> GENPT
<Jan19-2022> <23:37:33>  Block Length= 128
<Jan19-2022> <23:37:33>  >>>> PTBAS
<Jan19-2022> <23:37:34>  >>>> CYCLE
<Jan19-2022> <23:37:37>  using orbital data from restart file
<Jan19-2022> <23:37:41>              |Error|         MaxErr       Wt(A-DIIS)
<Jan19-2022> <23:37:41>      1      0.02007454      0.00326762
<Jan19-2022> <23:37:46>      2      0.00935288      0.00129529    100.0
<Jan19-2022> <23:37:51>      3      0.00683813      0.00111704    100.0
<Jan19-2022> <23:37:56>      4      0.00242198      0.00031725      0.0
<Jan19-2022> <23:38:01>      5      0.00061739      0.00008079      0.0
<Jan19-2022> <23:38:06>      6      0.00002036      0.00000230      0.0
<Jan19-2022> <23:38:11>      7      0.00000120      0.00000021      0.0
<Jan19-2022> <23:38:12>  SCF converged
<Jan19-2022> <23:38:16>      8      0.00000022      0.00000003      0.0
<Jan19-2022> <23:38:17>  >>>> TOTEN
<Jan19-2022> <23:38:23>  >>>> POPAN
<Jan19-2022> <23:38:23>  >>>> DEBYE
<Jan19-2022> <23:38:23>  >>>> ENGRAD
<Jan19-2022> <23:38:27>  current energy                               -0.64778042 Hartree
<Jan19-2022> <23:38:27>  energy change                      -0.00003847     0.00004000    T
<Jan19-2022> <23:38:27>  constrained gradient max            0.00100384     0.00100000    F
<Jan19-2022> <23:38:27>  constrained gradient rms            0.00051469     0.00066667    T
<Jan19-2022> <23:38:27>  gradient max                        0.00100384
<Jan19-2022> <23:38:27>  gradient rms                        0.00051469
<Jan19-2022> <23:38:27>  cart. step max                      0.00311587     0.01000000    T
<Jan19-2022> <23:38:27>  cart. step rms                      0.00118216     0.00666667    T
<Jan19-2022> <23:38:27>  Iteration 9
<Jan19-2022> <23:38:27>  *** GOStep9 ***
<Jan19-2022> <23:38:27>  >>>> FRAGM
<Jan19-2022> <23:38:27>  Coordinates
<Jan19-2022> <23:38:27>     Atom         X           Y           Z   (Angstrom)
<Jan19-2022> <23:38:27>     1.H         2.034149   -0.900317   -0.041762
<Jan19-2022> <23:38:27>     2.C         1.088481   -0.374743    0.000065
<Jan19-2022> <23:38:27>     3.H         0.585207   -0.240112    0.949313
<Jan19-2022> <23:38:27>     4.H         0.645604    0.015990   -0.907615
<Jan19-2022> <23:38:27>  >>>> CORORT
<Jan19-2022> <23:38:27>  >>>> CLSMAT
<Jan19-2022> <23:38:27>  >>>> ORTHON
<Jan19-2022> <23:38:27>  >>>> GENPT
<Jan19-2022> <23:38:27>  Block Length= 128
<Jan19-2022> <23:38:27>  >>>> PTBAS
<Jan19-2022> <23:38:28>  >>>> CYCLE
<Jan19-2022> <23:38:31>  using orbital data from restart file
<Jan19-2022> <23:38:35>              |Error|         MaxErr       Wt(A-DIIS)
<Jan19-2022> <23:38:35>      1      0.00401846      0.00069905
<Jan19-2022> <23:38:40>      2      0.00172804      0.00023913    100.0
<Jan19-2022> <23:38:45>      3      0.00129939      0.00020666    100.0
<Jan19-2022> <23:38:50>      4      0.00049452      0.00005126      0.0
<Jan19-2022> <23:38:55>      5      0.00010455      0.00001334      0.0
<Jan19-2022> <23:39:00>      6      0.00000711      0.00000081      0.0
<Jan19-2022> <23:39:01>  SCF converged
<Jan19-2022> <23:39:05>      7      0.00000061      0.00000011      0.0
<Jan19-2022> <23:39:06>  >>>> TOTEN
<Jan19-2022> <23:39:13>  >>>> POPAN
<Jan19-2022> <23:39:13>  >>>> DEBYE
<Jan19-2022> <23:39:13>  >>>> ENGRAD
<Jan19-2022> <23:39:16>  current energy                               -0.64778253 Hartree
<Jan19-2022> <23:39:16>  energy change                      -0.00000211     0.00004000    T
<Jan19-2022> <23:39:16>  constrained gradient max            0.00026933     0.00100000    T
<Jan19-2022> <23:39:16>  constrained gradient rms            0.00012627     0.00066667    T
<Jan19-2022> <23:39:16>  gradient max                        0.00026933
<Jan19-2022> <23:39:16>  gradient rms                        0.00012627
<Jan19-2022> <23:39:16>  cart. step max                      0.00013068     0.01000000    T
<Jan19-2022> <23:39:16>  cart. step rms                      0.00007016     0.00666667    T
<Jan19-2022> <23:39:16>  Geometry optimization converged
<Jan19-2022> <23:39:16>  *** adf ***
<Jan19-2022> <23:39:16>  Net Charge: 0 (Nuclei minus Electrons)
<Jan19-2022> <23:39:16>  Spin polar: 1 (Spin_A minus Spin_B electrons)
<Jan19-2022> <23:39:16>  Symmetry  : NOSYM
<Jan19-2022> <23:39:16>  >>>> FRAGM
<Jan19-2022> <23:39:16>  Coordinates
<Jan19-2022> <23:39:16>     Atom         X           Y           Z   (Angstrom)
<Jan19-2022> <23:39:16>     1.H         2.034149   -0.900317   -0.041762
<Jan19-2022> <23:39:16>     2.C         1.088481   -0.374743    0.000065
<Jan19-2022> <23:39:16>     3.H         0.585207   -0.240112    0.949313
<Jan19-2022> <23:39:16>     4.H         0.645604    0.015990   -0.907615
<Jan19-2022> <23:39:16>  >>>> CORORT
<Jan19-2022> <23:39:16>  >>>> CLSMAT
<Jan19-2022> <23:39:16>  >>>> ORTHON
<Jan19-2022> <23:39:16>  >>>> GENPT
<Jan19-2022> <23:39:17>  Block Length= 128
<Jan19-2022> <23:39:17>  >>>> PTBAS
<Jan19-2022> <23:39:17>  >>>> CYCLE
<Jan19-2022> <23:39:20>  using orbital data from restart file
<Jan19-2022> <23:39:24>              |Error|         MaxErr       Wt(A-DIIS)
<Jan19-2022> <23:39:24>      1      0.00000005      0.00000001
<Jan19-2022> <23:39:29>      2      0.00000004      0.00000001    100.0
<Jan19-2022> <23:39:30>  SCF converged
<Jan19-2022> <23:39:34>      3      0.00000002      0.00000000    100.0
<Jan19-2022> <23:39:39>  >>>> TOTEN
<Jan19-2022> <23:39:49>  >>>> POPAN
<Jan19-2022> <23:39:49>  >>>> DEBYE
<Jan19-2022> <23:39:49>  >>>> AMETS
<Jan19-2022> <23:39:49>   Bond Energy          -0.64778253 a.u.
<Jan19-2022> <23:39:49>   Bond Energy         -17.62705951 eV
<Jan19-2022> <23:39:49>   Bond Energy        -406.49       kcal/mol
<Jan19-2022> <23:39:49>  >>>> POPUL
<Jan19-2022> <23:39:49>  >>>> ENGRAD
<Jan19-2022> <23:39:52>  >>>> ENHESS
<Jan19-2022> <23:39:54>  === NUCLEUS:     1
<Jan19-2022> <23:41:34>  === NUCLEUS:     2
<Jan19-2022> <23:43:08>  === NUCLEUS:     3
<Jan19-2022> <23:44:43>  === NUCLEUS:     4
<Jan19-2022> <23:46:11>  >>>> CALC_HESS_PMAT
<Jan19-2022> <23:46:18>  >>>> CALC_HESS_WMAT
<Jan19-2022> <23:46:20>  PES point character: Geometry corresponds to a local minimum on the PES.
<Jan19-2022> <23:46:20>  Geometry optimization successful!
<Jan19-2022> <23:46:20>  NORMAL TERMINATION
