<Jan23-2022> <13:24:05>  AMS 2021.102  RunTime: Jan23-2022 13:24:05  ShM Nodes: 1  Procs: 4
<Jan23-2022> <13:24:06>  ADF 2021.102  RunTime: Jan23-2022 13:24:06  ShM Nodes: 1  Procs: 4
<Jan23-2022> <13:24:06>  *** (NO TITLE) ***
<Jan23-2022> <13:24:06>  Iteration 1
<Jan23-2022> <13:24:06>  DIRAC 2021.102  RunTime: Jan23-2022 13:24:06  ShM Nodes: 1  Procs: 1
<Jan23-2022> <13:24:06>  Hydrogen (TZ2P)
<Jan23-2022> <13:24:06>  Net Charge: 0 (Nuclei minus Electrons)
<Jan23-2022> <13:24:06>  Symmetry  : ATOM
<Jan23-2022> <13:24:06>  Coordinates
<Jan23-2022> <13:24:06>     Atom         X           Y           Z   (Angstrom)
<Jan23-2022> <13:24:06>     1.H         0.000000    0.000000    0.000000
<Jan23-2022> <13:24:06>  >>>> CORORT
<Jan23-2022> <13:24:06>  >>>> CLSMAT
<Jan23-2022> <13:24:07>  >>>> ORTHON
<Jan23-2022> <13:24:07>  >>>> GENPT
<Jan23-2022> <13:24:07>  Block Length=  64
<Jan23-2022> <13:24:07>  >>>> PTBAS
<Jan23-2022> <13:24:07>  >>>> CYCLE
<Jan23-2022> <13:24:07>              |Error|         MaxErr       Wt(A-DIIS)
<Jan23-2022> <13:24:07>      1      0.00000000      0.00000000
<Jan23-2022> <13:24:07>      2      0.03080019      0.02591482
<Jan23-2022> <13:24:07>      3      0.01140383      0.01135775    100.0
<Jan23-2022> <13:24:07>      4      0.00327656      0.00327407      2.3
<Jan23-2022> <13:24:07>      5      0.00010041      0.00009754      0.0
<Jan23-2022> <13:24:07>      6      0.00000525      0.00000504      0.0
<Jan23-2022> <13:24:07>      7      0.00000007      0.00000007      0.0
<Jan23-2022> <13:24:07>      8      0.00000000      0.00000000      0.0
<Jan23-2022> <13:24:07>  SCF converged
<Jan23-2022> <13:24:07>      9      0.00000000      0.00000000      0.0
<Jan23-2022> <13:24:07>  >>>> POPAN
<Jan23-2022> <13:24:07>  >>>> DEBYE
<Jan23-2022> <13:24:07>  DIRAC 2021.102  RunTime: Jan23-2022 13:24:07  ShM Nodes: 1  Procs: 1
<Jan23-2022> <13:24:07>  Carbon (TZ2P)
<Jan23-2022> <13:24:08>  Net Charge: 0 (Nuclei minus Electrons)
<Jan23-2022> <13:24:08>  Symmetry  : ATOM
<Jan23-2022> <13:24:08>  Coordinates
<Jan23-2022> <13:24:08>     Atom         X           Y           Z   (Angstrom)
<Jan23-2022> <13:24:08>     1.C         0.000000    0.000000    0.000000
<Jan23-2022> <13:24:08>  >>>> CORORT
<Jan23-2022> <13:24:08>  >>>> CLSMAT
<Jan23-2022> <13:24:08>  >>>> ORTHON
<Jan23-2022> <13:24:08>  >>>> GENPT
<Jan23-2022> <13:24:08>  Block Length=  72
<Jan23-2022> <13:24:08>  >>>> PTBAS
<Jan23-2022> <13:24:08>  >>>> CYCLE
<Jan23-2022> <13:24:08>              |Error|         MaxErr       Wt(A-DIIS)
<Jan23-2022> <13:24:08>      1      0.00000000      0.00000000
<Jan23-2022> <13:24:08>      2      4.48405934      3.32161898    100.0
<Jan23-2022> <13:24:08>      3      1.60718414      1.28408746    100.0
<Jan23-2022> <13:24:08>      4      0.76426456      0.62272052    100.0
<Jan23-2022> <13:24:08>      5      0.36119063      0.28553990    100.0
<Jan23-2022> <13:24:08>      6      0.14821424      0.11559867    100.0
<Jan23-2022> <13:24:08>      7      0.10108424      0.07867111     78.5
<Jan23-2022> <13:24:08>      8      0.01786531      0.01387049     13.0
<Jan23-2022> <13:24:08>      9      0.00195746      0.00153262      0.5
<Jan23-2022> <13:24:08>     10      0.00001058      0.00000730      0.0
<Jan23-2022> <13:24:08>     11      0.00000047      0.00000027      0.0
<Jan23-2022> <13:24:08>     12      0.00000003      0.00000002      0.0
<Jan23-2022> <13:24:08>     13      0.00000000      0.00000000      0.0
<Jan23-2022> <13:24:08>  SCF converged
<Jan23-2022> <13:24:08>     14      0.00000000      0.00000000      0.0
<Jan23-2022> <13:24:08>  >>>> POPAN
<Jan23-2022> <13:24:08>  >>>> DEBYE
<Jan23-2022> <13:24:09>  DIRAC 2021.102  RunTime: Jan23-2022 13:24:09  ShM Nodes: 1  Procs: 1
<Jan23-2022> <13:24:09>  Oxygen (TZ2P)
<Jan23-2022> <13:24:09>  Net Charge: 0 (Nuclei minus Electrons)
<Jan23-2022> <13:24:09>  Symmetry  : ATOM
<Jan23-2022> <13:24:09>  Coordinates
<Jan23-2022> <13:24:09>     Atom         X           Y           Z   (Angstrom)
<Jan23-2022> <13:24:09>     1.O         0.000000    0.000000    0.000000
<Jan23-2022> <13:24:09>  >>>> CORORT
<Jan23-2022> <13:24:09>  >>>> CLSMAT
<Jan23-2022> <13:24:09>  >>>> ORTHON
<Jan23-2022> <13:24:09>  >>>> GENPT
<Jan23-2022> <13:24:09>  Block Length=  68
<Jan23-2022> <13:24:09>  >>>> PTBAS
<Jan23-2022> <13:24:09>  >>>> CYCLE
<Jan23-2022> <13:24:09>              |Error|         MaxErr       Wt(A-DIIS)
<Jan23-2022> <13:24:09>      1      0.00000000      0.00000000
<Jan23-2022> <13:24:09>      2      8.77210307      5.53374266    100.0
<Jan23-2022> <13:24:09>      3      3.60058093      2.49154808    100.0
<Jan23-2022> <13:24:10>      4      1.20505529      0.62472425    100.0
<Jan23-2022> <13:24:10>      5      1.46502638      0.81213311    100.0
<Jan23-2022> <13:24:10>      6      0.15089362      0.09131786     91.2
<Jan23-2022> <13:24:10>      7      0.14397311      0.08251182     82.3
<Jan23-2022> <13:24:10>      8      0.00183259      0.00123681      0.2
<Jan23-2022> <13:24:10>      9      0.00015629      0.00008105      0.0
<Jan23-2022> <13:24:10>     10      0.00001324      0.00000629      0.0
<Jan23-2022> <13:24:10>     11      0.00000006      0.00000003      0.0
<Jan23-2022> <13:24:10>     12      0.00000000      0.00000000      0.0
<Jan23-2022> <13:24:10>  SCF converged
<Jan23-2022> <13:24:10>     13      0.00000000      0.00000000      0.0
<Jan23-2022> <13:24:10>  >>>> POPAN
<Jan23-2022> <13:24:10>  >>>> DEBYE
<Jan23-2022> <13:24:10>  DIRAC 2021.102  RunTime: Jan23-2022 13:24:10  ShM Nodes: 1  Procs: 1
<Jan23-2022> <13:24:10>  Boron (TZ2P)
<Jan23-2022> <13:24:11>  Net Charge: 0 (Nuclei minus Electrons)
<Jan23-2022> <13:24:11>  Symmetry  : ATOM
<Jan23-2022> <13:24:11>  Coordinates
<Jan23-2022> <13:24:11>     Atom         X           Y           Z   (Angstrom)
<Jan23-2022> <13:24:11>     1.B         0.000000    0.000000    0.000000
<Jan23-2022> <13:24:11>  >>>> CORORT
<Jan23-2022> <13:24:11>  >>>> CLSMAT
<Jan23-2022> <13:24:11>  >>>> ORTHON
<Jan23-2022> <13:24:11>  >>>> GENPT
<Jan23-2022> <13:24:11>  Block Length=  76
<Jan23-2022> <13:24:11>  >>>> PTBAS
<Jan23-2022> <13:24:11>  >>>> CYCLE
<Jan23-2022> <13:24:11>              |Error|         MaxErr       Wt(A-DIIS)
<Jan23-2022> <13:24:11>      1      0.00000000      0.00000000
<Jan23-2022> <13:24:11>      2      3.20713362      2.03569268    100.0
<Jan23-2022> <13:24:11>      3      1.02425780      0.87564791    100.0
<Jan23-2022> <13:24:11>      4      0.43534597      0.37294039    100.0
<Jan23-2022> <13:24:11>      5      0.21063772      0.18877869    100.0
<Jan23-2022> <13:24:11>      6      0.06237149      0.05418878     53.7
<Jan23-2022> <13:24:11>      7      0.02201011      0.01944984     18.6
<Jan23-2022> <13:24:11>      8      0.00263783      0.00232448      1.3
<Jan23-2022> <13:24:11>      9      0.00002886      0.00002498      0.0
<Jan23-2022> <13:24:11>     10      0.00000135      0.00000098      0.0
<Jan23-2022> <13:24:11>     11      0.00000002      0.00000001      0.0
<Jan23-2022> <13:24:11>     12      0.00000000      0.00000000      0.0
<Jan23-2022> <13:24:11>  SCF converged
<Jan23-2022> <13:24:11>     13      0.00000000      0.00000000      0.0
<Jan23-2022> <13:24:11>  >>>> POPAN
<Jan23-2022> <13:24:11>  >>>> DEBYE
<Jan23-2022> <13:24:12>  DIRAC 2021.102  RunTime: Jan23-2022 13:24:12  ShM Nodes: 1  Procs: 1
<Jan23-2022> <13:24:12>  Fluorine (TZ2P)
<Jan23-2022> <13:24:12>  Net Charge: 0 (Nuclei minus Electrons)
<Jan23-2022> <13:24:12>  Symmetry  : ATOM
<Jan23-2022> <13:24:12>  Coordinates
<Jan23-2022> <13:24:12>     Atom         X           Y           Z   (Angstrom)
<Jan23-2022> <13:24:12>     1.F         0.000000    0.000000    0.000000
<Jan23-2022> <13:24:12>  >>>> CORORT
<Jan23-2022> <13:24:12>  >>>> CLSMAT
<Jan23-2022> <13:24:12>  >>>> ORTHON
<Jan23-2022> <13:24:12>  >>>> GENPT
<Jan23-2022> <13:24:12>  Block Length=  76
<Jan23-2022> <13:24:12>  >>>> PTBAS
<Jan23-2022> <13:24:12>  >>>> CYCLE
<Jan23-2022> <13:24:12>              |Error|         MaxErr       Wt(A-DIIS)
<Jan23-2022> <13:24:12>      1      0.00000000      0.00000000
<Jan23-2022> <13:24:12>      2     11.39970762      4.85721148    100.0
<Jan23-2022> <13:24:12>      3      5.17310012      3.16632108    100.0
<Jan23-2022> <13:24:12>      4      1.04882283      0.49392043    100.0
<Jan23-2022> <13:24:12>      5      1.72142161      0.84736739    100.0
<Jan23-2022> <13:24:13>      6      0.21842580      0.10780687    100.0
<Jan23-2022> <13:24:13>      7      0.28524155      0.13554881    100.0
<Jan23-2022> <13:24:13>      8      0.02856437      0.01389479     13.0
<Jan23-2022> <13:24:13>      9      0.00489297      0.00234741      1.4
<Jan23-2022> <13:24:13>     10      0.00009261      0.00004462      0.0
<Jan23-2022> <13:24:13>     11      0.00000010      0.00000005      0.0
<Jan23-2022> <13:24:13>     12      0.00000000      0.00000000      0.0
<Jan23-2022> <13:24:13>  SCF converged
<Jan23-2022> <13:24:13>     13      0.00000000      0.00000000      0.0
<Jan23-2022> <13:24:13>  >>>> POPAN
<Jan23-2022> <13:24:13>  >>>> DEBYE
<Jan23-2022> <13:24:13>  *** GOStep1 ***
<Jan23-2022> <13:24:13>  >>>> FRAGM
<Jan23-2022> <13:24:13>  Coordinates
<Jan23-2022> <13:24:13>     Atom         X           Y           Z   (Angstrom)
<Jan23-2022> <13:24:13>     1.H         0.833451   -1.352091    1.201677
<Jan23-2022> <13:24:13>     2.C        -0.830921    0.035390    0.934428
<Jan23-2022> <13:24:13>     3.C         0.351397   -0.781317    0.401589
<Jan23-2022> <13:24:13>     4.C         1.396893    0.072257   -0.267398
<Jan23-2022> <13:24:13>     5.O         1.300112    1.252822   -0.447844
<Jan23-2022> <13:24:13>     6.H        -1.193925    0.691504    0.137407
<Jan23-2022> <13:24:13>     7.H         0.009391   -1.506343   -0.344512
<Jan23-2022> <13:24:13>     8.H        -0.057683    0.245182    2.948997
<Jan23-2022> <13:24:13>     9.C        -0.441382    0.878427    2.147363
<Jan23-2022> <13:24:13>    10.H         0.325607    1.603128    1.875858
<Jan23-2022> <13:24:13>    11.H        -1.313559    1.417596    2.517497
<Jan23-2022> <13:24:13>    12.H        -1.622098   -0.633583    1.201661
<Jan23-2022> <13:24:13>    13.H         2.254494   -0.480639   -0.589464
<Jan23-2022> <13:24:13>    14.B         1.122406    4.511221   -0.939022
<Jan23-2022> <13:24:13>    15.F         1.829013    4.713475    0.147054
<Jan23-2022> <13:24:13>    16.F        -0.185681    4.450526   -0.868403
<Jan23-2022> <13:24:13>    17.F         1.723886    4.369661   -2.095719
<Jan23-2022> <13:24:13>  >>>> CORORT
<Jan23-2022> <13:24:13>  >>>> CLSMAT
<Jan23-2022> <13:24:13>  >>>> ORTHON
<Jan23-2022> <13:24:13>  >>>> GENPT
<Jan23-2022> <13:24:14>  Block Length= 128
<Jan23-2022> <13:24:15>  >>>> PTBAS
<Jan23-2022> <13:24:36>  >>>> CYCLE
<Jan23-2022> <13:25:21>              |Error|         MaxErr       Wt(A-DIIS)
<Jan23-2022> <13:25:21>      1      6.87367811      1.09408272
<Jan23-2022> <13:25:56>      2      1.24436274      0.16907251    100.0
<Jan23-2022> <13:26:32>      3      0.63059383      0.07841598    100.0
<Jan23-2022> <13:27:10>      4      1.03634023      0.12895894    100.0
<Jan23-2022> <13:27:46>      5      0.16672106      0.02098367     20.2
<Jan23-2022> <13:28:23>      6      0.13274523      0.03290059     20.2
<Jan23-2022> <13:29:01>      7      0.03749218      0.00977991      8.9
<Jan23-2022> <13:29:37>      8      0.00837972      0.00184321      0.9
<Jan23-2022> <13:30:13>      9      0.00087638      0.00009040      0.0
<Jan23-2022> <13:30:49>     10      0.00029801      0.00003561      0.0
<Jan23-2022> <13:31:26>     11      0.00007846      0.00001105      0.0
<Jan23-2022> <13:32:01>     12      0.00003049      0.00000848      0.0
<Jan23-2022> <13:32:38>     13      0.00000739      0.00000133      0.0
<Jan23-2022> <13:33:15>     14      0.00000227      0.00000034      0.0
<Jan23-2022> <13:33:27>  SCF converged
<Jan23-2022> <13:33:51>     15      0.00000105      0.00000016      0.0
<Jan23-2022> <13:34:03>  >>>> TOTEN
<Jan23-2022> <13:34:49>  >>>> POPAN
<Jan23-2022> <13:34:49>  >>>> DEBYE
<Jan23-2022> <13:34:49>  >>>> ENGRAD
<Jan23-2022> <13:36:16>  current energy                               -3.39404545 Hartree
<Jan23-2022> <13:36:16>  energy change                      -3.39404545     0.00017000    F
<Jan23-2022> <13:36:16>  constrained gradient max            0.04973260     0.00100000    F
<Jan23-2022> <13:36:16>  constrained gradient rms            0.01626360     0.00066667    F
<Jan23-2022> <13:36:16>  gradient max                        0.04973260
<Jan23-2022> <13:36:16>  gradient rms                        0.01626360
<Jan23-2022> <13:36:16>  cart. step max                      0.21162492     0.01000000    F
<Jan23-2022> <13:36:16>  cart. step rms                      0.09006921     0.00666667    F
<Jan23-2022> <13:36:16>  Iteration 2
<Jan23-2022> <13:36:17>  *** GOStep2 ***
<Jan23-2022> <13:36:18>  >>>> FRAGM
<Jan23-2022> <13:36:18>  Coordinates
<Jan23-2022> <13:36:18>     Atom         X           Y           Z   (Angstrom)
<Jan23-2022> <13:36:18>     1.H         0.884831   -1.320482    1.145486
<Jan23-2022> <13:36:18>     2.C        -0.847647   -0.003235    0.997705
<Jan23-2022> <13:36:18>     3.C         0.364550   -0.723443    0.385175
<Jan23-2022> <13:36:18>     4.C         1.408302    0.127152   -0.309768
<Jan23-2022> <13:36:18>     5.O         1.333365    1.326148   -0.514184
<Jan23-2022> <13:36:18>     6.H        -1.266250    0.670831    0.243609
<Jan23-2022> <13:36:18>     7.H         0.034280   -1.442553   -0.377488
<Jan23-2022> <13:36:18>     8.H        -0.127146    0.133377    3.049100
<Jan23-2022> <13:36:18>     9.C        -0.544764    0.786804    2.276961
<Jan23-2022> <13:36:18>    10.H         0.165170    1.592277    2.087483
<Jan23-2022> <13:36:18>    11.H        -1.460196    1.232466    2.674950
<Jan23-2022> <13:36:18>    12.H        -1.605049   -0.749663    1.222836
<Jan23-2022> <13:36:18>    13.H         2.279173   -0.444629   -0.663199
<Jan23-2022> <13:36:18>    14.B         1.221137    4.569460   -1.063584
<Jan23-2022> <13:36:18>    15.F         1.957384    4.785491    0.014127
<Jan23-2022> <13:36:18>    16.F        -0.098332    4.547906   -0.968903
<Jan23-2022> <13:36:18>    17.F         1.802591    4.399308   -2.239137
<Jan23-2022> <13:36:18>  >>>> CORORT
<Jan23-2022> <13:36:18>  >>>> CLSMAT
<Jan23-2022> <13:36:18>  >>>> ORTHON
<Jan23-2022> <13:36:18>  >>>> GENPT
<Jan23-2022> <13:36:18>  Block Length= 128
<Jan23-2022> <13:36:20>  >>>> PTBAS
<Jan23-2022> <13:36:40>  >>>> CYCLE
<Jan23-2022> <13:37:00>  using orbital data from restart file
<Jan23-2022> <13:37:24>              |Error|         MaxErr       Wt(A-DIIS)
<Jan23-2022> <13:37:24>      1      0.23322042      0.04206761
<Jan23-2022> <13:37:59>      2      0.05286223      0.00524385    100.0
<Jan23-2022> <13:38:36>      3      0.07907164      0.00844125    100.0
<Jan23-2022> <13:39:12>      4      0.01304935      0.00194351      1.0
<Jan23-2022> <13:39:47>      5      0.00825784      0.00225801      1.0
<Jan23-2022> <13:40:23>      6      0.00160724      0.00027318      0.0
<Jan23-2022> <13:40:58>      7      0.00037479      0.00006257      0.0
<Jan23-2022> <13:41:34>      8      0.00008334      0.00001735      0.0
<Jan23-2022> <13:42:10>      9      0.00003625      0.00000823      0.0
<Jan23-2022> <13:42:46>     10      0.00000988      0.00000204      0.0
<Jan23-2022> <13:43:22>     11      0.00000275      0.00000066      0.0
<Jan23-2022> <13:43:35>  SCF converged
<Jan23-2022> <13:43:59>     12      0.00000066      0.00000012      0.0
<Jan23-2022> <13:44:13>  >>>> TOTEN
<Jan23-2022> <13:44:59>  >>>> POPAN
<Jan23-2022> <13:44:59>  >>>> DEBYE
<Jan23-2022> <13:44:59>  >>>> ENGRAD
<Jan23-2022> <13:46:24>  current energy                               -3.39838212 Hartree
<Jan23-2022> <13:46:24>  energy change                      -0.00433666     0.00017000    F
<Jan23-2022> <13:46:24>  constrained gradient max            0.02202865     0.00100000    F
<Jan23-2022> <13:46:24>  constrained gradient rms            0.00682371     0.00066667    F
<Jan23-2022> <13:46:24>  gradient max                        0.02202865
<Jan23-2022> <13:46:24>  gradient rms                        0.00682371
<Jan23-2022> <13:46:24>  cart. step max                      0.02518691     0.01000000    F
<Jan23-2022> <13:46:24>  cart. step rms                      0.00807691     0.00666667    F
<Jan23-2022> <13:46:24>  Iteration 3
<Jan23-2022> <13:46:25>  *** GOStep3 ***
<Jan23-2022> <13:46:25>  >>>> FRAGM
<Jan23-2022> <13:46:26>  Coordinates
<Jan23-2022> <13:46:26>     Atom         X           Y           Z   (Angstrom)
<Jan23-2022> <13:46:26>     1.H         0.891020   -1.321789    1.134578
<Jan23-2022> <13:46:26>     2.C        -0.848788    0.002697    0.998603
<Jan23-2022> <13:46:26>     3.C         0.360702   -0.715469    0.385030
<Jan23-2022> <13:46:26>     4.C         1.402002    0.134031   -0.311413
<Jan23-2022> <13:46:26>     5.O         1.329952    1.326187   -0.517702
<Jan23-2022> <13:46:26>     6.H        -1.271626    0.682728    0.251018
<Jan23-2022> <13:46:26>     7.H         0.035993   -1.439575   -0.379103
<Jan23-2022> <13:46:26>     8.H        -0.133042    0.118786    3.058396
<Jan23-2022> <13:46:26>     9.C        -0.544392    0.779034    2.286206
<Jan23-2022> <13:46:26>    10.H         0.170744    1.586260    2.112670
<Jan23-2022> <13:46:26>    11.H        -1.459379    1.225680    2.687870
<Jan23-2022> <13:46:26>    12.H        -1.613370   -0.752000    1.210007
<Jan23-2022> <13:46:26>    13.H         2.291990   -0.437908   -0.659035
<Jan23-2022> <13:46:26>    14.B         1.223268    4.560222   -1.071886
<Jan23-2022> <13:46:26>    15.F         1.951525    4.789001    0.011854
<Jan23-2022> <13:46:26>    16.F        -0.099853    4.549999   -0.989393
<Jan23-2022> <13:46:26>    17.F         1.814655    4.399331   -2.246532
<Jan23-2022> <13:46:26>  >>>> CORORT
<Jan23-2022> <13:46:26>  >>>> CLSMAT
<Jan23-2022> <13:46:26>  >>>> ORTHON
<Jan23-2022> <13:46:26>  >>>> GENPT
<Jan23-2022> <13:46:26>  Block Length= 128
<Jan23-2022> <13:46:28>  >>>> PTBAS
<Jan23-2022> <13:46:48>  >>>> CYCLE
<Jan23-2022> <13:47:09>  using orbital data from restart file
<Jan23-2022> <13:47:33>              |Error|         MaxErr       Wt(A-DIIS)
<Jan23-2022> <13:47:33>      1      0.06751958      0.01806271
<Jan23-2022> <13:48:10>      2      0.00830051      0.00132272    100.0
<Jan23-2022> <13:48:45>      3      0.01280342      0.00310901    100.0
<Jan23-2022> <13:49:21>      4      0.00421838      0.00093327      0.0
<Jan23-2022> <13:49:56>      5      0.00148931      0.00032524      0.0
<Jan23-2022> <13:50:32>      6      0.00020332      0.00003823      0.0
<Jan23-2022> <13:51:08>      7      0.00008381      0.00001487      0.0
<Jan23-2022> <13:51:44>      8      0.00001447      0.00000237      0.0
<Jan23-2022> <13:52:19>      9      0.00000504      0.00000096      0.0
<Jan23-2022> <13:52:30>  SCF converged
<Jan23-2022> <13:52:55>     10      0.00000201      0.00000046      0.0
<Jan23-2022> <13:53:07>  >>>> TOTEN
<Jan23-2022> <13:53:52>  >>>> POPAN
<Jan23-2022> <13:53:52>  >>>> DEBYE
<Jan23-2022> <13:53:52>  >>>> ENGRAD
<Jan23-2022> <13:55:17>  current energy                               -3.39885768 Hartree
<Jan23-2022> <13:55:17>  energy change                      -0.00047557     0.00017000    F
<Jan23-2022> <13:55:17>  constrained gradient max            0.00603948     0.00100000    F
<Jan23-2022> <13:55:17>  constrained gradient rms            0.00190176     0.00066667    F
<Jan23-2022> <13:55:17>  gradient max                        0.00603948
<Jan23-2022> <13:55:17>  gradient rms                        0.00190176
<Jan23-2022> <13:55:17>  cart. step max                      0.03392536     0.01000000    F
<Jan23-2022> <13:55:17>  cart. step rms                      0.01327657     0.00666667    F
<Jan23-2022> <13:55:17>  Iteration 4
<Jan23-2022> <13:55:18>  *** GOStep4 ***
<Jan23-2022> <13:55:19>  >>>> FRAGM
<Jan23-2022> <13:55:19>  Coordinates
<Jan23-2022> <13:55:19>     Atom         X           Y           Z   (Angstrom)
<Jan23-2022> <13:55:19>     1.H         0.883582   -1.331292    1.128926
<Jan23-2022> <13:55:19>     2.C        -0.845338    0.013715    0.996503
<Jan23-2022> <13:55:19>     3.C         0.359194   -0.709512    0.386413
<Jan23-2022> <13:55:19>     4.C         1.408544    0.141274   -0.292620
<Jan23-2022> <13:55:19>     5.O         1.333908    1.331496   -0.508903
<Jan23-2022> <13:55:19>     6.H        -1.254334    0.710671    0.256402
<Jan23-2022> <13:55:19>     7.H         0.037141   -1.427372   -0.386592
<Jan23-2022> <13:55:19>     8.H        -0.152189    0.085421    3.066902
<Jan23-2022> <13:55:19>     9.C        -0.542254    0.763659    2.298438
<Jan23-2022> <13:55:19>    10.H         0.190352    1.560843    2.146595
<Jan23-2022> <13:55:19>    11.H        -1.453408    1.221868    2.697267
<Jan23-2022> <13:55:19>    12.H        -1.625446   -0.734734    1.185284
<Jan23-2022> <13:55:19>    13.H         2.295520   -0.437720   -0.654088
<Jan23-2022> <13:55:19>    14.B         1.217594    4.558257   -1.087332
<Jan23-2022> <13:55:19>    15.F         1.940689    4.800155   -0.003027
<Jan23-2022> <13:55:19>    16.F        -0.105823    4.546399   -1.009999
<Jan23-2022> <13:55:19>    17.F         1.813668    4.394087   -2.259001
<Jan23-2022> <13:55:19>  >>>> CORORT
<Jan23-2022> <13:55:19>  >>>> CLSMAT
<Jan23-2022> <13:55:19>  >>>> ORTHON
<Jan23-2022> <13:55:19>  >>>> GENPT
<Jan23-2022> <13:55:20>  Block Length= 128
<Jan23-2022> <13:55:21>  >>>> PTBAS
<Jan23-2022> <13:55:41>  >>>> CYCLE
<Jan23-2022> <13:56:01>  using orbital data from restart file
<Jan23-2022> <13:56:25>              |Error|         MaxErr       Wt(A-DIIS)
<Jan23-2022> <13:56:25>      1      0.04954429      0.01035272
<Jan23-2022> <13:57:01>      2      0.00619547      0.00070885    100.0
<Jan23-2022> <13:57:37>      3      0.00896535      0.00191417    100.0
<Jan23-2022> <13:58:13>      4      0.00354593      0.00086034      0.0
<Jan23-2022> <13:58:49>      5      0.00066885      0.00011833      0.0
<Jan23-2022> <13:59:25>      6      0.00017787      0.00002275      0.0
<Jan23-2022> <14:00:00>      7      0.00004214      0.00000842      0.0
<Jan23-2022> <14:00:37>      8      0.00002081      0.00000482      0.0
<Jan23-2022> <14:01:12>      9      0.00000336      0.00000061      0.0
<Jan23-2022> <14:01:24>  SCF converged
<Jan23-2022> <14:01:48>     10      0.00000080      0.00000010      0.0
<Jan23-2022> <14:02:00>  >>>> TOTEN
<Jan23-2022> <14:02:45>  >>>> POPAN
<Jan23-2022> <14:02:45>  >>>> DEBYE
<Jan23-2022> <14:02:45>  >>>> ENGRAD
<Jan23-2022> <14:04:10>  current energy                               -3.39888645 Hartree
<Jan23-2022> <14:04:10>  energy change                      -0.00002876     0.00017000    T
<Jan23-2022> <14:04:10>  constrained gradient max            0.00554242     0.00100000    F
<Jan23-2022> <14:04:10>  constrained gradient rms            0.00122907     0.00066667    F
<Jan23-2022> <14:04:10>  gradient max                        0.00554242
<Jan23-2022> <14:04:10>  gradient rms                        0.00122907
<Jan23-2022> <14:04:10>  cart. step max                      0.01661397     0.01000000    F
<Jan23-2022> <14:04:10>  cart. step rms                      0.00623381     0.00666667    T
<Jan23-2022> <14:04:10>  Iteration 5
<Jan23-2022> <14:04:11>  *** GOStep5 ***
<Jan23-2022> <14:04:11>  >>>> FRAGM
<Jan23-2022> <14:04:11>  Coordinates
<Jan23-2022> <14:04:11>     Atom         X           Y           Z   (Angstrom)
<Jan23-2022> <14:04:11>     1.H         0.885307   -1.329947    1.127409
<Jan23-2022> <14:04:11>     2.C        -0.843768    0.015772    0.995897
<Jan23-2022> <14:04:11>     3.C         0.356400   -0.710413    0.385614
<Jan23-2022> <14:04:11>     4.C         1.400059    0.137723   -0.303260
<Jan23-2022> <14:04:11>     5.O         1.327433    1.329352   -0.516877
<Jan23-2022> <14:04:11>     6.H        -1.252317    0.713380    0.256079
<Jan23-2022> <14:04:11>     7.H         0.033399   -1.434601   -0.381852
<Jan23-2022> <14:04:11>     8.H        -0.151899    0.085440    3.066450
<Jan23-2022> <14:04:11>     9.C        -0.536385    0.764834    2.295989
<Jan23-2022> <14:04:11>    10.H         0.203039    1.556062    2.143026
<Jan23-2022> <14:04:11>    11.H        -1.443699    1.231738    2.694017
<Jan23-2022> <14:04:11>    12.H        -1.628403   -0.728855    1.185085
<Jan23-2022> <14:04:11>    13.H         2.301053   -0.438773   -0.640354
<Jan23-2022> <14:04:11>    14.B         1.213885    4.557454   -1.084097
<Jan23-2022> <14:04:11>    15.F         1.924075    4.795500    0.009151
<Jan23-2022> <14:04:11>    16.F        -0.110025    4.543559   -1.021802
<Jan23-2022> <14:04:11>    17.F         1.823247    4.398992   -2.249306
<Jan23-2022> <14:04:11>  >>>> CORORT
<Jan23-2022> <14:04:11>  >>>> CLSMAT
<Jan23-2022> <14:04:11>  >>>> ORTHON
<Jan23-2022> <14:04:12>  >>>> GENPT
<Jan23-2022> <14:04:12>  Block Length= 128
<Jan23-2022> <14:04:13>  >>>> PTBAS
<Jan23-2022> <14:04:34>  >>>> CYCLE
<Jan23-2022> <14:04:53>  using orbital data from restart file
<Jan23-2022> <14:05:18>              |Error|         MaxErr       Wt(A-DIIS)
<Jan23-2022> <14:05:18>      1      0.04022944      0.01263726
<Jan23-2022> <14:05:54>      2      0.00479087      0.00075578    100.0
<Jan23-2022> <14:06:30>      3      0.00615928      0.00106075    100.0
<Jan23-2022> <14:07:05>      4      0.00258110      0.00065519      0.0
<Jan23-2022> <14:07:40>      5      0.00054441      0.00011592      0.0
<Jan23-2022> <14:08:15>      6      0.00017931      0.00002045      0.0
<Jan23-2022> <14:08:51>      7      0.00002873      0.00000340      0.0
<Jan23-2022> <14:09:27>      8      0.00001168      0.00000194      0.0
<Jan23-2022> <14:10:03>      9      0.00000281      0.00000055      0.0
<Jan23-2022> <14:10:15>  SCF converged
<Jan23-2022> <14:10:39>     10      0.00000109      0.00000025      0.0
<Jan23-2022> <14:10:51>  >>>> TOTEN
<Jan23-2022> <14:11:36>  >>>> POPAN
<Jan23-2022> <14:11:36>  >>>> DEBYE
<Jan23-2022> <14:11:36>  >>>> ENGRAD
<Jan23-2022> <14:13:01>  current energy                               -3.39891606 Hartree
<Jan23-2022> <14:13:01>  energy change                      -0.00002962     0.00017000    T
<Jan23-2022> <14:13:01>  constrained gradient max            0.00352030     0.00100000    F
<Jan23-2022> <14:13:01>  constrained gradient rms            0.00081972     0.00066667    F
<Jan23-2022> <14:13:01>  gradient max                        0.00352030
<Jan23-2022> <14:13:01>  gradient rms                        0.00081972
<Jan23-2022> <14:13:01>  cart. step max                      0.00585564     0.01000000    T
<Jan23-2022> <14:13:01>  cart. step rms                      0.00230402     0.00666667    T
<Jan23-2022> <14:13:01>  Iteration 6
<Jan23-2022> <14:13:01>  *** GOStep6 ***
<Jan23-2022> <14:13:02>  >>>> FRAGM
<Jan23-2022> <14:13:02>  Coordinates
<Jan23-2022> <14:13:02>     Atom         X           Y           Z   (Angstrom)
<Jan23-2022> <14:13:02>     1.H         0.884381   -1.328045    1.127604
<Jan23-2022> <14:13:02>     2.C        -0.843563    0.016227    0.996688
<Jan23-2022> <14:13:02>     3.C         0.357681   -0.708223    0.385140
<Jan23-2022> <14:13:02>     4.C         1.403590    0.138994   -0.302019
<Jan23-2022> <14:13:02>     5.O         1.330450    1.329553   -0.516900
<Jan23-2022> <14:13:02>     6.H        -1.249551    0.716169    0.257864
<Jan23-2022> <14:13:02>     7.H         0.033924   -1.429853   -0.383793
<Jan23-2022> <14:13:02>     8.H        -0.156476    0.080624    3.068184
<Jan23-2022> <14:13:02>     9.C        -0.538561    0.762407    2.299059
<Jan23-2022> <14:13:02>    10.H         0.201895    1.552730    2.148881
<Jan23-2022> <14:13:02>    11.H        -1.446013    1.229553    2.695756
<Jan23-2022> <14:13:02>    12.H        -1.628050   -0.727282    1.183770
<Jan23-2022> <14:13:02>    13.H         2.299982   -0.437661   -0.643202
<Jan23-2022> <14:13:02>    14.B         1.213960    4.557872   -1.086749
<Jan23-2022> <14:13:02>    15.F         1.925979    4.795382    0.005298
<Jan23-2022> <14:13:02>    16.F        -0.109688    4.541474   -1.021849
<Jan23-2022> <14:13:02>    17.F         1.821460    4.397296   -2.252565
<Jan23-2022> <14:13:02>  >>>> CORORT
<Jan23-2022> <14:13:02>  >>>> CLSMAT
<Jan23-2022> <14:13:02>  >>>> ORTHON
<Jan23-2022> <14:13:02>  >>>> GENPT
<Jan23-2022> <14:13:03>  Block Length= 128
<Jan23-2022> <14:13:04>  >>>> PTBAS
<Jan23-2022> <14:13:24>  >>>> CYCLE
<Jan23-2022> <14:13:44>  using orbital data from restart file
<Jan23-2022> <14:14:08>              |Error|         MaxErr       Wt(A-DIIS)
<Jan23-2022> <14:14:08>      1      0.01225831      0.00302561
<Jan23-2022> <14:14:44>      2      0.00224320      0.00035970    100.0
<Jan23-2022> <14:15:20>      3      0.00123717      0.00018092    100.0
<Jan23-2022> <14:15:55>      4      0.00142456      0.00022535      0.0
<Jan23-2022> <14:16:31>      5      0.00026443      0.00005911      0.0
<Jan23-2022> <14:17:07>      6      0.00005506      0.00000698      0.0
<Jan23-2022> <14:17:43>      7      0.00001477      0.00000172      0.0
<Jan23-2022> <14:18:19>      8      0.00000459      0.00000068      0.0
<Jan23-2022> <14:18:31>  SCF converged
<Jan23-2022> <14:18:55>      9      0.00000109      0.00000020      0.0
<Jan23-2022> <14:19:07>  >>>> TOTEN
<Jan23-2022> <14:19:53>  >>>> POPAN
<Jan23-2022> <14:19:53>  >>>> DEBYE
<Jan23-2022> <14:19:53>  >>>> ENGRAD
<Jan23-2022> <14:21:18>  current energy                               -3.39892965 Hartree
<Jan23-2022> <14:21:18>  energy change                      -0.00001359     0.00017000    T
<Jan23-2022> <14:21:18>  constrained gradient max            0.00185011     0.00100000    F
<Jan23-2022> <14:21:18>  constrained gradient rms            0.00033407     0.00066667    T
<Jan23-2022> <14:21:18>  gradient max                        0.00185011
<Jan23-2022> <14:21:18>  gradient rms                        0.00033407
<Jan23-2022> <14:21:18>  cart. step max                      0.00631381     0.01000000    T
<Jan23-2022> <14:21:18>  cart. step rms                      0.00274253     0.00666667    T
<Jan23-2022> <14:21:18>  Iteration 7
<Jan23-2022> <14:21:18>  *** GOStep7 ***
<Jan23-2022> <14:21:19>  >>>> FRAGM
<Jan23-2022> <14:21:19>  Coordinates
<Jan23-2022> <14:21:19>     Atom         X           Y           Z   (Angstrom)
<Jan23-2022> <14:21:19>     1.H         0.883100   -1.328343    1.127193
<Jan23-2022> <14:21:19>     2.C        -0.842722    0.018472    0.996370
<Jan23-2022> <14:21:19>     3.C         0.357630   -0.707032    0.385130
<Jan23-2022> <14:21:19>     4.C         1.404779    0.139469   -0.300830
<Jan23-2022> <14:21:19>     5.O         1.331619    1.329912   -0.517509
<Jan23-2022> <14:21:19>     6.H        -1.245031    0.722016    0.258917
<Jan23-2022> <14:21:19>     7.H         0.033439   -1.427639   -0.384630
<Jan23-2022> <14:21:19>     8.H        -0.161773    0.074434    3.069966
<Jan23-2022> <14:21:19>     9.C        -0.537793    0.759963    2.301230
<Jan23-2022> <14:21:19>    10.H         0.207541    1.546531    2.155195
<Jan23-2022> <14:21:19>    11.H        -1.443673    1.231481    2.696220
<Jan23-2022> <14:21:19>    12.H        -1.630009   -0.722813    1.179539
<Jan23-2022> <14:21:19>    13.H         2.300663   -0.437758   -0.641580
<Jan23-2022> <14:21:19>    14.B         1.211955    4.557094   -1.088806
<Jan23-2022> <14:21:19>    15.F         1.921560    4.795521    0.004606
<Jan23-2022> <14:21:19>    16.F        -0.111792    4.538691   -1.026398
<Jan23-2022> <14:21:19>    17.F         1.821908    4.397217   -2.253444
<Jan23-2022> <14:21:19>  >>>> CORORT
<Jan23-2022> <14:21:19>  >>>> CLSMAT
<Jan23-2022> <14:21:19>  >>>> ORTHON
<Jan23-2022> <14:21:19>  >>>> GENPT
<Jan23-2022> <14:21:20>  Block Length= 128
<Jan23-2022> <14:21:21>  >>>> PTBAS
<Jan23-2022> <14:21:41>  >>>> CYCLE
<Jan23-2022> <14:22:01>  using orbital data from restart file
<Jan23-2022> <14:22:25>              |Error|         MaxErr       Wt(A-DIIS)
<Jan23-2022> <14:22:25>      1      0.01027011      0.00210270
<Jan23-2022> <14:23:01>      2      0.00062338      0.00007258    100.0
<Jan23-2022> <14:23:36>      3      0.00040682      0.00004559    100.0
<Jan23-2022> <14:24:12>      4      0.00030915      0.00004233      0.0
<Jan23-2022> <14:24:48>      5      0.00008874      0.00002133      0.0
<Jan23-2022> <14:25:23>      6      0.00002079      0.00000290      0.0
<Jan23-2022> <14:25:58>      7      0.00000801      0.00000167      0.0
<Jan23-2022> <14:26:35>      8      0.00000225      0.00000047      0.0
<Jan23-2022> <14:26:46>  SCF converged
<Jan23-2022> <14:27:10>      9      0.00000049      0.00000009      0.0
<Jan23-2022> <14:27:22>  >>>> TOTEN
<Jan23-2022> <14:28:07>  >>>> POPAN
<Jan23-2022> <14:28:07>  >>>> DEBYE
<Jan23-2022> <14:28:07>  >>>> ENGRAD
<Jan23-2022> <14:29:32>  current energy                               -3.39893197 Hartree
<Jan23-2022> <14:29:32>  energy change                      -0.00000231     0.00017000    T
<Jan23-2022> <14:29:32>  constrained gradient max            0.00133804     0.00100000    F
<Jan23-2022> <14:29:32>  constrained gradient rms            0.00021996     0.00066667    T
<Jan23-2022> <14:29:32>  gradient max                        0.00133804
<Jan23-2022> <14:29:32>  gradient rms                        0.00021996
<Jan23-2022> <14:29:32>  cart. step max                      0.01538174     0.01000000    F
<Jan23-2022> <14:29:32>  cart. step rms                      0.00700399     0.00666667    F
<Jan23-2022> <14:29:32>  Iteration 8
<Jan23-2022> <14:29:33>  *** GOStep8 ***
<Jan23-2022> <14:29:33>  >>>> FRAGM
<Jan23-2022> <14:29:33>  Coordinates
<Jan23-2022> <14:29:33>     Atom         X           Y           Z   (Angstrom)
<Jan23-2022> <14:29:33>     1.H         0.880395   -1.328375    1.126024
<Jan23-2022> <14:29:33>     2.C        -0.840396    0.024791    0.995403
<Jan23-2022> <14:29:33>     3.C         0.357368   -0.704145    0.384735
<Jan23-2022> <14:29:33>     4.C         1.407177    0.139727   -0.300096
<Jan23-2022> <14:29:33>     5.O         1.334689    1.329674   -0.520952
<Jan23-2022> <14:29:33>     6.H        -1.233799    0.736797    0.261184
<Jan23-2022> <14:29:33>     7.H         0.031635   -1.422967   -0.386199
<Jan23-2022> <14:29:33>     8.H        -0.174985    0.060850    3.074278
<Jan23-2022> <14:29:33>     9.C        -0.535143    0.755298    2.306013
<Jan23-2022> <14:29:33>    10.H         0.222923    1.531576    2.169738
<Jan23-2022> <14:29:33>    11.H        -1.436564    1.238826    2.696476
<Jan23-2022> <14:29:33>    12.H        -1.634569   -0.710887    1.169730
<Jan23-2022> <14:29:33>    13.H         2.303081   -0.438669   -0.637292
<Jan23-2022> <14:29:33>    14.B         1.205996    4.553682   -1.092280
<Jan23-2022> <14:29:33>    15.F         1.907415    4.793595    0.006079
<Jan23-2022> <14:29:33>    16.F        -0.118061    4.529453   -1.038539
<Jan23-2022> <14:29:33>    17.F         1.824239    4.397989   -2.253134
<Jan23-2022> <14:29:33>  >>>> CORORT
<Jan23-2022> <14:29:33>  >>>> CLSMAT
<Jan23-2022> <14:29:33>  >>>> ORTHON
<Jan23-2022> <14:29:33>  >>>> GENPT
<Jan23-2022> <14:29:34>  Block Length= 128
<Jan23-2022> <14:29:35>  >>>> PTBAS
<Jan23-2022> <14:29:55>  >>>> CYCLE
<Jan23-2022> <14:30:15>  using orbital data from restart file
<Jan23-2022> <14:30:39>              |Error|         MaxErr       Wt(A-DIIS)
<Jan23-2022> <14:30:39>      1      0.02929770      0.00730855
<Jan23-2022> <14:31:15>      2      0.00148339      0.00016565    100.0
<Jan23-2022> <14:31:51>      3      0.00128794      0.00015260    100.0
<Jan23-2022> <14:32:26>      4      0.00083444      0.00019244      0.0
<Jan23-2022> <14:33:01>      5      0.00029045      0.00007092      0.0
<Jan23-2022> <14:33:36>      6      0.00006726      0.00001193      0.0
<Jan23-2022> <14:34:12>      7      0.00002058      0.00000382      0.0
<Jan23-2022> <14:34:48>      8      0.00000689      0.00000137      0.0
<Jan23-2022> <14:35:24>      9      0.00000130      0.00000025      0.0
<Jan23-2022> <14:35:37>  SCF converged
<Jan23-2022> <14:36:01>     10      0.00000047      0.00000007      0.0
<Jan23-2022> <14:36:13>  >>>> TOTEN
<Jan23-2022> <14:36:58>  >>>> POPAN
<Jan23-2022> <14:36:58>  >>>> DEBYE
<Jan23-2022> <14:36:58>  >>>> ENGRAD
<Jan23-2022> <14:38:22>  current energy                               -3.39893440 Hartree
<Jan23-2022> <14:38:22>  energy change                      -0.00000244     0.00017000    T
<Jan23-2022> <14:38:22>  constrained gradient max            0.00083267     0.00100000    T
<Jan23-2022> <14:38:22>  constrained gradient rms            0.00024061     0.00066667    T
<Jan23-2022> <14:38:22>  gradient max                        0.00083267
<Jan23-2022> <14:38:22>  gradient rms                        0.00024061
<Jan23-2022> <14:38:22>  cart. step max                      0.01005385     0.01000000    F
<Jan23-2022> <14:38:22>  cart. step rms                      0.00409734     0.00666667    T
<Jan23-2022> <14:38:22>  Iteration 9
<Jan23-2022> <14:38:23>  *** GOStep9 ***
<Jan23-2022> <14:38:23>  >>>> FRAGM
<Jan23-2022> <14:38:23>  Coordinates
<Jan23-2022> <14:38:23>     Atom         X           Y           Z   (Angstrom)
<Jan23-2022> <14:38:23>     1.H         0.879056   -1.328008    1.125762
<Jan23-2022> <14:38:23>     2.C        -0.838899    0.029019    0.994354
<Jan23-2022> <14:38:23>     3.C         0.357307   -0.702899    0.384355
<Jan23-2022> <14:38:23>     4.C         1.408702    0.138757   -0.300938
<Jan23-2022> <14:38:23>     5.O         1.337354    1.328415   -0.524245
<Jan23-2022> <14:38:23>     6.H        -1.227629    0.744782    0.261286
<Jan23-2022> <14:38:23>     7.H         0.030275   -1.421249   -0.386538
<Jan23-2022> <14:38:23>     8.H        -0.181910    0.056373    3.076134
<Jan23-2022> <14:38:23>     9.C        -0.532930    0.754931    2.307361
<Jan23-2022> <14:38:23>    10.H         0.232428    1.524898    2.175457
<Jan23-2022> <14:38:23>    11.H        -1.431597    1.245937    2.694813
<Jan23-2022> <14:38:23>    12.H        -1.636602   -0.703640    1.165084
<Jan23-2022> <14:38:23>    13.H         2.304599   -0.440706   -0.635795
<Jan23-2022> <14:38:23>    14.B         1.201457    4.550032   -1.091796
<Jan23-2022> <14:38:23>    15.F         1.897361    4.789847    0.010121
<Jan23-2022> <14:38:23>    16.F        -0.122776    4.521447   -1.043844
<Jan23-2022> <14:38:23>    17.F         1.825203    4.399278   -2.250402
<Jan23-2022> <14:38:23>  >>>> CORORT
<Jan23-2022> <14:38:23>  >>>> CLSMAT
<Jan23-2022> <14:38:23>  >>>> ORTHON
<Jan23-2022> <14:38:23>  >>>> GENPT
<Jan23-2022> <14:38:24>  Block Length= 128
<Jan23-2022> <14:38:25>  >>>> PTBAS
<Jan23-2022> <14:38:45>  >>>> CYCLE
<Jan23-2022> <14:39:05>  using orbital data from restart file
<Jan23-2022> <14:39:29>              |Error|         MaxErr       Wt(A-DIIS)
<Jan23-2022> <14:39:29>      1      0.01922538      0.00488441
<Jan23-2022> <14:40:05>      2      0.00086684      0.00013464    100.0
<Jan23-2022> <14:40:40>      3      0.00063732      0.00006263    100.0
<Jan23-2022> <14:41:15>      4      0.00040589      0.00004683      0.0
<Jan23-2022> <14:41:51>      5      0.00008411      0.00001842      0.0
<Jan23-2022> <14:42:27>      6      0.00005632      0.00001359      0.0
<Jan23-2022> <14:43:03>      7      0.00001395      0.00000218      0.0
<Jan23-2022> <14:43:39>      8      0.00000408      0.00000078      0.0
<Jan23-2022> <14:43:50>  SCF converged
<Jan23-2022> <14:44:14>      9      0.00000073      0.00000011      0.0
<Jan23-2022> <14:44:26>  >>>> TOTEN
<Jan23-2022> <14:45:11>  >>>> POPAN
<Jan23-2022> <14:45:11>  >>>> DEBYE
<Jan23-2022> <14:45:11>  >>>> ENGRAD
<Jan23-2022> <14:46:36>  current energy                               -3.39893535 Hartree
<Jan23-2022> <14:46:36>  energy change                      -0.00000094     0.00017000    T
<Jan23-2022> <14:46:36>  constrained gradient max            0.00077420     0.00100000    T
<Jan23-2022> <14:46:36>  constrained gradient rms            0.00025904     0.00066667    T
<Jan23-2022> <14:46:36>  gradient max                        0.00077420
<Jan23-2022> <14:46:36>  gradient rms                        0.00025904
<Jan23-2022> <14:46:36>  cart. step max                      0.02820050     0.01000000    F
<Jan23-2022> <14:46:36>  cart. step rms                      0.01082911     0.00666667    F
<Jan23-2022> <14:46:36>  Iteration 10
<Jan23-2022> <14:46:37>  *** GOStep10 ***
<Jan23-2022> <14:46:37>  >>>> FRAGM
<Jan23-2022> <14:46:37>  Coordinates
<Jan23-2022> <14:46:37>     Atom         X           Y           Z   (Angstrom)
<Jan23-2022> <14:46:37>     1.H         0.876068   -1.326307    1.126135
<Jan23-2022> <14:46:37>     2.C        -0.834850    0.040286    0.990689
<Jan23-2022> <14:46:37>     3.C         0.357372   -0.700727    0.383117
<Jan23-2022> <14:46:37>     4.C         1.412912    0.133859   -0.305260
<Jan23-2022> <14:46:37>     5.O         1.345983    1.322707   -0.534696
<Jan23-2022> <14:46:37>     6.H        -1.213863    0.761960    0.258402
<Jan23-2022> <14:46:37>     7.H         0.026417   -1.419219   -0.386043
<Jan23-2022> <14:46:37>     8.H        -0.195325    0.054522    3.078432
<Jan23-2022> <14:46:37>     9.C        -0.526060    0.759860    2.306824
<Jan23-2022> <14:46:37>    10.H         0.255432    1.514842    2.181758
<Jan23-2022> <14:46:37>    11.H        -1.418007    1.268795    2.686665
<Jan23-2022> <14:46:37>    12.H        -1.639884   -0.685533    1.156661
<Jan23-2022> <14:46:37>    13.H         2.307909   -0.449611   -0.634987
<Jan23-2022> <14:46:37>    14.B         1.188115    4.537439   -1.084497
<Jan23-2022> <14:46:37>    15.F         1.869161    4.774387    0.027330
<Jan23-2022> <14:46:37>    16.F        -0.136327    4.495922   -1.051917
<Jan23-2022> <14:46:37>    17.F         1.826347    4.404032   -2.237445
<Jan23-2022> <14:46:38>  >>>> CORORT
<Jan23-2022> <14:46:38>  >>>> CLSMAT
<Jan23-2022> <14:46:38>  >>>> ORTHON
<Jan23-2022> <14:46:39>  >>>> GENPT
<Jan23-2022> <14:46:39>  Block Length= 128
<Jan23-2022> <14:46:40>  >>>> PTBAS
<Jan23-2022> <14:47:01>  >>>> CYCLE
<Jan23-2022> <14:47:21>  using orbital data from restart file
<Jan23-2022> <14:47:45>              |Error|         MaxErr       Wt(A-DIIS)
<Jan23-2022> <14:47:45>      1      0.05265239      0.01431665
<Jan23-2022> <14:48:21>      2      0.00250782      0.00047519    100.0
<Jan23-2022> <14:48:57>      3      0.00209187      0.00020816    100.0
<Jan23-2022> <14:49:33>      4      0.00102815      0.00012267      0.0
<Jan23-2022> <14:50:09>      5      0.00017840      0.00003449      0.0
<Jan23-2022> <14:50:44>      6      0.00014878      0.00003615      0.0
<Jan23-2022> <14:51:19>      7      0.00003774      0.00000758      0.0
<Jan23-2022> <14:51:56>      8      0.00001144      0.00000288      0.0
<Jan23-2022> <14:52:31>      9      0.00000220      0.00000035      0.0
<Jan23-2022> <14:52:44>  SCF converged
<Jan23-2022> <14:53:08>     10      0.00000096      0.00000014      0.0
<Jan23-2022> <14:53:19>  >>>> TOTEN
<Jan23-2022> <14:54:05>  >>>> POPAN
<Jan23-2022> <14:54:05>  >>>> DEBYE
<Jan23-2022> <14:54:05>  >>>> ENGRAD
<Jan23-2022> <14:55:29>  current energy                               -3.39893728 Hartree
<Jan23-2022> <14:55:29>  energy change                      -0.00000193     0.00017000    T
<Jan23-2022> <14:55:29>  constrained gradient max            0.00107417     0.00100000    F
<Jan23-2022> <14:55:29>  constrained gradient rms            0.00025887     0.00066667    T
<Jan23-2022> <14:55:29>  gradient max                        0.00107417
<Jan23-2022> <14:55:29>  gradient rms                        0.00025887
<Jan23-2022> <14:55:29>  cart. step max                      0.02894085     0.01000000    F
<Jan23-2022> <14:55:29>  cart. step rms                      0.01144901     0.00666667    F
<Jan23-2022> <14:55:29>  Iteration 11
<Jan23-2022> <14:55:30>  *** GOStep11 ***
<Jan23-2022> <14:55:31>  >>>> FRAGM
<Jan23-2022> <14:55:32>  Coordinates
<Jan23-2022> <14:55:32>     Atom         X           Y           Z   (Angstrom)
<Jan23-2022> <14:55:32>     1.H         0.874118   -1.323440    1.128202
<Jan23-2022> <14:55:32>     2.C        -0.830836    0.050837    0.985863
<Jan23-2022> <14:55:32>     3.C         0.358031   -0.699710    0.381931
<Jan23-2022> <14:55:32>     4.C         1.417387    0.126605   -0.311427
<Jan23-2022> <14:55:32>     5.O         1.356398    1.314604   -0.546673
<Jan23-2022> <14:55:32>     6.H        -1.203978    0.773021    0.251231
<Jan23-2022> <14:55:32>     7.H         0.023246   -1.420340   -0.383521
<Jan23-2022> <14:55:32>     8.H        -0.201889    0.065207    3.077200
<Jan23-2022> <14:55:32>     9.C        -0.519003    0.771760    2.300976
<Jan23-2022> <14:55:32>    10.H         0.273253    1.515683    2.176787
<Jan23-2022> <14:55:32>    11.H        -1.405991    1.294415    2.673883
<Jan23-2022> <14:55:32>    12.H        -1.640384   -0.669977    1.152783
<Jan23-2022> <14:55:32>    13.H         2.310112   -0.462430   -0.637804
<Jan23-2022> <14:55:32>    14.B         1.174199    4.521886   -1.070033
<Jan23-2022> <14:55:32>    15.F         1.843999    4.752408    0.049921
<Jan23-2022> <14:55:32>    16.F        -0.150013    4.466981   -1.048577
<Jan23-2022> <14:55:32>    17.F         1.822751    4.409707   -2.219574
<Jan23-2022> <14:55:32>  >>>> CORORT
<Jan23-2022> <14:55:32>  >>>> CLSMAT
<Jan23-2022> <14:55:32>  >>>> ORTHON
<Jan23-2022> <14:55:32>  >>>> GENPT
<Jan23-2022> <14:55:32>  Block Length= 128
<Jan23-2022> <14:55:34>  >>>> PTBAS
<Jan23-2022> <14:55:54>  >>>> CYCLE
<Jan23-2022> <14:56:13>  using orbital data from restart file
<Jan23-2022> <14:56:37>              |Error|         MaxErr       Wt(A-DIIS)
<Jan23-2022> <14:56:37>      1      0.04957938      0.01751731
<Jan23-2022> <14:57:13>      2      0.00245183      0.00058722    100.0
<Jan23-2022> <14:57:49>      3      0.00184768      0.00025894    100.0
<Jan23-2022> <14:58:25>      4      0.00116638      0.00016593      0.0
<Jan23-2022> <14:59:01>      5      0.00014509      0.00002386      0.0
<Jan23-2022> <14:59:37>      6      0.00012417      0.00002964      0.0
<Jan23-2022> <15:00:13>      7      0.00003706      0.00000852      0.0
<Jan23-2022> <15:00:50>      8      0.00001077      0.00000217      0.0
<Jan23-2022> <15:01:26>      9      0.00000198      0.00000042      0.0
<Jan23-2022> <15:01:38>  SCF converged
<Jan23-2022> <15:02:01>     10      0.00000095      0.00000020      0.0
<Jan23-2022> <15:02:13>  >>>> TOTEN
<Jan23-2022> <15:02:59>  >>>> POPAN
<Jan23-2022> <15:02:59>  >>>> DEBYE
<Jan23-2022> <15:02:59>  >>>> ENGRAD
<Jan23-2022> <15:04:25>  current energy                               -3.39894092 Hartree
<Jan23-2022> <15:04:25>  energy change                      -0.00000364     0.00017000    T
<Jan23-2022> <15:04:25>  constrained gradient max            0.00087367     0.00100000    T
<Jan23-2022> <15:04:25>  constrained gradient rms            0.00024505     0.00066667    T
<Jan23-2022> <15:04:25>  gradient max                        0.00087367
<Jan23-2022> <15:04:25>  gradient rms                        0.00024505
<Jan23-2022> <15:04:25>  cart. step max                      0.10661391     0.01000000    F
<Jan23-2022> <15:04:25>  cart. step rms                      0.04317444     0.00666667    F
<Jan23-2022> <15:04:25>  Iteration 12
<Jan23-2022> <15:04:26>  *** GOStep12 ***
<Jan23-2022> <15:04:26>  >>>> FRAGM
<Jan23-2022> <15:04:26>  Coordinates
<Jan23-2022> <15:04:26>     Atom         X           Y           Z   (Angstrom)
<Jan23-2022> <15:04:26>     1.H         0.866606   -1.312447    1.136561
<Jan23-2022> <15:04:26>     2.C        -0.816374    0.087340    0.967288
<Jan23-2022> <15:04:26>     3.C         0.359835   -0.696873    0.377479
<Jan23-2022> <15:04:26>     4.C         1.432690    0.097698   -0.333829
<Jan23-2022> <15:04:26>     5.O         1.394257    1.282096   -0.589825
<Jan23-2022> <15:04:26>     6.H        -1.174788    0.803880    0.220401
<Jan23-2022> <15:04:26>     7.H         0.011554   -1.426839   -0.372710
<Jan23-2022> <15:04:26>     8.H        -0.207073    0.121437    3.064814
<Jan23-2022> <15:04:26>     9.C        -0.491841    0.823312    2.271997
<Jan23-2022> <15:04:26>    10.H         0.326729    1.537071    2.141181
<Jan23-2022> <15:04:26>    11.H        -1.364068    1.383491    2.625079
<Jan23-2022> <15:04:26>    12.H        -1.638602   -0.616812    1.145690
<Jan23-2022> <15:04:26>    13.H         2.314946   -0.513413   -0.650027
<Jan23-2022> <15:04:26>    14.B         1.123992    4.462662   -1.009153
<Jan23-2022> <15:04:26>    15.F         1.752956    4.664387    0.138866
<Jan23-2022> <15:04:26>    16.F        -0.197160    4.360367   -1.028876
<Jan23-2022> <15:04:26>    17.F         1.807741    4.429855   -2.143766
<Jan23-2022> <15:04:26>  >>>> CORORT
<Jan23-2022> <15:04:26>  >>>> CLSMAT
<Jan23-2022> <15:04:26>  >>>> ORTHON
<Jan23-2022> <15:04:27>  >>>> GENPT
<Jan23-2022> <15:04:27>  Block Length= 128
<Jan23-2022> <15:04:28>  >>>> PTBAS
<Jan23-2022> <15:04:49>  >>>> CYCLE
<Jan23-2022> <15:05:09>  using orbital data from restart file
<Jan23-2022> <15:05:34>              |Error|         MaxErr       Wt(A-DIIS)
<Jan23-2022> <15:05:34>      1      0.18066297      0.06554979
<Jan23-2022> <15:06:10>      2      0.01211522      0.00220207    100.0
<Jan23-2022> <15:06:47>      3      0.01284784      0.00247450    100.0
<Jan23-2022> <15:07:25>      4      0.00610515      0.00132179      0.3
<Jan23-2022> <15:08:00>      5      0.00235273      0.00058497      0.0
<Jan23-2022> <15:08:36>      6      0.00058304      0.00010094      0.0
<Jan23-2022> <15:09:12>      7      0.00018516      0.00003844      0.0
<Jan23-2022> <15:09:49>      8      0.00005135      0.00000805      0.0
<Jan23-2022> <15:10:26>      9      0.00001090      0.00000196      0.0
<Jan23-2022> <15:11:02>     10      0.00000381      0.00000064      0.0
<Jan23-2022> <15:11:15>  SCF converged
<Jan23-2022> <15:11:39>     11      0.00000066      0.00000008      0.0
<Jan23-2022> <15:11:51>  >>>> TOTEN
<Jan23-2022> <15:12:36>  >>>> POPAN
<Jan23-2022> <15:12:36>  >>>> DEBYE
<Jan23-2022> <15:12:36>  >>>> ENGRAD
<Jan23-2022> <15:14:02>  current energy                               -3.39894969 Hartree
<Jan23-2022> <15:14:02>  energy change                      -0.00000877     0.00017000    T
<Jan23-2022> <15:14:02>  constrained gradient max            0.00183188     0.00100000    F
<Jan23-2022> <15:14:02>  constrained gradient rms            0.00058274     0.00066667    T
<Jan23-2022> <15:14:02>  gradient max                        0.00183188
<Jan23-2022> <15:14:02>  gradient rms                        0.00058274
<Jan23-2022> <15:14:02>  cart. step max                      0.11159448     0.01000000    F
<Jan23-2022> <15:14:02>  cart. step rms                      0.04747597     0.00666667    F
<Jan23-2022> <15:14:02>  Iteration 13
<Jan23-2022> <15:14:03>  *** GOStep13 ***
<Jan23-2022> <15:14:04>  >>>> FRAGM
<Jan23-2022> <15:14:04>  Coordinates
<Jan23-2022> <15:14:04>     Atom         X           Y           Z   (Angstrom)
<Jan23-2022> <15:14:04>     1.H         0.858339   -1.300196    1.146533
<Jan23-2022> <15:14:04>     2.C        -0.801002    0.123766    0.946098
<Jan23-2022> <15:14:04>     3.C         0.361529   -0.694305    0.373226
<Jan23-2022> <15:14:04>     4.C         1.448060    0.064997   -0.356023
<Jan23-2022> <15:14:04>     5.O         1.433899    1.244885   -0.633415
<Jan23-2022> <15:14:04>     6.H        -1.150074    0.827040    0.182638
<Jan23-2022> <15:14:04>     7.H        -0.000174   -1.435064   -0.359557
<Jan23-2022> <15:14:04>     8.H        -0.192821    0.197568    3.042900
<Jan23-2022> <15:14:04>     9.C        -0.462432    0.885493    2.232804
<Jan23-2022> <15:14:04>    10.H         0.370277    1.579199    2.085440
<Jan23-2022> <15:14:04>    11.H        -1.323873    1.471368    2.570467
<Jan23-2022> <15:14:04>    12.H        -1.633183   -0.563739    1.143455
<Jan23-2022> <15:14:04>    13.H         2.316888   -0.570466   -0.663229
<Jan23-2022> <15:14:04>    14.B         1.071714    4.397089   -0.936458
<Jan23-2022> <15:14:04>    15.F         1.663008    4.562862    0.236025
<Jan23-2022> <15:14:04>    16.F        -0.243331    4.248773   -0.996599
<Jan23-2022> <15:14:04>    17.F         1.784577    4.447943   -2.053136
<Jan23-2022> <15:14:04>  >>>> CORORT
<Jan23-2022> <15:14:04>  >>>> CLSMAT
<Jan23-2022> <15:14:04>  >>>> ORTHON
<Jan23-2022> <15:14:04>  >>>> GENPT
<Jan23-2022> <15:14:05>  Block Length= 128
<Jan23-2022> <15:14:06>  >>>> PTBAS
<Jan23-2022> <15:14:27>  >>>> CYCLE
<Jan23-2022> <15:14:46>  using orbital data from restart file
<Jan23-2022> <15:15:11>              |Error|         MaxErr       Wt(A-DIIS)
<Jan23-2022> <15:15:11>      1      0.18392249      0.06897219
<Jan23-2022> <15:15:48>      2      0.01241317      0.00239178    100.0
<Jan23-2022> <15:16:27>      3      0.01322298      0.00269630    100.0
<Jan23-2022> <15:17:02>      4      0.00716792      0.00163571      0.6
<Jan23-2022> <15:17:38>      5      0.00240125      0.00057909      0.0
<Jan23-2022> <15:18:14>      6      0.00059479      0.00012188      0.0
<Jan23-2022> <15:18:50>      7      0.00018639      0.00003667      0.0
<Jan23-2022> <15:19:28>      8      0.00005215      0.00000710      0.0
<Jan23-2022> <15:20:04>      9      0.00001107      0.00000193      0.0
<Jan23-2022> <15:20:41>     10      0.00000396      0.00000065      0.0
<Jan23-2022> <15:20:53>  SCF converged
<Jan23-2022> <15:21:17>     11      0.00000066      0.00000008      0.0
<Jan23-2022> <15:21:29>  >>>> TOTEN
<Jan23-2022> <15:22:15>  >>>> POPAN
<Jan23-2022> <15:22:15>  >>>> DEBYE
<Jan23-2022> <15:22:15>  >>>> ENGRAD
<Jan23-2022> <15:23:44>  current energy                               -3.39896184 Hartree
<Jan23-2022> <15:23:44>  energy change                      -0.00001214     0.00017000    T
<Jan23-2022> <15:23:44>  constrained gradient max            0.00317122     0.00100000    F
<Jan23-2022> <15:23:44>  constrained gradient rms            0.00098158     0.00066667    F
<Jan23-2022> <15:23:44>  gradient max                        0.00317122
<Jan23-2022> <15:23:44>  gradient rms                        0.00098158
<Jan23-2022> <15:23:44>  cart. step max                      0.22427222     0.01000000    F
<Jan23-2022> <15:23:44>  cart. step rms                      0.09918641     0.00666667    F
<Jan23-2022> <15:23:44>  Iteration 14
<Jan23-2022> <15:23:45>  *** GOStep14 ***
<Jan23-2022> <15:23:45>  >>>> FRAGM
<Jan23-2022> <15:23:45>  Coordinates
<Jan23-2022> <15:23:45>     Atom         X           Y           Z   (Angstrom)
<Jan23-2022> <15:23:45>     1.H         0.839444   -1.271434    1.165684
<Jan23-2022> <15:23:45>     2.C        -0.767566    0.200494    0.901131
<Jan23-2022> <15:23:45>     3.C         0.363860   -0.684239    0.364924
<Jan23-2022> <15:23:45>     4.C         1.477152    0.000247   -0.396723
<Jan23-2022> <15:23:45>     5.O         1.511832    1.167994   -0.718915
<Jan23-2022> <15:23:45>     6.H        -1.099293    0.874810    0.104711
<Jan23-2022> <15:23:45>     7.H        -0.025861   -1.444142   -0.332682
<Jan23-2022> <15:23:45>     8.H        -0.145725    0.357519    2.988742
<Jan23-2022> <15:23:45>     9.C        -0.397909    1.013619    2.147332
<Jan23-2022> <15:23:45>    10.H         0.454749    1.672974    1.963187
<Jan23-2022> <15:23:45>    11.H        -1.239482    1.641208    2.459165
<Jan23-2022> <15:23:45>    12.H        -1.619794   -0.449546    1.136776
<Jan23-2022> <15:23:45>    13.H         2.316723   -0.683766   -0.682848
<Jan23-2022> <15:23:45>    14.B         0.962151    4.255195   -0.784714
<Jan23-2022> <15:23:45>    15.F         1.470786    4.338653    0.430994
<Jan23-2022> <15:23:45>    16.F        -0.331109    4.024501   -0.940401
<Jan23-2022> <15:23:45>    17.F         1.731441    4.473127   -1.845195
<Jan23-2022> <15:23:45>  >>>> CORORT
<Jan23-2022> <15:23:45>  >>>> CLSMAT
<Jan23-2022> <15:23:45>  >>>> ORTHON
<Jan23-2022> <15:23:45>  >>>> GENPT
<Jan23-2022> <15:23:45>  Block Length= 128
<Jan23-2022> <15:23:47>  >>>> PTBAS
<Jan23-2022> <15:24:08>  >>>> CYCLE
<Jan23-2022> <15:24:27>  using orbital data from restart file
<Jan23-2022> <15:24:52>              |Error|         MaxErr       Wt(A-DIIS)
<Jan23-2022> <15:24:52>      1      0.38070179      0.13643622
<Jan23-2022> <15:25:30>      2      0.04133460      0.00764213    100.0
<Jan23-2022> <15:26:07>      3      0.05229662      0.01088801    100.0
<Jan23-2022> <15:26:44>      4      0.01984760      0.00446136      3.5
<Jan23-2022> <15:27:21>      5      0.00823106      0.00197542      1.0
<Jan23-2022> <15:27:58>      6      0.00173178      0.00041510      0.0
<Jan23-2022> <15:28:35>      7      0.00057876      0.00010791      0.0
<Jan23-2022> <15:29:12>      8      0.00011000      0.00001382      0.0
<Jan23-2022> <15:29:50>      9      0.00003848      0.00000568      0.0
<Jan23-2022> <15:30:27>     10      0.00000833      0.00000147      0.0
<Jan23-2022> <15:31:04>     11      0.00000205      0.00000027      0.0
<Jan23-2022> <15:31:17>  SCF converged
<Jan23-2022> <15:31:41>     12      0.00000045      0.00000008      0.0
<Jan23-2022> <15:31:54>  >>>> TOTEN
<Jan23-2022> <15:32:41>  >>>> POPAN
<Jan23-2022> <15:32:41>  >>>> DEBYE
<Jan23-2022> <15:32:41>  >>>> ENGRAD
<Jan23-2022> <15:34:10>  current energy                               -3.39883446 Hartree
<Jan23-2022> <15:34:10>  energy change                       0.00012737     0.00017000    T
<Jan23-2022> <15:34:10>  constrained gradient max            0.00900148     0.00100000    F
<Jan23-2022> <15:34:10>  constrained gradient rms            0.00220530     0.00066667    F
<Jan23-2022> <15:34:10>  gradient max                        0.00900148
<Jan23-2022> <15:34:10>  gradient rms                        0.00220530
<Jan23-2022> <15:34:10>  cart. step max                      0.20191705     0.01000000    F
<Jan23-2022> <15:34:10>  cart. step rms                      0.08930889     0.00666667    F
<Jan23-2022> <15:34:10>  Iteration 15
<Jan23-2022> <15:34:11>  *** GOStep15 ***
<Jan23-2022> <15:34:12>  >>>> FRAGM
<Jan23-2022> <15:34:12>  Coordinates
<Jan23-2022> <15:34:12>     Atom         X           Y           Z   (Angstrom)
<Jan23-2022> <15:34:12>     1.H         0.855870   -1.298740    1.149578
<Jan23-2022> <15:34:12>     2.C        -0.801781    0.123100    0.942691
<Jan23-2022> <15:34:12>     3.C         0.360359   -0.695676    0.372719
<Jan23-2022> <15:34:12>     4.C         1.448640    0.057071   -0.358127
<Jan23-2022> <15:34:12>     5.O         1.447937    1.240679   -0.638935
<Jan23-2022> <15:34:12>     6.H        -1.166317    0.808588    0.170079
<Jan23-2022> <15:34:12>     7.H        -0.001215   -1.440838   -0.355436
<Jan23-2022> <15:34:12>     8.H        -0.149689    0.239445    3.022909
<Jan23-2022> <15:34:12>     9.C        -0.459916    0.909634    2.212547
<Jan23-2022> <15:34:12>    10.H         0.345268    1.628721    2.040043
<Jan23-2022> <15:34:12>    11.H        -1.333308    1.468840    2.564140
<Jan23-2022> <15:34:12>    12.H        -1.625911   -0.567785    1.159996
<Jan23-2022> <15:34:12>    13.H         2.310011   -0.586287   -0.671708
<Jan23-2022> <15:34:12>    14.B         1.071209    4.383733   -0.911087
<Jan23-2022> <15:34:12>    15.F         1.661833    4.536179    0.262163
<Jan23-2022> <15:34:12>    16.F        -0.243007    4.226418   -0.975983
<Jan23-2022> <15:34:12>    17.F         1.781415    4.454133   -2.024420
<Jan23-2022> <15:34:12>  >>>> CORORT
<Jan23-2022> <15:34:12>  >>>> CLSMAT
<Jan23-2022> <15:34:12>  >>>> ORTHON
<Jan23-2022> <15:34:12>  >>>> GENPT
<Jan23-2022> <15:34:12>  Block Length= 128
<Jan23-2022> <15:34:13>  >>>> PTBAS
<Jan23-2022> <15:34:35>  >>>> CYCLE
<Jan23-2022> <15:34:55>  using orbital data from restart file
<Jan23-2022> <15:35:19>              |Error|         MaxErr       Wt(A-DIIS)
<Jan23-2022> <15:35:19>      1      0.34690081      0.11973903
<Jan23-2022> <15:35:56>      2      0.03812225      0.00617065    100.0
<Jan23-2022> <15:36:33>      3      0.05202245      0.00960342    100.0
<Jan23-2022> <15:37:09>      4      0.01785921      0.00407570      3.1
<Jan23-2022> <15:37:45>      5      0.00750416      0.00183256      0.8
<Jan23-2022> <15:38:21>      6      0.00139659      0.00029781      0.0
<Jan23-2022> <15:38:58>      7      0.00056356      0.00012339      0.0
<Jan23-2022> <15:39:34>      8      0.00010004      0.00001696      0.0
<Jan23-2022> <15:40:11>      9      0.00003380      0.00000373      0.0
<Jan23-2022> <15:40:48>     10      0.00000770      0.00000100      0.0
<Jan23-2022> <15:41:00>  SCF converged
<Jan23-2022> <15:41:24>     11      0.00000173      0.00000017      0.0
<Jan23-2022> <15:41:36>  >>>> TOTEN
<Jan23-2022> <15:42:22>  >>>> POPAN
<Jan23-2022> <15:42:22>  >>>> DEBYE
<Jan23-2022> <15:42:22>  >>>> ENGRAD
<Jan23-2022> <15:43:50>  current energy                               -3.39894693 Hartree
<Jan23-2022> <15:43:50>  energy change                      -0.00011247     0.00017000    T
<Jan23-2022> <15:43:50>  constrained gradient max            0.01081547     0.00100000    F
<Jan23-2022> <15:43:50>  constrained gradient rms            0.00238594     0.00066667    F
<Jan23-2022> <15:43:50>  gradient max                        0.01081547
<Jan23-2022> <15:43:50>  gradient rms                        0.00238594
<Jan23-2022> <15:43:50>  cart. step max                      0.18166149     0.01000000    F
<Jan23-2022> <15:43:50>  cart. step rms                      0.07537428     0.00666667    F
<Jan23-2022> <15:43:50>  Iteration 16
<Jan23-2022> <15:43:51>  *** GOStep16 ***
<Jan23-2022> <15:43:51>  >>>> FRAGM
<Jan23-2022> <15:43:51>  Coordinates
<Jan23-2022> <15:43:51>     Atom         X           Y           Z   (Angstrom)
<Jan23-2022> <15:43:51>     1.H         0.835502   -1.276304    1.156064
<Jan23-2022> <15:43:51>     2.C        -0.770968    0.195740    0.908931
<Jan23-2022> <15:43:51>     3.C         0.361714   -0.677035    0.362729
<Jan23-2022> <15:43:51>     4.C         1.476344    0.012825   -0.388230
<Jan23-2022> <15:43:51>     5.O         1.506906    1.177631   -0.704930
<Jan23-2022> <15:43:51>     6.H        -1.105792    0.878769    0.120808
<Jan23-2022> <15:43:51>     7.H        -0.024727   -1.429889   -0.344653
<Jan23-2022> <15:43:51>     8.H        -0.130870    0.326357    2.991239
<Jan23-2022> <15:43:51>     9.C        -0.406684    0.992591    2.165332
<Jan23-2022> <15:43:51>    10.H         0.429088    1.674072    1.986330
<Jan23-2022> <15:43:51>    11.H        -1.258488    1.594605    2.498606
<Jan23-2022> <15:43:51>    12.H        -1.622454   -0.458196    1.134552
<Jan23-2022> <15:43:51>    13.H         2.316335   -0.669745   -0.675825
<Jan23-2022> <15:43:51>    14.B         0.977274    4.269481   -0.812821
<Jan23-2022> <15:43:51>    15.F         1.486943    4.365234    0.408044
<Jan23-2022> <15:43:51>    16.F        -0.319452    4.044756   -0.972005
<Jan23-2022> <15:43:51>    17.F         1.750731    4.466322   -1.873003
<Jan23-2022> <15:43:51>  >>>> CORORT
<Jan23-2022> <15:43:51>  >>>> CLSMAT
<Jan23-2022> <15:43:51>  >>>> ORTHON
<Jan23-2022> <15:43:52>  >>>> GENPT
<Jan23-2022> <15:43:52>  Block Length= 128
<Jan23-2022> <15:43:53>  >>>> PTBAS
<Jan23-2022> <15:44:15>  >>>> CYCLE
<Jan23-2022> <15:44:34>  using orbital data from restart file
<Jan23-2022> <15:44:59>              |Error|         MaxErr       Wt(A-DIIS)
<Jan23-2022> <15:44:59>      1      0.31862647      0.10323128
<Jan23-2022> <15:45:37>      2      0.02951597      0.00539834    100.0
<Jan23-2022> <15:46:13>      3      0.03089474      0.00553278    100.0
<Jan23-2022> <15:46:50>      4      0.01554611      0.00340792      2.4
<Jan23-2022> <15:47:27>      5      0.00476949      0.00111006      0.1
<Jan23-2022> <15:48:04>      6      0.00141502      0.00025230      0.0
<Jan23-2022> <15:48:41>      7      0.00035968      0.00007859      0.0
<Jan23-2022> <15:49:18>      8      0.00009493      0.00001652      0.0
<Jan23-2022> <15:49:54>      9      0.00001727      0.00000217      0.0
<Jan23-2022> <15:50:31>     10      0.00000775      0.00000100      0.0
<Jan23-2022> <15:50:43>  SCF converged
<Jan23-2022> <15:51:08>     11      0.00000082      0.00000014      0.0
<Jan23-2022> <15:51:21>  >>>> TOTEN
<Jan23-2022> <15:52:06>  >>>> POPAN
<Jan23-2022> <15:52:06>  >>>> DEBYE
<Jan23-2022> <15:52:07>  >>>> ENGRAD
<Jan23-2022> <15:53:36>  current energy                               -3.39888440 Hartree
<Jan23-2022> <15:53:36>  energy change                       0.00006253     0.00017000    T
<Jan23-2022> <15:53:36>  constrained gradient max            0.01402997     0.00100000    F
<Jan23-2022> <15:53:36>  constrained gradient rms            0.00291346     0.00066667    F
<Jan23-2022> <15:53:36>  gradient max                        0.01402997
<Jan23-2022> <15:53:36>  gradient rms                        0.00291346
<Jan23-2022> <15:53:36>  cart. step max                      0.05267008     0.01000000    F
<Jan23-2022> <15:53:36>  cart. step rms                      0.02213868     0.00666667    F
<Jan23-2022> <15:53:36>  Iteration 17
<Jan23-2022> <15:53:37>  *** GOStep17 ***
<Jan23-2022> <15:53:37>  >>>> FRAGM
<Jan23-2022> <15:53:37>  Coordinates
<Jan23-2022> <15:53:37>     Atom         X           Y           Z   (Angstrom)
<Jan23-2022> <15:53:37>     1.H         0.837373   -1.285584    1.151668
<Jan23-2022> <15:53:37>     2.C        -0.778370    0.179049    0.919695
<Jan23-2022> <15:53:37>     3.C         0.359985   -0.680757    0.364872
<Jan23-2022> <15:53:37>     4.C         1.469568    0.026285   -0.378557
<Jan23-2022> <15:53:37>     5.O         1.491911    1.197053   -0.687209
<Jan23-2022> <15:53:37>     6.H        -1.114509    0.870798    0.139670
<Jan23-2022> <15:53:37>     7.H        -0.021549   -1.427764   -0.351398
<Jan23-2022> <15:53:37>     8.H        -0.140845    0.287834    3.004265
<Jan23-2022> <15:53:37>     9.C        -0.419092    0.962493    2.186044
<Jan23-2022> <15:53:37>    10.H         0.413815    1.649956    2.016100
<Jan23-2022> <15:53:37>    11.H        -1.273770    1.556792    2.525584
<Jan23-2022> <15:53:37>    12.H        -1.627024   -0.481429    1.135635
<Jan23-2022> <15:53:37>    13.H         2.315895   -0.645679   -0.669887
<Jan23-2022> <15:53:37>    14.B         1.000453    4.302205   -0.848996
<Jan23-2022> <15:53:37>    15.F         1.520121    4.417904    0.364999
<Jan23-2022> <15:53:37>    16.F        -0.300472    4.093361   -0.993976
<Jan23-2022> <15:53:37>    17.F         1.767910    4.464698   -1.917342
<Jan23-2022> <15:53:37>  >>>> CORORT
<Jan23-2022> <15:53:37>  >>>> CLSMAT
<Jan23-2022> <15:53:37>  >>>> ORTHON
<Jan23-2022> <15:53:37>  >>>> GENPT
<Jan23-2022> <15:53:37>  Block Length= 128
<Jan23-2022> <15:53:39>  >>>> PTBAS
<Jan23-2022> <15:54:00>  >>>> CYCLE
<Jan23-2022> <15:54:19>  using orbital data from restart file
<Jan23-2022> <15:54:43>              |Error|         MaxErr       Wt(A-DIIS)
<Jan23-2022> <15:54:43>      1      0.07456380      0.02785540
<Jan23-2022> <15:55:20>      2      0.00586394      0.00079947    100.0
<Jan23-2022> <15:55:57>      3      0.00757315      0.00157666    100.0
<Jan23-2022> <15:56:35>      4      0.00231514      0.00052589      0.0
<Jan23-2022> <15:57:11>      5      0.00137130      0.00034664      0.0
<Jan23-2022> <15:57:48>      6      0.00013062      0.00002454      0.0
<Jan23-2022> <15:58:24>      7      0.00008897      0.00002002      0.0
<Jan23-2022> <15:59:02>      8      0.00001530      0.00000248      0.0
<Jan23-2022> <15:59:39>      9      0.00000512      0.00000088      0.0
<Jan23-2022> <15:59:52>  SCF converged
<Jan23-2022> <16:00:17>     10      0.00000160      0.00000028      0.0
<Jan23-2022> <16:00:29>  >>>> TOTEN
<Jan23-2022> <16:01:15>  >>>> POPAN
<Jan23-2022> <16:01:15>  >>>> DEBYE
<Jan23-2022> <16:01:16>  >>>> ENGRAD
<Jan23-2022> <16:02:45>  current energy                               -3.39896354 Hartree
<Jan23-2022> <16:02:45>  energy change                      -0.00007914     0.00017000    T
<Jan23-2022> <16:02:45>  constrained gradient max            0.00415000     0.00100000    F
<Jan23-2022> <16:02:45>  constrained gradient rms            0.00093512     0.00066667    F
<Jan23-2022> <16:02:45>  gradient max                        0.00415000
<Jan23-2022> <16:02:45>  gradient rms                        0.00093512
<Jan23-2022> <16:02:45>  cart. step max                      0.05224504     0.01000000    F
<Jan23-2022> <16:02:45>  cart. step rms                      0.02231836     0.00666667    F
<Jan23-2022> <16:02:45>  Iteration 18
<Jan23-2022> <16:02:46>  *** GOStep18 ***
<Jan23-2022> <16:02:46>  >>>> FRAGM
<Jan23-2022> <16:02:46>  Coordinates
<Jan23-2022> <16:02:46>     Atom         X           Y           Z   (Angstrom)
<Jan23-2022> <16:02:46>     1.H         0.840035   -1.296257    1.146066
<Jan23-2022> <16:02:46>     2.C        -0.787458    0.157972    0.931521
<Jan23-2022> <16:02:46>     3.C         0.357491   -0.685860    0.366748
<Jan23-2022> <16:02:46>     4.C         1.460763    0.039456   -0.368292
<Jan23-2022> <16:02:46>     5.O         1.474629    1.216142   -0.664404
<Jan23-2022> <16:02:46>     6.H        -1.133237    0.851754    0.157416
<Jan23-2022> <16:02:46>     7.H        -0.018199   -1.427454   -0.358330
<Jan23-2022> <16:02:46>     8.H        -0.132424    0.261568    3.011066
<Jan23-2022> <16:02:46>     9.C        -0.432037    0.937346    2.201302
<Jan23-2022> <16:02:46>    10.H         0.385365    1.642883    2.029624
<Jan23-2022> <16:02:46>    11.H        -1.295070    1.511383    2.554256
<Jan23-2022> <16:02:46>    12.H        -1.628906   -0.512177    1.145431
<Jan23-2022> <16:02:46>    13.H         2.313191   -0.620875   -0.667190
<Jan23-2022> <16:02:46>    14.B         1.027810    4.335674   -0.880913
<Jan23-2022> <16:02:46>    15.F         1.556990    4.469528    0.326526
<Jan23-2022> <16:02:46>    16.F        -0.277489    4.145606   -1.013866
<Jan23-2022> <16:02:46>    17.F         1.789947    4.460526   -1.955793
<Jan23-2022> <16:02:46>  >>>> CORORT
<Jan23-2022> <16:02:46>  >>>> CLSMAT
<Jan23-2022> <16:02:46>  >>>> ORTHON
<Jan23-2022> <16:02:46>  >>>> GENPT
<Jan23-2022> <16:02:47>  Block Length= 128
<Jan23-2022> <16:02:48>  >>>> PTBAS
<Jan23-2022> <16:03:09>  >>>> CYCLE
<Jan23-2022> <16:03:28>  using orbital data from restart file
<Jan23-2022> <16:03:53>              |Error|         MaxErr       Wt(A-DIIS)
<Jan23-2022> <16:03:53>      1      0.08052367      0.03060315
<Jan23-2022> <16:04:30>      2      0.00575156      0.00092979    100.0
<Jan23-2022> <16:05:07>      3      0.00765351      0.00170574    100.0
<Jan23-2022> <16:05:45>      4      0.00275992      0.00065449      0.0
<Jan23-2022> <16:06:22>      5      0.00124896      0.00030351      0.0
<Jan23-2022> <16:06:59>      6      0.00013761      0.00002693      0.0
<Jan23-2022> <16:07:35>      7      0.00009227      0.00002159      0.0
<Jan23-2022> <16:08:12>      8      0.00001723      0.00000314      0.0
<Jan23-2022> <16:08:48>      9      0.00000476      0.00000067      0.0
<Jan23-2022> <16:09:00>  SCF converged
<Jan23-2022> <16:09:25>     10      0.00000167      0.00000025      0.0
<Jan23-2022> <16:09:38>  >>>> TOTEN
<Jan23-2022> <16:10:24>  >>>> POPAN
<Jan23-2022> <16:10:24>  >>>> DEBYE
<Jan23-2022> <16:10:24>  >>>> ENGRAD
<Jan23-2022> <16:11:53>  current energy                               -3.39898755 Hartree
<Jan23-2022> <16:11:53>  energy change                      -0.00002401     0.00017000    T
<Jan23-2022> <16:11:53>  constrained gradient max            0.00258779     0.00100000    F
<Jan23-2022> <16:11:53>  constrained gradient rms            0.00057249     0.00066667    T
<Jan23-2022> <16:11:53>  gradient max                        0.00258779
<Jan23-2022> <16:11:53>  gradient rms                        0.00057249
<Jan23-2022> <16:11:53>  cart. step max                      0.01323384     0.01000000    F
<Jan23-2022> <16:11:53>  cart. step rms                      0.00621898     0.00666667    T
<Jan23-2022> <16:11:53>  Iteration 19
<Jan23-2022> <16:11:54>  *** GOStep19 ***
<Jan23-2022> <16:11:54>  >>>> FRAGM
<Jan23-2022> <16:11:54>  Coordinates
<Jan23-2022> <16:11:54>     Atom         X           Y           Z   (Angstrom)
<Jan23-2022> <16:11:54>     1.H         0.839740   -1.298959    1.143417
<Jan23-2022> <16:11:54>     2.C        -0.788891    0.154895    0.934539
<Jan23-2022> <16:11:54>     3.C         0.356882   -0.685342    0.366838
<Jan23-2022> <16:11:54>     4.C         1.459529    0.043665   -0.365301
<Jan23-2022> <16:11:54>     5.O         1.471071    1.220600   -0.659277
<Jan23-2022> <16:11:54>     6.H        -1.133981    0.852464    0.163467
<Jan23-2022> <16:11:54>     7.H        -0.017939   -1.424223   -0.361588
<Jan23-2022> <16:11:54>     8.H        -0.134215    0.249228    3.014781
<Jan23-2022> <16:11:54>     9.C        -0.435090    0.928343    2.208248
<Jan23-2022> <16:11:54>    10.H         0.381129    1.636208    2.040160
<Jan23-2022> <16:11:54>    11.H        -1.299033    1.499235    2.564054
<Jan23-2022> <16:11:54>    12.H        -1.630558   -0.516306    1.144095
<Jan23-2022> <16:11:54>    13.H         2.313700   -0.613885   -0.664641
<Jan23-2022> <16:11:54>    14.B         1.033213    4.343267   -0.891769
<Jan23-2022> <16:11:54>    15.F         1.562627    4.482762    0.314713
<Jan23-2022> <16:11:54>    16.F        -0.272719    4.157205   -1.022881
<Jan23-2022> <16:11:54>    17.F         1.795936    4.458060   -1.967686
<Jan23-2022> <16:11:55>  >>>> CORORT
<Jan23-2022> <16:11:55>  >>>> CLSMAT
<Jan23-2022> <16:11:55>  >>>> ORTHON
<Jan23-2022> <16:11:55>  >>>> GENPT
<Jan23-2022> <16:11:55>  Block Length= 128
<Jan23-2022> <16:11:56>  >>>> PTBAS
<Jan23-2022> <16:12:17>  >>>> CYCLE
<Jan23-2022> <16:12:37>  using orbital data from restart file
<Jan23-2022> <16:13:02>              |Error|         MaxErr       Wt(A-DIIS)
<Jan23-2022> <16:13:02>      1      0.01972443      0.00836922
<Jan23-2022> <16:13:39>      2      0.00118085      0.00028808    100.0
<Jan23-2022> <16:14:16>      3      0.00086214      0.00012860    100.0
<Jan23-2022> <16:14:53>      4      0.00058232      0.00007736      0.0
<Jan23-2022> <16:15:30>      5      0.00012827      0.00003058      0.0
<Jan23-2022> <16:16:06>      6      0.00005489      0.00001455      0.0
<Jan23-2022> <16:16:43>      7      0.00002118      0.00000355      0.0
<Jan23-2022> <16:17:20>      8      0.00000433      0.00000087      0.0
<Jan23-2022> <16:17:33>  SCF converged
<Jan23-2022> <16:17:58>      9      0.00000092      0.00000022      0.0
<Jan23-2022> <16:18:11>  >>>> TOTEN
<Jan23-2022> <16:18:57>  >>>> POPAN
<Jan23-2022> <16:18:57>  >>>> DEBYE
<Jan23-2022> <16:18:57>  >>>> ENGRAD
<Jan23-2022> <16:20:25>  current energy                               -3.39899280 Hartree
<Jan23-2022> <16:20:25>  energy change                      -0.00000526     0.00017000    T
<Jan23-2022> <16:20:25>  constrained gradient max            0.00163636     0.00100000    F
<Jan23-2022> <16:20:25>  constrained gradient rms            0.00040394     0.00066667    T
<Jan23-2022> <16:20:25>  gradient max                        0.00163636
<Jan23-2022> <16:20:25>  gradient rms                        0.00040394
<Jan23-2022> <16:20:25>  cart. step max                      0.01322318     0.01000000    F
<Jan23-2022> <16:20:25>  cart. step rms                      0.00531098     0.00666667    T
<Jan23-2022> <16:20:25>  Iteration 20
<Jan23-2022> <16:20:26>  *** GOStep20 ***
<Jan23-2022> <16:20:27>  >>>> FRAGM
<Jan23-2022> <16:20:27>  Coordinates
<Jan23-2022> <16:20:27>     Atom         X           Y           Z   (Angstrom)
<Jan23-2022> <16:20:27>     1.H         0.838705   -1.302404    1.140558
<Jan23-2022> <16:20:27>     2.C        -0.790285    0.151898    0.937144
<Jan23-2022> <16:20:27>     3.C         0.356074   -0.685195    0.366702
<Jan23-2022> <16:20:27>     4.C         1.458471    0.047090   -0.362271
<Jan23-2022> <16:20:27>     5.O         1.467512    1.224052   -0.653042
<Jan23-2022> <16:20:27>     6.H        -1.135971    0.851707    0.168260
<Jan23-2022> <16:20:27>     7.H        -0.018242   -1.420935   -0.365286
<Jan23-2022> <16:20:27>     8.H        -0.129818    0.241304    3.015933
<Jan23-2022> <16:20:27>     9.C        -0.437347    0.921842    2.213081
<Jan23-2022> <16:20:27>    10.H         0.374107    1.635329    2.045524
<Jan23-2022> <16:20:27>    11.H        -1.303589    1.486012    2.573974
<Jan23-2022> <16:20:27>    12.H        -1.631480   -0.520575    1.144368
<Jan23-2022> <16:20:27>    13.H         2.313935   -0.608166   -0.662346
<Jan23-2022> <16:20:27>    14.B         1.038106    4.349370   -0.900175
<Jan23-2022> <16:20:27>    15.F         1.567050    4.494017    0.306327
<Jan23-2022> <16:20:27>    16.F        -0.268508    4.167540   -1.031143
<Jan23-2022> <16:20:27>    17.F         1.802682    4.454329   -1.976437
<Jan23-2022> <16:20:27>  >>>> CORORT
<Jan23-2022> <16:20:27>  >>>> CLSMAT
<Jan23-2022> <16:20:27>  >>>> ORTHON
<Jan23-2022> <16:20:27>  >>>> GENPT
<Jan23-2022> <16:20:27>  Block Length= 128
<Jan23-2022> <16:20:29>  >>>> PTBAS
<Jan23-2022> <16:20:50>  >>>> CYCLE
<Jan23-2022> <16:21:10>  using orbital data from restart file
<Jan23-2022> <16:21:34>              |Error|         MaxErr       Wt(A-DIIS)
<Jan23-2022> <16:21:34>      1      0.02049242      0.00820822
<Jan23-2022> <16:22:11>      2      0.00143032      0.00029455    100.0
<Jan23-2022> <16:22:47>      3      0.00151990      0.00023601    100.0
<Jan23-2022> <16:23:25>      4      0.00048064      0.00010667      0.0
<Jan23-2022> <16:24:01>      5      0.00020403      0.00005306      0.0
<Jan23-2022> <16:24:39>      6      0.00006744      0.00001577      0.0
<Jan23-2022> <16:25:16>      7      0.00002572      0.00000481      0.0
<Jan23-2022> <16:25:52>      8      0.00000542      0.00000139      0.0
<Jan23-2022> <16:26:29>      9      0.00000166      0.00000044      0.0
<Jan23-2022> <16:26:41>  SCF converged
<Jan23-2022> <16:27:06>     10      0.00000042      0.00000007      0.0
<Jan23-2022> <16:27:18>  >>>> TOTEN
<Jan23-2022> <16:28:05>  >>>> POPAN
<Jan23-2022> <16:28:05>  >>>> DEBYE
<Jan23-2022> <16:28:05>  >>>> ENGRAD
<Jan23-2022> <16:29:33>  current energy                               -3.39899732 Hartree
<Jan23-2022> <16:29:33>  energy change                      -0.00000452     0.00017000    T
<Jan23-2022> <16:29:33>  constrained gradient max            0.00056033     0.00100000    T
<Jan23-2022> <16:29:33>  constrained gradient rms            0.00011777     0.00066667    T
<Jan23-2022> <16:29:33>  gradient max                        0.00056033
<Jan23-2022> <16:29:33>  gradient rms                        0.00011777
<Jan23-2022> <16:29:33>  cart. step max                      0.00962470     0.01000000    T
<Jan23-2022> <16:29:33>  cart. step rms                      0.00417159     0.00666667    T
<Jan23-2022> <16:29:33>  Geometry optimization converged
<Jan23-2022> <16:29:34>  *** adf ***
<Jan23-2022> <16:29:34>  Net Charge: 0 (Nuclei minus Electrons)
<Jan23-2022> <16:29:34>  Symmetry  : NOSYM
<Jan23-2022> <16:29:34>  >>>> FRAGM
<Jan23-2022> <16:29:34>  Coordinates
<Jan23-2022> <16:29:34>     Atom         X           Y           Z   (Angstrom)
<Jan23-2022> <16:29:34>     1.H         0.838705   -1.302404    1.140558
<Jan23-2022> <16:29:34>     2.C        -0.790285    0.151898    0.937144
<Jan23-2022> <16:29:34>     3.C         0.356074   -0.685195    0.366702
<Jan23-2022> <16:29:34>     4.C         1.458471    0.047090   -0.362271
<Jan23-2022> <16:29:34>     5.O         1.467512    1.224052   -0.653042
<Jan23-2022> <16:29:34>     6.H        -1.135971    0.851707    0.168260
<Jan23-2022> <16:29:34>     7.H        -0.018242   -1.420935   -0.365286
<Jan23-2022> <16:29:34>     8.H        -0.129818    0.241304    3.015933
<Jan23-2022> <16:29:34>     9.C        -0.437347    0.921842    2.213081
<Jan23-2022> <16:29:34>    10.H         0.374107    1.635329    2.045524
<Jan23-2022> <16:29:34>    11.H        -1.303589    1.486012    2.573974
<Jan23-2022> <16:29:34>    12.H        -1.631480   -0.520575    1.144368
<Jan23-2022> <16:29:34>    13.H         2.313935   -0.608166   -0.662346
<Jan23-2022> <16:29:34>    14.B         1.038106    4.349370   -0.900175
<Jan23-2022> <16:29:34>    15.F         1.567050    4.494017    0.306327
<Jan23-2022> <16:29:34>    16.F        -0.268508    4.167540   -1.031143
<Jan23-2022> <16:29:34>    17.F         1.802682    4.454329   -1.976437
<Jan23-2022> <16:29:35>  >>>> CORORT
<Jan23-2022> <16:29:35>  >>>> CLSMAT
<Jan23-2022> <16:29:35>  >>>> ORTHON
<Jan23-2022> <16:29:35>  >>>> GENPT
<Jan23-2022> <16:29:35>  Block Length= 128
<Jan23-2022> <16:29:36>  >>>> PTBAS
<Jan23-2022> <16:29:58>  >>>> CYCLE
<Jan23-2022> <16:30:17>  using orbital data from restart file
<Jan23-2022> <16:30:42>              |Error|         MaxErr       Wt(A-DIIS)
<Jan23-2022> <16:30:42>      1      0.00000007      0.00000001
<Jan23-2022> <16:31:20>      2      0.00000007      0.00000001    100.0
<Jan23-2022> <16:31:32>  SCF converged
<Jan23-2022> <16:31:56>      3      0.00000004      0.00000001    100.0
<Jan23-2022> <16:32:29>  >>>> TOTEN
<Jan23-2022> <16:33:54>  >>>> POPAN
<Jan23-2022> <16:33:54>  >>>> DEBYE
<Jan23-2022> <16:33:54>  >>>> AMETS
<Jan23-2022> <16:33:55>   Bond Energy          -3.39899732 a.u.
<Jan23-2022> <16:33:55>   Bond Energy         -92.49142320 eV
<Jan23-2022> <16:33:55>   Bond Energy       -2132.90       kcal/mol
<Jan23-2022> <16:33:55>  >>>> POPUL
<Jan23-2022> <16:33:55>  >>>> ENGRAD
<Jan23-2022> <16:35:22>  >>>> ENHESS
<Jan23-2022> <16:35:46>  === NUCLEUS:     1
<Jan23-2022> <16:51:43>  === NUCLEUS:     2
<Jan23-2022> <17:06:20>  === NUCLEUS:     3
<Jan23-2022> <17:20:53>  === NUCLEUS:     4
<Jan23-2022> <17:35:27>  === NUCLEUS:     5
<Jan23-2022> <17:50:05>  === NUCLEUS:     6
<Jan23-2022> <18:04:48>  === NUCLEUS:     7
<Jan23-2022> <18:19:29>  === NUCLEUS:     8
<Jan23-2022> <18:34:07>  === NUCLEUS:     9
<Jan23-2022> <18:50:20>  === NUCLEUS:    10
<Jan23-2022> <19:06:26>  === NUCLEUS:    11
<Jan23-2022> <19:22:38>  === NUCLEUS:    12
<Jan23-2022> <19:38:43>  === NUCLEUS:    13
<Jan23-2022> <19:54:14>  === NUCLEUS:    14
<Jan23-2022> <20:08:54>  === NUCLEUS:    15
<Jan23-2022> <20:23:47>  === NUCLEUS:    16
<Jan23-2022> <20:38:25>  === NUCLEUS:    17
<Jan23-2022> <20:53:07>  >>>> CALC_HESS_PMAT
<Jan23-2022> <20:56:30>  >>>> CALC_HESS_WMAT
<Jan23-2022> <20:56:59>  Scanning mode: 7
<Jan23-2022> <20:57:00>  *** SCANMODE_forward_adf_ScanMode_7 ***
<Jan23-2022> <20:57:00>  >>>> FRAGM
<Jan23-2022> <20:57:00>  Coordinates
<Jan23-2022> <20:57:00>     Atom         X           Y           Z   (Angstrom)
<Jan23-2022> <20:57:00>     1.H         0.838724   -1.302375    1.140620
<Jan23-2022> <20:57:00>     2.C        -0.790312    0.151859    0.937072
<Jan23-2022> <20:57:00>     3.C         0.356114   -0.685205    0.366719
<Jan23-2022> <20:57:00>     4.C         1.458525    0.047105   -0.362209
<Jan23-2022> <20:57:00>     5.O         1.467536    1.224060   -0.653009
<Jan23-2022> <20:57:00>     6.H        -1.135978    0.851635    0.168150
<Jan23-2022> <20:57:00>     7.H        -0.018131   -1.420978   -0.365271
<Jan23-2022> <20:57:00>     8.H        -0.129972    0.241342    3.015898
<Jan23-2022> <20:57:00>     9.C        -0.437479    0.921848    2.213010
<Jan23-2022> <20:57:00>    10.H         0.373958    1.635362    2.045484
<Jan23-2022> <20:57:00>    11.H        -1.303764    1.485994    2.573837
<Jan23-2022> <20:57:00>    12.H        -1.631493   -0.520642    1.144264
<Jan23-2022> <20:57:00>    13.H         2.314032   -0.608125   -0.662217
<Jan23-2022> <20:57:00>    14.B         1.038115    4.349374   -0.900169
<Jan23-2022> <20:57:00>    15.F         1.567184    4.494038    0.306276
<Jan23-2022> <20:57:00>    16.F        -0.268513    4.167554   -1.030999
<Jan23-2022> <20:57:00>    17.F         1.802582    4.454307   -1.976511
<Jan23-2022> <20:57:00>  >>>> CORORT
<Jan23-2022> <20:57:00>  >>>> CLSMAT
<Jan23-2022> <20:57:00>  >>>> ORTHON
<Jan23-2022> <20:57:01>  >>>> GENPT
<Jan23-2022> <20:57:01>  Block Length= 128
<Jan23-2022> <20:57:03>  >>>> PTBAS
<Jan23-2022> <20:57:44>  >>>> CYCLE
<Jan23-2022> <20:58:18>  using orbital data from restart file
<Jan23-2022> <20:59:05>              |Error|         MaxErr       Wt(A-DIIS)
<Jan23-2022> <20:59:05>      1      0.00033989      0.00011560
<Jan23-2022> <21:00:16>      2      0.00001720      0.00000232    100.0
<Jan23-2022> <21:01:27>      3      0.00001794      0.00000211    100.0
<Jan23-2022> <21:02:37>      4      0.00000909      0.00000205      0.0
<Jan23-2022> <21:03:47>      5      0.00000438      0.00000102      0.0
<Jan23-2022> <21:04:58>      6      0.00000051      0.00000008      0.0
<Jan23-2022> <21:05:21>  SCF converged
<Jan23-2022> <21:06:09>      7      0.00000012      0.00000002      0.0
<Jan23-2022> <21:06:32>  >>>> TOTEN
<Jan23-2022> <21:08:01>  >>>> POPAN
<Jan23-2022> <21:08:01>  >>>> DEBYE
<Jan23-2022> <21:08:01>  >>>> ENGRAD
<Jan23-2022> <21:19:57>  Scanning mode: 8
<Jan23-2022> <21:19:58>  *** SCANMODE_forward_adf_ScanMode_8 ***
<Jan23-2022> <21:19:58>  >>>> FRAGM
<Jan23-2022> <21:19:58>  Coordinates
<Jan23-2022> <21:19:58>     Atom         X           Y           Z   (Angstrom)
<Jan23-2022> <21:19:58>     1.H         0.838835   -1.302398    1.140605
<Jan23-2022> <21:19:58>     2.C        -0.790287    0.151760    0.937198
<Jan23-2022> <21:19:58>     3.C         0.356133   -0.685245    0.366748
<Jan23-2022> <21:19:58>     4.C         1.458450    0.047122   -0.362263
<Jan23-2022> <21:19:58>     5.O         1.467383    1.224082   -0.653050
<Jan23-2022> <21:19:58>     6.H        -1.136049    0.851523    0.168308
<Jan23-2022> <21:19:58>     7.H        -0.018136   -1.421032   -0.365218
<Jan23-2022> <21:19:58>     8.H        -0.129778    0.241266    3.015970
<Jan23-2022> <21:19:58>     9.C        -0.437388    0.921760    2.213112
<Jan23-2022> <21:19:58>    10.H         0.373998    1.635318    2.045522
<Jan23-2022> <21:19:58>    11.H        -1.303672    1.485859    2.574015
<Jan23-2022> <21:19:58>    12.H        -1.631419   -0.520783    1.144455
<Jan23-2022> <21:19:58>    13.H         2.313962   -0.608065   -0.662349
<Jan23-2022> <21:19:58>    14.B         1.038134    4.349414   -0.900203
<Jan23-2022> <21:19:58>    15.F         1.567069    4.494027    0.306307
<Jan23-2022> <21:19:58>    16.F        -0.268486    4.167644   -1.031189
<Jan23-2022> <21:19:58>    17.F         1.802730    4.454346   -1.976454
<Jan23-2022> <21:19:59>  >>>> CORORT
<Jan23-2022> <21:19:59>  >>>> CLSMAT
<Jan23-2022> <21:19:59>  >>>> ORTHON
<Jan23-2022> <21:19:59>  >>>> GENPT
<Jan23-2022> <21:19:59>  Block Length= 128
<Jan23-2022> <21:20:01>  >>>> PTBAS
<Jan23-2022> <21:20:40>  >>>> CYCLE
<Jan23-2022> <21:21:13>  using orbital data from restart file
<Jan23-2022> <21:21:59>              |Error|         MaxErr       Wt(A-DIIS)
<Jan23-2022> <21:21:59>      1      0.00029905      0.00014261
<Jan23-2022> <21:23:06>      2      0.00001719      0.00000204    100.0
<Jan23-2022> <21:24:12>      3      0.00001765      0.00000216    100.0
<Jan23-2022> <21:25:19>      4      0.00000906      0.00000187      0.0
<Jan23-2022> <21:26:26>      5      0.00000376      0.00000094      0.0
<Jan23-2022> <21:26:47>  SCF converged
<Jan23-2022> <21:27:33>      6      0.00000062      0.00000013      0.0
<Jan23-2022> <21:27:54>  >>>> TOTEN
<Jan23-2022> <21:29:19>  >>>> POPAN
<Jan23-2022> <21:29:19>  >>>> DEBYE
<Jan23-2022> <21:29:19>  >>>> ENGRAD
<Jan23-2022> <21:42:44>  PES point character: Geometry corresponds to a local minimum on the PES.
<Jan23-2022> <21:42:44>  Geometry optimization successful!
<Jan23-2022> <21:42:44>  WARNING: total elapsed time is much higher than the (CPU+system) time.
<Jan23-2022> <21:42:44>  Make sure the machine is not oversubscribed and has enough memory, SCM_TMPDIR points to a fast file system, and the network is fast enough.
<Jan23-2022> <21:42:44>  NORMAL TERMINATION
