<Jan22-2022> <23:26:33>  AMS 2021.102  RunTime: Jan22-2022 23:26:33  ShM Nodes: 1  Procs: 4
<Jan22-2022> <23:26:34>  ADF 2021.102  RunTime: Jan22-2022 23:26:34  ShM Nodes: 1  Procs: 4
<Jan22-2022> <23:26:34>  *** (NO TITLE) ***
<Jan22-2022> <23:26:34>  Atom coordinates do not satisfy full symmetry (probably due to orientation).
<Jan22-2022> <23:26:34>  Symmetry detected: C(4V)
<Jan22-2022> <23:26:34>  Iteration 1
<Jan22-2022> <23:26:34>  DIRAC 2021.102  RunTime: Jan22-2022 23:26:34  ShM Nodes: 1  Procs: 1
<Jan22-2022> <23:26:35>  Tin (TZ2P, all electron)
<Jan22-2022> <23:26:35>  Net Charge: 0 (Nuclei minus Electrons)
<Jan22-2022> <23:26:35>  Symmetry  : ATOM
<Jan22-2022> <23:26:35>  Coordinates
<Jan22-2022> <23:26:35>     Atom         X           Y           Z   (Angstrom)
<Jan22-2022> <23:26:35>     1.Sn        0.000000    0.000000    0.000000
<Jan22-2022> <23:26:35>  >>>> CORORT
<Jan22-2022> <23:26:35>  >>>> CLSMAT
<Jan22-2022> <23:26:35>  >>>> ORTHON
<Jan22-2022> <23:26:35>  >>>> GENPT
<Jan22-2022> <23:26:35>  Block Length=  94
<Jan22-2022> <23:26:35>  >>>> PTBAS
<Jan22-2022> <23:26:35>  >>>> CYCLE
<Jan22-2022> <23:26:36>              |Error|         MaxErr       Wt(A-DIIS)
<Jan22-2022> <23:26:36>      1      0.00000000      0.00000000
<Jan22-2022> <23:26:36>      2    277.78646077     36.34955503    100.0
<Jan22-2022> <23:26:36>      3    108.37475236     33.32898342    100.0
<Jan22-2022> <23:26:36>      4     16.29148072      2.69481417    100.0
<Jan22-2022> <23:26:36>      5     14.42472249      3.02472417    100.0
<Jan22-2022> <23:26:36>      6      3.42801373      0.63340044    100.0
<Jan22-2022> <23:26:36>      7      3.94254662      0.85735153    100.0
<Jan22-2022> <23:26:37>      8      0.32774411      0.05271405     52.2
<Jan22-2022> <23:26:37>      9      0.09237148      0.01803841     17.2
<Jan22-2022> <23:26:37>     10      0.02628512      0.00591655      5.0
<Jan22-2022> <23:26:37>     11      0.00221235      0.00047931      0.0
<Jan22-2022> <23:26:37>     12      0.00004474      0.00000960      0.0
<Jan22-2022> <23:26:37>     13      0.00000334      0.00000092      0.0
<Jan22-2022> <23:26:37>     14      0.00000017      0.00000003      0.0
<Jan22-2022> <23:26:38>     15      0.00000001      0.00000000      0.0
<Jan22-2022> <23:26:38>  SCF converged
<Jan22-2022> <23:26:38>     16      0.00000000      0.00000000      0.0
<Jan22-2022> <23:26:38>  >>>> POPAN
<Jan22-2022> <23:26:38>  >>>> DEBYE
<Jan22-2022> <23:26:38>  DIRAC 2021.102  RunTime: Jan22-2022 23:26:38  ShM Nodes: 1  Procs: 1
<Jan22-2022> <23:26:39>  Chlorine (TZ2P)
<Jan22-2022> <23:26:39>  Net Charge: 0 (Nuclei minus Electrons)
<Jan22-2022> <23:26:39>  Symmetry  : ATOM
<Jan22-2022> <23:26:39>  Coordinates
<Jan22-2022> <23:26:39>     Atom         X           Y           Z   (Angstrom)
<Jan22-2022> <23:26:39>     1.Cl        0.000000    0.000000    0.000000
<Jan22-2022> <23:26:39>  >>>> CORORT
<Jan22-2022> <23:26:39>  >>>> CLSMAT
<Jan22-2022> <23:26:39>  >>>> ORTHON
<Jan22-2022> <23:26:39>  >>>> GENPT
<Jan22-2022> <23:26:39>  Block Length=  93
<Jan22-2022> <23:26:39>  >>>> PTBAS
<Jan22-2022> <23:26:39>  >>>> CYCLE
<Jan22-2022> <23:26:39>              |Error|         MaxErr       Wt(A-DIIS)
<Jan22-2022> <23:26:39>      1      0.00000000      0.00000000
<Jan22-2022> <23:26:39>      2     37.97178129     10.81368001    100.0
<Jan22-2022> <23:26:39>      3     20.81592691      7.10099309    100.0
<Jan22-2022> <23:26:39>      4      5.86634430      1.99760405    100.0
<Jan22-2022> <23:26:39>      5      3.97516517      1.71800842    100.0
<Jan22-2022> <23:26:39>      6      0.27245054      0.10336241    100.0
<Jan22-2022> <23:26:39>      7      0.22638168      0.09827309     98.3
<Jan22-2022> <23:26:39>      8      0.05690956      0.02098624     20.2
<Jan22-2022> <23:26:39>      9      0.00664419      0.00263308      1.6
<Jan22-2022> <23:26:39>     10      0.00015446      0.00006612      0.0
<Jan22-2022> <23:26:39>     11      0.00000385      0.00000160      0.0
<Jan22-2022> <23:26:39>     12      0.00000007      0.00000003      0.0
<Jan22-2022> <23:26:39>     13      0.00000000      0.00000000      0.0
<Jan22-2022> <23:26:40>  SCF converged
<Jan22-2022> <23:26:40>     14      0.00000000      0.00000000      0.0
<Jan22-2022> <23:26:40>  >>>> POPAN
<Jan22-2022> <23:26:40>  >>>> DEBYE
<Jan22-2022> <23:26:40>  *** GOStep1 ***
<Jan22-2022> <23:26:40>  >>>> FRAGM
<Jan22-2022> <23:26:40>  Coordinates
<Jan22-2022> <23:26:40>     Atom         X           Y           Z   (Angstrom)
<Jan22-2022> <23:26:40>     1.Sn        1.920000    0.000000    0.000000
<Jan22-2022> <23:26:40>     2.Cl        1.920000    0.612928   -2.287478
<Jan22-2022> <23:26:40>     3.Cl        1.920000   -2.287478   -0.612928
<Jan22-2022> <23:26:40>     4.Cl        1.920000   -0.612928    2.287478
<Jan22-2022> <23:26:40>     5.Cl        1.920000    2.287478    0.612928
<Jan22-2022> <23:26:40>  >>>> CORORT
<Jan22-2022> <23:26:40>  >>>> CLSMAT
<Jan22-2022> <23:26:40>  >>>> ORTHON
<Jan22-2022> <23:26:40>  >>>> GENPT
<Jan22-2022> <23:26:40>  Block Length= 128
<Jan22-2022> <23:26:41>  >>>> PTBAS
<Jan22-2022> <23:26:44>  >>>> CYCLE
<Jan22-2022> <23:26:53>              |Error|         MaxErr       Wt(A-DIIS)
<Jan22-2022> <23:26:53>      1      4.05941836      0.85239638
<Jan22-2022> <23:26:59>      2      0.52019174      0.07646252    100.0
<Jan22-2022> <23:27:06>      3      0.24251166      0.03370196    100.0
<Jan22-2022> <23:27:11>      4      0.49987155      0.06763591    100.0
<Jan22-2022> <23:27:16>      5      0.08693335      0.01170615     10.8
<Jan22-2022> <23:27:23>      6      0.02112562      0.00343659      2.5
<Jan22-2022> <23:27:29>      7      0.00436709      0.00084856      0.0
<Jan22-2022> <23:27:36>      8      0.00078247      0.00012830      0.0
<Jan22-2022> <23:27:42>      9      0.00016402      0.00003175      0.0
<Jan22-2022> <23:27:47>     10      0.00001049      0.00000243      0.0
<Jan22-2022> <23:27:53>     11      0.00000020      0.00000003      0.0
<Jan22-2022> <23:27:56>  SCF converged
<Jan22-2022> <23:28:00>     12      0.00000005      0.00000001      0.0
<Jan22-2022> <23:28:03>  >>>> TOTEN
<Jan22-2022> <23:28:11>  >>>> POPAN
<Jan22-2022> <23:28:11>  >>>> DEBYE
<Jan22-2022> <23:28:12>  >>>> ENGRAD
<Jan22-2022> <23:28:27>  current energy                               -0.48855192 Hartree
<Jan22-2022> <23:28:27>  energy change                      -0.48855192     0.00005000    F
<Jan22-2022> <23:28:27>  constrained gradient max            0.00166949     0.00100000    F
<Jan22-2022> <23:28:27>  constrained gradient rms            0.00089253     0.00066667    F
<Jan22-2022> <23:28:27>  gradient max                        0.00166949
<Jan22-2022> <23:28:27>  gradient rms                        0.00089253
<Jan22-2022> <23:28:27>  cart. step max                      0.00092269     0.01000000    T
<Jan22-2022> <23:28:27>  cart. step rms                      0.00049328     0.00666667    T
<Jan22-2022> <23:28:27>  Iteration 2
<Jan22-2022> <23:28:28>  *** GOStep2 ***
<Jan22-2022> <23:28:28>  >>>> FRAGM
<Jan22-2022> <23:28:28>  Coordinates
<Jan22-2022> <23:28:28>     Atom         X           Y           Z   (Angstrom)
<Jan22-2022> <23:28:28>     1.Sn        1.920000   -0.000000    0.000000
<Jan22-2022> <23:28:28>     2.Cl        1.920000    0.612681   -2.286555
<Jan22-2022> <23:28:28>     3.Cl        1.920000   -2.286555   -0.612681
<Jan22-2022> <23:28:28>     4.Cl        1.920000   -0.612681    2.286555
<Jan22-2022> <23:28:28>     5.Cl        1.920000    2.286555    0.612681
<Jan22-2022> <23:28:28>  >>>> CORORT
<Jan22-2022> <23:28:28>  >>>> CLSMAT
<Jan22-2022> <23:28:28>  >>>> ORTHON
<Jan22-2022> <23:28:28>  >>>> GENPT
<Jan22-2022> <23:28:28>  Block Length= 128
<Jan22-2022> <23:28:29>  >>>> PTBAS
<Jan22-2022> <23:28:33>  >>>> CYCLE
<Jan22-2022> <23:28:38>  using orbital data from restart file
<Jan22-2022> <23:28:42>              |Error|         MaxErr       Wt(A-DIIS)
<Jan22-2022> <23:28:42>      1      0.00454173      0.00108803
<Jan22-2022> <23:28:48>      2      0.00125054      0.00022710    100.0
<Jan22-2022> <23:28:54>      3      0.00050214      0.00009050    100.0
<Jan22-2022> <23:29:00>      4      0.00099233      0.00017967      0.0
<Jan22-2022> <23:29:06>      5      0.00001933      0.00000291      0.0
<Jan22-2022> <23:29:12>      6      0.00000601      0.00000137      0.0
<Jan22-2022> <23:29:18>      7      0.00000125      0.00000017      0.0
<Jan22-2022> <23:29:21>  SCF converged
<Jan22-2022> <23:29:25>      8      0.00000042      0.00000006      0.0
<Jan22-2022> <23:29:27>  >>>> TOTEN
<Jan22-2022> <23:29:36>  >>>> POPAN
<Jan22-2022> <23:29:36>  >>>> DEBYE
<Jan22-2022> <23:29:36>  >>>> ENGRAD
<Jan22-2022> <23:29:52>  current energy                               -0.48855685 Hartree
<Jan22-2022> <23:29:52>  energy change                      -0.00000493     0.00005000    T
<Jan22-2022> <23:29:52>  constrained gradient max            0.00123688     0.00100000    F
<Jan22-2022> <23:29:52>  constrained gradient rms            0.00066126     0.00066667    T
<Jan22-2022> <23:29:52>  gradient max                        0.00123688
<Jan22-2022> <23:29:52>  gradient rms                        0.00066126
<Jan22-2022> <23:29:52>  cart. step max                      0.00263811     0.01000000    T
<Jan22-2022> <23:29:52>  cart. step rms                      0.00141037     0.00666667    T
<Jan22-2022> <23:29:52>  Iteration 3
<Jan22-2022> <23:29:53>  *** GOStep3 ***
<Jan22-2022> <23:29:53>  >>>> FRAGM
<Jan22-2022> <23:29:53>  Coordinates
<Jan22-2022> <23:29:53>     Atom         X           Y           Z   (Angstrom)
<Jan22-2022> <23:29:53>     1.Sn        1.920000    0.000000   -0.000000
<Jan22-2022> <23:29:53>     2.Cl        1.920000    0.611974   -2.283917
<Jan22-2022> <23:29:53>     3.Cl        1.920000   -2.283917   -0.611974
<Jan22-2022> <23:29:53>     4.Cl        1.920000   -0.611974    2.283917
<Jan22-2022> <23:29:53>     5.Cl        1.920000    2.283917    0.611974
<Jan22-2022> <23:29:53>  >>>> CORORT
<Jan22-2022> <23:29:53>  >>>> CLSMAT
<Jan22-2022> <23:29:53>  >>>> ORTHON
<Jan22-2022> <23:29:53>  >>>> GENPT
<Jan22-2022> <23:29:54>  Block Length= 128
<Jan22-2022> <23:29:54>  >>>> PTBAS
<Jan22-2022> <23:29:58>  >>>> CYCLE
<Jan22-2022> <23:30:03>  using orbital data from restart file
<Jan22-2022> <23:30:07>              |Error|         MaxErr       Wt(A-DIIS)
<Jan22-2022> <23:30:07>      1      0.01303514      0.00312563
<Jan22-2022> <23:30:13>      2      0.00357035      0.00064860    100.0
<Jan22-2022> <23:30:19>      3      0.00143574      0.00025869    100.0
<Jan22-2022> <23:30:25>      4      0.00283529      0.00051338      0.0
<Jan22-2022> <23:30:32>      5      0.00005494      0.00000823      0.0
<Jan22-2022> <23:30:38>      6      0.00001697      0.00000386      0.0
<Jan22-2022> <23:30:44>      7      0.00000361      0.00000049      0.0
<Jan22-2022> <23:30:46>  SCF converged
<Jan22-2022> <23:30:50>      8      0.00000121      0.00000017      0.0
<Jan22-2022> <23:30:52>  >>>> TOTEN
<Jan22-2022> <23:31:01>  >>>> POPAN
<Jan22-2022> <23:31:01>  >>>> DEBYE
<Jan22-2022> <23:31:01>  >>>> ENGRAD
<Jan22-2022> <23:31:18>  current energy                               -0.48856145 Hartree
<Jan22-2022> <23:31:18>  energy change                      -0.00000460     0.00005000    T
<Jan22-2022> <23:31:18>  constrained gradient max            0.00001176     0.00100000    T
<Jan22-2022> <23:31:18>  constrained gradient rms            0.00000629     0.00066667    T
<Jan22-2022> <23:31:18>  gradient max                        0.00001176
<Jan22-2022> <23:31:18>  gradient rms                        0.00000629
<Jan22-2022> <23:31:18>  cart. step max                      0.00002485     0.01000000    T
<Jan22-2022> <23:31:18>  cart. step rms                      0.00001329     0.00666667    T
<Jan22-2022> <23:31:18>  Geometry optimization converged
<Jan22-2022> <23:31:18>  *** adf ***
<Jan22-2022> <23:31:19>  Net Charge: 0 (Nuclei minus Electrons)
<Jan22-2022> <23:31:19>  Symmetry  : NOSYM
<Jan22-2022> <23:31:19>  >>>> FRAGM
<Jan22-2022> <23:31:19>  Coordinates
<Jan22-2022> <23:31:19>     Atom         X           Y           Z   (Angstrom)
<Jan22-2022> <23:31:19>     1.Sn        1.920000    0.000000   -0.000000
<Jan22-2022> <23:31:19>     2.Cl        1.920000    0.611974   -2.283917
<Jan22-2022> <23:31:19>     3.Cl        1.920000   -2.283917   -0.611974
<Jan22-2022> <23:31:19>     4.Cl        1.920000   -0.611974    2.283917
<Jan22-2022> <23:31:19>     5.Cl        1.920000    2.283917    0.611974
<Jan22-2022> <23:31:19>  >>>> CORORT
<Jan22-2022> <23:31:19>  >>>> CLSMAT
<Jan22-2022> <23:31:19>  >>>> ORTHON
<Jan22-2022> <23:31:19>  >>>> GENPT
<Jan22-2022> <23:31:19>  Block Length= 128
<Jan22-2022> <23:31:20>  >>>> PTBAS
<Jan22-2022> <23:31:23>  >>>> CYCLE
<Jan22-2022> <23:31:29>  using orbital data from restart file
<Jan22-2022> <23:31:33>              |Error|         MaxErr       Wt(A-DIIS)
<Jan22-2022> <23:31:33>      1      0.00000011      0.00000002
<Jan22-2022> <23:31:39>      2      0.00000028      0.00000005    100.0
<Jan22-2022> <23:31:42>  SCF converged
<Jan22-2022> <23:31:45>      3      0.00000075      0.00000013    100.0
<Jan22-2022> <23:31:51>  >>>> TOTEN
<Jan22-2022> <23:32:08>  >>>> POPAN
<Jan22-2022> <23:32:08>  >>>> DEBYE
<Jan22-2022> <23:32:08>  >>>> AMETS
<Jan22-2022> <23:32:08>   Bond Energy          -0.48856145 a.u.
<Jan22-2022> <23:32:08>   Bond Energy         -13.29443335 eV
<Jan22-2022> <23:32:08>   Bond Energy        -306.58       kcal/mol
<Jan22-2022> <23:32:08>  >>>> POPUL
<Jan22-2022> <23:32:08>  >>>> ENGRAD
<Jan22-2022> <23:32:25>  >>>> ENHESS
<Jan22-2022> <23:32:29>  === NUCLEUS:     1
<Jan22-2022> <23:35:24>  === NUCLEUS:     2
<Jan22-2022> <23:38:09>  === NUCLEUS:     3
<Jan22-2022> <23:40:53>  === NUCLEUS:     4
<Jan22-2022> <23:43:37>  === NUCLEUS:     5
<Jan22-2022> <23:46:22>  >>>> CALC_HESS_PMAT
<Jan22-2022> <23:46:59>  >>>> CALC_HESS_WMAT
<Jan22-2022> <23:47:05>  Scanning mode: 7
<Jan22-2022> <23:47:05>  *** SCANMODE_forward_adf_ScanMode_7 ***
<Jan22-2022> <23:47:06>  >>>> FRAGM
<Jan22-2022> <23:47:06>  Coordinates
<Jan22-2022> <23:47:06>     Atom         X           Y           Z   (Angstrom)
<Jan22-2022> <23:47:06>     1.Sn        1.920000   -0.000000   -0.000000
<Jan22-2022> <23:47:06>     2.Cl        1.920265    0.611974   -2.283917
<Jan22-2022> <23:47:06>     3.Cl        1.919735   -2.283917   -0.611974
<Jan22-2022> <23:47:06>     4.Cl        1.920265   -0.611974    2.283917
<Jan22-2022> <23:47:06>     5.Cl        1.919735    2.283917    0.611974
<Jan22-2022> <23:47:06>  >>>> CORORT
<Jan22-2022> <23:47:06>  >>>> CLSMAT
<Jan22-2022> <23:47:06>  >>>> ORTHON
<Jan22-2022> <23:47:06>  >>>> GENPT
<Jan22-2022> <23:47:06>  Block Length= 128
<Jan22-2022> <23:47:07>  >>>> PTBAS
<Jan22-2022> <23:47:14>  >>>> CYCLE
<Jan22-2022> <23:47:24>  using orbital data from restart file
<Jan22-2022> <23:47:33>              |Error|         MaxErr       Wt(A-DIIS)
<Jan22-2022> <23:47:33>      1      0.00064445      0.00014340
<Jan22-2022> <23:47:46>      2      0.00002084      0.00000451    100.0
<Jan22-2022> <23:47:59>      3      0.00002375      0.00000427    100.0
<Jan22-2022> <23:48:12>      4      0.00000854      0.00000116      0.0
<Jan22-2022> <23:48:25>      5      0.00000092      0.00000012      0.0
<Jan22-2022> <23:48:30>  SCF converged
<Jan22-2022> <23:48:38>      6      0.00000044      0.00000006      0.0
<Jan22-2022> <23:48:43>  >>>> TOTEN
<Jan22-2022> <23:49:01>  >>>> POPAN
<Jan22-2022> <23:49:01>  >>>> DEBYE
<Jan22-2022> <23:49:01>  >>>> ENGRAD
<Jan22-2022> <23:50:51>  PES point character: Geometry corresponds to a transition state.
<Jan22-2022> <23:50:51>  ERROR: Geometry optimization failed! (Converged, but did not find a minimum on the PES.)
<Jan22-2022> <23:50:51>  WARNING: total elapsed time is much higher than the (CPU+system) time.
<Jan22-2022> <23:50:51>  Make sure the machine is not oversubscribed and has enough memory, SCM_TMPDIR points to a fast file system, and the network is fast enough.
<Jan22-2022> <23:50:51>  NORMAL TERMINATION
