

JSONified input:
++++++++++++++++
{
  "Create": "Sn m=119.902198000000 /cm/shared/package/ams2021.102/atomicdata/ADF/ZORA/TZ2P/Sn",
  "CorePotentials": {
    "_1": [],
    "_h": "/scratch/3980/amstmp_30.achiral_catalyst.H_H_SnCl4.Rcat_kid0.2022467339/t12.rel"
  },
  "xc": {
    "gga": "OLYP"
  }
}


JSONified input traversal:
++++++++++++++++++++++++++
2 3 , path = 
7 0 Create, path = Create
2 2 CorePotentials, path = CorePotentials
3 0 _1, path = CorePotentials%_1
7 0 _h, path = CorePotentials%_h
2 1 xc, path = xc
7 0 gga, path = xc%gga
 dirac file name: /cm/shared/package/ams2021.102/atomicdata/Dirac/Sn



                     **************************************************************************
                     *  DIRAC 2021.102  RunTime: Jan22-2022 23:26:34  ShM Nodes: 1  Procs: 1  *
                     **************************************************************************
  
1
 TIN ATOM all electron RELATIVISTIC, Point Nuc, A and c from 
 N J RN H ZN XION ANUC CLIGHT
 5000   17100.00000000197.36710137 50.00000000  0.00000000  119.902198  0.1370360E+03
  PH   PHI     EPS        DEL        DELRVR
  0.30  0.30     2500.00  0.00001000  0.00001000
 IDIRC  NC1  NDEBU NPRIN  IPUN IRCOR IWCOR
   1   300     0     0     0     0     0
   XALPHA      XLATTER      RNUC
  0.70000000  0.00000000  0.00000000 Point Charge
   XN   XL   XJ      XE          XZ      XDELL
  1.0  0.0  0.5   -2200.000       2.000     0.00000
  2.0  0.0  0.5    -375.000       2.000     0.00000
  2.0  1.0  0.5    -375.000       2.000     0.00000
  2.0  1.0  1.5    -375.000       4.000     0.00000
  3.0  0.0  0.5     -80.000       2.000     0.00000
  3.0  1.0  0.5     -80.000       2.000     0.00000
  3.0  1.0  1.5     -80.000       4.000     0.00000
  3.0  2.0  1.5     -65.000       4.000     0.00000
  3.0  2.0  2.5     -65.000       6.000     0.00000
  4.0  0.0  0.5     -17.500       2.000     0.00000
  4.0  1.0  0.5     -17.500       2.000     0.00000
  4.0  1.0  1.5     -17.500       4.000     0.00000
  4.0  2.0  1.5      -9.000       4.000     0.00000
  4.0  2.0  2.5      -9.000       6.000     0.00000
  5.0  0.0  0.5      -0.800       2.000     0.00000
  5.0  1.0  0.5      -0.500       2.000     0.00000
  5.0  1.0  1.5      -0.500       0.000     0.00000
 R(1)=  0.1000000E-08 D=  0.1005080E+01 RNUC=  0.0000000E+00
 converged at cycle   36  DENSITY AVERAGING    0.1536
  MAXIMUM ERROR IN R.V(R) IS   0.90002059E-05
 Q,EY,EV,EZ,ESUM,ETOT,RHO  0.500000E+02 -0.217250E+03 -0.102556E+05 -0.150013E+05 -0.374951E+04 -0.617667E+04  0.117041E-10


 DIRAC CALCULATION
1                    TIN ATOM all electron RELATIVISTIC, Point Nuc, A and c from libtc


 EXCHANGE COEFFICIENT=  0.7000000           TAIL CORRECTION=  0.           NUCLEAR RADIUS=  0.000E+00
0                       ORBITAL    N    L    J     ELECTRONS     EIGENVALUE                DELTA OF EIGENV.

                          1S1/2  1.0  0.0  0.5     2.000       -0.1065020E+04                 0.9132365E-04
                          2S1/2  2.0  0.0  0.5     2.000       -0.1608254E+03                 0.4729334E-04
                          2P1/2  2.0  1.0  0.5     2.000       -0.1503387E+03                 0.5182443E-04
                          2P3/2  2.0  1.0  1.5     4.000       -0.1418604E+03                 0.5023190E-04
                          3S1/2  3.0  0.0  0.5     2.000       -0.3100607E+02                 0.2525049E-04
                          3P1/2  3.0  1.0  0.5     2.000       -0.2673301E+02                 0.2604162E-04
                          3P3/2  3.0  1.0  1.5     4.000       -0.2518378E+02                 0.2539493E-04
                          3D3/2  3.0  2.0  1.5     4.000       -0.1759744E+02                 0.2620647E-04
                          3D5/2  3.0  2.0  2.5     6.000       -0.1727693E+02                 0.2597798E-04
                          4S1/2  4.0  0.0  0.5     2.000       -0.4876952E+01                 0.1237906E-04
                          4P1/2  4.0  1.0  0.5     2.000       -0.3451563E+01                 0.1178134E-04
                          4P3/2  4.0  1.0  1.5     4.000       -0.3169554E+01                 0.1130873E-04
                          4D3/2  4.0  2.0  1.5     4.000       -0.9375117E+00                 0.9079445E-05
                          4D5/2  4.0  2.0  2.5     6.000       -0.8987876E+00                 0.8917292E-05
                          5S1/2  5.0  0.0  0.5     2.000       -0.3594021E+00                 0.2188877E-05
                          5P1/2  5.0  1.0  0.5     2.000       -0.1201314E+00                 0.1270699E-05
                          5P3/2  5.0  1.0  1.5     0.000       -0.1039170E+00                 0.1135212E-05


                                        NUCLEAR CHARGE=   50.000000
                            INTEGRAL OF CHARGE DENSITY=   50.000000
                           SUM OF THE ORBITAL ENERGIES=  -3749.5120
                                          TOTAL ENERGY=  -6176.6703
                                        KINETIC ENERGY=   6506.0778
                             NUCLEAR ATTRACTION ENERGY= -15001.2814
                             ELECTRON REPULSION ENERGY=   2481.4708
                                       EXCHANGE ENERGY=   -162.9376

 Tin (TZ2P, all electron)



 ===========================
 A T T A C H E D   F I L E S
 ===========================
  
 CREATE - Data File:    /cm/shared/package/ams2021.102/atomicdata/ADF/ZORA/TZ2P/Sn
                        Tin (TZ2P, all electron)
 Core Potentials:
         file : /scratch/3980/amstmp_30.achiral_catalyst.H_H_SnCl4.Rcat_kid0.2022467339/t12.rel



 ===============================
 M O D E L   P A R A M E T E R S
 ===============================
  
 DENSITY FUNCTIONAL POTENTIAL (scf)
    LDA:                               Exchange only                           == Not Default ==
    Gradient Corrections:              OPTX LYP                                == Not Default ==

 SPIN  (restricted / unrestr.)
    Molecule:                          Restricted                               

 OTHER ASPECTS
    Relativistic Corrections:          scalar (ZORA,MAPA)                       

    Nuclear Charge Density Model:      Point Charge Nuclei                      
    Core Treatment:                    Frozen Orbital(s)                        

    Hyperfine or Zeeman Interaction:   ---                                      



 =====================================
 S Y M M E T R Y ,   E L E C T R O N S
 =====================================
  
 Symmetry: ATOM

 Irreducible Representations, including subspecies
 -------------------------------------------------
 S
 P:x  P:y  P:z
 D:z2  D:x2-y2  D:xy  D:xz  D:yz
 F:z3  F:z  F:xyz  F:z2x  F:z2y  F:x  F:y


 Configuration of Valence Electrons
 ==================================

          Occupation Numbers
          -------------------------------------------------
 S        5*2
 P        3*6 2
 D        2*10
 F        0
          -------------------------------------------------

 Total:   50

 Net Charge: 0 (Nuclei minus Electrons)

 Preset values for MO occupations will be applied through SCF cycle no. 1000000
 Thereafter, the program will assign electrons to MOs that are spatially
 similar to the occupied MOs in a "reference" cycle ("KeepOrbitals").
 The reference cycle is always the PREVIOUS cycle: it will evolve with
 the SCF procedure.



 ================================
 (Slater-type)  F U N C T I O N S  ***  (Basis and Fit)  ***
 ================================
  

 Atom Type    1  (Sn)
 ==============

 Valence Basis Sets:  30
 -----------------------
   1 S  357.000000
   1 S   89.000000
   1 S   50.500000
   2 S   56.800000
   2 S   21.650000
   3 S   11.300000
   3 S    6.950000
   4 S    7.400000
   4 S    4.750000
   5 S    3.200000
   5 S    2.050000
   5 S    1.360000
   2 P   89.000000
   2 P   32.400000
   2 P   20.750000
   3 P   12.350000
   3 P    9.150000
   4 P    6.250000
   4 P    4.000000
   5 P    2.450000
   5 P    1.450000
   5 P    0.880000
   3 D   19.900000
   3 D   12.000000
   3 D    8.100000
   4 D    5.800000
   4 D    3.550000
   4 D    2.200000
   5 D    1.450000
   4 F    2.000000


 BAS: List of all Elementary Cartesian Basis Functions
 =====================================================

 The numbering in the list below (to the right of the function characteristics) is referred
 to in print-outs of MO eigenvectors and Mulliken populations in the BAS representation
 (as contrasted to the SFO representation).

 Notes:
 1. The functions are characterized by a polynomial prefactor (powers of x,y,z and r) and
    an exponential decay factor alpha.
 2. Since the basis sets are specific for an atom TYPE, the individual functions occur on
    all atoms of that type.
 3. The word 'Core' in the left margin signals that it is a Core Function (CF) : not a
    degree of freedom in the valence set, but only used to ensure orthogonalization of
    the other valence basis functions on the frozen Core Orbitals.


 (power of) X  Y  Z  R     Alpha  on Atom
            ==========     =====     ==========

 Sn                                   1
                                  ---------------------------------------------------------------------------
            0  0  0  0   357.000      1
            0  0  0  0    89.000      2
            0  0  0  0    50.500      3
            0  0  0  1    56.800      4
            0  0  0  1    21.650      5
            0  0  0  2    11.300      6
            0  0  0  2     6.950      7
            0  0  0  3     7.400      8
            0  0  0  3     4.750      9
            0  0  0  4     3.200     10
            0  0  0  4     2.050     11
            0  0  0  4     1.360     12
            1  0  0  0    89.000     13
            0  1  0  0    89.000     14
            0  0  1  0    89.000     15
            1  0  0  0    32.400     16
            0  1  0  0    32.400     17
            0  0  1  0    32.400     18
            1  0  0  0    20.750     19
            0  1  0  0    20.750     20
            0  0  1  0    20.750     21
            1  0  0  1    12.350     22
            0  1  0  1    12.350     23
            0  0  1  1    12.350     24
            1  0  0  1     9.150     25
            0  1  0  1     9.150     26
            0  0  1  1     9.150     27
            1  0  0  2     6.250     28
            0  1  0  2     6.250     29
            0  0  1  2     6.250     30
            1  0  0  2     4.000     31
            0  1  0  2     4.000     32
            0  0  1  2     4.000     33
            1  0  0  3     2.450     34
            0  1  0  3     2.450     35
            0  0  1  3     2.450     36
            1  0  0  3     1.450     37
            0  1  0  3     1.450     38
            0  0  1  3     1.450     39
            1  0  0  3     0.880     40
            0  1  0  3     0.880     41
            0  0  1  3     0.880     42
            2  0  0  0    19.900     43
            1  1  0  0    19.900     44
            1  0  1  0    19.900     45
            0  2  0  0    19.900     46
            0  1  1  0    19.900     47
            0  0  2  0    19.900     48
            2  0  0  0    12.000     49
            1  1  0  0    12.000     50
            1  0  1  0    12.000     51
            0  2  0  0    12.000     52
            0  1  1  0    12.000     53
            0  0  2  0    12.000     54
            2  0  0  0     8.100     55
            1  1  0  0     8.100     56
            1  0  1  0     8.100     57
            0  2  0  0     8.100     58
            0  1  1  0     8.100     59
            0  0  2  0     8.100     60
            2  0  0  1     5.800     61
            1  1  0  1     5.800     62
            1  0  1  1     5.800     63
            0  2  0  1     5.800     64
            0  1  1  1     5.800     65
            0  0  2  1     5.800     66
            2  0  0  1     3.550     67
            1  1  0  1     3.550     68
            1  0  1  1     3.550     69
            0  2  0  1     3.550     70
            0  1  1  1     3.550     71
            0  0  2  1     3.550     72
            2  0  0  1     2.200     73
            1  1  0  1     2.200     74
            1  0  1  1     2.200     75
            0  2  0  1     2.200     76
            0  1  1  1     2.200     77
            0  0  2  1     2.200     78
            2  0  0  2     1.450     79
            1  1  0  2     1.450     80
            1  0  1  2     1.450     81
            0  2  0  2     1.450     82
            0  1  1  2     1.450     83
            0  0  2  2     1.450     84
            3  0  0  0     2.000     85
            2  1  0  0     2.000     86
            2  0  1  0     2.000     87
            1  2  0  0     2.000     88
            1  1  1  0     2.000     89
            1  0  2  0     2.000     90
            0  3  0  0     2.000     91
            0  2  1  0     2.000     92
            0  1  2  0     2.000     93
            0  0  3  0     2.000     94

 Total number of charge fitting functions (nprimf)       277
 Total number of Cartesian basis functions (naos)         94
 Total number of Cartesian core functions  (ncos)          0



 BAS: List of all Elementary Cartesian Basis Functions
 =====================================================

 The numbering in the list below (to the right of the function characteristics) is referred
 to in print-outs of MO eigenvectors and Mulliken populations in the BAS representation
 (as contrasted to the SFO representation).

 Notes:
 1. The functions are characterized by a polynomial prefactor (powers of x,y,z and r) and
    an exponential decay factor alpha.
 2. Since the basis sets are specific for an atom TYPE, the individual functions occur on
    all atoms of that type.
 3. The word 'Core' in the left margin signals that it is a Core Function (CF) : not a
    degree of freedom in the valence set, but only used to ensure orthogonalization of
    the other valence basis functions on the frozen Core Orbitals.


 (power of) X  Y  Z  R     Alpha  on Atom
            ==========     =====     ==========

 Sn                                   1
                                  ---------------------------------------------------------------------------
            0  0  0  0   357.000      1
            0  0  0  0    89.000      2
            0  0  0  0    50.500      3
            0  0  0  1    56.800      4
            0  0  0  1    21.650      5
            0  0  0  2    11.300      6
            0  0  0  2     6.950      7
            0  0  0  3     7.400      8
            0  0  0  3     4.750      9
            0  0  0  4     3.200     10
            0  0  0  4     2.050     11
            0  0  0  4     1.360     12
            1  0  0  0    89.000     13
            0  1  0  0    89.000     14
            0  0  1  0    89.000     15
            1  0  0  0    32.400     16
            0  1  0  0    32.400     17
            0  0  1  0    32.400     18
            1  0  0  0    20.750     19
            0  1  0  0    20.750     20
            0  0  1  0    20.750     21
            1  0  0  1    12.350     22
            0  1  0  1    12.350     23
            0  0  1  1    12.350     24
            1  0  0  1     9.150     25
            0  1  0  1     9.150     26
            0  0  1  1     9.150     27
            1  0  0  2     6.250     28
            0  1  0  2     6.250     29
            0  0  1  2     6.250     30
            1  0  0  2     4.000     31
            0  1  0  2     4.000     32
            0  0  1  2     4.000     33
            1  0  0  3     2.450     34
            0  1  0  3     2.450     35
            0  0  1  3     2.450     36
            1  0  0  3     1.450     37
            0  1  0  3     1.450     38
            0  0  1  3     1.450     39
            1  0  0  3     0.880     40
            0  1  0  3     0.880     41
            0  0  1  3     0.880     42
            2  0  0  0    19.900     43
            1  1  0  0    19.900     44
            1  0  1  0    19.900     45
            0  2  0  0    19.900     46
            0  1  1  0    19.900     47
            0  0  2  0    19.900     48
            2  0  0  0    12.000     49
            1  1  0  0    12.000     50
            1  0  1  0    12.000     51
            0  2  0  0    12.000     52
            0  1  1  0    12.000     53
            0  0  2  0    12.000     54
            2  0  0  0     8.100     55
            1  1  0  0     8.100     56
            1  0  1  0     8.100     57
            0  2  0  0     8.100     58
            0  1  1  0     8.100     59
            0  0  2  0     8.100     60
            2  0  0  1     5.800     61
            1  1  0  1     5.800     62
            1  0  1  1     5.800     63
            0  2  0  1     5.800     64
            0  1  1  1     5.800     65
            0  0  2  1     5.800     66
            2  0  0  1     3.550     67
            1  1  0  1     3.550     68
            1  0  1  1     3.550     69
            0  2  0  1     3.550     70
            0  1  1  1     3.550     71
            0  0  2  1     3.550     72
            2  0  0  1     2.200     73
            1  1  0  1     2.200     74
            1  0  1  1     2.200     75
            0  2  0  1     2.200     76
            0  1  1  1     2.200     77
            0  0  2  1     2.200     78
            2  0  0  2     1.450     79
            1  1  0  2     1.450     80
            1  0  1  2     1.450     81
            0  2  0  2     1.450     82
            0  1  1  2     1.450     83
            0  0  2  2     1.450     84
            3  0  0  0     2.000     85
            2  1  0  0     2.000     86
            2  0  1  0     2.000     87
            1  2  0  0     2.000     88
            1  1  1  0     2.000     89
            1  0  2  0     2.000     90
            0  3  0  0     2.000     91
            0  2  1  0     2.000     92
            0  1  2  0     2.000     93
            0  0  3  0     2.000     94
1
 ***************************************************************************************************



                                              ***********************
                                              *  T E C H N I C A L  *
                                              ***********************
  



 =============================================================
 P A R A L L E L I Z A T I O N  and  V E C T O R I Z A T I O N
 =============================================================
  
 Nr of parallel processes:                                1
 Maximum vector length in NumInt loops:                 128



 =====================
 S C F   U P D A T E S
 =====================
  
 Max. nr. of cycles:                               300
 Convergence criterion:                              0.0000000100
   secondary criterion:                              0.0000000100

 Mix parameter (when DIIS does not apply):           0.2000000000
 Special mix parameter for the first cycle:          1.0000000000
 Mixed ADIIS+SDIIS will be used                  
    Max number of expansion vectors:                10
    Pure ADIIS when Max([F,P]) is above              0.1000000000
    Pure SDIIS when Max([F,P]) is below              0.0010000000
 Automatic ElectronSmearing (in case of problematic SCF convergence) disabled



 =================
 P R E C I S I O N  ***  (General: NumInt, NeglectFunctionTails, ...)  ***
 =================
  

 NumInt:           Target precision:                12.0000000000
 -------           Initial precision:               10.0000000000
                   Min. precision (optimization):   10.0000000000

 Neglect Functions:          Basis functions:        0.1000000000E-13
 ------------------          Fit functions:          0.1000000000E-13



 ===========================
 L I N E A R   S C A L I N G
 ===========================
  

 Cut-off radii density fit:                        0.1000000000E-97
 Overlap cut-off criterion AO matrix elements:     0.1000000000E-97
 Cut-offs for Coulomb potential and fitted density:0.1000000000E-97
 Cut-off criterion for Coulomb multipole terms:    0.1000000000E-97
 Progressive Convergence parameter:                 0.000000000    
1
 ***************************************************************************************************



                                            ***************************
                                            *  C O M P U T A T I O N  *
                                            ***************************
  

 Number of elements of the density matrix on this node (used, total):      4465      4465



 ===========================================
 Numerical Integration : Fuzzy Cells (Becke)
 ===========================================
  
 Becke grid quality: VERYGOOD       
  
 Lebedev angular grid order:             min:  13 max:  41
 Nr. of radial points:                   min: 187 max: 187

 Total nr. of points:        187
 Nr. of blocks:                2
 Block length:                94
 Nr. of dummy points:          1


 Test of Precision of the Numerical Integration Grid
 ===================================================

 Integral of the Total Core Density:                   0.00000000000000



 ========================
 Density Fitting (zlmFit)
 ========================
  
 ZlmFit Fit Quality: VERYGOOD       
  
 Max L-expansion:                        min:   0 max:   0
 Nr. of radial interpolation points:     min: 380 max: 380



 =====
 S C F  ***  ScaSCF  ***
 =====
  

 CYCLE    1
 SCF Error: norm([F,P])=      0.000000000000, max([F,P])=      0.000000000000
 orbitals (Q,E):
 ---------------
 S :1...12           ( 2.00 -1286.4258)  ( 2.00  -324.4282)  ( 2.00  -142.6215)  ( 2.00   -79.5923)
                     ( 2.00   -50.5902)  ( 0.00   -34.4546)  ( 0.00   -23.4938)  ( 0.00   -15.3909)
                     ( 0.00    -9.5963)  ( 0.00   470.4665)  ( 0.00  4302.8316)  ( 0.00 22150.4256)
 P :1...10           ( 6.00  -316.8882)  ( 6.00  -140.3676)  ( 6.00   -78.6060)  ( 2.00   -49.5143)
                     ( 0.00   -32.3020)  ( 0.00   -20.0500)  ( 0.00   -11.9305)  ( 0.00    -6.8357)
                     ( 0.00    95.0636)  ( 0.00  2472.7040)
 D :1...7            (10.00  -139.1572)  (10.00   -77.8656)  ( 0.00   -48.5670)  ( 0.00   -31.2243)
                     ( 0.00   -19.6652)  ( 0.00   -11.6355)  ( 0.00    -6.9200)
 F :1...1            ( 0.00   -22.9989)

 CYCLE    2
  SDIIS (wt  0.000):  1.0000 -0.0000
 A-DIIS (wt  1.000):  0.0000  1.0000
  DIIS coefficients:  0.0000  1.0000
 SCF Error: norm([F,P])=    277.786460774496, max([F,P])=     36.349555025260
 orbitals (Q,E):
 ---------------
 S :1...6            ( 2.00  -996.2051)  ( 2.00  -108.6365)  ( 2.00    -5.5318)  ( 2.00    -0.0813)
                     ( 2.00     0.2146)  ( 0.00     1.0547)
 P :1...5            ( 6.00   -89.4493)  ( 6.00    -1.1223)  ( 6.00     0.0312)  ( 2.00     0.1718)
                     ( 0.00     0.7876)
 D :1...3            (10.00     0.2476)  (10.00     0.9956)  ( 0.00     3.0773)
 F :1...1            ( 0.00     1.6060)

 CYCLE    3
  SDIIS (wt  0.000):  0.1449  0.8551
 A-DIIS (wt  1.000):  0.5229  0.4771
  DIIS coefficients:  0.5229  0.4771
 SCF Error: norm([F,P])=    108.374752361848, max([F,P])=     33.328983423215
 orbitals (Q,E):
 ---------------
 S :1...6            ( 2.00 -1061.4878)  ( 2.00  -163.0476)  ( 2.00   -37.5327)  ( 2.00   -11.0946)
                     ( 2.00    -3.8711)  ( 0.00    -1.1033)
 P :1...5            ( 6.00  -145.7749)  ( 6.00   -32.1173)  ( 6.00    -9.3150)  ( 2.00    -3.1476)
                     ( 0.00    -0.8117)
 D :1...3            (10.00   -23.8141)  (10.00    -6.6536)  ( 0.00    -2.0984)
 F :1...1            ( 0.00    -1.6698)

 CYCLE    4
  SDIIS (wt  0.000):  0.0190 -0.0086  0.9896
 A-DIIS (wt  1.000):  0.0000  0.0000  1.0000
  DIIS coefficients:  0.0000  0.0000  1.0000
 SCF Error: norm([F,P])=     16.291480722579, max([F,P])=      2.694814166794
 orbitals (Q,E):
 ---------------
 S :1...6            ( 2.00 -1061.5673)  ( 2.00  -157.1432)  ( 2.00   -27.2242)  ( 2.00    -2.4242)
                     ( 2.00     0.0342)  ( 0.00     0.3417)
 P :1...5            ( 6.00  -140.7614)  ( 6.00   -21.8888)  ( 6.00    -1.0346)  ( 2.00     0.0454)
                     ( 0.00     0.2475)
 D :1...3            (10.00   -13.6048)  (10.00     0.2770)  ( 0.00     0.6924)
 F :1...1            ( 0.00     1.3832)

 CYCLE    5
  SDIIS (wt  0.000):  0.0094 -0.0117  0.4702  0.5320
 A-DIIS (wt  1.000):  0.0000  0.0000  0.7798  0.2202
  DIIS coefficients:  0.0000  0.0000  0.7798  0.2202
 SCF Error: norm([F,P])=     14.424722488112, max([F,P])=      3.024724170633
 orbitals (Q,E):
 ---------------
 S :1...6            ( 2.00 -1064.8148)  ( 2.00  -160.4822)  ( 2.00   -30.2766)  ( 2.00    -4.5467)
                     ( 2.00    -0.4468)  ( 0.00     0.0910)
 P :1...5            ( 6.00  -144.1095)  ( 6.00   -24.9424)  ( 6.00    -2.9933)  ( 2.00    -0.1754)
                     ( 0.00     0.0405)
 D :1...3            (10.00   -16.6998)  (10.00    -0.7865)  ( 0.00     0.1397)
 F :1...1            ( 0.00     0.6913)

 CYCLE    6
  SDIIS (wt  0.000):  0.0017 -0.0027  0.1459 -0.0879  0.9429
 A-DIIS (wt  1.000):  0.0000  0.0000  0.0000  0.0000  1.0000
  DIIS coefficients:  0.0000  0.0000  0.0000  0.0000  1.0000
 SCF Error: norm([F,P])=      3.428013731933, max([F,P])=      0.633400442938
 orbitals (Q,E):
 ---------------
 S :1...6            ( 2.00 -1066.0659)  ( 2.00  -162.2225)  ( 2.00   -32.1700)  ( 2.00    -5.5484)
                     ( 2.00    -0.4490)  ( 0.00     0.0595)
 P :1...5            ( 6.00  -145.7931)  ( 6.00   -26.8285)  ( 6.00    -3.8830)  ( 2.00    -0.1517)
                     ( 0.00     0.0357)
 D :1...3            (10.00   -18.6046)  (10.00    -1.4221)  ( 0.00     0.1394)
 F :1...1            ( 0.00     0.7294)

 CYCLE    7
  SDIIS (wt  0.000): -0.0000 -0.0003  0.0631 -0.0160  0.5897  0.3635
 A-DIIS (wt  1.000):  0.0000  0.0000  0.0000  0.0000  0.5167  0.4833
  DIIS coefficients:  0.0000  0.0000  0.0000  0.0000  0.5167  0.4833
 SCF Error: norm([F,P])=      3.942546620699, max([F,P])=      0.857351526005
 orbitals (Q,E):
 ---------------
 S :1...6            ( 2.00 -1064.5056)  ( 2.00  -160.7255)  ( 2.00   -30.9813)  ( 2.00    -4.8763)
                     ( 2.00    -0.3374)  ( 0.00     0.0863)
 P :1...5            ( 6.00  -144.2745)  ( 6.00   -25.6363)  ( 6.00    -3.2595)  ( 2.00    -0.0962)
                     ( 0.00     0.0501)
 D :1...3            (10.00   -17.3770)  (10.00    -0.9108)  ( 0.00     0.1609)
 F :1...1            ( 0.00     0.8254)

 CYCLE    8
  SDIIS (wt  0.478): -0.0000 -0.0000 -0.0040 -0.0030  0.0841  0.0948  0.8281
 A-DIIS (wt  0.522):  0.0000  0.0000  0.0000  0.0000  0.0000  0.0000  1.0000
  DIIS coefficients: -0.0000 -0.0000 -0.0019 -0.0014  0.0402  0.0453  0.9179
 SCF Error: norm([F,P])=      0.327744108859, max([F,P])=      0.052714046332
 orbitals (Q,E):
 ---------------
 S :1...6            ( 2.00 -1064.7833)  ( 2.00  -160.9364)  ( 2.00   -31.0913)  ( 2.00    -4.9529)
                     ( 2.00    -0.3979)  ( 0.00     0.0650)
 P :1...5            ( 6.00  -144.4969)  ( 6.00   -25.7481)  ( 6.00    -3.3374)  ( 2.00    -0.1411)
                     ( 0.00     0.0367)
 D :1...3            (10.00   -17.4968)  (10.00    -0.9896)  ( 0.00     0.1270)
 F :1...1            ( 0.00     0.7620)

 CYCLE    9
  SDIIS (wt  0.828): -0.0000  0.0000 -0.0004 -0.0001  0.0144  0.0066  0.2380  0.7415
 A-DIIS (wt  0.172):  0.0000  0.0000  0.0000  0.0000  0.0000  0.0000  0.0000  1.0000
  DIIS coefficients: -0.0000  0.0000 -0.0003 -0.0001  0.0119  0.0055  0.1970  0.7860
 SCF Error: norm([F,P])=      0.092371484389, max([F,P])=      0.018038408029
 orbitals (Q,E):
 ---------------
 S :1...6            ( 2.00 -1064.7088)  ( 2.00  -160.8712)  ( 2.00   -31.0432)  ( 2.00    -4.9137)
                     ( 2.00    -0.3746)  ( 0.00     0.0745)
 P :1...5            ( 6.00  -144.4299)  ( 6.00   -25.6997)  ( 6.00    -3.2985)  ( 2.00    -0.1239)
                     ( 0.00     0.0400)
 D :1...3            (10.00   -17.4470)  (10.00    -0.9526)  ( 0.00     0.1398)
 F :1...1            ( 0.00     0.7863)

 CYCLE   10
  SDIIS (wt  0.950):  0.0000 -0.0000 -0.0001  0.0000 -0.0003  0.0005  0.0491  0.2879  0.6628
 A-DIIS (wt  0.050):  0.0000  0.0000  0.0000  0.0000  0.0000  0.0000  0.0000  0.0000  1.0000
  DIIS coefficients:  0.0000 -0.0000 -0.0001  0.0000 -0.0003  0.0005  0.0467  0.2736  0.6795
 SCF Error: norm([F,P])=      0.026285124384, max([F,P])=      0.005916545149
 orbitals (Q,E):
 ---------------
 S :1...6            ( 2.00 -1064.7219)  ( 2.00  -160.8839)  ( 2.00   -31.0546)  ( 2.00    -4.9232)
                     ( 2.00    -0.3789)  ( 0.00     0.0733)
 P :1...5            ( 6.00  -144.4427)  ( 6.00   -25.7111)  ( 6.00    -3.3078)  ( 2.00    -0.1268)
                     ( 0.00     0.0391)
 D :1...3            (10.00   -17.4585)  (10.00    -0.9611)  ( 0.00     0.1379)
 F :1...1            ( 0.00     0.7818)

 CYCLE   11
  SDIIS (wt  1.000):  0.0000  0.0000  0.0000  0.0000  0.0000 -0.0002 -0.0031 -0.0172  0.0249  0.9954
  DIIS coefficients:  0.0000  0.0000  0.0000  0.0000  0.0000 -0.0002 -0.0031 -0.0172  0.0249  0.9954
 SCF Error: norm([F,P])=      0.002212346801, max([F,P])=      0.000479311812
 orbitals (Q,E):
 ---------------
 S :1...6            ( 2.00 -1064.7209)  ( 2.00  -160.8829)  ( 2.00   -31.0537)  ( 2.00    -4.9225)
                     ( 2.00    -0.3786)  ( 0.00     0.0735)
 P :1...5            ( 6.00  -144.4417)  ( 6.00   -25.7102)  ( 6.00    -3.3071)  ( 2.00    -0.1265)
                     ( 0.00     0.0391)
 D :1...3            (10.00   -17.4576)  (10.00    -0.9604)  ( 0.00     0.1381)
 F :1...1            ( 0.00     0.7822)

 CYCLE   12
  SDIIS (wt  1.000):  0.0000  0.0000  0.0000  0.0000 -0.0000  0.0000 -0.0001  0.0016  0.0267  0.9717
  DIIS coefficients:  0.0000  0.0000  0.0000  0.0000 -0.0000  0.0000 -0.0001  0.0016  0.0267  0.9717
 SCF Error: norm([F,P])=      0.000044743621, max([F,P])=      0.000009595294
 orbitals (Q,E):
 ---------------
 S :1...6            ( 2.00 -1064.7209)  ( 2.00  -160.8829)  ( 2.00   -31.0537)  ( 2.00    -4.9225)
                     ( 2.00    -0.3786)  ( 0.00     0.0735)
 P :1...5            ( 6.00  -144.4417)  ( 6.00   -25.7102)  ( 6.00    -3.3071)  ( 2.00    -0.1265)
                     ( 0.00     0.0391)
 D :1...3            (10.00   -17.4576)  (10.00    -0.9604)  ( 0.00     0.1381)
 F :1...1            ( 0.00     0.7821)

 CYCLE   13
  SDIIS (wt  1.000): -0.0000  0.0000 -0.0000  0.0000  0.0000  0.0000  0.0002 -0.0017  0.0790  0.9225
  DIIS coefficients: -0.0000  0.0000 -0.0000  0.0000  0.0000  0.0000  0.0002 -0.0017  0.0790  0.9225
 SCF Error: norm([F,P])=      0.000003335954, max([F,P])=      0.000000923212
 orbitals (Q,E):
 ---------------
 S :1...6            ( 2.00 -1064.7209)  ( 2.00  -160.8829)  ( 2.00   -31.0537)  ( 2.00    -4.9225)
                     ( 2.00    -0.3786)  ( 0.00     0.0735)
 P :1...5            ( 6.00  -144.4417)  ( 6.00   -25.7102)  ( 6.00    -3.3071)  ( 2.00    -0.1265)
                     ( 0.00     0.0391)
 D :1...3            (10.00   -17.4576)  (10.00    -0.9604)  ( 0.00     0.1381)
 F :1...1            ( 0.00     0.7822)

 CYCLE   14
  SDIIS (wt  1.000):  0.0000  0.0000 -0.0000 -0.0003  0.0004  0.0626  0.9372
  DIIS coefficients:  0.0000  0.0000 -0.0000 -0.0003  0.0004  0.0626  0.9372
 SCF Error: norm([F,P])=      0.000000166757, max([F,P])=      0.000000032994
 orbitals (Q,E):
 ---------------
 S :1...6            ( 2.00 -1064.7209)  ( 2.00  -160.8829)  ( 2.00   -31.0537)  ( 2.00    -4.9225)
                     ( 2.00    -0.3786)  ( 0.00     0.0735)
 P :1...5            ( 6.00  -144.4417)  ( 6.00   -25.7102)  ( 6.00    -3.3071)  ( 2.00    -0.1265)
                     ( 0.00     0.0391)
 D :1...3            (10.00   -17.4576)  (10.00    -0.9604)  ( 0.00     0.1381)
 F :1...1            ( 0.00     0.7822)

 CYCLE   15
  SDIIS (wt  1.000):  0.0000  0.0000  0.0001  0.0020 -0.0323  1.0303
  DIIS coefficients:  0.0000  0.0000  0.0001  0.0020 -0.0323  1.0303
 SCF Error: norm([F,P])=      0.000000009249, max([F,P])=      0.000000002860
 orbitals (Q,E):
 ---------------
 S :1...6            ( 2.00 -1064.7209)  ( 2.00  -160.8829)  ( 2.00   -31.0537)  ( 2.00    -4.9225)
                     ( 2.00    -0.3786)  ( 0.00     0.0735)
 P :1...5            ( 6.00  -144.4417)  ( 6.00   -25.7102)  ( 6.00    -3.3071)  ( 2.00    -0.1265)
                     ( 0.00     0.0391)
 D :1...3            (10.00   -17.4576)  (10.00    -0.9604)  ( 0.00     0.1381)
 F :1...1            ( 0.00     0.7822)

 SCF CONVERGED

 CYCLE   16
1
 ***************************************************************************************************



                                                *******************
                                                *  R E S U L T S  *
                                                *******************
  
 *** Using FIT density in Focky
  SDIIS (wt  1.000):  0.0000  0.0000 -0.0001 -0.0014  0.0013  1.0001
  DIIS coefficients:  0.0000  0.0000 -0.0001 -0.0014  0.0013  1.0001
 SCF Error: norm([F,P])=      0.000000000204, max([F,P])=      0.000000000047

 Scaled ZORA Orbital Energies, per Irrep and Spin:
 =================================================
                        Occup              E (au)              E (eV)       Diff (eV) with prev. cycle
                        -----      --------------------        ------       --------------------------
 S
               1        2.000     -0.10647209199281E+04    -28972.530              -2.47E-09
               2        2.000     -0.16088286034849E+03     -4377.845              -2.76E-09
               3        2.000     -0.31053715697989E+02      -845.015              -2.93E-09
               4        2.000     -0.49224891045963E+01      -133.948              -2.77E-09
               5        2.000     -0.37856854779053E+00       -10.301              -1.35E-09
               6        0.000      0.73503973247843E-01         2.000
               7        0.000      0.91181527155269E+00        24.812
               8        0.000      0.53181683372612E+01       144.715
               9        0.000      0.31973345035042E+02       870.039
              10        0.000      0.64931783247385E+03     17668.837
              11        0.000      0.44852231379600E+04    122049.131
              12        0.000      0.22250957401268E+05    605479.358
 P
               1        6.000     -0.14444165769759E+03     -3930.457              -2.76E-09
               2        6.000     -0.25710203204865E+02      -699.610              -3.00E-09
               3        6.000     -0.33071325073446E+01       -89.992              -2.69E-09
               4        2.000     -0.12653692879907E+00        -3.443              -1.02E-09
               5        0.000      0.39065201498628E-01         1.063
               6        0.000      0.47515018667985E+00        12.929
               7        0.000      0.33515209444137E+01        91.200
               8        0.000      0.24951201486956E+02       678.957
               9        0.000      0.24950000757606E+03      6789.241
              10        0.000      0.26688255759368E+04     72622.439
 D
               1       10.000     -0.17457558356055E+02      -475.044              -3.01E-09
               2       10.000     -0.96044243685706E+00       -26.135              -2.55E-09
               3        0.000      0.13807048026280E+00         3.757
               4        0.000      0.87167275171809E+00        23.719
               5        0.000      0.41055662260738E+01       111.718
               6        0.000      0.19881508193924E+02       541.003
               7        0.000      0.11155764168586E+03      3035.638
 F
               1        0.000      0.78215131097207E+00        21.283


 Partially Occupied:
               4 P                -0.12653692879907E+00
  
 HOMO :        5 S                -0.37856854779053E+00
 LUMO :        5 P                 0.39065201498628E-01
  


 Orbital Energies, all Irreps
 ========================================

 Irrep        no.  (spin)   Occup              E (au)                E (eV)
 ---------------------------------------------------------------------------
 S             1             2.00       -0.10647209199281E+04    -28972.5304
 S             2             2.00       -0.16088286034849E+03     -4377.8454
 P             1             6.00       -0.14444165769759E+03     -3930.4575
 S             3             2.00       -0.31053715697989E+02      -845.0146
 P             2             6.00       -0.25710203204865E+02      -699.6102
 D             1            10.00       -0.17457558356055E+02      -475.0443
 S             4             2.00       -0.49224891045963E+01      -133.9477
 P             3             6.00       -0.33071325073446E+01       -89.9917
 D             2            10.00       -0.96044243685706E+00       -26.1350
 S             5             2.00       -0.37856854779053E+00       -10.3014
 P             4             2.00       -0.12653692879907E+00        -3.4432
 P             5             0.00        0.39065201498628E-01         1.0630
 S             6             0.00        0.73503973247843E-01         2.0001
 D             3             0.00        0.13807048026280E+00         3.7571
 P             6             0.00        0.47515018667985E+00        12.9295
 F             1             0.00        0.78215131097207E+00        21.2834
 D             4             0.00        0.87167275171809E+00        23.7194
 S             7             0.00        0.91181527155269E+00        24.8118
 P             7             0.00        0.33515209444137E+01        91.1995
 D             5             0.00        0.41055662260738E+01       111.7181
 S             8             0.00        0.53181683372612E+01       144.7147
 D             6             0.00        0.19881508193924E+02       541.0034
 P             8             0.00        0.24951201486956E+02       678.9567
 S             9             0.00        0.31973345035042E+02       870.0390
 D             7             0.00        0.11155764168586E+03      3035.6379
 P             9             0.00        0.24950000757606E+03      6789.2406
 S            10             0.00        0.64931783247385E+03     17668.8372
 P            10             0.00        0.26688255759368E+04     72622.4390
 S            11             0.00        0.44852231379600E+04    122049.1315
 S            12             0.00        0.22250957401268E+05    605479.3579


 All Electron Calculation, thus no Orbital Energies of the Core Orbitals are calculated



 =======================================
 M U L L I K E N   P O P U L A T I O N S
 =======================================
  
 The survey below gives for each atom:
 a) the total charge (Z minus electrons)
 b) the net spin polarization (nr of electrons spin-A minus spin-B)
 c) for each spin the atomic electron valence density (integrated) per L-value.

 Atom              Charge    Spin density          S         P         D         F
 ----              ------    ------------       ------    ------    ------    ------
 1 Sn              0.0000                      10.0000   20.0000   20.0000    0.0000

 Populations of individual BAS functions
 ----------------------------------------
 1 Sn           0.0067  0.1890  1.8697 -0.1595  2.0897  1.8067 -0.5005  1.8375  0.8867  0.7367
                1.0676  0.1699  0.0053  0.0053  0.0053  0.4361  0.4361  0.4361  1.5410  1.5410
                1.5410  1.2833  1.2833  1.2833  0.7229  0.7229  0.7229  1.3106  1.3106  1.3106
                0.7136  0.7136  0.7136  0.2632  0.2632  0.2632  0.3179  0.3179  0.3179  0.0728
                0.0728  0.0728  0.1513  0.2270  0.2270  0.1513  0.2270  0.1513  0.8096  1.2145
                1.2145  0.8096  1.2145  0.8096  0.3934  0.5902  0.5902  0.3934  0.5902  0.3934
                0.5538  0.8308  0.8308  0.5538  0.8308  0.5538  0.6354  0.9531  0.9531  0.6354
                0.9531  0.6354  0.1230  0.1845  0.1845  0.1230  0.1845  0.1230  0.0000  0.0000
                0.0000  0.0000  0.0000  0.0000  0.0000  0.0000  0.0000  0.0000  0.0000  0.0000
                0.0000  0.0000  0.0000  0.0000

 Gross Charges per Atom (Z minus electrons)
 ==========================================
             0.0000
 Net Total:  0.00000000



 =======================================================================
 Electrostatic potential at the Nuclei due to electrons and other nuclei
 =======================================================================
  
         Atom                  Potential
         ----                  ---------
     1)   Sn                302.34094483


JSONified input:
++++++++++++++++
{
  "Create": "Cl m=34.9688520000000 /cm/shared/package/ams2021.102/atomicdata/ADF/ZORA/TZ2P/Cl",
  "CorePotentials": {
    "_1": [],
    "_h": "/scratch/3980/amstmp_30.achiral_catalyst.H_H_SnCl4.Rcat_kid0.2022467339/t12.rel"
  },
  "xc": {
    "gga": "OLYP"
  }
}


JSONified input traversal:
++++++++++++++++++++++++++
2 3 , path = 
7 0 Create, path = Create
2 2 CorePotentials, path = CorePotentials
3 0 _1, path = CorePotentials%_1
7 0 _h, path = CorePotentials%_h
2 1 xc, path = xc
7 0 gga, path = xc%gga
 dirac file name: /cm/shared/package/ams2021.102/atomicdata/Dirac/Cl



                     **************************************************************************
                     *  DIRAC 2021.102  RunTime: Jan22-2022 23:26:38  ShM Nodes: 1  Procs: 1  *
                     **************************************************************************
  
1
 CHLORINE ATOM all electron RELATIVISTIC, Point Nuc, A and c 
 N J RN H ZN XION ANUC CLIGHT
 5000    7100.00000000197.36710137 17.00000000  0.00000000   34.968852  0.1370360E+03
  PH   PHI     EPS        DEL        DELRVR
  0.30  0.30     2500.00  0.00001000  0.00001000
 IDIRC  NC1  NDEBU NPRIN  IPUN IRCOR IWCOR
   1   300     0     0     0     0     0
   XALPHA      XLATTER      RNUC
  0.70000000  0.00000000  0.00000000 Point Charge
   XN   XL   XJ      XE          XZ      XDELL
  1.0  0.0  0.5    -600.000       2.000     0.00000
  2.0  0.0  0.5     -75.000       2.000     0.00000
  2.0  1.0  0.5     -70.000       2.000     0.00000
  2.0  1.0  1.5     -70.000       4.000     0.00000
  3.0  0.0  0.5     -25.000       2.000     0.00000
  3.0  1.0  0.5      -0.250       2.000     0.00000
  3.0  1.0  1.5      -0.250       3.000     0.00000
 R(1)=  0.1000000E-08 D=  0.1005080E+01 RNUC=  0.0000000E+00
 converged at cycle   34  DENSITY AVERAGING    0.3000
  MAXIMUM ERROR IN R.V(R) IS   0.96545337E-05
 Q,EY,EV,EZ,ESUM,ETOT,RHO  0.170000E+02 -0.355868E+02 -0.728451E+03 -0.109993E+04 -0.265430E+03 -0.460064E+03  0.533413E-13


 DIRAC CALCULATION
1                    CHLORINE ATOM all electron RELATIVISTIC, Point Nuc, A and c from libtc


 EXCHANGE COEFFICIENT=  0.7000000           TAIL CORRECTION=  0.           NUCLEAR RADIUS=  0.000E+00
0                       ORBITAL    N    L    J     ELECTRONS     EIGENVALUE                DELTA OF EIGENV.

                          1S1/2  1.0  0.0  0.5     2.000       -0.1009040E+03                 0.2186076E-04
                          2S1/2  2.0  0.0  0.5     2.000       -0.9246960E+01                 0.1636200E-05
                          2P1/2  2.0  1.0  0.5     2.000       -0.7080253E+01                 0.2467601E-05
                          2P3/2  2.0  1.0  1.5     4.000       -0.7017706E+01                 0.2480606E-05
                          3S1/2  3.0  0.0  0.5     2.000       -0.7283443E+00                 0.2321825E-06
                          3P1/2  3.0  1.0  0.5     2.000       -0.2907052E+00                 0.1166284E-06
                          3P3/2  3.0  1.0  1.5     3.000       -0.2860506E+00                 0.1114993E-06


                                        NUCLEAR CHARGE=   17.000000
                            INTEGRAL OF CHARGE DENSITY=   17.000000
                           SUM OF THE ORBITAL ENERGIES=   -265.4295
                                          TOTAL ENERGY=   -460.0643
                                        KINETIC ENERGY=    463.0218
                             NUCLEAR ATTRACTION ENERGY=  -1099.9274
                             ELECTRON REPULSION ENERGY=    203.5315
                                       EXCHANGE ENERGY=    -26.6901

 Chlorine (TZ2P)



 ===========================
 A T T A C H E D   F I L E S
 ===========================
  
 CREATE - Data File:    /cm/shared/package/ams2021.102/atomicdata/ADF/ZORA/TZ2P/Cl
                        Chlorine (TZ2P)
 Core Potentials:
         file : /scratch/3980/amstmp_30.achiral_catalyst.H_H_SnCl4.Rcat_kid0.2022467339/t12.rel



 ===============================
 M O D E L   P A R A M E T E R S
 ===============================
  
 DENSITY FUNCTIONAL POTENTIAL (scf)
    LDA:                               Exchange only                           == Not Default ==
    Gradient Corrections:              OPTX LYP                                == Not Default ==

 SPIN  (restricted / unrestr.)
    Molecule:                          Restricted                               

 OTHER ASPECTS
    Relativistic Corrections:          scalar (ZORA,MAPA)                       

    Nuclear Charge Density Model:      Point Charge Nuclei                      
    Core Treatment:                    Frozen Orbital(s)                        

    Hyperfine or Zeeman Interaction:   ---                                      



 =====================================
 S Y M M E T R Y ,   E L E C T R O N S
 =====================================
  
 Symmetry: ATOM

 Irreducible Representations, including subspecies
 -------------------------------------------------
 S
 P:x  P:y  P:z
 D:z2  D:x2-y2  D:xy  D:xz  D:yz
 F:z3  F:z  F:xyz  F:z2x  F:z2y  F:x  F:y


 Configuration of Valence Electrons
 ==================================

          Occupation Numbers
          -------------------------------------------------
 S        3*2
 P        6 5
 D        0
 F        0
          -------------------------------------------------

 Total:   17

 Net Charge: 0 (Nuclei minus Electrons)

 Preset values for MO occupations will be applied through SCF cycle no. 1000000
 Thereafter, the program will assign electrons to MOs that are spatially
 similar to the occupied MOs in a "reference" cycle ("KeepOrbitals").
 The reference cycle is always the PREVIOUS cycle: it will evolve with
 the SCF procedure.



 ================================
 (Slater-type)  F U N C T I O N S  ***  (Basis and Fit)  ***
 ================================
  

 Atom Type    1  (Cl)
 ==============

 Valence Basis Sets:  14
 -----------------------
   1 S   20.300000
   1 S   15.250000
   2 S    6.250000
   2 S    4.450000
   2 P    8.850000
   2 P    5.050000
   3 S    3.450000
   3 S    2.300000
   3 S    1.600000
   3 P    3.350000
   3 P    2.050000
   3 P    1.200000
   3 D    2.000000
   4 F    2.000000


 BAS: List of all Elementary Cartesian Basis Functions
 =====================================================

 The numbering in the list below (to the right of the function characteristics) is referred
 to in print-outs of MO eigenvectors and Mulliken populations in the BAS representation
 (as contrasted to the SFO representation).

 Notes:
 1. The functions are characterized by a polynomial prefactor (powers of x,y,z and r) and
    an exponential decay factor alpha.
 2. Since the basis sets are specific for an atom TYPE, the individual functions occur on
    all atoms of that type.
 3. The word 'Core' in the left margin signals that it is a Core Function (CF) : not a
    degree of freedom in the valence set, but only used to ensure orthogonalization of
    the other valence basis functions on the frozen Core Orbitals.


 (power of) X  Y  Z  R     Alpha  on Atom
            ==========     =====     ==========

 Cl                                   1
                                  ---------------------------------------------------------------------------
            0  0  0  0    20.300      1
            0  0  0  0    15.250      2
            0  0  0  1     6.250      3
            0  0  0  1     4.450      4
            1  0  0  0     8.850      5
            0  1  0  0     8.850      6
            0  0  1  0     8.850      7
            1  0  0  0     5.050      8
            0  1  0  0     5.050      9
            0  0  1  0     5.050     10
            0  0  0  2     3.450     11
            0  0  0  2     2.300     12
            0  0  0  2     1.600     13
            1  0  0  1     3.350     14
            0  1  0  1     3.350     15
            0  0  1  1     3.350     16
            1  0  0  1     2.050     17
            0  1  0  1     2.050     18
            0  0  1  1     2.050     19
            1  0  0  1     1.200     20
            0  1  0  1     1.200     21
            0  0  1  1     1.200     22
            2  0  0  0     2.000     23
            1  1  0  0     2.000     24
            1  0  1  0     2.000     25
            0  2  0  0     2.000     26
            0  1  1  0     2.000     27
            0  0  2  0     2.000     28
            3  0  0  0     2.000     29
            2  1  0  0     2.000     30
            2  0  1  0     2.000     31
            1  2  0  0     2.000     32
            1  1  1  0     2.000     33
            1  0  2  0     2.000     34
            0  3  0  0     2.000     35
            0  2  1  0     2.000     36
            0  1  2  0     2.000     37
            0  0  3  0     2.000     38

 Total number of charge fitting functions (nprimf)       106
 Total number of Cartesian basis functions (naos)         38
 Total number of Cartesian core functions  (ncos)          0



 BAS: List of all Elementary Cartesian Basis Functions
 =====================================================

 The numbering in the list below (to the right of the function characteristics) is referred
 to in print-outs of MO eigenvectors and Mulliken populations in the BAS representation
 (as contrasted to the SFO representation).

 Notes:
 1. The functions are characterized by a polynomial prefactor (powers of x,y,z and r) and
    an exponential decay factor alpha.
 2. Since the basis sets are specific for an atom TYPE, the individual functions occur on
    all atoms of that type.
 3. The word 'Core' in the left margin signals that it is a Core Function (CF) : not a
    degree of freedom in the valence set, but only used to ensure orthogonalization of
    the other valence basis functions on the frozen Core Orbitals.


 (power of) X  Y  Z  R     Alpha  on Atom
            ==========     =====     ==========

 Cl                                   1
                                  ---------------------------------------------------------------------------
            0  0  0  0    20.300      1
            0  0  0  0    15.250      2
            0  0  0  1     6.250      3
            0  0  0  1     4.450      4
            1  0  0  0     8.850      5
            0  1  0  0     8.850      6
            0  0  1  0     8.850      7
            1  0  0  0     5.050      8
            0  1  0  0     5.050      9
            0  0  1  0     5.050     10
            0  0  0  2     3.450     11
            0  0  0  2     2.300     12
            0  0  0  2     1.600     13
            1  0  0  1     3.350     14
            0  1  0  1     3.350     15
            0  0  1  1     3.350     16
            1  0  0  1     2.050     17
            0  1  0  1     2.050     18
            0  0  1  1     2.050     19
            1  0  0  1     1.200     20
            0  1  0  1     1.200     21
            0  0  1  1     1.200     22
            2  0  0  0     2.000     23
            1  1  0  0     2.000     24
            1  0  1  0     2.000     25
            0  2  0  0     2.000     26
            0  1  1  0     2.000     27
            0  0  2  0     2.000     28
            3  0  0  0     2.000     29
            2  1  0  0     2.000     30
            2  0  1  0     2.000     31
            1  2  0  0     2.000     32
            1  1  1  0     2.000     33
            1  0  2  0     2.000     34
            0  3  0  0     2.000     35
            0  2  1  0     2.000     36
            0  1  2  0     2.000     37
            0  0  3  0     2.000     38
1
 ***************************************************************************************************



                                              ***********************
                                              *  T E C H N I C A L  *
                                              ***********************
  



 =============================================================
 P A R A L L E L I Z A T I O N  and  V E C T O R I Z A T I O N
 =============================================================
  
 Nr of parallel processes:                                1
 Maximum vector length in NumInt loops:                 128



 =====================
 S C F   U P D A T E S
 =====================
  
 Max. nr. of cycles:                               300
 Convergence criterion:                              0.0000000100
   secondary criterion:                              0.0000000100

 Mix parameter (when DIIS does not apply):           0.2000000000
 Special mix parameter for the first cycle:          1.0000000000
 Mixed ADIIS+SDIIS will be used                  
    Max number of expansion vectors:                10
    Pure ADIIS when Max([F,P]) is above              0.1000000000
    Pure SDIIS when Max([F,P]) is below              0.0010000000
 Automatic ElectronSmearing (in case of problematic SCF convergence) disabled



 =================
 P R E C I S I O N  ***  (General: NumInt, NeglectFunctionTails, ...)  ***
 =================
  

 NumInt:           Target precision:                12.0000000000
 -------           Initial precision:               10.0000000000
                   Min. precision (optimization):   10.0000000000

 Neglect Functions:          Basis functions:        0.1000000000E-13
 ------------------          Fit functions:          0.1000000000E-13



 ===========================
 L I N E A R   S C A L I N G
 ===========================
  

 Cut-off radii density fit:                        0.1000000000E-97
 Overlap cut-off criterion AO matrix elements:     0.1000000000E-97
 Cut-offs for Coulomb potential and fitted density:0.1000000000E-97
 Cut-off criterion for Coulomb multipole terms:    0.1000000000E-97
 Progressive Convergence parameter:                 0.000000000    
1
 ***************************************************************************************************



                                            ***************************
                                            *  C O M P U T A T I O N  *
                                            ***************************
  

 Number of elements of the density matrix on this node (used, total):       741       741



 ===========================================
 Numerical Integration : Fuzzy Cells (Becke)
 ===========================================
  
 Becke grid quality: VERYGOOD       
  
 Lebedev angular grid order:             min:  13 max:  41
 Nr. of radial points:                   min:  93 max:  93

 Total nr. of points:         93
 Nr. of blocks:                1
 Block length:                93
 Nr. of dummy points:          0


 Test of Precision of the Numerical Integration Grid
 ===================================================

 Integral of the Total Core Density:                   0.00000000000000



 ========================
 Density Fitting (zlmFit)
 ========================
  
 ZlmFit Fit Quality: VERYGOOD       
  
 Max L-expansion:                        min:   0 max:   0
 Nr. of radial interpolation points:     min: 200 max: 200



 =====
 S C F  ***  ScaSCF  ***
 =====
  

 CYCLE    1
 SCF Error: norm([F,P])=      0.000000000000, max([F,P])=      0.000000000000
 orbitals (Q,E):
 ---------------
 S :1...7            ( 2.00  -144.8816)  ( 2.00   -36.2313)  ( 2.00   -16.0820)  ( 0.00    -8.9504)
                     ( 0.00    -5.5462)  ( 0.00    -3.6547)  ( 0.00   167.1699)
 P :1...5            ( 6.00   -36.1675)  ( 5.00   -15.7974)  ( 0.00    -8.4415)  ( 0.00    -4.8315)
                     ( 0.00    -2.9636)
 D :1...1            ( 0.00    -9.3330)
 F :1...1            ( 0.00    -6.4997)

 CYCLE    2
  SDIIS (wt  0.000):  1.0000  0.0000
 A-DIIS (wt  1.000):  0.0000  1.0000
  DIIS coefficients:  0.0000  1.0000
 SCF Error: norm([F,P])=     37.971781294014, max([F,P])=     10.813680006850
 orbitals (Q,E):
 ---------------
 S :1...4            ( 2.00   -86.6566)  ( 2.00    -3.0546)  ( 2.00     0.1498)  ( 0.00     0.8711)
 P :1...3            ( 6.00    -0.6086)  ( 5.00     0.2103)  ( 0.00     1.0571)
 D :1...1            ( 0.00     1.4226)
 F :1...1            ( 0.00     1.7761)

 CYCLE    3
  SDIIS (wt  0.000):  0.2479  0.7521
 A-DIIS (wt  1.000):  0.2196  0.7804
  DIIS coefficients:  0.2196  0.7804
 SCF Error: norm([F,P])=     20.815926914870, max([F,P])=      7.100993094481
 orbitals (Q,E):
 ---------------
 S :1...4            ( 2.00  -105.9157)  ( 2.00   -12.3545)  ( 2.00    -1.9544)  ( 0.00    -0.2120)
 P :1...3            ( 6.00   -10.3158)  ( 5.00    -1.4170)  ( 0.00    -0.1046)
 D :1...1            ( 0.00    -0.4805)
 F :1...1            ( 0.00     0.5998)

 CYCLE    4
  SDIIS (wt  0.000): -0.0794  0.1229  0.9566
 A-DIIS (wt  1.000):  0.0000  0.0000  1.0000
  DIIS coefficients:  0.0000  0.0000  1.0000
 SCF Error: norm([F,P])=      5.866344304796, max([F,P])=      1.997604050835
 orbitals (Q,E):
 ---------------
 S :1...4            ( 2.00   -97.9979)  ( 2.00    -7.4970)  ( 2.00    -0.2527)  ( 0.00     0.3987)
 P :1...3            ( 6.00    -5.1474)  ( 5.00     0.0232)  ( 0.00     0.5026)
 D :1...1            ( 0.00     0.8505)
 F :1...1            ( 0.00     1.4673)

 CYCLE    5
  SDIIS (wt  0.000): -0.0199 -0.0634  0.3847  0.6986
 A-DIIS (wt  1.000):  0.0000  0.0000  0.4590  0.5410
  DIIS coefficients:  0.0000  0.0000  0.4590  0.5410
 SCF Error: norm([F,P])=      3.975165173876, max([F,P])=      1.718008424084
 orbitals (Q,E):
 ---------------
 S :1...4            ( 2.00  -101.1199)  ( 2.00    -9.4875)  ( 2.00    -0.9347)  ( 0.00     0.0977)
 P :1...3            ( 6.00    -7.2284)  ( 5.00    -0.4742)  ( 0.00     0.1522)
 D :1...1            ( 0.00     0.2201)
 F :1...1            ( 0.00     1.0485)

 CYCLE    6
  SDIIS (wt  0.000):  0.0003 -0.0120  0.0243  0.0769  0.9104
 A-DIIS (wt  1.000):  0.0000  0.0000  0.0000  0.0000  1.0000
  DIIS coefficients:  0.0000  0.0000  0.0000  0.0000  1.0000
 SCF Error: norm([F,P])=      0.272450536383, max([F,P])=      0.103362407711
 orbitals (Q,E):
 ---------------
 S :1...4            ( 2.00  -100.9155)  ( 2.00    -9.1763)  ( 2.00    -0.6878)  ( 0.00     0.2294)
 P :1...3            ( 6.00    -6.9249)  ( 5.00    -0.2535)  ( 0.00     0.2464)
 D :1...1            ( 0.00     0.4493)
 F :1...1            ( 0.00     1.2333)

 CYCLE    7
  SDIIS (wt  0.017): -0.0001  0.0009  0.0063 -0.0274  0.3355  0.6848
 A-DIIS (wt  0.983):  0.0000  0.0000  0.0000  0.0000  0.4181  0.5819
  DIIS coefficients: -0.0000  0.0000  0.0001 -0.0005  0.4166  0.5837
 SCF Error: norm([F,P])=      0.226381684225, max([F,P])=      0.098273094668
 orbitals (Q,E):
 ---------------
 S :1...4            ( 2.00  -101.0988)  ( 2.00    -9.3378)  ( 2.00    -0.7670)  ( 0.00     0.2038)
 P :1...3            ( 6.00    -7.0886)  ( 5.00    -0.3194)  ( 0.00     0.2240)
 D :1...1            ( 0.00     0.3802)
 F :1...1            ( 0.00     1.1855)

 CYCLE    8
  SDIIS (wt  0.798):  0.0001 -0.0001 -0.0039  0.0030  0.0589  0.0985  0.8436
 A-DIIS (wt  0.202):  0.0000  0.0000  0.0000  0.0000  0.0000  0.0000  1.0000
  DIIS coefficients:  0.0001 -0.0000 -0.0031  0.0024  0.0470  0.0786  0.8751
 SCF Error: norm([F,P])=      0.056909556339, max([F,P])=      0.020986239628
 orbitals (Q,E):
 ---------------
 S :1...4            ( 2.00  -101.0467)  ( 2.00    -9.3095)  ( 2.00    -0.7572)  ( 0.00     0.2080)
 P :1...3            ( 6.00    -7.0582)  ( 5.00    -0.3110)  ( 0.00     0.2271)
 D :1...1            ( 0.00     0.3882)
 F :1...1            ( 0.00     1.1913)

 CYCLE    9
  SDIIS (wt  0.984):  0.0000  0.0000 -0.0001  0.0000 -0.0016 -0.0075  0.0911  0.9181
 A-DIIS (wt  0.016):  0.0000  0.0000  0.0000  0.0000  0.0000  0.0000  0.0000  1.0000
  DIIS coefficients:  0.0000  0.0000 -0.0001  0.0000 -0.0016 -0.0074  0.0896  0.9194
 SCF Error: norm([F,P])=      0.006644185670, max([F,P])=      0.002633083638
 orbitals (Q,E):
 ---------------
 S :1...4            ( 2.00  -101.0521)  ( 2.00    -9.3126)  ( 2.00    -0.7583)  ( 0.00     0.2079)
 P :1...3            ( 6.00    -7.0615)  ( 5.00    -0.3119)  ( 0.00     0.2271)
 D :1...1            ( 0.00     0.3873)
 F :1...1            ( 0.00     1.1907)

 CYCLE   10
  SDIIS (wt  1.000):  0.0000 -0.0000  0.0000  0.0000 -0.0002  0.0000  0.0010  0.0242  0.9750
  DIIS coefficients:  0.0000 -0.0000  0.0000  0.0000 -0.0002  0.0000  0.0010  0.0242  0.9750
 SCF Error: norm([F,P])=      0.000154458036, max([F,P])=      0.000066117852
 orbitals (Q,E):
 ---------------
 S :1...4            ( 2.00  -101.0520)  ( 2.00    -9.3125)  ( 2.00    -0.7583)  ( 0.00     0.2079)
 P :1...3            ( 6.00    -7.0614)  ( 5.00    -0.3119)  ( 0.00     0.2271)
 D :1...1            ( 0.00     0.3874)
 F :1...1            ( 0.00     1.1907)

 CYCLE   11
  SDIIS (wt  1.000):  0.0000 -0.0000  0.0000 -0.0000  0.0000  0.0001  0.0008  0.0303  0.9688
  DIIS coefficients:  0.0000 -0.0000  0.0000 -0.0000  0.0000  0.0001  0.0008  0.0303  0.9688
 SCF Error: norm([F,P])=      0.000003853420, max([F,P])=      0.000001599164
 orbitals (Q,E):
 ---------------
 S :1...4            ( 2.00  -101.0520)  ( 2.00    -9.3125)  ( 2.00    -0.7583)  ( 0.00     0.2079)
 P :1...3            ( 6.00    -7.0614)  ( 5.00    -0.3119)  ( 0.00     0.2271)
 D :1...1            ( 0.00     0.3874)
 F :1...1            ( 0.00     1.1907)

 CYCLE   12
  SDIIS (wt  1.000): -0.0000 -0.0000 -0.0004  0.0008  0.9997
  DIIS coefficients: -0.0000 -0.0000 -0.0004  0.0008  0.9997
 SCF Error: norm([F,P])=      0.000000068162, max([F,P])=      0.000000029291
 orbitals (Q,E):
 ---------------
 S :1...4            ( 2.00  -101.0520)  ( 2.00    -9.3125)  ( 2.00    -0.7583)  ( 0.00     0.2079)
 P :1...3            ( 6.00    -7.0614)  ( 5.00    -0.3119)  ( 0.00     0.2271)
 D :1...1            ( 0.00     0.3874)
 F :1...1            ( 0.00     1.1907)

 CYCLE   13
  SDIIS (wt  1.000):  0.0000  0.0000 -0.0049  1.0049
  DIIS coefficients:  0.0000  0.0000 -0.0049  1.0049
 SCF Error: norm([F,P])=      0.000000000192, max([F,P])=      0.000000000070
 orbitals (Q,E):
 ---------------
 S :1...4            ( 2.00  -101.0520)  ( 2.00    -9.3125)  ( 2.00    -0.7583)  ( 0.00     0.2079)
 P :1...3            ( 6.00    -7.0614)  ( 5.00    -0.3119)  ( 0.00     0.2271)
 D :1...1            ( 0.00     0.3874)
 F :1...1            ( 0.00     1.1907)

 SCF CONVERGED

 CYCLE   14
1
 ***************************************************************************************************



                                                *******************
                                                *  R E S U L T S  *
                                                *******************
  
 *** Using FIT density in Focky
  SDIIS (wt  1.000): -0.0000 -0.0002  0.0314  0.9687
  DIIS coefficients: -0.0000 -0.0002  0.0314  0.9687
 SCF Error: norm([F,P])=      0.000000000007, max([F,P])=      0.000000000003

 Scaled ZORA Orbital Energies, per Irrep and Spin:
 =================================================
                        Occup              E (au)              E (eV)       Diff (eV) with prev. cycle
                        -----      --------------------        ------       --------------------------
 S
               1        2.000     -0.10105201274764E+03     -2749.765               3.40E-11
               2        2.000     -0.93125120141819E+01      -253.406               8.02E-11
               3        2.000     -0.75825246784340E+00       -20.633               7.57E-11
               4        0.000      0.20793368725110E+00         5.658
               5        0.000      0.20072835631127E+01        54.621
               6        0.000      0.12626121888628E+02       343.574
               7        0.000      0.20559828820639E+03      5594.614
 P
               1        6.000     -0.70614171128671E+01      -192.151               7.26E-11
               2        5.000     -0.31185872114899E+00        -8.486               6.40E-11
               3        0.000      0.22706055575724E+00         6.179
               4        0.000      0.21222337126233E+01        57.749
               5        0.000      0.18690885694353E+02       508.605
 D
               1        0.000      0.38738406525772E+00        10.541
 F
               1        0.000      0.11907332474046E+01        32.402


 Partially Occupied:
               2 P                -0.31185872114899E+00
  
 HOMO :        3 S                -0.75825246784340E+00
 LUMO :        4 S                 0.20793368725110E+00
  


 Orbital Energies, all Irreps
 ========================================

 Irrep        no.  (spin)   Occup              E (au)                E (eV)
 ---------------------------------------------------------------------------
 S             1             2.00       -0.10105201274764E+03     -2749.7652
 S             2             2.00       -0.93125120141819E+01      -253.4063
 P             1             6.00       -0.70614171128671E+01      -192.1509
 S             3             2.00       -0.75825246784340E+00       -20.6331
 P             2             5.00       -0.31185872114899E+00        -8.4861
 S             4             0.00        0.20793368725110E+00         5.6582
 P             3             0.00        0.22706055575724E+00         6.1786
 D             1             0.00        0.38738406525772E+00        10.5413
 F             1             0.00        0.11907332474046E+01        32.4015
 S             5             0.00        0.20072835631127E+01        54.6210
 P             4             0.00        0.21222337126233E+01        57.7489
 S             6             0.00        0.12626121888628E+02       343.5743
 P             5             0.00        0.18690885694353E+02       508.6049
 S             7             0.00        0.20559828820639E+03      5594.6141


 All Electron Calculation, thus no Orbital Energies of the Core Orbitals are calculated



 =======================================
 M U L L I K E N   P O P U L A T I O N S
 =======================================
  
 The survey below gives for each atom:
 a) the total charge (Z minus electrons)
 b) the net spin polarization (nr of electrons spin-A minus spin-B)
 c) for each spin the atomic electron valence density (integrated) per L-value.

 Atom              Charge    Spin density          S         P         D         F
 ----              ------    ------------       ------    ------    ------    ------
 1 Cl             -0.0000                       6.0000   11.0000    0.0000    0.0000

 Populations of individual BAS functions
 ----------------------------------------
 1 Cl           0.5853  1.3696  1.7724  0.1988  0.7345  0.7345  0.7345  1.2684  1.2684  1.2684
                0.5717  1.2024  0.2997  0.2377  0.2377  0.2377  1.0632  1.0632  1.0632  0.3628
                0.3628  0.3628  0.0000  0.0000  0.0000  0.0000  0.0000  0.0000  0.0000  0.0000
                0.0000  0.0000  0.0000  0.0000  0.0000  0.0000  0.0000  0.0000

 Gross Charges per Atom (Z minus electrons)
 ==========================================
            -0.0000
 Net Total: -0.00000000



 =======================================================================
 Electrostatic potential at the Nuclei due to electrons and other nuclei
 =======================================================================
  
         Atom                  Potential
         ----                  ---------
     1)   Cl                 64.84260710


JSONified input:
++++++++++++++++
{
  "Create": "Sn m=119.902198000000 /cm/shared/package/ams2021.102/atomicdata/ADF/ZORA/TZ2P/Sn",
  "CorePotentials": {
    "_1": [],
    "_h": "/scratch/3980/amstmp_30.achiral_catalyst.H_H_SnCl4.Rcat_kid0.2022467339/t12.rel"
  },
  "xc": {
    "gga": "OLYP"
  }
}


JSONified input traversal:
++++++++++++++++++++++++++
2 3 , path = 
7 0 Create, path = Create
2 2 CorePotentials, path = CorePotentials
3 0 _1, path = CorePotentials%_1
7 0 _h, path = CorePotentials%_h
2 1 xc, path = xc
7 0 gga, path = xc%gga
 Using the following fragment file: /scistor/tc/yhk800/MasterProject/calculation
 s/achiral_catalyst_H_H_SnCl4/30.achiral_catalyst.H_H_SnCl4.Rcat/t21.3FD1298D.Sn


JSONified input:
++++++++++++++++
{
  "Create": "Cl m=34.9688520000000 /cm/shared/package/ams2021.102/atomicdata/ADF/ZORA/TZ2P/Cl",
  "CorePotentials": {
    "_1": [],
    "_h": "/scratch/3980/amstmp_30.achiral_catalyst.H_H_SnCl4.Rcat_kid0.2022467339/t12.rel"
  },
  "xc": {
    "gga": "OLYP"
  }
}


JSONified input traversal:
++++++++++++++++++++++++++
2 3 , path = 
7 0 Create, path = Create
2 2 CorePotentials, path = CorePotentials
3 0 _1, path = CorePotentials%_1
7 0 _h, path = CorePotentials%_h
2 1 xc, path = xc
7 0 gga, path = xc%gga
 Using the following fragment file: /scistor/tc/yhk800/MasterProject/calculation
 s/achiral_catalyst_H_H_SnCl4/30.achiral_catalyst.H_H_SnCl4.Rcat/t21.4B3E1DD8.Cl


JSONified input:
++++++++++++++++
{
  "Create": "Sn m=119.902198000000 /cm/shared/package/ams2021.102/atomicdata/ADF/ZORA/TZ2P/Sn",
  "CorePotentials": {
    "_1": [],
    "_h": "/scratch/3980/amstmp_30.achiral_catalyst.H_H_SnCl4.Rcat_kid0.2022467339/t12.rel"
  },
  "xc": {
    "gga": "OLYP"
  }
}


JSONified input traversal:
++++++++++++++++++++++++++
2 3 , path = 
7 0 Create, path = Create
2 2 CorePotentials, path = CorePotentials
3 0 _1, path = CorePotentials%_1
7 0 _h, path = CorePotentials%_h
2 1 xc, path = xc
7 0 gga, path = xc%gga
 Using the following fragment file: /scistor/tc/yhk800/MasterProject/calculation
 s/achiral_catalyst_H_H_SnCl4/30.achiral_catalyst.H_H_SnCl4.Rcat/t21.3FD1298D.Sn


JSONified input:
++++++++++++++++
{
  "Create": "Cl m=34.9688520000000 /cm/shared/package/ams2021.102/atomicdata/ADF/ZORA/TZ2P/Cl",
  "CorePotentials": {
    "_1": [],
    "_h": "/scratch/3980/amstmp_30.achiral_catalyst.H_H_SnCl4.Rcat_kid0.2022467339/t12.rel"
  },
  "xc": {
    "gga": "OLYP"
  }
}


JSONified input traversal:
++++++++++++++++++++++++++
2 3 , path = 
7 0 Create, path = Create
2 2 CorePotentials, path = CorePotentials
3 0 _1, path = CorePotentials%_1
7 0 _h, path = CorePotentials%_h
2 1 xc, path = xc
7 0 gga, path = xc%gga
 Using the following fragment file: /scistor/tc/yhk800/MasterProject/calculation
 s/achiral_catalyst_H_H_SnCl4/30.achiral_catalyst.H_H_SnCl4.Rcat/t21.4B3E1DD8.Cl


JSONified input:
++++++++++++++++
{
  "Create": "Sn m=119.902198000000 /cm/shared/package/ams2021.102/atomicdata/ADF/ZORA/TZ2P/Sn",
  "CorePotentials": {
    "_1": [],
    "_h": "/scratch/3980/amstmp_30.achiral_catalyst.H_H_SnCl4.Rcat_kid0.2022467339/t12.rel"
  },
  "xc": {
    "gga": "OLYP"
  }
}


JSONified input traversal:
++++++++++++++++++++++++++
2 3 , path = 
7 0 Create, path = Create
2 2 CorePotentials, path = CorePotentials
3 0 _1, path = CorePotentials%_1
7 0 _h, path = CorePotentials%_h
2 1 xc, path = xc
7 0 gga, path = xc%gga
 Using the following fragment file: /scistor/tc/yhk800/MasterProject/calculation
 s/achiral_catalyst_H_H_SnCl4/30.achiral_catalyst.H_H_SnCl4.Rcat/t21.3FD1298D.Sn


JSONified input:
++++++++++++++++
{
  "Create": "Cl m=34.9688520000000 /cm/shared/package/ams2021.102/atomicdata/ADF/ZORA/TZ2P/Cl",
  "CorePotentials": {
    "_1": [],
    "_h": "/scratch/3980/amstmp_30.achiral_catalyst.H_H_SnCl4.Rcat_kid0.2022467339/t12.rel"
  },
  "xc": {
    "gga": "OLYP"
  }
}


JSONified input traversal:
++++++++++++++++++++++++++
2 3 , path = 
7 0 Create, path = Create
2 2 CorePotentials, path = CorePotentials
3 0 _1, path = CorePotentials%_1
7 0 _h, path = CorePotentials%_h
2 1 xc, path = xc
7 0 gga, path = xc%gga
 Using the following fragment file: /scistor/tc/yhk800/MasterProject/calculation
 s/achiral_catalyst_H_H_SnCl4/30.achiral_catalyst.H_H_SnCl4.Rcat/t21.4B3E1DD8.Cl


JSONified input:
++++++++++++++++
{
  "Create": "Sn m=119.902198000000 /cm/shared/package/ams2021.102/atomicdata/ADF/ZORA/TZ2P/Sn",
  "CorePotentials": {
    "_1": [],
    "_h": "/scratch/3980/amstmp_30.achiral_catalyst.H_H_SnCl4.Rcat_kid0.2022467339/t12.rel"
  },
  "xc": {
    "gga": "OLYP"
  }
}


JSONified input traversal:
++++++++++++++++++++++++++
2 3 , path = 
7 0 Create, path = Create
2 2 CorePotentials, path = CorePotentials
3 0 _1, path = CorePotentials%_1
7 0 _h, path = CorePotentials%_h
2 1 xc, path = xc
7 0 gga, path = xc%gga
 Using the following fragment file: /scistor/tc/yhk800/MasterProject/calculation
 s/achiral_catalyst_H_H_SnCl4/30.achiral_catalyst.H_H_SnCl4.Rcat/t21.3FD1298D.Sn


JSONified input:
++++++++++++++++
{
  "Create": "Cl m=34.9688520000000 /cm/shared/package/ams2021.102/atomicdata/ADF/ZORA/TZ2P/Cl",
  "CorePotentials": {
    "_1": [],
    "_h": "/scratch/3980/amstmp_30.achiral_catalyst.H_H_SnCl4.Rcat_kid0.2022467339/t12.rel"
  },
  "xc": {
    "gga": "OLYP"
  }
}


JSONified input traversal:
++++++++++++++++++++++++++
2 3 , path = 
7 0 Create, path = Create
2 2 CorePotentials, path = CorePotentials
3 0 _1, path = CorePotentials%_1
7 0 _h, path = CorePotentials%_h
2 1 xc, path = xc
7 0 gga, path = xc%gga
 Using the following fragment file: /scistor/tc/yhk800/MasterProject/calculation
 s/achiral_catalyst_H_H_SnCl4/30.achiral_catalyst.H_H_SnCl4.Rcat/t21.4B3E1DD8.Cl
