<Jan22-2022> <23:26:43>  AMS 2021.102  RunTime: Jan22-2022 23:26:43  ShM Nodes: 1  Procs: 4
<Jan22-2022> <23:26:44>  ADF 2021.102  RunTime: Jan22-2022 23:26:44  ShM Nodes: 1  Procs: 4
<Jan22-2022> <23:26:44>  *** (NO TITLE) ***
<Jan22-2022> <23:26:44>  Iteration 1
<Jan22-2022> <23:26:44>  DIRAC 2021.102  RunTime: Jan22-2022 23:26:44  ShM Nodes: 1  Procs: 1
<Jan22-2022> <23:26:45>  Titanium (TZ2P)
<Jan22-2022> <23:26:45>  Net Charge: 0 (Nuclei minus Electrons)
<Jan22-2022> <23:26:45>  Symmetry  : ATOM
<Jan22-2022> <23:26:45>  Coordinates
<Jan22-2022> <23:26:45>     Atom         X           Y           Z   (Angstrom)
<Jan22-2022> <23:26:45>     1.Ti        0.000000    0.000000    0.000000
<Jan22-2022> <23:26:45>  >>>> CORORT
<Jan22-2022> <23:26:45>  >>>> CLSMAT
<Jan22-2022> <23:26:45>  >>>> ORTHON
<Jan22-2022> <23:26:45>  >>>> GENPT
<Jan22-2022> <23:26:45>  Block Length= 102
<Jan22-2022> <23:26:45>  >>>> PTBAS
<Jan22-2022> <23:26:45>  >>>> CYCLE
<Jan22-2022> <23:26:45>              |Error|         MaxErr       Wt(A-DIIS)
<Jan22-2022> <23:26:45>      1      0.00000000      0.00000000
<Jan22-2022> <23:26:46>      2     59.37721367     16.54315707    100.0
<Jan22-2022> <23:26:46>      3     22.77911837      6.20359722    100.0
<Jan22-2022> <23:26:46>      4      5.97303616      1.91947774    100.0
<Jan22-2022> <23:26:46>      5      5.54712418      1.92304174    100.0
<Jan22-2022> <23:26:46>      6      0.27222639      0.07272669     72.5
<Jan22-2022> <23:26:46>      7      0.31871744      0.09193231    100.0
<Jan22-2022> <23:26:46>      8      0.08828157      0.03333380     32.7
<Jan22-2022> <23:26:46>      9      0.01777815      0.00651437      5.6
<Jan22-2022> <23:26:46>     10      0.00096483      0.00034516      0.0
<Jan22-2022> <23:26:46>     11      0.00007575      0.00002251      0.0
<Jan22-2022> <23:26:46>     12      0.00000261      0.00000073      0.0
<Jan22-2022> <23:26:46>     13      0.00000011      0.00000004      0.0
<Jan22-2022> <23:26:46>     14      0.00000000      0.00000000      0.0
<Jan22-2022> <23:26:46>  SCF converged
<Jan22-2022> <23:26:46>     15      0.00000000      0.00000000      0.0
<Jan22-2022> <23:26:46>  >>>> POPAN
<Jan22-2022> <23:26:46>  >>>> DEBYE
<Jan22-2022> <23:26:47>  DIRAC 2021.102  RunTime: Jan22-2022 23:26:47  ShM Nodes: 1  Procs: 1
<Jan22-2022> <23:26:47>  Chlorine (TZ2P)
<Jan22-2022> <23:26:47>  Net Charge: 0 (Nuclei minus Electrons)
<Jan22-2022> <23:26:47>  Symmetry  : ATOM
<Jan22-2022> <23:26:47>  Coordinates
<Jan22-2022> <23:26:47>     Atom         X           Y           Z   (Angstrom)
<Jan22-2022> <23:26:47>     1.Cl        0.000000    0.000000    0.000000
<Jan22-2022> <23:26:47>  >>>> CORORT
<Jan22-2022> <23:26:47>  >>>> CLSMAT
<Jan22-2022> <23:26:47>  >>>> ORTHON
<Jan22-2022> <23:26:47>  >>>> GENPT
<Jan22-2022> <23:26:47>  Block Length=  93
<Jan22-2022> <23:26:47>  >>>> PTBAS
<Jan22-2022> <23:26:47>  >>>> CYCLE
<Jan22-2022> <23:26:48>              |Error|         MaxErr       Wt(A-DIIS)
<Jan22-2022> <23:26:48>      1      0.00000000      0.00000000
<Jan22-2022> <23:26:48>      2     37.97178129     10.81368001    100.0
<Jan22-2022> <23:26:48>      3     20.81592691      7.10099309    100.0
<Jan22-2022> <23:26:48>      4      5.86634430      1.99760405    100.0
<Jan22-2022> <23:26:48>      5      3.97516517      1.71800842    100.0
<Jan22-2022> <23:26:48>      6      0.27245054      0.10336241    100.0
<Jan22-2022> <23:26:48>      7      0.22638168      0.09827309     98.3
<Jan22-2022> <23:26:48>      8      0.05690956      0.02098624     20.2
<Jan22-2022> <23:26:48>      9      0.00664419      0.00263308      1.6
<Jan22-2022> <23:26:48>     10      0.00015446      0.00006612      0.0
<Jan22-2022> <23:26:48>     11      0.00000385      0.00000160      0.0
<Jan22-2022> <23:26:48>     12      0.00000007      0.00000003      0.0
<Jan22-2022> <23:26:48>     13      0.00000000      0.00000000      0.0
<Jan22-2022> <23:26:48>  SCF converged
<Jan22-2022> <23:26:48>     14      0.00000000      0.00000000      0.0
<Jan22-2022> <23:26:48>  >>>> POPAN
<Jan22-2022> <23:26:48>  >>>> DEBYE
<Jan22-2022> <23:26:48>  *** GOStep1 ***
<Jan22-2022> <23:26:49>  >>>> FRAGM
<Jan22-2022> <23:26:49>  Coordinates
<Jan22-2022> <23:26:49>     Atom         X           Y           Z   (Angstrom)
<Jan22-2022> <23:26:49>     1.Ti        3.419347   -0.059993   -0.057908
<Jan22-2022> <23:26:49>     2.Cl        1.290000    0.000000    0.000000
<Jan22-2022> <23:26:49>     3.Cl        4.121813   -1.603677    1.232306
<Jan22-2022> <23:26:49>     4.Cl        4.200572    1.814887    0.586751
<Jan22-2022> <23:26:49>     5.Cl        4.065002   -0.451181   -2.050687
<Jan22-2022> <23:26:49>  >>>> CORORT
<Jan22-2022> <23:26:49>  >>>> CLSMAT
<Jan22-2022> <23:26:49>  >>>> ORTHON
<Jan22-2022> <23:26:49>  >>>> GENPT
<Jan22-2022> <23:26:49>  Block Length= 128
<Jan22-2022> <23:26:49>  >>>> PTBAS
<Jan22-2022> <23:26:52>  >>>> CYCLE
<Jan22-2022> <23:27:01>              |Error|         MaxErr       Wt(A-DIIS)
<Jan22-2022> <23:27:01>      1      4.88199230      1.07321094
<Jan22-2022> <23:27:07>      2      0.57541730      0.11804246    100.0
<Jan22-2022> <23:27:12>      3      0.22584992      0.04249839    100.0
<Jan22-2022> <23:27:17>      4      0.44488911      0.07536623    100.0
<Jan22-2022> <23:27:23>      5      0.32536221      0.06529820    100.0
<Jan22-2022> <23:27:28>      6      0.21123385      0.04167748     41.1
<Jan22-2022> <23:27:34>      7      0.05896076      0.00996818      9.1
<Jan22-2022> <23:27:39>      8      0.00392007      0.00062181      0.0
<Jan22-2022> <23:27:44>      9      0.00007170      0.00000961      0.0
<Jan22-2022> <23:27:50>     10      0.00001525      0.00000247      0.0
<Jan22-2022> <23:27:55>     11      0.00001488      0.00000284      0.0
<Jan22-2022> <23:28:01>     12      0.00000224      0.00000045      0.0
<Jan22-2022> <23:28:03>  SCF converged
<Jan22-2022> <23:28:06>     13      0.00000026      0.00000006      0.0
<Jan22-2022> <23:28:08>  >>>> TOTEN
<Jan22-2022> <23:28:16>  >>>> POPAN
<Jan22-2022> <23:28:16>  >>>> DEBYE
<Jan22-2022> <23:28:16>  >>>> ENGRAD
<Jan22-2022> <23:28:27>  current energy                               -0.76659905 Hartree
<Jan22-2022> <23:28:27>  energy change                      -0.76659905     0.00005000    F
<Jan22-2022> <23:28:27>  constrained gradient max            0.03879394     0.00100000    F
<Jan22-2022> <23:28:27>  constrained gradient rms            0.02004457     0.00066667    F
<Jan22-2022> <23:28:27>  gradient max                        0.03879394
<Jan22-2022> <23:28:27>  gradient rms                        0.02004457
<Jan22-2022> <23:28:27>  cart. step max                      0.02012831     0.01000000    F
<Jan22-2022> <23:28:27>  cart. step rms                      0.01038954     0.00666667    F
<Jan22-2022> <23:28:27>  Iteration 2
<Jan22-2022> <23:28:28>  *** GOStep2 ***
<Jan22-2022> <23:28:28>  >>>> FRAGM
<Jan22-2022> <23:28:28>  Coordinates
<Jan22-2022> <23:28:28>     Atom         X           Y           Z   (Angstrom)
<Jan22-2022> <23:28:28>     1.Ti        3.419332   -0.060027   -0.057875
<Jan22-2022> <23:28:28>     2.Cl        1.269872    0.000392    0.000469
<Jan22-2022> <23:28:28>     3.Cl        4.128374   -1.618191    1.244657
<Jan22-2022> <23:28:28>     4.Cl        4.208140    1.832514    0.592745
<Jan22-2022> <23:28:28>     5.Cl        4.071018   -0.454651   -2.069534
<Jan22-2022> <23:28:28>  >>>> CORORT
<Jan22-2022> <23:28:28>  >>>> CLSMAT
<Jan22-2022> <23:28:28>  >>>> ORTHON
<Jan22-2022> <23:28:28>  >>>> GENPT
<Jan22-2022> <23:28:29>  Block Length= 128
<Jan22-2022> <23:28:29>  >>>> PTBAS
<Jan22-2022> <23:28:32>  >>>> CYCLE
<Jan22-2022> <23:28:37>  using orbital data from restart file
<Jan22-2022> <23:28:41>              |Error|         MaxErr       Wt(A-DIIS)
<Jan22-2022> <23:28:41>      1      0.11731332      0.03192119
<Jan22-2022> <23:28:48>      2      0.01355980      0.00245539    100.0
<Jan22-2022> <23:28:53>      3      0.02105186      0.00398769    100.0
<Jan22-2022> <23:28:59>      4      0.02128951      0.00459202    100.0
<Jan22-2022> <23:29:05>      5      0.00956540      0.00180436      0.8
<Jan22-2022> <23:29:10>      6      0.00019352      0.00003725      0.0
<Jan22-2022> <23:29:15>      7      0.00003004      0.00000466      0.0
<Jan22-2022> <23:29:21>      8      0.00002043      0.00000404      0.0
<Jan22-2022> <23:29:26>      9      0.00000299      0.00000063      0.0
<Jan22-2022> <23:29:28>  SCF converged
<Jan22-2022> <23:29:32>     10      0.00000043      0.00000009      0.0
<Jan22-2022> <23:29:34>  >>>> TOTEN
<Jan22-2022> <23:29:41>  >>>> POPAN
<Jan22-2022> <23:29:41>  >>>> DEBYE
<Jan22-2022> <23:29:42>  >>>> ENGRAD
<Jan22-2022> <23:29:53>  current energy                               -0.76909658 Hartree
<Jan22-2022> <23:29:53>  energy change                      -0.00249753     0.00005000    F
<Jan22-2022> <23:29:53>  constrained gradient max            0.02328198     0.00100000    F
<Jan22-2022> <23:29:53>  constrained gradient rms            0.01202964     0.00066667    F
<Jan22-2022> <23:29:53>  gradient max                        0.02328198
<Jan22-2022> <23:29:53>  gradient rms                        0.01202964
<Jan22-2022> <23:29:53>  cart. step max                      0.03020859     0.01000000    F
<Jan22-2022> <23:29:53>  cart. step rms                      0.01559350     0.00666667    F
<Jan22-2022> <23:29:53>  Iteration 3
<Jan22-2022> <23:29:54>  *** GOStep3 ***
<Jan22-2022> <23:29:54>  >>>> FRAGM
<Jan22-2022> <23:29:54>  Coordinates
<Jan22-2022> <23:29:54>     Atom         X           Y           Z   (Angstrom)
<Jan22-2022> <23:29:54>     1.Ti        3.419309   -0.060077   -0.057844
<Jan22-2022> <23:29:54>     2.Cl        1.239663    0.001014    0.001169
<Jan22-2022> <23:29:54>     3.Cl        4.138251   -1.639960    1.263177
<Jan22-2022> <23:29:54>     4.Cl        4.219470    1.858966    0.601788
<Jan22-2022> <23:29:54>     5.Cl        4.080041   -0.459907   -2.097829
<Jan22-2022> <23:29:54>  >>>> CORORT
<Jan22-2022> <23:29:54>  >>>> CLSMAT
<Jan22-2022> <23:29:54>  >>>> ORTHON
<Jan22-2022> <23:29:54>  >>>> GENPT
<Jan22-2022> <23:29:54>  Block Length= 128
<Jan22-2022> <23:29:55>  >>>> PTBAS
<Jan22-2022> <23:29:57>  >>>> CYCLE
<Jan22-2022> <23:30:03>  using orbital data from restart file
<Jan22-2022> <23:30:07>              |Error|         MaxErr       Wt(A-DIIS)
<Jan22-2022> <23:30:07>      1      0.16812143      0.04588588
<Jan22-2022> <23:30:13>      2      0.02227891      0.00439770    100.0
<Jan22-2022> <23:30:18>      3      0.08275431      0.01499844    100.0
<Jan22-2022> <23:30:24>      4      0.01747468      0.00352339      2.5
<Jan22-2022> <23:30:29>      5      0.00203111      0.00038492      0.0
<Jan22-2022> <23:30:35>      6      0.00013550      0.00002689      0.0
<Jan22-2022> <23:30:41>      7      0.00003531      0.00000710      0.0
<Jan22-2022> <23:30:46>      8      0.00002906      0.00000643      0.0
<Jan22-2022> <23:30:52>      9      0.00000383      0.00000077      0.0
<Jan22-2022> <23:30:54>  SCF converged
<Jan22-2022> <23:30:58>     10      0.00000049      0.00000006      0.0
<Jan22-2022> <23:30:59>  >>>> TOTEN
<Jan22-2022> <23:31:07>  >>>> POPAN
<Jan22-2022> <23:31:07>  >>>> DEBYE
<Jan22-2022> <23:31:07>  >>>> ENGRAD
<Jan22-2022> <23:31:19>  current energy                               -0.77062909 Hartree
<Jan22-2022> <23:31:19>  energy change                      -0.00153251     0.00005000    F
<Jan22-2022> <23:31:19>  constrained gradient max            0.00233345     0.00100000    F
<Jan22-2022> <23:31:19>  constrained gradient rms            0.00120647     0.00066667    F
<Jan22-2022> <23:31:19>  gradient max                        0.00233345
<Jan22-2022> <23:31:19>  gradient rms                        0.00120647
<Jan22-2022> <23:31:19>  cart. step max                      0.00336364     0.01000000    T
<Jan22-2022> <23:31:19>  cart. step rms                      0.00173818     0.00666667    T
<Jan22-2022> <23:31:19>  Iteration 4
<Jan22-2022> <23:31:19>  *** GOStep4 ***
<Jan22-2022> <23:31:19>  >>>> FRAGM
<Jan22-2022> <23:31:20>  Coordinates
<Jan22-2022> <23:31:20>     Atom         X           Y           Z   (Angstrom)
<Jan22-2022> <23:31:20>     1.Ti        3.419310   -0.060064   -0.057837
<Jan22-2022> <23:31:20>     2.Cl        1.236299    0.001079    0.001258
<Jan22-2022> <23:31:20>     3.Cl        4.139341   -1.642401    1.265210
<Jan22-2022> <23:31:20>     4.Cl        4.220728    1.861940    0.602799
<Jan22-2022> <23:31:20>     5.Cl        4.081056   -0.460518   -2.100968
<Jan22-2022> <23:31:20>  >>>> CORORT
<Jan22-2022> <23:31:20>  >>>> CLSMAT
<Jan22-2022> <23:31:20>  >>>> ORTHON
<Jan22-2022> <23:31:20>  >>>> GENPT
<Jan22-2022> <23:31:20>  Block Length= 128
<Jan22-2022> <23:31:20>  >>>> PTBAS
<Jan22-2022> <23:31:23>  >>>> CYCLE
<Jan22-2022> <23:31:29>  using orbital data from restart file
<Jan22-2022> <23:31:33>              |Error|         MaxErr       Wt(A-DIIS)
<Jan22-2022> <23:31:33>      1      0.01828130      0.00497523
<Jan22-2022> <23:31:39>      2      0.00299142      0.00056159    100.0
<Jan22-2022> <23:31:45>      3      0.01497008      0.00278914    100.0
<Jan22-2022> <23:31:50>      4      0.00431663      0.00072177      0.0
<Jan22-2022> <23:31:56>      5      0.00023138      0.00004426      0.0
<Jan22-2022> <23:32:01>      6      0.00001762      0.00000353      0.0
<Jan22-2022> <23:32:06>      7      0.00001572      0.00000292      0.0
<Jan22-2022> <23:32:12>      8      0.00000213      0.00000043      0.0
<Jan22-2022> <23:32:13>  SCF converged
<Jan22-2022> <23:32:17>      9      0.00000064      0.00000010      0.0
<Jan22-2022> <23:32:20>  >>>> TOTEN
<Jan22-2022> <23:32:27>  >>>> POPAN
<Jan22-2022> <23:32:27>  >>>> DEBYE
<Jan22-2022> <23:32:27>  >>>> ENGRAD
<Jan22-2022> <23:32:39>  current energy                               -0.77064729 Hartree
<Jan22-2022> <23:32:39>  energy change                      -0.00001820     0.00005000    T
<Jan22-2022> <23:32:39>  constrained gradient max            0.00016336     0.00100000    T
<Jan22-2022> <23:32:39>  constrained gradient rms            0.00008534     0.00066667    T
<Jan22-2022> <23:32:39>  gradient max                        0.00016336
<Jan22-2022> <23:32:39>  gradient rms                        0.00008534
<Jan22-2022> <23:32:39>  cart. step max                      0.00025485     0.01000000    T
<Jan22-2022> <23:32:39>  cart. step rms                      0.00013246     0.00666667    T
<Jan22-2022> <23:32:39>  Geometry optimization converged
<Jan22-2022> <23:32:39>  *** adf ***
<Jan22-2022> <23:32:39>  Net Charge: 0 (Nuclei minus Electrons)
<Jan22-2022> <23:32:39>  Symmetry  : NOSYM
<Jan22-2022> <23:32:39>  >>>> FRAGM
<Jan22-2022> <23:32:40>  Coordinates
<Jan22-2022> <23:32:40>     Atom         X           Y           Z   (Angstrom)
<Jan22-2022> <23:32:40>     1.Ti        3.419310   -0.060064   -0.057837
<Jan22-2022> <23:32:40>     2.Cl        1.236299    0.001079    0.001258
<Jan22-2022> <23:32:40>     3.Cl        4.139341   -1.642401    1.265210
<Jan22-2022> <23:32:40>     4.Cl        4.220728    1.861940    0.602799
<Jan22-2022> <23:32:40>     5.Cl        4.081056   -0.460518   -2.100968
<Jan22-2022> <23:32:40>  >>>> CORORT
<Jan22-2022> <23:32:40>  >>>> CLSMAT
<Jan22-2022> <23:32:40>  >>>> ORTHON
<Jan22-2022> <23:32:40>  >>>> GENPT
<Jan22-2022> <23:32:40>  Block Length= 128
<Jan22-2022> <23:32:40>  >>>> PTBAS
<Jan22-2022> <23:32:43>  >>>> CYCLE
<Jan22-2022> <23:32:50>  using orbital data from restart file
<Jan22-2022> <23:32:53>              |Error|         MaxErr       Wt(A-DIIS)
<Jan22-2022> <23:32:53>      1      0.00000007      0.00000001
<Jan22-2022> <23:33:00>      2      0.00000043      0.00000009    100.0
<Jan22-2022> <23:33:02>  SCF converged
<Jan22-2022> <23:33:06>      3      0.00000266      0.00000057    100.0
<Jan22-2022> <23:33:10>  >>>> TOTEN
<Jan22-2022> <23:33:24>  >>>> POPAN
<Jan22-2022> <23:33:24>  >>>> DEBYE
<Jan22-2022> <23:33:24>  >>>> AMETS
<Jan22-2022> <23:33:25>   Bond Energy          -0.77064729 a.u.
<Jan22-2022> <23:33:25>   Bond Energy         -20.97037967 eV
<Jan22-2022> <23:33:25>   Bond Energy        -483.59       kcal/mol
<Jan22-2022> <23:33:25>  >>>> POPUL
<Jan22-2022> <23:33:25>  >>>> ENGRAD
<Jan22-2022> <23:33:36>  >>>> ENHESS
<Jan22-2022> <23:33:40>  === NUCLEUS:     1
<Jan22-2022> <23:36:23>  === NUCLEUS:     2
<Jan22-2022> <23:38:53>  === NUCLEUS:     3
<Jan22-2022> <23:41:25>  === NUCLEUS:     4
<Jan22-2022> <23:43:56>  === NUCLEUS:     5
<Jan22-2022> <23:46:27>  >>>> CALC_HESS_PMAT
<Jan22-2022> <23:46:53>  >>>> CALC_HESS_WMAT
<Jan22-2022> <23:46:57>  PES point character: Geometry corresponds to a local minimum on the PES.
<Jan22-2022> <23:46:57>  Geometry optimization successful!
<Jan22-2022> <23:46:57>  WARNING: total elapsed time is much higher than the (CPU+system) time.
<Jan22-2022> <23:46:57>  Make sure the machine is not oversubscribed and has enough memory, SCM_TMPDIR points to a fast file system, and the network is fast enough.
<Jan22-2022> <23:46:57>  NORMAL TERMINATION
