
 *******************************************************************************
 *                                                                             *
 *  --------------------------------                                           *
 *   Amsterdam Modeling Suite (AMS)              2021.102                      *
 *  --------------------------------                                           *
 *                                               r95042 2021-06-07             *
 *                                                                             *
 *                                                                             *
 *                              =================                              *
 *                              |               |                              *
 *                              |     A M S     |                              *
 *                              |               |                              *
 *                              =================                              *
 *                                                                             *
 *                                                                             *
 *   Online information and documentation:  https://www.scm.com/support/       *
 *   E-mail:  support@scm.com   info@scm.com                                   *
 *                                                                             *
 *   Scientific publications using AMS results must be properly referenced     *
 *   See the User Manuals (or the web site) for recommended citations          *
 *   The terms and conditions of the End User License Agreement apply to       *
 *   the use of AMS, https://www.scm.com/license-terms/                        *
 *                                                                             *
 **********************  x86_64_linux_intel / intelmpi  ************************
 
 Licensed to: VU/FEW (+ SARA) / ALGEMEEN / Amsterdam / THE NETHERLANDS
 SCM User ID: u7668
  
 AMS 2021.102  RunTime: Jan20-2022 13:33:44  ShM Nodes: 1  Procs: 1

 AMS jobname: 10.no_catalyst_F_F.Rrad
 AMS jobid  : 504703049

 Start   directory: /scistor/tc/yhk800/MasterProject/calculations/no_catalyst_F_F/10.no_catalyst_F_F.Rrad/
 Results directory: /scistor/tc/yhk800/MasterProject/calculations/no_catalyst_F_F/10.no_catalyst_F_F.Rrad/
 Scratch directory: /scratch/3514/amstmp_10.no_catalyst_F_F.Rrad_kid0.504703049/

 RNG seed: -1763935109 -868184440 240825020 -879123505 -1827484021 760888502 -1992026057 -1072801714



                      ************************************************************************
                      *  ADF 2021.102  RunTime: Jan20-2022 13:33:45  ShM Nodes: 1  Procs: 1  *
                      ************************************************************************
  
       ***************************
       *  GEOMETRY OPTIMIZATION  *
       ***************************

Optimization Method                    Quasi Newton
Optimization Coordinates               Delocalized Coordinates
Optimize lattice                       F
 
 ------------------------------------------------------
 Convergence criteria (Hartree,Angstrom)
 ------------------------------------------------------
 Maximum gradient               0.001000000000
 Maximum rms gradient           0.000666666667
 Maximum step allowed           0.010000000000
 Maximum rms step allowed       0.006666666667
 Maximum energy change allowe   0.000040000000
 Maximum stress energy allowe   0.000500000000
 
Initial model Hessian                  Automatic Hessian
 
------------------------------------
Quasi-Newton Optimizer Parameters
------------------------------------
Hessian Update Method                  BFGS
Maximum number of steps                  250
First GDIIS cycle                          0
Maximum GDIIS vectors                      0
Trust radius (bohr)                        0.200000
Trust radius varies                        T
Constraints converged at all steps         T
Use projector                              T
 
 Rigid motions settings for: old optimizer
 Atomic rotations (x,y,z):     T T T
 Atomic translations (x,y,z):  T T T
 Tolerance:                   1.000000000000000E-006
 
--------
Geometry
--------
Formula: CH3
Atoms
  Index Symbol   x (angstrom)   y (angstrom)   z (angstrom)
      1      H     2.05357037    -0.80344073     0.00000000
      2      C     0.97293718    -0.69574113     0.00000000
      3      H     0.66346652    -0.15035116     0.88661716
      4      H     0.66346652     0.15035116    -0.88661716
 
Total System Charge             0.00000
 
 
----------------
ADF Engine Input
----------------
 
 NumericalQuality VeryGood
 SCF
 Converge 1.0e-6
 Iterations 99
 End
 SYMMETRY NOSYM
 SpinPolarization 1.0
 Unrestricted Yes
 XC
 GGA OLYP
 End
 basis
 core None
 type TZ2P
 End
 

 Title: *** (NO TITLE) ***

 Using automatic Hessian for delocalized coordinates.
 *** GOStep1 ***

 Energy gradients wrt nuclear displacements
 ==========================================

     Atom      Cartesian (a.u./angstrom)
                 X         Y         Z
 ----------------------------------------
     1 H    -0.005530  0.030502  0.006775
     2 C     0.008409 -0.160874  0.083333
     3 H     0.018418  0.026064 -0.025197
     4 H    -0.021298  0.104308 -0.064911
 ----------------------------------------
 Mulliken charges used for AMS results%charges...
 
----------------------------------------------------------------------
Geometry Convergence after Step   1       (Hartree/Angstrom,Angstrom)
----------------------------------------------------------------------
current energy                               -0.61784933 Hartree
energy change                      -0.61784933     0.00004000    F
constrained gradient max            0.16087428     0.00100000    F
constrained gradient rms            0.06525784     0.00066667    F
gradient max                        0.16087428
gradient rms                        0.06525784
cart. step max                      0.03789453     0.01000000    F
cart. step rms                      0.01692117     0.00666667    F
 
 
--------
Geometry
--------
Formula: CH3
Atoms
  Index Symbol   x (angstrom)   y (angstrom)   z (angstrom)
      1      H     2.05275252    -0.80846367    -0.01650196
      2      C     0.97343086    -0.65784660    -0.01031243
      3      H     0.64889235    -0.15578480     0.90309625
      4      H     0.67836486     0.12291320    -0.87628186
 
Total System Charge             0.00000
 
 *** GOStep2 ***

 Energy gradients wrt nuclear displacements
 ==========================================

     Atom      Cartesian (a.u./angstrom)
                 X         Y         Z
 ----------------------------------------
     1 H     0.000976  0.026110  0.003383
     2 C    -0.000206 -0.133473  0.061115
     3 H     0.012612  0.025966 -0.014073
     4 H    -0.013382  0.081397 -0.050425
 ----------------------------------------
 Mulliken charges used for AMS results%charges...

 dE(predicted):    -0.84758E-02, dE(actual):    -0.10688E-01, Trust radius:    0.400000, all in a.u.
 
----------------------------------------------------------------------
Geometry Convergence after Step   2       (Hartree/Angstrom,Angstrom)
----------------------------------------------------------------------
current energy                               -0.62853719 Hartree
energy change                      -0.01068786     0.00004000    F
constrained gradient max            0.13347270     0.00100000    F
constrained gradient rms            0.05213982     0.00066667    F
gradient max                        0.13347270
gradient rms                        0.05213982
cart. step max                      0.07281860     0.01000000    F
cart. step rms                      0.03354442     0.00666667    F
 
 
--------
Geometry
--------
Formula: CH3
Atoms
  Index Symbol   x (angstrom)   y (angstrom)   z (angstrom)
      1      H     2.04089209    -0.81188222    -0.04212689
      2      C     0.97214674    -0.58502799    -0.03726895
      3      H     0.63078218    -0.16625276     0.91536760
      4      H     0.70961958     0.06398111    -0.83597176
 
Total System Charge             0.00000
 
 *** GOStep3 ***

 Energy gradients wrt nuclear displacements
 ==========================================

     Atom      Cartesian (a.u./angstrom)
                 X         Y         Z
 ----------------------------------------
     1 H     0.006555  0.020364 -0.000140
     2 C    -0.036548 -0.035289 -0.038522
     3 H     0.007883  0.021406 -0.001515
     4 H     0.022110 -0.006481  0.040177
 ----------------------------------------
 Mulliken charges used for AMS results%charges...

 dE(predicted):    -0.13754E-01, dE(actual):    -0.10651E-01, Trust radius:    0.800000, all in a.u.
 
----------------------------------------------------------------------
Geometry Convergence after Step   3       (Hartree/Angstrom,Angstrom)
----------------------------------------------------------------------
current energy                               -0.63918818 Hartree
energy change                      -0.01065098     0.00004000    F
constrained gradient max            0.04017636     0.00100000    F
constrained gradient rms            0.02447855     0.00066667    F
gradient max                        0.04017636
gradient rms                        0.02447855
cart. step max                      0.05066219     0.01000000    F
cart. step rms                      0.02572289     0.00666667    F
 
 
--------
Geometry
--------
Formula: CH3
Atoms
  Index Symbol   x (angstrom)   y (angstrom)   z (angstrom)
      1      H     2.04365206    -0.83660368    -0.02740310
      2      C     0.99591557    -0.53436581    -0.03012049
      3      H     0.62988883    -0.19127812     0.93905411
      4      H     0.68398413     0.06306575    -0.88153052
 
Total System Charge             0.00000
 
 *** GOStep4 ***

 Energy gradients wrt nuclear displacements
 ==========================================

     Atom      Cartesian (a.u./angstrom)
                 X         Y         Z
 ----------------------------------------
     1 H     0.006081  0.011460  0.003982
     2 C    -0.021484 -0.030841 -0.013154
     3 H     0.007820  0.010957  0.003120
     4 H     0.007582  0.008423  0.006052
 ----------------------------------------
 Mulliken charges used for AMS results%charges...

 dE(predicted):    -0.33246E-02, dE(actual):    -0.46991E-02, Trust radius:    0.800000, all in a.u.
 
----------------------------------------------------------------------
Geometry Convergence after Step   4       (Hartree/Angstrom,Angstrom)
----------------------------------------------------------------------
current energy                               -0.64388726 Hartree
energy change                      -0.00469909     0.00004000    F
constrained gradient max            0.03084097     0.00100000    F
constrained gradient rms            0.01331012     0.00066667    F
gradient max                        0.03084097
gradient rms                        0.01331012
cart. step max                      0.06275230     0.01000000    F
cart. step rms                      0.02425708     0.00666667    F
 
 
--------
Geometry
--------
Formula: CH3
Atoms
  Index Symbol   x (angstrom)   y (angstrom)   z (angstrom)
      1      H     2.03987034    -0.86026115    -0.02716980
      2      C     1.02524143    -0.47161350    -0.02240384
      3      H     0.61910180    -0.21378672     0.95060268
      4      H     0.66922702     0.04647952    -0.90102904
 
Total System Charge             0.00000
 
 *** GOStep5 ***

 Energy gradients wrt nuclear displacements
 ==========================================

     Atom      Cartesian (a.u./angstrom)
                 X         Y         Z
 ----------------------------------------
     1 H     0.003066  0.005364  0.004405
     2 C    -0.016160 -0.009794 -0.011547
     3 H     0.007199  0.002853  0.002405
     4 H     0.005894  0.001577  0.004736
 ----------------------------------------
 Mulliken charges used for AMS results%charges...

 dE(predicted):    -0.18707E-02, dE(actual):    -0.25257E-02, Trust radius:    0.800000, all in a.u.
 
----------------------------------------------------------------------
Geometry Convergence after Step   5       (Hartree/Angstrom,Angstrom)
----------------------------------------------------------------------
current energy                               -0.64641295 Hartree
energy change                      -0.00252569     0.00004000    F
constrained gradient max            0.01615978     0.00100000    F
constrained gradient rms            0.00749094     0.00066667    F
gradient max                        0.01615978
gradient rms                        0.00749094
cart. step max                      0.04256834     0.01000000    F
cart. step rms                      0.01843417     0.00666667    F
 
 
--------
Geometry
--------
Formula: CH3
Atoms
  Index Symbol   x (angstrom)   y (angstrom)   z (angstrom)
      1      H     2.03977743    -0.87931970    -0.03649224
      2      C     1.05474206    -0.42904516    -0.00893595
      3      H     0.60081101    -0.22432372     0.95152069
      4      H     0.65811009     0.03350672    -0.90609250
 
Total System Charge             0.00000
 
 *** GOStep6 ***

 Energy gradients wrt nuclear displacements
 ==========================================

     Atom      Cartesian (a.u./angstrom)
                 X         Y         Z
 ----------------------------------------
     1 H     0.000646  0.002807  0.001067
     2 C    -0.006038 -0.006461  0.001099
     3 H     0.003673  0.001145 -0.000979
     4 H     0.001720  0.002510 -0.001188
 ----------------------------------------
 Mulliken charges used for AMS results%charges...

 dE(predicted):    -0.74010E-03, dE(actual):    -0.10149E-02, Trust radius:    0.800000, all in a.u.
 
----------------------------------------------------------------------
Geometry Convergence after Step   6       (Hartree/Angstrom,Angstrom)
----------------------------------------------------------------------
current energy                               -0.64742785 Hartree
energy change                      -0.00101490     0.00004000    F
constrained gradient max            0.00646149     0.00100000    F
constrained gradient rms            0.00309945     0.00066667    F
gradient max                        0.00646149
gradient rms                        0.00309945
cart. step max                      0.03559794     0.01000000    F
cart. step rms                      0.01468663     0.00666667    F
 
 
--------
Geometry
--------
Formula: CH3
Atoms
  Index Symbol   x (angstrom)   y (angstrom)   z (angstrom)
      1      H     2.03700005    -0.89365508    -0.04193868
      2      C     1.07840370    -0.39344722    -0.00191907
      3      H     0.58822430    -0.23345526     0.94848760
      4      H     0.64981255     0.02137570    -0.90462984
 
Total System Charge             0.00000
 
 *** GOStep7 ***
