<Jan20-2022> <13:33:44>  AMS 2021.102  RunTime: Jan20-2022 13:33:44  ShM Nodes: 1  Procs: 1
<Jan20-2022> <13:33:45>  ADF 2021.102  RunTime: Jan20-2022 13:33:45  ShM Nodes: 1  Procs: 1
<Jan20-2022> <13:33:45>  *** (NO TITLE) ***
<Jan20-2022> <13:33:45>  Iteration 1
<Jan20-2022> <13:33:45>  DIRAC 2021.102  RunTime: Jan20-2022 13:33:45  ShM Nodes: 1  Procs: 1
<Jan20-2022> <13:33:45>  Hydrogen (TZ2P)
<Jan20-2022> <13:33:45>  Net Charge: 0 (Nuclei minus Electrons)
<Jan20-2022> <13:33:45>  Symmetry  : ATOM
<Jan20-2022> <13:33:45>  Coordinates
<Jan20-2022> <13:33:45>     Atom         X           Y           Z   (Angstrom)
<Jan20-2022> <13:33:45>     1.H         0.000000    0.000000    0.000000
<Jan20-2022> <13:33:45>  >>>> CORORT
<Jan20-2022> <13:33:45>  >>>> CLSMAT
<Jan20-2022> <13:33:45>  >>>> ORTHON
<Jan20-2022> <13:33:45>  >>>> GENPT
<Jan20-2022> <13:33:45>  Block Length=  64
<Jan20-2022> <13:33:45>  >>>> PTBAS
<Jan20-2022> <13:33:45>  >>>> CYCLE
<Jan20-2022> <13:33:45>              |Error|         MaxErr       Wt(A-DIIS)
<Jan20-2022> <13:33:45>      1      0.00000000      0.00000000
<Jan20-2022> <13:33:45>      2      0.03080019      0.02591482
<Jan20-2022> <13:33:45>      3      0.01140383      0.01135775    100.0
<Jan20-2022> <13:33:45>      4      0.00327656      0.00327407      2.3
<Jan20-2022> <13:33:45>      5      0.00010041      0.00009754      0.0
<Jan20-2022> <13:33:45>      6      0.00000525      0.00000504      0.0
<Jan20-2022> <13:33:45>      7      0.00000007      0.00000007      0.0
<Jan20-2022> <13:33:45>      8      0.00000000      0.00000000      0.0
<Jan20-2022> <13:33:45>  SCF converged
<Jan20-2022> <13:33:45>      9      0.00000000      0.00000000      0.0
<Jan20-2022> <13:33:45>  >>>> POPAN
<Jan20-2022> <13:33:45>  >>>> DEBYE
<Jan20-2022> <13:33:45>  DIRAC 2021.102  RunTime: Jan20-2022 13:33:45  ShM Nodes: 1  Procs: 1
<Jan20-2022> <13:33:45>  Carbon (TZ2P)
<Jan20-2022> <13:33:45>  Net Charge: 0 (Nuclei minus Electrons)
<Jan20-2022> <13:33:45>  Symmetry  : ATOM
<Jan20-2022> <13:33:45>  Coordinates
<Jan20-2022> <13:33:45>     Atom         X           Y           Z   (Angstrom)
<Jan20-2022> <13:33:45>     1.C         0.000000    0.000000    0.000000
<Jan20-2022> <13:33:45>  >>>> CORORT
<Jan20-2022> <13:33:45>  >>>> CLSMAT
<Jan20-2022> <13:33:45>  >>>> ORTHON
<Jan20-2022> <13:33:45>  >>>> GENPT
<Jan20-2022> <13:33:45>  Block Length=  72
<Jan20-2022> <13:33:45>  >>>> PTBAS
<Jan20-2022> <13:33:45>  >>>> CYCLE
<Jan20-2022> <13:33:46>              |Error|         MaxErr       Wt(A-DIIS)
<Jan20-2022> <13:33:46>      1      0.00000000      0.00000000
<Jan20-2022> <13:33:46>      2      4.48405934      3.32161898    100.0
<Jan20-2022> <13:33:46>      3      1.60718414      1.28408746    100.0
<Jan20-2022> <13:33:46>      4      0.76426456      0.62272052    100.0
<Jan20-2022> <13:33:46>      5      0.36119063      0.28553990    100.0
<Jan20-2022> <13:33:46>      6      0.14821424      0.11559867    100.0
<Jan20-2022> <13:33:46>      7      0.10108424      0.07867111     78.5
<Jan20-2022> <13:33:46>      8      0.01786531      0.01387049     13.0
<Jan20-2022> <13:33:46>      9      0.00195746      0.00153262      0.5
<Jan20-2022> <13:33:46>     10      0.00001058      0.00000730      0.0
<Jan20-2022> <13:33:46>     11      0.00000047      0.00000027      0.0
<Jan20-2022> <13:33:46>     12      0.00000003      0.00000002      0.0
<Jan20-2022> <13:33:46>     13      0.00000000      0.00000000      0.0
<Jan20-2022> <13:33:46>  SCF converged
<Jan20-2022> <13:33:46>     14      0.00000000      0.00000000      0.0
<Jan20-2022> <13:33:46>  >>>> POPAN
<Jan20-2022> <13:33:46>  >>>> DEBYE
<Jan20-2022> <13:33:46>  *** GOStep1 ***
<Jan20-2022> <13:33:46>  >>>> FRAGM
<Jan20-2022> <13:33:46>  Coordinates
<Jan20-2022> <13:33:46>     Atom         X           Y           Z   (Angstrom)
<Jan20-2022> <13:33:46>     1.H         2.053570   -0.803441    0.000000
<Jan20-2022> <13:33:46>     2.C         0.972937   -0.695741    0.000000
<Jan20-2022> <13:33:46>     3.H         0.663467   -0.150351    0.886617
<Jan20-2022> <13:33:46>     4.H         0.663467    0.150351   -0.886617
<Jan20-2022> <13:33:46>  >>>> CORORT
<Jan20-2022> <13:33:46>  >>>> CLSMAT
<Jan20-2022> <13:33:46>  >>>> ORTHON
<Jan20-2022> <13:33:46>  >>>> GENPT
<Jan20-2022> <13:33:46>  Block Length= 128
<Jan20-2022> <13:33:46>  >>>> PTBAS
<Jan20-2022> <13:33:47>  >>>> CYCLE
<Jan20-2022> <13:33:54>              |Error|         MaxErr       Wt(A-DIIS)
<Jan20-2022> <13:33:54>      1      1.82550844      0.37604047
<Jan20-2022> <13:33:59>      2      0.43473674      0.04919750    100.0
<Jan20-2022> <13:34:04>      3      0.41343507      0.05953285    100.0
<Jan20-2022> <13:34:09>      4      0.05484385      0.00563789      4.7
<Jan20-2022> <13:34:14>      5      0.01218287      0.00187576      0.9
<Jan20-2022> <13:34:19>      6      0.00143899      0.00017142      0.0
<Jan20-2022> <13:34:24>      7      0.00043138      0.00004931      0.0
<Jan20-2022> <13:34:29>      8      0.00015256      0.00001901      0.0
<Jan20-2022> <13:34:34>      9      0.00003797      0.00000480      0.0
<Jan20-2022> <13:34:39>     10      0.00000591      0.00000095      0.0
<Jan20-2022> <13:34:40>  SCF converged
<Jan20-2022> <13:34:44>     11      0.00000154      0.00000025      0.0
<Jan20-2022> <13:34:45>  >>>> TOTEN
<Jan20-2022> <13:34:52>  >>>> POPAN
<Jan20-2022> <13:34:52>  >>>> DEBYE
<Jan20-2022> <13:34:52>  >>>> ENGRAD
<Jan20-2022> <13:34:55>  current energy                               -0.61784933 Hartree
<Jan20-2022> <13:34:55>  energy change                      -0.61784933     0.00004000    F
<Jan20-2022> <13:34:55>  constrained gradient max            0.16087428     0.00100000    F
<Jan20-2022> <13:34:55>  constrained gradient rms            0.06525784     0.00066667    F
<Jan20-2022> <13:34:55>  gradient max                        0.16087428
<Jan20-2022> <13:34:55>  gradient rms                        0.06525784
<Jan20-2022> <13:34:55>  cart. step max                      0.03789453     0.01000000    F
<Jan20-2022> <13:34:55>  cart. step rms                      0.01692117     0.00666667    F
<Jan20-2022> <13:34:55>  Iteration 2
<Jan20-2022> <13:34:55>  *** GOStep2 ***
<Jan20-2022> <13:34:55>  >>>> FRAGM
<Jan20-2022> <13:34:55>  Coordinates
<Jan20-2022> <13:34:55>     Atom         X           Y           Z   (Angstrom)
<Jan20-2022> <13:34:55>     1.H         2.052753   -0.808464   -0.016502
<Jan20-2022> <13:34:55>     2.C         0.973431   -0.657847   -0.010312
<Jan20-2022> <13:34:55>     3.H         0.648892   -0.155785    0.903096
<Jan20-2022> <13:34:55>     4.H         0.678365    0.122913   -0.876282
<Jan20-2022> <13:34:55>  >>>> CORORT
<Jan20-2022> <13:34:55>  >>>> CLSMAT
<Jan20-2022> <13:34:55>  >>>> ORTHON
<Jan20-2022> <13:34:55>  >>>> GENPT
<Jan20-2022> <13:34:55>  Block Length= 128
<Jan20-2022> <13:34:56>  >>>> PTBAS
<Jan20-2022> <13:34:56>  >>>> CYCLE
<Jan20-2022> <13:34:59>  using orbital data from restart file
<Jan20-2022> <13:35:03>              |Error|         MaxErr       Wt(A-DIIS)
<Jan20-2022> <13:35:03>      1      0.11646284      0.03030531
<Jan20-2022> <13:35:08>      2      0.02424311      0.00276688    100.0
<Jan20-2022> <13:35:14>      3      0.01459030      0.00188405    100.0
<Jan20-2022> <13:35:19>      4      0.01504940      0.00172223      0.7
<Jan20-2022> <13:35:24>      5      0.00038842      0.00005526      0.0
<Jan20-2022> <13:35:29>      6      0.00009391      0.00000934      0.0
<Jan20-2022> <13:35:34>      7      0.00001481      0.00000173      0.0
<Jan20-2022> <13:35:39>      8      0.00000527      0.00000074      0.0
<Jan20-2022> <13:35:40>  SCF converged
<Jan20-2022> <13:35:45>      9      0.00000081      0.00000010      0.0
<Jan20-2022> <13:35:46>  >>>> TOTEN
<Jan20-2022> <13:35:52>  >>>> POPAN
<Jan20-2022> <13:35:52>  >>>> DEBYE
<Jan20-2022> <13:35:52>  >>>> ENGRAD
<Jan20-2022> <13:35:56>  current energy                               -0.62853719 Hartree
<Jan20-2022> <13:35:56>  energy change                      -0.01068786     0.00004000    F
<Jan20-2022> <13:35:56>  constrained gradient max            0.13347270     0.00100000    F
<Jan20-2022> <13:35:56>  constrained gradient rms            0.05213982     0.00066667    F
<Jan20-2022> <13:35:56>  gradient max                        0.13347270
<Jan20-2022> <13:35:56>  gradient rms                        0.05213982
<Jan20-2022> <13:35:56>  cart. step max                      0.07281860     0.01000000    F
<Jan20-2022> <13:35:56>  cart. step rms                      0.03354442     0.00666667    F
<Jan20-2022> <13:35:56>  Iteration 3
<Jan20-2022> <13:35:56>  *** GOStep3 ***
<Jan20-2022> <13:35:56>  >>>> FRAGM
<Jan20-2022> <13:35:56>  Coordinates
<Jan20-2022> <13:35:56>     Atom         X           Y           Z   (Angstrom)
<Jan20-2022> <13:35:56>     1.H         2.040892   -0.811882   -0.042127
<Jan20-2022> <13:35:56>     2.C         0.972147   -0.585028   -0.037269
<Jan20-2022> <13:35:56>     3.H         0.630782   -0.166253    0.915368
<Jan20-2022> <13:35:56>     4.H         0.709620    0.063981   -0.835972
<Jan20-2022> <13:35:56>  >>>> CORORT
<Jan20-2022> <13:35:56>  >>>> CLSMAT
<Jan20-2022> <13:35:56>  >>>> ORTHON
<Jan20-2022> <13:35:56>  >>>> GENPT
<Jan20-2022> <13:35:56>  Block Length= 128
<Jan20-2022> <13:35:57>  >>>> PTBAS
<Jan20-2022> <13:35:57>  >>>> CYCLE
<Jan20-2022> <13:36:00>  using orbital data from restart file
<Jan20-2022> <13:36:05>              |Error|         MaxErr       Wt(A-DIIS)
<Jan20-2022> <13:36:05>      1      0.30478414      0.08077309
<Jan20-2022> <13:36:10>      2      0.04288924      0.00506841    100.0
<Jan20-2022> <13:36:16>      3      0.02632068      0.00344924    100.0
<Jan20-2022> <13:36:21>      4      0.02595773      0.00279750      1.8
<Jan20-2022> <13:36:26>      5      0.00090493      0.00014295      0.0
<Jan20-2022> <13:36:31>      6      0.00016321      0.00002220      0.0
<Jan20-2022> <13:36:36>      7      0.00004639      0.00000616      0.0
<Jan20-2022> <13:36:41>      8      0.00001183      0.00000197      0.0
<Jan20-2022> <13:36:46>      9      0.00000138      0.00000015      0.0
<Jan20-2022> <13:36:47>  SCF converged
<Jan20-2022> <13:36:51>     10      0.00000030      0.00000004      0.0
<Jan20-2022> <13:36:52>  >>>> TOTEN
<Jan20-2022> <13:36:58>  >>>> POPAN
<Jan20-2022> <13:36:58>  >>>> DEBYE
<Jan20-2022> <13:36:58>  >>>> ENGRAD
<Jan20-2022> <13:37:02>  current energy                               -0.63918818 Hartree
<Jan20-2022> <13:37:02>  energy change                      -0.01065098     0.00004000    F
<Jan20-2022> <13:37:02>  constrained gradient max            0.04017636     0.00100000    F
<Jan20-2022> <13:37:02>  constrained gradient rms            0.02447855     0.00066667    F
<Jan20-2022> <13:37:02>  gradient max                        0.04017636
<Jan20-2022> <13:37:02>  gradient rms                        0.02447855
<Jan20-2022> <13:37:02>  cart. step max                      0.05066219     0.01000000    F
<Jan20-2022> <13:37:02>  cart. step rms                      0.02572289     0.00666667    F
<Jan20-2022> <13:37:02>  Iteration 4
<Jan20-2022> <13:37:02>  *** GOStep4 ***
<Jan20-2022> <13:37:02>  >>>> FRAGM
<Jan20-2022> <13:37:02>  Coordinates
<Jan20-2022> <13:37:02>     Atom         X           Y           Z   (Angstrom)
<Jan20-2022> <13:37:02>     1.H         2.043652   -0.836604   -0.027403
<Jan20-2022> <13:37:02>     2.C         0.995916   -0.534366   -0.030120
<Jan20-2022> <13:37:02>     3.H         0.629889   -0.191278    0.939054
<Jan20-2022> <13:37:02>     4.H         0.683984    0.063066   -0.881531
<Jan20-2022> <13:37:02>  >>>> CORORT
<Jan20-2022> <13:37:02>  >>>> CLSMAT
<Jan20-2022> <13:37:02>  >>>> ORTHON
<Jan20-2022> <13:37:02>  >>>> GENPT
<Jan20-2022> <13:37:02>  Block Length= 128
<Jan20-2022> <13:37:03>  >>>> PTBAS
<Jan20-2022> <13:37:03>  >>>> CYCLE
<Jan20-2022> <13:37:06>  using orbital data from restart file
<Jan20-2022> <13:37:11>              |Error|         MaxErr       Wt(A-DIIS)
<Jan20-2022> <13:37:11>      1      0.08283935      0.01529630
<Jan20-2022> <13:37:16>      2      0.02452429      0.00349152    100.0
<Jan20-2022> <13:37:21>      3      0.01982268      0.00285660    100.0
<Jan20-2022> <13:37:26>      4      0.01947520      0.00280745      1.8
<Jan20-2022> <13:37:32>      5      0.00603874      0.00110285      0.1
<Jan20-2022> <13:37:37>      6      0.00033788      0.00004610      0.0
<Jan20-2022> <13:37:42>      7      0.00022010      0.00003014      0.0
<Jan20-2022> <13:37:47>      8      0.00002610      0.00000315      0.0
<Jan20-2022> <13:37:53>      9      0.00000197      0.00000022      0.0
<Jan20-2022> <13:37:53>  SCF converged
<Jan20-2022> <13:37:58>     10      0.00000060      0.00000008      0.0
<Jan20-2022> <13:37:59>  >>>> TOTEN
<Jan20-2022> <13:38:05>  >>>> POPAN
<Jan20-2022> <13:38:05>  >>>> DEBYE
<Jan20-2022> <13:38:05>  >>>> ENGRAD
<Jan20-2022> <13:38:09>  current energy                               -0.64388726 Hartree
<Jan20-2022> <13:38:09>  energy change                      -0.00469909     0.00004000    F
<Jan20-2022> <13:38:09>  constrained gradient max            0.03084097     0.00100000    F
<Jan20-2022> <13:38:09>  constrained gradient rms            0.01331012     0.00066667    F
<Jan20-2022> <13:38:09>  gradient max                        0.03084097
<Jan20-2022> <13:38:09>  gradient rms                        0.01331012
<Jan20-2022> <13:38:09>  cart. step max                      0.06275230     0.01000000    F
<Jan20-2022> <13:38:09>  cart. step rms                      0.02425708     0.00666667    F
<Jan20-2022> <13:38:09>  Iteration 5
<Jan20-2022> <13:38:09>  *** GOStep5 ***
<Jan20-2022> <13:38:09>  >>>> FRAGM
<Jan20-2022> <13:38:09>  Coordinates
<Jan20-2022> <13:38:09>     Atom         X           Y           Z   (Angstrom)
<Jan20-2022> <13:38:09>     1.H         2.039870   -0.860261   -0.027170
<Jan20-2022> <13:38:09>     2.C         1.025241   -0.471614   -0.022404
<Jan20-2022> <13:38:09>     3.H         0.619102   -0.213787    0.950603
<Jan20-2022> <13:38:09>     4.H         0.669227    0.046480   -0.901029
<Jan20-2022> <13:38:09>  >>>> CORORT
<Jan20-2022> <13:38:09>  >>>> CLSMAT
<Jan20-2022> <13:38:09>  >>>> ORTHON
<Jan20-2022> <13:38:09>  >>>> GENPT
<Jan20-2022> <13:38:09>  Block Length= 128
<Jan20-2022> <13:38:09>  >>>> PTBAS
<Jan20-2022> <13:38:10>  >>>> CYCLE
<Jan20-2022> <13:38:13>  using orbital data from restart file
<Jan20-2022> <13:38:17>              |Error|         MaxErr       Wt(A-DIIS)
<Jan20-2022> <13:38:17>      1      0.07635390      0.01438340
<Jan20-2022> <13:38:22>      2      0.03006205      0.00412399    100.0
<Jan20-2022> <13:38:27>      3      0.02022295      0.00289184    100.0
<Jan20-2022> <13:38:32>      4      0.01399375      0.00237423      1.4
<Jan20-2022> <13:38:37>      5      0.00080389      0.00012994      0.0
<Jan20-2022> <13:38:42>      6      0.00009647      0.00001115      0.0
<Jan20-2022> <13:38:48>      7      0.00001489      0.00000189      0.0
<Jan20-2022> <13:38:53>      8      0.00000481      0.00000054      0.0
<Jan20-2022> <13:38:54>  SCF converged
<Jan20-2022> <13:38:58>      9      0.00000280      0.00000039      0.0
<Jan20-2022> <13:38:59>  >>>> TOTEN
<Jan20-2022> <13:39:06>  >>>> POPAN
<Jan20-2022> <13:39:06>  >>>> DEBYE
<Jan20-2022> <13:39:06>  >>>> ENGRAD
<Jan20-2022> <13:39:09>  current energy                               -0.64641295 Hartree
<Jan20-2022> <13:39:09>  energy change                      -0.00252569     0.00004000    F
<Jan20-2022> <13:39:09>  constrained gradient max            0.01615978     0.00100000    F
<Jan20-2022> <13:39:09>  constrained gradient rms            0.00749094     0.00066667    F
<Jan20-2022> <13:39:09>  gradient max                        0.01615978
<Jan20-2022> <13:39:09>  gradient rms                        0.00749094
<Jan20-2022> <13:39:09>  cart. step max                      0.04256834     0.01000000    F
<Jan20-2022> <13:39:09>  cart. step rms                      0.01843417     0.00666667    F
<Jan20-2022> <13:39:09>  Iteration 6
<Jan20-2022> <13:39:10>  *** GOStep6 ***
<Jan20-2022> <13:39:10>  >>>> FRAGM
<Jan20-2022> <13:39:10>  Coordinates
<Jan20-2022> <13:39:10>     Atom         X           Y           Z   (Angstrom)
<Jan20-2022> <13:39:10>     1.H         2.039777   -0.879320   -0.036492
<Jan20-2022> <13:39:10>     2.C         1.054742   -0.429045   -0.008936
<Jan20-2022> <13:39:10>     3.H         0.600811   -0.224324    0.951521
<Jan20-2022> <13:39:10>     4.H         0.658110    0.033507   -0.906093
<Jan20-2022> <13:39:10>  >>>> CORORT
<Jan20-2022> <13:39:10>  >>>> CLSMAT
<Jan20-2022> <13:39:10>  >>>> ORTHON
<Jan20-2022> <13:39:10>  >>>> GENPT
<Jan20-2022> <13:39:10>  Block Length= 128
<Jan20-2022> <13:39:10>  >>>> PTBAS
<Jan20-2022> <13:39:11>  >>>> CYCLE
<Jan20-2022> <13:39:14>  using orbital data from restart file
<Jan20-2022> <13:39:18>              |Error|         MaxErr       Wt(A-DIIS)
<Jan20-2022> <13:39:18>      1      0.06087989      0.00841819
<Jan20-2022> <13:39:24>      2      0.02598846      0.00350248    100.0
<Jan20-2022> <13:39:29>      3      0.01732409      0.00246977    100.0
<Jan20-2022> <13:39:34>      4      0.01241464      0.00203599      1.0
<Jan20-2022> <13:39:39>      5      0.00067785      0.00010582      0.0
<Jan20-2022> <13:39:44>      6      0.00010035      0.00001120      0.0
<Jan20-2022> <13:39:49>      7      0.00001348      0.00000170      0.0
<Jan20-2022> <13:39:55>      8      0.00000189      0.00000023      0.0
<Jan20-2022> <13:39:56>  SCF converged
<Jan20-2022> <13:40:00>      9      0.00000054      0.00000006      0.0
<Jan20-2022> <13:40:01>  >>>> TOTEN
<Jan20-2022> <13:40:07>  >>>> POPAN
<Jan20-2022> <13:40:07>  >>>> DEBYE
<Jan20-2022> <13:40:07>  >>>> ENGRAD
<Jan20-2022> <13:40:10>  current energy                               -0.64742785 Hartree
<Jan20-2022> <13:40:10>  energy change                      -0.00101490     0.00004000    F
<Jan20-2022> <13:40:10>  constrained gradient max            0.00646149     0.00100000    F
<Jan20-2022> <13:40:10>  constrained gradient rms            0.00309945     0.00066667    F
<Jan20-2022> <13:40:10>  gradient max                        0.00646149
<Jan20-2022> <13:40:10>  gradient rms                        0.00309945
<Jan20-2022> <13:40:10>  cart. step max                      0.03559794     0.01000000    F
<Jan20-2022> <13:40:10>  cart. step rms                      0.01468663     0.00666667    F
<Jan20-2022> <13:40:10>  Iteration 7
<Jan20-2022> <13:40:11>  *** GOStep7 ***
<Jan20-2022> <13:40:11>  >>>> FRAGM
<Jan20-2022> <13:40:11>  Coordinates
<Jan20-2022> <13:40:11>     Atom         X           Y           Z   (Angstrom)
<Jan20-2022> <13:40:11>     1.H         2.037000   -0.893655   -0.041939
<Jan20-2022> <13:40:11>     2.C         1.078404   -0.393447   -0.001919
<Jan20-2022> <13:40:11>     3.H         0.588224   -0.233455    0.948488
<Jan20-2022> <13:40:11>     4.H         0.649813    0.021376   -0.904630
<Jan20-2022> <13:40:11>  >>>> CORORT
<Jan20-2022> <13:40:11>  >>>> CLSMAT
<Jan20-2022> <13:40:11>  >>>> ORTHON
<Jan20-2022> <13:40:11>  >>>> GENPT
<Jan20-2022> <13:40:11>  Block Length= 128
<Jan20-2022> <13:40:11>  >>>> PTBAS
<Jan20-2022> <13:40:12>  >>>> CYCLE
<Jan20-2022> <13:40:14>  using orbital data from restart file
<Jan20-2022> <13:40:19>              |Error|         MaxErr       Wt(A-DIIS)
<Jan20-2022> <13:40:19>      1      0.04805587      0.00831315
<Jan20-2022> <13:40:24>      2      0.02203599      0.00293151    100.0
<Jan20-2022> <13:40:29>      3      0.02085833      0.00279847    100.0
<Jan20-2022> <13:40:35>      4      0.02084032      0.00279544      1.8
<Jan20-2022> <13:40:40>      5      0.01345740      0.00215958      1.2
<Jan20-2022> <13:40:45>      6      0.00127651      0.00013519      0.0
<Jan20-2022> <13:40:50>      7      0.00129000      0.00016993      0.0
<Jan20-2022> <13:40:55>      8      0.00004228      0.00000445      0.0
<Jan20-2022> <13:41:00>      9      0.00001871      0.00000243      0.0
<Jan20-2022> <13:41:06>     10      0.00001716      0.00000260      0.0
