

 Parallel Execution: Process Information
 ==============================================================================
 Rank   Node Name                              NodeID   MyNodeRank  NodeMaster
    0   node120                                   0          0          0
    1   node120                                   0          1         -1
    2   node120                                   0          2         -1
    3   node120                                   0          3         -1
 ==============================================================================


May use up to 122928MB of RAM as shared memory on node 0

 *******************************************************************************
 *                                                                             *
 *  --------------------------------                                           *
 *   Amsterdam Modeling Suite (AMS)              2021.102                      *
 *  --------------------------------                                           *
 *                                               r95042 2021-06-07             *
 *                                                                             *
 *                                                                             *
 *                              =================                              *
 *                              |               |                              *
 *                              |     A M S     |                              *
 *                              |               |                              *
 *                              =================                              *
 *                                                                             *
 *                                                                             *
 *   Online information and documentation:  https://www.scm.com/support/       *
 *   E-mail:  support@scm.com   info@scm.com                                   *
 *                                                                             *
 *   Scientific publications using AMS results must be properly referenced     *
 *   See the User Manuals (or the web site) for recommended citations          *
 *   The terms and conditions of the End User License Agreement apply to       *
 *   the use of AMS, https://www.scm.com/license-terms/                        *
 *                                                                             *
 **********************  x86_64_linux_intel / intelmpi  ************************
 
 Licensed to: VU/FEW (+ SARA) / ALGEMEEN / Amsterdam / THE NETHERLANDS
 SCM User ID: u7668
  
 AMS 2021.102  RunTime: Jan28-2022 10:53:23  ShM Nodes: 1  Procs: 4

 AMS jobname: 50.achiral_catalyst.H_tBu_ZnCl2.Rsub_cat_complex
 AMS jobid  : 1894120794

 Start   directory: /scistor/tc/yhk800/MasterProject/calculations/achiral_catalyst_H_tBu_ZnCl2/50.achiral_catalyst.H_tBu_ZnCl2.Rsub_cat_complex/
 Results directory: /scistor/tc/yhk800/MasterProject/calculations/achiral_catalyst_H_tBu_ZnCl2/50.achiral_catalyst.H_tBu_ZnCl2.Rsub_cat_complex/
 Scratch directory: /scratch/5507/amstmp_50.achiral_catalyst.H_tBu_ZnCl2.Rsub_cat_complex_kid0.1894120794/


 Communication costs MPI_COMM_WORLD:      0.969 usec per message,   0.0104 usec per 8-byte item
 Communication costs for intra-node:      0.976 usec per message,   0.0049 usec per 8-byte item

 RNG seed: 974693746 1748329356 743383322 347733743 2113516555 -463673840 -2070555833 15018286



                      ************************************************************************
                      *  ADF 2021.102  RunTime: Jan28-2022 10:53:24  ShM Nodes: 1  Procs: 4  *
                      ************************************************************************
  
       ***************************
       *  GEOMETRY OPTIMIZATION  *
       ***************************

Optimization Method                    Quasi Newton
Optimization Coordinates               Delocalized Coordinates
Optimize lattice                       F
 
 ------------------------------------------------------
 Convergence criteria (Hartree,Angstrom)
 ------------------------------------------------------
 Maximum gradient               0.001000000000
 Maximum rms gradient           0.000666666667
 Maximum step allowed           0.010000000000
 Maximum rms step allowed       0.006666666667
 Maximum energy change allowe   0.000230000000
 Maximum stress energy allowe   0.000500000000
 
Initial model Hessian                  Automatic Hessian
 
------------------------------------
Quasi-Newton Optimizer Parameters
------------------------------------
Hessian Update Method                  BFGS
Maximum number of steps                  250
First GDIIS cycle                          0
Maximum GDIIS vectors                      0
Trust radius (bohr)                        0.200000
Trust radius varies                        T
Constraints converged at all steps         T
Use projector                              T
 
 Rigid motions settings for: old optimizer
 Atomic rotations (x,y,z):     T T T
 Atomic translations (x,y,z):  T T T
 Tolerance:                   1.000000000000000E-006
 
--------
Geometry
--------
Formula: C7H12Cl2OSn
Atoms
  Index Symbol   x (angstrom)   y (angstrom)   z (angstrom)
      1      H    -0.62056146    -0.03764738    -0.08023722
      2      C    -0.09659473    -2.02948020    -0.54883449
      3      C     0.18266548    -0.75219647    -0.26512258
      4      C     1.55928918    -0.22013974    -0.18291419
      5      O     1.86635738     0.93365884     0.07180470
      6      H     0.69695300    -2.74612423    -0.73626627
      7      C    -1.53512390    -3.98169459    -1.12156823
      8      C    -1.54987465    -2.53359044    -0.62266085
      9      C    -2.32371837    -1.63885453    -1.59566924
     10      C    -2.16108997    -2.45555144     0.77964353
     11      H    -2.14765732    -1.42687928     1.14159999
     12      H    -2.55099094    -4.37493076    -1.18722103
     13      H    -0.96277866    -4.61120054    -0.43929077
     14      H    -1.07715113    -4.03683810    -2.10978859
     15      H    -3.36175531    -1.96622602    -1.67465053
     16      H    -1.87118027    -1.67785219    -2.58715690
     17      H    -2.31140649    -0.60455404    -1.25008242
     18      H    -3.19455491    -2.80588288     0.76743983
     19      H    -1.59305862    -3.07453987     1.47502332
     20      H     2.32514145    -0.94333367    -0.37095895
     21     Sn     1.85103070     2.46611042     0.80757453
     22     Cl     2.20976082     2.91058035     3.11963972
     23     Cl     1.78879142     4.68377222    -0.05841484
 
Total System Charge             0.00000
 
 
----------------
ADF Engine Input
----------------
 
 NumericalQuality VeryGood
 SCF
 Converge 1.0e-6
 Iterations 99
 End
 SYMMETRY NOSYM
 XC
 GGA OLYP
 End
 basis
 core None
 type TZ2P
 End
 

 Title: *** (NO TITLE) ***

 Using automatic Hessian for delocalized coordinates.
 *** GOStep1 ***

 Energy gradients wrt nuclear displacements
 ==========================================

     Atom      Cartesian (a.u./angstrom)
                 X         Y         Z
 ----------------------------------------
     1 H    -0.004635  0.000567 -0.000665
     2 C     0.038106  0.036296  0.005566
     3 C    -0.083435 -0.079350 -0.019512
     4 C     0.132383  0.227313  0.044903
     5 O    -0.047763  0.244599  0.234195
     6 H    -0.004804  0.001597 -0.000120
     7 C     0.003315 -0.002625 -0.000796
     8 C    -0.033424 -0.000281  0.007055
     9 C     0.004499  0.000013  0.001592
    10 C     0.001145 -0.000544 -0.003776
    11 H     0.003029 -0.000793 -0.005368
    12 H     0.002217  0.004006  0.001162
    13 H    -0.001308  0.006035 -0.001415
    14 H    -0.000814  0.003871  0.004869
    15 H     0.004966 -0.000105  0.001064
    16 H     0.000926 -0.002206  0.005068
    17 H     0.005831 -0.002668  0.004407
    18 H     0.004823  0.001430 -0.000953
    19 H     0.000223  0.001290 -0.005773
    20 H    -0.031616  0.022351 -0.012038
    21 Sn    0.024435 -0.423435 -0.228631
    22 Cl   -0.015506 -0.001625 -0.064057
    23 Cl   -0.002591 -0.035738  0.033222
 ----------------------------------------
 Mulliken charges used for AMS results%charges...
 
----------------------------------------------------------------------
Geometry Convergence after Step   1       (Hartree/Angstrom,Angstrom)
----------------------------------------------------------------------
current energy                               -4.18680693 Hartree
energy change                      -4.18680693     0.00023000    F
constrained gradient max            0.42345396     0.00100000    F
constrained gradient rms            0.08046462     0.00066667    F
gradient max                        0.42345396
gradient rms                        0.08046462
cart. step max                      0.04795200     0.01000000    F
cart. step rms                      0.01701216     0.00666667    F
 
 
--------
Geometry
--------
Formula: C7H12Cl2OSn
Atoms
  Index Symbol   x (angstrom)   y (angstrom)   z (angstrom)
      1      H    -0.59523741    -0.00558018    -0.08457782
      2      C    -0.10692503    -2.01992425    -0.54965830
      3      C     0.19406119    -0.73404839    -0.26977424
      4      C     1.56441751    -0.23059625    -0.19692651
      5      O     1.89817185     0.92208324     0.04254231
      6      H     0.68576019    -2.73988043    -0.73452509
      7      C    -1.52745747    -3.98779269    -1.11766193
      8      C    -1.55593047    -2.53501493    -0.62397549
      9      C    -2.34325984    -1.65326092    -1.60525556
     10      C    -2.17204245    -2.45661414     0.78108324
     11      H    -2.17209915    -1.42708837     1.14273873
     12      H    -2.53982636    -4.39240146    -1.18298600
     13      H    -0.95004401    -4.61209961    -0.43286970
     14      H    -1.06836371    -4.04580494    -2.10653443
     15      H    -3.37819899    -1.99469338    -1.68167590
     16      H    -1.89238435    -1.69191228    -2.59863250
     17      H    -2.34795324    -0.61490258    -1.27101386
     18      H    -3.20300738    -2.81795985     0.76806049
     19      H    -1.60074798    -3.06697169     1.48306134
     20      H     2.32899448    -0.96820612    -0.38404562
     21     Sn     1.86643036     2.50494756     0.83337390
     22     Cl     2.22884249     2.91501899     3.16759172
     23     Cl     1.80929246     4.72930814    -0.04645028
 
Total System Charge             0.00000
 
 *** GOStep2 ***
