<Jan28-2022> <10:53:23>  AMS 2021.102  RunTime: Jan28-2022 10:53:23  ShM Nodes: 1  Procs: 4
<Jan28-2022> <10:53:24>  ADF 2021.102  RunTime: Jan28-2022 10:53:24  ShM Nodes: 1  Procs: 4
<Jan28-2022> <10:53:24>  *** (NO TITLE) ***
<Jan28-2022> <10:53:24>  Iteration 1
<Jan28-2022> <10:53:24>  DIRAC 2021.102  RunTime: Jan28-2022 10:53:24  ShM Nodes: 1  Procs: 1
<Jan28-2022> <10:53:24>  Hydrogen (TZ2P)
<Jan28-2022> <10:53:24>  Net Charge: 0 (Nuclei minus Electrons)
<Jan28-2022> <10:53:24>  Symmetry  : ATOM
<Jan28-2022> <10:53:24>  Coordinates
<Jan28-2022> <10:53:24>     Atom         X           Y           Z   (Angstrom)
<Jan28-2022> <10:53:24>     1.H         0.000000    0.000000    0.000000
<Jan28-2022> <10:53:24>  >>>> CORORT
<Jan28-2022> <10:53:24>  >>>> CLSMAT
<Jan28-2022> <10:53:24>  >>>> ORTHON
<Jan28-2022> <10:53:24>  >>>> GENPT
<Jan28-2022> <10:53:24>  Block Length=  64
<Jan28-2022> <10:53:24>  >>>> PTBAS
<Jan28-2022> <10:53:24>  >>>> CYCLE
<Jan28-2022> <10:53:24>              |Error|         MaxErr       Wt(A-DIIS)
<Jan28-2022> <10:53:24>      1      0.00000000      0.00000000
<Jan28-2022> <10:53:24>      2      0.03080019      0.02591482
<Jan28-2022> <10:53:25>      3      0.01140383      0.01135775    100.0
<Jan28-2022> <10:53:25>      4      0.00327656      0.00327407      2.3
<Jan28-2022> <10:53:25>      5      0.00010041      0.00009754      0.0
<Jan28-2022> <10:53:25>      6      0.00000525      0.00000504      0.0
<Jan28-2022> <10:53:25>      7      0.00000007      0.00000007      0.0
<Jan28-2022> <10:53:25>      8      0.00000000      0.00000000      0.0
<Jan28-2022> <10:53:25>  SCF converged
<Jan28-2022> <10:53:25>      9      0.00000000      0.00000000      0.0
<Jan28-2022> <10:53:25>  >>>> POPAN
<Jan28-2022> <10:53:25>  >>>> DEBYE
<Jan28-2022> <10:53:25>  DIRAC 2021.102  RunTime: Jan28-2022 10:53:25  ShM Nodes: 1  Procs: 1
<Jan28-2022> <10:53:25>  Carbon (TZ2P)
<Jan28-2022> <10:53:25>  Net Charge: 0 (Nuclei minus Electrons)
<Jan28-2022> <10:53:25>  Symmetry  : ATOM
<Jan28-2022> <10:53:25>  Coordinates
<Jan28-2022> <10:53:25>     Atom         X           Y           Z   (Angstrom)
<Jan28-2022> <10:53:25>     1.C         0.000000    0.000000    0.000000
<Jan28-2022> <10:53:25>  >>>> CORORT
<Jan28-2022> <10:53:25>  >>>> CLSMAT
<Jan28-2022> <10:53:25>  >>>> ORTHON
<Jan28-2022> <10:53:25>  >>>> GENPT
<Jan28-2022> <10:53:25>  Block Length=  72
<Jan28-2022> <10:53:25>  >>>> PTBAS
<Jan28-2022> <10:53:25>  >>>> CYCLE
<Jan28-2022> <10:53:26>              |Error|         MaxErr       Wt(A-DIIS)
<Jan28-2022> <10:53:26>      1      0.00000000      0.00000000
<Jan28-2022> <10:53:26>      2      4.48405934      3.32161898    100.0
<Jan28-2022> <10:53:26>      3      1.60718414      1.28408746    100.0
<Jan28-2022> <10:53:26>      4      0.76426456      0.62272052    100.0
<Jan28-2022> <10:53:26>      5      0.36119063      0.28553990    100.0
<Jan28-2022> <10:53:26>      6      0.14821424      0.11559867    100.0
<Jan28-2022> <10:53:26>      7      0.10108424      0.07867111     78.5
<Jan28-2022> <10:53:26>      8      0.01786531      0.01387049     13.0
<Jan28-2022> <10:53:26>      9      0.00195746      0.00153262      0.5
<Jan28-2022> <10:53:26>     10      0.00001058      0.00000730      0.0
<Jan28-2022> <10:53:26>     11      0.00000047      0.00000027      0.0
<Jan28-2022> <10:53:26>     12      0.00000003      0.00000002      0.0
<Jan28-2022> <10:53:26>     13      0.00000000      0.00000000      0.0
<Jan28-2022> <10:53:26>  SCF converged
<Jan28-2022> <10:53:26>     14      0.00000000      0.00000000      0.0
<Jan28-2022> <10:53:26>  >>>> POPAN
<Jan28-2022> <10:53:26>  >>>> DEBYE
<Jan28-2022> <10:53:27>  DIRAC 2021.102  RunTime: Jan28-2022 10:53:27  ShM Nodes: 1  Procs: 1
<Jan28-2022> <10:53:27>  Oxygen (TZ2P)
<Jan28-2022> <10:53:27>  Net Charge: 0 (Nuclei minus Electrons)
<Jan28-2022> <10:53:27>  Symmetry  : ATOM
<Jan28-2022> <10:53:27>  Coordinates
<Jan28-2022> <10:53:27>     Atom         X           Y           Z   (Angstrom)
<Jan28-2022> <10:53:27>     1.O         0.000000    0.000000    0.000000
<Jan28-2022> <10:53:27>  >>>> CORORT
<Jan28-2022> <10:53:27>  >>>> CLSMAT
<Jan28-2022> <10:53:27>  >>>> ORTHON
<Jan28-2022> <10:53:27>  >>>> GENPT
<Jan28-2022> <10:53:27>  Block Length=  68
<Jan28-2022> <10:53:27>  >>>> PTBAS
<Jan28-2022> <10:53:27>  >>>> CYCLE
<Jan28-2022> <10:53:27>              |Error|         MaxErr       Wt(A-DIIS)
<Jan28-2022> <10:53:27>      1      0.00000000      0.00000000
<Jan28-2022> <10:53:27>      2      8.77210307      5.53374266    100.0
<Jan28-2022> <10:53:27>      3      3.60058093      2.49154808    100.0
<Jan28-2022> <10:53:27>      4      1.20505529      0.62472425    100.0
<Jan28-2022> <10:53:27>      5      1.46502638      0.81213311    100.0
<Jan28-2022> <10:53:27>      6      0.15089362      0.09131786     91.2
<Jan28-2022> <10:53:28>      7      0.14397311      0.08251182     82.3
<Jan28-2022> <10:53:28>      8      0.00183259      0.00123681      0.2
<Jan28-2022> <10:53:28>      9      0.00015629      0.00008105      0.0
<Jan28-2022> <10:53:28>     10      0.00001324      0.00000629      0.0
<Jan28-2022> <10:53:28>     11      0.00000006      0.00000003      0.0
<Jan28-2022> <10:53:28>     12      0.00000000      0.00000000      0.0
<Jan28-2022> <10:53:28>  SCF converged
<Jan28-2022> <10:53:28>     13      0.00000000      0.00000000      0.0
<Jan28-2022> <10:53:28>  >>>> POPAN
<Jan28-2022> <10:53:28>  >>>> DEBYE
<Jan28-2022> <10:53:28>  DIRAC 2021.102  RunTime: Jan28-2022 10:53:28  ShM Nodes: 1  Procs: 1
<Jan28-2022> <10:53:29>  Tin (TZ2P, all electron)
<Jan28-2022> <10:53:29>  Net Charge: 0 (Nuclei minus Electrons)
<Jan28-2022> <10:53:29>  Symmetry  : ATOM
<Jan28-2022> <10:53:29>  Coordinates
<Jan28-2022> <10:53:29>     Atom         X           Y           Z   (Angstrom)
<Jan28-2022> <10:53:29>     1.Sn        0.000000    0.000000    0.000000
<Jan28-2022> <10:53:29>  >>>> CORORT
<Jan28-2022> <10:53:29>  >>>> CLSMAT
<Jan28-2022> <10:53:29>  >>>> ORTHON
<Jan28-2022> <10:53:29>  >>>> GENPT
<Jan28-2022> <10:53:29>  Block Length=  94
<Jan28-2022> <10:53:29>  >>>> PTBAS
<Jan28-2022> <10:53:29>  >>>> CYCLE
<Jan28-2022> <10:53:30>              |Error|         MaxErr       Wt(A-DIIS)
<Jan28-2022> <10:53:30>      1      0.00000000      0.00000000
<Jan28-2022> <10:53:30>      2    277.78646077     36.34955503    100.0
<Jan28-2022> <10:53:30>      3    108.37475236     33.32898342    100.0
<Jan28-2022> <10:53:31>      4     16.29148072      2.69481417    100.0
<Jan28-2022> <10:53:31>      5     14.42472249      3.02472417    100.0
<Jan28-2022> <10:53:31>      6      3.42801373      0.63340044    100.0
<Jan28-2022> <10:53:31>      7      3.94254662      0.85735153    100.0
<Jan28-2022> <10:53:31>      8      0.32774411      0.05271405     52.2
<Jan28-2022> <10:53:31>      9      0.09237148      0.01803841     17.2
<Jan28-2022> <10:53:32>     10      0.02628512      0.00591655      5.0
<Jan28-2022> <10:53:32>     11      0.00221235      0.00047931      0.0
<Jan28-2022> <10:53:32>     12      0.00004474      0.00000960      0.0
<Jan28-2022> <10:53:32>     13      0.00000334      0.00000092      0.0
<Jan28-2022> <10:53:32>     14      0.00000017      0.00000003      0.0
<Jan28-2022> <10:53:32>     15      0.00000001      0.00000000      0.0
<Jan28-2022> <10:53:33>  SCF converged
<Jan28-2022> <10:53:33>     16      0.00000000      0.00000000      0.0
<Jan28-2022> <10:53:33>  >>>> POPAN
<Jan28-2022> <10:53:33>  >>>> DEBYE
<Jan28-2022> <10:53:33>  DIRAC 2021.102  RunTime: Jan28-2022 10:53:33  ShM Nodes: 1  Procs: 1
<Jan28-2022> <10:53:34>  Chlorine (TZ2P)
<Jan28-2022> <10:53:34>  Net Charge: 0 (Nuclei minus Electrons)
<Jan28-2022> <10:53:34>  Symmetry  : ATOM
<Jan28-2022> <10:53:34>  Coordinates
<Jan28-2022> <10:53:34>     Atom         X           Y           Z   (Angstrom)
<Jan28-2022> <10:53:34>     1.Cl        0.000000    0.000000    0.000000
<Jan28-2022> <10:53:34>  >>>> CORORT
<Jan28-2022> <10:53:34>  >>>> CLSMAT
<Jan28-2022> <10:53:34>  >>>> ORTHON
<Jan28-2022> <10:53:34>  >>>> GENPT
<Jan28-2022> <10:53:34>  Block Length=  93
<Jan28-2022> <10:53:34>  >>>> PTBAS
<Jan28-2022> <10:53:34>  >>>> CYCLE
<Jan28-2022> <10:53:34>              |Error|         MaxErr       Wt(A-DIIS)
<Jan28-2022> <10:53:34>      1      0.00000000      0.00000000
<Jan28-2022> <10:53:34>      2     37.97178129     10.81368001    100.0
<Jan28-2022> <10:53:34>      3     20.81592691      7.10099309    100.0
<Jan28-2022> <10:53:34>      4      5.86634430      1.99760405    100.0
<Jan28-2022> <10:53:34>      5      3.97516517      1.71800842    100.0
<Jan28-2022> <10:53:34>      6      0.27245054      0.10336241    100.0
<Jan28-2022> <10:53:34>      7      0.22638168      0.09827309     98.3
<Jan28-2022> <10:53:34>      8      0.05690956      0.02098624     20.2
<Jan28-2022> <10:53:34>      9      0.00664419      0.00263308      1.6
<Jan28-2022> <10:53:35>     10      0.00015446      0.00006612      0.0
<Jan28-2022> <10:53:35>     11      0.00000385      0.00000160      0.0
<Jan28-2022> <10:53:35>     12      0.00000007      0.00000003      0.0
<Jan28-2022> <10:53:35>     13      0.00000000      0.00000000      0.0
<Jan28-2022> <10:53:35>  SCF converged
<Jan28-2022> <10:53:35>     14      0.00000000      0.00000000      0.0
<Jan28-2022> <10:53:35>  >>>> POPAN
<Jan28-2022> <10:53:35>  >>>> DEBYE
<Jan28-2022> <10:53:35>  *** GOStep1 ***
<Jan28-2022> <10:53:35>  >>>> FRAGM
<Jan28-2022> <10:53:36>  Coordinates
<Jan28-2022> <10:53:36>     Atom         X           Y           Z   (Angstrom)
<Jan28-2022> <10:53:36>     1.H        -0.620561   -0.037647   -0.080237
<Jan28-2022> <10:53:36>     2.C        -0.096595   -2.029480   -0.548834
<Jan28-2022> <10:53:36>     3.C         0.182665   -0.752196   -0.265123
<Jan28-2022> <10:53:36>     4.C         1.559289   -0.220140   -0.182914
<Jan28-2022> <10:53:36>     5.O         1.866357    0.933659    0.071805
<Jan28-2022> <10:53:36>     6.H         0.696953   -2.746124   -0.736266
<Jan28-2022> <10:53:36>     7.C        -1.535124   -3.981695   -1.121568
<Jan28-2022> <10:53:36>     8.C        -1.549875   -2.533590   -0.622661
<Jan28-2022> <10:53:36>     9.C        -2.323718   -1.638855   -1.595669
<Jan28-2022> <10:53:36>    10.C        -2.161090   -2.455551    0.779644
<Jan28-2022> <10:53:36>    11.H        -2.147657   -1.426879    1.141600
<Jan28-2022> <10:53:36>    12.H        -2.550991   -4.374931   -1.187221
<Jan28-2022> <10:53:36>    13.H        -0.962779   -4.611201   -0.439291
<Jan28-2022> <10:53:36>    14.H        -1.077151   -4.036838   -2.109789
<Jan28-2022> <10:53:36>    15.H        -3.361755   -1.966226   -1.674651
<Jan28-2022> <10:53:36>    16.H        -1.871180   -1.677852   -2.587157
<Jan28-2022> <10:53:36>    17.H        -2.311406   -0.604554   -1.250082
<Jan28-2022> <10:53:36>    18.H        -3.194555   -2.805883    0.767440
<Jan28-2022> <10:53:36>    19.H        -1.593059   -3.074540    1.475023
<Jan28-2022> <10:53:36>    20.H         2.325141   -0.943334   -0.370959
<Jan28-2022> <10:53:36>    21.Sn        1.851031    2.466110    0.807575
<Jan28-2022> <10:53:36>    22.Cl        2.209761    2.910580    3.119640
<Jan28-2022> <10:53:36>    23.Cl        1.788791    4.683772   -0.058415
<Jan28-2022> <10:53:36>  >>>> CORORT
<Jan28-2022> <10:53:36>  >>>> CLSMAT
<Jan28-2022> <10:53:36>  >>>> ORTHON
<Jan28-2022> <10:53:36>  >>>> GENPT
<Jan28-2022> <10:53:37>  Block Length= 128
<Jan28-2022> <10:53:39>  >>>> PTBAS
<Jan28-2022> <10:54:38>  >>>> CYCLE
<Jan28-2022> <10:56:26>              |Error|         MaxErr       Wt(A-DIIS)
<Jan28-2022> <10:56:26>      1      8.36686915      1.13733416
<Jan28-2022> <10:57:49>      2      1.67213044      0.20030961    100.0
<Jan28-2022> <10:59:11>      3      0.82623408      0.09870596    100.0
<Jan28-2022> <11:00:39>      4      1.73183446      0.25382302    100.0
<Jan28-2022> <11:02:04>      5      0.70017272      0.07661557     76.4
<Jan28-2022> <11:03:31>      6      0.58697144      0.06205541     61.7
<Jan28-2022> <11:04:55>      7      0.27796280      0.03800191     37.4
<Jan28-2022> <11:06:19>      8      0.63852562      0.08509362    100.0
<Jan28-2022> <11:07:45>      9      0.20330128      0.02013430     19.3
<Jan28-2022> <11:09:09>     10      0.24930381      0.03946318    100.0
<Jan28-2022> <11:10:36>     11      0.19813276      0.02803541     27.3
<Jan28-2022> <11:12:00>     12      0.24285748      0.03692496    100.0
<Jan28-2022> <11:13:25>     13      0.10937826      0.01578834     14.9
<Jan28-2022> <11:14:50>     14      0.15495029      0.02483178    100.0
<Jan28-2022> <11:16:14>     15      0.06087521      0.00915057      8.2
<Jan28-2022> <11:17:40>     16      0.01543881      0.00236730      1.4
<Jan28-2022> <11:19:04>     17      0.00298011      0.00043457      0.0
<Jan28-2022> <11:20:29>     18      0.00067407      0.00011528      0.0
<Jan28-2022> <11:21:53>     19      0.00111117      0.00016511      0.0
<Jan28-2022> <11:23:18>     20      0.00058184      0.00009122      0.0
<Jan28-2022> <11:24:44>     21      0.00025682      0.00003892      0.0
<Jan28-2022> <11:26:09>     22      0.00009482      0.00001401      0.0
<Jan28-2022> <11:27:34>     23      0.00000862      0.00000145      0.0
<Jan28-2022> <11:28:57>     24      0.00000519      0.00000071      0.0
<Jan28-2022> <11:29:30>  SCF converged
<Jan28-2022> <11:30:22>     25      0.00000276      0.00000033      0.0
<Jan28-2022> <11:30:54>  >>>> TOTEN
<Jan28-2022> <11:32:40>  >>>> POPAN
<Jan28-2022> <11:32:40>  >>>> DEBYE
<Jan28-2022> <11:32:40>  >>>> ENGRAD
<Jan28-2022> <11:36:36>  current energy                               -4.18680693 Hartree
<Jan28-2022> <11:36:36>  energy change                      -4.18680693     0.00023000    F
<Jan28-2022> <11:36:36>  constrained gradient max            0.42345396     0.00100000    F
<Jan28-2022> <11:36:36>  constrained gradient rms            0.08046462     0.00066667    F
<Jan28-2022> <11:36:36>  gradient max                        0.42345396
<Jan28-2022> <11:36:36>  gradient rms                        0.08046462
<Jan28-2022> <11:36:36>  cart. step max                      0.04795200     0.01000000    F
<Jan28-2022> <11:36:36>  cart. step rms                      0.01701216     0.00666667    F
<Jan28-2022> <11:36:36>  Iteration 2
<Jan28-2022> <11:36:37>  *** GOStep2 ***
<Jan28-2022> <11:36:37>  >>>> FRAGM
<Jan28-2022> <11:36:37>  Coordinates
<Jan28-2022> <11:36:37>     Atom         X           Y           Z   (Angstrom)
<Jan28-2022> <11:36:37>     1.H        -0.595237   -0.005580   -0.084578
<Jan28-2022> <11:36:37>     2.C        -0.106925   -2.019924   -0.549658
<Jan28-2022> <11:36:37>     3.C         0.194061   -0.734048   -0.269774
<Jan28-2022> <11:36:37>     4.C         1.564418   -0.230596   -0.196927
<Jan28-2022> <11:36:37>     5.O         1.898172    0.922083    0.042542
<Jan28-2022> <11:36:37>     6.H         0.685760   -2.739880   -0.734525
<Jan28-2022> <11:36:37>     7.C        -1.527457   -3.987793   -1.117662
<Jan28-2022> <11:36:37>     8.C        -1.555930   -2.535015   -0.623975
<Jan28-2022> <11:36:37>     9.C        -2.343260   -1.653261   -1.605256
<Jan28-2022> <11:36:37>    10.C        -2.172042   -2.456614    0.781083
<Jan28-2022> <11:36:37>    11.H        -2.172099   -1.427088    1.142739
<Jan28-2022> <11:36:37>    12.H        -2.539826   -4.392401   -1.182986
<Jan28-2022> <11:36:37>    13.H        -0.950044   -4.612100   -0.432870
<Jan28-2022> <11:36:37>    14.H        -1.068364   -4.045805   -2.106534
<Jan28-2022> <11:36:37>    15.H        -3.378199   -1.994693   -1.681676
<Jan28-2022> <11:36:37>    16.H        -1.892384   -1.691912   -2.598633
<Jan28-2022> <11:36:37>    17.H        -2.347953   -0.614903   -1.271014
<Jan28-2022> <11:36:37>    18.H        -3.203007   -2.817960    0.768060
<Jan28-2022> <11:36:37>    19.H        -1.600748   -3.066972    1.483061
<Jan28-2022> <11:36:37>    20.H         2.328994   -0.968206   -0.384046
<Jan28-2022> <11:36:37>    21.Sn        1.866430    2.504948    0.833374
<Jan28-2022> <11:36:37>    22.Cl        2.228842    2.915019    3.167592
<Jan28-2022> <11:36:37>    23.Cl        1.809292    4.729308   -0.046450
<Jan28-2022> <11:36:38>  >>>> CORORT
<Jan28-2022> <11:36:38>  >>>> CLSMAT
<Jan28-2022> <11:36:38>  >>>> ORTHON
<Jan28-2022> <11:36:38>  >>>> GENPT
<Jan28-2022> <11:36:39>  Block Length= 128
<Jan28-2022> <11:36:41>  >>>> PTBAS
<Jan28-2022> <11:37:39>  >>>> CYCLE
<Jan28-2022> <11:38:34>  using orbital data from restart file
<Jan28-2022> <11:39:27>              |Error|         MaxErr       Wt(A-DIIS)
<Jan28-2022> <11:39:27>      1      0.50948924      0.14498621
<Jan28-2022> <11:40:53>      2      0.22716431      0.02957973    100.0
<Jan28-2022> <11:42:19>      3      0.88557028      0.12113133    100.0
<Jan28-2022> <11:43:45>      4      0.43766795      0.07189888    100.0
<Jan28-2022> <11:45:09>      5      0.12695798      0.01565688     14.8
<Jan28-2022> <11:46:35>      6      0.11142554      0.01997493     14.8
