<Jan21-2022> <00:36:28>  AMS 2021.102  RunTime: Jan21-2022 00:36:28  ShM Nodes: 1  Procs: 1
<Jan21-2022> <00:36:29>  ADF 2021.102  RunTime: Jan21-2022 00:36:29  ShM Nodes: 1  Procs: 1
<Jan21-2022> <00:36:29>  *** (NO TITLE) ***
<Jan21-2022> <00:36:29>  Iteration 1
<Jan21-2022> <00:36:29>  DIRAC 2021.102  RunTime: Jan21-2022 00:36:29  ShM Nodes: 1  Procs: 1
<Jan21-2022> <00:36:29>  Carbon (TZ2P)
<Jan21-2022> <00:36:29>  Net Charge: 0 (Nuclei minus Electrons)
<Jan21-2022> <00:36:29>  Symmetry  : ATOM
<Jan21-2022> <00:36:29>  Coordinates
<Jan21-2022> <00:36:29>     Atom         X           Y           Z   (Angstrom)
<Jan21-2022> <00:36:29>     1.C         0.000000    0.000000    0.000000
<Jan21-2022> <00:36:29>  >>>> CORORT
<Jan21-2022> <00:36:29>  >>>> CLSMAT
<Jan21-2022> <00:36:29>  >>>> ORTHON
<Jan21-2022> <00:36:29>  >>>> GENPT
<Jan21-2022> <00:36:29>  Block Length=  72
<Jan21-2022> <00:36:29>  >>>> PTBAS
<Jan21-2022> <00:36:29>  >>>> CYCLE
<Jan21-2022> <00:36:29>              |Error|         MaxErr       Wt(A-DIIS)
<Jan21-2022> <00:36:29>      1      0.00000000      0.00000000
<Jan21-2022> <00:36:29>      2      4.48405934      3.32161898    100.0
<Jan21-2022> <00:36:29>      3      1.60718414      1.28408746    100.0
<Jan21-2022> <00:36:29>      4      0.76426456      0.62272052    100.0
<Jan21-2022> <00:36:29>      5      0.36119063      0.28553990    100.0
<Jan21-2022> <00:36:29>      6      0.14821424      0.11559867    100.0
<Jan21-2022> <00:36:29>      7      0.10108424      0.07867111     78.5
<Jan21-2022> <00:36:29>      8      0.01786531      0.01387049     13.0
<Jan21-2022> <00:36:29>      9      0.00195746      0.00153262      0.5
<Jan21-2022> <00:36:29>     10      0.00001058      0.00000730      0.0
<Jan21-2022> <00:36:29>     11      0.00000047      0.00000027      0.0
<Jan21-2022> <00:36:29>     12      0.00000003      0.00000002      0.0
<Jan21-2022> <00:36:29>     13      0.00000000      0.00000000      0.0
<Jan21-2022> <00:36:29>  SCF converged
<Jan21-2022> <00:36:29>     14      0.00000000      0.00000000      0.0
<Jan21-2022> <00:36:29>  >>>> POPAN
<Jan21-2022> <00:36:29>  >>>> DEBYE
<Jan21-2022> <00:36:29>  DIRAC 2021.102  RunTime: Jan21-2022 00:36:29  ShM Nodes: 1  Procs: 1
<Jan21-2022> <00:36:30>  Hydrogen (TZ2P)
<Jan21-2022> <00:36:30>  Net Charge: 0 (Nuclei minus Electrons)
<Jan21-2022> <00:36:30>  Symmetry  : ATOM
<Jan21-2022> <00:36:30>  Coordinates
<Jan21-2022> <00:36:30>     Atom         X           Y           Z   (Angstrom)
<Jan21-2022> <00:36:30>     1.H         0.000000    0.000000    0.000000
<Jan21-2022> <00:36:30>  >>>> CORORT
<Jan21-2022> <00:36:30>  >>>> CLSMAT
<Jan21-2022> <00:36:30>  >>>> ORTHON
<Jan21-2022> <00:36:30>  >>>> GENPT
<Jan21-2022> <00:36:30>  Block Length=  64
<Jan21-2022> <00:36:30>  >>>> PTBAS
<Jan21-2022> <00:36:30>  >>>> CYCLE
<Jan21-2022> <00:36:30>              |Error|         MaxErr       Wt(A-DIIS)
<Jan21-2022> <00:36:30>      1      0.00000000      0.00000000
<Jan21-2022> <00:36:30>      2      0.03080019      0.02591482
<Jan21-2022> <00:36:30>      3      0.01140383      0.01135775    100.0
<Jan21-2022> <00:36:30>      4      0.00327656      0.00327407      2.3
<Jan21-2022> <00:36:30>      5      0.00010041      0.00009754      0.0
<Jan21-2022> <00:36:30>      6      0.00000525      0.00000504      0.0
<Jan21-2022> <00:36:30>      7      0.00000007      0.00000007      0.0
<Jan21-2022> <00:36:30>      8      0.00000000      0.00000000      0.0
<Jan21-2022> <00:36:30>  SCF converged
<Jan21-2022> <00:36:30>      9      0.00000000      0.00000000      0.0
<Jan21-2022> <00:36:30>  >>>> POPAN
<Jan21-2022> <00:36:30>  >>>> DEBYE
<Jan21-2022> <00:36:30>  DIRAC 2021.102  RunTime: Jan21-2022 00:36:30  ShM Nodes: 1  Procs: 1
<Jan21-2022> <00:36:30>  Oxygen (TZ2P)
<Jan21-2022> <00:36:30>  Net Charge: 0 (Nuclei minus Electrons)
<Jan21-2022> <00:36:30>  Symmetry  : ATOM
<Jan21-2022> <00:36:30>  Coordinates
<Jan21-2022> <00:36:30>     Atom         X           Y           Z   (Angstrom)
<Jan21-2022> <00:36:30>     1.O         0.000000    0.000000    0.000000
<Jan21-2022> <00:36:30>  >>>> CORORT
<Jan21-2022> <00:36:30>  >>>> CLSMAT
<Jan21-2022> <00:36:30>  >>>> ORTHON
<Jan21-2022> <00:36:30>  >>>> GENPT
<Jan21-2022> <00:36:30>  Block Length=  68
<Jan21-2022> <00:36:30>  >>>> PTBAS
<Jan21-2022> <00:36:30>  >>>> CYCLE
<Jan21-2022> <00:36:30>              |Error|         MaxErr       Wt(A-DIIS)
<Jan21-2022> <00:36:30>      1      0.00000000      0.00000000
<Jan21-2022> <00:36:30>      2      8.77210307      5.53374266    100.0
<Jan21-2022> <00:36:30>      3      3.60058093      2.49154808    100.0
<Jan21-2022> <00:36:30>      4      1.20505529      0.62472425    100.0
<Jan21-2022> <00:36:30>      5      1.46502638      0.81213311    100.0
<Jan21-2022> <00:36:30>      6      0.15089362      0.09131786     91.2
<Jan21-2022> <00:36:30>      7      0.14397311      0.08251182     82.3
<Jan21-2022> <00:36:31>      8      0.00183259      0.00123681      0.2
<Jan21-2022> <00:36:31>      9      0.00015629      0.00008105      0.0
<Jan21-2022> <00:36:31>     10      0.00001324      0.00000629      0.0
<Jan21-2022> <00:36:31>     11      0.00000006      0.00000003      0.0
<Jan21-2022> <00:36:31>     12      0.00000000      0.00000000      0.0
<Jan21-2022> <00:36:31>  SCF converged
<Jan21-2022> <00:36:31>     13      0.00000000      0.00000000      0.0
<Jan21-2022> <00:36:31>  >>>> POPAN
<Jan21-2022> <00:36:31>  >>>> DEBYE
<Jan21-2022> <00:36:31>  *** GOStep1 ***
<Jan21-2022> <00:36:31>  >>>> FRAGM
<Jan21-2022> <00:36:31>  Coordinates
<Jan21-2022> <00:36:31>     Atom         X           Y           Z   (Angstrom)
<Jan21-2022> <00:36:31>     1.C         0.816680   -0.234719    0.881975
<Jan21-2022> <00:36:31>     2.C         0.816784   -0.234131   -0.477193
<Jan21-2022> <00:36:31>     3.C        -1.531600   -0.469980   -1.308576
<Jan21-2022> <00:36:31>     4.H         0.856362   -1.163867    1.448593
<Jan21-2022> <00:36:31>     5.C         0.738934    1.000635    1.660143
<Jan21-2022> <00:36:31>     6.H        -1.752243   -1.423246   -0.843669
<Jan21-2022> <00:36:31>     7.H         0.865401    0.701495   -1.028794
<Jan21-2022> <00:36:31>     8.H        -1.295721   -0.453222   -2.366756
<Jan21-2022> <00:36:31>     9.H        -1.934372    0.427296   -0.854856
<Jan21-2022> <00:36:31>    10.O         0.730889    1.056221    2.881649
<Jan21-2022> <00:36:31>    11.H         0.994956   -1.130034   -1.034430
<Jan21-2022> <00:36:31>    12.H         0.693508    1.895813    1.075768
<Jan21-2022> <00:36:31>  >>>> CORORT
<Jan21-2022> <00:36:31>  >>>> CLSMAT
<Jan21-2022> <00:36:31>  >>>> ORTHON
<Jan21-2022> <00:36:31>  >>>> GENPT
<Jan21-2022> <00:36:31>  Block Length= 128
<Jan21-2022> <00:36:32>  >>>> PTBAS
<Jan21-2022> <00:36:47>  >>>> CYCLE
<Jan21-2022> <00:37:49>              |Error|         MaxErr       Wt(A-DIIS)
<Jan21-2022> <00:37:49>      1      5.06635329      0.52398661
<Jan21-2022> <00:38:42>      2      0.89122353      0.09799634    100.0
<Jan21-2022> <00:39:35>      3      0.48242844      0.04462236    100.0
<Jan21-2022> <00:40:27>      4      0.66468963      0.07388004    100.0
<Jan21-2022> <00:41:21>      5      0.13767296      0.02126000     20.5
<Jan21-2022> <00:42:15>      6      0.14007780      0.02252866     20.5
<Jan21-2022> <00:43:08>      7      0.02456021      0.00246211      1.5
<Jan21-2022> <00:44:01>      8      0.00778434      0.00103476      0.0
<Jan21-2022> <00:44:54>      9      0.00565245      0.00090556      0.0
<Jan21-2022> <00:45:47>     10      0.00181282      0.00020969      0.0
<Jan21-2022> <00:46:40>     11      0.00083609      0.00006399      0.0
<Jan21-2022> <00:47:34>     12      0.00026737      0.00002289      0.0
<Jan21-2022> <00:48:27>     13      0.00008838      0.00000925      0.0
<Jan21-2022> <00:49:19>     14      0.00003359      0.00000462      0.0
<Jan21-2022> <00:50:13>     15      0.00001078      0.00000098      0.0
<Jan21-2022> <00:51:05>     16      0.00000643      0.00000061      0.0
<Jan21-2022> <00:51:19>  SCF converged
<Jan21-2022> <00:51:58>     17      0.00000192      0.00000013      0.0
<Jan21-2022> <00:52:12>  >>>> TOTEN
<Jan21-2022> <00:53:09>  >>>> POPAN
<Jan21-2022> <00:53:09>  >>>> DEBYE
<Jan21-2022> <00:53:09>  >>>> ENGRAD
<Jan21-2022> <00:54:21>  current energy                               -2.32665185 Hartree
<Jan21-2022> <00:54:21>  energy change                      -2.32665185     0.00012000    F
<Jan21-2022> <00:54:21>  constrained gradient max            0.04677457     0.00100000    F
<Jan21-2022> <00:54:21>  constrained gradient rms            0.01321218     0.00066667    F
<Jan21-2022> <00:54:21>  gradient max                        0.04677457
<Jan21-2022> <00:54:21>  gradient rms                        0.01321218
<Jan21-2022> <00:54:21>  cart. step max                      0.02616608     0.01000000    F
<Jan21-2022> <00:54:21>  cart. step rms                      0.00540170     0.00666667    T
<Jan21-2022> <00:54:21>  Iteration 2
<Jan21-2022> <00:54:21>  *** GOStep2 ***
<Jan21-2022> <00:54:21>  >>>> FRAGM
<Jan21-2022> <00:54:21>  Coordinates
<Jan21-2022> <00:54:21>     Atom         X           Y           Z   (Angstrom)
<Jan21-2022> <00:54:21>     1.C         0.816678   -0.237145    0.883600
<Jan21-2022> <00:54:21>     2.C         0.816872   -0.234924   -0.475797
<Jan21-2022> <00:54:21>     3.C        -1.531158   -0.470154   -1.308237
<Jan21-2022> <00:54:21>     4.H         0.856251   -1.167492    1.448386
<Jan21-2022> <00:54:21>     5.C         0.739256    0.998510    1.662781
<Jan21-2022> <00:54:21>     6.H        -1.752147   -1.423979   -0.844671
<Jan21-2022> <00:54:21>     7.H         0.865469    0.701813   -1.025690
<Jan21-2022> <00:54:21>     8.H        -1.295351   -0.451839   -2.366399
<Jan21-2022> <00:54:21>     9.H        -1.934153    0.426513   -0.853393
<Jan21-2022> <00:54:21>    10.O         0.730667    1.047858    2.887534
<Jan21-2022> <00:54:21>    11.H         0.994935   -1.138879   -1.040329
<Jan21-2022> <00:54:21>    12.H         0.692259    1.921979    1.066070
<Jan21-2022> <00:54:21>  >>>> CORORT
<Jan21-2022> <00:54:21>  >>>> CLSMAT
<Jan21-2022> <00:54:21>  >>>> ORTHON
<Jan21-2022> <00:54:21>  >>>> GENPT
<Jan21-2022> <00:54:21>  Block Length= 128
<Jan21-2022> <00:54:22>  >>>> PTBAS
<Jan21-2022> <00:54:37>  >>>> CYCLE
<Jan21-2022> <00:54:58>  using orbital data from restart file
<Jan21-2022> <00:55:36>              |Error|         MaxErr       Wt(A-DIIS)
<Jan21-2022> <00:55:36>      1      0.08835378      0.02062317
<Jan21-2022> <00:56:28>      2      0.01469122      0.00184377    100.0
<Jan21-2022> <00:57:19>      3      0.03075510      0.00484069    100.0
<Jan21-2022> <00:58:10>      4      0.00674059      0.00064448      0.0
<Jan21-2022> <00:58:44>      5      0.00192380      0.00021242      0.0
<Jan21-2022> <00:59:14>      6      0.00098055      0.00011508      0.0
<Jan21-2022> <00:59:45>      7      0.00025235      0.00003458      0.0
<Jan21-2022> <01:00:16>      8      0.00005334      0.00000426      0.0
<Jan21-2022> <01:00:46>      9      0.00001693      0.00000135      0.0
<Jan21-2022> <01:01:17>     10      0.00000795      0.00000063      0.0
<Jan21-2022> <01:01:24>  SCF converged
<Jan21-2022> <01:01:48>     11      0.00000130      0.00000015      0.0
<Jan21-2022> <01:01:55>  >>>> TOTEN
<Jan21-2022> <01:02:30>  >>>> POPAN
<Jan21-2022> <01:02:30>  >>>> DEBYE
<Jan21-2022> <01:02:30>  >>>> ENGRAD
<Jan21-2022> <01:03:12>  current energy                               -2.32788792 Hartree
<Jan21-2022> <01:03:12>  energy change                      -0.00123607     0.00012000    F
<Jan21-2022> <01:03:12>  constrained gradient max            0.01648186     0.00100000    F
<Jan21-2022> <01:03:12>  constrained gradient rms            0.00497939     0.00066667    F
<Jan21-2022> <01:03:12>  gradient max                        0.01648186
<Jan21-2022> <01:03:12>  gradient rms                        0.00497939
<Jan21-2022> <01:03:12>  cart. step max                      0.01033011     0.01000000    F
<Jan21-2022> <01:03:12>  cart. step rms                      0.00230147     0.00666667    T
<Jan21-2022> <01:03:12>  Iteration 3
<Jan21-2022> <01:03:12>  *** GOStep3 ***
<Jan21-2022> <01:03:12>  >>>> FRAGM
<Jan21-2022> <01:03:12>  Coordinates
<Jan21-2022> <01:03:12>     Atom         X           Y           Z   (Angstrom)
<Jan21-2022> <01:03:12>     1.C         0.815766   -0.238007    0.884787
<Jan21-2022> <01:03:12>     2.C         0.816193   -0.234250   -0.474607
<Jan21-2022> <01:03:12>     3.C        -1.531074   -0.470665   -1.308440
<Jan21-2022> <01:03:12>     4.H         0.855037   -1.168567    1.448924
<Jan21-2022> <01:03:12>     5.C         0.738067    0.995425    1.665885
<Jan21-2022> <01:03:12>     6.H        -1.751726   -1.425071   -0.845866
<Jan21-2022> <01:03:12>     7.H         0.864618    0.702903   -1.023702
<Jan21-2022> <01:03:12>     8.H        -1.294936   -0.451261   -2.366527
<Jan21-2022> <01:03:12>     9.H        -1.935074    0.425252   -0.853054
<Jan21-2022> <01:03:12>    10.O         0.732296    1.045488    2.886896
<Jan21-2022> <01:03:12>    11.H         0.995488   -1.141296   -1.042400
<Jan21-2022> <01:03:12>    12.H         0.694924    1.932309    1.061959
<Jan21-2022> <01:03:12>  >>>> CORORT
<Jan21-2022> <01:03:12>  >>>> CLSMAT
<Jan21-2022> <01:03:12>  >>>> ORTHON
<Jan21-2022> <01:03:12>  >>>> GENPT
<Jan21-2022> <01:03:13>  Block Length= 128
<Jan21-2022> <01:03:13>  >>>> PTBAS
<Jan21-2022> <01:03:23>  >>>> CYCLE
<Jan21-2022> <01:03:36>  using orbital data from restart file
<Jan21-2022> <01:03:59>              |Error|         MaxErr       Wt(A-DIIS)
<Jan21-2022> <01:03:59>      1      0.04570201      0.00998991
<Jan21-2022> <01:04:29>      2      0.00923977      0.00135443    100.0
<Jan21-2022> <01:05:00>      3      0.02848035      0.00413844    100.0
<Jan21-2022> <01:05:30>      4      0.00825494      0.00118292      0.2
<Jan21-2022> <01:06:01>      5      0.00098865      0.00009825      0.0
<Jan21-2022> <01:06:32>      6      0.00027036      0.00003460      0.0
<Jan21-2022> <01:07:03>      7      0.00010903      0.00000995      0.0
<Jan21-2022> <01:07:33>      8      0.00002160      0.00000329      0.0
<Jan21-2022> <01:08:03>      9      0.00001447      0.00000109      0.0
<Jan21-2022> <01:08:34>     10      0.00000799      0.00000080      0.0
<Jan21-2022> <01:08:42>  SCF converged
<Jan21-2022> <01:09:05>     11      0.00000175      0.00000017      0.0
<Jan21-2022> <01:09:12>  >>>> TOTEN
<Jan21-2022> <01:09:47>  >>>> POPAN
<Jan21-2022> <01:09:47>  >>>> DEBYE
<Jan21-2022> <01:09:47>  >>>> ENGRAD
<Jan21-2022> <01:10:29>  current energy                               -2.32805618 Hartree
<Jan21-2022> <01:10:29>  energy change                      -0.00016826     0.00012000    F
<Jan21-2022> <01:10:29>  constrained gradient max            0.00270321     0.00100000    F
<Jan21-2022> <01:10:29>  constrained gradient rms            0.00079518     0.00066667    F
<Jan21-2022> <01:10:29>  gradient max                        0.00270321
<Jan21-2022> <01:10:29>  gradient rms                        0.00079518
<Jan21-2022> <01:10:29>  cart. step max                      0.00450972     0.01000000    T
<Jan21-2022> <01:10:29>  cart. step rms                      0.00146464     0.00666667    T
<Jan21-2022> <01:10:29>  Iteration 4
<Jan21-2022> <01:10:29>  *** GOStep4 ***
<Jan21-2022> <01:10:29>  >>>> FRAGM
<Jan21-2022> <01:10:29>  Coordinates
<Jan21-2022> <01:10:29>     Atom         X           Y           Z   (Angstrom)
<Jan21-2022> <01:10:29>     1.C         0.817487   -0.238573    0.884149
<Jan21-2022> <01:10:29>     2.C         0.816760   -0.234324   -0.475030
<Jan21-2022> <01:10:29>     3.C        -1.530885   -0.469985   -1.307491
<Jan21-2022> <01:10:29>     4.H         0.854698   -1.169183    1.448396
<Jan21-2022> <01:10:29>     5.C         0.742576    0.994511    1.666214
<Jan21-2022> <01:10:29>     6.H        -1.751713   -1.424203   -0.844575
<Jan21-2022> <01:10:29>     7.H         0.865524    0.702649   -1.024331
<Jan21-2022> <01:10:29>     8.H        -1.295348   -0.451076   -2.365729
<Jan21-2022> <01:10:29>     9.H        -1.934367    0.426184   -0.852188
<Jan21-2022> <01:10:29>    10.O         0.727873    1.045667    2.888154
<Jan21-2022> <01:10:29>    11.H         0.995776   -1.141576   -1.042959
<Jan21-2022> <01:10:29>    12.H         0.691198    1.932170    1.059245
<Jan21-2022> <01:10:29>  >>>> CORORT
<Jan21-2022> <01:10:29>  >>>> CLSMAT
<Jan21-2022> <01:10:29>  >>>> ORTHON
<Jan21-2022> <01:10:29>  >>>> GENPT
<Jan21-2022> <01:10:30>  Block Length= 128
<Jan21-2022> <01:10:30>  >>>> PTBAS
<Jan21-2022> <01:10:40>  >>>> CYCLE
<Jan21-2022> <01:10:52>  using orbital data from restart file
<Jan21-2022> <01:11:16>              |Error|         MaxErr       Wt(A-DIIS)
<Jan21-2022> <01:11:16>      1      0.02052017      0.00485659
<Jan21-2022> <01:11:46>      2      0.00346031      0.00028505    100.0
<Jan21-2022> <01:12:18>      3      0.00677482      0.00063160    100.0
<Jan21-2022> <01:12:49>      4      0.00160127      0.00013610      0.0
<Jan21-2022> <01:13:20>      5      0.00052850      0.00006800      0.0
<Jan21-2022> <01:13:51>      6      0.00025310      0.00003876      0.0
<Jan21-2022> <01:14:21>      7      0.00007140      0.00000784      0.0
<Jan21-2022> <01:14:53>      8      0.00001465      0.00000151      0.0
<Jan21-2022> <01:15:30>      9      0.00000469      0.00000035      0.0
<Jan21-2022> <01:15:44>  SCF converged
<Jan21-2022> <01:16:24>     10      0.00000215      0.00000022      0.0
<Jan21-2022> <01:16:37>  >>>> TOTEN
<Jan21-2022> <01:17:34>  >>>> POPAN
<Jan21-2022> <01:17:34>  >>>> DEBYE
<Jan21-2022> <01:17:34>  >>>> ENGRAD
<Jan21-2022> <01:18:47>  current energy                               -2.32805658 Hartree
<Jan21-2022> <01:18:47>  energy change                      -0.00000039     0.00012000    T
<Jan21-2022> <01:18:47>  constrained gradient max            0.00262584     0.00100000    F
<Jan21-2022> <01:18:47>  constrained gradient rms            0.00054784     0.00066667    T
<Jan21-2022> <01:18:47>  gradient max                        0.00262584
<Jan21-2022> <01:18:47>  gradient rms                        0.00054784
<Jan21-2022> <01:18:47>  cart. step max                      0.00331525     0.01000000    T
<Jan21-2022> <01:18:47>  cart. step rms                      0.00099399     0.00666667    T
<Jan21-2022> <01:18:47>  Iteration 5
<Jan21-2022> <01:18:48>  *** GOStep5 ***
<Jan21-2022> <01:18:48>  >>>> FRAGM
<Jan21-2022> <01:18:48>  Coordinates
<Jan21-2022> <01:18:48>     Atom         X           Y           Z   (Angstrom)
<Jan21-2022> <01:18:48>     1.C         0.816266   -0.238435    0.884517
<Jan21-2022> <01:18:48>     2.C         0.816193   -0.234103   -0.474635
<Jan21-2022> <01:18:48>     3.C        -1.531091   -0.470423   -1.308205
<Jan21-2022> <01:18:48>     4.H         0.854861   -1.169125    1.448583
<Jan21-2022> <01:18:48>     5.C         0.739515    0.994576    1.666521
<Jan21-2022> <01:18:48>     6.H        -1.751696   -1.424862   -0.845651
<Jan21-2022> <01:18:48>     7.H         0.864861    0.702988   -1.023736
<Jan21-2022> <01:18:48>     8.H        -1.295044   -0.451120   -2.366320
<Jan21-2022> <01:18:48>     9.H        -1.935071    0.425478   -0.852815
<Jan21-2022> <01:18:48>    10.O         0.731188    1.046150    2.888537
<Jan21-2022> <01:18:48>    11.H         0.995797   -1.141018   -1.042442
<Jan21-2022> <01:18:48>    12.H         0.693800    1.932155    1.059500
<Jan21-2022> <01:18:48>  >>>> CORORT
<Jan21-2022> <01:18:48>  >>>> CLSMAT
<Jan21-2022> <01:18:48>  >>>> ORTHON
<Jan21-2022> <01:18:48>  >>>> GENPT
<Jan21-2022> <01:18:48>  Block Length= 128
<Jan21-2022> <01:18:49>  >>>> PTBAS
<Jan21-2022> <01:19:04>  >>>> CYCLE
<Jan21-2022> <01:19:24>  using orbital data from restart file
<Jan21-2022> <01:20:02>              |Error|         MaxErr       Wt(A-DIIS)
<Jan21-2022> <01:20:02>      1      0.01361991      0.00348705
<Jan21-2022> <01:20:53>      2      0.00141146      0.00018643    100.0
<Jan21-2022> <01:21:46>      3      0.00085685      0.00011580    100.0
<Jan21-2022> <01:22:38>      4      0.00082483      0.00010196      0.0
<Jan21-2022> <01:23:15>      5      0.00014440      0.00002120      0.0
<Jan21-2022> <01:23:45>      6      0.00008725      0.00000822      0.0
<Jan21-2022> <01:24:15>      7      0.00002730      0.00000403      0.0
<Jan21-2022> <01:24:46>      8      0.00001336      0.00000187      0.0
<Jan21-2022> <01:25:16>      9      0.00000319      0.00000023      0.0
<Jan21-2022> <01:25:23>  SCF converged
<Jan21-2022> <01:25:46>     10      0.00000134      0.00000008      0.0
<Jan21-2022> <01:25:54>  >>>> TOTEN
<Jan21-2022> <01:26:27>  >>>> POPAN
<Jan21-2022> <01:26:27>  >>>> DEBYE
<Jan21-2022> <01:26:27>  >>>> ENGRAD
<Jan21-2022> <01:27:08>  current energy                               -2.32806276 Hartree
<Jan21-2022> <01:27:08>  energy change                      -0.00000619     0.00012000    T
<Jan21-2022> <01:27:08>  constrained gradient max            0.00083133     0.00100000    T
<Jan21-2022> <01:27:08>  constrained gradient rms            0.00021336     0.00066667    T
<Jan21-2022> <01:27:08>  gradient max                        0.00083133
<Jan21-2022> <01:27:08>  gradient rms                        0.00021336
<Jan21-2022> <01:27:08>  cart. step max                      0.00122730     0.01000000    T
<Jan21-2022> <01:27:08>  cart. step rms                      0.00030391     0.00666667    T
<Jan21-2022> <01:27:08>  Geometry optimization converged
<Jan21-2022> <01:27:08>  *** adf ***
<Jan21-2022> <01:27:09>  Net Charge: 0 (Nuclei minus Electrons)
<Jan21-2022> <01:27:09>  Spin polar: 1 (Spin_A minus Spin_B electrons)
<Jan21-2022> <01:27:09>  Symmetry  : NOSYM
<Jan21-2022> <01:27:09>  >>>> FRAGM
<Jan21-2022> <01:27:09>  Coordinates
<Jan21-2022> <01:27:09>     Atom         X           Y           Z   (Angstrom)
<Jan21-2022> <01:27:09>     1.C         0.816266   -0.238435    0.884517
<Jan21-2022> <01:27:09>     2.C         0.816193   -0.234103   -0.474635
<Jan21-2022> <01:27:09>     3.C        -1.531091   -0.470423   -1.308205
<Jan21-2022> <01:27:09>     4.H         0.854861   -1.169125    1.448583
<Jan21-2022> <01:27:09>     5.C         0.739515    0.994576    1.666521
<Jan21-2022> <01:27:09>     6.H        -1.751696   -1.424862   -0.845651
<Jan21-2022> <01:27:09>     7.H         0.864861    0.702988   -1.023736
<Jan21-2022> <01:27:09>     8.H        -1.295044   -0.451120   -2.366320
<Jan21-2022> <01:27:09>     9.H        -1.935071    0.425478   -0.852815
<Jan21-2022> <01:27:09>    10.O         0.731188    1.046150    2.888537
<Jan21-2022> <01:27:09>    11.H         0.995797   -1.141018   -1.042442
<Jan21-2022> <01:27:09>    12.H         0.693800    1.932155    1.059500
<Jan21-2022> <01:27:09>  >>>> CORORT
<Jan21-2022> <01:27:09>  >>>> CLSMAT
<Jan21-2022> <01:27:09>  >>>> ORTHON
<Jan21-2022> <01:27:09>  >>>> GENPT
<Jan21-2022> <01:27:09>  Block Length= 128
<Jan21-2022> <01:27:09>  >>>> PTBAS
<Jan21-2022> <01:27:19>  >>>> CYCLE
<Jan21-2022> <01:27:31>  using orbital data from restart file
<Jan21-2022> <01:27:54>              |Error|         MaxErr       Wt(A-DIIS)
<Jan21-2022> <01:27:54>      1      0.00000037      0.00000005
<Jan21-2022> <01:28:24>      2      0.00000051      0.00000007    100.0
<Jan21-2022> <01:28:32>  SCF converged
<Jan21-2022> <01:28:54>      3      0.00000025      0.00000003    100.0
<Jan21-2022> <01:29:21>  >>>> TOTEN
<Jan21-2022> <01:30:15>  >>>> POPAN
<Jan21-2022> <01:30:15>  >>>> DEBYE
<Jan21-2022> <01:30:15>  >>>> AMETS
<Jan21-2022> <01:30:15>   Bond Energy          -2.32806276 a.u.
<Jan21-2022> <01:30:15>   Bond Energy         -63.34981104 eV
<Jan21-2022> <01:30:15>   Bond Energy       -1460.88       kcal/mol
<Jan21-2022> <01:30:15>  >>>> POPUL
<Jan21-2022> <01:30:15>  >>>> ENGRAD
<Jan21-2022> <01:30:56>  >>>> ENHESS
<Jan21-2022> <01:31:09>  === NUCLEUS:     1
<Jan21-2022> <01:46:48>  === NUCLEUS:     2
<Jan21-2022> <02:02:28>  === NUCLEUS:     3
<Jan21-2022> <02:17:10>  === NUCLEUS:     4
<Jan21-2022> <02:32:34>  === NUCLEUS:     5
<Jan21-2022> <02:45:50>  === NUCLEUS:     6
<Jan21-2022> <02:59:25>  === NUCLEUS:     7
<Jan21-2022> <03:13:19>  === NUCLEUS:     8
<Jan21-2022> <03:26:11>  === NUCLEUS:     9
<Jan21-2022> <03:39:44>  === NUCLEUS:    10
<Jan21-2022> <03:53:36>  === NUCLEUS:    11
<Jan21-2022> <04:06:30>  === NUCLEUS:    12
<Jan21-2022> <04:19:49>  >>>> CALC_HESS_PMAT
<Jan21-2022> <04:21:43>  >>>> CALC_HESS_WMAT
<Jan21-2022> <04:21:56>  Scanning mode: 7
<Jan21-2022> <04:21:56>  *** SCANMODE_forward_adf_ScanMode_7 ***
<Jan21-2022> <04:21:56>  >>>> FRAGM
<Jan21-2022> <04:21:56>  Coordinates
<Jan21-2022> <04:21:56>     Atom         X           Y           Z   (Angstrom)
<Jan21-2022> <04:21:56>     1.C         0.816344   -0.238442    0.884546
<Jan21-2022> <04:21:56>     2.C         0.816421   -0.234088   -0.474560
<Jan21-2022> <04:21:56>     3.C        -1.531379   -0.470453   -1.308342
<Jan21-2022> <04:21:56>     4.H         0.854910   -1.169129    1.448619
<Jan21-2022> <04:21:56>     5.C         0.739535    0.994585    1.666544
<Jan21-2022> <04:21:56>     6.H        -1.751829   -1.424890   -0.845718
<Jan21-2022> <04:21:56>     7.H         0.864946    0.703002   -1.023676
<Jan21-2022> <04:21:56>     8.H        -1.295227   -0.451140   -2.366430
<Jan21-2022> <04:21:56>     9.H        -1.935205    0.425477   -0.852882
<Jan21-2022> <04:21:56>    10.O         0.731175    1.046162    2.888551
<Jan21-2022> <04:21:56>    11.H         0.995856   -1.141012   -1.042405
<Jan21-2022> <04:21:56>    12.H         0.693814    1.932157    1.059511
<Jan21-2022> <04:21:56>  >>>> CORORT
<Jan21-2022> <04:21:56>  >>>> CLSMAT
<Jan21-2022> <04:21:56>  >>>> ORTHON
<Jan21-2022> <04:21:56>  >>>> GENPT
<Jan21-2022> <04:21:56>  Block Length= 128
<Jan21-2022> <04:21:57>  >>>> PTBAS
<Jan21-2022> <04:22:07>  >>>> CYCLE
<Jan21-2022> <04:22:19>  using orbital data from restart file
<Jan21-2022> <04:22:41>              |Error|         MaxErr       Wt(A-DIIS)
<Jan21-2022> <04:22:41>      1      0.00043435      0.00007034
<Jan21-2022> <04:23:11>      2      0.00009220      0.00001016    100.0
<Jan21-2022> <04:23:40>      3      0.00004767      0.00000468    100.0
<Jan21-2022> <04:24:10>      4      0.00005630      0.00000515      0.0
<Jan21-2022> <04:24:38>      5      0.00003333      0.00000497      0.0
<Jan21-2022> <04:25:07>      6      0.00001460      0.00000207      0.0
<Jan21-2022> <04:25:36>      7      0.00000787      0.00000127      0.0
<Jan21-2022> <04:26:06>      8      0.00000214      0.00000024      0.0
<Jan21-2022> <04:26:13>  SCF converged
<Jan21-2022> <04:26:35>      9      0.00000141      0.00000014      0.0
<Jan21-2022> <04:26:42>  >>>> TOTEN
<Jan21-2022> <04:27:15>  >>>> POPAN
<Jan21-2022> <04:27:15>  >>>> DEBYE
<Jan21-2022> <04:27:15>  >>>> ENGRAD
<Jan21-2022> <04:27:54>  *** SCANMODE_backward_adf_ScanMode_7 ***
<Jan21-2022> <04:27:55>  >>>> FRAGM
<Jan21-2022> <04:27:55>  Coordinates
<Jan21-2022> <04:27:55>     Atom         X           Y           Z   (Angstrom)
<Jan21-2022> <04:27:55>     1.C         0.816188   -0.238428    0.884488
<Jan21-2022> <04:27:55>     2.C         0.815966   -0.234119   -0.474710
<Jan21-2022> <04:27:55>     3.C        -1.530803   -0.470392   -1.308067
<Jan21-2022> <04:27:55>     4.H         0.854813   -1.169121    1.448548
<Jan21-2022> <04:27:55>     5.C         0.739495    0.994567    1.666498
<Jan21-2022> <04:27:55>     6.H        -1.751563   -1.424834   -0.845584
<Jan21-2022> <04:27:55>     7.H         0.864776    0.702973   -1.023796
<Jan21-2022> <04:27:55>     8.H        -1.294861   -0.451100   -2.366211
<Jan21-2022> <04:27:55>     9.H        -1.934937    0.425479   -0.852748
<Jan21-2022> <04:27:55>    10.O         0.731202    1.046139    2.888523
<Jan21-2022> <04:27:55>    11.H         0.995737   -1.141025   -1.042480
<Jan21-2022> <04:27:55>    12.H         0.693786    1.932154    1.059489
<Jan21-2022> <04:27:55>  >>>> CORORT
<Jan21-2022> <04:27:55>  >>>> CLSMAT
<Jan21-2022> <04:27:55>  >>>> ORTHON
<Jan21-2022> <04:27:55>  >>>> GENPT
<Jan21-2022> <04:27:55>  Block Length= 128
<Jan21-2022> <04:27:56>  >>>> PTBAS
<Jan21-2022> <04:28:05>  >>>> CYCLE
<Jan21-2022> <04:28:17>  using orbital data from restart file
<Jan21-2022> <04:28:39>              |Error|         MaxErr       Wt(A-DIIS)
<Jan21-2022> <04:28:39>      1      0.00043455      0.00007043
<Jan21-2022> <04:29:08>      2      0.00009250      0.00001012    100.0
<Jan21-2022> <04:29:37>      3      0.00021992      0.00002180    100.0
<Jan21-2022> <04:30:06>      4      0.00004020      0.00000347      0.0
<Jan21-2022> <04:30:36>      5      0.00003327      0.00000497      0.0
<Jan21-2022> <04:31:05>      6      0.00001468      0.00000207      0.0
<Jan21-2022> <04:31:34>      7      0.00000786      0.00000127      0.0
<Jan21-2022> <04:32:03>      8      0.00000215      0.00000024      0.0
<Jan21-2022> <04:32:10>  SCF converged
<Jan21-2022> <04:32:32>      9      0.00000143      0.00000014      0.0
<Jan21-2022> <04:32:39>  >>>> TOTEN
<Jan21-2022> <04:33:12>  >>>> POPAN
<Jan21-2022> <04:33:12>  >>>> DEBYE
<Jan21-2022> <04:33:12>  >>>> ENGRAD
<Jan21-2022> <04:33:52>  PES point character: Geometry corresponds to a transition state.
<Jan21-2022> <04:33:52>  Transition state search successful!
<Jan21-2022> <04:33:52>  NORMAL TERMINATION
