<Feb05-2022> <09:12:16>  AMS 2021.102  RunTime: Feb05-2022 09:12:16  ShM Nodes: 1  Procs: 32
<Feb05-2022> <09:12:39>  WARNING: Intra-node communication is VERY slow! Check CPU affinity, hyperthreading and over-subscription
<Feb05-2022> <09:12:40>  ADF 2021.102  RunTime: Feb05-2022 09:12:40  ShM Nodes: 1  Procs: 32
<Feb05-2022> <09:12:40>  *** (NO TITLE) ***
<Feb05-2022> <09:12:50>  Iteration 1
<Feb05-2022> <09:12:50>  DIRAC 2021.102  RunTime: Feb05-2022 09:12:50  ShM Nodes: 1  Procs: 1
<Feb05-2022> <09:12:50>  Carbon (TZ2P)
<Feb05-2022> <09:12:50>  Net Charge: 0 (Nuclei minus Electrons)
<Feb05-2022> <09:12:50>  Symmetry  : ATOM
<Feb05-2022> <09:12:50>  Coordinates
<Feb05-2022> <09:12:50>     Atom         X           Y           Z   (Angstrom)
<Feb05-2022> <09:12:50>     1.C         0.000000    0.000000    0.000000
<Feb05-2022> <09:12:50>  >>>> CORORT
<Feb05-2022> <09:12:50>  >>>> CLSMAT
<Feb05-2022> <09:12:50>  >>>> ORTHON
<Feb05-2022> <09:12:50>  >>>> GENPT
<Feb05-2022> <09:12:50>  Block Length=  72
<Feb05-2022> <09:12:50>  >>>> PTBAS
<Feb05-2022> <09:12:50>  >>>> CYCLE
<Feb05-2022> <09:12:50>              |Error|         MaxErr       Wt(A-DIIS)
<Feb05-2022> <09:12:50>      1      0.00000000      0.00000000
<Feb05-2022> <09:12:50>      2      4.48405934      3.32161898    100.0
<Feb05-2022> <09:12:50>      3      1.60718414      1.28408746    100.0
<Feb05-2022> <09:12:50>      4      0.76426456      0.62272052    100.0
<Feb05-2022> <09:12:50>      5      0.36119063      0.28553990    100.0
<Feb05-2022> <09:12:50>      6      0.14821424      0.11559867    100.0
<Feb05-2022> <09:12:51>      7      0.10108424      0.07867111     78.5
<Feb05-2022> <09:12:51>      8      0.01786531      0.01387049     13.0
<Feb05-2022> <09:12:51>      9      0.00195746      0.00153262      0.5
<Feb05-2022> <09:12:51>     10      0.00001058      0.00000730      0.0
<Feb05-2022> <09:12:51>     11      0.00000047      0.00000027      0.0
<Feb05-2022> <09:12:51>     12      0.00000003      0.00000002      0.0
<Feb05-2022> <09:12:51>     13      0.00000000      0.00000000      0.0
<Feb05-2022> <09:12:51>  SCF converged
<Feb05-2022> <09:12:51>     14      0.00000000      0.00000000      0.0
<Feb05-2022> <09:12:51>  >>>> POPAN
<Feb05-2022> <09:12:51>  >>>> DEBYE
<Feb05-2022> <09:12:51>  DIRAC 2021.102  RunTime: Feb05-2022 09:12:51  ShM Nodes: 1  Procs: 1
<Feb05-2022> <09:12:51>  Oxygen (TZ2P)
<Feb05-2022> <09:12:51>  Net Charge: 0 (Nuclei minus Electrons)
<Feb05-2022> <09:12:51>  Symmetry  : ATOM
<Feb05-2022> <09:12:51>  Coordinates
<Feb05-2022> <09:12:51>     Atom         X           Y           Z   (Angstrom)
<Feb05-2022> <09:12:51>     1.O         0.000000    0.000000    0.000000
<Feb05-2022> <09:12:51>  >>>> CORORT
<Feb05-2022> <09:12:51>  >>>> CLSMAT
<Feb05-2022> <09:12:51>  >>>> ORTHON
<Feb05-2022> <09:12:51>  >>>> GENPT
<Feb05-2022> <09:12:51>  Block Length=  68
<Feb05-2022> <09:12:51>  >>>> PTBAS
<Feb05-2022> <09:12:51>  >>>> CYCLE
<Feb05-2022> <09:12:52>              |Error|         MaxErr       Wt(A-DIIS)
<Feb05-2022> <09:12:52>      1      0.00000000      0.00000000
<Feb05-2022> <09:12:52>      2      8.77210307      5.53374266    100.0
<Feb05-2022> <09:12:52>      3      3.60058093      2.49154808    100.0
<Feb05-2022> <09:12:52>      4      1.20505529      0.62472425    100.0
<Feb05-2022> <09:12:52>      5      1.46502638      0.81213311    100.0
<Feb05-2022> <09:12:52>      6      0.15089362      0.09131786     91.2
<Feb05-2022> <09:12:52>      7      0.14397311      0.08251182     82.3
<Feb05-2022> <09:12:52>      8      0.00183259      0.00123681      0.2
<Feb05-2022> <09:12:52>      9      0.00015629      0.00008105      0.0
<Feb05-2022> <09:12:52>     10      0.00001324      0.00000629      0.0
<Feb05-2022> <09:12:52>     11      0.00000006      0.00000003      0.0
<Feb05-2022> <09:12:52>     12      0.00000000      0.00000000      0.0
<Feb05-2022> <09:12:52>  SCF converged
<Feb05-2022> <09:12:52>     13      0.00000000      0.00000000      0.0
<Feb05-2022> <09:12:52>  >>>> POPAN
<Feb05-2022> <09:12:52>  >>>> DEBYE
<Feb05-2022> <09:12:52>  DIRAC 2021.102  RunTime: Feb05-2022 09:12:52  ShM Nodes: 1  Procs: 1
<Feb05-2022> <09:12:53>  Hydrogen (TZ2P)
<Feb05-2022> <09:12:53>  Net Charge: 0 (Nuclei minus Electrons)
<Feb05-2022> <09:12:53>  Symmetry  : ATOM
<Feb05-2022> <09:12:53>  Coordinates
<Feb05-2022> <09:12:53>     Atom         X           Y           Z   (Angstrom)
<Feb05-2022> <09:12:53>     1.H         0.000000    0.000000    0.000000
<Feb05-2022> <09:12:53>  >>>> CORORT
<Feb05-2022> <09:12:53>  >>>> CLSMAT
<Feb05-2022> <09:12:53>  >>>> ORTHON
<Feb05-2022> <09:12:53>  >>>> GENPT
<Feb05-2022> <09:12:53>  Block Length=  64
<Feb05-2022> <09:12:53>  >>>> PTBAS
<Feb05-2022> <09:12:53>  >>>> CYCLE
<Feb05-2022> <09:12:53>              |Error|         MaxErr       Wt(A-DIIS)
<Feb05-2022> <09:12:53>      1      0.00000000      0.00000000
<Feb05-2022> <09:12:53>      2      0.03080019      0.02591482
<Feb05-2022> <09:12:53>      3      0.01140383      0.01135775    100.0
<Feb05-2022> <09:12:53>      4      0.00327656      0.00327407      2.3
<Feb05-2022> <09:12:53>      5      0.00010041      0.00009754      0.0
<Feb05-2022> <09:12:53>      6      0.00000525      0.00000504      0.0
<Feb05-2022> <09:12:53>      7      0.00000007      0.00000007      0.0
<Feb05-2022> <09:12:53>      8      0.00000000      0.00000000      0.0
<Feb05-2022> <09:12:53>  SCF converged
<Feb05-2022> <09:12:53>      9      0.00000000      0.00000000      0.0
<Feb05-2022> <09:12:53>  >>>> POPAN
<Feb05-2022> <09:12:53>  >>>> DEBYE
<Feb05-2022> <09:12:54>  DIRAC 2021.102  RunTime: Feb05-2022 09:12:54  ShM Nodes: 1  Procs: 1
<Feb05-2022> <09:12:54>  Nitrogen (TZ2P)
<Feb05-2022> <09:12:54>  Net Charge: 0 (Nuclei minus Electrons)
<Feb05-2022> <09:12:54>  Symmetry  : ATOM
<Feb05-2022> <09:12:54>  Coordinates
<Feb05-2022> <09:12:54>     Atom         X           Y           Z   (Angstrom)
<Feb05-2022> <09:12:54>     1.N         0.000000    0.000000    0.000000
<Feb05-2022> <09:12:54>  >>>> CORORT
<Feb05-2022> <09:12:54>  >>>> CLSMAT
<Feb05-2022> <09:12:54>  >>>> ORTHON
<Feb05-2022> <09:12:54>  >>>> GENPT
<Feb05-2022> <09:12:54>  Block Length=  72
<Feb05-2022> <09:12:54>  >>>> PTBAS
<Feb05-2022> <09:12:54>  >>>> CYCLE
<Feb05-2022> <09:12:55>              |Error|         MaxErr       Wt(A-DIIS)
<Feb05-2022> <09:12:55>      1      0.00000000      0.00000000
<Feb05-2022> <09:12:55>      2      6.45924916      4.22827936    100.0
<Feb05-2022> <09:12:55>      3      2.49629252      1.94026067    100.0
<Feb05-2022> <09:12:55>      4      1.02261803      0.67892344    100.0
<Feb05-2022> <09:12:55>      5      0.75978967      0.51870659    100.0
<Feb05-2022> <09:12:55>      6      0.09126742      0.05362724     53.2
<Feb05-2022> <09:12:55>      7      0.05505843      0.03680697     36.2
<Feb05-2022> <09:12:55>      8      0.00797139      0.00540602      4.5
<Feb05-2022> <09:12:55>      9      0.00036510      0.00023942      0.0
<Feb05-2022> <09:12:55>     10      0.00000288      0.00000140      0.0
<Feb05-2022> <09:12:55>     11      0.00000010      0.00000007      0.0
<Feb05-2022> <09:12:55>     12      0.00000001      0.00000001      0.0
<Feb05-2022> <09:12:55>  SCF converged
<Feb05-2022> <09:12:55>     13      0.00000000      0.00000000      0.0
<Feb05-2022> <09:12:55>  >>>> POPAN
<Feb05-2022> <09:12:55>  >>>> DEBYE
<Feb05-2022> <09:12:55>  *** GOStep1 ***
<Feb05-2022> <09:13:00>  >>>> FRAGM
<Feb05-2022> <09:13:00>  Coordinates
<Feb05-2022> <09:13:00>     Atom         X           Y           Z   (Angstrom)
<Feb05-2022> <09:13:00>     1.C        -2.347358    1.205295    2.126862
<Feb05-2022> <09:13:00>     2.C        -1.098809    0.641359    1.923864
<Feb05-2022> <09:13:00>     3.C        -0.896202   -0.786516    1.837968
<Feb05-2022> <09:13:00>     4.O         0.189384   -1.334444    1.612952
<Feb05-2022> <09:13:00>     5.H         1.130703   -4.765045   -3.188969
<Feb05-2022> <09:13:00>     6.H        -3.155025    0.514519    2.369078
<Feb05-2022> <09:13:00>     7.H        -0.210672    1.255254    1.800858
<Feb05-2022> <09:13:00>     8.H         5.598687    0.615303    1.047381
<Feb05-2022> <09:13:00>     9.H         4.319946   -0.367907    1.784972
<Feb05-2022> <09:13:00>    10.H         0.703537   -4.396832   -1.512163
<Feb05-2022> <09:13:00>    11.H         5.185938   -0.973865    0.371226
<Feb05-2022> <09:13:00>    12.C        -3.293122    1.290602   -0.033527
<Feb05-2022> <09:13:00>    13.H        -2.593485    1.982118   -0.487904
<Feb05-2022> <09:13:00>    14.H         2.351518   -4.127011   -2.087926
<Feb05-2022> <09:13:00>    15.H        -1.465785   -2.143078   -1.365565
<Feb05-2022> <09:13:00>    16.H        -4.272333    1.668846    0.237940
<Feb05-2022> <09:13:00>    17.H        -3.209608    0.244414   -0.302057
<Feb05-2022> <09:13:00>    18.N         2.655663   -0.344966   -0.411344
<Feb05-2022> <09:13:00>    19.C         2.411653   -0.894295   -1.657741
<Feb05-2022> <09:13:00>    20.N         1.294256   -1.718617   -1.658348
<Feb05-2022> <09:13:00>    21.C         3.757191    0.568694   -0.124578
<Feb05-2022> <09:13:00>    22.H         1.996120   -0.528789    0.333185
<Feb05-2022> <09:13:00>    23.C         0.968505   -2.610277   -2.768590
<Feb05-2022> <09:13:00>    24.H         0.967196   -2.012658   -0.748441
<Feb05-2022> <09:13:00>    25.H         4.253996    0.712024   -1.087196
<Feb05-2022> <09:13:00>    26.C         1.296537   -4.061323   -2.369941
<Feb05-2022> <09:13:00>    27.C         4.774077   -0.072551    0.833685
<Feb05-2022> <09:13:00>    28.H         3.113336    2.682164   -1.693229
<Feb05-2022> <09:13:00>    29.H         1.654722   -2.323145   -3.569846
<Feb05-2022> <09:13:00>    30.C         3.230986    1.935559    0.323702
<Feb05-2022> <09:13:00>    31.C         3.007524    2.260025    1.668750
<Feb05-2022> <09:13:00>    32.C         2.523678    3.516991    2.035983
<Feb05-2022> <09:13:00>    33.C         2.254516    4.478806    1.063079
<Feb05-2022> <09:13:00>    34.C         2.466655    4.168489   -0.280924
<Feb05-2022> <09:13:00>    35.C         2.949353    2.911711   -0.642634
<Feb05-2022> <09:13:00>    36.H         3.219012    1.535355    2.450271
<Feb05-2022> <09:13:00>    37.H         2.367492    3.746963    3.088378
<Feb05-2022> <09:13:00>    38.H         1.892582    5.464339    1.349328
<Feb05-2022> <09:13:00>    39.H         2.265788    4.910894   -1.050720
<Feb05-2022> <09:13:00>    40.C        -0.488509   -2.377459   -3.320927
<Feb05-2022> <09:13:00>    41.C        -0.701938   -3.240773   -4.583633
<Feb05-2022> <09:13:00>    42.H        -1.659434   -2.991804   -5.053608
<Feb05-2022> <09:13:00>    43.H        -0.722021   -4.311100   -4.361518
<Feb05-2022> <09:13:00>    44.H         0.083899   -3.063590   -5.326149
<Feb05-2022> <09:13:00>    45.C        -0.653661   -0.897808   -3.727578
<Feb05-2022> <09:13:00>    46.H         0.083127   -0.609224   -4.484224
<Feb05-2022> <09:13:00>    47.H        -1.651298   -0.731809   -4.148218
<Feb05-2022> <09:13:00>    48.H        -0.530035   -0.225104   -2.875146
<Feb05-2022> <09:13:00>    49.C        -1.572578   -2.731735   -2.281871
<Feb05-2022> <09:13:00>    50.H        -1.550998   -3.790141   -2.005156
<Feb05-2022> <09:13:00>    51.H        -2.568601   -2.523214   -2.688252
<Feb05-2022> <09:13:00>    52.C        -3.104795    5.316385    3.296798
<Feb05-2022> <09:13:00>    53.C        -2.411049    5.042124    2.111566
<Feb05-2022> <09:13:00>    54.C        -2.166687    3.715812    1.734123
<Feb05-2022> <09:13:00>    55.C        -2.616070    2.663762    2.541913
<Feb05-2022> <09:13:00>    56.C        -3.309815    2.938024    3.727146
<Feb05-2022> <09:13:00>    57.C        -3.554178    4.264336    4.104588
<Feb05-2022> <09:13:00>    58.H        -2.067169    5.847180    1.493423
<Feb05-2022> <09:13:00>    59.H        -1.635814    3.505940    0.827152
<Feb05-2022> <09:13:00>    60.H        -3.653695    2.132968    4.345288
<Feb05-2022> <09:13:00>    61.H        -4.085050    4.474208    5.011560
<Feb05-2022> <09:13:00>    62.H        -3.291787    6.331314    3.585627
<Feb05-2022> <09:13:00>    63.H        -1.767546   -1.386077    1.999792
<Feb05-2022> <09:13:00>    64.O         3.203779   -0.616998   -2.815559
<Feb05-2022> <09:13:10>  >>>> CORORT
<Feb05-2022> <09:13:11>  >>>> CLSMAT
<Feb05-2022> <09:13:11>  >>>> ORTHON
<Feb05-2022> <09:13:24>  >>>> GENPT
<Feb05-2022> <09:13:26>  Block Length= 128
<Feb05-2022> <09:13:31>  >>>> PTBAS
<Feb05-2022> <09:14:51>  >>>> CYCLE
<Feb05-2022> <09:19:09>              |Error|         MaxErr       Wt(A-DIIS)
<Feb05-2022> <09:19:09>      1     13.15639975      0.50622729
<Feb05-2022> <09:22:01>      2      2.13708836      0.12127821    100.0
<Feb05-2022> <09:24:42>      3      1.15534039      0.04411969    100.0
<Feb05-2022> <09:27:56>      4      1.95323270      0.20752649    100.0
<Feb05-2022> <09:31:02>      5      0.95527283      0.11016859    100.0
<Feb05-2022> <09:34:08>      6      2.55231685      0.37639487    100.0
<Feb05-2022> <09:37:15>      7      0.53359041      0.05588672     55.4
<Feb05-2022> <09:40:25>      8      0.35074201      0.03719600     36.6
<Feb05-2022> <09:43:41>      9      0.11557968      0.00899691      8.1
<Feb05-2022> <09:48:44>     10      0.04029201      0.00186321      0.9
<Feb05-2022> <09:51:29>     11      0.01276297      0.00115449      0.2
<Feb05-2022> <09:54:58>     12      0.00640308      0.00043789      0.0
<Feb05-2022> <09:58:28>     13      0.00451697      0.00041916      0.0
<Feb05-2022> <10:01:47>     14      0.00182523      0.00019712      0.0
<Feb05-2022> <10:04:54>     15      0.00092451      0.00006578      0.0
<Feb05-2022> <10:08:00>     16      0.00044721      0.00003175      0.0
<Feb05-2022> <10:11:07>     17      0.00035110      0.00003558      0.0
<Feb05-2022> <10:14:26>     18      0.00009058      0.00000579      0.0
<Feb05-2022> <10:19:32>     19      0.00007986      0.00000491      0.0
<Feb05-2022> <10:22:16>     20      0.00002514      0.00000128      0.0
<Feb05-2022> <10:25:22>     21      0.00001547      0.00000070      0.0
<Feb05-2022> <10:28:31>     22      0.00000883      0.00000046      0.0
<Feb05-2022> <10:30:32>  SCF converged
<Feb05-2022> <10:31:36>     23      0.00000845      0.00000065      0.0
<Feb05-2022> <10:33:39>  >>>> TOTEN
<Feb05-2022> <10:36:11>  >>>> POPAN
<Feb05-2022> <10:36:12>  >>>> DEBYE
<Feb05-2022> <10:36:13>  >>>> ENGRAD
<Feb05-2022> <10:42:50>  current energy                              -13.48650054 Hartree
<Feb05-2022> <10:42:50>  energy change                     -13.48650054     0.00064000    F
<Feb05-2022> <10:42:50>  constrained gradient max            0.21584390     0.00100000    F
<Feb05-2022> <10:42:50>  constrained gradient rms            0.02553519     0.00066667    F
<Feb05-2022> <10:42:50>  gradient max                        0.21584390
<Feb05-2022> <10:42:50>  gradient rms                        0.02553519
<Feb05-2022> <10:42:50>  cart. step max                      0.10588836     0.01000000    F
<Feb05-2022> <10:42:50>  cart. step rms                      0.02774474     0.00666667    F
<Feb05-2022> <10:42:50>  Iteration 2
<Feb05-2022> <10:42:51>  *** GOStep2 ***
<Feb05-2022> <10:43:08>  >>>> FRAGM
<Feb05-2022> <10:43:09>  Coordinates
<Feb05-2022> <10:43:09>     Atom         X           Y           Z   (Angstrom)
<Feb05-2022> <10:43:09>     1.C        -2.389670    1.198144    2.132026
<Feb05-2022> <10:43:09>     2.C        -1.139779    0.636122    1.938955
<Feb05-2022> <10:43:09>     3.C        -0.937005   -0.791637    1.850452
<Feb05-2022> <10:43:09>     4.O         0.150716   -1.337811    1.632994
<Feb05-2022> <10:43:09>     5.H         1.128865   -4.757776   -3.180257
<Feb05-2022> <10:43:09>     6.H        -3.199599    0.506750    2.365222
<Feb05-2022> <10:43:09>     7.H        -0.251164    1.251507    1.825735
<Feb05-2022> <10:43:09>     8.H         5.639287    0.599782    1.006683
<Feb05-2022> <10:43:09>     9.H         4.361196   -0.360957    1.774317
<Feb05-2022> <10:43:09>    10.H         0.690598   -4.395638   -1.505032
<Feb05-2022> <10:43:09>    11.H         5.199414   -0.992237    0.354872
<Feb05-2022> <10:43:09>    12.C        -3.318226    1.288187   -0.039441
<Feb05-2022> <10:43:09>    13.H        -2.614017    1.981504   -0.485446
<Feb05-2022> <10:43:09>    14.H         2.342620   -4.124583   -2.068650
<Feb05-2022> <10:43:09>    15.H        -1.480544   -2.141341   -1.368050
<Feb05-2022> <10:43:09>    16.H        -4.299660    1.665595    0.224997
<Feb05-2022> <10:43:09>    17.H        -3.232869    0.242877   -0.310771
<Feb05-2022> <10:43:09>    18.N         2.665701   -0.344539   -0.398304
<Feb05-2022> <10:43:09>    19.C         2.403817   -0.900455   -1.633478
<Feb05-2022> <10:43:09>    20.N         1.285794   -1.717582   -1.638080
<Feb05-2022> <10:43:09>    21.C         3.780843    0.560564   -0.137424
<Feb05-2022> <10:43:09>    22.H         2.013437   -0.515173    0.355859
<Feb05-2022> <10:43:09>    23.C         0.965408   -2.604901   -2.753584
<Feb05-2022> <10:43:09>    24.H         0.953902   -2.011839   -0.729989
<Feb05-2022> <10:43:09>    25.H         4.264710    0.687259   -1.108941
<Feb05-2022> <10:43:09>    26.C         1.289599   -4.057339   -2.357496
<Feb05-2022> <10:43:09>    27.C         4.804278   -0.081351    0.813137
<Feb05-2022> <10:43:09>    28.H         3.138126    2.661300   -1.721847
<Feb05-2022> <10:43:09>    29.H         1.657529   -2.315219   -3.548805
<Feb05-2022> <10:43:09>    30.C         3.276620    1.938317    0.302412
<Feb05-2022> <10:43:09>    31.C         3.076407    2.281530    1.646454
<Feb05-2022> <10:43:09>    32.C         2.611855    3.548315    2.005003
<Feb05-2022> <10:43:09>    33.C         2.339210    4.501156    1.024190
<Feb05-2022> <10:43:09>    34.C         2.528493    4.172173   -0.318872
<Feb05-2022> <10:43:09>    35.C         2.991925    2.905653   -0.671991
<Feb05-2022> <10:43:09>    36.H         3.291178    1.564055    2.433641
<Feb05-2022> <10:43:09>    37.H         2.473380    3.792844    3.056527
<Feb05-2022> <10:43:09>    38.H         1.992228    5.493956    1.303479
<Feb05-2022> <10:43:09>    39.H         2.324752    4.907328   -1.094832
<Feb05-2022> <10:43:09>    40.C        -0.487205   -2.369295   -3.316084
<Feb05-2022> <10:43:09>    41.C        -0.690529   -3.228219   -4.583401
<Feb05-2022> <10:43:09>    42.H        -1.644048   -2.977305   -5.060291
<Feb05-2022> <10:43:09>    43.H        -0.712685   -4.299286   -4.365167
<Feb05-2022> <10:43:09>    44.H         0.101410   -3.048688   -5.318797
<Feb05-2022> <10:43:09>    45.C        -0.648426   -0.888197   -3.719042
<Feb05-2022> <10:43:09>    46.H         0.094634   -0.597285   -4.468536
<Feb05-2022> <10:43:09>    47.H        -1.642516   -0.720389   -4.147230
<Feb05-2022> <10:43:09>    48.H        -0.531493   -0.218488   -2.863366
<Feb05-2022> <10:43:09>    49.C        -1.579887   -2.726748   -2.287240
<Feb05-2022> <10:43:09>    50.H        -1.560891   -3.786098   -2.014056
<Feb05-2022> <10:43:09>    51.H        -2.572398   -2.516514   -2.701102
<Feb05-2022> <10:43:09>    52.C        -3.153429    5.297676    3.319681
<Feb05-2022> <10:43:09>    53.C        -2.447374    5.031747    2.140782
<Feb05-2022> <10:43:09>    54.C        -2.200122    3.709256    1.755528
<Feb05-2022> <10:43:09>    55.C        -2.658780    2.650317    2.549518
<Feb05-2022> <10:43:09>    56.C        -3.364763    2.917410    3.729071
<Feb05-2022> <10:43:09>    57.C        -3.611846    4.240254    4.113640
<Feb05-2022> <10:43:09>    58.H        -2.095356    5.842787    1.531303
<Feb05-2022> <10:43:09>    59.H        -1.658425    3.507136    0.851195
<Feb05-2022> <10:43:09>    60.H        -3.716491    2.106757    4.339240
<Feb05-2022> <10:43:09>    61.H        -4.153253    4.443612    5.018444
<Feb05-2022> <10:43:09>    62.H        -3.343230    6.312554    3.614925
<Feb05-2022> <10:43:09>    63.H        -1.813970   -1.395412    2.002966
<Feb05-2022> <10:43:09>    64.O         3.177945   -0.638498   -2.772692
<Feb05-2022> <10:43:27>  >>>> CORORT
<Feb05-2022> <10:43:28>  >>>> CLSMAT
<Feb05-2022> <10:43:28>  >>>> ORTHON
<Feb05-2022> <10:44:49>  >>>> GENPT
<Feb05-2022> <10:44:51>  Block Length= 128
<Feb05-2022> <10:44:56>  >>>> PTBAS
<Feb05-2022> <10:46:13>  >>>> CYCLE
<Feb05-2022> <10:49:17>  using orbital data from restart file
<Feb05-2022> <10:50:22>              |Error|         MaxErr       Wt(A-DIIS)
<Feb05-2022> <10:50:22>      1      0.13996606      0.01727985
<Feb05-2022> <10:53:27>      2      0.04825078      0.00434617    100.0
<Feb05-2022> <10:56:32>      3      0.02282573      0.00230542    100.0
<Feb05-2022> <10:59:38>      4      0.03691352      0.00282330    100.0
<Feb05-2022> <11:02:45>      5      0.00603087      0.00058749      0.0
<Feb05-2022> <11:05:53>      6      0.00225798      0.00018186      0.0
<Feb05-2022> <11:09:09>      7      0.00080103      0.00006955      0.0
<Feb05-2022> <11:14:03>      8      0.00031575      0.00002064      0.0
<Feb05-2022> <11:16:42>      9      0.00010867      0.00001137      0.0
<Feb05-2022> <11:19:58>     10      0.00007321      0.00000713      0.0
<Feb05-2022> <11:23:02>     11      0.00003007      0.00000324      0.0
<Feb05-2022> <11:26:08>     12      0.00001664      0.00000163      0.0
<Feb05-2022> <11:29:17>     13      0.00000963      0.00000045      0.0
<Feb05-2022> <11:31:17>  SCF converged
<Feb05-2022> <11:32:21>     14      0.00000263      0.00000020      0.0
<Feb05-2022> <11:34:25>  >>>> TOTEN
<Feb05-2022> <11:37:05>  >>>> POPAN
<Feb05-2022> <11:37:06>  >>>> DEBYE
<Feb05-2022> <11:37:08>  >>>> ENGRAD
<Feb05-2022> <11:43:14>  current energy                              -13.49555457 Hartree
<Feb05-2022> <11:43:14>  energy change                      -0.00905403     0.00064000    F
<Feb05-2022> <11:43:14>  constrained gradient max            0.20100959     0.00100000    F
<Feb05-2022> <11:43:14>  constrained gradient rms            0.02401838     0.00066667    F
<Feb05-2022> <11:43:14>  gradient max                        0.20100959
<Feb05-2022> <11:43:14>  gradient rms                        0.02401838
<Feb05-2022> <11:43:14>  cart. step max                      0.10587218     0.01000000    F
<Feb05-2022> <11:43:14>  cart. step rms                      0.02544522     0.00666667    F
<Feb05-2022> <11:43:14>  Iteration 3
<Feb05-2022> <11:43:15>  *** GOStep3 ***
<Feb05-2022> <11:43:17>  >>>> FRAGM
<Feb05-2022> <11:43:17>  Coordinates
<Feb05-2022> <11:43:17>     Atom         X           Y           Z   (Angstrom)
<Feb05-2022> <11:43:17>     1.C        -2.351067    1.208255    2.125272
<Feb05-2022> <11:43:17>     2.C        -1.102758    0.645011    1.927334
<Feb05-2022> <11:43:17>     3.C        -0.901277   -0.783050    1.839490
<Feb05-2022> <11:43:17>     4.O         0.185015   -1.329847    1.617957
<Feb05-2022> <11:43:17>     5.H         1.134264   -4.765550   -3.189991
<Feb05-2022> <11:43:17>     6.H        -3.160722    0.518385    2.363911
<Feb05-2022> <11:43:17>     7.H        -0.214358    1.259907    1.809173
<Feb05-2022> <11:43:17>     8.H         5.602271    0.623922    1.030966
<Feb05-2022> <11:43:17>     9.H         4.330982   -0.354014    1.788028
<Feb05-2022> <11:43:17>    10.H         0.692883   -4.405374   -1.515172
<Feb05-2022> <11:43:17>    11.H         5.185322   -0.971252    0.371979
<Feb05-2022> <11:43:17>    12.C        -3.290933    1.295258   -0.043228
<Feb05-2022> <11:43:18>    13.H        -2.585928    1.985732   -0.492455
<Feb05-2022> <11:43:18>    14.H         2.345780   -4.133027   -2.075646
<Feb05-2022> <11:43:18>    15.H        -1.470013   -2.142164   -1.374058
<Feb05-2022> <11:43:18>    16.H        -4.270028    1.676335    0.224604
<Feb05-2022> <11:43:18>    17.H        -3.210004    0.249269   -0.313392
<Feb05-2022> <11:43:18>    18.N         2.648507   -0.350767   -0.394960
<Feb05-2022> <11:43:18>    19.C         2.399476   -0.905662   -1.632921
<Feb05-2022> <11:43:18>    20.N         1.285064   -1.726970   -1.643786
<Feb05-2022> <11:43:18>    21.C         3.751661    0.566181   -0.124745
<Feb05-2022> <11:43:18>    22.H         1.993252   -0.529942    0.354514
<Feb05-2022> <11:43:18>    23.C         0.969265   -2.613223   -2.761464
<Feb05-2022> <11:43:18>    24.H         0.948852   -2.021983   -0.737505
<Feb05-2022> <11:43:18>    25.H         4.239701    0.701195   -1.092989
<Feb05-2022> <11:43:18>    26.C         1.293225   -4.065914   -2.366216
<Feb05-2022> <11:43:18>    27.C         4.776575   -0.066449    0.830365
<Feb05-2022> <11:43:18>    28.H         3.095689    2.664547   -1.706833
<Feb05-2022> <11:43:18>    29.H         1.662594   -2.322023   -3.555002
<Feb05-2022> <11:43:18>    30.C         3.227655    1.936217    0.315954
<Feb05-2022> <11:43:18>    31.C         3.011850    2.271774    1.659505
<Feb05-2022> <11:43:18>    32.C         2.526875    3.530728    2.018684
<Feb05-2022> <11:43:18>    33.C         2.249553    4.483453    1.039054
<Feb05-2022> <11:43:18>    34.C         2.454625    4.162113   -0.303556
<Feb05-2022> <11:43:18>    35.C         2.937887    2.903201   -0.657358
<Feb05-2022> <11:43:18>    36.H         3.229407    1.554193    2.445832
<Feb05-2022> <11:43:18>    37.H         2.376011    3.769341    3.069853
<Feb05-2022> <11:43:18>    38.H         1.886355    5.470246    1.318985
<Feb05-2022> <11:43:18>    39.H         2.247285    4.897280   -1.078550
<Feb05-2022> <11:43:18>    40.C        -0.482901   -2.375865   -3.323940
<Feb05-2022> <11:43:18>    41.C        -0.690126   -3.236099   -4.589739
<Feb05-2022> <11:43:18>    42.H        -1.643646   -2.983463   -5.065701
<Feb05-2022> <11:43:18>    43.H        -0.714664   -4.306786   -4.369942
<Feb05-2022> <11:43:18>    44.H         0.101269   -3.059615   -5.326451
<Feb05-2022> <11:43:18>    45.C        -0.640644   -0.894833   -3.728429
<Feb05-2022> <11:43:18>    46.H         0.101481   -0.606981   -4.480007
<Feb05-2022> <11:43:18>    47.H        -1.635196   -0.724678   -4.154599
<Feb05-2022> <11:43:18>    48.H        -0.519870   -0.224400   -2.873858
<Feb05-2022> <11:43:18>    49.C        -1.573989   -2.728826   -2.291916
<Feb05-2022> <11:43:18>    50.H        -1.557169   -3.787778   -2.017069
<Feb05-2022> <11:43:18>    51.H        -2.567097   -2.516416   -2.703200
<Feb05-2022> <11:43:18>    52.C        -3.096446    5.307845    3.318136
<Feb05-2022> <11:43:18>    53.C        -2.394060    5.040858    2.137436
<Feb05-2022> <11:43:18>    54.C        -2.153177    3.718264    1.749343
<Feb05-2022> <11:43:18>    55.C        -2.614522    2.659430    2.542125
<Feb05-2022> <11:43:18>    56.C        -3.317110    2.927982    3.723509
<Feb05-2022> <11:43:18>    57.C        -3.557398    4.251006    4.111091
<Feb05-2022> <11:43:18>    58.H        -2.039754    5.851760    1.528195
<Feb05-2022> <11:43:18>    59.H        -1.613585    3.515820    0.843305
<Feb05-2022> <11:43:18>    60.H        -3.670849    2.117506    4.333649
<Feb05-2022> <11:43:18>    61.H        -4.096006    4.454951    5.018037
<Feb05-2022> <11:43:18>    62.H        -3.281607    6.323470    3.615584
<Feb05-2022> <11:43:18>    63.H        -1.779102   -1.386860    1.996380
<Feb05-2022> <11:43:18>    64.O         3.171603   -0.638003   -2.758613
<Feb05-2022> <11:43:18>  >>>> CORORT
<Feb05-2022> <11:43:18>  >>>> CLSMAT
<Feb05-2022> <11:43:18>  >>>> ORTHON
<Feb05-2022> <11:43:21>  >>>> GENPT
<Feb05-2022> <11:43:22>  Block Length= 128
<Feb05-2022> <11:43:25>  >>>> PTBAS
<Feb05-2022> <11:44:35>  >>>> CYCLE
<Feb05-2022> <11:47:44>  using orbital data from restart file
<Feb05-2022> <11:48:49>              |Error|         MaxErr       Wt(A-DIIS)
<Feb05-2022> <11:48:49>      1      0.07961573      0.00803468
<Feb05-2022> <11:51:57>      2      0.01925864      0.00138923    100.0
<Feb05-2022> <11:55:04>      3      0.00900343      0.00083802    100.0
<Feb05-2022> <11:58:08>      4      0.01380379      0.00093158      0.0
<Feb05-2022> <12:01:15>      5      0.00361633      0.00037038      0.0
<Feb05-2022> <12:04:25>      6      0.00101279      0.00005946      0.0
<Feb05-2022> <12:07:32>      7      0.00039425      0.00003813      0.0
<Feb05-2022> <12:11:45>      8      0.00014443      0.00001420      0.0
<Feb05-2022> <12:14:26>      9      0.00007824      0.00000729      0.0
<Feb05-2022> <12:17:31>     10      0.00002895      0.00000253      0.0
<Feb05-2022> <12:20:40>     11      0.00001216      0.00000054      0.0
<Feb05-2022> <12:23:43>     12      0.00000814      0.00000040      0.0
<Feb05-2022> <12:25:46>  SCF converged
<Feb05-2022> <12:26:51>     13      0.00000477      0.00000022      0.0
<Feb05-2022> <12:28:56>  >>>> TOTEN
<Feb05-2022> <12:31:31>  >>>> POPAN
<Feb05-2022> <12:31:32>  >>>> DEBYE
<Feb05-2022> <12:31:32>  >>>> ENGRAD
<Feb05-2022> <12:37:58>  current energy                              -13.49840801 Hartree
<Feb05-2022> <12:37:58>  energy change                      -0.00285344     0.00064000    F
<Feb05-2022> <12:37:58>  constrained gradient max            0.19389235     0.00100000    F
<Feb05-2022> <12:37:58>  constrained gradient rms            0.02328405     0.00066667    F
<Feb05-2022> <12:37:58>  gradient max                        0.19389235
<Feb05-2022> <12:37:58>  gradient rms                        0.02328405
<Feb05-2022> <12:37:58>  cart. step max                      0.06776157     0.01000000    F
<Feb05-2022> <12:37:58>  cart. step rms                      0.02040509     0.00666667    F
<Feb05-2022> <12:37:58>  Iteration 4
<Feb05-2022> <12:37:59>  *** GOStep4 ***
<Feb05-2022> <12:38:00>  >>>> FRAGM
<Feb05-2022> <12:38:00>  Coordinates
<Feb05-2022> <12:38:00>     Atom         X           Y           Z   (Angstrom)
<Feb05-2022> <12:38:00>     1.C        -2.383261    1.209896    2.140717
<Feb05-2022> <12:38:00>     2.C        -1.137651    0.637490    1.963584
<Feb05-2022> <12:38:00>     3.C        -0.948068   -0.793089    1.884453
<Feb05-2022> <12:38:00>     4.O         0.136006   -1.349918    1.685719
<Feb05-2022> <12:38:00>     5.H         1.137446   -4.772023   -3.171006
<Feb05-2022> <12:38:00>     6.H        -3.203364    0.528179    2.367162
<Feb05-2022> <12:38:00>     7.H        -0.242693    1.245852    1.858699
<Feb05-2022> <12:38:00>     8.H         5.609360    0.614291    1.017328
<Feb05-2022> <12:38:00>     9.H         4.329931   -0.355309    1.771052
<Feb05-2022> <12:38:00>    10.H         0.701067   -4.393574   -1.498990
<Feb05-2022> <12:38:00>    11.H         5.185783   -0.978999    0.358613
<Feb05-2022> <12:38:00>    12.C        -3.290443    1.298887   -0.052829
<Feb05-2022> <12:38:00>    13.H        -2.579650    1.987974   -0.497047
<Feb05-2022> <12:38:00>    14.H         2.352920   -4.129931   -2.066765
<Feb05-2022> <12:38:00>    15.H        -1.458853   -2.139311   -1.372729
<Feb05-2022> <12:38:00>    16.H        -4.272136    1.681355    0.203273
<Feb05-2022> <12:38:00>    17.H        -3.209570    0.252716   -0.322353
<Feb05-2022> <12:38:00>    18.N         2.654899   -0.342788   -0.419755
<Feb05-2022> <12:38:00>    19.C         2.409399   -0.896553   -1.656787
<Feb05-2022> <12:38:00>    20.N         1.295430   -1.714935   -1.659246
<Feb05-2022> <12:38:00>    21.C         3.763440    0.566347   -0.145142
<Feb05-2022> <12:38:00>    22.H         1.995923   -0.518467    0.326871
<Feb05-2022> <12:38:00>    23.C         0.977965   -2.615240   -2.765292
<Feb05-2022> <12:38:00>    24.H         0.957046   -1.997575   -0.749817
<Feb05-2022> <12:38:00>    25.H         4.255390    0.696597   -1.111767
<Feb05-2022> <12:38:00>    26.C         1.299665   -4.064067   -2.355053
<Feb05-2022> <12:38:00>    27.C         4.780384   -0.071464    0.814589
<Feb05-2022> <12:38:00>    28.H         3.125736    2.666147   -1.732207
<Feb05-2022> <12:38:00>    29.H         1.670370   -2.334635   -3.563058
<Feb05-2022> <12:38:00>    30.C         3.244362    1.939197    0.291954
<Feb05-2022> <12:38:00>    31.C         3.025039    2.277537    1.634165
<Feb05-2022> <12:38:00>    32.C         2.545703    3.539775    1.989902
<Feb05-2022> <12:38:00>    33.C         2.277545    4.492907    1.008028
<Feb05-2022> <12:38:00>    34.C         2.486602    4.168984   -0.333445
<Feb05-2022> <12:38:00>    35.C         2.964343    2.906897   -0.683834
<Feb05-2022> <12:38:00>    36.H         3.235820    1.559674    2.422055
<Feb05-2022> <12:38:00>    37.H         2.391771    3.780460    3.040071
<Feb05-2022> <12:38:00>    38.H         1.918620    5.481880    1.285475
<Feb05-2022> <12:38:00>    39.H         2.286964    4.904538   -1.110091
<Feb05-2022> <12:38:00>    40.C        -0.474516   -2.375731   -3.324550
<Feb05-2022> <12:38:00>    41.C        -0.688013   -3.236374   -4.588972
<Feb05-2022> <12:38:00>    42.H        -1.642232   -2.981567   -5.062292
<Feb05-2022> <12:38:00>    43.H        -0.714579   -4.306785   -4.368278
<Feb05-2022> <12:38:00>    44.H         0.101663   -3.062511   -5.328116
<Feb05-2022> <12:38:00>    45.C        -0.628712   -0.894359   -3.728744
<Feb05-2022> <12:38:00>    46.H         0.112121   -0.607837   -4.481974
<Feb05-2022> <12:38:00>    47.H        -1.623496   -0.722058   -4.153454
<Feb05-2022> <12:38:00>    48.H        -0.505343   -0.224263   -2.874343
<Feb05-2022> <12:38:00>    49.C        -1.563490   -2.726933   -2.289907
<Feb05-2022> <12:38:00>    50.H        -1.548286   -3.785818   -2.014813
<Feb05-2022> <12:38:00>    51.H        -2.556705   -2.514324   -2.700663
<Feb05-2022> <12:38:00>    52.C        -3.108588    5.299726    3.345152
<Feb05-2022> <12:38:00>    53.C        -2.381270    5.036991    2.179764
<Feb05-2022> <12:38:00>    54.C        -2.144068    3.717762    1.783385
<Feb05-2022> <12:38:00>    55.C        -2.632802    2.652177    2.551717
<Feb05-2022> <12:38:00>    56.C        -3.361294    2.919501    3.718470
<Feb05-2022> <12:38:00>    57.C        -3.597761    4.239521    4.114211
<Feb05-2022> <12:38:00>    58.H        -2.003664    5.852429    1.585013
<Feb05-2022> <12:38:00>    59.H        -1.583912    3.521887    0.885151
<Feb05-2022> <12:38:00>    60.H        -3.738430    2.104807    4.314538
<Feb05-2022> <12:38:00>    61.H        -4.157530    4.438607    5.013233
<Feb05-2022> <12:38:00>    62.H        -3.291868    6.317016    3.649580
<Feb05-2022> <12:38:00>    63.H        -1.840897   -1.392779    2.030863
<Feb05-2022> <12:38:00>    64.O         3.150656   -0.655167   -2.726511
<Feb05-2022> <12:38:01>  >>>> CORORT
<Feb05-2022> <12:38:02>  >>>> CLSMAT
<Feb05-2022> <12:38:02>  >>>> ORTHON
<Feb05-2022> <12:38:56>  >>>> GENPT
<Feb05-2022> <12:38:57>  Block Length= 128
<Feb05-2022> <12:39:01>  >>>> PTBAS
<Feb05-2022> <12:40:10>  >>>> CYCLE
<Feb05-2022> <12:43:21>  using orbital data from restart file
<Feb05-2022> <12:44:25>              |Error|         MaxErr       Wt(A-DIIS)
<Feb05-2022> <12:44:25>      1      0.27736772      0.04932549
<Feb05-2022> <12:47:29>      2      0.10794406      0.00851154    100.0
<Feb05-2022> <12:50:37>      3      0.04910227      0.00510856    100.0
<Feb05-2022> <12:53:43>      4      0.08136267      0.00562500    100.0
<Feb05-2022> <12:56:51>      5      0.01611500      0.00170517      0.7
<Feb05-2022> <12:59:54>      6      0.00503612      0.00033313      0.0
<Feb05-2022> <13:04:00>      7      0.00169214      0.00019595      0.0
<Feb05-2022> <13:06:40>      8      0.00073845      0.00008483      0.0
<Feb05-2022> <13:09:47>      9      0.00028721      0.00001919      0.0
<Feb05-2022> <13:12:52>     10      0.00012709      0.00000782      0.0
<Feb05-2022> <13:16:00>     11      0.00005085      0.00000264      0.0
<Feb05-2022> <13:19:06>     12      0.00002305      0.00000150      0.0
<Feb05-2022> <13:22:13>     13      0.00001907      0.00000123      0.0
<Feb05-2022> <13:25:18>     14      0.00000421      0.00000029      0.0
<Feb05-2022> <13:28:19>  SCF converged
<Feb05-2022> <13:29:23>     15      0.00000232      0.00000013      0.0
