forrtl: Input/output error
forrtl: severe (38): error during write, unit -5118, file /scistor/tc/yhk800/MasterProject/calculations/achiral_catalyst_H_Ph_TiCl4/14.achiral_catalyst.H_Ph_TiCl4.P1/ams.log
Image              PC                Routine            Line        Source             
ams.exe            000000000CBB7A42  Unknown               Unknown  Unknown
ams.exe            000000000CC0FC35  Unknown               Unknown  Unknown
ams.exe            000000000CC0DBDE  Unknown               Unknown  Unknown
ams.exe            0000000009B9B653  Unknown               Unknown  Unknown
ams.exe            00000000004153C1  Unknown               Unknown  Unknown
ams.exe            0000000001788FE3  Unknown               Unknown  Unknown
ams.exe            0000000002862562  Unknown               Unknown  Unknown
ams.exe            0000000001492F4F  Unknown               Unknown  Unknown
ams.exe            0000000001486C2A  Unknown               Unknown  Unknown
ams.exe            0000000001377F1A  Unknown               Unknown  Unknown
ams.exe            00000000012EDD5F  Unknown               Unknown  Unknown
ams.exe            0000000001218436  Unknown               Unknown  Unknown
ams.exe            00000000011FFBFB  Unknown               Unknown  Unknown
ams.exe            00000000011EAE7E  Unknown               Unknown  Unknown
ams.exe            00000000004ABB61  Unknown               Unknown  Unknown
ams.exe            000000000043DBB0  Unknown               Unknown  Unknown
ams.exe            0000000009D0F13B  Unknown               Unknown  Unknown
ams.exe            0000000009C6D11F  Unknown               Unknown  Unknown
ams.exe            000000000A2A3BB8  Unknown               Unknown  Unknown
ams.exe            0000000009CFF0FD  Unknown               Unknown  Unknown
ams.exe            0000000009CFD0A3  Unknown               Unknown  Unknown
ams.exe            0000000009D46BA0  Unknown               Unknown  Unknown
ams.exe            00000000006D6F08  Unknown               Unknown  Unknown
ams.exe            0000000000414802  Unknown               Unknown  Unknown
ams.exe            0000000000412272  Unknown               Unknown  Unknown
libc-2.28.so       00001555474BB493  __libc_start_main     Unknown  Unknown
ams.exe            0000000000412101  Unknown               Unknown  Unknown
srun: error: node117: task 0: Exited with exit code 38
