<Jan21-2022> <00:36:21>  AMS 2021.102  RunTime: Jan21-2022 00:36:21  ShM Nodes: 1  Procs: 1
<Jan21-2022> <00:36:21>  ADF 2021.102  RunTime: Jan21-2022 00:36:21  ShM Nodes: 1  Procs: 1
<Jan21-2022> <00:36:21>  *** (NO TITLE) ***
<Jan21-2022> <00:36:21>  Symmetry detected: C(S)
<Jan21-2022> <00:36:21>  Iteration 1
<Jan21-2022> <00:36:22>  DIRAC 2021.102  RunTime: Jan21-2022 00:36:22  ShM Nodes: 1  Procs: 1
<Jan21-2022> <00:36:22>  Carbon (TZ2P)
<Jan21-2022> <00:36:22>  Net Charge: 0 (Nuclei minus Electrons)
<Jan21-2022> <00:36:22>  Symmetry  : ATOM
<Jan21-2022> <00:36:22>  Coordinates
<Jan21-2022> <00:36:22>     Atom         X           Y           Z   (Angstrom)
<Jan21-2022> <00:36:22>     1.C         0.000000    0.000000    0.000000
<Jan21-2022> <00:36:22>  >>>> CORORT
<Jan21-2022> <00:36:22>  >>>> CLSMAT
<Jan21-2022> <00:36:22>  >>>> ORTHON
<Jan21-2022> <00:36:22>  >>>> GENPT
<Jan21-2022> <00:36:22>  Block Length=  72
<Jan21-2022> <00:36:22>  >>>> PTBAS
<Jan21-2022> <00:36:22>  >>>> CYCLE
<Jan21-2022> <00:36:22>              |Error|         MaxErr       Wt(A-DIIS)
<Jan21-2022> <00:36:22>      1      0.00000000      0.00000000
<Jan21-2022> <00:36:22>      2      4.48405934      3.32161898    100.0
<Jan21-2022> <00:36:22>      3      1.60718414      1.28408746    100.0
<Jan21-2022> <00:36:22>      4      0.76426456      0.62272052    100.0
<Jan21-2022> <00:36:22>      5      0.36119063      0.28553990    100.0
<Jan21-2022> <00:36:22>      6      0.14821424      0.11559867    100.0
<Jan21-2022> <00:36:22>      7      0.10108424      0.07867111     78.5
<Jan21-2022> <00:36:22>      8      0.01786531      0.01387049     13.0
<Jan21-2022> <00:36:22>      9      0.00195746      0.00153262      0.5
<Jan21-2022> <00:36:22>     10      0.00001058      0.00000730      0.0
<Jan21-2022> <00:36:22>     11      0.00000047      0.00000027      0.0
<Jan21-2022> <00:36:22>     12      0.00000003      0.00000002      0.0
<Jan21-2022> <00:36:22>     13      0.00000000      0.00000000      0.0
<Jan21-2022> <00:36:22>  SCF converged
<Jan21-2022> <00:36:22>     14      0.00000000      0.00000000      0.0
<Jan21-2022> <00:36:22>  >>>> POPAN
<Jan21-2022> <00:36:22>  >>>> DEBYE
<Jan21-2022> <00:36:22>  DIRAC 2021.102  RunTime: Jan21-2022 00:36:22  ShM Nodes: 1  Procs: 1
<Jan21-2022> <00:36:22>  Hydrogen (TZ2P)
<Jan21-2022> <00:36:22>  Net Charge: 0 (Nuclei minus Electrons)
<Jan21-2022> <00:36:22>  Symmetry  : ATOM
<Jan21-2022> <00:36:22>  Coordinates
<Jan21-2022> <00:36:22>     Atom         X           Y           Z   (Angstrom)
<Jan21-2022> <00:36:22>     1.H         0.000000    0.000000    0.000000
<Jan21-2022> <00:36:22>  >>>> CORORT
<Jan21-2022> <00:36:22>  >>>> CLSMAT
<Jan21-2022> <00:36:22>  >>>> ORTHON
<Jan21-2022> <00:36:22>  >>>> GENPT
<Jan21-2022> <00:36:22>  Block Length=  64
<Jan21-2022> <00:36:22>  >>>> PTBAS
<Jan21-2022> <00:36:22>  >>>> CYCLE
<Jan21-2022> <00:36:22>              |Error|         MaxErr       Wt(A-DIIS)
<Jan21-2022> <00:36:22>      1      0.00000000      0.00000000
<Jan21-2022> <00:36:22>      2      0.03080019      0.02591482
<Jan21-2022> <00:36:22>      3      0.01140383      0.01135775    100.0
<Jan21-2022> <00:36:22>      4      0.00327656      0.00327407      2.3
<Jan21-2022> <00:36:23>      5      0.00010041      0.00009754      0.0
<Jan21-2022> <00:36:23>      6      0.00000525      0.00000504      0.0
<Jan21-2022> <00:36:23>      7      0.00000007      0.00000007      0.0
<Jan21-2022> <00:36:23>      8      0.00000000      0.00000000      0.0
<Jan21-2022> <00:36:23>  SCF converged
<Jan21-2022> <00:36:23>      9      0.00000000      0.00000000      0.0
<Jan21-2022> <00:36:23>  >>>> POPAN
<Jan21-2022> <00:36:23>  >>>> DEBYE
<Jan21-2022> <00:36:23>  DIRAC 2021.102  RunTime: Jan21-2022 00:36:23  ShM Nodes: 1  Procs: 1
<Jan21-2022> <00:36:23>  Oxygen (TZ2P)
<Jan21-2022> <00:36:23>  Net Charge: 0 (Nuclei minus Electrons)
<Jan21-2022> <00:36:23>  Symmetry  : ATOM
<Jan21-2022> <00:36:23>  Coordinates
<Jan21-2022> <00:36:23>     Atom         X           Y           Z   (Angstrom)
<Jan21-2022> <00:36:23>     1.O         0.000000    0.000000    0.000000
<Jan21-2022> <00:36:23>  >>>> CORORT
<Jan21-2022> <00:36:23>  >>>> CLSMAT
<Jan21-2022> <00:36:23>  >>>> ORTHON
<Jan21-2022> <00:36:23>  >>>> GENPT
<Jan21-2022> <00:36:23>  Block Length=  68
<Jan21-2022> <00:36:23>  >>>> PTBAS
<Jan21-2022> <00:36:23>  >>>> CYCLE
<Jan21-2022> <00:36:23>              |Error|         MaxErr       Wt(A-DIIS)
<Jan21-2022> <00:36:23>      1      0.00000000      0.00000000
<Jan21-2022> <00:36:23>      2      8.77210307      5.53374266    100.0
<Jan21-2022> <00:36:23>      3      3.60058093      2.49154808    100.0
<Jan21-2022> <00:36:23>      4      1.20505529      0.62472425    100.0
<Jan21-2022> <00:36:23>      5      1.46502638      0.81213311    100.0
<Jan21-2022> <00:36:23>      6      0.15089362      0.09131786     91.2
<Jan21-2022> <00:36:23>      7      0.14397311      0.08251182     82.3
<Jan21-2022> <00:36:23>      8      0.00183259      0.00123681      0.2
<Jan21-2022> <00:36:23>      9      0.00015629      0.00008105      0.0
<Jan21-2022> <00:36:23>     10      0.00001324      0.00000629      0.0
<Jan21-2022> <00:36:23>     11      0.00000006      0.00000003      0.0
<Jan21-2022> <00:36:23>     12      0.00000000      0.00000000      0.0
<Jan21-2022> <00:36:23>  SCF converged
<Jan21-2022> <00:36:23>     13      0.00000000      0.00000000      0.0
<Jan21-2022> <00:36:23>  >>>> POPAN
<Jan21-2022> <00:36:23>  >>>> DEBYE
<Jan21-2022> <00:36:23>  DIRAC 2021.102  RunTime: Jan21-2022 00:36:23  ShM Nodes: 1  Procs: 1
<Jan21-2022> <00:36:24>  Fluorine (TZ2P)
<Jan21-2022> <00:36:24>  Net Charge: 0 (Nuclei minus Electrons)
<Jan21-2022> <00:36:24>  Symmetry  : ATOM
<Jan21-2022> <00:36:24>  Coordinates
<Jan21-2022> <00:36:24>     Atom         X           Y           Z   (Angstrom)
<Jan21-2022> <00:36:24>     1.F         0.000000    0.000000    0.000000
<Jan21-2022> <00:36:24>  >>>> CORORT
<Jan21-2022> <00:36:24>  >>>> CLSMAT
<Jan21-2022> <00:36:24>  >>>> ORTHON
<Jan21-2022> <00:36:24>  >>>> GENPT
<Jan21-2022> <00:36:24>  Block Length=  76
<Jan21-2022> <00:36:24>  >>>> PTBAS
<Jan21-2022> <00:36:24>  >>>> CYCLE
<Jan21-2022> <00:36:24>              |Error|         MaxErr       Wt(A-DIIS)
<Jan21-2022> <00:36:24>      1      0.00000000      0.00000000
<Jan21-2022> <00:36:24>      2     11.39970762      4.85721148    100.0
<Jan21-2022> <00:36:24>      3      5.17310012      3.16632108    100.0
<Jan21-2022> <00:36:24>      4      1.04882283      0.49392043    100.0
<Jan21-2022> <00:36:24>      5      1.72142161      0.84736739    100.0
<Jan21-2022> <00:36:24>      6      0.21842580      0.10780687    100.0
<Jan21-2022> <00:36:24>      7      0.28524155      0.13554881    100.0
<Jan21-2022> <00:36:24>      8      0.02856437      0.01389479     13.0
<Jan21-2022> <00:36:24>      9      0.00489297      0.00234741      1.4
<Jan21-2022> <00:36:24>     10      0.00009261      0.00004462      0.0
<Jan21-2022> <00:36:24>     11      0.00000010      0.00000005      0.0
<Jan21-2022> <00:36:24>     12      0.00000000      0.00000000      0.0
<Jan21-2022> <00:36:24>  SCF converged
<Jan21-2022> <00:36:24>     13      0.00000000      0.00000000      0.0
<Jan21-2022> <00:36:24>  >>>> POPAN
<Jan21-2022> <00:36:24>  >>>> DEBYE
<Jan21-2022> <00:36:24>  *** GOStep1 ***
<Jan21-2022> <00:36:24>  >>>> FRAGM
<Jan21-2022> <00:36:24>  Coordinates
<Jan21-2022> <00:36:24>     Atom         X           Y           Z   (Angstrom)
<Jan21-2022> <00:36:24>     1.C         0.312247    0.445199    0.000000
<Jan21-2022> <00:36:24>     2.C         0.983914   -0.714308    0.000000
<Jan21-2022> <00:36:24>     3.H         0.458423   -1.668047    0.000000
<Jan21-2022> <00:36:24>     4.C        -1.162784    0.485254    0.000000
<Jan21-2022> <00:36:24>     5.H         0.823132    1.407065    0.000000
<Jan21-2022> <00:36:24>     6.O        -1.824058    1.507291    0.000000
<Jan21-2022> <00:36:24>     7.H         2.053264   -0.751598    0.000000
<Jan21-2022> <00:36:24>     8.F        -1.785712   -0.779681    0.000000
<Jan21-2022> <00:36:24>  >>>> CORORT
<Jan21-2022> <00:36:24>  >>>> CLSMAT
<Jan21-2022> <00:36:24>  >>>> ORTHON
<Jan21-2022> <00:36:24>  >>>> GENPT
<Jan21-2022> <00:36:25>  Block Length= 128
<Jan21-2022> <00:36:25>  >>>> PTBAS
<Jan21-2022> <00:36:32>  >>>> CYCLE
<Jan21-2022> <00:36:49>              |Error|         MaxErr       Wt(A-DIIS)
<Jan21-2022> <00:36:49>      1      4.79307888      1.03890687
<Jan21-2022> <00:37:03>      2      0.88999572      0.18441677    100.0
<Jan21-2022> <00:37:15>      3      0.41737600      0.06519679    100.0
<Jan21-2022> <00:37:28>      4      0.64758244      0.13172821    100.0
<Jan21-2022> <00:37:40>      5      0.16819873      0.03894393     38.3
<Jan21-2022> <00:37:53>      6      0.22786424      0.06409181    100.0
<Jan21-2022> <00:38:06>      7      0.06305223      0.01313736     12.3
<Jan21-2022> <00:38:19>      8      0.02075052      0.00555841      4.6
<Jan21-2022> <00:38:31>      9      0.00336415      0.00100969      0.0
<Jan21-2022> <00:38:44>     10      0.00118047      0.00028890      0.0
<Jan21-2022> <00:38:57>     11      0.00020283      0.00004522      0.0
<Jan21-2022> <00:39:10>     12      0.00001978      0.00000283      0.0
<Jan21-2022> <00:39:23>     13      0.00000393      0.00000058      0.0
<Jan21-2022> <00:39:27>  SCF converged
<Jan21-2022> <00:39:36>     14      0.00000057      0.00000010      0.0
<Jan21-2022> <00:39:39>  >>>> TOTEN
<Jan21-2022> <00:39:58>  >>>> POPAN
<Jan21-2022> <00:39:58>  >>>> DEBYE
<Jan21-2022> <00:39:58>  >>>> ENGRAD
<Jan21-2022> <00:40:27>  current energy                               -1.72015870 Hartree
<Jan21-2022> <00:40:27>  energy change                      -1.72015870     0.00008000    F
<Jan21-2022> <00:40:27>  constrained gradient max            0.06549517     0.00100000    F
<Jan21-2022> <00:40:27>  constrained gradient rms            0.02260175     0.00066667    F
<Jan21-2022> <00:40:27>  gradient max                        0.06549517
<Jan21-2022> <00:40:27>  gradient rms                        0.02260175
<Jan21-2022> <00:40:27>  cart. step max                      0.04954413     0.01000000    F
<Jan21-2022> <00:40:27>  cart. step rms                      0.01692452     0.00666667    F
<Jan21-2022> <00:40:27>  Iteration 2
<Jan21-2022> <00:40:27>  *** GOStep2 ***
<Jan21-2022> <00:40:27>  >>>> FRAGM
<Jan21-2022> <00:40:27>  Coordinates
<Jan21-2022> <00:40:27>     Atom         X           Y           Z   (Angstrom)
<Jan21-2022> <00:40:27>     1.C         0.300476    0.422332    0.000000
<Jan21-2022> <00:40:27>     2.C         0.990606   -0.726481    0.000000
<Jan21-2022> <00:40:27>     3.H         0.485801   -1.688312    0.000000
<Jan21-2022> <00:40:27>     4.C        -1.169188    0.508667    0.000000
<Jan21-2022> <00:40:27>     5.H         0.800758    1.386736    0.000000
<Jan21-2022> <00:40:27>     6.O        -1.828302    1.494175    0.000000
<Jan21-2022> <00:40:27>     7.H         2.072860   -0.735805    0.000000
<Jan21-2022> <00:40:27>     8.F        -1.794587   -0.730137    0.000000
<Jan21-2022> <00:40:27>  >>>> CORORT
<Jan21-2022> <00:40:27>  >>>> CLSMAT
<Jan21-2022> <00:40:27>  >>>> ORTHON
<Jan21-2022> <00:40:27>  >>>> GENPT
<Jan21-2022> <00:40:28>  Block Length= 128
<Jan21-2022> <00:40:28>  >>>> PTBAS
<Jan21-2022> <00:40:35>  >>>> CYCLE
<Jan21-2022> <00:40:43>  using orbital data from restart file
<Jan21-2022> <00:40:52>              |Error|         MaxErr       Wt(A-DIIS)
<Jan21-2022> <00:40:52>      1      0.19349912      0.06598159
<Jan21-2022> <00:41:05>      2      0.05600195      0.00913876    100.0
<Jan21-2022> <00:41:18>      3      0.02521087      0.00462950    100.0
<Jan21-2022> <00:41:31>      4      0.04066606      0.00589123    100.0
<Jan21-2022> <00:41:44>      5      0.00892697      0.00181858      0.8
<Jan21-2022> <00:41:56>      6      0.00318416      0.00073363      0.0
<Jan21-2022> <00:42:09>      7      0.00100546      0.00020464      0.0
<Jan21-2022> <00:42:23>      8      0.00023114      0.00005830      0.0
<Jan21-2022> <00:42:35>      9      0.00008112      0.00001085      0.0
<Jan21-2022> <00:42:48>     10      0.00000971      0.00000190      0.0
<Jan21-2022> <00:43:00>     11      0.00000180      0.00000046      0.0
<Jan21-2022> <00:43:04>  SCF converged
<Jan21-2022> <00:43:13>     12      0.00000034      0.00000006      0.0
<Jan21-2022> <00:43:17>  >>>> TOTEN
<Jan21-2022> <00:43:36>  >>>> POPAN
<Jan21-2022> <00:43:36>  >>>> DEBYE
<Jan21-2022> <00:43:36>  >>>> ENGRAD
<Jan21-2022> <00:44:05>  current energy                               -1.72260880 Hartree
<Jan21-2022> <00:44:05>  energy change                      -0.00245009     0.00008000    F
<Jan21-2022> <00:44:05>  constrained gradient max            0.02432807     0.00100000    F
<Jan21-2022> <00:44:05>  constrained gradient rms            0.00845110     0.00066667    F
<Jan21-2022> <00:44:05>  gradient max                        0.02432807
<Jan21-2022> <00:44:05>  gradient rms                        0.00845110
<Jan21-2022> <00:44:05>  cart. step max                      0.01305116     0.01000000    F
<Jan21-2022> <00:44:05>  cart. step rms                      0.00544449     0.00666667    T
<Jan21-2022> <00:44:05>  Iteration 3
<Jan21-2022> <00:44:05>  *** GOStep3 ***
<Jan21-2022> <00:44:05>  >>>> FRAGM
<Jan21-2022> <00:44:05>  Coordinates
<Jan21-2022> <00:44:05>     Atom         X           Y           Z   (Angstrom)
<Jan21-2022> <00:44:05>     1.C         0.297203    0.413101    0.000000
<Jan21-2022> <00:44:05>     2.C         0.990501   -0.731355    0.000000
<Jan21-2022> <00:44:05>     3.H         0.493364   -1.696384    0.000000
<Jan21-2022> <00:44:05>     4.C        -1.171952    0.512577    0.000000
<Jan21-2022> <00:44:05>     5.H         0.794971    1.378866    0.000000
<Jan21-2022> <00:44:05>     6.O        -1.834257    1.507226    0.000000
<Jan21-2022> <00:44:05>     7.H         2.076668   -0.728105    0.000000
<Jan21-2022> <00:44:05>     8.F        -1.788072   -0.724751    0.000000
<Jan21-2022> <00:44:05>  >>>> CORORT
<Jan21-2022> <00:44:06>  >>>> CLSMAT
<Jan21-2022> <00:44:06>  >>>> ORTHON
<Jan21-2022> <00:44:06>  >>>> GENPT
<Jan21-2022> <00:44:06>  Block Length= 128
<Jan21-2022> <00:44:06>  >>>> PTBAS
<Jan21-2022> <00:44:13>  >>>> CYCLE
<Jan21-2022> <00:44:21>  using orbital data from restart file
<Jan21-2022> <00:44:30>              |Error|         MaxErr       Wt(A-DIIS)
<Jan21-2022> <00:44:30>      1      0.05767094      0.01896879
<Jan21-2022> <00:44:43>      2      0.01573418      0.00296788    100.0
<Jan21-2022> <00:44:56>      3      0.04767598      0.00918652    100.0
<Jan21-2022> <00:45:08>      4      0.01369874      0.00273339      1.8
<Jan21-2022> <00:45:21>      5      0.00284571      0.00088748      0.0
<Jan21-2022> <00:45:34>      6      0.00069743      0.00021143      0.0
<Jan21-2022> <00:45:47>      7      0.00024300      0.00005954      0.0
<Jan21-2022> <00:45:59>      8      0.00005935      0.00001700      0.0
<Jan21-2022> <00:46:12>      9      0.00001373      0.00000211      0.0
<Jan21-2022> <00:46:25>     10      0.00000382      0.00000055      0.0
<Jan21-2022> <00:46:28>  SCF converged
<Jan21-2022> <00:46:37>     11      0.00000045      0.00000007      0.0
<Jan21-2022> <00:46:41>  >>>> TOTEN
<Jan21-2022> <00:46:59>  >>>> POPAN
<Jan21-2022> <00:46:59>  >>>> DEBYE
<Jan21-2022> <00:46:59>  >>>> ENGRAD
<Jan21-2022> <00:47:28>  current energy                               -1.72283660 Hartree
<Jan21-2022> <00:47:28>  energy change                      -0.00022780     0.00008000    F
<Jan21-2022> <00:47:28>  constrained gradient max            0.00454115     0.00100000    F
<Jan21-2022> <00:47:28>  constrained gradient rms            0.00180607     0.00066667    F
<Jan21-2022> <00:47:28>  gradient max                        0.00454115
<Jan21-2022> <00:47:28>  gradient rms                        0.00180607
<Jan21-2022> <00:47:28>  cart. step max                      0.00560821     0.01000000    T
<Jan21-2022> <00:47:28>  cart. step rms                      0.00236908     0.00666667    T
<Jan21-2022> <00:47:28>  Iteration 4
<Jan21-2022> <00:47:29>  *** GOStep4 ***
<Jan21-2022> <00:47:29>  >>>> FRAGM
<Jan21-2022> <00:47:29>  Coordinates
<Jan21-2022> <00:47:29>     Atom         X           Y           Z   (Angstrom)
<Jan21-2022> <00:47:29>     1.C         0.296373    0.410898    0.000000
<Jan21-2022> <00:47:29>     2.C         0.990371   -0.732447    0.000000
<Jan21-2022> <00:47:29>     3.H         0.497334   -1.699471    0.000000
<Jan21-2022> <00:47:29>     4.C        -1.173205    0.510486    0.000000
<Jan21-2022> <00:47:29>     5.H         0.793641    1.377569    0.000000
<Jan21-2022> <00:47:29>     6.O        -1.829520    1.508889    0.000000
<Jan21-2022> <00:47:29>     7.H         2.077112   -0.722721    0.000000
<Jan21-2022> <00:47:29>     8.F        -1.793680   -0.722028    0.000000
<Jan21-2022> <00:47:29>  >>>> CORORT
<Jan21-2022> <00:47:29>  >>>> CLSMAT
<Jan21-2022> <00:47:29>  >>>> ORTHON
<Jan21-2022> <00:47:29>  >>>> GENPT
<Jan21-2022> <00:47:29>  Block Length= 128
<Jan21-2022> <00:47:30>  >>>> PTBAS
<Jan21-2022> <00:47:36>  >>>> CYCLE
<Jan21-2022> <00:47:44>  using orbital data from restart file
<Jan21-2022> <00:47:53>              |Error|         MaxErr       Wt(A-DIIS)
<Jan21-2022> <00:47:53>      1      0.01960837      0.00804975
<Jan21-2022> <00:48:06>      2      0.00508666      0.00119136    100.0
<Jan21-2022> <00:48:19>      3      0.00150523      0.00027126    100.0
<Jan21-2022> <00:48:32>      4      0.00295916      0.00071666      0.0
<Jan21-2022> <00:48:44>      5      0.00068960      0.00013334      0.0
<Jan21-2022> <00:48:57>      6      0.00018829      0.00006001      0.0
<Jan21-2022> <00:49:10>      7      0.00005866      0.00001461      0.0
<Jan21-2022> <00:49:23>      8      0.00002047      0.00000346      0.0
<Jan21-2022> <00:49:35>      9      0.00000260      0.00000033      0.0
<Jan21-2022> <00:49:39>  SCF converged
<Jan21-2022> <00:49:48>     10      0.00000082      0.00000015      0.0
<Jan21-2022> <00:49:52>  >>>> TOTEN
<Jan21-2022> <00:50:10>  >>>> POPAN
<Jan21-2022> <00:50:10>  >>>> DEBYE
<Jan21-2022> <00:50:10>  >>>> ENGRAD
<Jan21-2022> <00:50:39>  current energy                               -1.72286007 Hartree
<Jan21-2022> <00:50:39>  energy change                      -0.00002347     0.00008000    T
<Jan21-2022> <00:50:39>  constrained gradient max            0.00253350     0.00100000    F
<Jan21-2022> <00:50:39>  constrained gradient rms            0.00094453     0.00066667    F
<Jan21-2022> <00:50:39>  gradient max                        0.00253350
<Jan21-2022> <00:50:39>  gradient rms                        0.00094453
<Jan21-2022> <00:50:39>  cart. step max                      0.00305392     0.01000000    T
<Jan21-2022> <00:50:39>  cart. step rms                      0.00134762     0.00666667    T
<Jan21-2022> <00:50:39>  Iteration 5
<Jan21-2022> <00:50:39>  *** GOStep5 ***
<Jan21-2022> <00:50:39>  >>>> FRAGM
<Jan21-2022> <00:50:39>  Coordinates
<Jan21-2022> <00:50:39>     Atom         X           Y           Z   (Angstrom)
<Jan21-2022> <00:50:39>     1.C         0.295930    0.409922    0.000000
<Jan21-2022> <00:50:39>     2.C         0.990171   -0.733476    0.000000
<Jan21-2022> <00:50:39>     3.H         0.499814   -1.701814    0.000000
<Jan21-2022> <00:50:39>     4.C        -1.174208    0.509198    0.000000
<Jan21-2022> <00:50:39>     5.H         0.792776    1.377086    0.000000
<Jan21-2022> <00:50:39>     6.O        -1.827083    1.509863    0.000000
<Jan21-2022> <00:50:39>     7.H         2.077042   -0.719667    0.000000
<Jan21-2022> <00:50:39>     8.F        -1.796017   -0.719936    0.000000
<Jan21-2022> <00:50:39>  >>>> CORORT
<Jan21-2022> <00:50:40>  >>>> CLSMAT
<Jan21-2022> <00:50:40>  >>>> ORTHON
<Jan21-2022> <00:50:40>  >>>> GENPT
<Jan21-2022> <00:50:40>  Block Length= 128
<Jan21-2022> <00:50:40>  >>>> PTBAS
<Jan21-2022> <00:50:47>  >>>> CYCLE
<Jan21-2022> <00:50:55>  using orbital data from restart file
<Jan21-2022> <00:51:04>              |Error|         MaxErr       Wt(A-DIIS)
<Jan21-2022> <00:51:04>      1      0.01273006      0.00446377
<Jan21-2022> <00:51:17>      2      0.00417539      0.00094942    100.0
<Jan21-2022> <00:51:30>      3      0.00130271      0.00021273    100.0
<Jan21-2022> <00:51:42>      4      0.00248027      0.00058907      0.0
<Jan21-2022> <00:51:55>      5      0.00056429      0.00010489      0.0
<Jan21-2022> <00:52:08>      6      0.00015804      0.00004713      0.0
<Jan21-2022> <00:52:21>      7      0.00004156      0.00001037      0.0
<Jan21-2022> <00:52:33>      8      0.00001778      0.00000302      0.0
<Jan21-2022> <00:52:46>      9      0.00000174      0.00000028      0.0
<Jan21-2022> <00:52:50>  SCF converged
<Jan21-2022> <00:52:59>     10      0.00000038      0.00000009      0.0
<Jan21-2022> <00:53:02>  >>>> TOTEN
<Jan21-2022> <00:53:13>  >>>> POPAN
<Jan21-2022> <00:53:13>  >>>> DEBYE
<Jan21-2022> <00:53:13>  >>>> ENGRAD
<Jan21-2022> <00:53:30>  current energy                               -1.72286527 Hartree
<Jan21-2022> <00:53:30>  energy change                      -0.00000519     0.00008000    T
<Jan21-2022> <00:53:30>  constrained gradient max            0.00054601     0.00100000    T
<Jan21-2022> <00:53:30>  constrained gradient rms            0.00019730     0.00066667    T
<Jan21-2022> <00:53:30>  gradient max                        0.00054601
<Jan21-2022> <00:53:30>  gradient rms                        0.00019730
<Jan21-2022> <00:53:30>  cart. step max                      0.00023077     0.01000000    T
<Jan21-2022> <00:53:30>  cart. step rms                      0.00012059     0.00666667    T
<Jan21-2022> <00:53:30>  Geometry optimization converged
<Jan21-2022> <00:53:31>  *** adf ***
<Jan21-2022> <00:53:31>  Net Charge: 0 (Nuclei minus Electrons)
<Jan21-2022> <00:53:31>  Symmetry  : NOSYM
<Jan21-2022> <00:53:31>  >>>> FRAGM
<Jan21-2022> <00:53:31>  Coordinates
<Jan21-2022> <00:53:31>     Atom         X           Y           Z   (Angstrom)
<Jan21-2022> <00:53:31>     1.C         0.295930    0.409922    0.000000
<Jan21-2022> <00:53:31>     2.C         0.990171   -0.733476    0.000000
<Jan21-2022> <00:53:31>     3.H         0.499814   -1.701814    0.000000
<Jan21-2022> <00:53:31>     4.C        -1.174208    0.509198    0.000000
<Jan21-2022> <00:53:31>     5.H         0.792776    1.377086    0.000000
<Jan21-2022> <00:53:31>     6.O        -1.827083    1.509863    0.000000
<Jan21-2022> <00:53:31>     7.H         2.077042   -0.719667    0.000000
<Jan21-2022> <00:53:31>     8.F        -1.796017   -0.719936    0.000000
<Jan21-2022> <00:53:31>  >>>> CORORT
<Jan21-2022> <00:53:31>  >>>> CLSMAT
<Jan21-2022> <00:53:31>  >>>> ORTHON
<Jan21-2022> <00:53:31>  >>>> GENPT
<Jan21-2022> <00:53:31>  Block Length= 128
<Jan21-2022> <00:53:31>  >>>> PTBAS
<Jan21-2022> <00:53:35>  >>>> CYCLE
<Jan21-2022> <00:53:41>  using orbital data from restart file
<Jan21-2022> <00:53:46>              |Error|         MaxErr       Wt(A-DIIS)
<Jan21-2022> <00:53:46>      1      0.00000009      0.00000003
<Jan21-2022> <00:53:53>      2      0.00000011      0.00000003    100.0
<Jan21-2022> <00:53:55>  SCF converged
<Jan21-2022> <00:54:00>      3      0.00000018      0.00000004    100.0
<Jan21-2022> <00:54:06>  >>>> TOTEN
<Jan21-2022> <00:54:25>  >>>> POPAN
<Jan21-2022> <00:54:25>  >>>> DEBYE
<Jan21-2022> <00:54:25>  >>>> AMETS
<Jan21-2022> <00:54:25>   Bond Energy          -1.72286527 a.u.
<Jan21-2022> <00:54:25>   Bond Energy         -46.88154925 eV
<Jan21-2022> <00:54:25>   Bond Energy       -1081.11       kcal/mol
<Jan21-2022> <00:54:25>  >>>> POPUL
<Jan21-2022> <00:54:25>  >>>> ENGRAD
<Jan21-2022> <00:54:42>  >>>> ENHESS
<Jan21-2022> <00:54:46>  === NUCLEUS:     1
<Jan21-2022> <00:57:59>  === NUCLEUS:     2
<Jan21-2022> <01:01:01>  === NUCLEUS:     3
<Jan21-2022> <01:04:29>  === NUCLEUS:     4
<Jan21-2022> <01:07:14>  === NUCLEUS:     5
<Jan21-2022> <01:10:27>  === NUCLEUS:     6
<Jan21-2022> <01:13:00>  === NUCLEUS:     7
<Jan21-2022> <01:15:55>  === NUCLEUS:     8
<Jan21-2022> <01:18:39>  >>>> CALC_HESS_PMAT
<Jan21-2022> <01:19:18>  >>>> CALC_HESS_WMAT
<Jan21-2022> <01:19:24>  PES point character: Geometry corresponds to a local minimum on the PES.
<Jan21-2022> <01:19:24>  Geometry optimization successful!
<Jan21-2022> <01:19:24>  NORMAL TERMINATION
