<Jan21-2022> <00:36:14>  AMS 2021.102  RunTime: Jan21-2022 00:36:14  ShM Nodes: 1  Procs: 1
<Jan21-2022> <00:36:14>  ADF 2021.102  RunTime: Jan21-2022 00:36:14  ShM Nodes: 1  Procs: 1
<Jan21-2022> <00:36:14>  *** (NO TITLE) ***
<Jan21-2022> <00:36:14>  Iteration 1
<Jan21-2022> <00:36:15>  DIRAC 2021.102  RunTime: Jan21-2022 00:36:15  ShM Nodes: 1  Procs: 1
<Jan21-2022> <00:36:15>  Carbon (TZ2P)
<Jan21-2022> <00:36:15>  Net Charge: 0 (Nuclei minus Electrons)
<Jan21-2022> <00:36:15>  Symmetry  : ATOM
<Jan21-2022> <00:36:15>  Coordinates
<Jan21-2022> <00:36:15>     Atom         X           Y           Z   (Angstrom)
<Jan21-2022> <00:36:15>     1.C         0.000000    0.000000    0.000000
<Jan21-2022> <00:36:15>  >>>> CORORT
<Jan21-2022> <00:36:15>  >>>> CLSMAT
<Jan21-2022> <00:36:15>  >>>> ORTHON
<Jan21-2022> <00:36:15>  >>>> GENPT
<Jan21-2022> <00:36:15>  Block Length=  72
<Jan21-2022> <00:36:15>  >>>> PTBAS
<Jan21-2022> <00:36:15>  >>>> CYCLE
<Jan21-2022> <00:36:15>              |Error|         MaxErr       Wt(A-DIIS)
<Jan21-2022> <00:36:15>      1      0.00000000      0.00000000
<Jan21-2022> <00:36:15>      2      4.48405934      3.32161898    100.0
<Jan21-2022> <00:36:15>      3      1.60718414      1.28408746    100.0
<Jan21-2022> <00:36:15>      4      0.76426456      0.62272052    100.0
<Jan21-2022> <00:36:15>      5      0.36119063      0.28553990    100.0
<Jan21-2022> <00:36:15>      6      0.14821424      0.11559867    100.0
<Jan21-2022> <00:36:15>      7      0.10108424      0.07867111     78.5
<Jan21-2022> <00:36:15>      8      0.01786531      0.01387049     13.0
<Jan21-2022> <00:36:15>      9      0.00195746      0.00153262      0.5
<Jan21-2022> <00:36:15>     10      0.00001058      0.00000730      0.0
<Jan21-2022> <00:36:15>     11      0.00000047      0.00000027      0.0
<Jan21-2022> <00:36:15>     12      0.00000003      0.00000002      0.0
<Jan21-2022> <00:36:15>     13      0.00000000      0.00000000      0.0
<Jan21-2022> <00:36:15>  SCF converged
<Jan21-2022> <00:36:15>     14      0.00000000      0.00000000      0.0
<Jan21-2022> <00:36:15>  >>>> POPAN
<Jan21-2022> <00:36:15>  >>>> DEBYE
<Jan21-2022> <00:36:15>  DIRAC 2021.102  RunTime: Jan21-2022 00:36:15  ShM Nodes: 1  Procs: 1
<Jan21-2022> <00:36:15>  Hydrogen (TZ2P)
<Jan21-2022> <00:36:15>  Net Charge: 0 (Nuclei minus Electrons)
<Jan21-2022> <00:36:15>  Symmetry  : ATOM
<Jan21-2022> <00:36:16>  Coordinates
<Jan21-2022> <00:36:16>     Atom         X           Y           Z   (Angstrom)
<Jan21-2022> <00:36:16>     1.H         0.000000    0.000000    0.000000
<Jan21-2022> <00:36:16>  >>>> CORORT
<Jan21-2022> <00:36:16>  >>>> CLSMAT
<Jan21-2022> <00:36:16>  >>>> ORTHON
<Jan21-2022> <00:36:16>  >>>> GENPT
<Jan21-2022> <00:36:16>  Block Length=  64
<Jan21-2022> <00:36:16>  >>>> PTBAS
<Jan21-2022> <00:36:16>  >>>> CYCLE
<Jan21-2022> <00:36:16>              |Error|         MaxErr       Wt(A-DIIS)
<Jan21-2022> <00:36:16>      1      0.00000000      0.00000000
<Jan21-2022> <00:36:16>      2      0.03080019      0.02591482
<Jan21-2022> <00:36:16>      3      0.01140383      0.01135775    100.0
<Jan21-2022> <00:36:16>      4      0.00327656      0.00327407      2.3
<Jan21-2022> <00:36:16>      5      0.00010041      0.00009754      0.0
<Jan21-2022> <00:36:16>      6      0.00000525      0.00000504      0.0
<Jan21-2022> <00:36:16>      7      0.00000007      0.00000007      0.0
<Jan21-2022> <00:36:16>      8      0.00000000      0.00000000      0.0
<Jan21-2022> <00:36:16>  SCF converged
<Jan21-2022> <00:36:16>      9      0.00000000      0.00000000      0.0
<Jan21-2022> <00:36:16>  >>>> POPAN
<Jan21-2022> <00:36:16>  >>>> DEBYE
<Jan21-2022> <00:36:16>  DIRAC 2021.102  RunTime: Jan21-2022 00:36:16  ShM Nodes: 1  Procs: 1
<Jan21-2022> <00:36:16>  Oxygen (TZ2P)
<Jan21-2022> <00:36:16>  Net Charge: 0 (Nuclei minus Electrons)
<Jan21-2022> <00:36:16>  Symmetry  : ATOM
<Jan21-2022> <00:36:16>  Coordinates
<Jan21-2022> <00:36:16>     Atom         X           Y           Z   (Angstrom)
<Jan21-2022> <00:36:16>     1.O         0.000000    0.000000    0.000000
<Jan21-2022> <00:36:16>  >>>> CORORT
<Jan21-2022> <00:36:16>  >>>> CLSMAT
<Jan21-2022> <00:36:16>  >>>> ORTHON
<Jan21-2022> <00:36:16>  >>>> GENPT
<Jan21-2022> <00:36:16>  Block Length=  68
<Jan21-2022> <00:36:16>  >>>> PTBAS
<Jan21-2022> <00:36:16>  >>>> CYCLE
<Jan21-2022> <00:36:16>              |Error|         MaxErr       Wt(A-DIIS)
<Jan21-2022> <00:36:16>      1      0.00000000      0.00000000
<Jan21-2022> <00:36:16>      2      8.77210307      5.53374266    100.0
<Jan21-2022> <00:36:16>      3      3.60058093      2.49154808    100.0
<Jan21-2022> <00:36:16>      4      1.20505529      0.62472425    100.0
<Jan21-2022> <00:36:16>      5      1.46502638      0.81213311    100.0
<Jan21-2022> <00:36:16>      6      0.15089362      0.09131786     91.2
<Jan21-2022> <00:36:16>      7      0.14397311      0.08251182     82.3
<Jan21-2022> <00:36:16>      8      0.00183259      0.00123681      0.2
<Jan21-2022> <00:36:16>      9      0.00015629      0.00008105      0.0
<Jan21-2022> <00:36:16>     10      0.00001324      0.00000629      0.0
<Jan21-2022> <00:36:16>     11      0.00000006      0.00000003      0.0
<Jan21-2022> <00:36:16>     12      0.00000000      0.00000000      0.0
<Jan21-2022> <00:36:17>  SCF converged
<Jan21-2022> <00:36:17>     13      0.00000000      0.00000000      0.0
<Jan21-2022> <00:36:17>  >>>> POPAN
<Jan21-2022> <00:36:17>  >>>> DEBYE
<Jan21-2022> <00:36:17>  DIRAC 2021.102  RunTime: Jan21-2022 00:36:17  ShM Nodes: 1  Procs: 1
<Jan21-2022> <00:36:17>  Fluorine (TZ2P)
<Jan21-2022> <00:36:17>  Net Charge: 0 (Nuclei minus Electrons)
<Jan21-2022> <00:36:17>  Symmetry  : ATOM
<Jan21-2022> <00:36:17>  Coordinates
<Jan21-2022> <00:36:17>     Atom         X           Y           Z   (Angstrom)
<Jan21-2022> <00:36:17>     1.F         0.000000    0.000000    0.000000
<Jan21-2022> <00:36:17>  >>>> CORORT
<Jan21-2022> <00:36:17>  >>>> CLSMAT
<Jan21-2022> <00:36:17>  >>>> ORTHON
<Jan21-2022> <00:36:17>  >>>> GENPT
<Jan21-2022> <00:36:17>  Block Length=  76
<Jan21-2022> <00:36:17>  >>>> PTBAS
<Jan21-2022> <00:36:17>  >>>> CYCLE
<Jan21-2022> <00:36:17>              |Error|         MaxErr       Wt(A-DIIS)
<Jan21-2022> <00:36:17>      1      0.00000000      0.00000000
<Jan21-2022> <00:36:17>      2     11.39970762      4.85721148    100.0
<Jan21-2022> <00:36:17>      3      5.17310012      3.16632108    100.0
<Jan21-2022> <00:36:17>      4      1.04882283      0.49392043    100.0
<Jan21-2022> <00:36:17>      5      1.72142161      0.84736739    100.0
<Jan21-2022> <00:36:17>      6      0.21842580      0.10780687    100.0
<Jan21-2022> <00:36:17>      7      0.28524155      0.13554881    100.0
<Jan21-2022> <00:36:17>      8      0.02856437      0.01389479     13.0
<Jan21-2022> <00:36:17>      9      0.00489297      0.00234741      1.4
<Jan21-2022> <00:36:17>     10      0.00009261      0.00004462      0.0
<Jan21-2022> <00:36:17>     11      0.00000010      0.00000005      0.0
<Jan21-2022> <00:36:17>     12      0.00000000      0.00000000      0.0
<Jan21-2022> <00:36:17>  SCF converged
<Jan21-2022> <00:36:17>     13      0.00000000      0.00000000      0.0
<Jan21-2022> <00:36:17>  >>>> POPAN
<Jan21-2022> <00:36:17>  >>>> DEBYE
<Jan21-2022> <00:36:17>  *** GOStep1 ***
<Jan21-2022> <00:36:17>  >>>> FRAGM
<Jan21-2022> <00:36:17>  Coordinates
<Jan21-2022> <00:36:17>     Atom         X           Y           Z   (Angstrom)
<Jan21-2022> <00:36:17>     1.C         0.816680   -0.234719    0.881975
<Jan21-2022> <00:36:17>     2.C         0.816784   -0.234131   -0.477193
<Jan21-2022> <00:36:17>     3.C        -1.531600   -0.469980   -1.308576
<Jan21-2022> <00:36:17>     4.H         0.856362   -1.163867    1.448593
<Jan21-2022> <00:36:17>     5.C         0.738934    1.000635    1.660143
<Jan21-2022> <00:36:17>     6.H        -1.752243   -1.423246   -0.843669
<Jan21-2022> <00:36:17>     7.H         0.865401    0.701495   -1.028794
<Jan21-2022> <00:36:17>     8.H        -1.295721   -0.453222   -2.366756
<Jan21-2022> <00:36:17>     9.H        -1.934372    0.427296   -0.854856
<Jan21-2022> <00:36:17>    10.O         0.730889    1.056221    2.881649
<Jan21-2022> <00:36:17>    11.F         1.051572   -1.414713   -1.211496
<Jan21-2022> <00:36:17>    12.F         0.679074    2.180262    0.890079
<Jan21-2022> <00:36:17>  >>>> CORORT
<Jan21-2022> <00:36:17>  >>>> CLSMAT
<Jan21-2022> <00:36:17>  >>>> ORTHON
<Jan21-2022> <00:36:18>  >>>> GENPT
<Jan21-2022> <00:36:18>  Block Length= 128
<Jan21-2022> <00:36:19>  >>>> PTBAS
<Jan21-2022> <00:36:38>  >>>> CYCLE
<Jan21-2022> <00:37:48>              |Error|         MaxErr       Wt(A-DIIS)
<Jan21-2022> <00:37:48>      1      5.36389204      0.51339215
<Jan21-2022> <00:38:49>      2      0.98266208      0.09888251    100.0
<Jan21-2022> <00:39:50>      3      0.46409581      0.03614288    100.0
<Jan21-2022> <00:40:52>      4      0.69516204      0.07019910    100.0
<Jan21-2022> <00:41:53>      5      0.21568121      0.02590877     25.2
<Jan21-2022> <00:42:55>      6      0.23351328      0.03208152     25.2
<Jan21-2022> <00:43:57>      7      0.03302285      0.00296756      2.0
<Jan21-2022> <00:44:58>      8      0.00974340      0.00128696      0.3
<Jan21-2022> <00:45:59>      9      0.00481098      0.00048575      0.0
<Jan21-2022> <00:47:00>     10      0.00171741      0.00020353      0.0
<Jan21-2022> <00:48:01>     11      0.00111520      0.00012165      0.0
<Jan21-2022> <00:49:02>     12      0.00031024      0.00004281      0.0
<Jan21-2022> <00:50:02>     13      0.00021597      0.00002609      0.0
<Jan21-2022> <00:51:03>     14      0.00007742      0.00001132      0.0
<Jan21-2022> <00:52:04>     15      0.00005707      0.00000650      0.0
<Jan21-2022> <00:53:04>     16      0.00002244      0.00000252      0.0
<Jan21-2022> <00:53:42>     17      0.00001291      0.00000183      0.0
<Jan21-2022> <00:54:38>     18      0.00001363      0.00000187      0.0
<Jan21-2022> <00:55:36>     19      0.00000507      0.00000061      0.0
<Jan21-2022> <00:55:54>  SCF converged
<Jan21-2022> <00:56:25>     20      0.00000190      0.00000023      0.0
<Jan21-2022> <00:56:35>  >>>> TOTEN
<Jan21-2022> <00:57:18>  >>>> POPAN
<Jan21-2022> <00:57:18>  >>>> DEBYE
<Jan21-2022> <00:57:18>  >>>> ENGRAD
<Jan21-2022> <00:58:29>  current energy                               -2.36448252 Hartree
<Jan21-2022> <00:58:29>  energy change                      -2.36448252     0.00012000    F
<Jan21-2022> <00:58:29>  constrained gradient max            0.07676766     0.00100000    F
<Jan21-2022> <00:58:29>  constrained gradient rms            0.02410082     0.00066667    F
<Jan21-2022> <00:58:29>  gradient max                        0.07676766
<Jan21-2022> <00:58:29>  gradient rms                        0.02410082
<Jan21-2022> <00:58:29>  cart. step max                      0.05016184     0.01000000    F
<Jan21-2022> <00:58:29>  cart. step rms                      0.01818647     0.00666667    F
<Jan21-2022> <00:58:29>  Iteration 2
<Jan21-2022> <00:58:29>  *** GOStep2 ***
<Jan21-2022> <00:58:29>  >>>> FRAGM
<Jan21-2022> <00:58:29>  Coordinates
<Jan21-2022> <00:58:29>     Atom         X           Y           Z   (Angstrom)
<Jan21-2022> <00:58:29>     1.C         0.823682   -0.239176    0.878666
<Jan21-2022> <00:58:29>     2.C         0.813076   -0.232258   -0.472077
<Jan21-2022> <00:58:29>     3.C        -1.535244   -0.455705   -1.302419
<Jan21-2022> <00:58:29>     4.H         0.876066   -1.166420    1.441120
<Jan21-2022> <00:58:29>     5.C         0.736311    0.979628    1.666284
<Jan21-2022> <00:58:29>     6.H        -1.749255   -1.408263   -0.832888
<Jan21-2022> <00:58:29>     7.H         0.875015    0.675044   -1.063544
<Jan21-2022> <00:58:29>     8.H        -1.291075   -0.443332   -2.358394
<Jan21-2022> <00:58:29>     9.H        -1.942660    0.442748   -0.853830
<Jan21-2022> <00:58:29>    10.O         0.720348    1.070255    2.850492
<Jan21-2022> <00:58:29>    11.F         1.065346   -1.380590   -1.169640
<Jan21-2022> <00:58:29>    12.F         0.650152    2.130100    0.887327
<Jan21-2022> <00:58:29>  >>>> CORORT
<Jan21-2022> <00:58:29>  >>>> CLSMAT
<Jan21-2022> <00:58:29>  >>>> ORTHON
<Jan21-2022> <00:58:29>  >>>> GENPT
<Jan21-2022> <00:58:29>  Block Length= 128
<Jan21-2022> <00:58:30>  >>>> PTBAS
<Jan21-2022> <00:58:43>  >>>> CYCLE
<Jan21-2022> <00:58:58>  using orbital data from restart file
<Jan21-2022> <00:59:40>              |Error|         MaxErr       Wt(A-DIIS)
<Jan21-2022> <00:59:40>      1      0.25551240      0.04074280
<Jan21-2022> <01:00:25>      2      0.06711316      0.00540386    100.0
<Jan21-2022> <01:00:59>      3      0.03266987      0.00303818    100.0
<Jan21-2022> <01:01:34>      4      0.04992531      0.00404692    100.0
<Jan21-2022> <01:02:08>      5      0.00867500      0.00093049      0.0
<Jan21-2022> <01:02:43>      6      0.00283142      0.00029111      0.0
<Jan21-2022> <01:03:17>      7      0.00130246      0.00018108      0.0
<Jan21-2022> <01:03:52>      8      0.00060414      0.00006212      0.0
<Jan21-2022> <01:04:26>      9      0.00022503      0.00002258      0.0
<Jan21-2022> <01:05:01>     10      0.00007377      0.00000784      0.0
<Jan21-2022> <01:05:36>     11      0.00003743      0.00000457      0.0
<Jan21-2022> <01:06:10>     12      0.00001981      0.00000220      0.0
<Jan21-2022> <01:06:45>     13      0.00000729      0.00000065      0.0
<Jan21-2022> <01:06:55>  SCF converged
<Jan21-2022> <01:07:20>     14      0.00000424      0.00000033      0.0
<Jan21-2022> <01:07:30>  >>>> TOTEN
<Jan21-2022> <01:08:09>  >>>> POPAN
<Jan21-2022> <01:08:09>  >>>> DEBYE
<Jan21-2022> <01:08:09>  >>>> ENGRAD
<Jan21-2022> <01:09:02>  current energy                               -2.36980806 Hartree
<Jan21-2022> <01:09:02>  energy change                      -0.00532555     0.00012000    F
<Jan21-2022> <01:09:02>  constrained gradient max            0.02777189     0.00100000    F
<Jan21-2022> <01:09:02>  constrained gradient rms            0.00959868     0.00066667    F
<Jan21-2022> <01:09:02>  gradient max                        0.02777189
<Jan21-2022> <01:09:02>  gradient rms                        0.00959868
<Jan21-2022> <01:09:02>  cart. step max                      0.04678584     0.01000000    F
<Jan21-2022> <01:09:02>  cart. step rms                      0.01874658     0.00666667    F
<Jan21-2022> <01:09:02>  Iteration 3
<Jan21-2022> <01:09:02>  *** GOStep3 ***
<Jan21-2022> <01:09:02>  >>>> FRAGM
<Jan21-2022> <01:09:02>  Coordinates
<Jan21-2022> <01:09:02>     Atom         X           Y           Z   (Angstrom)
<Jan21-2022> <01:09:02>     1.C         0.838779   -0.238467    0.871733
<Jan21-2022> <01:09:02>     2.C         0.810038   -0.246098   -0.478574
<Jan21-2022> <01:09:02>     3.C        -1.534773   -0.435740   -1.295025
<Jan21-2022> <01:09:02>     4.H         0.917801   -1.164732    1.430463
<Jan21-2022> <01:09:02>     5.C         0.720631    0.971575    1.670280
<Jan21-2022> <01:09:02>     6.H        -1.746580   -1.385065   -0.817962
<Jan21-2022> <01:09:02>     7.H         0.879121    0.631982   -1.110329
<Jan21-2022> <01:09:02>     8.H        -1.285891   -0.431967   -2.349852
<Jan21-2022> <01:09:02>     9.H        -1.937476    0.467563   -0.851665
<Jan21-2022> <01:09:02>    10.O         0.701692    1.073531    2.869264
<Jan21-2022> <01:09:02>    11.F         1.073943   -1.379847   -1.148486
<Jan21-2022> <01:09:02>    12.F         0.604476    2.109297    0.881253
<Jan21-2022> <01:09:02>  >>>> CORORT
<Jan21-2022> <01:09:03>  >>>> CLSMAT
<Jan21-2022> <01:09:03>  >>>> ORTHON
<Jan21-2022> <01:09:03>  >>>> GENPT
<Jan21-2022> <01:09:03>  Block Length= 128
<Jan21-2022> <01:09:04>  >>>> PTBAS
<Jan21-2022> <01:09:24>  >>>> CYCLE
<Jan21-2022> <01:09:49>  using orbital data from restart file
<Jan21-2022> <01:10:32>              |Error|         MaxErr       Wt(A-DIIS)
<Jan21-2022> <01:10:32>      1      0.14300919      0.01777640
<Jan21-2022> <01:11:21>      2      0.04865690      0.00547059    100.0
<Jan21-2022> <01:11:55>      3      0.12686440      0.01472231    100.0
<Jan21-2022> <01:12:30>      4      0.03428960      0.00385135      2.9
<Jan21-2022> <01:13:04>      5      0.00920229      0.00130727      0.3
<Jan21-2022> <01:13:39>      6      0.00265593      0.00025995      0.0
<Jan21-2022> <01:14:14>      7      0.00050837      0.00003719      0.0
<Jan21-2022> <01:14:50>      8      0.00027458      0.00002643      0.0
<Jan21-2022> <01:15:24>      9      0.00011458      0.00001087      0.0
<Jan21-2022> <01:15:59>     10      0.00005025      0.00000496      0.0
<Jan21-2022> <01:16:34>     11      0.00002251      0.00000221      0.0
<Jan21-2022> <01:17:08>     12      0.00001043      0.00000088      0.0
<Jan21-2022> <01:17:43>     13      0.00000317      0.00000027      0.0
<Jan21-2022> <01:17:53>  SCF converged
<Jan21-2022> <01:18:18>     14      0.00000185      0.00000021      0.0
<Jan21-2022> <01:18:27>  >>>> TOTEN
<Jan21-2022> <01:19:05>  >>>> POPAN
<Jan21-2022> <01:19:05>  >>>> DEBYE
<Jan21-2022> <01:19:05>  >>>> ENGRAD
<Jan21-2022> <01:19:59>  current energy                               -2.37051609 Hartree
<Jan21-2022> <01:19:59>  energy change                      -0.00070803     0.00012000    F
<Jan21-2022> <01:19:59>  constrained gradient max            0.02096562     0.00100000    F
<Jan21-2022> <01:19:59>  constrained gradient rms            0.00610065     0.00066667    F
<Jan21-2022> <01:19:59>  gradient max                        0.02096562
<Jan21-2022> <01:19:59>  gradient rms                        0.00610065
<Jan21-2022> <01:19:59>  cart. step max                      0.03449766     0.01000000    F
<Jan21-2022> <01:19:59>  cart. step rms                      0.01382500     0.00666667    F
<Jan21-2022> <01:19:59>  Iteration 4
<Jan21-2022> <01:19:59>  *** GOStep4 ***
<Jan21-2022> <01:19:59>  >>>> FRAGM
<Jan21-2022> <01:19:59>  Coordinates
<Jan21-2022> <01:19:59>     Atom         X           Y           Z   (Angstrom)
<Jan21-2022> <01:19:59>     1.C         0.831222   -0.235884    0.871905
<Jan21-2022> <01:19:59>     2.C         0.844536   -0.230189   -0.477258
<Jan21-2022> <01:19:59>     3.C        -1.549355   -0.448050   -1.298278
<Jan21-2022> <01:19:59>     4.H         0.884466   -1.164533    1.429856
<Jan21-2022> <01:19:59>     5.C         0.718005    0.972330    1.673017
<Jan21-2022> <01:19:59>     6.H        -1.751476   -1.398842   -0.819946
<Jan21-2022> <01:19:59>     7.H         0.908363    0.650656   -1.105853
<Jan21-2022> <01:19:59>     8.H        -1.303085   -0.443479   -2.353717
<Jan21-2022> <01:19:59>     9.H        -1.959267    0.451908   -0.854758
<Jan21-2022> <01:19:59>    10.O         0.710093    1.071553    2.869197
<Jan21-2022> <01:19:59>    11.F         1.072869   -1.369407   -1.152017
<Jan21-2022> <01:19:59>    12.F         0.635388    2.115968    0.888953
<Jan21-2022> <01:19:59>  >>>> CORORT
<Jan21-2022> <01:19:59>  >>>> CLSMAT
<Jan21-2022> <01:19:59>  >>>> ORTHON
<Jan21-2022> <01:19:59>  >>>> GENPT
<Jan21-2022> <01:19:59>  Block Length= 128
<Jan21-2022> <01:20:00>  >>>> PTBAS
<Jan21-2022> <01:20:13>  >>>> CYCLE
<Jan21-2022> <01:20:28>  using orbital data from restart file
<Jan21-2022> <01:20:53>              |Error|         MaxErr       Wt(A-DIIS)
<Jan21-2022> <01:20:53>      1      0.09809686      0.01255504
<Jan21-2022> <01:21:28>      2      0.01318189      0.00109859    100.0
<Jan21-2022> <01:22:02>      3      0.03143286      0.00277069    100.0
<Jan21-2022> <01:22:37>      4      0.00657745      0.00051415      0.0
<Jan21-2022> <01:23:12>      5      0.00309377      0.00038366      0.0
<Jan21-2022> <01:23:47>      6      0.00134962      0.00018665      0.0
<Jan21-2022> <01:24:21>      7      0.00063462      0.00009594      0.0
<Jan21-2022> <01:24:56>      8      0.00031243      0.00004625      0.0
<Jan21-2022> <01:25:31>      9      0.00013410      0.00001540      0.0
<Jan21-2022> <01:26:05>     10      0.00004560      0.00000333      0.0
<Jan21-2022> <01:26:39>     11      0.00002592      0.00000156      0.0
<Jan21-2022> <01:27:23>     12      0.00000762      0.00000053      0.0
<Jan21-2022> <01:27:39>  SCF converged
<Jan21-2022> <01:28:22>     13      0.00000262      0.00000021      0.0
<Jan21-2022> <01:28:40>  >>>> TOTEN
<Jan21-2022> <01:29:42>  >>>> POPAN
<Jan21-2022> <01:29:42>  >>>> DEBYE
<Jan21-2022> <01:29:42>  >>>> ENGRAD
<Jan21-2022> <01:31:11>  current energy                               -2.37100076 Hartree
<Jan21-2022> <01:31:11>  energy change                      -0.00048467     0.00012000    F
<Jan21-2022> <01:31:11>  constrained gradient max            0.01586024     0.00100000    F
<Jan21-2022> <01:31:11>  constrained gradient rms            0.00485758     0.00066667    F
<Jan21-2022> <01:31:11>  gradient max                        0.01586024
<Jan21-2022> <01:31:11>  gradient rms                        0.00485758
<Jan21-2022> <01:31:11>  cart. step max                      0.06171925     0.01000000    F
<Jan21-2022> <01:31:11>  cart. step rms                      0.02172237     0.00666667    F
<Jan21-2022> <01:31:11>  Iteration 5
<Jan21-2022> <01:31:12>  *** GOStep5 ***
<Jan21-2022> <01:31:12>  >>>> FRAGM
<Jan21-2022> <01:31:12>  Coordinates
<Jan21-2022> <01:31:12>     Atom         X           Y           Z   (Angstrom)
<Jan21-2022> <01:31:12>     1.C         0.854446   -0.233715    0.866317
<Jan21-2022> <01:31:12>     2.C         0.862862   -0.249449   -0.483806
<Jan21-2022> <01:31:12>     3.C        -1.545524   -0.425117   -1.285528
<Jan21-2022> <01:31:12>     4.H         0.940814   -1.160496    1.423722
<Jan21-2022> <01:31:12>     5.C         0.688906    0.967456    1.666683
<Jan21-2022> <01:31:12>     6.H        -1.754588   -1.371080   -0.800688
<Jan21-2022> <01:31:12>     7.H         0.918139    0.619038   -1.130704
<Jan21-2022> <01:31:12>     8.H        -1.302596   -0.429527   -2.341756
<Jan21-2022> <01:31:12>     9.H        -1.940610    0.482350   -0.844095
<Jan21-2022> <01:31:12>    10.O         0.676652    1.060738    2.856529
<Jan21-2022> <01:31:12>    11.F         1.069589   -1.400268   -1.145296
<Jan21-2022> <01:31:12>    12.F         0.573669    2.112100    0.889722
<Jan21-2022> <01:31:12>  >>>> CORORT
<Jan21-2022> <01:31:12>  >>>> CLSMAT
<Jan21-2022> <01:31:12>  >>>> ORTHON
<Jan21-2022> <01:31:12>  >>>> GENPT
<Jan21-2022> <01:31:12>  Block Length= 128
<Jan21-2022> <01:31:13>  >>>> PTBAS
<Jan21-2022> <01:31:32>  >>>> CYCLE
<Jan21-2022> <01:31:57>  using orbital data from restart file
<Jan21-2022> <01:32:39>              |Error|         MaxErr       Wt(A-DIIS)
<Jan21-2022> <01:32:39>      1      0.09998384      0.01425431
<Jan21-2022> <01:33:37>      2      0.01439858      0.00099237    100.0
<Jan21-2022> <01:34:36>      3      0.00754474      0.00061463    100.0
<Jan21-2022> <01:35:34>      4      0.00860267      0.00053679      0.0
<Jan21-2022> <01:36:31>      5      0.00274674      0.00035000      0.0
<Jan21-2022> <01:37:29>      6      0.00098414      0.00011943      0.0
<Jan21-2022> <01:38:26>      7      0.00036106      0.00004147      0.0
<Jan21-2022> <01:39:26>      8      0.00013189      0.00001468      0.0
<Jan21-2022> <01:40:18>      9      0.00006163      0.00000793      0.0
<Jan21-2022> <01:40:52>     10      0.00001255      0.00000125      0.0
<Jan21-2022> <01:41:26>     11      0.00000502      0.00000048      0.0
<Jan21-2022> <01:41:35>  SCF converged
<Jan21-2022> <01:41:59>     12      0.00000191      0.00000014      0.0
<Jan21-2022> <01:42:08>  >>>> TOTEN
<Jan21-2022> <01:42:46>  >>>> POPAN
<Jan21-2022> <01:42:46>  >>>> DEBYE
<Jan21-2022> <01:42:46>  >>>> ENGRAD
<Jan21-2022> <01:43:37>  current energy                               -2.37113140 Hartree
<Jan21-2022> <01:43:37>  energy change                      -0.00013064     0.00012000    F
<Jan21-2022> <01:43:37>  constrained gradient max            0.01579869     0.00100000    F
<Jan21-2022> <01:43:37>  constrained gradient rms            0.00463530     0.00066667    F
<Jan21-2022> <01:43:37>  gradient max                        0.01579869
<Jan21-2022> <01:43:37>  gradient rms                        0.00463530
<Jan21-2022> <01:43:37>  cart. step max                      0.04397560     0.01000000    F
<Jan21-2022> <01:43:37>  cart. step rms                      0.01598976     0.00666667    F
<Jan21-2022> <01:43:37>  Iteration 6
<Jan21-2022> <01:43:38>  *** GOStep6 ***
<Jan21-2022> <01:43:38>  >>>> FRAGM
<Jan21-2022> <01:43:38>  Coordinates
<Jan21-2022> <01:43:38>     Atom         X           Y           Z   (Angstrom)
<Jan21-2022> <01:43:38>     1.C         0.862307   -0.236974    0.866693
<Jan21-2022> <01:43:38>     2.C         0.832896   -0.264274   -0.485025
<Jan21-2022> <01:43:38>     3.C        -1.529615   -0.409227   -1.281350
<Jan21-2022> <01:43:38>     4.H         0.984790   -1.160238    1.423739
<Jan21-2022> <01:43:38>     5.C         0.674069    0.962357    1.663202
<Jan21-2022> <01:43:38>     6.H        -1.749720   -1.352384   -0.795998
<Jan21-2022> <01:43:38>     7.H         0.877189    0.600894   -1.137641
<Jan21-2022> <01:43:38>     8.H        -1.283220   -0.417901   -2.336736
<Jan21-2022> <01:43:38>     9.H        -1.918256    0.502590   -0.843310
<Jan21-2022> <01:43:38>    10.O         0.671175    1.061447    2.854877
<Jan21-2022> <01:43:38>    11.F         1.074853   -1.415208   -1.136527
<Jan21-2022> <01:43:38>    12.F         0.545293    2.100947    0.879175
<Jan21-2022> <01:43:38>  >>>> CORORT
<Jan21-2022> <01:43:38>  >>>> CLSMAT
<Jan21-2022> <01:43:38>  >>>> ORTHON
<Jan21-2022> <01:43:38>  >>>> GENPT
<Jan21-2022> <01:43:38>  Block Length= 128
<Jan21-2022> <01:43:39>  >>>> PTBAS
<Jan21-2022> <01:43:51>  >>>> CYCLE
<Jan21-2022> <01:44:06>  using orbital data from restart file
<Jan21-2022> <01:44:30>              |Error|         MaxErr       Wt(A-DIIS)
<Jan21-2022> <01:44:30>      1      0.09122251      0.01149897
<Jan21-2022> <01:45:03>      2      0.01140168      0.00077262    100.0
<Jan21-2022> <01:45:37>      3      0.02062516      0.00149056    100.0
<Jan21-2022> <01:46:11>      4      0.00413697      0.00037986      0.0
<Jan21-2022> <01:46:45>      5      0.00282571      0.00032707      0.0
<Jan21-2022> <01:47:18>      6      0.00122582      0.00016760      0.0
<Jan21-2022> <01:47:52>      7      0.00076603      0.00010223      0.0
<Jan21-2022> <01:48:25>      8      0.00032735      0.00003179      0.0
<Jan21-2022> <01:48:59>      9      0.00012214      0.00001811      0.0
<Jan21-2022> <01:49:32>     10      0.00007226      0.00000783      0.0
<Jan21-2022> <01:50:06>     11      0.00001747      0.00000116      0.0
<Jan21-2022> <01:50:40>     12      0.00000753      0.00000047      0.0
<Jan21-2022> <01:50:49>  SCF converged
<Jan21-2022> <01:51:14>     13      0.00000349      0.00000028      0.0
<Jan21-2022> <01:51:23>  >>>> TOTEN
<Jan21-2022> <01:52:00>  >>>> POPAN
<Jan21-2022> <01:52:00>  >>>> DEBYE
<Jan21-2022> <01:52:00>  >>>> ENGRAD
<Jan21-2022> <01:52:51>  current energy                               -2.37080117 Hartree
<Jan21-2022> <01:52:51>  energy change                       0.00033023     0.00012000    F
<Jan21-2022> <01:52:51>  constrained gradient max            0.01403310     0.00100000    F
<Jan21-2022> <01:52:51>  constrained gradient rms            0.00432822     0.00066667    F
<Jan21-2022> <01:52:51>  gradient max                        0.01403310
<Jan21-2022> <01:52:51>  gradient rms                        0.00432822
<Jan21-2022> <01:52:51>  cart. step max                      0.04372530     0.01000000    F
<Jan21-2022> <01:52:51>  cart. step rms                      0.01319775     0.00666667    F
<Jan21-2022> <01:52:51>  Iteration 7
<Jan21-2022> <01:52:52>  *** GOStep7 ***
<Jan21-2022> <01:52:52>  >>>> FRAGM
<Jan21-2022> <01:52:52>  Coordinates
<Jan21-2022> <01:52:52>     Atom         X           Y           Z   (Angstrom)
<Jan21-2022> <01:52:52>     1.C         0.869286   -0.233937    0.862845
<Jan21-2022> <01:52:52>     2.C         0.876099   -0.256192   -0.484965
<Jan21-2022> <01:52:52>     3.C        -1.547907   -0.413193   -1.279520
<Jan21-2022> <01:52:52>     4.H         0.969434   -1.160966    1.418054
<Jan21-2022> <01:52:52>     5.C         0.684263    0.964378    1.662479
<Jan21-2022> <01:52:52>     6.H        -1.756729   -1.356015   -0.788565
<Jan21-2022> <01:52:52>     7.H         0.920915    0.607001   -1.140125
<Jan21-2022> <01:52:52>     8.H        -1.305522   -0.424007   -2.335811
<Jan21-2022> <01:52:52>     9.H        -1.935007    0.498723   -0.840333
<Jan21-2022> <01:52:52>    10.O         0.647756    1.055261    2.855366
<Jan21-2022> <01:52:52>    11.F         1.071482   -1.411592   -1.137995
<Jan21-2022> <01:52:52>    12.F         0.547691    2.102569    0.879669
<Jan21-2022> <01:52:52>  >>>> CORORT
<Jan21-2022> <01:52:52>  >>>> CLSMAT
<Jan21-2022> <01:52:52>  >>>> ORTHON
<Jan21-2022> <01:52:52>  >>>> GENPT
<Jan21-2022> <01:52:52>  Block Length= 128
<Jan21-2022> <01:52:53>  >>>> PTBAS
<Jan21-2022> <01:53:05>  >>>> CYCLE
<Jan21-2022> <01:53:19>  using orbital data from restart file
<Jan21-2022> <01:53:44>              |Error|         MaxErr       Wt(A-DIIS)
<Jan21-2022> <01:53:44>      1      0.12049845      0.02037213
<Jan21-2022> <01:54:18>      2      0.01078423      0.00082588    100.0
<Jan21-2022> <01:54:52>      3      0.01367697      0.00100522    100.0
<Jan21-2022> <01:55:25>      4      0.00590395      0.00052048      0.0
<Jan21-2022> <01:55:59>      5      0.00265936      0.00031174      0.0
<Jan21-2022> <01:56:32>      6      0.00127131      0.00014335      0.0
<Jan21-2022> <01:57:06>      7      0.00047271      0.00005242      0.0
<Jan21-2022> <01:57:39>      8      0.00034046      0.00003402      0.0
<Jan21-2022> <01:58:13>      9      0.00012825      0.00002026      0.0
<Jan21-2022> <01:58:46>     10      0.00007526      0.00001073      0.0
<Jan21-2022> <01:59:20>     11      0.00001591      0.00000109      0.0
<Jan21-2022> <01:59:54>     12      0.00000687      0.00000040      0.0
<Jan21-2022> <02:00:03>  SCF converged
<Jan21-2022> <02:00:28>     13      0.00000274      0.00000023      0.0
<Jan21-2022> <02:00:37>  >>>> TOTEN
<Jan21-2022> <02:01:14>  >>>> POPAN
<Jan21-2022> <02:01:14>  >>>> DEBYE
<Jan21-2022> <02:01:14>  >>>> ENGRAD
<Jan21-2022> <02:02:06>  current energy                               -2.37132784 Hartree
<Jan21-2022> <02:02:06>  energy change                      -0.00052667     0.00012000    F
<Jan21-2022> <02:02:06>  constrained gradient max            0.01593664     0.00100000    F
<Jan21-2022> <02:02:06>  constrained gradient rms            0.00383135     0.00066667    F
<Jan21-2022> <02:02:06>  gradient max                        0.01593664
<Jan21-2022> <02:02:06>  gradient rms                        0.00383135
<Jan21-2022> <02:02:06>  cart. step max                      0.08559477     0.01000000    F
<Jan21-2022> <02:02:06>  cart. step rms                      0.02496651     0.00666667    F
<Jan21-2022> <02:02:06>  Iteration 8
<Jan21-2022> <02:02:06>  *** GOStep8 ***
<Jan21-2022> <02:02:06>  >>>> FRAGM
<Jan21-2022> <02:02:06>  Coordinates
<Jan21-2022> <02:02:06>     Atom         X           Y           Z   (Angstrom)
<Jan21-2022> <02:02:06>     1.C         0.897269   -0.237469    0.858408
<Jan21-2022> <02:02:06>     2.C         0.890500   -0.276156   -0.488778
<Jan21-2022> <02:02:06>     3.C        -1.541639   -0.384680   -1.267025
<Jan21-2022> <02:02:06>     4.H         1.026487   -1.161385    1.413397
<Jan21-2022> <02:02:06>     5.C         0.683610    0.958573    1.653008
<Jan21-2022> <02:02:06>     6.H        -1.760578   -1.317875   -0.762390
<Jan21-2022> <02:02:06>     7.H         0.910786    0.578822   -1.155768
<Jan21-2022> <02:02:06>     8.H        -1.302135   -0.413688   -2.323624
<Jan21-2022> <02:02:06>     9.H        -1.910598    0.539330   -0.837895
<Jan21-2022> <02:02:06>    10.O         0.607589    1.045958    2.844736
<Jan21-2022> <02:02:06>    11.F         1.078373   -1.438850   -1.127935
<Jan21-2022> <02:02:06>    12.F         0.462096    2.079451    0.864966
<Jan21-2022> <02:02:06>  >>>> CORORT
<Jan21-2022> <02:02:06>  >>>> CLSMAT
<Jan21-2022> <02:02:06>  >>>> ORTHON
<Jan21-2022> <02:02:06>  >>>> GENPT
<Jan21-2022> <02:02:06>  Block Length= 128
<Jan21-2022> <02:02:07>  >>>> PTBAS
<Jan21-2022> <02:02:19>  >>>> CYCLE
<Jan21-2022> <02:02:33>  using orbital data from restart file
<Jan21-2022> <02:02:58>              |Error|         MaxErr       Wt(A-DIIS)
<Jan21-2022> <02:02:58>      1      0.15379070      0.02900848
<Jan21-2022> <02:03:32>      2      0.01952693      0.00188264    100.0
<Jan21-2022> <02:04:06>      3      0.02996592      0.00254736    100.0
<Jan21-2022> <02:04:40>      4      0.00758016      0.00068816      0.0
<Jan21-2022> <02:05:14>      5      0.00192655      0.00019210      0.0
<Jan21-2022> <02:05:47>      6      0.00137463      0.00014938      0.0
<Jan21-2022> <02:06:21>      7      0.00050820      0.00006748      0.0
<Jan21-2022> <02:06:54>      8      0.00011678      0.00000982      0.0
<Jan21-2022> <02:07:28>      9      0.00004986      0.00000451      0.0
<Jan21-2022> <02:08:02>     10      0.00002069      0.00000187      0.0
<Jan21-2022> <02:08:36>     11      0.00000601      0.00000053      0.0
<Jan21-2022> <02:08:45>  SCF converged
<Jan21-2022> <02:09:10>     12      0.00000166      0.00000013      0.0
<Jan21-2022> <02:09:19>  >>>> TOTEN
<Jan21-2022> <02:09:56>  >>>> POPAN
<Jan21-2022> <02:09:56>  >>>> DEBYE
<Jan21-2022> <02:09:56>  >>>> ENGRAD
<Jan21-2022> <02:10:48>  current energy                               -2.37116378 Hartree
<Jan21-2022> <02:10:48>  energy change                       0.00016406     0.00012000    F
<Jan21-2022> <02:10:48>  constrained gradient max            0.01549896     0.00100000    F
<Jan21-2022> <02:10:48>  constrained gradient rms            0.00454841     0.00066667    F
<Jan21-2022> <02:10:48>  gradient max                        0.01549896
<Jan21-2022> <02:10:48>  gradient rms                        0.00454841
<Jan21-2022> <02:10:48>  cart. step max                      0.04826685     0.01000000    F
<Jan21-2022> <02:10:48>  cart. step rms                      0.01750214     0.00666667    F
<Jan21-2022> <02:10:48>  Iteration 9
<Jan21-2022> <02:10:49>  *** GOStep9 ***
<Jan21-2022> <02:10:49>  >>>> FRAGM
<Jan21-2022> <02:10:49>  Coordinates
<Jan21-2022> <02:10:49>     Atom         X           Y           Z   (Angstrom)
<Jan21-2022> <02:10:49>     1.C         0.878504   -0.237878    0.863423
<Jan21-2022> <02:10:49>     2.C         0.867051   -0.268958   -0.485611
<Jan21-2022> <02:10:49>     3.C        -1.537529   -0.401351   -1.273776
<Jan21-2022> <02:10:49>     4.H         0.978220   -1.162704    1.422563
<Jan21-2022> <02:10:49>     5.C         0.703763    0.966813    1.655496
<Jan21-2022> <02:10:49>     6.H        -1.751437   -1.348269   -0.793043
<Jan21-2022> <02:10:49>     7.H         0.909322    0.593573   -1.141786
<Jan21-2022> <02:10:49>     8.H        -1.294659   -0.401286   -2.330001
<Jan21-2022> <02:10:49>     9.H        -1.921744    0.507307   -0.825457
<Jan21-2022> <02:10:49>    10.O         0.642040    1.059865    2.847548
<Jan21-2022> <02:10:49>    11.F         1.072738   -1.424851   -1.134697
<Jan21-2022> <02:10:49>    12.F         0.495491    2.089769    0.866439
<Jan21-2022> <02:10:49>  >>>> CORORT
<Jan21-2022> <02:10:49>  >>>> CLSMAT
<Jan21-2022> <02:10:49>  >>>> ORTHON
<Jan21-2022> <02:10:49>  >>>> GENPT
<Jan21-2022> <02:10:49>  Block Length= 128
<Jan21-2022> <02:10:50>  >>>> PTBAS
<Jan21-2022> <02:11:02>  >>>> CYCLE
<Jan21-2022> <02:11:16>  using orbital data from restart file
<Jan21-2022> <02:11:40>              |Error|         MaxErr       Wt(A-DIIS)
<Jan21-2022> <02:11:40>      1      0.07649895      0.01122583
<Jan21-2022> <02:12:14>      2      0.00763089      0.00054173    100.0
<Jan21-2022> <02:12:48>      3      0.00863771      0.00069202    100.0
<Jan21-2022> <02:13:22>      4      0.00499327      0.00060426      0.0
<Jan21-2022> <02:13:56>      5      0.00165139      0.00019634      0.0
<Jan21-2022> <02:14:29>      6      0.00061725      0.00007697      0.0
<Jan21-2022> <02:15:03>      7      0.00020170      0.00002734      0.0
<Jan21-2022> <02:15:37>      8      0.00012935      0.00001223      0.0
<Jan21-2022> <02:16:11>      9      0.00005226      0.00000703      0.0
<Jan21-2022> <02:16:45>     10      0.00003835      0.00000511      0.0
<Jan21-2022> <02:17:19>     11      0.00001458      0.00000180      0.0
<Jan21-2022> <02:17:52>     12      0.00000404      0.00000031      0.0
<Jan21-2022> <02:18:02>  SCF converged
<Jan21-2022> <02:18:27>     13      0.00000113      0.00000007      0.0
<Jan21-2022> <02:18:36>  >>>> TOTEN
<Jan21-2022> <02:19:13>  >>>> POPAN
<Jan21-2022> <02:19:13>  >>>> DEBYE
<Jan21-2022> <02:19:13>  >>>> ENGRAD
<Jan21-2022> <02:20:04>  current energy                               -2.37099775 Hartree
<Jan21-2022> <02:20:04>  energy change                       0.00016603     0.00012000    F
<Jan21-2022> <02:20:04>  constrained gradient max            0.01640925     0.00100000    F
<Jan21-2022> <02:20:04>  constrained gradient rms            0.00469720     0.00066667    F
<Jan21-2022> <02:20:04>  gradient max                        0.01640925
<Jan21-2022> <02:20:04>  gradient rms                        0.00469720
<Jan21-2022> <02:20:04>  cart. step max                      0.04202328     0.01000000    F
<Jan21-2022> <02:20:04>  cart. step rms                      0.01578438     0.00666667    F
<Jan21-2022> <02:20:04>  Iteration 10
<Jan21-2022> <02:20:05>  *** GOStep10 ***
<Jan21-2022> <02:20:05>  >>>> FRAGM
<Jan21-2022> <02:20:05>  Coordinates
<Jan21-2022> <02:20:05>     Atom         X           Y           Z   (Angstrom)
<Jan21-2022> <02:20:05>     1.C         0.889681   -0.240638    0.861568
<Jan21-2022> <02:20:05>     2.C         0.864149   -0.276193   -0.487981
<Jan21-2022> <02:20:05>     3.C        -1.532061   -0.387113   -1.270754
<Jan21-2022> <02:20:05>     4.H         1.020244   -1.163568    1.417718
<Jan21-2022> <02:20:05>     5.C         0.689265    0.958500    1.655030
<Jan21-2022> <02:20:05>     6.H        -1.758644   -1.317217   -0.763746
<Jan21-2022> <02:20:05>     7.H         0.887015    0.583756   -1.148279
<Jan21-2022> <02:20:05>     8.H        -1.290990   -0.421243   -2.326864
<Jan21-2022> <02:20:05>     9.H        -1.902119    0.539498   -0.848163
<Jan21-2022> <02:20:05>    10.O         0.629763    1.050065    2.847245
<Jan21-2022> <02:20:05>    11.F         1.082486   -1.432917   -1.131975
<Jan21-2022> <02:20:05>    12.F         0.462972    2.079100    0.867300
<Jan21-2022> <02:20:05>  >>>> CORORT
<Jan21-2022> <02:20:05>  >>>> CLSMAT
<Jan21-2022> <02:20:05>  >>>> ORTHON
<Jan21-2022> <02:20:05>  >>>> GENPT
<Jan21-2022> <02:20:05>  Block Length= 128
<Jan21-2022> <02:20:06>  >>>> PTBAS
<Jan21-2022> <02:20:18>  >>>> CYCLE
<Jan21-2022> <02:20:32>  using orbital data from restart file
<Jan21-2022> <02:20:57>              |Error|         MaxErr       Wt(A-DIIS)
<Jan21-2022> <02:20:57>      1      0.05793320      0.00775097
<Jan21-2022> <02:21:31>      2      0.00509435      0.00047422    100.0
<Jan21-2022> <02:22:04>      3      0.00455772      0.00036488    100.0
<Jan21-2022> <02:22:38>      4      0.00542309      0.00054933      0.0
<Jan21-2022> <02:23:12>      5      0.00057769      0.00007062      0.0
<Jan21-2022> <02:23:46>      6      0.00042460      0.00004394      0.0
<Jan21-2022> <02:24:20>      7      0.00018643      0.00001899      0.0
<Jan21-2022> <02:24:53>      8      0.00009362      0.00001318      0.0
<Jan21-2022> <02:25:27>      9      0.00004037      0.00000589      0.0
<Jan21-2022> <02:26:00>     10      0.00001233      0.00000164      0.0
<Jan21-2022> <02:26:34>     11      0.00000734      0.00000053      0.0
<Jan21-2022> <02:26:44>  SCF converged
<Jan21-2022> <02:27:09>     12      0.00000238      0.00000017      0.0
<Jan21-2022> <02:27:18>  >>>> TOTEN
<Jan21-2022> <02:27:55>  >>>> POPAN
<Jan21-2022> <02:27:55>  >>>> DEBYE
<Jan21-2022> <02:27:55>  >>>> ENGRAD
<Jan21-2022> <02:28:47>  current energy                               -2.37104772 Hartree
<Jan21-2022> <02:28:47>  energy change                      -0.00004997     0.00012000    T
<Jan21-2022> <02:28:47>  constrained gradient max            0.01372077     0.00100000    F
<Jan21-2022> <02:28:47>  constrained gradient rms            0.00420987     0.00066667    F
<Jan21-2022> <02:28:47>  gradient max                        0.01372077
<Jan21-2022> <02:28:47>  gradient rms                        0.00420987
<Jan21-2022> <02:28:47>  cart. step max                      0.04529006     0.01000000    F
<Jan21-2022> <02:28:47>  cart. step rms                      0.01669745     0.00666667    F
<Jan21-2022> <02:28:47>  Iteration 11
<Jan21-2022> <02:28:47>  *** GOStep11 ***
<Jan21-2022> <02:28:47>  >>>> FRAGM
<Jan21-2022> <02:28:47>  Coordinates
<Jan21-2022> <02:28:47>     Atom         X           Y           Z   (Angstrom)
<Jan21-2022> <02:28:47>     1.C         0.890798   -0.246392    0.863427
<Jan21-2022> <02:28:47>     2.C         0.832150   -0.289637   -0.488335
<Jan21-2022> <02:28:47>     3.C        -1.512796   -0.372575   -1.269109
<Jan21-2022> <02:28:47>     4.H         1.053232   -1.163421    1.420964
<Jan21-2022> <02:28:47>     5.C         0.678220    0.952601    1.652476
<Jan21-2022> <02:28:47>     6.H        -1.757244   -1.296338   -0.758770
<Jan21-2022> <02:28:47>     7.H         0.845769    0.569520   -1.149728
<Jan21-2022> <02:28:47>     8.H        -1.269193   -0.416891   -2.324306
<Jan21-2022> <02:28:47>     9.H        -1.877622    0.560526   -0.856404
<Jan21-2022> <02:28:47>    10.O         0.650230    1.054358    2.845526
<Jan21-2022> <02:28:47>    11.F         1.090534   -1.443850   -1.126138
<Jan21-2022> <02:28:47>    12.F         0.417682    2.064129    0.861497
<Jan21-2022> <02:28:47>  >>>> CORORT
<Jan21-2022> <02:28:47>  >>>> CLSMAT
<Jan21-2022> <02:28:47>  >>>> ORTHON
<Jan21-2022> <02:28:47>  >>>> GENPT
<Jan21-2022> <02:28:48>  Block Length= 128
<Jan21-2022> <02:28:48>  >>>> PTBAS
<Jan21-2022> <02:29:00>  >>>> CYCLE
<Jan21-2022> <02:29:14>  using orbital data from restart file
<Jan21-2022> <02:29:39>              |Error|         MaxErr       Wt(A-DIIS)
<Jan21-2022> <02:29:39>      1      0.12463508      0.02055384
<Jan21-2022> <02:30:13>      2      0.01185416      0.00076130    100.0
<Jan21-2022> <02:30:47>      3      0.01824884      0.00123828    100.0
<Jan21-2022> <02:31:20>      4      0.00386655      0.00044706      0.0
<Jan21-2022> <02:31:54>      5      0.00271616      0.00036216      0.0
<Jan21-2022> <02:32:28>      6      0.00099557      0.00012654      0.0
<Jan21-2022> <02:33:02>      7      0.00077078      0.00010653      0.0
<Jan21-2022> <02:33:35>      8      0.00045477      0.00006411      0.0
<Jan21-2022> <02:34:09>      9      0.00012419      0.00001683      0.0
<Jan21-2022> <02:34:43>     10      0.00007928      0.00001034      0.0
<Jan21-2022> <02:35:17>     11      0.00002242      0.00000175      0.0
<Jan21-2022> <02:35:51>     12      0.00000920      0.00000059      0.0
<Jan21-2022> <02:36:00>  SCF converged
<Jan21-2022> <02:36:25>     13      0.00000403      0.00000028      0.0
<Jan21-2022> <02:36:34>  >>>> TOTEN
<Jan21-2022> <02:37:11>  >>>> POPAN
<Jan21-2022> <02:37:11>  >>>> DEBYE
<Jan21-2022> <02:37:11>  >>>> ENGRAD
<Jan21-2022> <02:38:03>  current energy                               -2.37077211 Hartree
<Jan21-2022> <02:38:03>  energy change                       0.00027562     0.00012000    F
<Jan21-2022> <02:38:03>  constrained gradient max            0.01038832     0.00100000    F
<Jan21-2022> <02:38:03>  constrained gradient rms            0.00341229     0.00066667    F
<Jan21-2022> <02:38:03>  gradient max                        0.01038832
<Jan21-2022> <02:38:03>  gradient rms                        0.00341229
<Jan21-2022> <02:38:03>  cart. step max                      0.04168674     0.01000000    F
<Jan21-2022> <02:38:03>  cart. step rms                      0.01593157     0.00666667    F
<Jan21-2022> <02:38:03>  Iteration 12
<Jan21-2022> <02:38:04>  *** GOStep12 ***
<Jan21-2022> <02:38:04>  >>>> FRAGM
<Jan21-2022> <02:38:04>  Coordinates
<Jan21-2022> <02:38:04>     Atom         X           Y           Z   (Angstrom)
<Jan21-2022> <02:38:04>     1.C         0.883946   -0.251558    0.866506
<Jan21-2022> <02:38:04>     2.C         0.797491   -0.303758   -0.487536
<Jan21-2022> <02:38:04>     3.C        -1.492242   -0.362512   -1.267234
<Jan21-2022> <02:38:04>     4.H         1.067794   -1.161902    1.428201
<Jan21-2022> <02:38:04>     5.C         0.672465    0.951432    1.648346
<Jan21-2022> <02:38:04>     6.H        -1.750725   -1.293072   -0.776402
<Jan21-2022> <02:38:04>     7.H         0.815608    0.555066   -1.149179
<Jan21-2022> <02:38:04>     8.H        -1.243743   -0.390400   -2.321904
<Jan21-2022> <02:38:04>     9.H        -1.861711    0.564287   -0.844479
<Jan21-2022> <02:38:04>    10.O         0.684510    1.068451    2.840606
<Jan21-2022> <02:38:04>    11.F         1.092372   -1.455497   -1.118840
<Jan21-2022> <02:38:04>    12.F         0.375995    2.051494    0.853012
<Jan21-2022> <02:38:04>  >>>> CORORT
<Jan21-2022> <02:38:04>  >>>> CLSMAT
<Jan21-2022> <02:38:04>  >>>> ORTHON
<Jan21-2022> <02:38:04>  >>>> GENPT
<Jan21-2022> <02:38:04>  Block Length= 128
<Jan21-2022> <02:38:05>  >>>> PTBAS
<Jan21-2022> <02:38:17>  >>>> CYCLE
<Jan21-2022> <02:38:31>  using orbital data from restart file
<Jan21-2022> <02:38:56>              |Error|         MaxErr       Wt(A-DIIS)
<Jan21-2022> <02:38:56>      1      0.13721759      0.02647327
<Jan21-2022> <02:39:30>      2      0.01279732      0.00090216    100.0
<Jan21-2022> <02:40:04>      3      0.02110417      0.00147642    100.0
<Jan21-2022> <02:40:38>      4      0.00436907      0.00048356      0.0
<Jan21-2022> <02:41:11>      5      0.00332662      0.00040819      0.0
<Jan21-2022> <02:41:46>      6      0.00147671      0.00018215      0.0
<Jan21-2022> <02:42:19>      7      0.00095935      0.00012589      0.0
<Jan21-2022> <02:42:53>      8      0.00046001      0.00005622      0.0
<Jan21-2022> <02:43:27>      9      0.00012944      0.00001423      0.0
<Jan21-2022> <02:44:02>     10      0.00008024      0.00000880      0.0
<Jan21-2022> <02:44:36>     11      0.00002964      0.00000293      0.0
<Jan21-2022> <02:45:10>     12      0.00001223      0.00000102      0.0
<Jan21-2022> <02:45:44>     13      0.00000465      0.00000034      0.0
<Jan21-2022> <02:45:53>  SCF converged
<Jan21-2022> <02:46:18>     14      0.00000123      0.00000009      0.0
<Jan21-2022> <02:46:27>  >>>> TOTEN
<Jan21-2022> <02:47:05>  >>>> POPAN
<Jan21-2022> <02:47:05>  >>>> DEBYE
<Jan21-2022> <02:47:05>  >>>> ENGRAD
<Jan21-2022> <02:47:57>  current energy                               -2.37042245 Hartree
<Jan21-2022> <02:47:57>  energy change                       0.00034965     0.00012000    F
<Jan21-2022> <02:47:57>  constrained gradient max            0.00974736     0.00100000    F
<Jan21-2022> <02:47:57>  constrained gradient rms            0.00283659     0.00066667    F
<Jan21-2022> <02:47:57>  gradient max                        0.00974736
<Jan21-2022> <02:47:57>  gradient rms                        0.00283659
<Jan21-2022> <02:47:57>  cart. step max                      0.03456386     0.01000000    F
<Jan21-2022> <02:47:57>  cart. step rms                      0.01321276     0.00666667    F
<Jan21-2022> <02:47:57>  Iteration 13
<Jan21-2022> <02:47:58>  *** GOStep13 ***
<Jan21-2022> <02:47:58>  >>>> FRAGM
<Jan21-2022> <02:47:58>  Coordinates
<Jan21-2022> <02:47:58>     Atom         X           Y           Z   (Angstrom)
<Jan21-2022> <02:47:58>     1.C         0.871121   -0.252670    0.869125
<Jan21-2022> <02:47:58>     2.C         0.775019   -0.310563   -0.487167
<Jan21-2022> <02:47:58>     3.C        -1.480148   -0.363460   -1.265576
<Jan21-2022> <02:47:58>     4.H         1.055252   -1.159961    1.435483
<Jan21-2022> <02:47:58>     5.C         0.673322    0.955919    1.645214
<Jan21-2022> <02:47:58>     6.H        -1.740466   -1.310600   -0.808390
<Jan21-2022> <02:47:58>     7.H         0.809406    0.548988   -1.147448
<Jan21-2022> <02:47:58>     8.H        -1.227794   -0.355837   -2.319707
<Jan21-2022> <02:47:58>     9.H        -1.863552    0.546034   -0.818248
<Jan21-2022> <02:47:58>    10.O         0.712236    1.083606    2.836108
<Jan21-2022> <02:47:58>    11.F         1.087613   -1.461540   -1.114912
<Jan21-2022> <02:47:58>    12.F         0.369751    2.052114    0.846618
<Jan21-2022> <02:47:58>  >>>> CORORT
<Jan21-2022> <02:47:58>  >>>> CLSMAT
<Jan21-2022> <02:47:58>  >>>> ORTHON
<Jan21-2022> <02:47:58>  >>>> GENPT
<Jan21-2022> <02:47:58>  Block Length= 128
<Jan21-2022> <02:47:59>  >>>> PTBAS
<Jan21-2022> <02:48:11>  >>>> CYCLE
<Jan21-2022> <02:48:26>  using orbital data from restart file
<Jan21-2022> <02:48:50>              |Error|         MaxErr       Wt(A-DIIS)
<Jan21-2022> <02:48:51>      1      0.08498593      0.01773410
<Jan21-2022> <02:49:25>      2      0.00736286      0.00048560    100.0
<Jan21-2022> <02:49:59>      3      0.01078153      0.00079097    100.0
<Jan21-2022> <02:50:34>      4      0.00231083      0.00015387      0.0
<Jan21-2022> <02:51:08>      5      0.00134693      0.00013059      0.0
<Jan21-2022> <02:51:42>      6      0.00103417      0.00011451      0.0
<Jan21-2022> <02:52:16>      7      0.00032890      0.00003867      0.0
<Jan21-2022> <02:52:50>      8      0.00021720      0.00002547      0.0
<Jan21-2022> <02:53:24>      9      0.00011062      0.00001288      0.0
<Jan21-2022> <02:53:58>     10      0.00005436      0.00000611      0.0
<Jan21-2022> <02:54:32>     11      0.00002157      0.00000174      0.0
<Jan21-2022> <02:55:07>     12      0.00000569      0.00000037      0.0
<Jan21-2022> <02:55:16>  SCF converged
<Jan21-2022> <02:55:41>     13      0.00000286      0.00000021      0.0
<Jan21-2022> <02:55:50>  >>>> TOTEN
<Jan21-2022> <02:56:28>  >>>> POPAN
<Jan21-2022> <02:56:28>  >>>> DEBYE
<Jan21-2022> <02:56:28>  >>>> ENGRAD
<Jan21-2022> <02:57:20>  current energy                               -2.37029531 Hartree
<Jan21-2022> <02:57:20>  energy change                       0.00012714     0.00012000    F
<Jan21-2022> <02:57:20>  constrained gradient max            0.00844638     0.00100000    F
<Jan21-2022> <02:57:20>  constrained gradient rms            0.00256577     0.00066667    F
<Jan21-2022> <02:57:20>  gradient max                        0.00844638
<Jan21-2022> <02:57:20>  gradient rms                        0.00256577
<Jan21-2022> <02:57:20>  cart. step max                      0.03279031     0.01000000    F
<Jan21-2022> <02:57:20>  cart. step rms                      0.01296098     0.00666667    F
<Jan21-2022> <02:57:20>  Iteration 14
<Jan21-2022> <02:57:21>  *** GOStep14 ***
<Jan21-2022> <02:57:21>  >>>> FRAGM
<Jan21-2022> <02:57:21>  Coordinates
<Jan21-2022> <02:57:21>     Atom         X           Y           Z   (Angstrom)
<Jan21-2022> <02:57:21>     1.C         0.854811   -0.252748    0.870403
<Jan21-2022> <02:57:21>     2.C         0.757099   -0.315031   -0.489217
<Jan21-2022> <02:57:21>     3.C        -1.468458   -0.366342   -1.260929
<Jan21-2022> <02:57:21>     4.H         1.035112   -1.158187    1.440812
<Jan21-2022> <02:57:21>     5.C         0.671661    0.960336    1.641758
<Jan21-2022> <02:57:21>     6.H        -1.728642   -1.329772   -0.838650
<Jan21-2022> <02:57:21>     7.H         0.809998    0.546022   -1.146717
<Jan21-2022> <02:57:21>     8.H        -1.216065   -0.323046   -2.314277
<Jan21-2022> <02:57:21>     9.H        -1.868566    0.523966   -0.790072
<Jan21-2022> <02:57:21>    10.O         0.734946    1.096107    2.830549
<Jan21-2022> <02:57:21>    11.F         1.085205   -1.465778   -1.112774
<Jan21-2022> <02:57:21>    12.F         0.374660    2.056503    0.840212
<Jan21-2022> <02:57:21>  >>>> CORORT
<Jan21-2022> <02:57:21>  >>>> CLSMAT
<Jan21-2022> <02:57:21>  >>>> ORTHON
<Jan21-2022> <02:57:21>  >>>> GENPT
<Jan21-2022> <02:57:21>  Block Length= 128
<Jan21-2022> <02:57:22>  >>>> PTBAS
<Jan21-2022> <02:57:34>  >>>> CYCLE
<Jan21-2022> <02:57:49>  using orbital data from restart file
<Jan21-2022> <02:58:13>              |Error|         MaxErr       Wt(A-DIIS)
<Jan21-2022> <02:58:13>      1      0.07695915      0.01577849
<Jan21-2022> <02:58:48>      2      0.00752418      0.00050309    100.0
<Jan21-2022> <02:59:22>      3      0.01005340      0.00073614    100.0
<Jan21-2022> <02:59:56>      4      0.00374760      0.00036618      0.0
<Jan21-2022> <03:00:30>      5      0.00188422      0.00025036      0.0
<Jan21-2022> <03:01:04>      6      0.00134583      0.00013790      0.0
<Jan21-2022> <03:01:39>      7      0.00025735      0.00003157      0.0
<Jan21-2022> <03:02:12>      8      0.00017239      0.00002052      0.0
<Jan21-2022> <03:02:46>      9      0.00008396      0.00000936      0.0
<Jan21-2022> <03:03:20>     10      0.00004114      0.00000390      0.0
<Jan21-2022> <03:03:54>     11      0.00002317      0.00000187      0.0
<Jan21-2022> <03:04:29>     12      0.00000456      0.00000031      0.0
<Jan21-2022> <03:04:38>  SCF converged
<Jan21-2022> <03:05:02>     13      0.00000187      0.00000012      0.0
<Jan21-2022> <03:05:12>  >>>> TOTEN
<Jan21-2022> <03:05:49>  >>>> POPAN
<Jan21-2022> <03:05:49>  >>>> DEBYE
<Jan21-2022> <03:05:49>  >>>> ENGRAD
<Jan21-2022> <03:06:41>  current energy                               -2.37034944 Hartree
<Jan21-2022> <03:06:41>  energy change                      -0.00005413     0.00012000    T
<Jan21-2022> <03:06:41>  constrained gradient max            0.00652536     0.00100000    F
<Jan21-2022> <03:06:41>  constrained gradient rms            0.00225456     0.00066667    F
<Jan21-2022> <03:06:41>  gradient max                        0.00652536
<Jan21-2022> <03:06:41>  gradient rms                        0.00225456
<Jan21-2022> <03:06:41>  cart. step max                      0.04849065     0.01000000    F
<Jan21-2022> <03:06:41>  cart. step rms                      0.01520316     0.00666667    F
<Jan21-2022> <03:06:41>  Iteration 15
<Jan21-2022> <03:06:42>  *** GOStep15 ***
<Jan21-2022> <03:06:42>  >>>> FRAGM
<Jan21-2022> <03:06:42>  Coordinates
<Jan21-2022> <03:06:42>     Atom         X           Y           Z   (Angstrom)
<Jan21-2022> <03:06:42>     1.C         0.843218   -0.248872    0.868452
<Jan21-2022> <03:06:42>     2.C         0.772823   -0.305903   -0.492633
<Jan21-2022> <03:06:42>     3.C        -1.475449   -0.377979   -1.256608
<Jan21-2022> <03:06:42>     4.H         0.997066   -1.159098    1.439041
<Jan21-2022> <03:06:42>     5.C         0.671905    0.965131    1.640856
<Jan21-2022> <03:06:42>     6.H        -1.720140   -1.352875   -0.851416
<Jan21-2022> <03:06:42>     7.H         0.835882    0.557068   -1.147134
<Jan21-2022> <03:06:42>     8.H        -1.229342   -0.312774   -2.310424
<Jan21-2022> <03:06:42>     9.H        -1.889378    0.497528   -0.770065
<Jan21-2022> <03:06:42>    10.O         0.725769    1.096329    2.830275
<Jan21-2022> <03:06:42>    11.F         1.086256   -1.458601   -1.117481
<Jan21-2022> <03:06:42>    12.F         0.423150    2.072077    0.838236
<Jan21-2022> <03:06:42>  >>>> CORORT
<Jan21-2022> <03:06:42>  >>>> CLSMAT
<Jan21-2022> <03:06:42>  >>>> ORTHON
<Jan21-2022> <03:06:42>  >>>> GENPT
<Jan21-2022> <03:06:42>  Block Length= 128
<Jan21-2022> <03:06:43>  >>>> PTBAS
<Jan21-2022> <03:06:55>  >>>> CYCLE
<Jan21-2022> <03:07:10>  using orbital data from restart file
<Jan21-2022> <03:07:34>              |Error|         MaxErr       Wt(A-DIIS)
<Jan21-2022> <03:07:34>      1      0.08934760      0.01943178
<Jan21-2022> <03:08:08>      2      0.00955149      0.00074551    100.0
<Jan21-2022> <03:08:42>      3      0.01567839      0.00113428    100.0
<Jan21-2022> <03:09:16>      4      0.00427886      0.00048308      0.0
<Jan21-2022> <03:09:50>      5      0.00276880      0.00026864      0.0
<Jan21-2022> <03:10:24>      6      0.00055492      0.00006087      0.0
<Jan21-2022> <03:10:58>      7      0.00028488      0.00003327      0.0
<Jan21-2022> <03:11:32>      8      0.00021213      0.00002702      0.0
<Jan21-2022> <03:12:06>      9      0.00007849      0.00000774      0.0
<Jan21-2022> <03:12:39>     10      0.00003494      0.00000263      0.0
<Jan21-2022> <03:13:13>     11      0.00001246      0.00000115      0.0
<Jan21-2022> <03:13:47>     12      0.00000769      0.00000068      0.0
<Jan21-2022> <03:13:57>  SCF converged
<Jan21-2022> <03:14:22>     13      0.00000306      0.00000023      0.0
<Jan21-2022> <03:14:31>  >>>> TOTEN
<Jan21-2022> <03:15:08>  >>>> POPAN
<Jan21-2022> <03:15:08>  >>>> DEBYE
<Jan21-2022> <03:15:08>  >>>> ENGRAD
<Jan21-2022> <03:16:00>  current energy                               -2.37053305 Hartree
<Jan21-2022> <03:16:00>  energy change                      -0.00018361     0.00012000    F
<Jan21-2022> <03:16:00>  constrained gradient max            0.00517365     0.00100000    F
<Jan21-2022> <03:16:00>  constrained gradient rms            0.00176985     0.00066667    F
<Jan21-2022> <03:16:00>  gradient max                        0.00517365
<Jan21-2022> <03:16:00>  gradient rms                        0.00176985
<Jan21-2022> <03:16:00>  cart. step max                      0.03851500     0.01000000    F
<Jan21-2022> <03:16:00>  cart. step rms                      0.01445649     0.00666667    F
<Jan21-2022> <03:16:00>  Iteration 16
<Jan21-2022> <03:16:01>  *** GOStep16 ***
<Jan21-2022> <03:16:01>  >>>> FRAGM
<Jan21-2022> <03:16:01>  Coordinates
<Jan21-2022> <03:16:01>     Atom         X           Y           Z   (Angstrom)
<Jan21-2022> <03:16:01>     1.C         0.833511   -0.249342    0.862910
<Jan21-2022> <03:16:01>     2.C         0.784638   -0.305739   -0.498959
<Jan21-2022> <03:16:01>     3.C        -1.471715   -0.378279   -1.241441
<Jan21-2022> <03:16:01>     4.H         0.964434   -1.161369    1.436445
<Jan21-2022> <03:16:01>     5.C         0.669886    0.967974    1.630297
<Jan21-2022> <03:16:01>     6.H        -1.702479   -1.368051   -0.864693
<Jan21-2022> <03:16:01>     7.H         0.851932    0.556559   -1.153948
<Jan21-2022> <03:16:01>     8.H        -1.235107   -0.280439   -2.295203
<Jan21-2022> <03:16:01>     9.H        -1.900860    0.476475   -0.731550
<Jan21-2022> <03:16:01>    10.O         0.705964    1.099788    2.820306
<Jan21-2022> <03:16:01>    11.F         1.095642   -1.462044   -1.115850
<Jan21-2022> <03:16:01>    12.F         0.445914    2.076498    0.822784
<Jan21-2022> <03:16:01>  >>>> CORORT
<Jan21-2022> <03:16:01>  >>>> CLSMAT
<Jan21-2022> <03:16:01>  >>>> ORTHON
<Jan21-2022> <03:16:01>  >>>> GENPT
<Jan21-2022> <03:16:01>  Block Length= 128
<Jan21-2022> <03:16:02>  >>>> PTBAS
<Jan21-2022> <03:16:14>  >>>> CYCLE
<Jan21-2022> <03:16:28>  using orbital data from restart file
<Jan21-2022> <03:16:53>              |Error|         MaxErr       Wt(A-DIIS)
<Jan21-2022> <03:16:53>      1      0.07098802      0.01172078
<Jan21-2022> <03:17:28>      2      0.00599950      0.00040643    100.0
<Jan21-2022> <03:18:01>      3      0.00886696      0.00070160    100.0
<Jan21-2022> <03:18:35>      4      0.00210739      0.00024341      0.0
<Jan21-2022> <03:19:09>      5      0.00175410      0.00019976      0.0
<Jan21-2022> <03:19:43>      6      0.00037735      0.00003828      0.0
<Jan21-2022> <03:20:17>      7      0.00012429      0.00001098      0.0
<Jan21-2022> <03:20:51>      8      0.00006586      0.00000874      0.0
<Jan21-2022> <03:21:25>      9      0.00003337      0.00000366      0.0
<Jan21-2022> <03:21:59>     10      0.00001230      0.00000083      0.0
<Jan21-2022> <03:22:33>     11      0.00000471      0.00000046      0.0
<Jan21-2022> <03:22:43>  SCF converged
<Jan21-2022> <03:23:08>     12      0.00000271      0.00000022      0.0
<Jan21-2022> <03:23:17>  >>>> TOTEN
<Jan21-2022> <03:23:54>  >>>> POPAN
<Jan21-2022> <03:23:54>  >>>> DEBYE
<Jan21-2022> <03:23:54>  >>>> ENGRAD
<Jan21-2022> <03:24:47>  current energy                               -2.37071333 Hartree
<Jan21-2022> <03:24:47>  energy change                      -0.00018027     0.00012000    F
<Jan21-2022> <03:24:47>  constrained gradient max            0.00404940     0.00100000    F
<Jan21-2022> <03:24:47>  constrained gradient rms            0.00126726     0.00066667    F
<Jan21-2022> <03:24:47>  gradient max                        0.00404940
<Jan21-2022> <03:24:47>  gradient rms                        0.00126726
<Jan21-2022> <03:24:47>  cart. step max                      0.03915881     0.01000000    F
<Jan21-2022> <03:24:47>  cart. step rms                      0.01699777     0.00666667    F
<Jan21-2022> <03:24:47>  Iteration 17
<Jan21-2022> <03:24:47>  *** GOStep17 ***
<Jan21-2022> <03:24:47>  >>>> FRAGM
<Jan21-2022> <03:24:47>  Coordinates
<Jan21-2022> <03:24:47>     Atom         X           Y           Z   (Angstrom)
<Jan21-2022> <03:24:47>     1.C         0.826049   -0.249637    0.855549
<Jan21-2022> <03:24:47>     2.C         0.808728   -0.304534   -0.505341
<Jan21-2022> <03:24:47>     3.C        -1.475278   -0.379071   -1.225021
<Jan21-2022> <03:24:47>     4.H         0.932009   -1.163301    1.431494
<Jan21-2022> <03:24:47>     5.C         0.662621    0.969952    1.619526
<Jan21-2022> <03:24:47>     6.H        -1.684265   -1.381532   -0.869635
<Jan21-2022> <03:24:47>     7.H         0.877527    0.556270   -1.161588
<Jan21-2022> <03:24:47>     8.H        -1.251973   -0.252959   -2.278914
<Jan21-2022> <03:24:47>     9.H        -1.915055    0.456188   -0.692391
<Jan21-2022> <03:24:47>    10.O         0.668372    1.100559    2.810198
<Jan21-2022> <03:24:47>    11.F         1.109319   -1.463302   -1.120411
<Jan21-2022> <03:24:47>    12.F         0.483705    2.083396    0.807633
<Jan21-2022> <03:24:47>  >>>> CORORT
<Jan21-2022> <03:24:47>  >>>> CLSMAT
<Jan21-2022> <03:24:47>  >>>> ORTHON
<Jan21-2022> <03:24:47>  >>>> GENPT
<Jan21-2022> <03:24:47>  Block Length= 128
<Jan21-2022> <03:24:48>  >>>> PTBAS
<Jan21-2022> <03:25:00>  >>>> CYCLE
<Jan21-2022> <03:25:14>  using orbital data from restart file
<Jan21-2022> <03:25:39>              |Error|         MaxErr       Wt(A-DIIS)
<Jan21-2022> <03:25:39>      1      0.11091249      0.02090058
<Jan21-2022> <03:26:13>      2      0.00972829      0.00066213    100.0
<Jan21-2022> <03:26:47>      3      0.01659422      0.00147892    100.0
<Jan21-2022> <03:27:21>      4      0.00310747      0.00033997      0.0
<Jan21-2022> <03:27:56>      5      0.00291970      0.00034226      0.0
<Jan21-2022> <03:28:29>      6      0.00058770      0.00005777      0.0
<Jan21-2022> <03:29:03>      7      0.00024264      0.00002763      0.0
<Jan21-2022> <03:29:37>      8      0.00011642      0.00001378      0.0
<Jan21-2022> <03:30:11>      9      0.00006051      0.00000767      0.0
<Jan21-2022> <03:30:46>     10      0.00003040      0.00000306      0.0
<Jan21-2022> <03:31:20>     11      0.00001602      0.00000166      0.0
<Jan21-2022> <03:31:54>     12      0.00000796      0.00000059      0.0
<Jan21-2022> <03:32:03>  SCF converged
<Jan21-2022> <03:32:28>     13      0.00000252      0.00000014      0.0
<Jan21-2022> <03:32:37>  >>>> TOTEN
<Jan21-2022> <03:33:15>  >>>> POPAN
<Jan21-2022> <03:33:15>  >>>> DEBYE
<Jan21-2022> <03:33:15>  >>>> ENGRAD
<Jan21-2022> <03:34:07>  current energy                               -2.37084542 Hartree
<Jan21-2022> <03:34:07>  energy change                      -0.00013209     0.00012000    F
<Jan21-2022> <03:34:07>  constrained gradient max            0.00405847     0.00100000    F
<Jan21-2022> <03:34:07>  constrained gradient rms            0.00112547     0.00066667    F
<Jan21-2022> <03:34:07>  gradient max                        0.00405847
<Jan21-2022> <03:34:07>  gradient rms                        0.00112547
<Jan21-2022> <03:34:07>  cart. step max                      0.03982104     0.01000000    F
<Jan21-2022> <03:34:07>  cart. step rms                      0.01412949     0.00666667    F
<Jan21-2022> <03:34:07>  Iteration 18
<Jan21-2022> <03:34:07>  *** GOStep18 ***
<Jan21-2022> <03:34:07>  >>>> FRAGM
<Jan21-2022> <03:34:07>  Coordinates
<Jan21-2022> <03:34:07>     Atom         X           Y           Z   (Angstrom)
<Jan21-2022> <03:34:07>     1.C         0.819496   -0.252285    0.848885
<Jan21-2022> <03:34:07>     2.C         0.820018   -0.310989   -0.511223
<Jan21-2022> <03:34:07>     3.C        -1.471955   -0.373241   -1.208141
<Jan21-2022> <03:34:07>     4.H         0.914582   -1.164317    1.429173
<Jan21-2022> <03:34:07>     5.C         0.652889    0.970568    1.606952
<Jan21-2022> <03:34:07>     6.H        -1.665734   -1.386707   -0.876198
<Jan21-2022> <03:34:07>     7.H         0.893566    0.547844   -1.169177
<Jan21-2022> <03:34:07>     8.H        -1.261325   -0.218691   -2.260992
<Jan21-2022> <03:34:07>     9.H        -1.918380    0.443265   -0.652570
<Jan21-2022> <03:34:07>    10.O         0.638365    1.103933    2.797201
<Jan21-2022> <03:34:08>    11.F         1.124796   -1.470579   -1.122115
<Jan21-2022> <03:34:08>    12.F         0.495442    2.083230    0.789304
<Jan21-2022> <03:34:08>  >>>> CORORT
<Jan21-2022> <03:34:08>  >>>> CLSMAT
<Jan21-2022> <03:34:08>  >>>> ORTHON
<Jan21-2022> <03:34:08>  >>>> GENPT
<Jan21-2022> <03:34:08>  Block Length= 128
<Jan21-2022> <03:34:08>  >>>> PTBAS
<Jan21-2022> <03:34:20>  >>>> CYCLE
<Jan21-2022> <03:34:35>  using orbital data from restart file
<Jan21-2022> <03:35:00>              |Error|         MaxErr       Wt(A-DIIS)
<Jan21-2022> <03:35:00>      1      0.06883239      0.01370087
<Jan21-2022> <03:35:34>      2      0.00547410      0.00043058    100.0
<Jan21-2022> <03:36:08>      3      0.01003803      0.00073509    100.0
<Jan21-2022> <03:36:42>      4      0.00215789      0.00016953      0.0
<Jan21-2022> <03:37:16>      5      0.00158420      0.00015818      0.0
<Jan21-2022> <03:37:50>      6      0.00027638      0.00002529      0.0
<Jan21-2022> <03:38:24>      7      0.00015154      0.00001897      0.0
<Jan21-2022> <03:38:59>      8      0.00009086      0.00001131      0.0
<Jan21-2022> <03:39:32>      9      0.00002603      0.00000244      0.0
<Jan21-2022> <03:40:06>     10      0.00001202      0.00000092      0.0
<Jan21-2022> <03:40:40>     11      0.00000553      0.00000043      0.0
<Jan21-2022> <03:40:49>  SCF converged
<Jan21-2022> <03:41:14>     12      0.00000270      0.00000018      0.0
<Jan21-2022> <03:41:24>  >>>> TOTEN
<Jan21-2022> <03:42:01>  >>>> POPAN
<Jan21-2022> <03:42:01>  >>>> DEBYE
<Jan21-2022> <03:42:01>  >>>> ENGRAD
<Jan21-2022> <03:42:53>  current energy                               -2.37090412 Hartree
<Jan21-2022> <03:42:53>  energy change                      -0.00005870     0.00012000    T
<Jan21-2022> <03:42:53>  constrained gradient max            0.00316145     0.00100000    F
<Jan21-2022> <03:42:53>  constrained gradient rms            0.00084877     0.00066667    F
<Jan21-2022> <03:42:53>  gradient max                        0.00316145
<Jan21-2022> <03:42:53>  gradient rms                        0.00084877
<Jan21-2022> <03:42:53>  cart. step max                      0.01492712     0.01000000    F
<Jan21-2022> <03:42:53>  cart. step rms                      0.00533083     0.00666667    T
<Jan21-2022> <03:42:53>  Iteration 19
<Jan21-2022> <03:42:54>  *** GOStep19 ***
<Jan21-2022> <03:42:54>  >>>> FRAGM
<Jan21-2022> <03:42:54>  Coordinates
<Jan21-2022> <03:42:54>     Atom         X           Y           Z   (Angstrom)
<Jan21-2022> <03:42:54>     1.C         0.818216   -0.253822    0.846127
<Jan21-2022> <03:42:54>     2.C         0.823614   -0.314073   -0.513586
<Jan21-2022> <03:42:54>     3.C        -1.471129   -0.370053   -1.202349
<Jan21-2022> <03:42:54>     4.H         0.910915   -1.164710    1.428626
<Jan21-2022> <03:42:54>     5.C         0.647730    0.970120    1.601895
<Jan21-2022> <03:42:54>     6.H        -1.658837   -1.386669   -0.876799
<Jan21-2022> <03:42:54>     7.H         0.899211    0.544101   -1.172220
<Jan21-2022> <03:42:54>     8.H        -1.267101   -0.206448   -2.255125
<Jan21-2022> <03:42:54>     9.H        -1.916439    0.440709   -0.637643
<Jan21-2022> <03:42:54>    10.O         0.625554    1.104619    2.791970
<Jan21-2022> <03:42:54>    11.F         1.132404   -1.474006   -1.121916
<Jan21-2022> <03:42:54>    12.F         0.497622    2.082262    0.782120
<Jan21-2022> <03:42:54>  >>>> CORORT
<Jan21-2022> <03:42:54>  >>>> CLSMAT
<Jan21-2022> <03:42:54>  >>>> ORTHON
<Jan21-2022> <03:42:54>  >>>> GENPT
<Jan21-2022> <03:42:54>  Block Length= 128
<Jan21-2022> <03:42:55>  >>>> PTBAS
<Jan21-2022> <03:43:07>  >>>> CYCLE
<Jan21-2022> <03:43:22>  using orbital data from restart file
<Jan21-2022> <03:43:46>              |Error|         MaxErr       Wt(A-DIIS)
<Jan21-2022> <03:43:46>      1      0.02590535      0.00527646
<Jan21-2022> <03:44:20>      2      0.00178820      0.00018021    100.0
<Jan21-2022> <03:44:54>      3      0.00289242      0.00018657    100.0
<Jan21-2022> <03:45:28>      4      0.00070519      0.00007427      0.0
<Jan21-2022> <03:46:02>      5      0.00058147      0.00005556      0.0
<Jan21-2022> <03:46:36>      6      0.00011332      0.00001007      0.0
<Jan21-2022> <03:47:10>      7      0.00008040      0.00000949      0.0
<Jan21-2022> <03:47:44>      8      0.00003419      0.00000386      0.0
<Jan21-2022> <03:48:18>      9      0.00001052      0.00000094      0.0
<Jan21-2022> <03:48:52>     10      0.00000449      0.00000047      0.0
<Jan21-2022> <03:49:02>  SCF converged
<Jan21-2022> <03:49:27>     11      0.00000255      0.00000017      0.0
<Jan21-2022> <03:49:36>  >>>> TOTEN
<Jan21-2022> <03:50:13>  >>>> POPAN
<Jan21-2022> <03:50:13>  >>>> DEBYE
<Jan21-2022> <03:50:13>  >>>> ENGRAD
<Jan21-2022> <03:51:05>  current energy                               -2.37092358 Hartree
<Jan21-2022> <03:51:05>  energy change                      -0.00001946     0.00012000    T
<Jan21-2022> <03:51:05>  constrained gradient max            0.00255795     0.00100000    F
<Jan21-2022> <03:51:05>  constrained gradient rms            0.00068214     0.00066667    F
<Jan21-2022> <03:51:05>  gradient max                        0.00255795
<Jan21-2022> <03:51:05>  gradient rms                        0.00068214
<Jan21-2022> <03:51:05>  cart. step max                      0.01887672     0.01000000    F
<Jan21-2022> <03:51:05>  cart. step rms                      0.00680697     0.00666667    F
<Jan21-2022> <03:51:05>  Iteration 20
<Jan21-2022> <03:51:06>  *** GOStep20 ***
<Jan21-2022> <03:51:06>  >>>> FRAGM
<Jan21-2022> <03:51:06>  Coordinates
<Jan21-2022> <03:51:06>     Atom         X           Y           Z   (Angstrom)
<Jan21-2022> <03:51:06>     1.C         0.817344   -0.255990    0.843123
<Jan21-2022> <03:51:06>     2.C         0.828276   -0.318671   -0.516506
<Jan21-2022> <03:51:06>     3.C        -1.470397   -0.365402   -1.195864
<Jan21-2022> <03:51:06>     4.H         0.908285   -1.165059    1.428743
<Jan21-2022> <03:51:06>     5.C         0.640910    0.969334    1.595638
<Jan21-2022> <03:51:06>     6.H        -1.651021   -1.385441   -0.877349
<Jan21-2022> <03:51:06>     7.H         0.906423    0.538663   -1.175998
<Jan21-2022> <03:51:06>     8.H        -1.276726   -0.191159   -2.248867
<Jan21-2022> <03:51:06>     9.H        -1.911209    0.438953   -0.618766
<Jan21-2022> <03:51:06>    10.O         0.609438    1.105592    2.785268
<Jan21-2022> <03:51:06>    11.F         1.143210   -1.479025   -1.121420
<Jan21-2022> <03:51:06>    12.F         0.497225    2.080236    0.773096
<Jan21-2022> <03:51:06>  >>>> CORORT
<Jan21-2022> <03:51:06>  >>>> CLSMAT
<Jan21-2022> <03:51:06>  >>>> ORTHON
<Jan21-2022> <03:51:06>  >>>> GENPT
<Jan21-2022> <03:51:06>  Block Length= 128
<Jan21-2022> <03:51:07>  >>>> PTBAS
<Jan21-2022> <03:51:19>  >>>> CYCLE
<Jan21-2022> <03:51:33>  using orbital data from restart file
<Jan21-2022> <03:51:59>              |Error|         MaxErr       Wt(A-DIIS)
<Jan21-2022> <03:51:59>      1      0.03147529      0.00637460
<Jan21-2022> <03:52:32>      2      0.00267032      0.00024398    100.0
<Jan21-2022> <03:53:06>      3      0.00504310      0.00039162    100.0
<Jan21-2022> <03:53:41>      4      0.00108082      0.00007682      0.0
<Jan21-2022> <03:54:15>      5      0.00078849      0.00007475      0.0
<Jan21-2022> <03:54:49>      6      0.00018461      0.00001646      0.0
<Jan21-2022> <03:55:23>      7      0.00013941      0.00001522      0.0
<Jan21-2022> <03:55:57>      8      0.00005118      0.00000512      0.0
<Jan21-2022> <03:56:31>      9      0.00001546      0.00000114      0.0
<Jan21-2022> <03:57:06>     10      0.00000531      0.00000053      0.0
<Jan21-2022> <03:57:15>  SCF converged
<Jan21-2022> <03:57:40>     11      0.00000303      0.00000019      0.0
<Jan21-2022> <03:57:49>  >>>> TOTEN
<Jan21-2022> <03:58:27>  >>>> POPAN
<Jan21-2022> <03:58:27>  >>>> DEBYE
<Jan21-2022> <03:58:27>  >>>> ENGRAD
<Jan21-2022> <03:59:19>  current energy                               -2.37094118 Hartree
<Jan21-2022> <03:59:19>  energy change                      -0.00001760     0.00012000    T
<Jan21-2022> <03:59:19>  constrained gradient max            0.00162681     0.00100000    F
<Jan21-2022> <03:59:19>  constrained gradient rms            0.00048054     0.00066667    T
<Jan21-2022> <03:59:19>  gradient max                        0.00162681
<Jan21-2022> <03:59:19>  gradient rms                        0.00048054
<Jan21-2022> <03:59:19>  cart. step max                      0.00727958     0.01000000    T
<Jan21-2022> <03:59:19>  cart. step rms                      0.00287121     0.00666667    T
<Jan21-2022> <03:59:19>  Iteration 21
<Jan21-2022> <03:59:19>  *** GOStep21 ***
<Jan21-2022> <03:59:19>  >>>> FRAGM
<Jan21-2022> <03:59:19>  Coordinates
<Jan21-2022> <03:59:19>     Atom         X           Y           Z   (Angstrom)
<Jan21-2022> <03:59:19>     1.C         0.817010   -0.257168    0.842558
<Jan21-2022> <03:59:19>     2.C         0.828560   -0.321340   -0.517305
<Jan21-2022> <03:59:19>     3.C        -1.469371   -0.362912   -1.194236
<Jan21-2022> <03:59:19>     4.H         0.909443   -1.165153    1.429602
<Jan21-2022> <03:59:19>     5.C         0.637851    0.968802    1.593321
<Jan21-2022> <03:59:19>     6.H        -1.648986   -1.384017   -0.878627
<Jan21-2022> <03:59:19>     7.H         0.907982    0.535653   -1.177108
<Jan21-2022> <03:59:19>     8.H        -1.281276   -0.184589   -2.247566
<Jan21-2022> <03:59:19>     9.H        -1.906224    0.439461   -0.611486
<Jan21-2022> <03:59:19>    10.O         0.605924    1.106636    2.782836
<Jan21-2022> <03:59:19>    11.F         1.148381   -1.481691   -1.120131
<Jan21-2022> <03:59:19>    12.F         0.492466    2.078349    0.769242
<Jan21-2022> <03:59:19>  >>>> CORORT
<Jan21-2022> <03:59:19>  >>>> CLSMAT
<Jan21-2022> <03:59:19>  >>>> ORTHON
<Jan21-2022> <03:59:19>  >>>> GENPT
<Jan21-2022> <03:59:20>  Block Length= 128
<Jan21-2022> <03:59:20>  >>>> PTBAS
<Jan21-2022> <03:59:32>  >>>> CYCLE
<Jan21-2022> <03:59:47>  using orbital data from restart file
<Jan21-2022> <04:00:12>              |Error|         MaxErr       Wt(A-DIIS)
<Jan21-2022> <04:00:12>      1      0.01193875      0.00207900
<Jan21-2022> <04:00:46>      2      0.00134210      0.00010690    100.0
<Jan21-2022> <04:01:20>      3      0.00214585      0.00021019    100.0
<Jan21-2022> <04:01:54>      4      0.00062167      0.00007281      0.0
<Jan21-2022> <04:02:28>      5      0.00042105      0.00004211      0.0
<Jan21-2022> <04:03:01>      6      0.00012330      0.00001270      0.0
<Jan21-2022> <04:03:35>      7      0.00005922      0.00000628      0.0
<Jan21-2022> <04:04:10>      8      0.00003729      0.00000382      0.0
<Jan21-2022> <04:04:44>      9      0.00001105      0.00000099      0.0
<Jan21-2022> <04:05:18>     10      0.00000549      0.00000053      0.0
<Jan21-2022> <04:05:27>  SCF converged
<Jan21-2022> <04:05:52>     11      0.00000313      0.00000028      0.0
<Jan21-2022> <04:06:01>  >>>> TOTEN
<Jan21-2022> <04:06:38>  >>>> POPAN
<Jan21-2022> <04:06:38>  >>>> DEBYE
<Jan21-2022> <04:06:38>  >>>> ENGRAD
<Jan21-2022> <04:07:31>  current energy                               -2.37094855 Hartree
<Jan21-2022> <04:07:31>  energy change                      -0.00000736     0.00012000    T
<Jan21-2022> <04:07:31>  constrained gradient max            0.00111197     0.00100000    F
<Jan21-2022> <04:07:31>  constrained gradient rms            0.00035002     0.00066667    T
<Jan21-2022> <04:07:31>  gradient max                        0.00111197
<Jan21-2022> <04:07:31>  gradient rms                        0.00035002
<Jan21-2022> <04:07:31>  cart. step max                      0.00757639     0.01000000    T
<Jan21-2022> <04:07:31>  cart. step rms                      0.00331224     0.00666667    T
<Jan21-2022> <04:07:31>  Iteration 22
<Jan21-2022> <04:07:31>  *** GOStep22 ***
<Jan21-2022> <04:07:31>  >>>> FRAGM
<Jan21-2022> <04:07:32>  Coordinates
<Jan21-2022> <04:07:32>     Atom         X           Y           Z   (Angstrom)
<Jan21-2022> <04:07:32>     1.C         0.817043   -0.258381    0.842315
<Jan21-2022> <04:07:32>     2.C         0.829868   -0.324251   -0.517705
<Jan21-2022> <04:07:32>     3.C        -1.468847   -0.360300   -1.193441
<Jan21-2022> <04:07:32>     4.H         0.911452   -1.165188    1.430839
<Jan21-2022> <04:07:32>     5.C         0.634624    0.968224    1.591167
<Jan21-2022> <04:07:32>     6.H        -1.648223   -1.382300   -0.880601
<Jan21-2022> <04:07:32>     7.H         0.909748    0.532201   -1.178163
<Jan21-2022> <04:07:32>     8.H        -1.288224   -0.177856   -2.247393
<Jan21-2022> <04:07:32>     9.H        -1.899262    0.440518   -0.603910
<Jan21-2022> <04:07:32>    10.O         0.603007    1.107881    2.780473
<Jan21-2022> <04:07:32>    11.F         1.154659   -1.484677   -1.117990
<Jan21-2022> <04:07:32>    12.F         0.485914    2.076159    0.765509
<Jan21-2022> <04:07:32>  >>>> CORORT
<Jan21-2022> <04:07:32>  >>>> CLSMAT
<Jan21-2022> <04:07:32>  >>>> ORTHON
<Jan21-2022> <04:07:32>  >>>> GENPT
<Jan21-2022> <04:07:32>  Block Length= 128
<Jan21-2022> <04:07:33>  >>>> PTBAS
<Jan21-2022> <04:07:45>  >>>> CYCLE
<Jan21-2022> <04:07:59>  using orbital data from restart file
<Jan21-2022> <04:08:24>              |Error|         MaxErr       Wt(A-DIIS)
<Jan21-2022> <04:08:24>      1      0.01398373      0.00220384
<Jan21-2022> <04:08:58>      2      0.00174316      0.00013148    100.0
<Jan21-2022> <04:09:32>      3      0.00328052      0.00033207    100.0
<Jan21-2022> <04:10:06>      4      0.00066798      0.00005208      0.0
<Jan21-2022> <04:10:40>      5      0.00052459      0.00005159      0.0
<Jan21-2022> <04:11:15>      6      0.00015584      0.00001341      0.0
<Jan21-2022> <04:11:49>      7      0.00010774      0.00000888      0.0
<Jan21-2022> <04:12:23>      8      0.00003160      0.00000304      0.0
<Jan21-2022> <04:12:57>      9      0.00001014      0.00000069      0.0
<Jan21-2022> <04:13:31>     10      0.00000310      0.00000026      0.0
<Jan21-2022> <04:13:41>  SCF converged
<Jan21-2022> <04:14:05>     11      0.00000182      0.00000015      0.0
<Jan21-2022> <04:14:14>  >>>> TOTEN
<Jan21-2022> <04:14:52>  >>>> POPAN
<Jan21-2022> <04:14:52>  >>>> DEBYE
<Jan21-2022> <04:14:52>  >>>> ENGRAD
<Jan21-2022> <04:15:44>  current energy                               -2.37095526 Hartree
<Jan21-2022> <04:15:44>  energy change                      -0.00000671     0.00012000    T
<Jan21-2022> <04:15:44>  constrained gradient max            0.00063708     0.00100000    T
<Jan21-2022> <04:15:44>  constrained gradient rms            0.00024704     0.00066667    T
<Jan21-2022> <04:15:44>  gradient max                        0.00063708
<Jan21-2022> <04:15:44>  gradient rms                        0.00024704
<Jan21-2022> <04:15:44>  cart. step max                      0.00811811     0.01000000    T
<Jan21-2022> <04:15:44>  cart. step rms                      0.00232678     0.00666667    T
<Jan21-2022> <04:15:44>  Geometry optimization converged
<Jan21-2022> <04:15:44>  *** adf ***
<Jan21-2022> <04:15:44>  Net Charge: 0 (Nuclei minus Electrons)
<Jan21-2022> <04:15:44>  Spin polar: 1 (Spin_A minus Spin_B electrons)
<Jan21-2022> <04:15:44>  Symmetry  : NOSYM
<Jan21-2022> <04:15:44>  >>>> FRAGM
<Jan21-2022> <04:15:44>  Coordinates
<Jan21-2022> <04:15:44>     Atom         X           Y           Z   (Angstrom)
<Jan21-2022> <04:15:44>     1.C         0.817043   -0.258381    0.842315
<Jan21-2022> <04:15:44>     2.C         0.829868   -0.324251   -0.517705
<Jan21-2022> <04:15:44>     3.C        -1.468847   -0.360300   -1.193441
<Jan21-2022> <04:15:44>     4.H         0.911452   -1.165188    1.430839
<Jan21-2022> <04:15:44>     5.C         0.634624    0.968224    1.591167
<Jan21-2022> <04:15:44>     6.H        -1.648223   -1.382300   -0.880601
<Jan21-2022> <04:15:44>     7.H         0.909748    0.532201   -1.178163
<Jan21-2022> <04:15:44>     8.H        -1.288224   -0.177856   -2.247393
<Jan21-2022> <04:15:44>     9.H        -1.899262    0.440518   -0.603910
<Jan21-2022> <04:15:44>    10.O         0.603007    1.107881    2.780473
<Jan21-2022> <04:15:44>    11.F         1.154659   -1.484677   -1.117990
<Jan21-2022> <04:15:44>    12.F         0.485914    2.076159    0.765509
<Jan21-2022> <04:15:44>  >>>> CORORT
<Jan21-2022> <04:15:44>  >>>> CLSMAT
<Jan21-2022> <04:15:44>  >>>> ORTHON
<Jan21-2022> <04:15:44>  >>>> GENPT
<Jan21-2022> <04:15:45>  Block Length= 128
<Jan21-2022> <04:15:45>  >>>> PTBAS
<Jan21-2022> <04:15:58>  >>>> CYCLE
<Jan21-2022> <04:16:12>  using orbital data from restart file
<Jan21-2022> <04:16:37>              |Error|         MaxErr       Wt(A-DIIS)
<Jan21-2022> <04:16:37>      1      0.00000100      0.00000010
<Jan21-2022> <04:17:11>      2      0.00000199      0.00000019    100.0
<Jan21-2022> <04:17:21>  SCF converged
<Jan21-2022> <04:17:46>      3      0.00000454      0.00000051    100.0
<Jan21-2022> <04:18:16>  >>>> TOTEN
<Jan21-2022> <04:19:18>  >>>> POPAN
<Jan21-2022> <04:19:18>  >>>> DEBYE
<Jan21-2022> <04:19:18>  >>>> AMETS
<Jan21-2022> <04:19:18>   Bond Energy          -2.37095526 a.u.
<Jan21-2022> <04:19:18>   Bond Energy         -64.51697524 eV
<Jan21-2022> <04:19:18>   Bond Energy       -1487.80       kcal/mol
<Jan21-2022> <04:19:18>  >>>> POPUL
<Jan21-2022> <04:19:18>  >>>> ENGRAD
<Jan21-2022> <04:20:11>  >>>> ENHESS
<Jan21-2022> <04:20:26>  === NUCLEUS:     1
<Jan21-2022> <04:39:01>  === NUCLEUS:     2
<Jan21-2022> <04:56:46>  === NUCLEUS:     3
<Jan21-2022> <05:13:41>  === NUCLEUS:     4
<Jan21-2022> <05:29:29>  === NUCLEUS:     5
<Jan21-2022> <05:44:07>  === NUCLEUS:     6
<Jan21-2022> <05:59:00>  === NUCLEUS:     7
<Jan21-2022> <06:13:45>  === NUCLEUS:     8
<Jan21-2022> <06:27:48>  === NUCLEUS:     9
<Jan21-2022> <06:42:34>  === NUCLEUS:    10
<Jan21-2022> <06:56:53>  === NUCLEUS:    11
<Jan21-2022> <07:11:29>  === NUCLEUS:    12
<Jan21-2022> <07:25:39>  >>>> CALC_HESS_PMAT
<Jan21-2022> <07:27:55>  >>>> CALC_HESS_WMAT
<Jan21-2022> <07:28:11>  Scanning mode: 7
<Jan21-2022> <07:28:12>  *** SCANMODE_forward_adf_ScanMode_7 ***
<Jan21-2022> <07:28:12>  >>>> FRAGM
<Jan21-2022> <07:28:12>  Coordinates
<Jan21-2022> <07:28:12>     Atom         X           Y           Z   (Angstrom)
<Jan21-2022> <07:28:12>     1.C         0.817106   -0.258394    0.842335
<Jan21-2022> <07:28:12>     2.C         0.830122   -0.324243   -0.517620
<Jan21-2022> <07:28:12>     3.C        -1.469158   -0.360302   -1.193561
<Jan21-2022> <07:28:12>     4.H         0.911469   -1.165194    1.430876
<Jan21-2022> <07:28:12>     5.C         0.634642    0.968230    1.591173
<Jan21-2022> <07:28:12>     6.H        -1.648320   -1.382314   -0.880654
<Jan21-2022> <07:28:12>     7.H         0.909731    0.532186   -1.178134
<Jan21-2022> <07:28:12>     8.H        -1.288400   -0.177836   -2.247481
<Jan21-2022> <07:28:12>     9.H        -1.899447    0.440526   -0.603958
<Jan21-2022> <07:28:12>    10.O         0.602997    1.107885    2.780473
<Jan21-2022> <07:28:12>    11.F         1.154672   -1.484673   -1.117978
<Jan21-2022> <07:28:12>    12.F         0.485919    2.076153    0.765509
<Jan21-2022> <07:28:12>  >>>> CORORT
<Jan21-2022> <07:28:12>  >>>> CLSMAT
<Jan21-2022> <07:28:12>  >>>> ORTHON
<Jan21-2022> <07:28:12>  >>>> GENPT
<Jan21-2022> <07:28:12>  Block Length= 128
<Jan21-2022> <07:28:13>  >>>> PTBAS
<Jan21-2022> <07:28:24>  >>>> CYCLE
<Jan21-2022> <07:28:37>  using orbital data from restart file
<Jan21-2022> <07:28:59>              |Error|         MaxErr       Wt(A-DIIS)
<Jan21-2022> <07:28:59>      1      0.00064191      0.00008944
<Jan21-2022> <07:29:29>      2      0.00012639      0.00001166    100.0
<Jan21-2022> <07:30:00>      3      0.00006930      0.00000647    100.0
<Jan21-2022> <07:30:30>      4      0.00008867      0.00000746      0.0
<Jan21-2022> <07:31:01>      5      0.00004664      0.00000451      0.0
<Jan21-2022> <07:31:32>      6      0.00001691      0.00000198      0.0
<Jan21-2022> <07:32:02>      7      0.00001159      0.00000130      0.0
<Jan21-2022> <07:32:33>      8      0.00000341      0.00000038      0.0
<Jan21-2022> <07:32:41>  SCF converged
<Jan21-2022> <07:33:03>      9      0.00000171      0.00000016      0.0
<Jan21-2022> <07:33:11>  >>>> TOTEN
<Jan21-2022> <07:33:46>  >>>> POPAN
<Jan21-2022> <07:33:46>  >>>> DEBYE
<Jan21-2022> <07:33:46>  >>>> ENGRAD
<Jan21-2022> <07:34:33>  *** SCANMODE_backward_adf_ScanMode_7 ***
<Jan21-2022> <07:34:33>  >>>> FRAGM
<Jan21-2022> <07:34:33>  Coordinates
<Jan21-2022> <07:34:33>     Atom         X           Y           Z   (Angstrom)
<Jan21-2022> <07:34:33>     1.C         0.816980   -0.258368    0.842295
<Jan21-2022> <07:34:33>     2.C         0.829614   -0.324258   -0.517789
<Jan21-2022> <07:34:33>     3.C        -1.468536   -0.360299   -1.193321
<Jan21-2022> <07:34:33>     4.H         0.911435   -1.165181    1.430801
<Jan21-2022> <07:34:33>     5.C         0.634607    0.968217    1.591161
<Jan21-2022> <07:34:33>     6.H        -1.648125   -1.382287   -0.880548
<Jan21-2022> <07:34:33>     7.H         0.909765    0.532215   -1.178193
<Jan21-2022> <07:34:33>     8.H        -1.288047   -0.177876   -2.247304
<Jan21-2022> <07:34:33>     9.H        -1.899077    0.440511   -0.603861
<Jan21-2022> <07:34:33>    10.O         0.603017    1.107878    2.780474
<Jan21-2022> <07:34:33>    11.F         1.154645   -1.484680   -1.118002
<Jan21-2022> <07:34:33>    12.F         0.485910    2.076165    0.765508
<Jan21-2022> <07:34:33>  >>>> CORORT
<Jan21-2022> <07:34:33>  >>>> CLSMAT
<Jan21-2022> <07:34:33>  >>>> ORTHON
<Jan21-2022> <07:34:33>  >>>> GENPT
<Jan21-2022> <07:34:33>  Block Length= 128
<Jan21-2022> <07:34:34>  >>>> PTBAS
<Jan21-2022> <07:34:45>  >>>> CYCLE
<Jan21-2022> <07:34:59>  using orbital data from restart file
<Jan21-2022> <07:35:20>              |Error|         MaxErr       Wt(A-DIIS)
<Jan21-2022> <07:35:20>      1      0.00064214      0.00008949
<Jan21-2022> <07:35:51>      2      0.00012696      0.00001176    100.0
<Jan21-2022> <07:36:22>      3      0.00024236      0.00001918    100.0
<Jan21-2022> <07:36:52>      4      0.00004625      0.00000447      0.0
<Jan21-2022> <07:37:22>      5      0.00004670      0.00000446      0.0
<Jan21-2022> <07:37:53>      6      0.00001704      0.00000199      0.0
<Jan21-2022> <07:38:25>      7      0.00001170      0.00000129      0.0
<Jan21-2022> <07:38:54>      8      0.00000340      0.00000038      0.0
<Jan21-2022> <07:39:03>  SCF converged
<Jan21-2022> <07:39:24>      9      0.00000172      0.00000016      0.0
<Jan21-2022> <07:39:33>  >>>> TOTEN
<Jan21-2022> <07:40:07>  >>>> POPAN
<Jan21-2022> <07:40:07>  >>>> DEBYE
<Jan21-2022> <07:40:07>  >>>> ENGRAD
<Jan21-2022> <07:40:55>  PES point character: Geometry corresponds to a transition state.
<Jan21-2022> <07:40:55>  Transition state search successful!
<Jan21-2022> <07:40:55>  NORMAL TERMINATION
