<Jan20-2022> <13:33:50>  AMS 2021.102  RunTime: Jan20-2022 13:33:50  ShM Nodes: 1  Procs: 1
<Jan20-2022> <13:33:51>  ADF 2021.102  RunTime: Jan20-2022 13:33:51  ShM Nodes: 1  Procs: 1
<Jan20-2022> <13:33:51>  *** (NO TITLE) ***
<Jan20-2022> <13:33:51>  Iteration 1
<Jan20-2022> <13:33:51>  DIRAC 2021.102  RunTime: Jan20-2022 13:33:51  ShM Nodes: 1  Procs: 1
<Jan20-2022> <13:33:51>  Hydrogen (TZ2P)
<Jan20-2022> <13:33:51>  Net Charge: 0 (Nuclei minus Electrons)
<Jan20-2022> <13:33:51>  Symmetry  : ATOM
<Jan20-2022> <13:33:51>  Coordinates
<Jan20-2022> <13:33:51>     Atom         X           Y           Z   (Angstrom)
<Jan20-2022> <13:33:51>     1.H         0.000000    0.000000    0.000000
<Jan20-2022> <13:33:51>  >>>> CORORT
<Jan20-2022> <13:33:51>  >>>> CLSMAT
<Jan20-2022> <13:33:51>  >>>> ORTHON
<Jan20-2022> <13:33:51>  >>>> GENPT
<Jan20-2022> <13:33:51>  Block Length=  64
<Jan20-2022> <13:33:51>  >>>> PTBAS
<Jan20-2022> <13:33:51>  >>>> CYCLE
<Jan20-2022> <13:33:51>              |Error|         MaxErr       Wt(A-DIIS)
<Jan20-2022> <13:33:51>      1      0.00000000      0.00000000
<Jan20-2022> <13:33:51>      2      0.03080019      0.02591482
<Jan20-2022> <13:33:51>      3      0.01140383      0.01135775    100.0
<Jan20-2022> <13:33:51>      4      0.00327656      0.00327407      2.3
<Jan20-2022> <13:33:51>      5      0.00010041      0.00009754      0.0
<Jan20-2022> <13:33:51>      6      0.00000525      0.00000504      0.0
<Jan20-2022> <13:33:51>      7      0.00000007      0.00000007      0.0
<Jan20-2022> <13:33:51>      8      0.00000000      0.00000000      0.0
<Jan20-2022> <13:33:51>  SCF converged
<Jan20-2022> <13:33:51>      9      0.00000000      0.00000000      0.0
<Jan20-2022> <13:33:51>  >>>> POPAN
<Jan20-2022> <13:33:51>  >>>> DEBYE
<Jan20-2022> <13:33:51>  DIRAC 2021.102  RunTime: Jan20-2022 13:33:51  ShM Nodes: 1  Procs: 1
<Jan20-2022> <13:33:51>  Carbon (TZ2P)
<Jan20-2022> <13:33:51>  Net Charge: 0 (Nuclei minus Electrons)
<Jan20-2022> <13:33:51>  Symmetry  : ATOM
<Jan20-2022> <13:33:51>  Coordinates
<Jan20-2022> <13:33:51>     Atom         X           Y           Z   (Angstrom)
<Jan20-2022> <13:33:51>     1.C         0.000000    0.000000    0.000000
<Jan20-2022> <13:33:51>  >>>> CORORT
<Jan20-2022> <13:33:51>  >>>> CLSMAT
<Jan20-2022> <13:33:51>  >>>> ORTHON
<Jan20-2022> <13:33:51>  >>>> GENPT
<Jan20-2022> <13:33:51>  Block Length=  72
<Jan20-2022> <13:33:51>  >>>> PTBAS
<Jan20-2022> <13:33:51>  >>>> CYCLE
<Jan20-2022> <13:33:52>              |Error|         MaxErr       Wt(A-DIIS)
<Jan20-2022> <13:33:52>      1      0.00000000      0.00000000
<Jan20-2022> <13:33:52>      2      4.48405934      3.32161898    100.0
<Jan20-2022> <13:33:52>      3      1.60718414      1.28408746    100.0
<Jan20-2022> <13:33:52>      4      0.76426456      0.62272052    100.0
<Jan20-2022> <13:33:52>      5      0.36119063      0.28553990    100.0
<Jan20-2022> <13:33:52>      6      0.14821424      0.11559867    100.0
<Jan20-2022> <13:33:52>      7      0.10108424      0.07867111     78.5
<Jan20-2022> <13:33:52>      8      0.01786531      0.01387049     13.0
<Jan20-2022> <13:33:52>      9      0.00195746      0.00153262      0.5
<Jan20-2022> <13:33:52>     10      0.00001058      0.00000730      0.0
<Jan20-2022> <13:33:52>     11      0.00000047      0.00000027      0.0
<Jan20-2022> <13:33:52>     12      0.00000003      0.00000002      0.0
<Jan20-2022> <13:33:52>     13      0.00000000      0.00000000      0.0
<Jan20-2022> <13:33:52>  SCF converged
<Jan20-2022> <13:33:52>     14      0.00000000      0.00000000      0.0
<Jan20-2022> <13:33:52>  >>>> POPAN
<Jan20-2022> <13:33:52>  >>>> DEBYE
<Jan20-2022> <13:33:52>  *** GOStep1 ***
<Jan20-2022> <13:33:52>  >>>> FRAGM
<Jan20-2022> <13:33:52>  Coordinates
<Jan20-2022> <13:33:52>     Atom         X           Y           Z   (Angstrom)
<Jan20-2022> <13:33:52>     1.H         2.053570   -0.803441    0.000000
<Jan20-2022> <13:33:52>     2.C         0.972937   -0.695741    0.000000
<Jan20-2022> <13:33:52>     3.H         0.663467   -0.150351    0.886617
<Jan20-2022> <13:33:52>     4.H         0.663467    0.150351   -0.886617
<Jan20-2022> <13:33:52>  >>>> CORORT
<Jan20-2022> <13:33:52>  >>>> CLSMAT
<Jan20-2022> <13:33:52>  >>>> ORTHON
<Jan20-2022> <13:33:52>  >>>> GENPT
<Jan20-2022> <13:33:52>  Block Length= 128
<Jan20-2022> <13:33:52>  >>>> PTBAS
<Jan20-2022> <13:33:53>  >>>> CYCLE
<Jan20-2022> <13:34:00>              |Error|         MaxErr       Wt(A-DIIS)
<Jan20-2022> <13:34:00>      1      1.82550844      0.37604047
<Jan20-2022> <13:34:05>      2      0.43473674      0.04919750    100.0
<Jan20-2022> <13:34:10>      3      0.41343507      0.05953285    100.0
<Jan20-2022> <13:34:15>      4      0.05484385      0.00563789      4.7
<Jan20-2022> <13:34:20>      5      0.01218287      0.00187576      0.9
<Jan20-2022> <13:34:25>      6      0.00143899      0.00017142      0.0
<Jan20-2022> <13:34:30>      7      0.00043138      0.00004931      0.0
<Jan20-2022> <13:34:35>      8      0.00015256      0.00001901      0.0
<Jan20-2022> <13:34:40>      9      0.00003797      0.00000480      0.0
<Jan20-2022> <13:34:45>     10      0.00000591      0.00000095      0.0
<Jan20-2022> <13:34:46>  SCF converged
<Jan20-2022> <13:34:51>     11      0.00000154      0.00000025      0.0
<Jan20-2022> <13:34:52>  >>>> TOTEN
<Jan20-2022> <13:34:58>  >>>> POPAN
<Jan20-2022> <13:34:58>  >>>> DEBYE
<Jan20-2022> <13:34:58>  >>>> ENGRAD
<Jan20-2022> <13:35:01>  current energy                               -0.61784933 Hartree
<Jan20-2022> <13:35:01>  energy change                      -0.61784933     0.00004000    F
<Jan20-2022> <13:35:01>  constrained gradient max            0.16087428     0.00100000    F
<Jan20-2022> <13:35:01>  constrained gradient rms            0.06525784     0.00066667    F
<Jan20-2022> <13:35:01>  gradient max                        0.16087428
<Jan20-2022> <13:35:01>  gradient rms                        0.06525784
<Jan20-2022> <13:35:01>  cart. step max                      0.03789453     0.01000000    F
<Jan20-2022> <13:35:01>  cart. step rms                      0.01692117     0.00666667    F
<Jan20-2022> <13:35:01>  Iteration 2
<Jan20-2022> <13:35:01>  *** GOStep2 ***
<Jan20-2022> <13:35:01>  >>>> FRAGM
<Jan20-2022> <13:35:02>  Coordinates
<Jan20-2022> <13:35:02>     Atom         X           Y           Z   (Angstrom)
<Jan20-2022> <13:35:02>     1.H         2.052753   -0.808464   -0.016502
<Jan20-2022> <13:35:02>     2.C         0.973431   -0.657847   -0.010312
<Jan20-2022> <13:35:02>     3.H         0.648892   -0.155785    0.903096
<Jan20-2022> <13:35:02>     4.H         0.678365    0.122913   -0.876282
<Jan20-2022> <13:35:02>  >>>> CORORT
<Jan20-2022> <13:35:02>  >>>> CLSMAT
<Jan20-2022> <13:35:02>  >>>> ORTHON
<Jan20-2022> <13:35:02>  >>>> GENPT
<Jan20-2022> <13:35:02>  Block Length= 128
<Jan20-2022> <13:35:02>  >>>> PTBAS
<Jan20-2022> <13:35:02>  >>>> CYCLE
<Jan20-2022> <13:35:05>  using orbital data from restart file
<Jan20-2022> <13:35:09>              |Error|         MaxErr       Wt(A-DIIS)
<Jan20-2022> <13:35:09>      1      0.11646284      0.03030531
<Jan20-2022> <13:35:15>      2      0.02424311      0.00276688    100.0
<Jan20-2022> <13:35:20>      3      0.01459030      0.00188405    100.0
<Jan20-2022> <13:35:25>      4      0.01504940      0.00172223      0.7
<Jan20-2022> <13:35:30>      5      0.00038842      0.00005526      0.0
<Jan20-2022> <13:35:35>      6      0.00009391      0.00000934      0.0
<Jan20-2022> <13:35:41>      7      0.00001481      0.00000173      0.0
<Jan20-2022> <13:35:46>      8      0.00000527      0.00000074      0.0
<Jan20-2022> <13:35:47>  SCF converged
<Jan20-2022> <13:35:51>      9      0.00000081      0.00000010      0.0
<Jan20-2022> <13:35:52>  >>>> TOTEN
<Jan20-2022> <13:35:59>  >>>> POPAN
<Jan20-2022> <13:35:59>  >>>> DEBYE
<Jan20-2022> <13:35:59>  >>>> ENGRAD
<Jan20-2022> <13:36:02>  current energy                               -0.62853719 Hartree
<Jan20-2022> <13:36:02>  energy change                      -0.01068786     0.00004000    F
<Jan20-2022> <13:36:02>  constrained gradient max            0.13347270     0.00100000    F
<Jan20-2022> <13:36:02>  constrained gradient rms            0.05213982     0.00066667    F
<Jan20-2022> <13:36:02>  gradient max                        0.13347270
<Jan20-2022> <13:36:02>  gradient rms                        0.05213982
<Jan20-2022> <13:36:02>  cart. step max                      0.07281860     0.01000000    F
<Jan20-2022> <13:36:02>  cart. step rms                      0.03354442     0.00666667    F
<Jan20-2022> <13:36:02>  Iteration 3
<Jan20-2022> <13:36:03>  *** GOStep3 ***
<Jan20-2022> <13:36:03>  >>>> FRAGM
<Jan20-2022> <13:36:03>  Coordinates
<Jan20-2022> <13:36:03>     Atom         X           Y           Z   (Angstrom)
<Jan20-2022> <13:36:03>     1.H         2.040892   -0.811882   -0.042127
<Jan20-2022> <13:36:03>     2.C         0.972147   -0.585028   -0.037269
<Jan20-2022> <13:36:03>     3.H         0.630782   -0.166253    0.915368
<Jan20-2022> <13:36:03>     4.H         0.709620    0.063981   -0.835972
<Jan20-2022> <13:36:03>  >>>> CORORT
<Jan20-2022> <13:36:03>  >>>> CLSMAT
<Jan20-2022> <13:36:03>  >>>> ORTHON
<Jan20-2022> <13:36:03>  >>>> GENPT
<Jan20-2022> <13:36:03>  Block Length= 128
<Jan20-2022> <13:36:03>  >>>> PTBAS
<Jan20-2022> <13:36:04>  >>>> CYCLE
<Jan20-2022> <13:36:07>  using orbital data from restart file
<Jan20-2022> <13:36:11>              |Error|         MaxErr       Wt(A-DIIS)
<Jan20-2022> <13:36:11>      1      0.30478414      0.08077309
<Jan20-2022> <13:36:17>      2      0.04288924      0.00506841    100.0
<Jan20-2022> <13:36:22>      3      0.02632068      0.00344924    100.0
<Jan20-2022> <13:36:27>      4      0.02595773      0.00279750      1.8
<Jan20-2022> <13:36:32>      5      0.00090493      0.00014295      0.0
<Jan20-2022> <13:36:37>      6      0.00016321      0.00002220      0.0
<Jan20-2022> <13:36:42>      7      0.00004639      0.00000616      0.0
<Jan20-2022> <13:36:47>      8      0.00001183      0.00000197      0.0
<Jan20-2022> <13:36:52>      9      0.00000138      0.00000015      0.0
<Jan20-2022> <13:36:53>  SCF converged
<Jan20-2022> <13:36:57>     10      0.00000030      0.00000004      0.0
<Jan20-2022> <13:36:58>  >>>> TOTEN
<Jan20-2022> <13:37:05>  >>>> POPAN
<Jan20-2022> <13:37:05>  >>>> DEBYE
<Jan20-2022> <13:37:05>  >>>> ENGRAD
<Jan20-2022> <13:37:08>  current energy                               -0.63918818 Hartree
<Jan20-2022> <13:37:08>  energy change                      -0.01065098     0.00004000    F
<Jan20-2022> <13:37:08>  constrained gradient max            0.04017636     0.00100000    F
<Jan20-2022> <13:37:08>  constrained gradient rms            0.02447855     0.00066667    F
<Jan20-2022> <13:37:08>  gradient max                        0.04017636
<Jan20-2022> <13:37:08>  gradient rms                        0.02447855
<Jan20-2022> <13:37:08>  cart. step max                      0.05066219     0.01000000    F
<Jan20-2022> <13:37:08>  cart. step rms                      0.02572289     0.00666667    F
<Jan20-2022> <13:37:08>  Iteration 4
<Jan20-2022> <13:37:09>  *** GOStep4 ***
<Jan20-2022> <13:37:09>  >>>> FRAGM
<Jan20-2022> <13:37:09>  Coordinates
<Jan20-2022> <13:37:09>     Atom         X           Y           Z   (Angstrom)
<Jan20-2022> <13:37:09>     1.H         2.043652   -0.836604   -0.027403
<Jan20-2022> <13:37:09>     2.C         0.995916   -0.534366   -0.030120
<Jan20-2022> <13:37:09>     3.H         0.629889   -0.191278    0.939054
<Jan20-2022> <13:37:09>     4.H         0.683984    0.063066   -0.881531
<Jan20-2022> <13:37:09>  >>>> CORORT
<Jan20-2022> <13:37:09>  >>>> CLSMAT
<Jan20-2022> <13:37:09>  >>>> ORTHON
<Jan20-2022> <13:37:09>  >>>> GENPT
<Jan20-2022> <13:37:09>  Block Length= 128
<Jan20-2022> <13:37:09>  >>>> PTBAS
<Jan20-2022> <13:37:10>  >>>> CYCLE
<Jan20-2022> <13:37:13>  using orbital data from restart file
<Jan20-2022> <13:37:17>              |Error|         MaxErr       Wt(A-DIIS)
<Jan20-2022> <13:37:17>      1      0.08283935      0.01529630
<Jan20-2022> <13:37:22>      2      0.02452429      0.00349152    100.0
<Jan20-2022> <13:37:27>      3      0.01982268      0.00285660    100.0
<Jan20-2022> <13:37:32>      4      0.01947520      0.00280745      1.8
<Jan20-2022> <13:37:38>      5      0.00603874      0.00110285      0.1
<Jan20-2022> <13:37:43>      6      0.00033788      0.00004610      0.0
<Jan20-2022> <13:37:48>      7      0.00022010      0.00003014      0.0
<Jan20-2022> <13:37:54>      8      0.00002610      0.00000315      0.0
<Jan20-2022> <13:37:59>      9      0.00000197      0.00000022      0.0
<Jan20-2022> <13:38:00>  SCF converged
<Jan20-2022> <13:38:05>     10      0.00000060      0.00000008      0.0
<Jan20-2022> <13:38:05>  >>>> TOTEN
<Jan20-2022> <13:38:12>  >>>> POPAN
<Jan20-2022> <13:38:12>  >>>> DEBYE
<Jan20-2022> <13:38:12>  >>>> ENGRAD
<Jan20-2022> <13:38:15>  current energy                               -0.64388726 Hartree
<Jan20-2022> <13:38:15>  energy change                      -0.00469909     0.00004000    F
<Jan20-2022> <13:38:15>  constrained gradient max            0.03084097     0.00100000    F
<Jan20-2022> <13:38:15>  constrained gradient rms            0.01331012     0.00066667    F
<Jan20-2022> <13:38:15>  gradient max                        0.03084097
<Jan20-2022> <13:38:15>  gradient rms                        0.01331012
<Jan20-2022> <13:38:15>  cart. step max                      0.06275230     0.01000000    F
<Jan20-2022> <13:38:15>  cart. step rms                      0.02425708     0.00666667    F
<Jan20-2022> <13:38:15>  Iteration 5
<Jan20-2022> <13:38:16>  *** GOStep5 ***
<Jan20-2022> <13:38:16>  >>>> FRAGM
<Jan20-2022> <13:38:16>  Coordinates
<Jan20-2022> <13:38:16>     Atom         X           Y           Z   (Angstrom)
<Jan20-2022> <13:38:16>     1.H         2.039870   -0.860261   -0.027170
<Jan20-2022> <13:38:16>     2.C         1.025241   -0.471614   -0.022404
<Jan20-2022> <13:38:16>     3.H         0.619102   -0.213787    0.950603
<Jan20-2022> <13:38:16>     4.H         0.669227    0.046480   -0.901029
<Jan20-2022> <13:38:16>  >>>> CORORT
<Jan20-2022> <13:38:16>  >>>> CLSMAT
<Jan20-2022> <13:38:16>  >>>> ORTHON
<Jan20-2022> <13:38:16>  >>>> GENPT
<Jan20-2022> <13:38:16>  Block Length= 128
<Jan20-2022> <13:38:16>  >>>> PTBAS
<Jan20-2022> <13:38:17>  >>>> CYCLE
<Jan20-2022> <13:38:19>  using orbital data from restart file
<Jan20-2022> <13:38:23>              |Error|         MaxErr       Wt(A-DIIS)
<Jan20-2022> <13:38:23>      1      0.07635390      0.01438340
<Jan20-2022> <13:38:28>      2      0.03006205      0.00412399    100.0
<Jan20-2022> <13:38:33>      3      0.02022295      0.00289184    100.0
<Jan20-2022> <13:38:38>      4      0.01399375      0.00237423      1.4
<Jan20-2022> <13:38:44>      5      0.00080389      0.00012994      0.0
<Jan20-2022> <13:38:49>      6      0.00009647      0.00001115      0.0
<Jan20-2022> <13:38:55>      7      0.00001489      0.00000189      0.0
<Jan20-2022> <13:39:00>      8      0.00000481      0.00000054      0.0
<Jan20-2022> <13:39:01>  SCF converged
<Jan20-2022> <13:39:05>      9      0.00000280      0.00000039      0.0
<Jan20-2022> <13:39:06>  >>>> TOTEN
<Jan20-2022> <13:39:13>  >>>> POPAN
<Jan20-2022> <13:39:13>  >>>> DEBYE
<Jan20-2022> <13:39:13>  >>>> ENGRAD
<Jan20-2022> <13:39:16>  current energy                               -0.64641295 Hartree
<Jan20-2022> <13:39:16>  energy change                      -0.00252569     0.00004000    F
<Jan20-2022> <13:39:16>  constrained gradient max            0.01615978     0.00100000    F
<Jan20-2022> <13:39:16>  constrained gradient rms            0.00749094     0.00066667    F
<Jan20-2022> <13:39:16>  gradient max                        0.01615978
<Jan20-2022> <13:39:16>  gradient rms                        0.00749094
<Jan20-2022> <13:39:16>  cart. step max                      0.04256834     0.01000000    F
<Jan20-2022> <13:39:16>  cart. step rms                      0.01843417     0.00666667    F
<Jan20-2022> <13:39:16>  Iteration 6
<Jan20-2022> <13:39:17>  *** GOStep6 ***
<Jan20-2022> <13:39:17>  >>>> FRAGM
<Jan20-2022> <13:39:17>  Coordinates
<Jan20-2022> <13:39:17>     Atom         X           Y           Z   (Angstrom)
<Jan20-2022> <13:39:17>     1.H         2.039777   -0.879320   -0.036492
<Jan20-2022> <13:39:17>     2.C         1.054742   -0.429045   -0.008936
<Jan20-2022> <13:39:17>     3.H         0.600811   -0.224324    0.951521
<Jan20-2022> <13:39:17>     4.H         0.658110    0.033507   -0.906093
<Jan20-2022> <13:39:17>  >>>> CORORT
<Jan20-2022> <13:39:17>  >>>> CLSMAT
<Jan20-2022> <13:39:17>  >>>> ORTHON
<Jan20-2022> <13:39:17>  >>>> GENPT
<Jan20-2022> <13:39:17>  Block Length= 128
<Jan20-2022> <13:39:17>  >>>> PTBAS
<Jan20-2022> <13:39:18>  >>>> CYCLE
<Jan20-2022> <13:39:21>  using orbital data from restart file
<Jan20-2022> <13:39:25>              |Error|         MaxErr       Wt(A-DIIS)
<Jan20-2022> <13:39:25>      1      0.06087989      0.00841819
<Jan20-2022> <13:39:30>      2      0.02598846      0.00350248    100.0
<Jan20-2022> <13:39:35>      3      0.01732409      0.00246977    100.0
<Jan20-2022> <13:39:41>      4      0.01241464      0.00203599      1.0
<Jan20-2022> <13:39:46>      5      0.00067785      0.00010582      0.0
<Jan20-2022> <13:39:51>      6      0.00010035      0.00001120      0.0
<Jan20-2022> <13:39:57>      7      0.00001348      0.00000170      0.0
<Jan20-2022> <13:40:02>      8      0.00000189      0.00000023      0.0
<Jan20-2022> <13:40:02>  SCF converged
<Jan20-2022> <13:40:07>      9      0.00000054      0.00000006      0.0
<Jan20-2022> <13:40:08>  >>>> TOTEN
<Jan20-2022> <13:40:14>  >>>> POPAN
<Jan20-2022> <13:40:14>  >>>> DEBYE
<Jan20-2022> <13:40:14>  >>>> ENGRAD
<Jan20-2022> <13:40:17>  current energy                               -0.64742785 Hartree
<Jan20-2022> <13:40:17>  energy change                      -0.00101490     0.00004000    F
<Jan20-2022> <13:40:17>  constrained gradient max            0.00646149     0.00100000    F
<Jan20-2022> <13:40:17>  constrained gradient rms            0.00309945     0.00066667    F
<Jan20-2022> <13:40:17>  gradient max                        0.00646149
<Jan20-2022> <13:40:17>  gradient rms                        0.00309945
<Jan20-2022> <13:40:17>  cart. step max                      0.03559794     0.01000000    F
<Jan20-2022> <13:40:17>  cart. step rms                      0.01468663     0.00666667    F
<Jan20-2022> <13:40:17>  Iteration 7
<Jan20-2022> <13:40:17>  *** GOStep7 ***
<Jan20-2022> <13:40:17>  >>>> FRAGM
<Jan20-2022> <13:40:17>  Coordinates
<Jan20-2022> <13:40:17>     Atom         X           Y           Z   (Angstrom)
<Jan20-2022> <13:40:17>     1.H         2.037000   -0.893655   -0.041939
<Jan20-2022> <13:40:17>     2.C         1.078404   -0.393447   -0.001919
<Jan20-2022> <13:40:17>     3.H         0.588224   -0.233455    0.948488
<Jan20-2022> <13:40:17>     4.H         0.649813    0.021376   -0.904630
<Jan20-2022> <13:40:17>  >>>> CORORT
<Jan20-2022> <13:40:17>  >>>> CLSMAT
<Jan20-2022> <13:40:17>  >>>> ORTHON
<Jan20-2022> <13:40:17>  >>>> GENPT
<Jan20-2022> <13:40:18>  Block Length= 128
<Jan20-2022> <13:40:18>  >>>> PTBAS
<Jan20-2022> <13:40:18>  >>>> CYCLE
<Jan20-2022> <13:40:21>  using orbital data from restart file
<Jan20-2022> <13:40:25>              |Error|         MaxErr       Wt(A-DIIS)
<Jan20-2022> <13:40:25>      1      0.04805587      0.00831315
<Jan20-2022> <13:40:31>      2      0.02203599      0.00293151    100.0
<Jan20-2022> <13:40:36>      3      0.02085833      0.00279847    100.0
<Jan20-2022> <13:40:41>      4      0.02084032      0.00279544      1.8
<Jan20-2022> <13:40:47>      5      0.01345740      0.00215958      1.2
<Jan20-2022> <13:40:52>      6      0.00127651      0.00013519      0.0
<Jan20-2022> <13:40:57>      7      0.00129000      0.00016993      0.0
<Jan20-2022> <13:41:03>      8      0.00004228      0.00000445      0.0
