<Jan20-2022> <13:33:18>  AMS 2021.102  RunTime: Jan20-2022 13:33:18  ShM Nodes: 1  Procs: 1
<Jan20-2022> <13:33:18>  ADF 2021.102  RunTime: Jan20-2022 13:33:18  ShM Nodes: 1  Procs: 1
<Jan20-2022> <13:33:18>  *** (NO TITLE) ***
<Jan20-2022> <13:33:18>  Symmetry detected: C(S)
<Jan20-2022> <13:33:18>  Iteration 1
<Jan20-2022> <13:33:18>  DIRAC 2021.102  RunTime: Jan20-2022 13:33:18  ShM Nodes: 1  Procs: 1
<Jan20-2022> <13:33:18>  Carbon (TZ2P)
<Jan20-2022> <13:33:18>  Net Charge: 0 (Nuclei minus Electrons)
<Jan20-2022> <13:33:18>  Symmetry  : ATOM
<Jan20-2022> <13:33:18>  Coordinates
<Jan20-2022> <13:33:18>     Atom         X           Y           Z   (Angstrom)
<Jan20-2022> <13:33:18>     1.C         0.000000    0.000000    0.000000
<Jan20-2022> <13:33:18>  >>>> CORORT
<Jan20-2022> <13:33:18>  >>>> CLSMAT
<Jan20-2022> <13:33:18>  >>>> ORTHON
<Jan20-2022> <13:33:18>  >>>> GENPT
<Jan20-2022> <13:33:18>  Block Length=  72
<Jan20-2022> <13:33:18>  >>>> PTBAS
<Jan20-2022> <13:33:18>  >>>> CYCLE
<Jan20-2022> <13:33:18>              |Error|         MaxErr       Wt(A-DIIS)
<Jan20-2022> <13:33:18>      1      0.00000000      0.00000000
<Jan20-2022> <13:33:18>      2      4.48405934      3.32161898    100.0
<Jan20-2022> <13:33:18>      3      1.60718414      1.28408746    100.0
<Jan20-2022> <13:33:18>      4      0.76426456      0.62272052    100.0
<Jan20-2022> <13:33:18>      5      0.36119063      0.28553990    100.0
<Jan20-2022> <13:33:18>      6      0.14821424      0.11559867    100.0
<Jan20-2022> <13:33:18>      7      0.10108424      0.07867111     78.5
<Jan20-2022> <13:33:18>      8      0.01786531      0.01387049     13.0
<Jan20-2022> <13:33:18>      9      0.00195746      0.00153262      0.5
<Jan20-2022> <13:33:18>     10      0.00001058      0.00000730      0.0
<Jan20-2022> <13:33:18>     11      0.00000047      0.00000027      0.0
<Jan20-2022> <13:33:18>     12      0.00000003      0.00000002      0.0
<Jan20-2022> <13:33:18>     13      0.00000000      0.00000000      0.0
<Jan20-2022> <13:33:18>  SCF converged
<Jan20-2022> <13:33:18>     14      0.00000000      0.00000000      0.0
<Jan20-2022> <13:33:18>  >>>> POPAN
<Jan20-2022> <13:33:18>  >>>> DEBYE
<Jan20-2022> <13:33:18>  DIRAC 2021.102  RunTime: Jan20-2022 13:33:18  ShM Nodes: 1  Procs: 1
<Jan20-2022> <13:33:19>  Hydrogen (TZ2P)
<Jan20-2022> <13:33:19>  Net Charge: 0 (Nuclei minus Electrons)
<Jan20-2022> <13:33:19>  Symmetry  : ATOM
<Jan20-2022> <13:33:19>  Coordinates
<Jan20-2022> <13:33:19>     Atom         X           Y           Z   (Angstrom)
<Jan20-2022> <13:33:19>     1.H         0.000000    0.000000    0.000000
<Jan20-2022> <13:33:19>  >>>> CORORT
<Jan20-2022> <13:33:19>  >>>> CLSMAT
<Jan20-2022> <13:33:19>  >>>> ORTHON
<Jan20-2022> <13:33:19>  >>>> GENPT
<Jan20-2022> <13:33:19>  Block Length=  64
<Jan20-2022> <13:33:19>  >>>> PTBAS
<Jan20-2022> <13:33:19>  >>>> CYCLE
<Jan20-2022> <13:33:19>              |Error|         MaxErr       Wt(A-DIIS)
<Jan20-2022> <13:33:19>      1      0.00000000      0.00000000
<Jan20-2022> <13:33:19>      2      0.03080019      0.02591482
<Jan20-2022> <13:33:19>      3      0.01140383      0.01135775    100.0
<Jan20-2022> <13:33:19>      4      0.00327656      0.00327407      2.3
<Jan20-2022> <13:33:19>      5      0.00010041      0.00009754      0.0
<Jan20-2022> <13:33:19>      6      0.00000525      0.00000504      0.0
<Jan20-2022> <13:33:19>      7      0.00000007      0.00000007      0.0
<Jan20-2022> <13:33:19>      8      0.00000000      0.00000000      0.0
<Jan20-2022> <13:33:19>  SCF converged
<Jan20-2022> <13:33:19>      9      0.00000000      0.00000000      0.0
<Jan20-2022> <13:33:19>  >>>> POPAN
<Jan20-2022> <13:33:19>  >>>> DEBYE
<Jan20-2022> <13:33:19>  DIRAC 2021.102  RunTime: Jan20-2022 13:33:19  ShM Nodes: 1  Procs: 1
<Jan20-2022> <13:33:19>  Oxygen (TZ2P)
<Jan20-2022> <13:33:19>  Net Charge: 0 (Nuclei minus Electrons)
<Jan20-2022> <13:33:19>  Symmetry  : ATOM
<Jan20-2022> <13:33:19>  Coordinates
<Jan20-2022> <13:33:19>     Atom         X           Y           Z   (Angstrom)
<Jan20-2022> <13:33:19>     1.O         0.000000    0.000000    0.000000
<Jan20-2022> <13:33:19>  >>>> CORORT
<Jan20-2022> <13:33:19>  >>>> CLSMAT
<Jan20-2022> <13:33:19>  >>>> ORTHON
<Jan20-2022> <13:33:19>  >>>> GENPT
<Jan20-2022> <13:33:19>  Block Length=  68
<Jan20-2022> <13:33:19>  >>>> PTBAS
<Jan20-2022> <13:33:19>  >>>> CYCLE
<Jan20-2022> <13:33:19>              |Error|         MaxErr       Wt(A-DIIS)
<Jan20-2022> <13:33:19>      1      0.00000000      0.00000000
<Jan20-2022> <13:33:19>      2      8.77210307      5.53374266    100.0
<Jan20-2022> <13:33:19>      3      3.60058093      2.49154808    100.0
<Jan20-2022> <13:33:19>      4      1.20505529      0.62472425    100.0
<Jan20-2022> <13:33:19>      5      1.46502638      0.81213311    100.0
<Jan20-2022> <13:33:19>      6      0.15089362      0.09131786     91.2
<Jan20-2022> <13:33:19>      7      0.14397311      0.08251182     82.3
<Jan20-2022> <13:33:19>      8      0.00183259      0.00123681      0.2
<Jan20-2022> <13:33:19>      9      0.00015629      0.00008105      0.0
<Jan20-2022> <13:33:20>     10      0.00001324      0.00000629      0.0
<Jan20-2022> <13:33:20>     11      0.00000006      0.00000003      0.0
<Jan20-2022> <13:33:20>     12      0.00000000      0.00000000      0.0
<Jan20-2022> <13:33:20>  SCF converged
<Jan20-2022> <13:33:20>     13      0.00000000      0.00000000      0.0
<Jan20-2022> <13:33:20>  >>>> POPAN
<Jan20-2022> <13:33:20>  >>>> DEBYE
<Jan20-2022> <13:33:20>  *** GOStep1 ***
<Jan20-2022> <13:33:20>  >>>> FRAGM
<Jan20-2022> <13:33:20>  Coordinates
<Jan20-2022> <13:33:20>     Atom         X           Y           Z   (Angstrom)
<Jan20-2022> <13:33:20>     1.C         0.312247    0.445199    0.000000
<Jan20-2022> <13:33:20>     2.C         0.983914   -0.714308    0.000000
<Jan20-2022> <13:33:20>     3.H         0.458423   -1.668047    0.000000
<Jan20-2022> <13:33:20>     4.C        -1.162784    0.485254    0.000000
<Jan20-2022> <13:33:20>     5.H         0.823132    1.407065    0.000000
<Jan20-2022> <13:33:20>     6.O        -1.824058    1.507291    0.000000
<Jan20-2022> <13:33:20>     7.H         2.053264   -0.751598    0.000000
<Jan20-2022> <13:33:20>     8.H        -1.635503   -0.474661    0.000000
<Jan20-2022> <13:33:20>  >>>> CORORT
<Jan20-2022> <13:33:20>  >>>> CLSMAT
<Jan20-2022> <13:33:20>  >>>> ORTHON
<Jan20-2022> <13:33:20>  >>>> GENPT
<Jan20-2022> <13:33:20>  Block Length= 128
<Jan20-2022> <13:33:20>  >>>> PTBAS
<Jan20-2022> <13:33:26>  >>>> CYCLE
<Jan20-2022> <13:33:41>              |Error|         MaxErr       Wt(A-DIIS)
<Jan20-2022> <13:33:41>      1      4.64097388      1.05951462
<Jan20-2022> <13:33:52>      2      0.77954014      0.17318640    100.0
<Jan20-2022> <13:34:04>      3      0.41247018      0.07592035    100.0
<Jan20-2022> <13:34:16>      4      0.57884677      0.12735143    100.0
<Jan20-2022> <13:34:29>      5      0.13209004      0.03902793     38.4
<Jan20-2022> <13:34:41>      6      0.19512647      0.06120979    100.0
<Jan20-2022> <13:34:53>      7      0.03683533      0.00578912      4.8
<Jan20-2022> <13:35:04>      8      0.00925904      0.00294844      2.0
<Jan20-2022> <13:35:16>      9      0.00232889      0.00055005      0.0
<Jan20-2022> <13:35:29>     10      0.00018896      0.00002692      0.0
<Jan20-2022> <13:35:40>     11      0.00003805      0.00000602      0.0
<Jan20-2022> <13:35:53>     12      0.00000716      0.00000152      0.0
<Jan20-2022> <13:36:05>     13      0.00000119      0.00000025      0.0
<Jan20-2022> <13:36:08>  SCF converged
<Jan20-2022> <13:36:18>     14      0.00000015      0.00000003      0.0
<Jan20-2022> <13:36:21>  >>>> TOTEN
<Jan20-2022> <13:36:38>  >>>> POPAN
<Jan20-2022> <13:36:38>  >>>> DEBYE
<Jan20-2022> <13:36:38>  >>>> ENGRAD
<Jan20-2022> <13:37:03>  current energy                               -1.68586010 Hartree
<Jan20-2022> <13:37:03>  energy change                      -1.68586010     0.00008000    F
<Jan20-2022> <13:37:03>  constrained gradient max            0.04898820     0.00100000    F
<Jan20-2022> <13:37:03>  constrained gradient rms            0.01632863     0.00066667    F
<Jan20-2022> <13:37:03>  gradient max                        0.04898820
<Jan20-2022> <13:37:03>  gradient rms                        0.01632863
<Jan20-2022> <13:37:03>  cart. step max                      0.02097665     0.01000000    F
<Jan20-2022> <13:37:03>  cart. step rms                      0.00661062     0.00666667    T
<Jan20-2022> <13:37:03>  Iteration 2
<Jan20-2022> <13:37:03>  *** GOStep2 ***
<Jan20-2022> <13:37:03>  >>>> FRAGM
<Jan20-2022> <13:37:03>  Coordinates
<Jan20-2022> <13:37:03>     Atom         X           Y           Z   (Angstrom)
<Jan20-2022> <13:37:03>     1.C         0.313308    0.447857    0.000000
<Jan20-2022> <13:37:03>     2.C         0.983675   -0.712777    0.000000
<Jan20-2022> <13:37:03>     3.H         0.455906   -1.665384    0.000000
<Jan20-2022> <13:37:03>     4.C        -1.162391    0.489087    0.000000
<Jan20-2022> <13:37:03>     5.H         0.826178    1.408731    0.000000
<Jan20-2022> <13:37:03>     6.O        -1.819957    1.516953    0.000000
<Jan20-2022> <13:37:03>     7.H         2.064996   -0.752634    0.000000
<Jan20-2022> <13:37:03>     8.H        -1.653080   -0.495638    0.000000
<Jan20-2022> <13:37:03>  >>>> CORORT
<Jan20-2022> <13:37:03>  >>>> CLSMAT
<Jan20-2022> <13:37:03>  >>>> ORTHON
<Jan20-2022> <13:37:03>  >>>> GENPT
<Jan20-2022> <13:37:03>  Block Length= 128
<Jan20-2022> <13:37:04>  >>>> PTBAS
<Jan20-2022> <13:37:10>  >>>> CYCLE
<Jan20-2022> <13:37:18>  using orbital data from restart file
<Jan20-2022> <13:37:26>              |Error|         MaxErr       Wt(A-DIIS)
<Jan20-2022> <13:37:26>      1      0.08821114      0.04050363
<Jan20-2022> <13:37:39>      2      0.01473162      0.00390800    100.0
<Jan20-2022> <13:37:51>      3      0.03481837      0.01096871    100.0
<Jan20-2022> <13:38:03>      4      0.00747365      0.00139156      0.4
<Jan20-2022> <13:38:15>      5      0.00135601      0.00020433      0.0
<Jan20-2022> <13:38:26>      6      0.00052342      0.00011963      0.0
<Jan20-2022> <13:38:39>      7      0.00023260      0.00007513      0.0
<Jan20-2022> <13:38:51>      8      0.00004679      0.00000848      0.0
<Jan20-2022> <13:39:03>      9      0.00000670      0.00000128      0.0
<Jan20-2022> <13:39:15>     10      0.00000075      0.00000018      0.0
<Jan20-2022> <13:39:19>  SCF converged
<Jan20-2022> <13:39:28>     11      0.00000017      0.00000003      0.0
<Jan20-2022> <13:39:31>  >>>> TOTEN
<Jan20-2022> <13:39:48>  >>>> POPAN
<Jan20-2022> <13:39:48>  >>>> DEBYE
<Jan20-2022> <13:39:48>  >>>> ENGRAD
<Jan20-2022> <13:40:12>  current energy                               -1.68711032 Hartree
<Jan20-2022> <13:40:12>  energy change                      -0.00125022     0.00008000    F
<Jan20-2022> <13:40:12>  constrained gradient max            0.02096124     0.00100000    F
<Jan20-2022> <13:40:12>  constrained gradient rms            0.00607985     0.00066667    F
<Jan20-2022> <13:40:12>  gradient max                        0.02096124
<Jan20-2022> <13:40:12>  gradient rms                        0.00607985
<Jan20-2022> <13:40:12>  cart. step max                      0.00854789     0.01000000    T
<Jan20-2022> <13:40:12>  cart. step rms                      0.00262175     0.00666667    T
<Jan20-2022> <13:40:12>  Iteration 3
<Jan20-2022> <13:40:13>  *** GOStep3 ***
<Jan20-2022> <13:40:13>  >>>> FRAGM
<Jan20-2022> <13:40:13>  Coordinates
<Jan20-2022> <13:40:13>     Atom         X           Y           Z   (Angstrom)
<Jan20-2022> <13:40:13>     1.C         0.313656    0.449214    0.000000
<Jan20-2022> <13:40:13>     2.C         0.982697   -0.712055    0.000000
<Jan20-2022> <13:40:13>     3.H         0.454393   -1.664306    0.000000
<Jan20-2022> <13:40:13>     4.C        -1.161281    0.493056    0.000000
<Jan20-2022> <13:40:13>     5.H         0.827043    1.409665    0.000000
<Jan20-2022> <13:40:13>     6.O        -1.817209    1.517817    0.000000
<Jan20-2022> <13:40:13>     7.H         2.068933   -0.753010    0.000000
<Jan20-2022> <13:40:13>     8.H        -1.659597   -0.504186    0.000000
<Jan20-2022> <13:40:13>  >>>> CORORT
<Jan20-2022> <13:40:13>  >>>> CLSMAT
<Jan20-2022> <13:40:13>  >>>> ORTHON
<Jan20-2022> <13:40:13>  >>>> GENPT
<Jan20-2022> <13:40:13>  Block Length= 128
<Jan20-2022> <13:40:14>  >>>> PTBAS
<Jan20-2022> <13:40:19>  >>>> CYCLE
<Jan20-2022> <13:40:27>  using orbital data from restart file
<Jan20-2022> <13:40:36>              |Error|         MaxErr       Wt(A-DIIS)
<Jan20-2022> <13:40:36>      1      0.04400205      0.01993300
<Jan20-2022> <13:40:48>      2      0.00915037      0.00262146    100.0
<Jan20-2022> <13:41:00>      3      0.02846011      0.00810896    100.0
