<Jan22-2022> <23:36:43>  AMS 2021.102  RunTime: Jan22-2022 23:36:43  ShM Nodes: 1  Procs: 4
<Jan22-2022> <23:36:44>  ADF 2021.102  RunTime: Jan22-2022 23:36:44  ShM Nodes: 1  Procs: 4
<Jan22-2022> <23:36:44>  *** (NO TITLE) ***
<Jan22-2022> <23:36:44>  Iteration 1
<Jan22-2022> <23:36:44>  DIRAC 2021.102  RunTime: Jan22-2022 23:36:44  ShM Nodes: 1  Procs: 1
<Jan22-2022> <23:36:45>  Carbon (TZ2P)
<Jan22-2022> <23:36:45>  Net Charge: 0 (Nuclei minus Electrons)
<Jan22-2022> <23:36:45>  Symmetry  : ATOM
<Jan22-2022> <23:36:45>  Coordinates
<Jan22-2022> <23:36:45>     Atom         X           Y           Z   (Angstrom)
<Jan22-2022> <23:36:45>     1.C         0.000000    0.000000    0.000000
<Jan22-2022> <23:36:45>  >>>> CORORT
<Jan22-2022> <23:36:45>  >>>> CLSMAT
<Jan22-2022> <23:36:45>  >>>> ORTHON
<Jan22-2022> <23:36:45>  >>>> GENPT
<Jan22-2022> <23:36:45>  Block Length=  72
<Jan22-2022> <23:36:45>  >>>> PTBAS
<Jan22-2022> <23:36:45>  >>>> CYCLE
<Jan22-2022> <23:36:45>              |Error|         MaxErr       Wt(A-DIIS)
<Jan22-2022> <23:36:45>      1      0.00000000      0.00000000
<Jan22-2022> <23:36:45>      2      4.48405934      3.32161898    100.0
<Jan22-2022> <23:36:45>      3      1.60718414      1.28408746    100.0
<Jan22-2022> <23:36:45>      4      0.76426456      0.62272052    100.0
<Jan22-2022> <23:36:45>      5      0.36119063      0.28553990    100.0
<Jan22-2022> <23:36:45>      6      0.14821424      0.11559867    100.0
<Jan22-2022> <23:36:45>      7      0.10108424      0.07867111     78.5
<Jan22-2022> <23:36:45>      8      0.01786531      0.01387049     13.0
<Jan22-2022> <23:36:45>      9      0.00195746      0.00153262      0.5
<Jan22-2022> <23:36:45>     10      0.00001058      0.00000730      0.0
<Jan22-2022> <23:36:45>     11      0.00000047      0.00000027      0.0
<Jan22-2022> <23:36:45>     12      0.00000003      0.00000002      0.0
<Jan22-2022> <23:36:45>     13      0.00000000      0.00000000      0.0
<Jan22-2022> <23:36:46>  SCF converged
<Jan22-2022> <23:36:46>     14      0.00000000      0.00000000      0.0
<Jan22-2022> <23:36:46>  >>>> POPAN
<Jan22-2022> <23:36:46>  >>>> DEBYE
<Jan22-2022> <23:36:46>  DIRAC 2021.102  RunTime: Jan22-2022 23:36:46  ShM Nodes: 1  Procs: 1
<Jan22-2022> <23:36:46>  Hydrogen (TZ2P)
<Jan22-2022> <23:36:46>  Net Charge: 0 (Nuclei minus Electrons)
<Jan22-2022> <23:36:46>  Symmetry  : ATOM
<Jan22-2022> <23:36:46>  Coordinates
<Jan22-2022> <23:36:46>     Atom         X           Y           Z   (Angstrom)
<Jan22-2022> <23:36:46>     1.H         0.000000    0.000000    0.000000
<Jan22-2022> <23:36:46>  >>>> CORORT
<Jan22-2022> <23:36:46>  >>>> CLSMAT
<Jan22-2022> <23:36:46>  >>>> ORTHON
<Jan22-2022> <23:36:46>  >>>> GENPT
<Jan22-2022> <23:36:46>  Block Length=  64
<Jan22-2022> <23:36:46>  >>>> PTBAS
<Jan22-2022> <23:36:46>  >>>> CYCLE
<Jan22-2022> <23:36:46>              |Error|         MaxErr       Wt(A-DIIS)
<Jan22-2022> <23:36:46>      1      0.00000000      0.00000000
<Jan22-2022> <23:36:46>      2      0.03080019      0.02591482
<Jan22-2022> <23:36:46>      3      0.01140383      0.01135775    100.0
<Jan22-2022> <23:36:46>      4      0.00327656      0.00327407      2.3
<Jan22-2022> <23:36:46>      5      0.00010041      0.00009754      0.0
<Jan22-2022> <23:36:46>      6      0.00000525      0.00000504      0.0
<Jan22-2022> <23:36:46>      7      0.00000007      0.00000007      0.0
<Jan22-2022> <23:36:47>      8      0.00000000      0.00000000      0.0
<Jan22-2022> <23:36:47>  SCF converged
<Jan22-2022> <23:36:47>      9      0.00000000      0.00000000      0.0
<Jan22-2022> <23:36:47>  >>>> POPAN
<Jan22-2022> <23:36:47>  >>>> DEBYE
<Jan22-2022> <23:36:47>  DIRAC 2021.102  RunTime: Jan22-2022 23:36:47  ShM Nodes: 1  Procs: 1
<Jan22-2022> <23:36:47>  Oxygen (TZ2P)
<Jan22-2022> <23:36:47>  Net Charge: 0 (Nuclei minus Electrons)
<Jan22-2022> <23:36:47>  Symmetry  : ATOM
<Jan22-2022> <23:36:47>  Coordinates
<Jan22-2022> <23:36:47>     Atom         X           Y           Z   (Angstrom)
<Jan22-2022> <23:36:47>     1.O         0.000000    0.000000    0.000000
<Jan22-2022> <23:36:47>  >>>> CORORT
<Jan22-2022> <23:36:47>  >>>> CLSMAT
<Jan22-2022> <23:36:47>  >>>> ORTHON
<Jan22-2022> <23:36:47>  >>>> GENPT
<Jan22-2022> <23:36:47>  Block Length=  68
<Jan22-2022> <23:36:47>  >>>> PTBAS
<Jan22-2022> <23:36:47>  >>>> CYCLE
<Jan22-2022> <23:36:48>              |Error|         MaxErr       Wt(A-DIIS)
<Jan22-2022> <23:36:48>      1      0.00000000      0.00000000
<Jan22-2022> <23:36:48>      2      8.77210307      5.53374266    100.0
<Jan22-2022> <23:36:48>      3      3.60058093      2.49154808    100.0
<Jan22-2022> <23:36:48>      4      1.20505529      0.62472425    100.0
<Jan22-2022> <23:36:48>      5      1.46502638      0.81213311    100.0
<Jan22-2022> <23:36:48>      6      0.15089362      0.09131786     91.2
<Jan22-2022> <23:36:48>      7      0.14397311      0.08251182     82.3
<Jan22-2022> <23:36:48>      8      0.00183259      0.00123681      0.2
<Jan22-2022> <23:36:48>      9      0.00015629      0.00008105      0.0
<Jan22-2022> <23:36:48>     10      0.00001324      0.00000629      0.0
<Jan22-2022> <23:36:48>     11      0.00000006      0.00000003      0.0
<Jan22-2022> <23:36:48>     12      0.00000000      0.00000000      0.0
<Jan22-2022> <23:36:48>  SCF converged
<Jan22-2022> <23:36:48>     13      0.00000000      0.00000000      0.0
<Jan22-2022> <23:36:48>  >>>> POPAN
<Jan22-2022> <23:36:48>  >>>> DEBYE
<Jan22-2022> <23:36:48>  *** GOStep1 ***
<Jan22-2022> <23:36:48>  >>>> FRAGM
<Jan22-2022> <23:36:48>  Coordinates
<Jan22-2022> <23:36:48>     Atom         X           Y           Z   (Angstrom)
<Jan22-2022> <23:36:48>     1.C         0.819233   -0.208329    0.880204
<Jan22-2022> <23:36:48>     2.C         0.854550   -0.337482   -0.469768
<Jan22-2022> <23:36:48>     3.C        -1.550404   -0.452300   -1.308917
<Jan22-2022> <23:36:48>     4.H         0.845467   -1.092712    1.518245
<Jan22-2022> <23:36:48>     5.C         0.722840    1.091050    1.567329
<Jan22-2022> <23:36:48>     6.H        -1.737852   -1.503470   -1.122775
<Jan22-2022> <23:36:48>     7.H         0.929235    0.545369   -1.096767
<Jan22-2022> <23:36:48>     8.H        -1.338252   -0.133687   -2.323195
<Jan22-2022> <23:36:48>     9.H        -1.930971    0.278026   -0.606057
<Jan22-2022> <23:36:48>    10.O         0.587775    2.181096    1.024590
<Jan22-2022> <23:36:48>    11.H         1.011198   -1.289622   -0.932144
<Jan22-2022> <23:36:48>    12.H         0.778285    1.021923    2.633653
<Jan22-2022> <23:36:48>  >>>> CORORT
<Jan22-2022> <23:36:48>  >>>> CLSMAT
<Jan22-2022> <23:36:48>  >>>> ORTHON
<Jan22-2022> <23:36:49>  >>>> GENPT
<Jan22-2022> <23:36:49>  Block Length= 128
<Jan22-2022> <23:36:49>  >>>> PTBAS
<Jan22-2022> <23:36:57>  >>>> CYCLE
<Jan22-2022> <23:37:28>              |Error|         MaxErr       Wt(A-DIIS)
<Jan22-2022> <23:37:28>      1      5.03966366      0.51985461
<Jan22-2022> <23:37:53>      2      0.90101579      0.09012260    100.0
<Jan22-2022> <23:38:19>      3      0.48215671      0.04023572    100.0
<Jan22-2022> <23:38:45>      4      0.68487315      0.06759142    100.0
<Jan22-2022> <23:39:10>      5      0.14846551      0.02273509     22.0
<Jan22-2022> <23:39:36>      6      0.15267949      0.02456071     22.0
<Jan22-2022> <23:40:02>      7      0.02731143      0.00289604      1.9
<Jan22-2022> <23:40:27>      8      0.01106177      0.00159137      0.6
<Jan22-2022> <23:40:52>      9      0.00589393      0.00090660      0.0
<Jan22-2022> <23:41:18>     10      0.00204541      0.00018860      0.0
<Jan22-2022> <23:41:44>     11      0.00098935      0.00007985      0.0
<Jan22-2022> <23:42:09>     12      0.00029499      0.00002056      0.0
<Jan22-2022> <23:42:34>     13      0.00009306      0.00001193      0.0
<Jan22-2022> <23:43:00>     14      0.00003519      0.00000346      0.0
<Jan22-2022> <23:43:26>     15      0.00001128      0.00000079      0.0
<Jan22-2022> <23:43:51>     16      0.00000757      0.00000071      0.0
<Jan22-2022> <23:43:58>  SCF converged
<Jan22-2022> <23:44:17>     17      0.00000194      0.00000012      0.0
<Jan22-2022> <23:44:23>  >>>> TOTEN
<Jan22-2022> <23:44:50>  >>>> POPAN
<Jan22-2022> <23:44:50>  >>>> DEBYE
<Jan22-2022> <23:44:50>  >>>> ENGRAD
<Jan22-2022> <23:45:25>  current energy                               -2.32437389 Hartree
<Jan22-2022> <23:45:25>  energy change                      -2.32437389     0.00012000    F
<Jan22-2022> <23:45:25>  constrained gradient max            0.05357861     0.00100000    F
<Jan22-2022> <23:45:25>  constrained gradient rms            0.01291166     0.00066667    F
<Jan22-2022> <23:45:25>  gradient max                        0.05357861
<Jan22-2022> <23:45:25>  gradient rms                        0.01291166
<Jan22-2022> <23:45:25>  cart. step max                      0.03286687     0.01000000    F
<Jan22-2022> <23:45:25>  cart. step rms                      0.00698496     0.00666667    F
<Jan22-2022> <23:45:25>  Iteration 2
<Jan22-2022> <23:45:25>  *** GOStep2 ***
<Jan22-2022> <23:45:26>  >>>> FRAGM
<Jan22-2022> <23:45:26>  Coordinates
<Jan22-2022> <23:45:26>     Atom         X           Y           Z   (Angstrom)
<Jan22-2022> <23:45:26>     1.C         0.816674   -0.206543    0.879736
<Jan22-2022> <23:45:26>     2.C         0.850804   -0.333081   -0.471464
<Jan22-2022> <23:45:26>     3.C        -1.552386   -0.455125   -1.313413
<Jan22-2022> <23:45:26>     4.H         0.845068   -1.091359    1.516122
<Jan22-2022> <23:45:26>     5.C         0.726339    1.090912    1.570332
<Jan22-2022> <23:45:26>     6.H        -1.737104   -1.505694   -1.122711
<Jan22-2022> <23:45:26>     7.H         0.923860    0.551329   -1.096592
<Jan22-2022> <23:45:26>     8.H        -1.338673   -0.140959   -2.328582
<Jan22-2022> <23:45:26>     9.H        -1.935766    0.277527   -0.614801
<Jan22-2022> <23:45:26>    10.O         0.597071    2.177019    1.019199
<Jan22-2022> <23:45:26>    11.H         1.010179   -1.293874   -0.939948
<Jan22-2022> <23:45:26>    12.H         0.785038    1.029708    2.666520
<Jan22-2022> <23:45:26>  >>>> CORORT
<Jan22-2022> <23:45:26>  >>>> CLSMAT
<Jan22-2022> <23:45:26>  >>>> ORTHON
<Jan22-2022> <23:45:26>  >>>> GENPT
<Jan22-2022> <23:45:26>  Block Length= 128
<Jan22-2022> <23:45:27>  >>>> PTBAS
<Jan22-2022> <23:45:34>  >>>> CYCLE
<Jan22-2022> <23:45:47>  using orbital data from restart file
<Jan22-2022> <23:46:05>              |Error|         MaxErr       Wt(A-DIIS)
<Jan22-2022> <23:46:05>      1      0.09215847      0.02052208
<Jan22-2022> <23:46:31>      2      0.01113054      0.00127824    100.0
<Jan22-2022> <23:46:56>      3      0.02132564      0.00328662    100.0
<Jan22-2022> <23:47:22>      4      0.00478175      0.00045682      0.0
<Jan22-2022> <23:47:48>      5      0.00190429      0.00019577      0.0
<Jan22-2022> <23:48:13>      6      0.00034723      0.00002133      0.0
<Jan22-2022> <23:48:39>      7      0.00020512      0.00002894      0.0
<Jan22-2022> <23:49:04>      8      0.00003866      0.00000582      0.0
<Jan22-2022> <23:49:29>      9      0.00001872      0.00000174      0.0
<Jan22-2022> <23:49:54>     10      0.00000824      0.00000086      0.0
<Jan22-2022> <23:50:01>  SCF converged
<Jan22-2022> <23:50:19>     11      0.00000284      0.00000025      0.0
<Jan22-2022> <23:50:26>  >>>> TOTEN
<Jan22-2022> <23:50:53>  >>>> POPAN
<Jan22-2022> <23:50:53>  >>>> DEBYE
<Jan22-2022> <23:50:53>  >>>> ENGRAD
<Jan22-2022> <23:51:28>  current energy                               -2.32557990 Hartree
<Jan22-2022> <23:51:28>  energy change                      -0.00120601     0.00012000    F
<Jan22-2022> <23:51:28>  constrained gradient max            0.01972316     0.00100000    F
<Jan22-2022> <23:51:28>  constrained gradient rms            0.00460048     0.00066667    F
<Jan22-2022> <23:51:28>  gradient max                        0.01972316
<Jan22-2022> <23:51:28>  gradient rms                        0.00460048
<Jan22-2022> <23:51:28>  cart. step max                      0.01305369     0.01000000    F
<Jan22-2022> <23:51:28>  cart. step rms                      0.00379185     0.00666667    T
<Jan22-2022> <23:51:28>  Iteration 3
<Jan22-2022> <23:51:28>  *** GOStep3 ***
<Jan22-2022> <23:51:28>  >>>> FRAGM
<Jan22-2022> <23:51:28>  Coordinates
<Jan22-2022> <23:51:28>     Atom         X           Y           Z   (Angstrom)
<Jan22-2022> <23:51:28>     1.C         0.817345   -0.205443    0.877845
<Jan22-2022> <23:51:28>     2.C         0.848100   -0.330782   -0.473739
<Jan22-2022> <23:51:28>     3.C        -1.552319   -0.455555   -1.314392
<Jan22-2022> <23:51:28>     4.H         0.845587   -1.089598    1.514756
<Jan22-2022> <23:51:28>     5.C         0.733188    1.091172    1.568771
<Jan22-2022> <23:51:28>     6.H        -1.736160   -1.504630   -1.115631
<Jan22-2022> <23:51:28>     7.H         0.921759    0.553131   -1.099507
<Jan22-2022> <23:51:28>     8.H        -1.337217   -0.149495   -2.331666
<Jan22-2022> <23:51:28>     9.H        -1.935914    0.282363   -0.621579
<Jan22-2022> <23:51:28>    10.O         0.595788    2.177232    1.023125
<Jan22-2022> <23:51:28>    11.H         1.007743   -1.296086   -0.943159
<Jan22-2022> <23:51:28>    12.H         0.783204    1.027553    2.679574
<Jan22-2022> <23:51:28>  >>>> CORORT
<Jan22-2022> <23:51:28>  >>>> CLSMAT
<Jan22-2022> <23:51:28>  >>>> ORTHON
<Jan22-2022> <23:51:28>  >>>> GENPT
<Jan22-2022> <23:51:29>  Block Length= 128
<Jan22-2022> <23:51:29>  >>>> PTBAS
<Jan22-2022> <23:51:37>  >>>> CYCLE
<Jan22-2022> <23:51:49>  using orbital data from restart file
<Jan22-2022> <23:52:08>              |Error|         MaxErr       Wt(A-DIIS)
<Jan22-2022> <23:52:08>      1      0.04446236      0.01020994
<Jan22-2022> <23:52:34>      2      0.00691550      0.00098121    100.0
<Jan22-2022> <23:52:59>      3      0.01629171      0.00268207    100.0
<Jan22-2022> <23:53:24>      4      0.00315692      0.00030376      0.0
<Jan22-2022> <23:53:49>      5      0.00099328      0.00008648      0.0
<Jan22-2022> <23:54:14>      6      0.00024884      0.00002662      0.0
<Jan22-2022> <23:54:40>      7      0.00016009      0.00002533      0.0
<Jan22-2022> <23:55:05>      8      0.00002762      0.00000418      0.0
<Jan22-2022> <23:55:30>      9      0.00001331      0.00000101      0.0
<Jan22-2022> <23:55:56>     10      0.00000781      0.00000076      0.0
<Jan22-2022> <23:56:02>  SCF converged
<Jan22-2022> <23:56:21>     11      0.00000251      0.00000026      0.0
<Jan22-2022> <23:56:27>  >>>> TOTEN
<Jan22-2022> <23:56:54>  >>>> POPAN
<Jan22-2022> <23:56:54>  >>>> DEBYE
<Jan22-2022> <23:56:54>  >>>> ENGRAD
<Jan22-2022> <23:57:29>  current energy                               -2.32573143 Hartree
<Jan22-2022> <23:57:29>  energy change                      -0.00015153     0.00012000    F
<Jan22-2022> <23:57:29>  constrained gradient max            0.00410537     0.00100000    F
<Jan22-2022> <23:57:29>  constrained gradient rms            0.00102463     0.00066667    F
<Jan22-2022> <23:57:29>  gradient max                        0.00410537
<Jan22-2022> <23:57:29>  gradient rms                        0.00102463
<Jan22-2022> <23:57:29>  cart. step max                      0.03213745     0.01000000    F
<Jan22-2022> <23:57:29>  cart. step rms                      0.01192521     0.00666667    F
<Jan22-2022> <23:57:29>  Iteration 4
<Jan22-2022> <23:57:30>  *** GOStep4 ***
<Jan22-2022> <23:57:30>  >>>> FRAGM
<Jan22-2022> <23:57:30>  Coordinates
<Jan22-2022> <23:57:30>     Atom         X           Y           Z   (Angstrom)
<Jan22-2022> <23:57:30>     1.C         0.810418   -0.203773    0.877771
<Jan22-2022> <23:57:30>     2.C         0.837834   -0.321379   -0.474992
<Jan22-2022> <23:57:30>     3.C        -1.551806   -0.460412   -1.319983
<Jan22-2022> <23:57:30>     4.H         0.840105   -1.089812    1.511490
<Jan22-2022> <23:57:30>     5.C         0.716919    1.087974    1.574360
<Jan22-2022> <23:57:30>     6.H        -1.734644   -1.504205   -1.094736
<Jan22-2022> <23:57:30>     7.H         0.912716    0.563644   -1.098874
<Jan22-2022> <23:57:30>     8.H        -1.329921   -0.181633   -2.343591
<Jan22-2022> <23:57:30>     9.H        -1.939375    0.295354   -0.648850
<Jan22-2022> <23:57:30>    10.O         0.609100    2.181853    1.038152
<Jan22-2022> <23:57:30>    11.H         1.005699   -1.285875   -0.946140
<Jan22-2022> <23:57:30>    12.H         0.814057    1.018122    2.689793
<Jan22-2022> <23:57:30>  >>>> CORORT
<Jan22-2022> <23:57:30>  >>>> CLSMAT
<Jan22-2022> <23:57:30>  >>>> ORTHON
<Jan22-2022> <23:57:30>  >>>> GENPT
<Jan22-2022> <23:57:30>  Block Length= 128
<Jan22-2022> <23:57:31>  >>>> PTBAS
<Jan22-2022> <23:57:39>  >>>> CYCLE
<Jan22-2022> <23:57:51>  using orbital data from restart file
<Jan22-2022> <23:58:10>              |Error|         MaxErr       Wt(A-DIIS)
<Jan22-2022> <23:58:10>      1      0.07571581      0.01658054
<Jan22-2022> <23:58:35>      2      0.00995215      0.00099441    100.0
<Jan22-2022> <23:59:00>      3      0.01364790      0.00152231    100.0
<Jan22-2022> <23:59:25>      4      0.00455349      0.00061268      0.0
<Jan22-2022> <23:59:51>      5      0.00141698      0.00016949      0.0
<Jan23-2022> <00:00:17>      6      0.00063603      0.00006224      0.0
<Jan23-2022> <00:00:42>      7      0.00034032      0.00005088      0.0
<Jan23-2022> <00:01:07>      8      0.00012058      0.00001470      0.0
<Jan23-2022> <00:01:33>      9      0.00005720      0.00000422      0.0
<Jan23-2022> <00:01:58>     10      0.00001946      0.00000137      0.0
<Jan23-2022> <00:02:23>     11      0.00000774      0.00000070      0.0
<Jan23-2022> <00:02:30>  SCF converged
<Jan23-2022> <00:02:48>     12      0.00000378      0.00000026      0.0
<Jan23-2022> <00:02:54>  >>>> TOTEN
<Jan23-2022> <00:03:21>  >>>> POPAN
<Jan23-2022> <00:03:21>  >>>> DEBYE
<Jan23-2022> <00:03:22>  >>>> ENGRAD
<Jan23-2022> <00:03:56>  current energy                               -2.32562237 Hartree
<Jan23-2022> <00:03:56>  energy change                       0.00010907     0.00012000    T
<Jan23-2022> <00:03:56>  constrained gradient max            0.01332934     0.00100000    F
<Jan23-2022> <00:03:56>  constrained gradient rms            0.00300536     0.00066667    F
<Jan23-2022> <00:03:56>  gradient max                        0.01332934
<Jan23-2022> <00:03:56>  gradient rms                        0.00300536
<Jan23-2022> <00:03:56>  cart. step max                      0.02283107     0.01000000    F
<Jan23-2022> <00:03:56>  cart. step rms                      0.00655017     0.00666667    T
<Jan23-2022> <00:03:56>  Iteration 5
<Jan23-2022> <00:03:57>  *** GOStep5 ***
<Jan23-2022> <00:03:57>  >>>> FRAGM
<Jan23-2022> <00:03:57>  Coordinates
<Jan23-2022> <00:03:57>     Atom         X           Y           Z   (Angstrom)
<Jan23-2022> <00:03:57>     1.C         0.817841   -0.204744    0.875735
<Jan23-2022> <00:03:57>     2.C         0.841402   -0.326088   -0.477121
<Jan23-2022> <00:03:57>     3.C        -1.549597   -0.455101   -1.315334
<Jan23-2022> <00:03:57>     4.H         0.848197   -1.090096    1.510372
<Jan23-2022> <00:03:57>     5.C         0.726834    1.087581    1.571907
<Jan23-2022> <00:03:57>     6.H        -1.736948   -1.497598   -1.087726
<Jan23-2022> <00:03:57>     7.H         0.918566    0.557774   -1.102337
<Jan23-2022> <00:03:57>     8.H        -1.329675   -0.178802   -2.340062
<Jan23-2022> <00:03:57>     9.H        -1.932519    0.303334   -0.644651
<Jan23-2022> <00:03:57>    10.O         0.586269    2.177750    1.035033
<Jan23-2022> <00:03:57>    11.H         1.003966   -1.290538   -0.947259
<Jan23-2022> <00:03:57>    12.H         0.796769    1.016389    2.685840
<Jan23-2022> <00:03:57>  >>>> CORORT
<Jan23-2022> <00:03:57>  >>>> CLSMAT
<Jan23-2022> <00:03:57>  >>>> ORTHON
<Jan23-2022> <00:03:57>  >>>> GENPT
<Jan23-2022> <00:03:57>  Block Length= 128
<Jan23-2022> <00:03:58>  >>>> PTBAS
<Jan23-2022> <00:04:05>  >>>> CYCLE
<Jan23-2022> <00:04:18>  using orbital data from restart file
<Jan23-2022> <00:04:37>              |Error|         MaxErr       Wt(A-DIIS)
<Jan23-2022> <00:04:37>      1      0.07069525      0.01825745
<Jan23-2022> <00:05:02>      2      0.00795063      0.00091138    100.0
<Jan23-2022> <00:05:27>      3      0.01534744      0.00179019    100.0
<Jan23-2022> <00:05:52>      4      0.00335215      0.00040063      0.0
<Jan23-2022> <00:06:18>      5      0.00094570      0.00011131      0.0
<Jan23-2022> <00:06:43>      6      0.00045135      0.00004127      0.0
<Jan23-2022> <00:07:09>      7      0.00018824      0.00002800      0.0
<Jan23-2022> <00:07:34>      8      0.00006480      0.00000747      0.0
<Jan23-2022> <00:07:59>      9      0.00001725      0.00000109      0.0
<Jan23-2022> <00:08:24>     10      0.00000765      0.00000056      0.0
<Jan23-2022> <00:08:31>  SCF converged
<Jan23-2022> <00:08:49>     11      0.00000259      0.00000029      0.0
<Jan23-2022> <00:08:56>  >>>> TOTEN
<Jan23-2022> <00:09:23>  >>>> POPAN
<Jan23-2022> <00:09:23>  >>>> DEBYE
<Jan23-2022> <00:09:23>  >>>> ENGRAD
<Jan23-2022> <00:09:58>  current energy                               -2.32577938 Hartree
<Jan23-2022> <00:09:58>  energy change                      -0.00015702     0.00012000    F
<Jan23-2022> <00:09:58>  constrained gradient max            0.00269891     0.00100000    F
<Jan23-2022> <00:09:58>  constrained gradient rms            0.00071170     0.00066667    F
<Jan23-2022> <00:09:58>  gradient max                        0.00269891
<Jan23-2022> <00:09:58>  gradient rms                        0.00071170
<Jan23-2022> <00:09:58>  cart. step max                      0.01314316     0.01000000    F
<Jan23-2022> <00:09:58>  cart. step rms                      0.00459803     0.00666667    T
<Jan23-2022> <00:09:58>  Iteration 6
<Jan23-2022> <00:09:58>  *** GOStep6 ***
<Jan23-2022> <00:09:58>  >>>> FRAGM
<Jan23-2022> <00:09:58>  Coordinates
<Jan23-2022> <00:09:58>     Atom         X           Y           Z   (Angstrom)
<Jan23-2022> <00:09:58>     1.C         0.818070   -0.204982    0.875423
<Jan23-2022> <00:09:58>     2.C         0.837993   -0.324383   -0.478073
<Jan23-2022> <00:09:58>     3.C        -1.547855   -0.454307   -1.315465
<Jan23-2022> <00:09:58>     4.H         0.851568   -1.091689    1.507995
<Jan23-2022> <00:09:58>     5.C         0.727120    1.085834    1.573702
<Jan23-2022> <00:09:58>     6.H        -1.737672   -1.493350   -1.074583
<Jan23-2022> <00:09:58>     7.H         0.916599    0.560332   -1.101981
<Jan23-2022> <00:09:58>     8.H        -1.326035   -0.191877   -2.343433
<Jan23-2022> <00:09:58>     9.H        -1.931000    0.313441   -0.655549
<Jan23-2022> <00:09:58>    10.O         0.580185    2.175932    1.038753
<Jan23-2022> <00:09:58>    11.H         1.002188   -1.287721   -0.949371
<Jan23-2022> <00:09:58>    12.H         0.799943    1.012630    2.686981
<Jan23-2022> <00:09:58>  >>>> CORORT
<Jan23-2022> <00:09:58>  >>>> CLSMAT
<Jan23-2022> <00:09:58>  >>>> ORTHON
<Jan23-2022> <00:09:58>  >>>> GENPT
<Jan23-2022> <00:09:59>  Block Length= 128
<Jan23-2022> <00:10:00>  >>>> PTBAS
<Jan23-2022> <00:10:07>  >>>> CYCLE
<Jan23-2022> <00:10:20>  using orbital data from restart file
<Jan23-2022> <00:10:39>              |Error|         MaxErr       Wt(A-DIIS)
<Jan23-2022> <00:10:39>      1      0.01854858      0.00343653
<Jan23-2022> <00:11:05>      2      0.00108978      0.00011257    100.0
<Jan23-2022> <00:11:31>      3      0.00064993      0.00005538    100.0
<Jan23-2022> <00:11:56>      4      0.00049246      0.00005312      0.0
<Jan23-2022> <00:12:22>      5      0.00017280      0.00001568      0.0
<Jan23-2022> <00:12:48>      6      0.00009951      0.00000852      0.0
<Jan23-2022> <00:13:13>      7      0.00005561      0.00000480      0.0
<Jan23-2022> <00:13:39>      8      0.00002656      0.00000391      0.0
<Jan23-2022> <00:14:05>      9      0.00001844      0.00000304      0.0
<Jan23-2022> <00:14:31>     10      0.00000484      0.00000075      0.0
<Jan23-2022> <00:14:37>  SCF converged
<Jan23-2022> <00:14:56>     11      0.00000150      0.00000014      0.0
<Jan23-2022> <00:15:03>  >>>> TOTEN
<Jan23-2022> <00:15:31>  >>>> POPAN
<Jan23-2022> <00:15:31>  >>>> DEBYE
<Jan23-2022> <00:15:31>  >>>> ENGRAD
<Jan23-2022> <00:16:06>  current energy                               -2.32579818 Hartree
<Jan23-2022> <00:16:06>  energy change                      -0.00001880     0.00012000    T
<Jan23-2022> <00:16:06>  constrained gradient max            0.00263763     0.00100000    F
<Jan23-2022> <00:16:06>  constrained gradient rms            0.00069512     0.00066667    F
<Jan23-2022> <00:16:06>  gradient max                        0.00263763
<Jan23-2022> <00:16:06>  gradient rms                        0.00069512
<Jan23-2022> <00:16:06>  cart. step max                      0.03220163     0.01000000    F
<Jan23-2022> <00:16:06>  cart. step rms                      0.01097135     0.00666667    F
<Jan23-2022> <00:16:06>  Iteration 7
<Jan23-2022> <00:16:06>  *** GOStep7 ***
<Jan23-2022> <00:16:06>  >>>> FRAGM
<Jan23-2022> <00:16:07>  Coordinates
<Jan23-2022> <00:16:07>     Atom         X           Y           Z   (Angstrom)
<Jan23-2022> <00:16:07>     1.C         0.815642   -0.204483    0.877346
<Jan23-2022> <00:16:07>     2.C         0.843964   -0.328126   -0.474713
<Jan23-2022> <00:16:07>     3.C        -1.551772   -0.456400   -1.316024
<Jan23-2022> <00:16:07>     4.H         0.845141   -1.088714    1.513738
<Jan23-2022> <00:16:07>     5.C         0.729259    1.090166    1.570350
<Jan23-2022> <00:16:07>     6.H        -1.734780   -1.503534   -1.106784
<Jan23-2022> <00:16:07>     7.H         0.919547    0.555318   -1.100766
<Jan23-2022> <00:16:07>     8.H        -1.334082   -0.160799   -2.335829
<Jan23-2022> <00:16:07>     9.H        -1.936337    0.288358   -0.631182
<Jan23-2022> <00:16:07>    10.O         0.596288    2.178618    1.028847
<Jan23-2022> <00:16:07>    11.H         1.005386   -1.293155   -0.943742
<Jan23-2022> <00:16:07>    12.H         0.792849    1.022611    2.683158
<Jan23-2022> <00:16:07>  >>>> CORORT
<Jan23-2022> <00:16:07>  >>>> CLSMAT
<Jan23-2022> <00:16:07>  >>>> ORTHON
<Jan23-2022> <00:16:07>  >>>> GENPT
<Jan23-2022> <00:16:07>  Block Length= 128
<Jan23-2022> <00:16:08>  >>>> PTBAS
<Jan23-2022> <00:16:15>  >>>> CYCLE
<Jan23-2022> <00:16:29>  using orbital data from restart file
<Jan23-2022> <00:16:48>              |Error|         MaxErr       Wt(A-DIIS)
<Jan23-2022> <00:16:48>      1      0.04389480      0.00767779
<Jan23-2022> <00:17:14>      2      0.00385345      0.00034174    100.0
<Jan23-2022> <00:17:39>      3      0.00829749      0.00072449    100.0
<Jan23-2022> <00:18:05>      4      0.00196978      0.00019648      0.0
<Jan23-2022> <00:18:31>      5      0.00076573      0.00009158      0.0
<Jan23-2022> <00:18:56>      6      0.00043492      0.00006753      0.0
<Jan23-2022> <00:19:22>      7      0.00018462      0.00002881      0.0
<Jan23-2022> <00:19:48>      8      0.00009532      0.00001127      0.0
<Jan23-2022> <00:20:15>      9      0.00003195      0.00000369      0.0
<Jan23-2022> <00:20:40>     10      0.00001697      0.00000127      0.0
<Jan23-2022> <00:21:06>     11      0.00000565      0.00000042      0.0
<Jan23-2022> <00:21:13>  SCF converged
<Jan23-2022> <00:21:32>     12      0.00000170      0.00000019      0.0
<Jan23-2022> <00:21:39>  >>>> TOTEN
<Jan23-2022> <00:22:06>  >>>> POPAN
<Jan23-2022> <00:22:06>  >>>> DEBYE
<Jan23-2022> <00:22:07>  >>>> ENGRAD
<Jan23-2022> <00:22:41>  current energy                               -2.32576233 Hartree
<Jan23-2022> <00:22:41>  energy change                       0.00003586     0.00012000    T
<Jan23-2022> <00:22:41>  constrained gradient max            0.00099709     0.00100000    T
<Jan23-2022> <00:22:41>  constrained gradient rms            0.00032963     0.00066667    T
<Jan23-2022> <00:22:41>  gradient max                        0.00099709
<Jan23-2022> <00:22:41>  gradient rms                        0.00032963
<Jan23-2022> <00:22:41>  cart. step max                      0.01576665     0.01000000    F
<Jan23-2022> <00:22:41>  cart. step rms                      0.00529270     0.00666667    T
<Jan23-2022> <00:22:41>  Iteration 8
<Jan23-2022> <00:22:42>  *** GOStep8 ***
<Jan23-2022> <00:22:42>  >>>> FRAGM
<Jan23-2022> <00:22:42>  Coordinates
<Jan23-2022> <00:22:42>     Atom         X           Y           Z   (Angstrom)
<Jan23-2022> <00:22:42>     1.C         0.815450   -0.204735    0.876853
<Jan23-2022> <00:22:42>     2.C         0.839935   -0.325686   -0.476031
<Jan23-2022> <00:22:42>     3.C        -1.549691   -0.456112   -1.316265
<Jan23-2022> <00:22:42>     4.H         0.847430   -1.090540    1.510927
<Jan23-2022> <00:22:42>     5.C         0.729134    1.088139    1.572642
<Jan23-2022> <00:22:42>     6.H        -1.735470   -1.499542   -1.091623
<Jan23-2022> <00:22:42>     7.H         0.916479    0.559001   -1.100241
<Jan23-2022> <00:22:42>     8.H        -1.329877   -0.176565   -2.340143
<Jan23-2022> <00:22:42>     9.H        -1.934922    0.299574   -0.643862
<Jan23-2022> <00:22:42>    10.O         0.591875    2.177553    1.033774
<Jan23-2022> <00:22:42>    11.H         1.003682   -1.289476   -0.946722
<Jan23-2022> <00:22:42>    12.H         0.797078    1.018249    2.685089
<Jan23-2022> <00:22:42>  >>>> CORORT
<Jan23-2022> <00:22:42>  >>>> CLSMAT
<Jan23-2022> <00:22:42>  >>>> ORTHON
<Jan23-2022> <00:22:43>  >>>> GENPT
<Jan23-2022> <00:22:43>  Block Length= 128
<Jan23-2022> <00:22:44>  >>>> PTBAS
<Jan23-2022> <00:22:51>  >>>> CYCLE
<Jan23-2022> <00:23:03>  using orbital data from restart file
<Jan23-2022> <00:23:22>              |Error|         MaxErr       Wt(A-DIIS)
<Jan23-2022> <00:23:22>      1      0.01775580      0.00220696
<Jan23-2022> <00:23:49>      2      0.00109866      0.00009469    100.0
<Jan23-2022> <00:24:14>      3      0.00066964      0.00005428    100.0
<Jan23-2022> <00:24:40>      4      0.00047937      0.00004133      0.0
<Jan23-2022> <00:25:06>      5      0.00023265      0.00002371      0.0
<Jan23-2022> <00:25:32>      6      0.00015369      0.00001898      0.0
<Jan23-2022> <00:25:58>      7      0.00008371      0.00001429      0.0
<Jan23-2022> <00:26:24>      8      0.00002628      0.00000396      0.0
<Jan23-2022> <00:26:50>      9      0.00001329      0.00000112      0.0
<Jan23-2022> <00:27:16>     10      0.00000779      0.00000065      0.0
<Jan23-2022> <00:27:23>  SCF converged
<Jan23-2022> <00:27:42>     11      0.00000239      0.00000017      0.0
<Jan23-2022> <00:27:49>  >>>> TOTEN
<Jan23-2022> <00:28:17>  >>>> POPAN
<Jan23-2022> <00:28:17>  >>>> DEBYE
<Jan23-2022> <00:28:17>  >>>> ENGRAD
<Jan23-2022> <00:28:52>  current energy                               -2.32578410 Hartree
<Jan23-2022> <00:28:52>  energy change                      -0.00002177     0.00012000    T
<Jan23-2022> <00:28:52>  constrained gradient max            0.00129152     0.00100000    F
<Jan23-2022> <00:28:52>  constrained gradient rms            0.00036554     0.00066667    T
<Jan23-2022> <00:28:52>  gradient max                        0.00129152
<Jan23-2022> <00:28:52>  gradient rms                        0.00036554
<Jan23-2022> <00:28:52>  cart. step max                      0.03137478     0.01000000    F
<Jan23-2022> <00:28:52>  cart. step rms                      0.01060063     0.00666667    F
<Jan23-2022> <00:28:52>  Iteration 9
<Jan23-2022> <00:28:52>  *** GOStep9 ***
<Jan23-2022> <00:28:53>  >>>> FRAGM
<Jan23-2022> <00:28:53>  Coordinates
<Jan23-2022> <00:28:53>     Atom         X           Y           Z   (Angstrom)
<Jan23-2022> <00:28:53>     1.C         0.814857   -0.204159    0.878615
<Jan23-2022> <00:28:53>     2.C         0.846329   -0.330032   -0.472758
<Jan23-2022> <00:28:53>     3.C        -1.553939   -0.457296   -1.316817
<Jan23-2022> <00:28:53>     4.H         0.842161   -1.087370    1.516572
<Jan23-2022> <00:28:53>     5.C         0.730575    1.092476    1.568755
<Jan23-2022> <00:28:53>     6.H        -1.732547   -1.508159   -1.122997
<Jan23-2022> <00:28:53>     7.H         0.921203    0.552501   -1.100177
<Jan23-2022> <00:28:53>     8.H        -1.338000   -0.145415   -2.332116
<Jan23-2022> <00:28:53>     9.H        -1.939577    0.275662   -0.620027
<Jan23-2022> <00:28:53>    10.O         0.603127    2.180314    1.024153
<Jan23-2022> <00:28:53>    11.H         1.006070   -1.296067   -0.940355
<Jan23-2022> <00:28:53>    12.H         0.790844    1.027405    2.681550
<Jan23-2022> <00:28:54>  >>>> CORORT
<Jan23-2022> <00:28:54>  >>>> CLSMAT
<Jan23-2022> <00:28:54>  >>>> ORTHON
<Jan23-2022> <00:28:54>  >>>> GENPT
<Jan23-2022> <00:28:54>  Block Length= 128
<Jan23-2022> <00:28:55>  >>>> PTBAS
<Jan23-2022> <00:29:02>  >>>> CYCLE
<Jan23-2022> <00:29:15>  using orbital data from restart file
<Jan23-2022> <00:29:34>              |Error|         MaxErr       Wt(A-DIIS)
<Jan23-2022> <00:29:34>      1      0.03691899      0.00531277
<Jan23-2022> <00:29:59>      2      0.00349346      0.00031318    100.0
<Jan23-2022> <00:30:25>      3      0.00766220      0.00064397    100.0
<Jan23-2022> <00:30:50>      4      0.00172847      0.00017977      0.0
<Jan23-2022> <00:31:16>      5      0.00072593      0.00009343      0.0
<Jan23-2022> <00:31:44>      6      0.00040835      0.00005834      0.0
<Jan23-2022> <00:32:14>      7      0.00018085      0.00003131      0.0
<Jan23-2022> <00:32:44>      8      0.00009717      0.00001297      0.0
<Jan23-2022> <00:33:14>      9      0.00002842      0.00000337      0.0
<Jan23-2022> <00:33:45>     10      0.00001536      0.00000100      0.0
<Jan23-2022> <00:34:14>     11      0.00000592      0.00000048      0.0
<Jan23-2022> <00:34:22>  SCF converged
<Jan23-2022> <00:34:44>     12      0.00000129      0.00000013      0.0
<Jan23-2022> <00:34:52>  >>>> TOTEN
<Jan23-2022> <00:35:24>  >>>> POPAN
<Jan23-2022> <00:35:24>  >>>> DEBYE
<Jan23-2022> <00:35:24>  >>>> ENGRAD
<Jan23-2022> <00:36:05>  current energy                               -2.32574402 Hartree
<Jan23-2022> <00:36:05>  energy change                       0.00004007     0.00012000    T
<Jan23-2022> <00:36:05>  constrained gradient max            0.00062780     0.00100000    T
<Jan23-2022> <00:36:05>  constrained gradient rms            0.00022370     0.00066667    T
<Jan23-2022> <00:36:05>  gradient max                        0.00062780
<Jan23-2022> <00:36:05>  gradient rms                        0.00022370
<Jan23-2022> <00:36:05>  cart. step max                      0.03177253     0.01000000    F
<Jan23-2022> <00:36:05>  cart. step rms                      0.01045033     0.00666667    F
<Jan23-2022> <00:36:05>  Iteration 10
<Jan23-2022> <00:36:06>  *** GOStep10 ***
<Jan23-2022> <00:36:06>  >>>> FRAGM
<Jan23-2022> <00:36:06>  Coordinates
<Jan23-2022> <00:36:06>     Atom         X           Y           Z   (Angstrom)
<Jan23-2022> <00:36:06>     1.C         0.814716   -0.203332    0.880858
<Jan23-2022> <00:36:06>     2.C         0.851829   -0.334345   -0.469153
<Jan23-2022> <00:36:06>     3.C        -1.558432   -0.458355   -1.318211
<Jan23-2022> <00:36:06>     4.H         0.837424   -1.084093    1.522387
<Jan23-2022> <00:36:06>     5.C         0.732560    1.096923    1.565286
<Jan23-2022> <00:36:06>     6.H        -1.728476   -1.515789   -1.154770
<Jan23-2022> <00:36:06>     7.H         0.925847    0.545786   -1.100085
<Jan23-2022> <00:36:06>     8.H        -1.346147   -0.114721   -2.323937
<Jan23-2022> <00:36:06>     9.H        -1.945148    0.251146   -0.598147
<Jan23-2022> <00:36:06>    10.O         0.613243    2.182580    1.015154
<Jan23-2022> <00:36:06>    11.H         1.006994   -1.302831   -0.933387
<Jan23-2022> <00:36:06>    12.H         0.786693    1.036892    2.678403
<Jan23-2022> <00:36:06>  >>>> CORORT
<Jan23-2022> <00:36:06>  >>>> CLSMAT
<Jan23-2022> <00:36:06>  >>>> ORTHON
<Jan23-2022> <00:36:09>  >>>> GENPT
<Jan23-2022> <00:36:09>  Block Length= 128
<Jan23-2022> <00:36:10>  >>>> PTBAS
<Jan23-2022> <00:36:19>  >>>> CYCLE
<Jan23-2022> <00:36:33>  using orbital data from restart file
<Jan23-2022> <00:36:56>              |Error|         MaxErr       Wt(A-DIIS)
<Jan23-2022> <00:36:56>      1      0.03450047      0.00436692
<Jan23-2022> <00:37:25>      2      0.00344819      0.00030091    100.0
<Jan23-2022> <00:37:53>      3      0.00818983      0.00065449    100.0
<Jan23-2022> <00:38:19>      4      0.00190398      0.00020091      0.0
<Jan23-2022> <00:38:45>      5      0.00070033      0.00009685      0.0
<Jan23-2022> <00:39:10>      6      0.00039550      0.00005584      0.0
<Jan23-2022> <00:39:36>      7      0.00016253      0.00002977      0.0
<Jan23-2022> <00:40:02>      8      0.00008652      0.00001047      0.0
<Jan23-2022> <00:40:28>      9      0.00002951      0.00000346      0.0
<Jan23-2022> <00:40:54>     10      0.00001587      0.00000117      0.0
<Jan23-2022> <00:41:20>     11      0.00000532      0.00000038      0.0
<Jan23-2022> <00:41:26>  SCF converged
<Jan23-2022> <00:41:45>     12      0.00000144      0.00000017      0.0
<Jan23-2022> <00:41:53>  >>>> TOTEN
<Jan23-2022> <00:42:20>  >>>> POPAN
<Jan23-2022> <00:42:20>  >>>> DEBYE
<Jan23-2022> <00:42:20>  >>>> ENGRAD
<Jan23-2022> <00:42:55>  current energy                               -2.32570997 Hartree
<Jan23-2022> <00:42:55>  energy change                       0.00003406     0.00012000    T
<Jan23-2022> <00:42:55>  constrained gradient max            0.00079325     0.00100000    T
<Jan23-2022> <00:42:55>  constrained gradient rms            0.00025790     0.00066667    T
<Jan23-2022> <00:42:55>  gradient max                        0.00079325
<Jan23-2022> <00:42:55>  gradient rms                        0.00025790
<Jan23-2022> <00:42:55>  cart. step max                      0.03208247     0.01000000    F
<Jan23-2022> <00:42:55>  cart. step rms                      0.01027129     0.00666667    F
<Jan23-2022> <00:42:55>  Iteration 11
<Jan23-2022> <00:42:56>  *** GOStep11 ***
<Jan23-2022> <00:42:56>  >>>> FRAGM
<Jan23-2022> <00:42:56>  Coordinates
<Jan23-2022> <00:42:56>     Atom         X           Y           Z   (Angstrom)
<Jan23-2022> <00:42:56>     1.C         0.815370   -0.202264    0.883489
<Jan23-2022> <00:42:56>     2.C         0.856838   -0.338731   -0.465092
<Jan23-2022> <00:42:56>     3.C        -1.563540   -0.459253   -1.320627
<Jan23-2022> <00:42:56>     4.H         0.833676   -1.080563    1.528519
<Jan23-2022> <00:42:56>     5.C         0.735029    1.101507    1.562258
<Jan23-2022> <00:42:56>     6.H        -1.723758   -1.522360   -1.186852
<Jan23-2022> <00:42:56>     7.H         0.930743    0.538490   -1.100035
<Jan23-2022> <00:42:56>     8.H        -1.354526   -0.084748   -2.315902
<Jan23-2022> <00:42:56>     9.H        -1.951617    0.226306   -0.578546
<Jan23-2022> <00:42:56>    10.O         0.621630    2.185216    1.007045
<Jan23-2022> <00:42:56>    11.H         1.006448   -1.309835   -0.925648
<Jan23-2022> <00:42:56>    12.H         0.784809    1.046097    2.675791
<Jan23-2022> <00:42:56>  >>>> CORORT
<Jan23-2022> <00:42:56>  >>>> CLSMAT
<Jan23-2022> <00:42:56>  >>>> ORTHON
<Jan23-2022> <00:42:56>  >>>> GENPT
<Jan23-2022> <00:42:57>  Block Length= 128
<Jan23-2022> <00:42:57>  >>>> PTBAS
<Jan23-2022> <00:43:05>  >>>> CYCLE
<Jan23-2022> <00:43:18>  using orbital data from restart file
<Jan23-2022> <00:43:37>              |Error|         MaxErr       Wt(A-DIIS)
<Jan23-2022> <00:43:37>      1      0.03153377      0.00421649
<Jan23-2022> <00:44:02>      2      0.00314914      0.00027578    100.0
<Jan23-2022> <00:44:27>      3      0.00721906      0.00059009    100.0
<Jan23-2022> <00:44:53>      4      0.00159854      0.00017166      0.0
<Jan23-2022> <00:45:19>      5      0.00063985      0.00008545      0.0
<Jan23-2022> <00:45:44>      6      0.00037134      0.00005120      0.0
<Jan23-2022> <00:46:10>      7      0.00016704      0.00003035      0.0
<Jan23-2022> <00:46:35>      8      0.00008567      0.00001125      0.0
<Jan23-2022> <00:47:01>      9      0.00002862      0.00000307      0.0
<Jan23-2022> <00:47:27>     10      0.00001411      0.00000095      0.0
<Jan23-2022> <00:47:54>     11      0.00000575      0.00000045      0.0
<Jan23-2022> <00:48:01>  SCF converged
<Jan23-2022> <00:48:20>     12      0.00000152      0.00000020      0.0
<Jan23-2022> <00:48:28>  >>>> TOTEN
<Jan23-2022> <00:48:55>  >>>> POPAN
<Jan23-2022> <00:48:55>  >>>> DEBYE
<Jan23-2022> <00:48:56>  >>>> ENGRAD
<Jan23-2022> <00:49:31>  current energy                               -2.32568474 Hartree
<Jan23-2022> <00:49:31>  energy change                       0.00002523     0.00012000    T
<Jan23-2022> <00:49:31>  constrained gradient max            0.00118266     0.00100000    F
<Jan23-2022> <00:49:31>  constrained gradient rms            0.00034421     0.00066667    T
<Jan23-2022> <00:49:31>  gradient max                        0.00118266
<Jan23-2022> <00:49:31>  gradient rms                        0.00034421
<Jan23-2022> <00:49:31>  cart. step max                      0.03266681     0.01000000    F
<Jan23-2022> <00:49:31>  cart. step rms                      0.01017271     0.00666667    F
<Jan23-2022> <00:49:31>  Iteration 12
<Jan23-2022> <00:49:31>  *** GOStep12 ***
<Jan23-2022> <00:49:31>  >>>> FRAGM
<Jan23-2022> <00:49:31>  Coordinates
<Jan23-2022> <00:49:31>     Atom         X           Y           Z   (Angstrom)
<Jan23-2022> <00:49:31>     1.C         0.816655   -0.200838    0.886626
<Jan23-2022> <00:49:31>     2.C         0.861770   -0.342978   -0.460433
<Jan23-2022> <00:49:31>     3.C        -1.569713   -0.460245   -1.324409
<Jan23-2022> <00:49:31>     4.H         0.830888   -1.076528    1.535285
<Jan23-2022> <00:49:31>     5.C         0.738227    1.106247    1.559913
<Jan23-2022> <00:49:31>     6.H        -1.718851   -1.528166   -1.219519
<Jan23-2022> <00:49:31>     7.H         0.935618    0.530936   -1.099820
<Jan23-2022> <00:49:31>     8.H        -1.363517   -0.055829   -2.308429
<Jan23-2022> <00:49:31>     9.H        -1.959199    0.201036   -0.561512
<Jan23-2022> <00:49:31>    10.O         0.629191    2.187665    1.000092
<Jan23-2022> <00:49:31>    11.H         1.004769   -1.316752   -0.917255
<Jan23-2022> <00:49:31>    12.H         0.785263    1.055312    2.673862
<Jan23-2022> <00:49:31>  >>>> CORORT
<Jan23-2022> <00:49:31>  >>>> CLSMAT
<Jan23-2022> <00:49:31>  >>>> ORTHON
<Jan23-2022> <00:49:31>  >>>> GENPT
<Jan23-2022> <00:49:32>  Block Length= 128
<Jan23-2022> <00:49:33>  >>>> PTBAS
<Jan23-2022> <00:49:40>  >>>> CYCLE
<Jan23-2022> <00:49:52>  using orbital data from restart file
<Jan23-2022> <00:50:11>              |Error|         MaxErr       Wt(A-DIIS)
<Jan23-2022> <00:50:11>      1      0.02997048      0.00412817
<Jan23-2022> <00:50:37>      2      0.00329318      0.00027786    100.0
<Jan23-2022> <00:51:02>      3      0.00801873      0.00072179    100.0
<Jan23-2022> <00:51:30>      4      0.00179409      0.00019052      0.0
<Jan23-2022> <00:51:56>      5      0.00070108      0.00009760      0.0
<Jan23-2022> <00:52:24>      6      0.00038902      0.00005325      0.0
<Jan23-2022> <00:52:50>      7      0.00018494      0.00003431      0.0
<Jan23-2022> <00:53:16>      8      0.00008215      0.00000970      0.0
<Jan23-2022> <00:53:41>      9      0.00003426      0.00000339      0.0
<Jan23-2022> <00:54:07>     10      0.00001596      0.00000133      0.0
<Jan23-2022> <00:54:33>     11      0.00000606      0.00000044      0.0
<Jan23-2022> <00:54:40>  SCF converged
<Jan23-2022> <00:54:58>     12      0.00000170      0.00000026      0.0
<Jan23-2022> <00:55:05>  >>>> TOTEN
<Jan23-2022> <00:55:32>  >>>> POPAN
<Jan23-2022> <00:55:33>  >>>> DEBYE
<Jan23-2022> <00:55:33>  >>>> ENGRAD
<Jan23-2022> <00:56:07>  current energy                               -2.32567172 Hartree
<Jan23-2022> <00:56:07>  energy change                       0.00001302     0.00012000    T
<Jan23-2022> <00:56:07>  constrained gradient max            0.00190883     0.00100000    F
<Jan23-2022> <00:56:07>  constrained gradient rms            0.00045975     0.00066667    T
<Jan23-2022> <00:56:07>  gradient max                        0.00190883
<Jan23-2022> <00:56:07>  gradient rms                        0.00045975
<Jan23-2022> <00:56:07>  cart. step max                      0.01983790     0.01000000    F
<Jan23-2022> <00:56:07>  cart. step rms                      0.00599955     0.00666667    T
<Jan23-2022> <00:56:07>  Iteration 13
<Jan23-2022> <00:56:07>  *** GOStep13 ***
<Jan23-2022> <00:56:08>  >>>> FRAGM
<Jan23-2022> <00:56:08>  Coordinates
<Jan23-2022> <00:56:08>     Atom         X           Y           Z   (Angstrom)
<Jan23-2022> <00:56:08>     1.C         0.818034   -0.199790    0.889025
<Jan23-2022> <00:56:08>     2.C         0.865000   -0.345229   -0.456946
<Jan23-2022> <00:56:08>     3.C        -1.574696   -0.461141   -1.328098
<Jan23-2022> <00:56:08>     4.H         0.830030   -1.073896    1.539877
<Jan23-2022> <00:56:08>     5.C         0.740986    1.109236    1.559268
<Jan23-2022> <00:56:08>     6.H        -1.716230   -1.531535   -1.239357
<Jan23-2022> <00:56:08>     7.H         0.938254    0.526559   -1.099122
<Jan23-2022> <00:56:08>     8.H        -1.369574   -0.039912   -2.305208
<Jan23-2022> <00:56:08>     9.H        -1.964882    0.185914   -0.553685
<Jan23-2022> <00:56:08>    10.O         0.633698    2.189534    0.997004
<Jan23-2022> <00:56:08>    11.H         1.003040   -1.320509   -0.911800
<Jan23-2022> <00:56:08>    12.H         0.787444    1.060629    2.673439
<Jan23-2022> <00:56:08>  >>>> CORORT
<Jan23-2022> <00:56:08>  >>>> CLSMAT
<Jan23-2022> <00:56:08>  >>>> ORTHON
<Jan23-2022> <00:56:08>  >>>> GENPT
<Jan23-2022> <00:56:09>  Block Length= 128
<Jan23-2022> <00:56:09>  >>>> PTBAS
<Jan23-2022> <00:56:17>  >>>> CYCLE
<Jan23-2022> <00:56:30>  using orbital data from restart file
<Jan23-2022> <00:56:49>              |Error|         MaxErr       Wt(A-DIIS)
<Jan23-2022> <00:56:49>      1      0.01695859      0.00234176
<Jan23-2022> <00:57:17>      2      0.00171141      0.00013861    100.0
<Jan23-2022> <00:57:44>      3      0.00384456      0.00037217    100.0
<Jan23-2022> <00:58:10>      4      0.00069875      0.00007147      0.0
<Jan23-2022> <00:58:36>      5      0.00044495      0.00005705      0.0
<Jan23-2022> <00:59:02>      6      0.00023759      0.00003203      0.0
<Jan23-2022> <00:59:27>      7      0.00013870      0.00002460      0.0
<Jan23-2022> <00:59:52>      8      0.00004764      0.00000637      0.0
<Jan23-2022> <01:00:18>      9      0.00002495      0.00000192      0.0
<Jan23-2022> <01:00:45>     10      0.00000931      0.00000072      0.0
<Jan23-2022> <01:00:52>  SCF converged
<Jan23-2022> <01:01:11>     11      0.00000388      0.00000029      0.0
<Jan23-2022> <01:01:17>  >>>> TOTEN
<Jan23-2022> <01:01:45>  >>>> POPAN
<Jan23-2022> <01:01:45>  >>>> DEBYE
<Jan23-2022> <01:01:45>  >>>> ENGRAD
<Jan23-2022> <01:02:19>  current energy                               -2.32567626 Hartree
<Jan23-2022> <01:02:19>  energy change                      -0.00000454     0.00012000    T
<Jan23-2022> <01:02:19>  constrained gradient max            0.00238071     0.00100000    F
<Jan23-2022> <01:02:19>  constrained gradient rms            0.00055416     0.00066667    T
<Jan23-2022> <01:02:19>  gradient max                        0.00238071
<Jan23-2022> <01:02:19>  gradient rms                        0.00055416
<Jan23-2022> <01:02:19>  cart. step max                      0.03150345     0.01000000    F
<Jan23-2022> <01:02:19>  cart. step rms                      0.00964845     0.00666667    F
<Jan23-2022> <01:02:19>  Iteration 14
<Jan23-2022> <01:02:20>  *** GOStep14 ***
<Jan23-2022> <01:02:20>  >>>> FRAGM
<Jan23-2022> <01:02:20>  Coordinates
<Jan23-2022> <01:02:20>     Atom         X           Y           Z   (Angstrom)
<Jan23-2022> <01:02:20>     1.C         0.816341   -0.201228    0.885652
<Jan23-2022> <01:02:20>     2.C         0.859588   -0.341431   -0.461915
<Jan23-2022> <01:02:20>     3.C        -1.567645   -0.459859   -1.323458
<Jan23-2022> <01:02:20>     4.H         0.832156   -1.077872    1.532988
<Jan23-2022> <01:02:20>     5.C         0.737352    1.104612    1.560969
<Jan23-2022> <01:02:20>     6.H        -1.720191   -1.526197   -1.207854
<Jan23-2022> <01:02:20>     7.H         0.933837    0.533442   -1.099830
<Jan23-2022> <01:02:20>     8.H        -1.360148   -0.066363   -2.311644
<Jan23-2022> <01:02:20>     9.H        -1.957038    0.210178   -0.568283
<Jan23-2022> <01:02:20>    10.O         0.625868    2.186916    1.002968
<Jan23-2022> <01:02:20>    11.H         1.004671   -1.314263   -0.919975
<Jan23-2022> <01:02:20>    12.H         0.786312    1.051925    2.674781
<Jan23-2022> <01:02:20>  >>>> CORORT
<Jan23-2022> <01:02:20>  >>>> CLSMAT
<Jan23-2022> <01:02:20>  >>>> ORTHON
<Jan23-2022> <01:02:20>  >>>> GENPT
<Jan23-2022> <01:02:21>  Block Length= 128
<Jan23-2022> <01:02:22>  >>>> PTBAS
<Jan23-2022> <01:02:29>  >>>> CYCLE
<Jan23-2022> <01:02:42>  using orbital data from restart file
<Jan23-2022> <01:03:01>              |Error|         MaxErr       Wt(A-DIIS)
<Jan23-2022> <01:03:01>      1      0.02843098      0.00385262
<Jan23-2022> <01:03:26>      2      0.00181514      0.00015072    100.0
<Jan23-2022> <01:03:51>      3      0.00116033      0.00011573    100.0
<Jan23-2022> <01:04:17>      4      0.00083308      0.00007194      0.0
<Jan23-2022> <01:04:42>      5      0.00042220      0.00004646      0.0
<Jan23-2022> <01:05:08>      6      0.00026910      0.00003026      0.0
<Jan23-2022> <01:05:34>      7      0.00008534      0.00001611      0.0
<Jan23-2022> <01:05:59>      8      0.00008368      0.00001233      0.0
<Jan23-2022> <01:06:24>      9      0.00002761      0.00000339      0.0
<Jan23-2022> <01:06:50>     10      0.00001020      0.00000082      0.0
<Jan23-2022> <01:07:16>     11      0.00000336      0.00000032      0.0
<Jan23-2022> <01:07:23>  SCF converged
<Jan23-2022> <01:07:41>     12      0.00000118      0.00000013      0.0
<Jan23-2022> <01:07:48>  >>>> TOTEN
<Jan23-2022> <01:08:16>  >>>> POPAN
<Jan23-2022> <01:08:16>  >>>> DEBYE
<Jan23-2022> <01:08:16>  >>>> ENGRAD
<Jan23-2022> <01:08:50>  current energy                               -2.32567680 Hartree
<Jan23-2022> <01:08:50>  energy change                      -0.00000054     0.00012000    T
<Jan23-2022> <01:08:50>  constrained gradient max            0.00158850     0.00100000    F
<Jan23-2022> <01:08:50>  constrained gradient rms            0.00041003     0.00066667    T
<Jan23-2022> <01:08:50>  gradient max                        0.00158850
<Jan23-2022> <01:08:50>  gradient rms                        0.00041003
<Jan23-2022> <01:08:50>  cart. step max                      0.01059994     0.01000000    F
<Jan23-2022> <01:08:50>  cart. step rms                      0.00318953     0.00666667    T
<Jan23-2022> <01:08:50>  Iteration 15
<Jan23-2022> <01:08:51>  *** GOStep15 ***
<Jan23-2022> <01:08:51>  >>>> FRAGM
<Jan23-2022> <01:08:51>  Coordinates
<Jan23-2022> <01:08:51>     Atom         X           Y           Z   (Angstrom)
<Jan23-2022> <01:08:51>     1.C         0.817377   -0.200528    0.887277
<Jan23-2022> <01:08:51>     2.C         0.861429   -0.342359   -0.459670
<Jan23-2022> <01:08:51>     3.C        -1.571052   -0.460583   -1.326306
<Jan23-2022> <01:08:51>     4.H         0.832108   -1.076365    1.535743
<Jan23-2022> <01:08:51>     5.C         0.739379    1.106288    1.561149
<Jan23-2022> <01:08:51>     6.H        -1.718965   -1.528365   -1.218453
<Jan23-2022> <01:08:51>     7.H         0.934927    0.531382   -1.099086
<Jan23-2022> <01:08:51>     8.H        -1.363648   -0.058744   -2.311112
<Jan23-2022> <01:08:51>     9.H        -1.960873    0.202401   -0.565327
<Jan23-2022> <01:08:51>    10.O         0.628550    2.187915    1.002032
<Jan23-2022> <01:08:51>    11.H         1.003292   -1.315960   -0.916907
<Jan23-2022> <01:08:51>    12.H         0.788580    1.054777    2.675059
<Jan23-2022> <01:08:51>  >>>> CORORT
<Jan23-2022> <01:08:51>  >>>> CLSMAT
<Jan23-2022> <01:08:51>  >>>> ORTHON
<Jan23-2022> <01:08:51>  >>>> GENPT
<Jan23-2022> <01:08:51>  Block Length= 128
<Jan23-2022> <01:08:52>  >>>> PTBAS
<Jan23-2022> <01:09:00>  >>>> CYCLE
<Jan23-2022> <01:09:12>  using orbital data from restart file
<Jan23-2022> <01:09:31>              |Error|         MaxErr       Wt(A-DIIS)
<Jan23-2022> <01:09:31>      1      0.00877851      0.00115470
<Jan23-2022> <01:09:57>      2      0.00104709      0.00009673    100.0
<Jan23-2022> <01:10:22>      3      0.00242900      0.00025326    100.0
<Jan23-2022> <01:10:48>      4      0.00041020      0.00003610      0.0
<Jan23-2022> <01:11:13>      5      0.00029410      0.00004094      0.0
<Jan23-2022> <01:11:38>      6      0.00015807      0.00002166      0.0
<Jan23-2022> <01:12:04>      7      0.00009000      0.00001596      0.0
<Jan23-2022> <01:12:29>      8      0.00002554      0.00000308      0.0
<Jan23-2022> <01:12:55>      9      0.00001752      0.00000151      0.0
<Jan23-2022> <01:13:20>     10      0.00000673      0.00000063      0.0
<Jan23-2022> <01:13:27>  SCF converged
<Jan23-2022> <01:13:45>     11      0.00000167      0.00000014      0.0
<Jan23-2022> <01:13:52>  >>>> TOTEN
<Jan23-2022> <01:14:19>  >>>> POPAN
<Jan23-2022> <01:14:19>  >>>> DEBYE
<Jan23-2022> <01:14:19>  >>>> ENGRAD
<Jan23-2022> <01:14:54>  current energy                               -2.32568098 Hartree
<Jan23-2022> <01:14:54>  energy change                      -0.00000418     0.00012000    T
<Jan23-2022> <01:14:54>  constrained gradient max            0.00189774     0.00100000    F
<Jan23-2022> <01:14:54>  constrained gradient rms            0.00047249     0.00066667    T
<Jan23-2022> <01:14:54>  gradient max                        0.00189774
<Jan23-2022> <01:14:54>  gradient rms                        0.00047249
<Jan23-2022> <01:14:54>  cart. step max                      0.02822052     0.01000000    F
<Jan23-2022> <01:14:54>  cart. step rms                      0.00850118     0.00666667    F
<Jan23-2022> <01:14:54>  Iteration 16
<Jan23-2022> <01:14:55>  *** GOStep16 ***
<Jan23-2022> <01:14:56>  >>>> FRAGM
<Jan23-2022> <01:14:57>  Coordinates
<Jan23-2022> <01:14:57>     Atom         X           Y           Z   (Angstrom)
<Jan23-2022> <01:14:57>     1.C         0.814844   -0.202086    0.883428
<Jan23-2022> <01:14:57>     2.C         0.855783   -0.339617   -0.465178
<Jan23-2022> <01:14:57>     3.C        -1.562575   -0.458791   -1.319921
<Jan23-2022> <01:14:57>     4.H         0.832745   -1.080081    1.528864
<Jan23-2022> <01:14:57>     5.C         0.734795    1.101936    1.561402
<Jan23-2022> <01:14:57>     6.H        -1.721520   -1.522596   -1.190233
<Jan23-2022> <01:14:57>     7.H         0.931612    0.536854   -1.100768
<Jan23-2022> <01:14:57>     8.H        -1.354291   -0.080206   -2.313797
<Jan23-2022> <01:14:57>     9.H        -1.951978    0.223245   -0.575465
<Jan23-2022> <01:14:57>    10.O         0.620733    2.185212    1.005687
<Jan23-2022> <01:14:57>    11.H         1.005585   -1.311130   -0.924647
<Jan23-2022> <01:14:57>    12.H         0.785369    1.047120    2.675027
<Jan23-2022> <01:14:57>  >>>> CORORT
<Jan23-2022> <01:14:57>  >>>> CLSMAT
<Jan23-2022> <01:14:57>  >>>> ORTHON
<Jan23-2022> <01:14:57>  >>>> GENPT
<Jan23-2022> <01:14:57>  Block Length= 128
<Jan23-2022> <01:14:58>  >>>> PTBAS
<Jan23-2022> <01:15:05>  >>>> CYCLE
<Jan23-2022> <01:15:18>  using orbital data from restart file
<Jan23-2022> <01:15:36>              |Error|         MaxErr       Wt(A-DIIS)
<Jan23-2022> <01:15:36>      1      0.02459463      0.00320623
<Jan23-2022> <01:16:02>      2      0.00202909      0.00018429    100.0
<Jan23-2022> <01:16:27>      3      0.00128105      0.00013130    100.0
<Jan23-2022> <01:16:53>      4      0.00094260      0.00009429      0.0
<Jan23-2022> <01:17:19>      5      0.00045769      0.00006421      0.0
<Jan23-2022> <01:17:45>      6      0.00044294      0.00005936      0.0
<Jan23-2022> <01:18:10>      7      0.00012027      0.00002233      0.0
<Jan23-2022> <01:18:36>      8      0.00006339      0.00000729      0.0
<Jan23-2022> <01:19:01>      9      0.00002335      0.00000231      0.0
<Jan23-2022> <01:19:26>     10      0.00000763      0.00000060      0.0
<Jan23-2022> <01:19:33>  SCF converged
<Jan23-2022> <01:19:52>     11      0.00000265      0.00000030      0.0
<Jan23-2022> <01:19:59>  >>>> TOTEN
<Jan23-2022> <01:20:26>  >>>> POPAN
<Jan23-2022> <01:20:26>  >>>> DEBYE
<Jan23-2022> <01:20:26>  >>>> ENGRAD
<Jan23-2022> <01:21:01>  current energy                               -2.32567885 Hartree
<Jan23-2022> <01:21:01>  energy change                       0.00000213     0.00012000    T
<Jan23-2022> <01:21:01>  constrained gradient max            0.00097472     0.00100000    T
<Jan23-2022> <01:21:01>  constrained gradient rms            0.00031502     0.00066667    T
<Jan23-2022> <01:21:01>  gradient max                        0.00097472
<Jan23-2022> <01:21:01>  gradient rms                        0.00031502
<Jan23-2022> <01:21:01>  cart. step max                      0.00632681     0.01000000    T
<Jan23-2022> <01:21:01>  cart. step rms                      0.00202354     0.00666667    T
<Jan23-2022> <01:21:01>  Geometry optimization converged
<Jan23-2022> <01:21:02>  *** adf ***
<Jan23-2022> <01:21:02>  Net Charge: 0 (Nuclei minus Electrons)
<Jan23-2022> <01:21:02>  Spin polar: 1 (Spin_A minus Spin_B electrons)
<Jan23-2022> <01:21:02>  Symmetry  : NOSYM
<Jan23-2022> <01:21:02>  >>>> FRAGM
<Jan23-2022> <01:21:02>  Coordinates
<Jan23-2022> <01:21:02>     Atom         X           Y           Z   (Angstrom)
<Jan23-2022> <01:21:02>     1.C         0.814844   -0.202086    0.883428
<Jan23-2022> <01:21:02>     2.C         0.855783   -0.339617   -0.465178
<Jan23-2022> <01:21:02>     3.C        -1.562575   -0.458791   -1.319921
<Jan23-2022> <01:21:02>     4.H         0.832745   -1.080081    1.528864
<Jan23-2022> <01:21:02>     5.C         0.734795    1.101936    1.561402
<Jan23-2022> <01:21:02>     6.H        -1.721520   -1.522596   -1.190233
<Jan23-2022> <01:21:02>     7.H         0.931612    0.536854   -1.100768
<Jan23-2022> <01:21:02>     8.H        -1.354291   -0.080206   -2.313797
<Jan23-2022> <01:21:02>     9.H        -1.951978    0.223245   -0.575465
<Jan23-2022> <01:21:02>    10.O         0.620733    2.185212    1.005687
<Jan23-2022> <01:21:02>    11.H         1.005585   -1.311130   -0.924647
<Jan23-2022> <01:21:02>    12.H         0.785369    1.047120    2.675027
<Jan23-2022> <01:21:02>  >>>> CORORT
<Jan23-2022> <01:21:02>  >>>> CLSMAT
<Jan23-2022> <01:21:02>  >>>> ORTHON
<Jan23-2022> <01:21:02>  >>>> GENPT
<Jan23-2022> <01:21:03>  Block Length= 128
<Jan23-2022> <01:21:03>  >>>> PTBAS
<Jan23-2022> <01:21:11>  >>>> CYCLE
<Jan23-2022> <01:21:23>  using orbital data from restart file
<Jan23-2022> <01:21:42>              |Error|         MaxErr       Wt(A-DIIS)
<Jan23-2022> <01:21:42>      1      0.00000115      0.00000014
<Jan23-2022> <01:22:09>      2      0.00000191      0.00000025    100.0
<Jan23-2022> <01:22:15>  SCF converged
<Jan23-2022> <01:22:34>      3      0.00000424      0.00000057    100.0
<Jan23-2022> <01:22:57>  >>>> TOTEN
<Jan23-2022> <01:23:42>  >>>> POPAN
<Jan23-2022> <01:23:42>  >>>> DEBYE
<Jan23-2022> <01:23:42>  >>>> AMETS
<Jan23-2022> <01:23:43>   Bond Energy          -2.32567885 a.u.
<Jan23-2022> <01:23:43>   Bond Energy         -63.28494146 eV
<Jan23-2022> <01:23:43>   Bond Energy       -1459.39       kcal/mol
<Jan23-2022> <01:23:43>  >>>> POPUL
<Jan23-2022> <01:23:43>  >>>> ENGRAD
<Jan23-2022> <01:24:17>  >>>> ENHESS
<Jan23-2022> <01:24:29>  === NUCLEUS:     1
<Jan23-2022> <01:38:48>  === NUCLEUS:     2
<Jan23-2022> <01:52:57>  === NUCLEUS:     3
<Jan23-2022> <02:06:09>  === NUCLEUS:     4
<Jan23-2022> <02:19:33>  === NUCLEUS:     5
<Jan23-2022> <02:31:43>  === NUCLEUS:     6
<Jan23-2022> <02:43:50>  === NUCLEUS:     7
<Jan23-2022> <02:56:11>  === NUCLEUS:     8
<Jan23-2022> <03:07:58>  === NUCLEUS:     9
<Jan23-2022> <03:20:19>  === NUCLEUS:    10
<Jan23-2022> <03:32:27>  === NUCLEUS:    11
<Jan23-2022> <03:44:13>  === NUCLEUS:    12
<Jan23-2022> <03:57:15>  >>>> CALC_HESS_PMAT
<Jan23-2022> <03:58:53>  >>>> CALC_HESS_WMAT
<Jan23-2022> <03:59:04>  Scanning mode: 7
<Jan23-2022> <03:59:05>  *** SCANMODE_forward_adf_ScanMode_7 ***
<Jan23-2022> <03:59:05>  >>>> FRAGM
<Jan23-2022> <03:59:05>  Coordinates
<Jan23-2022> <03:59:05>     Atom         X           Y           Z   (Angstrom)
<Jan23-2022> <03:59:05>     1.C         0.814768   -0.202085    0.883391
<Jan23-2022> <03:59:05>     2.C         0.855573   -0.339613   -0.465253
<Jan23-2022> <03:59:05>     3.C        -1.562307   -0.458776   -1.319792
<Jan23-2022> <03:59:05>     4.H         0.832695   -1.080090    1.528812
<Jan23-2022> <03:59:05>     5.C         0.734794    1.101917    1.561383
<Jan23-2022> <03:59:05>     6.H        -1.721357   -1.522569   -1.190116
<Jan23-2022> <03:59:05>     7.H         0.931523    0.536866   -1.100816
<Jan23-2022> <03:59:05>     8.H        -1.354105   -0.080229   -2.313703
<Jan23-2022> <03:59:05>     9.H        -1.951878    0.223271   -0.575430
<Jan23-2022> <03:59:05>    10.O         0.620733    2.185211    1.005685
<Jan23-2022> <03:59:05>    11.H         1.005475   -1.311117   -0.924711
<Jan23-2022> <03:59:05>    12.H         0.785428    1.047086    2.675003
<Jan23-2022> <03:59:05>  >>>> CORORT
<Jan23-2022> <03:59:05>  >>>> CLSMAT
<Jan23-2022> <03:59:05>  >>>> ORTHON
<Jan23-2022> <03:59:05>  >>>> GENPT
<Jan23-2022> <03:59:06>  Block Length= 128
<Jan23-2022> <03:59:07>  >>>> PTBAS
<Jan23-2022> <03:59:21>  >>>> CYCLE
<Jan23-2022> <03:59:41>  using orbital data from restart file
<Jan23-2022> <04:00:18>              |Error|         MaxErr       Wt(A-DIIS)
<Jan23-2022> <04:00:18>      1      0.00035958      0.00005715
<Jan23-2022> <04:01:08>      2      0.00007877      0.00000744    100.0
<Jan23-2022> <04:01:59>      3      0.00004010      0.00000404    100.0
<Jan23-2022> <04:02:49>      4      0.00004857      0.00000401      0.0
<Jan23-2022> <04:03:39>      5      0.00002421      0.00000329      0.0
<Jan23-2022> <04:04:29>      6      0.00001181      0.00000171      0.0
<Jan23-2022> <04:05:19>      7      0.00000763      0.00000129      0.0
<Jan23-2022> <04:06:09>      8      0.00000188      0.00000023      0.0
<Jan23-2022> <04:06:21>  SCF converged
<Jan23-2022> <04:06:59>      9      0.00000124      0.00000012      0.0
<Jan23-2022> <04:07:12>  >>>> TOTEN
<Jan23-2022> <04:08:04>  >>>> POPAN
<Jan23-2022> <04:08:04>  >>>> DEBYE
<Jan23-2022> <04:08:04>  >>>> ENGRAD
<Jan23-2022> <04:15:45>  Scanning mode: 8
<Jan23-2022> <04:15:46>  *** SCANMODE_forward_adf_ScanMode_8 ***
<Jan23-2022> <04:15:46>  >>>> FRAGM
<Jan23-2022> <04:15:46>  Coordinates
<Jan23-2022> <04:15:46>     Atom         X           Y           Z   (Angstrom)
<Jan23-2022> <04:15:46>     1.C         0.814857   -0.202089    0.883422
<Jan23-2022> <04:15:46>     2.C         0.855791   -0.339611   -0.465185
<Jan23-2022> <04:15:46>     3.C        -1.562578   -0.458782   -1.319921
<Jan23-2022> <04:15:46>     4.H         0.832769   -1.080087    1.528853
<Jan23-2022> <04:15:46>     5.C         0.734797    1.101929    1.561404
<Jan23-2022> <04:15:46>     6.H        -1.721626   -1.522537   -1.189951
<Jan23-2022> <04:15:46>     7.H         0.931607    0.536862   -1.100771
<Jan23-2022> <04:15:46>     8.H        -1.354255   -0.080480   -2.313898
<Jan23-2022> <04:15:46>     9.H        -1.951903    0.223491   -0.575640
<Jan23-2022> <04:15:46>    10.O         0.620716    2.185207    1.005696
<Jan23-2022> <04:15:46>    11.H         1.005595   -1.311122   -0.924660
<Jan23-2022> <04:15:46>    12.H         0.785381    1.047108    2.675028
<Jan23-2022> <04:15:46>  >>>> CORORT
<Jan23-2022> <04:15:46>  >>>> CLSMAT
<Jan23-2022> <04:15:46>  >>>> ORTHON
<Jan23-2022> <04:15:46>  >>>> GENPT
<Jan23-2022> <04:15:47>  Block Length= 128
<Jan23-2022> <04:15:48>  >>>> PTBAS
<Jan23-2022> <04:16:02>  >>>> CYCLE
<Jan23-2022> <04:16:22>  using orbital data from restart file
<Jan23-2022> <04:16:59>              |Error|         MaxErr       Wt(A-DIIS)
<Jan23-2022> <04:16:59>      1      0.00023100      0.00003914
<Jan23-2022> <04:17:49>      2      0.00000631      0.00000070    100.0
<Jan23-2022> <04:18:01>  SCF converged
<Jan23-2022> <04:18:38>      3      0.00000446      0.00000052    100.0
<Jan23-2022> <04:18:51>  >>>> TOTEN
<Jan23-2022> <04:19:44>  >>>> POPAN
<Jan23-2022> <04:19:44>  >>>> DEBYE
<Jan23-2022> <04:19:44>  >>>> ENGRAD
<Jan23-2022> <04:32:20>  PES point character: Geometry corresponds to a transition state.
<Jan23-2022> <04:32:20>  Transition state search successful!
<Jan23-2022> <04:32:20>  WARNING: total elapsed time is much higher than the (CPU+system) time.
<Jan23-2022> <04:32:20>  Make sure the machine is not oversubscribed and has enough memory, SCM_TMPDIR points to a fast file system, and the network is fast enough.
<Jan23-2022> <04:32:20>  NORMAL TERMINATION
