<Jan19-2022> <23:29:51>  AMS 2021.102  RunTime: Jan19-2022 23:29:51  ShM Nodes: 1  Procs: 1
<Jan19-2022> <23:29:51>  ADF 2021.102  RunTime: Jan19-2022 23:29:51  ShM Nodes: 1  Procs: 1
<Jan19-2022> <23:29:51>  *** (NO TITLE) ***
<Jan19-2022> <23:29:51>  Iteration 1
<Jan19-2022> <23:29:51>  DIRAC 2021.102  RunTime: Jan19-2022 23:29:51  ShM Nodes: 1  Procs: 1
<Jan19-2022> <23:29:52>  Carbon (TZ2P)
<Jan19-2022> <23:29:52>  Net Charge: 0 (Nuclei minus Electrons)
<Jan19-2022> <23:29:52>  Symmetry  : ATOM
<Jan19-2022> <23:29:52>  Coordinates
<Jan19-2022> <23:29:52>     Atom         X           Y           Z   (Angstrom)
<Jan19-2022> <23:29:52>     1.C         0.000000    0.000000    0.000000
<Jan19-2022> <23:29:52>  >>>> CORORT
<Jan19-2022> <23:29:52>  >>>> CLSMAT
<Jan19-2022> <23:29:52>  >>>> ORTHON
<Jan19-2022> <23:29:52>  >>>> GENPT
<Jan19-2022> <23:29:52>  Block Length=  72
<Jan19-2022> <23:29:52>  >>>> PTBAS
<Jan19-2022> <23:29:52>  >>>> CYCLE
<Jan19-2022> <23:29:52>              |Error|         MaxErr       Wt(A-DIIS)
<Jan19-2022> <23:29:52>      1      0.00000000      0.00000000
<Jan19-2022> <23:29:52>      2      4.48405934      3.32161898    100.0
<Jan19-2022> <23:29:52>      3      1.60718414      1.28408746    100.0
<Jan19-2022> <23:29:52>      4      0.76426456      0.62272052    100.0
<Jan19-2022> <23:29:52>      5      0.36119063      0.28553990    100.0
<Jan19-2022> <23:29:52>      6      0.14821424      0.11559867    100.0
<Jan19-2022> <23:29:52>      7      0.10108424      0.07867111     78.5
<Jan19-2022> <23:29:52>      8      0.01786531      0.01387049     13.0
<Jan19-2022> <23:29:52>      9      0.00195746      0.00153262      0.5
<Jan19-2022> <23:29:52>     10      0.00001058      0.00000730      0.0
<Jan19-2022> <23:29:52>     11      0.00000047      0.00000027      0.0
<Jan19-2022> <23:29:52>     12      0.00000003      0.00000002      0.0
<Jan19-2022> <23:29:52>     13      0.00000000      0.00000000      0.0
<Jan19-2022> <23:29:52>  SCF converged
<Jan19-2022> <23:29:52>     14      0.00000000      0.00000000      0.0
<Jan19-2022> <23:29:52>  >>>> POPAN
<Jan19-2022> <23:29:52>  >>>> DEBYE
<Jan19-2022> <23:29:52>  DIRAC 2021.102  RunTime: Jan19-2022 23:29:52  ShM Nodes: 1  Procs: 1
<Jan19-2022> <23:29:52>  Hydrogen (TZ2P)
<Jan19-2022> <23:29:52>  Net Charge: 0 (Nuclei minus Electrons)
<Jan19-2022> <23:29:52>  Symmetry  : ATOM
<Jan19-2022> <23:29:52>  Coordinates
<Jan19-2022> <23:29:52>     Atom         X           Y           Z   (Angstrom)
<Jan19-2022> <23:29:52>     1.H         0.000000    0.000000    0.000000
<Jan19-2022> <23:29:52>  >>>> CORORT
<Jan19-2022> <23:29:52>  >>>> CLSMAT
<Jan19-2022> <23:29:52>  >>>> ORTHON
<Jan19-2022> <23:29:52>  >>>> GENPT
<Jan19-2022> <23:29:52>  Block Length=  64
<Jan19-2022> <23:29:52>  >>>> PTBAS
<Jan19-2022> <23:29:52>  >>>> CYCLE
<Jan19-2022> <23:29:52>              |Error|         MaxErr       Wt(A-DIIS)
<Jan19-2022> <23:29:52>      1      0.00000000      0.00000000
<Jan19-2022> <23:29:52>      2      0.03080019      0.02591482
<Jan19-2022> <23:29:53>      3      0.01140383      0.01135775    100.0
<Jan19-2022> <23:29:53>      4      0.00327656      0.00327407      2.3
<Jan19-2022> <23:29:53>      5      0.00010041      0.00009754      0.0
<Jan19-2022> <23:29:53>      6      0.00000525      0.00000504      0.0
<Jan19-2022> <23:29:53>      7      0.00000007      0.00000007      0.0
<Jan19-2022> <23:29:53>      8      0.00000000      0.00000000      0.0
<Jan19-2022> <23:29:53>  SCF converged
<Jan19-2022> <23:29:53>      9      0.00000000      0.00000000      0.0
<Jan19-2022> <23:29:53>  >>>> POPAN
<Jan19-2022> <23:29:53>  >>>> DEBYE
<Jan19-2022> <23:29:53>  DIRAC 2021.102  RunTime: Jan19-2022 23:29:53  ShM Nodes: 1  Procs: 1
<Jan19-2022> <23:29:53>  Oxygen (TZ2P)
<Jan19-2022> <23:29:53>  Net Charge: 0 (Nuclei minus Electrons)
<Jan19-2022> <23:29:53>  Symmetry  : ATOM
<Jan19-2022> <23:29:53>  Coordinates
<Jan19-2022> <23:29:53>     Atom         X           Y           Z   (Angstrom)
<Jan19-2022> <23:29:53>     1.O         0.000000    0.000000    0.000000
<Jan19-2022> <23:29:53>  >>>> CORORT
<Jan19-2022> <23:29:53>  >>>> CLSMAT
<Jan19-2022> <23:29:53>  >>>> ORTHON
<Jan19-2022> <23:29:53>  >>>> GENPT
<Jan19-2022> <23:29:53>  Block Length=  68
<Jan19-2022> <23:29:53>  >>>> PTBAS
<Jan19-2022> <23:29:53>  >>>> CYCLE
<Jan19-2022> <23:29:53>              |Error|         MaxErr       Wt(A-DIIS)
<Jan19-2022> <23:29:53>      1      0.00000000      0.00000000
<Jan19-2022> <23:29:53>      2      8.77210307      5.53374266    100.0
<Jan19-2022> <23:29:53>      3      3.60058093      2.49154808    100.0
<Jan19-2022> <23:29:53>      4      1.20505529      0.62472425    100.0
<Jan19-2022> <23:29:53>      5      1.46502638      0.81213311    100.0
<Jan19-2022> <23:29:53>      6      0.15089362      0.09131786     91.2
<Jan19-2022> <23:29:53>      7      0.14397311      0.08251182     82.3
<Jan19-2022> <23:29:53>      8      0.00183259      0.00123681      0.2
<Jan19-2022> <23:29:53>      9      0.00015629      0.00008105      0.0
<Jan19-2022> <23:29:53>     10      0.00001324      0.00000629      0.0
<Jan19-2022> <23:29:53>     11      0.00000006      0.00000003      0.0
<Jan19-2022> <23:29:53>     12      0.00000000      0.00000000      0.0
<Jan19-2022> <23:29:53>  SCF converged
<Jan19-2022> <23:29:53>     13      0.00000000      0.00000000      0.0
<Jan19-2022> <23:29:53>  >>>> POPAN
<Jan19-2022> <23:29:53>  >>>> DEBYE
<Jan19-2022> <23:29:53>  *** GOStep1 ***
<Jan19-2022> <23:29:53>  >>>> FRAGM
<Jan19-2022> <23:29:54>  Coordinates
<Jan19-2022> <23:29:54>     Atom         X           Y           Z   (Angstrom)
<Jan19-2022> <23:29:54>     1.C         0.816680   -0.234719    0.881975
<Jan19-2022> <23:29:54>     2.C         0.816784   -0.234131   -0.477193
<Jan19-2022> <23:29:54>     3.C        -1.531600   -0.469980   -1.308576
<Jan19-2022> <23:29:54>     4.H         0.856362   -1.163867    1.448593
<Jan19-2022> <23:29:54>     5.C         0.738934    1.000635    1.660143
<Jan19-2022> <23:29:54>     6.H        -1.752243   -1.423246   -0.843669
<Jan19-2022> <23:29:54>     7.H         0.865401    0.701495   -1.028794
<Jan19-2022> <23:29:54>     8.H        -1.295721   -0.453222   -2.366756
<Jan19-2022> <23:29:54>     9.H        -1.934372    0.427296   -0.854856
<Jan19-2022> <23:29:54>    10.O         0.730889    1.056221    2.881649
<Jan19-2022> <23:29:54>    11.H         0.994956   -1.130034   -1.034430
<Jan19-2022> <23:29:54>    12.H         0.693508    1.895813    1.075768
<Jan19-2022> <23:29:54>  >>>> CORORT
<Jan19-2022> <23:29:54>  >>>> CLSMAT
<Jan19-2022> <23:29:54>  >>>> ORTHON
<Jan19-2022> <23:29:54>  >>>> GENPT
<Jan19-2022> <23:29:54>  Block Length= 128
<Jan19-2022> <23:29:55>  >>>> PTBAS
<Jan19-2022> <23:30:10>  >>>> CYCLE
<Jan19-2022> <23:31:11>              |Error|         MaxErr       Wt(A-DIIS)
<Jan19-2022> <23:31:11>      1      5.06635329      0.52398661
<Jan19-2022> <23:32:03>      2      0.89122353      0.09799634    100.0
<Jan19-2022> <23:32:55>      3      0.48242844      0.04462236    100.0
<Jan19-2022> <23:33:48>      4      0.66468963      0.07388004    100.0
<Jan19-2022> <23:34:42>      5      0.13767296      0.02126000     20.5
<Jan19-2022> <23:35:35>      6      0.14007780      0.02252866     20.5
<Jan19-2022> <23:36:28>      7      0.02456021      0.00246211      1.5
<Jan19-2022> <23:37:20>      8      0.00778434      0.00103476      0.0
<Jan19-2022> <23:38:13>      9      0.00565245      0.00090556      0.0
<Jan19-2022> <23:39:06>     10      0.00181282      0.00020969      0.0
<Jan19-2022> <23:39:58>     11      0.00083609      0.00006399      0.0
<Jan19-2022> <23:40:51>     12      0.00026737      0.00002289      0.0
<Jan19-2022> <23:41:44>     13      0.00008838      0.00000925      0.0
<Jan19-2022> <23:42:36>     14      0.00003359      0.00000462      0.0
<Jan19-2022> <23:43:29>     15      0.00001078      0.00000098      0.0
<Jan19-2022> <23:44:21>     16      0.00000643      0.00000061      0.0
<Jan19-2022> <23:44:34>  SCF converged
<Jan19-2022> <23:45:14>     17      0.00000192      0.00000013      0.0
<Jan19-2022> <23:45:28>  >>>> TOTEN
<Jan19-2022> <23:46:25>  >>>> POPAN
<Jan19-2022> <23:46:25>  >>>> DEBYE
<Jan19-2022> <23:46:25>  >>>> ENGRAD
<Jan19-2022> <23:47:36>  current energy                               -2.32665185 Hartree
<Jan19-2022> <23:47:36>  energy change                      -2.32665185     0.00012000    F
<Jan19-2022> <23:47:36>  constrained gradient max            0.04677457     0.00100000    F
<Jan19-2022> <23:47:36>  constrained gradient rms            0.01321218     0.00066667    F
<Jan19-2022> <23:47:36>  gradient max                        0.04677457
<Jan19-2022> <23:47:36>  gradient rms                        0.01321218
<Jan19-2022> <23:47:36>  cart. step max                      0.02602828     0.01000000    F
<Jan19-2022> <23:47:36>  cart. step rms                      0.00551878     0.00666667    T
<Jan19-2022> <23:47:36>  Iteration 2
<Jan19-2022> <23:47:36>  *** GOStep2 ***
<Jan19-2022> <23:47:36>  >>>> FRAGM
<Jan19-2022> <23:47:36>  Coordinates
<Jan19-2022> <23:47:36>     Atom         X           Y           Z   (Angstrom)
<Jan19-2022> <23:47:36>     1.C         0.816603   -0.237208    0.881426
<Jan19-2022> <23:47:36>     2.C         0.815938   -0.234744   -0.472563
<Jan19-2022> <23:47:36>     3.C        -1.531158   -0.470085   -1.308324
<Jan19-2022> <23:47:36>     4.H         0.856690   -1.167575    1.446144
<Jan19-2022> <23:47:36>     5.C         0.739448    0.998213    1.661004
<Jan19-2022> <23:47:36>     6.H        -1.752259   -1.424069   -0.845127
<Jan19-2022> <23:47:36>     7.H         0.864751    0.702127   -1.022228
<Jan19-2022> <23:47:36>     8.H        -1.293926   -0.451355   -2.366100
<Jan19-2022> <23:47:36>     9.H        -1.934555    0.426385   -0.853435
<Jan19-2022> <23:47:36>    10.O         0.731623    1.047214    2.885776
<Jan19-2022> <23:47:36>    11.H         0.994516   -1.138482   -1.037303
<Jan19-2022> <23:47:36>    12.H         0.691907    1.921841    1.064584
<Jan19-2022> <23:47:36>  >>>> CORORT
<Jan19-2022> <23:47:36>  >>>> CLSMAT
<Jan19-2022> <23:47:36>  >>>> ORTHON
<Jan19-2022> <23:47:36>  >>>> GENPT
<Jan19-2022> <23:47:37>  Block Length= 128
<Jan19-2022> <23:47:38>  >>>> PTBAS
<Jan19-2022> <23:47:53>  >>>> CYCLE
<Jan19-2022> <23:48:13>  using orbital data from restart file
<Jan19-2022> <23:48:52>              |Error|         MaxErr       Wt(A-DIIS)
<Jan19-2022> <23:48:52>      1      0.09159511      0.02072670
<Jan19-2022> <23:49:44>      2      0.01442107      0.00153526    100.0
<Jan19-2022> <23:50:35>      3      0.02679424      0.00373073    100.0
<Jan19-2022> <23:51:28>      4      0.00624798      0.00072940      0.0
<Jan19-2022> <23:52:19>      5      0.00195090      0.00023434      0.0
<Jan19-2022> <23:53:11>      6      0.00056238      0.00007288      0.0
<Jan19-2022> <23:53:48>      7      0.00025283      0.00003965      0.0
<Jan19-2022> <23:54:18>      8      0.00006630      0.00000799      0.0
<Jan19-2022> <23:54:48>      9      0.00003328      0.00000295      0.0
<Jan19-2022> <23:55:18>     10      0.00001965      0.00000171      0.0
<Jan19-2022> <23:55:49>     11      0.00000767      0.00000063      0.0
<Jan19-2022> <23:55:56>  SCF converged
<Jan19-2022> <23:56:19>     12      0.00000148      0.00000020      0.0
<Jan19-2022> <23:56:26>  >>>> TOTEN
<Jan19-2022> <23:57:01>  >>>> POPAN
<Jan19-2022> <23:57:01>  >>>> DEBYE
<Jan19-2022> <23:57:01>  >>>> ENGRAD
<Jan19-2022> <23:57:42>  current energy                               -2.32786166 Hartree
<Jan19-2022> <23:57:42>  energy change                      -0.00120981     0.00012000    F
<Jan19-2022> <23:57:42>  constrained gradient max            0.01627946     0.00100000    F
<Jan19-2022> <23:57:42>  constrained gradient rms            0.00533963     0.00066667    F
<Jan19-2022> <23:57:42>  gradient max                        0.01627946
<Jan19-2022> <23:57:42>  gradient rms                        0.00533963
<Jan19-2022> <23:57:42>  cart. step max                      0.04520432     0.01000000    F
<Jan19-2022> <23:57:42>  cart. step rms                      0.01647690     0.00666667    F
<Jan19-2022> <23:57:42>  Iteration 3
<Jan19-2022> <23:57:43>  *** GOStep3 ***
<Jan19-2022> <23:57:43>  >>>> FRAGM
<Jan19-2022> <23:57:43>  Coordinates
<Jan19-2022> <23:57:43>     Atom         X           Y           Z   (Angstrom)
<Jan19-2022> <23:57:43>     1.C         0.816743   -0.237887    0.853682
<Jan19-2022> <23:57:43>     2.C         0.803837   -0.232016   -0.429422
<Jan19-2022> <23:57:43>     3.C        -1.532502   -0.469498   -1.309363
<Jan19-2022> <23:57:43>     4.H         0.859287   -1.168880    1.417110
<Jan19-2022> <23:57:43>     5.C         0.738948    0.993864    1.638495
<Jan19-2022> <23:57:43>     6.H        -1.754573   -1.427456   -0.854968
<Jan19-2022> <23:57:43>     7.H         0.857406    0.705667   -0.977024
<Jan19-2022> <23:57:43>     8.H        -1.278191   -0.443596   -2.362141
<Jan19-2022> <23:57:43>     9.H        -1.943054    0.422933   -0.852795
<Jan19-2022> <23:57:43>    10.O         0.745871    1.041911    2.861651
<Jan19-2022> <23:57:43>    11.H         0.993732   -1.129933   -0.996302
<Jan19-2022> <23:57:43>    12.H         0.692073    1.917150    1.044931
<Jan19-2022> <23:57:43>  >>>> CORORT
<Jan19-2022> <23:57:43>  >>>> CLSMAT
<Jan19-2022> <23:57:43>  >>>> ORTHON
<Jan19-2022> <23:57:43>  >>>> GENPT
<Jan19-2022> <23:57:43>  Block Length= 128
<Jan19-2022> <23:57:44>  >>>> PTBAS
<Jan19-2022> <23:58:00>  >>>> CYCLE
<Jan19-2022> <23:58:20>  using orbital data from restart file
<Jan19-2022> <23:58:59>              |Error|         MaxErr       Wt(A-DIIS)
<Jan19-2022> <23:58:59>      1      0.26471826      0.04615604
<Jan19-2022> <23:59:51>      2      0.04770282      0.00365663    100.0
<Jan20-2022> <00:00:43>      3      0.02132293      0.00180979    100.0
<Jan20-2022> <00:01:35>      4      0.03365508      0.00242609    100.0
<Jan20-2022> <00:02:26>      5      0.00751265      0.00094822      0.0
<Jan20-2022> <00:02:56>      6      0.00365829      0.00047942      0.0
<Jan20-2022> <00:03:27>      7      0.00126013      0.00021093      0.0
<Jan20-2022> <00:03:57>      8      0.00068357      0.00008551      0.0
<Jan20-2022> <00:04:28>      9      0.00021580      0.00002036      0.0
<Jan20-2022> <00:05:15>     10      0.00008471      0.00000694      0.0
<Jan20-2022> <00:06:08>     11      0.00004155      0.00000367      0.0
<Jan20-2022> <00:07:00>     12      0.00000786      0.00000082      0.0
<Jan20-2022> <00:07:13>  SCF converged
<Jan20-2022> <00:07:53>     13      0.00000461      0.00000069      0.0
<Jan20-2022> <00:08:07>  >>>> TOTEN
<Jan20-2022> <00:09:05>  >>>> POPAN
<Jan20-2022> <00:09:05>  >>>> DEBYE
<Jan20-2022> <00:09:05>  >>>> ENGRAD
<Jan20-2022> <00:10:17>  current energy                               -2.32182276 Hartree
<Jan20-2022> <00:10:17>  energy change                       0.00603889     0.00012000    F
<Jan20-2022> <00:10:17>  constrained gradient max            0.15756589     0.00100000    F
<Jan20-2022> <00:10:17>  constrained gradient rms            0.03745929     0.00066667    F
<Jan20-2022> <00:10:17>  gradient max                        0.15756589
<Jan20-2022> <00:10:17>  gradient rms                        0.03745929
<Jan20-2022> <00:10:17>  cart. step max                      0.04848820     0.01000000    F
<Jan20-2022> <00:10:17>  cart. step rms                      0.01872292     0.00666667    F
<Jan20-2022> <00:10:17>  Iteration 4
<Jan20-2022> <00:10:18>  *** GOStep4 ***
<Jan20-2022> <00:10:18>  >>>> FRAGM
<Jan20-2022> <00:10:18>  Coordinates
<Jan20-2022> <00:10:18>     Atom         X           Y           Z   (Angstrom)
<Jan20-2022> <00:10:18>     1.C         0.812661   -0.256927    0.823119
<Jan20-2022> <00:10:18>     2.C         0.814458   -0.238786   -0.417942
<Jan20-2022> <00:10:18>     3.C        -1.526937   -0.467135   -1.299939
<Jan20-2022> <00:10:18>     4.H         0.850303   -1.206010    1.377073
<Jan20-2022> <00:10:18>     5.C         0.727778    1.008420    1.630424
<Jan20-2022> <00:10:18>     6.H        -1.748856   -1.423795   -0.857581
<Jan20-2022> <00:10:18>     7.H         0.868659    0.679971   -0.940190
<Jan20-2022> <00:10:18>     8.H        -1.280629   -0.431518   -2.331047
<Jan20-2022> <00:10:18>     9.H        -1.935149    0.415771   -0.838565
<Jan20-2022> <00:10:18>    10.O         0.731195    1.041433    2.841175
<Jan20-2022> <00:10:18>    11.H         0.997759   -1.114801   -0.980383
<Jan20-2022> <00:10:18>    12.H         0.688338    1.965639    1.027710
<Jan20-2022> <00:10:18>  >>>> CORORT
<Jan20-2022> <00:10:18>  >>>> CLSMAT
<Jan20-2022> <00:10:18>  >>>> ORTHON
<Jan20-2022> <00:10:18>  >>>> GENPT
<Jan20-2022> <00:10:18>  Block Length= 128
<Jan20-2022> <00:10:19>  >>>> PTBAS
<Jan20-2022> <00:10:35>  >>>> CYCLE
<Jan20-2022> <00:10:56>  using orbital data from restart file
<Jan20-2022> <00:11:37>              |Error|         MaxErr       Wt(A-DIIS)
<Jan20-2022> <00:11:37>      1      0.24366905      0.04085534
<Jan20-2022> <00:12:31>      2      0.03339230      0.00378559    100.0
<Jan20-2022> <00:13:23>      3      0.01393181      0.00166886    100.0
<Jan20-2022> <00:13:53>      4      0.02405469      0.00296798    100.0
<Jan20-2022> <00:14:23>      5      0.00320789      0.00032796      0.0
<Jan20-2022> <00:14:53>      6      0.00158895      0.00016732      0.0
<Jan20-2022> <00:15:22>      7      0.00065817      0.00005402      0.0
<Jan20-2022> <00:15:53>      8      0.00024892      0.00003131      0.0
<Jan20-2022> <00:16:23>      9      0.00010055      0.00000849      0.0
<Jan20-2022> <00:16:52>     10      0.00002927      0.00000290      0.0
<Jan20-2022> <00:17:22>     11      0.00000965      0.00000086      0.0
<Jan20-2022> <00:17:30>  SCF converged
<Jan20-2022> <00:17:52>     12      0.00000392      0.00000026      0.0
<Jan20-2022> <00:18:00>  >>>> TOTEN
<Jan20-2022> <00:18:34>  >>>> POPAN
<Jan20-2022> <00:18:34>  >>>> DEBYE
<Jan20-2022> <00:18:34>  >>>> ENGRAD
<Jan20-2022> <00:19:15>  current energy                               -2.31003519 Hartree
<Jan20-2022> <00:19:15>  energy change                       0.01178757     0.00012000    F
<Jan20-2022> <00:19:15>  constrained gradient max            0.29364579     0.00100000    F
<Jan20-2022> <00:19:15>  constrained gradient rms            0.06456088     0.00066667    F
<Jan20-2022> <00:19:15>  gradient max                        0.29364579
<Jan20-2022> <00:19:15>  gradient rms                        0.06456088
<Jan20-2022> <00:19:15>  cart. step max                      0.06957073     0.01000000    F
<Jan20-2022> <00:19:15>  cart. step rms                      0.02717013     0.00666667    F
<Jan20-2022> <00:19:15>  Iteration 5
<Jan20-2022> <00:19:15>  *** GOStep5 ***
<Jan20-2022> <00:19:15>  >>>> FRAGM
<Jan20-2022> <00:19:15>  Coordinates
<Jan20-2022> <00:19:15>     Atom         X           Y           Z   (Angstrom)
<Jan20-2022> <00:19:15>     1.C         0.804724   -0.238993    0.817161
<Jan20-2022> <00:19:15>     2.C         0.824939   -0.219604   -0.389949
<Jan20-2022> <00:19:15>     3.C        -1.516790   -0.457179   -1.278825
<Jan20-2022> <00:19:15>     4.H         0.839801   -1.195254    1.368857
<Jan20-2022> <00:19:15>     5.C         0.712053    0.962673    1.572844
<Jan20-2022> <00:19:15>     6.H        -1.735895   -1.411322   -0.839954
<Jan20-2022> <00:19:15>     7.H         0.876728    0.684122   -0.900133
<Jan20-2022> <00:19:15>     8.H        -1.272914   -0.419580   -2.294840
<Jan20-2022> <00:19:15>     9.H        -1.928917    0.420158   -0.820766
<Jan20-2022> <00:19:15>    10.O         0.707472    0.993851    2.784822
<Jan20-2022> <00:19:15>    11.H         1.008284   -1.084342   -0.943502
<Jan20-2022> <00:19:15>    12.H         0.680094    1.937732    0.958139
<Jan20-2022> <00:19:15>  >>>> CORORT
<Jan20-2022> <00:19:15>  >>>> CLSMAT
<Jan20-2022> <00:19:15>  >>>> ORTHON
<Jan20-2022> <00:19:15>  >>>> GENPT
<Jan20-2022> <00:19:16>  Block Length= 128
<Jan20-2022> <00:19:16>  >>>> PTBAS
<Jan20-2022> <00:19:26>  >>>> CYCLE
<Jan20-2022> <00:19:39>  using orbital data from restart file
<Jan20-2022> <00:20:02>              |Error|         MaxErr       Wt(A-DIIS)
<Jan20-2022> <00:20:02>      1      0.30571510      0.04613340
<Jan20-2022> <00:20:32>      2      0.06506592      0.00773470    100.0
<Jan20-2022> <00:21:01>      3      0.02726805      0.00263431    100.0
<Jan20-2022> <00:21:31>      4      0.04158035      0.00412747    100.0
<Jan20-2022> <00:22:01>      5      0.01266131      0.00178398      0.8
<Jan20-2022> <00:22:31>      6      0.00392070      0.00045321      0.0
<Jan20-2022> <00:23:00>      7      0.00057086      0.00004776      0.0
<Jan20-2022> <00:23:30>      8      0.00025949      0.00002003      0.0
<Jan20-2022> <00:24:01>      9      0.00009842      0.00001020      0.0
<Jan20-2022> <00:24:30>     10      0.00003366      0.00000306      0.0
<Jan20-2022> <00:25:00>     11      0.00001897      0.00000138      0.0
<Jan20-2022> <00:25:30>     12      0.00000293      0.00000029      0.0
<Jan20-2022> <00:25:37>  SCF converged
<Jan20-2022> <00:26:00>     13      0.00000073      0.00000008      0.0
<Jan20-2022> <00:26:07>  >>>> TOTEN
<Jan20-2022> <00:26:41>  >>>> POPAN
<Jan20-2022> <00:26:41>  >>>> DEBYE
<Jan20-2022> <00:26:41>  >>>> ENGRAD
<Jan20-2022> <00:27:23>  current energy                               -2.29292970 Hartree
<Jan20-2022> <00:27:23>  energy change                       0.01710549     0.00012000    F
<Jan20-2022> <00:27:23>  constrained gradient max            0.37430454     0.00100000    F
<Jan20-2022> <00:27:23>  constrained gradient rms            0.08898166     0.00066667    F
<Jan20-2022> <00:27:23>  gradient max                        0.37430454
<Jan20-2022> <00:27:23>  gradient rms                        0.08898166
<Jan20-2022> <00:27:23>  cart. step max                      0.02941505     0.01000000    F
<Jan20-2022> <00:27:23>  cart. step rms                      0.01566432     0.00666667    F
<Jan20-2022> <00:27:23>  Iteration 6
<Jan20-2022> <00:27:23>  *** GOStep6 ***
<Jan20-2022> <00:27:23>  >>>> FRAGM
<Jan20-2022> <00:27:23>  Coordinates
<Jan20-2022> <00:27:23>     Atom         X           Y           Z   (Angstrom)
<Jan20-2022> <00:27:23>     1.C         0.819542   -0.239506    0.830777
<Jan20-2022> <00:27:23>     2.C         0.806822   -0.224116   -0.388796
<Jan20-2022> <00:27:23>     3.C        -1.526244   -0.458558   -1.297557
<Jan20-2022> <00:27:23>     4.H         0.861383   -1.183832    1.391752
<Jan20-2022> <00:27:23>     5.C         0.735456    0.970931    1.593271
<Jan20-2022> <00:27:23>     6.H        -1.752270   -1.409929   -0.847995
<Jan20-2022> <00:27:23>     7.H         0.866295    0.688391   -0.913680
<Jan20-2022> <00:27:23>     8.H        -1.270660   -0.435088   -2.323349
<Jan20-2022> <00:27:23>     9.H        -1.936225    0.428602   -0.848025
<Jan20-2022> <00:27:23>    10.O         0.736887    1.002342    2.804427
<Jan20-2022> <00:27:23>    11.H         1.001142   -1.095936   -0.952264
<Jan20-2022> <00:27:23>    12.H         0.657453    1.928961    0.985295
<Jan20-2022> <00:27:23>  >>>> CORORT
<Jan20-2022> <00:27:23>  >>>> CLSMAT
<Jan20-2022> <00:27:23>  >>>> ORTHON
<Jan20-2022> <00:27:23>  >>>> GENPT
<Jan20-2022> <00:27:24>  Block Length= 128
<Jan20-2022> <00:27:24>  >>>> PTBAS
<Jan20-2022> <00:27:34>  >>>> CYCLE
<Jan20-2022> <00:27:48>  using orbital data from restart file
<Jan20-2022> <00:28:12>              |Error|         MaxErr       Wt(A-DIIS)
<Jan20-2022> <00:28:12>      1      0.11823628      0.01422098
<Jan20-2022> <00:28:44>      2      0.01843943      0.00156974    100.0
<Jan20-2022> <00:29:16>      3      0.04484438      0.00455304    100.0
<Jan20-2022> <00:29:48>      4      0.01022874      0.00070457      0.0
<Jan20-2022> <00:30:20>      5      0.00339175      0.00053155      0.0
<Jan20-2022> <00:30:52>      6      0.00113288      0.00014149      0.0
<Jan20-2022> <00:31:24>      7      0.00028314      0.00003623      0.0
<Jan20-2022> <00:32:07>      8      0.00009842      0.00000916      0.0
<Jan20-2022> <00:32:39>      9      0.00004112      0.00000372      0.0
<Jan20-2022> <00:33:10>     10      0.00001586      0.00000129      0.0
<Jan20-2022> <00:33:42>     11      0.00000623      0.00000056      0.0
<Jan20-2022> <00:33:50>  SCF converged
<Jan20-2022> <00:34:14>     12      0.00000264      0.00000034      0.0
<Jan20-2022> <00:34:21>  >>>> TOTEN
<Jan20-2022> <00:34:57>  >>>> POPAN
<Jan20-2022> <00:34:57>  >>>> DEBYE
<Jan20-2022> <00:34:57>  >>>> ENGRAD
<Jan20-2022> <00:35:41>  current energy                               -2.30135046 Hartree
<Jan20-2022> <00:35:41>  energy change                      -0.00842076     0.00012000    F
<Jan20-2022> <00:35:41>  constrained gradient max            0.33355598     0.00100000    F
<Jan20-2022> <00:35:41>  constrained gradient rms            0.07931078     0.00066667    F
<Jan20-2022> <00:35:41>  gradient max                        0.33355598
<Jan20-2022> <00:35:41>  gradient rms                        0.07931078
<Jan20-2022> <00:35:41>  cart. step max                      0.02581261     0.01000000    F
<Jan20-2022> <00:35:41>  cart. step rms                      0.00889909     0.00666667    F
<Jan20-2022> <00:35:41>  Iteration 7
<Jan20-2022> <00:35:41>  *** GOStep7 ***
<Jan20-2022> <00:35:41>  >>>> FRAGM
<Jan20-2022> <00:35:41>  Coordinates
<Jan20-2022> <00:35:41>     Atom         X           Y           Z   (Angstrom)
<Jan20-2022> <00:35:41>     1.C         0.818543   -0.240476    0.835134
<Jan20-2022> <00:35:41>     2.C         0.809584   -0.220797   -0.397606
<Jan20-2022> <00:35:41>     3.C        -1.524869   -0.458623   -1.297888
<Jan20-2022> <00:35:41>     4.H         0.862575   -1.187844    1.391411
<Jan20-2022> <00:35:41>     5.C         0.729301    0.967102    1.600049
<Jan20-2022> <00:35:41>     6.H        -1.758735   -1.397506   -0.826920
<Jan20-2022> <00:35:41>     7.H         0.865945    0.692648   -0.918611
<Jan20-2022> <00:35:41>     8.H        -1.271174   -0.460901   -2.323578
<Jan20-2022> <00:35:41>     9.H        -1.928770    0.441508   -0.869676
<Jan20-2022> <00:35:41>    10.O         0.746499    0.998555    2.813071
<Jan20-2022> <00:35:41>    11.H         1.004363   -1.089508   -0.964721
<Jan20-2022> <00:35:41>    12.H         0.646319    1.928102    0.993189
<Jan20-2022> <00:35:41>  >>>> CORORT
<Jan20-2022> <00:35:41>  >>>> CLSMAT
<Jan20-2022> <00:35:41>  >>>> ORTHON
<Jan20-2022> <00:35:41>  >>>> GENPT
<Jan20-2022> <00:35:42>  Block Length= 128
<Jan20-2022> <00:35:42>  >>>> PTBAS
<Jan20-2022> <00:35:52>  >>>> CYCLE
<Jan20-2022> <00:36:05>  using orbital data from restart file
<Jan20-2022> <00:36:29>              |Error|         MaxErr       Wt(A-DIIS)
<Jan20-2022> <00:36:29>      1      0.07257399      0.01065928
<Jan20-2022> <00:37:01>      2      0.00714506      0.00054774    100.0
