<Jan20-2022> <14:27:06>  AMS 2021.102  RunTime: Jan20-2022 14:27:06  ShM Nodes: 1  Procs: 1
<Jan20-2022> <14:27:07>  ADF 2021.102  RunTime: Jan20-2022 14:27:07  ShM Nodes: 1  Procs: 1
<Jan20-2022> <14:27:07>  *** (NO TITLE) ***
<Jan20-2022> <14:27:07>  Iteration 1
<Jan20-2022> <14:27:07>  DIRAC 2021.102  RunTime: Jan20-2022 14:27:07  ShM Nodes: 1  Procs: 1
<Jan20-2022> <14:27:07>  Carbon (TZ2P)
<Jan20-2022> <14:27:07>  Net Charge: 0 (Nuclei minus Electrons)
<Jan20-2022> <14:27:07>  Symmetry  : ATOM
<Jan20-2022> <14:27:07>  Coordinates
<Jan20-2022> <14:27:07>     Atom         X           Y           Z   (Angstrom)
<Jan20-2022> <14:27:07>     1.C         0.000000    0.000000    0.000000
<Jan20-2022> <14:27:07>  >>>> CORORT
<Jan20-2022> <14:27:07>  >>>> CLSMAT
<Jan20-2022> <14:27:07>  >>>> ORTHON
<Jan20-2022> <14:27:07>  >>>> GENPT
<Jan20-2022> <14:27:07>  Block Length=  72
<Jan20-2022> <14:27:07>  >>>> PTBAS
<Jan20-2022> <14:27:07>  >>>> CYCLE
<Jan20-2022> <14:27:07>              |Error|         MaxErr       Wt(A-DIIS)
<Jan20-2022> <14:27:07>      1      0.00000000      0.00000000
<Jan20-2022> <14:27:07>      2      4.48405934      3.32161898    100.0
<Jan20-2022> <14:27:07>      3      1.60718414      1.28408746    100.0
<Jan20-2022> <14:27:07>      4      0.76426456      0.62272052    100.0
<Jan20-2022> <14:27:07>      5      0.36119063      0.28553990    100.0
<Jan20-2022> <14:27:07>      6      0.14821424      0.11559867    100.0
<Jan20-2022> <14:27:07>      7      0.10108424      0.07867111     78.5
<Jan20-2022> <14:27:07>      8      0.01786531      0.01387049     13.0
<Jan20-2022> <14:27:07>      9      0.00195746      0.00153262      0.5
<Jan20-2022> <14:27:07>     10      0.00001058      0.00000730      0.0
<Jan20-2022> <14:27:07>     11      0.00000047      0.00000027      0.0
<Jan20-2022> <14:27:07>     12      0.00000003      0.00000002      0.0
<Jan20-2022> <14:27:07>     13      0.00000000      0.00000000      0.0
<Jan20-2022> <14:27:07>  SCF converged
<Jan20-2022> <14:27:07>     14      0.00000000      0.00000000      0.0
<Jan20-2022> <14:27:07>  >>>> POPAN
<Jan20-2022> <14:27:07>  >>>> DEBYE
<Jan20-2022> <14:27:07>  DIRAC 2021.102  RunTime: Jan20-2022 14:27:07  ShM Nodes: 1  Procs: 1
<Jan20-2022> <14:27:08>  Hydrogen (TZ2P)
<Jan20-2022> <14:27:08>  Net Charge: 0 (Nuclei minus Electrons)
<Jan20-2022> <14:27:08>  Symmetry  : ATOM
<Jan20-2022> <14:27:08>  Coordinates
<Jan20-2022> <14:27:08>     Atom         X           Y           Z   (Angstrom)
<Jan20-2022> <14:27:08>     1.H         0.000000    0.000000    0.000000
<Jan20-2022> <14:27:08>  >>>> CORORT
<Jan20-2022> <14:27:08>  >>>> CLSMAT
<Jan20-2022> <14:27:08>  >>>> ORTHON
<Jan20-2022> <14:27:08>  >>>> GENPT
<Jan20-2022> <14:27:08>  Block Length=  64
<Jan20-2022> <14:27:08>  >>>> PTBAS
<Jan20-2022> <14:27:08>  >>>> CYCLE
<Jan20-2022> <14:27:08>              |Error|         MaxErr       Wt(A-DIIS)
<Jan20-2022> <14:27:08>      1      0.00000000      0.00000000
<Jan20-2022> <14:27:08>      2      0.03080019      0.02591482
<Jan20-2022> <14:27:08>      3      0.01140383      0.01135775    100.0
<Jan20-2022> <14:27:08>      4      0.00327656      0.00327407      2.3
<Jan20-2022> <14:27:08>      5      0.00010041      0.00009754      0.0
<Jan20-2022> <14:27:08>      6      0.00000525      0.00000504      0.0
<Jan20-2022> <14:27:08>      7      0.00000007      0.00000007      0.0
<Jan20-2022> <14:27:08>      8      0.00000000      0.00000000      0.0
<Jan20-2022> <14:27:08>  SCF converged
<Jan20-2022> <14:27:08>      9      0.00000000      0.00000000      0.0
<Jan20-2022> <14:27:08>  >>>> POPAN
<Jan20-2022> <14:27:08>  >>>> DEBYE
<Jan20-2022> <14:27:08>  DIRAC 2021.102  RunTime: Jan20-2022 14:27:08  ShM Nodes: 1  Procs: 1
<Jan20-2022> <14:27:08>  Oxygen (TZ2P)
<Jan20-2022> <14:27:08>  Net Charge: 0 (Nuclei minus Electrons)
<Jan20-2022> <14:27:08>  Symmetry  : ATOM
<Jan20-2022> <14:27:08>  Coordinates
<Jan20-2022> <14:27:08>     Atom         X           Y           Z   (Angstrom)
<Jan20-2022> <14:27:08>     1.O         0.000000    0.000000    0.000000
<Jan20-2022> <14:27:08>  >>>> CORORT
<Jan20-2022> <14:27:08>  >>>> CLSMAT
<Jan20-2022> <14:27:08>  >>>> ORTHON
<Jan20-2022> <14:27:08>  >>>> GENPT
<Jan20-2022> <14:27:08>  Block Length=  68
<Jan20-2022> <14:27:08>  >>>> PTBAS
<Jan20-2022> <14:27:08>  >>>> CYCLE
<Jan20-2022> <14:27:08>              |Error|         MaxErr       Wt(A-DIIS)
<Jan20-2022> <14:27:08>      1      0.00000000      0.00000000
<Jan20-2022> <14:27:08>      2      8.77210307      5.53374266    100.0
<Jan20-2022> <14:27:08>      3      3.60058093      2.49154808    100.0
<Jan20-2022> <14:27:08>      4      1.20505529      0.62472425    100.0
<Jan20-2022> <14:27:08>      5      1.46502638      0.81213311    100.0
<Jan20-2022> <14:27:09>      6      0.15089362      0.09131786     91.2
<Jan20-2022> <14:27:09>      7      0.14397311      0.08251182     82.3
<Jan20-2022> <14:27:09>      8      0.00183259      0.00123681      0.2
<Jan20-2022> <14:27:09>      9      0.00015629      0.00008105      0.0
<Jan20-2022> <14:27:09>     10      0.00001324      0.00000629      0.0
<Jan20-2022> <14:27:09>     11      0.00000006      0.00000003      0.0
<Jan20-2022> <14:27:09>     12      0.00000000      0.00000000      0.0
<Jan20-2022> <14:27:09>  SCF converged
<Jan20-2022> <14:27:09>     13      0.00000000      0.00000000      0.0
<Jan20-2022> <14:27:09>  >>>> POPAN
<Jan20-2022> <14:27:09>  >>>> DEBYE
<Jan20-2022> <14:27:09>  *** GOStep1 ***
<Jan20-2022> <14:27:09>  >>>> FRAGM
<Jan20-2022> <14:27:09>  Coordinates
<Jan20-2022> <14:27:09>     Atom         X           Y           Z   (Angstrom)
<Jan20-2022> <14:27:09>     1.C         0.072379    0.458490    0.147016
<Jan20-2022> <14:27:09>     2.C         0.881364   -0.769627    0.345434
<Jan20-2022> <14:27:09>     3.H         0.320085   -1.649370    0.008484
<Jan20-2022> <14:27:09>     4.C        -1.244537    0.481405   -0.412106
<Jan20-2022> <14:27:09>     5.H         0.491509    1.421715    0.440204
<Jan20-2022> <14:27:09>     6.O        -1.908801    1.513970   -0.583638
<Jan20-2022> <14:27:09>     7.C         1.357984   -0.971567    1.798392
<Jan20-2022> <14:27:09>     8.H         1.975789   -1.872162    1.871864
<Jan20-2022> <14:27:09>     9.H         0.508075   -1.083701    2.478485
<Jan20-2022> <14:27:09>    10.H         1.956137   -0.121560    2.141940
<Jan20-2022> <14:27:09>    11.H         1.748706   -0.707949   -0.278116
<Jan20-2022> <14:27:09>    12.H        -1.650698   -0.469128   -0.688547
<Jan20-2022> <14:27:09>  >>>> CORORT
<Jan20-2022> <14:27:09>  >>>> CLSMAT
<Jan20-2022> <14:27:09>  >>>> ORTHON
<Jan20-2022> <14:27:09>  >>>> GENPT
<Jan20-2022> <14:27:09>  Block Length= 128
<Jan20-2022> <14:27:10>  >>>> PTBAS
<Jan20-2022> <14:27:27>  >>>> CYCLE
<Jan20-2022> <14:28:32>              |Error|         MaxErr       Wt(A-DIIS)
<Jan20-2022> <14:28:32>      1      5.33249245      0.50861929
<Jan20-2022> <14:29:26>      2      0.92486293      0.09086049    100.0
<Jan20-2022> <14:30:22>      3      0.48795593      0.03697874    100.0
<Jan20-2022> <14:31:19>      4      0.69972437      0.06275576    100.0
<Jan20-2022> <14:32:15>      5      0.11490066      0.01508455     14.2
<Jan20-2022> <14:33:12>      6      0.08615756      0.01234332     11.5
<Jan20-2022> <14:34:07>      7      0.01624486      0.00229811      1.3
<Jan20-2022> <14:35:04>      8      0.00550127      0.00066996      0.0
<Jan20-2022> <14:36:00>      9      0.00141677      0.00013220      0.0
<Jan20-2022> <14:36:56>     10      0.00075544      0.00007589      0.0
<Jan20-2022> <14:37:52>     11      0.00030420      0.00002657      0.0
<Jan20-2022> <14:38:48>     12      0.00010832      0.00001210      0.0
<Jan20-2022> <14:39:44>     13      0.00002270      0.00000151      0.0
<Jan20-2022> <14:40:40>     14      0.00000806      0.00000078      0.0
<Jan20-2022> <14:40:55>  SCF converged
<Jan20-2022> <14:41:36>     15      0.00000328      0.00000025      0.0
<Jan20-2022> <14:41:50>  >>>> TOTEN
<Jan20-2022> <14:42:50>  >>>> POPAN
<Jan20-2022> <14:42:50>  >>>> DEBYE
<Jan20-2022> <14:42:50>  >>>> ENGRAD
<Jan20-2022> <14:44:06>  current energy                               -2.38196924 Hartree
<Jan20-2022> <14:44:06>  energy change                      -2.38196924     0.00012000    F
<Jan20-2022> <14:44:06>  constrained gradient max            0.04608115     0.00100000    F
<Jan20-2022> <14:44:06>  constrained gradient rms            0.01483600     0.00066667    F
<Jan20-2022> <14:44:06>  gradient max                        0.04608115
<Jan20-2022> <14:44:06>  gradient rms                        0.01483600
<Jan20-2022> <14:44:06>  cart. step max                      0.02135819     0.01000000    F
<Jan20-2022> <14:44:06>  cart. step rms                      0.00660723     0.00666667    T
<Jan20-2022> <14:44:06>  Iteration 2
<Jan20-2022> <14:44:07>  *** GOStep2 ***
<Jan20-2022> <14:44:07>  >>>> FRAGM
<Jan20-2022> <14:44:07>  Coordinates
<Jan20-2022> <14:44:07>     Atom         X           Y           Z   (Angstrom)
<Jan20-2022> <14:44:07>     1.C         0.074135    0.461126    0.147940
<Jan20-2022> <14:44:07>     2.C         0.883496   -0.768093    0.344463
<Jan20-2022> <14:44:07>     3.H         0.319400   -1.646937    0.008980
<Jan20-2022> <14:44:07>     4.C        -1.244904    0.483935   -0.407580
<Jan20-2022> <14:44:07>     5.H         0.495569    1.424058    0.439044
<Jan20-2022> <14:44:07>     6.O        -1.905914    1.522053   -0.578828
<Jan20-2022> <14:44:07>     7.C         1.354828   -0.971286    1.799391
<Jan20-2022> <14:44:07>     8.H         1.970955   -1.872968    1.874277
<Jan20-2022> <14:44:07>     9.H         0.503457   -1.081848    2.477844
<Jan20-2022> <14:44:07>    10.H         1.953851   -0.122363    2.144170
<Jan20-2022> <14:44:07>    11.H         1.770064   -0.706786   -0.290240
<Jan20-2022> <14:44:07>    12.H        -1.666945   -0.490376   -0.690048
<Jan20-2022> <14:44:07>  >>>> CORORT
<Jan20-2022> <14:44:07>  >>>> CLSMAT
<Jan20-2022> <14:44:07>  >>>> ORTHON
<Jan20-2022> <14:44:07>  >>>> GENPT
<Jan20-2022> <14:44:07>  Block Length= 128
<Jan20-2022> <14:44:08>  >>>> PTBAS
<Jan20-2022> <14:44:24>  >>>> CYCLE
<Jan20-2022> <14:44:45>  using orbital data from restart file
<Jan20-2022> <14:45:26>              |Error|         MaxErr       Wt(A-DIIS)
<Jan20-2022> <14:45:26>      1      0.09586784      0.01939407
<Jan20-2022> <14:46:19>      2      0.01574081      0.00176595    100.0
<Jan20-2022> <14:47:13>      3      0.03261190      0.00467319    100.0
<Jan20-2022> <14:48:09>      4      0.00711208      0.00051931      0.0
<Jan20-2022> <14:49:04>      5      0.00217077      0.00020131      0.0
<Jan20-2022> <14:49:57>      6      0.00058949      0.00004166      0.0
<Jan20-2022> <14:50:50>      7      0.00013700      0.00001148      0.0
<Jan20-2022> <14:51:43>      8      0.00002821      0.00000205      0.0
<Jan20-2022> <14:52:35>      9      0.00001183      0.00000078      0.0
<Jan20-2022> <14:53:29>     10      0.00000443      0.00000037      0.0
<Jan20-2022> <14:53:42>  SCF converged
<Jan20-2022> <14:54:21>     11      0.00000163      0.00000010      0.0
<Jan20-2022> <14:54:35>  >>>> TOTEN
<Jan20-2022> <14:55:33>  >>>> POPAN
<Jan20-2022> <14:55:33>  >>>> DEBYE
<Jan20-2022> <14:55:33>  >>>> ENGRAD
<Jan20-2022> <14:56:49>  current energy                               -2.38352492 Hartree
<Jan20-2022> <14:56:49>  energy change                      -0.00155569     0.00012000    F
<Jan20-2022> <14:56:49>  constrained gradient max            0.01860485     0.00100000    F
<Jan20-2022> <14:56:49>  constrained gradient rms            0.00528063     0.00066667    F
<Jan20-2022> <14:56:49>  gradient max                        0.01860485
<Jan20-2022> <14:56:49>  gradient rms                        0.00528063
<Jan20-2022> <14:56:49>  cart. step max                      0.00860899     0.01000000    T
<Jan20-2022> <14:56:49>  cart. step rms                      0.00278519     0.00666667    T
<Jan20-2022> <14:56:49>  Iteration 3
<Jan20-2022> <14:56:49>  *** GOStep3 ***
<Jan20-2022> <14:56:49>  >>>> FRAGM
<Jan20-2022> <14:56:49>  Coordinates
<Jan20-2022> <14:56:49>     Atom         X           Y           Z   (Angstrom)
<Jan20-2022> <14:56:49>     1.C         0.075382    0.462490    0.146480
<Jan20-2022> <14:56:49>     2.C         0.882733   -0.767682    0.344860
<Jan20-2022> <14:56:49>     3.H         0.319174   -1.646062    0.007657
<Jan20-2022> <14:56:49>     4.C        -1.243058    0.487324   -0.407822
<Jan20-2022> <14:56:49>     5.H         0.497559    1.425152    0.436904
<Jan20-2022> <14:56:49>     6.O        -1.905081    1.522476   -0.573757
<Jan20-2022> <14:56:49>     7.C         1.353482   -0.971090    1.800049
<Jan20-2022> <14:56:49>     8.H         1.968955   -1.873193    1.875495
<Jan20-2022> <14:56:49>     9.H         0.501060   -1.081243    2.477183
<Jan20-2022> <14:56:49>    10.H         1.952644   -0.122629    2.145820
<Jan20-2022> <14:56:49>    11.H         1.778356   -0.706043   -0.294335
<Jan20-2022> <14:56:49>    12.H        -1.673214   -0.498985   -0.689121
<Jan20-2022> <14:56:49>  >>>> CORORT
<Jan20-2022> <14:56:49>  >>>> CLSMAT
<Jan20-2022> <14:56:49>  >>>> ORTHON
<Jan20-2022> <14:56:49>  >>>> GENPT
<Jan20-2022> <14:56:50>  Block Length= 128
<Jan20-2022> <14:56:51>  >>>> PTBAS
<Jan20-2022> <14:57:07>  >>>> CYCLE
<Jan20-2022> <14:57:27>  using orbital data from restart file
<Jan20-2022> <14:58:08>              |Error|         MaxErr       Wt(A-DIIS)
<Jan20-2022> <14:58:08>      1      0.04635131      0.00899788
<Jan20-2022> <14:59:05>      2      0.00779445      0.00098265    100.0
<Jan20-2022> <15:00:02>      3      0.01940894      0.00280391    100.0
<Jan20-2022> <15:00:50>      4      0.00386331      0.00034466      0.0
<Jan20-2022> <15:01:23>      5      0.00109737      0.00008846      0.0
<Jan20-2022> <15:01:56>      6      0.00018968      0.00001284      0.0
<Jan20-2022> <15:02:29>      7      0.00009101      0.00000586      0.0
<Jan20-2022> <15:03:03>      8      0.00004819      0.00000319      0.0
<Jan20-2022> <15:03:37>      9      0.00001350      0.00000130      0.0
<Jan20-2022> <15:04:11>     10      0.00000503      0.00000034      0.0
<Jan20-2022> <15:04:20>  SCF converged
<Jan20-2022> <15:05:02>     11      0.00000214      0.00000017      0.0
<Jan20-2022> <15:05:17>  >>>> TOTEN
<Jan20-2022> <15:06:18>  >>>> POPAN
<Jan20-2022> <15:06:18>  >>>> DEBYE
<Jan20-2022> <15:06:18>  >>>> ENGRAD
<Jan20-2022> <15:07:36>  current energy                               -2.38372218 Hartree
<Jan20-2022> <15:07:36>  energy change                      -0.00019725     0.00012000    F
<Jan20-2022> <15:07:36>  constrained gradient max            0.00254789     0.00100000    F
<Jan20-2022> <15:07:36>  constrained gradient rms            0.00082172     0.00066667    F
<Jan20-2022> <15:07:36>  gradient max                        0.00254789
<Jan20-2022> <15:07:36>  gradient rms                        0.00082172
<Jan20-2022> <15:07:36>  cart. step max                      0.01382690     0.01000000    F
<Jan20-2022> <15:07:36>  cart. step rms                      0.00410592     0.00666667    T
<Jan20-2022> <15:07:36>  Iteration 4
<Jan20-2022> <15:07:37>  *** GOStep4 ***
<Jan20-2022> <15:07:37>  >>>> FRAGM
<Jan20-2022> <15:07:37>  Coordinates
<Jan20-2022> <15:07:37>     Atom         X           Y           Z   (Angstrom)
<Jan20-2022> <15:07:37>     1.C         0.072447    0.462335    0.151084
<Jan20-2022> <15:07:37>     2.C         0.879262   -0.767982    0.347734
<Jan20-2022> <15:07:37>     3.H         0.315164   -1.646241    0.011571
<Jan20-2022> <15:07:37>     4.C        -1.247940    0.488146   -0.398813
<Jan20-2022> <15:07:37>     5.H         0.495922    1.424905    0.439897
<Jan20-2022> <15:07:37>     6.O        -1.903245    1.524350   -0.582992
<Jan20-2022> <15:07:37>     7.C         1.356198   -0.971481    1.800753
<Jan20-2022> <15:07:37>     8.H         1.971906   -1.873605    1.873632
<Jan20-2022> <15:07:37>     9.H         0.506300   -1.081735    2.481083
<Jan20-2022> <15:07:37>    10.H         1.956634   -0.123037    2.144268
<Jan20-2022> <15:07:37>    11.H         1.773962   -0.706122   -0.295858
<Jan20-2022> <15:07:37>    12.H        -1.668618   -0.499018   -0.702948
<Jan20-2022> <15:07:37>  >>>> CORORT
<Jan20-2022> <15:07:37>  >>>> CLSMAT
<Jan20-2022> <15:07:37>  >>>> ORTHON
<Jan20-2022> <15:07:37>  >>>> GENPT
<Jan20-2022> <15:07:37>  Block Length= 128
<Jan20-2022> <15:07:38>  >>>> PTBAS
<Jan20-2022> <15:07:54>  >>>> CYCLE
<Jan20-2022> <15:08:16>  using orbital data from restart file
<Jan20-2022> <15:08:58>              |Error|         MaxErr       Wt(A-DIIS)
<Jan20-2022> <15:08:58>      1      0.04200384      0.01048119
<Jan20-2022> <15:09:54>      2      0.00584386      0.00057546    100.0
<Jan20-2022> <15:10:52>      3      0.00705406      0.00078890    100.0
<Jan20-2022> <15:11:36>      4      0.00366585      0.00054788      0.0
<Jan20-2022> <15:12:09>      5      0.00107655      0.00014675      0.0
<Jan20-2022> <15:12:42>      6      0.00050236      0.00003851      0.0
<Jan20-2022> <15:13:15>      7      0.00012746      0.00000796      0.0
<Jan20-2022> <15:13:48>      8      0.00004883      0.00000279      0.0
<Jan20-2022> <15:14:21>      9      0.00001495      0.00000099      0.0
<Jan20-2022> <15:14:55>     10      0.00000534      0.00000030      0.0
<Jan20-2022> <15:15:03>  SCF converged
<Jan20-2022> <15:15:28>     11      0.00000237      0.00000014      0.0
<Jan20-2022> <15:15:36>  >>>> TOTEN
<Jan20-2022> <15:16:13>  >>>> POPAN
<Jan20-2022> <15:16:13>  >>>> DEBYE
<Jan20-2022> <15:16:14>  >>>> ENGRAD
<Jan20-2022> <15:16:59>  current energy                               -2.38368182 Hartree
<Jan20-2022> <15:16:59>  energy change                       0.00004036     0.00012000    T
<Jan20-2022> <15:16:59>  constrained gradient max            0.00651515     0.00100000    F
<Jan20-2022> <15:16:59>  constrained gradient rms            0.00134019     0.00066667    F
<Jan20-2022> <15:16:59>  gradient max                        0.00651515
<Jan20-2022> <15:16:59>  gradient rms                        0.00134019
<Jan20-2022> <15:16:59>  cart. step max                      0.00529697     0.01000000    T
<Jan20-2022> <15:16:59>  cart. step rms                      0.00163052     0.00666667    T
<Jan20-2022> <15:16:59>  Iteration 5
<Jan20-2022> <15:16:59>  *** GOStep5 ***
<Jan20-2022> <15:16:59>  >>>> FRAGM
<Jan20-2022> <15:16:59>  Coordinates
<Jan20-2022> <15:16:59>     Atom         X           Y           Z   (Angstrom)
<Jan20-2022> <15:16:59>     1.C         0.073897    0.462477    0.149258
<Jan20-2022> <15:16:59>     2.C         0.880197   -0.767829    0.346943
<Jan20-2022> <15:16:59>     3.H         0.316543   -1.646013    0.009910
<Jan20-2022> <15:16:59>     4.C        -1.245761    0.488320   -0.402696
<Jan20-2022> <15:16:59>     5.H         0.497122    1.425024    0.438621
<Jan20-2022> <15:16:59>     6.O        -1.904917    1.523570   -0.579135
<Jan20-2022> <15:16:59>     7.C         1.355132   -0.971340    1.800540
<Jan20-2022> <15:16:59>     8.H         1.970643   -1.873521    1.874177
<Jan20-2022> <15:16:59>     9.H         0.504320   -1.081527    2.479766
<Jan20-2022> <15:16:59>    10.H         1.955165   -0.122940    2.144820
<Jan20-2022> <15:16:59>    11.H         1.775247   -0.706101   -0.295140
<Jan20-2022> <15:16:59>    12.H        -1.669597   -0.499603   -0.697651
<Jan20-2022> <15:16:59>  >>>> CORORT
<Jan20-2022> <15:16:59>  >>>> CLSMAT
<Jan20-2022> <15:16:59>  >>>> ORTHON
<Jan20-2022> <15:16:59>  >>>> GENPT
<Jan20-2022> <15:16:59>  Block Length= 128
<Jan20-2022> <15:17:00>  >>>> PTBAS
<Jan20-2022> <15:17:11>  >>>> CYCLE
<Jan20-2022> <15:17:23>  using orbital data from restart file
<Jan20-2022> <15:17:48>              |Error|         MaxErr       Wt(A-DIIS)
<Jan20-2022> <15:17:48>      1      0.01830863      0.00443000
<Jan20-2022> <15:18:21>      2      0.00224800      0.00023490    100.0
<Jan20-2022> <15:18:54>      3      0.00144898      0.00014369    100.0
<Jan20-2022> <15:19:27>      4      0.00117975      0.00013243      0.0
<Jan20-2022> <15:19:59>      5      0.00035701      0.00004525      0.0
<Jan20-2022> <15:20:32>      6      0.00016787      0.00001086      0.0
<Jan20-2022> <15:21:05>      7      0.00004500      0.00000270      0.0
<Jan20-2022> <15:21:38>      8      0.00001207      0.00000085      0.0
<Jan20-2022> <15:22:11>      9      0.00000599      0.00000049      0.0
<Jan20-2022> <15:22:18>  SCF converged
<Jan20-2022> <15:22:43>     10      0.00000247      0.00000021      0.0
<Jan20-2022> <15:22:51>  >>>> TOTEN
<Jan20-2022> <15:23:28>  >>>> POPAN
<Jan20-2022> <15:23:28>  >>>> DEBYE
<Jan20-2022> <15:23:29>  >>>> ENGRAD
<Jan20-2022> <15:24:13>  current energy                               -2.38371865 Hartree
<Jan20-2022> <15:24:13>  energy change                      -0.00003683     0.00012000    T
<Jan20-2022> <15:24:13>  constrained gradient max            0.00320572     0.00100000    F
<Jan20-2022> <15:24:13>  constrained gradient rms            0.00065077     0.00066667    T
<Jan20-2022> <15:24:13>  gradient max                        0.00320572
<Jan20-2022> <15:24:13>  gradient rms                        0.00065077
<Jan20-2022> <15:24:13>  cart. step max                      0.00566166     0.01000000    T
<Jan20-2022> <15:24:13>  cart. step rms                      0.00147860     0.00666667    T
<Jan20-2022> <15:24:13>  Iteration 6
<Jan20-2022> <15:24:13>  *** GOStep6 ***
<Jan20-2022> <15:24:13>  >>>> FRAGM
<Jan20-2022> <15:24:14>  Coordinates
<Jan20-2022> <15:24:14>     Atom         X           Y           Z   (Angstrom)
<Jan20-2022> <15:24:14>     1.C         0.075056    0.462767    0.147737
<Jan20-2022> <15:24:14>     2.C         0.880758   -0.767510    0.346424
<Jan20-2022> <15:24:14>     3.H         0.317654   -1.645640    0.008403
<Jan20-2022> <15:24:14>     4.C        -1.243712    0.488638   -0.406602
<Jan20-2022> <15:24:14>     5.H         0.497929    1.425251    0.437955
<Jan20-2022> <15:24:14>     6.O        -1.905794    1.522861   -0.576700
<Jan20-2022> <15:24:14>     7.C         1.354247   -0.971337    1.800335
<Jan20-2022> <15:24:14>     8.H         1.969644   -1.873540    1.874384
<Jan20-2022> <15:24:14>     9.H         0.502779   -1.081645    2.478750
<Jan20-2022> <15:24:14>    10.H         1.953917   -0.122995    2.145329
<Jan20-2022> <15:24:14>    11.H         1.776235   -0.705762   -0.294614
<Jan20-2022> <15:24:14>    12.H        -1.670721   -0.500573   -0.691989
<Jan20-2022> <15:24:14>  >>>> CORORT
<Jan20-2022> <15:24:14>  >>>> CLSMAT
<Jan20-2022> <15:24:14>  >>>> ORTHON
<Jan20-2022> <15:24:14>  >>>> GENPT
<Jan20-2022> <15:24:14>  Block Length= 128
<Jan20-2022> <15:24:14>  >>>> PTBAS
<Jan20-2022> <15:24:25>  >>>> CYCLE
<Jan20-2022> <15:24:38>  using orbital data from restart file
<Jan20-2022> <15:25:02>              |Error|         MaxErr       Wt(A-DIIS)
<Jan20-2022> <15:25:02>      1      0.01515315      0.00354484
<Jan20-2022> <15:25:35>      2      0.00207230      0.00021371    100.0
<Jan20-2022> <15:26:08>      3      0.00135361      0.00013054    100.0
<Jan20-2022> <15:26:40>      4      0.00108271      0.00012391      0.0
<Jan20-2022> <15:27:14>      5      0.00012720      0.00001372      0.0
<Jan20-2022> <15:27:46>      6      0.00015656      0.00002188      0.0
<Jan20-2022> <15:28:19>      7      0.00007192      0.00000917      0.0
<Jan20-2022> <15:28:52>      8      0.00001149      0.00000071      0.0
<Jan20-2022> <15:29:25>      9      0.00000444      0.00000027      0.0
<Jan20-2022> <15:29:33>  SCF converged
<Jan20-2022> <15:29:58>     10      0.00000145      0.00000010      0.0
<Jan20-2022> <15:30:06>  >>>> TOTEN
<Jan20-2022> <15:30:43>  >>>> POPAN
<Jan20-2022> <15:30:43>  >>>> DEBYE
<Jan20-2022> <15:30:43>  >>>> ENGRAD
<Jan20-2022> <15:31:28>  current energy                               -2.38373031 Hartree
<Jan20-2022> <15:31:28>  energy change                      -0.00001166     0.00012000    T
<Jan20-2022> <15:31:28>  constrained gradient max            0.00012649     0.00100000    T
<Jan20-2022> <15:31:28>  constrained gradient rms            0.00003983     0.00066667    T
<Jan20-2022> <15:31:28>  gradient max                        0.00012649
<Jan20-2022> <15:31:28>  gradient rms                        0.00003983
<Jan20-2022> <15:31:28>  cart. step max                      0.00068808     0.01000000    T
<Jan20-2022> <15:31:28>  cart. step rms                      0.00021533     0.00666667    T
<Jan20-2022> <15:31:28>  Geometry optimization converged
<Jan20-2022> <15:31:28>  *** adf ***
<Jan20-2022> <15:31:28>  Net Charge: 0 (Nuclei minus Electrons)
<Jan20-2022> <15:31:28>  Spin polar: 1 (Spin_A minus Spin_B electrons)
<Jan20-2022> <15:31:28>  Symmetry  : NOSYM
<Jan20-2022> <15:31:28>  >>>> FRAGM
<Jan20-2022> <15:31:28>  Coordinates
<Jan20-2022> <15:31:28>     Atom         X           Y           Z   (Angstrom)
<Jan20-2022> <15:31:28>     1.C         0.075056    0.462767    0.147737
<Jan20-2022> <15:31:28>     2.C         0.880758   -0.767510    0.346424
<Jan20-2022> <15:31:28>     3.H         0.317654   -1.645640    0.008403
<Jan20-2022> <15:31:28>     4.C        -1.243712    0.488638   -0.406602
<Jan20-2022> <15:31:28>     5.H         0.497929    1.425251    0.437955
<Jan20-2022> <15:31:28>     6.O        -1.905794    1.522861   -0.576700
<Jan20-2022> <15:31:28>     7.C         1.354247   -0.971337    1.800335
<Jan20-2022> <15:31:28>     8.H         1.969644   -1.873540    1.874384
<Jan20-2022> <15:31:28>     9.H         0.502779   -1.081645    2.478750
<Jan20-2022> <15:31:28>    10.H         1.953917   -0.122995    2.145329
<Jan20-2022> <15:31:28>    11.H         1.776235   -0.705762   -0.294614
<Jan20-2022> <15:31:28>    12.H        -1.670721   -0.500573   -0.691989
<Jan20-2022> <15:31:28>  >>>> CORORT
<Jan20-2022> <15:31:28>  >>>> CLSMAT
<Jan20-2022> <15:31:28>  >>>> ORTHON
<Jan20-2022> <15:31:28>  >>>> GENPT
<Jan20-2022> <15:31:28>  Block Length= 128
<Jan20-2022> <15:31:29>  >>>> PTBAS
<Jan20-2022> <15:31:39>  >>>> CYCLE
<Jan20-2022> <15:31:52>  using orbital data from restart file
<Jan20-2022> <15:32:17>              |Error|         MaxErr       Wt(A-DIIS)
<Jan20-2022> <15:32:17>      1      0.00000039      0.00000004
<Jan20-2022> <15:32:50>      2      0.00000045      0.00000004    100.0
<Jan20-2022> <15:32:58>  SCF converged
<Jan20-2022> <15:33:23>      3      0.00000024      0.00000002    100.0
<Jan20-2022> <15:33:52>  >>>> TOTEN
<Jan20-2022> <15:34:52>  >>>> POPAN
<Jan20-2022> <15:34:52>  >>>> DEBYE
<Jan20-2022> <15:34:52>  >>>> AMETS
<Jan20-2022> <15:34:52>   Bond Energy          -2.38373031 a.u.
<Jan20-2022> <15:34:52>   Bond Energy         -64.86460197 eV
<Jan20-2022> <15:34:52>   Bond Energy       -1495.81       kcal/mol
<Jan20-2022> <15:34:52>  >>>> POPUL
<Jan20-2022> <15:34:52>  >>>> ENGRAD
<Jan20-2022> <15:35:36>  >>>> ENHESS
<Jan20-2022> <15:35:50>  === NUCLEUS:     1
<Jan20-2022> <15:52:35>  === NUCLEUS:     2
<Jan20-2022> <16:07:43>  === NUCLEUS:     3
<Jan20-2022> <16:23:53>  === NUCLEUS:     4
<Jan20-2022> <16:38:57>  === NUCLEUS:     5
<Jan20-2022> <16:52:46>  === NUCLEUS:     6
<Jan20-2022> <17:07:16>  === NUCLEUS:     7
