<Jan22-2022> <23:26:22>  AMS 2021.102  RunTime: Jan22-2022 23:26:22  ShM Nodes: 1  Procs: 4
<Jan22-2022> <23:26:23>  ADF 2021.102  RunTime: Jan22-2022 23:26:23  ShM Nodes: 1  Procs: 4
<Jan22-2022> <23:26:23>  *** (NO TITLE) ***
<Jan22-2022> <23:26:23>  Atom coordinates do not satisfy full symmetry (probably due to orientation).
<Jan22-2022> <23:26:23>  Symmetry detected: C(3V)
<Jan22-2022> <23:26:23>  Iteration 1
<Jan22-2022> <23:26:23>  DIRAC 2021.102  RunTime: Jan22-2022 23:26:23  ShM Nodes: 1  Procs: 1
<Jan22-2022> <23:26:23>  Boron (TZ2P)
<Jan22-2022> <23:26:23>  Net Charge: 0 (Nuclei minus Electrons)
<Jan22-2022> <23:26:23>  Symmetry  : ATOM
<Jan22-2022> <23:26:23>  Coordinates
<Jan22-2022> <23:26:23>     Atom         X           Y           Z   (Angstrom)
<Jan22-2022> <23:26:23>     1.B         0.000000    0.000000    0.000000
<Jan22-2022> <23:26:23>  >>>> CORORT
<Jan22-2022> <23:26:23>  >>>> CLSMAT
<Jan22-2022> <23:26:23>  >>>> ORTHON
<Jan22-2022> <23:26:23>  >>>> GENPT
<Jan22-2022> <23:26:23>  Block Length=  76
<Jan22-2022> <23:26:23>  >>>> PTBAS
<Jan22-2022> <23:26:23>  >>>> CYCLE
<Jan22-2022> <23:26:24>              |Error|         MaxErr       Wt(A-DIIS)
<Jan22-2022> <23:26:24>      1      0.00000000      0.00000000
<Jan22-2022> <23:26:24>      2      3.20713362      2.03569268    100.0
<Jan22-2022> <23:26:24>      3      1.02425780      0.87564791    100.0
<Jan22-2022> <23:26:24>      4      0.43534597      0.37294039    100.0
<Jan22-2022> <23:26:24>      5      0.21063772      0.18877869    100.0
<Jan22-2022> <23:26:24>      6      0.06237149      0.05418878     53.7
<Jan22-2022> <23:26:24>      7      0.02201011      0.01944984     18.6
<Jan22-2022> <23:26:24>      8      0.00263783      0.00232448      1.3
<Jan22-2022> <23:26:24>      9      0.00002886      0.00002498      0.0
<Jan22-2022> <23:26:24>     10      0.00000135      0.00000098      0.0
<Jan22-2022> <23:26:24>     11      0.00000002      0.00000001      0.0
<Jan22-2022> <23:26:24>     12      0.00000000      0.00000000      0.0
<Jan22-2022> <23:26:24>  SCF converged
<Jan22-2022> <23:26:24>     13      0.00000000      0.00000000      0.0
<Jan22-2022> <23:26:24>  >>>> POPAN
<Jan22-2022> <23:26:24>  >>>> DEBYE
<Jan22-2022> <23:26:24>  DIRAC 2021.102  RunTime: Jan22-2022 23:26:24  ShM Nodes: 1  Procs: 1
<Jan22-2022> <23:26:24>  Fluorine (TZ2P)
<Jan22-2022> <23:26:25>  Net Charge: 0 (Nuclei minus Electrons)
<Jan22-2022> <23:26:25>  Symmetry  : ATOM
<Jan22-2022> <23:26:25>  Coordinates
<Jan22-2022> <23:26:25>     Atom         X           Y           Z   (Angstrom)
<Jan22-2022> <23:26:25>     1.F         0.000000    0.000000    0.000000
<Jan22-2022> <23:26:25>  >>>> CORORT
<Jan22-2022> <23:26:25>  >>>> CLSMAT
<Jan22-2022> <23:26:25>  >>>> ORTHON
<Jan22-2022> <23:26:25>  >>>> GENPT
<Jan22-2022> <23:26:25>  Block Length=  76
<Jan22-2022> <23:26:25>  >>>> PTBAS
<Jan22-2022> <23:26:25>  >>>> CYCLE
<Jan22-2022> <23:26:25>              |Error|         MaxErr       Wt(A-DIIS)
<Jan22-2022> <23:26:25>      1      0.00000000      0.00000000
<Jan22-2022> <23:26:25>      2     11.39970762      4.85721148    100.0
<Jan22-2022> <23:26:25>      3      5.17310012      3.16632108    100.0
<Jan22-2022> <23:26:25>      4      1.04882283      0.49392043    100.0
<Jan22-2022> <23:26:25>      5      1.72142161      0.84736739    100.0
<Jan22-2022> <23:26:25>      6      0.21842580      0.10780687    100.0
<Jan22-2022> <23:26:25>      7      0.28524155      0.13554881    100.0
<Jan22-2022> <23:26:25>      8      0.02856437      0.01389479     13.0
<Jan22-2022> <23:26:25>      9      0.00489297      0.00234741      1.4
<Jan22-2022> <23:26:25>     10      0.00009261      0.00004462      0.0
<Jan22-2022> <23:26:25>     11      0.00000010      0.00000005      0.0
<Jan22-2022> <23:26:25>     12      0.00000000      0.00000000      0.0
<Jan22-2022> <23:26:25>  SCF converged
<Jan22-2022> <23:26:25>     13      0.00000000      0.00000000      0.0
<Jan22-2022> <23:26:25>  >>>> POPAN
<Jan22-2022> <23:26:25>  >>>> DEBYE
<Jan22-2022> <23:26:25>  *** GOStep1 ***
<Jan22-2022> <23:26:26>  >>>> FRAGM
<Jan22-2022> <23:26:26>  Coordinates
<Jan22-2022> <23:26:26>     Atom         X           Y           Z   (Angstrom)
<Jan22-2022> <23:26:26>     1.B         1.180000    0.000000    0.000000
<Jan22-2022> <23:26:26>     2.F         1.180000    1.135704   -0.655699
<Jan22-2022> <23:26:26>     3.F         1.180000   -1.135704   -0.655699
<Jan22-2022> <23:26:26>     4.F         1.180000    0.000000    1.311398
<Jan22-2022> <23:26:26>  >>>> CORORT
<Jan22-2022> <23:26:26>  >>>> CLSMAT
<Jan22-2022> <23:26:26>  >>>> ORTHON
<Jan22-2022> <23:26:26>  >>>> GENPT
<Jan22-2022> <23:26:26>  Block Length= 128
<Jan22-2022> <23:26:26>  >>>> PTBAS
<Jan22-2022> <23:26:27>  >>>> CYCLE
<Jan22-2022> <23:26:30>              |Error|         MaxErr       Wt(A-DIIS)
<Jan22-2022> <23:26:30>      1      3.95781361      1.10143628
<Jan22-2022> <23:26:32>      2      0.71598977      0.14571242    100.0
<Jan22-2022> <23:26:34>      3      0.33787112      0.07472350    100.0
<Jan22-2022> <23:26:36>      4      0.61264563      0.11814341    100.0
<Jan22-2022> <23:26:40>      5      0.11881871      0.02383398     23.1
<Jan22-2022> <23:26:42>      6      0.02757008      0.00531401      4.4
<Jan22-2022> <23:26:43>      7      0.00182504      0.00033983      0.0
<Jan22-2022> <23:26:45>      8      0.00005496      0.00001102      0.0
<Jan22-2022> <23:26:47>      9      0.00000467      0.00000084      0.0
<Jan22-2022> <23:26:47>  SCF converged
<Jan22-2022> <23:26:48>     10      0.00000045      0.00000014      0.0
<Jan22-2022> <23:26:49>  >>>> TOTEN
<Jan22-2022> <23:26:52>  >>>> POPAN
<Jan22-2022> <23:26:52>  >>>> DEBYE
<Jan22-2022> <23:26:52>  >>>> ENGRAD
<Jan22-2022> <23:26:56>  current energy                               -0.83160891 Hartree
<Jan22-2022> <23:26:56>  energy change                      -0.83160891     0.00004000    F
<Jan22-2022> <23:26:56>  constrained gradient max            0.02510179     0.00100000    F
<Jan22-2022> <23:26:56>  constrained gradient rms            0.01255089     0.00066667    F
<Jan22-2022> <23:26:56>  gradient max                        0.02510179
<Jan22-2022> <23:26:56>  gradient rms                        0.01255089
<Jan22-2022> <23:26:56>  cart. step max                      0.01211906     0.01000000    F
<Jan22-2022> <23:26:56>  cart. step rms                      0.00605953     0.00666667    T
<Jan22-2022> <23:26:56>  Iteration 2
<Jan22-2022> <23:26:56>  *** GOStep2 ***
<Jan22-2022> <23:26:56>  >>>> FRAGM
<Jan22-2022> <23:26:56>  Coordinates
<Jan22-2022> <23:26:56>     Atom         X           Y           Z   (Angstrom)
<Jan22-2022> <23:26:56>     1.B         1.180000   -0.000000    0.000000
<Jan22-2022> <23:26:56>     2.F         1.180000    1.146199   -0.661758
<Jan22-2022> <23:26:56>     3.F         1.180000   -1.146199   -0.661758
<Jan22-2022> <23:26:56>     4.F         1.180000    0.000000    1.323517
<Jan22-2022> <23:26:56>  >>>> CORORT
<Jan22-2022> <23:26:56>  >>>> CLSMAT
<Jan22-2022> <23:26:56>  >>>> ORTHON
<Jan22-2022> <23:26:57>  >>>> GENPT
<Jan22-2022> <23:26:57>  Block Length= 128
<Jan22-2022> <23:26:57>  >>>> PTBAS
<Jan22-2022> <23:26:58>  >>>> CYCLE
<Jan22-2022> <23:27:00>  using orbital data from restart file
<Jan22-2022> <23:27:02>              |Error|         MaxErr       Wt(A-DIIS)
<Jan22-2022> <23:27:02>      1      0.06237680      0.01867574
<Jan22-2022> <23:27:04>      2      0.01507844      0.00234181    100.0
<Jan22-2022> <23:27:06>      3      0.02495854      0.00421301    100.0
<Jan22-2022> <23:27:08>      4      0.00427420      0.00067884      0.0
<Jan22-2022> <23:27:10>      5      0.00030102      0.00006657      0.0
<Jan22-2022> <23:27:12>      6      0.00000890      0.00000227      0.0
<Jan22-2022> <23:27:14>      7      0.00000283      0.00000061      0.0
<Jan22-2022> <23:27:15>  SCF converged
<Jan22-2022> <23:27:16>      8      0.00000283      0.00000079      0.0
<Jan22-2022> <23:27:17>  >>>> TOTEN
<Jan22-2022> <23:27:20>  >>>> POPAN
<Jan22-2022> <23:27:20>  >>>> DEBYE
<Jan22-2022> <23:27:20>  >>>> ENGRAD
<Jan22-2022> <23:27:24>  current energy                               -0.83208975 Hartree
<Jan22-2022> <23:27:24>  energy change                      -0.00048084     0.00004000    F
<Jan22-2022> <23:27:24>  constrained gradient max            0.00147267     0.00100000    F
<Jan22-2022> <23:27:24>  constrained gradient rms            0.00073633     0.00066667    F
<Jan22-2022> <23:27:24>  gradient max                        0.00147267
<Jan22-2022> <23:27:24>  gradient rms                        0.00073633
<Jan22-2022> <23:27:24>  cart. step max                      0.00075531     0.01000000    T
<Jan22-2022> <23:27:24>  cart. step rms                      0.00037766     0.00666667    T
<Jan22-2022> <23:27:24>  Iteration 3
<Jan22-2022> <23:27:24>  *** GOStep3 ***
<Jan22-2022> <23:27:24>  >>>> FRAGM
<Jan22-2022> <23:27:24>  Coordinates
<Jan22-2022> <23:27:24>     Atom         X           Y           Z   (Angstrom)
<Jan22-2022> <23:27:24>     1.B         1.180000   -0.000000    0.000000
<Jan22-2022> <23:27:24>     2.F         1.180000    1.146853   -0.662136
<Jan22-2022> <23:27:24>     3.F         1.180000   -1.146853   -0.662136
<Jan22-2022> <23:27:24>     4.F         1.180000    0.000000    1.324272
<Jan22-2022> <23:27:24>  >>>> CORORT
<Jan22-2022> <23:27:24>  >>>> CLSMAT
<Jan22-2022> <23:27:24>  >>>> ORTHON
<Jan22-2022> <23:27:25>  >>>> GENPT
<Jan22-2022> <23:27:25>  Block Length= 128
<Jan22-2022> <23:27:25>  >>>> PTBAS
<Jan22-2022> <23:27:26>  >>>> CYCLE
<Jan22-2022> <23:27:29>  using orbital data from restart file
<Jan22-2022> <23:27:30>              |Error|         MaxErr       Wt(A-DIIS)
<Jan22-2022> <23:27:30>      1      0.00385786      0.00115240
<Jan22-2022> <23:27:33>      2      0.00093002      0.00014180    100.0
<Jan22-2022> <23:27:35>      3      0.00153034      0.00025577    100.0
<Jan22-2022> <23:27:37>      4      0.00025190      0.00004314      0.0
<Jan22-2022> <23:27:41>      5      0.00001804      0.00000390      0.0
<Jan22-2022> <23:27:43>      6      0.00000058      0.00000014      0.0
<Jan22-2022> <23:27:44>  SCF converged
<Jan22-2022> <23:27:46>      7      0.00000026      0.00000007      0.0
<Jan22-2022> <23:27:46>  >>>> TOTEN
<Jan22-2022> <23:27:49>  >>>> POPAN
<Jan22-2022> <23:27:49>  >>>> DEBYE
<Jan22-2022> <23:27:49>  >>>> ENGRAD
<Jan22-2022> <23:27:53>  current energy                               -0.83209172 Hartree
<Jan22-2022> <23:27:53>  energy change                      -0.00000197     0.00004000    T
<Jan22-2022> <23:27:53>  constrained gradient max            0.00005698     0.00100000    T
<Jan22-2022> <23:27:53>  constrained gradient rms            0.00002849     0.00066667    T
<Jan22-2022> <23:27:53>  gradient max                        0.00005698
<Jan22-2022> <23:27:53>  gradient rms                        0.00002849
<Jan22-2022> <23:27:53>  cart. step max                      0.00003040     0.01000000    T
<Jan22-2022> <23:27:53>  cart. step rms                      0.00001520     0.00666667    T
<Jan22-2022> <23:27:53>  Geometry optimization converged
<Jan22-2022> <23:27:54>  *** adf ***
<Jan22-2022> <23:27:54>  Net Charge: 0 (Nuclei minus Electrons)
<Jan22-2022> <23:27:54>  Symmetry  : NOSYM
<Jan22-2022> <23:27:54>  >>>> FRAGM
<Jan22-2022> <23:27:54>  Coordinates
<Jan22-2022> <23:27:54>     Atom         X           Y           Z   (Angstrom)
<Jan22-2022> <23:27:54>     1.B         1.180000   -0.000000    0.000000
<Jan22-2022> <23:27:54>     2.F         1.180000    1.146853   -0.662136
<Jan22-2022> <23:27:54>     3.F         1.180000   -1.146853   -0.662136
<Jan22-2022> <23:27:54>     4.F         1.180000    0.000000    1.324272
<Jan22-2022> <23:27:54>  >>>> CORORT
<Jan22-2022> <23:27:54>  >>>> CLSMAT
<Jan22-2022> <23:27:54>  >>>> ORTHON
<Jan22-2022> <23:27:54>  >>>> GENPT
<Jan22-2022> <23:27:54>  Block Length= 128
<Jan22-2022> <23:27:55>  >>>> PTBAS
<Jan22-2022> <23:27:55>  >>>> CYCLE
<Jan22-2022> <23:27:58>  using orbital data from restart file
<Jan22-2022> <23:27:59>              |Error|         MaxErr       Wt(A-DIIS)
<Jan22-2022> <23:27:59>      1      0.00000023      0.00000006
<Jan22-2022> <23:28:02>      2      0.00000046      0.00000012    100.0
<Jan22-2022> <23:28:03>  SCF converged
<Jan22-2022> <23:28:04>      3      0.00000095      0.00000025    100.0
<Jan22-2022> <23:28:06>  >>>> TOTEN
<Jan22-2022> <23:28:11>  >>>> POPAN
<Jan22-2022> <23:28:11>  >>>> DEBYE
<Jan22-2022> <23:28:11>  >>>> AMETS
<Jan22-2022> <23:28:11>   Bond Energy          -0.83209172 a.u.
<Jan22-2022> <23:28:11>   Bond Energy         -22.64236767 eV
<Jan22-2022> <23:28:11>   Bond Energy        -522.15       kcal/mol
<Jan22-2022> <23:28:11>  >>>> POPUL
<Jan22-2022> <23:28:12>  >>>> ENGRAD
<Jan22-2022> <23:28:15>  >>>> ENHESS
<Jan22-2022> <23:28:17>  === NUCLEUS:     1
<Jan22-2022> <23:29:06>  === NUCLEUS:     2
<Jan22-2022> <23:30:00>  === NUCLEUS:     3
<Jan22-2022> <23:30:53>  === NUCLEUS:     4
<Jan22-2022> <23:31:40>  >>>> CALC_HESS_PMAT
<Jan22-2022> <23:31:48>  >>>> CALC_HESS_WMAT
<Jan22-2022> <23:31:50>  PES point character: Geometry corresponds to a local minimum on the PES.
<Jan22-2022> <23:31:50>  Geometry optimization successful!
<Jan22-2022> <23:31:50>  WARNING: total elapsed time is much higher than the (CPU+system) time.
<Jan22-2022> <23:31:50>  Make sure the machine is not oversubscribed and has enough memory, SCM_TMPDIR points to a fast file system, and the network is fast enough.
<Jan22-2022> <23:31:50>  NORMAL TERMINATION
