

 Parallel Execution: Process Information
 ==============================================================================
 Rank   Node Name                              NodeID   MyNodeRank  NodeMaster
    0   node120                                   0          0          0
    1   node120                                   0          1         -1
    2   node120                                   0          2         -1
    3   node120                                   0          3         -1
 ==============================================================================


May use up to 122928MB of RAM as shared memory on node 0

 *******************************************************************************
 *                                                                             *
 *  --------------------------------                                           *
 *   Amsterdam Modeling Suite (AMS)              2021.102                      *
 *  --------------------------------                                           *
 *                                               r95042 2021-06-07             *
 *                                                                             *
 *                                                                             *
 *                              =================                              *
 *                              |               |                              *
 *                              |     A M S     |                              *
 *                              |               |                              *
 *                              =================                              *
 *                                                                             *
 *                                                                             *
 *   Online information and documentation:  https://www.scm.com/support/       *
 *   E-mail:  support@scm.com   info@scm.com                                   *
 *                                                                             *
 *   Scientific publications using AMS results must be properly referenced     *
 *   See the User Manuals (or the web site) for recommended citations          *
 *   The terms and conditions of the End User License Agreement apply to       *
 *   the use of AMS, https://www.scm.com/license-terms/                        *
 *                                                                             *
 **********************  x86_64_linux_intel / intelmpi  ************************
 
 Licensed to: VU/FEW (+ SARA) / ALGEMEEN / Amsterdam / THE NETHERLANDS
 SCM User ID: u7668
  
 AMS 2021.102  RunTime: Jan28-2022 10:52:37  ShM Nodes: 1  Procs: 4

 AMS jobname: 38.achiral_catalyst.H_tBu_BF3.Rsub_cat_complex
 AMS jobid  : 438660038

 Start   directory: /scistor/tc/yhk800/MasterProject/calculations/achiral_catalyst_H_tBu_BF3/38.achiral_catalyst.H_tBu_BF3.Rsub_cat_complex/
 Results directory: /scistor/tc/yhk800/MasterProject/calculations/achiral_catalyst_H_tBu_BF3/38.achiral_catalyst.H_tBu_BF3.Rsub_cat_complex/
 Scratch directory: /scratch/5503/amstmp_38.achiral_catalyst.H_tBu_BF3.Rsub_cat_complex_kid0.438660038/


 Communication costs MPI_COMM_WORLD:      0.850 usec per message,   0.0078 usec per 8-byte item
 Communication costs for intra-node:      0.587 usec per message,   0.0176 usec per 8-byte item

 RNG seed: 1062683078 887585938 -2074097849 1598468580 -1681970686 -1800071600 580042616 -245060442



                      ************************************************************************
                      *  ADF 2021.102  RunTime: Jan28-2022 10:52:38  ShM Nodes: 1  Procs: 4  *
                      ************************************************************************
  
       ***************************
       *  GEOMETRY OPTIMIZATION  *
       ***************************

Optimization Method                    Quasi Newton
Optimization Coordinates               Delocalized Coordinates
Optimize lattice                       F
 
 ------------------------------------------------------
 Convergence criteria (Hartree,Angstrom)
 ------------------------------------------------------
 Maximum gradient               0.001000000000
 Maximum rms gradient           0.000666666667
 Maximum step allowed           0.010000000000
 Maximum rms step allowed       0.006666666667
 Maximum energy change allowe   0.000240000000
 Maximum stress energy allowe   0.000500000000
 
Initial model Hessian                  Automatic Hessian
 
------------------------------------
Quasi-Newton Optimizer Parameters
------------------------------------
Hessian Update Method                  BFGS
Maximum number of steps                  250
First GDIIS cycle                          0
Maximum GDIIS vectors                      0
Trust radius (bohr)                        0.200000
Trust radius varies                        T
Constraints converged at all steps         T
Use projector                              T
 
 Rigid motions settings for: old optimizer
 Atomic rotations (x,y,z):     T T T
 Atomic translations (x,y,z):  T T T
 Tolerance:                   1.000000000000000E-006
 
--------
Geometry
--------
Formula: C7H12BF3O
Atoms
  Index Symbol   x (angstrom)   y (angstrom)   z (angstrom)
      1      H    -0.62056146    -0.03764738    -0.08023722
      2      C    -0.09659473    -2.02948020    -0.54883449
      3      C     0.18266548    -0.75219647    -0.26512258
      4      C     1.55928918    -0.22013974    -0.18291419
      5      O     1.86635738     0.93365884     0.07180470
      6      H     0.69695300    -2.74612423    -0.73626627
      7      C    -1.53512390    -3.98169459    -1.12156823
      8      C    -1.54987465    -2.53359044    -0.62266085
      9      C    -2.32371837    -1.63885453    -1.59566924
     10      C    -2.16108997    -2.45555144     0.77964353
     11      H    -2.14765732    -1.42687928     1.14159999
     12      H    -2.55099094    -4.37493076    -1.18722103
     13      H    -0.96277866    -4.61120054    -0.43929077
     14      H    -1.07715113    -4.03683810    -2.10978859
     15      H    -3.36175531    -1.96622602    -1.67465053
     16      H    -1.87118027    -1.67785219    -2.58715690
     17      H    -2.31140649    -0.60455404    -1.25008242
     18      H    -3.19455491    -2.80588288     0.76743983
     19      H    -1.59305862    -3.07453987     1.47502332
     20      H     2.32514145    -0.94333367    -0.37095895
     21      B     1.85103070     2.46611042     0.80757453
     22      F     1.21169900     1.96533883     1.83725713
     23      F     1.17915281     2.94809146    -0.21028491
     24      F     3.16224029     2.48490098     0.79575137
 
Total System Charge             0.00000
 
 
----------------
ADF Engine Input
----------------
 
 NumericalQuality VeryGood
 SCF
 Converge 1.0e-6
 Iterations 99
 End
 SYMMETRY NOSYM
 XC
 GGA OLYP
 End
 basis
 core None
 type TZ2P
 End
 

 Title: *** (NO TITLE) ***

 Using automatic Hessian for delocalized coordinates.
 *** GOStep1 ***

 Energy gradients wrt nuclear displacements
 ==========================================

     Atom      Cartesian (a.u./angstrom)
                 X         Y         Z
 ----------------------------------------
     1 H    -0.007179  0.000277 -0.000267
     2 C     0.029489  0.001513 -0.000717
     3 C    -0.026304 -0.034170 -0.009044
     4 C     0.059073 -0.002342 -0.001767
     5 O    -0.011069  0.146434  0.066207
     6 H    -0.006635  0.002389 -0.000149
     7 C     0.003045 -0.002115 -0.000787
     8 C    -0.029112  0.002998  0.005368
     9 C     0.002875 -0.001804  0.001453
    10 C     0.000267 -0.001389 -0.004176
    11 H     0.002692 -0.000535 -0.005143
    12 H     0.001999  0.003880  0.001219
    13 H    -0.001243  0.006297 -0.001415
    14 H    -0.000775  0.004124  0.004997
    15 H     0.004125  0.000661  0.000645
    16 H     0.001096 -0.002346  0.005205
    17 H     0.005505 -0.002267  0.004499
    18 H     0.004044  0.001807 -0.000401
    19 H     0.000358  0.001457 -0.006214
    20 H    -0.038359  0.030688  0.010428
    21 B    -0.003234  0.084749  0.049143
    22 F     0.045646 -0.040907 -0.115302
    23 F     0.047668 -0.117445  0.035527
    24 F    -0.083972 -0.081953 -0.039310
 ----------------------------------------
 Mulliken charges used for AMS results%charges...
 
----------------------------------------------------------------------
Geometry Convergence after Step   1       (Hartree/Angstrom,Angstrom)
----------------------------------------------------------------------
current energy                               -4.80191296 Hartree
energy change                      -4.80191296     0.00024000    F
constrained gradient max            0.14643547     0.00100000    F
constrained gradient rms            0.03640529     0.00066667    F
gradient max                        0.14643547
gradient rms                        0.03640529
cart. step max                      0.13354117     0.01000000    F
cart. step rms                      0.03260740     0.00666667    F
 
 
--------
Geometry
--------
Formula: C7H12BF3O
Atoms
  Index Symbol   x (angstrom)   y (angstrom)   z (angstrom)
      1      H    -0.60516685    -0.02843200    -0.08747659
      2      C    -0.11287411    -2.03446946    -0.55454657
      3      C     0.18372752    -0.75669646    -0.27431654
      4      C     1.56648404    -0.25161512    -0.20072850
      5      O     1.89158258     0.90014017     0.05012126
      6      H     0.67976587    -2.75413474    -0.74145970
      7      C    -1.53938844    -3.99811559    -1.12388194
      8      C    -1.56315834    -2.54664380    -0.62746857
      9      C    -2.34703333    -1.65981347    -1.60510984
     10      C    -2.17624310    -2.46943505     0.77777246
     11      H    -2.17186660    -1.44045741     1.14036098
     12      H    -2.55294275    -4.39920116    -1.18858567
     13      H    -0.96284211    -4.62478047    -0.44091596
     14      H    -1.08165011    -4.05484185    -2.11321029
     15      H    -3.38291899    -1.99720123    -1.68136038
     16      H    -1.89668049    -1.69770354    -2.59853315
     17      H    -2.34616399    -0.62291311    -1.26676357
     18      H    -3.20792146    -2.82761403     0.76536955
     19      H    -1.60533726    -3.08297245     1.47702456
     20      H     2.32759904    -0.99311776    -0.39202490
     21      B     1.89498162     2.46376070     0.80043134
     22      F     1.24644099     2.08538361     1.89740002
     23      F     1.22343704     3.08163263    -0.16568866
     24      F     3.21520181     2.58982576     0.84697790
 
Total System Charge             0.00000
 
 *** GOStep2 ***
