<Jan28-2022> <10:52:37>  AMS 2021.102  RunTime: Jan28-2022 10:52:37  ShM Nodes: 1  Procs: 4
<Jan28-2022> <10:52:38>  ADF 2021.102  RunTime: Jan28-2022 10:52:38  ShM Nodes: 1  Procs: 4
<Jan28-2022> <10:52:38>  *** (NO TITLE) ***
<Jan28-2022> <10:52:38>  Iteration 1
<Jan28-2022> <10:52:39>  DIRAC 2021.102  RunTime: Jan28-2022 10:52:39  ShM Nodes: 1  Procs: 1
<Jan28-2022> <10:52:39>  Hydrogen (TZ2P)
<Jan28-2022> <10:52:39>  Net Charge: 0 (Nuclei minus Electrons)
<Jan28-2022> <10:52:39>  Symmetry  : ATOM
<Jan28-2022> <10:52:39>  Coordinates
<Jan28-2022> <10:52:39>     Atom         X           Y           Z   (Angstrom)
<Jan28-2022> <10:52:39>     1.H         0.000000    0.000000    0.000000
<Jan28-2022> <10:52:39>  >>>> CORORT
<Jan28-2022> <10:52:39>  >>>> CLSMAT
<Jan28-2022> <10:52:39>  >>>> ORTHON
<Jan28-2022> <10:52:39>  >>>> GENPT
<Jan28-2022> <10:52:39>  Block Length=  64
<Jan28-2022> <10:52:39>  >>>> PTBAS
<Jan28-2022> <10:52:39>  >>>> CYCLE
<Jan28-2022> <10:52:39>              |Error|         MaxErr       Wt(A-DIIS)
<Jan28-2022> <10:52:39>      1      0.00000000      0.00000000
<Jan28-2022> <10:52:39>      2      0.03080019      0.02591482
<Jan28-2022> <10:52:39>      3      0.01140383      0.01135775    100.0
<Jan28-2022> <10:52:39>      4      0.00327656      0.00327407      2.3
<Jan28-2022> <10:52:39>      5      0.00010041      0.00009754      0.0
<Jan28-2022> <10:52:39>      6      0.00000525      0.00000504      0.0
<Jan28-2022> <10:52:39>      7      0.00000007      0.00000007      0.0
<Jan28-2022> <10:52:39>      8      0.00000000      0.00000000      0.0
<Jan28-2022> <10:52:39>  SCF converged
<Jan28-2022> <10:52:39>      9      0.00000000      0.00000000      0.0
<Jan28-2022> <10:52:40>  >>>> POPAN
<Jan28-2022> <10:52:40>  >>>> DEBYE
<Jan28-2022> <10:52:40>  DIRAC 2021.102  RunTime: Jan28-2022 10:52:40  ShM Nodes: 1  Procs: 1
<Jan28-2022> <10:52:40>  Carbon (TZ2P)
<Jan28-2022> <10:52:40>  Net Charge: 0 (Nuclei minus Electrons)
<Jan28-2022> <10:52:40>  Symmetry  : ATOM
<Jan28-2022> <10:52:40>  Coordinates
<Jan28-2022> <10:52:40>     Atom         X           Y           Z   (Angstrom)
<Jan28-2022> <10:52:40>     1.C         0.000000    0.000000    0.000000
<Jan28-2022> <10:52:40>  >>>> CORORT
<Jan28-2022> <10:52:40>  >>>> CLSMAT
<Jan28-2022> <10:52:40>  >>>> ORTHON
<Jan28-2022> <10:52:40>  >>>> GENPT
<Jan28-2022> <10:52:40>  Block Length=  72
<Jan28-2022> <10:52:40>  >>>> PTBAS
<Jan28-2022> <10:52:40>  >>>> CYCLE
<Jan28-2022> <10:52:41>              |Error|         MaxErr       Wt(A-DIIS)
<Jan28-2022> <10:52:41>      1      0.00000000      0.00000000
<Jan28-2022> <10:52:41>      2      4.48405934      3.32161898    100.0
<Jan28-2022> <10:52:41>      3      1.60718414      1.28408746    100.0
<Jan28-2022> <10:52:41>      4      0.76426456      0.62272052    100.0
<Jan28-2022> <10:52:41>      5      0.36119063      0.28553990    100.0
<Jan28-2022> <10:52:41>      6      0.14821424      0.11559867    100.0
<Jan28-2022> <10:52:41>      7      0.10108424      0.07867111     78.5
<Jan28-2022> <10:52:41>      8      0.01786531      0.01387049     13.0
<Jan28-2022> <10:52:41>      9      0.00195746      0.00153262      0.5
<Jan28-2022> <10:52:41>     10      0.00001058      0.00000730      0.0
<Jan28-2022> <10:52:41>     11      0.00000047      0.00000027      0.0
<Jan28-2022> <10:52:41>     12      0.00000003      0.00000002      0.0
<Jan28-2022> <10:52:41>     13      0.00000000      0.00000000      0.0
<Jan28-2022> <10:52:41>  SCF converged
<Jan28-2022> <10:52:41>     14      0.00000000      0.00000000      0.0
<Jan28-2022> <10:52:41>  >>>> POPAN
<Jan28-2022> <10:52:41>  >>>> DEBYE
<Jan28-2022> <10:52:41>  DIRAC 2021.102  RunTime: Jan28-2022 10:52:41  ShM Nodes: 1  Procs: 1
<Jan28-2022> <10:52:42>  Oxygen (TZ2P)
<Jan28-2022> <10:52:42>  Net Charge: 0 (Nuclei minus Electrons)
<Jan28-2022> <10:52:42>  Symmetry  : ATOM
<Jan28-2022> <10:52:42>  Coordinates
<Jan28-2022> <10:52:42>     Atom         X           Y           Z   (Angstrom)
<Jan28-2022> <10:52:42>     1.O         0.000000    0.000000    0.000000
<Jan28-2022> <10:52:42>  >>>> CORORT
<Jan28-2022> <10:52:42>  >>>> CLSMAT
<Jan28-2022> <10:52:42>  >>>> ORTHON
<Jan28-2022> <10:52:42>  >>>> GENPT
<Jan28-2022> <10:52:42>  Block Length=  68
<Jan28-2022> <10:52:42>  >>>> PTBAS
<Jan28-2022> <10:52:42>  >>>> CYCLE
<Jan28-2022> <10:52:42>              |Error|         MaxErr       Wt(A-DIIS)
<Jan28-2022> <10:52:42>      1      0.00000000      0.00000000
<Jan28-2022> <10:52:42>      2      8.77210307      5.53374266    100.0
<Jan28-2022> <10:52:42>      3      3.60058093      2.49154808    100.0
<Jan28-2022> <10:52:42>      4      1.20505529      0.62472425    100.0
<Jan28-2022> <10:52:42>      5      1.46502638      0.81213311    100.0
<Jan28-2022> <10:52:42>      6      0.15089362      0.09131786     91.2
<Jan28-2022> <10:52:42>      7      0.14397311      0.08251182     82.3
<Jan28-2022> <10:52:42>      8      0.00183259      0.00123681      0.2
<Jan28-2022> <10:52:42>      9      0.00015629      0.00008105      0.0
<Jan28-2022> <10:52:42>     10      0.00001324      0.00000629      0.0
<Jan28-2022> <10:52:42>     11      0.00000006      0.00000003      0.0
<Jan28-2022> <10:52:43>     12      0.00000000      0.00000000      0.0
<Jan28-2022> <10:52:43>  SCF converged
<Jan28-2022> <10:52:43>     13      0.00000000      0.00000000      0.0
<Jan28-2022> <10:52:43>  >>>> POPAN
<Jan28-2022> <10:52:43>  >>>> DEBYE
<Jan28-2022> <10:52:43>  DIRAC 2021.102  RunTime: Jan28-2022 10:52:43  ShM Nodes: 1  Procs: 1
<Jan28-2022> <10:52:43>  Boron (TZ2P)
<Jan28-2022> <10:52:43>  Net Charge: 0 (Nuclei minus Electrons)
<Jan28-2022> <10:52:43>  Symmetry  : ATOM
<Jan28-2022> <10:52:43>  Coordinates
<Jan28-2022> <10:52:43>     Atom         X           Y           Z   (Angstrom)
<Jan28-2022> <10:52:43>     1.B         0.000000    0.000000    0.000000
<Jan28-2022> <10:52:43>  >>>> CORORT
<Jan28-2022> <10:52:43>  >>>> CLSMAT
<Jan28-2022> <10:52:43>  >>>> ORTHON
<Jan28-2022> <10:52:43>  >>>> GENPT
<Jan28-2022> <10:52:43>  Block Length=  76
<Jan28-2022> <10:52:43>  >>>> PTBAS
<Jan28-2022> <10:52:43>  >>>> CYCLE
<Jan28-2022> <10:52:44>              |Error|         MaxErr       Wt(A-DIIS)
<Jan28-2022> <10:52:44>      1      0.00000000      0.00000000
<Jan28-2022> <10:52:44>      2      3.20713362      2.03569268    100.0
<Jan28-2022> <10:52:44>      3      1.02425780      0.87564791    100.0
<Jan28-2022> <10:52:44>      4      0.43534597      0.37294039    100.0
<Jan28-2022> <10:52:44>      5      0.21063772      0.18877869    100.0
<Jan28-2022> <10:52:44>      6      0.06237149      0.05418878     53.7
<Jan28-2022> <10:52:44>      7      0.02201011      0.01944984     18.6
<Jan28-2022> <10:52:44>      8      0.00263783      0.00232448      1.3
<Jan28-2022> <10:52:44>      9      0.00002886      0.00002498      0.0
<Jan28-2022> <10:52:44>     10      0.00000135      0.00000098      0.0
<Jan28-2022> <10:52:44>     11      0.00000002      0.00000001      0.0
<Jan28-2022> <10:52:44>     12      0.00000000      0.00000000      0.0
<Jan28-2022> <10:52:44>  SCF converged
<Jan28-2022> <10:52:44>     13      0.00000000      0.00000000      0.0
<Jan28-2022> <10:52:44>  >>>> POPAN
<Jan28-2022> <10:52:44>  >>>> DEBYE
<Jan28-2022> <10:52:44>  DIRAC 2021.102  RunTime: Jan28-2022 10:52:44  ShM Nodes: 1  Procs: 1
<Jan28-2022> <10:52:45>  Fluorine (TZ2P)
<Jan28-2022> <10:52:45>  Net Charge: 0 (Nuclei minus Electrons)
<Jan28-2022> <10:52:45>  Symmetry  : ATOM
<Jan28-2022> <10:52:45>  Coordinates
<Jan28-2022> <10:52:45>     Atom         X           Y           Z   (Angstrom)
<Jan28-2022> <10:52:45>     1.F         0.000000    0.000000    0.000000
<Jan28-2022> <10:52:45>  >>>> CORORT
<Jan28-2022> <10:52:45>  >>>> CLSMAT
<Jan28-2022> <10:52:45>  >>>> ORTHON
<Jan28-2022> <10:52:45>  >>>> GENPT
<Jan28-2022> <10:52:45>  Block Length=  76
<Jan28-2022> <10:52:45>  >>>> PTBAS
<Jan28-2022> <10:52:45>  >>>> CYCLE
<Jan28-2022> <10:52:45>              |Error|         MaxErr       Wt(A-DIIS)
<Jan28-2022> <10:52:45>      1      0.00000000      0.00000000
<Jan28-2022> <10:52:45>      2     11.39970762      4.85721148    100.0
<Jan28-2022> <10:52:45>      3      5.17310012      3.16632108    100.0
<Jan28-2022> <10:52:45>      4      1.04882283      0.49392043    100.0
<Jan28-2022> <10:52:45>      5      1.72142161      0.84736739    100.0
<Jan28-2022> <10:52:45>      6      0.21842580      0.10780687    100.0
<Jan28-2022> <10:52:45>      7      0.28524155      0.13554881    100.0
<Jan28-2022> <10:52:45>      8      0.02856437      0.01389479     13.0
<Jan28-2022> <10:52:45>      9      0.00489297      0.00234741      1.4
<Jan28-2022> <10:52:45>     10      0.00009261      0.00004462      0.0
<Jan28-2022> <10:52:46>     11      0.00000010      0.00000005      0.0
<Jan28-2022> <10:52:46>     12      0.00000000      0.00000000      0.0
<Jan28-2022> <10:52:46>  SCF converged
<Jan28-2022> <10:52:46>     13      0.00000000      0.00000000      0.0
<Jan28-2022> <10:52:46>  >>>> POPAN
<Jan28-2022> <10:52:46>  >>>> DEBYE
<Jan28-2022> <10:52:46>  *** GOStep1 ***
<Jan28-2022> <10:52:46>  >>>> FRAGM
<Jan28-2022> <10:52:46>  Coordinates
<Jan28-2022> <10:52:46>     Atom         X           Y           Z   (Angstrom)
<Jan28-2022> <10:52:46>     1.H        -0.620561   -0.037647   -0.080237
<Jan28-2022> <10:52:46>     2.C        -0.096595   -2.029480   -0.548834
<Jan28-2022> <10:52:46>     3.C         0.182665   -0.752196   -0.265123
<Jan28-2022> <10:52:46>     4.C         1.559289   -0.220140   -0.182914
<Jan28-2022> <10:52:46>     5.O         1.866357    0.933659    0.071805
<Jan28-2022> <10:52:46>     6.H         0.696953   -2.746124   -0.736266
<Jan28-2022> <10:52:46>     7.C        -1.535124   -3.981695   -1.121568
<Jan28-2022> <10:52:46>     8.C        -1.549875   -2.533590   -0.622661
<Jan28-2022> <10:52:46>     9.C        -2.323718   -1.638855   -1.595669
<Jan28-2022> <10:52:46>    10.C        -2.161090   -2.455551    0.779644
<Jan28-2022> <10:52:46>    11.H        -2.147657   -1.426879    1.141600
<Jan28-2022> <10:52:46>    12.H        -2.550991   -4.374931   -1.187221
<Jan28-2022> <10:52:46>    13.H        -0.962779   -4.611201   -0.439291
<Jan28-2022> <10:52:46>    14.H        -1.077151   -4.036838   -2.109789
<Jan28-2022> <10:52:46>    15.H        -3.361755   -1.966226   -1.674651
<Jan28-2022> <10:52:46>    16.H        -1.871180   -1.677852   -2.587157
<Jan28-2022> <10:52:46>    17.H        -2.311406   -0.604554   -1.250082
<Jan28-2022> <10:52:46>    18.H        -3.194555   -2.805883    0.767440
<Jan28-2022> <10:52:46>    19.H        -1.593059   -3.074540    1.475023
<Jan28-2022> <10:52:46>    20.H         2.325141   -0.943334   -0.370959
<Jan28-2022> <10:52:46>    21.B         1.851031    2.466110    0.807575
<Jan28-2022> <10:52:46>    22.F         1.211699    1.965339    1.837257
<Jan28-2022> <10:52:46>    23.F         1.179153    2.948091   -0.210285
<Jan28-2022> <10:52:46>    24.F         3.162240    2.484901    0.795751
<Jan28-2022> <10:52:46>  >>>> CORORT
<Jan28-2022> <10:52:46>  >>>> CLSMAT
<Jan28-2022> <10:52:46>  >>>> ORTHON
<Jan28-2022> <10:52:46>  >>>> GENPT
<Jan28-2022> <10:52:47>  Block Length= 128
<Jan28-2022> <10:52:49>  >>>> PTBAS
<Jan28-2022> <10:53:46>  >>>> CYCLE
<Jan28-2022> <10:55:30>              |Error|         MaxErr       Wt(A-DIIS)
<Jan28-2022> <10:55:30>      1      8.29107125      1.06424649
<Jan28-2022> <10:56:57>      2      1.43324384      0.15609774    100.0
<Jan28-2022> <10:58:20>      3      0.74779661      0.08361946    100.0
<Jan28-2022> <10:59:48>      4      1.16745262      0.13323867    100.0
<Jan28-2022> <11:01:14>      5      0.18160737      0.01562977     14.8
<Jan28-2022> <11:02:39>      6      0.11440093      0.02225980     14.8
<Jan28-2022> <11:04:05>      7      0.04212572      0.01131634     10.4
<Jan28-2022> <11:05:29>      8      0.01480230      0.00368004      2.7
<Jan28-2022> <11:06:55>      9      0.00578891      0.00132572      0.3
<Jan28-2022> <11:08:18>     10      0.00058002      0.00007467      0.0
<Jan28-2022> <11:09:43>     11      0.00022618      0.00003492      0.0
<Jan28-2022> <11:11:07>     12      0.00007431      0.00000943      0.0
<Jan28-2022> <11:12:30>     13      0.00001773      0.00000286      0.0
<Jan28-2022> <11:13:55>     14      0.00000722      0.00000122      0.0
<Jan28-2022> <11:15:19>     15      0.00000154      0.00000027      0.0
<Jan28-2022> <11:15:51>  SCF converged
<Jan28-2022> <11:16:44>     16      0.00000070      0.00000010      0.0
<Jan28-2022> <11:17:16>  >>>> TOTEN
<Jan28-2022> <11:19:00>  >>>> POPAN
<Jan28-2022> <11:19:00>  >>>> DEBYE
<Jan28-2022> <11:19:01>  >>>> ENGRAD
<Jan28-2022> <11:22:50>  current energy                               -4.80191296 Hartree
<Jan28-2022> <11:22:50>  energy change                      -4.80191296     0.00024000    F
<Jan28-2022> <11:22:50>  constrained gradient max            0.14643547     0.00100000    F
<Jan28-2022> <11:22:50>  constrained gradient rms            0.03640529     0.00066667    F
<Jan28-2022> <11:22:50>  gradient max                        0.14643547
<Jan28-2022> <11:22:50>  gradient rms                        0.03640529
<Jan28-2022> <11:22:50>  cart. step max                      0.13354117     0.01000000    F
<Jan28-2022> <11:22:50>  cart. step rms                      0.03260740     0.00666667    F
<Jan28-2022> <11:22:50>  Iteration 2
<Jan28-2022> <11:22:51>  *** GOStep2 ***
<Jan28-2022> <11:22:51>  >>>> FRAGM
<Jan28-2022> <11:22:51>  Coordinates
<Jan28-2022> <11:22:51>     Atom         X           Y           Z   (Angstrom)
<Jan28-2022> <11:22:51>     1.H        -0.605167   -0.028432   -0.087477
<Jan28-2022> <11:22:51>     2.C        -0.112874   -2.034469   -0.554547
<Jan28-2022> <11:22:51>     3.C         0.183728   -0.756696   -0.274317
<Jan28-2022> <11:22:51>     4.C         1.566484   -0.251615   -0.200728
<Jan28-2022> <11:22:51>     5.O         1.891583    0.900140    0.050121
<Jan28-2022> <11:22:51>     6.H         0.679766   -2.754135   -0.741460
<Jan28-2022> <11:22:51>     7.C        -1.539388   -3.998116   -1.123882
<Jan28-2022> <11:22:51>     8.C        -1.563158   -2.546644   -0.627469
<Jan28-2022> <11:22:51>     9.C        -2.347033   -1.659813   -1.605110
<Jan28-2022> <11:22:51>    10.C        -2.176243   -2.469435    0.777772
<Jan28-2022> <11:22:51>    11.H        -2.171867   -1.440457    1.140361
<Jan28-2022> <11:22:51>    12.H        -2.552943   -4.399201   -1.188586
<Jan28-2022> <11:22:51>    13.H        -0.962842   -4.624780   -0.440916
<Jan28-2022> <11:22:51>    14.H        -1.081650   -4.054842   -2.113210
<Jan28-2022> <11:22:51>    15.H        -3.382919   -1.997201   -1.681360
<Jan28-2022> <11:22:51>    16.H        -1.896680   -1.697704   -2.598533
<Jan28-2022> <11:22:51>    17.H        -2.346164   -0.622913   -1.266764
<Jan28-2022> <11:22:51>    18.H        -3.207921   -2.827614    0.765370
<Jan28-2022> <11:22:51>    19.H        -1.605337   -3.082972    1.477025
<Jan28-2022> <11:22:51>    20.H         2.327599   -0.993118   -0.392025
<Jan28-2022> <11:22:51>    21.B         1.894982    2.463761    0.800431
<Jan28-2022> <11:22:51>    22.F         1.246441    2.085384    1.897400
<Jan28-2022> <11:22:51>    23.F         1.223437    3.081633   -0.165689
<Jan28-2022> <11:22:51>    24.F         3.215202    2.589826    0.846978
<Jan28-2022> <11:22:52>  >>>> CORORT
<Jan28-2022> <11:22:52>  >>>> CLSMAT
<Jan28-2022> <11:22:52>  >>>> ORTHON
<Jan28-2022> <11:22:52>  >>>> GENPT
<Jan28-2022> <11:22:53>  Block Length= 128
<Jan28-2022> <11:22:55>  >>>> PTBAS
<Jan28-2022> <11:23:51>  >>>> CYCLE
<Jan28-2022> <11:24:42>  using orbital data from restart file
<Jan28-2022> <11:25:34>              |Error|         MaxErr       Wt(A-DIIS)
<Jan28-2022> <11:25:34>      1      0.35922215      0.10183109
<Jan28-2022> <11:26:56>      2      0.06048604      0.01602633    100.0
<Jan28-2022> <11:28:16>      3      0.13345034      0.03341287    100.0
<Jan28-2022> <11:29:40>      4      0.03190101      0.00774641      6.8
<Jan28-2022> <11:31:04>      5      0.00584308      0.00096705      0.0
<Jan28-2022> <11:32:29>      6      0.00310197      0.00069024      0.0
<Jan28-2022> <11:33:52>      7      0.00113280      0.00026216      0.0
<Jan28-2022> <11:35:16>      8      0.00029550      0.00006052      0.0
<Jan28-2022> <11:36:41>      9      0.00005086      0.00000981      0.0
<Jan28-2022> <11:38:04>     10      0.00001881      0.00000454      0.0
<Jan28-2022> <11:39:28>     11      0.00000617      0.00000131      0.0
<Jan28-2022> <11:40:51>     12      0.00000120      0.00000019      0.0
<Jan28-2022> <11:41:24>  SCF converged
<Jan28-2022> <11:42:16>     13      0.00000039      0.00000005      0.0
<Jan28-2022> <11:42:47>  >>>> TOTEN
<Jan28-2022> <11:44:30>  >>>> POPAN
<Jan28-2022> <11:44:30>  >>>> DEBYE
<Jan28-2022> <11:44:30>  >>>> ENGRAD
