
 *******************************************************************************
 *                                                                             *
 *  --------------------------------                                           *
 *   Amsterdam Modeling Suite (AMS)              2021.102                      *
 *  --------------------------------                                           *
 *                                               r95042 2021-06-07             *
 *                                                                             *
 *                                                                             *
 *                              =================                              *
 *                              |               |                              *
 *                              |     A M S     |                              *
 *                              |               |                              *
 *                              =================                              *
 *                                                                             *
 *                                                                             *
 *   Online information and documentation:  https://www.scm.com/support/       *
 *   E-mail:  support@scm.com   info@scm.com                                   *
 *                                                                             *
 *   Scientific publications using AMS results must be properly referenced     *
 *   See the User Manuals (or the web site) for recommended citations          *
 *   The terms and conditions of the End User License Agreement apply to       *
 *   the use of AMS, https://www.scm.com/license-terms/                        *
 *                                                                             *
 **********************  x86_64_linux_intel / intelmpi  ************************
 
 Licensed to: VU/FEW (+ SARA) / ALGEMEEN / Amsterdam / THE NETHERLANDS
 SCM User ID: u7668
  
 AMS 2021.102  RunTime: Jan20-2022 00:27:17  ShM Nodes: 1  Procs: 1

 AMS jobname: 3.no_catalyst_H_H.TS
 AMS jobid  : 1978629484

 Start   directory: /scistor/tc/yhk800/MasterProject/calculations/no_catalyst_H_H/3.no_catalyst_H_H.TS/
 Results directory: /scistor/tc/yhk800/MasterProject/calculations/no_catalyst_H_H/3.no_catalyst_H_H.TS/
 Scratch directory: /scratch/3444/amstmp_3.no_catalyst_H_H.TS_kid0.1978629484/

 RNG seed: 122155464 -86593456 1470079095 563394586 908229973 1962316000 -656548412 -118313621



                      ************************************************************************
                      *  ADF 2021.102  RunTime: Jan20-2022 00:27:17  ShM Nodes: 1  Procs: 1  *
                      ************************************************************************
  
       *****************************
       *  TRANSITION STATE SEARCH  *
       *****************************

Optimization Method                    Quasi Newton
Optimization Coordinates               Delocalized Coordinates
Optimize lattice                       F
 
 ------------------------------------------------------
 Convergence criteria (Hartree,Angstrom)
 ------------------------------------------------------
 Maximum gradient               0.001000000000
 Maximum rms gradient           0.000666666667
 Maximum step allowed           0.010000000000
 Maximum rms step allowed       0.006666666667
 Maximum energy change allowe   0.000120000000
 Maximum stress energy allowe   0.000500000000
 
Initial model Hessian                  Automatic Hessian
 
------------------------------------
Quasi-Newton Optimizer Parameters
------------------------------------
Hessian Update Method                  Bofill
Maximum number of steps                  250
First GDIIS cycle                          0
Maximum GDIIS vectors                      0
Trust radius (bohr)                        0.200000
Trust radius varies                        F
Constraints converged at all steps         T
Use projector                              T
 
 Rigid motions settings for: old optimizer
 Atomic rotations (x,y,z):     T T T
 Atomic translations (x,y,z):  T T T
 Tolerance:                   1.000000000000000E-006
 
           1  TSRC entries:
    i   type      a1    a2    a3    a4    coef
    1 Distance     1     2               -1.000
 
--------
Geometry
--------
Formula: C4H7O
Atoms
  Index Symbol   x (angstrom)   y (angstrom)   z (angstrom)
      1      C     0.81668000    -0.23471900     0.88197500
      2      C     0.81678400    -0.23413100    -0.47719300
      3      C    -1.53160000    -0.46998000    -1.30857600
      4      H     0.85636200    -1.16386700     1.44859300
      5      C     0.73893400     1.00063500     1.66014300
      6      H    -1.75224300    -1.42324600    -0.84366900
      7      H     0.86540100     0.70149500    -1.02879400
      8      H    -1.29572100    -0.45322200    -2.36675600
      9      H    -1.93437200     0.42729600    -0.85485600
     10      O     0.73088900     1.05622100     2.88164900
     11      H     0.99495642    -1.13003362    -1.03443002
     12      H     0.69350848     1.89581258     1.07576845
 
Total System Charge             0.00000
 
 
----------------
ADF Engine Input
----------------
 
 NumericalQuality VeryGood
 SCF
 Converge 1.0e-6
 Iterations 99
 End
 SYMMETRY NOSYM
 SpinPolarization 1.0
 Unrestricted Yes
 XC
 GGA OLYP
 End
 basis
 core None
 type TZ2P
 End
 

 Title: *** (NO TITLE) ***

 Using automatic Hessian for delocalized coordinates.
 *** GOStep1 ***

 Energy gradients wrt nuclear displacements
 ==========================================

     Atom      Cartesian (a.u./angstrom)
                 X         Y         Z
 ----------------------------------------
     1 C    -0.000025  0.001563 -0.001522
     2 C     0.002964 -0.015709 -0.009620
     3 C    -0.000008  0.000021  0.000005
     4 H    -0.000038  0.000322  0.000297
     5 C    -0.002315  0.043857 -0.022547
     6 H     0.000015 -0.000012 -0.000028
     7 H     0.000049 -0.000274 -0.000085
     8 H     0.000026 -0.000013  0.000004
     9 H     0.000041 -0.000001 -0.000000
    10 O    -0.000024  0.000785 -0.006440
    11 H    -0.003064  0.016232  0.010263
    12 H     0.002380 -0.046770  0.029673
 ----------------------------------------
 Mulliken charges used for AMS results%charges...
           Primitive Internal Coordinates (atoms in internal order)
-------------------------------------------------------------------------------
    index    type      i       j       k       l   value(A,deg)     TSRC Vect
-------------------------------------------------------------------------------
       1     bnd       1       5       0       0     1.46208392     0.00000000
       2     bnd       1       2       0       0     1.35916813    -0.48531209
       3     bnd       3       9       0       0     1.08313958    -0.00422752
       4     bnd       1       4       0       0     1.08901177    -0.00000000
       5     bnd       3       6       0       0     1.08329955    -0.00366948
       6     bnd       2       7       0       0     1.08720894    -0.01157629
       7     bnd       3       8       0       0     1.08428070    -0.01947751
       8     bnd       5      10       0       0     1.22279656     0.00000000
       9     bnd       2      11       0       0     1.07000001    -0.01078579
      10     bnd       5      12       0       0     1.07000000    -0.00000000
      11     bnd       2       3       0       0     2.50234487     0.04479268
      12     bnd       1       3       0       0     3.21998143    -0.21075067
      13     bnd       2       6       0       0     2.85450501     0.02261123
      14     bnd       2       8       0       0     2.84273224     0.03872695
      15     bnd       2       9       0       0     2.85464085     0.02267470
      16     bnd       3       7       0       0     2.68258186     0.01467715
      17     bnd       3      11       0       0     2.62570260     0.01528547
      18     ang       5       1       2       0   122.13193049    -0.00822863
      19     ang       5       1       4       0   116.48149708     0.01094609
      20     ang       5       1       3       0   112.64562536    -0.01558659
      21     ang       2       1       4       0   121.37727346    -0.00258179
      22     ang       2       1       3       0    47.13980479     0.03175565
      23     ang       4       1       3       0   108.55407601    -0.01199232
      24     ang       1       2       7       0   120.51279539    -0.00098065
      25     ang       1       2      11       0   121.36128216     0.00101742
      26     ang       1       2       3       0   109.39804563     0.04157551
      27     ang       1       2       6       0    97.36189422     0.04046564
      28     ang       1       2       8       0   131.65236189     0.03455124
      29     ang       1       2       9       0    97.60393042     0.04051100
      30     ang       7       2      11       0   116.67222783    -0.00511725
      31     ang       7       2       3       0    87.39281970    -0.01153287
      32     ang       7       2       6       0   109.48758492    -0.01345692
      33     ang       7       2       8       0    76.25016237    -0.00791067
      34     ang       7       2       9       0    77.08981866    -0.00965703
      35     ang      11       2       3       0    84.51010404    -0.01159676
      36     ang      11       2       6       0    74.58595081    -0.00976978
      37     ang      11       2       8       0    73.32443789    -0.00809313
      38     ang      11       2       9       0   106.59375947    -0.01365090
      39     ang       6       2       8       0    38.16371016    -0.00767443
      40     ang       6       2       9       0    38.01699289    -0.00322242
      41     ang       8       2       9       0    38.16203879    -0.00774046
      42     ang       9       3       6       0   118.25885447     0.00484922
      43     ang       9       3       8       0   118.48323850     0.00093085
      44     ang       9       3       2       0    97.56929804    -0.00940999
      45     ang       9       3       1       0    85.73843521     0.02822307
      46     ang       9       3       7       0    85.80331135    -0.00650988
      47     ang       9       3      11       0   121.48827574    -0.01365827
      48     ang       6       3       8       0   118.47247906     0.00077498
      49     ang       6       3       2       0    97.55621160    -0.00959817
      50     ang       6       3       1       0    85.46171991     0.02878896
      51     ang       6       3       7       0   121.43376470    -0.01362014
      52     ang       6       3      11       0    85.98434689    -0.00657975
      53     ang       8       3       2       0    96.81291220     0.00376012
      54     ang       8       3       1       0   120.27444570    -0.06956927
      55     ang       8       3       7       0    84.29830723     0.00522494
      56     ang       8       3      11       0    84.05640983     0.00528833
      57     ang       1       3       7       0    41.01789145    -0.06553979
      58     ang       1       3      11       0    41.02628758    -0.06565108
      59     ang       7       3      11       0    40.45513557    -0.00740868
      60     ang       1       5      10       0   124.78014579     0.00000000
      61     ang       1       5      12       0   114.73739870    -0.00000000
      62     ang      10       5      12       0   120.48134627    -0.00000000
      63     ang       3       6       2       0    60.34468769     0.01151103
      64     ang       2       7       3       0    68.72451165     0.01554220
      65     ang       3       8       2       0    60.93212808     0.00326367
      66     ang       3       9       2       0    60.33684884     0.01144707
      67     ang       2      11       3       0    71.55860906     0.01582582
      68     dih       2       1       5      10   179.74813341     0.01259504
      69     dih       2       1       5      12    -0.63506965     0.01259504
      70     dih       4       1       5      10     0.84367616     0.00462144
      71     dih       4       1       5      12   180.46047311     0.00462144
      72     dih       3       1       5      10   127.21624574    -0.01721647
      73     dih       3       1       5      12   -53.16695732    -0.01721647
      74     dih       5       1       2       7     6.57009342     0.00913981
      75     dih       5       1       2      11   172.35502872    -0.01599884
      76     dih       5       1       2       3   267.85385074    -0.00311196
      77     dih       5       1       2       6   248.75690649    -0.00334637
      78     dih       5       1       2       8   267.65479661    -0.00323638
      79     dih       5       1       2       9   -72.88759900    -0.00290085
      80     dih       4       1       2       7   185.42152053     0.01764037
      81     dih       4       1       2      11    -8.79354417    -0.00749828
      82     dih       4       1       2       3    86.70527785     0.00538861
      83     dih       4       1       2       6    67.60833360     0.00515420
      84     dih       4       1       2       8    86.50622373     0.00526418
      85     dih       4       1       2       9   105.96382811     0.00559972
      86     dih       3       1       2       7    98.71624268     0.01225177
      87     dih       3       1       2      11   264.50117798    -0.01288689
      88     dih       3       1       2       6   -19.09694425    -0.00023441
      89     dih       3       1       2       8    -0.19905413    -0.00012443
      90     dih       3       1       2       9    19.25855026     0.00021111
      91     dih       6       3       9       2   102.82836572    -0.01539402
      92     dih       8       3       9       2   257.98018397     0.00087121
      93     dih       1       3       9       2    20.30570963    -0.06321646
      94     dih       7       3       9       2   -20.82918846     0.00307729
      95     dih      11       3       9       2    -0.82262789    -0.00050433
      96     dih       9       3       6       2   257.16400671     0.01528461
      97     dih       8       3       6       2   102.00948582    -0.00101785
      98     dih       1       3       6       2   -20.14929510     0.06277352
      99     dih       7       3       6       2     0.52968161     0.00056829
     100     dih      11       3       6       2    20.99355189    -0.00328342
     101     dih       1       2       7       3   248.95626953    -0.04156740
     102     dih      11       2       7       3    82.52763162    -0.01838210
     103     dih       6       2       7       3     0.44547776     0.00053942
     104     dih       8       2       7       3    19.49721097    -0.00562953
     105     dih       9       2       7       3   -19.75505464     0.00083177
     106     dih       9       3       8       2   102.45974316    -0.00853173
     107     dih       6       3       8       2   257.55808319     0.00878822
     108     dih       1       3       8       2    -0.18104675     0.00059191
     109     dih       7       3       8       2    20.38290605    -0.00380768
     110     dih      11       3       8       2   -20.29058747     0.00404182
     111     dih       1       2      11       3   109.40048384     0.04192771
     112     dih       7       2      11       3   -84.29422306     0.01823155
     113     dih       6       2      11       3    20.10982482    -0.00055157
     114     dih       8       2      11       3   -19.64380594     0.00556547
     115     dih       9       2      11       3    -0.67870888    -0.00052045
     116     dih       1       2       3       9    60.36685908     0.00037683
     117     dih       1       2       3       6   -59.59533627    -0.00027246
     118     dih       1       2       3       8   180.39271465     0.00015248
     119     dih       1       2       3       7   121.52101014     0.00126404
     120     dih       1       2       3      11   238.63730914    -0.00122412
     121     dih       7       2       3       9   -61.15415106    -0.00088721
     122     dih       7       2       3       6   178.88365359    -0.00153650
     123     dih       7       2       3       8    58.87170451    -0.00111156
     124     dih       7       2       3       1   238.47898986    -0.00126404
     125     dih       7       2       3      11   117.11629900    -0.00248816
     126     dih      11       2       3       9   181.72954994     0.00160095
     127     dih      11       2       3       6    61.76735459     0.00095166
     128     dih      11       2       3       8   -58.24459449     0.00137660
     129     dih      11       2       3       1   121.36269086     0.00122412
     130     dih      11       2       3       7   242.88370100     0.00248816
     131     dih       6       2       3       9   119.96219535     0.00064929
     132     dih       6       2       3       8   239.98805092     0.00042494
     133     dih       6       2       3       1    59.59533627     0.00027246
     134     dih       6       2       3       7   181.11634641     0.00153650
     135     dih       6       2       3      11   -61.76735459    -0.00095166
     136     dih       8       2       3       9   239.97414443     0.00022435
     137     dih       8       2       3       6   120.01194908    -0.00042494
     138     dih       8       2       3       1   179.60728535    -0.00015248
     139     dih       8       2       3       7   -58.87170451     0.00111156
     140     dih       8       2       3      11    58.24459449    -0.00137660
     141     dih       9       2       3       6   240.03780465    -0.00064929
     142     dih       9       2       3       8   120.02585557    -0.00022435
     143     dih       9       2       3       1   -60.36685908    -0.00037683
     144     dih       9       2       3       7    61.15415106     0.00088721
     145     dih       9       2       3      11   178.27045006    -0.00160095
     146     dih       5       1       3       9    -6.70885435     0.00223865
     147     dih       5       1       3       6   234.46351100     0.00475520
     148     dih       5       1       3       8   113.97123608     0.00318579
     149     dih       5       1       3       2   113.51971531     0.00333406
     150     dih       5       1       3       7    81.79279287    -0.03717271
     151     dih       5       1       3      11   145.36861586     0.04382288
     152     dih       2       1       3       9   239.77143035    -0.00109541
     153     dih       2       1       3       6   120.94379569     0.00142114
     154     dih       2       1       3       8     0.45152078    -0.00014827
     155     dih       2       1       3       7   -31.72692244    -0.04050677
     156     dih       2       1       3      11    31.84890055     0.04048882
     157     dih       4       1       3       9   123.80841936    -0.00549115
     158     dih       4       1       3       6     4.98078471    -0.00297459
     159     dih       4       1       3       8   244.48850980    -0.00454400
     160     dih       4       1       3       2   244.03698902    -0.00439573
     161     dih       4       1       3       7   212.31006658    -0.04490250
     162     dih       4       1       3      11   -84.11411043     0.03609309
     163     dih       1       2       6       3   124.88764731     0.01326762
     164     dih       7       2       6       3    -1.18296723    -0.00151904
     165     dih      11       2       6       3   245.46600317     0.00457893
     166     dih       8       2       6       3   -32.05539858     0.00447965
     167     dih       9       2       6       3    31.94330304    -0.00079219
     168     dih       1       2       8       3     0.49575478     0.00033174
     169     dih       7       2       8       3   241.68513846     0.00137212
     170     dih      11       2       8       3   117.92511051    -0.00086347
     171     dih       6       2       8       3    31.81706571     0.00328808
     172     dih       9       2       8       3   -31.80538315    -0.00307671
     173     dih       1       2       9       3   235.80616395    -0.01327110
     174     dih       7       2       9       3   116.14173452    -0.00443579
     175     dih      11       2       9       3     1.79645291     0.00150037
     176     dih       6       2       9       3   -31.95136330     0.00060082
     177     dih       8       2       9       3    32.05169900    -0.00449853
     178     dih       9       3       7       2   119.46891254    -0.00392311
     179     dih       6       3       7       2    -1.29702339    -0.00162560
     180     dih       8       3       7       2   238.67074179    -0.00269781
     181     dih       1       3       7       2    31.14063561    -0.05702689
     182     dih      11       3       7       2   -33.81065462    -0.00028998
     183     dih       9       3      11       2     2.01064384     0.00161154
     184     dih       6       3      11       2   241.10811001     0.00407014
     185     dih       8       3      11       2   121.91193176     0.00297372
     186     dih       1       3      11       2   -31.19334464     0.05706390
     187     dih       7       3      11       2    33.73730423     0.00060602
Hessian eigenvector     1(    -0.018) has overlap with TSRC:    0.55908E+00
Hessian eigenvector     1 has the largest overlap with TSRC:  0.55908
           Primitive Internal Coordinates (atoms in internal order)
-------------------------------------------------------------------------------
    index    type      i       j       k       l   value(A,deg)     Max Ovl Vect
-------------------------------------------------------------------------------
       1     bnd       1       5       0       0     1.46208392     0.00000000
       2     bnd       1       2       0       0     1.35916813     0.79065808
       3     bnd       3       9       0       0     1.08313958     0.00007233
       4     bnd       1       4       0       0     1.08901177    -0.00000000
       5     bnd       3       6       0       0     1.08329955    -0.00000420
       6     bnd       2       7       0       0     1.08720894     0.00037788
       7     bnd       3       8       0       0     1.08428070     0.00994571
       8     bnd       5      10       0       0     1.22279656     0.00000000
       9     bnd       2      11       0       0     1.07000001     0.00016700
      10     bnd       5      12       0       0     1.07000000    -0.00000000
      11     bnd       2       3       0       0     2.50234487    -0.06402661
      12     bnd       1       3       0       0     3.21998143     0.20297133
      13     bnd       2       6       0       0     2.85450501    -0.01865709
      14     bnd       2       8       0       0     2.84273224    -0.06389067
      15     bnd       2       9       0       0     2.85464085    -0.01906514
      16     bnd       3       7       0       0     2.68258186    -0.00949751
      17     bnd       3      11       0       0     2.62570260    -0.00956383
      18     ang       5       1       2       0   122.13193049     0.00000690
      19     ang       5       1       4       0   116.48149708     0.00017072
      20     ang       5       1       3       0   112.64562536    -0.00135221
      21     ang       2       1       4       0   121.37727346    -0.00014413
      22     ang       2       1       3       0    47.13980479     0.00511155
      23     ang       4       1       3       0   108.55407601    -0.00163550
      24     ang       1       2       7       0   120.51279539     0.01025129
      25     ang       1       2      11       0   121.36128216     0.00603662
      26     ang       1       2       3       0   109.39804563    -0.14665527
      27     ang       1       2       6       0    97.36189422    -0.13707972
      28     ang       1       2       8       0   131.65236189    -0.13953974
      29     ang       1       2       9       0    97.60393042    -0.13759608
      30     ang       7       2      11       0   116.67222783     0.00835413
      31     ang       7       2       3       0    87.39281970     0.02554698
      32     ang       7       2       6       0   109.48758492     0.02570142
      33     ang       7       2       8       0    76.25016237     0.02136999
      34     ang       7       2       9       0    77.08981866     0.02186389
      35     ang      11       2       3       0    84.51010404     0.02549601
      36     ang      11       2       6       0    74.58595081     0.02225710
      37     ang      11       2       8       0    73.32443789     0.02086182
      38     ang      11       2       9       0   106.59375947     0.02568031
      39     ang       6       2       8       0    38.16371016     0.00535538
      40     ang       6       2       9       0    38.01699289     0.00200223
      41     ang       8       2       9       0    38.16203879     0.00540483
      42     ang       9       3       6       0   118.25885447    -0.00203098
      43     ang       9       3       8       0   118.48323850    -0.00761577
      44     ang       9       3       2       0    97.56929804     0.02261563
      45     ang       9       3       1       0    85.73843521    -0.04896534
      46     ang       9       3       7       0    85.80331135     0.01826606
      47     ang       9       3      11       0   121.48827574     0.02453988
      48     ang       6       3       8       0   118.47247906    -0.00766580
      49     ang       6       3       2       0    97.55621160     0.02285994
      50     ang       6       3       1       0    85.46171991    -0.04954656
      51     ang       6       3       7       0   121.43376470     0.02426458
      52     ang       6       3      11       0    85.98434689     0.01871222
      53     ang       8       3       2       0    96.81291220    -0.00528536
      54     ang       8       3       1       0   120.27444570     0.13625719
      55     ang       8       3       7       0    84.29830723    -0.00501023
      56     ang       8       3      11       0    84.05640983    -0.00581845
      57     ang       1       3       7       0    41.01789145     0.12098389
      58     ang       1       3      11       0    41.02628758     0.12202783
      59     ang       7       3      11       0    40.45513557     0.00339901
      60     ang       1       5      10       0   124.78014579     0.00000006
      61     ang       1       5      12       0   114.73739870     0.00000007
      62     ang      10       5      12       0   120.48134627     0.00000006
      63     ang       3       6       2       0    60.34468769    -0.02303222
      64     ang       2       7       3       0    68.72451165    -0.02697305
      65     ang       3       8       2       0    60.93212808    -0.00182621
      66     ang       3       9       2       0    60.33684884    -0.02284469
      67     ang       2      11       3       0    71.55860906    -0.02747555
      68     dih       2       1       5      10   179.74813341     0.00212505
      69     dih       2       1       5      12    -0.63506965     0.00215952
      70     dih       4       1       5      10     0.84367616     0.00015419
      71     dih       4       1       5      12   180.46047311     0.00018866
      72     dih       3       1       5      10   127.21624574    -0.00327794
      73     dih       3       1       5      12   -53.16695732    -0.00324347
      74     dih       5       1       2       7     6.57009342    -0.06002373
      75     dih       5       1       2      11   172.35502872     0.05960523
      76     dih       5       1       2       3   267.85385074    -0.00101682
      77     dih       5       1       2       6   248.75690649     0.00391275
      78     dih       5       1       2       8   267.65479661    -0.00012897
      79     dih       5       1       2       9   -72.88759900    -0.00661070
      80     dih       4       1       2       7   185.42152053    -0.05795398
      81     dih       4       1       2      11    -8.79354417     0.06167498
      82     dih       4       1       2       3    86.70527785     0.00105293
      83     dih       4       1       2       6    67.60833360     0.00598250
      84     dih       4       1       2       8    86.50622373     0.00194077
      85     dih       4       1       2       9   105.96382811    -0.00454095
      86     dih       3       1       2       7    98.71624268    -0.05900690
      87     dih       3       1       2      11   264.50117798     0.06062205
      88     dih       3       1       2       6   -19.09694425     0.00492957
      89     dih       3       1       2       8    -0.19905413     0.00088785
      90     dih       3       1       2       9    19.25855026    -0.00559388
      91     dih       6       3       9       2   102.82836572     0.03924475
      92     dih       8       3       9       2   257.98018397    -0.00511288
      93     dih       1       3       9       2    20.30570963     0.12268524
      94     dih       7       3       9       2   -20.82918846     0.00057462
      95     dih      11       3       9       2    -0.82262789    -0.00200848
      96     dih       9       3       6       2   257.16400671    -0.03910147
      97     dih       8       3       6       2   102.00948582     0.00523897
      98     dih       1       3       6       2   -20.14929510    -0.12222175
      99     dih       7       3       6       2     0.52968161     0.00120689
     100     dih      11       3       6       2    20.99355189     0.00023649
     101     dih       1       2       7       3   248.95626953     0.15470969
     102     dih      11       2       7       3    82.52763162     0.04083588
     103     dih       6       2       7       3     0.44547776     0.00094868
     104     dih       8       2       7       3    19.49721097     0.00472567
     105     dih       9       2       7       3   -19.75505464     0.00281495
     106     dih       9       3       8       2   102.45974316     0.02138559
     107     dih       6       3       8       2   257.55808319    -0.02165749
     108     dih       1       3       8       2    -0.18104675    -0.00081158
     109     dih       7       3       8       2    20.38290605     0.00182745
     110     dih      11       3       8       2   -20.29058747    -0.00199630
     111     dih       1       2      11       3   109.40048384    -0.15624883
     112     dih       7       2      11       3   -84.29422306    -0.04072411
     113     dih       6       2      11       3    20.10982482    -0.00301805
     114     dih       8       2      11       3   -19.64380594    -0.00409157
     115     dih       9       2      11       3    -0.67870888    -0.00152350
     116     dih       1       2       3       9    60.36685908     0.00315344
     117     dih       1       2       3       6   -59.59533627    -0.00519486
     118     dih       1       2       3       8   180.39271465    -0.00102004
     119     dih       1       2       3       7   121.52101014    -0.00300274
     120     dih       1       2       3      11   238.63730914    -0.00048177
     121     dih       7       2       3       9   -61.15415106     0.00615618
     122     dih       7       2       3       6   178.88365359    -0.00219211
     123     dih       7       2       3       8    58.87170451     0.00198270
     124     dih       7       2       3       1   238.47898986     0.00300274
     125     dih       7       2       3      11   117.11629900     0.00252098
     126     dih      11       2       3       9   181.72954994     0.00363520
     127     dih      11       2       3       6    61.76735459    -0.00471309
     128     dih      11       2       3       8   -58.24459449    -0.00053828
     129     dih      11       2       3       1   121.36269086     0.00048177
     130     dih      11       2       3       7   242.88370100    -0.00252098
     131     dih       6       2       3       9   119.96219535     0.00834829
     132     dih       6       2       3       8   239.98805092     0.00417481
     133     dih       6       2       3       1    59.59533627     0.00519486
     134     dih       6       2       3       7   181.11634641     0.00219211
     135     dih       6       2       3      11   -61.76735459     0.00471309
     136     dih       8       2       3       9   239.97414443     0.00417348
     137     dih       8       2       3       6   120.01194908    -0.00417481
     138     dih       8       2       3       1   179.60728535     0.00102004
     139     dih       8       2       3       7   -58.87170451    -0.00198270
     140     dih       8       2       3      11    58.24459449     0.00053828
     141     dih       9       2       3       6   240.03780465    -0.00834829
     142     dih       9       2       3       8   120.02585557    -0.00417348
     143     dih       9       2       3       1   -60.36685908    -0.00315344
     144     dih       9       2       3       7    61.15415106    -0.00615618
     145     dih       9       2       3      11   178.27045006    -0.00363520
     146     dih       5       1       3       9    -6.70885435     0.00557657
     147     dih       5       1       3       6   234.46351100    -0.00519264
     148     dih       5       1       3       8   113.97123608     0.00085274
     149     dih       5       1       3       2   113.51971531     0.00139372
     150     dih       5       1       3       7    81.79279287     0.08425687
     151     dih       5       1       3      11   145.36861586    -0.08314039
     152     dih       2       1       3       9   239.77143035     0.00418285
     153     dih       2       1       3       6   120.94379569    -0.00658635
     154     dih       2       1       3       8     0.45152078    -0.00054098
     155     dih       2       1       3       7   -31.72692244     0.08286315
     156     dih       2       1       3      11    31.84890055    -0.08453410
     157     dih       4       1       3       9   123.80841936     0.00336050
     158     dih       4       1       3       6     4.98078471    -0.00740871
     159     dih       4       1       3       8   244.48850980    -0.00136333
     160     dih       4       1       3       2   244.03698902    -0.00082235
     161     dih       4       1       3       7   212.31006658     0.08204080
     162     dih       4       1       3      11   -84.11411043    -0.08535646
     163     dih       1       2       6       3   124.88764731    -0.05303018
     164     dih       7       2       6       3    -1.18296723    -0.00253480
     165     dih      11       2       6       3   245.46600317    -0.01361976
     166     dih       8       2       6       3   -32.05539858    -0.00812566
     167     dih       9       2       6       3    31.94330304    -0.00424564
     168     dih       1       2       8       3     0.49575478    -0.00191482
     169     dih       7       2       8       3   241.68513846    -0.00532402
     170     dih      11       2       8       3   117.92511051     0.00653832
     171     dih       6       2       8       3    31.81706571    -0.00246847
     172     dih       9       2       8       3   -31.80538315     0.00241943
     173     dih       1       2       9       3   235.80616395     0.05160826
     174     dih       7       2       9       3   116.14173452     0.01474964
     175     dih      11       2       9       3     1.79645291     0.00409278
     176     dih       6       2       9       3   -31.95136330     0.00433430
     177     dih       8       2       9       3    32.05169900     0.00808521
     178     dih       9       3       7       2   119.46891254     0.01369129
     179     dih       6       3       7       2    -1.29702339    -0.00281414
     180     dih       8       3       7       2   238.67074179     0.00382623
     181     dih       1       3       7       2    31.14063561     0.11411677
     182     dih      11       3       7       2   -33.81065462     0.00054681
     183     dih       9       3      11       2     2.01064384     0.00464865
     184     dih       6       3      11       2   241.10811001    -0.01246112
     185     dih       8       3      11       2   121.91193176    -0.00252173
     186     dih       1       3      11       2   -31.19334464    -0.11235976
     187     dih       7       3      11       2    33.73730423    -0.00137329
 
----------------------------------------------------------------------
Geometry Convergence after Step   1       (Hartree/Angstrom,Angstrom)
----------------------------------------------------------------------
current energy                               -2.32665185 Hartree
energy change                      -2.32665185     0.00012000    F
constrained gradient max            0.04677457     0.00100000    F
constrained gradient rms            0.01321218     0.00066667    F
gradient max                        0.04677457
gradient rms                        0.01321218
cart. step max                      0.02602828     0.01000000    F
cart. step rms                      0.00551878     0.00666667    T
 
 
--------
Geometry
--------
Formula: C4H7O
Atoms
  Index Symbol   x (angstrom)   y (angstrom)   z (angstrom)
      1      C     0.81660322    -0.23720842     0.88142640
      2      C     0.81593843    -0.23474440    -0.47256292
      3      C    -1.53115840    -0.47008473    -1.30832403
      4      H     0.85669001    -1.16757525     1.44614365
      5      C     0.73944839     0.99821306     1.66100407
      6      H    -1.75225888    -1.42406887    -0.84512671
      7      H     0.86475075     0.70212652    -1.02222795
      8      H    -1.29392588    -0.45135508    -2.36609973
      9      H    -1.93455463     0.42638536    -0.85343523
     10      O     0.73162315     1.04721420     2.88577642
     11      H     0.99451567    -1.13848229    -1.03730340
     12      H     0.69190708     1.92184086     1.06458386
 
Total System Charge             0.00000
 
 *** GOStep2 ***
