<Jan20-2022> <00:27:17>  AMS 2021.102  RunTime: Jan20-2022 00:27:17  ShM Nodes: 1  Procs: 1
<Jan20-2022> <00:27:17>  ADF 2021.102  RunTime: Jan20-2022 00:27:17  ShM Nodes: 1  Procs: 1
<Jan20-2022> <00:27:18>  *** (NO TITLE) ***
<Jan20-2022> <00:27:18>  Iteration 1
<Jan20-2022> <00:27:18>  DIRAC 2021.102  RunTime: Jan20-2022 00:27:18  ShM Nodes: 1  Procs: 1
<Jan20-2022> <00:27:18>  Carbon (TZ2P)
<Jan20-2022> <00:27:18>  Net Charge: 0 (Nuclei minus Electrons)
<Jan20-2022> <00:27:18>  Symmetry  : ATOM
<Jan20-2022> <00:27:18>  Coordinates
<Jan20-2022> <00:27:18>     Atom         X           Y           Z   (Angstrom)
<Jan20-2022> <00:27:18>     1.C         0.000000    0.000000    0.000000
<Jan20-2022> <00:27:18>  >>>> CORORT
<Jan20-2022> <00:27:18>  >>>> CLSMAT
<Jan20-2022> <00:27:18>  >>>> ORTHON
<Jan20-2022> <00:27:18>  >>>> GENPT
<Jan20-2022> <00:27:18>  Block Length=  72
<Jan20-2022> <00:27:18>  >>>> PTBAS
<Jan20-2022> <00:27:18>  >>>> CYCLE
<Jan20-2022> <00:27:18>              |Error|         MaxErr       Wt(A-DIIS)
<Jan20-2022> <00:27:18>      1      0.00000000      0.00000000
<Jan20-2022> <00:27:18>      2      4.48405934      3.32161898    100.0
<Jan20-2022> <00:27:18>      3      1.60718414      1.28408746    100.0
<Jan20-2022> <00:27:18>      4      0.76426456      0.62272052    100.0
<Jan20-2022> <00:27:18>      5      0.36119063      0.28553990    100.0
<Jan20-2022> <00:27:18>      6      0.14821424      0.11559867    100.0
<Jan20-2022> <00:27:18>      7      0.10108424      0.07867111     78.5
<Jan20-2022> <00:27:18>      8      0.01786531      0.01387049     13.0
<Jan20-2022> <00:27:18>      9      0.00195746      0.00153262      0.5
<Jan20-2022> <00:27:18>     10      0.00001058      0.00000730      0.0
<Jan20-2022> <00:27:18>     11      0.00000047      0.00000027      0.0
<Jan20-2022> <00:27:18>     12      0.00000003      0.00000002      0.0
<Jan20-2022> <00:27:18>     13      0.00000000      0.00000000      0.0
<Jan20-2022> <00:27:18>  SCF converged
<Jan20-2022> <00:27:18>     14      0.00000000      0.00000000      0.0
<Jan20-2022> <00:27:18>  >>>> POPAN
<Jan20-2022> <00:27:18>  >>>> DEBYE
<Jan20-2022> <00:27:18>  DIRAC 2021.102  RunTime: Jan20-2022 00:27:18  ShM Nodes: 1  Procs: 1
<Jan20-2022> <00:27:19>  Hydrogen (TZ2P)
<Jan20-2022> <00:27:19>  Net Charge: 0 (Nuclei minus Electrons)
<Jan20-2022> <00:27:19>  Symmetry  : ATOM
<Jan20-2022> <00:27:19>  Coordinates
<Jan20-2022> <00:27:19>     Atom         X           Y           Z   (Angstrom)
<Jan20-2022> <00:27:19>     1.H         0.000000    0.000000    0.000000
<Jan20-2022> <00:27:19>  >>>> CORORT
<Jan20-2022> <00:27:19>  >>>> CLSMAT
<Jan20-2022> <00:27:19>  >>>> ORTHON
<Jan20-2022> <00:27:19>  >>>> GENPT
<Jan20-2022> <00:27:19>  Block Length=  64
<Jan20-2022> <00:27:19>  >>>> PTBAS
<Jan20-2022> <00:27:19>  >>>> CYCLE
<Jan20-2022> <00:27:19>              |Error|         MaxErr       Wt(A-DIIS)
<Jan20-2022> <00:27:19>      1      0.00000000      0.00000000
<Jan20-2022> <00:27:19>      2      0.03080019      0.02591482
<Jan20-2022> <00:27:19>      3      0.01140383      0.01135775    100.0
<Jan20-2022> <00:27:19>      4      0.00327656      0.00327407      2.3
<Jan20-2022> <00:27:19>      5      0.00010041      0.00009754      0.0
<Jan20-2022> <00:27:19>      6      0.00000525      0.00000504      0.0
<Jan20-2022> <00:27:19>      7      0.00000007      0.00000007      0.0
<Jan20-2022> <00:27:19>      8      0.00000000      0.00000000      0.0
<Jan20-2022> <00:27:19>  SCF converged
<Jan20-2022> <00:27:19>      9      0.00000000      0.00000000      0.0
<Jan20-2022> <00:27:19>  >>>> POPAN
<Jan20-2022> <00:27:19>  >>>> DEBYE
<Jan20-2022> <00:27:19>  DIRAC 2021.102  RunTime: Jan20-2022 00:27:19  ShM Nodes: 1  Procs: 1
<Jan20-2022> <00:27:19>  Oxygen (TZ2P)
<Jan20-2022> <00:27:19>  Net Charge: 0 (Nuclei minus Electrons)
<Jan20-2022> <00:27:19>  Symmetry  : ATOM
<Jan20-2022> <00:27:19>  Coordinates
<Jan20-2022> <00:27:19>     Atom         X           Y           Z   (Angstrom)
<Jan20-2022> <00:27:19>     1.O         0.000000    0.000000    0.000000
<Jan20-2022> <00:27:19>  >>>> CORORT
<Jan20-2022> <00:27:19>  >>>> CLSMAT
<Jan20-2022> <00:27:19>  >>>> ORTHON
<Jan20-2022> <00:27:19>  >>>> GENPT
<Jan20-2022> <00:27:19>  Block Length=  68
<Jan20-2022> <00:27:19>  >>>> PTBAS
<Jan20-2022> <00:27:19>  >>>> CYCLE
<Jan20-2022> <00:27:19>              |Error|         MaxErr       Wt(A-DIIS)
<Jan20-2022> <00:27:19>      1      0.00000000      0.00000000
<Jan20-2022> <00:27:19>      2      8.77210307      5.53374266    100.0
<Jan20-2022> <00:27:19>      3      3.60058093      2.49154808    100.0
<Jan20-2022> <00:27:19>      4      1.20505529      0.62472425    100.0
<Jan20-2022> <00:27:20>      5      1.46502638      0.81213311    100.0
<Jan20-2022> <00:27:20>      6      0.15089362      0.09131786     91.2
<Jan20-2022> <00:27:20>      7      0.14397311      0.08251182     82.3
<Jan20-2022> <00:27:20>      8      0.00183259      0.00123681      0.2
<Jan20-2022> <00:27:20>      9      0.00015629      0.00008105      0.0
<Jan20-2022> <00:27:20>     10      0.00001324      0.00000629      0.0
<Jan20-2022> <00:27:20>     11      0.00000006      0.00000003      0.0
<Jan20-2022> <00:27:20>     12      0.00000000      0.00000000      0.0
<Jan20-2022> <00:27:20>  SCF converged
<Jan20-2022> <00:27:20>     13      0.00000000      0.00000000      0.0
<Jan20-2022> <00:27:20>  >>>> POPAN
<Jan20-2022> <00:27:20>  >>>> DEBYE
<Jan20-2022> <00:27:20>  *** GOStep1 ***
<Jan20-2022> <00:27:20>  >>>> FRAGM
<Jan20-2022> <00:27:20>  Coordinates
<Jan20-2022> <00:27:20>     Atom         X           Y           Z   (Angstrom)
<Jan20-2022> <00:27:20>     1.C         0.816680   -0.234719    0.881975
<Jan20-2022> <00:27:20>     2.C         0.816784   -0.234131   -0.477193
<Jan20-2022> <00:27:20>     3.C        -1.531600   -0.469980   -1.308576
<Jan20-2022> <00:27:20>     4.H         0.856362   -1.163867    1.448593
<Jan20-2022> <00:27:20>     5.C         0.738934    1.000635    1.660143
<Jan20-2022> <00:27:20>     6.H        -1.752243   -1.423246   -0.843669
<Jan20-2022> <00:27:20>     7.H         0.865401    0.701495   -1.028794
<Jan20-2022> <00:27:20>     8.H        -1.295721   -0.453222   -2.366756
<Jan20-2022> <00:27:20>     9.H        -1.934372    0.427296   -0.854856
<Jan20-2022> <00:27:20>    10.O         0.730889    1.056221    2.881649
<Jan20-2022> <00:27:20>    11.H         0.994956   -1.130034   -1.034430
<Jan20-2022> <00:27:20>    12.H         0.693508    1.895813    1.075768
<Jan20-2022> <00:27:20>  >>>> CORORT
<Jan20-2022> <00:27:20>  >>>> CLSMAT
<Jan20-2022> <00:27:20>  >>>> ORTHON
<Jan20-2022> <00:27:20>  >>>> GENPT
<Jan20-2022> <00:27:20>  Block Length= 128
<Jan20-2022> <00:27:21>  >>>> PTBAS
<Jan20-2022> <00:27:38>  >>>> CYCLE
<Jan20-2022> <00:28:41>              |Error|         MaxErr       Wt(A-DIIS)
<Jan20-2022> <00:28:41>      1      5.06635329      0.52398661
<Jan20-2022> <00:29:34>      2      0.89122353      0.09799634    100.0
<Jan20-2022> <00:30:29>      3      0.48242844      0.04462236    100.0
<Jan20-2022> <00:31:25>      4      0.66468963      0.07388004    100.0
<Jan20-2022> <00:32:20>      5      0.13767296      0.02126000     20.5
<Jan20-2022> <00:33:15>      6      0.14007780      0.02252866     20.5
<Jan20-2022> <00:34:09>      7      0.02456021      0.00246211      1.5
<Jan20-2022> <00:35:04>      8      0.00778434      0.00103476      0.0
<Jan20-2022> <00:35:59>      9      0.00565245      0.00090556      0.0
<Jan20-2022> <00:36:54>     10      0.00181282      0.00020969      0.0
<Jan20-2022> <00:37:49>     11      0.00083609      0.00006399      0.0
<Jan20-2022> <00:38:44>     12      0.00026737      0.00002289      0.0
<Jan20-2022> <00:39:38>     13      0.00008838      0.00000925      0.0
<Jan20-2022> <00:40:33>     14      0.00003359      0.00000462      0.0
<Jan20-2022> <00:41:28>     15      0.00001078      0.00000098      0.0
<Jan20-2022> <00:42:23>     16      0.00000643      0.00000061      0.0
<Jan20-2022> <00:42:37>  SCF converged
<Jan20-2022> <00:43:18>     17      0.00000192      0.00000013      0.0
<Jan20-2022> <00:43:31>  >>>> TOTEN
<Jan20-2022> <00:44:30>  >>>> POPAN
<Jan20-2022> <00:44:30>  >>>> DEBYE
<Jan20-2022> <00:44:30>  >>>> ENGRAD
<Jan20-2022> <00:45:14>  current energy                               -2.32665185 Hartree
<Jan20-2022> <00:45:14>  energy change                      -2.32665185     0.00012000    F
<Jan20-2022> <00:45:14>  constrained gradient max            0.04677457     0.00100000    F
<Jan20-2022> <00:45:14>  constrained gradient rms            0.01321218     0.00066667    F
<Jan20-2022> <00:45:14>  gradient max                        0.04677457
<Jan20-2022> <00:45:14>  gradient rms                        0.01321218
<Jan20-2022> <00:45:14>  cart. step max                      0.02602828     0.01000000    F
<Jan20-2022> <00:45:14>  cart. step rms                      0.00551878     0.00666667    T
<Jan20-2022> <00:45:14>  Iteration 2
<Jan20-2022> <00:45:14>  *** GOStep2 ***
<Jan20-2022> <00:45:14>  >>>> FRAGM
<Jan20-2022> <00:45:14>  Coordinates
<Jan20-2022> <00:45:14>     Atom         X           Y           Z   (Angstrom)
<Jan20-2022> <00:45:14>     1.C         0.816603   -0.237208    0.881426
<Jan20-2022> <00:45:14>     2.C         0.815938   -0.234744   -0.472563
<Jan20-2022> <00:45:14>     3.C        -1.531158   -0.470085   -1.308324
<Jan20-2022> <00:45:14>     4.H         0.856690   -1.167575    1.446144
<Jan20-2022> <00:45:14>     5.C         0.739448    0.998213    1.661004
<Jan20-2022> <00:45:14>     6.H        -1.752259   -1.424069   -0.845127
<Jan20-2022> <00:45:14>     7.H         0.864751    0.702127   -1.022228
<Jan20-2022> <00:45:14>     8.H        -1.293926   -0.451355   -2.366100
<Jan20-2022> <00:45:14>     9.H        -1.934555    0.426385   -0.853435
<Jan20-2022> <00:45:14>    10.O         0.731623    1.047214    2.885776
<Jan20-2022> <00:45:14>    11.H         0.994516   -1.138482   -1.037303
<Jan20-2022> <00:45:14>    12.H         0.691907    1.921841    1.064584
<Jan20-2022> <00:45:14>  >>>> CORORT
<Jan20-2022> <00:45:14>  >>>> CLSMAT
<Jan20-2022> <00:45:14>  >>>> ORTHON
<Jan20-2022> <00:45:14>  >>>> GENPT
<Jan20-2022> <00:45:15>  Block Length= 128
<Jan20-2022> <00:45:15>  >>>> PTBAS
<Jan20-2022> <00:45:25>  >>>> CYCLE
<Jan20-2022> <00:45:38>  using orbital data from restart file
<Jan20-2022> <00:46:02>              |Error|         MaxErr       Wt(A-DIIS)
<Jan20-2022> <00:46:02>      1      0.09159511      0.02072670
<Jan20-2022> <00:46:34>      2      0.01442107      0.00153526    100.0
