<Jan27-2022> <12:32:34>  AMS 2021.102  RunTime: Jan27-2022 12:32:34  ShM Nodes: 1  Procs: 4
<Jan27-2022> <12:32:35>  ADF 2021.102  RunTime: Jan27-2022 12:32:35  ShM Nodes: 1  Procs: 4
<Jan27-2022> <12:32:35>  *** (NO TITLE) ***
<Jan27-2022> <12:32:35>  Iteration 1
<Jan27-2022> <12:32:35>  DIRAC 2021.102  RunTime: Jan27-2022 12:32:35  ShM Nodes: 1  Procs: 1
<Jan27-2022> <12:32:35>  Hydrogen (TZ2P)
<Jan27-2022> <12:32:35>  Net Charge: 0 (Nuclei minus Electrons)
<Jan27-2022> <12:32:35>  Symmetry  : ATOM
<Jan27-2022> <12:32:35>  Coordinates
<Jan27-2022> <12:32:35>     Atom         X           Y           Z   (Angstrom)
<Jan27-2022> <12:32:35>     1.H         0.000000    0.000000    0.000000
<Jan27-2022> <12:32:35>  >>>> CORORT
<Jan27-2022> <12:32:35>  >>>> CLSMAT
<Jan27-2022> <12:32:35>  >>>> ORTHON
<Jan27-2022> <12:32:35>  >>>> GENPT
<Jan27-2022> <12:32:35>  Block Length=  64
<Jan27-2022> <12:32:35>  >>>> PTBAS
<Jan27-2022> <12:32:35>  >>>> CYCLE
<Jan27-2022> <12:32:36>              |Error|         MaxErr       Wt(A-DIIS)
<Jan27-2022> <12:32:36>      1      0.00000000      0.00000000
<Jan27-2022> <12:32:36>      2      0.03080019      0.02591482
<Jan27-2022> <12:32:36>      3      0.01140383      0.01135775    100.0
<Jan27-2022> <12:32:36>      4      0.00327656      0.00327407      2.3
<Jan27-2022> <12:32:36>      5      0.00010041      0.00009754      0.0
<Jan27-2022> <12:32:36>      6      0.00000525      0.00000504      0.0
<Jan27-2022> <12:32:36>      7      0.00000007      0.00000007      0.0
<Jan27-2022> <12:32:36>      8      0.00000000      0.00000000      0.0
<Jan27-2022> <12:32:36>  SCF converged
<Jan27-2022> <12:32:36>      9      0.00000000      0.00000000      0.0
<Jan27-2022> <12:32:36>  >>>> POPAN
<Jan27-2022> <12:32:36>  >>>> DEBYE
<Jan27-2022> <12:32:36>  DIRAC 2021.102  RunTime: Jan27-2022 12:32:36  ShM Nodes: 1  Procs: 1
<Jan27-2022> <12:32:36>  Carbon (TZ2P)
<Jan27-2022> <12:32:36>  Net Charge: 0 (Nuclei minus Electrons)
<Jan27-2022> <12:32:36>  Symmetry  : ATOM
<Jan27-2022> <12:32:36>  Coordinates
<Jan27-2022> <12:32:36>     Atom         X           Y           Z   (Angstrom)
<Jan27-2022> <12:32:36>     1.C         0.000000    0.000000    0.000000
<Jan27-2022> <12:32:36>  >>>> CORORT
<Jan27-2022> <12:32:36>  >>>> CLSMAT
<Jan27-2022> <12:32:36>  >>>> ORTHON
<Jan27-2022> <12:32:36>  >>>> GENPT
<Jan27-2022> <12:32:36>  Block Length=  72
<Jan27-2022> <12:32:36>  >>>> PTBAS
<Jan27-2022> <12:32:36>  >>>> CYCLE
<Jan27-2022> <12:32:37>              |Error|         MaxErr       Wt(A-DIIS)
<Jan27-2022> <12:32:37>      1      0.00000000      0.00000000
<Jan27-2022> <12:32:37>      2      4.48405934      3.32161898    100.0
<Jan27-2022> <12:32:37>      3      1.60718414      1.28408746    100.0
<Jan27-2022> <12:32:37>      4      0.76426456      0.62272052    100.0
<Jan27-2022> <12:32:37>      5      0.36119063      0.28553990    100.0
<Jan27-2022> <12:32:37>      6      0.14821424      0.11559867    100.0
<Jan27-2022> <12:32:37>      7      0.10108424      0.07867111     78.5
<Jan27-2022> <12:32:37>      8      0.01786531      0.01387049     13.0
<Jan27-2022> <12:32:37>      9      0.00195746      0.00153262      0.5
<Jan27-2022> <12:32:37>     10      0.00001058      0.00000730      0.0
<Jan27-2022> <12:32:37>     11      0.00000047      0.00000027      0.0
<Jan27-2022> <12:32:37>     12      0.00000003      0.00000002      0.0
<Jan27-2022> <12:32:37>     13      0.00000000      0.00000000      0.0
<Jan27-2022> <12:32:37>  SCF converged
<Jan27-2022> <12:32:37>     14      0.00000000      0.00000000      0.0
<Jan27-2022> <12:32:37>  >>>> POPAN
<Jan27-2022> <12:32:37>  >>>> DEBYE
<Jan27-2022> <12:32:37>  DIRAC 2021.102  RunTime: Jan27-2022 12:32:37  ShM Nodes: 1  Procs: 1
<Jan27-2022> <12:32:38>  Oxygen (TZ2P)
<Jan27-2022> <12:32:38>  Net Charge: 0 (Nuclei minus Electrons)
<Jan27-2022> <12:32:38>  Symmetry  : ATOM
<Jan27-2022> <12:32:38>  Coordinates
<Jan27-2022> <12:32:38>     Atom         X           Y           Z   (Angstrom)
<Jan27-2022> <12:32:38>     1.O         0.000000    0.000000    0.000000
<Jan27-2022> <12:32:38>  >>>> CORORT
<Jan27-2022> <12:32:38>  >>>> CLSMAT
<Jan27-2022> <12:32:38>  >>>> ORTHON
<Jan27-2022> <12:32:38>  >>>> GENPT
<Jan27-2022> <12:32:38>  Block Length=  68
<Jan27-2022> <12:32:38>  >>>> PTBAS
<Jan27-2022> <12:32:38>  >>>> CYCLE
<Jan27-2022> <12:32:38>              |Error|         MaxErr       Wt(A-DIIS)
<Jan27-2022> <12:32:38>      1      0.00000000      0.00000000
<Jan27-2022> <12:32:38>      2      8.77210307      5.53374266    100.0
<Jan27-2022> <12:32:38>      3      3.60058093      2.49154808    100.0
<Jan27-2022> <12:32:38>      4      1.20505529      0.62472425    100.0
<Jan27-2022> <12:32:38>      5      1.46502638      0.81213311    100.0
<Jan27-2022> <12:32:38>      6      0.15089362      0.09131786     91.2
<Jan27-2022> <12:32:38>      7      0.14397311      0.08251182     82.3
<Jan27-2022> <12:32:39>      8      0.00183259      0.00123681      0.2
<Jan27-2022> <12:32:39>      9      0.00015629      0.00008105      0.0
<Jan27-2022> <12:32:39>     10      0.00001324      0.00000629      0.0
<Jan27-2022> <12:32:39>     11      0.00000006      0.00000003      0.0
<Jan27-2022> <12:32:39>     12      0.00000000      0.00000000      0.0
<Jan27-2022> <12:32:39>  SCF converged
<Jan27-2022> <12:32:39>     13      0.00000000      0.00000000      0.0
<Jan27-2022> <12:32:39>  >>>> POPAN
<Jan27-2022> <12:32:39>  >>>> DEBYE
<Jan27-2022> <12:32:39>  DIRAC 2021.102  RunTime: Jan27-2022 12:32:39  ShM Nodes: 1  Procs: 1
<Jan27-2022> <12:32:39>  Aluminium (TZ2P)
<Jan27-2022> <12:32:40>  Net Charge: 0 (Nuclei minus Electrons)
<Jan27-2022> <12:32:40>  Symmetry  : ATOM
<Jan27-2022> <12:32:40>  Coordinates
<Jan27-2022> <12:32:40>     Atom         X           Y           Z   (Angstrom)
<Jan27-2022> <12:32:40>     1.Al        0.000000    0.000000    0.000000
<Jan27-2022> <12:32:40>  >>>> CORORT
<Jan27-2022> <12:32:40>  >>>> CLSMAT
<Jan27-2022> <12:32:40>  >>>> ORTHON
<Jan27-2022> <12:32:40>  >>>> GENPT
<Jan27-2022> <12:32:40>  Block Length=  85
<Jan27-2022> <12:32:40>  >>>> PTBAS
<Jan27-2022> <12:32:40>  >>>> CYCLE
<Jan27-2022> <12:32:40>              |Error|         MaxErr       Wt(A-DIIS)
<Jan27-2022> <12:32:40>      1      0.00000000      0.00000000
<Jan27-2022> <12:32:40>      2     19.74689819      6.61645761    100.0
<Jan27-2022> <12:32:40>      3     10.72432514      6.35631794    100.0
<Jan27-2022> <12:32:40>      4      2.19038492      0.99968242    100.0
<Jan27-2022> <12:32:40>      5      0.76321691      0.32187913    100.0
<Jan27-2022> <12:32:40>      6      0.33480690      0.13581213    100.0
<Jan27-2022> <12:32:40>      7      0.15853080      0.06474515     64.4
<Jan27-2022> <12:32:41>      8      0.05033297      0.02051010     19.7
<Jan27-2022> <12:32:41>      9      0.00512670      0.00207383      1.1
<Jan27-2022> <12:32:41>     10      0.00006945      0.00003398      0.0
<Jan27-2022> <12:32:41>     11      0.00000191      0.00000123      0.0
<Jan27-2022> <12:32:41>     12      0.00000003      0.00000002      0.0
<Jan27-2022> <12:32:41>     13      0.00000000      0.00000000      0.0
<Jan27-2022> <12:32:41>  SCF converged
<Jan27-2022> <12:32:41>     14      0.00000000      0.00000000      0.0
<Jan27-2022> <12:32:41>  >>>> POPAN
<Jan27-2022> <12:32:41>  >>>> DEBYE
<Jan27-2022> <12:32:41>  DIRAC 2021.102  RunTime: Jan27-2022 12:32:41  ShM Nodes: 1  Procs: 1
<Jan27-2022> <12:32:41>  Fluorine (TZ2P)
<Jan27-2022> <12:32:41>  Net Charge: 0 (Nuclei minus Electrons)
<Jan27-2022> <12:32:41>  Symmetry  : ATOM
<Jan27-2022> <12:32:41>  Coordinates
<Jan27-2022> <12:32:41>     Atom         X           Y           Z   (Angstrom)
<Jan27-2022> <12:32:41>     1.F         0.000000    0.000000    0.000000
<Jan27-2022> <12:32:42>  >>>> CORORT
<Jan27-2022> <12:32:42>  >>>> CLSMAT
<Jan27-2022> <12:32:42>  >>>> ORTHON
<Jan27-2022> <12:32:42>  >>>> GENPT
<Jan27-2022> <12:32:42>  Block Length=  76
<Jan27-2022> <12:32:42>  >>>> PTBAS
<Jan27-2022> <12:32:42>  >>>> CYCLE
<Jan27-2022> <12:32:42>              |Error|         MaxErr       Wt(A-DIIS)
<Jan27-2022> <12:32:42>      1      0.00000000      0.00000000
<Jan27-2022> <12:32:42>      2     11.39970762      4.85721148    100.0
<Jan27-2022> <12:32:42>      3      5.17310012      3.16632108    100.0
<Jan27-2022> <12:32:42>      4      1.04882283      0.49392043    100.0
<Jan27-2022> <12:32:42>      5      1.72142161      0.84736739    100.0
<Jan27-2022> <12:32:42>      6      0.21842580      0.10780687    100.0
<Jan27-2022> <12:32:42>      7      0.28524155      0.13554881    100.0
<Jan27-2022> <12:32:42>      8      0.02856437      0.01389479     13.0
<Jan27-2022> <12:32:42>      9      0.00489297      0.00234741      1.4
<Jan27-2022> <12:32:42>     10      0.00009261      0.00004462      0.0
<Jan27-2022> <12:32:42>     11      0.00000010      0.00000005      0.0
<Jan27-2022> <12:32:42>     12      0.00000000      0.00000000      0.0
<Jan27-2022> <12:32:42>  SCF converged
<Jan27-2022> <12:32:42>     13      0.00000000      0.00000000      0.0
<Jan27-2022> <12:32:42>  >>>> POPAN
<Jan27-2022> <12:32:42>  >>>> DEBYE
<Jan27-2022> <12:32:42>  *** GOStep1 ***
<Jan27-2022> <12:32:42>  >>>> FRAGM
<Jan27-2022> <12:32:43>  Coordinates
<Jan27-2022> <12:32:43>     Atom         X           Y           Z   (Angstrom)
<Jan27-2022> <12:32:43>     1.H        -0.620561   -0.037647   -0.080237
<Jan27-2022> <12:32:43>     2.C        -0.096595   -2.029480   -0.548834
<Jan27-2022> <12:32:43>     3.C         0.182665   -0.752196   -0.265123
<Jan27-2022> <12:32:43>     4.C         1.559289   -0.220140   -0.182914
<Jan27-2022> <12:32:43>     5.O         1.866357    0.933659    0.071805
<Jan27-2022> <12:32:43>     6.H         0.696953   -2.746124   -0.736266
<Jan27-2022> <12:32:43>     7.C        -4.193063   -3.450453   -0.756934
<Jan27-2022> <12:32:43>     8.C        -3.406472   -3.743152    0.364172
<Jan27-2022> <12:32:43>     9.C        -2.084878   -3.284721    0.431309
<Jan27-2022> <12:32:43>    10.C        -1.549875   -2.533590   -0.622661
<Jan27-2022> <12:32:43>    11.C        -2.336465   -2.240892   -1.743768
<Jan27-2022> <12:32:43>    12.C        -3.658060   -2.699323   -1.810904
<Jan27-2022> <12:32:43>    13.H        -3.815871   -4.317937    1.170698
<Jan27-2022> <12:32:43>    14.H        -1.482958   -3.508702    1.289210
<Jan27-2022> <12:32:43>    15.H        -1.927067   -1.666107   -2.550294
<Jan27-2022> <12:32:43>    16.H        -4.259980   -2.475342   -2.668805
<Jan27-2022> <12:32:43>    17.H        -5.204382   -3.801257   -0.808309
<Jan27-2022> <12:32:43>    18.H         2.325141   -0.943334   -0.370959
<Jan27-2022> <12:32:43>    19.Al        1.851031    2.466110    0.807575
<Jan27-2022> <12:32:43>    20.F         1.062467    1.848449    2.077604
<Jan27-2022> <12:32:43>    21.F         1.022324    3.060595   -0.447872
<Jan27-2022> <12:32:43>    22.F         3.468301    2.489287    0.792992
<Jan27-2022> <12:32:43>  >>>> CORORT
<Jan27-2022> <12:32:43>  >>>> CLSMAT
<Jan27-2022> <12:32:43>  >>>> ORTHON
<Jan27-2022> <12:32:43>  >>>> GENPT
<Jan27-2022> <12:32:44>  Block Length= 128
<Jan27-2022> <12:32:45>  >>>> PTBAS
<Jan27-2022> <12:33:30>  >>>> CYCLE
<Jan27-2022> <12:35:01>              |Error|         MaxErr       Wt(A-DIIS)
<Jan27-2022> <12:35:01>      1      8.60044768      1.10885711
<Jan27-2022> <12:36:06>      2      1.56094703      0.22698813    100.0
<Jan27-2022> <12:37:11>      3      0.80147763      0.11560912    100.0
<Jan27-2022> <12:38:21>      4      1.41847472      0.23200024    100.0
<Jan27-2022> <12:39:28>      5      0.20989111      0.02138698     20.6
<Jan27-2022> <12:40:36>      6      0.16391268      0.03745557     20.6
<Jan27-2022> <12:41:45>      7      0.06771292      0.01494595     14.1
<Jan27-2022> <12:42:53>      8      0.02345832      0.00437038      3.4
<Jan27-2022> <12:44:05>      9      0.00791460      0.00206035      1.1
<Jan27-2022> <12:45:15>     10      0.00158610      0.00016587      0.0
<Jan27-2022> <12:46:26>     11      0.00069132      0.00006615      0.0
<Jan27-2022> <12:47:35>     12      0.00021356      0.00002090      0.0
<Jan27-2022> <12:48:47>     13      0.00005826      0.00000493      0.0
<Jan27-2022> <12:49:57>     14      0.00001105      0.00000156      0.0
<Jan27-2022> <12:51:07>     15      0.00000924      0.00000144      0.0
<Jan27-2022> <12:52:17>     16      0.00000197      0.00000041      0.0
<Jan27-2022> <12:52:44>  SCF converged
<Jan27-2022> <12:53:26>     17      0.00000095      0.00000008      0.0
<Jan27-2022> <12:53:56>  >>>> TOTEN
<Jan27-2022> <12:55:22>  >>>> POPAN
<Jan27-2022> <12:55:22>  >>>> DEBYE
<Jan27-2022> <12:55:22>  >>>> ENGRAD
<Jan27-2022> <12:58:29>  current energy                               -4.84673084 Hartree
<Jan27-2022> <12:58:29>  energy change                      -4.84673084     0.00022000    F
<Jan27-2022> <12:58:29>  constrained gradient max            0.15774157     0.00100000    F
<Jan27-2022> <12:58:29>  constrained gradient rms            0.03484774     0.00066667    F
<Jan27-2022> <12:58:29>  gradient max                        0.15774157
<Jan27-2022> <12:58:29>  gradient rms                        0.03484774
<Jan27-2022> <12:58:29>  cart. step max                      0.14258433     0.01000000    F
<Jan27-2022> <12:58:29>  cart. step rms                      0.03618685     0.00666667    F
<Jan27-2022> <12:58:29>  Iteration 2
<Jan27-2022> <12:58:30>  *** GOStep2 ***
<Jan27-2022> <12:58:31>  >>>> FRAGM
<Jan27-2022> <12:58:31>  Coordinates
<Jan27-2022> <12:58:31>     Atom         X           Y           Z   (Angstrom)
<Jan27-2022> <12:58:31>     1.H        -0.616122   -0.043896   -0.090974
<Jan27-2022> <12:58:31>     2.C        -0.118092   -2.049836   -0.557233
<Jan27-2022> <12:58:31>     3.C         0.174825   -0.770587   -0.276871
<Jan27-2022> <12:58:31>     4.C         1.555920   -0.269109   -0.203585
<Jan27-2022> <12:58:31>     5.O         1.879751    0.884576    0.047124
<Jan27-2022> <12:58:31>     6.H         0.672747   -2.772565   -0.744298
<Jan27-2022> <12:58:31>     7.C        -4.201193   -3.463590   -0.758591
<Jan27-2022> <12:58:31>     8.C        -3.414064   -3.755426    0.360076
<Jan27-2022> <12:58:31>     9.C        -2.093888   -3.299188    0.425991
<Jan27-2022> <12:58:31>    10.C        -1.559755   -2.548868   -0.628639
<Jan27-2022> <12:58:31>    11.C        -2.347865   -2.256853   -1.748429
<Jan27-2022> <12:58:31>    12.C        -3.667806   -2.714653   -1.812245
<Jan27-2022> <12:58:31>    13.H        -3.824305   -4.331846    1.171598
<Jan27-2022> <12:58:31>    14.H        -1.488956   -3.524436    1.287583
<Jan27-2022> <12:58:31>    15.H        -1.938160   -1.680284   -2.559907
<Jan27-2022> <12:58:31>    16.H        -4.273296   -2.489729   -2.673585
<Jan27-2022> <12:58:31>    17.H        -5.217521   -3.815440   -0.808491
<Jan27-2022> <12:58:31>    18.H         2.320265   -1.009977   -0.394192
<Jan27-2022> <12:58:31>    19.Al        1.888767    2.460849    0.794157
<Jan27-2022> <12:58:31>    20.F         1.087829    1.987798    2.141467
<Jan27-2022> <12:58:31>    21.F         1.061672    3.203179   -0.407867
<Jan27-2022> <12:58:31>    22.F         3.517549    2.607584    0.848396
<Jan27-2022> <12:58:32>  >>>> CORORT
<Jan27-2022> <12:58:32>  >>>> CLSMAT
<Jan27-2022> <12:58:32>  >>>> ORTHON
<Jan27-2022> <12:58:32>  >>>> GENPT
<Jan27-2022> <12:58:33>  Block Length= 128
<Jan27-2022> <12:58:35>  >>>> PTBAS
<Jan27-2022> <12:59:19>  >>>> CYCLE
<Jan27-2022> <13:00:05>  using orbital data from restart file
<Jan27-2022> <13:00:48>              |Error|         MaxErr       Wt(A-DIIS)
<Jan27-2022> <13:00:48>      1      0.34212927      0.10653868
<Jan27-2022> <13:01:57>      2      0.06383526      0.01190354    100.0
<Jan27-2022> <13:03:08>      3      0.18876341      0.03988976    100.0
<Jan27-2022> <13:04:18>      4      0.05040883      0.01026813      9.4
<Jan27-2022> <13:05:28>      5      0.00955360      0.00094556      0.0
<Jan27-2022> <13:06:38>      6      0.00222325      0.00029658      0.0
<Jan27-2022> <13:07:49>      7      0.00091282      0.00012339      0.0
<Jan27-2022> <13:09:00>      8      0.00030107      0.00005840      0.0
<Jan27-2022> <13:10:09>      9      0.00011423      0.00002252      0.0
<Jan27-2022> <13:11:20>     10      0.00002412      0.00000428      0.0
<Jan27-2022> <13:12:28>     11      0.00000817      0.00000198      0.0
<Jan27-2022> <13:13:38>     12      0.00000258      0.00000058      0.0
<Jan27-2022> <13:14:05>  SCF converged
<Jan27-2022> <13:14:47>     13      0.00000088      0.00000012      0.0
<Jan27-2022> <13:15:14>  >>>> TOTEN
<Jan27-2022> <13:16:42>  >>>> POPAN
<Jan27-2022> <13:16:42>  >>>> DEBYE
<Jan27-2022> <13:16:42>  >>>> ENGRAD
<Jan27-2022> <13:19:47>  current energy                               -4.87694224 Hartree
<Jan27-2022> <13:19:47>  energy change                      -0.03021141     0.00022000    F
<Jan27-2022> <13:19:47>  constrained gradient max            0.09394979     0.00100000    F
<Jan27-2022> <13:19:47>  constrained gradient rms            0.02249817     0.00066667    F
<Jan27-2022> <13:19:47>  gradient max                        0.09394979
<Jan27-2022> <13:19:47>  gradient rms                        0.02249817
<Jan27-2022> <13:19:47>  cart. step max                      0.21075963     0.01000000    F
<Jan27-2022> <13:19:47>  cart. step rms                      0.06241371     0.00666667    F
<Jan27-2022> <13:19:47>  Iteration 3
<Jan27-2022> <13:19:48>  *** GOStep3 ***
<Jan27-2022> <13:19:48>  >>>> FRAGM
<Jan27-2022> <13:19:48>  Coordinates
<Jan27-2022> <13:19:48>     Atom         X           Y           Z   (Angstrom)
<Jan27-2022> <13:19:48>     1.H        -0.609157   -0.007167   -0.112619
<Jan27-2022> <13:19:48>     2.C        -0.160129   -2.051585   -0.522463
<Jan27-2022> <13:19:48>     3.C         0.156140   -0.764721   -0.272859
<Jan27-2022> <13:19:48>     4.C         1.544251   -0.340837   -0.192639
<Jan27-2022> <13:19:48>     5.O         1.905984    0.816741    0.025511
<Jan27-2022> <13:19:48>     6.H         0.633648   -2.785771   -0.668548
<Jan27-2022> <13:19:48>     7.C        -4.200246   -3.491082   -0.769827
<Jan27-2022> <13:19:48>     8.C        -3.399821   -3.835685    0.320901
<Jan27-2022> <13:19:48>     9.C        -2.083238   -3.380677    0.397173
<Jan27-2022> <13:19:48>    10.C        -1.570817   -2.552502   -0.609895
<Jan27-2022> <13:19:48>    11.C        -2.375106   -2.205304   -1.702891
<Jan27-2022> <13:19:48>    12.C        -3.684766   -2.681068   -1.782514
<Jan27-2022> <13:19:48>    13.H        -3.799615   -4.458750    1.113042
<Jan27-2022> <13:19:48>    14.H        -1.465344   -3.650747    1.246034
<Jan27-2022> <13:19:48>    15.H        -1.980166   -1.570744   -2.487783
<Jan27-2022> <13:19:48>    16.H        -4.303781   -2.411179   -2.630755
<Jan27-2022> <13:19:48>    17.H        -5.221311   -3.851013   -0.829157
<Jan27-2022> <13:19:48>    18.H         2.304488   -1.117005   -0.351106
<Jan27-2022> <13:19:48>    19.Al        1.927337    2.477659    0.725634
<Jan27-2022> <13:19:48>    20.F         1.009599    2.198557    2.084056
<Jan27-2022> <13:19:48>    21.F         1.212255    3.319534   -0.516066
<Jan27-2022> <13:19:48>    22.F         3.558097    2.691047    0.948254
<Jan27-2022> <13:19:48>  >>>> CORORT
<Jan27-2022> <13:19:48>  >>>> CLSMAT
<Jan27-2022> <13:19:48>  >>>> ORTHON
<Jan27-2022> <13:19:48>  >>>> GENPT
<Jan27-2022> <13:19:49>  Block Length= 128
<Jan27-2022> <13:19:51>  >>>> PTBAS
<Jan27-2022> <13:20:35>  >>>> CYCLE
<Jan27-2022> <13:21:22>  using orbital data from restart file
<Jan27-2022> <13:22:04>              |Error|         MaxErr       Wt(A-DIIS)
<Jan27-2022> <13:22:04>      1      0.45889786      0.12875852
<Jan27-2022> <13:23:11>      2      0.10149658      0.01928255    100.0
<Jan27-2022> <13:24:20>      3      0.30871176      0.07105847    100.0
<Jan27-2022> <13:25:28>      4      0.08281233      0.01745676     16.6
<Jan27-2022> <13:26:36>      5      0.01590615      0.00187893      0.9
<Jan27-2022> <13:27:46>      6      0.00470914      0.00061659      0.0
<Jan27-2022> <13:28:54>      7      0.00173784      0.00025926      0.0
<Jan27-2022> <13:30:03>      8      0.00038697      0.00007849      0.0
<Jan27-2022> <13:31:10>      9      0.00021732      0.00004951      0.0
<Jan27-2022> <13:32:17>     10      0.00004954      0.00000854      0.0
<Jan27-2022> <13:33:25>     11      0.00001662      0.00000407      0.0
<Jan27-2022> <13:34:31>     12      0.00000581      0.00000098      0.0
<Jan27-2022> <13:34:58>  SCF converged
<Jan27-2022> <13:35:39>     13      0.00000119      0.00000017      0.0
<Jan27-2022> <13:36:05>  >>>> TOTEN
<Jan27-2022> <13:37:27>  >>>> POPAN
<Jan27-2022> <13:37:27>  >>>> DEBYE
<Jan27-2022> <13:37:27>  >>>> ENGRAD
<Jan27-2022> <13:40:26>  current energy                               -4.89458274 Hartree
<Jan27-2022> <13:40:26>  energy change                      -0.01764050     0.00022000    F
<Jan27-2022> <13:40:26>  constrained gradient max            0.05070693     0.00100000    F
<Jan27-2022> <13:40:26>  constrained gradient rms            0.01090112     0.00066667    F
<Jan27-2022> <13:40:26>  gradient max                        0.05070693
<Jan27-2022> <13:40:26>  gradient rms                        0.01090112
<Jan27-2022> <13:40:26>  cart. step max                      0.21134526     0.01000000    F
<Jan27-2022> <13:40:26>  cart. step rms                      0.08863375     0.00666667    F
<Jan27-2022> <13:40:26>  Iteration 4
<Jan27-2022> <13:40:27>  *** GOStep4 ***
<Jan27-2022> <13:40:28>  >>>> FRAGM
<Jan27-2022> <13:40:28>  Coordinates
<Jan27-2022> <13:40:28>     Atom         X           Y           Z   (Angstrom)
<Jan27-2022> <13:40:28>     1.H        -0.593817    0.033426   -0.169497
<Jan27-2022> <13:40:28>     2.C        -0.197317   -2.052312   -0.453039
<Jan27-2022> <13:40:28>     3.C         0.147273   -0.756643   -0.263309
<Jan27-2022> <13:40:28>     4.C         1.537018   -0.393028   -0.167911
<Jan27-2022> <13:40:28>     5.O         1.945347    0.760915    0.009578
<Jan27-2022> <13:40:28>     6.H         0.598104   -2.798427   -0.530220
<Jan27-2022> <13:40:28>     7.C        -4.199582   -3.518317   -0.787333
<Jan27-2022> <13:40:28>     8.C        -3.377017   -3.953385    0.252574
<Jan27-2022> <13:40:28>     9.C        -2.069478   -3.484479    0.357478
<Jan27-2022> <13:40:28>    10.C        -1.580827   -2.551182   -0.569901
<Jan27-2022> <13:40:28>    11.C        -2.413067   -2.111607   -1.610482
<Jan27-2022> <13:40:28>    12.C        -3.713497   -2.602346   -1.719422
<Jan27-2022> <13:40:28>    13.H        -3.752648   -4.664084    0.986010
<Jan27-2022> <13:40:28>    14.H        -1.431904   -3.833158    1.167169
<Jan27-2022> <13:40:28>    15.H        -2.039687   -1.395331   -2.338545
<Jan27-2022> <13:40:28>    16.H        -4.347834   -2.264500   -2.536480
<Jan27-2022> <13:40:28>    17.H        -5.217185   -3.894358   -0.871385
<Jan27-2022> <13:40:28>    18.H         2.284918   -1.204809   -0.242455
<Jan27-2022> <13:40:28>    19.Al        1.960011    2.505568    0.630416
<Jan27-2022> <13:40:28>    20.F         0.876793    2.403713    1.911214
<Jan27-2022> <13:40:28>    21.F         1.423601    3.368172   -0.705365
<Jan27-2022> <13:40:28>    22.F         3.559097    2.753874    1.062389
<Jan27-2022> <13:40:28>  >>>> CORORT
<Jan27-2022> <13:40:28>  >>>> CLSMAT
<Jan27-2022> <13:40:28>  >>>> ORTHON
<Jan27-2022> <13:40:29>  >>>> GENPT
<Jan27-2022> <13:40:29>  Block Length= 128
<Jan27-2022> <13:40:31>  >>>> PTBAS
<Jan27-2022> <13:41:15>  >>>> CYCLE
<Jan27-2022> <13:42:01>  using orbital data from restart file
<Jan27-2022> <13:42:43>              |Error|         MaxErr       Wt(A-DIIS)
<Jan27-2022> <13:42:43>      1      0.54704938      0.11380495
<Jan27-2022> <13:43:52>      2      0.10168604      0.01667440    100.0
<Jan27-2022> <13:45:01>      3      0.24867350      0.05513242    100.0
<Jan27-2022> <13:46:09>      4      0.04932735      0.00737912      6.4
<Jan27-2022> <13:47:19>      5      0.01923668      0.00301277      2.0
<Jan27-2022> <13:48:25>      6      0.00649910      0.00074937      0.0
<Jan27-2022> <13:49:37>      7      0.00200082      0.00032408      0.0
<Jan27-2022> <13:50:45>      8      0.00053742      0.00009638      0.0
<Jan27-2022> <13:51:53>      9      0.00016057      0.00002526      0.0
<Jan27-2022> <13:53:01>     10      0.00007591      0.00001243      0.0
<Jan27-2022> <13:54:09>     11      0.00001921      0.00000360      0.0
<Jan27-2022> <13:55:20>     12      0.00000920      0.00000119      0.0
<Jan27-2022> <13:56:28>     13      0.00000115      0.00000020      0.0
<Jan27-2022> <13:56:57>  SCF converged
<Jan27-2022> <13:57:39>     14      0.00000075      0.00000016      0.0
<Jan27-2022> <13:58:06>  >>>> TOTEN
<Jan27-2022> <13:59:32>  >>>> POPAN
<Jan27-2022> <13:59:32>  >>>> DEBYE
<Jan27-2022> <13:59:33>  >>>> ENGRAD
<Jan27-2022> <14:02:39>  current energy                               -4.90079737 Hartree
<Jan27-2022> <14:02:39>  energy change                      -0.00621463     0.00022000    F
<Jan27-2022> <14:02:39>  constrained gradient max            0.02141730     0.00100000    F
<Jan27-2022> <14:02:39>  constrained gradient rms            0.00505170     0.00066667    F
<Jan27-2022> <14:02:39>  gradient max                        0.02141730
<Jan27-2022> <14:02:39>  gradient rms                        0.00505170
<Jan27-2022> <14:02:39>  cart. step max                      0.19744201     0.01000000    F
<Jan27-2022> <14:02:39>  cart. step rms                      0.08293330     0.00666667    F
<Jan27-2022> <14:02:39>  Iteration 5
<Jan27-2022> <14:02:40>  *** GOStep5 ***
<Jan27-2022> <14:02:41>  >>>> FRAGM
<Jan27-2022> <14:02:41>  Coordinates
<Jan27-2022> <14:02:41>     Atom         X           Y           Z   (Angstrom)
<Jan27-2022> <14:02:41>     1.H        -0.574334    0.040738   -0.209609
<Jan27-2022> <14:02:41>     2.C        -0.206765   -2.064552   -0.390833
<Jan27-2022> <14:02:41>     3.C         0.154002   -0.765395   -0.241728
<Jan27-2022> <14:02:41>     4.C         1.541628   -0.428211   -0.098116
<Jan27-2022> <14:02:41>     5.O         1.971786    0.726748    0.028137
<Jan27-2022> <14:02:41>     6.H         0.584252   -2.820122   -0.397165
<Jan27-2022> <14:02:41>     7.C        -4.198967   -3.516861   -0.801868
<Jan27-2022> <14:02:41>     8.C        -3.355371   -4.046475    0.175692
<Jan27-2022> <14:02:41>     9.C        -2.047115   -3.586757    0.298042
<Jan27-2022> <14:02:41>    10.C        -1.579823   -2.557502   -0.536667
<Jan27-2022> <14:02:41>    11.C        -2.436190   -2.023056   -1.513256
<Jan27-2022> <14:02:41>    12.C        -3.733871   -2.512129   -1.649339
<Jan27-2022> <14:02:41>    13.H        -3.714679   -4.826873    0.844965
<Jan27-2022> <14:02:41>    14.H        -1.392724   -4.010466    1.058240
<Jan27-2022> <14:02:41>    15.H        -2.079485   -1.236160   -2.174908
<Jan27-2022> <14:02:41>    16.H        -4.384285   -2.100105   -2.419548
<Jan27-2022> <14:02:41>    17.H        -5.217113   -3.889444   -0.903960
<Jan27-2022> <14:02:41>    18.H         2.280520   -1.254051   -0.121379
<Jan27-2022> <14:02:41>    19.Al        1.958186    2.530380    0.534944
<Jan27-2022> <14:02:41>    20.F         0.752326    2.546895    1.713772
<Jan27-2022> <14:02:41>    21.F         1.566488    3.326199   -0.895723
<Jan27-2022> <14:02:41>    22.F         3.509833    2.814903    1.111791
<Jan27-2022> <14:02:41>  >>>> CORORT
<Jan27-2022> <14:02:41>  >>>> CLSMAT
<Jan27-2022> <14:02:41>  >>>> ORTHON
<Jan27-2022> <14:02:41>  >>>> GENPT
<Jan27-2022> <14:02:42>  Block Length= 128
<Jan27-2022> <14:02:44>  >>>> PTBAS
<Jan27-2022> <14:03:29>  >>>> CYCLE
<Jan27-2022> <14:04:18>  using orbital data from restart file
<Jan27-2022> <14:05:02>              |Error|         MaxErr       Wt(A-DIIS)
<Jan27-2022> <14:05:02>      1      0.46888769      0.08296140
<Jan27-2022> <14:06:13>      2      0.07044483      0.00899344    100.0
<Jan27-2022> <14:07:24>      3      0.12756542      0.02640250    100.0
<Jan27-2022> <14:08:36>      4      0.03364352      0.00459544      3.6
<Jan27-2022> <14:09:47>      5      0.01547150      0.00195805      1.0
<Jan27-2022> <14:10:57>      6      0.00411135      0.00051269      0.0
<Jan27-2022> <14:12:07>      7      0.00148446      0.00021594      0.0
<Jan27-2022> <14:13:18>      8      0.00046277      0.00007480      0.0
<Jan27-2022> <14:14:28>      9      0.00010269      0.00002082      0.0
<Jan27-2022> <14:15:39>     10      0.00004783      0.00000960      0.0
<Jan27-2022> <14:16:51>     11      0.00000839      0.00000164      0.0
<Jan27-2022> <14:18:01>     12      0.00000539      0.00000093      0.0
<Jan27-2022> <14:18:27>  SCF converged
<Jan27-2022> <14:19:10>     13      0.00000111      0.00000011      0.0
<Jan27-2022> <14:19:37>  >>>> TOTEN
<Jan27-2022> <14:21:03>  >>>> POPAN
<Jan27-2022> <14:21:03>  >>>> DEBYE
<Jan27-2022> <14:21:04>  >>>> ENGRAD
<Jan27-2022> <14:24:09>  current energy                               -4.90356898 Hartree
<Jan27-2022> <14:24:09>  energy change                      -0.00277162     0.00022000    F
<Jan27-2022> <14:24:09>  constrained gradient max            0.01992614     0.00100000    F
<Jan27-2022> <14:24:09>  constrained gradient rms            0.00444125     0.00066667    F
<Jan27-2022> <14:24:09>  gradient max                        0.01992614
<Jan27-2022> <14:24:09>  gradient rms                        0.00444125
<Jan27-2022> <14:24:09>  cart. step max                      0.19910232     0.01000000    F
<Jan27-2022> <14:24:09>  cart. step rms                      0.07040934     0.00666667    F
<Jan27-2022> <14:24:09>  Iteration 6
<Jan27-2022> <14:24:10>  *** GOStep6 ***
<Jan27-2022> <14:24:10>  >>>> FRAGM
<Jan27-2022> <14:24:10>  Coordinates
<Jan27-2022> <14:24:10>     Atom         X           Y           Z   (Angstrom)
<Jan27-2022> <14:24:10>     1.H        -0.549085    0.045953   -0.251450
<Jan27-2022> <14:24:10>     2.C        -0.212757   -2.072805   -0.337178
<Jan27-2022> <14:24:10>     3.C         0.165945   -0.772074   -0.230631
<Jan27-2022> <14:24:10>     4.C         1.551792   -0.452204   -0.060525
<Jan27-2022> <14:24:10>     5.O         2.000590    0.700187    0.038394
<Jan27-2022> <14:24:10>     6.H         0.569862   -2.835271   -0.283040
<Jan27-2022> <14:24:10>     7.C        -4.197322   -3.511017   -0.809032
<Jan27-2022> <14:24:10>     8.C        -3.334925   -4.114161    0.108323
<Jan27-2022> <14:24:10>     9.C        -2.027349   -3.659170    0.244520
<Jan27-2022> <14:24:10>    10.C        -1.577811   -2.558836   -0.508198
<Jan27-2022> <14:24:10>    11.C        -2.455363   -1.952841   -1.424873
<Jan27-2022> <14:24:10>    12.C        -3.751453   -2.437813   -1.580211
<Jan27-2022> <14:24:10>    13.H        -3.679047   -4.949252    0.717106
<Jan27-2022> <14:24:10>    14.H        -1.357634   -4.140778    0.955679
<Jan27-2022> <14:24:10>    15.H        -2.112885   -1.114352   -2.028236
<Jan27-2022> <14:24:10>    16.H        -4.415673   -1.970412   -2.305976
<Jan27-2022> <14:24:10>    17.H        -5.214945   -3.881331   -0.925537
<Jan27-2022> <14:24:10>    18.H         2.277555   -1.289442   -0.014548
<Jan27-2022> <14:24:10>    19.Al        1.948723    2.543029    0.458436
<Jan27-2022> <14:24:10>    20.F         0.632337    2.627231    1.514669
<Jan27-2022> <14:24:10>    21.F         1.700583    3.277600   -1.038753
<Jan27-2022> <14:24:10>    22.F         3.437164    2.865461    1.172545
<Jan27-2022> <14:24:10>  >>>> CORORT
<Jan27-2022> <14:24:10>  >>>> CLSMAT
<Jan27-2022> <14:24:10>  >>>> ORTHON
<Jan27-2022> <14:24:11>  >>>> GENPT
<Jan27-2022> <14:24:11>  Block Length= 128
<Jan27-2022> <14:24:13>  >>>> PTBAS
<Jan27-2022> <14:24:59>  >>>> CYCLE
<Jan27-2022> <14:25:47>  using orbital data from restart file
<Jan27-2022> <14:26:30>              |Error|         MaxErr       Wt(A-DIIS)
<Jan27-2022> <14:26:30>      1      0.39975107      0.08011273
<Jan27-2022> <14:27:39>      2      0.05379234      0.00629157    100.0
<Jan27-2022> <14:28:50>      3      0.09032325      0.01805477    100.0
<Jan27-2022> <14:29:59>      4      0.02863000      0.00466672      3.7
<Jan27-2022> <14:31:10>      5      0.01223621      0.00157833      0.6
<Jan27-2022> <14:32:18>      6      0.00276747      0.00035462      0.0
<Jan27-2022> <14:33:28>      7      0.00118807      0.00012598      0.0
<Jan27-2022> <14:34:37>      8      0.00038212      0.00005122      0.0
<Jan27-2022> <14:35:47>      9      0.00008542      0.00001371      0.0
<Jan27-2022> <14:36:58>     10      0.00003834      0.00000635      0.0
<Jan27-2022> <14:38:06>     11      0.00001049      0.00000143      0.0
<Jan27-2022> <14:39:18>     12      0.00000615      0.00000111      0.0
<Jan27-2022> <14:40:27>     13      0.00000077      0.00000014      0.0
<Jan27-2022> <14:40:55>  SCF converged
<Jan27-2022> <14:41:38>     14      0.00000063      0.00000013      0.0
<Jan27-2022> <14:42:05>  >>>> TOTEN
<Jan27-2022> <14:43:32>  >>>> POPAN
<Jan27-2022> <14:43:32>  >>>> DEBYE
<Jan27-2022> <14:43:32>  >>>> ENGRAD
<Jan27-2022> <14:46:41>  current energy                               -4.90582117 Hartree
<Jan27-2022> <14:46:41>  energy change                      -0.00225219     0.00022000    F
<Jan27-2022> <14:46:41>  constrained gradient max            0.01785400     0.00100000    F
<Jan27-2022> <14:46:41>  constrained gradient rms            0.00423837     0.00066667    F
<Jan27-2022> <14:46:41>  gradient max                        0.01785400
<Jan27-2022> <14:46:41>  gradient rms                        0.00423837
<Jan27-2022> <14:46:41>  cart. step max                      0.20081933     0.01000000    F
<Jan27-2022> <14:46:41>  cart. step rms                      0.06403372     0.00666667    F
<Jan27-2022> <14:46:41>  Iteration 7
<Jan27-2022> <14:46:42>  *** GOStep7 ***
<Jan27-2022> <14:46:43>  >>>> FRAGM
<Jan27-2022> <14:46:43>  Coordinates
<Jan27-2022> <14:46:43>     Atom         X           Y           Z   (Angstrom)
<Jan27-2022> <14:46:43>     1.H        -0.518652    0.049600   -0.278731
<Jan27-2022> <14:46:43>     2.C        -0.215532   -2.077751   -0.293784
<Jan27-2022> <14:46:43>     3.C         0.182012   -0.778378   -0.214484
<Jan27-2022> <14:46:43>     4.C         1.564956   -0.473129   -0.010527
<Jan27-2022> <14:46:43>     5.O         2.032063    0.675455    0.060207
<Jan27-2022> <14:46:43>     6.H         0.555301   -2.846437   -0.189350
<Jan27-2022> <14:46:43>     7.C        -4.194905   -3.502234   -0.813081
<Jan27-2022> <14:46:43>     8.C        -3.313970   -4.165913    0.043619
<Jan27-2022> <14:46:43>     9.C        -2.007899   -3.712374    0.190799
<Jan27-2022> <14:46:43>    10.C        -1.575048   -2.555345   -0.486258
<Jan27-2022> <14:46:43>    11.C        -2.473277   -1.891980   -1.344255
<Jan27-2022> <14:46:43>    12.C        -3.768171   -2.372644   -1.512809
<Jan27-2022> <14:46:43>    13.H        -3.643023   -5.046001    0.593879
<Jan27-2022> <14:46:43>    14.H        -1.323061   -4.240224    0.852682
<Jan27-2022> <14:46:43>    15.H        -2.145051   -1.012865   -1.894569
<Jan27-2022> <14:46:43>    16.H        -4.446357   -1.860679   -2.193646
<Jan27-2022> <14:46:43>    17.H        -5.211688   -3.870464   -0.940258
<Jan27-2022> <14:46:43>    18.H         2.276912   -1.317872    0.079116
<Jan27-2022> <14:46:43>    19.Al        1.933012    2.548810    0.388305
<Jan27-2022> <14:46:43>    20.F         0.523058    2.672252    1.313850
<Jan27-2022> <14:46:43>    21.F         1.819932    3.208146   -1.159919
<Jan27-2022> <14:46:43>    22.F         3.347691    2.917731    1.220699
<Jan27-2022> <14:46:43>  >>>> CORORT
<Jan27-2022> <14:46:43>  >>>> CLSMAT
<Jan27-2022> <14:46:43>  >>>> ORTHON
<Jan27-2022> <14:46:44>  >>>> GENPT
<Jan27-2022> <14:46:44>  Block Length= 128
<Jan27-2022> <14:46:46>  >>>> PTBAS
<Jan27-2022> <14:47:32>  >>>> CYCLE
<Jan27-2022> <14:48:18>  using orbital data from restart file
<Jan27-2022> <14:49:02>              |Error|         MaxErr       Wt(A-DIIS)
<Jan27-2022> <14:49:02>      1      0.36395458      0.07438905
<Jan27-2022> <14:50:13>      2      0.04560803      0.00542947    100.0
<Jan27-2022> <14:51:23>      3      0.07031505      0.01277779    100.0
<Jan27-2022> <14:52:32>      4      0.02580222      0.00482494      3.9
<Jan27-2022> <14:53:42>      5      0.01091191      0.00164571      0.7
<Jan27-2022> <14:54:51>      6      0.00212925      0.00032657      0.0
<Jan27-2022> <14:56:02>      7      0.00098250      0.00008343      0.0
<Jan27-2022> <14:57:14>      8      0.00034243      0.00003916      0.0
<Jan27-2022> <14:58:25>      9      0.00007795      0.00001100      0.0
<Jan27-2022> <14:59:35>     10      0.00003347      0.00000540      0.0
<Jan27-2022> <15:00:46>     11      0.00000939      0.00000141      0.0
<Jan27-2022> <15:01:56>     12      0.00000559      0.00000093      0.0
<Jan27-2022> <15:02:23>  SCF converged
<Jan27-2022> <15:03:05>     13      0.00000074      0.00000014      0.0
<Jan27-2022> <15:03:33>  >>>> TOTEN
<Jan27-2022> <15:04:59>  >>>> POPAN
<Jan27-2022> <15:04:59>  >>>> DEBYE
<Jan27-2022> <15:04:59>  >>>> ENGRAD
<Jan27-2022> <15:08:05>  current energy                               -4.90775725 Hartree
<Jan27-2022> <15:08:05>  energy change                      -0.00193608     0.00022000    F
<Jan27-2022> <15:08:05>  constrained gradient max            0.01383169     0.00100000    F
<Jan27-2022> <15:08:05>  constrained gradient rms            0.00390510     0.00066667    F
<Jan27-2022> <15:08:05>  gradient max                        0.01383169
<Jan27-2022> <15:08:05>  gradient rms                        0.00390510
<Jan27-2022> <15:08:05>  cart. step max                      0.20280704     0.01000000    F
<Jan27-2022> <15:08:05>  cart. step rms                      0.05821270     0.00666667    F
<Jan27-2022> <15:08:05>  Iteration 8
<Jan27-2022> <15:08:06>  *** GOStep8 ***
<Jan27-2022> <15:08:06>  >>>> FRAGM
<Jan27-2022> <15:08:06>  Coordinates
<Jan27-2022> <15:08:06>     Atom         X           Y           Z   (Angstrom)
<Jan27-2022> <15:08:06>     1.H        -0.482958    0.054731   -0.293288
<Jan27-2022> <15:08:06>     2.C        -0.215472   -2.078774   -0.255928
<Jan27-2022> <15:08:06>     3.C         0.202278   -0.782885   -0.197198
<Jan27-2022> <15:08:06>     4.C         1.584115   -0.492511    0.027884
<Jan27-2022> <15:08:06>     5.O         2.069524    0.650495    0.080817
<Jan27-2022> <15:08:06>     6.H         0.542715   -2.853538   -0.115525
<Jan27-2022> <15:08:06>     7.C        -4.191180   -3.490709   -0.814816
<Jan27-2022> <15:08:06>     8.C        -3.294110   -4.201666   -0.014008
<Jan27-2022> <15:08:06>     9.C        -1.989330   -3.748850    0.141437
<Jan27-2022> <15:08:06>    10.C        -1.571127   -2.547035   -0.466700
<Jan27-2022> <15:08:06>    11.C        -2.487713   -1.839007   -1.270860
<Jan27-2022> <15:08:06>    12.C        -3.781300   -2.316252   -1.449723
<Jan27-2022> <15:08:06>    13.H        -3.610120   -5.116491    0.483546
<Jan27-2022> <15:08:06>    14.H        -1.291435   -4.311719    0.758619
<Jan27-2022> <15:08:06>    15.H        -2.173376   -0.927108   -1.772475
<Jan27-2022> <15:08:06>    16.H        -4.472528   -1.768510   -2.087273
<Jan27-2022> <15:08:06>    17.H        -5.207206   -3.856709   -0.950030
<Jan27-2022> <15:08:06>    18.H         2.279967   -1.343977    0.157240
<Jan27-2022> <15:08:06>    19.Al        1.908491    2.544299    0.325103
<Jan27-2022> <15:08:06>    20.F         0.416633    2.672952    1.111043
<Jan27-2022> <15:08:06>    21.F         1.927446    3.133870   -1.254043
<Jan27-2022> <15:08:06>    22.F         3.234990    2.967097    1.267662
<Jan27-2022> <15:08:06>  >>>> CORORT
<Jan27-2022> <15:08:06>  >>>> CLSMAT
<Jan27-2022> <15:08:06>  >>>> ORTHON
<Jan27-2022> <15:08:06>  >>>> GENPT
<Jan27-2022> <15:08:07>  Block Length= 128
<Jan27-2022> <15:08:09>  >>>> PTBAS
<Jan27-2022> <15:08:55>  >>>> CYCLE
<Jan27-2022> <15:09:45>  using orbital data from restart file
<Jan27-2022> <15:10:28>              |Error|         MaxErr       Wt(A-DIIS)
<Jan27-2022> <15:10:28>      1      0.33271586      0.07521950
<Jan27-2022> <15:11:37>      2      0.03933444      0.00516229    100.0
<Jan27-2022> <15:12:47>      3      0.05577411      0.00861632    100.0
<Jan27-2022> <15:13:56>      4      0.02241684      0.00456000      3.6
<Jan27-2022> <15:15:07>      5      0.01010135      0.00179504      0.8
<Jan27-2022> <15:16:18>      6      0.00178584      0.00029872      0.0
<Jan27-2022> <15:17:29>      7      0.00085677      0.00007478      0.0
<Jan27-2022> <15:18:40>      8      0.00029226      0.00002947      0.0
<Jan27-2022> <15:19:49>      9      0.00007333      0.00000915      0.0
<Jan27-2022> <15:21:00>     10      0.00002788      0.00000497      0.0
<Jan27-2022> <15:22:10>     11      0.00000905      0.00000138      0.0
<Jan27-2022> <15:23:22>     12      0.00000490      0.00000075      0.0
<Jan27-2022> <15:23:49>  SCF converged
<Jan27-2022> <15:24:32>     13      0.00000069      0.00000012      0.0
<Jan27-2022> <15:25:01>  >>>> TOTEN
<Jan27-2022> <15:26:29>  >>>> POPAN
<Jan27-2022> <15:26:29>  >>>> DEBYE
<Jan27-2022> <15:26:29>  >>>> ENGRAD
<Jan27-2022> <15:29:34>  current energy                               -4.90949730 Hartree
<Jan27-2022> <15:29:34>  energy change                      -0.00174005     0.00022000    F
<Jan27-2022> <15:29:34>  constrained gradient max            0.01407957     0.00100000    F
<Jan27-2022> <15:29:34>  constrained gradient rms            0.00354166     0.00066667    F
<Jan27-2022> <15:29:34>  gradient max                        0.01407957
<Jan27-2022> <15:29:34>  gradient rms                        0.00354166
<Jan27-2022> <15:29:34>  cart. step max                      0.20668117     0.01000000    F
<Jan27-2022> <15:29:34>  cart. step rms                      0.05613917     0.00666667    F
<Jan27-2022> <15:29:34>  Iteration 9
<Jan27-2022> <15:29:35>  *** GOStep9 ***
<Jan27-2022> <15:29:35>  >>>> FRAGM
<Jan27-2022> <15:29:35>  Coordinates
<Jan27-2022> <15:29:35>     Atom         X           Y           Z   (Angstrom)
<Jan27-2022> <15:29:35>     1.H        -0.443098    0.061448   -0.293517
<Jan27-2022> <15:29:35>     2.C        -0.212173   -2.077124   -0.222210
<Jan27-2022> <15:29:35>     3.C         0.226158   -0.786150   -0.175540
<Jan27-2022> <15:29:35>     4.C         1.607921   -0.511603    0.066351
<Jan27-2022> <15:29:35>     5.O         2.112531    0.624721    0.105427
<Jan27-2022> <15:29:35>     6.H         0.532911   -2.858778   -0.056508
<Jan27-2022> <15:29:35>     7.C        -4.186216   -3.475299   -0.815772
<Jan27-2022> <15:29:35>     8.C        -3.274839   -4.225993   -0.068670
<Jan27-2022> <15:29:35>     9.C        -1.971938   -3.772440    0.096754
<Jan27-2022> <15:29:35>    10.C        -1.565989   -2.534650   -0.447573
<Jan27-2022> <15:29:35>    11.C        -2.499039   -1.789016   -1.199978
<Jan27-2022> <15:29:35>    12.C        -3.791372   -2.263002   -1.388214
<Jan27-2022> <15:29:35>    13.H        -3.579021   -5.170048    0.377460
<Jan27-2022> <15:29:35>    14.H        -1.262246   -4.364588    0.670653
<Jan27-2022> <15:29:35>    15.H        -2.197696   -0.849687   -1.655138
<Jan27-2022> <15:29:35>    16.H        -4.493970   -1.685862   -1.984899
<Jan27-2022> <15:29:35>    17.H        -5.201090   -3.839508   -0.959477
<Jan27-2022> <15:29:35>    18.H         2.287449   -1.369748    0.222785
<Jan27-2022> <15:29:35>    19.Al        1.874865    2.530267    0.262677
<Jan27-2022> <15:29:35>    20.F         0.314626    2.635207    0.904362
<Jan27-2022> <15:29:35>    21.F         2.020912    3.053245   -1.331199
<Jan27-2022> <15:29:35>    22.F         3.099615    3.016311    1.303710
<Jan27-2022> <15:29:35>  >>>> CORORT
<Jan27-2022> <15:29:35>  >>>> CLSMAT
<Jan27-2022> <15:29:35>  >>>> ORTHON
<Jan27-2022> <15:29:36>  >>>> GENPT
<Jan27-2022> <15:29:37>  Block Length= 128
<Jan27-2022> <15:29:39>  >>>> PTBAS
<Jan27-2022> <15:30:25>  >>>> CYCLE
<Jan27-2022> <15:31:12>  using orbital data from restart file
<Jan27-2022> <15:31:55>              |Error|         MaxErr       Wt(A-DIIS)
<Jan27-2022> <15:31:55>      1      0.31807768      0.07701660
<Jan27-2022> <15:33:04>      2      0.03681653      0.00547147    100.0
<Jan27-2022> <15:34:15>      3      0.04949254      0.00929314    100.0
<Jan27-2022> <15:35:24>      4      0.01842424      0.00352115      2.5
<Jan27-2022> <15:36:36>      5      0.00921094      0.00186564      0.9
<Jan27-2022> <15:37:47>      6      0.00169763      0.00028887      0.0
<Jan27-2022> <15:38:58>      7      0.00078488      0.00007724      0.0
<Jan27-2022> <15:40:08>      8      0.00027073      0.00002828      0.0
<Jan27-2022> <15:41:19>      9      0.00007188      0.00000842      0.0
<Jan27-2022> <15:42:30>     10      0.00002494      0.00000498      0.0
<Jan27-2022> <15:43:41>     11      0.00000824      0.00000139      0.0
<Jan27-2022> <15:44:51>     12      0.00000444      0.00000078      0.0
<Jan27-2022> <15:45:18>  SCF converged
<Jan27-2022> <15:46:02>     13      0.00000068      0.00000010      0.0
<Jan27-2022> <15:46:30>  >>>> TOTEN
<Jan27-2022> <15:47:59>  >>>> POPAN
<Jan27-2022> <15:47:59>  >>>> DEBYE
<Jan27-2022> <15:48:00>  >>>> ENGRAD
<Jan27-2022> <15:51:06>  current energy                               -4.91112407 Hartree
<Jan27-2022> <15:51:06>  energy change                      -0.00162677     0.00022000    F
<Jan27-2022> <15:51:06>  constrained gradient max            0.01368820     0.00100000    F
<Jan27-2022> <15:51:06>  constrained gradient rms            0.00327774     0.00066667    F
<Jan27-2022> <15:51:06>  gradient max                        0.01368820
<Jan27-2022> <15:51:06>  gradient rms                        0.00327774
<Jan27-2022> <15:51:06>  cart. step max                      0.21037591     0.01000000    F
<Jan27-2022> <15:51:06>  cart. step rms                      0.05486788     0.00666667    F
<Jan27-2022> <15:51:06>  Iteration 10
<Jan27-2022> <15:51:07>  *** GOStep10 ***
<Jan27-2022> <15:51:07>  >>>> FRAGM
<Jan27-2022> <15:51:07>  Coordinates
<Jan27-2022> <15:51:07>     Atom         X           Y           Z   (Angstrom)
<Jan27-2022> <15:51:07>     1.H        -0.404346    0.069823   -0.288694
<Jan27-2022> <15:51:07>     2.C        -0.207037   -2.072672   -0.192723
<Jan27-2022> <15:51:07>     3.C         0.249569   -0.786937   -0.153612
<Jan27-2022> <15:51:07>     4.C         1.631595   -0.528486    0.103578
<Jan27-2022> <15:51:07>     5.O         2.156687    0.600083    0.136163
<Jan27-2022> <15:51:07>     6.H         0.526017   -2.860900   -0.008474
<Jan27-2022> <15:51:07>     7.C        -4.180271   -3.458645   -0.815966
<Jan27-2022> <15:51:07>     8.C        -3.255527   -4.242457   -0.120932
<Jan27-2022> <15:51:07>     9.C        -1.954078   -3.788498    0.052813
<Jan27-2022> <15:51:07>    10.C        -1.560097   -2.520551   -0.430193
<Jan27-2022> <15:51:07>    11.C        -2.508225   -1.743095   -1.132062
<Jan27-2022> <15:51:07>    12.C        -3.799524   -2.214354   -1.328173
<Jan27-2022> <15:51:07>    13.H        -3.548894   -5.210468    0.277103
<Jan27-2022> <15:51:07>    14.H        -1.233670   -4.404441    0.586074
<Jan27-2022> <15:51:07>    15.H        -2.219871   -0.779639   -1.541388
<Jan27-2022> <15:51:07>    16.H        -4.513476   -1.611614   -1.883597
<Jan27-2022> <15:51:07>    17.H        -5.194489   -3.820648   -0.966168
<Jan27-2022> <15:51:07>    18.H         2.294154   -1.393761    0.282175
<Jan27-2022> <15:51:07>    19.Al        1.837822    2.508229    0.201753
<Jan27-2022> <15:51:07>    20.F         0.223258    2.573513    0.693986
<Jan27-2022> <15:51:07>    21.F         2.111290    2.972176   -1.391159
<Jan27-2022> <15:51:07>    22.F         2.947412    3.061044    1.330976
<Jan27-2022> <15:51:07>  >>>> CORORT
<Jan27-2022> <15:51:07>  >>>> CLSMAT
<Jan27-2022> <15:51:08>  >>>> ORTHON
<Jan27-2022> <15:51:08>  >>>> GENPT
<Jan27-2022> <15:51:08>  Block Length= 128
<Jan27-2022> <15:51:11>  >>>> PTBAS
<Jan27-2022> <15:51:56>  >>>> CYCLE
<Jan27-2022> <15:52:43>  using orbital data from restart file
<Jan27-2022> <15:53:25>              |Error|         MaxErr       Wt(A-DIIS)
<Jan27-2022> <15:53:25>      1      0.31131323      0.07985558
<Jan27-2022> <15:54:33>      2      0.03584558      0.00574284    100.0
<Jan27-2022> <15:55:42>      3      0.04771094      0.00985691    100.0
<Jan27-2022> <15:56:51>      4      0.01627857      0.00275818      1.8
<Jan27-2022> <15:58:00>      5      0.00820821      0.00172636      0.7
<Jan27-2022> <15:59:11>      6      0.00169621      0.00027401      0.0
<Jan27-2022> <16:00:19>      7      0.00072369      0.00007008      0.0
<Jan27-2022> <16:01:30>      8      0.00026082      0.00002519      0.0
<Jan27-2022> <16:02:39>      9      0.00007346      0.00000701      0.0
<Jan27-2022> <16:03:49>     10      0.00002447      0.00000450      0.0
<Jan27-2022> <16:04:59>     11      0.00000872      0.00000151      0.0
<Jan27-2022> <16:06:07>     12      0.00000427      0.00000078      0.0
<Jan27-2022> <16:06:33>  SCF converged
<Jan27-2022> <16:07:15>     13      0.00000069      0.00000013      0.0
<Jan27-2022> <16:07:41>  >>>> TOTEN
<Jan27-2022> <16:09:06>  >>>> POPAN
<Jan27-2022> <16:09:06>  >>>> DEBYE
<Jan27-2022> <16:09:07>  >>>> ENGRAD
<Jan27-2022> <16:12:13>  current energy                               -4.91261416 Hartree
<Jan27-2022> <16:12:13>  energy change                      -0.00149009     0.00022000    F
<Jan27-2022> <16:12:13>  constrained gradient max            0.01187432     0.00100000    F
<Jan27-2022> <16:12:13>  constrained gradient rms            0.00305238     0.00066667    F
<Jan27-2022> <16:12:13>  gradient max                        0.01187432
<Jan27-2022> <16:12:13>  gradient rms                        0.00305238
<Jan27-2022> <16:12:13>  cart. step max                      0.21509375     0.01000000    F
<Jan27-2022> <16:12:13>  cart. step rms                      0.05545898     0.00666667    F
<Jan27-2022> <16:12:13>  Iteration 11
<Jan27-2022> <16:12:14>  *** GOStep11 ***
<Jan27-2022> <16:12:16>  >>>> FRAGM
<Jan27-2022> <16:12:16>  Coordinates
<Jan27-2022> <16:12:16>     Atom         X           Y           Z   (Angstrom)
<Jan27-2022> <16:12:16>     1.H        -0.367192    0.077415   -0.276887
<Jan27-2022> <16:12:16>     2.C        -0.199081   -2.068253   -0.164755
<Jan27-2022> <16:12:16>     3.C         0.272805   -0.787529   -0.129322
<Jan27-2022> <16:12:16>     4.C         1.654606   -0.544123    0.142586
<Jan27-2022> <16:12:16>     5.O         2.197668    0.577293    0.173389
<Jan27-2022> <16:12:16>     6.H         0.523022   -2.862870    0.032991
<Jan27-2022> <16:12:16>     7.C        -4.173160   -3.438092   -0.815864
<Jan27-2022> <16:12:16>     8.C        -3.236561   -4.252346   -0.173709
<Jan27-2022> <16:12:16>     9.C        -1.936240   -3.799316    0.009834
<Jan27-2022> <16:12:16>    10.C        -1.552278   -2.506348   -0.413053
<Jan27-2022> <16:12:16>    11.C        -2.513429   -1.699095   -1.063254
<Jan27-2022> <16:12:16>    12.C        -3.804488   -2.166075   -1.266867
<Jan27-2022> <16:12:16>    13.H        -3.520491   -5.241395    0.175334
<Jan27-2022> <16:12:16>    14.H        -1.206273   -4.437309    0.502005
<Jan27-2022> <16:12:16>    15.H        -2.236521   -0.714150   -1.425472
<Jan27-2022> <16:12:16>    16.H        -4.528465   -1.539759   -1.780913
<Jan27-2022> <16:12:16>    17.H        -5.187106   -3.796917   -0.973036
<Jan27-2022> <16:12:16>    18.H         2.302104   -1.415777    0.337859
<Jan27-2022> <16:12:16>    19.Al        1.795649    2.477960    0.138515
<Jan27-2022> <16:12:16>    20.F         0.142110    2.490120    0.478892
<Jan27-2022> <16:12:16>    21.F         2.194388    2.891116   -1.439460
<Jan27-2022> <16:12:16>    22.F         2.777234    3.103151    1.342672
<Jan27-2022> <16:12:16>  >>>> CORORT
<Jan27-2022> <16:12:16>  >>>> CLSMAT
<Jan27-2022> <16:12:16>  >>>> ORTHON
<Jan27-2022> <16:12:17>  >>>> GENPT
<Jan27-2022> <16:12:17>  Block Length= 128
<Jan27-2022> <16:12:19>  >>>> PTBAS
<Jan27-2022> <16:13:06>  >>>> CYCLE
<Jan27-2022> <16:13:52>  using orbital data from restart file
<Jan27-2022> <16:14:36>              |Error|         MaxErr       Wt(A-DIIS)
<Jan27-2022> <16:14:36>      1      0.30990816      0.08153839
<Jan27-2022> <16:15:45>      2      0.03632011      0.00602631    100.0
<Jan27-2022> <16:16:55>      3      0.04910939      0.01042894    100.0
<Jan27-2022> <16:18:06>      4      0.01555129      0.00244673      1.5
<Jan27-2022> <16:19:17>      5      0.00799008      0.00166305      0.7
<Jan27-2022> <16:20:29>      6      0.00172144      0.00027503      0.0
<Jan27-2022> <16:21:37>      7      0.00073392      0.00007317      0.0
<Jan27-2022> <16:22:46>      8      0.00025867      0.00002587      0.0
<Jan27-2022> <16:23:53>      9      0.00007475      0.00000654      0.0
<Jan27-2022> <16:25:02>     10      0.00002412      0.00000404      0.0
<Jan27-2022> <16:26:10>     11      0.00000838      0.00000135      0.0
<Jan27-2022> <16:27:18>     12      0.00000402      0.00000084      0.0
<Jan27-2022> <16:27:45>  SCF converged
<Jan27-2022> <16:28:26>     13      0.00000072      0.00000013      0.0
<Jan27-2022> <16:28:52>  >>>> TOTEN
<Jan27-2022> <16:30:17>  >>>> POPAN
<Jan27-2022> <16:30:17>  >>>> DEBYE
<Jan27-2022> <16:30:17>  >>>> ENGRAD
<Jan27-2022> <16:33:20>  current energy                               -4.91388311 Hartree
<Jan27-2022> <16:33:20>  energy change                      -0.00126895     0.00022000    F
<Jan27-2022> <16:33:20>  constrained gradient max            0.00949987     0.00100000    F
<Jan27-2022> <16:33:20>  constrained gradient rms            0.00292404     0.00066667    F
<Jan27-2022> <16:33:20>  gradient max                        0.00949987
<Jan27-2022> <16:33:20>  gradient rms                        0.00292404
<Jan27-2022> <16:33:20>  cart. step max                      0.21822368     0.01000000    F
<Jan27-2022> <16:33:20>  cart. step rms                      0.05576583     0.00666667    F
<Jan27-2022> <16:33:20>  Iteration 12
<Jan27-2022> <16:33:21>  *** GOStep12 ***
<Jan27-2022> <16:33:22>  >>>> FRAGM
<Jan27-2022> <16:33:22>  Coordinates
<Jan27-2022> <16:33:22>     Atom         X           Y           Z   (Angstrom)
<Jan27-2022> <16:33:22>     1.H        -0.343248    0.086666   -0.255727
<Jan27-2022> <16:33:22>     2.C        -0.196596   -2.061369   -0.129262
<Jan27-2022> <16:33:22>     3.C         0.285228   -0.784167   -0.095928
<Jan27-2022> <16:33:22>     4.C         1.666572   -0.553193    0.187408
<Jan27-2022> <16:33:22>     5.O         2.227427    0.561327    0.216064
<Jan27-2022> <16:33:22>     6.H         0.517426   -2.860513    0.078879
<Jan27-2022> <16:33:22>     7.C        -4.165661   -3.425202   -0.822881
<Jan27-2022> <16:33:22>     8.C        -3.216434   -4.266279   -0.236701
<Jan27-2022> <16:33:22>     9.C        -1.919169   -3.811308   -0.036741
<Jan27-2022> <16:33:22>    10.C        -1.548925   -2.493571   -0.390232
<Jan27-2022> <16:33:22>    11.C        -2.523129   -1.659631   -0.985688
<Jan27-2022> <16:33:22>    12.C        -3.812023   -2.125662   -1.202751
<Jan27-2022> <16:33:22>    13.H        -3.488505   -5.276547    0.056344
<Jan27-2022> <16:33:22>    14.H        -1.179093   -4.469147    0.412302
<Jan27-2022> <16:33:22>    15.H        -2.259939   -0.652460   -1.292507
<Jan27-2022> <16:33:22>    16.H        -4.547071   -1.477216   -1.671543
<Jan27-2022> <16:33:22>    17.H        -5.178129   -3.783153   -0.991110
<Jan27-2022> <16:33:22>    18.H         2.301351   -1.430809    0.394914
<Jan27-2022> <16:33:22>    19.Al        1.769877    2.449253    0.069097
<Jan27-2022> <16:33:22>    20.F         0.092932    2.424004    0.260669
<Jan27-2022> <16:33:22>    21.F         2.292586    2.812797   -1.482962
<Jan27-2022> <16:33:22>    22.F         2.622826    3.143882    1.329841
<Jan27-2022> <16:33:22>  >>>> CORORT
<Jan27-2022> <16:33:22>  >>>> CLSMAT
<Jan27-2022> <16:33:22>  >>>> ORTHON
<Jan27-2022> <16:33:22>  >>>> GENPT
<Jan27-2022> <16:33:23>  Block Length= 128
<Jan27-2022> <16:33:25>  >>>> PTBAS
<Jan27-2022> <16:34:09>  >>>> CYCLE
<Jan27-2022> <16:34:54>  using orbital data from restart file
<Jan27-2022> <16:35:35>              |Error|         MaxErr       Wt(A-DIIS)
<Jan27-2022> <16:35:35>      1      0.31072108      0.08042239
<Jan27-2022> <16:36:42>      2      0.03645214      0.00535558    100.0
<Jan27-2022> <16:37:48>      3      0.04723100      0.00917216    100.0
<Jan27-2022> <16:39:00>      4      0.01557090      0.00222139      1.2
<Jan27-2022> <16:40:08>      5      0.00681425      0.00139434      0.4
<Jan27-2022> <16:41:16>      6      0.00175764      0.00030482      0.0
<Jan27-2022> <16:42:24>      7      0.00076076      0.00013261      0.0
<Jan27-2022> <16:43:32>      8      0.00027585      0.00004635      0.0
<Jan27-2022> <16:44:41>      9      0.00007295      0.00000661      0.0
<Jan27-2022> <16:45:48>     10      0.00002607      0.00000319      0.0
<Jan27-2022> <16:46:57>     11      0.00000906      0.00000110      0.0
<Jan27-2022> <16:48:04>     12      0.00000490      0.00000061      0.0
<Jan27-2022> <16:48:32>  SCF converged
<Jan27-2022> <16:49:13>     13      0.00000078      0.00000013      0.0
<Jan27-2022> <16:49:40>  >>>> TOTEN
<Jan27-2022> <16:51:04>  >>>> POPAN
<Jan27-2022> <16:51:04>  >>>> DEBYE
<Jan27-2022> <16:51:04>  >>>> ENGRAD
<Jan27-2022> <16:54:05>  current energy                               -4.91481676 Hartree
<Jan27-2022> <16:54:05>  energy change                      -0.00093364     0.00022000    F
<Jan27-2022> <16:54:05>  constrained gradient max            0.00967671     0.00100000    F
<Jan27-2022> <16:54:05>  constrained gradient rms            0.00262555     0.00066667    F
<Jan27-2022> <16:54:05>  gradient max                        0.00967671
<Jan27-2022> <16:54:05>  gradient rms                        0.00262555
<Jan27-2022> <16:54:05>  cart. step max                      0.21449537     0.01000000    F
<Jan27-2022> <16:54:05>  cart. step rms                      0.05537532     0.00666667    F
<Jan27-2022> <16:54:05>  Iteration 13
<Jan27-2022> <16:54:06>  *** GOStep13 ***
<Jan27-2022> <16:54:06>  >>>> FRAGM
<Jan27-2022> <16:54:06>  Coordinates
<Jan27-2022> <16:54:06>     Atom         X           Y           Z   (Angstrom)
<Jan27-2022> <16:54:06>     1.H        -0.330833    0.094565   -0.244314
<Jan27-2022> <16:54:06>     2.C        -0.198436   -2.054146   -0.092683
<Jan27-2022> <16:54:06>     3.C         0.287917   -0.778762   -0.064597
<Jan27-2022> <16:54:06>     4.C         1.666658   -0.555253    0.234685
<Jan27-2022> <16:54:06>     5.O         2.242945    0.553312    0.262756
<Jan27-2022> <16:54:06>     6.H         0.508993   -2.855136    0.130773
<Jan27-2022> <16:54:06>     7.C        -4.158986   -3.419719   -0.833442
<Jan27-2022> <16:54:06>     8.C        -3.195379   -4.283006   -0.306880
<Jan27-2022> <16:54:06>     9.C        -1.902695   -3.824013   -0.086208
<Jan27-2022> <16:54:06>    10.C        -1.549322   -2.484578   -0.366541
<Jan27-2022> <16:54:06>    11.C        -2.538011   -1.627770   -0.902413
<Jan27-2022> <16:54:06>    12.C        -3.823765   -2.094922   -1.134665
<Jan27-2022> <16:54:06>    13.H        -3.453060   -5.312817   -0.074362
<Jan27-2022> <16:54:06>    14.H        -1.151570   -4.498245    0.318463
<Jan27-2022> <16:54:06>    15.H        -2.291259   -0.599680   -1.147941
<Jan27-2022> <16:54:06>    16.H        -4.571289   -1.427418   -1.554960
<Jan27-2022> <16:54:06>    17.H        -5.169070   -3.778596   -1.014891
<Jan27-2022> <16:54:06>    18.H         2.290249   -1.436973    0.458581
<Jan27-2022> <16:54:06>    19.Al        1.762055    2.425137   -0.000360
<Jan27-2022> <16:54:06>    20.F         0.074793    2.385041    0.046173
<Jan27-2022> <16:54:06>    21.F         2.406801    2.738311   -1.515843
<Jan27-2022> <16:54:06>    22.F         2.491565    3.182372    1.300152
<Jan27-2022> <16:54:06>  >>>> CORORT
<Jan27-2022> <16:54:06>  >>>> CLSMAT
<Jan27-2022> <16:54:07>  >>>> ORTHON
<Jan27-2022> <16:54:07>  >>>> GENPT
<Jan27-2022> <16:54:08>  Block Length= 128
<Jan27-2022> <16:54:10>  >>>> PTBAS
<Jan27-2022> <16:54:54>  >>>> CYCLE
<Jan27-2022> <16:55:36>  using orbital data from restart file
<Jan27-2022> <16:56:18>              |Error|         MaxErr       Wt(A-DIIS)
<Jan27-2022> <16:56:18>      1      0.30880556      0.07869291
<Jan27-2022> <16:57:25>      2      0.03625232      0.00449732    100.0
<Jan27-2022> <16:58:33>      3      0.04573406      0.00763200    100.0
<Jan27-2022> <16:59:40>      4      0.01556881      0.00229420      1.3
<Jan27-2022> <17:00:45>      5      0.00655239      0.00132516      0.3
<Jan27-2022> <17:01:54>      6      0.00173572      0.00030009      0.0
<Jan27-2022> <17:03:00>      7      0.00079024      0.00015829      0.0
<Jan27-2022> <17:04:08>      8      0.00027184      0.00005222      0.0
<Jan27-2022> <17:05:17>      9      0.00007662      0.00000710      0.0
<Jan27-2022> <17:06:23>     10      0.00003450      0.00000467      0.0
<Jan27-2022> <17:07:31>     11      0.00001065      0.00000111      0.0
<Jan27-2022> <17:08:38>     12      0.00000461      0.00000059      0.0
<Jan27-2022> <17:09:05>  SCF converged
<Jan27-2022> <17:09:46>     13      0.00000076      0.00000009      0.0
<Jan27-2022> <17:10:12>  >>>> TOTEN
<Jan27-2022> <17:11:34>  >>>> POPAN
<Jan27-2022> <17:11:34>  >>>> DEBYE
<Jan27-2022> <17:11:34>  >>>> ENGRAD
<Jan27-2022> <17:14:36>  current energy                               -4.91542794 Hartree
<Jan27-2022> <17:14:36>  energy change                      -0.00061119     0.00022000    F
<Jan27-2022> <17:14:36>  constrained gradient max            0.00965861     0.00100000    F
<Jan27-2022> <17:14:36>  constrained gradient rms            0.00207846     0.00066667    F
<Jan27-2022> <17:14:36>  gradient max                        0.00965861
<Jan27-2022> <17:14:36>  gradient rms                        0.00207846
<Jan27-2022> <17:14:36>  cart. step max                      0.21228356     0.01000000    F
<Jan27-2022> <17:14:36>  cart. step rms                      0.05764592     0.00666667    F
<Jan27-2022> <17:14:36>  Iteration 14
<Jan27-2022> <17:14:37>  *** GOStep14 ***
<Jan27-2022> <17:14:37>  >>>> FRAGM
<Jan27-2022> <17:14:37>  Coordinates
<Jan27-2022> <17:14:37>     Atom         X           Y           Z   (Angstrom)
<Jan27-2022> <17:14:37>     1.H        -0.327566    0.106614   -0.246824
<Jan27-2022> <17:14:37>     2.C        -0.210080   -2.040728   -0.044243
<Jan27-2022> <17:14:37>     3.C         0.279858   -0.766767   -0.035102
<Jan27-2022> <17:14:37>     4.C         1.655992   -0.549087    0.278609
<Jan27-2022> <17:14:37>     5.O         2.249267    0.552571    0.306472
<Jan27-2022> <17:14:37>     6.H         0.490572   -2.840798    0.203226
<Jan27-2022> <17:14:37>     7.C        -4.153068   -3.426026   -0.850571
<Jan27-2022> <17:14:37>     8.C        -3.171336   -4.303690   -0.386416
<Jan27-2022> <17:14:37>     9.C        -1.886570   -3.835316   -0.138340
<Jan27-2022> <17:14:37>    10.C        -1.558146   -2.475652   -0.335302
<Jan27-2022> <17:14:37>    11.C        -2.564444   -1.603674   -0.809183
<Jan27-2022> <17:14:37>    12.C        -3.843182   -2.078427   -1.064501
<Jan27-2022> <17:14:37>    13.H        -3.408419   -5.351861   -0.222313
<Jan27-2022> <17:14:37>    14.H        -1.121584   -4.520602    0.219978
<Jan27-2022> <17:14:37>    15.H        -2.341046   -0.555859   -0.984798
<Jan27-2022> <17:14:37>    16.H        -4.606626   -1.397403   -1.432174
<Jan27-2022> <17:14:37>    17.H        -5.158053   -3.790391   -1.050605
<Jan27-2022> <17:14:37>    18.H         2.268006   -1.435196    0.518665
<Jan27-2022> <17:14:37>    19.Al        1.777978    2.405571   -0.069740
<Jan27-2022> <17:14:37>    20.F         0.092012    2.373998   -0.166110
<Jan27-2022> <17:14:37>    21.F         2.542490    2.665838   -1.537586
<Jan27-2022> <17:14:37>    22.F         2.392247    3.214588    1.258342
<Jan27-2022> <17:14:37>  >>>> CORORT
<Jan27-2022> <17:14:37>  >>>> CLSMAT
<Jan27-2022> <17:14:37>  >>>> ORTHON
<Jan27-2022> <17:14:38>  >>>> GENPT
<Jan27-2022> <17:14:38>  Block Length= 128
<Jan27-2022> <17:14:40>  >>>> PTBAS
<Jan27-2022> <17:15:25>  >>>> CYCLE
<Jan27-2022> <17:16:10>  using orbital data from restart file
<Jan27-2022> <17:16:51>              |Error|         MaxErr       Wt(A-DIIS)
<Jan27-2022> <17:16:51>      1      0.31801802      0.07759988
<Jan27-2022> <17:18:02>      2      0.03859523      0.00396628    100.0
<Jan27-2022> <17:19:10>      3      0.04903240      0.00683451    100.0
<Jan27-2022> <17:20:19>      4      0.01421399      0.00149735      0.5
<Jan27-2022> <17:21:26>      5      0.00590932      0.00122329      0.2
<Jan27-2022> <17:22:33>      6      0.00193206      0.00035966      0.0
<Jan27-2022> <17:23:43>      7      0.00100753      0.00020882      0.0
<Jan27-2022> <17:24:51>      8      0.00026367      0.00004203      0.0
<Jan27-2022> <17:25:59>      9      0.00007740      0.00000992      0.0
<Jan27-2022> <17:27:08>     10      0.00004112      0.00000628      0.0
<Jan27-2022> <17:28:16>     11      0.00001186      0.00000162      0.0
<Jan27-2022> <17:29:26>     12      0.00000452      0.00000069      0.0
<Jan27-2022> <17:29:52>  SCF converged
<Jan27-2022> <17:30:33>     13      0.00000077      0.00000011      0.0
<Jan27-2022> <17:30:59>  >>>> TOTEN
<Jan27-2022> <17:32:23>  >>>> POPAN
<Jan27-2022> <17:32:23>  >>>> DEBYE
<Jan27-2022> <17:32:23>  >>>> ENGRAD
<Jan27-2022> <17:35:27>  current energy                               -4.91582237 Hartree
<Jan27-2022> <17:35:27>  energy change                      -0.00039442     0.00022000    F
<Jan27-2022> <17:35:27>  constrained gradient max            0.00797677     0.00100000    F
<Jan27-2022> <17:35:27>  constrained gradient rms            0.00143695     0.00066667    F
<Jan27-2022> <17:35:27>  gradient max                        0.00797677
<Jan27-2022> <17:35:27>  gradient rms                        0.00143695
<Jan27-2022> <17:35:27>  cart. step max                      0.16904344     0.01000000    F
<Jan27-2022> <17:35:27>  cart. step rms                      0.04899286     0.00666667    F
<Jan27-2022> <17:35:27>  Iteration 15
<Jan27-2022> <17:35:28>  *** GOStep15 ***
<Jan27-2022> <17:35:28>  >>>> FRAGM
<Jan27-2022> <17:35:28>  Coordinates
<Jan27-2022> <17:35:28>     Atom         X           Y           Z   (Angstrom)
<Jan27-2022> <17:35:28>     1.H        -0.320428    0.111843   -0.278983
<Jan27-2022> <17:35:28>     2.C        -0.218693   -2.030280   -0.011301
<Jan27-2022> <17:35:28>     3.C         0.274827   -0.758275   -0.024971
<Jan27-2022> <17:35:28>     4.C         1.644373   -0.541139    0.316076
<Jan27-2022> <17:35:28>     5.O         2.244116    0.557431    0.340740
<Jan27-2022> <17:35:28>     6.H         0.474395   -2.827989    0.263475
<Jan27-2022> <17:35:28>     7.C        -4.147200   -3.431284   -0.866832
<Jan27-2022> <17:35:28>     8.C        -3.149529   -4.316875   -0.455694
<Jan27-2022> <17:35:28>     9.C        -1.872747   -3.840716   -0.180911
<Jan27-2022> <17:35:28>    10.C        -1.566187   -2.468795   -0.310376
<Jan27-2022> <17:35:28>    11.C        -2.588893   -1.587342   -0.726704
<Jan27-2022> <17:35:28>    12.C        -3.861987   -2.067930   -0.999697
<Jan27-2022> <17:35:28>    13.H        -3.368171   -5.376707   -0.349717
<Jan27-2022> <17:35:28>    14.H        -1.095819   -4.532148    0.138227
<Jan27-2022> <17:35:28>    15.H        -2.387128   -0.526438   -0.839180
<Jan27-2022> <17:35:28>    16.H        -4.639408   -1.379261   -1.321716
<Jan27-2022> <17:35:28>    17.H        -5.147505   -3.800123   -1.082530
<Jan27-2022> <17:35:28>    18.H         2.244411   -1.425837    0.590593
<Jan27-2022> <17:35:28>    19.Al        1.793650    2.387799   -0.124818
<Jan27-2022> <17:35:28>    20.F         0.117499    2.363421   -0.335154
<Jan27-2022> <17:35:28>    21.F         2.652540    2.601074   -1.546413
<Jan27-2022> <17:35:28>    22.F         2.316186    3.237274    1.217371
<Jan27-2022> <17:35:28>  >>>> CORORT
<Jan27-2022> <17:35:28>  >>>> CLSMAT
<Jan27-2022> <17:35:28>  >>>> ORTHON
<Jan27-2022> <17:35:29>  >>>> GENPT
<Jan27-2022> <17:35:30>  Block Length= 128
<Jan27-2022> <17:35:31>  >>>> PTBAS
<Jan27-2022> <17:36:17>  >>>> CYCLE
<Jan27-2022> <17:37:00>  using orbital data from restart file
<Jan27-2022> <17:37:41>              |Error|         MaxErr       Wt(A-DIIS)
<Jan27-2022> <17:37:41>      1      0.26864903      0.06193909
<Jan27-2022> <17:38:48>      2      0.03115402      0.00344804    100.0
<Jan27-2022> <17:39:56>      3      0.04028383      0.00440211    100.0
<Jan27-2022> <17:41:04>      4      0.01410560      0.00208831      1.1
<Jan27-2022> <17:42:13>      5      0.00690166      0.00142140      0.4
<Jan27-2022> <17:43:22>      6      0.00168013      0.00029949      0.0
<Jan27-2022> <17:44:32>      7      0.00075885      0.00010488      0.0
<Jan27-2022> <17:45:37>      8      0.00020070      0.00001973      0.0
<Jan27-2022> <17:46:47>      9      0.00007137      0.00001025      0.0
<Jan27-2022> <17:47:54>     10      0.00003760      0.00000527      0.0
<Jan27-2022> <17:49:04>     11      0.00000882      0.00000123      0.0
<Jan27-2022> <17:50:10>     12      0.00000346      0.00000054      0.0
<Jan27-2022> <17:50:36>  SCF converged
<Jan27-2022> <17:51:18>     13      0.00000064      0.00000008      0.0
<Jan27-2022> <17:51:44>  >>>> TOTEN
<Jan27-2022> <17:53:07>  >>>> POPAN
<Jan27-2022> <17:53:07>  >>>> DEBYE
<Jan27-2022> <17:53:07>  >>>> ENGRAD
<Jan27-2022> <17:56:13>  current energy                               -4.91597781 Hartree
<Jan27-2022> <17:56:13>  energy change                      -0.00015544     0.00022000    T
<Jan27-2022> <17:56:13>  constrained gradient max            0.00659971     0.00100000    F
<Jan27-2022> <17:56:13>  constrained gradient rms            0.00133147     0.00066667    F
<Jan27-2022> <17:56:13>  gradient max                        0.00659971
<Jan27-2022> <17:56:13>  gradient rms                        0.00133147
<Jan27-2022> <17:56:13>  cart. step max                      0.03944957     0.01000000    F
<Jan27-2022> <17:56:13>  cart. step rms                      0.00960210     0.00666667    F
<Jan27-2022> <17:56:13>  Iteration 16
<Jan27-2022> <17:56:14>  *** GOStep16 ***
<Jan27-2022> <17:56:14>  >>>> FRAGM
<Jan27-2022> <17:56:15>  Coordinates
<Jan27-2022> <17:56:15>     Atom         X           Y           Z   (Angstrom)
<Jan27-2022> <17:56:15>     1.H        -0.318626    0.110611   -0.295189
<Jan27-2022> <17:56:15>     2.C        -0.224614   -2.026651    0.010157
<Jan27-2022> <17:56:15>     3.C         0.273103   -0.756842   -0.024198
<Jan27-2022> <17:56:15>     4.C         1.643204   -0.537823    0.315053
<Jan27-2022> <17:56:15>     5.O         2.242230    0.561219    0.330757
<Jan27-2022> <17:56:15>     6.H         0.463550   -2.822037    0.302925
<Jan27-2022> <17:56:15>     7.C        -4.145235   -3.433807   -0.874195
<Jan27-2022> <17:56:15>     8.C        -3.145499   -4.319838   -0.469154
<Jan27-2022> <17:56:15>     9.C        -1.870807   -3.841859   -0.187205
<Jan27-2022> <17:56:15>    10.C        -1.569707   -2.467609   -0.300663
<Jan27-2022> <17:56:15>    11.C        -2.593678   -1.585829   -0.712499
<Jan27-2022> <17:56:15>    12.C        -3.863877   -2.068573   -0.995772
<Jan27-2022> <17:56:15>    13.H        -3.360164   -5.381530   -0.374976
<Jan27-2022> <17:56:15>    14.H        -1.093033   -4.533470    0.129179
<Jan27-2022> <17:56:15>    15.H        -2.397236   -0.522520   -0.809837
<Jan27-2022> <17:56:15>    16.H        -4.643605   -1.379153   -1.310342
<Jan27-2022> <17:56:15>    17.H        -5.143093   -3.804251   -1.098004
<Jan27-2022> <17:56:15>    18.H         2.243690   -1.421107    0.592659
<Jan27-2022> <17:56:15>    19.Al        1.798351    2.385570   -0.132590
<Jan27-2022> <17:56:15>    20.F         0.121634    2.370087   -0.338494
<Jan27-2022> <17:56:15>    21.F         2.654863    2.592208   -1.556318
<Jan27-2022> <17:56:15>    22.F         2.326850    3.230909    1.210191
<Jan27-2022> <17:56:15>  >>>> CORORT
<Jan27-2022> <17:56:15>  >>>> CLSMAT
<Jan27-2022> <17:56:15>  >>>> ORTHON
<Jan27-2022> <17:56:15>  >>>> GENPT
<Jan27-2022> <17:56:16>  Block Length= 128
<Jan27-2022> <17:56:18>  >>>> PTBAS
<Jan27-2022> <17:57:03>  >>>> CYCLE
<Jan27-2022> <17:57:47>  using orbital data from restart file
<Jan27-2022> <17:58:29>              |Error|         MaxErr       Wt(A-DIIS)
<Jan27-2022> <17:58:29>      1      0.05401117      0.00937242
<Jan27-2022> <17:59:39>      2      0.00674663      0.00133561    100.0
<Jan27-2022> <18:00:47>      3      0.00427687      0.00090501    100.0
<Jan27-2022> <18:01:57>      4      0.00300489      0.00053475      0.0
<Jan27-2022> <18:03:05>      5      0.00065864      0.00008441      0.0
<Jan27-2022> <18:04:13>      6      0.00027686      0.00003356      0.0
<Jan27-2022> <18:05:21>      7      0.00009195      0.00001018      0.0
<Jan27-2022> <18:06:27>      8      0.00002818      0.00000361      0.0
<Jan27-2022> <18:07:36>      9      0.00000956      0.00000127      0.0
<Jan27-2022> <18:08:45>     10      0.00000402      0.00000087      0.0
<Jan27-2022> <18:09:11>  SCF converged
<Jan27-2022> <18:09:52>     11      0.00000101      0.00000013      0.0
<Jan27-2022> <18:10:17>  >>>> TOTEN
<Jan27-2022> <18:11:41>  >>>> POPAN
<Jan27-2022> <18:11:42>  >>>> DEBYE
<Jan27-2022> <18:11:42>  >>>> ENGRAD
<Jan27-2022> <18:14:46>  current energy                               -4.91604664 Hartree
<Jan27-2022> <18:14:46>  energy change                      -0.00006883     0.00022000    T
<Jan27-2022> <18:14:46>  constrained gradient max            0.00430751     0.00100000    F
<Jan27-2022> <18:14:46>  constrained gradient rms            0.00114543     0.00066667    F
<Jan27-2022> <18:14:46>  gradient max                        0.00430751
<Jan27-2022> <18:14:46>  gradient rms                        0.00114543
<Jan27-2022> <18:14:46>  cart. step max                      0.03452929     0.01000000    F
<Jan27-2022> <18:14:46>  cart. step rms                      0.00979976     0.00666667    F
<Jan27-2022> <18:14:46>  Iteration 17
<Jan27-2022> <18:14:47>  *** GOStep17 ***
<Jan27-2022> <18:14:47>  >>>> FRAGM
<Jan27-2022> <18:14:48>  Coordinates
<Jan27-2022> <18:14:48>     Atom         X           Y           Z   (Angstrom)
<Jan27-2022> <18:14:48>     1.H        -0.315169    0.105190   -0.329718
<Jan27-2022> <18:14:48>     2.C        -0.227187   -2.026411    0.010704
<Jan27-2022> <18:14:48>     3.C         0.273782   -0.758260   -0.039744
<Jan27-2022> <18:14:48>     4.C         1.638745   -0.531580    0.316544
<Jan27-2022> <18:14:48>     5.O         2.232097    0.570259    0.323775
<Jan27-2022> <18:14:48>     6.H         0.455914   -2.818335    0.323200
<Jan27-2022> <18:14:48>     7.C        -4.145742   -3.438179   -0.875715
<Jan27-2022> <18:14:48>     8.C        -3.142675   -4.324245   -0.478592
<Jan27-2022> <18:14:48>     9.C        -1.869890   -3.843890   -0.191978
<Jan27-2022> <18:14:48>    10.C        -1.572646   -2.468095   -0.297902
<Jan27-2022> <18:14:48>    11.C        -2.600486   -1.586275   -0.700066
<Jan27-2022> <18:14:48>    12.C        -3.869839   -2.070646   -0.984658
<Jan27-2022> <18:14:48>    13.H        -3.353636   -5.387145   -0.392660
<Jan27-2022> <18:14:48>    14.H        -1.089425   -4.535722    0.116416
<Jan27-2022> <18:14:48>    15.H        -2.407542   -0.521901   -0.790015
<Jan27-2022> <18:14:48>    16.H        -4.652023   -1.381461   -1.292789
<Jan27-2022> <18:14:48>    17.H        -5.142816   -3.809901   -1.099897
<Jan27-2022> <18:14:48>    18.H         2.235900   -1.408093    0.619868
<Jan27-2022> <18:14:48>    19.Al        1.808218    2.387699   -0.135661
<Jan27-2022> <18:14:48>    20.F         0.132502    2.383512   -0.348697
<Jan27-2022> <18:14:48>    21.F         2.674824    2.586650   -1.554576
<Jan27-2022> <18:14:48>    22.F         2.335398    3.224532    1.213646
<Jan27-2022> <18:14:48>  >>>> CORORT
<Jan27-2022> <18:14:48>  >>>> CLSMAT
<Jan27-2022> <18:14:48>  >>>> ORTHON
<Jan27-2022> <18:14:48>  >>>> GENPT
<Jan27-2022> <18:14:49>  Block Length= 128
<Jan27-2022> <18:14:51>  >>>> PTBAS
<Jan27-2022> <18:15:36>  >>>> CYCLE
<Jan27-2022> <18:16:21>  using orbital data from restart file
<Jan27-2022> <18:17:02>              |Error|         MaxErr       Wt(A-DIIS)
<Jan27-2022> <18:17:02>      1      0.05704065      0.00912387
<Jan27-2022> <18:18:12>      2      0.00608823      0.00088270    100.0
<Jan27-2022> <18:19:20>      3      0.00407508      0.00058002    100.0
<Jan27-2022> <18:20:27>      4      0.00268705      0.00040133      0.0
<Jan27-2022> <18:21:38>      5      0.00101874      0.00019001      0.0
<Jan27-2022> <18:22:46>      6      0.00037233      0.00004695      0.0
<Jan27-2022> <18:23:54>      7      0.00012026      0.00001293      0.0
<Jan27-2022> <18:25:02>      8      0.00004176      0.00000572      0.0
<Jan27-2022> <18:26:11>      9      0.00000941      0.00000141      0.0
<Jan27-2022> <18:27:16>     10      0.00000540      0.00000104      0.0
<Jan27-2022> <18:28:25>     11      0.00000129      0.00000014      0.0
<Jan27-2022> <18:28:51>  SCF converged
<Jan27-2022> <18:29:32>     12      0.00000053      0.00000006      0.0
<Jan27-2022> <18:29:59>  >>>> TOTEN
<Jan27-2022> <18:31:24>  >>>> POPAN
<Jan27-2022> <18:31:24>  >>>> DEBYE
<Jan27-2022> <18:31:25>  >>>> ENGRAD
<Jan27-2022> <18:34:27>  current energy                               -4.91610522 Hartree
<Jan27-2022> <18:34:27>  energy change                      -0.00005858     0.00022000    T
<Jan27-2022> <18:34:27>  constrained gradient max            0.00330191     0.00100000    F
<Jan27-2022> <18:34:27>  constrained gradient rms            0.00074760     0.00066667    F
<Jan27-2022> <18:34:27>  gradient max                        0.00330191
<Jan27-2022> <18:34:27>  gradient rms                        0.00074760
<Jan27-2022> <18:34:27>  cart. step max                      0.01071944     0.01000000    F
<Jan27-2022> <18:34:27>  cart. step rms                      0.00299696     0.00666667    T
<Jan27-2022> <18:34:27>  Iteration 18
<Jan27-2022> <18:34:28>  *** GOStep18 ***
<Jan27-2022> <18:34:28>  >>>> FRAGM
<Jan27-2022> <18:34:28>  Coordinates
<Jan27-2022> <18:34:28>     Atom         X           Y           Z   (Angstrom)
<Jan27-2022> <18:34:28>     1.H        -0.316643    0.106592   -0.322282
<Jan27-2022> <18:34:28>     2.C        -0.229994   -2.025464    0.015831
<Jan27-2022> <18:34:28>     3.C         0.271769   -0.757083   -0.031505
<Jan27-2022> <18:34:28>     4.C         1.637685   -0.530371    0.319694
<Jan27-2022> <18:34:28>     5.O         2.230765    0.571278    0.318106
<Jan27-2022> <18:34:28>     6.H         0.455298   -2.818533    0.320259
<Jan27-2022> <18:34:28>     7.C        -4.145102   -3.439266   -0.878155
<Jan27-2022> <18:34:28>     8.C        -3.141563   -4.324960   -0.480778
<Jan27-2022> <18:34:28>     9.C        -1.869665   -3.843623   -0.192905
<Jan27-2022> <18:34:28>    10.C        -1.573120   -2.466954   -0.296938
<Jan27-2022> <18:34:28>    11.C        -2.601833   -1.586095   -0.700589
<Jan27-2022> <18:34:28>    12.C        -3.870552   -2.071158   -0.985554
<Jan27-2022> <18:34:28>    13.H        -3.352008   -5.387821   -0.395441
<Jan27-2022> <18:34:28>    14.H        -1.089297   -4.534526    0.117332
<Jan27-2022> <18:34:28>    15.H        -2.409606   -0.521611   -0.788850
<Jan27-2022> <18:34:28>    16.H        -4.652918   -1.382790   -1.294357
<Jan27-2022> <18:34:28>    17.H        -5.141365   -3.811815   -1.103816
<Jan27-2022> <18:34:28>    18.H         2.235922   -1.405397    0.623659
<Jan27-2022> <18:34:28>    19.Al        1.810324    2.387404   -0.138108
<Jan27-2022> <18:34:28>    20.F         0.133438    2.381640   -0.341207
<Jan27-2022> <18:34:28>    21.F         2.670651    2.584968   -1.561323
<Jan27-2022> <18:34:28>    22.F         2.346117    3.223288    1.208411
<Jan27-2022> <18:34:28>  >>>> CORORT
<Jan27-2022> <18:34:28>  >>>> CLSMAT
<Jan27-2022> <18:34:28>  >>>> ORTHON
<Jan27-2022> <18:34:28>  >>>> GENPT
<Jan27-2022> <18:34:29>  Block Length= 128
<Jan27-2022> <18:34:31>  >>>> PTBAS
<Jan27-2022> <18:35:16>  >>>> CYCLE
<Jan27-2022> <18:36:02>  using orbital data from restart file
<Jan27-2022> <18:36:43>              |Error|         MaxErr       Wt(A-DIIS)
<Jan27-2022> <18:36:43>      1      0.02664625      0.00938454
<Jan27-2022> <18:37:51>      2      0.00222306      0.00027600    100.0
<Jan27-2022> <18:39:01>      3      0.00132453      0.00017412    100.0
<Jan27-2022> <18:40:09>      4      0.00128031      0.00014840      0.0
<Jan27-2022> <18:41:20>      5      0.00033774      0.00006513      0.0
<Jan27-2022> <18:42:28>      6      0.00013274      0.00001995      0.0
<Jan27-2022> <18:43:38>      7      0.00006148      0.00001409      0.0
<Jan27-2022> <18:44:45>      8      0.00001570      0.00000279      0.0
<Jan27-2022> <18:45:52>      9      0.00000509      0.00000071      0.0
<Jan27-2022> <18:46:20>  SCF converged
<Jan27-2022> <18:47:01>     10      0.00000212      0.00000025      0.0
<Jan27-2022> <18:47:27>  >>>> TOTEN
<Jan27-2022> <18:48:50>  >>>> POPAN
<Jan27-2022> <18:48:50>  >>>> DEBYE
<Jan27-2022> <18:48:50>  >>>> ENGRAD
<Jan27-2022> <18:51:53>  current energy                               -4.91611628 Hartree
<Jan27-2022> <18:51:53>  energy change                      -0.00001106     0.00022000    T
<Jan27-2022> <18:51:53>  constrained gradient max            0.00130133     0.00100000    F
<Jan27-2022> <18:51:53>  constrained gradient rms            0.00035700     0.00066667    T
<Jan27-2022> <18:51:53>  gradient max                        0.00130133
<Jan27-2022> <18:51:53>  gradient rms                        0.00035700
<Jan27-2022> <18:51:53>  cart. step max                      0.00911326     0.01000000    T
<Jan27-2022> <18:51:53>  cart. step rms                      0.00330154     0.00666667    T
<Jan27-2022> <18:51:53>  Iteration 19
<Jan27-2022> <18:51:54>  *** GOStep19 ***
<Jan27-2022> <18:51:55>  >>>> FRAGM
<Jan27-2022> <18:51:55>  Coordinates
<Jan27-2022> <18:51:55>     Atom         X           Y           Z   (Angstrom)
<Jan27-2022> <18:51:55>     1.H        -0.318755    0.107957   -0.314546
<Jan27-2022> <18:51:55>     2.C        -0.229892   -2.026155    0.011178
<Jan27-2022> <18:51:55>     3.C         0.271317   -0.757122   -0.031347
<Jan27-2022> <18:51:55>     4.C         1.638049   -0.531108    0.315232
<Jan27-2022> <18:51:55>     5.O         2.230551    0.570933    0.314187
<Jan27-2022> <18:51:55>     6.H         0.455386   -2.818703    0.317090
<Jan27-2022> <18:51:55>     7.C        -4.145967   -3.439579   -0.875544
<Jan27-2022> <18:51:55>     8.C        -3.142912   -4.324745   -0.475528
<Jan27-2022> <18:51:55>     9.C        -1.870461   -3.843501   -0.190756
<Jan27-2022> <18:51:55>    10.C        -1.572521   -2.467061   -0.299275
<Jan27-2022> <18:51:55>    11.C        -2.601366   -1.586932   -0.705287
<Jan27-2022> <18:51:55>    12.C        -3.870026   -2.072165   -0.989156
<Jan27-2022> <18:51:55>    13.H        -3.354260   -5.387099   -0.386927
<Jan27-2022> <18:51:55>    14.H        -1.090199   -4.533752    0.121132
<Jan27-2022> <18:51:55>    15.H        -2.407818   -0.523084   -0.797964
<Jan27-2022> <18:51:55>    16.H        -4.652069   -1.384440   -1.299975
<Jan27-2022> <18:51:55>    17.H        -5.142503   -3.812207   -1.099689
<Jan27-2022> <18:51:55>    18.H         2.237704   -1.406076    0.615948
<Jan27-2022> <18:51:55>    19.Al        1.811191    2.388248   -0.135207
<Jan27-2022> <18:51:55>    20.F         0.134589    2.380079   -0.341389
<Jan27-2022> <18:51:55>    21.F         2.674576    2.593969   -1.555658
<Jan27-2022> <18:51:55>    22.F         2.343689    3.220248    1.214966
<Jan27-2022> <18:51:55>  >>>> CORORT
<Jan27-2022> <18:51:55>  >>>> CLSMAT
<Jan27-2022> <18:51:55>  >>>> ORTHON
<Jan27-2022> <18:51:55>  >>>> GENPT
<Jan27-2022> <18:51:56>  Block Length= 128
<Jan27-2022> <18:51:58>  >>>> PTBAS
<Jan27-2022> <18:52:43>  >>>> CYCLE
<Jan27-2022> <18:53:29>  using orbital data from restart file
<Jan27-2022> <18:54:10>              |Error|         MaxErr       Wt(A-DIIS)
<Jan27-2022> <18:54:10>      1      0.01976415      0.00451962
<Jan27-2022> <18:55:17>      2      0.00204581      0.00027013    100.0
<Jan27-2022> <18:56:26>      3      0.00116334      0.00018692    100.0
<Jan27-2022> <18:57:35>      4      0.00090479      0.00012050      0.0
<Jan27-2022> <18:58:44>      5      0.00026212      0.00003754      0.0
<Jan27-2022> <18:59:52>      6      0.00009807      0.00001234      0.0
<Jan27-2022> <19:01:01>      7      0.00003916      0.00000598      0.0
<Jan27-2022> <19:02:09>      8      0.00000934      0.00000160      0.0
<Jan27-2022> <19:03:17>      9      0.00000343      0.00000031      0.0
<Jan27-2022> <19:03:43>  SCF converged
<Jan27-2022> <19:04:23>     10      0.00000120      0.00000011      0.0
<Jan27-2022> <19:04:49>  >>>> TOTEN
<Jan27-2022> <19:06:13>  >>>> POPAN
<Jan27-2022> <19:06:13>  >>>> DEBYE
<Jan27-2022> <19:06:14>  >>>> ENGRAD
<Jan27-2022> <19:09:17>  current energy                               -4.91612038 Hartree
<Jan27-2022> <19:09:17>  energy change                      -0.00000410     0.00022000    T
<Jan27-2022> <19:09:17>  constrained gradient max            0.00077085     0.00100000    T
<Jan27-2022> <19:09:17>  constrained gradient rms            0.00019597     0.00066667    T
<Jan27-2022> <19:09:17>  gradient max                        0.00077085
<Jan27-2022> <19:09:17>  gradient rms                        0.00019597
<Jan27-2022> <19:09:17>  cart. step max                      0.00898683     0.01000000    T
<Jan27-2022> <19:09:17>  cart. step rms                      0.00208360     0.00666667    T
<Jan27-2022> <19:09:17>  Geometry optimization converged
<Jan27-2022> <19:09:18>  *** adf ***
<Jan27-2022> <19:09:18>  Net Charge: 0 (Nuclei minus Electrons)
<Jan27-2022> <19:09:18>  Symmetry  : NOSYM
<Jan27-2022> <19:09:18>  >>>> FRAGM
<Jan27-2022> <19:09:18>  Coordinates
<Jan27-2022> <19:09:18>     Atom         X           Y           Z   (Angstrom)
<Jan27-2022> <19:09:18>     1.H        -0.318755    0.107957   -0.314546
<Jan27-2022> <19:09:18>     2.C        -0.229892   -2.026155    0.011178
<Jan27-2022> <19:09:18>     3.C         0.271317   -0.757122   -0.031347
<Jan27-2022> <19:09:18>     4.C         1.638049   -0.531108    0.315232
<Jan27-2022> <19:09:18>     5.O         2.230551    0.570933    0.314187
<Jan27-2022> <19:09:18>     6.H         0.455386   -2.818703    0.317090
<Jan27-2022> <19:09:18>     7.C        -4.145967   -3.439579   -0.875544
<Jan27-2022> <19:09:18>     8.C        -3.142912   -4.324745   -0.475528
<Jan27-2022> <19:09:18>     9.C        -1.870461   -3.843501   -0.190756
<Jan27-2022> <19:09:18>    10.C        -1.572521   -2.467061   -0.299275
<Jan27-2022> <19:09:18>    11.C        -2.601366   -1.586932   -0.705287
<Jan27-2022> <19:09:18>    12.C        -3.870026   -2.072165   -0.989156
<Jan27-2022> <19:09:18>    13.H        -3.354260   -5.387099   -0.386927
<Jan27-2022> <19:09:18>    14.H        -1.090199   -4.533752    0.121132
<Jan27-2022> <19:09:18>    15.H        -2.407818   -0.523084   -0.797964
<Jan27-2022> <19:09:18>    16.H        -4.652069   -1.384440   -1.299975
<Jan27-2022> <19:09:18>    17.H        -5.142503   -3.812207   -1.099689
<Jan27-2022> <19:09:18>    18.H         2.237704   -1.406076    0.615948
<Jan27-2022> <19:09:18>    19.Al        1.811191    2.388248   -0.135207
<Jan27-2022> <19:09:18>    20.F         0.134589    2.380079   -0.341389
<Jan27-2022> <19:09:18>    21.F         2.674576    2.593969   -1.555658
<Jan27-2022> <19:09:18>    22.F         2.343689    3.220248    1.214966
<Jan27-2022> <19:09:18>  >>>> CORORT
<Jan27-2022> <19:09:18>  >>>> CLSMAT
<Jan27-2022> <19:09:18>  >>>> ORTHON
<Jan27-2022> <19:09:18>  >>>> GENPT
<Jan27-2022> <19:09:19>  Block Length= 128
<Jan27-2022> <19:09:21>  >>>> PTBAS
<Jan27-2022> <19:10:06>  >>>> CYCLE
<Jan27-2022> <19:10:50>  using orbital data from restart file
<Jan27-2022> <19:11:30>              |Error|         MaxErr       Wt(A-DIIS)
<Jan27-2022> <19:11:30>      1      0.00000048      0.00000009
<Jan27-2022> <19:12:40>      2      0.00000123      0.00000025    100.0
<Jan27-2022> <19:13:07>  SCF converged
<Jan27-2022> <19:13:48>      3      0.00000331      0.00000069    100.0
<Jan27-2022> <19:14:49>  >>>> TOTEN
<Jan27-2022> <19:17:35>  >>>> POPAN
<Jan27-2022> <19:17:35>  >>>> DEBYE
<Jan27-2022> <19:17:35>  >>>> AMETS
<Jan27-2022> <19:17:36>   Bond Energy          -4.91612038 a.u.
<Jan27-2022> <19:17:36>   Bond Energy        -133.77444199 eV
<Jan27-2022> <19:17:36>   Bond Energy       -3084.91       kcal/mol
<Jan27-2022> <19:17:36>  >>>> POPUL
<Jan27-2022> <19:17:36>  >>>> ENGRAD
<Jan27-2022> <19:20:39>  >>>> ENHESS
<Jan27-2022> <19:21:24>  === NUCLEUS:     1
<Jan27-2022> <19:56:20>  === NUCLEUS:     2
<Jan27-2022> <20:28:19>  === NUCLEUS:     3
<Jan27-2022> <20:56:30>  === NUCLEUS:     4
<Jan27-2022> <21:26:28>  === NUCLEUS:     5
<Jan27-2022> <21:55:39>  === NUCLEUS:     6
<Jan27-2022> <22:24:39>  === NUCLEUS:     7
<Jan27-2022> <22:53:29>  === NUCLEUS:     8
<Jan27-2022> <23:23:29>  === NUCLEUS:     9
<Jan27-2022> <23:54:38>  === NUCLEUS:    10
<Jan28-2022> <00:26:38>  === NUCLEUS:    11
<Jan28-2022> <00:58:34>  === NUCLEUS:    12
<Jan28-2022> <01:30:09>  === NUCLEUS:    13
<Jan28-2022> <02:03:48>  === NUCLEUS:    14
<Jan28-2022> <02:38:59>  === NUCLEUS:    15
<Jan28-2022> <03:12:18>  === NUCLEUS:    16
<Jan28-2022> <03:46:27>  === NUCLEUS:    17
<Jan28-2022> <04:20:42>  === NUCLEUS:    18
<Jan28-2022> <04:54:00>  === NUCLEUS:    19
<Jan28-2022> <05:28:39>  === NUCLEUS:    20
<Jan28-2022> <06:00:12>  === NUCLEUS:    21
<Jan28-2022> <06:31:51>  === NUCLEUS:    22
<Jan28-2022> <07:03:25>  >>>> CALC_HESS_PMAT
<Jan28-2022> <07:11:04>  >>>> CALC_HESS_WMAT
<Jan28-2022> <07:12:12>  Scanning mode: 7
<Jan28-2022> <07:12:13>  *** SCANMODE_forward_adf_ScanMode_7 ***
<Jan28-2022> <07:12:13>  >>>> FRAGM
<Jan28-2022> <07:12:13>  Coordinates
<Jan28-2022> <07:12:13>     Atom         X           Y           Z   (Angstrom)
<Jan28-2022> <07:12:13>     1.H        -0.318757    0.107964   -0.314513
<Jan28-2022> <07:12:13>     2.C        -0.229898   -2.026146    0.011217
<Jan28-2022> <07:12:13>     3.C         0.271310   -0.757112   -0.031295
<Jan28-2022> <07:12:13>     4.C         1.638031   -0.531094    0.315324
<Jan28-2022> <07:12:13>     5.O         2.230533    0.570947    0.314284
<Jan28-2022> <07:12:13>     6.H         0.455372   -2.818691    0.317155
<Jan28-2022> <07:12:13>     7.C        -4.145939   -3.439584   -0.875634
<Jan28-2022> <07:12:13>     8.C        -3.142894   -4.324746   -0.475584
<Jan28-2022> <07:12:13>     9.C        -1.870455   -3.843498   -0.190769
<Jan28-2022> <07:12:13>    10.C        -1.572516   -2.467056   -0.299279
<Jan28-2022> <07:12:13>    11.C        -2.601349   -1.586931   -0.705327
<Jan28-2022> <07:12:13>    12.C        -3.869999   -2.072169   -0.989238
<Jan28-2022> <07:12:13>    13.H        -3.354241   -5.387101   -0.386989
<Jan28-2022> <07:12:13>    14.H        -1.090200   -4.533746    0.121145
<Jan28-2022> <07:12:13>    15.H        -2.407803   -0.523083   -0.797997
<Jan28-2022> <07:12:13>    16.H        -4.652033   -1.384447   -1.300084
<Jan28-2022> <07:12:13>    17.H        -5.142466   -3.812215   -1.099813
<Jan28-2022> <07:12:13>    18.H         2.237675   -1.406057    0.616072
<Jan28-2022> <07:12:13>    19.Al        1.811183    2.388243   -0.135196
<Jan28-2022> <07:12:13>    20.F         0.134556    2.380114   -0.341176
<Jan28-2022> <07:12:13>    21.F         2.674398    2.593818   -1.555774
<Jan28-2022> <07:12:13>    22.F         2.343879    3.220335    1.214840
<Jan28-2022> <07:12:14>  >>>> CORORT
<Jan28-2022> <07:12:14>  >>>> CLSMAT
<Jan28-2022> <07:12:14>  >>>> ORTHON
<Jan28-2022> <07:12:14>  >>>> GENPT
<Jan28-2022> <07:12:15>  Block Length= 128
<Jan28-2022> <07:12:18>  >>>> PTBAS
<Jan28-2022> <07:13:51>  >>>> CYCLE
<Jan28-2022> <07:15:15>  using orbital data from restart file
<Jan28-2022> <07:16:39>              |Error|         MaxErr       Wt(A-DIIS)
<Jan28-2022> <07:16:39>      1      0.00040946      0.00011282
<Jan28-2022> <07:19:02>      2      0.00002476      0.00000494    100.0
<Jan28-2022> <07:21:24>      3      0.00001926      0.00000235    100.0
<Jan28-2022> <07:23:44>      4      0.00001709      0.00000217      0.0
<Jan28-2022> <07:26:04>      5      0.00000301      0.00000047      0.0
<Jan28-2022> <07:27:01>  SCF converged
<Jan28-2022> <07:28:25>      6      0.00000186      0.00000038      0.0
<Jan28-2022> <07:29:20>  >>>> TOTEN
<Jan28-2022> <07:32:12>  >>>> POPAN
<Jan28-2022> <07:32:12>  >>>> DEBYE
<Jan28-2022> <07:32:13>  >>>> ENGRAD
<Jan28-2022> <08:03:35>  PES point character: Geometry corresponds to a local minimum on the PES.
<Jan28-2022> <08:03:35>  Geometry optimization successful!
<Jan28-2022> <08:03:36>  WARNING: total elapsed time is much higher than the (CPU+system) time.
<Jan28-2022> <08:03:36>  Make sure the machine is not oversubscribed and has enough memory, SCM_TMPDIR points to a fast file system, and the network is fast enough.
<Jan28-2022> <08:03:36>  NORMAL TERMINATION
