

 Parallel Execution: Process Information
 ==============================================================================
 Rank   Node Name                              NodeID   MyNodeRank  NodeMaster
    0   node120                                   0          0          0
    1   node120                                   0          1         -1
    2   node120                                   0          2         -1
    3   node120                                   0          3         -1
 ==============================================================================


May use up to 122928MB of RAM as shared memory on node 0

 *******************************************************************************
 *                                                                             *
 *  --------------------------------                                           *
 *   Amsterdam Modeling Suite (AMS)              2021.102                      *
 *  --------------------------------                                           *
 *                                               r95042 2021-06-07             *
 *                                                                             *
 *                                                                             *
 *                              =================                              *
 *                              |               |                              *
 *                              |     A M S     |                              *
 *                              |               |                              *
 *                              =================                              *
 *                                                                             *
 *                                                                             *
 *   Online information and documentation:  https://www.scm.com/support/       *
 *   E-mail:  support@scm.com   info@scm.com                                   *
 *                                                                             *
 *   Scientific publications using AMS results must be properly referenced     *
 *   See the User Manuals (or the web site) for recommended citations          *
 *   The terms and conditions of the End User License Agreement apply to       *
 *   the use of AMS, https://www.scm.com/license-terms/                        *
 *                                                                             *
 **********************  x86_64_linux_intel / intelmpi  ************************
 
 Licensed to: VU/FEW (+ SARA) / ALGEMEEN / Amsterdam / THE NETHERLANDS
 SCM User ID: u7668
  
 AMS 2021.102  RunTime: Jan28-2022 10:52:14  ShM Nodes: 1  Procs: 4

 AMS jobname: 8.achiral_catalyst.H_tBu_AlF3.Rsub
 AMS jobid  : 1948079650

 Start   directory: /scistor/tc/yhk800/MasterProject/calculations/achiral_catalyst_H_tBu_AlF3/8.achiral_catalyst.H_tBu_AlF3.Rsub/
 Results directory: /scistor/tc/yhk800/MasterProject/calculations/achiral_catalyst_H_tBu_AlF3/8.achiral_catalyst.H_tBu_AlF3.Rsub/
 Scratch directory: /scratch/5502/amstmp_8.achiral_catalyst.H_tBu_AlF3.Rsub_kid0.1948079650/


 Communication costs MPI_COMM_WORLD:      0.341 usec per message,   0.0042 usec per 8-byte item
 Communication costs for intra-node:      0.857 usec per message,   0.0036 usec per 8-byte item

 RNG seed: 999183926 -1793170814 2056607674 90457455 -553530810 1871995728 -983068520 1462141875



                      ************************************************************************
                      *  ADF 2021.102  RunTime: Jan28-2022 10:52:15  ShM Nodes: 1  Procs: 4  *
                      ************************************************************************
  
       ***************************
       *  GEOMETRY OPTIMIZATION  *
       ***************************

Optimization Method                    Quasi Newton
Optimization Coordinates               Delocalized Coordinates
Optimize lattice                       F
 
 ------------------------------------------------------
 Convergence criteria (Hartree,Angstrom)
 ------------------------------------------------------
 Maximum gradient               0.001000000000
 Maximum rms gradient           0.000666666667
 Maximum step allowed           0.010000000000
 Maximum rms step allowed       0.006666666667
 Maximum energy change allowe   0.000200000000
 Maximum stress energy allowe   0.000500000000
 
Initial model Hessian                  Automatic Hessian
 
------------------------------------
Quasi-Newton Optimizer Parameters
------------------------------------
Hessian Update Method                  BFGS
Maximum number of steps                  250
First GDIIS cycle                          0
Maximum GDIIS vectors                      0
Trust radius (bohr)                        0.200000
Trust radius varies                        T
Constraints converged at all steps         T
Use projector                              T
 
 Rigid motions settings for: old optimizer
 Atomic rotations (x,y,z):     T T T
 Atomic translations (x,y,z):  T T T
 Tolerance:                   1.000000000000000E-006
 
--------
Geometry
--------
Formula: C7H12O
Atoms
  Index Symbol   x (angstrom)   y (angstrom)   z (angstrom)
      1      H     0.09039378    -1.80988465    -0.51555853
      2      C    -0.90781845    -0.00771283    -0.04943451
      3      C     0.18266548    -0.75219647    -0.26512258
      4      C     1.55928918    -0.22013974    -0.18291419
      5      O     2.58397592    -0.85270545    -0.38366642
      6      H    -0.82431619     1.04491294     0.20242594
      7      C    -3.32374457     0.41363550     0.39135762
      8      C    -2.32117593    -0.61137564    -0.14747452
      9      C    -2.35981774    -1.89202288     0.69191886
     10      C    -2.61263060    -0.92493763    -1.61814269
     11      H    -1.88230880    -1.63632475    -2.00533484
     12      H    -4.34029385     0.02030914     0.33794632
     13      H    -3.27622900     1.33298489    -0.19336308
     14      H    -3.09843206     0.65285811     1.43124519
     15      H    -3.34926797    -2.35016863     0.64695729
     16      H    -2.12786226    -1.66868988     1.73387776
     17      H    -1.62775366    -2.61007475     0.32064666
     18      H    -3.60918820    -1.35589554    -1.72804742
     19      H    -2.56021434    -0.01481311    -2.21671201
     20      H     1.61846764     0.81547669     0.07956726
 
Total System Charge             0.00000
 
 
----------------
ADF Engine Input
----------------
 
 NumericalQuality VeryGood
 SCF
 Converge 1.0e-6
 Iterations 99
 End
 SYMMETRY NOSYM
 XC
 GGA OLYP
 End
 basis
 core None
 type TZ2P
 End
 

 Title: *** (NO TITLE) ***

 Using automatic Hessian for delocalized coordinates.
 *** GOStep1 ***

 Energy gradients wrt nuclear displacements
 ==========================================

     Atom      Cartesian (a.u./angstrom)
                 X         Y         Z
 ----------------------------------------
     1 H    -0.006081 -0.004540 -0.000009
     2 C     0.019406  0.021774  0.004739
     3 C    -0.030640  0.002688  0.002514
     4 C     0.012151  0.042471  0.011120
     5 O     0.003130  0.007052  0.001500
     6 H    -0.003262 -0.006076 -0.000123
     7 C     0.000970  0.004242  0.001379
     8 C    -0.020194 -0.019954 -0.009201
     9 C     0.003346  0.002880 -0.000142
    10 C     0.000061  0.000648  0.003229
    11 H     0.000586  0.001598  0.005034
    12 H     0.004699 -0.001401 -0.001132
    13 H     0.003030 -0.005684  0.001068
    14 H     0.002386 -0.003078 -0.005122
    15 H     0.003785  0.002985 -0.000315
    16 H    -0.000533  0.002798 -0.004762
    17 H     0.003526  0.005741 -0.003810
    18 H     0.004672  0.001452  0.001489
    19 H     0.000639 -0.001674  0.006189
    20 H    -0.001677 -0.053922 -0.013646
 ----------------------------------------
 Mulliken charges used for AMS results%charges...
 
----------------------------------------------------------------------
Geometry Convergence after Step   1       (Hartree/Angstrom,Angstrom)
----------------------------------------------------------------------
current energy                               -4.01954790 Hartree
energy change                      -4.01954790     0.00020000    F
constrained gradient max            0.05391789     0.00100000    F
constrained gradient rms            0.01184989     0.00066667    F
gradient max                        0.05391789
gradient rms                        0.01184989
cart. step max                      0.17787474     0.01000000    F
cart. step rms                      0.06294480     0.00666667    F
 
 
--------
Geometry
--------
Formula: C7H12O
Atoms
  Index Symbol   x (angstrom)   y (angstrom)   z (angstrom)
      1      H     0.26826852    -1.82368092    -0.54333279
      2      C    -0.87215334    -0.09088665    -0.05684240
      3      C     0.26885588    -0.76824356    -0.27832601
      4      C     1.59011728    -0.12466229    -0.18788244
      5      O     2.65292724    -0.68976983    -0.39503482
      6      H    -0.79988610     0.96722295     0.18971206
      7      C    -3.26816112     0.42244700     0.39599431
      8      C    -2.30584017    -0.64989824    -0.14322232
      9      C    -2.45556752    -1.92943330     0.70224878
     10      C    -2.63469281    -0.94497073    -1.61922804
     11      H    -1.96005039    -1.69878411    -2.03013034
     12      H    -4.30469073     0.07871081     0.34247378
     13      H    -3.18823338     1.34527175    -0.18496203
     14      H    -3.04424523     0.65793018     1.43988903
     15      H    -3.48210519    -2.30280199     0.64533768
     16      H    -2.22416325    -1.73190352     1.75181722
     17      H    -1.79339806    -2.72308543     0.35419553
     18      H    -3.65925468    -1.31651796    -1.71421086
     19      H    -2.54341808    -0.04232563    -2.22902433
     20      H     1.56942951     0.93861679     0.09070011
 
Total System Charge             0.00000
 
 *** GOStep2 ***

 Energy gradients wrt nuclear displacements
 ==========================================

     Atom      Cartesian (a.u./angstrom)
                 X         Y         Z
 ----------------------------------------
     1 H    -0.002148  0.000535 -0.000602
     2 C     0.012239  0.013667  0.002517
     3 C    -0.001459 -0.001879 -0.000378
     4 C     0.001710  0.019345  0.004803
     5 O     0.002638 -0.000550 -0.000286
     6 H    -0.002583 -0.003521 -0.000738
     7 C     0.001459 -0.000125  0.000863
     8 C    -0.014493 -0.011106 -0.005593
     9 C    -0.002351  0.000409  0.000632
    10 C    -0.000272  0.000875  0.002766
    11 H    -0.000414  0.001272  0.001685
    12 H     0.001390 -0.000268 -0.000226
    13 H     0.001302 -0.002365  0.000348
    14 H     0.000756 -0.001190 -0.002014
    15 H     0.001297  0.000082  0.000209
    16 H    -0.000378  0.000706 -0.001812
    17 H    -0.001463  0.002995  0.000310
    18 H     0.001725  0.000243  0.000131
    19 H     0.000077 -0.000722  0.001944
    20 H     0.000969 -0.018403 -0.004559
 ----------------------------------------
 Mulliken charges used for AMS results%charges...

 dE(predicted):    -0.42826E-02, dE(actual):    -0.42542E-02, Trust radius:    0.400000, all in a.u.
 
----------------------------------------------------------------------
Geometry Convergence after Step   2       (Hartree/Angstrom,Angstrom)
----------------------------------------------------------------------
current energy                               -4.02380205 Hartree
energy change                      -0.00425415     0.00020000    F
constrained gradient max            0.01935672     0.00100000    F
constrained gradient rms            0.00511219     0.00066667    F
gradient max                        0.01935672
gradient rms                        0.00511219
cart. step max                      0.08345909     0.01000000    F
cart. step rms                      0.02147186     0.00666667    F
 
 
--------
Geometry
--------
Formula: C7H12O
Atoms
  Index Symbol   x (angstrom)   y (angstrom)   z (angstrom)
      1      H     0.30414555    -1.85956202    -0.45987369
      2      C    -0.86688581    -0.11263814    -0.06938421
      3      C     0.27949377    -0.79114138    -0.25528225
      4      C     1.58254891    -0.11779027    -0.18156931
      5      O     2.65544170    -0.67378988    -0.34985480
      6      H    -0.78117287     0.95144396     0.15922908
      7      C    -3.26277214     0.43036118     0.40285076
      8      C    -2.30160919    -0.64493516    -0.14645264
      9      C    -2.44708185    -1.93641541     0.68789966
     10      C    -2.64789380    -0.93620277    -1.62506846
     11      H    -1.99086878    -1.70056931    -2.04835685
     12      H    -4.30122905     0.08835694     0.35414123
     13      H    -3.19209445     1.35929683    -0.17279965
     14      H    -3.03919192     0.66536471     1.44868431
     15      H    -3.47857212    -2.30032125     0.63757875
     16      H    -2.20340896    -1.75741399     1.73946201
     17      H    -1.79706720    -2.73655589     0.32554043
     18      H    -3.68012456    -1.29339340    -1.70825196
     19      H    -2.55344744    -0.03654438    -2.24132209
     20      H     1.53552858     0.97568495     0.03300181
 
Total System Charge             0.00000
 
 *** GOStep3 ***

 Energy gradients wrt nuclear displacements
 ==========================================

     Atom      Cartesian (a.u./angstrom)
                 X         Y         Z
 ----------------------------------------
     1 H    -0.000933 -0.000183  0.001580
     2 C     0.009880  0.002595 -0.000481
     3 C     0.002392 -0.000924 -0.002869
     4 C    -0.000146  0.004477  0.002544
     5 O    -0.000736 -0.001237 -0.000865
     6 H    -0.001528 -0.001602  0.002740
     7 C    -0.000076  0.000424 -0.000259
     8 C    -0.010353 -0.002806 -0.003530
     9 C     0.001610  0.000910 -0.000225
    10 C     0.000743  0.000064  0.002786
    11 H    -0.000408  0.000220 -0.000446
    12 H    -0.000189  0.000437  0.000144
    13 H    -0.000244  0.000099  0.000208
    14 H    -0.000114  0.000007 -0.000184
    15 H     0.000109  0.000190 -0.000260
    16 H    -0.000065 -0.000210 -0.000043
    17 H    -0.000281 -0.000065  0.000749
    18 H     0.000142 -0.000316 -0.000307
    19 H    -0.000121 -0.000195 -0.000069
    20 H     0.000319 -0.001884 -0.001212
 ----------------------------------------
 Mulliken charges used for AMS results%charges...

 dE(predicted):    -0.51388E-03, dE(actual):    -0.55571E-03, Trust radius:    0.400000, all in a.u.
 
----------------------------------------------------------------------
Geometry Convergence after Step   3       (Hartree/Angstrom,Angstrom)
----------------------------------------------------------------------
current energy                               -4.02435776 Hartree
energy change                      -0.00055571     0.00020000    F
constrained gradient max            0.01035242     0.00100000    F
constrained gradient rms            0.00227712     0.00066667    F
gradient max                        0.01035242
gradient rms                        0.00227712
cart. step max                      0.07679094     0.01000000    F
cart. step rms                      0.01417319     0.00666667    F
 
 
--------
Geometry
--------
Formula: C7H12O
Atoms
  Index Symbol   x (angstrom)   y (angstrom)   z (angstrom)
      1      H     0.31517039    -1.86843733    -0.45028936
      2      C    -0.86813761    -0.11842228    -0.08515251
      3      C     0.27942289    -0.79945365    -0.25006745
      4      C     1.57546373    -0.11586694    -0.17836575
      5      O     2.65620262    -0.66563793    -0.30887507
      6      H    -0.77440329     0.95809149     0.08243814
      7      C    -3.25580543     0.43246211     0.40923992
      8      C    -2.29680082    -0.64321197    -0.14664394
      9      C    -2.44078847    -1.93973646     0.68341877
     10      C    -2.65642718    -0.93374517    -1.62568262
     11      H    -2.00959592    -1.70538136    -2.05312061
     12      H    -4.29419816     0.08821405     0.36672406
     13      H    -3.19188223     1.36246944    -0.16679465
     14      H    -3.02811566     0.66913094     1.45461931
     15      H    -3.47550081    -2.29731530     0.64311087
     16      H    -2.18384070    -1.76966494     1.73391700
     17      H    -1.80016318    -2.74287269     0.30812862
     18      H    -3.69333573    -1.28110304    -1.69930127
     19      H    -2.55925992    -0.03622494    -2.24574906
     20      H     1.51573388     0.97994129     0.05861772
 
Total System Charge             0.00000
 
 *** GOStep4 ***
