<Jan28-2022> <10:52:14>  AMS 2021.102  RunTime: Jan28-2022 10:52:14  ShM Nodes: 1  Procs: 4
<Jan28-2022> <10:52:15>  ADF 2021.102  RunTime: Jan28-2022 10:52:15  ShM Nodes: 1  Procs: 4
<Jan28-2022> <10:52:15>  *** (NO TITLE) ***
<Jan28-2022> <10:52:15>  Iteration 1
<Jan28-2022> <10:52:15>  DIRAC 2021.102  RunTime: Jan28-2022 10:52:15  ShM Nodes: 1  Procs: 1
<Jan28-2022> <10:52:15>  Hydrogen (TZ2P)
<Jan28-2022> <10:52:15>  Net Charge: 0 (Nuclei minus Electrons)
<Jan28-2022> <10:52:15>  Symmetry  : ATOM
<Jan28-2022> <10:52:15>  Coordinates
<Jan28-2022> <10:52:15>     Atom         X           Y           Z   (Angstrom)
<Jan28-2022> <10:52:15>     1.H         0.000000    0.000000    0.000000
<Jan28-2022> <10:52:15>  >>>> CORORT
<Jan28-2022> <10:52:15>  >>>> CLSMAT
<Jan28-2022> <10:52:15>  >>>> ORTHON
<Jan28-2022> <10:52:15>  >>>> GENPT
<Jan28-2022> <10:52:15>  Block Length=  64
<Jan28-2022> <10:52:15>  >>>> PTBAS
<Jan28-2022> <10:52:15>  >>>> CYCLE
<Jan28-2022> <10:52:15>              |Error|         MaxErr       Wt(A-DIIS)
<Jan28-2022> <10:52:15>      1      0.00000000      0.00000000
<Jan28-2022> <10:52:15>      2      0.03080019      0.02591482
<Jan28-2022> <10:52:15>      3      0.01140383      0.01135775    100.0
<Jan28-2022> <10:52:15>      4      0.00327656      0.00327407      2.3
<Jan28-2022> <10:52:15>      5      0.00010041      0.00009754      0.0
<Jan28-2022> <10:52:15>      6      0.00000525      0.00000504      0.0
<Jan28-2022> <10:52:16>      7      0.00000007      0.00000007      0.0
<Jan28-2022> <10:52:16>      8      0.00000000      0.00000000      0.0
<Jan28-2022> <10:52:16>  SCF converged
<Jan28-2022> <10:52:16>      9      0.00000000      0.00000000      0.0
<Jan28-2022> <10:52:16>  >>>> POPAN
<Jan28-2022> <10:52:16>  >>>> DEBYE
<Jan28-2022> <10:52:16>  DIRAC 2021.102  RunTime: Jan28-2022 10:52:16  ShM Nodes: 1  Procs: 1
<Jan28-2022> <10:52:16>  Carbon (TZ2P)
<Jan28-2022> <10:52:16>  Net Charge: 0 (Nuclei minus Electrons)
<Jan28-2022> <10:52:16>  Symmetry  : ATOM
<Jan28-2022> <10:52:16>  Coordinates
<Jan28-2022> <10:52:16>     Atom         X           Y           Z   (Angstrom)
<Jan28-2022> <10:52:16>     1.C         0.000000    0.000000    0.000000
<Jan28-2022> <10:52:16>  >>>> CORORT
<Jan28-2022> <10:52:16>  >>>> CLSMAT
<Jan28-2022> <10:52:16>  >>>> ORTHON
<Jan28-2022> <10:52:16>  >>>> GENPT
<Jan28-2022> <10:52:16>  Block Length=  72
<Jan28-2022> <10:52:16>  >>>> PTBAS
<Jan28-2022> <10:52:16>  >>>> CYCLE
<Jan28-2022> <10:52:17>              |Error|         MaxErr       Wt(A-DIIS)
<Jan28-2022> <10:52:17>      1      0.00000000      0.00000000
<Jan28-2022> <10:52:17>      2      4.48405934      3.32161898    100.0
<Jan28-2022> <10:52:17>      3      1.60718414      1.28408746    100.0
<Jan28-2022> <10:52:17>      4      0.76426456      0.62272052    100.0
<Jan28-2022> <10:52:17>      5      0.36119063      0.28553990    100.0
<Jan28-2022> <10:52:17>      6      0.14821424      0.11559867    100.0
<Jan28-2022> <10:52:17>      7      0.10108424      0.07867111     78.5
<Jan28-2022> <10:52:17>      8      0.01786531      0.01387049     13.0
<Jan28-2022> <10:52:17>      9      0.00195746      0.00153262      0.5
<Jan28-2022> <10:52:17>     10      0.00001058      0.00000730      0.0
<Jan28-2022> <10:52:17>     11      0.00000047      0.00000027      0.0
<Jan28-2022> <10:52:17>     12      0.00000003      0.00000002      0.0
<Jan28-2022> <10:52:17>     13      0.00000000      0.00000000      0.0
<Jan28-2022> <10:52:17>  SCF converged
<Jan28-2022> <10:52:17>     14      0.00000000      0.00000000      0.0
<Jan28-2022> <10:52:17>  >>>> POPAN
<Jan28-2022> <10:52:17>  >>>> DEBYE
<Jan28-2022> <10:52:17>  DIRAC 2021.102  RunTime: Jan28-2022 10:52:17  ShM Nodes: 1  Procs: 1
<Jan28-2022> <10:52:18>  Oxygen (TZ2P)
<Jan28-2022> <10:52:18>  Net Charge: 0 (Nuclei minus Electrons)
<Jan28-2022> <10:52:18>  Symmetry  : ATOM
<Jan28-2022> <10:52:18>  Coordinates
<Jan28-2022> <10:52:18>     Atom         X           Y           Z   (Angstrom)
<Jan28-2022> <10:52:18>     1.O         0.000000    0.000000    0.000000
<Jan28-2022> <10:52:18>  >>>> CORORT
<Jan28-2022> <10:52:18>  >>>> CLSMAT
<Jan28-2022> <10:52:18>  >>>> ORTHON
<Jan28-2022> <10:52:18>  >>>> GENPT
<Jan28-2022> <10:52:18>  Block Length=  68
<Jan28-2022> <10:52:18>  >>>> PTBAS
<Jan28-2022> <10:52:18>  >>>> CYCLE
<Jan28-2022> <10:52:18>              |Error|         MaxErr       Wt(A-DIIS)
<Jan28-2022> <10:52:18>      1      0.00000000      0.00000000
<Jan28-2022> <10:52:18>      2      8.77210307      5.53374266    100.0
<Jan28-2022> <10:52:18>      3      3.60058093      2.49154808    100.0
<Jan28-2022> <10:52:18>      4      1.20505529      0.62472425    100.0
<Jan28-2022> <10:52:18>      5      1.46502638      0.81213311    100.0
<Jan28-2022> <10:52:18>      6      0.15089362      0.09131786     91.2
<Jan28-2022> <10:52:18>      7      0.14397311      0.08251182     82.3
<Jan28-2022> <10:52:18>      8      0.00183259      0.00123681      0.2
<Jan28-2022> <10:52:18>      9      0.00015629      0.00008105      0.0
<Jan28-2022> <10:52:18>     10      0.00001324      0.00000629      0.0
<Jan28-2022> <10:52:18>     11      0.00000006      0.00000003      0.0
<Jan28-2022> <10:52:18>     12      0.00000000      0.00000000      0.0
<Jan28-2022> <10:52:18>  SCF converged
<Jan28-2022> <10:52:18>     13      0.00000000      0.00000000      0.0
<Jan28-2022> <10:52:19>  >>>> POPAN
<Jan28-2022> <10:52:19>  >>>> DEBYE
<Jan28-2022> <10:52:19>  *** GOStep1 ***
<Jan28-2022> <10:52:19>  >>>> FRAGM
<Jan28-2022> <10:52:19>  Coordinates
<Jan28-2022> <10:52:19>     Atom         X           Y           Z   (Angstrom)
<Jan28-2022> <10:52:19>     1.H         0.090394   -1.809885   -0.515559
<Jan28-2022> <10:52:19>     2.C        -0.907818   -0.007713   -0.049435
<Jan28-2022> <10:52:19>     3.C         0.182665   -0.752196   -0.265123
<Jan28-2022> <10:52:19>     4.C         1.559289   -0.220140   -0.182914
<Jan28-2022> <10:52:19>     5.O         2.583976   -0.852705   -0.383666
<Jan28-2022> <10:52:19>     6.H        -0.824316    1.044913    0.202426
<Jan28-2022> <10:52:19>     7.C        -3.323745    0.413635    0.391358
<Jan28-2022> <10:52:19>     8.C        -2.321176   -0.611376   -0.147475
<Jan28-2022> <10:52:19>     9.C        -2.359818   -1.892023    0.691919
<Jan28-2022> <10:52:19>    10.C        -2.612631   -0.924938   -1.618143
<Jan28-2022> <10:52:19>    11.H        -1.882309   -1.636325   -2.005335
<Jan28-2022> <10:52:19>    12.H        -4.340294    0.020309    0.337946
<Jan28-2022> <10:52:19>    13.H        -3.276229    1.332985   -0.193363
<Jan28-2022> <10:52:19>    14.H        -3.098432    0.652858    1.431245
<Jan28-2022> <10:52:19>    15.H        -3.349268   -2.350169    0.646957
<Jan28-2022> <10:52:19>    16.H        -2.127862   -1.668690    1.733878
<Jan28-2022> <10:52:19>    17.H        -1.627754   -2.610075    0.320647
<Jan28-2022> <10:52:19>    18.H        -3.609188   -1.355896   -1.728047
<Jan28-2022> <10:52:19>    19.H        -2.560214   -0.014813   -2.216712
<Jan28-2022> <10:52:19>    20.H         1.618468    0.815477    0.079567
<Jan28-2022> <10:52:19>  >>>> CORORT
<Jan28-2022> <10:52:19>  >>>> CLSMAT
<Jan28-2022> <10:52:19>  >>>> ORTHON
<Jan28-2022> <10:52:20>  >>>> GENPT
<Jan28-2022> <10:52:21>  Block Length= 128
<Jan28-2022> <10:52:22>  >>>> PTBAS
<Jan28-2022> <10:52:56>  >>>> CYCLE
<Jan28-2022> <10:54:10>              |Error|         MaxErr       Wt(A-DIIS)
<Jan28-2022> <10:54:10>      1      7.02732950      1.05004222
<Jan28-2022> <10:55:04>      2      1.22644939      0.17393493    100.0
<Jan28-2022> <10:55:59>      3      0.65302419      0.07724880    100.0
<Jan28-2022> <10:56:56>      4      0.98223912      0.12289985    100.0
<Jan28-2022> <10:57:53>      5      0.16087615      0.02038777     19.6
<Jan28-2022> <10:58:50>      6      0.11991635      0.02553357     19.6
<Jan28-2022> <10:59:47>      7      0.03820431      0.00920140      8.3
<Jan28-2022> <11:00:44>      8      0.01105050      0.00312585      2.1
<Jan28-2022> <11:01:40>      9      0.00446443      0.00101066      0.0
<Jan28-2022> <11:02:37>     10      0.00050206      0.00010303      0.0
<Jan28-2022> <11:03:33>     11      0.00018329      0.00002143      0.0
<Jan28-2022> <11:04:29>     12      0.00003719      0.00000460      0.0
<Jan28-2022> <11:05:26>     13      0.00001643      0.00000195      0.0
<Jan28-2022> <11:06:24>     14      0.00000402      0.00000088      0.0
<Jan28-2022> <11:06:42>  SCF converged
<Jan28-2022> <11:07:21>     15      0.00000082      0.00000008      0.0
<Jan28-2022> <11:07:39>  >>>> TOTEN
<Jan28-2022> <11:08:49>  >>>> POPAN
<Jan28-2022> <11:08:49>  >>>> DEBYE
<Jan28-2022> <11:08:49>  >>>> ENGRAD
<Jan28-2022> <11:11:08>  current energy                               -4.01954790 Hartree
<Jan28-2022> <11:11:08>  energy change                      -4.01954790     0.00020000    F
<Jan28-2022> <11:11:08>  constrained gradient max            0.05391789     0.00100000    F
<Jan28-2022> <11:11:08>  constrained gradient rms            0.01184989     0.00066667    F
<Jan28-2022> <11:11:08>  gradient max                        0.05391789
<Jan28-2022> <11:11:08>  gradient rms                        0.01184989
<Jan28-2022> <11:11:08>  cart. step max                      0.17787474     0.01000000    F
<Jan28-2022> <11:11:08>  cart. step rms                      0.06294480     0.00666667    F
<Jan28-2022> <11:11:08>  Iteration 2
<Jan28-2022> <11:11:09>  *** GOStep2 ***
<Jan28-2022> <11:11:09>  >>>> FRAGM
<Jan28-2022> <11:11:09>  Coordinates
<Jan28-2022> <11:11:09>     Atom         X           Y           Z   (Angstrom)
<Jan28-2022> <11:11:09>     1.H         0.268269   -1.823681   -0.543333
<Jan28-2022> <11:11:09>     2.C        -0.872153   -0.090887   -0.056842
<Jan28-2022> <11:11:09>     3.C         0.268856   -0.768244   -0.278326
<Jan28-2022> <11:11:09>     4.C         1.590117   -0.124662   -0.187882
<Jan28-2022> <11:11:09>     5.O         2.652927   -0.689770   -0.395035
<Jan28-2022> <11:11:09>     6.H        -0.799886    0.967223    0.189712
<Jan28-2022> <11:11:09>     7.C        -3.268161    0.422447    0.395994
<Jan28-2022> <11:11:09>     8.C        -2.305840   -0.649898   -0.143222
<Jan28-2022> <11:11:09>     9.C        -2.455568   -1.929433    0.702249
<Jan28-2022> <11:11:09>    10.C        -2.634693   -0.944971   -1.619228
<Jan28-2022> <11:11:09>    11.H        -1.960050   -1.698784   -2.030130
<Jan28-2022> <11:11:09>    12.H        -4.304691    0.078711    0.342474
<Jan28-2022> <11:11:09>    13.H        -3.188233    1.345272   -0.184962
<Jan28-2022> <11:11:09>    14.H        -3.044245    0.657930    1.439889
<Jan28-2022> <11:11:09>    15.H        -3.482105   -2.302802    0.645338
<Jan28-2022> <11:11:09>    16.H        -2.224163   -1.731904    1.751817
<Jan28-2022> <11:11:09>    17.H        -1.793398   -2.723085    0.354196
<Jan28-2022> <11:11:09>    18.H        -3.659255   -1.316518   -1.714211
<Jan28-2022> <11:11:09>    19.H        -2.543418   -0.042326   -2.229024
<Jan28-2022> <11:11:09>    20.H         1.569430    0.938617    0.090700
<Jan28-2022> <11:11:10>  >>>> CORORT
<Jan28-2022> <11:11:10>  >>>> CLSMAT
<Jan28-2022> <11:11:10>  >>>> ORTHON
<Jan28-2022> <11:11:10>  >>>> GENPT
<Jan28-2022> <11:11:10>  Block Length= 128
<Jan28-2022> <11:11:12>  >>>> PTBAS
<Jan28-2022> <11:11:46>  >>>> CYCLE
<Jan28-2022> <11:12:25>  using orbital data from restart file
<Jan28-2022> <11:13:03>              |Error|         MaxErr       Wt(A-DIIS)
<Jan28-2022> <11:13:03>      1      0.25363352      0.07960092
<Jan28-2022> <11:13:58>      2      0.05467855      0.01020588    100.0
<Jan28-2022> <11:14:55>      3      0.13967585      0.03112575    100.0
<Jan28-2022> <11:15:51>      4      0.03760593      0.00672918      5.8
<Jan28-2022> <11:16:47>      5      0.01077291      0.00306485      2.1
<Jan28-2022> <11:17:44>      6      0.00403025      0.00093824      0.0
<Jan28-2022> <11:18:40>      7      0.00057861      0.00011099      0.0
<Jan28-2022> <11:19:35>      8      0.00016272      0.00001909      0.0
<Jan28-2022> <11:20:30>      9      0.00003174      0.00000328      0.0
<Jan28-2022> <11:21:24>     10      0.00001028      0.00000113      0.0
<Jan28-2022> <11:22:19>     11      0.00000354      0.00000036      0.0
<Jan28-2022> <11:22:37>  SCF converged
<Jan28-2022> <11:23:15>     12      0.00000065      0.00000010      0.0
<Jan28-2022> <11:23:32>  >>>> TOTEN
<Jan28-2022> <11:24:41>  >>>> POPAN
<Jan28-2022> <11:24:41>  >>>> DEBYE
<Jan28-2022> <11:24:41>  >>>> ENGRAD
<Jan28-2022> <11:26:58>  current energy                               -4.02380205 Hartree
<Jan28-2022> <11:26:58>  energy change                      -0.00425415     0.00020000    F
<Jan28-2022> <11:26:58>  constrained gradient max            0.01935672     0.00100000    F
<Jan28-2022> <11:26:58>  constrained gradient rms            0.00511219     0.00066667    F
<Jan28-2022> <11:26:58>  gradient max                        0.01935672
<Jan28-2022> <11:26:58>  gradient rms                        0.00511219
<Jan28-2022> <11:26:58>  cart. step max                      0.08345909     0.01000000    F
<Jan28-2022> <11:26:58>  cart. step rms                      0.02147186     0.00666667    F
<Jan28-2022> <11:26:58>  Iteration 3
<Jan28-2022> <11:26:59>  *** GOStep3 ***
<Jan28-2022> <11:26:59>  >>>> FRAGM
<Jan28-2022> <11:26:59>  Coordinates
<Jan28-2022> <11:26:59>     Atom         X           Y           Z   (Angstrom)
<Jan28-2022> <11:26:59>     1.H         0.304146   -1.859562   -0.459874
<Jan28-2022> <11:26:59>     2.C        -0.866886   -0.112638   -0.069384
<Jan28-2022> <11:26:59>     3.C         0.279494   -0.791141   -0.255282
<Jan28-2022> <11:26:59>     4.C         1.582549   -0.117790   -0.181569
<Jan28-2022> <11:26:59>     5.O         2.655442   -0.673790   -0.349855
<Jan28-2022> <11:26:59>     6.H        -0.781173    0.951444    0.159229
<Jan28-2022> <11:26:59>     7.C        -3.262772    0.430361    0.402851
<Jan28-2022> <11:26:59>     8.C        -2.301609   -0.644935   -0.146453
<Jan28-2022> <11:26:59>     9.C        -2.447082   -1.936415    0.687900
<Jan28-2022> <11:26:59>    10.C        -2.647894   -0.936203   -1.625068
<Jan28-2022> <11:26:59>    11.H        -1.990869   -1.700569   -2.048357
<Jan28-2022> <11:26:59>    12.H        -4.301229    0.088357    0.354141
<Jan28-2022> <11:26:59>    13.H        -3.192094    1.359297   -0.172800
<Jan28-2022> <11:26:59>    14.H        -3.039192    0.665365    1.448684
<Jan28-2022> <11:26:59>    15.H        -3.478572   -2.300321    0.637579
<Jan28-2022> <11:26:59>    16.H        -2.203409   -1.757414    1.739462
<Jan28-2022> <11:26:59>    17.H        -1.797067   -2.736556    0.325540
<Jan28-2022> <11:26:59>    18.H        -3.680125   -1.293393   -1.708252
<Jan28-2022> <11:26:59>    19.H        -2.553447   -0.036544   -2.241322
<Jan28-2022> <11:26:59>    20.H         1.535529    0.975685    0.033002
<Jan28-2022> <11:26:59>  >>>> CORORT
<Jan28-2022> <11:26:59>  >>>> CLSMAT
<Jan28-2022> <11:26:59>  >>>> ORTHON
<Jan28-2022> <11:26:59>  >>>> GENPT
<Jan28-2022> <11:27:00>  Block Length= 128
<Jan28-2022> <11:27:01>  >>>> PTBAS
<Jan28-2022> <11:27:34>  >>>> CYCLE
<Jan28-2022> <11:28:12>  using orbital data from restart file
<Jan28-2022> <11:28:50>              |Error|         MaxErr       Wt(A-DIIS)
<Jan28-2022> <11:28:50>      1      0.12634442      0.03532226
<Jan28-2022> <11:29:47>      2      0.01573256      0.00265423    100.0
<Jan28-2022> <11:30:45>      3      0.02493575      0.00480998    100.0
<Jan28-2022> <11:31:41>      4      0.00800660      0.00186612      0.9
<Jan28-2022> <11:32:37>      5      0.00353108      0.00077179      0.0
<Jan28-2022> <11:33:33>      6      0.00109480      0.00027358      0.0
<Jan28-2022> <11:34:29>      7      0.00029920      0.00006684      0.0
<Jan28-2022> <11:35:24>      8      0.00007811      0.00001023      0.0
<Jan28-2022> <11:36:20>      9      0.00001520      0.00000202      0.0
<Jan28-2022> <11:37:16>     10      0.00000425      0.00000038      0.0
<Jan28-2022> <11:37:35>  SCF converged
<Jan28-2022> <11:38:12>     11      0.00000151      0.00000013      0.0
<Jan28-2022> <11:38:31>  >>>> TOTEN
<Jan28-2022> <11:39:39>  >>>> POPAN
<Jan28-2022> <11:39:39>  >>>> DEBYE
<Jan28-2022> <11:39:40>  >>>> ENGRAD
<Jan28-2022> <11:41:58>  current energy                               -4.02435776 Hartree
<Jan28-2022> <11:41:58>  energy change                      -0.00055571     0.00020000    F
<Jan28-2022> <11:41:58>  constrained gradient max            0.01035242     0.00100000    F
<Jan28-2022> <11:41:58>  constrained gradient rms            0.00227712     0.00066667    F
<Jan28-2022> <11:41:58>  gradient max                        0.01035242
<Jan28-2022> <11:41:58>  gradient rms                        0.00227712
<Jan28-2022> <11:41:58>  cart. step max                      0.07679094     0.01000000    F
<Jan28-2022> <11:41:58>  cart. step rms                      0.01417319     0.00666667    F
<Jan28-2022> <11:41:58>  Iteration 4
<Jan28-2022> <11:41:59>  *** GOStep4 ***
<Jan28-2022> <11:42:00>  >>>> FRAGM
<Jan28-2022> <11:42:00>  Coordinates
<Jan28-2022> <11:42:00>     Atom         X           Y           Z   (Angstrom)
<Jan28-2022> <11:42:00>     1.H         0.315170   -1.868437   -0.450289
<Jan28-2022> <11:42:00>     2.C        -0.868138   -0.118422   -0.085153
<Jan28-2022> <11:42:00>     3.C         0.279423   -0.799454   -0.250067
<Jan28-2022> <11:42:00>     4.C         1.575464   -0.115867   -0.178366
<Jan28-2022> <11:42:00>     5.O         2.656203   -0.665638   -0.308875
<Jan28-2022> <11:42:00>     6.H        -0.774403    0.958091    0.082438
<Jan28-2022> <11:42:00>     7.C        -3.255805    0.432462    0.409240
<Jan28-2022> <11:42:00>     8.C        -2.296801   -0.643212   -0.146644
<Jan28-2022> <11:42:00>     9.C        -2.440788   -1.939736    0.683419
<Jan28-2022> <11:42:00>    10.C        -2.656427   -0.933745   -1.625683
<Jan28-2022> <11:42:00>    11.H        -2.009596   -1.705381   -2.053121
<Jan28-2022> <11:42:00>    12.H        -4.294198    0.088214    0.366724
<Jan28-2022> <11:42:00>    13.H        -3.191882    1.362469   -0.166795
<Jan28-2022> <11:42:00>    14.H        -3.028116    0.669131    1.454619
<Jan28-2022> <11:42:00>    15.H        -3.475501   -2.297315    0.643111
<Jan28-2022> <11:42:00>    16.H        -2.183841   -1.769665    1.733917
<Jan28-2022> <11:42:00>    17.H        -1.800163   -2.742873    0.308129
<Jan28-2022> <11:42:00>    18.H        -3.693336   -1.281103   -1.699301
<Jan28-2022> <11:42:00>    19.H        -2.559260   -0.036225   -2.245749
<Jan28-2022> <11:42:00>    20.H         1.515734    0.979941    0.058618
<Jan28-2022> <11:42:00>  >>>> CORORT
<Jan28-2022> <11:42:00>  >>>> CLSMAT
<Jan28-2022> <11:42:00>  >>>> ORTHON
<Jan28-2022> <11:42:00>  >>>> GENPT
<Jan28-2022> <11:42:01>  Block Length= 128
<Jan28-2022> <11:42:02>  >>>> PTBAS
<Jan28-2022> <11:42:36>  >>>> CYCLE
<Jan28-2022> <11:43:14>  using orbital data from restart file
<Jan28-2022> <11:43:52>              |Error|         MaxErr       Wt(A-DIIS)
<Jan28-2022> <11:43:52>      1      0.10017839      0.04055316
<Jan28-2022> <11:44:49>      2      0.01082981      0.00222147    100.0
<Jan28-2022> <11:45:44>      3      0.00967205      0.00147010    100.0
<Jan28-2022> <11:46:38>      4      0.00493022      0.00131168      0.3
