
 *******************************************************************************
 *                                                                             *
 *  --------------------------------                                           *
 *   Amsterdam Modeling Suite (AMS)              2021.102                      *
 *  --------------------------------                                           *
 *                                               r95042 2021-06-07             *
 *                                                                             *
 *                                                                             *
 *                              =================                              *
 *                              |               |                              *
 *                              |     A M S     |                              *
 *                              |               |                              *
 *                              =================                              *
 *                                                                             *
 *                                                                             *
 *   Online information and documentation:  https://www.scm.com/support/       *
 *   E-mail:  support@scm.com   info@scm.com                                   *
 *                                                                             *
 *   Scientific publications using AMS results must be properly referenced     *
 *   See the User Manuals (or the web site) for recommended citations          *
 *   The terms and conditions of the End User License Agreement apply to       *
 *   the use of AMS, https://www.scm.com/license-terms/                        *
 *                                                                             *
 **********************  x86_64_linux_intel / intelmpi  ************************
 
 Licensed to: VU/FEW (+ SARA) / ALGEMEEN / Amsterdam / THE NETHERLANDS
 SCM User ID: u7668
  
 AMS 2021.102  RunTime: Jan20-2022 13:33:38  ShM Nodes: 1  Procs: 1

 AMS jobname: 5.no_catalyst_F_H.Rsub
 AMS jobid  : 517651077

 Start   directory: /scistor/tc/yhk800/MasterProject/calculations/no_catalyst_F_H/5.no_catalyst_F_H.Rsub/
 Results directory: /scistor/tc/yhk800/MasterProject/calculations/no_catalyst_F_H/5.no_catalyst_F_H.Rsub/
 Scratch directory: /scratch/3513/amstmp_5.no_catalyst_F_H.Rsub_kid0.517651077/

 RNG seed: 1320557307 319327342 -1947894070 -1116673476 -1376928290 1064111043 -2066351273 -858799767



                      ************************************************************************
                      *  ADF 2021.102  RunTime: Jan20-2022 13:33:39  ShM Nodes: 1  Procs: 1  *
                      ************************************************************************
  
       ***************************
       *  GEOMETRY OPTIMIZATION  *
       ***************************

Optimization Method                    Quasi Newton
Optimization Coordinates               Delocalized Coordinates
Optimize lattice                       F
 
 ------------------------------------------------------
 Convergence criteria (Hartree,Angstrom)
 ------------------------------------------------------
 Maximum gradient               0.001000000000
 Maximum rms gradient           0.000666666667
 Maximum step allowed           0.010000000000
 Maximum rms step allowed       0.006666666667
 Maximum energy change allowe   0.000080000000
 Maximum stress energy allowe   0.000500000000
 
Initial model Hessian                  Automatic Hessian
 
------------------------------------
Quasi-Newton Optimizer Parameters
------------------------------------
Hessian Update Method                  BFGS
Maximum number of steps                  250
First GDIIS cycle                          0
Maximum GDIIS vectors                      0
Trust radius (bohr)                        0.200000
Trust radius varies                        T
Constraints converged at all steps         T
Use projector                              T
 
 Rigid motions settings for: old optimizer
 Atomic rotations (x,y,z):     T T T
 Atomic translations (x,y,z):  T T T
 Tolerance:                   1.000000000000000E-006
 
--------
Geometry
--------
Formula: C3H3FO
Atoms
  Index Symbol   x (angstrom)   y (angstrom)   z (angstrom)
      1      C     0.31224700     0.44519900     0.00000000
      2      C     0.98391400    -0.71430800     0.00000000
      3      H     0.45842300    -1.66804700     0.00000000
      4      C    -1.16278400     0.48525400     0.00000000
      5      H     0.82313200     1.40706500     0.00000000
      6      O    -1.82405800     1.50729100     0.00000000
      7      H     2.05326402    -0.75159776     0.00000000
      8      F    -1.78571247    -0.77968083     0.00000000
 
Total System Charge             0.00000
 
 
----------------
ADF Engine Input
----------------
 
 NumericalQuality VeryGood
 SCF
 Converge 1.0e-6
 Iterations 99
 End
 SYMMETRY NOSYM
 XC
 GGA OLYP
 End
 basis
 core None
 type TZ2P
 End
 

 Title: *** (NO TITLE) ***

Number of symmetry operators: 2
Schoenflies symbol:           C(S)
 Using automatic Hessian for delocalized coordinates.
 *** GOStep1 ***

 Energy gradients wrt nuclear displacements
 ==========================================

     Atom      Cartesian (a.u./angstrom)
                 X         Y         Z
 ----------------------------------------
     1 C     0.005052  0.026532  0.000000
     2 C     0.018408  0.003697  0.000000
     3 H    -0.002125 -0.004282  0.000000
     4 C     0.035145 -0.051804  0.000000
     5 H     0.008081  0.001132  0.000000
     6 O    -0.024598  0.065497 -0.000000
     7 H    -0.022462 -0.002595  0.000000
     8 F    -0.017501 -0.038177  0.000000
 ----------------------------------------
 Mulliken charges used for AMS results%charges...
 
----------------------------------------------------------------------
Geometry Convergence after Step   1       (Hartree/Angstrom,Angstrom)
----------------------------------------------------------------------
current energy                               -1.72015870 Hartree
energy change                      -1.72015870     0.00008000    F
constrained gradient max            0.06549517     0.00100000    F
constrained gradient rms            0.02260175     0.00066667    F
gradient max                        0.06549517
gradient rms                        0.02260175
cart. step max                      0.04954413     0.01000000    F
cart. step rms                      0.01692452     0.00666667    F
 
 
--------
Geometry
--------
Formula: C3H3FO
Atoms
  Index Symbol   x (angstrom)   y (angstrom)   z (angstrom)
      1      C     0.30047615     0.42233195     0.00000000
      2      C     0.99060639    -0.72648078     0.00000000
      3      H     0.48580149    -1.68831227     0.00000000
      4      C    -1.16918799     0.50866670     0.00000000
      5      H     0.80075815     1.38673615     0.00000000
      6      O    -1.82830179     1.49417498     0.00000000
      7      H     2.07286002    -0.73580462     0.00000000
      8      F    -1.79458687    -0.73013670     0.00000000
 
Total System Charge             0.00000
 
 *** GOStep2 ***
