<Jan20-2022> <13:33:38>  AMS 2021.102  RunTime: Jan20-2022 13:33:38  ShM Nodes: 1  Procs: 1
<Jan20-2022> <13:33:39>  ADF 2021.102  RunTime: Jan20-2022 13:33:39  ShM Nodes: 1  Procs: 1
<Jan20-2022> <13:33:39>  *** (NO TITLE) ***
<Jan20-2022> <13:33:39>  Symmetry detected: C(S)
<Jan20-2022> <13:33:39>  Iteration 1
<Jan20-2022> <13:33:39>  DIRAC 2021.102  RunTime: Jan20-2022 13:33:39  ShM Nodes: 1  Procs: 1
<Jan20-2022> <13:33:39>  Carbon (TZ2P)
<Jan20-2022> <13:33:39>  Net Charge: 0 (Nuclei minus Electrons)
<Jan20-2022> <13:33:39>  Symmetry  : ATOM
<Jan20-2022> <13:33:39>  Coordinates
<Jan20-2022> <13:33:39>     Atom         X           Y           Z   (Angstrom)
<Jan20-2022> <13:33:39>     1.C         0.000000    0.000000    0.000000
<Jan20-2022> <13:33:39>  >>>> CORORT
<Jan20-2022> <13:33:39>  >>>> CLSMAT
<Jan20-2022> <13:33:39>  >>>> ORTHON
<Jan20-2022> <13:33:39>  >>>> GENPT
<Jan20-2022> <13:33:39>  Block Length=  72
<Jan20-2022> <13:33:39>  >>>> PTBAS
<Jan20-2022> <13:33:39>  >>>> CYCLE
<Jan20-2022> <13:33:39>              |Error|         MaxErr       Wt(A-DIIS)
<Jan20-2022> <13:33:39>      1      0.00000000      0.00000000
<Jan20-2022> <13:33:39>      2      4.48405934      3.32161898    100.0
<Jan20-2022> <13:33:39>      3      1.60718414      1.28408746    100.0
<Jan20-2022> <13:33:39>      4      0.76426456      0.62272052    100.0
<Jan20-2022> <13:33:39>      5      0.36119063      0.28553990    100.0
<Jan20-2022> <13:33:39>      6      0.14821424      0.11559867    100.0
<Jan20-2022> <13:33:39>      7      0.10108424      0.07867111     78.5
<Jan20-2022> <13:33:39>      8      0.01786531      0.01387049     13.0
<Jan20-2022> <13:33:39>      9      0.00195746      0.00153262      0.5
<Jan20-2022> <13:33:39>     10      0.00001058      0.00000730      0.0
<Jan20-2022> <13:33:39>     11      0.00000047      0.00000027      0.0
<Jan20-2022> <13:33:39>     12      0.00000003      0.00000002      0.0
<Jan20-2022> <13:33:39>     13      0.00000000      0.00000000      0.0
<Jan20-2022> <13:33:39>  SCF converged
<Jan20-2022> <13:33:39>     14      0.00000000      0.00000000      0.0
<Jan20-2022> <13:33:39>  >>>> POPAN
<Jan20-2022> <13:33:39>  >>>> DEBYE
<Jan20-2022> <13:33:39>  DIRAC 2021.102  RunTime: Jan20-2022 13:33:39  ShM Nodes: 1  Procs: 1
<Jan20-2022> <13:33:40>  Hydrogen (TZ2P)
<Jan20-2022> <13:33:40>  Net Charge: 0 (Nuclei minus Electrons)
<Jan20-2022> <13:33:40>  Symmetry  : ATOM
<Jan20-2022> <13:33:40>  Coordinates
<Jan20-2022> <13:33:40>     Atom         X           Y           Z   (Angstrom)
<Jan20-2022> <13:33:40>     1.H         0.000000    0.000000    0.000000
<Jan20-2022> <13:33:40>  >>>> CORORT
<Jan20-2022> <13:33:40>  >>>> CLSMAT
<Jan20-2022> <13:33:40>  >>>> ORTHON
<Jan20-2022> <13:33:40>  >>>> GENPT
<Jan20-2022> <13:33:40>  Block Length=  64
<Jan20-2022> <13:33:40>  >>>> PTBAS
<Jan20-2022> <13:33:40>  >>>> CYCLE
<Jan20-2022> <13:33:40>              |Error|         MaxErr       Wt(A-DIIS)
<Jan20-2022> <13:33:40>      1      0.00000000      0.00000000
<Jan20-2022> <13:33:40>      2      0.03080019      0.02591482
<Jan20-2022> <13:33:40>      3      0.01140383      0.01135775    100.0
<Jan20-2022> <13:33:40>      4      0.00327656      0.00327407      2.3
<Jan20-2022> <13:33:40>      5      0.00010041      0.00009754      0.0
<Jan20-2022> <13:33:40>      6      0.00000525      0.00000504      0.0
<Jan20-2022> <13:33:40>      7      0.00000007      0.00000007      0.0
<Jan20-2022> <13:33:40>      8      0.00000000      0.00000000      0.0
<Jan20-2022> <13:33:40>  SCF converged
<Jan20-2022> <13:33:40>      9      0.00000000      0.00000000      0.0
<Jan20-2022> <13:33:40>  >>>> POPAN
<Jan20-2022> <13:33:40>  >>>> DEBYE
<Jan20-2022> <13:33:40>  DIRAC 2021.102  RunTime: Jan20-2022 13:33:40  ShM Nodes: 1  Procs: 1
<Jan20-2022> <13:33:40>  Oxygen (TZ2P)
<Jan20-2022> <13:33:40>  Net Charge: 0 (Nuclei minus Electrons)
<Jan20-2022> <13:33:40>  Symmetry  : ATOM
<Jan20-2022> <13:33:40>  Coordinates
<Jan20-2022> <13:33:40>     Atom         X           Y           Z   (Angstrom)
<Jan20-2022> <13:33:40>     1.O         0.000000    0.000000    0.000000
<Jan20-2022> <13:33:40>  >>>> CORORT
<Jan20-2022> <13:33:40>  >>>> CLSMAT
<Jan20-2022> <13:33:40>  >>>> ORTHON
<Jan20-2022> <13:33:40>  >>>> GENPT
<Jan20-2022> <13:33:40>  Block Length=  68
<Jan20-2022> <13:33:40>  >>>> PTBAS
<Jan20-2022> <13:33:40>  >>>> CYCLE
<Jan20-2022> <13:33:40>              |Error|         MaxErr       Wt(A-DIIS)
<Jan20-2022> <13:33:40>      1      0.00000000      0.00000000
<Jan20-2022> <13:33:40>      2      8.77210307      5.53374266    100.0
<Jan20-2022> <13:33:40>      3      3.60058093      2.49154808    100.0
<Jan20-2022> <13:33:40>      4      1.20505529      0.62472425    100.0
<Jan20-2022> <13:33:40>      5      1.46502638      0.81213311    100.0
<Jan20-2022> <13:33:40>      6      0.15089362      0.09131786     91.2
<Jan20-2022> <13:33:40>      7      0.14397311      0.08251182     82.3
<Jan20-2022> <13:33:40>      8      0.00183259      0.00123681      0.2
<Jan20-2022> <13:33:41>      9      0.00015629      0.00008105      0.0
<Jan20-2022> <13:33:41>     10      0.00001324      0.00000629      0.0
<Jan20-2022> <13:33:41>     11      0.00000006      0.00000003      0.0
<Jan20-2022> <13:33:41>     12      0.00000000      0.00000000      0.0
<Jan20-2022> <13:33:41>  SCF converged
<Jan20-2022> <13:33:41>     13      0.00000000      0.00000000      0.0
<Jan20-2022> <13:33:41>  >>>> POPAN
<Jan20-2022> <13:33:41>  >>>> DEBYE
<Jan20-2022> <13:33:41>  DIRAC 2021.102  RunTime: Jan20-2022 13:33:41  ShM Nodes: 1  Procs: 1
<Jan20-2022> <13:33:41>  Fluorine (TZ2P)
<Jan20-2022> <13:33:41>  Net Charge: 0 (Nuclei minus Electrons)
<Jan20-2022> <13:33:41>  Symmetry  : ATOM
<Jan20-2022> <13:33:41>  Coordinates
<Jan20-2022> <13:33:41>     Atom         X           Y           Z   (Angstrom)
<Jan20-2022> <13:33:41>     1.F         0.000000    0.000000    0.000000
<Jan20-2022> <13:33:41>  >>>> CORORT
<Jan20-2022> <13:33:41>  >>>> CLSMAT
<Jan20-2022> <13:33:41>  >>>> ORTHON
<Jan20-2022> <13:33:41>  >>>> GENPT
<Jan20-2022> <13:33:41>  Block Length=  76
<Jan20-2022> <13:33:41>  >>>> PTBAS
<Jan20-2022> <13:33:41>  >>>> CYCLE
<Jan20-2022> <13:33:41>              |Error|         MaxErr       Wt(A-DIIS)
<Jan20-2022> <13:33:41>      1      0.00000000      0.00000000
<Jan20-2022> <13:33:41>      2     11.39970762      4.85721148    100.0
<Jan20-2022> <13:33:41>      3      5.17310012      3.16632108    100.0
<Jan20-2022> <13:33:41>      4      1.04882283      0.49392043    100.0
<Jan20-2022> <13:33:41>      5      1.72142161      0.84736739    100.0
<Jan20-2022> <13:33:41>      6      0.21842580      0.10780687    100.0
<Jan20-2022> <13:33:41>      7      0.28524155      0.13554881    100.0
<Jan20-2022> <13:33:41>      8      0.02856437      0.01389479     13.0
<Jan20-2022> <13:33:41>      9      0.00489297      0.00234741      1.4
<Jan20-2022> <13:33:41>     10      0.00009261      0.00004462      0.0
<Jan20-2022> <13:33:41>     11      0.00000010      0.00000005      0.0
<Jan20-2022> <13:33:41>     12      0.00000000      0.00000000      0.0
<Jan20-2022> <13:33:41>  SCF converged
<Jan20-2022> <13:33:41>     13      0.00000000      0.00000000      0.0
<Jan20-2022> <13:33:41>  >>>> POPAN
<Jan20-2022> <13:33:41>  >>>> DEBYE
<Jan20-2022> <13:33:41>  *** GOStep1 ***
<Jan20-2022> <13:33:41>  >>>> FRAGM
<Jan20-2022> <13:33:42>  Coordinates
<Jan20-2022> <13:33:42>     Atom         X           Y           Z   (Angstrom)
<Jan20-2022> <13:33:42>     1.C         0.312247    0.445199    0.000000
<Jan20-2022> <13:33:42>     2.C         0.983914   -0.714308    0.000000
<Jan20-2022> <13:33:42>     3.H         0.458423   -1.668047    0.000000
<Jan20-2022> <13:33:42>     4.C        -1.162784    0.485254    0.000000
<Jan20-2022> <13:33:42>     5.H         0.823132    1.407065    0.000000
<Jan20-2022> <13:33:42>     6.O        -1.824058    1.507291    0.000000
<Jan20-2022> <13:33:42>     7.H         2.053264   -0.751598    0.000000
<Jan20-2022> <13:33:42>     8.F        -1.785712   -0.779681    0.000000
<Jan20-2022> <13:33:42>  >>>> CORORT
<Jan20-2022> <13:33:42>  >>>> CLSMAT
<Jan20-2022> <13:33:42>  >>>> ORTHON
<Jan20-2022> <13:33:42>  >>>> GENPT
<Jan20-2022> <13:33:42>  Block Length= 128
<Jan20-2022> <13:33:42>  >>>> PTBAS
<Jan20-2022> <13:33:49>  >>>> CYCLE
<Jan20-2022> <13:34:07>              |Error|         MaxErr       Wt(A-DIIS)
<Jan20-2022> <13:34:07>      1      4.79307888      1.03890687
<Jan20-2022> <13:34:21>      2      0.88999572      0.18441677    100.0
<Jan20-2022> <13:34:34>      3      0.41737600      0.06519679    100.0
<Jan20-2022> <13:34:47>      4      0.64758244      0.13172821    100.0
<Jan20-2022> <13:35:00>      5      0.16819873      0.03894393     38.3
<Jan20-2022> <13:35:13>      6      0.22786424      0.06409181    100.0
<Jan20-2022> <13:35:26>      7      0.06305223      0.01313736     12.3
<Jan20-2022> <13:35:39>      8      0.02075052      0.00555841      4.6
<Jan20-2022> <13:35:52>      9      0.00336415      0.00100969      0.0
<Jan20-2022> <13:36:06>     10      0.00118047      0.00028890      0.0
<Jan20-2022> <13:36:19>     11      0.00020283      0.00004522      0.0
<Jan20-2022> <13:36:32>     12      0.00001978      0.00000283      0.0
<Jan20-2022> <13:36:45>     13      0.00000393      0.00000058      0.0
<Jan20-2022> <13:36:49>  SCF converged
<Jan20-2022> <13:36:57>     14      0.00000057      0.00000010      0.0
<Jan20-2022> <13:37:01>  >>>> TOTEN
<Jan20-2022> <13:37:20>  >>>> POPAN
<Jan20-2022> <13:37:20>  >>>> DEBYE
<Jan20-2022> <13:37:20>  >>>> ENGRAD
<Jan20-2022> <13:37:51>  current energy                               -1.72015870 Hartree
<Jan20-2022> <13:37:51>  energy change                      -1.72015870     0.00008000    F
<Jan20-2022> <13:37:51>  constrained gradient max            0.06549517     0.00100000    F
<Jan20-2022> <13:37:51>  constrained gradient rms            0.02260175     0.00066667    F
<Jan20-2022> <13:37:51>  gradient max                        0.06549517
<Jan20-2022> <13:37:51>  gradient rms                        0.02260175
<Jan20-2022> <13:37:51>  cart. step max                      0.04954413     0.01000000    F
<Jan20-2022> <13:37:51>  cart. step rms                      0.01692452     0.00666667    F
<Jan20-2022> <13:37:51>  Iteration 2
<Jan20-2022> <13:37:51>  *** GOStep2 ***
<Jan20-2022> <13:37:51>  >>>> FRAGM
<Jan20-2022> <13:37:51>  Coordinates
<Jan20-2022> <13:37:51>     Atom         X           Y           Z   (Angstrom)
<Jan20-2022> <13:37:51>     1.C         0.300476    0.422332    0.000000
<Jan20-2022> <13:37:51>     2.C         0.990606   -0.726481    0.000000
<Jan20-2022> <13:37:51>     3.H         0.485801   -1.688312    0.000000
<Jan20-2022> <13:37:51>     4.C        -1.169188    0.508667    0.000000
<Jan20-2022> <13:37:51>     5.H         0.800758    1.386736    0.000000
<Jan20-2022> <13:37:51>     6.O        -1.828302    1.494175    0.000000
<Jan20-2022> <13:37:51>     7.H         2.072860   -0.735805    0.000000
<Jan20-2022> <13:37:51>     8.F        -1.794587   -0.730137    0.000000
<Jan20-2022> <13:37:51>  >>>> CORORT
<Jan20-2022> <13:37:51>  >>>> CLSMAT
<Jan20-2022> <13:37:51>  >>>> ORTHON
<Jan20-2022> <13:37:51>  >>>> GENPT
<Jan20-2022> <13:37:52>  Block Length= 128
<Jan20-2022> <13:37:52>  >>>> PTBAS
<Jan20-2022> <13:38:00>  >>>> CYCLE
<Jan20-2022> <13:38:08>  using orbital data from restart file
<Jan20-2022> <13:38:17>              |Error|         MaxErr       Wt(A-DIIS)
<Jan20-2022> <13:38:17>      1      0.19349912      0.06598159
<Jan20-2022> <13:38:30>      2      0.05600195      0.00913876    100.0
<Jan20-2022> <13:38:43>      3      0.02521087      0.00462950    100.0
<Jan20-2022> <13:38:56>      4      0.04066606      0.00589123    100.0
<Jan20-2022> <13:39:09>      5      0.00892697      0.00181858      0.8
<Jan20-2022> <13:39:23>      6      0.00318416      0.00073363      0.0
<Jan20-2022> <13:39:36>      7      0.00100546      0.00020464      0.0
<Jan20-2022> <13:39:49>      8      0.00023114      0.00005830      0.0
<Jan20-2022> <13:40:02>      9      0.00008112      0.00001085      0.0
<Jan20-2022> <13:40:14>     10      0.00000971      0.00000190      0.0
<Jan20-2022> <13:40:27>     11      0.00000180      0.00000046      0.0
<Jan20-2022> <13:40:31>  SCF converged
<Jan20-2022> <13:40:41>     12      0.00000034      0.00000006      0.0
<Jan20-2022> <13:40:45>  >>>> TOTEN
<Jan20-2022> <13:41:04>  >>>> POPAN
<Jan20-2022> <13:41:04>  >>>> DEBYE
<Jan20-2022> <13:41:04>  >>>> ENGRAD
