<Jan27-2022> <21:29:47>  AMS 2021.102  RunTime: Jan27-2022 21:29:47  ShM Nodes: 1  Procs: 4
<Jan27-2022> <21:29:48>  ADF 2021.102  RunTime: Jan27-2022 21:29:48  ShM Nodes: 1  Procs: 4
<Jan27-2022> <21:29:48>  *** (NO TITLE) ***
<Jan27-2022> <21:29:49>  Iteration 1
<Jan27-2022> <21:29:49>  DIRAC 2021.102  RunTime: Jan27-2022 21:29:49  ShM Nodes: 1  Procs: 1
<Jan27-2022> <21:29:49>  Hydrogen (TZ2P)
<Jan27-2022> <21:29:49>  Net Charge: 0 (Nuclei minus Electrons)
<Jan27-2022> <21:29:49>  Symmetry  : ATOM
<Jan27-2022> <21:29:49>  Coordinates
<Jan27-2022> <21:29:49>     Atom         X           Y           Z   (Angstrom)
<Jan27-2022> <21:29:49>     1.H         0.000000    0.000000    0.000000
<Jan27-2022> <21:29:49>  >>>> CORORT
<Jan27-2022> <21:29:49>  >>>> CLSMAT
<Jan27-2022> <21:29:49>  >>>> ORTHON
<Jan27-2022> <21:29:49>  >>>> GENPT
<Jan27-2022> <21:29:50>  Block Length=  64
<Jan27-2022> <21:29:50>  >>>> PTBAS
<Jan27-2022> <21:29:50>  >>>> CYCLE
<Jan27-2022> <21:29:50>              |Error|         MaxErr       Wt(A-DIIS)
<Jan27-2022> <21:29:50>      1      0.00000000      0.00000000
<Jan27-2022> <21:29:50>      2      0.03080019      0.02591482
<Jan27-2022> <21:29:50>      3      0.01140383      0.01135775    100.0
<Jan27-2022> <21:29:50>      4      0.00327656      0.00327407      2.3
<Jan27-2022> <21:29:50>      5      0.00010041      0.00009754      0.0
<Jan27-2022> <21:29:50>      6      0.00000525      0.00000504      0.0
<Jan27-2022> <21:29:50>      7      0.00000007      0.00000007      0.0
<Jan27-2022> <21:29:50>      8      0.00000000      0.00000000      0.0
<Jan27-2022> <21:29:50>  SCF converged
<Jan27-2022> <21:29:50>      9      0.00000000      0.00000000      0.0
<Jan27-2022> <21:29:50>  >>>> POPAN
<Jan27-2022> <21:29:50>  >>>> DEBYE
<Jan27-2022> <21:29:50>  DIRAC 2021.102  RunTime: Jan27-2022 21:29:50  ShM Nodes: 1  Procs: 1
<Jan27-2022> <21:29:50>  Carbon (TZ2P)
<Jan27-2022> <21:29:51>  Net Charge: 0 (Nuclei minus Electrons)
<Jan27-2022> <21:29:51>  Symmetry  : ATOM
<Jan27-2022> <21:29:51>  Coordinates
<Jan27-2022> <21:29:51>     Atom         X           Y           Z   (Angstrom)
<Jan27-2022> <21:29:51>     1.C         0.000000    0.000000    0.000000
<Jan27-2022> <21:29:51>  >>>> CORORT
<Jan27-2022> <21:29:51>  >>>> CLSMAT
<Jan27-2022> <21:29:51>  >>>> ORTHON
<Jan27-2022> <21:29:51>  >>>> GENPT
<Jan27-2022> <21:29:51>  Block Length=  72
<Jan27-2022> <21:29:51>  >>>> PTBAS
<Jan27-2022> <21:29:51>  >>>> CYCLE
<Jan27-2022> <21:29:51>              |Error|         MaxErr       Wt(A-DIIS)
<Jan27-2022> <21:29:51>      1      0.00000000      0.00000000
<Jan27-2022> <21:29:51>      2      4.48405934      3.32161898    100.0
<Jan27-2022> <21:29:51>      3      1.60718414      1.28408746    100.0
<Jan27-2022> <21:29:51>      4      0.76426456      0.62272052    100.0
<Jan27-2022> <21:29:51>      5      0.36119063      0.28553990    100.0
<Jan27-2022> <21:29:51>      6      0.14821424      0.11559867    100.0
<Jan27-2022> <21:29:51>      7      0.10108424      0.07867111     78.5
<Jan27-2022> <21:29:51>      8      0.01786531      0.01387049     13.0
<Jan27-2022> <21:29:51>      9      0.00195746      0.00153262      0.5
<Jan27-2022> <21:29:51>     10      0.00001058      0.00000730      0.0
<Jan27-2022> <21:29:51>     11      0.00000047      0.00000027      0.0
<Jan27-2022> <21:29:51>     12      0.00000003      0.00000002      0.0
<Jan27-2022> <21:29:51>     13      0.00000000      0.00000000      0.0
<Jan27-2022> <21:29:51>  SCF converged
<Jan27-2022> <21:29:51>     14      0.00000000      0.00000000      0.0
<Jan27-2022> <21:29:51>  >>>> POPAN
<Jan27-2022> <21:29:51>  >>>> DEBYE
<Jan27-2022> <21:29:52>  DIRAC 2021.102  RunTime: Jan27-2022 21:29:52  ShM Nodes: 1  Procs: 1
<Jan27-2022> <21:29:52>  Oxygen (TZ2P)
<Jan27-2022> <21:29:52>  Net Charge: 0 (Nuclei minus Electrons)
<Jan27-2022> <21:29:52>  Symmetry  : ATOM
<Jan27-2022> <21:29:52>  Coordinates
<Jan27-2022> <21:29:52>     Atom         X           Y           Z   (Angstrom)
<Jan27-2022> <21:29:52>     1.O         0.000000    0.000000    0.000000
<Jan27-2022> <21:29:52>  >>>> CORORT
<Jan27-2022> <21:29:52>  >>>> CLSMAT
<Jan27-2022> <21:29:52>  >>>> ORTHON
<Jan27-2022> <21:29:52>  >>>> GENPT
<Jan27-2022> <21:29:52>  Block Length=  68
<Jan27-2022> <21:29:52>  >>>> PTBAS
<Jan27-2022> <21:29:52>  >>>> CYCLE
<Jan27-2022> <21:29:52>              |Error|         MaxErr       Wt(A-DIIS)
<Jan27-2022> <21:29:52>      1      0.00000000      0.00000000
<Jan27-2022> <21:29:53>      2      8.77210307      5.53374266    100.0
<Jan27-2022> <21:29:53>      3      3.60058093      2.49154808    100.0
<Jan27-2022> <21:29:53>      4      1.20505529      0.62472425    100.0
<Jan27-2022> <21:29:53>      5      1.46502638      0.81213311    100.0
<Jan27-2022> <21:29:53>      6      0.15089362      0.09131786     91.2
<Jan27-2022> <21:29:53>      7      0.14397311      0.08251182     82.3
<Jan27-2022> <21:29:53>      8      0.00183259      0.00123681      0.2
<Jan27-2022> <21:29:53>      9      0.00015629      0.00008105      0.0
<Jan27-2022> <21:29:53>     10      0.00001324      0.00000629      0.0
<Jan27-2022> <21:29:53>     11      0.00000006      0.00000003      0.0
<Jan27-2022> <21:29:53>     12      0.00000000      0.00000000      0.0
<Jan27-2022> <21:29:53>  SCF converged
<Jan27-2022> <21:29:53>     13      0.00000000      0.00000000      0.0
<Jan27-2022> <21:29:53>  >>>> POPAN
<Jan27-2022> <21:29:53>  >>>> DEBYE
<Jan27-2022> <21:29:53>  DIRAC 2021.102  RunTime: Jan27-2022 21:29:53  ShM Nodes: 1  Procs: 1
<Jan27-2022> <21:29:54>  Tin (TZ2P, all electron)
<Jan27-2022> <21:29:54>  Net Charge: 0 (Nuclei minus Electrons)
<Jan27-2022> <21:29:54>  Symmetry  : ATOM
<Jan27-2022> <21:29:54>  Coordinates
<Jan27-2022> <21:29:54>     Atom         X           Y           Z   (Angstrom)
<Jan27-2022> <21:29:54>     1.Sn        0.000000    0.000000    0.000000
<Jan27-2022> <21:29:54>  >>>> CORORT
<Jan27-2022> <21:29:54>  >>>> CLSMAT
<Jan27-2022> <21:29:54>  >>>> ORTHON
<Jan27-2022> <21:29:54>  >>>> GENPT
<Jan27-2022> <21:29:54>  Block Length=  94
<Jan27-2022> <21:29:54>  >>>> PTBAS
<Jan27-2022> <21:29:54>  >>>> CYCLE
<Jan27-2022> <21:29:55>              |Error|         MaxErr       Wt(A-DIIS)
<Jan27-2022> <21:29:55>      1      0.00000000      0.00000000
<Jan27-2022> <21:29:55>      2    277.78646077     36.34955503    100.0
<Jan27-2022> <21:29:56>      3    108.37475236     33.32898342    100.0
<Jan27-2022> <21:29:56>      4     16.29148072      2.69481417    100.0
<Jan27-2022> <21:29:56>      5     14.42472249      3.02472417    100.0
<Jan27-2022> <21:29:56>      6      3.42801373      0.63340044    100.0
<Jan27-2022> <21:29:56>      7      3.94254662      0.85735153    100.0
<Jan27-2022> <21:29:56>      8      0.32774411      0.05271405     52.2
<Jan27-2022> <21:29:57>      9      0.09237148      0.01803841     17.2
<Jan27-2022> <21:29:57>     10      0.02628512      0.00591655      5.0
<Jan27-2022> <21:29:57>     11      0.00221235      0.00047931      0.0
<Jan27-2022> <21:29:57>     12      0.00004474      0.00000960      0.0
<Jan27-2022> <21:29:57>     13      0.00000334      0.00000092      0.0
<Jan27-2022> <21:29:57>     14      0.00000017      0.00000003      0.0
<Jan27-2022> <21:29:58>     15      0.00000001      0.00000000      0.0
<Jan27-2022> <21:29:58>  SCF converged
<Jan27-2022> <21:29:58>     16      0.00000000      0.00000000      0.0
<Jan27-2022> <21:29:58>  >>>> POPAN
<Jan27-2022> <21:29:58>  >>>> DEBYE
<Jan27-2022> <21:29:58>  DIRAC 2021.102  RunTime: Jan27-2022 21:29:58  ShM Nodes: 1  Procs: 1
<Jan27-2022> <21:29:59>  Chlorine (TZ2P)
<Jan27-2022> <21:29:59>  Net Charge: 0 (Nuclei minus Electrons)
<Jan27-2022> <21:29:59>  Symmetry  : ATOM
<Jan27-2022> <21:29:59>  Coordinates
<Jan27-2022> <21:29:59>     Atom         X           Y           Z   (Angstrom)
<Jan27-2022> <21:29:59>     1.Cl        0.000000    0.000000    0.000000
<Jan27-2022> <21:29:59>  >>>> CORORT
<Jan27-2022> <21:29:59>  >>>> CLSMAT
<Jan27-2022> <21:29:59>  >>>> ORTHON
<Jan27-2022> <21:29:59>  >>>> GENPT
<Jan27-2022> <21:29:59>  Block Length=  93
<Jan27-2022> <21:29:59>  >>>> PTBAS
<Jan27-2022> <21:29:59>  >>>> CYCLE
<Jan27-2022> <21:29:59>              |Error|         MaxErr       Wt(A-DIIS)
<Jan27-2022> <21:29:59>      1      0.00000000      0.00000000
<Jan27-2022> <21:29:59>      2     37.97178129     10.81368001    100.0
<Jan27-2022> <21:29:59>      3     20.81592691      7.10099309    100.0
<Jan27-2022> <21:30:00>      4      5.86634430      1.99760405    100.0
<Jan27-2022> <21:30:00>      5      3.97516517      1.71800842    100.0
<Jan27-2022> <21:30:00>      6      0.27245054      0.10336241    100.0
<Jan27-2022> <21:30:00>      7      0.22638168      0.09827309     98.3
<Jan27-2022> <21:30:00>      8      0.05690956      0.02098624     20.2
<Jan27-2022> <21:30:00>      9      0.00664419      0.00263308      1.6
<Jan27-2022> <21:30:00>     10      0.00015446      0.00006612      0.0
<Jan27-2022> <21:30:00>     11      0.00000385      0.00000160      0.0
<Jan27-2022> <21:30:00>     12      0.00000007      0.00000003      0.0
<Jan27-2022> <21:30:00>     13      0.00000000      0.00000000      0.0
<Jan27-2022> <21:30:00>  SCF converged
<Jan27-2022> <21:30:00>     14      0.00000000      0.00000000      0.0
<Jan27-2022> <21:30:00>  >>>> POPAN
<Jan27-2022> <21:30:00>  >>>> DEBYE
<Jan27-2022> <21:30:00>  *** GOStep1 ***
<Jan27-2022> <21:30:00>  >>>> FRAGM
<Jan27-2022> <21:30:01>  Coordinates
<Jan27-2022> <21:30:01>     Atom         X           Y           Z   (Angstrom)
<Jan27-2022> <21:30:01>     1.H         0.193697   -1.853611   -0.245162
<Jan27-2022> <21:30:01>     2.C        -0.920578   -0.122929    0.281838
<Jan27-2022> <21:30:01>     3.C         0.213684   -0.778464   -0.069585
<Jan27-2022> <21:30:01>     4.C         1.521684   -0.130599   -0.228054
<Jan27-2022> <21:30:01>     5.O         2.570844   -0.680222   -0.543138
<Jan27-2022> <21:30:01>     6.H        -0.931174    0.957499    0.373467
<Jan27-2022> <21:30:01>     7.H        -1.166779   -1.147952    3.012814
<Jan27-2022> <21:30:01>     8.H        -2.104965    0.457309    2.860416
<Jan27-2022> <21:30:01>     9.H        -0.247146    0.475465    3.025892
<Jan27-2022> <21:30:01>    10.C        -1.161974   -0.076751    2.852975
<Jan27-2022> <21:30:01>    11.C        -4.746112   -2.172905    0.361904
<Jan27-2022> <21:30:01>    12.C        -4.643039   -0.905401   -0.224686
<Jan27-2022> <21:30:01>    13.C        -3.408853   -0.244042   -0.250517
<Jan27-2022> <21:30:01>    14.C        -2.277740   -0.850187    0.310242
<Jan27-2022> <21:30:01>    15.C        -2.380813   -2.117691    0.896832
<Jan27-2022> <21:30:01>    16.C        -3.614999   -2.779050    0.922663
<Jan27-2022> <21:30:01>    17.H        -5.508597   -0.441563   -0.653794
<Jan27-2022> <21:30:01>    18.H        -3.329979    0.725886   -0.699391
<Jan27-2022> <21:30:01>    19.H        -1.515256   -2.581529    1.325940
<Jan27-2022> <21:30:01>    20.H        -3.693874   -3.748978    1.371537
<Jan27-2022> <21:30:01>    21.H        -5.690544   -2.678995    0.381670
<Jan27-2022> <21:30:01>    22.H         1.517415    0.923521   -0.044439
<Jan27-2022> <21:30:01>    23.Sn        3.936918    0.313962   -0.731395
<Jan27-2022> <21:30:01>    24.Cl        5.612465    0.713747    0.913171
<Jan27-2022> <21:30:01>    25.Cl        4.901485    1.410791   -2.612462
<Jan27-2022> <21:30:01>  >>>> CORORT
<Jan27-2022> <21:30:01>  >>>> CLSMAT
<Jan27-2022> <21:30:01>  >>>> ORTHON
<Jan27-2022> <21:30:01>  >>>> GENPT
<Jan27-2022> <21:30:02>  Block Length= 128
<Jan27-2022> <21:30:05>  >>>> PTBAS
<Jan27-2022> <21:31:18>  >>>> CYCLE
<Jan27-2022> <21:34:38>              |Error|         MaxErr       Wt(A-DIIS)
<Jan27-2022> <21:34:38>      1      9.25530725      0.57563473
<Jan27-2022> <21:37:19>      2      1.64994430      0.09874803    100.0
<Jan27-2022> <21:40:00>      3      0.93580054      0.06928949    100.0
<Jan27-2022> <21:42:53>      4      1.89973331      0.17520859    100.0
<Jan27-2022> <21:45:39>      5      0.81028939      0.06626757     65.9
<Jan27-2022> <21:48:24>      6      0.71422046      0.05964985     59.2
<Jan27-2022> <21:51:10>      7      0.44179988      0.04102947     40.4
<Jan27-2022> <21:53:54>      8      0.49280915      0.04744629     40.4
<Jan27-2022> <21:56:40>      9      0.10849325      0.00784166      6.9
<Jan27-2022> <21:59:24>     10      0.08521406      0.00926774      6.9
<Jan27-2022> <22:02:10>     11      0.36756148      0.02138948    100.0
<Jan27-2022> <22:04:54>     12      0.12572425      0.01516662    100.0
<Jan27-2022> <22:07:36>     13      0.06639581      0.00484952      3.9
<Jan27-2022> <22:10:21>     14      0.01340338      0.00106812      0.1
<Jan27-2022> <22:13:04>     15      0.02434535      0.00206569    100.0
<Jan27-2022> <22:15:49>     16      0.02223936      0.00237495    100.0
<Jan27-2022> <22:18:32>     17      0.04491174      0.00542200    100.0
<Jan27-2022> <22:21:16>     18      0.01867078      0.00195250    100.0
<Jan27-2022> <22:24:00>     19      0.02266275      0.00131152    100.0
<Jan27-2022> <22:26:41>     20      0.04377319      0.00300890    100.0
<Jan27-2022> <22:29:27>     21      0.02328433      0.00273036    100.0
<Jan27-2022> <22:32:13>     22      0.03264849      0.00349548    100.0
<Jan27-2022> <22:35:01>     23      0.01476865      0.00099269      0.0
<Jan27-2022> <22:37:49>     24      0.01696942      0.00106033    100.0
<Jan27-2022> <22:40:37>     25      0.44214694      0.03256164    100.0
<Jan27-2022> <22:43:26>     26      0.26775599      0.01897875    100.0
<Jan27-2022> <22:46:12>     27      0.10148558      0.00667495    100.0
<Jan27-2022> <22:48:57>     28      0.03015070      0.00201321    100.0
<Jan27-2022> <22:51:44>     29      0.00672485      0.00075957      0.0
<Jan27-2022> <22:54:31>     30      0.00547614      0.00030842      0.0
<Jan27-2022> <22:57:17>     31      0.00490329      0.00046624      0.0
<Jan27-2022> <23:00:04>     32      0.00112446      0.00009490      0.0
<Jan27-2022> <23:02:50>     33      0.00103201      0.00007183      0.0
<Jan27-2022> <23:05:37>     34      0.00034548      0.00003011      0.0
<Jan27-2022> <23:08:24>     35      0.00044743      0.00004226      0.0
<Jan27-2022> <23:11:08>     36      0.00025400      0.00002280      0.0
<Jan27-2022> <23:13:56>     37      0.00007354      0.00000546      0.0
<Jan27-2022> <23:16:43>     38      0.00005892      0.00000528      0.0
<Jan27-2022> <23:19:31>     39      0.00003747      0.00000451      0.0
<Jan27-2022> <23:22:18>     40      0.00003076      0.00000285      0.0
<Jan27-2022> <23:25:03>     41      0.00001720      0.00000105      0.0
<Jan27-2022> <23:27:51>     42      0.00000817      0.00000068      0.0
<Jan27-2022> <23:29:03>  SCF converged
<Jan27-2022> <23:30:36>     43      0.00000483      0.00000031      0.0
<Jan27-2022> <23:31:49>  >>>> TOTEN
<Jan27-2022> <23:34:26>  >>>> POPAN
<Jan27-2022> <23:34:26>  >>>> DEBYE
<Jan27-2022> <23:34:26>  >>>> ENGRAD
<Jan27-2022> <23:39:10>  current energy                               -4.90867028 Hartree
<Jan27-2022> <23:39:10>  energy change                      -4.90867028     0.00025000    F
<Jan27-2022> <23:39:10>  constrained gradient max            0.40184809     0.00100000    F
<Jan27-2022> <23:39:10>  constrained gradient rms            0.09321285     0.00066667    F
<Jan27-2022> <23:39:10>  gradient max                        0.40184809
<Jan27-2022> <23:39:10>  gradient rms                        0.09321285
<Jan27-2022> <23:39:10>  cart. step max                      0.07658720     0.01000000    F
<Jan27-2022> <23:39:10>  cart. step rms                      0.02478263     0.00666667    F
<Jan27-2022> <23:39:10>  Iteration 2
<Jan27-2022> <23:39:11>  *** GOStep2 ***
<Jan27-2022> <23:39:11>  >>>> FRAGM
<Jan27-2022> <23:39:11>  Coordinates
<Jan27-2022> <23:39:11>     Atom         X           Y           Z   (Angstrom)
<Jan27-2022> <23:39:11>     1.H         0.200001   -1.846137   -0.220967
<Jan27-2022> <23:39:11>     2.C        -0.917380   -0.107885    0.284613
<Jan27-2022> <23:39:11>     3.C         0.219242   -0.768827   -0.059280
<Jan27-2022> <23:39:11>     4.C         1.521621   -0.122738   -0.233012
<Jan27-2022> <23:39:11>     5.O         2.574164   -0.683647   -0.538989
<Jan27-2022> <23:39:11>     6.H        -0.926017    0.972860    0.373549
<Jan27-2022> <23:39:11>     7.H        -1.217932   -1.151126    3.055521
<Jan27-2022> <23:39:11>     8.H        -2.153140    0.453802    2.895134
<Jan27-2022> <23:39:11>     9.H        -0.299591    0.471996    3.101868
<Jan27-2022> <23:39:11>    10.C        -1.209634   -0.079213    2.902154
<Jan27-2022> <23:39:11>    11.C        -4.728891   -2.181649    0.341842
<Jan27-2022> <23:39:11>    12.C        -4.635286   -0.904932   -0.225359
<Jan27-2022> <23:39:11>    13.C        -3.407137   -0.232306   -0.238409
<Jan27-2022> <23:39:11>    14.C        -2.273644   -0.831533    0.325118
<Jan27-2022> <23:39:11>    15.C        -2.368823   -2.107445    0.894424
<Jan27-2022> <23:39:11>    16.C        -3.594031   -2.784863    0.897807
<Jan27-2022> <23:39:11>    17.H        -5.503096   -0.444508   -0.655449
<Jan27-2022> <23:39:11>    18.H        -3.333828    0.740930   -0.682781
<Jan27-2022> <23:39:11>    19.H        -1.500209   -2.568050    1.322300
<Jan27-2022> <23:39:11>    20.H        -3.665105   -3.762313    1.333250
<Jan27-2022> <23:39:11>    21.H        -5.668880   -2.697796    0.349255
<Jan27-2022> <23:39:11>    22.H         1.516311    0.936130   -0.069407
<Jan27-2022> <23:39:11>    23.Sn        3.939335    0.325195   -0.753045
<Jan27-2022> <23:39:11>    24.Cl        5.643336    0.707160    0.867646
<Jan27-2022> <23:39:11>    25.Cl        4.914384    1.334204   -2.679049
<Jan27-2022> <23:39:11>  >>>> CORORT
<Jan27-2022> <23:39:11>  >>>> CLSMAT
<Jan27-2022> <23:39:11>  >>>> ORTHON
<Jan27-2022> <23:39:12>  >>>> GENPT
<Jan27-2022> <23:39:12>  Block Length= 128
<Jan27-2022> <23:39:15>  >>>> PTBAS
<Jan27-2022> <23:40:16>  >>>> CYCLE
<Jan27-2022> <23:41:40>  using orbital data from restart file
<Jan27-2022> <23:43:00>              |Error|         MaxErr       Wt(A-DIIS)
<Jan27-2022> <23:43:00>      1      0.18021845      0.01960140
<Jan27-2022> <23:45:21>      2      0.05037297      0.00438729    100.0
<Jan27-2022> <23:47:43>      3      0.54380692      0.04953193    100.0
<Jan27-2022> <23:50:04>      4      0.32154588      0.02953069    100.0
<Jan27-2022> <23:52:25>      5      0.09344824      0.00974110    100.0
<Jan27-2022> <23:54:45>      6      0.18436310      0.01347717    100.0
<Jan27-2022> <23:57:06>      7      0.02730376      0.00183043      0.8
<Jan27-2022> <23:59:27>      8      0.01332931      0.00140911      0.4
<Jan28-2022> <00:01:47>      9      0.00421886      0.00022988      0.0
<Jan28-2022> <00:04:08>     10      0.00634382      0.00058103      0.0
<Jan28-2022> <00:06:30>     11      0.00316704      0.00029970      0.0
<Jan28-2022> <00:08:49>     12      0.00365393      0.00032613      0.0
<Jan28-2022> <00:11:09>     13      0.00450963      0.00039726      0.0
<Jan28-2022> <00:13:31>     14      0.00190247      0.00015169      0.0
<Jan28-2022> <00:15:51>     15      0.00222258      0.00018844      0.0
<Jan28-2022> <00:18:11>     16      0.00210365      0.00023582      0.0
<Jan28-2022> <00:20:31>     17      0.00147846      0.00008739      0.0
<Jan28-2022> <00:22:51>     18      0.00039777      0.00004029      0.0
<Jan28-2022> <00:25:13>     19      0.00008935      0.00000497      0.0
<Jan28-2022> <00:27:32>     20      0.00013192      0.00000948      0.0
<Jan28-2022> <00:29:51>     21      0.00006115      0.00000709      0.0
<Jan28-2022> <00:32:12>     22      0.00002852      0.00000267      0.0
<Jan28-2022> <00:34:33>     23      0.00001080      0.00000087      0.0
<Jan28-2022> <00:36:53>     24      0.00000285      0.00000020      0.0
<Jan28-2022> <00:37:54>  SCF converged
<Jan28-2022> <00:39:13>     25      0.00000347      0.00000030      0.0
<Jan28-2022> <00:40:15>  >>>> TOTEN
<Jan28-2022> <00:42:28>  >>>> POPAN
<Jan28-2022> <00:42:29>  >>>> DEBYE
<Jan28-2022> <00:42:29>  >>>> ENGRAD
<Jan28-2022> <00:47:12>  current energy                               -4.91610792 Hartree
<Jan28-2022> <00:47:12>  energy change                      -0.00743764     0.00025000    F
<Jan28-2022> <00:47:12>  constrained gradient max            0.38306192     0.00100000    F
<Jan28-2022> <00:47:12>  constrained gradient rms            0.08847098     0.00066667    F
<Jan28-2022> <00:47:12>  gradient max                        0.38306192
<Jan28-2022> <00:47:12>  gradient rms                        0.08847098
<Jan28-2022> <00:47:12>  cart. step max                      0.04678740     0.01000000    F
<Jan28-2022> <00:47:12>  cart. step rms                      0.01707285     0.00666667    F
<Jan28-2022> <00:47:12>  Iteration 3
<Jan28-2022> <00:47:13>  *** GOStep3 ***
<Jan28-2022> <00:47:13>  >>>> FRAGM
<Jan28-2022> <00:47:14>  Coordinates
<Jan28-2022> <00:47:14>     Atom         X           Y           Z   (Angstrom)
<Jan28-2022> <00:47:14>     1.H         0.204091   -1.857716   -0.188309
<Jan28-2022> <00:47:14>     2.C        -0.919838   -0.118715    0.318842
<Jan28-2022> <00:47:14>     3.C         0.221393   -0.780212   -0.027498
<Jan28-2022> <00:47:14>     4.C         1.516572   -0.134116   -0.212034
<Jan28-2022> <00:47:14>     5.O         2.573259   -0.703368   -0.520955
<Jan28-2022> <00:47:14>     6.H        -0.931155    0.962665    0.399292
<Jan28-2022> <00:47:14>     7.H        -1.188946   -1.146759    3.032038
<Jan28-2022> <00:47:14>     8.H        -2.114496    0.462371    2.872443
<Jan28-2022> <00:47:14>     9.H        -0.258762    0.468926    3.055081
<Jan28-2022> <00:47:14>    10.C        -1.174645   -0.076896    2.867485
<Jan28-2022> <00:47:14>    11.C        -4.739334   -2.175508    0.336580
<Jan28-2022> <00:47:14>    12.C        -4.637736   -0.900470   -0.232322
<Jan28-2022> <00:47:14>    13.C        -3.406095   -0.234500   -0.244433
<Jan28-2022> <00:47:14>    14.C        -2.277347   -0.838642    0.322888
<Jan28-2022> <00:47:14>    15.C        -2.379925   -2.113500    0.891177
<Jan28-2022> <00:47:14>    16.C        -3.608109   -2.784723    0.893028
<Jan28-2022> <00:47:14>    17.H        -5.502984   -0.435782   -0.665268
<Jan28-2022> <00:47:14>    18.H        -3.326653    0.738723   -0.689896
<Jan28-2022> <00:47:14>    19.H        -1.513278   -2.579102    1.319434
<Jan28-2022> <00:47:14>    20.H        -3.685210   -3.761474    1.331276
<Jan28-2022> <00:47:14>    21.H        -5.683253   -2.686335    0.344690
<Jan28-2022> <00:47:14>    22.H         1.508862    0.927636   -0.054320
<Jan28-2022> <00:47:14>    23.Sn        3.937347    0.326538   -0.749327
<Jan28-2022> <00:47:14>    24.Cl        5.633269    0.750628    0.871435
<Jan28-2022> <00:47:14>    25.Cl        4.878743    1.357642   -2.682592
<Jan28-2022> <00:47:14>  >>>> CORORT
<Jan28-2022> <00:47:14>  >>>> CLSMAT
<Jan28-2022> <00:47:14>  >>>> ORTHON
<Jan28-2022> <00:47:14>  >>>> GENPT
<Jan28-2022> <00:47:15>  Block Length= 128
<Jan28-2022> <00:47:17>  >>>> PTBAS
<Jan28-2022> <00:48:19>  >>>> CYCLE
<Jan28-2022> <00:49:44>  using orbital data from restart file
<Jan28-2022> <00:51:03>              |Error|         MaxErr       Wt(A-DIIS)
<Jan28-2022> <00:51:03>      1      0.15129995      0.02142342
<Jan28-2022> <00:53:24>      2      0.29134171      0.02226723    100.0
<Jan28-2022> <00:55:45>      3      0.13416490      0.01270875    100.0
<Jan28-2022> <00:58:05>      4      0.28051995      0.03410420    100.0
<Jan28-2022> <01:00:26>      5      0.08802092      0.01057884      9.7
<Jan28-2022> <01:02:47>      6      0.18665657      0.01382446    100.0
<Jan28-2022> <01:05:08>      7      0.02970282      0.00368389      2.7
<Jan28-2022> <01:07:29>      8      0.04426622      0.00377525    100.0
<Jan28-2022> <01:09:50>      9      0.04900338      0.00361654    100.0
<Jan28-2022> <01:12:11>     10      0.01430065      0.00092565      0.0
<Jan28-2022> <01:14:31>     11      0.01065463      0.00077456      0.0
<Jan28-2022> <01:16:51>     12      0.00435569      0.00041141      0.0
<Jan28-2022> <01:19:10>     13      0.00500084      0.00045344      0.0
<Jan28-2022> <01:21:31>     14      0.00405558      0.00038633      0.0
<Jan28-2022> <01:23:51>     15      0.00384170      0.00035760      0.0
<Jan28-2022> <01:26:11>     16      0.00674559      0.00056764      0.0
<Jan28-2022> <01:28:32>     17      0.00172611      0.00017528      0.0
<Jan28-2022> <01:30:52>     18      0.00305947      0.00021250      0.0
<Jan28-2022> <01:33:11>     19      0.00206564      0.00012546      0.0
<Jan28-2022> <01:35:31>     20      0.00089984      0.00005571      0.0
<Jan28-2022> <01:37:50>     21      0.00103811      0.00007263      0.0
<Jan28-2022> <01:40:11>     22      0.00041242      0.00003103      0.0
<Jan28-2022> <01:42:30>     23      0.00004154      0.00000394      0.0
<Jan28-2022> <01:44:49>     24      0.00002229      0.00000178      0.0
<Jan28-2022> <01:47:09>     25      0.00001246      0.00000070      0.0
<Jan28-2022> <01:49:28>     26      0.00001508      0.00000111      0.0
<Jan28-2022> <01:51:48>     27      0.00001149      0.00000102      0.0
<Jan28-2022> <01:54:08>     28      0.00000284      0.00000019      0.0
<Jan28-2022> <01:55:10>  SCF converged
<Jan28-2022> <01:56:29>     29      0.00000139      0.00000016      0.0
<Jan28-2022> <01:57:29>  >>>> TOTEN
<Jan28-2022> <01:59:40>  >>>> POPAN
<Jan28-2022> <01:59:40>  >>>> DEBYE
<Jan28-2022> <01:59:41>  >>>> ENGRAD
<Jan28-2022> <02:04:23>  current energy                               -4.92833739 Hartree
<Jan28-2022> <02:04:23>  energy change                      -0.01222947     0.00025000    F
<Jan28-2022> <02:04:23>  constrained gradient max            0.35535362     0.00100000    F
<Jan28-2022> <02:04:23>  constrained gradient rms            0.08295896     0.00066667    F
<Jan28-2022> <02:04:23>  gradient max                        0.35535362
<Jan28-2022> <02:04:23>  gradient rms                        0.08295896
<Jan28-2022> <02:04:23>  cart. step max                      0.05603861     0.01000000    F
<Jan28-2022> <02:04:23>  cart. step rms                      0.01481269     0.00666667    F
<Jan28-2022> <02:04:23>  Iteration 4
<Jan28-2022> <02:04:24>  *** GOStep4 ***
<Jan28-2022> <02:04:25>  >>>> FRAGM
<Jan28-2022> <02:04:25>  Coordinates
<Jan28-2022> <02:04:25>     Atom         X           Y           Z   (Angstrom)
<Jan28-2022> <02:04:25>     1.H         0.209035   -1.851943   -0.154741
<Jan28-2022> <02:04:25>     2.C        -0.928573   -0.114888    0.344233
<Jan28-2022> <02:04:25>     3.C         0.219962   -0.773552   -0.000517
<Jan28-2022> <02:04:25>     4.C         1.501937   -0.123056   -0.191660
<Jan28-2022> <02:04:25>     5.O         2.567186   -0.699256   -0.493503
<Jan28-2022> <02:04:25>     6.H        -0.943954    0.967196    0.416582
<Jan28-2022> <02:04:25>     7.H        -1.176328   -1.140993    3.018471
<Jan28-2022> <02:04:25>     8.H        -2.095410    0.470209    2.859367
<Jan28-2022> <02:04:25>     9.H        -0.239273    0.469589    3.032799
<Jan28-2022> <02:04:25>    10.C        -1.157727   -0.072597    2.846292
<Jan28-2022> <02:04:25>    11.C        -4.739619   -2.182528    0.327485
<Jan28-2022> <02:04:25>    12.C        -4.642222   -0.903151   -0.231425
<Jan28-2022> <02:04:25>    13.C        -3.413424   -0.232268   -0.239526
<Jan28-2022> <02:04:25>    14.C        -2.281817   -0.835364    0.323154
<Jan28-2022> <02:04:25>    15.C        -2.381052   -2.115758    0.879489
<Jan28-2022> <02:04:25>    16.C        -3.605528   -2.792095    0.877351
<Jan28-2022> <02:04:25>    17.H        -5.510354   -0.437355   -0.660368
<Jan28-2022> <02:04:25>    18.H        -3.338211    0.745366   -0.678947
<Jan28-2022> <02:04:25>    19.H        -1.511083   -2.582133    1.302527
<Jan28-2022> <02:04:25>    20.H        -3.678302   -3.773421    1.309052
<Jan28-2022> <02:04:25>    21.H        -5.683074   -2.696711    0.333192
<Jan28-2022> <02:04:25>    22.H         1.490253    0.942270   -0.045515
<Jan28-2022> <02:04:25>    23.Sn        3.925527    0.361291   -0.737233
<Jan28-2022> <02:04:25>    24.Cl        5.653995    0.736853    0.863101
<Jan28-2022> <02:04:25>    25.Cl        4.883824    1.301603   -2.710924
<Jan28-2022> <02:04:26>  >>>> CORORT
<Jan28-2022> <02:04:26>  >>>> CLSMAT
<Jan28-2022> <02:04:26>  >>>> ORTHON
<Jan28-2022> <02:04:27>  >>>> GENPT
<Jan28-2022> <02:04:28>  Block Length= 128
<Jan28-2022> <02:04:30>  >>>> PTBAS
<Jan28-2022> <02:05:31>  >>>> CYCLE
<Jan28-2022> <02:06:55>  using orbital data from restart file
<Jan28-2022> <02:08:14>              |Error|         MaxErr       Wt(A-DIIS)
<Jan28-2022> <02:08:14>      1      0.19743883      0.02511331
<Jan28-2022> <02:10:34>      2      0.12876523      0.00991859    100.0
<Jan28-2022> <02:12:53>      3      0.23992003      0.02318076    100.0
<Jan28-2022> <02:15:15>      4      0.19912412      0.02126327    100.0
<Jan28-2022> <02:17:34>      5      0.05227974      0.00398979      3.0
<Jan28-2022> <02:19:54>      6      0.02989745      0.00185593      0.9
<Jan28-2022> <02:22:14>      7      0.07724222      0.00509149    100.0
<Jan28-2022> <02:24:34>      8      0.03211788      0.00295852      2.0
<Jan28-2022> <02:26:54>      9      0.02503355      0.00171519      0.7
<Jan28-2022> <02:29:12>     10      0.00250325      0.00018404      0.0
<Jan28-2022> <02:31:29>     11      0.00334672      0.00038854      0.0
<Jan28-2022> <02:33:48>     12      0.00362122      0.00035087      0.0
<Jan28-2022> <02:36:06>     13      0.00433206      0.00039493      0.0
<Jan28-2022> <02:38:24>     14      0.00654381      0.00051634      0.0
<Jan28-2022> <02:40:42>     15      0.00701420      0.00048161      0.0
<Jan28-2022> <02:43:01>     16      0.00726506      0.00050428      0.0
<Jan28-2022> <02:45:18>     17      0.00723788      0.00050902      0.0
<Jan28-2022> <02:47:37>     18      0.00664686      0.00045305      0.0
<Jan28-2022> <02:49:54>     19      0.00642178      0.00050741      0.0
<Jan28-2022> <02:52:12>     20      0.00180999      0.00022927      0.0
<Jan28-2022> <02:54:30>     21      0.00242735      0.00028154      0.0
<Jan28-2022> <02:56:48>     22      0.00239350      0.00027457      0.0
<Jan28-2022> <02:59:07>     23      0.00235025      0.00027818      0.0
<Jan28-2022> <03:01:25>     24      0.00346372      0.00036237      0.0
<Jan28-2022> <03:03:44>     25      0.00243735      0.00026167      0.0
<Jan28-2022> <03:06:02>     26      0.00213770      0.00020598      0.0
<Jan28-2022> <03:08:20>     27      0.00235615      0.00020424      0.0
<Jan28-2022> <03:10:39>     28      0.00286750      0.00022390      0.0
<Jan28-2022> <03:12:56>     29      0.00658196      0.00046296      0.0
<Jan28-2022> <03:15:13>     30      0.00587086      0.00040921      0.0
<Jan28-2022> <03:17:31>     31      0.00603235      0.00060710      0.0
<Jan28-2022> <03:19:49>     32      0.00205503      0.00030665      0.0
<Jan28-2022> <03:22:07>     33      0.00550318      0.00057932      0.0
<Jan28-2022> <03:24:25>     34      0.00462082      0.00048037      0.0
<Jan28-2022> <03:26:45>     35      0.00566711      0.00050110      0.0
<Jan28-2022> <03:29:06>     36      0.01354805      0.00083846      0.0
<Jan28-2022> <03:31:24>     37      0.00870079      0.00057057      0.0
<Jan28-2022> <03:33:40>     38      0.00957102      0.00068182      0.0
<Jan28-2022> <03:35:58>     39      0.00998983      0.00072202      0.0
<Jan28-2022> <03:38:15>     40      0.01062012      0.00073061      0.0
<Jan28-2022> <03:40:34>     41      0.01180506      0.00075245      0.0
<Jan28-2022> <03:42:52>     42      0.01331344      0.00083866      0.0
<Jan28-2022> <03:45:10>     43      0.02766810      0.00180713    100.0
<Jan28-2022> <03:47:29>     44      0.43293747      0.02488543    100.0
<Jan28-2022> <03:49:46>     45      0.27173240      0.01647402    100.0
<Jan28-2022> <03:52:02>     46      0.09915939      0.00644119    100.0
<Jan28-2022> <03:54:20>     47      0.02376583      0.00166437    100.0
<Jan28-2022> <03:56:38>     48      0.01461527      0.00153483    100.0
<Jan28-2022> <03:58:57>     49      0.01852781      0.00189868    100.0
<Jan28-2022> <04:01:15>     50      0.00594007      0.00043312      0.0
<Jan28-2022> <04:03:33>     51      0.00438983      0.00027708      0.0
<Jan28-2022> <04:05:49>     52      0.00466106      0.00031920      0.0
<Jan28-2022> <04:08:04>     53      0.00070783      0.00003957      0.0
<Jan28-2022> <04:10:19>     54      0.00079413      0.00004124      0.0
<Jan28-2022> <04:12:34>     55      0.00025269      0.00001488      0.0
<Jan28-2022> <04:14:49>     56      0.00016905      0.00000944      0.0
<Jan28-2022> <04:17:05>     57      0.00009824      0.00000837      0.0
<Jan28-2022> <04:19:19>     58      0.00002754      0.00000140      0.0
<Jan28-2022> <04:21:34>     59      0.00001387      0.00000088      0.0
<Jan28-2022> <04:23:50>     60      0.00002850      0.00000215      0.0
<Jan28-2022> <04:26:04>     61      0.00000467      0.00000041      0.0
<Jan28-2022> <04:27:03>  SCF converged
<Jan28-2022> <04:28:19>     62      0.00000556      0.00000036      0.0
<Jan28-2022> <04:29:18>  >>>> TOTEN
<Jan28-2022> <04:31:26>  >>>> POPAN
<Jan28-2022> <04:31:26>  >>>> DEBYE
<Jan28-2022> <04:31:27>  >>>> ENGRAD
<Jan28-2022> <04:35:58>  current energy                               -4.94444204 Hartree
<Jan28-2022> <04:35:58>  energy change                      -0.01610465     0.00025000    F
<Jan28-2022> <04:35:58>  constrained gradient max            0.32843509     0.00100000    F
<Jan28-2022> <04:35:58>  constrained gradient rms            0.07679583     0.00066667    F
<Jan28-2022> <04:35:58>  gradient max                        0.32843509
<Jan28-2022> <04:35:58>  gradient rms                        0.07679583
<Jan28-2022> <04:35:58>  cart. step max                      0.05378125     0.01000000    F
<Jan28-2022> <04:35:58>  cart. step rms                      0.01815639     0.00666667    F
<Jan28-2022> <04:35:58>  Iteration 5
<Jan28-2022> <04:35:59>  *** GOStep5 ***
<Jan28-2022> <04:36:00>  >>>> FRAGM
<Jan28-2022> <04:36:00>  Coordinates
<Jan28-2022> <04:36:00>     Atom         X           Y           Z   (Angstrom)
<Jan28-2022> <04:36:00>     1.H         0.208252   -1.862662   -0.140983
<Jan28-2022> <04:36:00>     2.C        -0.932378   -0.123005    0.365730
<Jan28-2022> <04:36:00>     3.C         0.220726   -0.784481    0.014073
<Jan28-2022> <04:36:00>     4.C         1.495821   -0.140617   -0.178543
<Jan28-2022> <04:36:00>     5.O         2.563893   -0.726518   -0.485664
<Jan28-2022> <04:36:00>     6.H        -0.948870    0.959815    0.425336
<Jan28-2022> <04:36:00>     7.H        -1.134126   -1.131793    2.994155
<Jan28-2022> <04:36:00>     8.H        -2.051523    0.479084    2.840647
<Jan28-2022> <04:36:00>     9.H        -0.193874    0.474938    2.979018
<Jan28-2022> <04:36:00>    10.C        -1.115776   -0.066160    2.806633
<Jan28-2022> <04:36:00>    11.C        -4.750394   -2.178430    0.326182
<Jan28-2022> <04:36:00>    12.C        -4.645630   -0.901472   -0.235948
<Jan28-2022> <04:36:00>    13.C        -3.414577   -0.234803   -0.241470
<Jan28-2022> <04:36:00>    14.C        -2.285825   -0.839967    0.323993
<Jan28-2022> <04:36:00>    15.C        -2.393484   -2.119419    0.880793
<Jan28-2022> <04:36:00>    16.C        -3.620257   -2.790787    0.880095
<Jan28-2022> <04:36:00>    17.H        -5.511382   -0.432691   -0.668762
<Jan28-2022> <04:36:00>    18.H        -3.335212    0.742930   -0.682199
<Jan28-2022> <04:36:00>    19.H        -1.525224   -2.590293    1.304249
<Jan28-2022> <04:36:00>    20.H        -3.697293   -3.772046    1.313553
<Jan28-2022> <04:36:00>    21.H        -5.696860   -2.688990    0.330897
<Jan28-2022> <04:36:00>    22.H         1.488492    0.926174   -0.030834
<Jan28-2022> <04:36:00>    23.Sn        3.926083    0.347989   -0.729405
<Jan28-2022> <04:36:00>    24.Cl        5.627562    0.771009    0.890424
<Jan28-2022> <04:36:00>    25.Cl        4.847624    1.349505   -2.693233
<Jan28-2022> <04:36:00>  >>>> CORORT
<Jan28-2022> <04:36:00>  >>>> CLSMAT
<Jan28-2022> <04:36:00>  >>>> ORTHON
<Jan28-2022> <04:36:00>  >>>> GENPT
<Jan28-2022> <04:36:01>  Block Length= 128
<Jan28-2022> <04:36:03>  >>>> PTBAS
<Jan28-2022> <04:37:02>  >>>> CYCLE
<Jan28-2022> <04:38:24>  using orbital data from restart file
<Jan28-2022> <04:39:41>              |Error|         MaxErr       Wt(A-DIIS)
<Jan28-2022> <04:39:41>      1      0.15028789      0.01576875
<Jan28-2022> <04:41:55>      2      0.18181255      0.01074978    100.0
<Jan28-2022> <04:44:07>      3      0.13216037      0.00843185    100.0
<Jan28-2022> <04:46:22>      4      0.16262421      0.01811818    100.0
<Jan28-2022> <04:48:36>      5      0.02552198      0.00173480      0.7
<Jan28-2022> <04:50:51>      6      0.02566629      0.00205492      0.7
<Jan28-2022> <04:53:05>      7      0.04258059      0.00291362    100.0
<Jan28-2022> <04:55:19>      8      0.04785438      0.00580163    100.0
<Jan28-2022> <04:57:35>      9      0.01305619      0.00095330      0.0
<Jan28-2022> <04:59:50>     10      0.00278598      0.00026966      0.0
<Jan28-2022> <05:02:03>     11      0.00445311      0.00044388      0.0
<Jan28-2022> <05:04:19>     12      0.00343953      0.00027343      0.0
<Jan28-2022> <05:06:33>     13      0.00218885      0.00017074      0.0
<Jan28-2022> <05:08:47>     14      0.00117456      0.00009387      0.0
<Jan28-2022> <05:11:03>     15      0.00085210      0.00004637      0.0
<Jan28-2022> <05:13:18>     16      0.00141801      0.00009489      0.0
<Jan28-2022> <05:15:34>     17      0.00047838      0.00002747      0.0
<Jan28-2022> <05:17:48>     18      0.00019527      0.00001553      0.0
<Jan28-2022> <05:20:01>     19      0.00013206      0.00000924      0.0
<Jan28-2022> <05:22:16>     20      0.00002240      0.00000170      0.0
<Jan28-2022> <05:24:31>     21      0.00002538      0.00000206      0.0
<Jan28-2022> <05:26:46>     22      0.00001133      0.00000102      0.0
<Jan28-2022> <05:29:01>     23      0.00000811      0.00000085      0.0
<Jan28-2022> <05:29:59>  SCF converged
<Jan28-2022> <05:31:15>     24      0.00000405      0.00000028      0.0
<Jan28-2022> <05:32:13>  >>>> TOTEN
<Jan28-2022> <05:34:22>  >>>> POPAN
<Jan28-2022> <05:34:22>  >>>> DEBYE
<Jan28-2022> <05:34:22>  >>>> ENGRAD
<Jan28-2022> <05:38:53>  current energy                               -4.95420532 Hartree
<Jan28-2022> <05:38:53>  energy change                      -0.00976328     0.00025000    F
<Jan28-2022> <05:38:53>  constrained gradient max            0.30436056     0.00100000    F
<Jan28-2022> <05:38:53>  constrained gradient rms            0.07228146     0.00066667    F
<Jan28-2022> <05:38:53>  gradient max                        0.30436056
<Jan28-2022> <05:38:53>  gradient rms                        0.07228146
<Jan28-2022> <05:38:53>  cart. step max                      0.04314268     0.01000000    F
<Jan28-2022> <05:38:53>  cart. step rms                      0.01612108     0.00666667    F
<Jan28-2022> <05:38:53>  Iteration 6
<Jan28-2022> <05:38:54>  *** GOStep6 ***
<Jan28-2022> <05:38:54>  >>>> FRAGM
<Jan28-2022> <05:38:54>  Coordinates
<Jan28-2022> <05:38:54>     Atom         X           Y           Z   (Angstrom)
<Jan28-2022> <05:38:54>     1.H         0.216277   -1.872995   -0.161389
<Jan28-2022> <05:38:54>     2.C        -0.921885   -0.129448    0.336654
<Jan28-2022> <05:38:54>     3.C         0.230401   -0.795235   -0.003146
<Jan28-2022> <05:38:54>     4.C         1.508813   -0.152972   -0.194889
<Jan28-2022> <05:38:54>     5.O         2.576224   -0.746313   -0.503452
<Jan28-2022> <05:38:54>     6.H        -0.933746    0.952606    0.410231
<Jan28-2022> <05:38:54>     7.H        -1.162655   -1.141025    3.008857
<Jan28-2022> <05:38:54>     8.H        -2.089480    0.465977    2.847351
<Jan28-2022> <05:38:54>     9.H        -0.233544    0.473764    3.015937
<Jan28-2022> <05:38:54>    10.C        -1.150039   -0.073422    2.834349
<Jan28-2022> <05:38:54>    11.C        -4.749564   -2.166858    0.342262
<Jan28-2022> <05:38:54>    12.C        -4.642379   -0.893009   -0.225870
<Jan28-2022> <05:38:54>    13.C        -3.406072   -0.236732   -0.251800
<Jan28-2022> <05:38:54>    14.C        -2.276680   -0.842274    0.312540
<Jan28-2022> <05:38:54>    15.C        -2.387740   -2.117711    0.877577
<Jan28-2022> <05:38:54>    16.C        -3.616977   -2.784261    0.885104
<Jan28-2022> <05:38:54>    17.H        -5.509850   -0.420547   -0.652174
<Jan28-2022> <05:38:54>    18.H        -3.323081    0.734638   -0.706514
<Jan28-2022> <05:38:54>    19.H        -1.519202   -2.589550    1.299970
<Jan28-2022> <05:38:54>    20.H        -3.697029   -3.760780    1.329614
<Jan28-2022> <05:38:54>    21.H        -5.699850   -2.670787    0.361196
<Jan28-2022> <05:38:54>    22.H         1.501973    0.914164   -0.042012
<Jan28-2022> <05:38:54>    23.Sn        3.944144    0.332797   -0.741205
<Jan28-2022> <05:38:54>    24.Cl        5.621888    0.794635    0.893106
<Jan28-2022> <05:38:54>    25.Cl        4.845824    1.392648   -2.683560
<Jan28-2022> <05:38:54>  >>>> CORORT
<Jan28-2022> <05:38:55>  >>>> CLSMAT
<Jan28-2022> <05:38:55>  >>>> ORTHON
<Jan28-2022> <05:38:55>  >>>> GENPT
<Jan28-2022> <05:38:56>  Block Length= 128
<Jan28-2022> <05:38:58>  >>>> PTBAS
<Jan28-2022> <05:39:57>  >>>> CYCLE
<Jan28-2022> <05:41:18>  using orbital data from restart file
<Jan28-2022> <05:42:35>              |Error|         MaxErr       Wt(A-DIIS)
<Jan28-2022> <05:42:35>      1      0.11550118      0.01295101
<Jan28-2022> <05:44:49>      2      0.04293247      0.00299802    100.0
<Jan28-2022> <05:47:03>      3      0.12379570      0.00968491    100.0
<Jan28-2022> <05:49:19>      4      0.04251365      0.00312262      2.1
<Jan28-2022> <05:51:34>      5      0.23169814      0.01558394    100.0
<Jan28-2022> <05:53:50>      6      0.06202734      0.00559690    100.0
<Jan28-2022> <05:56:04>      7      0.01385258      0.00135736      0.4
<Jan28-2022> <05:58:19>      8      0.02837258      0.00175925    100.0
<Jan28-2022> <06:00:35>      9      0.03821302      0.00379435    100.0
<Jan28-2022> <06:02:50>     10      0.01299947      0.00108367      0.1
<Jan28-2022> <06:05:04>     11      0.00851480      0.00055191      0.0
<Jan28-2022> <06:07:19>     12      0.00394418      0.00028852      0.0
<Jan28-2022> <06:09:34>     13      0.00436776      0.00034872      0.0
<Jan28-2022> <06:11:50>     14      0.00390055      0.00027921      0.0
<Jan28-2022> <06:14:04>     15      0.00241480      0.00019139      0.0
<Jan28-2022> <06:16:18>     16      0.00104881      0.00012981      0.0
<Jan28-2022> <06:18:33>     17      0.00432827      0.00031291      0.0
<Jan28-2022> <06:20:48>     18      0.00081439      0.00005108      0.0
<Jan28-2022> <06:23:05>     19      0.00189247      0.00012941      0.0
<Jan28-2022> <06:25:18>     20      0.00038472      0.00002551      0.0
<Jan28-2022> <06:27:34>     21      0.00034515      0.00002357      0.0
<Jan28-2022> <06:29:49>     22      0.00014501      0.00000873      0.0
<Jan28-2022> <06:32:03>     23      0.00005441      0.00000278      0.0
<Jan28-2022> <06:34:18>     24      0.00004172      0.00000248      0.0
<Jan28-2022> <06:36:35>     25      0.00000657      0.00000036      0.0
<Jan28-2022> <06:37:33>  SCF converged
<Jan28-2022> <06:38:49>     26      0.00000485      0.00000039      0.0
<Jan28-2022> <06:39:48>  >>>> TOTEN
<Jan28-2022> <06:41:55>  >>>> POPAN
<Jan28-2022> <06:41:55>  >>>> DEBYE
<Jan28-2022> <06:41:56>  >>>> ENGRAD
<Jan28-2022> <06:46:27>  current energy                               -4.95193519 Hartree
<Jan28-2022> <06:46:27>  energy change                       0.00227013     0.00025000    F
<Jan28-2022> <06:46:27>  constrained gradient max            0.29193551     0.00100000    F
<Jan28-2022> <06:46:27>  constrained gradient rms            0.06975996     0.00066667    F
<Jan28-2022> <06:46:27>  gradient max                        0.29193551
<Jan28-2022> <06:46:27>  gradient rms                        0.06975996
<Jan28-2022> <06:46:27>  cart. step max                      0.05993044     0.01000000    F
<Jan28-2022> <06:46:27>  cart. step rms                      0.01835336     0.00666667    F
<Jan28-2022> <06:46:27>  Iteration 7
<Jan28-2022> <06:46:28>  *** GOStep7 ***
<Jan28-2022> <06:46:28>  >>>> FRAGM
<Jan28-2022> <06:46:28>  Coordinates
<Jan28-2022> <06:46:28>     Atom         X           Y           Z   (Angstrom)
<Jan28-2022> <06:46:28>     1.H         0.228984   -1.893913   -0.172821
<Jan28-2022> <06:46:28>     2.C        -0.913085   -0.144721    0.307081
<Jan28-2022> <06:46:28>     3.C         0.243284   -0.816037   -0.016495
<Jan28-2022> <06:46:28>     4.C         1.514466   -0.176432   -0.206027
<Jan28-2022> <06:46:28>     5.O         2.587214   -0.785830   -0.492698
<Jan28-2022> <06:46:28>     6.H        -0.919238    0.937299    0.384941
<Jan28-2022> <06:46:28>     7.H        -1.169754   -1.148885    3.011186
<Jan28-2022> <06:46:28>     8.H        -2.113161    0.449187    2.841941
<Jan28-2022> <06:46:28>     9.H        -0.259514    0.477042    3.030889
<Jan28-2022> <06:46:28>    10.C        -1.168533   -0.080716    2.843150
<Jan28-2022> <06:46:28>    11.C        -4.753102   -2.148128    0.364761
<Jan28-2022> <06:46:28>    12.C        -4.640753   -0.877597   -0.208308
<Jan28-2022> <06:46:28>    13.C        -3.398624   -0.235129   -0.257230
<Jan28-2022> <06:46:28>    14.C        -2.265908   -0.846930    0.295000
<Jan28-2022> <06:46:28>    15.C        -2.384358   -2.120634    0.864012
<Jan28-2022> <06:46:28>    16.C        -3.617480   -2.777011    0.887189
<Jan28-2022> <06:46:28>    17.H        -5.510708   -0.396206   -0.623536
<Jan28-2022> <06:46:28>    18.H        -3.311488    0.730124   -0.727836
<Jan28-2022> <06:46:28>    19.H        -1.513372   -2.599591    1.276695
<Jan28-2022> <06:46:28>    20.H        -3.700742   -3.750942    1.340690
<Jan28-2022> <06:46:28>    21.H        -5.710230   -2.641292    0.403196
<Jan28-2022> <06:46:28>    22.H         1.509227    0.894965   -0.061404
<Jan28-2022> <06:46:28>    23.Sn        3.964724    0.325661   -0.740822
<Jan28-2022> <06:46:28>    24.Cl        5.598745    0.854566    0.923475
<Jan28-2022> <06:46:28>    25.Cl        4.829177    1.438461   -2.678296
<Jan28-2022> <06:46:28>  >>>> CORORT
<Jan28-2022> <06:46:28>  >>>> CLSMAT
<Jan28-2022> <06:46:28>  >>>> ORTHON
<Jan28-2022> <06:46:28>  >>>> GENPT
<Jan28-2022> <06:46:29>  Block Length= 128
<Jan28-2022> <06:46:31>  >>>> PTBAS
<Jan28-2022> <06:47:30>  >>>> CYCLE
<Jan28-2022> <06:48:52>  using orbital data from restart file
<Jan28-2022> <06:50:09>              |Error|         MaxErr       Wt(A-DIIS)
<Jan28-2022> <06:50:09>      1      0.26003442      0.03782279
<Jan28-2022> <06:52:24>      2      0.33636710      0.02028708    100.0
<Jan28-2022> <06:54:41>      3      0.21792225      0.01676308    100.0
<Jan28-2022> <06:56:56>      4      0.48159365      0.05235774    100.0
<Jan28-2022> <06:59:12>      5      0.15978818      0.01452612     13.7
<Jan28-2022> <07:01:27>      6      0.06132096      0.00415857      3.2
<Jan28-2022> <07:03:40>      7      0.20281470      0.01267936    100.0
<Jan28-2022> <07:05:55>      8      0.05139114      0.00272489      1.7
<Jan28-2022> <07:08:10>      9      0.17460011      0.01083297    100.0
<Jan28-2022> <07:10:25>     10      0.03420543      0.00208744      1.1
<Jan28-2022> <07:12:39>     11      0.01655958      0.00087005      0.0
<Jan28-2022> <07:14:53>     12      0.01304380      0.00080136      0.0
<Jan28-2022> <07:17:09>     13      0.00691214      0.00043860      0.0
<Jan28-2022> <07:19:25>     14      0.00455598      0.00029654      0.0
<Jan28-2022> <07:21:39>     15      0.00451295      0.00028223      0.0
<Jan28-2022> <07:23:55>     16      0.00333226      0.00026284      0.0
<Jan28-2022> <07:26:08>     17      0.00100520      0.00009425      0.0
<Jan28-2022> <07:28:24>     18      0.00040000      0.00003142      0.0
<Jan28-2022> <07:30:37>     19      0.00048522      0.00004638      0.0
<Jan28-2022> <07:32:54>     20      0.00029366      0.00001611      0.0
<Jan28-2022> <07:35:10>     21      0.00024992      0.00001242      0.0
<Jan28-2022> <07:37:25>     22      0.00017139      0.00001145      0.0
<Jan28-2022> <07:39:39>     23      0.00012429      0.00000950      0.0
<Jan28-2022> <07:41:55>     24      0.00001524      0.00000128      0.0
<Jan28-2022> <07:44:10>     25      0.00001401      0.00000135      0.0
<Jan28-2022> <07:46:25>     26      0.00000362      0.00000030      0.0
<Jan28-2022> <07:47:24>  SCF converged
<Jan28-2022> <07:48:40>     27      0.00000281      0.00000031      0.0
<Jan28-2022> <07:49:39>  >>>> TOTEN
<Jan28-2022> <07:51:47>  >>>> POPAN
<Jan28-2022> <07:51:47>  >>>> DEBYE
<Jan28-2022> <07:51:48>  >>>> ENGRAD
<Jan28-2022> <07:56:18>  current energy                               -4.96187210 Hartree
<Jan28-2022> <07:56:19>  energy change                      -0.00993691     0.00025000    F
<Jan28-2022> <07:56:19>  constrained gradient max            0.25139748     0.00100000    F
<Jan28-2022> <07:56:19>  constrained gradient rms            0.06081568     0.00066667    F
<Jan28-2022> <07:56:19>  gradient max                        0.25139748
<Jan28-2022> <07:56:19>  gradient rms                        0.06081568
<Jan28-2022> <07:56:19>  cart. step max                      0.04148700     0.01000000    F
<Jan28-2022> <07:56:19>  cart. step rms                      0.01465619     0.00666667    F
<Jan28-2022> <07:56:19>  Iteration 8
<Jan28-2022> <07:56:19>  *** GOStep8 ***
<Jan28-2022> <07:56:19>  >>>> FRAGM
<Jan28-2022> <07:56:20>  Coordinates
<Jan28-2022> <07:56:20>     Atom         X           Y           Z   (Angstrom)
<Jan28-2022> <07:56:20>     1.H         0.249218   -1.908927   -0.165534
<Jan28-2022> <07:56:20>     2.C        -0.912317   -0.160609    0.290789
<Jan28-2022> <07:56:20>     3.C         0.255573   -0.830299   -0.016423
<Jan28-2022> <07:56:20>     4.C         1.508243   -0.183955   -0.203897
<Jan28-2022> <07:56:20>     5.O         2.595551   -0.804839   -0.456649
<Jan28-2022> <07:56:20>     6.H        -0.917387    0.922567    0.359987
<Jan28-2022> <07:56:20>     7.H        -1.167847   -1.152101    3.010746
<Jan28-2022> <07:56:20>     8.H        -2.128910    0.434639    2.832408
<Jan28-2022> <07:56:20>     9.H        -0.277906    0.484419    3.034662
<Jan28-2022> <07:56:20>    10.C        -1.178701   -0.084821    2.839953
<Jan28-2022> <07:56:20>    11.C        -4.757142   -2.135511    0.378650
<Jan28-2022> <07:56:20>    12.C        -4.640276   -0.864260   -0.189874
<Jan28-2022> <07:56:20>    13.C        -3.394322   -0.233137   -0.254674
<Jan28-2022> <07:56:20>    14.C        -2.257357   -0.853425    0.281206
<Jan28-2022> <07:56:20>    15.C        -2.383516   -2.130226    0.845246
<Jan28-2022> <07:56:20>    16.C        -3.619250   -2.777330    0.879476
<Jan28-2022> <07:56:20>    17.H        -5.512655   -0.371713   -0.592675
<Jan28-2022> <07:56:20>    18.H        -3.305306    0.731226   -0.732130
<Jan28-2022> <07:56:20>    19.H        -1.510116   -2.618793    1.246563
<Jan28-2022> <07:56:20>    20.H        -3.704886   -3.752248    1.335810
<Jan28-2022> <07:56:20>    21.H        -5.720723   -2.619600    0.431320
<Jan28-2022> <07:56:20>    22.H         1.499419    0.893749   -0.075589
<Jan28-2022> <07:56:20>    23.Sn        3.972466    0.367148   -0.729389
<Jan28-2022> <07:56:20>    24.Cl        5.604980    0.883928    0.948082
<Jan28-2022> <07:56:20>    25.Cl        4.828937    1.431428   -2.709330
<Jan28-2022> <07:56:20>  >>>> CORORT
<Jan28-2022> <07:56:20>  >>>> CLSMAT
<Jan28-2022> <07:56:20>  >>>> ORTHON
<Jan28-2022> <07:56:20>  >>>> GENPT
<Jan28-2022> <07:56:21>  Block Length= 128
<Jan28-2022> <07:56:23>  >>>> PTBAS
<Jan28-2022> <07:57:21>  >>>> CYCLE
<Jan28-2022> <07:58:42>  using orbital data from restart file
<Jan28-2022> <07:59:58>              |Error|         MaxErr       Wt(A-DIIS)
<Jan28-2022> <07:59:58>      1      0.32657025      0.05340274
<Jan28-2022> <08:02:13>      2      0.29206313      0.01762345    100.0
<Jan28-2022> <08:04:28>      3      0.22678234      0.01389306    100.0
<Jan28-2022> <08:06:44>      4      0.32813027      0.03454108    100.0
<Jan28-2022> <08:08:59>      5      0.08413497      0.00460425      3.6
<Jan28-2022> <08:11:14>      6      0.08127048      0.00606169      3.6
<Jan28-2022> <08:13:28>      7      0.15493381      0.01011166    100.0
<Jan28-2022> <08:15:43>      8      0.05340181      0.00487546      3.9
<Jan28-2022> <08:18:00>      9      0.16887920      0.01079937    100.0
<Jan28-2022> <08:20:16>     10      0.20996755      0.02234512    100.0
<Jan28-2022> <08:22:30>     11      0.08239027      0.00597139    100.0
<Jan28-2022> <08:24:45>     12      0.02275085      0.00174769      0.8
<Jan28-2022> <08:26:58>     13      0.00170204      0.00007963      0.0
<Jan28-2022> <08:29:14>     14      0.00113987      0.00008083      0.0
<Jan28-2022> <08:31:29>     15      0.00062749      0.00004439      0.0
<Jan28-2022> <08:33:43>     16      0.00077434      0.00005814      0.0
<Jan28-2022> <08:35:59>     17      0.00021505      0.00001630      0.0
<Jan28-2022> <08:38:13>     18      0.00034179      0.00002742      0.0
<Jan28-2022> <08:40:29>     19      0.00019118      0.00001243      0.0
<Jan28-2022> <08:42:44>     20      0.00008462      0.00000685      0.0
<Jan28-2022> <08:44:59>     21      0.00008633      0.00000788      0.0
<Jan28-2022> <08:47:13>     22      0.00008122      0.00000457      0.0
<Jan28-2022> <08:49:30>     23      0.00008613      0.00000623      0.0
<Jan28-2022> <08:51:43>     24      0.00004777      0.00000194      0.0
<Jan28-2022> <08:53:59>     25      0.00001831      0.00000130      0.0
<Jan28-2022> <08:56:15>     26      0.00001165      0.00000081      0.0
<Jan28-2022> <08:58:29>     27      0.00000801      0.00000055      0.0
<Jan28-2022> <08:59:27>  SCF converged
<Jan28-2022> <09:00:43>     28      0.00002397      0.00000171      0.0
<Jan28-2022> <09:01:42>  >>>> TOTEN
<Jan28-2022> <09:03:49>  >>>> POPAN
<Jan28-2022> <09:03:50>  >>>> DEBYE
<Jan28-2022> <09:03:50>  >>>> ENGRAD
<Jan28-2022> <09:08:22>  current energy                               -4.97924996 Hartree
<Jan28-2022> <09:08:22>  energy change                      -0.01737786     0.00025000    F
<Jan28-2022> <09:08:22>  constrained gradient max            0.20367963     0.00100000    F
<Jan28-2022> <09:08:22>  constrained gradient rms            0.04979231     0.00066667    F
<Jan28-2022> <09:08:22>  gradient max                        0.20367963
<Jan28-2022> <09:08:22>  gradient rms                        0.04979231
<Jan28-2022> <09:08:22>  cart. step max                      0.03868929     0.01000000    F
<Jan28-2022> <09:08:22>  cart. step rms                      0.01504302     0.00666667    F
<Jan28-2022> <09:08:22>  Iteration 9
<Jan28-2022> <09:08:23>  *** GOStep9 ***
<Jan28-2022> <09:08:23>  >>>> FRAGM
<Jan28-2022> <09:08:23>  Coordinates
<Jan28-2022> <09:08:23>     Atom         X           Y           Z   (Angstrom)
<Jan28-2022> <09:08:23>     1.H         0.264242   -1.925696   -0.137573
<Jan28-2022> <09:08:23>     2.C        -0.915598   -0.175530    0.297204
<Jan28-2022> <09:08:23>     3.C         0.266343   -0.846107    0.002106
<Jan28-2022> <09:08:23>     4.C         1.499673   -0.199199   -0.189646
<Jan28-2022> <09:08:23>     5.O         2.601603   -0.830720   -0.417959
<Jan28-2022> <09:08:23>     6.H        -0.919461    0.909098    0.349127
<Jan28-2022> <09:08:23>     7.H        -1.141098   -1.144846    2.996844
<Jan28-2022> <09:08:23>     8.H        -2.121661    0.428852    2.812093
<Jan28-2022> <09:08:23>     9.H        -0.272720    0.501450    3.008426
<Jan28-2022> <09:08:23>    10.C        -1.165787   -0.080145    2.812707
<Jan28-2022> <09:08:23>    11.C        -4.765283   -2.126213    0.384720
<Jan28-2022> <09:08:23>    12.C        -4.642232   -0.853714   -0.177900
<Jan28-2022> <09:08:23>    13.C        -3.392976   -0.231718   -0.250185
<Jan28-2022> <09:08:23>    14.C        -2.253047   -0.860004    0.272145
<Jan28-2022> <09:08:23>    15.C        -2.388792   -2.141360    0.826707
<Jan28-2022> <09:08:23>    16.C        -3.627099   -2.779430    0.869877
<Jan28-2022> <09:08:23>    17.H        -5.515193   -0.350390   -0.571431
<Jan28-2022> <09:08:23>    18.H        -3.301932    0.734529   -0.728229
<Jan28-2022> <09:08:23>    19.H        -1.514078   -2.640350    1.217191
<Jan28-2022> <09:08:23>    20.H        -3.715134   -3.757054    1.324661
<Jan28-2022> <09:08:23>    21.H        -5.734295   -2.602863    0.445159
<Jan28-2022> <09:08:23>    22.H         1.492862    0.884041   -0.076644
<Jan28-2022> <09:08:23>    23.Sn        3.976691    0.397000   -0.719297
<Jan28-2022> <09:08:23>    24.Cl        5.604748    0.913905    0.971365
<Jan28-2022> <09:08:23>    25.Cl        4.805992    1.443773   -2.732733
<Jan28-2022> <09:08:23>  >>>> CORORT
<Jan28-2022> <09:08:23>  >>>> CLSMAT
<Jan28-2022> <09:08:23>  >>>> ORTHON
<Jan28-2022> <09:08:23>  >>>> GENPT
<Jan28-2022> <09:08:24>  Block Length= 128
<Jan28-2022> <09:08:26>  >>>> PTBAS
<Jan28-2022> <09:09:25>  >>>> CYCLE
<Jan28-2022> <09:10:46>  using orbital data from restart file
<Jan28-2022> <09:12:01>              |Error|         MaxErr       Wt(A-DIIS)
<Jan28-2022> <09:12:01>      1      0.29302567      0.04726511
<Jan28-2022> <09:14:17>      2      0.25973947      0.01540332    100.0
<Jan28-2022> <09:16:31>      3      0.22842639      0.01461819    100.0
<Jan28-2022> <09:18:46>      4      0.20877136      0.02116720     20.4
<Jan28-2022> <09:21:02>      5      0.13516825      0.00931656      8.4
<Jan28-2022> <09:23:15>      6      0.04149693      0.00241092      1.4
<Jan28-2022> <09:25:30>      7      0.05215940      0.00244977    100.0
<Jan28-2022> <09:27:44>      8      0.09253172      0.00596013    100.0
<Jan28-2022> <09:29:59>      9      0.06820219      0.00448611    100.0
<Jan28-2022> <09:32:13>     10      0.02948944      0.00198816      1.0
<Jan28-2022> <09:34:29>     11      0.01094198      0.00077700      0.0
<Jan28-2022> <09:36:46>     12      0.02061804      0.00132869      0.3
<Jan28-2022> <09:39:01>     13      0.03017488      0.00216313    100.0
<Jan28-2022> <09:41:15>     14      0.02414667      0.00148869    100.0
<Jan28-2022> <09:43:29>     15      0.01205849      0.00087776      0.0
<Jan28-2022> <09:45:43>     16      0.00050620      0.00006789      0.0
<Jan28-2022> <09:47:57>     17      0.00216713      0.00015259      0.0
<Jan28-2022> <09:50:12>     18      0.00195700      0.00012227      0.0
<Jan28-2022> <09:52:26>     19      0.00049399      0.00004042      0.0
<Jan28-2022> <09:54:41>     20      0.00052335      0.00004405      0.0
<Jan28-2022> <09:56:56>     21      0.00038691      0.00002265      0.0
<Jan28-2022> <09:59:11>     22      0.00012785      0.00000816      0.0
