
 *******************************************************************************
 *                                                                             *
 *  --------------------------------                                           *
 *   Amsterdam Modeling Suite (AMS)              2021.102                      *
 *  --------------------------------                                           *
 *                                               r95042 2021-06-07             *
 *                                                                             *
 *                                                                             *
 *                              =================                              *
 *                              |               |                              *
 *                              |     A M S     |                              *
 *                              |               |                              *
 *                              =================                              *
 *                                                                             *
 *                                                                             *
 *   Online information and documentation:  https://www.scm.com/support/       *
 *   E-mail:  support@scm.com   info@scm.com                                   *
 *                                                                             *
 *   Scientific publications using AMS results must be properly referenced     *
 *   See the User Manuals (or the web site) for recommended citations          *
 *   The terms and conditions of the End User License Agreement apply to       *
 *   the use of AMS, https://www.scm.com/license-terms/                        *
 *                                                                             *
 **********************  x86_64_linux_intel / intelmpi  ************************
 
 Licensed to: VU/FEW (+ SARA) / ALGEMEEN / Amsterdam / THE NETHERLANDS
 SCM User ID: u7668
  
 AMS 2021.102  RunTime: Jan20-2022 00:27:17  ShM Nodes: 1  Procs: 1

 AMS jobname: 2.no_catalyst_H_H.Rrad
 AMS jobid  : 168331739

 Start   directory: /scistor/tc/yhk800/MasterProject/calculations/no_catalyst_H_H/2.no_catalyst_H_H.Rrad/
 Results directory: /scistor/tc/yhk800/MasterProject/calculations/no_catalyst_H_H/2.no_catalyst_H_H.Rrad/
 Scratch directory: /scratch/3444/amstmp_2.no_catalyst_H_H.Rrad_kid0.168331739/

 RNG seed: -554555835 -978108065 -116130312 449386806 -1638306192 875178790 -440698528 1473975807



                      ************************************************************************
                      *  ADF 2021.102  RunTime: Jan20-2022 00:27:17  ShM Nodes: 1  Procs: 1  *
                      ************************************************************************
  
       ***************************
       *  GEOMETRY OPTIMIZATION  *
       ***************************

Optimization Method                    Quasi Newton
Optimization Coordinates               Delocalized Coordinates
Optimize lattice                       F
 
 ------------------------------------------------------
 Convergence criteria (Hartree,Angstrom)
 ------------------------------------------------------
 Maximum gradient               0.001000000000
 Maximum rms gradient           0.000666666667
 Maximum step allowed           0.010000000000
 Maximum rms step allowed       0.006666666667
 Maximum energy change allowe   0.000040000000
 Maximum stress energy allowe   0.000500000000
 
Initial model Hessian                  Automatic Hessian
 
------------------------------------
Quasi-Newton Optimizer Parameters
------------------------------------
Hessian Update Method                  BFGS
Maximum number of steps                  250
First GDIIS cycle                          0
Maximum GDIIS vectors                      0
Trust radius (bohr)                        0.200000
Trust radius varies                        T
Constraints converged at all steps         T
Use projector                              T
 
 Rigid motions settings for: old optimizer
 Atomic rotations (x,y,z):     T T T
 Atomic translations (x,y,z):  T T T
 Tolerance:                   1.000000000000000E-006
 
--------
Geometry
--------
Formula: CH3
Atoms
  Index Symbol   x (angstrom)   y (angstrom)   z (angstrom)
      1      H     2.05357037    -0.80344073     0.00000000
      2      C     0.97293718    -0.69574113     0.00000000
      3      H     0.66346652    -0.15035116     0.88661716
      4      H     0.66346652     0.15035116    -0.88661716
 
Total System Charge             0.00000
 
 
----------------
ADF Engine Input
----------------
 
 NumericalQuality VeryGood
 SCF
 Converge 1.0e-6
 Iterations 99
 End
 SYMMETRY NOSYM
 SpinPolarization 1.0
 Unrestricted Yes
 XC
 GGA OLYP
 End
 basis
 core None
 type TZ2P
 End
 

 Title: *** (NO TITLE) ***

 Using automatic Hessian for delocalized coordinates.
 *** GOStep1 ***

 Energy gradients wrt nuclear displacements
 ==========================================

     Atom      Cartesian (a.u./angstrom)
                 X         Y         Z
 ----------------------------------------
     1 H    -0.005530  0.030502  0.006775
     2 C     0.008409 -0.160874  0.083333
     3 H     0.018418  0.026064 -0.025197
     4 H    -0.021298  0.104308 -0.064911
 ----------------------------------------
 Mulliken charges used for AMS results%charges...
 
----------------------------------------------------------------------
Geometry Convergence after Step   1       (Hartree/Angstrom,Angstrom)
----------------------------------------------------------------------
current energy                               -0.61784933 Hartree
energy change                      -0.61784933     0.00004000    F
constrained gradient max            0.16087428     0.00100000    F
constrained gradient rms            0.06525784     0.00066667    F
gradient max                        0.16087428
gradient rms                        0.06525784
cart. step max                      0.03789453     0.01000000    F
cart. step rms                      0.01692117     0.00666667    F
 
 
--------
Geometry
--------
Formula: CH3
Atoms
  Index Symbol   x (angstrom)   y (angstrom)   z (angstrom)
      1      H     2.05275252    -0.80846367    -0.01650196
      2      C     0.97343086    -0.65784660    -0.01031243
      3      H     0.64889235    -0.15578480     0.90309625
      4      H     0.67836486     0.12291320    -0.87628186
 
Total System Charge             0.00000
 
 *** GOStep2 ***

 Energy gradients wrt nuclear displacements
 ==========================================

     Atom      Cartesian (a.u./angstrom)
                 X         Y         Z
 ----------------------------------------
     1 H     0.000976  0.026110  0.003383
     2 C    -0.000206 -0.133473  0.061115
     3 H     0.012612  0.025966 -0.014073
     4 H    -0.013382  0.081397 -0.050425
 ----------------------------------------
 Mulliken charges used for AMS results%charges...

 dE(predicted):    -0.84758E-02, dE(actual):    -0.10688E-01, Trust radius:    0.400000, all in a.u.
 
----------------------------------------------------------------------
Geometry Convergence after Step   2       (Hartree/Angstrom,Angstrom)
----------------------------------------------------------------------
current energy                               -0.62853719 Hartree
energy change                      -0.01068786     0.00004000    F
constrained gradient max            0.13347270     0.00100000    F
constrained gradient rms            0.05213982     0.00066667    F
gradient max                        0.13347270
gradient rms                        0.05213982
cart. step max                      0.07281860     0.01000000    F
cart. step rms                      0.03354442     0.00666667    F
 
 
--------
Geometry
--------
Formula: CH3
Atoms
  Index Symbol   x (angstrom)   y (angstrom)   z (angstrom)
      1      H     2.04089209    -0.81188222    -0.04212689
      2      C     0.97214674    -0.58502799    -0.03726895
      3      H     0.63078218    -0.16625276     0.91536760
      4      H     0.70961958     0.06398111    -0.83597176
 
Total System Charge             0.00000
 
 *** GOStep3 ***

 Energy gradients wrt nuclear displacements
 ==========================================

     Atom      Cartesian (a.u./angstrom)
                 X         Y         Z
 ----------------------------------------
     1 H     0.006555  0.020364 -0.000140
     2 C    -0.036548 -0.035289 -0.038522
     3 H     0.007883  0.021406 -0.001515
     4 H     0.022110 -0.006481  0.040177
 ----------------------------------------
 Mulliken charges used for AMS results%charges...

 dE(predicted):    -0.13754E-01, dE(actual):    -0.10651E-01, Trust radius:    0.800000, all in a.u.
 
----------------------------------------------------------------------
Geometry Convergence after Step   3       (Hartree/Angstrom,Angstrom)
----------------------------------------------------------------------
current energy                               -0.63918818 Hartree
energy change                      -0.01065098     0.00004000    F
constrained gradient max            0.04017636     0.00100000    F
constrained gradient rms            0.02447855     0.00066667    F
gradient max                        0.04017636
gradient rms                        0.02447855
cart. step max                      0.05066219     0.01000000    F
cart. step rms                      0.02572289     0.00666667    F
 
 
--------
Geometry
--------
Formula: CH3
Atoms
  Index Symbol   x (angstrom)   y (angstrom)   z (angstrom)
      1      H     2.04365206    -0.83660368    -0.02740310
      2      C     0.99591557    -0.53436581    -0.03012049
      3      H     0.62988883    -0.19127812     0.93905411
      4      H     0.68398413     0.06306575    -0.88153052
 
Total System Charge             0.00000
 
 *** GOStep4 ***

 Energy gradients wrt nuclear displacements
 ==========================================

     Atom      Cartesian (a.u./angstrom)
                 X         Y         Z
 ----------------------------------------
     1 H     0.006081  0.011460  0.003982
     2 C    -0.021484 -0.030841 -0.013154
     3 H     0.007820  0.010957  0.003120
     4 H     0.007582  0.008423  0.006052
 ----------------------------------------
 Mulliken charges used for AMS results%charges...

 dE(predicted):    -0.33246E-02, dE(actual):    -0.46991E-02, Trust radius:    0.800000, all in a.u.
 
----------------------------------------------------------------------
Geometry Convergence after Step   4       (Hartree/Angstrom,Angstrom)
----------------------------------------------------------------------
current energy                               -0.64388726 Hartree
energy change                      -0.00469909     0.00004000    F
constrained gradient max            0.03084097     0.00100000    F
constrained gradient rms            0.01331012     0.00066667    F
gradient max                        0.03084097
gradient rms                        0.01331012
cart. step max                      0.06275230     0.01000000    F
cart. step rms                      0.02425708     0.00666667    F
 
 
--------
Geometry
--------
Formula: CH3
Atoms
  Index Symbol   x (angstrom)   y (angstrom)   z (angstrom)
      1      H     2.03987034    -0.86026115    -0.02716980
      2      C     1.02524143    -0.47161350    -0.02240384
      3      H     0.61910180    -0.21378672     0.95060268
      4      H     0.66922702     0.04647952    -0.90102904
 
Total System Charge             0.00000
 
 *** GOStep5 ***

 Energy gradients wrt nuclear displacements
 ==========================================

     Atom      Cartesian (a.u./angstrom)
                 X         Y         Z
 ----------------------------------------
     1 H     0.003066  0.005364  0.004405
     2 C    -0.016160 -0.009794 -0.011547
     3 H     0.007199  0.002853  0.002405
     4 H     0.005894  0.001577  0.004736
 ----------------------------------------
 Mulliken charges used for AMS results%charges...

 dE(predicted):    -0.18707E-02, dE(actual):    -0.25257E-02, Trust radius:    0.800000, all in a.u.
 
----------------------------------------------------------------------
Geometry Convergence after Step   5       (Hartree/Angstrom,Angstrom)
----------------------------------------------------------------------
current energy                               -0.64641295 Hartree
energy change                      -0.00252569     0.00004000    F
constrained gradient max            0.01615978     0.00100000    F
constrained gradient rms            0.00749094     0.00066667    F
gradient max                        0.01615978
gradient rms                        0.00749094
cart. step max                      0.04256834     0.01000000    F
cart. step rms                      0.01843417     0.00666667    F
 
 
--------
Geometry
--------
Formula: CH3
Atoms
  Index Symbol   x (angstrom)   y (angstrom)   z (angstrom)
      1      H     2.03977743    -0.87931970    -0.03649224
      2      C     1.05474206    -0.42904516    -0.00893595
      3      H     0.60081101    -0.22432372     0.95152069
      4      H     0.65811009     0.03350672    -0.90609250
 
Total System Charge             0.00000
 
 *** GOStep6 ***

 Energy gradients wrt nuclear displacements
 ==========================================

     Atom      Cartesian (a.u./angstrom)
                 X         Y         Z
 ----------------------------------------
     1 H     0.000646  0.002807  0.001067
     2 C    -0.006038 -0.006461  0.001099
     3 H     0.003673  0.001145 -0.000979
     4 H     0.001720  0.002510 -0.001188
 ----------------------------------------
 Mulliken charges used for AMS results%charges...

 dE(predicted):    -0.74010E-03, dE(actual):    -0.10149E-02, Trust radius:    0.800000, all in a.u.
 
----------------------------------------------------------------------
Geometry Convergence after Step   6       (Hartree/Angstrom,Angstrom)
----------------------------------------------------------------------
current energy                               -0.64742785 Hartree
energy change                      -0.00101490     0.00004000    F
constrained gradient max            0.00646149     0.00100000    F
constrained gradient rms            0.00309945     0.00066667    F
gradient max                        0.00646149
gradient rms                        0.00309945
cart. step max                      0.03559794     0.01000000    F
cart. step rms                      0.01468663     0.00666667    F
 
 
--------
Geometry
--------
Formula: CH3
Atoms
  Index Symbol   x (angstrom)   y (angstrom)   z (angstrom)
      1      H     2.03700005    -0.89365508    -0.04193868
      2      C     1.07840370    -0.39344722    -0.00191907
      3      H     0.58822430    -0.23345526     0.94848760
      4      H     0.64981255     0.02137570    -0.90462984
 
Total System Charge             0.00000
 
 *** GOStep7 ***

 Energy gradients wrt nuclear displacements
 ==========================================

     Atom      Cartesian (a.u./angstrom)
                 X         Y         Z
 ----------------------------------------
     1 H    -0.000701  0.001396 -0.000316
     2 C    -0.001323 -0.002265  0.000998
     3 H     0.001035  0.000673 -0.002090
     4 H     0.000989  0.000196  0.001408
 ----------------------------------------
 Mulliken charges used for AMS results%charges...

 dE(predicted):    -0.25684E-03, dE(actual):    -0.31410E-03, Trust radius:    0.800000, all in a.u.
 
----------------------------------------------------------------------
Geometry Convergence after Step   7       (Hartree/Angstrom,Angstrom)
----------------------------------------------------------------------
current energy                               -0.64774195 Hartree
energy change                      -0.00031410     0.00004000    F
constrained gradient max            0.00226492     0.00100000    F
constrained gradient rms            0.00126838     0.00066667    F
gradient max                        0.00226492
gradient rms                        0.00126838
cart. step max                      0.01558833     0.01000000    F
cart. step rms                      0.00604972     0.00666667    T
 
 
--------
Geometry
--------
Formula: CH3
Atoms
  Index Symbol   x (angstrom)   y (angstrom)   z (angstrom)
      1      H     2.03469124    -0.89934965    -0.04182061
      2      C     1.08734353    -0.37785889    -0.00015987
      3      H     0.58543962    -0.23884946     0.94848447
      4      H     0.64596621     0.01687614    -0.90650399
 
Total System Charge             0.00000
 
 *** GOStep8 ***

 Energy gradients wrt nuclear displacements
 ==========================================

     Atom      Cartesian (a.u./angstrom)
                 X         Y         Z
 ----------------------------------------
     1 H    -0.000723  0.000557 -0.000054
     2 C     0.000378 -0.000728  0.000513
     3 H     0.000266  0.000151 -0.001004
     4 H     0.000079  0.000020  0.000545
 ----------------------------------------
 Mulliken charges used for AMS results%charges...

 dE(predicted):    -0.33295E-04, dE(actual):    -0.38472E-04, Trust radius:    0.800000, all in a.u.
 
----------------------------------------------------------------------
Geometry Convergence after Step   8       (Hartree/Angstrom,Angstrom)
----------------------------------------------------------------------
current energy                               -0.64778042 Hartree
energy change                      -0.00003847     0.00004000    T
constrained gradient max            0.00100384     0.00100000    F
constrained gradient rms            0.00051469     0.00066667    T
gradient max                        0.00100384
gradient rms                        0.00051469
cart. step max                      0.00311587     0.01000000    T
cart. step rms                      0.00118216     0.00666667    T
 
 
--------
Geometry
--------
Formula: CH3
Atoms
  Index Symbol   x (angstrom)   y (angstrom)   z (angstrom)
      1      H     2.03414861    -0.90031737    -0.04176237
      2      C     1.08848070    -0.37474301     0.00006494
      3      H     0.58520702    -0.24011155     0.94931254
      4      H     0.64560426     0.01599007    -0.90761511
 
Total System Charge             0.00000
 
 *** GOStep9 ***

 Energy gradients wrt nuclear displacements
 ==========================================

     Atom      Cartesian (a.u./angstrom)
                 X         Y         Z
 ----------------------------------------
     1 H    -0.000270  0.000148 -0.000001
     2 C     0.000186 -0.000112  0.000107
     3 H     0.000065 -0.000014 -0.000170
     4 H     0.000019 -0.000022  0.000063
 ----------------------------------------
 Mulliken charges used for AMS results%charges...

 dE(predicted):    -0.18129E-05, dE(actual):    -0.21068E-05, Trust radius:    0.800000, all in a.u.
 
---------------------------------------------------------
Geometry Convergence after Step   9       ** CONVERGED **
---------------------------------------------------------
current energy                               -0.64778253 Hartree
energy change                      -0.00000211     0.00004000    T
constrained gradient max            0.00026933     0.00100000    T
constrained gradient rms            0.00012627     0.00066667    T
gradient max                        0.00026933
gradient rms                        0.00012627
cart. step max                      0.00013068     0.01000000    T
cart. step rms                      0.00007016     0.00666667    T
 
Geometry optimization converged

Optimized geometry:
 
--------
Geometry
--------
Formula: CH3
Atoms
  Index Symbol   x (angstrom)   y (angstrom)   z (angstrom)
      1      H     2.03414861    -0.90031737    -0.04176237
      2      C     1.08848070    -0.37474301     0.00006494
      3      H     0.58520702    -0.24011155     0.94931254
      4      H     0.64560426     0.01599007    -0.90761511
 
Total System Charge             0.00000
 
Performing a single point calculation on the final geometry ...

 *** adf ***



 ===========================
 A T T A C H E D   F I L E S
 ===========================
  
 Restart/scratch/3444/amstmp_2.no_catalyst_H_H.Rrad_kid0.168331739/GOStep9.rkf
 *** GOStep9 ***



 ===============================
 M O D E L   P A R A M E T E R S
 ===============================
  
 DENSITY FUNCTIONAL POTENTIAL (scf)
    LDA:                               Exchange only                           == Not Default ==
    Gradient Corrections:              OPTX LYP                                == Not Default ==

 SPIN  (restricted / unrestr.)
    Molecule:                          UNrestricted                            == Not Default ==
    Fragments:                         Restricted                               

 OTHER ASPECTS
    Relativistic Corrections:          scalar (ZORA,MAPA)                       

    Nuclear Charge Density Model:      Point Charge Nuclei                      
    Core Treatment:                    Frozen Orbital(s)                        

    Hyperfine or Zeeman Interaction:   ---                                      



 ===============
 G E O M E T R Y  ***  3D  Molecule  ***
 ===============
  

 ATOMS
 =====                            X Y Z                    CHARGE
                                (Angstrom)             Nucl     +Core       At.Mass
                       --------------------------    ----------------       -------
    1  H               2.0341   -0.9003   -0.0418      1.00      1.00        1.0078
    2  C               1.0885   -0.3747    0.0001      6.00      6.00       12.0000
    3  H               0.5852   -0.2401    0.9493      1.00      1.00        1.0078
    4  H               0.6456    0.0160   -0.9076      1.00      1.00        1.0078


 FRAGMENTS
 =========                                     Atoms in this Fragment     Cart. coord.s (Angstrom)
                                               -------------------------------------------------------
    1  H                                                 1  H            2.0341   -0.9003   -0.0418
    2  H                                                 3  H            0.5852   -0.2401    0.9493
    3  H                                                 4  H            0.6456    0.0160   -0.9076
    4  C                                                 2  C            1.0885   -0.3747    0.0001


 Interatomic Distance Matrix (Angstrom)
 --------------------------------------

   1)     0.000
   2)     1.083   0.000
   3)     1.876   1.083   0.000
   4)     1.875   1.083   1.875   0.000

 Min. Distance =    1.0827
 Max. Distance =    1.8755



 =====================================
 S Y M M E T R Y ,   E L E C T R O N S
 =====================================
  
 Symmetry: NOSYM

 Irreducible Representations, including subspecies
 -------------------------------------------------
 A


 Configuration of Valence Electrons
 ==================================
 ( determined in the SCF procedure )

 Total:   5 (Spin-A)  + 4 (Spin-B)

 Net Charge: 0 (Nuclei minus Electrons)
 Spin polar: 1 (Spin_A minus Spin_B electrons)

 Aufbau principle for MO occupations will be applied through SCF cycle no.      49
 Thereafter, the program will assign electrons to MOs that are spatially
 similar to the occupied MOs in a "reference" cycle ("KeepOrbitals").
 The reference cycle is always the PREVIOUS cycle: it will evolve with
 the SCF procedure.
1
 ***************************************************************************************************



                                      ****************************************
                                      *  B U I L D : (Fragments, Functions)  *
                                      ****************************************
  



 =======
 S F O s  ***  (Symmetrized Fragment Orbitals)  ***
 =======
  
 SFOs are linear combinations of (valence) Fragment Orbitals (FOs), such that the SFOs transform as the
 irreducible representations of the (molecular) symmetry group. Each SFO is therefore characterized by
 an irrep of the molecule and by a few (or only one) generating FOs.
 The SFOs constitute a symmetry-adapted basis for the Fock matrix. The MO eigenvector coefficients in
 this basis provide a direct interpretation of the MOs in terms of Frontier Orbital Theory.

 The SFOs are combined with auxiliary Core Functions (CFs) to ensure orthogonalization on the (frozen)
 Core Orbitals (COs). The Core-orthogonalized SFOs (CSFOs) constitute the true Fock basis.

 The FOs, and hence also the (C)SFOs are combinations of the elementary basis functions (BAS). The basis
 functions that participate in the description of the SFOs depend on the irrep. The indices of the
 involved functions are printed below for each irrep.
 (The complete list of primitive basis functions is printed in another section)

 Total nr. of (C)SFOs (summation over all irreps) :    59

 NOTE: a (C)SFO that is defined as a combination of more than one FO is usually NOT normalized.



                                       === A ===
 Nr. of SFOs :   59
 Cartesian basis functions that participate in this irrep (total number =    66) :
      1     2     3     4     5     6     7     8     9    10
     11    12    13    14    15    16    17    18    19    20
     21    22    23    24    25    26    27    28    29    30
     31    32    33    34    35    36    37    38    39    40
     41    42    45    48    43    46    49    44    47    50
     51    52    53    54    55    56    57    58    59    60
     61    62    63    64    65    66

    SFO  (index         Fragment          Generating    Expansion in Fragment Orbitals
  indx  incl.CFs)   Occup   Orb.Energy   FragmentType  Coeff.   Orbital     on Fragment
 --------------------------------------------------------------------------------------
     1       1      1.000      -0.238 au  H             1.00      1 S               1
                        (      -6.484 eV)
     2       2       --         0.077 au  H             1.00      2 S               1
                        (       2.096 eV)
     3       3       --         1.521 au  H             1.00      3 S               1
                        (      41.380 eV)
     4       4       --         0.410 au  H             1.00      1 P:x             1
                        (      11.162 eV)
     5       5       --         0.410 au  H             1.00      1 P:y             1
                        (      11.162 eV)
     6       6       --         0.410 au  H             1.00      1 P:z             1
                        (      11.162 eV)
     7       7       --         2.567 au  H             1.00      1 D:z2            1
                        (      69.838 eV)
     8       8       --         2.567 au  H             1.00      1 D:x2-y2         1
                        (      69.838 eV)
     9       9       --         2.567 au  H             1.00      1 D:xy            1
                        (      69.838 eV)
    10      10       --         2.567 au  H             1.00      1 D:xz            1
                        (      69.838 eV)
    11      11       --         2.567 au  H             1.00      1 D:yz            1
                        (      69.838 eV)
    12      12      1.000      -0.238 au  H             1.00      1 S               2
                        (      -6.484 eV)
    13      13       --         0.077 au  H             1.00      2 S               2
                        (       2.096 eV)
    14      14       --         1.521 au  H             1.00      3 S               2
                        (      41.380 eV)
    15      15       --         0.410 au  H             1.00      1 P:x             2
                        (      11.162 eV)
    16      16       --         0.410 au  H             1.00      1 P:y             2
                        (      11.162 eV)
    17      17       --         0.410 au  H             1.00      1 P:z             2
                        (      11.162 eV)
    18      18       --         2.567 au  H             1.00      1 D:z2            2
                        (      69.838 eV)
    19      19       --         2.567 au  H             1.00      1 D:x2-y2         2
                        (      69.838 eV)
    20      20       --         2.567 au  H             1.00      1 D:xy            2
                        (      69.838 eV)
    21      21       --         2.567 au  H             1.00      1 D:xz            2
                        (      69.838 eV)
    22      22       --         2.567 au  H             1.00      1 D:yz            2
                        (      69.838 eV)
    23      23      1.000      -0.238 au  H             1.00      1 S               3
                        (      -6.484 eV)
    24      24       --         0.077 au  H             1.00      2 S               3
                        (       2.096 eV)
    25      25       --         1.521 au  H             1.00      3 S               3
                        (      41.380 eV)
    26      26       --         0.410 au  H             1.00      1 P:x             3
                        (      11.162 eV)
    27      27       --         0.410 au  H             1.00      1 P:y             3
                        (      11.162 eV)
    28      28       --         0.410 au  H             1.00      1 P:z             3
                        (      11.162 eV)
    29      29       --         2.567 au  H             1.00      1 D:z2            3
                        (      69.838 eV)
    30      30       --         2.567 au  H             1.00      1 D:x2-y2         3
                        (      69.838 eV)
    31      31       --         2.567 au  H             1.00      1 D:xy            3
                        (      69.838 eV)
    32      32       --         2.567 au  H             1.00      1 D:xz            3
                        (      69.838 eV)
    33      33       --         2.567 au  H             1.00      1 D:yz            3
                        (      69.838 eV)
    34      34      2.000     -10.064 au  C             1.00      1 S               4
                        (    -273.865 eV)
    35      35      2.000      -0.507 au  C             1.00      2 S               4
                        (     -13.802 eV)
    36      36       --         0.384 au  C             1.00      3 S               4
                        (      10.456 eV)
    37      37       --         5.458 au  C             1.00      4 S               4
                        (     148.511 eV)
    38      38       --        49.970 au  C             1.00      5 S               4
                        (    1359.766 eV)
    39      39      0.667      -0.189 au  C             1.00      1 P:x             4
                        (      -5.135 eV)
    40      40       --         0.168 au  C             1.00      2 P:x             4
                        (       4.559 eV)
    41      41       --         2.056 au  C             1.00      3 P:x             4
                        (      55.959 eV)
    42      42      0.667      -0.189 au  C             1.00      1 P:y             4
                        (      -5.135 eV)
    43      43       --         0.168 au  C             1.00      2 P:y             4
                        (       4.559 eV)
    44      44       --         2.056 au  C             1.00      3 P:y             4
                        (      55.959 eV)
    45      45      0.667      -0.189 au  C             1.00      1 P:z             4
                        (      -5.135 eV)
    46      46       --         0.168 au  C             1.00      2 P:z             4
                        (       4.559 eV)
    47      47       --         2.056 au  C             1.00      3 P:z             4
                        (      55.959 eV)
    48      48       --         1.235 au  C             1.00      1 D:z2            4
                        (      33.605 eV)
    49      49       --         1.235 au  C             1.00      1 D:x2-y2         4
                        (      33.605 eV)
    50      50       --         1.235 au  C             1.00      1 D:xy            4
                        (      33.605 eV)
    51      51       --         1.235 au  C             1.00      1 D:xz            4
                        (      33.605 eV)
    52      52       --         1.235 au  C             1.00      1 D:yz            4
                        (      33.605 eV)
    53      53       --         4.005 au  C             1.00      1 F:z3            4
                        (     108.969 eV)
    54      54       --         4.005 au  C             1.00      1 F:z             4
                        (     108.969 eV)
    55      55       --         4.005 au  C             1.00      1 F:xyz           4
                        (     108.969 eV)
    56      56       --         4.005 au  C             1.00      1 F:z2x           4
                        (     108.969 eV)
    57      57       --         4.005 au  C             1.00      1 F:z2y           4
                        (     108.969 eV)
    58      58       --         4.005 au  C             1.00      1 F:x             4
                        (     108.969 eV)
    59      59       --         4.005 au  C             1.00      1 F:y             4
                        (     108.969 eV)



 ================================
 (Slater-type)  F U N C T I O N S  ***  (Basis and Fit)  ***
 ================================
  

 Atom Type    1  (H)
 ==============

 Valence Basis Sets:   5
 -----------------------
   1 S    0.690000
   1 S    0.920000
   1 S    1.580000
   2 P    1.250000
   3 D    2.500000

 Atom Type    2  (C)
 ==============

 Valence Basis Sets:  10
 -----------------------
   1 S    7.680000
   1 S    5.000000
   2 S    1.280000
   2 S    2.100000
   2 S    4.600000
   2 P    0.820000
   2 P    1.480000
   2 P    2.940000
   3 D    2.200000
   4 F    3.300000


 BAS: List of all Elementary Cartesian Basis Functions
 =====================================================

 The numbering in the list below (to the right of the function characteristics) is referred
 to in print-outs of MO eigenvectors and Mulliken populations in the BAS representation
 (as contrasted to the SFO representation).

 Notes:
 1. The functions are characterized by a polynomial prefactor (powers of x,y,z and r) and
    an exponential decay factor alpha.
 2. Since the basis sets are specific for an atom TYPE, the individual functions occur on
    all atoms of that type.
 3. The word 'Core' in the left margin signals that it is a Core Function (CF) : not a
    degree of freedom in the valence set, but only used to ensure orthogonalization of
    the other valence basis functions on the frozen Core Orbitals.


 (power of) X  Y  Z  R     Alpha  on Atom
            ==========     =====     ==========

 H                                    1    2    3
                                  ---------------------------------------------------------------------------
            0  0  0  0     0.690      1   13   25
            0  0  0  0     0.920      2   14   26
            0  0  0  0     1.580      3   15   27
            1  0  0  0     1.250      4   16   28
            0  1  0  0     1.250      5   17   29
            0  0  1  0     1.250      6   18   30
            2  0  0  0     2.500      7   19   31
            1  1  0  0     2.500      8   20   32
            1  0  1  0     2.500      9   21   33
            0  2  0  0     2.500     10   22   34
            0  1  1  0     2.500     11   23   35
            0  0  2  0     2.500     12   24   36

 C                                    4
                                  ---------------------------------------------------------------------------
            0  0  0  0     7.680     37
            0  0  0  0     5.000     38
            0  0  0  1     1.280     39
            0  0  0  1     2.100     40
            0  0  0  1     4.600     41
            1  0  0  0     0.820     42
            0  1  0  0     0.820     43
            0  0  1  0     0.820     44
            1  0  0  0     1.480     45
            0  1  0  0     1.480     46
            0  0  1  0     1.480     47
            1  0  0  0     2.940     48
            0  1  0  0     2.940     49
            0  0  1  0     2.940     50
            2  0  0  0     2.200     51
            1  1  0  0     2.200     52
            1  0  1  0     2.200     53
            0  2  0  0     2.200     54
            0  1  1  0     2.200     55
            0  0  2  0     2.200     56
            3  0  0  0     3.300     57
            2  1  0  0     3.300     58
            2  0  1  0     3.300     59
            1  2  0  0     3.300     60
            1  1  1  0     3.300     61
            1  0  2  0     3.300     62
            0  3  0  0     3.300     63
            0  2  1  0     3.300     64
            0  1  2  0     3.300     65
            0  0  3  0     3.300     66

 Total number of charge fitting functions (nprimf)       234
 Total number of Cartesian basis functions (naos)         66
 Total number of Cartesian core functions  (ncos)          0

1
 ***************************************************************************************************



                                              ***********************
                                              *  T E C H N I C A L  *
                                              ***********************
  



 =============================================================
 P A R A L L E L I Z A T I O N  and  V E C T O R I Z A T I O N
 =============================================================
  
 Nr of parallel processes:                                1
 Maximum vector length in NumInt loops:                 128



 =====================
 S C F   U P D A T E S
 =====================
  
 Max. nr. of cycles:                                99
 Convergence criterion:                              0.0000010000
   secondary criterion:                              0.0010000000

 Mix parameter (when DIIS does not apply):           0.2000000000
 Mixed ADIIS+SDIIS will be used                  
    Max number of expansion vectors:                10
    Pure ADIIS when Max([F,P]) is above              0.1000000000
    Pure SDIIS when Max([F,P]) is below              0.0010000000
 Automatic ElectronSmearing (in case of problematic SCF convergence) disabled



 =================
 P R E C I S I O N  ***  (General: NumInt, NeglectFunctionTails, ...)  ***
 =================
  

 NumInt:           Target precision:                 8.0000000000
 -------           Initial precision:                8.0000000000
                   Min. precision (optimization):    8.0000000000

 Neglect Functions:          Basis functions:        0.1000000000E-09
 ------------------          Fit functions:          0.1000000000E-09



 ===========================
 L I N E A R   S C A L I N G
 ===========================
  

 Cut-off radii density fit:                        0.1000000000E-11
 Overlap cut-off criterion AO matrix elements:     0.1000000000E-09
 Cut-offs for Coulomb potential and fitted density:0.1000000000E-11
 Cut-off criterion for Coulomb multipole terms:    0.1000000000E-11
 Progressive Convergence parameter:                 0.000000000    

 Number of elements of the density matrix on this node (used, total):      2211      2211



 ===========================================
 Numerical Integration : Fuzzy Cells (Becke)
 ===========================================
  
 Becke grid quality: VERYGOOD       
  
 Lebedev angular grid order:             min:  13 max:  41
 Nr. of radial points:                   min:  64 max:  72

 Total nr. of points:      92946
 Nr. of blocks:              727
 Block length:               128
 Nr. of dummy points:        110


 Test of Precision of the Numerical Integration Grid
 ===================================================

 Integral of the Total Core Density:                   0.00000000000000



 ========================
 Density Fitting (zlmFit)
 ========================
  
 ZlmFit Fit Quality: VERYGOOD       
  
 Max L-expansion:                        min:  10 max:  11
 Nr. of radial interpolation points:     min: 130 max: 160
