<Jan20-2022> <00:27:17>  AMS 2021.102  RunTime: Jan20-2022 00:27:17  ShM Nodes: 1  Procs: 1
<Jan20-2022> <00:27:17>  ADF 2021.102  RunTime: Jan20-2022 00:27:17  ShM Nodes: 1  Procs: 1
<Jan20-2022> <00:27:18>  *** (NO TITLE) ***
<Jan20-2022> <00:27:18>  Iteration 1
<Jan20-2022> <00:27:18>  DIRAC 2021.102  RunTime: Jan20-2022 00:27:18  ShM Nodes: 1  Procs: 1
<Jan20-2022> <00:27:18>  Hydrogen (TZ2P)
<Jan20-2022> <00:27:18>  Net Charge: 0 (Nuclei minus Electrons)
<Jan20-2022> <00:27:18>  Symmetry  : ATOM
<Jan20-2022> <00:27:18>  Coordinates
<Jan20-2022> <00:27:18>     Atom         X           Y           Z   (Angstrom)
<Jan20-2022> <00:27:18>     1.H         0.000000    0.000000    0.000000
<Jan20-2022> <00:27:18>  >>>> CORORT
<Jan20-2022> <00:27:18>  >>>> CLSMAT
<Jan20-2022> <00:27:18>  >>>> ORTHON
<Jan20-2022> <00:27:18>  >>>> GENPT
<Jan20-2022> <00:27:18>  Block Length=  64
<Jan20-2022> <00:27:18>  >>>> PTBAS
<Jan20-2022> <00:27:18>  >>>> CYCLE
<Jan20-2022> <00:27:18>              |Error|         MaxErr       Wt(A-DIIS)
<Jan20-2022> <00:27:18>      1      0.00000000      0.00000000
<Jan20-2022> <00:27:18>      2      0.03080019      0.02591482
<Jan20-2022> <00:27:18>      3      0.01140383      0.01135775    100.0
<Jan20-2022> <00:27:18>      4      0.00327656      0.00327407      2.3
<Jan20-2022> <00:27:18>      5      0.00010041      0.00009754      0.0
<Jan20-2022> <00:27:18>      6      0.00000525      0.00000504      0.0
<Jan20-2022> <00:27:18>      7      0.00000007      0.00000007      0.0
<Jan20-2022> <00:27:18>      8      0.00000000      0.00000000      0.0
<Jan20-2022> <00:27:18>  SCF converged
<Jan20-2022> <00:27:18>      9      0.00000000      0.00000000      0.0
<Jan20-2022> <00:27:18>  >>>> POPAN
<Jan20-2022> <00:27:18>  >>>> DEBYE
<Jan20-2022> <00:27:18>  DIRAC 2021.102  RunTime: Jan20-2022 00:27:18  ShM Nodes: 1  Procs: 1
<Jan20-2022> <00:27:18>  Carbon (TZ2P)
<Jan20-2022> <00:27:18>  Net Charge: 0 (Nuclei minus Electrons)
<Jan20-2022> <00:27:18>  Symmetry  : ATOM
<Jan20-2022> <00:27:18>  Coordinates
<Jan20-2022> <00:27:18>     Atom         X           Y           Z   (Angstrom)
<Jan20-2022> <00:27:18>     1.C         0.000000    0.000000    0.000000
<Jan20-2022> <00:27:18>  >>>> CORORT
<Jan20-2022> <00:27:18>  >>>> CLSMAT
<Jan20-2022> <00:27:18>  >>>> ORTHON
<Jan20-2022> <00:27:18>  >>>> GENPT
<Jan20-2022> <00:27:18>  Block Length=  72
<Jan20-2022> <00:27:18>  >>>> PTBAS
<Jan20-2022> <00:27:18>  >>>> CYCLE
<Jan20-2022> <00:27:19>              |Error|         MaxErr       Wt(A-DIIS)
<Jan20-2022> <00:27:19>      1      0.00000000      0.00000000
<Jan20-2022> <00:27:19>      2      4.48405934      3.32161898    100.0
<Jan20-2022> <00:27:19>      3      1.60718414      1.28408746    100.0
<Jan20-2022> <00:27:19>      4      0.76426456      0.62272052    100.0
<Jan20-2022> <00:27:19>      5      0.36119063      0.28553990    100.0
<Jan20-2022> <00:27:19>      6      0.14821424      0.11559867    100.0
<Jan20-2022> <00:27:19>      7      0.10108424      0.07867111     78.5
<Jan20-2022> <00:27:19>      8      0.01786531      0.01387049     13.0
<Jan20-2022> <00:27:19>      9      0.00195746      0.00153262      0.5
<Jan20-2022> <00:27:19>     10      0.00001058      0.00000730      0.0
<Jan20-2022> <00:27:19>     11      0.00000047      0.00000027      0.0
<Jan20-2022> <00:27:19>     12      0.00000003      0.00000002      0.0
<Jan20-2022> <00:27:19>     13      0.00000000      0.00000000      0.0
<Jan20-2022> <00:27:19>  SCF converged
<Jan20-2022> <00:27:19>     14      0.00000000      0.00000000      0.0
<Jan20-2022> <00:27:19>  >>>> POPAN
<Jan20-2022> <00:27:19>  >>>> DEBYE
<Jan20-2022> <00:27:19>  *** GOStep1 ***
<Jan20-2022> <00:27:19>  >>>> FRAGM
<Jan20-2022> <00:27:19>  Coordinates
<Jan20-2022> <00:27:19>     Atom         X           Y           Z   (Angstrom)
<Jan20-2022> <00:27:19>     1.H         2.053570   -0.803441    0.000000
<Jan20-2022> <00:27:19>     2.C         0.972937   -0.695741    0.000000
<Jan20-2022> <00:27:19>     3.H         0.663467   -0.150351    0.886617
<Jan20-2022> <00:27:19>     4.H         0.663467    0.150351   -0.886617
<Jan20-2022> <00:27:19>  >>>> CORORT
<Jan20-2022> <00:27:19>  >>>> CLSMAT
<Jan20-2022> <00:27:19>  >>>> ORTHON
<Jan20-2022> <00:27:19>  >>>> GENPT
<Jan20-2022> <00:27:19>  Block Length= 128
<Jan20-2022> <00:27:19>  >>>> PTBAS
<Jan20-2022> <00:27:20>  >>>> CYCLE
<Jan20-2022> <00:27:27>              |Error|         MaxErr       Wt(A-DIIS)
<Jan20-2022> <00:27:27>      1      1.82550844      0.37604047
<Jan20-2022> <00:27:32>      2      0.43473674      0.04919750    100.0
<Jan20-2022> <00:27:38>      3      0.41343507      0.05953285    100.0
<Jan20-2022> <00:27:42>      4      0.05484385      0.00563789      4.7
<Jan20-2022> <00:27:47>      5      0.01218287      0.00187576      0.9
<Jan20-2022> <00:27:52>      6      0.00143899      0.00017142      0.0
<Jan20-2022> <00:27:56>      7      0.00043138      0.00004931      0.0
<Jan20-2022> <00:28:02>      8      0.00015256      0.00001901      0.0
<Jan20-2022> <00:28:07>      9      0.00003797      0.00000480      0.0
<Jan20-2022> <00:28:12>     10      0.00000591      0.00000095      0.0
<Jan20-2022> <00:28:13>  SCF converged
<Jan20-2022> <00:28:18>     11      0.00000154      0.00000025      0.0
<Jan20-2022> <00:28:19>  >>>> TOTEN
<Jan20-2022> <00:28:25>  >>>> POPAN
<Jan20-2022> <00:28:25>  >>>> DEBYE
<Jan20-2022> <00:28:25>  >>>> ENGRAD
<Jan20-2022> <00:28:29>  current energy                               -0.61784933 Hartree
<Jan20-2022> <00:28:29>  energy change                      -0.61784933     0.00004000    F
<Jan20-2022> <00:28:29>  constrained gradient max            0.16087428     0.00100000    F
<Jan20-2022> <00:28:29>  constrained gradient rms            0.06525784     0.00066667    F
<Jan20-2022> <00:28:29>  gradient max                        0.16087428
<Jan20-2022> <00:28:29>  gradient rms                        0.06525784
<Jan20-2022> <00:28:29>  cart. step max                      0.03789453     0.01000000    F
<Jan20-2022> <00:28:29>  cart. step rms                      0.01692117     0.00666667    F
<Jan20-2022> <00:28:29>  Iteration 2
<Jan20-2022> <00:28:29>  *** GOStep2 ***
<Jan20-2022> <00:28:29>  >>>> FRAGM
<Jan20-2022> <00:28:29>  Coordinates
<Jan20-2022> <00:28:29>     Atom         X           Y           Z   (Angstrom)
<Jan20-2022> <00:28:29>     1.H         2.052753   -0.808464   -0.016502
<Jan20-2022> <00:28:29>     2.C         0.973431   -0.657847   -0.010312
<Jan20-2022> <00:28:29>     3.H         0.648892   -0.155785    0.903096
<Jan20-2022> <00:28:29>     4.H         0.678365    0.122913   -0.876282
<Jan20-2022> <00:28:29>  >>>> CORORT
<Jan20-2022> <00:28:29>  >>>> CLSMAT
<Jan20-2022> <00:28:29>  >>>> ORTHON
<Jan20-2022> <00:28:29>  >>>> GENPT
<Jan20-2022> <00:28:29>  Block Length= 128
<Jan20-2022> <00:28:29>  >>>> PTBAS
<Jan20-2022> <00:28:30>  >>>> CYCLE
<Jan20-2022> <00:28:33>  using orbital data from restart file
<Jan20-2022> <00:28:37>              |Error|         MaxErr       Wt(A-DIIS)
<Jan20-2022> <00:28:37>      1      0.11646284      0.03030531
<Jan20-2022> <00:28:42>      2      0.02424311      0.00276688    100.0
<Jan20-2022> <00:28:47>      3      0.01459030      0.00188405    100.0
<Jan20-2022> <00:28:52>      4      0.01504940      0.00172223      0.7
<Jan20-2022> <00:28:58>      5      0.00038842      0.00005526      0.0
<Jan20-2022> <00:29:03>      6      0.00009391      0.00000934      0.0
<Jan20-2022> <00:29:08>      7      0.00001481      0.00000173      0.0
<Jan20-2022> <00:29:13>      8      0.00000527      0.00000074      0.0
<Jan20-2022> <00:29:14>  SCF converged
<Jan20-2022> <00:29:19>      9      0.00000081      0.00000010      0.0
<Jan20-2022> <00:29:20>  >>>> TOTEN
<Jan20-2022> <00:29:26>  >>>> POPAN
<Jan20-2022> <00:29:26>  >>>> DEBYE
<Jan20-2022> <00:29:26>  >>>> ENGRAD
<Jan20-2022> <00:29:30>  current energy                               -0.62853719 Hartree
<Jan20-2022> <00:29:30>  energy change                      -0.01068786     0.00004000    F
<Jan20-2022> <00:29:30>  constrained gradient max            0.13347270     0.00100000    F
<Jan20-2022> <00:29:30>  constrained gradient rms            0.05213982     0.00066667    F
<Jan20-2022> <00:29:30>  gradient max                        0.13347270
<Jan20-2022> <00:29:30>  gradient rms                        0.05213982
<Jan20-2022> <00:29:30>  cart. step max                      0.07281860     0.01000000    F
<Jan20-2022> <00:29:30>  cart. step rms                      0.03354442     0.00666667    F
<Jan20-2022> <00:29:30>  Iteration 3
<Jan20-2022> <00:29:30>  *** GOStep3 ***
<Jan20-2022> <00:29:30>  >>>> FRAGM
<Jan20-2022> <00:29:30>  Coordinates
<Jan20-2022> <00:29:30>     Atom         X           Y           Z   (Angstrom)
<Jan20-2022> <00:29:30>     1.H         2.040892   -0.811882   -0.042127
<Jan20-2022> <00:29:30>     2.C         0.972147   -0.585028   -0.037269
<Jan20-2022> <00:29:30>     3.H         0.630782   -0.166253    0.915368
<Jan20-2022> <00:29:30>     4.H         0.709620    0.063981   -0.835972
<Jan20-2022> <00:29:30>  >>>> CORORT
<Jan20-2022> <00:29:30>  >>>> CLSMAT
<Jan20-2022> <00:29:30>  >>>> ORTHON
<Jan20-2022> <00:29:30>  >>>> GENPT
<Jan20-2022> <00:29:30>  Block Length= 128
<Jan20-2022> <00:29:30>  >>>> PTBAS
<Jan20-2022> <00:29:31>  >>>> CYCLE
<Jan20-2022> <00:29:34>  using orbital data from restart file
<Jan20-2022> <00:29:38>              |Error|         MaxErr       Wt(A-DIIS)
<Jan20-2022> <00:29:38>      1      0.30478414      0.08077309
<Jan20-2022> <00:29:43>      2      0.04288924      0.00506841    100.0
<Jan20-2022> <00:29:48>      3      0.02632068      0.00344924    100.0
<Jan20-2022> <00:29:54>      4      0.02595773      0.00279750      1.8
<Jan20-2022> <00:29:59>      5      0.00090493      0.00014295      0.0
<Jan20-2022> <00:30:04>      6      0.00016321      0.00002220      0.0
<Jan20-2022> <00:30:09>      7      0.00004639      0.00000616      0.0
<Jan20-2022> <00:30:15>      8      0.00001183      0.00000197      0.0
<Jan20-2022> <00:30:20>      9      0.00000138      0.00000015      0.0
<Jan20-2022> <00:30:21>  SCF converged
<Jan20-2022> <00:30:25>     10      0.00000030      0.00000004      0.0
<Jan20-2022> <00:30:26>  >>>> TOTEN
<Jan20-2022> <00:30:33>  >>>> POPAN
<Jan20-2022> <00:30:33>  >>>> DEBYE
<Jan20-2022> <00:30:33>  >>>> ENGRAD
<Jan20-2022> <00:30:36>  current energy                               -0.63918818 Hartree
<Jan20-2022> <00:30:36>  energy change                      -0.01065098     0.00004000    F
<Jan20-2022> <00:30:36>  constrained gradient max            0.04017636     0.00100000    F
<Jan20-2022> <00:30:36>  constrained gradient rms            0.02447855     0.00066667    F
<Jan20-2022> <00:30:36>  gradient max                        0.04017636
<Jan20-2022> <00:30:36>  gradient rms                        0.02447855
<Jan20-2022> <00:30:36>  cart. step max                      0.05066219     0.01000000    F
<Jan20-2022> <00:30:36>  cart. step rms                      0.02572289     0.00666667    F
<Jan20-2022> <00:30:36>  Iteration 4
<Jan20-2022> <00:30:36>  *** GOStep4 ***
<Jan20-2022> <00:30:36>  >>>> FRAGM
<Jan20-2022> <00:30:36>  Coordinates
<Jan20-2022> <00:30:36>     Atom         X           Y           Z   (Angstrom)
<Jan20-2022> <00:30:36>     1.H         2.043652   -0.836604   -0.027403
<Jan20-2022> <00:30:36>     2.C         0.995916   -0.534366   -0.030120
<Jan20-2022> <00:30:36>     3.H         0.629889   -0.191278    0.939054
<Jan20-2022> <00:30:36>     4.H         0.683984    0.063066   -0.881531
<Jan20-2022> <00:30:36>  >>>> CORORT
<Jan20-2022> <00:30:36>  >>>> CLSMAT
<Jan20-2022> <00:30:36>  >>>> ORTHON
<Jan20-2022> <00:30:36>  >>>> GENPT
<Jan20-2022> <00:30:36>  Block Length= 128
<Jan20-2022> <00:30:37>  >>>> PTBAS
<Jan20-2022> <00:30:37>  >>>> CYCLE
<Jan20-2022> <00:30:40>  using orbital data from restart file
<Jan20-2022> <00:30:45>              |Error|         MaxErr       Wt(A-DIIS)
<Jan20-2022> <00:30:45>      1      0.08283935      0.01529630
<Jan20-2022> <00:30:50>      2      0.02452429      0.00349152    100.0
<Jan20-2022> <00:30:55>      3      0.01982268      0.00285660    100.0
<Jan20-2022> <00:31:01>      4      0.01947520      0.00280745      1.8
<Jan20-2022> <00:31:06>      5      0.00603874      0.00110285      0.1
<Jan20-2022> <00:31:11>      6      0.00033788      0.00004610      0.0
<Jan20-2022> <00:31:16>      7      0.00022010      0.00003014      0.0
<Jan20-2022> <00:31:22>      8      0.00002610      0.00000315      0.0
<Jan20-2022> <00:31:27>      9      0.00000197      0.00000022      0.0
<Jan20-2022> <00:31:28>  SCF converged
<Jan20-2022> <00:31:32>     10      0.00000060      0.00000008      0.0
<Jan20-2022> <00:31:33>  >>>> TOTEN
<Jan20-2022> <00:31:39>  >>>> POPAN
<Jan20-2022> <00:31:39>  >>>> DEBYE
<Jan20-2022> <00:31:39>  >>>> ENGRAD
<Jan20-2022> <00:31:43>  current energy                               -0.64388726 Hartree
<Jan20-2022> <00:31:43>  energy change                      -0.00469909     0.00004000    F
<Jan20-2022> <00:31:43>  constrained gradient max            0.03084097     0.00100000    F
<Jan20-2022> <00:31:43>  constrained gradient rms            0.01331012     0.00066667    F
<Jan20-2022> <00:31:43>  gradient max                        0.03084097
<Jan20-2022> <00:31:43>  gradient rms                        0.01331012
<Jan20-2022> <00:31:43>  cart. step max                      0.06275230     0.01000000    F
<Jan20-2022> <00:31:43>  cart. step rms                      0.02425708     0.00666667    F
<Jan20-2022> <00:31:43>  Iteration 5
<Jan20-2022> <00:31:43>  *** GOStep5 ***
<Jan20-2022> <00:31:43>  >>>> FRAGM
<Jan20-2022> <00:31:43>  Coordinates
<Jan20-2022> <00:31:43>     Atom         X           Y           Z   (Angstrom)
<Jan20-2022> <00:31:43>     1.H         2.039870   -0.860261   -0.027170
<Jan20-2022> <00:31:43>     2.C         1.025241   -0.471614   -0.022404
<Jan20-2022> <00:31:43>     3.H         0.619102   -0.213787    0.950603
<Jan20-2022> <00:31:43>     4.H         0.669227    0.046480   -0.901029
<Jan20-2022> <00:31:43>  >>>> CORORT
<Jan20-2022> <00:31:43>  >>>> CLSMAT
<Jan20-2022> <00:31:43>  >>>> ORTHON
<Jan20-2022> <00:31:43>  >>>> GENPT
<Jan20-2022> <00:31:43>  Block Length= 128
<Jan20-2022> <00:31:43>  >>>> PTBAS
<Jan20-2022> <00:31:44>  >>>> CYCLE
<Jan20-2022> <00:31:47>  using orbital data from restart file
<Jan20-2022> <00:31:52>              |Error|         MaxErr       Wt(A-DIIS)
<Jan20-2022> <00:31:52>      1      0.07635390      0.01438340
<Jan20-2022> <00:31:57>      2      0.03006205      0.00412399    100.0
<Jan20-2022> <00:32:02>      3      0.02022295      0.00289184    100.0
<Jan20-2022> <00:32:07>      4      0.01399375      0.00237423      1.4
<Jan20-2022> <00:32:13>      5      0.00080389      0.00012994      0.0
<Jan20-2022> <00:32:18>      6      0.00009647      0.00001115      0.0
<Jan20-2022> <00:32:23>      7      0.00001489      0.00000189      0.0
<Jan20-2022> <00:32:28>      8      0.00000481      0.00000054      0.0
<Jan20-2022> <00:32:29>  SCF converged
<Jan20-2022> <00:32:33>      9      0.00000280      0.00000039      0.0
<Jan20-2022> <00:32:34>  >>>> TOTEN
<Jan20-2022> <00:32:40>  >>>> POPAN
<Jan20-2022> <00:32:40>  >>>> DEBYE
<Jan20-2022> <00:32:40>  >>>> ENGRAD
<Jan20-2022> <00:32:44>  current energy                               -0.64641295 Hartree
<Jan20-2022> <00:32:44>  energy change                      -0.00252569     0.00004000    F
<Jan20-2022> <00:32:44>  constrained gradient max            0.01615978     0.00100000    F
<Jan20-2022> <00:32:44>  constrained gradient rms            0.00749094     0.00066667    F
<Jan20-2022> <00:32:44>  gradient max                        0.01615978
<Jan20-2022> <00:32:44>  gradient rms                        0.00749094
<Jan20-2022> <00:32:44>  cart. step max                      0.04256834     0.01000000    F
<Jan20-2022> <00:32:44>  cart. step rms                      0.01843417     0.00666667    F
<Jan20-2022> <00:32:44>  Iteration 6
<Jan20-2022> <00:32:44>  *** GOStep6 ***
<Jan20-2022> <00:32:44>  >>>> FRAGM
<Jan20-2022> <00:32:44>  Coordinates
<Jan20-2022> <00:32:44>     Atom         X           Y           Z   (Angstrom)
<Jan20-2022> <00:32:44>     1.H         2.039777   -0.879320   -0.036492
<Jan20-2022> <00:32:44>     2.C         1.054742   -0.429045   -0.008936
<Jan20-2022> <00:32:44>     3.H         0.600811   -0.224324    0.951521
<Jan20-2022> <00:32:44>     4.H         0.658110    0.033507   -0.906093
<Jan20-2022> <00:32:44>  >>>> CORORT
<Jan20-2022> <00:32:44>  >>>> CLSMAT
<Jan20-2022> <00:32:44>  >>>> ORTHON
<Jan20-2022> <00:32:44>  >>>> GENPT
<Jan20-2022> <00:32:44>  Block Length= 128
<Jan20-2022> <00:32:45>  >>>> PTBAS
<Jan20-2022> <00:32:45>  >>>> CYCLE
<Jan20-2022> <00:32:48>  using orbital data from restart file
<Jan20-2022> <00:32:53>              |Error|         MaxErr       Wt(A-DIIS)
<Jan20-2022> <00:32:53>      1      0.06087989      0.00841819
<Jan20-2022> <00:32:58>      2      0.02598846      0.00350248    100.0
<Jan20-2022> <00:33:03>      3      0.01732409      0.00246977    100.0
<Jan20-2022> <00:33:08>      4      0.01241464      0.00203599      1.0
<Jan20-2022> <00:33:14>      5      0.00067785      0.00010582      0.0
<Jan20-2022> <00:33:19>      6      0.00010035      0.00001120      0.0
<Jan20-2022> <00:33:24>      7      0.00001348      0.00000170      0.0
<Jan20-2022> <00:33:29>      8      0.00000189      0.00000023      0.0
<Jan20-2022> <00:33:30>  SCF converged
<Jan20-2022> <00:33:34>      9      0.00000054      0.00000006      0.0
<Jan20-2022> <00:33:35>  >>>> TOTEN
<Jan20-2022> <00:33:41>  >>>> POPAN
<Jan20-2022> <00:33:41>  >>>> DEBYE
<Jan20-2022> <00:33:42>  >>>> ENGRAD
<Jan20-2022> <00:33:45>  current energy                               -0.64742785 Hartree
<Jan20-2022> <00:33:45>  energy change                      -0.00101490     0.00004000    F
<Jan20-2022> <00:33:45>  constrained gradient max            0.00646149     0.00100000    F
<Jan20-2022> <00:33:45>  constrained gradient rms            0.00309945     0.00066667    F
<Jan20-2022> <00:33:45>  gradient max                        0.00646149
<Jan20-2022> <00:33:45>  gradient rms                        0.00309945
<Jan20-2022> <00:33:45>  cart. step max                      0.03559794     0.01000000    F
<Jan20-2022> <00:33:45>  cart. step rms                      0.01468663     0.00666667    F
<Jan20-2022> <00:33:45>  Iteration 7
<Jan20-2022> <00:33:45>  *** GOStep7 ***
<Jan20-2022> <00:33:45>  >>>> FRAGM
<Jan20-2022> <00:33:45>  Coordinates
<Jan20-2022> <00:33:45>     Atom         X           Y           Z   (Angstrom)
<Jan20-2022> <00:33:45>     1.H         2.037000   -0.893655   -0.041939
<Jan20-2022> <00:33:45>     2.C         1.078404   -0.393447   -0.001919
<Jan20-2022> <00:33:45>     3.H         0.588224   -0.233455    0.948488
<Jan20-2022> <00:33:45>     4.H         0.649813    0.021376   -0.904630
<Jan20-2022> <00:33:45>  >>>> CORORT
<Jan20-2022> <00:33:45>  >>>> CLSMAT
<Jan20-2022> <00:33:45>  >>>> ORTHON
<Jan20-2022> <00:33:45>  >>>> GENPT
<Jan20-2022> <00:33:46>  Block Length= 128
<Jan20-2022> <00:33:46>  >>>> PTBAS
<Jan20-2022> <00:33:46>  >>>> CYCLE
<Jan20-2022> <00:33:49>  using orbital data from restart file
<Jan20-2022> <00:33:54>              |Error|         MaxErr       Wt(A-DIIS)
<Jan20-2022> <00:33:54>      1      0.04805587      0.00831315
<Jan20-2022> <00:33:59>      2      0.02203599      0.00293151    100.0
<Jan20-2022> <00:34:04>      3      0.02085833      0.00279847    100.0
<Jan20-2022> <00:34:09>      4      0.02084032      0.00279544      1.8
<Jan20-2022> <00:34:14>      5      0.01345740      0.00215958      1.2
<Jan20-2022> <00:34:19>      6      0.00127651      0.00013519      0.0
<Jan20-2022> <00:34:24>      7      0.00129000      0.00016993      0.0
<Jan20-2022> <00:34:29>      8      0.00004228      0.00000445      0.0
<Jan20-2022> <00:34:35>      9      0.00001871      0.00000243      0.0
<Jan20-2022> <00:34:40>     10      0.00001716      0.00000260      0.0
<Jan20-2022> <00:34:46>     11      0.00001668      0.00000247      0.0
<Jan20-2022> <00:34:51>     12      0.00001671      0.00000249      0.0
<Jan20-2022> <00:34:56>     13      0.00001662      0.00000248      0.0
<Jan20-2022> <00:35:01>     14      0.00000049      0.00000009      0.0
<Jan20-2022> <00:35:02>  SCF converged
<Jan20-2022> <00:35:07>     15      0.00000009      0.00000001      0.0
<Jan20-2022> <00:35:07>  >>>> TOTEN
<Jan20-2022> <00:35:14>  >>>> POPAN
<Jan20-2022> <00:35:14>  >>>> DEBYE
<Jan20-2022> <00:35:14>  >>>> ENGRAD
<Jan20-2022> <00:35:17>  current energy                               -0.64774195 Hartree
<Jan20-2022> <00:35:17>  energy change                      -0.00031410     0.00004000    F
<Jan20-2022> <00:35:17>  constrained gradient max            0.00226492     0.00100000    F
<Jan20-2022> <00:35:17>  constrained gradient rms            0.00126838     0.00066667    F
<Jan20-2022> <00:35:17>  gradient max                        0.00226492
<Jan20-2022> <00:35:17>  gradient rms                        0.00126838
<Jan20-2022> <00:35:17>  cart. step max                      0.01558833     0.01000000    F
<Jan20-2022> <00:35:17>  cart. step rms                      0.00604972     0.00666667    T
<Jan20-2022> <00:35:17>  Iteration 8
<Jan20-2022> <00:35:18>  *** GOStep8 ***
<Jan20-2022> <00:35:18>  >>>> FRAGM
<Jan20-2022> <00:35:18>  Coordinates
<Jan20-2022> <00:35:18>     Atom         X           Y           Z   (Angstrom)
<Jan20-2022> <00:35:18>     1.H         2.034691   -0.899350   -0.041821
<Jan20-2022> <00:35:18>     2.C         1.087344   -0.377859   -0.000160
<Jan20-2022> <00:35:18>     3.H         0.585440   -0.238849    0.948484
<Jan20-2022> <00:35:18>     4.H         0.645966    0.016876   -0.906504
<Jan20-2022> <00:35:18>  >>>> CORORT
<Jan20-2022> <00:35:18>  >>>> CLSMAT
<Jan20-2022> <00:35:18>  >>>> ORTHON
<Jan20-2022> <00:35:18>  >>>> GENPT
<Jan20-2022> <00:35:18>  Block Length= 128
<Jan20-2022> <00:35:18>  >>>> PTBAS
<Jan20-2022> <00:35:19>  >>>> CYCLE
<Jan20-2022> <00:35:22>  using orbital data from restart file
<Jan20-2022> <00:35:26>              |Error|         MaxErr       Wt(A-DIIS)
<Jan20-2022> <00:35:26>      1      0.02007454      0.00326762
<Jan20-2022> <00:35:31>      2      0.00935288      0.00129529    100.0
<Jan20-2022> <00:35:37>      3      0.00683813      0.00111704    100.0
<Jan20-2022> <00:35:42>      4      0.00242198      0.00031725      0.0
<Jan20-2022> <00:35:47>      5      0.00061739      0.00008079      0.0
<Jan20-2022> <00:35:53>      6      0.00002036      0.00000230      0.0
<Jan20-2022> <00:35:58>      7      0.00000120      0.00000021      0.0
<Jan20-2022> <00:35:59>  SCF converged
<Jan20-2022> <00:36:03>      8      0.00000022      0.00000003      0.0
<Jan20-2022> <00:36:04>  >>>> TOTEN
<Jan20-2022> <00:36:10>  >>>> POPAN
<Jan20-2022> <00:36:10>  >>>> DEBYE
<Jan20-2022> <00:36:10>  >>>> ENGRAD
<Jan20-2022> <00:36:14>  current energy                               -0.64778042 Hartree
<Jan20-2022> <00:36:14>  energy change                      -0.00003847     0.00004000    T
<Jan20-2022> <00:36:14>  constrained gradient max            0.00100384     0.00100000    F
<Jan20-2022> <00:36:14>  constrained gradient rms            0.00051469     0.00066667    T
<Jan20-2022> <00:36:14>  gradient max                        0.00100384
<Jan20-2022> <00:36:14>  gradient rms                        0.00051469
<Jan20-2022> <00:36:14>  cart. step max                      0.00311587     0.01000000    T
<Jan20-2022> <00:36:14>  cart. step rms                      0.00118216     0.00666667    T
<Jan20-2022> <00:36:14>  Iteration 9
<Jan20-2022> <00:36:14>  *** GOStep9 ***
<Jan20-2022> <00:36:14>  >>>> FRAGM
<Jan20-2022> <00:36:14>  Coordinates
<Jan20-2022> <00:36:14>     Atom         X           Y           Z   (Angstrom)
<Jan20-2022> <00:36:14>     1.H         2.034149   -0.900317   -0.041762
<Jan20-2022> <00:36:14>     2.C         1.088481   -0.374743    0.000065
<Jan20-2022> <00:36:14>     3.H         0.585207   -0.240112    0.949313
<Jan20-2022> <00:36:14>     4.H         0.645604    0.015990   -0.907615
<Jan20-2022> <00:36:14>  >>>> CORORT
<Jan20-2022> <00:36:14>  >>>> CLSMAT
<Jan20-2022> <00:36:14>  >>>> ORTHON
<Jan20-2022> <00:36:14>  >>>> GENPT
<Jan20-2022> <00:36:14>  Block Length= 128
<Jan20-2022> <00:36:14>  >>>> PTBAS
<Jan20-2022> <00:36:15>  >>>> CYCLE
<Jan20-2022> <00:36:18>  using orbital data from restart file
<Jan20-2022> <00:36:22>              |Error|         MaxErr       Wt(A-DIIS)
<Jan20-2022> <00:36:22>      1      0.00401846      0.00069905
<Jan20-2022> <00:36:28>      2      0.00172804      0.00023913    100.0
<Jan20-2022> <00:36:33>      3      0.00129939      0.00020666    100.0
<Jan20-2022> <00:36:38>      4      0.00049452      0.00005126      0.0
<Jan20-2022> <00:36:43>      5      0.00010455      0.00001334      0.0
<Jan20-2022> <00:36:49>      6      0.00000711      0.00000081      0.0
<Jan20-2022> <00:36:50>  SCF converged
<Jan20-2022> <00:36:54>      7      0.00000061      0.00000011      0.0
<Jan20-2022> <00:36:55>  >>>> TOTEN
<Jan20-2022> <00:37:01>  >>>> POPAN
<Jan20-2022> <00:37:01>  >>>> DEBYE
<Jan20-2022> <00:37:01>  >>>> ENGRAD
<Jan20-2022> <00:37:04>  current energy                               -0.64778253 Hartree
<Jan20-2022> <00:37:04>  energy change                      -0.00000211     0.00004000    T
<Jan20-2022> <00:37:04>  constrained gradient max            0.00026933     0.00100000    T
<Jan20-2022> <00:37:04>  constrained gradient rms            0.00012627     0.00066667    T
<Jan20-2022> <00:37:04>  gradient max                        0.00026933
<Jan20-2022> <00:37:04>  gradient rms                        0.00012627
<Jan20-2022> <00:37:04>  cart. step max                      0.00013068     0.01000000    T
<Jan20-2022> <00:37:04>  cart. step rms                      0.00007016     0.00666667    T
<Jan20-2022> <00:37:04>  Geometry optimization converged
<Jan20-2022> <00:37:05>  *** adf ***
<Jan20-2022> <00:37:05>  Net Charge: 0 (Nuclei minus Electrons)
<Jan20-2022> <00:37:05>  Spin polar: 1 (Spin_A minus Spin_B electrons)
<Jan20-2022> <00:37:05>  Symmetry  : NOSYM
<Jan20-2022> <00:37:05>  >>>> FRAGM
<Jan20-2022> <00:37:05>  Coordinates
<Jan20-2022> <00:37:05>     Atom         X           Y           Z   (Angstrom)
<Jan20-2022> <00:37:05>     1.H         2.034149   -0.900317   -0.041762
<Jan20-2022> <00:37:05>     2.C         1.088481   -0.374743    0.000065
<Jan20-2022> <00:37:05>     3.H         0.585207   -0.240112    0.949313
<Jan20-2022> <00:37:05>     4.H         0.645604    0.015990   -0.907615
<Jan20-2022> <00:37:05>  >>>> CORORT
<Jan20-2022> <00:37:05>  >>>> CLSMAT
<Jan20-2022> <00:37:05>  >>>> ORTHON
<Jan20-2022> <00:37:05>  >>>> GENPT
<Jan20-2022> <00:37:05>  Block Length= 128
<Jan20-2022> <00:37:05>  >>>> PTBAS
<Jan20-2022> <00:37:06>  >>>> CYCLE
<Jan20-2022> <00:37:09>  using orbital data from restart file
<Jan20-2022> <00:37:13>              |Error|         MaxErr       Wt(A-DIIS)
<Jan20-2022> <00:37:13>      1      0.00000005      0.00000001
<Jan20-2022> <00:37:18>      2      0.00000004      0.00000001    100.0
<Jan20-2022> <00:37:19>  SCF converged
<Jan20-2022> <00:37:24>      3      0.00000002      0.00000000    100.0
<Jan20-2022> <00:37:29>  >>>> TOTEN
<Jan20-2022> <00:37:39>  >>>> POPAN
<Jan20-2022> <00:37:39>  >>>> DEBYE
<Jan20-2022> <00:37:39>  >>>> AMETS
<Jan20-2022> <00:37:39>   Bond Energy          -0.64778253 a.u.
<Jan20-2022> <00:37:39>   Bond Energy         -17.62705951 eV
<Jan20-2022> <00:37:39>   Bond Energy        -406.49       kcal/mol
<Jan20-2022> <00:37:39>  >>>> POPUL
<Jan20-2022> <00:37:39>  >>>> ENGRAD
<Jan20-2022> <00:37:42>  >>>> ENHESS
<Jan20-2022> <00:37:44>  === NUCLEUS:     1
<Jan20-2022> <00:39:30>  === NUCLEUS:     2
<Jan20-2022> <00:41:09>  === NUCLEUS:     3
<Jan20-2022> <00:42:51>  === NUCLEUS:     4
<Jan20-2022> <00:44:23>  >>>> CALC_HESS_PMAT
<Jan20-2022> <00:44:30>  >>>> CALC_HESS_WMAT
<Jan20-2022> <00:44:31>  PES point character: Geometry corresponds to a local minimum on the PES.
<Jan20-2022> <00:44:31>  Geometry optimization successful!
<Jan20-2022> <00:44:31>  NORMAL TERMINATION
