<Jan27-2022> <12:31:26>  AMS 2021.102  RunTime: Jan27-2022 12:31:26  ShM Nodes: 1  Procs: 4
<Jan27-2022> <12:31:27>  ADF 2021.102  RunTime: Jan27-2022 12:31:27  ShM Nodes: 1  Procs: 4
<Jan27-2022> <12:31:27>  *** (NO TITLE) ***
<Jan27-2022> <12:31:27>  Iteration 1
<Jan27-2022> <12:31:28>  DIRAC 2021.102  RunTime: Jan27-2022 12:31:28  ShM Nodes: 1  Procs: 1
<Jan27-2022> <12:31:28>  Titanium (TZ2P)
<Jan27-2022> <12:31:28>  Net Charge: 0 (Nuclei minus Electrons)
<Jan27-2022> <12:31:28>  Symmetry  : ATOM
<Jan27-2022> <12:31:28>  Coordinates
<Jan27-2022> <12:31:28>     Atom         X           Y           Z   (Angstrom)
<Jan27-2022> <12:31:28>     1.Ti        0.000000    0.000000    0.000000
<Jan27-2022> <12:31:28>  >>>> CORORT
<Jan27-2022> <12:31:28>  >>>> CLSMAT
<Jan27-2022> <12:31:28>  >>>> ORTHON
<Jan27-2022> <12:31:28>  >>>> GENPT
<Jan27-2022> <12:31:28>  Block Length= 102
<Jan27-2022> <12:31:28>  >>>> PTBAS
<Jan27-2022> <12:31:28>  >>>> CYCLE
<Jan27-2022> <12:31:29>              |Error|         MaxErr       Wt(A-DIIS)
<Jan27-2022> <12:31:29>      1      0.00000000      0.00000000
<Jan27-2022> <12:31:29>      2     59.37721367     16.54315707    100.0
<Jan27-2022> <12:31:29>      3     22.77911837      6.20359722    100.0
<Jan27-2022> <12:31:29>      4      5.97303616      1.91947774    100.0
<Jan27-2022> <12:31:29>      5      5.54712418      1.92304174    100.0
<Jan27-2022> <12:31:29>      6      0.27222639      0.07272669     72.5
<Jan27-2022> <12:31:29>      7      0.31871744      0.09193231    100.0
<Jan27-2022> <12:31:29>      8      0.08828157      0.03333380     32.7
<Jan27-2022> <12:31:29>      9      0.01777815      0.00651437      5.6
<Jan27-2022> <12:31:29>     10      0.00096483      0.00034516      0.0
<Jan27-2022> <12:31:29>     11      0.00007575      0.00002251      0.0
<Jan27-2022> <12:31:30>     12      0.00000261      0.00000073      0.0
<Jan27-2022> <12:31:30>     13      0.00000011      0.00000004      0.0
<Jan27-2022> <12:31:30>     14      0.00000000      0.00000000      0.0
<Jan27-2022> <12:31:30>  SCF converged
<Jan27-2022> <12:31:30>     15      0.00000000      0.00000000      0.0
<Jan27-2022> <12:31:30>  >>>> POPAN
<Jan27-2022> <12:31:30>  >>>> DEBYE
<Jan27-2022> <12:31:30>  DIRAC 2021.102  RunTime: Jan27-2022 12:31:30  ShM Nodes: 1  Procs: 1
<Jan27-2022> <12:31:31>  Chlorine (TZ2P)
<Jan27-2022> <12:31:31>  Net Charge: 0 (Nuclei minus Electrons)
<Jan27-2022> <12:31:31>  Symmetry  : ATOM
<Jan27-2022> <12:31:31>  Coordinates
<Jan27-2022> <12:31:31>     Atom         X           Y           Z   (Angstrom)
<Jan27-2022> <12:31:31>     1.Cl        0.000000    0.000000    0.000000
<Jan27-2022> <12:31:31>  >>>> CORORT
<Jan27-2022> <12:31:31>  >>>> CLSMAT
<Jan27-2022> <12:31:31>  >>>> ORTHON
<Jan27-2022> <12:31:31>  >>>> GENPT
<Jan27-2022> <12:31:31>  Block Length=  93
<Jan27-2022> <12:31:31>  >>>> PTBAS
<Jan27-2022> <12:31:31>  >>>> CYCLE
<Jan27-2022> <12:31:31>              |Error|         MaxErr       Wt(A-DIIS)
<Jan27-2022> <12:31:31>      1      0.00000000      0.00000000
<Jan27-2022> <12:31:31>      2     37.97178129     10.81368001    100.0
<Jan27-2022> <12:31:31>      3     20.81592691      7.10099309    100.0
<Jan27-2022> <12:31:31>      4      5.86634430      1.99760405    100.0
<Jan27-2022> <12:31:31>      5      3.97516517      1.71800842    100.0
<Jan27-2022> <12:31:31>      6      0.27245054      0.10336241    100.0
<Jan27-2022> <12:31:31>      7      0.22638168      0.09827309     98.3
<Jan27-2022> <12:31:32>      8      0.05690956      0.02098624     20.2
<Jan27-2022> <12:31:32>      9      0.00664419      0.00263308      1.6
<Jan27-2022> <12:31:32>     10      0.00015446      0.00006612      0.0
<Jan27-2022> <12:31:32>     11      0.00000385      0.00000160      0.0
<Jan27-2022> <12:31:32>     12      0.00000007      0.00000003      0.0
<Jan27-2022> <12:31:32>     13      0.00000000      0.00000000      0.0
<Jan27-2022> <12:31:32>  SCF converged
<Jan27-2022> <12:31:32>     14      0.00000000      0.00000000      0.0
<Jan27-2022> <12:31:32>  >>>> POPAN
<Jan27-2022> <12:31:32>  >>>> DEBYE
<Jan27-2022> <12:31:32>  *** GOStep1 ***
<Jan27-2022> <12:31:32>  >>>> FRAGM
<Jan27-2022> <12:31:32>  Coordinates
<Jan27-2022> <12:31:32>     Atom         X           Y           Z   (Angstrom)
<Jan27-2022> <12:31:32>     1.Ti        3.419347   -0.059993   -0.057908
<Jan27-2022> <12:31:32>     2.Cl        1.290000    0.000000    0.000000
<Jan27-2022> <12:31:32>     3.Cl        4.121813   -1.603677    1.232306
<Jan27-2022> <12:31:32>     4.Cl        4.200572    1.814887    0.586751
<Jan27-2022> <12:31:32>     5.Cl        4.065002   -0.451181   -2.050687
<Jan27-2022> <12:31:32>  >>>> CORORT
<Jan27-2022> <12:31:32>  >>>> CLSMAT
<Jan27-2022> <12:31:32>  >>>> ORTHON
<Jan27-2022> <12:31:32>  >>>> GENPT
<Jan27-2022> <12:31:33>  Block Length= 128
<Jan27-2022> <12:31:33>  >>>> PTBAS
<Jan27-2022> <12:31:36>  >>>> CYCLE
<Jan27-2022> <12:31:46>              |Error|         MaxErr       Wt(A-DIIS)
<Jan27-2022> <12:31:46>      1      4.88199230      1.07321094
<Jan27-2022> <12:31:53>      2      0.57541730      0.11804246    100.0
<Jan27-2022> <12:32:00>      3      0.22584992      0.04249839    100.0
<Jan27-2022> <12:32:06>      4      0.44488911      0.07536623    100.0
<Jan27-2022> <12:32:12>      5      0.32536221      0.06529820    100.0
<Jan27-2022> <12:32:19>      6      0.21123385      0.04167748     41.1
<Jan27-2022> <12:32:25>      7      0.05896076      0.00996818      9.1
<Jan27-2022> <12:32:31>      8      0.00392007      0.00062181      0.0
<Jan27-2022> <12:32:38>      9      0.00007170      0.00000961      0.0
<Jan27-2022> <12:32:44>     10      0.00001525      0.00000247      0.0
<Jan27-2022> <12:32:49>     11      0.00001488      0.00000284      0.0
<Jan27-2022> <12:32:55>     12      0.00000224      0.00000045      0.0
<Jan27-2022> <12:32:57>  SCF converged
<Jan27-2022> <12:33:01>     13      0.00000026      0.00000006      0.0
<Jan27-2022> <12:33:03>  >>>> TOTEN
<Jan27-2022> <12:33:12>  >>>> POPAN
<Jan27-2022> <12:33:12>  >>>> DEBYE
<Jan27-2022> <12:33:12>  >>>> ENGRAD
<Jan27-2022> <12:33:25>  current energy                               -0.76659905 Hartree
<Jan27-2022> <12:33:25>  energy change                      -0.76659905     0.00005000    F
<Jan27-2022> <12:33:25>  constrained gradient max            0.03879394     0.00100000    F
<Jan27-2022> <12:33:25>  constrained gradient rms            0.02004457     0.00066667    F
<Jan27-2022> <12:33:25>  gradient max                        0.03879394
<Jan27-2022> <12:33:25>  gradient rms                        0.02004457
<Jan27-2022> <12:33:25>  cart. step max                      0.02012831     0.01000000    F
<Jan27-2022> <12:33:25>  cart. step rms                      0.01038954     0.00666667    F
<Jan27-2022> <12:33:25>  Iteration 2
<Jan27-2022> <12:33:26>  *** GOStep2 ***
<Jan27-2022> <12:33:26>  >>>> FRAGM
<Jan27-2022> <12:33:26>  Coordinates
<Jan27-2022> <12:33:26>     Atom         X           Y           Z   (Angstrom)
<Jan27-2022> <12:33:26>     1.Ti        3.419332   -0.060027   -0.057875
<Jan27-2022> <12:33:26>     2.Cl        1.269872    0.000392    0.000469
<Jan27-2022> <12:33:26>     3.Cl        4.128374   -1.618191    1.244657
<Jan27-2022> <12:33:26>     4.Cl        4.208140    1.832514    0.592745
<Jan27-2022> <12:33:26>     5.Cl        4.071018   -0.454651   -2.069534
<Jan27-2022> <12:33:26>  >>>> CORORT
<Jan27-2022> <12:33:26>  >>>> CLSMAT
<Jan27-2022> <12:33:27>  >>>> ORTHON
<Jan27-2022> <12:33:27>  >>>> GENPT
<Jan27-2022> <12:33:27>  Block Length= 128
<Jan27-2022> <12:33:27>  >>>> PTBAS
<Jan27-2022> <12:33:30>  >>>> CYCLE
<Jan27-2022> <12:33:37>  using orbital data from restart file
<Jan27-2022> <12:33:41>              |Error|         MaxErr       Wt(A-DIIS)
<Jan27-2022> <12:33:41>      1      0.11731332      0.03192119
<Jan27-2022> <12:33:49>      2      0.01355980      0.00245539    100.0
<Jan27-2022> <12:33:55>      3      0.02105186      0.00398769    100.0
<Jan27-2022> <12:34:01>      4      0.02128951      0.00459202    100.0
<Jan27-2022> <12:34:08>      5      0.00956540      0.00180436      0.8
<Jan27-2022> <12:34:14>      6      0.00019352      0.00003725      0.0
<Jan27-2022> <12:34:21>      7      0.00003004      0.00000466      0.0
<Jan27-2022> <12:34:27>      8      0.00002043      0.00000404      0.0
<Jan27-2022> <12:34:33>      9      0.00000299      0.00000063      0.0
<Jan27-2022> <12:34:35>  SCF converged
<Jan27-2022> <12:34:39>     10      0.00000043      0.00000009      0.0
<Jan27-2022> <12:34:41>  >>>> TOTEN
<Jan27-2022> <12:34:50>  >>>> POPAN
<Jan27-2022> <12:34:50>  >>>> DEBYE
<Jan27-2022> <12:34:50>  >>>> ENGRAD
<Jan27-2022> <12:35:04>  current energy                               -0.76909658 Hartree
<Jan27-2022> <12:35:04>  energy change                      -0.00249753     0.00005000    F
<Jan27-2022> <12:35:04>  constrained gradient max            0.02328198     0.00100000    F
<Jan27-2022> <12:35:04>  constrained gradient rms            0.01202964     0.00066667    F
<Jan27-2022> <12:35:04>  gradient max                        0.02328198
<Jan27-2022> <12:35:04>  gradient rms                        0.01202964
<Jan27-2022> <12:35:04>  cart. step max                      0.03020859     0.01000000    F
<Jan27-2022> <12:35:04>  cart. step rms                      0.01559350     0.00666667    F
<Jan27-2022> <12:35:04>  Iteration 3
<Jan27-2022> <12:35:04>  *** GOStep3 ***
<Jan27-2022> <12:35:04>  >>>> FRAGM
<Jan27-2022> <12:35:04>  Coordinates
<Jan27-2022> <12:35:04>     Atom         X           Y           Z   (Angstrom)
<Jan27-2022> <12:35:04>     1.Ti        3.419309   -0.060077   -0.057844
<Jan27-2022> <12:35:04>     2.Cl        1.239663    0.001014    0.001169
<Jan27-2022> <12:35:04>     3.Cl        4.138251   -1.639960    1.263177
<Jan27-2022> <12:35:04>     4.Cl        4.219470    1.858966    0.601788
<Jan27-2022> <12:35:04>     5.Cl        4.080041   -0.459907   -2.097829
<Jan27-2022> <12:35:04>  >>>> CORORT
<Jan27-2022> <12:35:04>  >>>> CLSMAT
<Jan27-2022> <12:35:04>  >>>> ORTHON
<Jan27-2022> <12:35:04>  >>>> GENPT
<Jan27-2022> <12:35:05>  Block Length= 128
<Jan27-2022> <12:35:05>  >>>> PTBAS
<Jan27-2022> <12:35:08>  >>>> CYCLE
<Jan27-2022> <12:35:15>  using orbital data from restart file
<Jan27-2022> <12:35:19>              |Error|         MaxErr       Wt(A-DIIS)
<Jan27-2022> <12:35:19>      1      0.16812143      0.04588588
<Jan27-2022> <12:35:25>      2      0.02227891      0.00439770    100.0
<Jan27-2022> <12:35:32>      3      0.08275431      0.01499844    100.0
<Jan27-2022> <12:35:38>      4      0.01747468      0.00352339      2.5
<Jan27-2022> <12:35:44>      5      0.00203111      0.00038492      0.0
<Jan27-2022> <12:35:50>      6      0.00013550      0.00002689      0.0
<Jan27-2022> <12:35:56>      7      0.00003531      0.00000710      0.0
<Jan27-2022> <12:36:03>      8      0.00002906      0.00000643      0.0
<Jan27-2022> <12:36:09>      9      0.00000383      0.00000077      0.0
<Jan27-2022> <12:36:11>  SCF converged
<Jan27-2022> <12:36:15>     10      0.00000049      0.00000006      0.0
<Jan27-2022> <12:36:17>  >>>> TOTEN
<Jan27-2022> <12:36:26>  >>>> POPAN
<Jan27-2022> <12:36:26>  >>>> DEBYE
<Jan27-2022> <12:36:26>  >>>> ENGRAD
<Jan27-2022> <12:36:39>  current energy                               -0.77062909 Hartree
<Jan27-2022> <12:36:39>  energy change                      -0.00153251     0.00005000    F
<Jan27-2022> <12:36:39>  constrained gradient max            0.00233345     0.00100000    F
<Jan27-2022> <12:36:39>  constrained gradient rms            0.00120647     0.00066667    F
<Jan27-2022> <12:36:39>  gradient max                        0.00233345
<Jan27-2022> <12:36:39>  gradient rms                        0.00120647
<Jan27-2022> <12:36:39>  cart. step max                      0.00336364     0.01000000    T
<Jan27-2022> <12:36:39>  cart. step rms                      0.00173818     0.00666667    T
<Jan27-2022> <12:36:39>  Iteration 4
<Jan27-2022> <12:36:40>  *** GOStep4 ***
<Jan27-2022> <12:36:40>  >>>> FRAGM
<Jan27-2022> <12:36:40>  Coordinates
<Jan27-2022> <12:36:40>     Atom         X           Y           Z   (Angstrom)
<Jan27-2022> <12:36:40>     1.Ti        3.419310   -0.060064   -0.057837
<Jan27-2022> <12:36:40>     2.Cl        1.236299    0.001079    0.001258
<Jan27-2022> <12:36:40>     3.Cl        4.139341   -1.642401    1.265210
<Jan27-2022> <12:36:40>     4.Cl        4.220728    1.861940    0.602799
<Jan27-2022> <12:36:40>     5.Cl        4.081056   -0.460518   -2.100968
<Jan27-2022> <12:36:40>  >>>> CORORT
<Jan27-2022> <12:36:40>  >>>> CLSMAT
<Jan27-2022> <12:36:40>  >>>> ORTHON
<Jan27-2022> <12:36:40>  >>>> GENPT
<Jan27-2022> <12:36:40>  Block Length= 128
<Jan27-2022> <12:36:41>  >>>> PTBAS
<Jan27-2022> <12:36:44>  >>>> CYCLE
<Jan27-2022> <12:36:51>  using orbital data from restart file
<Jan27-2022> <12:36:55>              |Error|         MaxErr       Wt(A-DIIS)
<Jan27-2022> <12:36:55>      1      0.01828130      0.00497523
<Jan27-2022> <12:37:02>      2      0.00299142      0.00056159    100.0
<Jan27-2022> <12:37:09>      3      0.01497008      0.00278914    100.0
<Jan27-2022> <12:37:15>      4      0.00431663      0.00072177      0.0
<Jan27-2022> <12:37:21>      5      0.00023138      0.00004426      0.0
<Jan27-2022> <12:37:28>      6      0.00001762      0.00000353      0.0
<Jan27-2022> <12:37:34>      7      0.00001572      0.00000292      0.0
<Jan27-2022> <12:37:42>      8      0.00000213      0.00000043      0.0
<Jan27-2022> <12:37:44>  SCF converged
<Jan27-2022> <12:37:48>      9      0.00000064      0.00000010      0.0
<Jan27-2022> <12:37:50>  >>>> TOTEN
<Jan27-2022> <12:37:59>  >>>> POPAN
<Jan27-2022> <12:37:59>  >>>> DEBYE
<Jan27-2022> <12:37:59>  >>>> ENGRAD
<Jan27-2022> <12:38:12>  current energy                               -0.77064729 Hartree
<Jan27-2022> <12:38:12>  energy change                      -0.00001820     0.00005000    T
<Jan27-2022> <12:38:12>  constrained gradient max            0.00016336     0.00100000    T
<Jan27-2022> <12:38:12>  constrained gradient rms            0.00008534     0.00066667    T
<Jan27-2022> <12:38:12>  gradient max                        0.00016336
<Jan27-2022> <12:38:12>  gradient rms                        0.00008534
<Jan27-2022> <12:38:12>  cart. step max                      0.00025485     0.01000000    T
<Jan27-2022> <12:38:12>  cart. step rms                      0.00013246     0.00666667    T
<Jan27-2022> <12:38:12>  Geometry optimization converged
<Jan27-2022> <12:38:13>  *** adf ***
<Jan27-2022> <12:38:13>  Net Charge: 0 (Nuclei minus Electrons)
<Jan27-2022> <12:38:13>  Symmetry  : NOSYM
<Jan27-2022> <12:38:13>  >>>> FRAGM
<Jan27-2022> <12:38:13>  Coordinates
<Jan27-2022> <12:38:13>     Atom         X           Y           Z   (Angstrom)
<Jan27-2022> <12:38:13>     1.Ti        3.419310   -0.060064   -0.057837
<Jan27-2022> <12:38:13>     2.Cl        1.236299    0.001079    0.001258
<Jan27-2022> <12:38:13>     3.Cl        4.139341   -1.642401    1.265210
<Jan27-2022> <12:38:13>     4.Cl        4.220728    1.861940    0.602799
<Jan27-2022> <12:38:13>     5.Cl        4.081056   -0.460518   -2.100968
<Jan27-2022> <12:38:13>  >>>> CORORT
<Jan27-2022> <12:38:13>  >>>> CLSMAT
<Jan27-2022> <12:38:14>  >>>> ORTHON
<Jan27-2022> <12:38:14>  >>>> GENPT
<Jan27-2022> <12:38:14>  Block Length= 128
<Jan27-2022> <12:38:14>  >>>> PTBAS
<Jan27-2022> <12:38:17>  >>>> CYCLE
<Jan27-2022> <12:38:24>  using orbital data from restart file
<Jan27-2022> <12:38:28>              |Error|         MaxErr       Wt(A-DIIS)
<Jan27-2022> <12:38:28>      1      0.00000007      0.00000001
<Jan27-2022> <12:38:35>      2      0.00000043      0.00000009    100.0
<Jan27-2022> <12:38:37>  SCF converged
<Jan27-2022> <12:38:41>      3      0.00000266      0.00000057    100.0
<Jan27-2022> <12:38:47>  >>>> TOTEN
<Jan27-2022> <12:39:02>  >>>> POPAN
<Jan27-2022> <12:39:02>  >>>> DEBYE
<Jan27-2022> <12:39:03>  >>>> AMETS
<Jan27-2022> <12:39:03>   Bond Energy          -0.77064729 a.u.
<Jan27-2022> <12:39:03>   Bond Energy         -20.97037968 eV
<Jan27-2022> <12:39:03>   Bond Energy        -483.59       kcal/mol
<Jan27-2022> <12:39:03>  >>>> POPUL
<Jan27-2022> <12:39:03>  >>>> ENGRAD
<Jan27-2022> <12:39:16>  >>>> ENHESS
<Jan27-2022> <12:39:20>  === NUCLEUS:     1
<Jan27-2022> <12:42:27>  === NUCLEUS:     2
<Jan27-2022> <12:45:20>  === NUCLEUS:     3
<Jan27-2022> <12:48:13>  === NUCLEUS:     4
<Jan27-2022> <12:51:05>  === NUCLEUS:     5
<Jan27-2022> <12:53:57>  >>>> CALC_HESS_PMAT
<Jan27-2022> <12:54:28>  >>>> CALC_HESS_WMAT
<Jan27-2022> <12:54:33>  PES point character: Geometry corresponds to a local minimum on the PES.
<Jan27-2022> <12:54:33>  Geometry optimization successful!
<Jan27-2022> <12:54:33>  WARNING: total elapsed time is much higher than the (CPU+system) time.
<Jan27-2022> <12:54:33>  Make sure the machine is not oversubscribed and has enough memory, SCM_TMPDIR points to a fast file system, and the network is fast enough.
<Jan27-2022> <12:54:33>  NORMAL TERMINATION
