<Jan19-2022> <20:13:22>  AMS 2021.102  RunTime: Jan19-2022 20:13:22  ShM Nodes: 1  Procs: 4
<Jan19-2022> <20:13:23>  Iteration 1
<Jan19-2022> <20:13:23>  current energy                               -3.60346629 Hartree
<Jan19-2022> <20:13:23>  energy change                      -3.60346629     0.00004000    F
<Jan19-2022> <20:13:23>  constrained gradient max            0.15757477     0.00100000    F
<Jan19-2022> <20:13:23>  constrained gradient rms            0.06474111     0.00066667    F
<Jan19-2022> <20:13:23>  gradient max                        0.15757477
<Jan19-2022> <20:13:23>  gradient rms                        0.06474111
<Jan19-2022> <20:13:23>  cart. step max                      0.03805251     0.01000000    F
<Jan19-2022> <20:13:23>  cart. step rms                      0.01771510     0.00666667    F
<Jan19-2022> <20:13:23>  Iteration 2
<Jan19-2022> <20:13:23>  current energy                               -3.61441952 Hartree
<Jan19-2022> <20:13:23>  energy change                      -0.01095323     0.00004000    F
<Jan19-2022> <20:13:23>  constrained gradient max            0.12562297     0.00100000    F
<Jan19-2022> <20:13:23>  constrained gradient rms            0.05037245     0.00066667    F
<Jan19-2022> <20:13:23>  gradient max                        0.12562297
<Jan19-2022> <20:13:23>  gradient rms                        0.05037245
<Jan19-2022> <20:13:23>  cart. step max                      0.07215668     0.01000000    F
<Jan19-2022> <20:13:23>  cart. step rms                      0.03477580     0.00666667    F
<Jan19-2022> <20:13:23>  Iteration 3
<Jan19-2022> <20:13:23>  current energy                               -3.62410198 Hartree
<Jan19-2022> <20:13:23>  energy change                      -0.00968246     0.00004000    F
<Jan19-2022> <20:13:23>  constrained gradient max            0.04540598     0.00100000    F
<Jan19-2022> <20:13:23>  constrained gradient rms            0.02312545     0.00066667    F
<Jan19-2022> <20:13:23>  gradient max                        0.04540598
<Jan19-2022> <20:13:23>  gradient rms                        0.02312545
<Jan19-2022> <20:13:23>  cart. step max                      0.04711106     0.01000000    F
<Jan19-2022> <20:13:23>  cart. step rms                      0.02375176     0.00666667    F
<Jan19-2022> <20:13:23>  Iteration 4
<Jan19-2022> <20:13:23>  current energy                               -3.62778438 Hartree
<Jan19-2022> <20:13:23>  energy change                      -0.00368240     0.00004000    F
<Jan19-2022> <20:13:23>  constrained gradient max            0.02967984     0.00100000    F
<Jan19-2022> <20:13:23>  constrained gradient rms            0.01155029     0.00066667    F
<Jan19-2022> <20:13:23>  gradient max                        0.02967984
<Jan19-2022> <20:13:23>  gradient rms                        0.01155029
<Jan19-2022> <20:13:23>  cart. step max                      0.05391233     0.01000000    F
<Jan19-2022> <20:13:23>  cart. step rms                      0.02098135     0.00666667    F
<Jan19-2022> <20:13:23>  Iteration 5
<Jan19-2022> <20:13:23>  current energy                               -3.62965628 Hartree
<Jan19-2022> <20:13:23>  energy change                      -0.00187190     0.00004000    F
<Jan19-2022> <20:13:23>  constrained gradient max            0.01370898     0.00100000    F
<Jan19-2022> <20:13:23>  constrained gradient rms            0.00657535     0.00066667    F
<Jan19-2022> <20:13:23>  gradient max                        0.01370898
<Jan19-2022> <20:13:23>  gradient rms                        0.00657535
<Jan19-2022> <20:13:23>  cart. step max                      0.04025190     0.01000000    F
<Jan19-2022> <20:13:23>  cart. step rms                      0.01673678     0.00666667    F
<Jan19-2022> <20:13:23>  Iteration 6
<Jan19-2022> <20:13:23>  current energy                               -3.63050087 Hartree
<Jan19-2022> <20:13:23>  energy change                      -0.00084459     0.00004000    F
<Jan19-2022> <20:13:23>  constrained gradient max            0.00771899     0.00100000    F
<Jan19-2022> <20:13:23>  constrained gradient rms            0.00317194     0.00066667    F
<Jan19-2022> <20:13:23>  gradient max                        0.00771899
<Jan19-2022> <20:13:23>  gradient rms                        0.00317194
<Jan19-2022> <20:13:23>  cart. step max                      0.03511110     0.01000000    F
<Jan19-2022> <20:13:23>  cart. step rms                      0.01486899     0.00666667    F
<Jan19-2022> <20:13:23>  Iteration 7
<Jan19-2022> <20:13:23>  current energy                               -3.63084316 Hartree
<Jan19-2022> <20:13:23>  energy change                      -0.00034229     0.00004000    F
<Jan19-2022> <20:13:23>  constrained gradient max            0.00270614     0.00100000    F
<Jan19-2022> <20:13:23>  constrained gradient rms            0.00133720     0.00066667    F
<Jan19-2022> <20:13:23>  gradient max                        0.00270614
<Jan19-2022> <20:13:23>  gradient rms                        0.00133720
<Jan19-2022> <20:13:23>  cart. step max                      0.02485656     0.01000000    F
<Jan19-2022> <20:13:23>  cart. step rms                      0.00985330     0.00666667    F
<Jan19-2022> <20:13:23>  Iteration 8
<Jan19-2022> <20:13:23>  current energy                               -3.63093259 Hartree
<Jan19-2022> <20:13:23>  energy change                      -0.00008943     0.00004000    F
<Jan19-2022> <20:13:23>  constrained gradient max            0.00161222     0.00100000    F
<Jan19-2022> <20:13:23>  constrained gradient rms            0.00088758     0.00066667    F
<Jan19-2022> <20:13:23>  gradient max                        0.00161222
<Jan19-2022> <20:13:23>  gradient rms                        0.00088758
<Jan19-2022> <20:13:23>  cart. step max                      0.01458028     0.01000000    F
<Jan19-2022> <20:13:23>  cart. step rms                      0.00553578     0.00666667    T
<Jan19-2022> <20:13:23>  Iteration 9
<Jan19-2022> <20:13:23>  current energy                               -3.63095128 Hartree
<Jan19-2022> <20:13:23>  energy change                      -0.00001869     0.00004000    T
<Jan19-2022> <20:13:23>  constrained gradient max            0.00071872     0.00100000    T
<Jan19-2022> <20:13:23>  constrained gradient rms            0.00039179     0.00066667    T
<Jan19-2022> <20:13:23>  gradient max                        0.00071872
<Jan19-2022> <20:13:23>  gradient rms                        0.00039179
<Jan19-2022> <20:13:23>  cart. step max                      0.00295709     0.01000000    T
<Jan19-2022> <20:13:23>  cart. step rms                      0.00110314     0.00666667    T
<Jan19-2022> <20:13:23>  Geometry optimization converged
<Jan19-2022> <20:13:23>  DFTB: SCC cycle
<Jan19-2022> <20:13:23>      Cycle:   1, MaxQDiff:   0.000000004282, PartialEnergy:      -3.6875099440, Used mix:   0.150 nvec:    0
<Jan19-2022> <20:13:23>  SCC cycle converged!
<Jan19-2022> <20:13:23>  NORMAL TERMINATION
