<Jan18-2022> <14:12:42>  AMS 2021.102  RunTime: Jan18-2022 14:12:42  ShM Nodes: 1  Procs: 4
<Jan18-2022> <14:12:43>  ADF 2021.102  RunTime: Jan18-2022 14:12:43  ShM Nodes: 1  Procs: 4
<Jan18-2022> <14:12:43>  *** (NO TITLE) ***
<Jan18-2022> <14:12:43>  Iteration 1
<Jan18-2022> <14:12:43>  DIRAC 2021.102  RunTime: Jan18-2022 14:12:43  ShM Nodes: 1  Procs: 1
<Jan18-2022> <14:12:43>  Carbon (TZ2P)
<Jan18-2022> <14:12:44>  Net Charge: 0 (Nuclei minus Electrons)
<Jan18-2022> <14:12:44>  Symmetry  : ATOM
<Jan18-2022> <14:12:44>  Coordinates
<Jan18-2022> <14:12:44>     Atom         X           Y           Z   (Angstrom)
<Jan18-2022> <14:12:44>     1.C         0.000000    0.000000    0.000000
<Jan18-2022> <14:12:44>  >>>> CORORT
<Jan18-2022> <14:12:44>  >>>> CLSMAT
<Jan18-2022> <14:12:44>  >>>> ORTHON
<Jan18-2022> <14:12:44>  >>>> GENPT
<Jan18-2022> <14:12:44>  Block Length=  72
<Jan18-2022> <14:12:44>  >>>> PTBAS
<Jan18-2022> <14:12:44>  >>>> CYCLE
<Jan18-2022> <14:12:44>              |Error|         MaxErr       Wt(A-DIIS)
<Jan18-2022> <14:12:44>      1      0.00000000      0.00000000
<Jan18-2022> <14:12:44>      2      4.48405934      3.32161898    100.0
<Jan18-2022> <14:12:44>      3      1.60718414      1.28408746    100.0
<Jan18-2022> <14:12:44>      4      0.76426456      0.62272052    100.0
<Jan18-2022> <14:12:44>      5      0.36119063      0.28553990    100.0
<Jan18-2022> <14:12:44>      6      0.14821424      0.11559867    100.0
<Jan18-2022> <14:12:44>      7      0.10108424      0.07867111     78.5
<Jan18-2022> <14:12:44>      8      0.01786531      0.01387049     13.0
<Jan18-2022> <14:12:44>      9      0.00195746      0.00153262      0.5
<Jan18-2022> <14:12:44>     10      0.00001058      0.00000730      0.0
<Jan18-2022> <14:12:44>     11      0.00000047      0.00000027      0.0
<Jan18-2022> <14:12:44>     12      0.00000003      0.00000002      0.0
<Jan18-2022> <14:12:44>     13      0.00000000      0.00000000      0.0
<Jan18-2022> <14:12:44>  SCF converged
<Jan18-2022> <14:12:44>     14      0.00000000      0.00000000      0.0
<Jan18-2022> <14:12:45>  >>>> POPAN
<Jan18-2022> <14:12:45>  >>>> DEBYE
<Jan18-2022> <14:12:45>  DIRAC 2021.102  RunTime: Jan18-2022 14:12:45  ShM Nodes: 1  Procs: 1
<Jan18-2022> <14:12:45>  Hydrogen (TZ2P)
<Jan18-2022> <14:12:45>  Net Charge: 0 (Nuclei minus Electrons)
<Jan18-2022> <14:12:45>  Symmetry  : ATOM
<Jan18-2022> <14:12:45>  Coordinates
<Jan18-2022> <14:12:45>     Atom         X           Y           Z   (Angstrom)
<Jan18-2022> <14:12:45>     1.H         0.000000    0.000000    0.000000
<Jan18-2022> <14:12:45>  >>>> CORORT
<Jan18-2022> <14:12:45>  >>>> CLSMAT
<Jan18-2022> <14:12:45>  >>>> ORTHON
<Jan18-2022> <14:12:45>  >>>> GENPT
<Jan18-2022> <14:12:45>  Block Length=  64
<Jan18-2022> <14:12:45>  >>>> PTBAS
<Jan18-2022> <14:12:45>  >>>> CYCLE
<Jan18-2022> <14:12:45>              |Error|         MaxErr       Wt(A-DIIS)
<Jan18-2022> <14:12:45>      1      0.00000000      0.00000000
<Jan18-2022> <14:12:45>      2      0.03080019      0.02591482
<Jan18-2022> <14:12:45>      3      0.01140383      0.01135775    100.0
<Jan18-2022> <14:12:45>      4      0.00327656      0.00327407      2.3
<Jan18-2022> <14:12:45>      5      0.00010041      0.00009754      0.0
<Jan18-2022> <14:12:45>      6      0.00000525      0.00000504      0.0
<Jan18-2022> <14:12:45>      7      0.00000007      0.00000007      0.0
<Jan18-2022> <14:12:45>      8      0.00000000      0.00000000      0.0
<Jan18-2022> <14:12:45>  SCF converged
<Jan18-2022> <14:12:45>      9      0.00000000      0.00000000      0.0
<Jan18-2022> <14:12:45>  >>>> POPAN
<Jan18-2022> <14:12:45>  >>>> DEBYE
<Jan18-2022> <14:12:45>  DIRAC 2021.102  RunTime: Jan18-2022 14:12:45  ShM Nodes: 1  Procs: 1
<Jan18-2022> <14:12:45>  Oxygen (TZ2P)
<Jan18-2022> <14:12:45>  Net Charge: 0 (Nuclei minus Electrons)
<Jan18-2022> <14:12:45>  Symmetry  : ATOM
<Jan18-2022> <14:12:45>  Coordinates
<Jan18-2022> <14:12:45>     Atom         X           Y           Z   (Angstrom)
<Jan18-2022> <14:12:45>     1.O         0.000000    0.000000    0.000000
<Jan18-2022> <14:12:45>  >>>> CORORT
<Jan18-2022> <14:12:45>  >>>> CLSMAT
<Jan18-2022> <14:12:45>  >>>> ORTHON
<Jan18-2022> <14:12:45>  >>>> GENPT
<Jan18-2022> <14:12:45>  Block Length=  68
<Jan18-2022> <14:12:45>  >>>> PTBAS
<Jan18-2022> <14:12:45>  >>>> CYCLE
<Jan18-2022> <14:12:45>              |Error|         MaxErr       Wt(A-DIIS)
<Jan18-2022> <14:12:45>      1      0.00000000      0.00000000
<Jan18-2022> <14:12:46>      2      8.77210307      5.53374266    100.0
<Jan18-2022> <14:12:46>      3      3.60058093      2.49154808    100.0
<Jan18-2022> <14:12:46>      4      1.20505529      0.62472425    100.0
<Jan18-2022> <14:12:46>      5      1.46502638      0.81213311    100.0
<Jan18-2022> <14:12:46>      6      0.15089362      0.09131786     91.2
<Jan18-2022> <14:12:46>      7      0.14397311      0.08251182     82.3
<Jan18-2022> <14:12:46>      8      0.00183259      0.00123681      0.2
<Jan18-2022> <14:12:46>      9      0.00015629      0.00008105      0.0
<Jan18-2022> <14:12:46>     10      0.00001324      0.00000629      0.0
<Jan18-2022> <14:12:46>     11      0.00000006      0.00000003      0.0
<Jan18-2022> <14:12:46>     12      0.00000000      0.00000000      0.0
<Jan18-2022> <14:12:46>  SCF converged
<Jan18-2022> <14:12:46>     13      0.00000000      0.00000000      0.0
<Jan18-2022> <14:12:46>  >>>> POPAN
<Jan18-2022> <14:12:46>  >>>> DEBYE
<Jan18-2022> <14:12:46>  *** GOStep1 ***
<Jan18-2022> <14:12:46>  >>>> FRAGM
<Jan18-2022> <14:12:46>  Coordinates
<Jan18-2022> <14:12:46>     Atom         X           Y           Z   (Angstrom)
<Jan18-2022> <14:12:46>     1.C         0.072379    0.458490    0.147016
<Jan18-2022> <14:12:46>     2.C         0.881364   -0.769627    0.345434
<Jan18-2022> <14:12:46>     3.H         0.320085   -1.649370    0.008484
<Jan18-2022> <14:12:46>     4.C        -1.244537    0.481405   -0.412106
<Jan18-2022> <14:12:46>     5.H         0.491509    1.421715    0.440204
<Jan18-2022> <14:12:46>     6.H         1.775520   -0.706042   -0.297393
<Jan18-2022> <14:12:46>     7.O        -1.908801    1.513970   -0.583638
<Jan18-2022> <14:12:46>     8.H        -1.667620   -0.508731   -0.700065
<Jan18-2022> <14:12:46>     9.C         1.357984   -0.971567    1.798392
<Jan18-2022> <14:12:46>    10.H         1.975789   -1.872162    1.871864
<Jan18-2022> <14:12:46>    11.H         0.508075   -1.083701    2.478485
<Jan18-2022> <14:12:46>    12.H         1.956137   -0.121560    2.141940
<Jan18-2022> <14:12:46>  >>>> CORORT
<Jan18-2022> <14:12:46>  >>>> CLSMAT
<Jan18-2022> <14:12:46>  >>>> ORTHON
<Jan18-2022> <14:12:46>  >>>> GENPT
<Jan18-2022> <14:12:46>  Block Length= 128
<Jan18-2022> <14:12:46>  >>>> PTBAS
<Jan18-2022> <14:12:50>  >>>> CYCLE
<Jan18-2022> <14:13:04>              |Error|         MaxErr       Wt(A-DIIS)
<Jan18-2022> <14:13:04>      1      5.28021837      0.50848562
<Jan18-2022> <14:13:15>      2      0.92528362      0.09181505    100.0
<Jan18-2022> <14:13:27>      3      0.48188678      0.03672157    100.0
<Jan18-2022> <14:13:39>      4      0.70290776      0.06384098    100.0
<Jan18-2022> <14:13:50>      5      0.11786959      0.01531970     14.5
<Jan18-2022> <14:14:02>      6      0.08968380      0.01290126     12.0
<Jan18-2022> <14:14:13>      7      0.01696675      0.00242936      1.4
<Jan18-2022> <14:14:25>      8      0.00569505      0.00070569      0.0
<Jan18-2022> <14:14:36>      9      0.00156254      0.00014507      0.0
<Jan18-2022> <14:14:48>     10      0.00093595      0.00007893      0.0
<Jan18-2022> <14:14:59>     11      0.00030116      0.00002492      0.0
<Jan18-2022> <14:15:11>     12      0.00010788      0.00001150      0.0
<Jan18-2022> <14:15:23>     13      0.00002539      0.00000159      0.0
<Jan18-2022> <14:15:34>     14      0.00001307      0.00000088      0.0
<Jan18-2022> <14:15:46>     15      0.00000560      0.00000045      0.0
<Jan18-2022> <14:15:49>  SCF converged
<Jan18-2022> <14:15:57>     16      0.00000256      0.00000024      0.0
<Jan18-2022> <14:16:00>  >>>> TOTEN
<Jan18-2022> <14:16:13>  >>>> POPAN
<Jan18-2022> <14:16:13>  >>>> DEBYE
<Jan18-2022> <14:16:13>  >>>> ENGRAD
<Jan18-2022> <14:16:29>  current energy                               -2.38373078 Hartree
<Jan18-2022> <14:16:29>  energy change                      -2.38373078     0.00012000    F
<Jan18-2022> <14:16:29>  constrained gradient max            0.00000722     0.00100000    T
<Jan18-2022> <14:16:29>  constrained gradient rms            0.00000170     0.00066667    T
<Jan18-2022> <14:16:29>  gradient max                        0.00000722
<Jan18-2022> <14:16:29>  gradient rms                        0.00000170
<Jan18-2022> <14:16:29>  cart. step max                      0.00001005     0.01000000    T
<Jan18-2022> <14:16:29>  cart. step rms                      0.00000478     0.00666667    T
<Jan18-2022> <14:16:29>  Geometry optimization converged
<Jan18-2022> <14:16:29>  *** adf ***
<Jan18-2022> <14:16:29>  Net Charge: 0 (Nuclei minus Electrons)
<Jan18-2022> <14:16:29>  Spin polar: 1 (Spin_A minus Spin_B electrons)
<Jan18-2022> <14:16:29>  Symmetry  : NOSYM
<Jan18-2022> <14:16:29>  >>>> FRAGM
<Jan18-2022> <14:16:29>  Coordinates
<Jan18-2022> <14:16:29>     Atom         X           Y           Z   (Angstrom)
<Jan18-2022> <14:16:29>     1.C         0.072379    0.458490    0.147016
<Jan18-2022> <14:16:29>     2.C         0.881364   -0.769627    0.345434
<Jan18-2022> <14:16:29>     3.H         0.320085   -1.649370    0.008484
<Jan18-2022> <14:16:29>     4.C        -1.244537    0.481405   -0.412106
<Jan18-2022> <14:16:29>     5.H         0.491509    1.421715    0.440204
<Jan18-2022> <14:16:29>     6.H         1.775520   -0.706042   -0.297393
<Jan18-2022> <14:16:29>     7.O        -1.908801    1.513970   -0.583638
<Jan18-2022> <14:16:29>     8.H        -1.667620   -0.508731   -0.700065
<Jan18-2022> <14:16:29>     9.C         1.357984   -0.971567    1.798392
<Jan18-2022> <14:16:29>    10.H         1.975789   -1.872162    1.871864
<Jan18-2022> <14:16:29>    11.H         0.508075   -1.083701    2.478485
<Jan18-2022> <14:16:29>    12.H         1.956137   -0.121560    2.141940
<Jan18-2022> <14:16:29>  >>>> CORORT
<Jan18-2022> <14:16:29>  >>>> CLSMAT
<Jan18-2022> <14:16:29>  >>>> ORTHON
<Jan18-2022> <14:16:29>  >>>> GENPT
<Jan18-2022> <14:16:29>  Block Length= 128
<Jan18-2022> <14:16:30>  >>>> PTBAS
<Jan18-2022> <14:16:33>  >>>> CYCLE
<Jan18-2022> <14:16:39>  using orbital data from restart file
<Jan18-2022> <14:16:47>              |Error|         MaxErr       Wt(A-DIIS)
<Jan18-2022> <14:16:47>      1      0.00000110      0.00000015
<Jan18-2022> <14:16:59>      2      0.00000268      0.00000052    100.0
<Jan18-2022> <14:17:02>  SCF converged
<Jan18-2022> <14:17:10>      3      0.00000833      0.00000165    100.0
<Jan18-2022> <14:17:21>  >>>> TOTEN
<Jan18-2022> <14:17:41>  >>>> POPAN
<Jan18-2022> <14:17:41>  >>>> DEBYE
<Jan18-2022> <14:17:41>  >>>> AMETS
<Jan18-2022> <14:17:41>   Bond Energy          -2.38373078 a.u.
<Jan18-2022> <14:17:41>   Bond Energy         -64.86461489 eV
<Jan18-2022> <14:17:41>   Bond Energy       -1495.81       kcal/mol
<Jan18-2022> <14:17:41>  >>>> POPUL
<Jan18-2022> <14:17:41>  >>>> ENGRAD
<Jan18-2022> <14:17:58>  >>>> ENHESS
<Jan18-2022> <14:18:03>  === NUCLEUS:     1
<Jan18-2022> <14:23:59>  === NUCLEUS:     2
<Jan18-2022> <14:29:21>  === NUCLEUS:     3
<Jan18-2022> <14:35:08>  === NUCLEUS:     4
<Jan18-2022> <14:40:31>  === NUCLEUS:     5
<Jan18-2022> <14:45:27>  === NUCLEUS:     6
<Jan18-2022> <14:50:39>  === NUCLEUS:     7
<Jan18-2022> <14:55:34>  === NUCLEUS:     8
<Jan18-2022> <15:00:20>  === NUCLEUS:     9
<Jan18-2022> <15:05:13>  === NUCLEUS:    10
<Jan18-2022> <15:09:51>  === NUCLEUS:    11
