<Feb04-2022> <13:28:29>  AMS 2021.102  RunTime: Feb04-2022 13:28:29  ShM Nodes: 2  Procs: 32
<Feb04-2022> <13:28:29>  ADF 2021.102  RunTime: Feb04-2022 13:28:29  ShM Nodes: 2  Procs: 32
<Feb04-2022> <13:28:29>  *** (NO TITLE) ***
<Feb04-2022> <13:28:29>  Iteration 1
<Feb04-2022> <13:28:30>  DIRAC 2021.102  RunTime: Feb04-2022 13:28:30  ShM Nodes: 1  Procs: 1
<Feb04-2022> <13:28:30>  Carbon (TZ2P)
<Feb04-2022> <13:28:30>  Net Charge: 0 (Nuclei minus Electrons)
<Feb04-2022> <13:28:30>  Symmetry  : ATOM
<Feb04-2022> <13:28:30>  Coordinates
<Feb04-2022> <13:28:30>     Atom         X           Y           Z   (Angstrom)
<Feb04-2022> <13:28:30>     1.C         0.000000    0.000000    0.000000
<Feb04-2022> <13:28:30>  >>>> CORORT
<Feb04-2022> <13:28:30>  >>>> CLSMAT
<Feb04-2022> <13:28:30>  >>>> ORTHON
<Feb04-2022> <13:28:30>  >>>> GENPT
<Feb04-2022> <13:28:30>  Block Length=  72
<Feb04-2022> <13:28:30>  >>>> PTBAS
<Feb04-2022> <13:28:30>  >>>> CYCLE
<Feb04-2022> <13:28:30>              |Error|         MaxErr       Wt(A-DIIS)
<Feb04-2022> <13:28:30>      1      0.00000000      0.00000000
<Feb04-2022> <13:28:30>      2      4.48405934      3.32161898    100.0
<Feb04-2022> <13:28:30>      3      1.60718414      1.28408746    100.0
<Feb04-2022> <13:28:30>      4      0.76426456      0.62272052    100.0
<Feb04-2022> <13:28:30>      5      0.36119063      0.28553990    100.0
<Feb04-2022> <13:28:30>      6      0.14821424      0.11559867    100.0
<Feb04-2022> <13:28:30>      7      0.10108424      0.07867111     78.5
<Feb04-2022> <13:28:30>      8      0.01786531      0.01387049     13.0
<Feb04-2022> <13:28:30>      9      0.00195746      0.00153262      0.5
<Feb04-2022> <13:28:31>     10      0.00001058      0.00000730      0.0
<Feb04-2022> <13:28:31>     11      0.00000047      0.00000027      0.0
<Feb04-2022> <13:28:31>     12      0.00000003      0.00000002      0.0
<Feb04-2022> <13:28:31>     13      0.00000000      0.00000000      0.0
<Feb04-2022> <13:28:31>  SCF converged
<Feb04-2022> <13:28:31>     14      0.00000000      0.00000000      0.0
<Feb04-2022> <13:28:31>  >>>> POPAN
<Feb04-2022> <13:28:31>  >>>> DEBYE
<Feb04-2022> <13:28:31>  DIRAC 2021.102  RunTime: Feb04-2022 13:28:31  ShM Nodes: 1  Procs: 1
<Feb04-2022> <13:28:31>  Oxygen (TZ2P)
<Feb04-2022> <13:28:31>  Net Charge: 0 (Nuclei minus Electrons)
<Feb04-2022> <13:28:31>  Symmetry  : ATOM
<Feb04-2022> <13:28:31>  Coordinates
<Feb04-2022> <13:28:31>     Atom         X           Y           Z   (Angstrom)
<Feb04-2022> <13:28:31>     1.O         0.000000    0.000000    0.000000
<Feb04-2022> <13:28:31>  >>>> CORORT
<Feb04-2022> <13:28:31>  >>>> CLSMAT
<Feb04-2022> <13:28:31>  >>>> ORTHON
<Feb04-2022> <13:28:31>  >>>> GENPT
<Feb04-2022> <13:28:31>  Block Length=  68
<Feb04-2022> <13:28:31>  >>>> PTBAS
<Feb04-2022> <13:28:31>  >>>> CYCLE
<Feb04-2022> <13:28:32>              |Error|         MaxErr       Wt(A-DIIS)
<Feb04-2022> <13:28:32>      1      0.00000000      0.00000000
<Feb04-2022> <13:28:32>      2      8.77210307      5.53374266    100.0
<Feb04-2022> <13:28:32>      3      3.60058093      2.49154808    100.0
<Feb04-2022> <13:28:32>      4      1.20505529      0.62472425    100.0
<Feb04-2022> <13:28:32>      5      1.46502638      0.81213311    100.0
<Feb04-2022> <13:28:32>      6      0.15089362      0.09131786     91.2
<Feb04-2022> <13:28:32>      7      0.14397311      0.08251182     82.3
<Feb04-2022> <13:28:32>      8      0.00183259      0.00123681      0.2
<Feb04-2022> <13:28:32>      9      0.00015629      0.00008105      0.0
<Feb04-2022> <13:28:32>     10      0.00001324      0.00000629      0.0
<Feb04-2022> <13:28:32>     11      0.00000006      0.00000003      0.0
<Feb04-2022> <13:28:32>     12      0.00000000      0.00000000      0.0
<Feb04-2022> <13:28:32>  SCF converged
<Feb04-2022> <13:28:32>     13      0.00000000      0.00000000      0.0
<Feb04-2022> <13:28:32>  >>>> POPAN
<Feb04-2022> <13:28:32>  >>>> DEBYE
<Feb04-2022> <13:28:32>  DIRAC 2021.102  RunTime: Feb04-2022 13:28:32  ShM Nodes: 1  Procs: 1
<Feb04-2022> <13:28:32>  Hydrogen (TZ2P)
<Feb04-2022> <13:28:33>  Net Charge: 0 (Nuclei minus Electrons)
<Feb04-2022> <13:28:33>  Symmetry  : ATOM
<Feb04-2022> <13:28:33>  Coordinates
<Feb04-2022> <13:28:33>     Atom         X           Y           Z   (Angstrom)
<Feb04-2022> <13:28:33>     1.H         0.000000    0.000000    0.000000
<Feb04-2022> <13:28:33>  >>>> CORORT
<Feb04-2022> <13:28:33>  >>>> CLSMAT
<Feb04-2022> <13:28:33>  >>>> ORTHON
<Feb04-2022> <13:28:33>  >>>> GENPT
<Feb04-2022> <13:28:33>  Block Length=  64
<Feb04-2022> <13:28:33>  >>>> PTBAS
<Feb04-2022> <13:28:33>  >>>> CYCLE
<Feb04-2022> <13:28:33>              |Error|         MaxErr       Wt(A-DIIS)
<Feb04-2022> <13:28:33>      1      0.00000000      0.00000000
<Feb04-2022> <13:28:33>      2      0.03080019      0.02591482
<Feb04-2022> <13:28:33>      3      0.01140383      0.01135775    100.0
<Feb04-2022> <13:28:33>      4      0.00327656      0.00327407      2.3
<Feb04-2022> <13:28:33>      5      0.00010041      0.00009754      0.0
<Feb04-2022> <13:28:33>      6      0.00000525      0.00000504      0.0
<Feb04-2022> <13:28:33>      7      0.00000007      0.00000007      0.0
<Feb04-2022> <13:28:33>      8      0.00000000      0.00000000      0.0
<Feb04-2022> <13:28:33>  SCF converged
<Feb04-2022> <13:28:33>      9      0.00000000      0.00000000      0.0
<Feb04-2022> <13:28:33>  >>>> POPAN
<Feb04-2022> <13:28:33>  >>>> DEBYE
<Feb04-2022> <13:28:33>  *** GOStep1 ***
<Feb04-2022> <13:28:34>  >>>> FRAGM
<Feb04-2022> <13:28:34>  Coordinates
<Feb04-2022> <13:28:34>     Atom         X           Y           Z   (Angstrom)
<Feb04-2022> <13:28:34>     1.C        -2.247394   -0.152751    0.001537
<Feb04-2022> <13:28:34>     2.C        -1.015343   -0.653372    0.001231
<Feb04-2022> <13:28:34>     3.C         0.181430    0.206927   -0.000510
<Feb04-2022> <13:28:34>     4.O         1.305947   -0.217853    0.000571
<Feb04-2022> <13:28:34>     5.H        -2.429844    0.915125   -0.001716
<Feb04-2022> <13:28:34>     6.H        -0.830811   -1.723070    0.000969
<Feb04-2022> <13:28:34>     7.C        -4.735446   -0.152644    0.136181
<Feb04-2022> <13:28:34>     8.C        -3.500456   -1.047970   -0.002819
<Feb04-2022> <13:28:34>     9.C        -3.405938   -2.018662    1.178263
<Feb04-2022> <13:28:34>    10.C        -3.541505   -1.816714   -1.327009
<Feb04-2022> <13:28:34>    11.H        -2.649091   -2.434413   -1.433807
<Feb04-2022> <13:28:34>    12.H        -5.646434   -0.753502    0.137043
<Feb04-2022> <13:28:34>    13.H        -4.786271    0.553449   -0.693402
<Feb04-2022> <13:28:34>    14.H        -4.690930    0.411424    1.068493
<Feb04-2022> <13:28:34>    15.H        -4.279549   -2.671980    1.208421
<Feb04-2022> <13:28:34>    16.H        -3.352259   -1.467454    2.117756
<Feb04-2022> <13:28:34>    17.H        -2.512590   -2.637753    1.088731
<Feb04-2022> <13:28:34>    18.H        -4.418927   -2.464354   -1.367283
<Feb04-2022> <13:28:34>    19.H        -3.584102   -1.122089   -2.166677
<Feb04-2022> <13:28:34>    20.H        -0.032199    1.255384   -0.000039
<Feb04-2022> <13:28:34>  >>>> CORORT
<Feb04-2022> <13:28:34>  >>>> CLSMAT
<Feb04-2022> <13:28:34>  >>>> ORTHON
<Feb04-2022> <13:28:36>  >>>> GENPT
<Feb04-2022> <13:28:36>  Block Length= 128
<Feb04-2022> <13:28:37>  >>>> PTBAS
<Feb04-2022> <13:28:41>  >>>> CYCLE
<Feb04-2022> <13:29:31>              |Error|         MaxErr       Wt(A-DIIS)
<Feb04-2022> <13:29:31>      1      7.09269150      1.08671752
<Feb04-2022> <13:29:44>      2      1.23359689      0.17753368    100.0
<Feb04-2022> <13:29:50>      3      0.66054572      0.08573389    100.0
<Feb04-2022> <13:29:56>      4      0.99335183      0.13573379    100.0
<Feb04-2022> <13:30:03>      5      0.16115449      0.02140793     20.6
<Feb04-2022> <13:30:09>      6      0.11928064      0.02786835     20.6
<Feb04-2022> <13:30:15>      7      0.03832591      0.00868586      7.8
<Feb04-2022> <13:30:21>      8      0.00980460      0.00275355      1.8
<Feb04-2022> <13:30:28>      9      0.00377783      0.00080237      0.0
<Feb04-2022> <13:30:34>     10      0.00061464      0.00013277      0.0
<Feb04-2022> <13:30:40>     11      0.00019184      0.00002842      0.0
<Feb04-2022> <13:30:47>     12      0.00003332      0.00000428      0.0
<Feb04-2022> <13:31:11>     13      0.00001486      0.00000138      0.0
<Feb04-2022> <13:31:18>     14      0.00000371      0.00000078      0.0
<Feb04-2022> <13:31:41>  SCF converged
<Feb04-2022> <13:31:45>     15      0.00000079      0.00000008      0.0
<Feb04-2022> <13:31:48>  >>>> TOTEN
<Feb04-2022> <13:31:56>  >>>> POPAN
<Feb04-2022> <13:31:56>  >>>> DEBYE
<Feb04-2022> <13:31:57>  >>>> ENGRAD
<Feb04-2022> <13:32:15>  current energy                               -4.01956457 Hartree
<Feb04-2022> <13:32:15>  energy change                      -4.01956457     0.00020000    F
<Feb04-2022> <13:32:15>  constrained gradient max            0.05676198     0.00100000    F
<Feb04-2022> <13:32:15>  constrained gradient rms            0.01562034     0.00066667    F
<Feb04-2022> <13:32:15>  gradient max                        0.05676198
<Feb04-2022> <13:32:15>  gradient rms                        0.01562034
<Feb04-2022> <13:32:15>  cart. step max                      0.15506240     0.01000000    F
<Feb04-2022> <13:32:15>  cart. step rms                      0.05401794     0.00666667    F
<Feb04-2022> <13:32:15>  Iteration 2
<Feb04-2022> <13:32:16>  *** GOStep2 ***
<Feb04-2022> <13:32:18>  >>>> FRAGM
<Feb04-2022> <13:32:18>  Coordinates
<Feb04-2022> <13:32:18>     Atom         X           Y           Z   (Angstrom)
<Feb04-2022> <13:32:18>     1.C        -2.205391   -0.207552    0.009382
<Feb04-2022> <13:32:18>     2.C        -0.934146   -0.645239   -0.001771
<Feb04-2022> <13:32:18>     3.C         0.211266    0.284524   -0.013295
<Feb04-2022> <13:32:18>     4.O         1.388887   -0.062791   -0.030872
<Feb04-2022> <13:32:18>     5.H        -2.386466    0.865547    0.002676
<Feb04-2022> <13:32:18>     6.H        -0.682227   -1.702170   -0.007566
<Feb04-2022> <13:32:18>     7.C        -4.698160   -0.140876    0.138010
<Feb04-2022> <13:32:18>     8.C        -3.481019   -1.072574    0.005955
<Feb04-2022> <13:32:18>     9.C        -3.475915   -2.060318    1.188814
<Feb04-2022> <13:32:18>    10.C        -3.573313   -1.841857   -1.326032
<Feb04-2022> <13:32:18>    11.H        -2.724067   -2.516027   -1.453930
<Feb04-2022> <13:32:18>    12.H        -5.630275   -0.712405    0.131076
<Feb04-2022> <13:32:18>    13.H        -4.735145    0.572943   -0.689532
<Feb04-2022> <13:32:18>    14.H        -4.657428    0.424930    1.072782
<Feb04-2022> <13:32:18>    15.H        -4.394397   -2.654618    1.191940
<Feb04-2022> <13:32:18>    16.H        -3.413932   -1.528443    2.141600
<Feb04-2022> <13:32:18>    17.H        -2.632169   -2.749973    1.132104
<Feb04-2022> <13:32:18>    18.H        -4.488831   -2.440048   -1.357965
<Feb04-2022> <13:32:18>    19.H        -3.588801   -1.154253   -2.175725
<Feb04-2022> <13:32:18>    20.H        -0.070186    1.348927   -0.011718
<Feb04-2022> <13:32:18>  >>>> CORORT
<Feb04-2022> <13:32:18>  >>>> CLSMAT
<Feb04-2022> <13:32:18>  >>>> ORTHON
<Feb04-2022> <13:32:19>  >>>> GENPT
<Feb04-2022> <13:32:19>  Block Length= 128
<Feb04-2022> <13:32:21>  >>>> PTBAS
<Feb04-2022> <13:32:26>  >>>> CYCLE
<Feb04-2022> <13:32:49>  using orbital data from restart file
<Feb04-2022> <13:32:53>              |Error|         MaxErr       Wt(A-DIIS)
<Feb04-2022> <13:32:53>      1      0.27702054      0.12357353
<Feb04-2022> <13:33:01>      2      0.04322284      0.00708223    100.0
<Feb04-2022> <13:33:27>      3      0.05583125      0.00655723    100.0
<Feb04-2022> <13:33:54>      4      0.01340474      0.00270202      1.7
<Feb04-2022> <13:34:01>      5      0.01024109      0.00246079      1.5
<Feb04-2022> <13:34:27>      6      0.00265532      0.00075015      0.0
<Feb04-2022> <13:34:53>      7      0.00081520      0.00019359      0.0
<Feb04-2022> <13:35:04>      8      0.00024362      0.00004694      0.0
<Feb04-2022> <13:35:11>      9      0.00003587      0.00000798      0.0
<Feb04-2022> <13:35:38>     10      0.00000920      0.00000130      0.0
<Feb04-2022> <13:36:05>     11      0.00000268      0.00000042      0.0
<Feb04-2022> <13:36:07>  SCF converged
<Feb04-2022> <13:36:11>     12      0.00000093      0.00000018      0.0
<Feb04-2022> <13:36:14>  >>>> TOTEN
<Feb04-2022> <13:36:24>  >>>> POPAN
<Feb04-2022> <13:36:24>  >>>> DEBYE
<Feb04-2022> <13:36:25>  >>>> ENGRAD
<Feb04-2022> <13:36:43>  current energy                               -4.02363581 Hartree
<Feb04-2022> <13:36:43>  energy change                      -0.00407124     0.00020000    F
<Feb04-2022> <13:36:43>  constrained gradient max            0.02613192     0.00100000    F
<Feb04-2022> <13:36:43>  constrained gradient rms            0.00644784     0.00066667    F
<Feb04-2022> <13:36:43>  gradient max                        0.02613192
<Feb04-2022> <13:36:43>  gradient rms                        0.00644784
<Feb04-2022> <13:36:43>  cart. step max                      0.04294464     0.01000000    F
<Feb04-2022> <13:36:43>  cart. step rms                      0.01307534     0.00666667    F
<Feb04-2022> <13:36:43>  Iteration 3
<Feb04-2022> <13:36:43>  *** GOStep3 ***
<Feb04-2022> <13:36:44>  >>>> FRAGM
<Feb04-2022> <13:36:44>  Coordinates
<Feb04-2022> <13:36:44>     Atom         X           Y           Z   (Angstrom)
<Feb04-2022> <13:36:44>     1.C        -2.201197   -0.224336   -0.000871
<Feb04-2022> <13:36:44>     2.C        -0.927123   -0.656576    0.006900
<Feb04-2022> <13:36:44>     3.C         0.200468    0.287774   -0.018251
<Feb04-2022> <13:36:44>     4.O         1.376598   -0.038346    0.000736
<Feb04-2022> <13:36:44>     5.H        -2.362800    0.854980   -0.014244
<Feb04-2022> <13:36:44>     6.H        -0.662942   -1.711774    0.035379
<Feb04-2022> <13:36:44>     7.C        -4.696001   -0.130252    0.140640
<Feb04-2022> <13:36:44>     8.C        -3.480271   -1.069819    0.001354
<Feb04-2022> <13:36:44>     9.C        -3.465631   -2.064588    1.183011
<Feb04-2022> <13:36:44>    10.C        -3.582222   -1.844395   -1.332428
<Feb04-2022> <13:36:44>    11.H        -2.742426   -2.531356   -1.465490
<Feb04-2022> <13:36:44>    12.H        -5.631068   -0.698575    0.139603
<Feb04-2022> <13:36:44>    13.H        -4.742219    0.586018   -0.686380
<Feb04-2022> <13:36:44>    14.H        -4.653973    0.438087    1.075627
<Feb04-2022> <13:36:44>    15.H        -4.390129   -2.651249    1.192156
<Feb04-2022> <13:36:44>    16.H        -3.389833   -1.540768    2.140678
<Feb04-2022> <13:36:44>    17.H        -2.629181   -2.764879    1.118140
<Feb04-2022> <13:36:44>    18.H        -4.505763   -2.432590   -1.357949
<Feb04-2022> <13:36:44>    19.H        -3.594630   -1.162656   -2.188480
<Feb04-2022> <13:36:44>    20.H        -0.091369    1.363031   -0.024195
<Feb04-2022> <13:36:44>  >>>> CORORT
<Feb04-2022> <13:36:44>  >>>> CLSMAT
<Feb04-2022> <13:36:49>  >>>> ORTHON
<Feb04-2022> <13:37:09>  >>>> GENPT
<Feb04-2022> <13:37:10>  Block Length= 128
<Feb04-2022> <13:37:11>  >>>> PTBAS
<Feb04-2022> <13:37:15>  >>>> CYCLE
<Feb04-2022> <13:37:45>  using orbital data from restart file
<Feb04-2022> <13:37:50>              |Error|         MaxErr       Wt(A-DIIS)
<Feb04-2022> <13:37:50>      1      0.11285729      0.03684667
<Feb04-2022> <13:38:16>      2      0.01506203      0.00292262    100.0
<Feb04-2022> <13:38:22>      3      0.03501959      0.00912661    100.0
<Feb04-2022> <13:38:30>      4      0.00810972      0.00154770      0.6
<Feb04-2022> <13:38:57>      5      0.00372265      0.00118841      0.2
<Feb04-2022> <13:39:24>      6      0.00089162      0.00018521      0.0
<Feb04-2022> <13:39:31>      7      0.00021892      0.00003397      0.0
<Feb04-2022> <13:39:55>      8      0.00004863      0.00000507      0.0
<Feb04-2022> <13:40:14>      9      0.00001110      0.00000135      0.0
<Feb04-2022> <13:40:31>     10      0.00000352      0.00000052      0.0
<Feb04-2022> <13:40:33>  SCF converged
<Feb04-2022> <13:40:38>     11      0.00000080      0.00000008      0.0
<Feb04-2022> <13:41:00>  >>>> TOTEN
<Feb04-2022> <13:41:08>  >>>> POPAN
<Feb04-2022> <13:41:08>  >>>> DEBYE
<Feb04-2022> <13:41:09>  >>>> ENGRAD
<Feb04-2022> <13:41:26>  current energy                               -4.02418145 Hartree
<Feb04-2022> <13:41:26>  energy change                      -0.00054564     0.00020000    F
<Feb04-2022> <13:41:26>  constrained gradient max            0.00830571     0.00100000    F
<Feb04-2022> <13:41:26>  constrained gradient rms            0.00250807     0.00066667    F
<Feb04-2022> <13:41:26>  gradient max                        0.00830571
<Feb04-2022> <13:41:26>  gradient rms                        0.00250807
<Feb04-2022> <13:41:26>  cart. step max                      0.06100550     0.01000000    F
<Feb04-2022> <13:41:26>  cart. step rms                      0.01586413     0.00666667    F
<Feb04-2022> <13:41:26>  Iteration 4
<Feb04-2022> <13:41:27>  *** GOStep4 ***
<Feb04-2022> <13:41:30>  >>>> FRAGM
<Feb04-2022> <13:41:30>  Coordinates
<Feb04-2022> <13:41:30>     Atom         X           Y           Z   (Angstrom)
<Feb04-2022> <13:41:30>     1.C        -2.200617   -0.238523    0.000239
<Feb04-2022> <13:41:30>     2.C        -0.926548   -0.668304    0.036361
<Feb04-2022> <13:41:30>     3.C         0.184424    0.288096    0.031490
<Feb04-2022> <13:41:30>     4.O         1.357837   -0.020445   -0.010086
<Feb04-2022> <13:41:30>     5.H        -2.337155    0.846683   -0.045536
<Feb04-2022> <13:41:30>     6.H        -0.652396   -1.722153    0.075839
<Feb04-2022> <13:41:30>     7.C        -4.694561   -0.121333    0.145814
<Feb04-2022> <13:41:30>     8.C        -3.477952   -1.064485    0.002211
<Feb04-2022> <13:41:30>     9.C        -3.459058   -2.071060    1.178556
<Feb04-2022> <13:41:30>    10.C        -3.580946   -1.839744   -1.336915
<Feb04-2022> <13:41:30>    11.H        -2.748153   -2.537222   -1.469195
<Feb04-2022> <13:41:30>    12.H        -5.630502   -0.689715    0.144226
<Feb04-2022> <13:41:30>    13.H        -4.745854    0.599149   -0.679054
<Feb04-2022> <13:41:30>    14.H        -4.655662    0.446157    1.083087
<Feb04-2022> <13:41:30>    15.H        -4.388766   -2.651177    1.188384
<Feb04-2022> <13:41:30>    16.H        -3.372872   -1.558135    2.142495
<Feb04-2022> <13:41:30>    17.H        -2.628243   -2.779401    1.103379
<Feb04-2022> <13:41:30>    18.H        -4.511928   -2.418002   -1.364127
<Feb04-2022> <13:41:30>    19.H        -3.584285   -1.159928   -2.196031
<Feb04-2022> <13:41:30>    20.H        -0.118477    1.367269   -0.085201
<Feb04-2022> <13:41:32>  >>>> CORORT
<Feb04-2022> <13:41:32>  >>>> CLSMAT
<Feb04-2022> <13:41:32>  >>>> ORTHON
<Feb04-2022> <13:41:32>  >>>> GENPT
<Feb04-2022> <13:41:33>  Block Length= 128
<Feb04-2022> <13:41:33>  >>>> PTBAS
<Feb04-2022> <13:41:37>  >>>> CYCLE
<Feb04-2022> <13:42:07>  using orbital data from restart file
<Feb04-2022> <13:42:12>              |Error|         MaxErr       Wt(A-DIIS)
<Feb04-2022> <13:42:12>      1      0.16300640      0.06738697
<Feb04-2022> <13:42:37>      2      0.02277510      0.00451612    100.0
<Feb04-2022> <13:42:44>      3      0.02648260      0.00477461    100.0
<Feb04-2022> <13:43:10>      4      0.01325501      0.00361077      2.6
<Feb04-2022> <13:43:38>      5      0.00392646      0.00096993      0.0
<Feb04-2022> <13:43:45>      6      0.00082420      0.00010083      0.0
<Feb04-2022> <13:43:53>      7      0.00015334      0.00002130      0.0
<Feb04-2022> <13:44:19>      8      0.00009502      0.00002682      0.0
<Feb04-2022> <13:44:45>      9      0.00002788      0.00000669      0.0
<Feb04-2022> <13:44:51>     10      0.00000520      0.00000064      0.0
<Feb04-2022> <13:44:54>  SCF converged
<Feb04-2022> <13:44:59>     11      0.00000160      0.00000015      0.0
<Feb04-2022> <13:45:22>  >>>> TOTEN
<Feb04-2022> <13:45:30>  >>>> POPAN
<Feb04-2022> <13:45:31>  >>>> DEBYE
<Feb04-2022> <13:45:31>  >>>> ENGRAD
<Feb04-2022> <13:45:49>  current energy                               -4.02332510 Hartree
<Feb04-2022> <13:45:49>  energy change                       0.00085634     0.00020000    F
<Feb04-2022> <13:45:49>  constrained gradient max            0.03276521     0.00100000    F
<Feb04-2022> <13:45:49>  constrained gradient rms            0.00601382     0.00066667    F
<Feb04-2022> <13:45:49>  gradient max                        0.03276521
<Feb04-2022> <13:45:49>  gradient rms                        0.00601382
<Feb04-2022> <13:45:49>  cart. step max                      0.01192106     0.01000000    F
<Feb04-2022> <13:45:49>  cart. step rms                      0.00398810     0.00666667    T
<Feb04-2022> <13:45:49>  Iteration 5
<Feb04-2022> <13:45:50>  *** GOStep5 ***
<Feb04-2022> <13:45:50>  >>>> FRAGM
<Feb04-2022> <13:45:50>  Coordinates
<Feb04-2022> <13:45:50>     Atom         X           Y           Z   (Angstrom)
<Feb04-2022> <13:45:50>     1.C        -2.203154   -0.233589   -0.002602
<Feb04-2022> <13:45:50>     2.C        -0.929856   -0.665483    0.032482
<Feb04-2022> <13:45:50>     3.C         0.187721    0.285784    0.019569
<Feb04-2022> <13:45:50>     4.O         1.365983   -0.026505    0.000720
<Feb04-2022> <13:45:50>     5.H        -2.343510    0.849933   -0.050110
<Feb04-2022> <13:45:50>     6.H        -0.659486   -1.719447    0.075046
<Feb04-2022> <13:45:50>     7.C        -4.695400   -0.124860    0.146283
<Feb04-2022> <13:45:50>     8.C        -3.478690   -1.064220    0.001605
<Feb04-2022> <13:45:50>     9.C        -3.458599   -2.068956    1.177861
<Feb04-2022> <13:45:50>    10.C        -3.582222   -1.839139   -1.336226
<Feb04-2022> <13:45:50>    11.H        -2.747310   -2.533467   -1.466893
<Feb04-2022> <13:45:50>    12.H        -5.629711   -0.695268    0.146023
<Feb04-2022> <13:45:50>    13.H        -4.746659    0.594013   -0.679064
<Feb04-2022> <13:45:50>    14.H        -4.654193    0.441905    1.083114
<Feb04-2022> <13:45:50>    15.H        -4.386695   -2.650847    1.189426
<Feb04-2022> <13:45:50>    16.H        -3.372556   -1.553649    2.139922
<Feb04-2022> <13:45:50>    17.H        -2.626266   -2.774140    1.100770
<Feb04-2022> <13:45:50>    18.H        -4.511418   -2.419382   -1.363146
<Feb04-2022> <13:45:50>    19.H        -3.587448   -1.158127   -2.193698
<Feb04-2022> <13:45:50>    20.H        -0.112245    1.363175   -0.075149
<Feb04-2022> <13:45:51>  >>>> CORORT
<Feb04-2022> <13:45:51>  >>>> CLSMAT
<Feb04-2022> <13:45:51>  >>>> ORTHON
<Feb04-2022> <13:45:52>  >>>> GENPT
<Feb04-2022> <13:45:52>  Block Length= 128
<Feb04-2022> <13:45:52>  >>>> PTBAS
<Feb04-2022> <13:45:56>  >>>> CYCLE
<Feb04-2022> <13:46:26>  using orbital data from restart file
<Feb04-2022> <13:46:31>              |Error|         MaxErr       Wt(A-DIIS)
<Feb04-2022> <13:46:31>      1      0.05807954      0.02461865
<Feb04-2022> <13:46:58>      2      0.01135795      0.00221569    100.0
<Feb04-2022> <13:47:05>      3      0.03232625      0.00727069    100.0
<Feb04-2022> <13:47:30>      4      0.00864993      0.00184907      0.9
<Feb04-2022> <13:47:37>      5      0.00209903      0.00068634      0.0
<Feb04-2022> <13:48:04>      6      0.00054005      0.00015363      0.0
<Feb04-2022> <13:48:11>      7      0.00012508      0.00001855      0.0
<Feb04-2022> <13:48:34>      8      0.00002989      0.00000430      0.0
<Feb04-2022> <13:48:43>      9      0.00000861      0.00000156      0.0
<Feb04-2022> <13:49:09>     10      0.00000146      0.00000017      0.0
<Feb04-2022> <13:49:11>  SCF converged
<Feb04-2022> <13:49:16>     11      0.00000052      0.00000005      0.0
<Feb04-2022> <13:49:38>  >>>> TOTEN
<Feb04-2022> <13:49:47>  >>>> POPAN
<Feb04-2022> <13:49:47>  >>>> DEBYE
<Feb04-2022> <13:49:48>  >>>> ENGRAD
<Feb04-2022> <13:50:06>  current energy                               -4.02395186 Hartree
<Feb04-2022> <13:50:06>  energy change                      -0.00062676     0.00020000    F
<Feb04-2022> <13:50:06>  constrained gradient max            0.02203554     0.00100000    F
<Feb04-2022> <13:50:06>  constrained gradient rms            0.00349799     0.00066667    F
<Feb04-2022> <13:50:06>  gradient max                        0.02203554
<Feb04-2022> <13:50:06>  gradient rms                        0.00349799
<Feb04-2022> <13:50:06>  cart. step max                      0.02746035     0.01000000    F
<Feb04-2022> <13:50:06>  cart. step rms                      0.00677014     0.00666667    F
<Feb04-2022> <13:50:06>  Iteration 6
<Feb04-2022> <13:50:07>  *** GOStep6 ***
<Feb04-2022> <13:50:10>  >>>> FRAGM
<Feb04-2022> <13:50:10>  Coordinates
<Feb04-2022> <13:50:10>     Atom         X           Y           Z   (Angstrom)
<Feb04-2022> <13:50:10>     1.C        -2.204547   -0.230760   -0.008353
<Feb04-2022> <13:50:10>     2.C        -0.931039   -0.662127    0.033269
<Feb04-2022> <13:50:10>     3.C         0.188709    0.286096   -0.004860
<Feb04-2022> <13:50:10>     4.O         1.366394   -0.026908    0.022301
<Feb04-2022> <13:50:10>     5.H        -2.347787    0.850453   -0.077570
<Feb04-2022> <13:50:10>     6.H        -0.661271   -1.714796    0.093096
<Feb04-2022> <13:50:10>     7.C        -4.691472   -0.128854    0.149999
<Feb04-2022> <13:50:10>     8.C        -3.475837   -1.065653    0.002015
<Feb04-2022> <13:50:10>     9.C        -3.460067   -2.070845    1.177238
<Feb04-2022> <13:50:10>    10.C        -3.585009   -1.836844   -1.337189
<Feb04-2022> <13:50:10>    11.H        -2.749772   -2.529804   -1.468441
<Feb04-2022> <13:50:10>    12.H        -5.624917   -0.700102    0.151603
<Feb04-2022> <13:50:10>    13.H        -4.742114    0.589433   -0.675122
<Feb04-2022> <13:50:10>    14.H        -4.645661    0.436469    1.086828
<Feb04-2022> <13:50:10>    15.H        -4.389218   -2.650340    1.189556
<Feb04-2022> <13:50:10>    16.H        -3.371776   -1.554521    2.138011
<Feb04-2022> <13:50:10>    17.H        -2.629364   -2.776506    1.097259
<Feb04-2022> <13:50:10>    18.H        -4.514565   -2.415733   -1.363550
<Feb04-2022> <13:50:10>    19.H        -3.590808   -1.152137   -2.191161
<Feb04-2022> <13:50:10>    20.H        -0.111594    1.361204   -0.068997
<Feb04-2022> <13:50:13>  >>>> CORORT
<Feb04-2022> <13:50:13>  >>>> CLSMAT
<Feb04-2022> <13:50:14>  >>>> ORTHON
<Feb04-2022> <13:50:15>  >>>> GENPT
<Feb04-2022> <13:50:15>  Block Length= 128
<Feb04-2022> <13:50:17>  >>>> PTBAS
<Feb04-2022> <13:50:21>  >>>> CYCLE
<Feb04-2022> <13:50:59>  using orbital data from restart file
<Feb04-2022> <13:51:04>              |Error|         MaxErr       Wt(A-DIIS)
<Feb04-2022> <13:51:04>      1      0.10089579      0.04818113
<Feb04-2022> <13:51:17>      2      0.01110771      0.00248869    100.0
<Feb04-2022> <13:51:31>      3      0.00574298      0.00157115    100.0
<Feb04-2022> <13:52:01>      4      0.00586914      0.00131258      0.3
<Feb04-2022> <13:52:31>      5      0.00130043      0.00033903      0.0
<Feb04-2022> <13:53:01>      6      0.00058867      0.00014617      0.0
<Feb04-2022> <13:53:30>      7      0.00013036      0.00001827      0.0
<Feb04-2022> <13:53:43>      8      0.00003581      0.00000389      0.0
<Feb04-2022> <13:54:10>      9      0.00000700      0.00000064      0.0
<Feb04-2022> <13:54:24>  SCF converged
<Feb04-2022> <13:54:29>     10      0.00000200      0.00000021      0.0
<Feb04-2022> <13:54:31>  >>>> TOTEN
<Feb04-2022> <13:54:39>  >>>> POPAN
<Feb04-2022> <13:54:39>  >>>> DEBYE
<Feb04-2022> <13:54:40>  >>>> ENGRAD
<Feb04-2022> <13:54:58>  current energy                               -4.02440645 Hartree
<Feb04-2022> <13:54:58>  energy change                      -0.00045458     0.00020000    F
<Feb04-2022> <13:54:58>  constrained gradient max            0.00254160     0.00100000    F
<Feb04-2022> <13:54:58>  constrained gradient rms            0.00059083     0.00066667    T
<Feb04-2022> <13:54:58>  gradient max                        0.00254160
<Feb04-2022> <13:54:58>  gradient rms                        0.00059083
<Feb04-2022> <13:54:58>  cart. step max                      0.06694493     0.01000000    F
<Feb04-2022> <13:54:58>  cart. step rms                      0.01310697     0.00666667    F
<Feb04-2022> <13:54:58>  Iteration 7
<Feb04-2022> <13:54:59>  *** GOStep7 ***
<Feb04-2022> <13:55:03>  >>>> FRAGM
<Feb04-2022> <13:55:03>  Coordinates
<Feb04-2022> <13:55:03>     Atom         X           Y           Z   (Angstrom)
<Feb04-2022> <13:55:03>     1.C        -2.205687   -0.230821   -0.017085
<Feb04-2022> <13:55:03>     2.C        -0.932809   -0.660612    0.053289
<Feb04-2022> <13:55:03>     3.C         0.188887    0.284539   -0.008177
<Feb04-2022> <13:55:03>     4.O         1.367211   -0.027554    0.049043
<Feb04-2022> <13:55:03>     5.H        -2.348495    0.848493   -0.111599
<Feb04-2022> <13:55:03>     6.H        -0.664835   -1.710009    0.160041
<Feb04-2022> <13:55:03>     7.C        -4.691501   -0.129683    0.156462
<Feb04-2022> <13:55:03>     8.C        -3.475754   -1.065440   -0.000894
<Feb04-2022> <13:55:03>     9.C        -3.453310   -2.075373    1.170124
<Feb04-2022> <13:55:03>    10.C        -3.591177   -1.831543   -1.343083
<Feb04-2022> <13:55:03>    11.H        -2.756193   -2.523720   -1.479970
<Feb04-2022> <13:55:03>    12.H        -5.624673   -0.701220    0.161559
<Feb04-2022> <13:55:03>    13.H        -4.746599    0.591167   -0.666112
<Feb04-2022> <13:55:03>    14.H        -4.640327    0.433050    1.094545
<Feb04-2022> <13:55:03>    15.H        -4.382447   -2.654502    1.185390
<Feb04-2022> <13:55:03>    16.H        -3.358974   -1.562194    2.131937
<Feb04-2022> <13:55:03>    17.H        -2.623125   -2.780813    1.082463
<Feb04-2022> <13:55:03>    18.H        -4.521101   -2.409726   -1.367632
<Feb04-2022> <13:55:03>    19.H        -3.599888   -1.142975   -2.193855
<Feb04-2022> <13:55:03>    20.H        -0.110917    1.356667   -0.110513
<Feb04-2022> <13:55:05>  >>>> CORORT
<Feb04-2022> <13:55:05>  >>>> CLSMAT
<Feb04-2022> <13:55:09>  >>>> ORTHON
<Feb04-2022> <13:55:30>  >>>> GENPT
<Feb04-2022> <13:55:30>  Block Length= 128
<Feb04-2022> <13:55:31>  >>>> PTBAS
<Feb04-2022> <13:55:35>  >>>> CYCLE
<Feb04-2022> <13:55:56>  using orbital data from restart file
<Feb04-2022> <13:56:00>              |Error|         MaxErr       Wt(A-DIIS)
<Feb04-2022> <13:56:00>      1      0.08210708      0.02853572
<Feb04-2022> <13:56:06>      2      0.01012517      0.00216741    100.0
<Feb04-2022> <13:56:12>      3      0.01529501      0.00409033    100.0
<Feb04-2022> <13:56:18>      4      0.00428161      0.00092096      0.0
<Feb04-2022> <13:56:25>      5      0.00237753      0.00070594      0.0
<Feb04-2022> <13:56:31>      6      0.00090358      0.00024306      0.0
<Feb04-2022> <13:56:37>      7      0.00011076      0.00002321      0.0
<Feb04-2022> <13:56:45>      8      0.00003496      0.00000405      0.0
<Feb04-2022> <13:57:12>      9      0.00000962      0.00000097      0.0
<Feb04-2022> <13:57:32>  SCF converged
<Feb04-2022> <13:57:36>     10      0.00000217      0.00000032      0.0
<Feb04-2022> <13:57:39>  >>>> TOTEN
<Feb04-2022> <13:57:47>  >>>> POPAN
<Feb04-2022> <13:57:47>  >>>> DEBYE
<Feb04-2022> <13:57:48>  >>>> ENGRAD
<Feb04-2022> <13:58:06>  current energy                               -4.02447083 Hartree
<Feb04-2022> <13:58:06>  energy change                      -0.00006439     0.00020000    T
<Feb04-2022> <13:58:06>  constrained gradient max            0.00195908     0.00100000    F
<Feb04-2022> <13:58:06>  constrained gradient rms            0.00054780     0.00066667    T
<Feb04-2022> <13:58:06>  gradient max                        0.00195908
<Feb04-2022> <13:58:06>  gradient rms                        0.00054780
<Feb04-2022> <13:58:06>  cart. step max                      0.13016794     0.01000000    F
<Feb04-2022> <13:58:06>  cart. step rms                      0.02823332     0.00666667    F
<Feb04-2022> <13:58:06>  Iteration 8
<Feb04-2022> <13:58:07>  *** GOStep8 ***
<Feb04-2022> <13:58:10>  >>>> FRAGM
<Feb04-2022> <13:58:10>  Coordinates
<Feb04-2022> <13:58:10>     Atom         X           Y           Z   (Angstrom)
<Feb04-2022> <13:58:10>     1.C        -2.206682   -0.234255   -0.040472
<Feb04-2022> <13:58:10>     2.C        -0.936057   -0.655181    0.096050
<Feb04-2022> <13:58:10>     3.C         0.188395    0.283592   -0.006993
<Feb04-2022> <13:58:10>     4.O         1.366056   -0.021023    0.109481
<Feb04-2022> <13:58:10>     5.H        -2.346528    0.835330   -0.216618
<Feb04-2022> <13:58:10>     6.H        -0.671873   -1.692998    0.290209
<Feb04-2022> <13:58:10>     7.C        -4.688773   -0.129963    0.172617
<Feb04-2022> <13:58:10>     8.C        -3.474612   -1.066367   -0.005652
<Feb04-2022> <13:58:10>     9.C        -3.439945   -2.087029    1.155840
<Feb04-2022> <13:58:10>    10.C        -3.605774   -1.821417   -1.354429
<Feb04-2022> <13:58:10>    11.H        -2.772593   -2.513381   -1.503989
<Feb04-2022> <13:58:10>    12.H        -5.622348   -0.700475    0.186873
<Feb04-2022> <13:58:10>    13.H        -4.753446    0.595960   -0.644918
<Feb04-2022> <13:58:10>    14.H        -4.624266    0.428150    1.112741
<Feb04-2022> <13:58:10>    15.H        -4.370974   -2.662247    1.177969
<Feb04-2022> <13:58:10>    16.H        -3.330079   -1.581479    2.119980
<Feb04-2022> <13:58:10>    17.H        -2.614112   -2.795609    1.051291
<Feb04-2022> <13:58:10>    18.H        -4.537728   -2.396233   -1.373987
<Feb04-2022> <13:58:10>    19.H        -3.620099   -1.125007   -2.198739
<Feb04-2022> <13:58:10>    20.H        -0.110274    1.347357   -0.181320
<Feb04-2022> <13:58:10>  >>>> CORORT
<Feb04-2022> <13:58:10>  >>>> CLSMAT
<Feb04-2022> <13:58:10>  >>>> ORTHON
<Feb04-2022> <13:58:10>  >>>> GENPT
<Feb04-2022> <13:58:11>  Block Length= 128
<Feb04-2022> <13:58:13>  >>>> PTBAS
<Feb04-2022> <13:58:17>  >>>> CYCLE
<Feb04-2022> <13:58:43>  using orbital data from restart file
<Feb04-2022> <13:58:47>              |Error|         MaxErr       Wt(A-DIIS)
<Feb04-2022> <13:58:47>      1      0.17084250      0.05635320
<Feb04-2022> <13:58:54>      2      0.02556284      0.00434330    100.0
<Feb04-2022> <13:59:21>      3      0.03585692      0.00768125    100.0
<Feb04-2022> <13:59:47>      4      0.01032777      0.00239435      1.4
<Feb04-2022> <13:59:53>      5      0.00385593      0.00073783      0.0
<Feb04-2022> <14:00:00>      6      0.00111101      0.00024863      0.0
<Feb04-2022> <14:00:27>      7      0.00056298      0.00015296      0.0
<Feb04-2022> <14:00:54>      8      0.00013569      0.00002769      0.0
<Feb04-2022> <14:01:01>      9      0.00002099      0.00000248      0.0
<Feb04-2022> <14:01:29>     10      0.00000446      0.00000055      0.0
<Feb04-2022> <14:01:53>  SCF converged
<Feb04-2022> <14:01:57>     11      0.00000189      0.00000023      0.0
<Feb04-2022> <14:01:59>  >>>> TOTEN
<Feb04-2022> <14:02:08>  >>>> POPAN
<Feb04-2022> <14:02:08>  >>>> DEBYE
<Feb04-2022> <14:02:08>  >>>> ENGRAD
<Feb04-2022> <14:02:27>  current energy                               -4.02465339 Hartree
<Feb04-2022> <14:02:27>  energy change                      -0.00018255     0.00020000    T
<Feb04-2022> <14:02:27>  constrained gradient max            0.00632230     0.00100000    F
<Feb04-2022> <14:02:27>  constrained gradient rms            0.00152897     0.00066667    F
<Feb04-2022> <14:02:27>  gradient max                        0.00632230
<Feb04-2022> <14:02:27>  gradient rms                        0.00152897
<Feb04-2022> <14:02:27>  cart. step max                      0.21276671     0.01000000    F
<Feb04-2022> <14:02:27>  cart. step rms                      0.04624203     0.00666667    F
<Feb04-2022> <14:02:27>  Iteration 9
<Feb04-2022> <14:02:27>  *** GOStep9 ***
<Feb04-2022> <14:02:29>  >>>> FRAGM
<Feb04-2022> <14:02:29>  Coordinates
<Feb04-2022> <14:02:29>     Atom         X           Y           Z   (Angstrom)
<Feb04-2022> <14:02:29>     1.C        -2.202740   -0.244190   -0.069404
<Feb04-2022> <14:02:29>     2.C        -0.937721   -0.635485    0.170117
<Feb04-2022> <14:02:29>     3.C         0.188352    0.291553   -0.002403
<Feb04-2022> <14:02:29>     4.O         1.360935    0.009271    0.190001
<Feb04-2022> <14:02:29>     5.H        -2.339588    0.797904   -0.369277
<Feb04-2022> <14:02:29>     6.H        -0.679680   -1.638678    0.502976
<Feb04-2022> <14:02:29>     7.C        -4.675161   -0.130897    0.198920
<Feb04-2022> <14:02:29>     8.C        -3.469914   -1.073713   -0.010849
<Feb04-2022> <14:02:29>     9.C        -3.430675   -2.112261    1.132971
<Feb04-2022> <14:02:29>    10.C        -3.628578   -1.805634   -1.371087
<Feb04-2022> <14:02:29>    11.H        -2.802443   -2.501081   -1.541963
<Feb04-2022> <14:02:29>    12.H        -5.611619   -0.696109    0.222805
<Feb04-2022> <14:02:29>    13.H        -4.748216    0.604661   -0.609165
<Feb04-2022> <14:02:29>    14.H        -4.589929    0.416101    1.143851
<Feb04-2022> <14:02:29>    15.H        -4.368851   -2.674776    1.160594
<Feb04-2022> <14:02:29>    16.H        -3.298509   -1.622829    2.102457
<Feb04-2022> <14:02:29>    17.H        -2.618374   -2.832269    1.004736
<Feb04-2022> <14:02:29>    18.H        -4.566104   -2.371245   -1.385672
<Feb04-2022> <14:02:29>    19.H        -3.648614   -1.095643   -2.203906
<Feb04-2022> <14:02:29>    20.H        -0.104285    1.323048   -0.319767
<Feb04-2022> <14:02:29>  >>>> CORORT
<Feb04-2022> <14:02:29>  >>>> CLSMAT
<Feb04-2022> <14:02:29>  >>>> ORTHON
<Feb04-2022> <14:02:30>  >>>> GENPT
<Feb04-2022> <14:02:30>  Block Length= 128
<Feb04-2022> <14:02:32>  >>>> PTBAS
<Feb04-2022> <14:02:37>  >>>> CYCLE
<Feb04-2022> <14:03:01>  using orbital data from restart file
<Feb04-2022> <14:03:05>              |Error|         MaxErr       Wt(A-DIIS)
<Feb04-2022> <14:03:05>      1      0.25271402      0.06916318
<Feb04-2022> <14:03:13>      2      0.05041696      0.00699718    100.0
<Feb04-2022> <14:03:40>      3      0.08256788      0.01640063    100.0
<Feb04-2022> <14:04:07>      4      0.02301630      0.00631502      5.4
<Feb04-2022> <14:04:14>      5      0.01113884      0.00293184      2.0
<Feb04-2022> <14:04:39>      6      0.00443205      0.00112170      0.1
<Feb04-2022> <14:04:46>      7      0.00076455      0.00012233      0.0
<Feb04-2022> <14:05:14>      8      0.00023284      0.00003146      0.0
<Feb04-2022> <14:05:21>      9      0.00003024      0.00000365      0.0
<Feb04-2022> <14:05:46>     10      0.00000908      0.00000096      0.0
<Feb04-2022> <14:05:50>  SCF converged
<Feb04-2022> <14:05:55>     11      0.00000355      0.00000043      0.0
<Feb04-2022> <14:06:18>  >>>> TOTEN
<Feb04-2022> <14:06:26>  >>>> POPAN
<Feb04-2022> <14:06:26>  >>>> DEBYE
<Feb04-2022> <14:06:27>  >>>> ENGRAD
<Feb04-2022> <14:06:45>  current energy                               -4.02515394 Hartree
<Feb04-2022> <14:06:45>  energy change                      -0.00050055     0.00020000    F
<Feb04-2022> <14:06:45>  constrained gradient max            0.00512610     0.00100000    F
<Feb04-2022> <14:06:45>  constrained gradient rms            0.00142044     0.00066667    F
<Feb04-2022> <14:06:45>  gradient max                        0.00512610
<Feb04-2022> <14:06:45>  gradient rms                        0.00142044
<Feb04-2022> <14:06:45>  cart. step max                      0.21180291     0.01000000    F
<Feb04-2022> <14:06:45>  cart. step rms                      0.05503010     0.00666667    F
<Feb04-2022> <14:06:45>  Iteration 10
<Feb04-2022> <14:06:46>  *** GOStep10 ***
<Feb04-2022> <14:06:49>  >>>> FRAGM
<Feb04-2022> <14:06:49>  Coordinates
<Feb04-2022> <14:06:49>     Atom         X           Y           Z   (Angstrom)
<Feb04-2022> <14:06:49>     1.C        -2.195266   -0.270064   -0.120307
<Feb04-2022> <14:06:49>     2.C        -0.945146   -0.610088    0.242727
<Feb04-2022> <14:06:49>     3.C         0.181318    0.306673    0.023638
<Feb04-2022> <14:06:49>     4.O         1.342912    0.066876    0.314608
<Feb04-2022> <14:06:49>     5.H        -2.317873    0.716468   -0.575457
<Feb04-2022> <14:06:49>     6.H        -0.700845   -1.559023    0.714779
<Feb04-2022> <14:06:49>     7.C        -4.652466   -0.125030    0.229349
<Feb04-2022> <14:06:49>     8.C        -3.466103   -1.084390   -0.021465
<Feb04-2022> <14:06:49>     9.C        -3.410419   -2.138488    1.103638
<Feb04-2022> <14:06:49>    10.C        -3.665488   -1.793945   -1.389910
<Feb04-2022> <14:06:49>    11.H        -2.852706   -2.498292   -1.587437
<Feb04-2022> <14:06:49>    12.H        -5.595135   -0.678772    0.273032
<Feb04-2022> <14:06:49>    13.H        -4.737692    0.619389   -0.569332
<Feb04-2022> <14:06:49>    14.H        -4.534616    0.411533    1.176730
<Feb04-2022> <14:06:49>    15.H        -4.357593   -2.683791    1.151052
<Feb04-2022> <14:06:49>    16.H        -3.240134   -1.667397    2.076280
<Feb04-2022> <14:06:49>    17.H        -2.618568   -2.874443    0.940183
<Feb04-2022> <14:06:49>    18.H        -4.611621   -2.345251   -1.390470
<Feb04-2022> <14:06:49>    19.H        -3.694417   -1.072934   -2.213143
<Feb04-2022> <14:06:49>    20.H        -0.099855    1.288700   -0.432561
<Feb04-2022> <14:06:49>  >>>> CORORT
<Feb04-2022> <14:06:49>  >>>> CLSMAT
<Feb04-2022> <14:06:49>  >>>> ORTHON
<Feb04-2022> <14:06:50>  >>>> GENPT
<Feb04-2022> <14:06:50>  Block Length= 128
<Feb04-2022> <14:06:53>  >>>> PTBAS
<Feb04-2022> <14:06:57>  >>>> CYCLE
<Feb04-2022> <14:07:22>  using orbital data from restart file
<Feb04-2022> <14:07:26>              |Error|         MaxErr       Wt(A-DIIS)
<Feb04-2022> <14:07:26>      1      0.31980180      0.09326680
<Feb04-2022> <14:07:34>      2      0.06511955      0.00865400    100.0
<Feb04-2022> <14:07:59>      3      0.09847399      0.01478969    100.0
<Feb04-2022> <14:08:28>      4      0.03022834      0.00860567      7.7
<Feb04-2022> <14:08:35>      5      0.01533335      0.00418507      3.2
<Feb04-2022> <14:08:56>      6      0.00484984      0.00108209      0.1
<Feb04-2022> <14:09:04>      7      0.00102621      0.00017395      0.0
<Feb04-2022> <14:09:31>      8      0.00029531      0.00003854      0.0
<Feb04-2022> <14:09:38>      9      0.00003835      0.00000464      0.0
<Feb04-2022> <14:10:02>     10      0.00001052      0.00000101      0.0
<Feb04-2022> <14:10:10>     11      0.00000448      0.00000062      0.0
<Feb04-2022> <14:10:32>  SCF converged
<Feb04-2022> <14:10:36>     12      0.00000056      0.00000006      0.0
<Feb04-2022> <14:10:38>  >>>> TOTEN
<Feb04-2022> <14:10:47>  >>>> POPAN
<Feb04-2022> <14:10:47>  >>>> DEBYE
<Feb04-2022> <14:10:48>  >>>> ENGRAD
<Feb04-2022> <14:11:06>  current energy                               -4.02599646 Hartree
<Feb04-2022> <14:11:06>  energy change                      -0.00084252     0.00020000    F
<Feb04-2022> <14:11:06>  constrained gradient max            0.00417193     0.00100000    F
<Feb04-2022> <14:11:06>  constrained gradient rms            0.00114328     0.00066667    F
<Feb04-2022> <14:11:06>  gradient max                        0.00417193
<Feb04-2022> <14:11:06>  gradient rms                        0.00114328
<Feb04-2022> <14:11:06>  cart. step max                      0.22056642     0.01000000    F
<Feb04-2022> <14:11:06>  cart. step rms                      0.06048947     0.00666667    F
<Feb04-2022> <14:11:06>  Iteration 11
<Feb04-2022> <14:11:07>  *** GOStep11 ***
<Feb04-2022> <14:11:09>  >>>> FRAGM
<Feb04-2022> <14:11:09>  Coordinates
<Feb04-2022> <14:11:09>     Atom         X           Y           Z   (Angstrom)
<Feb04-2022> <14:11:09>     1.C        -2.183654   -0.304333   -0.165019
<Feb04-2022> <14:11:09>     2.C        -0.957672   -0.568549    0.321358
<Feb04-2022> <14:11:09>     3.C         0.171536    0.329537    0.045901
<Feb04-2022> <14:11:09>     4.O         1.314902    0.149602    0.432976
<Feb04-2022> <14:11:09>     5.H        -2.282355    0.597134   -0.776440
<Feb04-2022> <14:11:09>     6.H        -0.736222   -1.438013    0.935345
<Feb04-2022> <14:11:09>     7.C        -4.620707   -0.118631    0.262292
<Feb04-2022> <14:11:09>     8.C        -3.460008   -1.099663   -0.030461
<Feb04-2022> <14:11:09>     9.C        -3.396773   -2.172368    1.071603
<Feb04-2022> <14:11:09>    10.C        -3.702786   -1.780354   -1.407945
<Feb04-2022> <14:11:09>    11.H        -2.908027   -2.496880   -1.633771
<Feb04-2022> <14:11:09>    12.H        -5.571836   -0.656423    0.322290
<Feb04-2022> <14:11:09>    13.H        -4.712231    0.637802   -0.524154
<Feb04-2022> <14:11:09>    14.H        -4.469146    0.402634    1.213298
<Feb04-2022> <14:11:09>    15.H        -4.355035   -2.695626    1.136622
<Feb04-2022> <14:11:09>    16.H        -3.187782   -1.725314    2.048061
<Feb04-2022> <14:11:09>    17.H        -2.630853   -2.926982    0.871672
<Feb04-2022> <14:11:09>    18.H        -4.659739   -2.312662   -1.396719
<Feb04-2022> <14:11:09>    19.H        -3.736234   -1.045802   -2.219116
<Feb04-2022> <14:11:09>    20.H        -0.087091    1.232618   -0.561859
<Feb04-2022> <14:11:10>  >>>> CORORT
<Feb04-2022> <14:11:10>  >>>> CLSMAT
<Feb04-2022> <14:11:10>  >>>> ORTHON
<Feb04-2022> <14:11:10>  >>>> GENPT
<Feb04-2022> <14:11:11>  Block Length= 128
<Feb04-2022> <14:11:12>  >>>> PTBAS
<Feb04-2022> <14:11:17>  >>>> CYCLE
<Feb04-2022> <14:11:42>  using orbital data from restart file
<Feb04-2022> <14:11:46>              |Error|         MaxErr       Wt(A-DIIS)
<Feb04-2022> <14:11:46>      1      0.34599249      0.08880057
<Feb04-2022> <14:11:54>      2      0.07601812      0.00890221    100.0
<Feb04-2022> <14:12:20>      3      0.12145012      0.01642401    100.0
<Feb04-2022> <14:12:48>      4      0.03753689      0.01068479      9.8
<Feb04-2022> <14:13:06>      5      0.01882829      0.00501985      4.1
<Feb04-2022> <14:13:26>      6      0.00543190      0.00099920      0.0
<Feb04-2022> <14:13:36>      7      0.00117579      0.00016230      0.0
<Feb04-2022> <14:14:01>      8      0.00033557      0.00003952      0.0
<Feb04-2022> <14:14:30>      9      0.00004159      0.00000466      0.0
<Feb04-2022> <14:15:01>     10      0.00001298      0.00000149      0.0
<Feb04-2022> <14:15:31>     11      0.00000507      0.00000069      0.0
<Feb04-2022> <14:15:56>  SCF converged
<Feb04-2022> <14:16:01>     12      0.00000060      0.00000006      0.0
<Feb04-2022> <14:16:07>  >>>> TOTEN
<Feb04-2022> <14:16:17>  >>>> POPAN
<Feb04-2022> <14:16:17>  >>>> DEBYE
<Feb04-2022> <14:16:18>  >>>> ENGRAD
<Feb04-2022> <14:16:36>  current energy                               -4.02675691 Hartree
<Feb04-2022> <14:16:36>  energy change                      -0.00076046     0.00020000    F
<Feb04-2022> <14:16:36>  constrained gradient max            0.00387274     0.00100000    F
<Feb04-2022> <14:16:36>  constrained gradient rms            0.00096628     0.00066667    F
<Feb04-2022> <14:16:36>  gradient max                        0.00387274
<Feb04-2022> <14:16:36>  gradient rms                        0.00096628
<Feb04-2022> <14:16:36>  cart. step max                      0.22020151     0.01000000    F
<Feb04-2022> <14:16:36>  cart. step rms                      0.07245843     0.00666667    F
<Feb04-2022> <14:16:36>  Iteration 12
<Feb04-2022> <14:16:36>  *** GOStep12 ***
<Feb04-2022> <14:16:37>  >>>> FRAGM
<Feb04-2022> <14:16:37>  Coordinates
<Feb04-2022> <14:16:37>     Atom         X           Y           Z   (Angstrom)
<Feb04-2022> <14:16:37>     1.C        -2.163198   -0.354302   -0.219045
<Feb04-2022> <14:16:37>     2.C        -0.981199   -0.507200    0.403633
<Feb04-2022> <14:16:37>     3.C         0.155436    0.366640    0.083896
<Feb04-2022> <14:16:37>     4.O         1.263657    0.273505    0.581990
<Feb04-2022> <14:16:37>     5.H        -2.222649    0.426443   -0.982931
<Feb04-2022> <14:16:37>     6.H        -0.800903   -1.270908    1.155547
<Feb04-2022> <14:16:37>     7.C        -4.570305   -0.109413    0.296846
<Feb04-2022> <14:16:37>     8.C        -3.450373   -1.121933   -0.048922
<Feb04-2022> <14:16:37>     9.C        -3.378129   -2.210290    1.029949
<Feb04-2022> <14:16:37>    10.C        -3.759002   -1.771514   -1.428361
<Feb04-2022> <14:16:37>    11.H        -2.992667   -2.505419   -1.693582
<Feb04-2022> <14:16:37>    12.H        -5.533662   -0.623051    0.376503
<Feb04-2022> <14:16:37>    13.H        -4.664819    0.663294   -0.472771
<Feb04-2022> <14:16:37>    14.H        -4.373866    0.388525    1.251731
<Feb04-2022> <14:16:37>    15.H        -4.346589   -2.710704    1.120609
<Feb04-2022> <14:16:37>    16.H        -3.125928   -1.790319    2.008304
<Feb04-2022> <14:16:37>    17.H        -2.640014   -2.980993    0.788710
<Feb04-2022> <14:16:37>    18.H        -4.728393   -2.280011   -1.393414
<Feb04-2022> <14:16:37>    19.H        -3.803221   -1.023494   -2.226539
<Feb04-2022> <14:16:37>    20.H        -0.055888    1.148874   -0.686219
<Feb04-2022> <14:16:38>  >>>> CORORT
<Feb04-2022> <14:16:38>  >>>> CLSMAT
<Feb04-2022> <14:16:41>  >>>> ORTHON
<Feb04-2022> <14:16:52>  >>>> GENPT
<Feb04-2022> <14:16:52>  Block Length= 128
<Feb04-2022> <14:16:53>  >>>> PTBAS
<Feb04-2022> <14:16:57>  >>>> CYCLE
<Feb04-2022> <14:17:29>  using orbital data from restart file
<Feb04-2022> <14:17:34>              |Error|         MaxErr       Wt(A-DIIS)
<Feb04-2022> <14:17:34>      1      0.42879942      0.10388524
<Feb04-2022> <14:18:00>      2      0.10273631      0.01135657    100.0
<Feb04-2022> <14:18:06>      3      0.16392621      0.01718197    100.0
<Feb04-2022> <14:18:12>      4      0.05087907      0.01446193     13.6
<Feb04-2022> <14:18:18>      5      0.02734259      0.00737848      6.4
<Feb04-2022> <14:18:25>      6      0.00698589      0.00095689      0.0
<Feb04-2022> <14:18:31>      7      0.00149718      0.00015867      0.0
<Feb04-2022> <14:18:37>      8      0.00042928      0.00004679      0.0
<Feb04-2022> <14:18:43>      9      0.00005391      0.00000648      0.0
<Feb04-2022> <14:18:50>     10      0.00001817      0.00000241      0.0
<Feb04-2022> <14:18:56>     11      0.00000614      0.00000080      0.0
<Feb04-2022> <14:18:58>  SCF converged
<Feb04-2022> <14:19:02>     12      0.00000085      0.00000009      0.0
<Feb04-2022> <14:19:05>  >>>> TOTEN
<Feb04-2022> <14:19:15>  >>>> POPAN
<Feb04-2022> <14:19:15>  >>>> DEBYE
<Feb04-2022> <14:19:16>  >>>> ENGRAD
<Feb04-2022> <14:19:34>  current energy                               -4.02707484 Hartree
<Feb04-2022> <14:19:34>  energy change                      -0.00031792     0.00020000    F
<Feb04-2022> <14:19:34>  constrained gradient max            0.00879677     0.00100000    F
<Feb04-2022> <14:19:34>  constrained gradient rms            0.00176080     0.00066667    F
<Feb04-2022> <14:19:34>  gradient max                        0.00879677
<Feb04-2022> <14:19:34>  gradient rms                        0.00176080
<Feb04-2022> <14:19:34>  cart. step max                      0.03514608     0.01000000    F
<Feb04-2022> <14:19:34>  cart. step rms                      0.01139241     0.00666667    F
<Feb04-2022> <14:19:34>  Iteration 13
<Feb04-2022> <14:19:34>  *** GOStep13 ***
<Feb04-2022> <14:19:35>  >>>> FRAGM
<Feb04-2022> <14:19:35>  Coordinates
<Feb04-2022> <14:19:35>     Atom         X           Y           Z   (Angstrom)
<Feb04-2022> <14:19:35>     1.C        -2.163186   -0.347516   -0.221144
<Feb04-2022> <14:19:35>     2.C        -0.978375   -0.517939    0.391517
<Feb04-2022> <14:19:35>     3.C         0.157305    0.364328    0.092633
<Feb04-2022> <14:19:35>     4.O         1.265665    0.260608    0.588357
<Feb04-2022> <14:19:35>     5.H        -2.225992    0.455017   -0.961573
<Feb04-2022> <14:19:35>     6.H        -0.795246   -1.303327    1.120401
<Feb04-2022> <14:19:35>     7.C        -4.571577   -0.108138    0.289350
<Feb04-2022> <14:19:35>     8.C        -3.450656   -1.119503   -0.055440
<Feb04-2022> <14:19:35>     9.C        -3.372886   -2.200839    1.031373
<Feb04-2022> <14:19:35>    10.C        -3.765538   -1.779989   -1.426643
<Feb04-2022> <14:19:35>    11.H        -2.997716   -2.511531   -1.694412
<Feb04-2022> <14:19:35>    12.H        -5.534358   -0.623074    0.369123
<Feb04-2022> <14:19:35>    13.H        -4.667091    0.663655   -0.481047
<Feb04-2022> <14:19:35>    14.H        -4.375432    0.390607    1.243758
<Feb04-2022> <14:19:35>    15.H        -4.336533   -2.711050    1.122307
<Feb04-2022> <14:19:35>    16.H        -3.129941   -1.773325    2.008783
<Feb04-2022> <14:19:35>    17.H        -2.623589   -2.962949    0.797538
<Feb04-2022> <14:19:35>    18.H        -4.730981   -2.295224   -1.382542
<Feb04-2022> <14:19:35>    19.H        -3.820167   -1.036785   -2.228547
<Feb04-2022> <14:19:35>    20.H        -0.055419    1.164702   -0.657861
<Feb04-2022> <14:19:36>  >>>> CORORT
<Feb04-2022> <14:19:36>  >>>> CLSMAT
<Feb04-2022> <14:19:36>  >>>> ORTHON
<Feb04-2022> <14:19:54>  >>>> GENPT
<Feb04-2022> <14:19:55>  Block Length= 128
<Feb04-2022> <14:19:57>  >>>> PTBAS
<Feb04-2022> <14:20:01>  >>>> CYCLE
<Feb04-2022> <14:20:33>  using orbital data from restart file
<Feb04-2022> <14:20:38>              |Error|         MaxErr       Wt(A-DIIS)
<Feb04-2022> <14:20:38>      1      0.05019385      0.01140344
<Feb04-2022> <14:21:04>      2      0.00739631      0.00108190    100.0
<Feb04-2022> <14:21:11>      3      0.00805680      0.00106449    100.0
<Feb04-2022> <14:21:38>      4      0.00572371      0.00117597      0.2
<Feb04-2022> <14:22:05>      5      0.00128603      0.00031717      0.0
<Feb04-2022> <14:22:12>      6      0.00048833      0.00007535      0.0
<Feb04-2022> <14:22:20>      7      0.00015085      0.00001826      0.0
<Feb04-2022> <14:22:46>      8      0.00002932      0.00000269      0.0
<Feb04-2022> <14:23:13>      9      0.00000816      0.00000078      0.0
<Feb04-2022> <14:23:15>  SCF converged
<Feb04-2022> <14:23:20>     10      0.00000202      0.00000018      0.0
<Feb04-2022> <14:23:38>  >>>> TOTEN
<Feb04-2022> <14:23:47>  >>>> POPAN
<Feb04-2022> <14:23:48>  >>>> DEBYE
<Feb04-2022> <14:23:48>  >>>> ENGRAD
<Feb04-2022> <14:24:06>  current energy                               -4.02715665 Hartree
<Feb04-2022> <14:24:06>  energy change                      -0.00008181     0.00020000    T
<Feb04-2022> <14:24:06>  constrained gradient max            0.00566469     0.00100000    F
<Feb04-2022> <14:24:06>  constrained gradient rms            0.00136861     0.00066667    F
<Feb04-2022> <14:24:06>  gradient max                        0.00566469
<Feb04-2022> <14:24:06>  gradient rms                        0.00136861
<Feb04-2022> <14:24:06>  cart. step max                      0.02664965     0.01000000    F
<Feb04-2022> <14:24:06>  cart. step rms                      0.00808659     0.00666667    F
<Feb04-2022> <14:24:06>  Iteration 14
<Feb04-2022> <14:24:06>  *** GOStep14 ***
<Feb04-2022> <14:24:11>  >>>> FRAGM
<Feb04-2022> <14:24:11>  Coordinates
<Feb04-2022> <14:24:11>     Atom         X           Y           Z   (Angstrom)
<Feb04-2022> <14:24:11>     1.C        -2.160979   -0.352710   -0.233803
<Feb04-2022> <14:24:11>     2.C        -0.980599   -0.518805    0.389032
<Feb04-2022> <14:24:11>     3.C         0.156799    0.363415    0.096950
<Feb04-2022> <14:24:11>     4.O         1.258089    0.274163    0.615007
<Feb04-2022> <14:24:11>     5.H        -2.214802    0.445350   -0.979808
<Feb04-2022> <14:24:11>     6.H        -0.805269   -1.295177    1.129872
<Feb04-2022> <14:24:11>     7.C        -4.564693   -0.105362    0.290940
<Feb04-2022> <14:24:11>     8.C        -3.449368   -1.121861   -0.061727
<Feb04-2022> <14:24:11>     9.C        -3.368150   -2.203011    1.028365
<Feb04-2022> <14:24:11>    10.C        -3.776751   -1.782865   -1.428208
<Feb04-2022> <14:24:11>    11.H        -3.010182   -2.512785   -1.705271
<Feb04-2022> <14:24:11>    12.H        -5.530206   -0.615103    0.371880
<Feb04-2022> <14:24:11>    13.H        -4.658563    0.670047   -0.476287
<Feb04-2022> <14:24:11>    14.H        -4.361963    0.388974    1.246252
<Feb04-2022> <14:24:11>    15.H        -4.328571   -2.719761    1.117228
<Feb04-2022> <14:24:11>    16.H        -3.132204   -1.772516    2.006165
<Feb04-2022> <14:24:11>    17.H        -2.610488   -2.958176    0.798522
<Feb04-2022> <14:24:11>    18.H        -4.740043   -2.300736   -1.374344
<Feb04-2022> <14:24:11>    19.H        -3.840376   -1.038757   -2.228715
<Feb04-2022> <14:24:11>    20.H        -0.053395    1.163405   -0.656115
<Feb04-2022> <14:24:14>  >>>> CORORT
<Feb04-2022> <14:24:14>  >>>> CLSMAT
<Feb04-2022> <14:24:14>  >>>> ORTHON
<Feb04-2022> <14:24:15>  >>>> GENPT
<Feb04-2022> <14:24:15>  Block Length= 128
<Feb04-2022> <14:24:15>  >>>> PTBAS
<Feb04-2022> <14:24:20>  >>>> CYCLE
<Feb04-2022> <14:24:46>  using orbital data from restart file
<Feb04-2022> <14:24:51>              |Error|         MaxErr       Wt(A-DIIS)
<Feb04-2022> <14:24:51>      1      0.06475476      0.02207609
<Feb04-2022> <14:25:17>      2      0.00740260      0.00129873    100.0
<Feb04-2022> <14:25:24>      3      0.01259912      0.00174733    100.0
<Feb04-2022> <14:25:50>      4      0.00340065      0.00056555      0.0
<Feb04-2022> <14:26:17>      5      0.00133581      0.00027496      0.0
<Feb04-2022> <14:26:24>      6      0.00055423      0.00011002      0.0
<Feb04-2022> <14:26:31>      7      0.00011853      0.00001984      0.0
<Feb04-2022> <14:26:58>      8      0.00002691      0.00000256      0.0
<Feb04-2022> <14:27:24>      9      0.00000778      0.00000108      0.0
<Feb04-2022> <14:27:30>     10      0.00000155      0.00000018      0.0
<Feb04-2022> <14:27:33>  SCF converged
<Feb04-2022> <14:27:38>     11      0.00000056      0.00000008      0.0
<Feb04-2022> <14:28:00>  >>>> TOTEN
<Feb04-2022> <14:28:08>  >>>> POPAN
<Feb04-2022> <14:28:08>  >>>> DEBYE
<Feb04-2022> <14:28:09>  >>>> ENGRAD
<Feb04-2022> <14:28:26>  current energy                               -4.02721174 Hartree
<Feb04-2022> <14:28:26>  energy change                      -0.00005509     0.00020000    T
<Feb04-2022> <14:28:26>  constrained gradient max            0.00355900     0.00100000    F
<Feb04-2022> <14:28:26>  constrained gradient rms            0.00077005     0.00066667    F
<Feb04-2022> <14:28:26>  gradient max                        0.00355900
<Feb04-2022> <14:28:26>  gradient rms                        0.00077005
<Feb04-2022> <14:28:26>  cart. step max                      0.03234762     0.01000000    F
<Feb04-2022> <14:28:26>  cart. step rms                      0.01200726     0.00666667    F
<Feb04-2022> <14:28:26>  Iteration 15
<Feb04-2022> <14:28:27>  *** GOStep15 ***
<Feb04-2022> <14:28:29>  >>>> FRAGM
<Feb04-2022> <14:28:29>  Coordinates
<Feb04-2022> <14:28:29>     Atom         X           Y           Z   (Angstrom)
<Feb04-2022> <14:28:29>     1.C        -2.159340   -0.353652   -0.236944
<Feb04-2022> <14:28:29>     2.C        -0.985983   -0.506379    0.402483
<Feb04-2022> <14:28:29>     3.C         0.157326    0.363817    0.098693
<Feb04-2022> <14:28:29>     4.O         1.250394    0.288517    0.634276
<Feb04-2022> <14:28:29>     5.H        -2.205740    0.432230   -0.996133
<Feb04-2022> <14:28:29>     6.H        -0.819562   -1.266756    1.161739
<Feb04-2022> <14:28:29>     7.C        -4.558005   -0.104371    0.295026
<Feb04-2022> <14:28:29>     8.C        -3.448378   -1.125058   -0.066539
<Feb04-2022> <14:28:29>     9.C        -3.365175   -2.207987    1.022504
<Feb04-2022> <14:28:29>    10.C        -3.786199   -1.781129   -1.429273
<Feb04-2022> <14:28:29>    11.H        -3.019936   -2.506489   -1.719995
<Feb04-2022> <14:28:29>    12.H        -5.526353   -0.610198    0.369890
<Feb04-2022> <14:28:29>    13.H        -4.647353    0.678349   -0.465254
<Feb04-2022> <14:28:29>    14.H        -4.352620    0.379309    1.254912
<Feb04-2022> <14:28:29>    15.H        -4.320425   -2.736227    1.102033
<Feb04-2022> <14:28:29>    16.H        -3.144510   -1.779293    2.004702
<Feb04-2022> <14:28:29>    17.H        -2.594697   -2.951315    0.796392
<Feb04-2022> <14:28:29>    18.H        -4.745021   -2.306216   -1.368350
<Feb04-2022> <14:28:29>    19.H        -3.863084   -1.033872   -2.225765
<Feb04-2022> <14:28:29>    20.H        -0.037050    1.134448   -0.688463
<Feb04-2022> <14:28:29>  >>>> CORORT
<Feb04-2022> <14:28:29>  >>>> CLSMAT
<Feb04-2022> <14:28:29>  >>>> ORTHON
<Feb04-2022> <14:28:29>  >>>> GENPT
<Feb04-2022> <14:28:30>  Block Length= 128
<Feb04-2022> <14:28:30>  >>>> PTBAS
<Feb04-2022> <14:28:34>  >>>> CYCLE
<Feb04-2022> <14:29:02>  using orbital data from restart file
<Feb04-2022> <14:29:07>              |Error|         MaxErr       Wt(A-DIIS)
<Feb04-2022> <14:29:07>      1      0.06832540      0.01715907
<Feb04-2022> <14:29:33>      2      0.00686808      0.00102037    100.0
<Feb04-2022> <14:29:40>      3      0.00670325      0.00075697    100.0
<Feb04-2022> <14:30:08>      4      0.00621579      0.00137772      0.4
<Feb04-2022> <14:30:35>      5      0.00156778      0.00037775      0.0
<Feb04-2022> <14:30:41>      6      0.00016654      0.00002158      0.0
<Feb04-2022> <14:30:49>      7      0.00008061      0.00000940      0.0
<Feb04-2022> <14:31:16>      8      0.00003608      0.00000482      0.0
<Feb04-2022> <14:31:43>      9      0.00000739      0.00000088      0.0
<Feb04-2022> <14:31:45>  SCF converged
<Feb04-2022> <14:31:50>     10      0.00000192      0.00000019      0.0
<Feb04-2022> <14:32:07>  >>>> TOTEN
<Feb04-2022> <14:32:17>  >>>> POPAN
<Feb04-2022> <14:32:17>  >>>> DEBYE
<Feb04-2022> <14:32:17>  >>>> ENGRAD
<Feb04-2022> <14:32:34>  current energy                               -4.02726780 Hartree
<Feb04-2022> <14:32:34>  energy change                      -0.00005606     0.00020000    T
<Feb04-2022> <14:32:34>  constrained gradient max            0.00185824     0.00100000    F
<Feb04-2022> <14:32:34>  constrained gradient rms            0.00052151     0.00066667    T
<Feb04-2022> <14:32:34>  gradient max                        0.00185824
<Feb04-2022> <14:32:34>  gradient rms                        0.00052151
<Feb04-2022> <14:32:34>  cart. step max                      0.02777464     0.01000000    F
<Feb04-2022> <14:32:34>  cart. step rms                      0.00823980     0.00666667    F
<Feb04-2022> <14:32:34>  Iteration 16
<Feb04-2022> <14:32:35>  *** GOStep16 ***
<Feb04-2022> <14:32:37>  >>>> FRAGM
<Feb04-2022> <14:32:37>  Coordinates
<Feb04-2022> <14:32:37>     Atom         X           Y           Z   (Angstrom)
<Feb04-2022> <14:32:37>     1.C        -2.156290   -0.359848   -0.241571
<Feb04-2022> <14:32:37>     2.C        -0.988063   -0.498598    0.410554
<Feb04-2022> <14:32:37>     3.C         0.157807    0.365362    0.098310
<Feb04-2022> <14:32:37>     4.O         1.245790    0.302777    0.645561
<Feb04-2022> <14:32:37>     5.H        -2.199851    0.415863   -1.011215
<Feb04-2022> <14:32:37>     6.H        -0.828924   -1.240178    1.189514
<Feb04-2022> <14:32:37>     7.C        -4.553713   -0.105302    0.299351
<Feb04-2022> <14:32:37>     8.C        -3.446731   -1.127276   -0.068059
<Feb04-2022> <14:32:37>     9.C        -3.364798   -2.212867    1.018273
<Feb04-2022> <14:32:37>    10.C        -3.790919   -1.778376   -1.430824
<Feb04-2022> <14:32:37>    11.H        -3.026578   -2.503673   -1.726640
<Feb04-2022> <14:32:37>    12.H        -5.523326   -0.608776    0.373910
<Feb04-2022> <14:32:37>    13.H        -4.641762    0.680225   -0.458068
<Feb04-2022> <14:32:37>    14.H        -4.344891    0.374027    1.260539
<Feb04-2022> <14:32:37>    15.H        -4.320672   -2.740026    1.095281
<Feb04-2022> <14:32:37>    16.H        -3.143933   -1.785987    2.001184
<Feb04-2022> <14:32:37>    17.H        -2.595147   -2.956239    0.790030
<Feb04-2022> <14:32:37>    18.H        -4.750096   -2.302553   -1.367890
<Feb04-2022> <14:32:37>    19.H        -3.869902   -1.028879   -2.224964
<Feb04-2022> <14:32:37>    20.H        -0.029715    1.118052   -0.707342
<Feb04-2022> <14:32:41>  >>>> CORORT
<Feb04-2022> <14:32:41>  >>>> CLSMAT
<Feb04-2022> <14:32:45>  >>>> ORTHON
<Feb04-2022> <14:32:47>  >>>> GENPT
<Feb04-2022> <14:32:47>  Block Length= 128
<Feb04-2022> <14:32:48>  >>>> PTBAS
<Feb04-2022> <14:32:51>  >>>> CYCLE
<Feb04-2022> <14:33:20>  using orbital data from restart file
<Feb04-2022> <14:33:25>              |Error|         MaxErr       Wt(A-DIIS)
<Feb04-2022> <14:33:25>      1      0.05071690      0.01276425
<Feb04-2022> <14:33:52>      2      0.00515037      0.00097668    100.0
<Feb04-2022> <14:33:59>      3      0.00331499      0.00054468    100.0
<Feb04-2022> <14:34:26>      4      0.00366352      0.00042450      0.0
<Feb04-2022> <14:34:34>      5      0.00055925      0.00007875      0.0
<Feb04-2022> <14:35:00>      6      0.00012826      0.00001295      0.0
<Feb04-2022> <14:35:27>      7      0.00003300      0.00000419      0.0
<Feb04-2022> <14:35:43>      8      0.00000696      0.00000060      0.0
<Feb04-2022> <14:36:03>  SCF converged
<Feb04-2022> <14:36:08>      9      0.00000224      0.00000032      0.0
<Feb04-2022> <14:36:33>  >>>> TOTEN
<Feb04-2022> <14:36:42>  >>>> POPAN
<Feb04-2022> <14:36:43>  >>>> DEBYE
<Feb04-2022> <14:36:44>  >>>> ENGRAD
<Feb04-2022> <14:37:01>  current energy                               -4.02728917 Hartree
<Feb04-2022> <14:37:01>  energy change                      -0.00002137     0.00020000    T
<Feb04-2022> <14:37:01>  constrained gradient max            0.00126204     0.00100000    F
<Feb04-2022> <14:37:01>  constrained gradient rms            0.00035550     0.00066667    T
<Feb04-2022> <14:37:01>  gradient max                        0.00126204
<Feb04-2022> <14:37:01>  gradient rms                        0.00035550
<Feb04-2022> <14:37:01>  cart. step max                      0.01032604     0.01000000    F
<Feb04-2022> <14:37:01>  cart. step rms                      0.00321047     0.00666667    T
<Feb04-2022> <14:37:01>  Iteration 17
<Feb04-2022> <14:37:02>  *** GOStep17 ***
<Feb04-2022> <14:37:04>  >>>> FRAGM
<Feb04-2022> <14:37:04>  Coordinates
<Feb04-2022> <14:37:04>     Atom         X           Y           Z   (Angstrom)
<Feb04-2022> <14:37:04>     1.C        -2.157742   -0.358215   -0.238636
<Feb04-2022> <14:37:04>     2.C        -0.990324   -0.494686    0.415242
<Feb04-2022> <14:37:04>     3.C         0.159028    0.361929    0.095048
<Feb04-2022> <14:37:04>     4.O         1.247336    0.299314    0.642112
<Feb04-2022> <14:37:04>     5.H        -2.200811    0.413909   -1.011961
<Feb04-2022> <14:37:04>     6.H        -0.833436   -1.230742    1.199840
<Feb04-2022> <14:37:04>     7.C        -4.556037   -0.106783    0.300626
<Feb04-2022> <14:37:04>     8.C        -3.446884   -1.126200   -0.066932
<Feb04-2022> <14:37:04>     9.C        -3.363888   -2.213307    1.017603
<Feb04-2022> <14:37:04>    10.C        -3.789110   -1.775956   -1.431357
<Feb04-2022> <14:37:04>    11.H        -3.023963   -2.500542   -1.726444
<Feb04-2022> <14:37:04>    12.H        -5.524633   -0.612084    0.374472
<Feb04-2022> <14:37:04>    13.H        -4.644824    0.679001   -0.456390
<Feb04-2022> <14:37:04>    14.H        -4.348345    0.372352    1.262152
<Feb04-2022> <14:37:04>    15.H        -4.319757   -2.740217    1.094231
<Feb04-2022> <14:37:04>    16.H        -3.141379   -1.786835    2.000265
<Feb04-2022> <14:37:04>    17.H        -2.594938   -2.956672    0.787253
<Feb04-2022> <14:37:04>    18.H        -4.748466   -2.300163   -1.370646
<Feb04-2022> <14:37:04>    19.H        -3.866850   -1.025718   -2.224858
<Feb04-2022> <14:37:04>    20.H        -0.026691    1.109342   -0.715686
<Feb04-2022> <14:37:09>  >>>> CORORT
<Feb04-2022> <14:37:09>  >>>> CLSMAT
<Feb04-2022> <14:37:09>  >>>> ORTHON
<Feb04-2022> <14:37:29>  >>>> GENPT
<Feb04-2022> <14:37:30>  Block Length= 128
<Feb04-2022> <14:37:31>  >>>> PTBAS
<Feb04-2022> <14:37:36>  >>>> CYCLE
<Feb04-2022> <14:38:14>  using orbital data from restart file
<Feb04-2022> <14:38:19>              |Error|         MaxErr       Wt(A-DIIS)
<Feb04-2022> <14:38:19>      1      0.01424759      0.00293695
<Feb04-2022> <14:38:46>      2      0.00194695      0.00025879    100.0
<Feb04-2022> <14:39:03>      3      0.00124562      0.00016760    100.0
<Feb04-2022> <14:39:09>      4      0.00086310      0.00011080      0.0
<Feb04-2022> <14:39:17>      5      0.00044522      0.00010109      0.0
<Feb04-2022> <14:39:45>      6      0.00014814      0.00002981      0.0
<Feb04-2022> <14:40:11>      7      0.00002462      0.00000217      0.0
<Feb04-2022> <14:40:17>      8      0.00000925      0.00000105      0.0
<Feb04-2022> <14:40:24>      9      0.00000105      0.00000012      0.0
<Feb04-2022> <14:40:26>  SCF converged
<Feb04-2022> <14:40:30>     10      0.00000043      0.00000003      0.0
<Feb04-2022> <14:40:32>  >>>> TOTEN
<Feb04-2022> <14:40:40>  >>>> POPAN
<Feb04-2022> <14:40:40>  >>>> DEBYE
<Feb04-2022> <14:40:40>  >>>> ENGRAD
<Feb04-2022> <14:40:54>  current energy                               -4.02729462 Hartree
<Feb04-2022> <14:40:54>  energy change                      -0.00000545     0.00020000    T
<Feb04-2022> <14:40:54>  constrained gradient max            0.00050854     0.00100000    T
<Feb04-2022> <14:40:54>  constrained gradient rms            0.00015915     0.00066667    T
<Feb04-2022> <14:40:54>  gradient max                        0.00050854
<Feb04-2022> <14:40:54>  gradient rms                        0.00015915
<Feb04-2022> <14:40:54>  cart. step max                      0.00304098     0.01000000    T
<Feb04-2022> <14:40:54>  cart. step rms                      0.00112958     0.00666667    T
<Feb04-2022> <14:40:54>  Geometry optimization converged
<Feb04-2022> <14:40:54>  *** adf ***
<Feb04-2022> <14:40:54>  Net Charge: 0 (Nuclei minus Electrons)
<Feb04-2022> <14:40:54>  Symmetry  : NOSYM
<Feb04-2022> <14:40:54>  >>>> FRAGM
<Feb04-2022> <14:40:54>  Coordinates
<Feb04-2022> <14:40:54>     Atom         X           Y           Z   (Angstrom)
<Feb04-2022> <14:40:54>     1.C        -2.157742   -0.358215   -0.238636
<Feb04-2022> <14:40:54>     2.C        -0.990324   -0.494686    0.415242
<Feb04-2022> <14:40:54>     3.C         0.159028    0.361929    0.095048
<Feb04-2022> <14:40:54>     4.O         1.247336    0.299314    0.642112
<Feb04-2022> <14:40:54>     5.H        -2.200811    0.413909   -1.011961
<Feb04-2022> <14:40:54>     6.H        -0.833436   -1.230742    1.199840
<Feb04-2022> <14:40:54>     7.C        -4.556037   -0.106783    0.300626
<Feb04-2022> <14:40:54>     8.C        -3.446884   -1.126200   -0.066932
<Feb04-2022> <14:40:54>     9.C        -3.363888   -2.213307    1.017603
<Feb04-2022> <14:40:54>    10.C        -3.789110   -1.775956   -1.431357
<Feb04-2022> <14:40:54>    11.H        -3.023963   -2.500542   -1.726444
<Feb04-2022> <14:40:54>    12.H        -5.524633   -0.612084    0.374472
<Feb04-2022> <14:40:54>    13.H        -4.644824    0.679001   -0.456390
<Feb04-2022> <14:40:54>    14.H        -4.348345    0.372352    1.262152
<Feb04-2022> <14:40:54>    15.H        -4.319757   -2.740217    1.094231
<Feb04-2022> <14:40:54>    16.H        -3.141379   -1.786835    2.000265
<Feb04-2022> <14:40:54>    17.H        -2.594938   -2.956672    0.787253
<Feb04-2022> <14:40:54>    18.H        -4.748466   -2.300163   -1.370646
<Feb04-2022> <14:40:54>    19.H        -3.866850   -1.025718   -2.224858
<Feb04-2022> <14:40:54>    20.H        -0.026691    1.109342   -0.715686
<Feb04-2022> <14:40:55>  >>>> CORORT
<Feb04-2022> <14:40:55>  >>>> CLSMAT
<Feb04-2022> <14:40:55>  >>>> ORTHON
<Feb04-2022> <14:40:55>  >>>> GENPT
<Feb04-2022> <14:40:55>  Block Length= 128
<Feb04-2022> <14:40:56>  >>>> PTBAS
<Feb04-2022> <14:40:59>  >>>> CYCLE
<Feb04-2022> <14:41:35>  using orbital data from restart file
<Feb04-2022> <14:41:40>              |Error|         MaxErr       Wt(A-DIIS)
<Feb04-2022> <14:41:40>      1      0.00000014      0.00000003
<Feb04-2022> <14:42:06>      2      0.00000021      0.00000004    100.0
<Feb04-2022> <14:42:08>  SCF converged
<Feb04-2022> <14:42:13>      3      0.00000039      0.00000006    100.0
<Feb04-2022> <14:42:38>  >>>> TOTEN
<Feb04-2022> <14:42:54>  >>>> POPAN
<Feb04-2022> <14:42:54>  >>>> DEBYE
<Feb04-2022> <14:42:55>  >>>> AMETS
<Feb04-2022> <14:42:57>   Bond Energy          -4.02729462 a.u.
<Feb04-2022> <14:42:57>   Bond Energy        -109.58826240 eV
<Feb04-2022> <14:42:57>   Bond Energy       -2527.17       kcal/mol
<Feb04-2022> <14:42:57>  >>>> POPUL
<Feb04-2022> <14:43:06>  >>>> ENGRAD
<Feb04-2022> <14:43:20>  >>>> ENHESS
<Feb04-2022> <14:43:26>  === NUCLEUS:     1
<Feb04-2022> <14:47:36>  === NUCLEUS:     2
<Feb04-2022> <14:51:29>  === NUCLEUS:     3
<Feb04-2022> <14:55:35>  === NUCLEUS:     4
<Feb04-2022> <14:59:31>  === NUCLEUS:     5
<Feb04-2022> <15:03:01>  === NUCLEUS:     6
<Feb04-2022> <15:06:52>  === NUCLEUS:     7
<Feb04-2022> <15:10:39>  === NUCLEUS:     8
<Feb04-2022> <15:14:27>  === NUCLEUS:     9
<Feb04-2022> <15:18:09>  === NUCLEUS:    10
<Feb04-2022> <15:21:46>  === NUCLEUS:    11
<Feb04-2022> <15:25:12>  === NUCLEUS:    12
<Feb04-2022> <15:28:51>  === NUCLEUS:    13
<Feb04-2022> <15:32:37>  === NUCLEUS:    14
<Feb04-2022> <15:36:24>  === NUCLEUS:    15
<Feb04-2022> <15:40:03>  === NUCLEUS:    16
<Feb04-2022> <15:43:51>  === NUCLEUS:    17
<Feb04-2022> <15:47:19>  === NUCLEUS:    18
<Feb04-2022> <15:50:59>  === NUCLEUS:    19
<Feb04-2022> <15:54:44>  === NUCLEUS:    20
<Feb04-2022> <15:58:31>  >>>> CALC_HESS_PMAT
<Feb04-2022> <15:59:08>  >>>> CALC_HESS_WMAT
<Feb04-2022> <15:59:14>  PES point character: Geometry corresponds to a local minimum on the PES.
<Feb04-2022> <15:59:14>  Geometry optimization successful!
<Feb04-2022> <15:59:14>  WARNING: total elapsed time is much higher than the (CPU+system) time.
<Feb04-2022> <15:59:14>  Make sure the machine is not oversubscribed and has enough memory, SCM_TMPDIR points to a fast file system, and the network is fast enough.
<Feb04-2022> <15:59:14>  NORMAL TERMINATION
