<Jan20-2022> <14:26:33>  AMS 2021.102  RunTime: Jan20-2022 14:26:33  ShM Nodes: 1  Procs: 1
<Jan20-2022> <14:26:33>  ADF 2021.102  RunTime: Jan20-2022 14:26:33  ShM Nodes: 1  Procs: 1
<Jan20-2022> <14:26:33>  *** (NO TITLE) ***
<Jan20-2022> <14:26:33>  Iteration 1
<Jan20-2022> <14:26:34>  DIRAC 2021.102  RunTime: Jan20-2022 14:26:34  ShM Nodes: 1  Procs: 1
<Jan20-2022> <14:26:34>  Carbon (TZ2P)
<Jan20-2022> <14:26:34>  Net Charge: 0 (Nuclei minus Electrons)
<Jan20-2022> <14:26:34>  Symmetry  : ATOM
<Jan20-2022> <14:26:34>  Coordinates
<Jan20-2022> <14:26:34>     Atom         X           Y           Z   (Angstrom)
<Jan20-2022> <14:26:34>     1.C         0.000000    0.000000    0.000000
<Jan20-2022> <14:26:34>  >>>> CORORT
<Jan20-2022> <14:26:34>  >>>> CLSMAT
<Jan20-2022> <14:26:34>  >>>> ORTHON
<Jan20-2022> <14:26:34>  >>>> GENPT
<Jan20-2022> <14:26:34>  Block Length=  72
<Jan20-2022> <14:26:34>  >>>> PTBAS
<Jan20-2022> <14:26:34>  >>>> CYCLE
<Jan20-2022> <14:26:34>              |Error|         MaxErr       Wt(A-DIIS)
<Jan20-2022> <14:26:34>      1      0.00000000      0.00000000
<Jan20-2022> <14:26:34>      2      4.48405934      3.32161898    100.0
<Jan20-2022> <14:26:34>      3      1.60718414      1.28408746    100.0
<Jan20-2022> <14:26:34>      4      0.76426456      0.62272052    100.0
<Jan20-2022> <14:26:34>      5      0.36119063      0.28553990    100.0
<Jan20-2022> <14:26:34>      6      0.14821424      0.11559867    100.0
<Jan20-2022> <14:26:34>      7      0.10108424      0.07867111     78.5
<Jan20-2022> <14:26:34>      8      0.01786531      0.01387049     13.0
<Jan20-2022> <14:26:34>      9      0.00195746      0.00153262      0.5
<Jan20-2022> <14:26:34>     10      0.00001058      0.00000730      0.0
<Jan20-2022> <14:26:34>     11      0.00000047      0.00000027      0.0
<Jan20-2022> <14:26:34>     12      0.00000003      0.00000002      0.0
<Jan20-2022> <14:26:34>     13      0.00000000      0.00000000      0.0
<Jan20-2022> <14:26:34>  SCF converged
<Jan20-2022> <14:26:34>     14      0.00000000      0.00000000      0.0
<Jan20-2022> <14:26:34>  >>>> POPAN
<Jan20-2022> <14:26:34>  >>>> DEBYE
<Jan20-2022> <14:26:34>  DIRAC 2021.102  RunTime: Jan20-2022 14:26:34  ShM Nodes: 1  Procs: 1
<Jan20-2022> <14:26:34>  Hydrogen (TZ2P)
<Jan20-2022> <14:26:34>  Net Charge: 0 (Nuclei minus Electrons)
<Jan20-2022> <14:26:34>  Symmetry  : ATOM
<Jan20-2022> <14:26:34>  Coordinates
<Jan20-2022> <14:26:34>     Atom         X           Y           Z   (Angstrom)
<Jan20-2022> <14:26:34>     1.H         0.000000    0.000000    0.000000
<Jan20-2022> <14:26:35>  >>>> CORORT
<Jan20-2022> <14:26:35>  >>>> CLSMAT
<Jan20-2022> <14:26:35>  >>>> ORTHON
<Jan20-2022> <14:26:35>  >>>> GENPT
<Jan20-2022> <14:26:35>  Block Length=  64
<Jan20-2022> <14:26:35>  >>>> PTBAS
<Jan20-2022> <14:26:35>  >>>> CYCLE
<Jan20-2022> <14:26:35>              |Error|         MaxErr       Wt(A-DIIS)
<Jan20-2022> <14:26:35>      1      0.00000000      0.00000000
<Jan20-2022> <14:26:35>      2      0.03080019      0.02591482
<Jan20-2022> <14:26:35>      3      0.01140383      0.01135775    100.0
<Jan20-2022> <14:26:35>      4      0.00327656      0.00327407      2.3
<Jan20-2022> <14:26:35>      5      0.00010041      0.00009754      0.0
<Jan20-2022> <14:26:35>      6      0.00000525      0.00000504      0.0
<Jan20-2022> <14:26:35>      7      0.00000007      0.00000007      0.0
<Jan20-2022> <14:26:35>      8      0.00000000      0.00000000      0.0
<Jan20-2022> <14:26:35>  SCF converged
<Jan20-2022> <14:26:35>      9      0.00000000      0.00000000      0.0
<Jan20-2022> <14:26:35>  >>>> POPAN
<Jan20-2022> <14:26:35>  >>>> DEBYE
<Jan20-2022> <14:26:35>  DIRAC 2021.102  RunTime: Jan20-2022 14:26:35  ShM Nodes: 1  Procs: 1
<Jan20-2022> <14:26:35>  Oxygen (TZ2P)
<Jan20-2022> <14:26:35>  Net Charge: 0 (Nuclei minus Electrons)
<Jan20-2022> <14:26:35>  Symmetry  : ATOM
<Jan20-2022> <14:26:35>  Coordinates
<Jan20-2022> <14:26:35>     Atom         X           Y           Z   (Angstrom)
<Jan20-2022> <14:26:35>     1.O         0.000000    0.000000    0.000000
<Jan20-2022> <14:26:35>  >>>> CORORT
<Jan20-2022> <14:26:35>  >>>> CLSMAT
<Jan20-2022> <14:26:35>  >>>> ORTHON
<Jan20-2022> <14:26:35>  >>>> GENPT
<Jan20-2022> <14:26:35>  Block Length=  68
<Jan20-2022> <14:26:35>  >>>> PTBAS
<Jan20-2022> <14:26:35>  >>>> CYCLE
<Jan20-2022> <14:26:35>              |Error|         MaxErr       Wt(A-DIIS)
<Jan20-2022> <14:26:35>      1      0.00000000      0.00000000
<Jan20-2022> <14:26:35>      2      8.77210307      5.53374266    100.0
<Jan20-2022> <14:26:35>      3      3.60058093      2.49154808    100.0
<Jan20-2022> <14:26:35>      4      1.20505529      0.62472425    100.0
<Jan20-2022> <14:26:35>      5      1.46502638      0.81213311    100.0
<Jan20-2022> <14:26:35>      6      0.15089362      0.09131786     91.2
<Jan20-2022> <14:26:35>      7      0.14397311      0.08251182     82.3
<Jan20-2022> <14:26:35>      8      0.00183259      0.00123681      0.2
<Jan20-2022> <14:26:35>      9      0.00015629      0.00008105      0.0
<Jan20-2022> <14:26:35>     10      0.00001324      0.00000629      0.0
<Jan20-2022> <14:26:35>     11      0.00000006      0.00000003      0.0
<Jan20-2022> <14:26:35>     12      0.00000000      0.00000000      0.0
<Jan20-2022> <14:26:36>  SCF converged
<Jan20-2022> <14:26:36>     13      0.00000000      0.00000000      0.0
<Jan20-2022> <14:26:36>  >>>> POPAN
<Jan20-2022> <14:26:36>  >>>> DEBYE
<Jan20-2022> <14:26:36>  DIRAC 2021.102  RunTime: Jan20-2022 14:26:36  ShM Nodes: 1  Procs: 1
<Jan20-2022> <14:26:36>  Fluorine (TZ2P)
<Jan20-2022> <14:26:36>  Net Charge: 0 (Nuclei minus Electrons)
<Jan20-2022> <14:26:36>  Symmetry  : ATOM
<Jan20-2022> <14:26:36>  Coordinates
<Jan20-2022> <14:26:36>     Atom         X           Y           Z   (Angstrom)
<Jan20-2022> <14:26:36>     1.F         0.000000    0.000000    0.000000
<Jan20-2022> <14:26:36>  >>>> CORORT
<Jan20-2022> <14:26:36>  >>>> CLSMAT
<Jan20-2022> <14:26:36>  >>>> ORTHON
<Jan20-2022> <14:26:36>  >>>> GENPT
<Jan20-2022> <14:26:36>  Block Length=  76
<Jan20-2022> <14:26:36>  >>>> PTBAS
<Jan20-2022> <14:26:36>  >>>> CYCLE
<Jan20-2022> <14:26:36>              |Error|         MaxErr       Wt(A-DIIS)
<Jan20-2022> <14:26:36>      1      0.00000000      0.00000000
<Jan20-2022> <14:26:36>      2     11.39970762      4.85721148    100.0
<Jan20-2022> <14:26:36>      3      5.17310012      3.16632108    100.0
<Jan20-2022> <14:26:36>      4      1.04882283      0.49392043    100.0
<Jan20-2022> <14:26:36>      5      1.72142161      0.84736739    100.0
<Jan20-2022> <14:26:36>      6      0.21842580      0.10780687    100.0
<Jan20-2022> <14:26:36>      7      0.28524155      0.13554881    100.0
<Jan20-2022> <14:26:36>      8      0.02856437      0.01389479     13.0
<Jan20-2022> <14:26:36>      9      0.00489297      0.00234741      1.4
<Jan20-2022> <14:26:36>     10      0.00009261      0.00004462      0.0
<Jan20-2022> <14:26:36>     11      0.00000010      0.00000005      0.0
<Jan20-2022> <14:26:36>     12      0.00000000      0.00000000      0.0
<Jan20-2022> <14:26:36>  SCF converged
<Jan20-2022> <14:26:36>     13      0.00000000      0.00000000      0.0
<Jan20-2022> <14:26:36>  >>>> POPAN
<Jan20-2022> <14:26:36>  >>>> DEBYE
<Jan20-2022> <14:26:36>  *** GOStep1 ***
<Jan20-2022> <14:26:36>  >>>> FRAGM
<Jan20-2022> <14:26:36>  Coordinates
<Jan20-2022> <14:26:36>     Atom         X           Y           Z   (Angstrom)
<Jan20-2022> <14:26:36>     1.C         0.816680   -0.234719    0.881975
<Jan20-2022> <14:26:36>     2.C         0.816784   -0.234131   -0.477193
<Jan20-2022> <14:26:36>     3.C        -1.531600   -0.469980   -1.308576
<Jan20-2022> <14:26:36>     4.H         0.856362   -1.163867    1.448593
<Jan20-2022> <14:26:36>     5.C         0.738934    1.000635    1.660143
<Jan20-2022> <14:26:36>     6.H        -1.752243   -1.423246   -0.843669
<Jan20-2022> <14:26:36>     7.H         0.865401    0.701495   -1.028794
<Jan20-2022> <14:26:36>     8.H        -1.295721   -0.453222   -2.366756
<Jan20-2022> <14:26:36>     9.H        -1.934372    0.427296   -0.854856
<Jan20-2022> <14:26:36>    10.O         0.730889    1.056221    2.881649
<Jan20-2022> <14:26:36>    11.F         1.051572   -1.414713   -1.211496
<Jan20-2022> <14:26:36>    12.H         0.693508    1.895813    1.075768
<Jan20-2022> <14:26:36>  >>>> CORORT
<Jan20-2022> <14:26:36>  >>>> CLSMAT
<Jan20-2022> <14:26:37>  >>>> ORTHON
<Jan20-2022> <14:26:37>  >>>> GENPT
<Jan20-2022> <14:26:37>  Block Length= 128
<Jan20-2022> <14:26:38>  >>>> PTBAS
<Jan20-2022> <14:26:55>  >>>> CYCLE
<Jan20-2022> <14:28:03>              |Error|         MaxErr       Wt(A-DIIS)
<Jan20-2022> <14:28:03>      1      5.22805667      0.52413660
<Jan20-2022> <14:29:02>      2      0.91013945      0.10214771    100.0
<Jan20-2022> <14:30:02>      3      0.45741195      0.04155612    100.0
<Jan20-2022> <14:31:02>      4      0.62901376      0.07329419    100.0
<Jan20-2022> <14:32:03>      5      0.20700076      0.02618250     25.4
<Jan20-2022> <14:33:03>      6      0.22791051      0.03225317     25.4
<Jan20-2022> <14:34:03>      7      0.02496735      0.00253691      1.6
<Jan20-2022> <14:35:03>      8      0.01073718      0.00148726      0.5
<Jan20-2022> <14:36:03>      9      0.00617201      0.00056065      0.0
<Jan20-2022> <14:37:04>     10      0.00142843      0.00009475      0.0
<Jan20-2022> <14:38:03>     11      0.00084707      0.00006050      0.0
<Jan20-2022> <14:39:03>     12      0.00029372      0.00002474      0.0
<Jan20-2022> <14:40:03>     13      0.00020231      0.00002510      0.0
<Jan20-2022> <14:41:03>     14      0.00008921      0.00001027      0.0
<Jan20-2022> <14:42:02>     15      0.00002940      0.00000285      0.0
<Jan20-2022> <14:43:03>     16      0.00001678      0.00000145      0.0
<Jan20-2022> <14:44:00>     17      0.00000261      0.00000027      0.0
<Jan20-2022> <14:44:11>  SCF converged
<Jan20-2022> <14:44:36>     18      0.00000326      0.00000049      0.0
<Jan20-2022> <14:44:45>  >>>> TOTEN
<Jan20-2022> <14:45:21>  >>>> POPAN
<Jan20-2022> <14:45:21>  >>>> DEBYE
<Jan20-2022> <14:45:22>  >>>> ENGRAD
<Jan20-2022> <14:46:24>  current energy                               -2.32899209 Hartree
<Jan20-2022> <14:46:24>  energy change                      -2.32899209     0.00012000    F
<Jan20-2022> <14:46:24>  constrained gradient max            0.06673731     0.00100000    F
<Jan20-2022> <14:46:24>  constrained gradient rms            0.01949590     0.00066667    F
<Jan20-2022> <14:46:24>  gradient max                        0.06673731
<Jan20-2022> <14:46:24>  gradient rms                        0.01949590
<Jan20-2022> <14:46:24>  cart. step max                      0.04142341     0.01000000    F
<Jan20-2022> <14:46:24>  cart. step rms                      0.01547213     0.00666667    F
<Jan20-2022> <14:46:24>  Iteration 2
<Jan20-2022> <14:46:25>  *** GOStep2 ***
<Jan20-2022> <14:46:25>  >>>> FRAGM
<Jan20-2022> <14:46:25>  Coordinates
<Jan20-2022> <14:46:25>     Atom         X           Y           Z   (Angstrom)
<Jan20-2022> <14:46:25>     1.C         0.817801   -0.248747    0.884235
<Jan20-2022> <14:46:25>     2.C         0.824071   -0.233715   -0.463657
<Jan20-2022> <14:46:25>     3.C        -1.542340   -0.463920   -1.301785
<Jan20-2022> <14:46:25>     4.H         0.863329   -1.182461    1.441356
<Jan20-2022> <14:46:25>     5.C         0.733626    0.993481    1.649144
<Jan20-2022> <14:46:25>     6.H        -1.751098   -1.420004   -0.837360
<Jan20-2022> <14:46:25>     7.H         0.890462    0.676183   -1.053468
<Jan20-2022> <14:46:25>     8.H        -1.299178   -0.445257   -2.357908
<Jan20-2022> <14:46:25>     9.H        -1.956583    0.429044   -0.848548
<Jan20-2022> <14:46:25>    10.O         0.711129    1.038634    2.871339
<Jan20-2022> <14:46:25>    11.F         1.067155   -1.373290   -1.180335
<Jan20-2022> <14:46:25>    12.H         0.697820    1.917632    1.053777
<Jan20-2022> <14:46:25>  >>>> CORORT
<Jan20-2022> <14:46:25>  >>>> CLSMAT
<Jan20-2022> <14:46:25>  >>>> ORTHON
<Jan20-2022> <14:46:25>  >>>> GENPT
<Jan20-2022> <14:46:25>  Block Length= 128
<Jan20-2022> <14:46:26>  >>>> PTBAS
<Jan20-2022> <14:46:45>  >>>> CYCLE
<Jan20-2022> <14:47:07>  using orbital data from restart file
<Jan20-2022> <14:47:49>              |Error|         MaxErr       Wt(A-DIIS)
<Jan20-2022> <14:47:49>      1      0.17518643      0.02495747
<Jan20-2022> <14:48:47>      2      0.05671563      0.00493794    100.0
<Jan20-2022> <14:49:45>      3      0.02261802      0.00234914    100.0
<Jan20-2022> <14:50:41>      4      0.03539152      0.00322114    100.0
<Jan20-2022> <14:51:38>      5      0.00839556      0.00077550      0.0
<Jan20-2022> <14:52:34>      6      0.00321205      0.00041516      0.0
<Jan20-2022> <14:53:31>      7      0.00078531      0.00007127      0.0
<Jan20-2022> <14:54:27>      8      0.00036217      0.00004843      0.0
<Jan20-2022> <14:55:23>      9      0.00017468      0.00002332      0.0
<Jan20-2022> <14:56:19>     10      0.00006526      0.00000498      0.0
<Jan20-2022> <14:57:16>     11      0.00003271      0.00000263      0.0
<Jan20-2022> <14:58:13>     12      0.00001233      0.00000102      0.0
<Jan20-2022> <14:59:12>     13      0.00000454      0.00000045      0.0
<Jan20-2022> <14:59:29>  SCF converged
<Jan20-2022> <15:00:14>     14      0.00000200      0.00000035      0.0
<Jan20-2022> <15:00:31>  >>>> TOTEN
<Jan20-2022> <15:01:37>  >>>> POPAN
<Jan20-2022> <15:01:37>  >>>> DEBYE
<Jan20-2022> <15:01:38>  >>>> ENGRAD
<Jan20-2022> <15:03:08>  current energy                               -2.33374151 Hartree
<Jan20-2022> <15:03:08>  energy change                      -0.00474943     0.00012000    F
<Jan20-2022> <15:03:08>  constrained gradient max            0.02401306     0.00100000    F
<Jan20-2022> <15:03:08>  constrained gradient rms            0.00852654     0.00066667    F
<Jan20-2022> <15:03:08>  gradient max                        0.02401306
<Jan20-2022> <15:03:08>  gradient rms                        0.00852654
<Jan20-2022> <15:03:08>  cart. step max                      0.05007942     0.01000000    F
<Jan20-2022> <15:03:08>  cart. step rms                      0.01484439     0.00666667    F
<Jan20-2022> <15:03:08>  Iteration 3
<Jan20-2022> <15:03:08>  *** GOStep3 ***
<Jan20-2022> <15:03:08>  >>>> FRAGM
<Jan20-2022> <15:03:08>  Coordinates
<Jan20-2022> <15:03:08>     Atom         X           Y           Z   (Angstrom)
<Jan20-2022> <15:03:08>     1.C         0.821663   -0.255051    0.887162
<Jan20-2022> <15:03:08>     2.C         0.829342   -0.247929   -0.461246
<Jan20-2022> <15:03:08>     3.C        -1.547654   -0.452740   -1.295673
<Jan20-2022> <15:03:08>     4.H         0.912148   -1.187668    1.438735
<Jan20-2022> <15:03:08>     5.C         0.724162    0.989257    1.645732
<Jan20-2022> <15:03:08>     6.H        -1.750326   -1.414636   -0.840579
<Jan20-2022> <15:03:08>     7.H         0.889321    0.651211   -1.068128
<Jan20-2022> <15:03:08>     8.H        -1.300496   -0.420879   -2.350484
<Jan20-2022> <15:03:08>     9.H        -1.964303    0.433871   -0.832063
<Jan20-2022> <15:03:08>    10.O         0.661050    1.044713    2.865439
<Jan20-2022> <15:03:08>    11.F         1.071738   -1.371366   -1.171643
<Jan20-2022> <15:03:08>    12.H         0.709548    1.918797    1.039537
<Jan20-2022> <15:03:08>  >>>> CORORT
<Jan20-2022> <15:03:08>  >>>> CLSMAT
<Jan20-2022> <15:03:08>  >>>> ORTHON
<Jan20-2022> <15:03:08>  >>>> GENPT
<Jan20-2022> <15:03:09>  Block Length= 128
<Jan20-2022> <15:03:10>  >>>> PTBAS
<Jan20-2022> <15:03:28>  >>>> CYCLE
<Jan20-2022> <15:03:53>  using orbital data from restart file
<Jan20-2022> <15:04:36>              |Error|         MaxErr       Wt(A-DIIS)
<Jan20-2022> <15:04:36>      1      0.11258169      0.02202771
<Jan20-2022> <15:05:36>      2      0.02248016      0.00238743    100.0
<Jan20-2022> <15:06:36>      3      0.00913276      0.00082235    100.0
<Jan20-2022> <15:07:36>      4      0.01382105      0.00157221    100.0
<Jan20-2022> <15:08:36>      5      0.00324168      0.00022232      0.0
<Jan20-2022> <15:09:36>      6      0.00107386      0.00009130      0.0
<Jan20-2022> <15:10:36>      7      0.00027576      0.00001486      0.0
<Jan20-2022> <15:11:36>      8      0.00007475      0.00000762      0.0
<Jan20-2022> <15:12:36>      9      0.00005429      0.00000803      0.0
<Jan20-2022> <15:13:36>     10      0.00001408      0.00000147      0.0
<Jan20-2022> <15:14:36>     11      0.00000626      0.00000049      0.0
<Jan20-2022> <15:14:53>  SCF converged
<Jan20-2022> <15:15:36>     12      0.00000375      0.00000028      0.0
<Jan20-2022> <15:15:53>  >>>> TOTEN
<Jan20-2022> <15:16:58>  >>>> POPAN
<Jan20-2022> <15:16:58>  >>>> DEBYE
<Jan20-2022> <15:16:58>  >>>> ENGRAD
<Jan20-2022> <15:18:25>  current energy                               -2.33441677 Hartree
<Jan20-2022> <15:18:25>  energy change                      -0.00067525     0.00012000    F
<Jan20-2022> <15:18:25>  constrained gradient max            0.01528343     0.00100000    F
<Jan20-2022> <15:18:25>  constrained gradient rms            0.00458962     0.00066667    F
<Jan20-2022> <15:18:25>  gradient max                        0.01528343
<Jan20-2022> <15:18:25>  gradient rms                        0.00458962
<Jan20-2022> <15:18:25>  cart. step max                      0.06566646     0.01000000    F
<Jan20-2022> <15:18:25>  cart. step rms                      0.02218032     0.00666667    F
<Jan20-2022> <15:18:25>  Iteration 4
<Jan20-2022> <15:18:26>  *** GOStep4 ***
<Jan20-2022> <15:18:26>  >>>> FRAGM
<Jan20-2022> <15:18:26>  Coordinates
<Jan20-2022> <15:18:26>     Atom         X           Y           Z   (Angstrom)
<Jan20-2022> <15:18:26>     1.C         0.792558   -0.258328    0.898930
<Jan20-2022> <15:18:26>     2.C         0.809977   -0.238141   -0.449732
<Jan20-2022> <15:18:26>     3.C        -1.552027   -0.468165   -1.310739
<Jan20-2022> <15:18:26>     4.H         0.864633   -1.193468    1.448496
<Jan20-2022> <15:18:26>     5.C         0.744128    0.991448    1.652258
<Jan20-2022> <15:18:26>     6.H        -1.740062   -1.434679   -0.859164
<Jan20-2022> <15:18:26>     7.H         0.848941    0.667839   -1.048359
<Jan20-2022> <15:18:26>     8.H        -1.293274   -0.429727   -2.362526
<Jan20-2022> <15:18:26>     9.H        -1.988642    0.410215   -0.849824
<Jan20-2022> <15:18:26>    10.O         0.703576    1.056934    2.872168
<Jan20-2022> <15:18:26>    11.F         1.091173   -1.336754   -1.174428
<Jan20-2022> <15:18:26>    12.H         0.775214    1.920406    1.039708
<Jan20-2022> <15:18:26>  >>>> CORORT
<Jan20-2022> <15:18:26>  >>>> CLSMAT
<Jan20-2022> <15:18:26>  >>>> ORTHON
<Jan20-2022> <15:18:26>  >>>> GENPT
<Jan20-2022> <15:18:26>  Block Length= 128
<Jan20-2022> <15:18:27>  >>>> PTBAS
<Jan20-2022> <15:18:46>  >>>> CYCLE
<Jan20-2022> <15:19:10>  using orbital data from restart file
<Jan20-2022> <15:19:53>              |Error|         MaxErr       Wt(A-DIIS)
<Jan20-2022> <15:19:53>      1      0.11471046      0.01831272
<Jan20-2022> <15:20:53>      2      0.01262747      0.00103194    100.0
<Jan20-2022> <15:21:52>      3      0.00753474      0.00070747    100.0
<Jan20-2022> <15:22:51>      4      0.00697748      0.00059003      0.0
<Jan20-2022> <15:23:53>      5      0.00289355      0.00044194      0.0
<Jan20-2022> <15:24:37>      6      0.00149500      0.00022254      0.0
<Jan20-2022> <15:25:12>      7      0.00027871      0.00002349      0.0
<Jan20-2022> <15:25:47>      8      0.00014481      0.00000939      0.0
<Jan20-2022> <15:26:21>      9      0.00003680      0.00000371      0.0
<Jan20-2022> <15:26:56>     10      0.00001440      0.00000136      0.0
<Jan20-2022> <15:27:31>     11      0.00000537      0.00000052      0.0
<Jan20-2022> <15:27:40>  SCF converged
<Jan20-2022> <15:28:06>     12      0.00000242      0.00000025      0.0
<Jan20-2022> <15:28:15>  >>>> TOTEN
<Jan20-2022> <15:28:53>  >>>> POPAN
<Jan20-2022> <15:28:53>  >>>> DEBYE
<Jan20-2022> <15:28:53>  >>>> ENGRAD
<Jan20-2022> <15:29:44>  current energy                               -2.33430892 Hartree
<Jan20-2022> <15:29:44>  energy change                       0.00010785     0.00012000    T
<Jan20-2022> <15:29:44>  constrained gradient max            0.01462749     0.00100000    F
<Jan20-2022> <15:29:44>  constrained gradient rms            0.00389409     0.00066667    F
<Jan20-2022> <15:29:44>  gradient max                        0.01462749
<Jan20-2022> <15:29:44>  gradient rms                        0.00389409
<Jan20-2022> <15:29:44>  cart. step max                      0.07748847     0.01000000    F
<Jan20-2022> <15:29:44>  cart. step rms                      0.02333810     0.00666667    F
<Jan20-2022> <15:29:44>  Iteration 5
<Jan20-2022> <15:29:44>  *** GOStep5 ***
<Jan20-2022> <15:29:44>  >>>> FRAGM
<Jan20-2022> <15:29:44>  Coordinates
<Jan20-2022> <15:29:44>     Atom         X           Y           Z   (Angstrom)
<Jan20-2022> <15:29:44>     1.C         0.832386   -0.261423    0.888140
<Jan20-2022> <15:29:44>     2.C         0.840055   -0.248746   -0.460349
<Jan20-2022> <15:29:44>     3.C        -1.548909   -0.449967   -1.288986
<Jan20-2022> <15:29:44>     4.H         0.878910   -1.195970    1.441159
<Jan20-2022> <15:29:44>     5.C         0.734529    0.985169    1.641592
<Jan20-2022> <15:29:44>     6.H        -1.741542   -1.412905   -0.831741
<Jan20-2022> <15:29:44>     7.H         0.892379    0.648098   -1.071649
<Jan20-2022> <15:29:44>     8.H        -1.302873   -0.417961   -2.344021
<Jan20-2022> <15:29:44>     9.H        -1.968823    0.434792   -0.824734
<Jan20-2022> <15:29:44>    10.O         0.655187    1.047881    2.859626
<Jan20-2022> <15:29:44>    11.F         1.087170   -1.355870   -1.178693
<Jan20-2022> <15:29:44>    12.H         0.697726    1.914482    1.026444
<Jan20-2022> <15:29:44>  >>>> CORORT
<Jan20-2022> <15:29:44>  >>>> CLSMAT
<Jan20-2022> <15:29:44>  >>>> ORTHON
<Jan20-2022> <15:29:44>  >>>> GENPT
<Jan20-2022> <15:29:44>  Block Length= 128
<Jan20-2022> <15:29:45>  >>>> PTBAS
<Jan20-2022> <15:29:57>  >>>> CYCLE
<Jan20-2022> <15:30:11>  using orbital data from restart file
<Jan20-2022> <15:30:37>              |Error|         MaxErr       Wt(A-DIIS)
<Jan20-2022> <15:30:37>      1      0.12567291      0.02494942
<Jan20-2022> <15:31:12>      2      0.01833848      0.00159343    100.0
<Jan20-2022> <15:31:46>      3      0.02354899      0.00210335    100.0
<Jan20-2022> <15:32:21>      4      0.00926397      0.00103891      0.0
<Jan20-2022> <15:32:56>      5      0.00266603      0.00040876      0.0
<Jan20-2022> <15:33:31>      6      0.00161912      0.00024434      0.0
<Jan20-2022> <15:34:05>      7      0.00044861      0.00003987      0.0
<Jan20-2022> <15:34:40>      8      0.00014957      0.00001646      0.0
<Jan20-2022> <15:35:14>      9      0.00007389      0.00000839      0.0
<Jan20-2022> <15:35:49>     10      0.00002615      0.00000291      0.0
<Jan20-2022> <15:36:23>     11      0.00000713      0.00000075      0.0
<Jan20-2022> <15:36:32>  SCF converged
<Jan20-2022> <15:36:58>     12      0.00000345      0.00000023      0.0
<Jan20-2022> <15:37:07>  >>>> TOTEN
<Jan20-2022> <15:37:45>  >>>> POPAN
<Jan20-2022> <15:37:45>  >>>> DEBYE
<Jan20-2022> <15:37:45>  >>>> ENGRAD
<Jan20-2022> <15:38:35>  current energy                               -2.33465100 Hartree
<Jan20-2022> <15:38:35>  energy change                      -0.00034208     0.00012000    F
<Jan20-2022> <15:38:35>  constrained gradient max            0.01528323     0.00100000    F
<Jan20-2022> <15:38:35>  constrained gradient rms            0.00449180     0.00066667    F
<Jan20-2022> <15:38:35>  gradient max                        0.01528323
<Jan20-2022> <15:38:35>  gradient rms                        0.00449180
<Jan20-2022> <15:38:35>  cart. step max                      0.04336609     0.01000000    F
<Jan20-2022> <15:38:35>  cart. step rms                      0.01618086     0.00666667    F
<Jan20-2022> <15:38:35>  Iteration 6
<Jan20-2022> <15:38:35>  *** GOStep6 ***
<Jan20-2022> <15:38:35>  >>>> FRAGM
<Jan20-2022> <15:38:35>  Coordinates
<Jan20-2022> <15:38:35>     Atom         X           Y           Z   (Angstrom)
<Jan20-2022> <15:38:35>     1.C         0.809114   -0.262679    0.894796
<Jan20-2022> <15:38:35>     2.C         0.848023   -0.234870   -0.452395
<Jan20-2022> <15:38:35>     3.C        -1.559206   -0.463458   -1.302104
<Jan20-2022> <15:38:35>     4.H         0.839342   -1.199257    1.445095
<Jan20-2022> <15:38:35>     5.C         0.758764    0.986224    1.649510
<Jan20-2022> <15:38:35>     6.H        -1.744710   -1.422693   -0.834267
<Jan20-2022> <15:38:35>     7.H         0.895361    0.668602   -1.054246
<Jan20-2022> <15:38:35>     8.H        -1.308040   -0.442659   -2.356205
<Jan20-2022> <15:38:35>     9.H        -1.989170    0.423263   -0.850973
<Jan20-2022> <15:38:35>    10.O         0.698553    1.051645    2.868590
<Jan20-2022> <15:38:35>    11.F         1.093570   -1.332015   -1.184365
<Jan20-2022> <15:38:35>    12.H         0.714594    1.915478    1.033353
<Jan20-2022> <15:38:35>  >>>> CORORT
<Jan20-2022> <15:38:35>  >>>> CLSMAT
<Jan20-2022> <15:38:35>  >>>> ORTHON
<Jan20-2022> <15:38:35>  >>>> GENPT
<Jan20-2022> <15:38:36>  Block Length= 128
<Jan20-2022> <15:38:36>  >>>> PTBAS
<Jan20-2022> <15:38:48>  >>>> CYCLE
<Jan20-2022> <15:39:02>  using orbital data from restart file
<Jan20-2022> <15:39:27>              |Error|         MaxErr       Wt(A-DIIS)
<Jan20-2022> <15:39:27>      1      0.08728453      0.01231034
<Jan20-2022> <15:40:02>      2      0.00769297      0.00050854    100.0
<Jan20-2022> <15:40:36>      3      0.01415435      0.00139222    100.0
<Jan20-2022> <15:41:11>      4      0.00217164      0.00016867      0.0
<Jan20-2022> <15:41:45>      5      0.00123469      0.00011979      0.0
<Jan20-2022> <15:42:20>      6      0.00054632      0.00006801      0.0
<Jan20-2022> <15:42:54>      7      0.00035421      0.00004808      0.0
<Jan20-2022> <15:43:29>      8      0.00025825      0.00003231      0.0
<Jan20-2022> <15:44:03>      9      0.00007674      0.00001036      0.0
<Jan20-2022> <15:44:37>     10      0.00003931      0.00000355      0.0
<Jan20-2022> <15:45:12>     11      0.00001508      0.00000105      0.0
<Jan20-2022> <15:45:46>     12      0.00000327      0.00000030      0.0
<Jan20-2022> <15:45:55>  SCF converged
<Jan20-2022> <15:46:21>     13      0.00000128      0.00000009      0.0
<Jan20-2022> <15:46:29>  >>>> TOTEN
<Jan20-2022> <15:47:08>  >>>> POPAN
<Jan20-2022> <15:47:08>  >>>> DEBYE
<Jan20-2022> <15:47:08>  >>>> ENGRAD
<Jan20-2022> <15:47:57>  current energy                               -2.33464753 Hartree
<Jan20-2022> <15:47:57>  energy change                       0.00000347     0.00012000    T
<Jan20-2022> <15:47:57>  constrained gradient max            0.01901411     0.00100000    F
<Jan20-2022> <15:47:57>  constrained gradient rms            0.00539963     0.00066667    F
<Jan20-2022> <15:47:57>  gradient max                        0.01901411
<Jan20-2022> <15:47:57>  gradient rms                        0.00539963
<Jan20-2022> <15:47:57>  cart. step max                      0.04976356     0.01000000    F
<Jan20-2022> <15:47:57>  cart. step rms                      0.01677966     0.00666667    F
<Jan20-2022> <15:47:58>  Iteration 7
<Jan20-2022> <15:47:58>  *** GOStep7 ***
<Jan20-2022> <15:47:58>  >>>> FRAGM
<Jan20-2022> <15:47:58>  Coordinates
<Jan20-2022> <15:47:58>     Atom         X           Y           Z   (Angstrom)
<Jan20-2022> <15:47:58>     1.C         0.827911   -0.263824    0.891906
<Jan20-2022> <15:47:58>     2.C         0.855591   -0.249633   -0.456421
<Jan20-2022> <15:47:58>     3.C        -1.555052   -0.450553   -1.289609
<Jan20-2022> <15:47:58>     4.H         0.871912   -1.197605    1.446327
<Jan20-2022> <15:47:58>     5.C         0.742441    0.986458    1.639731
<Jan20-2022> <15:47:58>     6.H        -1.738672   -1.421821   -0.846538
<Jan20-2022> <15:47:58>     7.H         0.894499    0.647748   -1.068291
<Jan20-2022> <15:47:58>     8.H        -1.307103   -0.400915   -2.343500
<Jan20-2022> <15:47:58>     9.H        -1.983604    0.423300   -0.812838
<Jan20-2022> <15:47:58>    10.O         0.648790    1.056304    2.856445
<Jan20-2022> <15:47:58>    11.F         1.090658   -1.355244   -1.178394
<Jan20-2022> <15:47:58>    12.H         0.708824    1.913366    1.017971
<Jan20-2022> <15:47:58>  >>>> CORORT
<Jan20-2022> <15:47:58>  >>>> CLSMAT
<Jan20-2022> <15:47:58>  >>>> ORTHON
<Jan20-2022> <15:47:58>  >>>> GENPT
<Jan20-2022> <15:47:58>  Block Length= 128
<Jan20-2022> <15:47:59>  >>>> PTBAS
<Jan20-2022> <15:48:10>  >>>> CYCLE
<Jan20-2022> <15:48:25>  using orbital data from restart file
<Jan20-2022> <15:48:50>              |Error|         MaxErr       Wt(A-DIIS)
<Jan20-2022> <15:48:50>      1      0.09247378      0.01944041
<Jan20-2022> <15:49:25>      2      0.00575346      0.00051321    100.0
<Jan20-2022> <15:49:59>      3      0.00591199      0.00045464    100.0
<Jan20-2022> <15:50:33>      4      0.00348867      0.00044658      0.0
<Jan20-2022> <15:51:08>      5      0.00128236      0.00016539      0.0
<Jan20-2022> <15:51:43>      6      0.00048476      0.00004044      0.0
<Jan20-2022> <15:52:17>      7      0.00011263      0.00001403      0.0
<Jan20-2022> <15:52:52>      8      0.00006019      0.00000686      0.0
<Jan20-2022> <15:53:27>      9      0.00001645      0.00000159      0.0
<Jan20-2022> <15:54:01>     10      0.00000779      0.00000106      0.0
<Jan20-2022> <15:54:35>     11      0.00000552      0.00000084      0.0
<Jan20-2022> <15:54:44>  SCF converged
<Jan20-2022> <15:55:10>     12      0.00000409      0.00000052      0.0
<Jan20-2022> <15:55:18>  >>>> TOTEN
<Jan20-2022> <15:55:57>  >>>> POPAN
<Jan20-2022> <15:55:57>  >>>> DEBYE
<Jan20-2022> <15:55:57>  >>>> ENGRAD
<Jan20-2022> <15:56:47>  current energy                               -2.33484232 Hartree
<Jan20-2022> <15:56:47>  energy change                      -0.00019479     0.00012000    F
<Jan20-2022> <15:56:47>  constrained gradient max            0.01672345     0.00100000    F
<Jan20-2022> <15:56:47>  constrained gradient rms            0.00495047     0.00066667    F
<Jan20-2022> <15:56:47>  gradient max                        0.01672345
<Jan20-2022> <15:56:47>  gradient rms                        0.00495047
<Jan20-2022> <15:56:47>  cart. step max                      0.04161571     0.01000000    F
<Jan20-2022> <15:56:47>  cart. step rms                      0.01266248     0.00666667    F
<Jan20-2022> <15:56:47>  Iteration 8
<Jan20-2022> <15:56:47>  *** GOStep8 ***
<Jan20-2022> <15:56:47>  >>>> FRAGM
<Jan20-2022> <15:56:47>  Coordinates
<Jan20-2022> <15:56:47>     Atom         X           Y           Z   (Angstrom)
<Jan20-2022> <15:56:47>     1.C         0.819727   -0.263170    0.892042
<Jan20-2022> <15:56:47>     2.C         0.843060   -0.241839   -0.456628
<Jan20-2022> <15:56:47>     3.C        -1.554164   -0.454963   -1.295832
<Jan20-2022> <15:56:47>     4.H         0.876462   -1.199895    1.440288
<Jan20-2022> <15:56:47>     5.C         0.746621    0.983715    1.647339
<Jan20-2022> <15:56:47>     6.H        -1.746841   -1.409639   -0.821637
<Jan20-2022> <15:56:47>     7.H         0.884330    0.659721   -1.062194
<Jan20-2022> <15:56:47>     8.H        -1.305254   -0.442531   -2.350594
<Jan20-2022> <15:56:47>     9.H        -1.975387    0.438121   -0.849095
<Jan20-2022> <15:56:47>    10.O         0.663855    1.046918    2.865247
<Jan20-2022> <15:56:47>    11.F         1.091561   -1.342602   -1.183664
<Jan20-2022> <15:56:47>    12.H         0.712226    1.913745    1.031516
<Jan20-2022> <15:56:47>  >>>> CORORT
<Jan20-2022> <15:56:47>  >>>> CLSMAT
<Jan20-2022> <15:56:47>  >>>> ORTHON
<Jan20-2022> <15:56:47>  >>>> GENPT
<Jan20-2022> <15:56:47>  Block Length= 128
<Jan20-2022> <15:56:48>  >>>> PTBAS
<Jan20-2022> <15:56:59>  >>>> CYCLE
<Jan20-2022> <15:57:14>  using orbital data from restart file
<Jan20-2022> <15:57:39>              |Error|         MaxErr       Wt(A-DIIS)
<Jan20-2022> <15:57:39>      1      0.04905858      0.00653293
<Jan20-2022> <15:58:14>      2      0.00486301      0.00038644    100.0
<Jan20-2022> <15:58:48>      3      0.00548594      0.00043705    100.0
<Jan20-2022> <15:59:23>      4      0.00199036      0.00026091      0.0
<Jan20-2022> <15:59:57>      5      0.00065636      0.00009364      0.0
<Jan20-2022> <16:00:31>      6      0.00035706      0.00004118      0.0
<Jan20-2022> <16:01:06>      7      0.00017963      0.00002533      0.0
<Jan20-2022> <16:01:40>      8      0.00008231      0.00001022      0.0
<Jan20-2022> <16:02:14>      9      0.00003019      0.00000223      0.0
<Jan20-2022> <16:02:49>     10      0.00001477      0.00000165      0.0
<Jan20-2022> <16:03:24>     11      0.00000827      0.00000117      0.0
<Jan20-2022> <16:03:58>     12      0.00000254      0.00000022      0.0
<Jan20-2022> <16:04:07>  SCF converged
<Jan20-2022> <16:04:32>     13      0.00000051      0.00000005      0.0
<Jan20-2022> <16:04:41>  >>>> TOTEN
<Jan20-2022> <16:05:20>  >>>> POPAN
<Jan20-2022> <16:05:20>  >>>> DEBYE
<Jan20-2022> <16:05:20>  >>>> ENGRAD
<Jan20-2022> <16:06:10>  current energy                               -2.33463558 Hartree
<Jan20-2022> <16:06:10>  energy change                       0.00020674     0.00012000    F
<Jan20-2022> <16:06:10>  constrained gradient max            0.01728559     0.00100000    F
<Jan20-2022> <16:06:10>  constrained gradient rms            0.00509141     0.00066667    F
<Jan20-2022> <16:06:10>  gradient max                        0.01728559
<Jan20-2022> <16:06:10>  gradient rms                        0.00509141
<Jan20-2022> <16:06:10>  cart. step max                      0.01497357     0.01000000    F
<Jan20-2022> <16:06:10>  cart. step rms                      0.00597285     0.00666667    T
<Jan20-2022> <16:06:10>  Iteration 9
<Jan20-2022> <16:06:10>  *** GOStep9 ***
<Jan20-2022> <16:06:10>  >>>> FRAGM
<Jan20-2022> <16:06:10>  Coordinates
<Jan20-2022> <16:06:10>     Atom         X           Y           Z   (Angstrom)
<Jan20-2022> <16:06:10>     1.C         0.820646   -0.262802    0.892261
<Jan20-2022> <16:06:10>     2.C         0.854478   -0.242363   -0.455480
<Jan20-2022> <16:06:10>     3.C        -1.558331   -0.455690   -1.295096
<Jan20-2022> <16:06:10>     4.H         0.866942   -1.198711    1.442790
<Jan20-2022> <16:06:10>     5.C         0.743585    0.985284    1.645208
<Jan20-2022> <16:06:10>     6.H        -1.744418   -1.417812   -0.833474
<Jan20-2022> <16:06:10>     7.H         0.896984    0.657759   -1.063076
<Jan20-2022> <16:06:10>     8.H        -1.309629   -0.427557   -2.349608
<Jan20-2022> <16:06:10>     9.H        -1.984349    0.428740   -0.835867
<Jan20-2022> <16:06:10>    10.O         0.665316    1.051107    2.863173
<Jan20-2022> <16:06:10>    11.F         1.091136   -1.345187   -1.181709
<Jan20-2022> <16:06:10>    12.H         0.713834    1.914812    1.027667
<Jan20-2022> <16:06:10>  >>>> CORORT
<Jan20-2022> <16:06:10>  >>>> CLSMAT
<Jan20-2022> <16:06:10>  >>>> ORTHON
<Jan20-2022> <16:06:10>  >>>> GENPT
<Jan20-2022> <16:06:10>  Block Length= 128
<Jan20-2022> <16:06:11>  >>>> PTBAS
<Jan20-2022> <16:06:23>  >>>> CYCLE
<Jan20-2022> <16:06:37>  using orbital data from restart file
<Jan20-2022> <16:07:02>              |Error|         MaxErr       Wt(A-DIIS)
<Jan20-2022> <16:07:02>      1      0.02914532      0.00406399
<Jan20-2022> <16:07:37>      2      0.00295004      0.00023649    100.0
<Jan20-2022> <16:08:11>      3      0.00172881      0.00016079    100.0
<Jan20-2022> <16:08:46>      4      0.00189604      0.00015456      0.0
<Jan20-2022> <16:09:20>      5      0.00093502      0.00010270      0.0
<Jan20-2022> <16:09:54>      6      0.00034572      0.00005489      0.0
<Jan20-2022> <16:10:28>      7      0.00020606      0.00002879      0.0
<Jan20-2022> <16:11:03>      8      0.00007166      0.00000801      0.0
<Jan20-2022> <16:11:37>      9      0.00003957      0.00000413      0.0
<Jan20-2022> <16:12:12>     10      0.00001719      0.00000166      0.0
<Jan20-2022> <16:12:47>     11      0.00000600      0.00000054      0.0
<Jan20-2022> <16:12:56>  SCF converged
<Jan20-2022> <16:13:22>     12      0.00000260      0.00000020      0.0
<Jan20-2022> <16:13:30>  >>>> TOTEN
<Jan20-2022> <16:14:09>  >>>> POPAN
<Jan20-2022> <16:14:09>  >>>> DEBYE
<Jan20-2022> <16:14:09>  >>>> ENGRAD
<Jan20-2022> <16:14:58>  current energy                               -2.33489468 Hartree
<Jan20-2022> <16:14:58>  energy change                      -0.00025910     0.00012000    F
<Jan20-2022> <16:14:58>  constrained gradient max            0.01692610     0.00100000    F
<Jan20-2022> <16:14:58>  constrained gradient rms            0.00475683     0.00066667    F
<Jan20-2022> <16:14:58>  gradient max                        0.01692610
<Jan20-2022> <16:14:58>  gradient rms                        0.00475683
<Jan20-2022> <16:14:58>  cart. step max                      0.03731207     0.01000000    F
<Jan20-2022> <16:14:58>  cart. step rms                      0.01258002     0.00666667    F
<Jan20-2022> <16:14:58>  Iteration 10
<Jan20-2022> <16:14:59>  *** GOStep10 ***
<Jan20-2022> <16:14:59>  >>>> FRAGM
<Jan20-2022> <16:14:59>  Coordinates
<Jan20-2022> <16:14:59>     Atom         X           Y           Z   (Angstrom)
<Jan20-2022> <16:14:59>     1.C         0.824774   -0.261653    0.891368
<Jan20-2022> <16:14:59>     2.C         0.890088   -0.239433   -0.452485
<Jan20-2022> <16:14:59>     3.C        -1.574681   -0.458920   -1.294352
<Jan20-2022> <16:14:59>     4.H         0.846684   -1.197461    1.443373
<Jan20-2022> <16:14:59>     5.C         0.739175    0.987261    1.642248
<Jan20-2022> <16:14:59>     6.H        -1.743522   -1.430812   -0.846792
<Jan20-2022> <16:14:59>     7.H         0.934296    0.659372   -1.062077
<Jan20-2022> <16:14:59>     8.H        -1.327121   -0.410291   -2.348396
<Jan20-2022> <16:14:59>     9.H        -2.008032    0.412886   -0.818229
<Jan20-2022> <16:14:59>    10.O         0.658894    1.055429    2.859380
<Jan20-2022> <16:14:59>    11.F         1.092417   -1.345804   -1.179894
<Jan20-2022> <16:14:59>    12.H         0.723223    1.917008    1.022644
<Jan20-2022> <16:14:59>  >>>> CORORT
<Jan20-2022> <16:14:59>  >>>> CLSMAT
<Jan20-2022> <16:14:59>  >>>> ORTHON
<Jan20-2022> <16:14:59>  >>>> GENPT
<Jan20-2022> <16:14:59>  Block Length= 128
<Jan20-2022> <16:15:00>  >>>> PTBAS
<Jan20-2022> <16:15:11>  >>>> CYCLE
<Jan20-2022> <16:15:26>  using orbital data from restart file
<Jan20-2022> <16:15:52>              |Error|         MaxErr       Wt(A-DIIS)
<Jan20-2022> <16:15:52>      1      0.07420870      0.01188652
<Jan20-2022> <16:16:26>      2      0.00788385      0.00065901    100.0
<Jan20-2022> <16:17:01>      3      0.01385659      0.00131431    100.0
<Jan20-2022> <16:17:36>      4      0.00412670      0.00047084      0.0
<Jan20-2022> <16:18:10>      5      0.00223403      0.00030568      0.0
<Jan20-2022> <16:18:45>      6      0.00090151      0.00012136      0.0
<Jan20-2022> <16:19:19>      7      0.00056838      0.00008850      0.0
<Jan20-2022> <16:19:53>      8      0.00022556      0.00002831      0.0
<Jan20-2022> <16:20:28>      9      0.00011837      0.00001365      0.0
<Jan20-2022> <16:21:03>     10      0.00004952      0.00000422      0.0
<Jan20-2022> <16:21:37>     11      0.00001229      0.00000087      0.0
<Jan20-2022> <16:22:12>     12      0.00000671      0.00000052      0.0
<Jan20-2022> <16:22:21>  SCF converged
<Jan20-2022> <16:22:47>     13      0.00000203      0.00000017      0.0
<Jan20-2022> <16:22:56>  >>>> TOTEN
<Jan20-2022> <16:23:34>  >>>> POPAN
<Jan20-2022> <16:23:34>  >>>> DEBYE
<Jan20-2022> <16:23:35>  >>>> ENGRAD
<Jan20-2022> <16:24:24>  current energy                               -2.33554961 Hartree
<Jan20-2022> <16:24:24>  energy change                      -0.00065493     0.00012000    F
<Jan20-2022> <16:24:24>  constrained gradient max            0.01890639     0.00100000    F
<Jan20-2022> <16:24:24>  constrained gradient rms            0.00441338     0.00066667    F
<Jan20-2022> <16:24:24>  gradient max                        0.01890639
<Jan20-2022> <16:24:24>  gradient rms                        0.00441338
<Jan20-2022> <16:24:24>  cart. step max                      0.03893074     0.01000000    F
<Jan20-2022> <16:24:24>  cart. step rms                      0.01323652     0.00666667    F
<Jan20-2022> <16:24:24>  Iteration 11
<Jan20-2022> <16:24:24>  *** GOStep11 ***
<Jan20-2022> <16:24:24>  >>>> FRAGM
<Jan20-2022> <16:24:24>  Coordinates
<Jan20-2022> <16:24:24>     Atom         X           Y           Z   (Angstrom)
<Jan20-2022> <16:24:24>     1.C         0.828590   -0.260169    0.888115
<Jan20-2022> <16:24:24>     2.C         0.924516   -0.228552   -0.451705
<Jan20-2022> <16:24:24>     3.C        -1.591247   -0.464437   -1.295864
<Jan20-2022> <16:24:24>     4.H         0.827227   -1.198685    1.435705
<Jan20-2022> <16:24:24>     5.C         0.727036    0.984257    1.645062
<Jan20-2022> <16:24:24>     6.H        -1.752184   -1.427477   -0.826847
<Jan20-2022> <16:24:24>     7.H         0.973227    0.670836   -1.060241
<Jan20-2022> <16:24:24>     8.H        -1.345769   -0.437015   -2.351129
<Jan20-2022> <16:24:24>     9.H        -2.022246    0.416488   -0.834665
<Jan20-2022> <16:24:24>    10.O         0.665707    1.047426    2.863285
<Jan20-2022> <16:24:24>    11.F         1.095199   -1.333756   -1.185211
<Jan20-2022> <16:24:24>    12.H         0.726139    1.918665    1.030285
<Jan20-2022> <16:24:24>  >>>> CORORT
<Jan20-2022> <16:24:24>  >>>> CLSMAT
<Jan20-2022> <16:24:24>  >>>> ORTHON
<Jan20-2022> <16:24:24>  >>>> GENPT
<Jan20-2022> <16:24:24>  Block Length= 128
<Jan20-2022> <16:24:25>  >>>> PTBAS
<Jan20-2022> <16:24:37>  >>>> CYCLE
<Jan20-2022> <16:24:51>  using orbital data from restart file
<Jan20-2022> <16:25:17>              |Error|         MaxErr       Wt(A-DIIS)
<Jan20-2022> <16:25:17>      1      0.08185813      0.01083721
<Jan20-2022> <16:25:51>      2      0.00707676      0.00058770    100.0
<Jan20-2022> <16:26:26>      3      0.00936442      0.00100440    100.0
<Jan20-2022> <16:27:01>      4      0.00504090      0.00078721      0.0
<Jan20-2022> <16:27:35>      5      0.00226732      0.00028435      0.0
<Jan20-2022> <16:28:10>      6      0.00056047      0.00007365      0.0
<Jan20-2022> <16:28:44>      7      0.00052049      0.00007124      0.0
<Jan20-2022> <16:29:18>      8      0.00016664      0.00002790      0.0
<Jan20-2022> <16:29:53>      9      0.00007530      0.00001107      0.0
<Jan20-2022> <16:30:28>     10      0.00004221      0.00000484      0.0
<Jan20-2022> <16:31:03>     11      0.00001431      0.00000110      0.0
<Jan20-2022> <16:31:37>     12      0.00000624      0.00000040      0.0
<Jan20-2022> <16:31:46>  SCF converged
<Jan20-2022> <16:32:12>     13      0.00000165      0.00000017      0.0
<Jan20-2022> <16:32:21>  >>>> TOTEN
<Jan20-2022> <16:33:00>  >>>> POPAN
<Jan20-2022> <16:33:00>  >>>> DEBYE
<Jan20-2022> <16:33:00>  >>>> ENGRAD
<Jan20-2022> <16:33:49>  current energy                               -2.33602078 Hartree
<Jan20-2022> <16:33:49>  energy change                      -0.00047118     0.00012000    F
<Jan20-2022> <16:33:49>  constrained gradient max            0.02026388     0.00100000    F
<Jan20-2022> <16:33:49>  constrained gradient rms            0.00444344     0.00066667    F
<Jan20-2022> <16:33:49>  gradient max                        0.02026388
<Jan20-2022> <16:33:49>  gradient rms                        0.00444344
<Jan20-2022> <16:33:49>  cart. step max                      0.03122617     0.01000000    F
<Jan20-2022> <16:33:49>  cart. step rms                      0.01288018     0.00666667    F
<Jan20-2022> <16:33:49>  Iteration 12
<Jan20-2022> <16:33:50>  *** GOStep12 ***
<Jan20-2022> <16:33:50>  >>>> FRAGM
<Jan20-2022> <16:33:50>  Coordinates
<Jan20-2022> <16:33:50>     Atom         X           Y           Z   (Angstrom)
<Jan20-2022> <16:33:50>     1.C         0.829124   -0.261273    0.886701
<Jan20-2022> <16:33:50>     2.C         0.908940   -0.227695   -0.455585
<Jan20-2022> <16:33:50>     3.C        -1.580532   -0.460328   -1.294917
<Jan20-2022> <16:33:50>     4.H         0.845249   -1.201681    1.430889
<Jan20-2022> <16:33:50>     5.C         0.716914    0.978911    1.648387
<Jan20-2022> <16:33:50>     6.H        -1.758273   -1.406619   -0.798634
<Jan20-2022> <16:33:50>     7.H         0.955280    0.672324   -1.063335
<Jan20-2022> <16:33:50>     8.H        -1.336369   -0.468242   -2.350803
<Jan20-2022> <16:33:50>     9.H        -2.000816    0.439627   -0.861326
<Jan20-2022> <16:33:50>    10.O         0.675866    1.037878    2.867956
<Jan20-2022> <16:33:50>    11.F         1.094588   -1.331007   -1.190159
<Jan20-2022> <16:33:50>    12.H         0.706223    1.915685    1.037615
<Jan20-2022> <16:33:50>  >>>> CORORT
<Jan20-2022> <16:33:50>  >>>> CLSMAT
<Jan20-2022> <16:33:50>  >>>> ORTHON
<Jan20-2022> <16:33:50>  >>>> GENPT
<Jan20-2022> <16:33:50>  Block Length= 128
<Jan20-2022> <16:33:51>  >>>> PTBAS
<Jan20-2022> <16:34:02>  >>>> CYCLE
<Jan20-2022> <16:34:16>  using orbital data from restart file
<Jan20-2022> <16:34:42>              |Error|         MaxErr       Wt(A-DIIS)
<Jan20-2022> <16:34:42>      1      0.06203735      0.01032096
<Jan20-2022> <16:35:16>      2      0.00545429      0.00047612    100.0
<Jan20-2022> <16:35:51>      3      0.00646138      0.00058538    100.0
<Jan20-2022> <16:36:25>      4      0.00284533      0.00039550      0.0
<Jan20-2022> <16:37:00>      5      0.00094715      0.00010780      0.0
<Jan20-2022> <16:37:34>      6      0.00071382      0.00012192      0.0
<Jan20-2022> <16:38:09>      7      0.00020670      0.00002774      0.0
<Jan20-2022> <16:38:43>      8      0.00011125      0.00001105      0.0
<Jan20-2022> <16:39:17>      9      0.00005187      0.00000505      0.0
<Jan20-2022> <16:39:52>     10      0.00002235      0.00000208      0.0
<Jan20-2022> <16:40:26>     11      0.00000866      0.00000094      0.0
<Jan20-2022> <16:40:35>  SCF converged
<Jan20-2022> <16:41:01>     12      0.00000373      0.00000026      0.0
<Jan20-2022> <16:41:10>  >>>> TOTEN
<Jan20-2022> <16:41:48>  >>>> POPAN
<Jan20-2022> <16:41:48>  >>>> DEBYE
<Jan20-2022> <16:41:49>  >>>> ENGRAD
<Jan20-2022> <16:42:38>  current energy                               -2.33570529 Hartree
<Jan20-2022> <16:42:38>  energy change                       0.00031549     0.00012000    F
<Jan20-2022> <16:42:38>  constrained gradient max            0.01990766     0.00100000    F
<Jan20-2022> <16:42:38>  constrained gradient rms            0.00450957     0.00066667    F
<Jan20-2022> <16:42:38>  gradient max                        0.01990766
<Jan20-2022> <16:42:38>  gradient rms                        0.00450957
<Jan20-2022> <16:42:38>  cart. step max                      0.01424662     0.01000000    F
<Jan20-2022> <16:42:38>  cart. step rms                      0.00689252     0.00666667    F
<Jan20-2022> <16:42:38>  Iteration 13
<Jan20-2022> <16:42:39>  *** GOStep13 ***
<Jan20-2022> <16:42:39>  >>>> FRAGM
<Jan20-2022> <16:42:39>  Coordinates
<Jan20-2022> <16:42:39>     Atom         X           Y           Z   (Angstrom)
<Jan20-2022> <16:42:39>     1.C         0.829034   -0.260000    0.887245
<Jan20-2022> <16:42:39>     2.C         0.919525   -0.226861   -0.453608
<Jan20-2022> <16:42:39>     3.C        -1.588565   -0.463626   -1.296184
<Jan20-2022> <16:42:39>     4.H         0.834022   -1.199922    1.432436
<Jan20-2022> <16:42:39>     5.C         0.720497    0.981733    1.647537
<Jan20-2022> <16:42:39>     6.H        -1.756284   -1.417577   -0.811256
<Jan20-2022> <16:42:39>     7.H         0.969527    0.673109   -1.061207
<Jan20-2022> <16:42:39>     8.H        -1.343668   -0.455733   -2.351897
<Jan20-2022> <16:42:39>     9.H        -2.014071    0.427675   -0.850062
<Jan20-2022> <16:42:39>    10.O         0.671673    1.041859    2.866586
<Jan20-2022> <16:42:39>    11.F         1.095371   -1.331034   -1.188547
<Jan20-2022> <16:42:39>    12.H         0.719133    1.917957    1.035747
<Jan20-2022> <16:42:39>  >>>> CORORT
<Jan20-2022> <16:42:39>  >>>> CLSMAT
<Jan20-2022> <16:42:39>  >>>> ORTHON
<Jan20-2022> <16:42:39>  >>>> GENPT
<Jan20-2022> <16:42:39>  Block Length= 128
<Jan20-2022> <16:42:40>  >>>> PTBAS
<Jan20-2022> <16:42:52>  >>>> CYCLE
<Jan20-2022> <16:43:06>  using orbital data from restart file
<Jan20-2022> <16:43:31>              |Error|         MaxErr       Wt(A-DIIS)
<Jan20-2022> <16:43:31>      1      0.03079326      0.00390257
<Jan20-2022> <16:44:06>      2      0.00288915      0.00028652    100.0
<Jan20-2022> <16:44:41>      3      0.00455473      0.00044886    100.0
<Jan20-2022> <16:45:15>      4      0.00173071      0.00020556      0.0
<Jan20-2022> <16:45:50>      5      0.00079218      0.00010889      0.0
<Jan20-2022> <16:46:25>      6      0.00028727      0.00003911      0.0
<Jan20-2022> <16:47:00>      7      0.00017055      0.00002705      0.0
<Jan20-2022> <16:47:34>      8      0.00008799      0.00001111      0.0
<Jan20-2022> <16:48:09>      9      0.00003640      0.00000358      0.0
<Jan20-2022> <16:48:43>     10      0.00001639      0.00000114      0.0
<Jan20-2022> <16:49:18>     11      0.00000338      0.00000023      0.0
<Jan20-2022> <16:49:27>  SCF converged
<Jan20-2022> <16:49:53>     12      0.00000155      0.00000013      0.0
<Jan20-2022> <16:50:02>  >>>> TOTEN
<Jan20-2022> <16:50:41>  >>>> POPAN
<Jan20-2022> <16:50:41>  >>>> DEBYE
<Jan20-2022> <16:50:41>  >>>> ENGRAD
<Jan20-2022> <16:51:32>  current energy                               -2.33591069 Hartree
<Jan20-2022> <16:51:32>  energy change                      -0.00020540     0.00012000    F
<Jan20-2022> <16:51:32>  constrained gradient max            0.02009125     0.00100000    F
<Jan20-2022> <16:51:32>  constrained gradient rms            0.00452663     0.00066667    F
<Jan20-2022> <16:51:32>  gradient max                        0.02009125
<Jan20-2022> <16:51:32>  gradient rms                        0.00452663
<Jan20-2022> <16:51:32>  cart. step max                      0.02774456     0.01000000    F
<Jan20-2022> <16:51:32>  cart. step rms                      0.01396249     0.00666667    F
<Jan20-2022> <16:51:32>  Iteration 14
<Jan20-2022> <16:51:32>  *** GOStep14 ***
<Jan20-2022> <16:51:32>  >>>> FRAGM
<Jan20-2022> <16:51:32>  Coordinates
<Jan20-2022> <16:51:32>     Atom         X           Y           Z   (Angstrom)
<Jan20-2022> <16:51:32>     1.C         0.828417   -0.257098    0.888805
<Jan20-2022> <16:51:32>     2.C         0.937719   -0.225531   -0.449431
<Jan20-2022> <16:51:32>     3.C        -1.604749   -0.470608   -1.299547
<Jan20-2022> <16:51:32>     4.H         0.812698   -1.195844    1.435761
<Jan20-2022> <16:51:32>     5.C         0.727956    0.987802    1.646253
<Jan20-2022> <16:51:32>     6.H        -1.751917   -1.439739   -0.838784
<Jan20-2022> <16:51:32>     7.H         0.997131    0.674090   -1.056887
<Jan20-2022> <16:51:32>     8.H        -1.358353   -0.429633   -2.354124
<Jan20-2022> <16:51:32>     9.H        -2.040526    0.402194   -0.827680
<Jan20-2022> <16:51:32>    10.O         0.664105    1.050445    2.864189
<Jan20-2022> <16:51:32>    11.F         1.096836   -1.331263   -1.184540
<Jan20-2022> <16:51:32>    12.H         0.746877    1.922767    1.032774
<Jan20-2022> <16:51:32>  >>>> CORORT
<Jan20-2022> <16:51:32>  >>>> CLSMAT
<Jan20-2022> <16:51:32>  >>>> ORTHON
<Jan20-2022> <16:51:32>  >>>> GENPT
<Jan20-2022> <16:51:32>  Block Length= 128
<Jan20-2022> <16:51:33>  >>>> PTBAS
<Jan20-2022> <16:51:45>  >>>> CYCLE
<Jan20-2022> <16:51:59>  using orbital data from restart file
<Jan20-2022> <16:52:25>              |Error|         MaxErr       Wt(A-DIIS)
<Jan20-2022> <16:52:25>      1      0.05761127      0.00743200
<Jan20-2022> <16:52:59>      2      0.00558566      0.00052554    100.0
<Jan20-2022> <16:53:33>      3      0.00939411      0.00090985    100.0
<Jan20-2022> <16:54:07>      4      0.00305795      0.00037288      0.0
<Jan20-2022> <16:54:42>      5      0.00153686      0.00020343      0.0
<Jan20-2022> <16:55:16>      6      0.00048751      0.00006844      0.0
<Jan20-2022> <16:55:51>      7      0.00030906      0.00005020      0.0
<Jan20-2022> <16:56:26>      8      0.00015590      0.00002016      0.0
<Jan20-2022> <16:57:01>      9      0.00006780      0.00000715      0.0
<Jan20-2022> <16:57:35>     10      0.00002632      0.00000176      0.0
<Jan20-2022> <16:58:10>     11      0.00000535      0.00000042      0.0
<Jan20-2022> <16:58:19>  SCF converged
<Jan20-2022> <16:58:44>     12      0.00000136      0.00000015      0.0
<Jan20-2022> <16:58:53>  >>>> TOTEN
<Jan20-2022> <16:59:31>  >>>> POPAN
<Jan20-2022> <16:59:31>  >>>> DEBYE
<Jan20-2022> <16:59:31>  >>>> ENGRAD
<Jan20-2022> <17:00:21>  current energy                               -2.33630366 Hartree
<Jan20-2022> <17:00:21>  energy change                      -0.00039297     0.00012000    F
<Jan20-2022> <17:00:21>  constrained gradient max            0.02014508     0.00100000    F
<Jan20-2022> <17:00:21>  constrained gradient rms            0.00453676     0.00066667    F
<Jan20-2022> <17:00:21>  gradient max                        0.02014508
<Jan20-2022> <17:00:21>  gradient rms                        0.00453676
<Jan20-2022> <17:00:21>  cart. step max                      0.03050362     0.01000000    F
<Jan20-2022> <17:00:21>  cart. step rms                      0.01374152     0.00666667    F
<Jan20-2022> <17:00:21>  Iteration 15
<Jan20-2022> <17:00:22>  *** GOStep15 ***
<Jan20-2022> <17:00:22>  >>>> FRAGM
<Jan20-2022> <17:00:22>  Coordinates
<Jan20-2022> <17:00:22>     Atom         X           Y           Z   (Angstrom)
<Jan20-2022> <17:00:22>     1.C         0.827606   -0.254010    0.890872
<Jan20-2022> <17:00:22>     2.C         0.951859   -0.225411   -0.445285
<Jan20-2022> <17:00:22>     3.C        -1.619516   -0.477066   -1.303209
<Jan20-2022> <17:00:22>     4.H         0.794258   -1.191136    1.439792
<Jan20-2022> <17:00:22>     5.C         0.734927    0.994169    1.644993
<Jan20-2022> <17:00:22>     6.H        -1.746719   -1.461219   -0.869287
<Jan20-2022> <17:00:22>     7.H         1.021831    0.673294   -1.053171
<Jan20-2022> <17:00:22>     8.H        -1.371978   -0.400786   -2.355531
<Jan20-2022> <17:00:22>     9.H        -2.065119    0.375513   -0.804489
<Jan20-2022> <17:00:22>    10.O         0.657759    1.059999    2.861774
<Jan20-2022> <17:00:22>    11.F         1.097773   -1.333089   -1.179486
<Jan20-2022> <17:00:22>    12.H         0.773514    1.927325    1.029816
<Jan20-2022> <17:00:22>  >>>> CORORT
<Jan20-2022> <17:00:22>  >>>> CLSMAT
<Jan20-2022> <17:00:22>  >>>> ORTHON
<Jan20-2022> <17:00:22>  >>>> GENPT
<Jan20-2022> <17:00:22>  Block Length= 128
<Jan20-2022> <17:00:23>  >>>> PTBAS
<Jan20-2022> <17:00:34>  >>>> CYCLE
<Jan20-2022> <17:00:48>  using orbital data from restart file
<Jan20-2022> <17:01:14>              |Error|         MaxErr       Wt(A-DIIS)
<Jan20-2022> <17:01:14>      1      0.05143725      0.00650590
<Jan20-2022> <17:01:49>      2      0.00504275      0.00044345    100.0
<Jan20-2022> <17:02:24>      3      0.00900732      0.00086452    100.0
<Jan20-2022> <17:02:59>      4      0.00241584      0.00028359      0.0
<Jan20-2022> <17:03:33>      5      0.00141220      0.00019301      0.0
<Jan20-2022> <17:04:08>      6      0.00045133      0.00006191      0.0
<Jan20-2022> <17:04:42>      7      0.00025033      0.00003786      0.0
<Jan20-2022> <17:05:17>      8      0.00012464      0.00001677      0.0
<Jan20-2022> <17:05:51>      9      0.00005278      0.00000536      0.0
<Jan20-2022> <17:06:26>     10      0.00001926      0.00000124      0.0
<Jan20-2022> <17:07:01>     11      0.00000485      0.00000038      0.0
<Jan20-2022> <17:07:10>  SCF converged
<Jan20-2022> <17:07:36>     12      0.00000187      0.00000018      0.0
<Jan20-2022> <17:07:45>  >>>> TOTEN
<Jan20-2022> <17:08:24>  >>>> POPAN
<Jan20-2022> <17:08:24>  >>>> DEBYE
<Jan20-2022> <17:08:24>  >>>> ENGRAD
<Jan20-2022> <17:09:13>  current energy                               -2.33665104 Hartree
<Jan20-2022> <17:09:13>  energy change                      -0.00034738     0.00012000    F
<Jan20-2022> <17:09:13>  constrained gradient max            0.01993645     0.00100000    F
<Jan20-2022> <17:09:13>  constrained gradient rms            0.00450100     0.00066667    F
<Jan20-2022> <17:09:13>  gradient max                        0.01993645
<Jan20-2022> <17:09:13>  gradient rms                        0.00450100
<Jan20-2022> <17:09:13>  cart. step max                      0.03415957     0.01000000    F
<Jan20-2022> <17:09:13>  cart. step rms                      0.01303980     0.00666667    F
<Jan20-2022> <17:09:13>  Iteration 16
<Jan20-2022> <17:09:13>  *** GOStep16 ***
<Jan20-2022> <17:09:13>  >>>> FRAGM
<Jan20-2022> <17:09:13>  Coordinates
<Jan20-2022> <17:09:13>     Atom         X           Y           Z   (Angstrom)
<Jan20-2022> <17:09:13>     1.C         0.826812   -0.251191    0.893581
<Jan20-2022> <17:09:13>     2.C         0.959007   -0.228024   -0.441604
<Jan20-2022> <17:09:13>     3.C        -1.630070   -0.481374   -1.306326
<Jan20-2022> <17:09:13>     4.H         0.782449   -1.186175    1.445385
<Jan20-2022> <17:09:13>     5.C         0.739816    1.000614    1.643079
<Jan20-2022> <17:09:13>     6.H        -1.739864   -1.480630   -0.903447
<Jan20-2022> <17:09:13>     7.H         1.039041    0.668693   -1.051334
<Jan20-2022> <17:09:13>     8.H        -1.381911   -0.366734   -2.355000
<Jan20-2022> <17:09:13>     9.H        -2.084745    0.348888   -0.779110
<Jan20-2022> <17:09:13>    10.O         0.652904    1.070905    2.858852
<Jan20-2022> <17:09:13>    11.F         1.097725   -1.338537   -1.172790
<Jan20-2022> <17:09:13>    12.H         0.795030    1.931148    1.025502
<Jan20-2022> <17:09:13>  >>>> CORORT
<Jan20-2022> <17:09:13>  >>>> CLSMAT
<Jan20-2022> <17:09:13>  >>>> ORTHON
<Jan20-2022> <17:09:13>  >>>> GENPT
<Jan20-2022> <17:09:14>  Block Length= 128
<Jan20-2022> <17:09:14>  >>>> PTBAS
<Jan20-2022> <17:09:26>  >>>> CYCLE
<Jan20-2022> <17:09:40>  using orbital data from restart file
<Jan20-2022> <17:10:06>              |Error|         MaxErr       Wt(A-DIIS)
<Jan20-2022> <17:10:06>      1      0.04203314      0.00477209
<Jan20-2022> <17:10:40>      2      0.00433677      0.00033446    100.0
<Jan20-2022> <17:11:15>      3      0.00888586      0.00090825    100.0
<Jan20-2022> <17:11:50>      4      0.00192270      0.00018414      0.0
<Jan20-2022> <17:12:24>      5      0.00118436      0.00017166      0.0
<Jan20-2022> <17:12:59>      6      0.00041994      0.00005035      0.0
<Jan20-2022> <17:13:34>      7      0.00015430      0.00002061      0.0
<Jan20-2022> <17:14:08>      8      0.00008812      0.00001205      0.0
<Jan20-2022> <17:14:43>      9      0.00002958      0.00000329      0.0
<Jan20-2022> <17:15:18>     10      0.00001013      0.00000088      0.0
<Jan20-2022> <17:15:53>     11      0.00000507      0.00000035      0.0
<Jan20-2022> <17:16:02>  SCF converged
<Jan20-2022> <17:16:27>     12      0.00000231      0.00000017      0.0
<Jan20-2022> <17:16:36>  >>>> TOTEN
<Jan20-2022> <17:17:15>  >>>> POPAN
<Jan20-2022> <17:17:15>  >>>> DEBYE
<Jan20-2022> <17:17:15>  >>>> ENGRAD
<Jan20-2022> <17:18:05>  current energy                               -2.33689674 Hartree
<Jan20-2022> <17:18:05>  energy change                      -0.00024570     0.00012000    F
<Jan20-2022> <17:18:05>  constrained gradient max            0.01957970     0.00100000    F
<Jan20-2022> <17:18:05>  constrained gradient rms            0.00443827     0.00066667    F
<Jan20-2022> <17:18:06>  gradient max                        0.01957970
<Jan20-2022> <17:18:06>  gradient rms                        0.00443827
<Jan20-2022> <17:18:06>  cart. step max                      0.03667625     0.01000000    F
<Jan20-2022> <17:18:06>  cart. step rms                      0.01484319     0.00666667    F
<Jan20-2022> <17:18:06>  Iteration 17
<Jan20-2022> <17:18:06>  *** GOStep17 ***
<Jan20-2022> <17:18:06>  >>>> FRAGM
<Jan20-2022> <17:18:06>  Coordinates
<Jan20-2022> <17:18:06>     Atom         X           Y           Z   (Angstrom)
<Jan20-2022> <17:18:06>     1.C         0.827023   -0.254564    0.892349
<Jan20-2022> <17:18:06>     2.C         0.934629   -0.232906   -0.446362
<Jan20-2022> <17:18:06>     3.C        -1.609598   -0.471906   -1.301576
<Jan20-2022> <17:18:06>     4.H         0.810906   -1.190427    1.444314
<Jan20-2022> <17:18:06>     5.C         0.728228    0.995181    1.642675
<Jan20-2022> <17:18:06>     6.H        -1.741810   -1.460895   -0.880290
<Jan20-2022> <17:18:06>     7.H         1.002365    0.663640   -1.057555
<Jan20-2022> <17:18:06>     8.H        -1.361246   -0.383552   -2.352777
<Jan20-2022> <17:18:06>     9.H        -2.055846    0.375319   -0.794349
<Jan20-2022> <17:18:06>    10.O         0.658911    1.064148    2.859970
<Jan20-2022> <17:18:06>    11.F         1.095913   -1.342953   -1.174986
<Jan20-2022> <17:18:06>    12.H         0.766718    1.926495    1.025376
<Jan20-2022> <17:18:06>  >>>> CORORT
<Jan20-2022> <17:18:06>  >>>> CLSMAT
<Jan20-2022> <17:18:06>  >>>> ORTHON
<Jan20-2022> <17:18:06>  >>>> GENPT
<Jan20-2022> <17:18:06>  Block Length= 128
<Jan20-2022> <17:18:07>  >>>> PTBAS
<Jan20-2022> <17:18:19>  >>>> CYCLE
<Jan20-2022> <17:18:33>  using orbital data from restart file
<Jan20-2022> <17:18:58>              |Error|         MaxErr       Wt(A-DIIS)
<Jan20-2022> <17:18:58>      1      0.06832438      0.00872569
<Jan20-2022> <17:19:32>      2      0.00684250      0.00072816    100.0
<Jan20-2022> <17:20:06>      3      0.00715533      0.00068236    100.0
<Jan20-2022> <17:20:41>      4      0.00419445      0.00060843      0.0
