<Jan18-2022> <14:32:29>  AMS 2021.102  RunTime: Jan18-2022 14:32:29  ShM Nodes: 1  Procs: 16
<Jan18-2022> <14:32:30>  ADF 2021.102  RunTime: Jan18-2022 14:32:30  ShM Nodes: 1  Procs: 16
<Jan18-2022> <14:32:30>  *** (NO TITLE) ***
<Jan18-2022> <14:32:30>  Iteration 1
<Jan18-2022> <14:32:30>  DIRAC 2021.102  RunTime: Jan18-2022 14:32:30  ShM Nodes: 1  Procs: 1
<Jan18-2022> <14:32:30>  Carbon (TZ2P)
<Jan18-2022> <14:32:30>  Net Charge: 0 (Nuclei minus Electrons)
<Jan18-2022> <14:32:30>  Symmetry  : ATOM
<Jan18-2022> <14:32:30>  Coordinates
<Jan18-2022> <14:32:30>     Atom         X           Y           Z   (Angstrom)
<Jan18-2022> <14:32:30>     1.C         0.000000    0.000000    0.000000
<Jan18-2022> <14:32:30>  >>>> CORORT
<Jan18-2022> <14:32:30>  >>>> CLSMAT
<Jan18-2022> <14:32:30>  >>>> ORTHON
<Jan18-2022> <14:32:30>  >>>> GENPT
<Jan18-2022> <14:32:30>  Block Length=  72
<Jan18-2022> <14:32:30>  >>>> PTBAS
<Jan18-2022> <14:32:30>  >>>> CYCLE
<Jan18-2022> <14:32:30>              |Error|         MaxErr       Wt(A-DIIS)
<Jan18-2022> <14:32:30>      1      0.00000000      0.00000000
<Jan18-2022> <14:32:30>      2      4.48405934      3.32161898    100.0
<Jan18-2022> <14:32:30>      3      1.60718414      1.28408746    100.0
<Jan18-2022> <14:32:30>      4      0.76426456      0.62272052    100.0
<Jan18-2022> <14:32:30>      5      0.36119063      0.28553990    100.0
<Jan18-2022> <14:32:30>      6      0.14821424      0.11559867    100.0
<Jan18-2022> <14:32:30>      7      0.10108424      0.07867111     78.5
<Jan18-2022> <14:32:30>      8      0.01786531      0.01387049     13.0
<Jan18-2022> <14:32:30>      9      0.00195746      0.00153262      0.5
<Jan18-2022> <14:32:30>     10      0.00001058      0.00000730      0.0
<Jan18-2022> <14:32:30>     11      0.00000047      0.00000027      0.0
<Jan18-2022> <14:32:30>     12      0.00000003      0.00000002      0.0
<Jan18-2022> <14:32:30>     13      0.00000000      0.00000000      0.0
<Jan18-2022> <14:32:30>  SCF converged
<Jan18-2022> <14:32:30>     14      0.00000000      0.00000000      0.0
<Jan18-2022> <14:32:30>  >>>> POPAN
<Jan18-2022> <14:32:30>  >>>> DEBYE
<Jan18-2022> <14:32:31>  DIRAC 2021.102  RunTime: Jan18-2022 14:32:31  ShM Nodes: 1  Procs: 1
<Jan18-2022> <14:32:31>  Hydrogen (TZ2P)
<Jan18-2022> <14:32:31>  Net Charge: 0 (Nuclei minus Electrons)
<Jan18-2022> <14:32:31>  Symmetry  : ATOM
<Jan18-2022> <14:32:31>  Coordinates
<Jan18-2022> <14:32:31>     Atom         X           Y           Z   (Angstrom)
<Jan18-2022> <14:32:31>     1.H         0.000000    0.000000    0.000000
<Jan18-2022> <14:32:31>  >>>> CORORT
<Jan18-2022> <14:32:31>  >>>> CLSMAT
<Jan18-2022> <14:32:31>  >>>> ORTHON
<Jan18-2022> <14:32:31>  >>>> GENPT
<Jan18-2022> <14:32:31>  Block Length=  64
<Jan18-2022> <14:32:31>  >>>> PTBAS
<Jan18-2022> <14:32:31>  >>>> CYCLE
<Jan18-2022> <14:32:31>              |Error|         MaxErr       Wt(A-DIIS)
<Jan18-2022> <14:32:31>      1      0.00000000      0.00000000
<Jan18-2022> <14:32:31>      2      0.03080019      0.02591482
<Jan18-2022> <14:32:31>      3      0.01140383      0.01135775    100.0
<Jan18-2022> <14:32:31>      4      0.00327656      0.00327407      2.3
<Jan18-2022> <14:32:31>      5      0.00010041      0.00009754      0.0
<Jan18-2022> <14:32:31>      6      0.00000525      0.00000504      0.0
<Jan18-2022> <14:32:31>      7      0.00000007      0.00000007      0.0
<Jan18-2022> <14:32:31>      8      0.00000000      0.00000000      0.0
<Jan18-2022> <14:32:31>  SCF converged
<Jan18-2022> <14:32:31>      9      0.00000000      0.00000000      0.0
<Jan18-2022> <14:32:31>  >>>> POPAN
<Jan18-2022> <14:32:31>  >>>> DEBYE
<Jan18-2022> <14:32:31>  DIRAC 2021.102  RunTime: Jan18-2022 14:32:31  ShM Nodes: 1  Procs: 1
<Jan18-2022> <14:32:31>  Oxygen (TZ2P)
<Jan18-2022> <14:32:31>  Net Charge: 0 (Nuclei minus Electrons)
<Jan18-2022> <14:32:31>  Symmetry  : ATOM
<Jan18-2022> <14:32:31>  Coordinates
<Jan18-2022> <14:32:31>     Atom         X           Y           Z   (Angstrom)
<Jan18-2022> <14:32:31>     1.O         0.000000    0.000000    0.000000
<Jan18-2022> <14:32:31>  >>>> CORORT
<Jan18-2022> <14:32:31>  >>>> CLSMAT
<Jan18-2022> <14:32:31>  >>>> ORTHON
<Jan18-2022> <14:32:31>  >>>> GENPT
<Jan18-2022> <14:32:31>  Block Length=  68
<Jan18-2022> <14:32:31>  >>>> PTBAS
<Jan18-2022> <14:32:31>  >>>> CYCLE
<Jan18-2022> <14:32:31>              |Error|         MaxErr       Wt(A-DIIS)
<Jan18-2022> <14:32:31>      1      0.00000000      0.00000000
<Jan18-2022> <14:32:31>      2      8.77210307      5.53374266    100.0
<Jan18-2022> <14:32:31>      3      3.60058093      2.49154808    100.0
<Jan18-2022> <14:32:31>      4      1.20505529      0.62472425    100.0
<Jan18-2022> <14:32:31>      5      1.46502638      0.81213311    100.0
<Jan18-2022> <14:32:31>      6      0.15089362      0.09131786     91.2
<Jan18-2022> <14:32:31>      7      0.14397311      0.08251182     82.3
<Jan18-2022> <14:32:31>      8      0.00183259      0.00123681      0.2
<Jan18-2022> <14:32:31>      9      0.00015629      0.00008105      0.0
<Jan18-2022> <14:32:31>     10      0.00001324      0.00000629      0.0
<Jan18-2022> <14:32:32>     11      0.00000006      0.00000003      0.0
<Jan18-2022> <14:32:32>     12      0.00000000      0.00000000      0.0
<Jan18-2022> <14:32:32>  SCF converged
<Jan18-2022> <14:32:32>     13      0.00000000      0.00000000      0.0
<Jan18-2022> <14:32:32>  >>>> POPAN
<Jan18-2022> <14:32:32>  >>>> DEBYE
<Jan18-2022> <14:32:32>  *** GOStep1 ***
<Jan18-2022> <14:32:32>  >>>> FRAGM
<Jan18-2022> <14:32:32>  Coordinates
<Jan18-2022> <14:32:32>     Atom         X           Y           Z   (Angstrom)
<Jan18-2022> <14:32:32>     1.C         0.816680   -0.234719    0.881975
<Jan18-2022> <14:32:32>     2.C         0.816784   -0.234131   -0.477193
<Jan18-2022> <14:32:32>     3.C        -1.531600   -0.469980   -1.308576
<Jan18-2022> <14:32:32>     4.H         0.856362   -1.163867    1.448593
<Jan18-2022> <14:32:32>     5.C         0.738934    1.000635    1.660143
<Jan18-2022> <14:32:32>     6.H        -1.752243   -1.423246   -0.843669
<Jan18-2022> <14:32:32>     7.H         0.865401    0.701495   -1.028794
<Jan18-2022> <14:32:32>     8.H         0.997413   -1.142386   -1.042113
<Jan18-2022> <14:32:32>     9.H        -1.295721   -0.453222   -2.366756
<Jan18-2022> <14:32:32>    10.H        -1.934372    0.427296   -0.854856
<Jan18-2022> <14:32:32>    11.O         0.730889    1.056221    2.881649
<Jan18-2022> <14:32:32>    12.H         0.691474    1.935905    1.049596
<Jan18-2022> <14:32:32>  >>>> CORORT
<Jan18-2022> <14:32:32>  >>>> CLSMAT
<Jan18-2022> <14:32:32>  >>>> ORTHON
<Jan18-2022> <14:32:32>  >>>> GENPT
<Jan18-2022> <14:32:32>  Block Length= 128
<Jan18-2022> <14:32:32>  >>>> PTBAS
<Jan18-2022> <14:32:33>  >>>> CYCLE
<Jan18-2022> <14:32:40>              |Error|         MaxErr       Wt(A-DIIS)
<Jan18-2022> <14:32:40>      1      5.02448919      0.52387086
<Jan18-2022> <14:32:43>      2      0.89572706      0.09851188    100.0
<Jan18-2022> <14:32:46>      3      0.47854866      0.04405379    100.0
<Jan18-2022> <14:32:49>      4      0.67077757      0.07445385    100.0
<Jan18-2022> <14:32:52>      5      0.14197955      0.02167141     20.9
<Jan18-2022> <14:32:55>      6      0.14618443      0.02335860     20.9
<Jan18-2022> <14:32:58>      7      0.02516574      0.00255736      1.6
<Jan18-2022> <14:33:02>      8      0.00856976      0.00121342      0.2
<Jan18-2022> <14:33:05>      9      0.00591174      0.00091991      0.0
<Jan18-2022> <14:33:08>     10      0.00175322      0.00017830      0.0
<Jan18-2022> <14:33:11>     11      0.00088008      0.00006818      0.0
<Jan18-2022> <14:33:14>     12      0.00026818      0.00002196      0.0
<Jan18-2022> <14:33:17>     13      0.00009011      0.00000966      0.0
<Jan18-2022> <14:33:20>     14      0.00003492      0.00000474      0.0
<Jan18-2022> <14:33:23>     15      0.00001101      0.00000104      0.0
<Jan18-2022> <14:33:26>     16      0.00000677      0.00000067      0.0
<Jan18-2022> <14:33:27>  SCF converged
<Jan18-2022> <14:33:29>     17      0.00000200      0.00000013      0.0
<Jan18-2022> <14:33:30>  >>>> TOTEN
<Jan18-2022> <14:33:34>  >>>> POPAN
<Jan18-2022> <14:33:34>  >>>> DEBYE
<Jan18-2022> <14:33:34>  >>>> ENGRAD
<Jan18-2022> <14:33:38>  current energy                               -2.32806329 Hartree
<Jan18-2022> <14:33:38>  energy change                      -2.32806329     0.00012000    F
<Jan18-2022> <14:33:38>  constrained gradient max            0.00000221     0.00100000    T
<Jan18-2022> <14:33:38>  constrained gradient rms            0.00000068     0.00066667    T
<Jan18-2022> <14:33:38>  gradient max                        0.00000221
<Jan18-2022> <14:33:38>  gradient rms                        0.00000068
<Jan18-2022> <14:33:38>  cart. step max                      0.00000425     0.01000000    T
<Jan18-2022> <14:33:38>  cart. step rms                      0.00000155     0.00666667    T
<Jan18-2022> <14:33:38>  Geometry optimization converged
<Jan18-2022> <14:33:38>  *** adf ***
<Jan18-2022> <14:33:38>  Net Charge: 0 (Nuclei minus Electrons)
<Jan18-2022> <14:33:38>  Spin polar: 1 (Spin_A minus Spin_B electrons)
<Jan18-2022> <14:33:38>  Symmetry  : NOSYM
<Jan18-2022> <14:33:38>  >>>> FRAGM
<Jan18-2022> <14:33:38>  Coordinates
<Jan18-2022> <14:33:38>     Atom         X           Y           Z   (Angstrom)
<Jan18-2022> <14:33:38>     1.C         0.816680   -0.234719    0.881975
<Jan18-2022> <14:33:38>     2.C         0.816784   -0.234131   -0.477193
<Jan18-2022> <14:33:38>     3.C        -1.531600   -0.469980   -1.308576
<Jan18-2022> <14:33:38>     4.H         0.856362   -1.163867    1.448593
<Jan18-2022> <14:33:38>     5.C         0.738934    1.000635    1.660143
<Jan18-2022> <14:33:38>     6.H        -1.752243   -1.423246   -0.843669
<Jan18-2022> <14:33:38>     7.H         0.865401    0.701495   -1.028794
<Jan18-2022> <14:33:38>     8.H         0.997413   -1.142386   -1.042113
<Jan18-2022> <14:33:38>     9.H        -1.295721   -0.453222   -2.366756
<Jan18-2022> <14:33:38>    10.H        -1.934372    0.427296   -0.854856
<Jan18-2022> <14:33:38>    11.O         0.730889    1.056221    2.881649
<Jan18-2022> <14:33:38>    12.H         0.691474    1.935905    1.049596
<Jan18-2022> <14:33:38>  >>>> CORORT
<Jan18-2022> <14:33:38>  >>>> CLSMAT
<Jan18-2022> <14:33:38>  >>>> ORTHON
<Jan18-2022> <14:33:38>  >>>> GENPT
<Jan18-2022> <14:33:38>  Block Length= 128
<Jan18-2022> <14:33:38>  >>>> PTBAS
<Jan18-2022> <14:33:39>  >>>> CYCLE
<Jan18-2022> <14:33:44>  using orbital data from restart file
<Jan18-2022> <14:33:46>              |Error|         MaxErr       Wt(A-DIIS)
<Jan18-2022> <14:33:46>      1      0.00000233      0.00000058
<Jan18-2022> <14:33:49>      2      0.00000748      0.00000170    100.0
<Jan18-2022> <14:33:52>      3      0.00000112      0.00000026    100.0
<Jan18-2022> <14:33:54>  SCF converged
<Jan18-2022> <14:33:56>      4      0.00000339      0.00000080      0.0
<Jan18-2022> <14:33:58>  >>>> TOTEN
<Jan18-2022> <14:34:04>  >>>> POPAN
<Jan18-2022> <14:34:04>  >>>> DEBYE
<Jan18-2022> <14:34:04>  >>>> AMETS
<Jan18-2022> <14:34:04>   Bond Energy          -2.32806329 a.u.
<Jan18-2022> <14:34:04>   Bond Energy         -63.34982544 eV
<Jan18-2022> <14:34:04>   Bond Energy       -1460.88       kcal/mol
<Jan18-2022> <14:34:04>  >>>> POPUL
<Jan18-2022> <14:34:04>  >>>> ENGRAD
<Jan18-2022> <14:34:08>  >>>> ENHESS
<Jan18-2022> <14:34:10>  === NUCLEUS:     1
<Jan18-2022> <14:36:03>  === NUCLEUS:     2
<Jan18-2022> <14:37:57>  === NUCLEUS:     3
<Jan18-2022> <14:39:44>  === NUCLEUS:     4
<Jan18-2022> <14:41:36>  === NUCLEUS:     5
<Jan18-2022> <14:43:13>  === NUCLEUS:     6
<Jan18-2022> <14:44:52>  === NUCLEUS:     7
<Jan18-2022> <14:46:33>  === NUCLEUS:     8
<Jan18-2022> <14:48:14>  === NUCLEUS:     9
<Jan18-2022> <14:49:50>  === NUCLEUS:    10
<Jan18-2022> <14:51:41>  === NUCLEUS:    11
<Jan18-2022> <14:53:23>  === NUCLEUS:    12
<Jan18-2022> <14:55:09>  >>>> CALC_HESS_PMAT
<Jan18-2022> <14:55:21>  >>>> CALC_HESS_WMAT
<Jan18-2022> <14:55:22>  Scanning mode: 7
<Jan18-2022> <14:55:23>  *** SCANMODE_forward_adf_ScanMode_7 ***
<Jan18-2022> <14:55:23>  >>>> FRAGM
<Jan18-2022> <14:55:23>  Coordinates
<Jan18-2022> <14:55:23>     Atom         X           Y           Z   (Angstrom)
<Jan18-2022> <14:55:23>     1.C         0.816758   -0.234726    0.882004
<Jan18-2022> <14:55:23>     2.C         0.817012   -0.234116   -0.477118
<Jan18-2022> <14:55:23>     3.C        -1.531888   -0.470010   -1.308713
<Jan18-2022> <14:55:23>     4.H         0.856411   -1.163871    1.448629
<Jan18-2022> <14:55:23>     5.C         0.738954    1.000644    1.660166
<Jan18-2022> <14:55:23>     6.H        -1.752376   -1.423274   -0.843735
<Jan18-2022> <14:55:23>     7.H         0.865485    0.701509   -1.028734
<Jan18-2022> <14:55:23>     8.H         0.997474   -1.142380   -1.042076
<Jan18-2022> <14:55:23>     9.H        -1.295903   -0.453242   -2.366865
<Jan18-2022> <14:55:23>    10.H        -1.934506    0.427295   -0.854923
<Jan18-2022> <14:55:23>    11.O         0.730876    1.056233    2.881663
<Jan18-2022> <14:55:23>    12.H         0.691488    1.935906    1.049607
<Jan18-2022> <14:55:23>  >>>> CORORT
<Jan18-2022> <14:55:23>  >>>> CLSMAT
<Jan18-2022> <14:55:23>  >>>> ORTHON
<Jan18-2022> <14:55:23>  >>>> GENPT
<Jan18-2022> <14:55:23>  Block Length= 128
<Jan18-2022> <14:55:23>  >>>> PTBAS
<Jan18-2022> <14:55:25>  >>>> CYCLE
<Jan18-2022> <14:55:30>  using orbital data from restart file
<Jan18-2022> <14:55:34>              |Error|         MaxErr       Wt(A-DIIS)
<Jan18-2022> <14:55:34>      1      0.00043493      0.00007037
<Jan18-2022> <14:55:40>      2      0.00009291      0.00001023    100.0
<Jan18-2022> <14:55:46>      3      0.00004788      0.00000468    100.0
<Jan18-2022> <14:55:52>      4      0.00005680      0.00000519      0.0
<Jan18-2022> <14:55:58>      5      0.00003336      0.00000498      0.0
<Jan18-2022> <14:56:04>      6      0.00001464      0.00000206      0.0
<Jan18-2022> <14:56:11>      7      0.00000788      0.00000127      0.0
<Jan18-2022> <14:56:17>      8      0.00000214      0.00000024      0.0
<Jan18-2022> <14:56:18>  SCF converged
<Jan18-2022> <14:56:23>      9      0.00000142      0.00000014      0.0
<Jan18-2022> <14:56:25>  >>>> TOTEN
<Jan18-2022> <14:56:31>  >>>> POPAN
<Jan18-2022> <14:56:31>  >>>> DEBYE
<Jan18-2022> <14:56:31>  >>>> ENGRAD
<Jan18-2022> <14:57:28>  PES point character: Geometry corresponds to a transition state.
<Jan18-2022> <14:57:28>  Transition state search successful!
<Jan18-2022> <14:57:28>  NORMAL TERMINATION
