<Jan18-2022> <14:25:03>  AMS 2021.102  RunTime: Jan18-2022 14:25:03  ShM Nodes: 1  Procs: 4
<Jan18-2022> <14:25:03>  ADF 2021.102  RunTime: Jan18-2022 14:25:03  ShM Nodes: 1  Procs: 4
<Jan18-2022> <14:25:03>  *** (NO TITLE) ***
<Jan18-2022> <14:25:03>  Symmetry detected: C(S)
<Jan18-2022> <14:25:03>  Iteration 1
<Jan18-2022> <14:25:04>  DIRAC 2021.102  RunTime: Jan18-2022 14:25:04  ShM Nodes: 1  Procs: 1
<Jan18-2022> <14:25:04>  Hydrogen (TZ2P)
<Jan18-2022> <14:25:04>  Net Charge: 0 (Nuclei minus Electrons)
<Jan18-2022> <14:25:04>  Symmetry  : ATOM
<Jan18-2022> <14:25:04>  Coordinates
<Jan18-2022> <14:25:04>     Atom         X           Y           Z   (Angstrom)
<Jan18-2022> <14:25:04>     1.H         0.000000    0.000000    0.000000
<Jan18-2022> <14:25:04>  >>>> CORORT
<Jan18-2022> <14:25:04>  >>>> CLSMAT
<Jan18-2022> <14:25:04>  >>>> ORTHON
<Jan18-2022> <14:25:04>  >>>> GENPT
<Jan18-2022> <14:25:04>  Block Length=  64
<Jan18-2022> <14:25:04>  >>>> PTBAS
<Jan18-2022> <14:25:04>  >>>> CYCLE
<Jan18-2022> <14:25:04>              |Error|         MaxErr       Wt(A-DIIS)
<Jan18-2022> <14:25:04>      1      0.00000000      0.00000000
<Jan18-2022> <14:25:04>      2      0.03080019      0.02591482
<Jan18-2022> <14:25:04>      3      0.01140383      0.01135775    100.0
<Jan18-2022> <14:25:04>      4      0.00327656      0.00327407      2.3
<Jan18-2022> <14:25:04>      5      0.00010041      0.00009754      0.0
<Jan18-2022> <14:25:04>      6      0.00000525      0.00000504      0.0
<Jan18-2022> <14:25:04>      7      0.00000007      0.00000007      0.0
<Jan18-2022> <14:25:04>      8      0.00000000      0.00000000      0.0
<Jan18-2022> <14:25:04>  SCF converged
<Jan18-2022> <14:25:04>      9      0.00000000      0.00000000      0.0
<Jan18-2022> <14:25:04>  >>>> POPAN
<Jan18-2022> <14:25:04>  >>>> DEBYE
<Jan18-2022> <14:25:04>  DIRAC 2021.102  RunTime: Jan18-2022 14:25:04  ShM Nodes: 1  Procs: 1
<Jan18-2022> <14:25:04>  Carbon (TZ2P)
<Jan18-2022> <14:25:04>  Net Charge: 0 (Nuclei minus Electrons)
<Jan18-2022> <14:25:04>  Symmetry  : ATOM
<Jan18-2022> <14:25:04>  Coordinates
<Jan18-2022> <14:25:04>     Atom         X           Y           Z   (Angstrom)
<Jan18-2022> <14:25:04>     1.C         0.000000    0.000000    0.000000
<Jan18-2022> <14:25:04>  >>>> CORORT
<Jan18-2022> <14:25:04>  >>>> CLSMAT
<Jan18-2022> <14:25:04>  >>>> ORTHON
<Jan18-2022> <14:25:04>  >>>> GENPT
<Jan18-2022> <14:25:04>  Block Length=  72
<Jan18-2022> <14:25:04>  >>>> PTBAS
<Jan18-2022> <14:25:04>  >>>> CYCLE
<Jan18-2022> <14:25:05>              |Error|         MaxErr       Wt(A-DIIS)
<Jan18-2022> <14:25:05>      1      0.00000000      0.00000000
<Jan18-2022> <14:25:05>      2      4.48405934      3.32161898    100.0
<Jan18-2022> <14:25:05>      3      1.60718414      1.28408746    100.0
<Jan18-2022> <14:25:05>      4      0.76426456      0.62272052    100.0
<Jan18-2022> <14:25:05>      5      0.36119063      0.28553990    100.0
<Jan18-2022> <14:25:05>      6      0.14821424      0.11559867    100.0
<Jan18-2022> <14:25:05>      7      0.10108424      0.07867111     78.5
<Jan18-2022> <14:25:05>      8      0.01786531      0.01387049     13.0
<Jan18-2022> <14:25:05>      9      0.00195746      0.00153262      0.5
<Jan18-2022> <14:25:05>     10      0.00001058      0.00000730      0.0
<Jan18-2022> <14:25:05>     11      0.00000047      0.00000027      0.0
<Jan18-2022> <14:25:05>     12      0.00000003      0.00000002      0.0
<Jan18-2022> <14:25:05>     13      0.00000000      0.00000000      0.0
<Jan18-2022> <14:25:05>  SCF converged
<Jan18-2022> <14:25:05>     14      0.00000000      0.00000000      0.0
<Jan18-2022> <14:25:05>  >>>> POPAN
<Jan18-2022> <14:25:05>  >>>> DEBYE
<Jan18-2022> <14:25:05>  *** GOStep1 ***
<Jan18-2022> <14:25:05>  >>>> FRAGM
<Jan18-2022> <14:25:05>  Coordinates
<Jan18-2022> <14:25:05>     Atom         X           Y           Z   (Angstrom)
<Jan18-2022> <14:25:05>     1.H         2.053570   -0.803441    0.000000
<Jan18-2022> <14:25:05>     2.C         0.972937   -0.695741    0.000000
<Jan18-2022> <14:25:05>     3.H         0.663467   -0.150351    0.886617
<Jan18-2022> <14:25:05>     4.H         0.663467   -0.150351   -0.886617
<Jan18-2022> <14:25:05>  >>>> CORORT
<Jan18-2022> <14:25:05>  >>>> CLSMAT
<Jan18-2022> <14:25:05>  >>>> ORTHON
<Jan18-2022> <14:25:05>  >>>> GENPT
<Jan18-2022> <14:25:05>  Block Length= 128
<Jan18-2022> <14:25:05>  >>>> PTBAS
<Jan18-2022> <14:25:05>  >>>> CYCLE
<Jan18-2022> <14:25:07>              |Error|         MaxErr       Wt(A-DIIS)
<Jan18-2022> <14:25:07>      1      2.00467373      0.39140062
<Jan18-2022> <14:25:08>      2      0.47362857      0.05531900    100.0
<Jan18-2022> <14:25:10>      3      0.21742201      0.02889289    100.0
<Jan18-2022> <14:25:11>      4      0.18328881      0.02145491     20.7
<Jan18-2022> <14:25:12>      5      0.01040330      0.00147885      0.5
<Jan18-2022> <14:25:13>      6      0.00172861      0.00024472      0.0
<Jan18-2022> <14:25:15>      7      0.00030376      0.00003630      0.0
<Jan18-2022> <14:25:16>      8      0.00004398      0.00000539      0.0
<Jan18-2022> <14:25:17>      9      0.00000482      0.00000064      0.0
<Jan18-2022> <14:25:17>  SCF converged
<Jan18-2022> <14:25:18>     10      0.00000072      0.00000007      0.0
<Jan18-2022> <14:25:19>  >>>> TOTEN
<Jan18-2022> <14:25:20>  >>>> POPAN
<Jan18-2022> <14:25:20>  >>>> DEBYE
<Jan18-2022> <14:25:20>  >>>> ENGRAD
<Jan18-2022> <14:25:21>  current energy                               -0.63690995 Hartree
<Jan18-2022> <14:25:21>  energy change                      -0.63690995     0.00004000    F
<Jan18-2022> <14:25:21>  constrained gradient max            0.06185481     0.00100000    F
<Jan18-2022> <14:25:21>  constrained gradient rms            0.02441215     0.00066667    F
<Jan18-2022> <14:25:21>  gradient max                        0.06185481
<Jan18-2022> <14:25:21>  gradient rms                        0.02441215
<Jan18-2022> <14:25:21>  cart. step max                      0.02883742     0.01000000    F
<Jan18-2022> <14:25:21>  cart. step rms                      0.01414142     0.00666667    F
<Jan18-2022> <14:25:21>  Iteration 2
<Jan18-2022> <14:25:21>  *** GOStep2 ***
<Jan18-2022> <14:25:21>  >>>> FRAGM
<Jan18-2022> <14:25:22>  Coordinates
<Jan18-2022> <14:25:22>     Atom         X           Y           Z   (Angstrom)
<Jan18-2022> <14:25:22>     1.H         2.065939   -0.820979    0.000000
<Jan18-2022> <14:25:22>     2.C         0.986466   -0.666904    0.000000
<Jan18-2022> <14:25:22>     3.H         0.650518   -0.156001    0.902825
<Jan18-2022> <14:25:22>     4.H         0.650518   -0.156001   -0.902825
<Jan18-2022> <14:25:22>  >>>> CORORT
<Jan18-2022> <14:25:22>  >>>> CLSMAT
<Jan18-2022> <14:25:22>  >>>> ORTHON
<Jan18-2022> <14:25:22>  >>>> GENPT
<Jan18-2022> <14:25:22>  Block Length= 128
<Jan18-2022> <14:25:22>  >>>> PTBAS
<Jan18-2022> <14:25:22>  >>>> CYCLE
<Jan18-2022> <14:25:23>  using orbital data from restart file
<Jan18-2022> <14:25:24>              |Error|         MaxErr       Wt(A-DIIS)
<Jan18-2022> <14:25:24>      1      0.03588561      0.00547703
<Jan18-2022> <14:25:25>      2      0.01186681      0.00160941    100.0
<Jan18-2022> <14:25:26>      3      0.00803244      0.00112337    100.0
<Jan18-2022> <14:25:28>      4      0.00561988      0.00091908      0.0
<Jan18-2022> <14:25:29>      5      0.00040949      0.00005200      0.0
<Jan18-2022> <14:25:30>      6      0.00007561      0.00001050      0.0
<Jan18-2022> <14:25:31>      7      0.00000848      0.00000133      0.0
<Jan18-2022> <14:25:33>      8      0.00000093      0.00000012      0.0
<Jan18-2022> <14:25:33>  SCF converged
<Jan18-2022> <14:25:34>      9      0.00000007      0.00000001      0.0
<Jan18-2022> <14:25:34>  >>>> TOTEN
<Jan18-2022> <14:25:36>  >>>> POPAN
<Jan18-2022> <14:25:36>  >>>> DEBYE
<Jan18-2022> <14:25:36>  >>>> ENGRAD
<Jan18-2022> <14:25:37>  current energy                               -0.64028672 Hartree
<Jan18-2022> <14:25:37>  energy change                      -0.00337677     0.00004000    F
<Jan18-2022> <14:25:37>  constrained gradient max            0.05329406     0.00100000    F
<Jan18-2022> <14:25:37>  constrained gradient rms            0.01992711     0.00066667    F
<Jan18-2022> <14:25:37>  gradient max                        0.05329406
<Jan18-2022> <14:25:37>  gradient rms                        0.01992711
<Jan18-2022> <14:25:37>  cart. step max                      0.05694344     0.01000000    F
<Jan18-2022> <14:25:37>  cart. step rms                      0.02381471     0.00666667    F
<Jan18-2022> <14:25:37>  Iteration 3
<Jan18-2022> <14:25:37>  *** GOStep3 ***
<Jan18-2022> <14:25:37>  >>>> FRAGM
<Jan18-2022> <14:25:37>  Coordinates
<Jan18-2022> <14:25:37>     Atom         X           Y           Z   (Angstrom)
<Jan18-2022> <14:25:37>     1.H         2.077431   -0.849535    0.000000
<Jan18-2022> <14:25:37>     2.C         1.013175   -0.609960    0.000000
<Jan18-2022> <14:25:37>     3.H         0.631417   -0.170195    0.922442
<Jan18-2022> <14:25:37>     4.H         0.631417   -0.170195   -0.922442
<Jan18-2022> <14:25:37>  >>>> CORORT
<Jan18-2022> <14:25:37>  >>>> CLSMAT
<Jan18-2022> <14:25:37>  >>>> ORTHON
<Jan18-2022> <14:25:37>  >>>> GENPT
<Jan18-2022> <14:25:37>  Block Length= 128
<Jan18-2022> <14:25:37>  >>>> PTBAS
<Jan18-2022> <14:25:37>  >>>> CYCLE
<Jan18-2022> <14:25:38>  using orbital data from restart file
<Jan18-2022> <14:25:39>              |Error|         MaxErr       Wt(A-DIIS)
<Jan18-2022> <14:25:39>      1      0.06551701      0.01050076
<Jan18-2022> <14:25:40>      2      0.02460443      0.00351153    100.0
<Jan18-2022> <14:25:42>      3      0.01668748      0.00246352    100.0
<Jan18-2022> <14:25:43>      4      0.01126004      0.00202180      1.0
<Jan18-2022> <14:25:44>      5      0.00070307      0.00011449      0.0
<Jan18-2022> <14:25:45>      6      0.00021576      0.00002098      0.0
<Jan18-2022> <14:25:47>      7      0.00003908      0.00000549      0.0
<Jan18-2022> <14:25:48>      8      0.00000723      0.00000100      0.0
<Jan18-2022> <14:25:49>      9      0.00000105      0.00000014      0.0
<Jan18-2022> <14:25:49>  SCF converged
<Jan18-2022> <14:25:50>     10      0.00000013      0.00000001      0.0
<Jan18-2022> <14:25:51>  >>>> TOTEN
<Jan18-2022> <14:25:52>  >>>> POPAN
<Jan18-2022> <14:25:52>  >>>> DEBYE
<Jan18-2022> <14:25:52>  >>>> ENGRAD
<Jan18-2022> <14:25:53>  current energy                               -0.64441743 Hartree
<Jan18-2022> <14:25:53>  energy change                      -0.00413072     0.00004000    F
<Jan18-2022> <14:25:53>  constrained gradient max            0.03321901     0.00100000    F
<Jan18-2022> <14:25:53>  constrained gradient rms            0.01225768     0.00066667    F
<Jan18-2022> <14:25:53>  gradient max                        0.03321901
<Jan18-2022> <14:25:53>  gradient rms                        0.01225768
<Jan18-2022> <14:25:53>  cart. step max                      0.05964284     0.01000000    F
<Jan18-2022> <14:25:53>  cart. step rms                      0.02265679     0.00666667    F
<Jan18-2022> <14:25:53>  Iteration 4
<Jan18-2022> <14:25:53>  *** GOStep4 ***
<Jan18-2022> <14:25:53>  >>>> FRAGM
<Jan18-2022> <14:25:53>  Coordinates
<Jan18-2022> <14:25:53>     Atom         X           Y           Z   (Angstrom)
<Jan18-2022> <14:25:53>     1.H         2.078142   -0.874137    0.000000
<Jan18-2022> <14:25:53>     2.C         1.041196   -0.550317    0.000000
<Jan18-2022> <14:25:53>     3.H         0.617051   -0.187715    0.932062
<Jan18-2022> <14:25:53>     4.H         0.617051   -0.187715   -0.932062
<Jan18-2022> <14:25:53>  >>>> CORORT
<Jan18-2022> <14:25:53>  >>>> CLSMAT
<Jan18-2022> <14:25:53>  >>>> ORTHON
<Jan18-2022> <14:25:53>  >>>> GENPT
<Jan18-2022> <14:25:53>  Block Length= 128
<Jan18-2022> <14:25:54>  >>>> PTBAS
<Jan18-2022> <14:25:54>  >>>> CYCLE
<Jan18-2022> <14:25:55>  using orbital data from restart file
<Jan18-2022> <14:25:56>              |Error|         MaxErr       Wt(A-DIIS)
<Jan18-2022> <14:25:56>      1      0.07157655      0.01341316
<Jan18-2022> <14:25:57>      2      0.02889002      0.00423208    100.0
<Jan18-2022> <14:25:59>      3      0.01940955      0.00296822    100.0
<Jan18-2022> <14:26:00>      4      0.01350161      0.00245185      1.5
<Jan18-2022> <14:26:01>      5      0.00077108      0.00013170      0.0
<Jan18-2022> <14:26:02>      6      0.00007442      0.00000749      0.0
<Jan18-2022> <14:26:04>      7      0.00002286      0.00000303      0.0
<Jan18-2022> <14:26:05>      8      0.00001423      0.00000194      0.0
<Jan18-2022> <14:26:06>      9      0.00000134      0.00000020      0.0
<Jan18-2022> <14:26:06>  SCF converged
<Jan18-2022> <14:26:07>     10      0.00000017      0.00000002      0.0
<Jan18-2022> <14:26:08>  >>>> TOTEN
<Jan18-2022> <14:26:09>  >>>> POPAN
<Jan18-2022> <14:26:09>  >>>> DEBYE
<Jan18-2022> <14:26:09>  >>>> ENGRAD
<Jan18-2022> <14:26:10>  current energy                               -0.64666905 Hartree
<Jan18-2022> <14:26:10>  energy change                      -0.00225162     0.00004000    F
<Jan18-2022> <14:26:10>  constrained gradient max            0.01579539     0.00100000    F
<Jan18-2022> <14:26:10>  constrained gradient rms            0.00584213     0.00066667    F
<Jan18-2022> <14:26:10>  gradient max                        0.01579539
<Jan18-2022> <14:26:10>  gradient rms                        0.00584213
<Jan18-2022> <14:26:10>  cart. step max                      0.04815478     0.01000000    F
<Jan18-2022> <14:26:10>  cart. step rms                      0.01782597     0.00666667    F
<Jan18-2022> <14:26:10>  Iteration 5
<Jan18-2022> <14:26:10>  *** GOStep5 ***
<Jan18-2022> <14:26:10>  >>>> FRAGM
<Jan18-2022> <14:26:10>  Coordinates
<Jan18-2022> <14:26:10>     Atom         X           Y           Z   (Angstrom)
<Jan18-2022> <14:26:10>     1.H         2.073847   -0.891715    0.000000
<Jan18-2022> <14:26:10>     2.C         1.063828   -0.502163    0.000000
<Jan18-2022> <14:26:10>     3.H         0.607883   -0.203003    0.935148
<Jan18-2022> <14:26:10>     4.H         0.607883   -0.203003   -0.935148
<Jan18-2022> <14:26:10>  >>>> CORORT
<Jan18-2022> <14:26:10>  >>>> CLSMAT
<Jan18-2022> <14:26:10>  >>>> ORTHON
<Jan18-2022> <14:26:10>  >>>> GENPT
<Jan18-2022> <14:26:10>  Block Length= 128
<Jan18-2022> <14:26:11>  >>>> PTBAS
<Jan18-2022> <14:26:11>  >>>> CYCLE
<Jan18-2022> <14:26:12>  using orbital data from restart file
<Jan18-2022> <14:26:13>              |Error|         MaxErr       Wt(A-DIIS)
<Jan18-2022> <14:26:13>      1      0.05913978      0.01104641
<Jan18-2022> <14:26:14>      2      0.02574253      0.00381870    100.0
<Jan18-2022> <14:26:15>      3      0.01719303      0.00267447    100.0
<Jan18-2022> <14:26:16>      4      0.01223240      0.00222164      1.2
<Jan18-2022> <14:26:18>      5      0.00067303      0.00011224      0.0
<Jan18-2022> <14:26:19>      6      0.00009834      0.00001381      0.0
<Jan18-2022> <14:26:20>      7      0.00003254      0.00000419      0.0
<Jan18-2022> <14:26:21>      8      0.00000203      0.00000022      0.0
<Jan18-2022> <14:26:22>  SCF converged
<Jan18-2022> <14:26:23>      9      0.00000054      0.00000007      0.0
<Jan18-2022> <14:26:23>  >>>> TOTEN
<Jan18-2022> <14:26:24>  >>>> POPAN
<Jan18-2022> <14:26:24>  >>>> DEBYE
<Jan18-2022> <14:26:24>  >>>> ENGRAD
<Jan18-2022> <14:26:25>  current energy                               -0.64750834 Hartree
<Jan18-2022> <14:26:25>  energy change                      -0.00083929     0.00004000    F
<Jan18-2022> <14:26:25>  constrained gradient max            0.00656423     0.00100000    F
<Jan18-2022> <14:26:25>  constrained gradient rms            0.00251907     0.00066667    F
<Jan18-2022> <14:26:25>  gradient max                        0.00656423
<Jan18-2022> <14:26:25>  gradient rms                        0.00251907
<Jan18-2022> <14:26:25>  cart. step max                      0.03549106     0.01000000    F
<Jan18-2022> <14:26:25>  cart. step rms                      0.01309542     0.00666667    F
<Jan18-2022> <14:26:25>  Iteration 6
<Jan18-2022> <14:26:26>  *** GOStep6 ***
<Jan18-2022> <14:26:26>  >>>> FRAGM
<Jan18-2022> <14:26:26>  Coordinates
<Jan18-2022> <14:26:26>     Atom         X           Y           Z   (Angstrom)
<Jan18-2022> <14:26:26>     1.H         2.069654   -0.904190    0.000000
<Jan18-2022> <14:26:26>     2.C         1.080525   -0.466672    0.000000
<Jan18-2022> <14:26:26>     3.H         0.601631   -0.214511    0.936417
<Jan18-2022> <14:26:26>     4.H         0.601631   -0.214511   -0.936417
<Jan18-2022> <14:26:26>  >>>> CORORT
<Jan18-2022> <14:26:26>  >>>> CLSMAT
<Jan18-2022> <14:26:26>  >>>> ORTHON
<Jan18-2022> <14:26:26>  >>>> GENPT
<Jan18-2022> <14:26:26>  Block Length= 128
<Jan18-2022> <14:26:26>  >>>> PTBAS
<Jan18-2022> <14:26:26>  >>>> CYCLE
<Jan18-2022> <14:26:27>  using orbital data from restart file
<Jan18-2022> <14:26:28>              |Error|         MaxErr       Wt(A-DIIS)
<Jan18-2022> <14:26:28>      1      0.04328501      0.00788186
<Jan18-2022> <14:26:29>      2      0.02005528      0.00297836    100.0
<Jan18-2022> <14:26:31>      3      0.00575803      0.00108197    100.0
<Jan18-2022> <14:26:32>      4      0.00381909      0.00074350      0.0
<Jan18-2022> <14:26:33>      5      0.00135026      0.00018105      0.0
<Jan18-2022> <14:26:34>      6      0.00003265      0.00000326      0.0
<Jan18-2022> <14:26:36>      7      0.00000182      0.00000023      0.0
<Jan18-2022> <14:26:36>  SCF converged
<Jan18-2022> <14:26:37>      8      0.00000035      0.00000005      0.0
<Jan18-2022> <14:26:37>  >>>> TOTEN
<Jan18-2022> <14:26:39>  >>>> POPAN
<Jan18-2022> <14:26:39>  >>>> DEBYE
<Jan18-2022> <14:26:39>  >>>> ENGRAD
<Jan18-2022> <14:26:40>  current energy                               -0.64775278 Hartree
<Jan18-2022> <14:26:40>  energy change                      -0.00024444     0.00004000    F
<Jan18-2022> <14:26:40>  constrained gradient max            0.00191964     0.00100000    F
<Jan18-2022> <14:26:40>  constrained gradient rms            0.00116993     0.00066667    F
<Jan18-2022> <14:26:40>  gradient max                        0.00191964
<Jan18-2022> <14:26:40>  gradient rms                        0.00116993
<Jan18-2022> <14:26:40>  cart. step max                      0.01471972     0.01000000    F
<Jan18-2022> <14:26:40>  cart. step rms                      0.00544413     0.00666667    T
<Jan18-2022> <14:26:40>  Iteration 7
<Jan18-2022> <14:26:40>  *** GOStep7 ***
<Jan18-2022> <14:26:40>  >>>> FRAGM
<Jan18-2022> <14:26:40>  Coordinates
<Jan18-2022> <14:26:40>     Atom         X           Y           Z   (Angstrom)
<Jan18-2022> <14:26:40>     1.H         2.068254   -0.909522    0.000000
<Jan18-2022> <14:26:40>     2.C         1.087439   -0.451952    0.000000
<Jan18-2022> <14:26:40>     3.H         0.598874   -0.219205    0.937291
<Jan18-2022> <14:26:40>     4.H         0.598874   -0.219205   -0.937291
<Jan18-2022> <14:26:40>  >>>> CORORT
<Jan18-2022> <14:26:40>  >>>> CLSMAT
<Jan18-2022> <14:26:40>  >>>> ORTHON
<Jan18-2022> <14:26:40>  >>>> GENPT
<Jan18-2022> <14:26:40>  Block Length= 128
<Jan18-2022> <14:26:40>  >>>> PTBAS
<Jan18-2022> <14:26:40>  >>>> CYCLE
<Jan18-2022> <14:26:42>  using orbital data from restart file
<Jan18-2022> <14:26:43>              |Error|         MaxErr       Wt(A-DIIS)
<Jan18-2022> <14:26:43>      1      0.01809418      0.00323182
<Jan18-2022> <14:26:44>      2      0.00844104      0.00125417    100.0
<Jan18-2022> <14:26:45>      3      0.00618908      0.00108521    100.0
<Jan18-2022> <14:26:46>      4      0.00220472      0.00029530      0.0
<Jan18-2022> <14:26:48>      5      0.00055766      0.00007451      0.0
<Jan18-2022> <14:26:49>      6      0.00001847      0.00000223      0.0
<Jan18-2022> <14:26:50>      7      0.00000057      0.00000008      0.0
<Jan18-2022> <14:26:50>  SCF converged
<Jan18-2022> <14:26:51>      8      0.00000007      0.00000001      0.0
<Jan18-2022> <14:26:52>  >>>> TOTEN
<Jan18-2022> <14:26:53>  >>>> POPAN
<Jan18-2022> <14:26:53>  >>>> DEBYE
<Jan18-2022> <14:26:53>  >>>> ENGRAD
<Jan18-2022> <14:26:54>  current energy                               -0.64778218 Hartree
<Jan18-2022> <14:26:54>  energy change                      -0.00002940     0.00004000    T
<Jan18-2022> <14:26:54>  constrained gradient max            0.00072908     0.00100000    T
<Jan18-2022> <14:26:54>  constrained gradient rms            0.00042768     0.00066667    T
<Jan18-2022> <14:26:54>  gradient max                        0.00072908
<Jan18-2022> <14:26:54>  gradient rms                        0.00042768
<Jan18-2022> <14:26:54>  cart. step max                      0.00190630     0.01000000    T
<Jan18-2022> <14:26:54>  cart. step rms                      0.00074549     0.00666667    T
<Jan18-2022> <14:26:54>  Geometry optimization converged
<Jan18-2022> <14:26:54>  *** adf ***
<Jan18-2022> <14:26:54>  Net Charge: 0 (Nuclei minus Electrons)
<Jan18-2022> <14:26:54>  Spin polar: 1 (Spin_A minus Spin_B electrons)
<Jan18-2022> <14:26:54>  Symmetry  : NOSYM
<Jan18-2022> <14:26:54>  >>>> FRAGM
<Jan18-2022> <14:26:54>  Coordinates
<Jan18-2022> <14:26:54>     Atom         X           Y           Z   (Angstrom)
<Jan18-2022> <14:26:54>     1.H         2.068254   -0.909522    0.000000
<Jan18-2022> <14:26:54>     2.C         1.087439   -0.451952    0.000000
<Jan18-2022> <14:26:54>     3.H         0.598874   -0.219205    0.937291
<Jan18-2022> <14:26:54>     4.H         0.598874   -0.219205   -0.937291
<Jan18-2022> <14:26:54>  >>>> CORORT
<Jan18-2022> <14:26:55>  >>>> CLSMAT
<Jan18-2022> <14:26:55>  >>>> ORTHON
<Jan18-2022> <14:26:55>  >>>> GENPT
<Jan18-2022> <14:26:55>  Block Length= 128
<Jan18-2022> <14:26:55>  >>>> PTBAS
<Jan18-2022> <14:26:55>  >>>> CYCLE
<Jan18-2022> <14:26:56>  using orbital data from restart file
<Jan18-2022> <14:26:57>              |Error|         MaxErr       Wt(A-DIIS)
<Jan18-2022> <14:26:57>      1      0.00000001      0.00000000
<Jan18-2022> <14:26:58>      2      0.00000001      0.00000000    100.0
<Jan18-2022> <14:26:58>  SCF converged
<Jan18-2022> <14:26:59>      3      0.00000000      0.00000000    100.0
<Jan18-2022> <14:27:01>  >>>> TOTEN
<Jan18-2022> <14:27:03>  >>>> POPAN
<Jan18-2022> <14:27:03>  >>>> DEBYE
<Jan18-2022> <14:27:03>  >>>> AMETS
<Jan18-2022> <14:27:03>   Bond Energy          -0.64778218 a.u.
<Jan18-2022> <14:27:03>   Bond Energy         -17.62704991 eV
<Jan18-2022> <14:27:03>   Bond Energy        -406.49       kcal/mol
<Jan18-2022> <14:27:03>  >>>> POPUL
<Jan18-2022> <14:27:03>  >>>> ENGRAD
<Jan18-2022> <14:27:04>  >>>> ENHESS
<Jan18-2022> <14:27:05>  === NUCLEUS:     1
<Jan18-2022> <14:27:32>  === NUCLEUS:     2
<Jan18-2022> <14:28:03>  === NUCLEUS:     3
<Jan18-2022> <14:28:35>  === NUCLEUS:     4
<Jan18-2022> <14:29:00>  >>>> CALC_HESS_PMAT
<Jan18-2022> <14:29:02>  >>>> CALC_HESS_WMAT
<Jan18-2022> <14:29:03>  PES point character: Geometry corresponds to a local minimum on the PES.
<Jan18-2022> <14:29:03>  Geometry optimization successful!
<Jan18-2022> <14:29:03>  NORMAL TERMINATION
