Beginning Reaction no_catalyst_H_H
[20:21:32] PLAMS working folder: /scistor/tc/yhk800/MasterProject/scripts/plams_workdir.002
Found 4 molecules to calculate:
	Rsub: /scistor/tc/yhk800/MasterProject/resources/xyz/no_catalyst/H_H/Rsub.xyz
	Rrad: /scistor/tc/yhk800/MasterProject/resources/xyz/no_catalyst/Rrad.xyz
	TS: /scistor/tc/yhk800/MasterProject/resources/xyz/no_catalyst/H_H/TS.xyz
	P: /scistor/tc/yhk800/MasterProject/resources/xyz/no_catalyst/H_H/P.xyz
Pre-optimizing molecules ...
[20:21:32] JOB Rsub_preopt STARTED
[20:21:32] JOB Rsub_preopt RUNNING
[20:21:33] JOB Rsub_preopt FINISHED
[20:21:33] JOB Rsub_preopt SUCCESSFUL
[20:21:33] JOB Rrad_preopt STARTED
[20:21:33] JOB Rrad_preopt RUNNING
[20:21:34] JOB Rrad_preopt FINISHED
[20:21:34] JOB Rrad_preopt SUCCESSFUL
[20:21:34] JOB TS_preopt STARTED
[20:21:34] JOB TS_preopt RUNNING
[20:21:37] JOB TS_preopt FINISHED
[20:21:37] JOB TS_preopt SUCCESSFUL
[20:21:37] JOB P_preopt STARTED
[20:21:37] JOB P_preopt RUNNING
[20:21:38] JOB P_preopt FINISHED
[20:21:38] JOB P_preopt SUCCESSFUL
[20:21:38] PLAMS run finished. Goodbye
