<Jan28-2022> <10:52:13>  AMS 2021.102  RunTime: Jan28-2022 10:52:13  ShM Nodes: 1  Procs: 4
<Jan28-2022> <10:52:14>  ADF 2021.102  RunTime: Jan28-2022 10:52:14  ShM Nodes: 1  Procs: 4
<Jan28-2022> <10:52:14>  *** (NO TITLE) ***
<Jan28-2022> <10:52:14>  Iteration 1
<Jan28-2022> <10:52:15>  DIRAC 2021.102  RunTime: Jan28-2022 10:52:15  ShM Nodes: 1  Procs: 1
<Jan28-2022> <10:52:15>  Hydrogen (TZ2P)
<Jan28-2022> <10:52:15>  Net Charge: 0 (Nuclei minus Electrons)
<Jan28-2022> <10:52:15>  Symmetry  : ATOM
<Jan28-2022> <10:52:15>  Coordinates
<Jan28-2022> <10:52:15>     Atom         X           Y           Z   (Angstrom)
<Jan28-2022> <10:52:15>     1.H         0.000000    0.000000    0.000000
<Jan28-2022> <10:52:15>  >>>> CORORT
<Jan28-2022> <10:52:15>  >>>> CLSMAT
<Jan28-2022> <10:52:15>  >>>> ORTHON
<Jan28-2022> <10:52:15>  >>>> GENPT
<Jan28-2022> <10:52:15>  Block Length=  64
<Jan28-2022> <10:52:15>  >>>> PTBAS
<Jan28-2022> <10:52:15>  >>>> CYCLE
<Jan28-2022> <10:52:15>              |Error|         MaxErr       Wt(A-DIIS)
<Jan28-2022> <10:52:15>      1      0.00000000      0.00000000
<Jan28-2022> <10:52:15>      2      0.03080019      0.02591482
<Jan28-2022> <10:52:15>      3      0.01140383      0.01135775    100.0
<Jan28-2022> <10:52:15>      4      0.00327656      0.00327407      2.3
<Jan28-2022> <10:52:15>      5      0.00010041      0.00009754      0.0
<Jan28-2022> <10:52:15>      6      0.00000525      0.00000504      0.0
<Jan28-2022> <10:52:15>      7      0.00000007      0.00000007      0.0
<Jan28-2022> <10:52:15>      8      0.00000000      0.00000000      0.0
<Jan28-2022> <10:52:15>  SCF converged
<Jan28-2022> <10:52:15>      9      0.00000000      0.00000000      0.0
<Jan28-2022> <10:52:16>  >>>> POPAN
<Jan28-2022> <10:52:16>  >>>> DEBYE
<Jan28-2022> <10:52:16>  DIRAC 2021.102  RunTime: Jan28-2022 10:52:16  ShM Nodes: 1  Procs: 1
<Jan28-2022> <10:52:16>  Carbon (TZ2P)
<Jan28-2022> <10:52:16>  Net Charge: 0 (Nuclei minus Electrons)
<Jan28-2022> <10:52:16>  Symmetry  : ATOM
<Jan28-2022> <10:52:16>  Coordinates
<Jan28-2022> <10:52:16>     Atom         X           Y           Z   (Angstrom)
<Jan28-2022> <10:52:16>     1.C         0.000000    0.000000    0.000000
<Jan28-2022> <10:52:16>  >>>> CORORT
<Jan28-2022> <10:52:16>  >>>> CLSMAT
<Jan28-2022> <10:52:16>  >>>> ORTHON
<Jan28-2022> <10:52:16>  >>>> GENPT
<Jan28-2022> <10:52:16>  Block Length=  72
<Jan28-2022> <10:52:16>  >>>> PTBAS
<Jan28-2022> <10:52:16>  >>>> CYCLE
<Jan28-2022> <10:52:16>              |Error|         MaxErr       Wt(A-DIIS)
<Jan28-2022> <10:52:16>      1      0.00000000      0.00000000
<Jan28-2022> <10:52:16>      2      4.48405934      3.32161898    100.0
<Jan28-2022> <10:52:17>      3      1.60718414      1.28408746    100.0
<Jan28-2022> <10:52:17>      4      0.76426456      0.62272052    100.0
<Jan28-2022> <10:52:17>      5      0.36119063      0.28553990    100.0
<Jan28-2022> <10:52:17>      6      0.14821424      0.11559867    100.0
<Jan28-2022> <10:52:17>      7      0.10108424      0.07867111     78.5
<Jan28-2022> <10:52:17>      8      0.01786531      0.01387049     13.0
<Jan28-2022> <10:52:17>      9      0.00195746      0.00153262      0.5
<Jan28-2022> <10:52:17>     10      0.00001058      0.00000730      0.0
<Jan28-2022> <10:52:17>     11      0.00000047      0.00000027      0.0
<Jan28-2022> <10:52:17>     12      0.00000003      0.00000002      0.0
<Jan28-2022> <10:52:17>     13      0.00000000      0.00000000      0.0
<Jan28-2022> <10:52:17>  SCF converged
<Jan28-2022> <10:52:17>     14      0.00000000      0.00000000      0.0
<Jan28-2022> <10:52:17>  >>>> POPAN
<Jan28-2022> <10:52:17>  >>>> DEBYE
<Jan28-2022> <10:52:17>  DIRAC 2021.102  RunTime: Jan28-2022 10:52:17  ShM Nodes: 1  Procs: 1
<Jan28-2022> <10:52:17>  Oxygen (TZ2P)
<Jan28-2022> <10:52:17>  Net Charge: 0 (Nuclei minus Electrons)
<Jan28-2022> <10:52:18>  Symmetry  : ATOM
<Jan28-2022> <10:52:18>  Coordinates
<Jan28-2022> <10:52:18>     Atom         X           Y           Z   (Angstrom)
<Jan28-2022> <10:52:18>     1.O         0.000000    0.000000    0.000000
<Jan28-2022> <10:52:18>  >>>> CORORT
<Jan28-2022> <10:52:18>  >>>> CLSMAT
<Jan28-2022> <10:52:18>  >>>> ORTHON
<Jan28-2022> <10:52:18>  >>>> GENPT
<Jan28-2022> <10:52:18>  Block Length=  68
<Jan28-2022> <10:52:18>  >>>> PTBAS
<Jan28-2022> <10:52:18>  >>>> CYCLE
<Jan28-2022> <10:52:18>              |Error|         MaxErr       Wt(A-DIIS)
<Jan28-2022> <10:52:18>      1      0.00000000      0.00000000
<Jan28-2022> <10:52:18>      2      8.77210307      5.53374266    100.0
<Jan28-2022> <10:52:18>      3      3.60058093      2.49154808    100.0
<Jan28-2022> <10:52:18>      4      1.20505529      0.62472425    100.0
<Jan28-2022> <10:52:18>      5      1.46502638      0.81213311    100.0
<Jan28-2022> <10:52:18>      6      0.15089362      0.09131786     91.2
<Jan28-2022> <10:52:18>      7      0.14397311      0.08251182     82.3
<Jan28-2022> <10:52:18>      8      0.00183259      0.00123681      0.2
<Jan28-2022> <10:52:18>      9      0.00015629      0.00008105      0.0
<Jan28-2022> <10:52:18>     10      0.00001324      0.00000629      0.0
<Jan28-2022> <10:52:18>     11      0.00000006      0.00000003      0.0
<Jan28-2022> <10:52:18>     12      0.00000000      0.00000000      0.0
<Jan28-2022> <10:52:18>  SCF converged
<Jan28-2022> <10:52:18>     13      0.00000000      0.00000000      0.0
<Jan28-2022> <10:52:18>  >>>> POPAN
<Jan28-2022> <10:52:18>  >>>> DEBYE
<Jan28-2022> <10:52:19>  DIRAC 2021.102  RunTime: Jan28-2022 10:52:19  ShM Nodes: 1  Procs: 1
<Jan28-2022> <10:52:19>  Aluminium (TZ2P)
<Jan28-2022> <10:52:19>  Net Charge: 0 (Nuclei minus Electrons)
<Jan28-2022> <10:52:19>  Symmetry  : ATOM
<Jan28-2022> <10:52:19>  Coordinates
<Jan28-2022> <10:52:19>     Atom         X           Y           Z   (Angstrom)
<Jan28-2022> <10:52:19>     1.Al        0.000000    0.000000    0.000000
<Jan28-2022> <10:52:19>  >>>> CORORT
<Jan28-2022> <10:52:19>  >>>> CLSMAT
<Jan28-2022> <10:52:19>  >>>> ORTHON
<Jan28-2022> <10:52:19>  >>>> GENPT
<Jan28-2022> <10:52:19>  Block Length=  85
<Jan28-2022> <10:52:19>  >>>> PTBAS
<Jan28-2022> <10:52:19>  >>>> CYCLE
<Jan28-2022> <10:52:20>              |Error|         MaxErr       Wt(A-DIIS)
<Jan28-2022> <10:52:20>      1      0.00000000      0.00000000
<Jan28-2022> <10:52:20>      2     19.74689819      6.61645761    100.0
<Jan28-2022> <10:52:20>      3     10.72432514      6.35631794    100.0
<Jan28-2022> <10:52:20>      4      2.19038492      0.99968242    100.0
<Jan28-2022> <10:52:20>      5      0.76321691      0.32187913    100.0
<Jan28-2022> <10:52:20>      6      0.33480690      0.13581213    100.0
<Jan28-2022> <10:52:20>      7      0.15853080      0.06474515     64.4
<Jan28-2022> <10:52:20>      8      0.05033297      0.02051010     19.7
<Jan28-2022> <10:52:20>      9      0.00512670      0.00207383      1.1
<Jan28-2022> <10:52:20>     10      0.00006945      0.00003398      0.0
<Jan28-2022> <10:52:20>     11      0.00000191      0.00000123      0.0
<Jan28-2022> <10:52:20>     12      0.00000003      0.00000002      0.0
<Jan28-2022> <10:52:20>     13      0.00000000      0.00000000      0.0
<Jan28-2022> <10:52:21>  SCF converged
<Jan28-2022> <10:52:21>     14      0.00000000      0.00000000      0.0
<Jan28-2022> <10:52:21>  >>>> POPAN
<Jan28-2022> <10:52:21>  >>>> DEBYE
<Jan28-2022> <10:52:21>  DIRAC 2021.102  RunTime: Jan28-2022 10:52:21  ShM Nodes: 1  Procs: 1
<Jan28-2022> <10:52:21>  Fluorine (TZ2P)
<Jan28-2022> <10:52:21>  Net Charge: 0 (Nuclei minus Electrons)
<Jan28-2022> <10:52:21>  Symmetry  : ATOM
<Jan28-2022> <10:52:21>  Coordinates
<Jan28-2022> <10:52:21>     Atom         X           Y           Z   (Angstrom)
<Jan28-2022> <10:52:21>     1.F         0.000000    0.000000    0.000000
<Jan28-2022> <10:52:21>  >>>> CORORT
<Jan28-2022> <10:52:21>  >>>> CLSMAT
<Jan28-2022> <10:52:21>  >>>> ORTHON
<Jan28-2022> <10:52:21>  >>>> GENPT
<Jan28-2022> <10:52:21>  Block Length=  76
<Jan28-2022> <10:52:21>  >>>> PTBAS
<Jan28-2022> <10:52:21>  >>>> CYCLE
<Jan28-2022> <10:52:22>              |Error|         MaxErr       Wt(A-DIIS)
<Jan28-2022> <10:52:22>      1      0.00000000      0.00000000
<Jan28-2022> <10:52:22>      2     11.39970762      4.85721148    100.0
<Jan28-2022> <10:52:22>      3      5.17310012      3.16632108    100.0
<Jan28-2022> <10:52:22>      4      1.04882283      0.49392043    100.0
<Jan28-2022> <10:52:22>      5      1.72142161      0.84736739    100.0
<Jan28-2022> <10:52:22>      6      0.21842580      0.10780687    100.0
<Jan28-2022> <10:52:22>      7      0.28524155      0.13554881    100.0
<Jan28-2022> <10:52:22>      8      0.02856437      0.01389479     13.0
<Jan28-2022> <10:52:22>      9      0.00489297      0.00234741      1.4
<Jan28-2022> <10:52:22>     10      0.00009261      0.00004462      0.0
<Jan28-2022> <10:52:22>     11      0.00000010      0.00000005      0.0
<Jan28-2022> <10:52:22>     12      0.00000000      0.00000000      0.0
<Jan28-2022> <10:52:22>  SCF converged
<Jan28-2022> <10:52:22>     13      0.00000000      0.00000000      0.0
<Jan28-2022> <10:52:22>  >>>> POPAN
<Jan28-2022> <10:52:22>  >>>> DEBYE
<Jan28-2022> <10:52:22>  *** GOStep1 ***
<Jan28-2022> <10:52:22>  >>>> FRAGM
<Jan28-2022> <10:52:22>  Coordinates
<Jan28-2022> <10:52:22>     Atom         X           Y           Z   (Angstrom)
<Jan28-2022> <10:52:22>     1.H        -0.620561   -0.037647   -0.080237
<Jan28-2022> <10:52:22>     2.C        -0.096595   -2.029480   -0.548834
<Jan28-2022> <10:52:22>     3.C         0.182665   -0.752196   -0.265123
<Jan28-2022> <10:52:22>     4.C         1.559289   -0.220140   -0.182914
<Jan28-2022> <10:52:22>     5.O         1.866357    0.933659    0.071805
<Jan28-2022> <10:52:22>     6.H         0.696953   -2.746124   -0.736266
<Jan28-2022> <10:52:22>     7.C        -1.535124   -3.981695   -1.121568
<Jan28-2022> <10:52:22>     8.C        -1.549875   -2.533590   -0.622661
<Jan28-2022> <10:52:22>     9.C        -2.323718   -1.638855   -1.595669
<Jan28-2022> <10:52:22>    10.C        -2.161090   -2.455551    0.779644
<Jan28-2022> <10:52:22>    11.H        -2.147657   -1.426879    1.141600
<Jan28-2022> <10:52:22>    12.H        -2.550991   -4.374931   -1.187221
<Jan28-2022> <10:52:22>    13.H        -0.962779   -4.611201   -0.439291
<Jan28-2022> <10:52:22>    14.H        -1.077151   -4.036838   -2.109789
<Jan28-2022> <10:52:22>    15.H        -3.361755   -1.966226   -1.674651
<Jan28-2022> <10:52:22>    16.H        -1.871180   -1.677852   -2.587157
<Jan28-2022> <10:52:22>    17.H        -2.311406   -0.604554   -1.250082
<Jan28-2022> <10:52:22>    18.H        -3.194555   -2.805883    0.767440
<Jan28-2022> <10:52:22>    19.H        -1.593059   -3.074540    1.475023
<Jan28-2022> <10:52:22>    20.H         2.325141   -0.943334   -0.370959
<Jan28-2022> <10:52:22>    21.Al        1.851031    2.466110    0.807575
<Jan28-2022> <10:52:22>    22.F         1.062467    1.848449    2.077604
<Jan28-2022> <10:52:22>    23.F         1.022324    3.060595   -0.447872
<Jan28-2022> <10:52:22>    24.F         3.468301    2.489287    0.792992
<Jan28-2022> <10:52:22>  >>>> CORORT
<Jan28-2022> <10:52:23>  >>>> CLSMAT
<Jan28-2022> <10:52:23>  >>>> ORTHON
<Jan28-2022> <10:52:23>  >>>> GENPT
<Jan28-2022> <10:52:24>  Block Length= 128
<Jan28-2022> <10:52:26>  >>>> PTBAS
<Jan28-2022> <10:53:23>  >>>> CYCLE
<Jan28-2022> <10:55:17>              |Error|         MaxErr       Wt(A-DIIS)
<Jan28-2022> <10:55:17>      1      8.12203773      1.10732342
<Jan28-2022> <10:56:47>      2      1.65543670      0.22690240    100.0
<Jan28-2022> <10:58:15>      3      0.82537028      0.11592874    100.0
<Jan28-2022> <10:59:50>      4      1.49735349      0.23228260    100.0
<Jan28-2022> <11:01:21>      5      0.24669447      0.02088751     20.1
<Jan28-2022> <11:02:52>      6      0.14019890      0.02785924     20.1
<Jan28-2022> <11:04:22>      7      0.06938388      0.01564431     14.8
<Jan28-2022> <11:05:53>      8      0.02519134      0.00495535      4.0
<Jan28-2022> <11:07:24>      9      0.00761962      0.00208473      1.1
<Jan28-2022> <11:08:54>     10      0.00103736      0.00015858      0.0
<Jan28-2022> <11:10:26>     11      0.00047004      0.00006003      0.0
<Jan28-2022> <11:11:55>     12      0.00008040      0.00000940      0.0
<Jan28-2022> <11:13:25>     13      0.00003014      0.00000408      0.0
<Jan28-2022> <11:14:56>     14      0.00000890      0.00000179      0.0
<Jan28-2022> <11:16:27>     15      0.00000457      0.00000122      0.0
<Jan28-2022> <11:17:58>     16      0.00000112      0.00000016      0.0
<Jan28-2022> <11:18:33>  SCF converged
<Jan28-2022> <11:19:28>     17      0.00000033      0.00000004      0.0
<Jan28-2022> <11:20:01>  >>>> TOTEN
<Jan28-2022> <11:21:50>  >>>> POPAN
<Jan28-2022> <11:21:50>  >>>> DEBYE
<Jan28-2022> <11:21:50>  >>>> ENGRAD
<Jan28-2022> <11:25:51>  current energy                               -4.76245793 Hartree
<Jan28-2022> <11:25:51>  energy change                      -4.76245793     0.00024000    F
<Jan28-2022> <11:25:51>  constrained gradient max            0.15215179     0.00100000    F
<Jan28-2022> <11:25:51>  constrained gradient rms            0.03139570     0.00066667    F
<Jan28-2022> <11:25:51>  gradient max                        0.15215179
<Jan28-2022> <11:25:51>  gradient rms                        0.03139570
<Jan28-2022> <11:25:51>  cart. step max                      0.15619526     0.01000000    F
<Jan28-2022> <11:25:51>  cart. step rms                      0.03944597     0.00666667    F
<Jan28-2022> <11:25:51>  Iteration 2
<Jan28-2022> <11:25:52>  *** GOStep2 ***
<Jan28-2022> <11:25:53>  >>>> FRAGM
<Jan28-2022> <11:25:53>  Coordinates
<Jan28-2022> <11:25:53>     Atom         X           Y           Z   (Angstrom)
<Jan28-2022> <11:25:53>     1.H        -0.603905   -0.021889   -0.085061
<Jan28-2022> <11:25:53>     2.C        -0.118451   -2.032362   -0.554315
<Jan28-2022> <11:25:53>     3.C         0.180947   -0.753576   -0.273093
<Jan28-2022> <11:25:53>     4.C         1.562918   -0.258194   -0.201160
<Jan28-2022> <11:25:53>     5.O         1.892937    0.894646    0.050317
<Jan28-2022> <11:25:53>     6.H         0.675274   -2.751351   -0.741404
<Jan28-2022> <11:25:53>     7.C        -1.536910   -4.001031   -1.125952
<Jan28-2022> <11:25:53>     8.C        -1.566238   -2.549244   -0.628541
<Jan28-2022> <11:25:53>     9.C        -2.354228   -1.665161   -1.606985
<Jan28-2022> <11:25:53>    10.C        -2.180581   -2.475063    0.777438
<Jan28-2022> <11:25:53>    11.H        -2.181316   -1.446623    1.141897
<Jan28-2022> <11:25:53>    12.H        -2.549009   -4.405905   -1.191291
<Jan28-2022> <11:25:53>    13.H        -0.958522   -4.626870   -0.443376
<Jan28-2022> <11:25:53>    14.H        -1.078790   -4.056504   -2.115456
<Jan28-2022> <11:25:53>    15.H        -3.388500   -2.007873   -1.682936
<Jan28-2022> <11:25:53>    16.H        -1.904292   -1.700679   -2.600916
<Jan28-2022> <11:25:53>    17.H        -2.359446   -0.627773   -1.270053
<Jan28-2022> <11:25:53>    18.H        -3.210857   -2.837573    0.763362
<Jan28-2022> <11:25:53>    19.H        -1.608361   -3.086775    1.477558
<Jan28-2022> <11:25:53>    20.H         2.323360   -1.002329   -0.393688
<Jan28-2022> <11:25:53>    21.Al        1.909686    2.469071    0.799159
<Jan28-2022> <11:25:53>    22.F         1.108169    1.998323    2.146962
<Jan28-2022> <11:25:53>    23.F         1.084083    3.216790   -0.400482
<Jan28-2022> <11:25:53>    24.F         3.539064    2.608531    0.851402
<Jan28-2022> <11:25:54>  >>>> CORORT
<Jan28-2022> <11:25:54>  >>>> CLSMAT
<Jan28-2022> <11:25:54>  >>>> ORTHON
<Jan28-2022> <11:25:54>  >>>> GENPT
<Jan28-2022> <11:25:55>  Block Length= 128
<Jan28-2022> <11:25:58>  >>>> PTBAS
<Jan28-2022> <11:26:56>  >>>> CYCLE
<Jan28-2022> <11:27:51>  using orbital data from restart file
<Jan28-2022> <11:28:47>              |Error|         MaxErr       Wt(A-DIIS)
<Jan28-2022> <11:28:47>      1      0.34334080      0.10811107
<Jan28-2022> <11:30:16>      2      0.05775473      0.01173423    100.0
<Jan28-2022> <11:31:46>      3      0.15918842      0.03738737    100.0
<Jan28-2022> <11:33:16>      4      0.03758864      0.00855477      7.6
<Jan28-2022> <11:34:46>      5      0.00685475      0.00146042      0.5
<Jan28-2022> <11:36:15>      6      0.00221266      0.00050376      0.0
<Jan28-2022> <11:37:45>      7      0.00064018      0.00013365      0.0
<Jan28-2022> <11:39:14>      8      0.00022005      0.00006594      0.0
<Jan28-2022> <11:40:44>      9      0.00004777      0.00000890      0.0
<Jan28-2022> <11:42:13>     10      0.00001516      0.00000178      0.0
<Jan28-2022> <11:43:41>     11      0.00000368      0.00000056      0.0
<Jan28-2022> <11:44:16>  SCF converged
<Jan28-2022> <11:45:11>     12      0.00000148      0.00000026      0.0
<Jan28-2022> <11:45:43>  >>>> TOTEN
