<Jan20-2022> <13:33:44>  AMS 2021.102  RunTime: Jan20-2022 13:33:44  ShM Nodes: 1  Procs: 1
<Jan20-2022> <13:33:45>  ADF 2021.102  RunTime: Jan20-2022 13:33:45  ShM Nodes: 1  Procs: 1
<Jan20-2022> <13:33:45>  *** (NO TITLE) ***
<Jan20-2022> <13:33:45>  Iteration 1
<Jan20-2022> <13:33:45>  DIRAC 2021.102  RunTime: Jan20-2022 13:33:45  ShM Nodes: 1  Procs: 1
<Jan20-2022> <13:33:45>  Carbon (TZ2P)
<Jan20-2022> <13:33:45>  Net Charge: 0 (Nuclei minus Electrons)
<Jan20-2022> <13:33:45>  Symmetry  : ATOM
<Jan20-2022> <13:33:45>  Coordinates
<Jan20-2022> <13:33:45>     Atom         X           Y           Z   (Angstrom)
<Jan20-2022> <13:33:45>     1.C         0.000000    0.000000    0.000000
<Jan20-2022> <13:33:45>  >>>> CORORT
<Jan20-2022> <13:33:45>  >>>> CLSMAT
<Jan20-2022> <13:33:45>  >>>> ORTHON
<Jan20-2022> <13:33:45>  >>>> GENPT
<Jan20-2022> <13:33:45>  Block Length=  72
<Jan20-2022> <13:33:45>  >>>> PTBAS
<Jan20-2022> <13:33:45>  >>>> CYCLE
<Jan20-2022> <13:33:45>              |Error|         MaxErr       Wt(A-DIIS)
<Jan20-2022> <13:33:45>      1      0.00000000      0.00000000
<Jan20-2022> <13:33:45>      2      4.48405934      3.32161898    100.0
<Jan20-2022> <13:33:45>      3      1.60718414      1.28408746    100.0
<Jan20-2022> <13:33:45>      4      0.76426456      0.62272052    100.0
<Jan20-2022> <13:33:45>      5      0.36119063      0.28553990    100.0
<Jan20-2022> <13:33:45>      6      0.14821424      0.11559867    100.0
<Jan20-2022> <13:33:45>      7      0.10108424      0.07867111     78.5
<Jan20-2022> <13:33:45>      8      0.01786531      0.01387049     13.0
<Jan20-2022> <13:33:45>      9      0.00195746      0.00153262      0.5
<Jan20-2022> <13:33:45>     10      0.00001058      0.00000730      0.0
<Jan20-2022> <13:33:45>     11      0.00000047      0.00000027      0.0
<Jan20-2022> <13:33:45>     12      0.00000003      0.00000002      0.0
<Jan20-2022> <13:33:45>     13      0.00000000      0.00000000      0.0
<Jan20-2022> <13:33:45>  SCF converged
<Jan20-2022> <13:33:45>     14      0.00000000      0.00000000      0.0
<Jan20-2022> <13:33:45>  >>>> POPAN
<Jan20-2022> <13:33:45>  >>>> DEBYE
<Jan20-2022> <13:33:45>  DIRAC 2021.102  RunTime: Jan20-2022 13:33:45  ShM Nodes: 1  Procs: 1
<Jan20-2022> <13:33:46>  Hydrogen (TZ2P)
<Jan20-2022> <13:33:46>  Net Charge: 0 (Nuclei minus Electrons)
<Jan20-2022> <13:33:46>  Symmetry  : ATOM
<Jan20-2022> <13:33:46>  Coordinates
<Jan20-2022> <13:33:46>     Atom         X           Y           Z   (Angstrom)
<Jan20-2022> <13:33:46>     1.H         0.000000    0.000000    0.000000
<Jan20-2022> <13:33:46>  >>>> CORORT
<Jan20-2022> <13:33:46>  >>>> CLSMAT
<Jan20-2022> <13:33:46>  >>>> ORTHON
<Jan20-2022> <13:33:46>  >>>> GENPT
<Jan20-2022> <13:33:46>  Block Length=  64
<Jan20-2022> <13:33:46>  >>>> PTBAS
<Jan20-2022> <13:33:46>  >>>> CYCLE
<Jan20-2022> <13:33:46>              |Error|         MaxErr       Wt(A-DIIS)
<Jan20-2022> <13:33:46>      1      0.00000000      0.00000000
<Jan20-2022> <13:33:46>      2      0.03080019      0.02591482
<Jan20-2022> <13:33:46>      3      0.01140383      0.01135775    100.0
<Jan20-2022> <13:33:46>      4      0.00327656      0.00327407      2.3
<Jan20-2022> <13:33:46>      5      0.00010041      0.00009754      0.0
<Jan20-2022> <13:33:46>      6      0.00000525      0.00000504      0.0
<Jan20-2022> <13:33:46>      7      0.00000007      0.00000007      0.0
<Jan20-2022> <13:33:46>      8      0.00000000      0.00000000      0.0
<Jan20-2022> <13:33:46>  SCF converged
<Jan20-2022> <13:33:46>      9      0.00000000      0.00000000      0.0
<Jan20-2022> <13:33:46>  >>>> POPAN
<Jan20-2022> <13:33:46>  >>>> DEBYE
<Jan20-2022> <13:33:46>  DIRAC 2021.102  RunTime: Jan20-2022 13:33:46  ShM Nodes: 1  Procs: 1
<Jan20-2022> <13:33:46>  Oxygen (TZ2P)
<Jan20-2022> <13:33:46>  Net Charge: 0 (Nuclei minus Electrons)
<Jan20-2022> <13:33:46>  Symmetry  : ATOM
<Jan20-2022> <13:33:46>  Coordinates
<Jan20-2022> <13:33:46>     Atom         X           Y           Z   (Angstrom)
<Jan20-2022> <13:33:46>     1.O         0.000000    0.000000    0.000000
<Jan20-2022> <13:33:46>  >>>> CORORT
<Jan20-2022> <13:33:46>  >>>> CLSMAT
<Jan20-2022> <13:33:46>  >>>> ORTHON
<Jan20-2022> <13:33:46>  >>>> GENPT
<Jan20-2022> <13:33:46>  Block Length=  68
<Jan20-2022> <13:33:46>  >>>> PTBAS
<Jan20-2022> <13:33:46>  >>>> CYCLE
<Jan20-2022> <13:33:46>              |Error|         MaxErr       Wt(A-DIIS)
<Jan20-2022> <13:33:46>      1      0.00000000      0.00000000
<Jan20-2022> <13:33:46>      2      8.77210307      5.53374266    100.0
<Jan20-2022> <13:33:46>      3      3.60058093      2.49154808    100.0
<Jan20-2022> <13:33:46>      4      1.20505529      0.62472425    100.0
<Jan20-2022> <13:33:46>      5      1.46502638      0.81213311    100.0
<Jan20-2022> <13:33:47>      6      0.15089362      0.09131786     91.2
<Jan20-2022> <13:33:47>      7      0.14397311      0.08251182     82.3
<Jan20-2022> <13:33:47>      8      0.00183259      0.00123681      0.2
<Jan20-2022> <13:33:47>      9      0.00015629      0.00008105      0.0
<Jan20-2022> <13:33:47>     10      0.00001324      0.00000629      0.0
<Jan20-2022> <13:33:47>     11      0.00000006      0.00000003      0.0
<Jan20-2022> <13:33:47>     12      0.00000000      0.00000000      0.0
<Jan20-2022> <13:33:47>  SCF converged
<Jan20-2022> <13:33:47>     13      0.00000000      0.00000000      0.0
<Jan20-2022> <13:33:47>  >>>> POPAN
<Jan20-2022> <13:33:47>  >>>> DEBYE
<Jan20-2022> <13:33:47>  DIRAC 2021.102  RunTime: Jan20-2022 13:33:47  ShM Nodes: 1  Procs: 1
<Jan20-2022> <13:33:47>  Fluorine (TZ2P)
<Jan20-2022> <13:33:47>  Net Charge: 0 (Nuclei minus Electrons)
<Jan20-2022> <13:33:47>  Symmetry  : ATOM
<Jan20-2022> <13:33:47>  Coordinates
<Jan20-2022> <13:33:47>     Atom         X           Y           Z   (Angstrom)
<Jan20-2022> <13:33:47>     1.F         0.000000    0.000000    0.000000
<Jan20-2022> <13:33:47>  >>>> CORORT
<Jan20-2022> <13:33:47>  >>>> CLSMAT
<Jan20-2022> <13:33:47>  >>>> ORTHON
<Jan20-2022> <13:33:47>  >>>> GENPT
<Jan20-2022> <13:33:47>  Block Length=  76
<Jan20-2022> <13:33:47>  >>>> PTBAS
<Jan20-2022> <13:33:47>  >>>> CYCLE
<Jan20-2022> <13:33:47>              |Error|         MaxErr       Wt(A-DIIS)
<Jan20-2022> <13:33:47>      1      0.00000000      0.00000000
<Jan20-2022> <13:33:47>      2     11.39970762      4.85721148    100.0
<Jan20-2022> <13:33:47>      3      5.17310012      3.16632108    100.0
<Jan20-2022> <13:33:47>      4      1.04882283      0.49392043    100.0
<Jan20-2022> <13:33:47>      5      1.72142161      0.84736739    100.0
<Jan20-2022> <13:33:47>      6      0.21842580      0.10780687    100.0
<Jan20-2022> <13:33:47>      7      0.28524155      0.13554881    100.0
<Jan20-2022> <13:33:47>      8      0.02856437      0.01389479     13.0
<Jan20-2022> <13:33:47>      9      0.00489297      0.00234741      1.4
<Jan20-2022> <13:33:47>     10      0.00009261      0.00004462      0.0
<Jan20-2022> <13:33:47>     11      0.00000010      0.00000005      0.0
<Jan20-2022> <13:33:47>     12      0.00000000      0.00000000      0.0
<Jan20-2022> <13:33:47>  SCF converged
<Jan20-2022> <13:33:47>     13      0.00000000      0.00000000      0.0
<Jan20-2022> <13:33:47>  >>>> POPAN
<Jan20-2022> <13:33:47>  >>>> DEBYE
<Jan20-2022> <13:33:48>  *** GOStep1 ***
<Jan20-2022> <13:33:48>  >>>> FRAGM
<Jan20-2022> <13:33:48>  Coordinates
<Jan20-2022> <13:33:48>     Atom         X           Y           Z   (Angstrom)
<Jan20-2022> <13:33:48>     1.C         0.072379    0.458490    0.147016
<Jan20-2022> <13:33:48>     2.C         0.881364   -0.769627    0.345434
<Jan20-2022> <13:33:48>     3.H         0.320085   -1.649370    0.008484
<Jan20-2022> <13:33:48>     4.C        -1.244537    0.481405   -0.412106
<Jan20-2022> <13:33:48>     5.H         0.491509    1.421715    0.440204
<Jan20-2022> <13:33:48>     6.O        -1.908801    1.513970   -0.583638
<Jan20-2022> <13:33:48>     7.C         1.357984   -0.971567    1.798392
<Jan20-2022> <13:33:48>     8.H         1.975789   -1.872162    1.871864
<Jan20-2022> <13:33:48>     9.H         0.508075   -1.083701    2.478485
<Jan20-2022> <13:33:48>    10.H         1.956137   -0.121560    2.141940
<Jan20-2022> <13:33:48>    11.F         2.024310   -0.688350   -0.476253
<Jan20-2022> <13:33:48>    12.F        -1.779758   -0.771167   -0.776389
<Jan20-2022> <13:33:48>  >>>> CORORT
<Jan20-2022> <13:33:48>  >>>> CLSMAT
<Jan20-2022> <13:33:48>  >>>> ORTHON
<Jan20-2022> <13:33:48>  >>>> GENPT
<Jan20-2022> <13:33:48>  Block Length= 128
<Jan20-2022> <13:33:49>  >>>> PTBAS
<Jan20-2022> <13:34:09>  >>>> CYCLE
<Jan20-2022> <13:35:20>              |Error|         MaxErr       Wt(A-DIIS)
<Jan20-2022> <13:35:20>      1      5.62100756      0.49815144
<Jan20-2022> <13:36:23>      2      0.96390400      0.09363046    100.0
<Jan20-2022> <13:37:24>      3      0.45603568      0.03280096    100.0
<Jan20-2022> <13:38:28>      4      0.65469621      0.05191877    100.0
<Jan20-2022> <13:39:30>      5      0.15096295      0.01952002     18.7
<Jan20-2022> <13:40:32>      6      0.12325101      0.01688519     16.0
