

 Parallel Execution: Process Information
 ==============================================================================
 Rank   Node Name                              NodeID   MyNodeRank  NodeMaster
    0   node117                                   0          0          0
    1   node117                                   0          1         -1
    2   node117                                   0          2         -1
    3   node117                                   0          3         -1
 ==============================================================================


May use up to 122928MB of RAM as shared memory on node 0

 *******************************************************************************
 *                                                                             *
 *  --------------------------------                                           *
 *   Amsterdam Modeling Suite (AMS)              2021.102                      *
 *  --------------------------------                                           *
 *                                               r95042 2021-06-07             *
 *                                                                             *
 *                                                                             *
 *                              =================                              *
 *                              |               |                              *
 *                              |     A M S     |                              *
 *                              |               |                              *
 *                              =================                              *
 *                                                                             *
 *                                                                             *
 *   Online information and documentation:  https://www.scm.com/support/       *
 *   E-mail:  support@scm.com   info@scm.com                                   *
 *                                                                             *
 *   Scientific publications using AMS results must be properly referenced     *
 *   See the User Manuals (or the web site) for recommended citations          *
 *   The terms and conditions of the End User License Agreement apply to       *
 *   the use of AMS, https://www.scm.com/license-terms/                        *
 *                                                                             *
 **********************  x86_64_linux_intel / intelmpi  ************************
 
 Licensed to: VU/FEW (+ SARA) / ALGEMEEN / Amsterdam / THE NETHERLANDS
 SCM User ID: u7668
  
 AMS 2021.102  RunTime: Jan28-2022 09:07:29  ShM Nodes: 1  Procs: 4

 AMS jobname: 20.achiral_catalyst.H_Ph_I2.P1
 AMS jobid  : 1031897546

 Start   directory: /scistor/tc/yhk800/MasterProject/calculations/achiral_catalyst_H_Ph_I2/20.achiral_catalyst.H_Ph_I2.P1/
 Results directory: /scistor/tc/yhk800/MasterProject/calculations/achiral_catalyst_H_Ph_I2/20.achiral_catalyst.H_Ph_I2.P1/
 Scratch directory: /scratch/5297/amstmp_20.achiral_catalyst.H_Ph_I2.P1_kid0.1031897546/


 Communication costs MPI_COMM_WORLD:      0.983 usec per message,   0.0070 usec per 8-byte item
 Communication costs for intra-node:      0.947 usec per message,   0.0071 usec per 8-byte item

 RNG seed: -989098813 611364560 -1128065454 -638834477 -1591773547 -2079847267 290467629 -1621483007



                      ************************************************************************
                      *  ADF 2021.102  RunTime: Jan28-2022 09:07:30  ShM Nodes: 1  Procs: 4  *
                      ************************************************************************
  
       ***************************
       *  GEOMETRY OPTIMIZATION  *
       ***************************

Optimization Method                    Quasi Newton
Optimization Coordinates               Delocalized Coordinates
Optimize lattice                       F
 
 ------------------------------------------------------
 Convergence criteria (Hartree,Angstrom)
 ------------------------------------------------------
 Maximum gradient               0.001000000000
 Maximum rms gradient           0.000666666667
 Maximum step allowed           0.010000000000
 Maximum rms step allowed       0.006666666667
 Maximum energy change allowe   0.000240000000
 Maximum stress energy allowe   0.000500000000
 
Initial model Hessian                  Automatic Hessian
 
------------------------------------
Quasi-Newton Optimizer Parameters
------------------------------------
Hessian Update Method                  BFGS
Maximum number of steps                  250
First GDIIS cycle                          0
Maximum GDIIS vectors                      0
Trust radius (bohr)                        0.200000
Trust radius varies                        T
Constraints converged at all steps         T
Use projector                              T
 
 Rigid motions settings for: old optimizer
 Atomic rotations (x,y,z):     T T T
 Atomic translations (x,y,z):  T T T
 Tolerance:                   1.000000000000000E-006
 
--------
Geometry
--------
Formula: C10H11I2O
Atoms
  Index Symbol   x (angstrom)   y (angstrom)   z (angstrom)
      1      H     0.30883566    -1.71322737     0.34845077
      2      C    -0.85933175     0.07325638     0.95361639
      3      C     0.30566658    -0.62207952     0.35697327
      4      C     1.44363467     0.02246096    -0.23005168
      5      O     2.41991567    -0.55928782    -0.73004528
      6      H    -0.69195270     1.15283717     0.94428296
      7      H    -2.09949902     0.10683830     2.73788510
      8      H    -0.38777363    -0.20492454     3.06899219
      9      C    -1.20706757    -0.41125312     2.37345100
     10      H    -1.40849480    -1.48746718     2.39475159
     11      C    -4.29292549    -0.66839322    -1.59666079
     12      C    -3.82114632     0.63831354    -1.41996901
     13      C    -2.71340734     0.87758301    -0.59720381
     14      C    -2.07744753    -0.18985427     0.04886961
     15      C    -2.54922669    -1.49656102    -0.12782217
     16      C    -3.65696567    -1.73583049    -0.95058737
     17      H    -4.30779978     1.45514508    -1.91436167
     18      H    -2.35238932     1.87750995    -0.46199454
     19      H    -2.06257324    -2.31339256     0.36657049
     20      H    -4.01798370    -2.73575744    -1.08579664
     21      H    -5.14059697    -0.85148861    -2.22626272
     22      H     2.13175883    -0.63340533    -0.72119785
     23      I     1.54062743     0.82456511    -0.28082009
     24      I     0.10842206     3.07861732     0.45088846
 
Total System Charge             0.00000
 
 
----------------
ADF Engine Input
----------------
 
 NumericalQuality VeryGood
 SCF
 Converge 1.0e-6
 Iterations 99
 End
 SYMMETRY NOSYM
 SpinPolarization 1.0
 Unrestricted Yes
 XC
 GGA OLYP
 End
 basis
 core None
 type TZ2P
 End
 

 Title: *** (NO TITLE) ***

 Using automatic Hessian for delocalized coordinates.
 *** GOStep1 ***
