<Jan28-2022> <09:07:29>  AMS 2021.102  RunTime: Jan28-2022 09:07:29  ShM Nodes: 1  Procs: 4
<Jan28-2022> <09:07:30>  ADF 2021.102  RunTime: Jan28-2022 09:07:30  ShM Nodes: 1  Procs: 4
<Jan28-2022> <09:07:30>  *** (NO TITLE) ***
<Jan28-2022> <09:07:31>  Iteration 1
<Jan28-2022> <09:07:31>  DIRAC 2021.102  RunTime: Jan28-2022 09:07:31  ShM Nodes: 1  Procs: 1
<Jan28-2022> <09:07:31>  Hydrogen (TZ2P)
<Jan28-2022> <09:07:31>  Net Charge: 0 (Nuclei minus Electrons)
<Jan28-2022> <09:07:31>  Symmetry  : ATOM
<Jan28-2022> <09:07:31>  Coordinates
<Jan28-2022> <09:07:31>     Atom         X           Y           Z   (Angstrom)
<Jan28-2022> <09:07:31>     1.H         0.000000    0.000000    0.000000
<Jan28-2022> <09:07:31>  >>>> CORORT
<Jan28-2022> <09:07:31>  >>>> CLSMAT
<Jan28-2022> <09:07:31>  >>>> ORTHON
<Jan28-2022> <09:07:31>  >>>> GENPT
<Jan28-2022> <09:07:31>  Block Length=  64
<Jan28-2022> <09:07:31>  >>>> PTBAS
<Jan28-2022> <09:07:31>  >>>> CYCLE
<Jan28-2022> <09:07:31>              |Error|         MaxErr       Wt(A-DIIS)
<Jan28-2022> <09:07:31>      1      0.00000000      0.00000000
<Jan28-2022> <09:07:31>      2      0.03080019      0.02591482
<Jan28-2022> <09:07:31>      3      0.01140383      0.01135775    100.0
<Jan28-2022> <09:07:31>      4      0.00327656      0.00327407      2.3
<Jan28-2022> <09:07:31>      5      0.00010041      0.00009754      0.0
<Jan28-2022> <09:07:31>      6      0.00000525      0.00000504      0.0
<Jan28-2022> <09:07:32>      7      0.00000007      0.00000007      0.0
<Jan28-2022> <09:07:32>      8      0.00000000      0.00000000      0.0
<Jan28-2022> <09:07:32>  SCF converged
<Jan28-2022> <09:07:32>      9      0.00000000      0.00000000      0.0
<Jan28-2022> <09:07:32>  >>>> POPAN
<Jan28-2022> <09:07:32>  >>>> DEBYE
<Jan28-2022> <09:07:32>  DIRAC 2021.102  RunTime: Jan28-2022 09:07:32  ShM Nodes: 1  Procs: 1
<Jan28-2022> <09:07:32>  Carbon (TZ2P)
<Jan28-2022> <09:07:32>  Net Charge: 0 (Nuclei minus Electrons)
<Jan28-2022> <09:07:32>  Symmetry  : ATOM
<Jan28-2022> <09:07:32>  Coordinates
<Jan28-2022> <09:07:32>     Atom         X           Y           Z   (Angstrom)
<Jan28-2022> <09:07:32>     1.C         0.000000    0.000000    0.000000
<Jan28-2022> <09:07:32>  >>>> CORORT
<Jan28-2022> <09:07:32>  >>>> CLSMAT
<Jan28-2022> <09:07:32>  >>>> ORTHON
<Jan28-2022> <09:07:32>  >>>> GENPT
<Jan28-2022> <09:07:32>  Block Length=  72
<Jan28-2022> <09:07:32>  >>>> PTBAS
<Jan28-2022> <09:07:32>  >>>> CYCLE
<Jan28-2022> <09:07:33>              |Error|         MaxErr       Wt(A-DIIS)
<Jan28-2022> <09:07:33>      1      0.00000000      0.00000000
<Jan28-2022> <09:07:33>      2      4.48405934      3.32161898    100.0
<Jan28-2022> <09:07:33>      3      1.60718414      1.28408746    100.0
<Jan28-2022> <09:07:33>      4      0.76426456      0.62272052    100.0
<Jan28-2022> <09:07:33>      5      0.36119063      0.28553990    100.0
<Jan28-2022> <09:07:33>      6      0.14821424      0.11559867    100.0
<Jan28-2022> <09:07:33>      7      0.10108424      0.07867111     78.5
<Jan28-2022> <09:07:33>      8      0.01786531      0.01387049     13.0
<Jan28-2022> <09:07:33>      9      0.00195746      0.00153262      0.5
<Jan28-2022> <09:07:33>     10      0.00001058      0.00000730      0.0
<Jan28-2022> <09:07:33>     11      0.00000047      0.00000027      0.0
<Jan28-2022> <09:07:33>     12      0.00000003      0.00000002      0.0
<Jan28-2022> <09:07:33>     13      0.00000000      0.00000000      0.0
<Jan28-2022> <09:07:33>  SCF converged
<Jan28-2022> <09:07:33>     14      0.00000000      0.00000000      0.0
<Jan28-2022> <09:07:33>  >>>> POPAN
<Jan28-2022> <09:07:33>  >>>> DEBYE
<Jan28-2022> <09:07:33>  DIRAC 2021.102  RunTime: Jan28-2022 09:07:33  ShM Nodes: 1  Procs: 1
<Jan28-2022> <09:07:34>  Oxygen (TZ2P)
<Jan28-2022> <09:07:34>  Net Charge: 0 (Nuclei minus Electrons)
<Jan28-2022> <09:07:34>  Symmetry  : ATOM
<Jan28-2022> <09:07:34>  Coordinates
<Jan28-2022> <09:07:34>     Atom         X           Y           Z   (Angstrom)
<Jan28-2022> <09:07:34>     1.O         0.000000    0.000000    0.000000
<Jan28-2022> <09:07:34>  >>>> CORORT
<Jan28-2022> <09:07:34>  >>>> CLSMAT
<Jan28-2022> <09:07:34>  >>>> ORTHON
<Jan28-2022> <09:07:34>  >>>> GENPT
<Jan28-2022> <09:07:34>  Block Length=  68
<Jan28-2022> <09:07:34>  >>>> PTBAS
<Jan28-2022> <09:07:34>  >>>> CYCLE
<Jan28-2022> <09:07:34>              |Error|         MaxErr       Wt(A-DIIS)
<Jan28-2022> <09:07:34>      1      0.00000000      0.00000000
<Jan28-2022> <09:07:34>      2      8.77210307      5.53374266    100.0
<Jan28-2022> <09:07:34>      3      3.60058093      2.49154808    100.0
<Jan28-2022> <09:07:34>      4      1.20505529      0.62472425    100.0
<Jan28-2022> <09:07:34>      5      1.46502638      0.81213311    100.0
<Jan28-2022> <09:07:34>      6      0.15089362      0.09131786     91.2
<Jan28-2022> <09:07:34>      7      0.14397311      0.08251182     82.3
<Jan28-2022> <09:07:34>      8      0.00183259      0.00123681      0.2
<Jan28-2022> <09:07:34>      9      0.00015629      0.00008105      0.0
<Jan28-2022> <09:07:34>     10      0.00001324      0.00000629      0.0
<Jan28-2022> <09:07:34>     11      0.00000006      0.00000003      0.0
<Jan28-2022> <09:07:35>     12      0.00000000      0.00000000      0.0
<Jan28-2022> <09:07:35>  SCF converged
<Jan28-2022> <09:07:35>     13      0.00000000      0.00000000      0.0
<Jan28-2022> <09:07:35>  >>>> POPAN
<Jan28-2022> <09:07:35>  >>>> DEBYE
<Jan28-2022> <09:07:35>  DIRAC 2021.102  RunTime: Jan28-2022 09:07:35  ShM Nodes: 1  Procs: 1
<Jan28-2022> <09:07:36>  Iodine (TZ2P, all electron)
<Jan28-2022> <09:07:36>  Net Charge: 0 (Nuclei minus Electrons)
<Jan28-2022> <09:07:36>  Symmetry  : ATOM
<Jan28-2022> <09:07:36>  Coordinates
<Jan28-2022> <09:07:36>     Atom         X           Y           Z   (Angstrom)
<Jan28-2022> <09:07:36>     1.I         0.000000    0.000000    0.000000
<Jan28-2022> <09:07:36>  >>>> CORORT
<Jan28-2022> <09:07:36>  >>>> CLSMAT
<Jan28-2022> <09:07:36>  >>>> ORTHON
<Jan28-2022> <09:07:36>  >>>> GENPT
<Jan28-2022> <09:07:36>  Block Length=  88
<Jan28-2022> <09:07:36>  >>>> PTBAS
<Jan28-2022> <09:07:36>  >>>> CYCLE
<Jan28-2022> <09:07:37>              |Error|         MaxErr       Wt(A-DIIS)
<Jan28-2022> <09:07:37>      1      0.00000000      0.00000000
<Jan28-2022> <09:07:37>      2    302.16835523     40.96243619    100.0
<Jan28-2022> <09:07:37>      3    115.45084873     32.05895485    100.0
<Jan28-2022> <09:07:38>      4     16.57298611      2.67421947    100.0
<Jan28-2022> <09:07:38>      5     19.84924009      6.00369154    100.0
<Jan28-2022> <09:07:38>      6      3.53444971      0.75082635    100.0
<Jan28-2022> <09:07:38>      7      3.91287540      0.80211300    100.0
<Jan28-2022> <09:07:38>      8      0.25898904      0.05024736     49.7
<Jan28-2022> <09:07:38>      9      0.05079462      0.01041659      9.5
<Jan28-2022> <09:07:39>     10      0.00447325      0.00089953      0.0
<Jan28-2022> <09:07:39>     11      0.00037467      0.00008194      0.0
<Jan28-2022> <09:07:39>     12      0.00000877      0.00000176      0.0
<Jan28-2022> <09:07:39>     13      0.00000011      0.00000002      0.0
<Jan28-2022> <09:07:39>     14      0.00000000      0.00000000      0.0
<Jan28-2022> <09:07:39>  SCF converged
<Jan28-2022> <09:07:40>     15      0.00000000      0.00000000      0.0
<Jan28-2022> <09:07:40>  >>>> POPAN
<Jan28-2022> <09:07:40>  >>>> DEBYE
<Jan28-2022> <09:07:40>  *** GOStep1 ***
<Jan28-2022> <09:07:40>  >>>> FRAGM
<Jan28-2022> <09:07:40>  Coordinates
<Jan28-2022> <09:07:40>     Atom         X           Y           Z   (Angstrom)
<Jan28-2022> <09:07:40>     1.H         0.308836   -1.713227    0.348451
<Jan28-2022> <09:07:40>     2.C        -0.859332    0.073256    0.953616
<Jan28-2022> <09:07:40>     3.C         0.305667   -0.622080    0.356973
<Jan28-2022> <09:07:40>     4.C         1.443635    0.022461   -0.230052
<Jan28-2022> <09:07:40>     5.O         2.419916   -0.559288   -0.730045
<Jan28-2022> <09:07:40>     6.H        -0.691953    1.152837    0.944283
<Jan28-2022> <09:07:40>     7.H        -2.099499    0.106838    2.737885
<Jan28-2022> <09:07:40>     8.H        -0.387774   -0.204925    3.068992
<Jan28-2022> <09:07:40>     9.C        -1.207068   -0.411253    2.373451
<Jan28-2022> <09:07:40>    10.H        -1.408495   -1.487467    2.394752
<Jan28-2022> <09:07:40>    11.C        -4.292925   -0.668393   -1.596661
<Jan28-2022> <09:07:40>    12.C        -3.821146    0.638314   -1.419969
<Jan28-2022> <09:07:40>    13.C        -2.713407    0.877583   -0.597204
<Jan28-2022> <09:07:40>    14.C        -2.077448   -0.189854    0.048870
<Jan28-2022> <09:07:40>    15.C        -2.549227   -1.496561   -0.127822
<Jan28-2022> <09:07:40>    16.C        -3.656966   -1.735830   -0.950587
<Jan28-2022> <09:07:40>    17.H        -4.307800    1.455145   -1.914362
<Jan28-2022> <09:07:40>    18.H        -2.352389    1.877510   -0.461995
<Jan28-2022> <09:07:40>    19.H        -2.062573   -2.313393    0.366570
<Jan28-2022> <09:07:40>    20.H        -4.017984   -2.735757   -1.085797
<Jan28-2022> <09:07:40>    21.H        -5.140597   -0.851489   -2.226263
<Jan28-2022> <09:07:40>    22.H         2.131759   -0.633405   -0.721198
<Jan28-2022> <09:07:40>    23.I         1.540627    0.824565   -0.280820
<Jan28-2022> <09:07:40>    24.I         0.108422    3.078617    0.450888
<Jan28-2022> <09:07:40>  >>>> CORORT
<Jan28-2022> <09:07:41>  >>>> CLSMAT
<Jan28-2022> <09:07:41>  >>>> ORTHON
<Jan28-2022> <09:07:41>  >>>> GENPT
<Jan28-2022> <09:07:42>  Block Length= 128
<Jan28-2022> <09:07:45>  >>>> PTBAS
<Jan28-2022> <09:09:05>  >>>> CYCLE
<Jan28-2022> <09:12:44>              |Error|         MaxErr       Wt(A-DIIS)
<Jan28-2022> <09:12:44>      1     29.19225174      3.81005644
<Jan28-2022> <09:15:52>      2      4.07882549      0.35179018    100.0
<Jan28-2022> <09:19:03>      3      1.40731984      0.13332007    100.0
<Jan28-2022> <09:22:19>      4      2.48581518      0.18093013    100.0
<Jan28-2022> <09:25:36>      5      0.55946402      0.03712034     36.5
<Jan28-2022> <09:28:50>      6      0.39583228      0.02669223     26.0
<Jan28-2022> <09:32:05>      7      0.28491987      0.01616767     15.3
<Jan28-2022> <09:35:17>      8      0.09866300      0.00706971      6.1
<Jan28-2022> <09:38:27>      9      0.03269557      0.00157726      0.6
<Jan28-2022> <09:41:37>     10      0.00763414      0.00037543      0.0
<Jan28-2022> <09:44:49>     11      0.00497572      0.00021539      0.0
<Jan28-2022> <09:48:04>     12      0.00208879      0.00008440      0.0
<Jan28-2022> <09:51:18>     13      0.00104894      0.00005137      0.0
<Jan28-2022> <09:54:29>     14      0.00065345      0.00004196      0.0
<Jan28-2022> <09:57:43>     15      0.00058784      0.00002940      0.0
