<Jan21-2022> <00:36:05>  AMS 2021.102  RunTime: Jan21-2022 00:36:05  ShM Nodes: 1  Procs: 1
<Jan21-2022> <00:36:05>  ADF 2021.102  RunTime: Jan21-2022 00:36:05  ShM Nodes: 1  Procs: 1
<Jan21-2022> <00:36:05>  *** (NO TITLE) ***
<Jan21-2022> <00:36:05>  Iteration 1
<Jan21-2022> <00:36:05>  DIRAC 2021.102  RunTime: Jan21-2022 00:36:05  ShM Nodes: 1  Procs: 1
<Jan21-2022> <00:36:05>  Hydrogen (TZ2P)
<Jan21-2022> <00:36:05>  Net Charge: 0 (Nuclei minus Electrons)
<Jan21-2022> <00:36:05>  Symmetry  : ATOM
<Jan21-2022> <00:36:05>  Coordinates
<Jan21-2022> <00:36:05>     Atom         X           Y           Z   (Angstrom)
<Jan21-2022> <00:36:05>     1.H         0.000000    0.000000    0.000000
<Jan21-2022> <00:36:05>  >>>> CORORT
<Jan21-2022> <00:36:05>  >>>> CLSMAT
<Jan21-2022> <00:36:05>  >>>> ORTHON
<Jan21-2022> <00:36:05>  >>>> GENPT
<Jan21-2022> <00:36:05>  Block Length=  64
<Jan21-2022> <00:36:05>  >>>> PTBAS
<Jan21-2022> <00:36:05>  >>>> CYCLE
<Jan21-2022> <00:36:05>              |Error|         MaxErr       Wt(A-DIIS)
<Jan21-2022> <00:36:05>      1      0.00000000      0.00000000
<Jan21-2022> <00:36:05>      2      0.03080019      0.02591482
<Jan21-2022> <00:36:05>      3      0.01140383      0.01135775    100.0
<Jan21-2022> <00:36:05>      4      0.00327656      0.00327407      2.3
<Jan21-2022> <00:36:05>      5      0.00010041      0.00009754      0.0
<Jan21-2022> <00:36:05>      6      0.00000525      0.00000504      0.0
<Jan21-2022> <00:36:05>      7      0.00000007      0.00000007      0.0
<Jan21-2022> <00:36:05>      8      0.00000000      0.00000000      0.0
<Jan21-2022> <00:36:05>  SCF converged
<Jan21-2022> <00:36:05>      9      0.00000000      0.00000000      0.0
<Jan21-2022> <00:36:05>  >>>> POPAN
<Jan21-2022> <00:36:05>  >>>> DEBYE
<Jan21-2022> <00:36:06>  DIRAC 2021.102  RunTime: Jan21-2022 00:36:06  ShM Nodes: 1  Procs: 1
<Jan21-2022> <00:36:06>  Carbon (TZ2P)
<Jan21-2022> <00:36:06>  Net Charge: 0 (Nuclei minus Electrons)
<Jan21-2022> <00:36:06>  Symmetry  : ATOM
<Jan21-2022> <00:36:06>  Coordinates
<Jan21-2022> <00:36:06>     Atom         X           Y           Z   (Angstrom)
<Jan21-2022> <00:36:06>     1.C         0.000000    0.000000    0.000000
<Jan21-2022> <00:36:06>  >>>> CORORT
<Jan21-2022> <00:36:06>  >>>> CLSMAT
<Jan21-2022> <00:36:06>  >>>> ORTHON
<Jan21-2022> <00:36:06>  >>>> GENPT
<Jan21-2022> <00:36:06>  Block Length=  72
<Jan21-2022> <00:36:06>  >>>> PTBAS
<Jan21-2022> <00:36:06>  >>>> CYCLE
<Jan21-2022> <00:36:06>              |Error|         MaxErr       Wt(A-DIIS)
<Jan21-2022> <00:36:06>      1      0.00000000      0.00000000
<Jan21-2022> <00:36:06>      2      4.48405934      3.32161898    100.0
<Jan21-2022> <00:36:06>      3      1.60718414      1.28408746    100.0
<Jan21-2022> <00:36:06>      4      0.76426456      0.62272052    100.0
<Jan21-2022> <00:36:06>      5      0.36119063      0.28553990    100.0
<Jan21-2022> <00:36:06>      6      0.14821424      0.11559867    100.0
<Jan21-2022> <00:36:06>      7      0.10108424      0.07867111     78.5
<Jan21-2022> <00:36:06>      8      0.01786531      0.01387049     13.0
<Jan21-2022> <00:36:06>      9      0.00195746      0.00153262      0.5
<Jan21-2022> <00:36:06>     10      0.00001058      0.00000730      0.0
<Jan21-2022> <00:36:06>     11      0.00000047      0.00000027      0.0
<Jan21-2022> <00:36:06>     12      0.00000003      0.00000002      0.0
<Jan21-2022> <00:36:06>     13      0.00000000      0.00000000      0.0
<Jan21-2022> <00:36:06>  SCF converged
<Jan21-2022> <00:36:06>     14      0.00000000      0.00000000      0.0
<Jan21-2022> <00:36:06>  >>>> POPAN
<Jan21-2022> <00:36:06>  >>>> DEBYE
<Jan21-2022> <00:36:06>  *** GOStep1 ***
<Jan21-2022> <00:36:06>  >>>> FRAGM
<Jan21-2022> <00:36:06>  Coordinates
<Jan21-2022> <00:36:06>     Atom         X           Y           Z   (Angstrom)
<Jan21-2022> <00:36:06>     1.H         2.053570   -0.803441    0.000000
<Jan21-2022> <00:36:06>     2.C         0.972937   -0.695741    0.000000
<Jan21-2022> <00:36:06>     3.H         0.663467   -0.150351    0.886617
<Jan21-2022> <00:36:06>     4.H         0.663467    0.150351   -0.886617
<Jan21-2022> <00:36:06>  >>>> CORORT
<Jan21-2022> <00:36:06>  >>>> CLSMAT
<Jan21-2022> <00:36:06>  >>>> ORTHON
<Jan21-2022> <00:36:06>  >>>> GENPT
<Jan21-2022> <00:36:06>  Block Length= 128
<Jan21-2022> <00:36:07>  >>>> PTBAS
<Jan21-2022> <00:36:07>  >>>> CYCLE
<Jan21-2022> <00:36:13>              |Error|         MaxErr       Wt(A-DIIS)
<Jan21-2022> <00:36:13>      1      1.82550844      0.37604047
<Jan21-2022> <00:36:18>      2      0.43473674      0.04919750    100.0
<Jan21-2022> <00:36:23>      3      0.41343507      0.05953285    100.0
<Jan21-2022> <00:36:27>      4      0.05484385      0.00563789      4.7
<Jan21-2022> <00:36:32>      5      0.01218287      0.00187576      0.9
<Jan21-2022> <00:36:36>      6      0.00143899      0.00017142      0.0
<Jan21-2022> <00:36:41>      7      0.00043138      0.00004931      0.0
<Jan21-2022> <00:36:46>      8      0.00015256      0.00001901      0.0
<Jan21-2022> <00:36:51>      9      0.00003797      0.00000480      0.0
<Jan21-2022> <00:36:56>     10      0.00000591      0.00000095      0.0
<Jan21-2022> <00:36:57>  SCF converged
<Jan21-2022> <00:37:02>     11      0.00000154      0.00000025      0.0
<Jan21-2022> <00:37:03>  >>>> TOTEN
<Jan21-2022> <00:37:09>  >>>> POPAN
<Jan21-2022> <00:37:09>  >>>> DEBYE
<Jan21-2022> <00:37:09>  >>>> ENGRAD
<Jan21-2022> <00:37:12>  current energy                               -0.61784933 Hartree
<Jan21-2022> <00:37:12>  energy change                      -0.61784933     0.00004000    F
<Jan21-2022> <00:37:12>  constrained gradient max            0.16087428     0.00100000    F
<Jan21-2022> <00:37:12>  constrained gradient rms            0.06525784     0.00066667    F
<Jan21-2022> <00:37:12>  gradient max                        0.16087428
<Jan21-2022> <00:37:12>  gradient rms                        0.06525784
<Jan21-2022> <00:37:13>  cart. step max                      0.03789453     0.01000000    F
<Jan21-2022> <00:37:13>  cart. step rms                      0.01692117     0.00666667    F
<Jan21-2022> <00:37:13>  Iteration 2
<Jan21-2022> <00:37:13>  *** GOStep2 ***
<Jan21-2022> <00:37:13>  >>>> FRAGM
<Jan21-2022> <00:37:13>  Coordinates
<Jan21-2022> <00:37:13>     Atom         X           Y           Z   (Angstrom)
<Jan21-2022> <00:37:13>     1.H         2.052753   -0.808464   -0.016502
<Jan21-2022> <00:37:13>     2.C         0.973431   -0.657847   -0.010312
<Jan21-2022> <00:37:13>     3.H         0.648892   -0.155785    0.903096
<Jan21-2022> <00:37:13>     4.H         0.678365    0.122913   -0.876282
<Jan21-2022> <00:37:13>  >>>> CORORT
<Jan21-2022> <00:37:13>  >>>> CLSMAT
<Jan21-2022> <00:37:13>  >>>> ORTHON
<Jan21-2022> <00:37:13>  >>>> GENPT
<Jan21-2022> <00:37:13>  Block Length= 128
<Jan21-2022> <00:37:13>  >>>> PTBAS
<Jan21-2022> <00:37:14>  >>>> CYCLE
<Jan21-2022> <00:37:17>  using orbital data from restart file
<Jan21-2022> <00:37:21>              |Error|         MaxErr       Wt(A-DIIS)
<Jan21-2022> <00:37:21>      1      0.11646284      0.03030531
<Jan21-2022> <00:37:26>      2      0.02424311      0.00276688    100.0
<Jan21-2022> <00:37:31>      3      0.01459030      0.00188405    100.0
<Jan21-2022> <00:37:36>      4      0.01504940      0.00172223      0.7
<Jan21-2022> <00:37:41>      5      0.00038842      0.00005526      0.0
<Jan21-2022> <00:37:46>      6      0.00009391      0.00000934      0.0
<Jan21-2022> <00:37:51>      7      0.00001481      0.00000173      0.0
<Jan21-2022> <00:37:56>      8      0.00000527      0.00000074      0.0
<Jan21-2022> <00:37:57>  SCF converged
<Jan21-2022> <00:38:01>      9      0.00000081      0.00000010      0.0
<Jan21-2022> <00:38:02>  >>>> TOTEN
<Jan21-2022> <00:38:09>  >>>> POPAN
<Jan21-2022> <00:38:09>  >>>> DEBYE
<Jan21-2022> <00:38:09>  >>>> ENGRAD
<Jan21-2022> <00:38:12>  current energy                               -0.62853719 Hartree
<Jan21-2022> <00:38:12>  energy change                      -0.01068786     0.00004000    F
<Jan21-2022> <00:38:12>  constrained gradient max            0.13347270     0.00100000    F
<Jan21-2022> <00:38:12>  constrained gradient rms            0.05213982     0.00066667    F
<Jan21-2022> <00:38:12>  gradient max                        0.13347270
<Jan21-2022> <00:38:12>  gradient rms                        0.05213982
<Jan21-2022> <00:38:12>  cart. step max                      0.07281860     0.01000000    F
<Jan21-2022> <00:38:12>  cart. step rms                      0.03354442     0.00666667    F
<Jan21-2022> <00:38:12>  Iteration 3
<Jan21-2022> <00:38:12>  *** GOStep3 ***
<Jan21-2022> <00:38:12>  >>>> FRAGM
<Jan21-2022> <00:38:12>  Coordinates
<Jan21-2022> <00:38:12>     Atom         X           Y           Z   (Angstrom)
<Jan21-2022> <00:38:12>     1.H         2.040892   -0.811882   -0.042127
<Jan21-2022> <00:38:12>     2.C         0.972147   -0.585028   -0.037269
<Jan21-2022> <00:38:12>     3.H         0.630782   -0.166253    0.915368
<Jan21-2022> <00:38:12>     4.H         0.709620    0.063981   -0.835972
<Jan21-2022> <00:38:12>  >>>> CORORT
<Jan21-2022> <00:38:12>  >>>> CLSMAT
<Jan21-2022> <00:38:12>  >>>> ORTHON
<Jan21-2022> <00:38:12>  >>>> GENPT
<Jan21-2022> <00:38:13>  Block Length= 128
<Jan21-2022> <00:38:13>  >>>> PTBAS
<Jan21-2022> <00:38:13>  >>>> CYCLE
<Jan21-2022> <00:38:16>  using orbital data from restart file
<Jan21-2022> <00:38:21>              |Error|         MaxErr       Wt(A-DIIS)
<Jan21-2022> <00:38:21>      1      0.30478414      0.08077309
<Jan21-2022> <00:38:26>      2      0.04288924      0.00506841    100.0
<Jan21-2022> <00:38:31>      3      0.02632068      0.00344924    100.0
<Jan21-2022> <00:38:36>      4      0.02595773      0.00279750      1.8
<Jan21-2022> <00:38:41>      5      0.00090493      0.00014295      0.0
<Jan21-2022> <00:38:46>      6      0.00016321      0.00002220      0.0
<Jan21-2022> <00:38:51>      7      0.00004639      0.00000616      0.0
<Jan21-2022> <00:38:56>      8      0.00001183      0.00000197      0.0
<Jan21-2022> <00:39:02>      9      0.00000138      0.00000015      0.0
<Jan21-2022> <00:39:03>  SCF converged
<Jan21-2022> <00:39:07>     10      0.00000030      0.00000004      0.0
<Jan21-2022> <00:39:08>  >>>> TOTEN
<Jan21-2022> <00:39:14>  >>>> POPAN
<Jan21-2022> <00:39:14>  >>>> DEBYE
<Jan21-2022> <00:39:14>  >>>> ENGRAD
<Jan21-2022> <00:39:18>  current energy                               -0.63918818 Hartree
<Jan21-2022> <00:39:18>  energy change                      -0.01065098     0.00004000    F
<Jan21-2022> <00:39:18>  constrained gradient max            0.04017636     0.00100000    F
<Jan21-2022> <00:39:18>  constrained gradient rms            0.02447855     0.00066667    F
<Jan21-2022> <00:39:18>  gradient max                        0.04017636
<Jan21-2022> <00:39:18>  gradient rms                        0.02447855
<Jan21-2022> <00:39:18>  cart. step max                      0.05066219     0.01000000    F
<Jan21-2022> <00:39:18>  cart. step rms                      0.02572289     0.00666667    F
<Jan21-2022> <00:39:18>  Iteration 4
<Jan21-2022> <00:39:18>  *** GOStep4 ***
<Jan21-2022> <00:39:18>  >>>> FRAGM
<Jan21-2022> <00:39:18>  Coordinates
<Jan21-2022> <00:39:18>     Atom         X           Y           Z   (Angstrom)
<Jan21-2022> <00:39:18>     1.H         2.043652   -0.836604   -0.027403
<Jan21-2022> <00:39:18>     2.C         0.995916   -0.534366   -0.030120
<Jan21-2022> <00:39:18>     3.H         0.629889   -0.191278    0.939054
<Jan21-2022> <00:39:18>     4.H         0.683984    0.063066   -0.881531
<Jan21-2022> <00:39:18>  >>>> CORORT
<Jan21-2022> <00:39:18>  >>>> CLSMAT
<Jan21-2022> <00:39:18>  >>>> ORTHON
<Jan21-2022> <00:39:18>  >>>> GENPT
<Jan21-2022> <00:39:18>  Block Length= 128
<Jan21-2022> <00:39:18>  >>>> PTBAS
<Jan21-2022> <00:39:19>  >>>> CYCLE
<Jan21-2022> <00:39:22>  using orbital data from restart file
<Jan21-2022> <00:39:26>              |Error|         MaxErr       Wt(A-DIIS)
<Jan21-2022> <00:39:26>      1      0.08283935      0.01529630
<Jan21-2022> <00:39:31>      2      0.02452429      0.00349152    100.0
<Jan21-2022> <00:39:36>      3      0.01982268      0.00285660    100.0
<Jan21-2022> <00:39:41>      4      0.01947520      0.00280745      1.8
<Jan21-2022> <00:39:46>      5      0.00603874      0.00110285      0.1
<Jan21-2022> <00:39:51>      6      0.00033788      0.00004610      0.0
<Jan21-2022> <00:39:56>      7      0.00022010      0.00003014      0.0
<Jan21-2022> <00:40:02>      8      0.00002610      0.00000315      0.0
<Jan21-2022> <00:40:07>      9      0.00000197      0.00000022      0.0
<Jan21-2022> <00:40:08>  SCF converged
<Jan21-2022> <00:40:12>     10      0.00000060      0.00000008      0.0
<Jan21-2022> <00:40:13>  >>>> TOTEN
<Jan21-2022> <00:40:19>  >>>> POPAN
<Jan21-2022> <00:40:19>  >>>> DEBYE
<Jan21-2022> <00:40:19>  >>>> ENGRAD
<Jan21-2022> <00:40:22>  current energy                               -0.64388726 Hartree
<Jan21-2022> <00:40:22>  energy change                      -0.00469909     0.00004000    F
<Jan21-2022> <00:40:22>  constrained gradient max            0.03084097     0.00100000    F
<Jan21-2022> <00:40:22>  constrained gradient rms            0.01331012     0.00066667    F
<Jan21-2022> <00:40:22>  gradient max                        0.03084097
<Jan21-2022> <00:40:22>  gradient rms                        0.01331012
<Jan21-2022> <00:40:22>  cart. step max                      0.06275230     0.01000000    F
<Jan21-2022> <00:40:22>  cart. step rms                      0.02425708     0.00666667    F
<Jan21-2022> <00:40:22>  Iteration 5
<Jan21-2022> <00:40:22>  *** GOStep5 ***
<Jan21-2022> <00:40:22>  >>>> FRAGM
<Jan21-2022> <00:40:22>  Coordinates
<Jan21-2022> <00:40:22>     Atom         X           Y           Z   (Angstrom)
<Jan21-2022> <00:40:22>     1.H         2.039870   -0.860261   -0.027170
<Jan21-2022> <00:40:22>     2.C         1.025241   -0.471614   -0.022404
<Jan21-2022> <00:40:22>     3.H         0.619102   -0.213787    0.950603
<Jan21-2022> <00:40:22>     4.H         0.669227    0.046480   -0.901029
<Jan21-2022> <00:40:23>  >>>> CORORT
<Jan21-2022> <00:40:23>  >>>> CLSMAT
<Jan21-2022> <00:40:23>  >>>> ORTHON
<Jan21-2022> <00:40:23>  >>>> GENPT
<Jan21-2022> <00:40:23>  Block Length= 128
<Jan21-2022> <00:40:23>  >>>> PTBAS
<Jan21-2022> <00:40:23>  >>>> CYCLE
<Jan21-2022> <00:40:26>  using orbital data from restart file
<Jan21-2022> <00:40:30>              |Error|         MaxErr       Wt(A-DIIS)
<Jan21-2022> <00:40:30>      1      0.07635390      0.01438340
<Jan21-2022> <00:40:35>      2      0.03006205      0.00412399    100.0
<Jan21-2022> <00:40:40>      3      0.02022295      0.00289184    100.0
<Jan21-2022> <00:40:45>      4      0.01399375      0.00237423      1.4
<Jan21-2022> <00:40:51>      5      0.00080389      0.00012994      0.0
<Jan21-2022> <00:40:56>      6      0.00009647      0.00001115      0.0
<Jan21-2022> <00:41:01>      7      0.00001489      0.00000189      0.0
<Jan21-2022> <00:41:06>      8      0.00000481      0.00000054      0.0
<Jan21-2022> <00:41:07>  SCF converged
<Jan21-2022> <00:41:11>      9      0.00000280      0.00000039      0.0
<Jan21-2022> <00:41:12>  >>>> TOTEN
<Jan21-2022> <00:41:18>  >>>> POPAN
<Jan21-2022> <00:41:18>  >>>> DEBYE
<Jan21-2022> <00:41:18>  >>>> ENGRAD
<Jan21-2022> <00:41:22>  current energy                               -0.64641295 Hartree
<Jan21-2022> <00:41:22>  energy change                      -0.00252569     0.00004000    F
<Jan21-2022> <00:41:22>  constrained gradient max            0.01615978     0.00100000    F
<Jan21-2022> <00:41:22>  constrained gradient rms            0.00749094     0.00066667    F
<Jan21-2022> <00:41:22>  gradient max                        0.01615978
<Jan21-2022> <00:41:22>  gradient rms                        0.00749094
<Jan21-2022> <00:41:22>  cart. step max                      0.04256834     0.01000000    F
<Jan21-2022> <00:41:22>  cart. step rms                      0.01843417     0.00666667    F
<Jan21-2022> <00:41:22>  Iteration 6
<Jan21-2022> <00:41:22>  *** GOStep6 ***
<Jan21-2022> <00:41:22>  >>>> FRAGM
<Jan21-2022> <00:41:22>  Coordinates
<Jan21-2022> <00:41:22>     Atom         X           Y           Z   (Angstrom)
<Jan21-2022> <00:41:22>     1.H         2.039777   -0.879320   -0.036492
<Jan21-2022> <00:41:22>     2.C         1.054742   -0.429045   -0.008936
<Jan21-2022> <00:41:22>     3.H         0.600811   -0.224324    0.951521
<Jan21-2022> <00:41:22>     4.H         0.658110    0.033507   -0.906093
<Jan21-2022> <00:41:22>  >>>> CORORT
<Jan21-2022> <00:41:22>  >>>> CLSMAT
<Jan21-2022> <00:41:22>  >>>> ORTHON
<Jan21-2022> <00:41:22>  >>>> GENPT
<Jan21-2022> <00:41:22>  Block Length= 128
<Jan21-2022> <00:41:22>  >>>> PTBAS
<Jan21-2022> <00:41:23>  >>>> CYCLE
<Jan21-2022> <00:41:26>  using orbital data from restart file
<Jan21-2022> <00:41:30>              |Error|         MaxErr       Wt(A-DIIS)
<Jan21-2022> <00:41:30>      1      0.06087989      0.00841819
<Jan21-2022> <00:41:35>      2      0.02598846      0.00350248    100.0
<Jan21-2022> <00:41:40>      3      0.01732409      0.00246977    100.0
<Jan21-2022> <00:41:45>      4      0.01241464      0.00203599      1.0
<Jan21-2022> <00:41:50>      5      0.00067785      0.00010582      0.0
<Jan21-2022> <00:41:55>      6      0.00010035      0.00001120      0.0
<Jan21-2022> <00:42:01>      7      0.00001348      0.00000170      0.0
<Jan21-2022> <00:42:06>      8      0.00000189      0.00000023      0.0
<Jan21-2022> <00:42:07>  SCF converged
<Jan21-2022> <00:42:11>      9      0.00000054      0.00000006      0.0
<Jan21-2022> <00:42:12>  >>>> TOTEN
<Jan21-2022> <00:42:18>  >>>> POPAN
<Jan21-2022> <00:42:18>  >>>> DEBYE
<Jan21-2022> <00:42:18>  >>>> ENGRAD
<Jan21-2022> <00:42:22>  current energy                               -0.64742785 Hartree
<Jan21-2022> <00:42:22>  energy change                      -0.00101490     0.00004000    F
<Jan21-2022> <00:42:22>  constrained gradient max            0.00646149     0.00100000    F
<Jan21-2022> <00:42:22>  constrained gradient rms            0.00309945     0.00066667    F
<Jan21-2022> <00:42:22>  gradient max                        0.00646149
<Jan21-2022> <00:42:22>  gradient rms                        0.00309945
<Jan21-2022> <00:42:22>  cart. step max                      0.03559794     0.01000000    F
<Jan21-2022> <00:42:22>  cart. step rms                      0.01468663     0.00666667    F
<Jan21-2022> <00:42:22>  Iteration 7
<Jan21-2022> <00:42:22>  *** GOStep7 ***
<Jan21-2022> <00:42:22>  >>>> FRAGM
<Jan21-2022> <00:42:22>  Coordinates
<Jan21-2022> <00:42:22>     Atom         X           Y           Z   (Angstrom)
<Jan21-2022> <00:42:22>     1.H         2.037000   -0.893655   -0.041939
<Jan21-2022> <00:42:22>     2.C         1.078404   -0.393447   -0.001919
<Jan21-2022> <00:42:22>     3.H         0.588224   -0.233455    0.948488
<Jan21-2022> <00:42:22>     4.H         0.649813    0.021376   -0.904630
<Jan21-2022> <00:42:22>  >>>> CORORT
<Jan21-2022> <00:42:22>  >>>> CLSMAT
<Jan21-2022> <00:42:22>  >>>> ORTHON
<Jan21-2022> <00:42:22>  >>>> GENPT
<Jan21-2022> <00:42:22>  Block Length= 128
<Jan21-2022> <00:42:22>  >>>> PTBAS
<Jan21-2022> <00:42:23>  >>>> CYCLE
<Jan21-2022> <00:42:26>  using orbital data from restart file
<Jan21-2022> <00:42:30>              |Error|         MaxErr       Wt(A-DIIS)
<Jan21-2022> <00:42:30>      1      0.04805587      0.00831315
<Jan21-2022> <00:42:35>      2      0.02203599      0.00293151    100.0
<Jan21-2022> <00:42:40>      3      0.02085833      0.00279847    100.0
<Jan21-2022> <00:42:45>      4      0.02084032      0.00279544      1.8
<Jan21-2022> <00:42:50>      5      0.01345740      0.00215958      1.2
<Jan21-2022> <00:42:55>      6      0.00127651      0.00013519      0.0
<Jan21-2022> <00:43:00>      7      0.00129000      0.00016993      0.0
<Jan21-2022> <00:43:05>      8      0.00004228      0.00000445      0.0
<Jan21-2022> <00:43:11>      9      0.00001871      0.00000243      0.0
<Jan21-2022> <00:43:16>     10      0.00001716      0.00000260      0.0
<Jan21-2022> <00:43:21>     11      0.00001668      0.00000247      0.0
<Jan21-2022> <00:43:25>     12      0.00001671      0.00000249      0.0
<Jan21-2022> <00:43:30>     13      0.00001662      0.00000248      0.0
<Jan21-2022> <00:43:35>     14      0.00000049      0.00000009      0.0
<Jan21-2022> <00:43:36>  SCF converged
<Jan21-2022> <00:43:41>     15      0.00000009      0.00000001      0.0
<Jan21-2022> <00:43:41>  >>>> TOTEN
<Jan21-2022> <00:43:48>  >>>> POPAN
<Jan21-2022> <00:43:48>  >>>> DEBYE
<Jan21-2022> <00:43:48>  >>>> ENGRAD
<Jan21-2022> <00:43:51>  current energy                               -0.64774195 Hartree
<Jan21-2022> <00:43:52>  energy change                      -0.00031410     0.00004000    F
<Jan21-2022> <00:43:52>  constrained gradient max            0.00226492     0.00100000    F
<Jan21-2022> <00:43:52>  constrained gradient rms            0.00126838     0.00066667    F
<Jan21-2022> <00:43:52>  gradient max                        0.00226492
<Jan21-2022> <00:43:52>  gradient rms                        0.00126838
<Jan21-2022> <00:43:52>  cart. step max                      0.01558833     0.01000000    F
<Jan21-2022> <00:43:52>  cart. step rms                      0.00604972     0.00666667    T
<Jan21-2022> <00:43:52>  Iteration 8
<Jan21-2022> <00:43:52>  *** GOStep8 ***
<Jan21-2022> <00:43:52>  >>>> FRAGM
<Jan21-2022> <00:43:52>  Coordinates
<Jan21-2022> <00:43:52>     Atom         X           Y           Z   (Angstrom)
<Jan21-2022> <00:43:52>     1.H         2.034691   -0.899350   -0.041821
<Jan21-2022> <00:43:52>     2.C         1.087344   -0.377859   -0.000160
<Jan21-2022> <00:43:52>     3.H         0.585440   -0.238849    0.948484
<Jan21-2022> <00:43:52>     4.H         0.645966    0.016876   -0.906504
<Jan21-2022> <00:43:52>  >>>> CORORT
<Jan21-2022> <00:43:52>  >>>> CLSMAT
<Jan21-2022> <00:43:52>  >>>> ORTHON
<Jan21-2022> <00:43:52>  >>>> GENPT
<Jan21-2022> <00:43:52>  Block Length= 128
<Jan21-2022> <00:43:52>  >>>> PTBAS
<Jan21-2022> <00:43:53>  >>>> CYCLE
<Jan21-2022> <00:43:56>  using orbital data from restart file
<Jan21-2022> <00:44:00>              |Error|         MaxErr       Wt(A-DIIS)
<Jan21-2022> <00:44:00>      1      0.02007454      0.00326762
<Jan21-2022> <00:44:05>      2      0.00935288      0.00129529    100.0
<Jan21-2022> <00:44:10>      3      0.00683813      0.00111704    100.0
<Jan21-2022> <00:44:15>      4      0.00242198      0.00031725      0.0
<Jan21-2022> <00:44:20>      5      0.00061739      0.00008079      0.0
<Jan21-2022> <00:44:25>      6      0.00002036      0.00000230      0.0
<Jan21-2022> <00:44:30>      7      0.00000120      0.00000021      0.0
<Jan21-2022> <00:44:31>  SCF converged
<Jan21-2022> <00:44:35>      8      0.00000022      0.00000003      0.0
<Jan21-2022> <00:44:36>  >>>> TOTEN
<Jan21-2022> <00:44:42>  >>>> POPAN
<Jan21-2022> <00:44:42>  >>>> DEBYE
<Jan21-2022> <00:44:42>  >>>> ENGRAD
<Jan21-2022> <00:44:46>  current energy                               -0.64778042 Hartree
<Jan21-2022> <00:44:46>  energy change                      -0.00003847     0.00004000    T
<Jan21-2022> <00:44:46>  constrained gradient max            0.00100384     0.00100000    F
<Jan21-2022> <00:44:46>  constrained gradient rms            0.00051469     0.00066667    T
<Jan21-2022> <00:44:46>  gradient max                        0.00100384
<Jan21-2022> <00:44:46>  gradient rms                        0.00051469
<Jan21-2022> <00:44:46>  cart. step max                      0.00311587     0.01000000    T
<Jan21-2022> <00:44:46>  cart. step rms                      0.00118216     0.00666667    T
<Jan21-2022> <00:44:46>  Iteration 9
<Jan21-2022> <00:44:46>  *** GOStep9 ***
<Jan21-2022> <00:44:46>  >>>> FRAGM
<Jan21-2022> <00:44:46>  Coordinates
<Jan21-2022> <00:44:46>     Atom         X           Y           Z   (Angstrom)
<Jan21-2022> <00:44:46>     1.H         2.034149   -0.900317   -0.041762
<Jan21-2022> <00:44:46>     2.C         1.088481   -0.374743    0.000065
<Jan21-2022> <00:44:46>     3.H         0.585207   -0.240112    0.949313
<Jan21-2022> <00:44:46>     4.H         0.645604    0.015990   -0.907615
<Jan21-2022> <00:44:46>  >>>> CORORT
<Jan21-2022> <00:44:46>  >>>> CLSMAT
<Jan21-2022> <00:44:46>  >>>> ORTHON
<Jan21-2022> <00:44:46>  >>>> GENPT
<Jan21-2022> <00:44:46>  Block Length= 128
<Jan21-2022> <00:44:46>  >>>> PTBAS
<Jan21-2022> <00:44:47>  >>>> CYCLE
<Jan21-2022> <00:44:50>  using orbital data from restart file
<Jan21-2022> <00:44:54>              |Error|         MaxErr       Wt(A-DIIS)
<Jan21-2022> <00:44:54>      1      0.00401846      0.00069905
<Jan21-2022> <00:44:59>      2      0.00172804      0.00023913    100.0
<Jan21-2022> <00:45:04>      3      0.00129939      0.00020666    100.0
<Jan21-2022> <00:45:10>      4      0.00049452      0.00005126      0.0
<Jan21-2022> <00:45:14>      5      0.00010455      0.00001334      0.0
<Jan21-2022> <00:45:19>      6      0.00000711      0.00000081      0.0
<Jan21-2022> <00:45:20>  SCF converged
<Jan21-2022> <00:45:24>      7      0.00000061      0.00000011      0.0
<Jan21-2022> <00:45:25>  >>>> TOTEN
<Jan21-2022> <00:45:32>  >>>> POPAN
<Jan21-2022> <00:45:32>  >>>> DEBYE
<Jan21-2022> <00:45:32>  >>>> ENGRAD
<Jan21-2022> <00:45:35>  current energy                               -0.64778253 Hartree
<Jan21-2022> <00:45:35>  energy change                      -0.00000211     0.00004000    T
<Jan21-2022> <00:45:35>  constrained gradient max            0.00026933     0.00100000    T
<Jan21-2022> <00:45:35>  constrained gradient rms            0.00012627     0.00066667    T
<Jan21-2022> <00:45:35>  gradient max                        0.00026933
<Jan21-2022> <00:45:35>  gradient rms                        0.00012627
<Jan21-2022> <00:45:35>  cart. step max                      0.00013068     0.01000000    T
<Jan21-2022> <00:45:35>  cart. step rms                      0.00007016     0.00666667    T
<Jan21-2022> <00:45:35>  Geometry optimization converged
<Jan21-2022> <00:45:35>  *** adf ***
<Jan21-2022> <00:45:35>  Net Charge: 0 (Nuclei minus Electrons)
<Jan21-2022> <00:45:35>  Spin polar: 1 (Spin_A minus Spin_B electrons)
<Jan21-2022> <00:45:35>  Symmetry  : NOSYM
<Jan21-2022> <00:45:35>  >>>> FRAGM
<Jan21-2022> <00:45:35>  Coordinates
<Jan21-2022> <00:45:35>     Atom         X           Y           Z   (Angstrom)
<Jan21-2022> <00:45:35>     1.H         2.034149   -0.900317   -0.041762
<Jan21-2022> <00:45:35>     2.C         1.088481   -0.374743    0.000065
<Jan21-2022> <00:45:35>     3.H         0.585207   -0.240112    0.949313
<Jan21-2022> <00:45:35>     4.H         0.645604    0.015990   -0.907615
<Jan21-2022> <00:45:35>  >>>> CORORT
<Jan21-2022> <00:45:35>  >>>> CLSMAT
<Jan21-2022> <00:45:35>  >>>> ORTHON
<Jan21-2022> <00:45:35>  >>>> GENPT
<Jan21-2022> <00:45:35>  Block Length= 128
<Jan21-2022> <00:45:36>  >>>> PTBAS
<Jan21-2022> <00:45:36>  >>>> CYCLE
<Jan21-2022> <00:45:39>  using orbital data from restart file
<Jan21-2022> <00:45:44>              |Error|         MaxErr       Wt(A-DIIS)
<Jan21-2022> <00:45:44>      1      0.00000005      0.00000001
<Jan21-2022> <00:45:49>      2      0.00000004      0.00000001    100.0
<Jan21-2022> <00:45:50>  SCF converged
<Jan21-2022> <00:45:54>      3      0.00000002      0.00000000    100.0
<Jan21-2022> <00:45:59>  >>>> TOTEN
<Jan21-2022> <00:46:08>  >>>> POPAN
<Jan21-2022> <00:46:08>  >>>> DEBYE
<Jan21-2022> <00:46:08>  >>>> AMETS
<Jan21-2022> <00:46:09>   Bond Energy          -0.64778253 a.u.
<Jan21-2022> <00:46:09>   Bond Energy         -17.62705951 eV
<Jan21-2022> <00:46:09>   Bond Energy        -406.49       kcal/mol
<Jan21-2022> <00:46:09>  >>>> POPUL
<Jan21-2022> <00:46:09>  >>>> ENGRAD
<Jan21-2022> <00:46:12>  >>>> ENHESS
<Jan21-2022> <00:46:14>  === NUCLEUS:     1
<Jan21-2022> <00:47:57>  === NUCLEUS:     2
<Jan21-2022> <00:49:34>  === NUCLEUS:     3
<Jan21-2022> <00:51:14>  === NUCLEUS:     4
<Jan21-2022> <00:52:45>  >>>> CALC_HESS_PMAT
<Jan21-2022> <00:52:52>  >>>> CALC_HESS_WMAT
<Jan21-2022> <00:52:53>  PES point character: Geometry corresponds to a local minimum on the PES.
<Jan21-2022> <00:52:53>  Geometry optimization successful!
<Jan21-2022> <00:52:53>  NORMAL TERMINATION
