<Jan20-2022> <14:26:33>  AMS 2021.102  RunTime: Jan20-2022 14:26:33  ShM Nodes: 1  Procs: 1
<Jan20-2022> <14:26:33>  ADF 2021.102  RunTime: Jan20-2022 14:26:33  ShM Nodes: 1  Procs: 1
<Jan20-2022> <14:26:33>  *** (NO TITLE) ***
<Jan20-2022> <14:26:33>  Iteration 1
<Jan20-2022> <14:26:34>  DIRAC 2021.102  RunTime: Jan20-2022 14:26:34  ShM Nodes: 1  Procs: 1
<Jan20-2022> <14:26:34>  Carbon (TZ2P)
<Jan20-2022> <14:26:34>  Net Charge: 0 (Nuclei minus Electrons)
<Jan20-2022> <14:26:34>  Symmetry  : ATOM
<Jan20-2022> <14:26:34>  Coordinates
<Jan20-2022> <14:26:34>     Atom         X           Y           Z   (Angstrom)
<Jan20-2022> <14:26:34>     1.C         0.000000    0.000000    0.000000
<Jan20-2022> <14:26:34>  >>>> CORORT
<Jan20-2022> <14:26:34>  >>>> CLSMAT
<Jan20-2022> <14:26:34>  >>>> ORTHON
<Jan20-2022> <14:26:34>  >>>> GENPT
<Jan20-2022> <14:26:34>  Block Length=  72
<Jan20-2022> <14:26:34>  >>>> PTBAS
<Jan20-2022> <14:26:34>  >>>> CYCLE
<Jan20-2022> <14:26:34>              |Error|         MaxErr       Wt(A-DIIS)
<Jan20-2022> <14:26:34>      1      0.00000000      0.00000000
<Jan20-2022> <14:26:34>      2      4.48405934      3.32161898    100.0
<Jan20-2022> <14:26:34>      3      1.60718414      1.28408746    100.0
<Jan20-2022> <14:26:34>      4      0.76426456      0.62272052    100.0
<Jan20-2022> <14:26:34>      5      0.36119063      0.28553990    100.0
<Jan20-2022> <14:26:34>      6      0.14821424      0.11559867    100.0
<Jan20-2022> <14:26:34>      7      0.10108424      0.07867111     78.5
<Jan20-2022> <14:26:34>      8      0.01786531      0.01387049     13.0
<Jan20-2022> <14:26:34>      9      0.00195746      0.00153262      0.5
<Jan20-2022> <14:26:34>     10      0.00001058      0.00000730      0.0
<Jan20-2022> <14:26:34>     11      0.00000047      0.00000027      0.0
<Jan20-2022> <14:26:34>     12      0.00000003      0.00000002      0.0
<Jan20-2022> <14:26:34>     13      0.00000000      0.00000000      0.0
<Jan20-2022> <14:26:34>  SCF converged
<Jan20-2022> <14:26:34>     14      0.00000000      0.00000000      0.0
<Jan20-2022> <14:26:34>  >>>> POPAN
<Jan20-2022> <14:26:34>  >>>> DEBYE
<Jan20-2022> <14:26:34>  DIRAC 2021.102  RunTime: Jan20-2022 14:26:34  ShM Nodes: 1  Procs: 1
<Jan20-2022> <14:26:34>  Hydrogen (TZ2P)
<Jan20-2022> <14:26:34>  Net Charge: 0 (Nuclei minus Electrons)
<Jan20-2022> <14:26:34>  Symmetry  : ATOM
<Jan20-2022> <14:26:35>  Coordinates
<Jan20-2022> <14:26:35>     Atom         X           Y           Z   (Angstrom)
<Jan20-2022> <14:26:35>     1.H         0.000000    0.000000    0.000000
<Jan20-2022> <14:26:35>  >>>> CORORT
<Jan20-2022> <14:26:35>  >>>> CLSMAT
<Jan20-2022> <14:26:35>  >>>> ORTHON
<Jan20-2022> <14:26:35>  >>>> GENPT
<Jan20-2022> <14:26:35>  Block Length=  64
<Jan20-2022> <14:26:35>  >>>> PTBAS
<Jan20-2022> <14:26:35>  >>>> CYCLE
<Jan20-2022> <14:26:35>              |Error|         MaxErr       Wt(A-DIIS)
<Jan20-2022> <14:26:35>      1      0.00000000      0.00000000
<Jan20-2022> <14:26:35>      2      0.03080019      0.02591482
<Jan20-2022> <14:26:35>      3      0.01140383      0.01135775    100.0
<Jan20-2022> <14:26:35>      4      0.00327656      0.00327407      2.3
<Jan20-2022> <14:26:35>      5      0.00010041      0.00009754      0.0
<Jan20-2022> <14:26:35>      6      0.00000525      0.00000504      0.0
<Jan20-2022> <14:26:35>      7      0.00000007      0.00000007      0.0
<Jan20-2022> <14:26:35>      8      0.00000000      0.00000000      0.0
<Jan20-2022> <14:26:35>  SCF converged
<Jan20-2022> <14:26:35>      9      0.00000000      0.00000000      0.0
<Jan20-2022> <14:26:35>  >>>> POPAN
<Jan20-2022> <14:26:35>  >>>> DEBYE
<Jan20-2022> <14:26:35>  DIRAC 2021.102  RunTime: Jan20-2022 14:26:35  ShM Nodes: 1  Procs: 1
<Jan20-2022> <14:26:35>  Oxygen (TZ2P)
<Jan20-2022> <14:26:35>  Net Charge: 0 (Nuclei minus Electrons)
<Jan20-2022> <14:26:35>  Symmetry  : ATOM
<Jan20-2022> <14:26:35>  Coordinates
<Jan20-2022> <14:26:35>     Atom         X           Y           Z   (Angstrom)
<Jan20-2022> <14:26:35>     1.O         0.000000    0.000000    0.000000
<Jan20-2022> <14:26:35>  >>>> CORORT
<Jan20-2022> <14:26:35>  >>>> CLSMAT
<Jan20-2022> <14:26:35>  >>>> ORTHON
<Jan20-2022> <14:26:35>  >>>> GENPT
<Jan20-2022> <14:26:35>  Block Length=  68
<Jan20-2022> <14:26:35>  >>>> PTBAS
<Jan20-2022> <14:26:35>  >>>> CYCLE
<Jan20-2022> <14:26:35>              |Error|         MaxErr       Wt(A-DIIS)
<Jan20-2022> <14:26:35>      1      0.00000000      0.00000000
<Jan20-2022> <14:26:35>      2      8.77210307      5.53374266    100.0
<Jan20-2022> <14:26:35>      3      3.60058093      2.49154808    100.0
<Jan20-2022> <14:26:35>      4      1.20505529      0.62472425    100.0
<Jan20-2022> <14:26:35>      5      1.46502638      0.81213311    100.0
<Jan20-2022> <14:26:35>      6      0.15089362      0.09131786     91.2
<Jan20-2022> <14:26:35>      7      0.14397311      0.08251182     82.3
<Jan20-2022> <14:26:35>      8      0.00183259      0.00123681      0.2
<Jan20-2022> <14:26:35>      9      0.00015629      0.00008105      0.0
<Jan20-2022> <14:26:35>     10      0.00001324      0.00000629      0.0
<Jan20-2022> <14:26:35>     11      0.00000006      0.00000003      0.0
<Jan20-2022> <14:26:35>     12      0.00000000      0.00000000      0.0
<Jan20-2022> <14:26:36>  SCF converged
<Jan20-2022> <14:26:36>     13      0.00000000      0.00000000      0.0
<Jan20-2022> <14:26:36>  >>>> POPAN
<Jan20-2022> <14:26:36>  >>>> DEBYE
<Jan20-2022> <14:26:36>  DIRAC 2021.102  RunTime: Jan20-2022 14:26:36  ShM Nodes: 1  Procs: 1
<Jan20-2022> <14:26:36>  Fluorine (TZ2P)
<Jan20-2022> <14:26:36>  Net Charge: 0 (Nuclei minus Electrons)
<Jan20-2022> <14:26:36>  Symmetry  : ATOM
<Jan20-2022> <14:26:36>  Coordinates
<Jan20-2022> <14:26:36>     Atom         X           Y           Z   (Angstrom)
<Jan20-2022> <14:26:36>     1.F         0.000000    0.000000    0.000000
<Jan20-2022> <14:26:36>  >>>> CORORT
<Jan20-2022> <14:26:36>  >>>> CLSMAT
<Jan20-2022> <14:26:36>  >>>> ORTHON
<Jan20-2022> <14:26:36>  >>>> GENPT
<Jan20-2022> <14:26:36>  Block Length=  76
<Jan20-2022> <14:26:36>  >>>> PTBAS
<Jan20-2022> <14:26:36>  >>>> CYCLE
<Jan20-2022> <14:26:36>              |Error|         MaxErr       Wt(A-DIIS)
<Jan20-2022> <14:26:36>      1      0.00000000      0.00000000
<Jan20-2022> <14:26:36>      2     11.39970762      4.85721148    100.0
<Jan20-2022> <14:26:36>      3      5.17310012      3.16632108    100.0
<Jan20-2022> <14:26:36>      4      1.04882283      0.49392043    100.0
<Jan20-2022> <14:26:36>      5      1.72142161      0.84736739    100.0
<Jan20-2022> <14:26:36>      6      0.21842580      0.10780687    100.0
<Jan20-2022> <14:26:36>      7      0.28524155      0.13554881    100.0
<Jan20-2022> <14:26:36>      8      0.02856437      0.01389479     13.0
<Jan20-2022> <14:26:36>      9      0.00489297      0.00234741      1.4
<Jan20-2022> <14:26:36>     10      0.00009261      0.00004462      0.0
<Jan20-2022> <14:26:36>     11      0.00000010      0.00000005      0.0
<Jan20-2022> <14:26:36>     12      0.00000000      0.00000000      0.0
<Jan20-2022> <14:26:36>  SCF converged
<Jan20-2022> <14:26:36>     13      0.00000000      0.00000000      0.0
<Jan20-2022> <14:26:36>  >>>> POPAN
<Jan20-2022> <14:26:36>  >>>> DEBYE
<Jan20-2022> <14:26:36>  *** GOStep1 ***
<Jan20-2022> <14:26:36>  >>>> FRAGM
<Jan20-2022> <14:26:36>  Coordinates
<Jan20-2022> <14:26:36>     Atom         X           Y           Z   (Angstrom)
<Jan20-2022> <14:26:36>     1.C         0.072379    0.458490    0.147016
<Jan20-2022> <14:26:36>     2.C         0.881364   -0.769627    0.345434
<Jan20-2022> <14:26:36>     3.H         0.320085   -1.649370    0.008484
<Jan20-2022> <14:26:36>     4.C        -1.244537    0.481405   -0.412106
<Jan20-2022> <14:26:36>     5.H         0.491509    1.421715    0.440204
<Jan20-2022> <14:26:36>     6.O        -1.908801    1.513970   -0.583638
<Jan20-2022> <14:26:36>     7.C         1.357984   -0.971567    1.798392
<Jan20-2022> <14:26:36>     8.H         1.975789   -1.872162    1.871864
<Jan20-2022> <14:26:36>     9.H         0.508075   -1.083701    2.478485
<Jan20-2022> <14:26:36>    10.H         1.956137   -0.121560    2.141940
<Jan20-2022> <14:26:36>    11.F         2.024310   -0.688350   -0.476253
<Jan20-2022> <14:26:36>    12.H        -1.650698   -0.469128   -0.688547
<Jan20-2022> <14:26:36>  >>>> CORORT
<Jan20-2022> <14:26:36>  >>>> CLSMAT
<Jan20-2022> <14:26:36>  >>>> ORTHON
<Jan20-2022> <14:26:37>  >>>> GENPT
<Jan20-2022> <14:26:37>  Block Length= 128
<Jan20-2022> <14:26:38>  >>>> PTBAS
<Jan20-2022> <14:26:55>  >>>> CYCLE
<Jan20-2022> <14:28:04>              |Error|         MaxErr       Wt(A-DIIS)
<Jan20-2022> <14:28:04>      1      5.49152457      0.50877000
<Jan20-2022> <14:29:03>      2      0.87403782      0.08891431    100.0
<Jan20-2022> <14:30:04>      3      0.45620610      0.03409912    100.0
<Jan20-2022> <14:31:05>      4      0.60789650      0.05569866    100.0
<Jan20-2022> <14:32:06>      5      0.12463826      0.01839703     17.6
<Jan20-2022> <14:33:06>      6      0.10601452      0.01500562     14.1
<Jan20-2022> <14:34:06>      7      0.01274378      0.00143792      0.4
<Jan20-2022> <14:35:07>      8      0.00459868      0.00032953      0.0
<Jan20-2022> <14:36:07>      9      0.00181804      0.00020629      0.0
<Jan20-2022> <14:37:08>     10      0.00134067      0.00015161      0.0
<Jan20-2022> <14:38:07>     11      0.00029432      0.00003790      0.0
<Jan20-2022> <14:39:09>     12      0.00016401      0.00001759      0.0
<Jan20-2022> <14:40:08>     13      0.00003919      0.00000473      0.0
<Jan20-2022> <14:41:09>     14      0.00001507      0.00000133      0.0
<Jan20-2022> <14:42:08>     15      0.00000935      0.00000075      0.0
<Jan20-2022> <14:42:25>  SCF converged
<Jan20-2022> <14:43:09>     16      0.00000379      0.00000026      0.0
<Jan20-2022> <14:43:25>  >>>> TOTEN
<Jan20-2022> <14:44:27>  >>>> POPAN
<Jan20-2022> <14:44:27>  >>>> DEBYE
<Jan20-2022> <14:44:27>  >>>> ENGRAD
<Jan20-2022> <14:45:51>  current energy                               -2.38682396 Hartree
<Jan20-2022> <14:45:51>  energy change                      -2.38682396     0.00012000    F
<Jan20-2022> <14:45:51>  constrained gradient max            0.04489841     0.00100000    F
<Jan20-2022> <14:45:51>  constrained gradient rms            0.01216256     0.00066667    F
<Jan20-2022> <14:45:51>  gradient max                        0.04489841
<Jan20-2022> <14:45:51>  gradient rms                        0.01216256
<Jan20-2022> <14:45:51>  cart. step max                      0.03210764     0.01000000    F
<Jan20-2022> <14:45:51>  cart. step rms                      0.01303997     0.00666667    F
<Jan20-2022> <14:45:51>  Iteration 2
<Jan20-2022> <14:45:52>  *** GOStep2 ***
<Jan20-2022> <14:45:52>  >>>> FRAGM
<Jan20-2022> <14:45:52>  Coordinates
<Jan20-2022> <14:45:52>     Atom         X           Y           Z   (Angstrom)
<Jan20-2022> <14:45:52>     1.C         0.082367    0.465179    0.151815
<Jan20-2022> <14:45:52>     2.C         0.888678   -0.768176    0.348440
<Jan20-2022> <14:45:52>     3.H         0.330247   -1.650082    0.008635
<Jan20-2022> <14:45:52>     4.C        -1.241708    0.476789   -0.395008
<Jan20-2022> <14:45:52>     5.H         0.522620    1.428427    0.410188
<Jan20-2022> <14:45:52>     6.O        -1.904570    1.512353   -0.551530
<Jan20-2022> <14:45:52>     7.C         1.346845   -0.968897    1.797442
<Jan20-2022> <14:45:52>     8.H         1.962133   -1.871183    1.866288
<Jan20-2022> <14:45:52>     9.H         0.485223   -1.084587    2.462660
<Jan20-2022> <14:45:52>    10.H         1.937396   -0.113334    2.138867
<Jan20-2022> <14:45:52>    11.F         2.033515   -0.680408   -0.478704
<Jan20-2022> <14:45:52>    12.H        -1.659151   -0.495967   -0.687818
<Jan20-2022> <14:45:52>  >>>> CORORT
<Jan20-2022> <14:45:52>  >>>> CLSMAT
<Jan20-2022> <14:45:52>  >>>> ORTHON
<Jan20-2022> <14:45:52>  >>>> GENPT
<Jan20-2022> <14:45:52>  Block Length= 128
<Jan20-2022> <14:45:53>  >>>> PTBAS
<Jan20-2022> <14:46:11>  >>>> CYCLE
<Jan20-2022> <14:46:35>  using orbital data from restart file
<Jan20-2022> <14:47:15>              |Error|         MaxErr       Wt(A-DIIS)
<Jan20-2022> <14:47:15>      1      0.09545323      0.01907990
<Jan20-2022> <14:48:13>      2      0.01405995      0.00091622    100.0
<Jan20-2022> <14:49:11>      3      0.02010885      0.00185153    100.0
<Jan20-2022> <14:50:00>      4      0.00388283      0.00047165      0.0
<Jan20-2022> <14:50:33>      5      0.00349712      0.00049431      0.0
<Jan20-2022> <14:51:07>      6      0.00071862      0.00006235      0.0
<Jan20-2022> <14:51:41>      7      0.00029019      0.00002296      0.0
<Jan20-2022> <14:52:15>      8      0.00008371      0.00000746      0.0
<Jan20-2022> <14:52:49>      9      0.00003901      0.00000409      0.0
<Jan20-2022> <14:53:23>     10      0.00001269      0.00000162      0.0
<Jan20-2022> <14:53:57>     11      0.00000470      0.00000046      0.0
<Jan20-2022> <14:54:06>  SCF converged
<Jan20-2022> <14:54:31>     12      0.00000185      0.00000026      0.0
<Jan20-2022> <14:54:40>  >>>> TOTEN
<Jan20-2022> <14:55:18>  >>>> POPAN
<Jan20-2022> <14:55:18>  >>>> DEBYE
<Jan20-2022> <14:55:18>  >>>> ENGRAD
<Jan20-2022> <14:56:07>  current energy                               -2.38818778 Hartree
<Jan20-2022> <14:56:07>  energy change                      -0.00136383     0.00012000    F
<Jan20-2022> <14:56:07>  constrained gradient max            0.01657108     0.00100000    F
<Jan20-2022> <14:56:07>  constrained gradient rms            0.00473112     0.00066667    F
<Jan20-2022> <14:56:07>  gradient max                        0.01657108
<Jan20-2022> <14:56:07>  gradient rms                        0.00473112
<Jan20-2022> <14:56:07>  cart. step max                      0.04631815     0.01000000    F
<Jan20-2022> <14:56:07>  cart. step rms                      0.01708837     0.00666667    F
<Jan20-2022> <14:56:07>  Iteration 3
<Jan20-2022> <14:56:08>  *** GOStep3 ***
<Jan20-2022> <14:56:08>  >>>> FRAGM
<Jan20-2022> <14:56:08>  Coordinates
<Jan20-2022> <14:56:08>     Atom         X           Y           Z   (Angstrom)
<Jan20-2022> <14:56:08>     1.C         0.096685    0.471157    0.133101
<Jan20-2022> <14:56:08>     2.C         0.899127   -0.765182    0.345380
<Jan20-2022> <14:56:08>     3.H         0.349030   -1.647344   -0.008313
<Jan20-2022> <14:56:08>     4.C        -1.237369    0.478715   -0.390728
<Jan20-2022> <14:56:08>     5.H         0.549252    1.432715    0.372140
<Jan20-2022> <14:56:08>     6.O        -1.912861    1.507939   -0.520442
<Jan20-2022> <14:56:08>     7.C         1.334442   -0.968277    1.793991
<Jan20-2022> <14:56:08>     8.H         1.948596   -1.870799    1.867637
<Jan20-2022> <14:56:08>     9.H         0.458406   -1.089613    2.438902
<Jan20-2022> <14:56:08>    10.H         1.914855   -0.110718    2.146149
<Jan20-2022> <14:56:08>    11.F         2.059956   -0.675476   -0.465042
<Jan20-2022> <14:56:08>    12.H        -1.676524   -0.513003   -0.641500
<Jan20-2022> <14:56:08>  >>>> CORORT
<Jan20-2022> <14:56:08>  >>>> CLSMAT
<Jan20-2022> <14:56:08>  >>>> ORTHON
<Jan20-2022> <14:56:08>  >>>> GENPT
<Jan20-2022> <14:56:08>  Block Length= 128
<Jan20-2022> <14:56:09>  >>>> PTBAS
<Jan20-2022> <14:56:20>  >>>> CYCLE
<Jan20-2022> <14:56:35>  using orbital data from restart file
<Jan20-2022> <14:57:00>              |Error|         MaxErr       Wt(A-DIIS)
<Jan20-2022> <14:57:00>      1      0.09322563      0.01942335
<Jan20-2022> <14:57:34>      2      0.01550916      0.00112722    100.0
<Jan20-2022> <14:58:08>      3      0.02252116      0.00257976    100.0
<Jan20-2022> <14:58:43>      4      0.00803194      0.00107665      0.1
<Jan20-2022> <14:59:23>      5      0.00359786      0.00044105      0.0
<Jan20-2022> <15:00:25>      6      0.00124073      0.00011108      0.0
<Jan20-2022> <15:01:27>      7      0.00054518      0.00006968      0.0
<Jan20-2022> <15:02:29>      8      0.00022963      0.00002672      0.0
<Jan20-2022> <15:03:21>      9      0.00006905      0.00000642      0.0
<Jan20-2022> <15:03:57>     10      0.00003261      0.00000193      0.0
<Jan20-2022> <15:04:33>     11      0.00000815      0.00000047      0.0
<Jan20-2022> <15:04:43>  SCF converged
<Jan20-2022> <15:05:09>     12      0.00000317      0.00000017      0.0
<Jan20-2022> <15:05:19>  >>>> TOTEN
<Jan20-2022> <15:05:59>  >>>> POPAN
<Jan20-2022> <15:05:59>  >>>> DEBYE
<Jan20-2022> <15:05:59>  >>>> ENGRAD
<Jan20-2022> <15:06:52>  current energy                               -2.38836715 Hartree
<Jan20-2022> <15:06:52>  energy change                      -0.00017937     0.00012000    F
<Jan20-2022> <15:06:52>  constrained gradient max            0.00841117     0.00100000    F
<Jan20-2022> <15:06:52>  constrained gradient rms            0.00197084     0.00066667    F
<Jan20-2022> <15:06:52>  gradient max                        0.00841117
<Jan20-2022> <15:06:52>  gradient rms                        0.00197084
<Jan20-2022> <15:06:52>  cart. step max                      0.04719297     0.01000000    F
<Jan20-2022> <15:06:52>  cart. step rms                      0.01374900     0.00666667    F
<Jan20-2022> <15:06:52>  Iteration 4
<Jan20-2022> <15:06:53>  *** GOStep4 ***
<Jan20-2022> <15:06:53>  >>>> FRAGM
<Jan20-2022> <15:06:53>  Coordinates
<Jan20-2022> <15:06:53>     Atom         X           Y           Z   (Angstrom)
<Jan20-2022> <15:06:53>     1.C         0.103049    0.475745    0.124727
<Jan20-2022> <15:06:53>     2.C         0.903968   -0.762849    0.348449
<Jan20-2022> <15:06:53>     3.H         0.360995   -1.644763   -0.017576
<Jan20-2022> <15:06:53>     4.C        -1.251977    0.479167   -0.343535
<Jan20-2022> <15:06:53>     5.H         0.574083    1.435067    0.330416
<Jan20-2022> <15:06:53>     6.O        -1.913435    1.508318   -0.519160
<Jan20-2022> <15:06:53>     7.C         1.328057   -0.969124    1.792097
<Jan20-2022> <15:06:53>     8.H         1.943780   -1.870363    1.865791
<Jan20-2022> <15:06:53>     9.H         0.443225   -1.099595    2.422931
<Jan20-2022> <15:06:53>    10.H         1.898404   -0.109319    2.153331
<Jan20-2022> <15:06:53>    11.F         2.074826   -0.668558   -0.454355
<Jan20-2022> <15:06:53>    12.H        -1.681378   -0.523610   -0.631842
<Jan20-2022> <15:06:53>  >>>> CORORT
<Jan20-2022> <15:06:53>  >>>> CLSMAT
<Jan20-2022> <15:06:53>  >>>> ORTHON
<Jan20-2022> <15:06:53>  >>>> GENPT
<Jan20-2022> <15:06:53>  Block Length= 128
<Jan20-2022> <15:06:54>  >>>> PTBAS
<Jan20-2022> <15:07:06>  >>>> CYCLE
<Jan20-2022> <15:07:21>  using orbital data from restart file
<Jan20-2022> <15:07:47>              |Error|         MaxErr       Wt(A-DIIS)
<Jan20-2022> <15:07:47>      1      0.12357977      0.02195960
<Jan20-2022> <15:08:24>      2      0.01701859      0.00142714    100.0
<Jan20-2022> <15:09:00>      3      0.02580181      0.00328485    100.0
<Jan20-2022> <15:09:36>      4      0.00887443      0.00119001      0.2
<Jan20-2022> <15:10:13>      5      0.00395457      0.00054793      0.0
<Jan20-2022> <15:10:49>      6      0.00141293      0.00011034      0.0
<Jan20-2022> <15:11:25>      7      0.00046838      0.00002994      0.0
<Jan20-2022> <15:12:02>      8      0.00025558      0.00003187      0.0
<Jan20-2022> <15:12:38>      9      0.00010415      0.00001630      0.0
<Jan20-2022> <15:13:14>     10      0.00004225      0.00000467      0.0
<Jan20-2022> <15:13:50>     11      0.00001236      0.00000069      0.0
<Jan20-2022> <15:14:26>     12      0.00000422      0.00000027      0.0
<Jan20-2022> <15:14:36>  SCF converged
<Jan20-2022> <15:15:02>     13      0.00000129      0.00000009      0.0
<Jan20-2022> <15:15:12>  >>>> TOTEN
<Jan20-2022> <15:15:52>  >>>> POPAN
<Jan20-2022> <15:15:52>  >>>> DEBYE
<Jan20-2022> <15:15:52>  >>>> ENGRAD
<Jan20-2022> <15:16:45>  current energy                               -2.38813707 Hartree
<Jan20-2022> <15:16:45>  energy change                       0.00023008     0.00012000    F
<Jan20-2022> <15:16:45>  constrained gradient max            0.01669181     0.00100000    F
<Jan20-2022> <15:16:45>  constrained gradient rms            0.00478325     0.00066667    F
<Jan20-2022> <15:16:45>  gradient max                        0.01669181
<Jan20-2022> <15:16:45>  gradient rms                        0.00478325
<Jan20-2022> <15:16:45>  cart. step max                      0.01239003     0.01000000    F
<Jan20-2022> <15:16:45>  cart. step rms                      0.00403207     0.00666667    T
<Jan20-2022> <15:16:45>  Iteration 5
<Jan20-2022> <15:16:46>  *** GOStep5 ***
<Jan20-2022> <15:16:46>  >>>> FRAGM
<Jan20-2022> <15:16:46>  Coordinates
<Jan20-2022> <15:16:46>     Atom         X           Y           Z   (Angstrom)
<Jan20-2022> <15:16:46>     1.C         0.105510    0.473911    0.119980
<Jan20-2022> <15:16:46>     2.C         0.905764   -0.763026    0.342801
<Jan20-2022> <15:16:46>     3.H         0.362804   -1.644272   -0.024017
<Jan20-2022> <15:16:46>     4.C        -1.247377    0.477460   -0.352829
<Jan20-2022> <15:16:46>     5.H         0.573574    1.435103    0.327199
<Jan20-2022> <15:16:46>     6.O        -1.916489    1.505840   -0.509983
<Jan20-2022> <15:16:46>     7.C         1.324949   -0.968871    1.792372
<Jan20-2022> <15:16:46>     8.H         1.941601   -1.869190    1.870146
<Jan20-2022> <15:16:46>     9.H         0.440768   -1.098972    2.424512
<Jan20-2022> <15:16:46>    10.H         1.894991   -0.109936    2.156928
<Jan20-2022> <15:16:46>    11.F         2.077036   -0.668537   -0.456381
<Jan20-2022> <15:16:46>    12.H        -1.679534   -0.519397   -0.619452
<Jan20-2022> <15:16:46>  >>>> CORORT
<Jan20-2022> <15:16:46>  >>>> CLSMAT
<Jan20-2022> <15:16:46>  >>>> ORTHON
<Jan20-2022> <15:16:46>  >>>> GENPT
<Jan20-2022> <15:16:46>  Block Length= 128
<Jan20-2022> <15:16:47>  >>>> PTBAS
<Jan20-2022> <15:16:59>  >>>> CYCLE
<Jan20-2022> <15:17:14>  using orbital data from restart file
<Jan20-2022> <15:17:40>              |Error|         MaxErr       Wt(A-DIIS)
<Jan20-2022> <15:17:40>      1      0.04974048      0.01044063
<Jan20-2022> <15:18:16>      2      0.00739093      0.00082889    100.0
<Jan20-2022> <15:18:52>      3      0.00403463      0.00031730    100.0
<Jan20-2022> <15:19:28>      4      0.00411703      0.00041329      0.0
<Jan20-2022> <15:20:04>      5      0.00131126      0.00012883      0.0
<Jan20-2022> <15:20:40>      6      0.00044870      0.00003283      0.0
<Jan20-2022> <15:21:15>      7      0.00022423      0.00002871      0.0
<Jan20-2022> <15:21:51>      8      0.00010885      0.00001457      0.0
<Jan20-2022> <15:22:28>      9      0.00002774      0.00000294      0.0
<Jan20-2022> <15:23:04>     10      0.00001238      0.00000082      0.0
<Jan20-2022> <15:23:39>     11      0.00000337      0.00000021      0.0
<Jan20-2022> <15:23:49>  SCF converged
<Jan20-2022> <15:24:24>     12      0.00000076      0.00000005      0.0
<Jan20-2022> <15:24:33>  >>>> TOTEN
<Jan20-2022> <15:25:13>  >>>> POPAN
<Jan20-2022> <15:25:13>  >>>> DEBYE
<Jan20-2022> <15:25:13>  >>>> ENGRAD
<Jan20-2022> <15:26:05>  current energy                               -2.38844026 Hartree
<Jan20-2022> <15:26:05>  energy change                      -0.00030319     0.00012000    F
<Jan20-2022> <15:26:05>  constrained gradient max            0.00752876     0.00100000    F
<Jan20-2022> <15:26:05>  constrained gradient rms            0.00197808     0.00066667    F
<Jan20-2022> <15:26:05>  gradient max                        0.00752876
<Jan20-2022> <15:26:05>  gradient rms                        0.00197808
<Jan20-2022> <15:26:05>  cart. step max                      0.03933472     0.01000000    F
<Jan20-2022> <15:26:05>  cart. step rms                      0.01110253     0.00666667    F
<Jan20-2022> <15:26:05>  Iteration 6
<Jan20-2022> <15:26:05>  *** GOStep6 ***
<Jan20-2022> <15:26:05>  >>>> FRAGM
<Jan20-2022> <15:26:05>  Coordinates
<Jan20-2022> <15:26:05>     Atom         X           Y           Z   (Angstrom)
<Jan20-2022> <15:26:05>     1.C         0.112708    0.474318    0.108428
<Jan20-2022> <15:26:05>     2.C         0.912818   -0.760770    0.334778
<Jan20-2022> <15:26:05>     3.H         0.374025   -1.641667   -0.038580
<Jan20-2022> <15:26:05>     4.C        -1.243943    0.475411   -0.352232
<Jan20-2022> <15:26:05>     5.H         0.584403    1.437119    0.300967
<Jan20-2022> <15:26:05>     6.O        -1.918929    1.502470   -0.495010
<Jan20-2022> <15:26:05>     7.C         1.315513   -0.969601    1.790380
<Jan20-2022> <15:26:05>     8.H         1.935071   -1.867524    1.873725
<Jan20-2022> <15:26:05>     9.H         0.425932   -1.104136    2.414121
<Jan20-2022> <15:26:05>    10.H         1.878978   -0.110499    2.164867
<Jan20-2022> <15:26:05>    11.F         2.092645   -0.663741   -0.450052
<Jan20-2022> <15:26:05>    12.H        -1.685625   -0.521265   -0.580117
<Jan20-2022> <15:26:05>  >>>> CORORT
<Jan20-2022> <15:26:05>  >>>> CLSMAT
<Jan20-2022> <15:26:05>  >>>> ORTHON
<Jan20-2022> <15:26:05>  >>>> GENPT
<Jan20-2022> <15:26:05>  Block Length= 128
<Jan20-2022> <15:26:06>  >>>> PTBAS
<Jan20-2022> <15:26:18>  >>>> CYCLE
<Jan20-2022> <15:26:33>  using orbital data from restart file
<Jan20-2022> <15:26:59>              |Error|         MaxErr       Wt(A-DIIS)
<Jan20-2022> <15:26:59>      1      0.04850552      0.01020999
<Jan20-2022> <15:27:34>      2      0.00724177      0.00067892    100.0
<Jan20-2022> <15:28:10>      3      0.00476284      0.00048194    100.0
<Jan20-2022> <15:28:44>      4      0.00341377      0.00036369      0.0
<Jan20-2022> <15:29:19>      5      0.00115668      0.00012572      0.0
<Jan20-2022> <15:29:54>      6      0.00051947      0.00004464      0.0
<Jan20-2022> <15:30:29>      7      0.00018689      0.00001488      0.0
<Jan20-2022> <15:31:04>      8      0.00007416      0.00000823      0.0
<Jan20-2022> <15:31:39>      9      0.00003994      0.00000566      0.0
<Jan20-2022> <15:32:14>     10      0.00001045      0.00000125      0.0
<Jan20-2022> <15:32:49>     11      0.00000514      0.00000044      0.0
<Jan20-2022> <15:32:58>  SCF converged
<Jan20-2022> <15:33:24>     12      0.00000119      0.00000008      0.0
<Jan20-2022> <15:33:33>  >>>> TOTEN
<Jan20-2022> <15:34:11>  >>>> POPAN
<Jan20-2022> <15:34:11>  >>>> DEBYE
<Jan20-2022> <15:34:12>  >>>> ENGRAD
<Jan20-2022> <15:35:03>  current energy                               -2.38853580 Hartree
<Jan20-2022> <15:35:03>  energy change                      -0.00009554     0.00012000    T
<Jan20-2022> <15:35:03>  constrained gradient max            0.00105322     0.00100000    F
<Jan20-2022> <15:35:03>  constrained gradient rms            0.00036170     0.00066667    T
<Jan20-2022> <15:35:03>  gradient max                        0.00105322
<Jan20-2022> <15:35:03>  gradient rms                        0.00036170
<Jan20-2022> <15:35:03>  cart. step max                      0.02391458     0.01000000    F
<Jan20-2022> <15:35:03>  cart. step rms                      0.00772413     0.00666667    F
<Jan20-2022> <15:35:03>  Iteration 7
<Jan20-2022> <15:35:03>  *** GOStep7 ***
<Jan20-2022> <15:35:03>  >>>> FRAGM
<Jan20-2022> <15:35:03>  Coordinates
<Jan20-2022> <15:35:03>     Atom         X           Y           Z   (Angstrom)
<Jan20-2022> <15:35:03>     1.C         0.117771    0.474996    0.100509
<Jan20-2022> <15:35:03>     2.C         0.917885   -0.759161    0.330444
<Jan20-2022> <15:35:03>     3.H         0.382536   -1.640057   -0.047978
<Jan20-2022> <15:35:03>     4.C        -1.244008    0.474268   -0.344503
<Jan20-2022> <15:35:03>     5.H         0.593456    1.438357    0.279965
<Jan20-2022> <15:35:03>     6.O        -1.919842    1.501022   -0.486709
<Jan20-2022> <15:35:03>     7.C         1.309173   -0.970208    1.789085
<Jan20-2022> <15:35:03>     8.H         1.930910   -1.866381    1.875417
<Jan20-2022> <15:35:03>     9.H         0.415256   -1.108613    2.405719
<Jan20-2022> <15:35:03>    10.H         1.867299   -0.110578    2.170337
<Jan20-2022> <15:35:03>    11.F         2.103394   -0.659900   -0.444808
<Jan20-2022> <15:35:03>    12.H        -1.690235   -0.523628   -0.556203
<Jan20-2022> <15:35:03>  >>>> CORORT
<Jan20-2022> <15:35:03>  >>>> CLSMAT
<Jan20-2022> <15:35:03>  >>>> ORTHON
<Jan20-2022> <15:35:03>  >>>> GENPT
<Jan20-2022> <15:35:03>  Block Length= 128
<Jan20-2022> <15:35:04>  >>>> PTBAS
<Jan20-2022> <15:35:16>  >>>> CYCLE
<Jan20-2022> <15:35:30>  using orbital data from restart file
<Jan20-2022> <15:35:56>              |Error|         MaxErr       Wt(A-DIIS)
<Jan20-2022> <15:35:56>      1      0.02615501      0.00504651
<Jan20-2022> <15:36:31>      2      0.00318150      0.00032521    100.0
<Jan20-2022> <15:37:06>      3      0.00226602      0.00024942    100.0
<Jan20-2022> <15:37:41>      4      0.00124561      0.00014512      0.0
<Jan20-2022> <15:38:16>      5      0.00074358      0.00010566      0.0
<Jan20-2022> <15:38:50>      6      0.00035574      0.00005411      0.0
<Jan20-2022> <15:39:25>      7      0.00007199      0.00000676      0.0
<Jan20-2022> <15:39:59>      8      0.00002664      0.00000273      0.0
<Jan20-2022> <15:40:34>      9      0.00001164      0.00000139      0.0
<Jan20-2022> <15:41:09>     10      0.00000493      0.00000068      0.0
<Jan20-2022> <15:41:18>  SCF converged
<Jan20-2022> <15:41:44>     11      0.00000339      0.00000035      0.0
<Jan20-2022> <15:41:53>  >>>> TOTEN
<Jan20-2022> <15:42:32>  >>>> POPAN
<Jan20-2022> <15:42:32>  >>>> DEBYE
<Jan20-2022> <15:42:32>  >>>> ENGRAD
<Jan20-2022> <15:43:22>  current energy                               -2.38855291 Hartree
<Jan20-2022> <15:43:22>  energy change                      -0.00001711     0.00012000    T
<Jan20-2022> <15:43:22>  constrained gradient max            0.00156338     0.00100000    F
<Jan20-2022> <15:43:22>  constrained gradient rms            0.00044117     0.00066667    T
<Jan20-2022> <15:43:22>  gradient max                        0.00156338
<Jan20-2022> <15:43:22>  gradient rms                        0.00044117
<Jan20-2022> <15:43:22>  cart. step max                      0.04070029     0.01000000    F
<Jan20-2022> <15:43:22>  cart. step rms                      0.01386206     0.00666667    F
<Jan20-2022> <15:43:22>  Iteration 8
<Jan20-2022> <15:43:22>  *** GOStep8 ***
<Jan20-2022> <15:43:22>  >>>> FRAGM
<Jan20-2022> <15:43:22>  Coordinates
<Jan20-2022> <15:43:22>     Atom         X           Y           Z   (Angstrom)
<Jan20-2022> <15:43:22>     1.C         0.126605    0.475917    0.086052
<Jan20-2022> <15:43:22>     2.C         0.927099   -0.756328    0.322479
<Jan20-2022> <15:43:22>     3.H         0.398262   -1.637719   -0.064381
<Jan20-2022> <15:43:22>     4.C        -1.244665    0.472174   -0.327953
<Jan20-2022> <15:43:22>     5.H         0.609123    1.440046    0.241236
<Jan20-2022> <15:43:22>     6.O        -1.921086    1.498642   -0.470922
<Jan20-2022> <15:43:22>     7.C         1.297840   -0.971097    1.786710
<Jan20-2022> <15:43:22>     8.H         1.923510   -1.864096    1.878340
<Jan20-2022> <15:43:22>     9.H         0.396012   -1.116405    2.389914
<Jan20-2022> <15:43:22>    10.H         1.846024   -0.110267    2.179658
<Jan20-2022> <15:43:22>    11.F         2.122633   -0.653621   -0.434355
<Jan20-2022> <15:43:22>    12.H        -1.697762   -0.527132   -0.515502
<Jan20-2022> <15:43:22>  >>>> CORORT
<Jan20-2022> <15:43:23>  >>>> CLSMAT
<Jan20-2022> <15:43:23>  >>>> ORTHON
<Jan20-2022> <15:43:23>  >>>> GENPT
<Jan20-2022> <15:43:23>  Block Length= 128
<Jan20-2022> <15:43:24>  >>>> PTBAS
<Jan20-2022> <15:43:35>  >>>> CYCLE
<Jan20-2022> <15:43:50>  using orbital data from restart file
<Jan20-2022> <15:44:16>              |Error|         MaxErr       Wt(A-DIIS)
<Jan20-2022> <15:44:16>      1      0.04887877      0.00987460
<Jan20-2022> <15:44:50>      2      0.00539013      0.00053829    100.0
<Jan20-2022> <15:45:24>      3      0.00358898      0.00031539    100.0
<Jan20-2022> <15:45:59>      4      0.00433062      0.00031788      0.0
<Jan20-2022> <15:46:34>      5      0.00108475      0.00016415      0.0
<Jan20-2022> <15:47:08>      6      0.00062217      0.00008893      0.0
<Jan20-2022> <15:47:43>      7      0.00014509      0.00001520      0.0
<Jan20-2022> <15:48:17>      8      0.00005243      0.00000747      0.0
<Jan20-2022> <15:48:52>      9      0.00001665      0.00000188      0.0
<Jan20-2022> <15:49:26>     10      0.00000631      0.00000042      0.0
<Jan20-2022> <15:49:35>  SCF converged
<Jan20-2022> <15:50:01>     11      0.00000394      0.00000032      0.0
<Jan20-2022> <15:50:10>  >>>> TOTEN
<Jan20-2022> <15:50:48>  >>>> POPAN
<Jan20-2022> <15:50:48>  >>>> DEBYE
<Jan20-2022> <15:50:48>  >>>> ENGRAD
<Jan20-2022> <15:51:39>  current energy                               -2.38858087 Hartree
<Jan20-2022> <15:51:39>  energy change                      -0.00002796     0.00012000    T
<Jan20-2022> <15:51:39>  constrained gradient max            0.00117452     0.00100000    F
<Jan20-2022> <15:51:39>  constrained gradient rms            0.00036170     0.00066667    T
<Jan20-2022> <15:51:39>  gradient max                        0.00117452
<Jan20-2022> <15:51:39>  gradient rms                        0.00036170
<Jan20-2022> <15:51:39>  cart. step max                      0.07913114     0.01000000    F
<Jan20-2022> <15:51:39>  cart. step rms                      0.02763148     0.00666667    F
<Jan20-2022> <15:51:39>  Iteration 9
<Jan20-2022> <15:51:39>  *** GOStep9 ***
<Jan20-2022> <15:51:39>  >>>> FRAGM
<Jan20-2022> <15:51:39>  Coordinates
<Jan20-2022> <15:51:39>     Atom         X           Y           Z   (Angstrom)
<Jan20-2022> <15:51:39>     1.C         0.143711    0.476843    0.056974
<Jan20-2022> <15:51:39>     2.C         0.945496   -0.751344    0.307169
<Jan20-2022> <15:51:39>     3.H         0.430769   -1.634315   -0.095984
<Jan20-2022> <15:51:39>     4.C        -1.244440    0.468592   -0.294249
<Jan20-2022> <15:51:39>     5.H         0.638048    1.441551    0.162784
<Jan20-2022> <15:51:39>     6.O        -1.922707    1.494253   -0.435404
<Jan20-2022> <15:51:39>     7.C         1.275015   -0.972328    1.781874
<Jan20-2022> <15:51:39>     8.H         1.907816   -1.859170    1.884451
<Jan20-2022> <15:51:39>     9.H         0.357502   -1.131251    2.356939
<Jan20-2022> <15:51:39>    10.H         1.802254   -0.108408    2.196233
<Jan20-2022> <15:51:39>    11.F         2.159755   -0.641277   -0.413141
<Jan20-2022> <15:51:39>    12.H        -1.709625   -0.533031   -0.436371
<Jan20-2022> <15:51:39>  >>>> CORORT
<Jan20-2022> <15:51:39>  >>>> CLSMAT
<Jan20-2022> <15:51:39>  >>>> ORTHON
<Jan20-2022> <15:51:39>  >>>> GENPT
<Jan20-2022> <15:51:39>  Block Length= 128
<Jan20-2022> <15:51:40>  >>>> PTBAS
<Jan20-2022> <15:51:52>  >>>> CYCLE
<Jan20-2022> <15:52:07>  using orbital data from restart file
<Jan20-2022> <15:52:32>              |Error|         MaxErr       Wt(A-DIIS)
<Jan20-2022> <15:52:32>      1      0.09795077      0.02045418
<Jan20-2022> <15:53:07>      2      0.01162324      0.00113519    100.0
<Jan20-2022> <15:53:42>      3      0.01370411      0.00180583    100.0
<Jan20-2022> <15:54:17>      4      0.01198244      0.00186241      0.9
<Jan20-2022> <15:54:51>      5      0.00248987      0.00033269      0.0
<Jan20-2022> <15:55:26>      6      0.00074678      0.00008402      0.0
<Jan20-2022> <15:56:01>      7      0.00042160      0.00006597      0.0
<Jan20-2022> <15:56:35>      8      0.00012535      0.00001554      0.0
<Jan20-2022> <15:57:09>      9      0.00003479      0.00000245      0.0
<Jan20-2022> <15:57:44>     10      0.00001220      0.00000105      0.0
<Jan20-2022> <15:58:18>     11      0.00000538      0.00000055      0.0
<Jan20-2022> <15:58:27>  SCF converged
<Jan20-2022> <15:58:53>     12      0.00000220      0.00000019      0.0
<Jan20-2022> <15:59:02>  >>>> TOTEN
<Jan20-2022> <15:59:41>  >>>> POPAN
<Jan20-2022> <15:59:41>  >>>> DEBYE
<Jan20-2022> <15:59:41>  >>>> ENGRAD
<Jan20-2022> <16:00:31>  current energy                               -2.38860689 Hartree
<Jan20-2022> <16:00:31>  energy change                      -0.00002602     0.00012000    T
<Jan20-2022> <16:00:31>  constrained gradient max            0.00077305     0.00100000    T
<Jan20-2022> <16:00:31>  constrained gradient rms            0.00018484     0.00066667    T
<Jan20-2022> <16:00:31>  gradient max                        0.00077305
<Jan20-2022> <16:00:31>  gradient rms                        0.00018484
<Jan20-2022> <16:00:31>  cart. step max                      0.00466987     0.01000000    T
<Jan20-2022> <16:00:31>  cart. step rms                      0.00151258     0.00666667    T
<Jan20-2022> <16:00:31>  Geometry optimization converged
<Jan20-2022> <16:00:31>  *** adf ***
<Jan20-2022> <16:00:31>  Net Charge: 0 (Nuclei minus Electrons)
<Jan20-2022> <16:00:31>  Spin polar: 1 (Spin_A minus Spin_B electrons)
<Jan20-2022> <16:00:31>  Symmetry  : NOSYM
<Jan20-2022> <16:00:31>  >>>> FRAGM
<Jan20-2022> <16:00:31>  Coordinates
<Jan20-2022> <16:00:31>     Atom         X           Y           Z   (Angstrom)
<Jan20-2022> <16:00:31>     1.C         0.143711    0.476843    0.056974
<Jan20-2022> <16:00:31>     2.C         0.945496   -0.751344    0.307169
<Jan20-2022> <16:00:31>     3.H         0.430769   -1.634315   -0.095984
<Jan20-2022> <16:00:31>     4.C        -1.244440    0.468592   -0.294249
<Jan20-2022> <16:00:31>     5.H         0.638048    1.441551    0.162784
<Jan20-2022> <16:00:31>     6.O        -1.922707    1.494253   -0.435404
<Jan20-2022> <16:00:31>     7.C         1.275015   -0.972328    1.781874
<Jan20-2022> <16:00:31>     8.H         1.907816   -1.859170    1.884451
<Jan20-2022> <16:00:31>     9.H         0.357502   -1.131251    2.356939
<Jan20-2022> <16:00:31>    10.H         1.802254   -0.108408    2.196233
<Jan20-2022> <16:00:31>    11.F         2.159755   -0.641277   -0.413141
<Jan20-2022> <16:00:31>    12.H        -1.709625   -0.533031   -0.436371
<Jan20-2022> <16:00:31>  >>>> CORORT
<Jan20-2022> <16:00:31>  >>>> CLSMAT
<Jan20-2022> <16:00:31>  >>>> ORTHON
<Jan20-2022> <16:00:31>  >>>> GENPT
<Jan20-2022> <16:00:32>  Block Length= 128
<Jan20-2022> <16:00:32>  >>>> PTBAS
<Jan20-2022> <16:00:44>  >>>> CYCLE
<Jan20-2022> <16:00:58>  using orbital data from restart file
<Jan20-2022> <16:01:24>              |Error|         MaxErr       Wt(A-DIIS)
<Jan20-2022> <16:01:24>      1      0.00000107      0.00000016
<Jan20-2022> <16:01:59>      2      0.00000167      0.00000029    100.0
<Jan20-2022> <16:02:08>  SCF converged
<Jan20-2022> <16:02:34>      3      0.00000313      0.00000054    100.0
<Jan20-2022> <16:03:04>  >>>> TOTEN
<Jan20-2022> <16:04:08>  >>>> POPAN
<Jan20-2022> <16:04:08>  >>>> DEBYE
<Jan20-2022> <16:04:08>  >>>> AMETS
<Jan20-2022> <16:04:08>   Bond Energy          -2.38860689 a.u.
<Jan20-2022> <16:04:08>   Bond Energy         -64.99730058 eV
<Jan20-2022> <16:04:08>   Bond Energy       -1498.87       kcal/mol
<Jan20-2022> <16:04:08>  >>>> POPUL
<Jan20-2022> <16:04:08>  >>>> ENGRAD
<Jan20-2022> <16:04:58>  >>>> ENHESS
<Jan20-2022> <16:05:14>  === NUCLEUS:     1
<Jan20-2022> <16:23:11>  === NUCLEUS:     2
<Jan20-2022> <16:40:11>  === NUCLEUS:     3
<Jan20-2022> <16:57:45>  === NUCLEUS:     4
<Jan20-2022> <17:14:58>  === NUCLEUS:     5
