<Jan28-2022> <11:20:31>  AMS 2021.102  RunTime: Jan28-2022 11:20:31  ShM Nodes: 1  Procs: 4
<Jan28-2022> <11:20:32>  ADF 2021.102  RunTime: Jan28-2022 11:20:32  ShM Nodes: 1  Procs: 4
<Jan28-2022> <11:20:32>  *** (NO TITLE) ***
<Jan28-2022> <11:20:32>  Iteration 1
<Jan28-2022> <11:20:32>  DIRAC 2021.102  RunTime: Jan28-2022 11:20:32  ShM Nodes: 1  Procs: 1
<Jan28-2022> <11:20:33>  Hydrogen (TZ2P)
<Jan28-2022> <11:20:33>  Net Charge: 0 (Nuclei minus Electrons)
<Jan28-2022> <11:20:33>  Symmetry  : ATOM
<Jan28-2022> <11:20:33>  Coordinates
<Jan28-2022> <11:20:33>     Atom         X           Y           Z   (Angstrom)
<Jan28-2022> <11:20:33>     1.H         0.000000    0.000000    0.000000
<Jan28-2022> <11:20:33>  >>>> CORORT
<Jan28-2022> <11:20:33>  >>>> CLSMAT
<Jan28-2022> <11:20:33>  >>>> ORTHON
<Jan28-2022> <11:20:33>  >>>> GENPT
<Jan28-2022> <11:20:33>  Block Length=  64
<Jan28-2022> <11:20:33>  >>>> PTBAS
<Jan28-2022> <11:20:33>  >>>> CYCLE
<Jan28-2022> <11:20:33>              |Error|         MaxErr       Wt(A-DIIS)
<Jan28-2022> <11:20:33>      1      0.00000000      0.00000000
<Jan28-2022> <11:20:33>      2      0.03080019      0.02591482
<Jan28-2022> <11:20:33>      3      0.01140383      0.01135775    100.0
<Jan28-2022> <11:20:33>      4      0.00327656      0.00327407      2.3
<Jan28-2022> <11:20:33>      5      0.00010041      0.00009754      0.0
<Jan28-2022> <11:20:33>      6      0.00000525      0.00000504      0.0
<Jan28-2022> <11:20:33>      7      0.00000007      0.00000007      0.0
<Jan28-2022> <11:20:33>      8      0.00000000      0.00000000      0.0
<Jan28-2022> <11:20:33>  SCF converged
<Jan28-2022> <11:20:33>      9      0.00000000      0.00000000      0.0
<Jan28-2022> <11:20:33>  >>>> POPAN
<Jan28-2022> <11:20:33>  >>>> DEBYE
<Jan28-2022> <11:20:34>  DIRAC 2021.102  RunTime: Jan28-2022 11:20:34  ShM Nodes: 1  Procs: 1
<Jan28-2022> <11:20:34>  Carbon (TZ2P)
<Jan28-2022> <11:20:34>  Net Charge: 0 (Nuclei minus Electrons)
<Jan28-2022> <11:20:34>  Symmetry  : ATOM
<Jan28-2022> <11:20:34>  Coordinates
<Jan28-2022> <11:20:34>     Atom         X           Y           Z   (Angstrom)
<Jan28-2022> <11:20:34>     1.C         0.000000    0.000000    0.000000
<Jan28-2022> <11:20:34>  >>>> CORORT
<Jan28-2022> <11:20:34>  >>>> CLSMAT
<Jan28-2022> <11:20:34>  >>>> ORTHON
<Jan28-2022> <11:20:34>  >>>> GENPT
<Jan28-2022> <11:20:34>  Block Length=  72
<Jan28-2022> <11:20:34>  >>>> PTBAS
<Jan28-2022> <11:20:34>  >>>> CYCLE
<Jan28-2022> <11:20:34>              |Error|         MaxErr       Wt(A-DIIS)
<Jan28-2022> <11:20:34>      1      0.00000000      0.00000000
<Jan28-2022> <11:20:34>      2      4.48405934      3.32161898    100.0
<Jan28-2022> <11:20:34>      3      1.60718414      1.28408746    100.0
<Jan28-2022> <11:20:34>      4      0.76426456      0.62272052    100.0
<Jan28-2022> <11:20:34>      5      0.36119063      0.28553990    100.0
<Jan28-2022> <11:20:34>      6      0.14821424      0.11559867    100.0
<Jan28-2022> <11:20:35>      7      0.10108424      0.07867111     78.5
<Jan28-2022> <11:20:35>      8      0.01786531      0.01387049     13.0
<Jan28-2022> <11:20:35>      9      0.00195746      0.00153262      0.5
<Jan28-2022> <11:20:35>     10      0.00001058      0.00000730      0.0
<Jan28-2022> <11:20:35>     11      0.00000047      0.00000027      0.0
<Jan28-2022> <11:20:35>     12      0.00000003      0.00000002      0.0
<Jan28-2022> <11:20:35>     13      0.00000000      0.00000000      0.0
<Jan28-2022> <11:20:35>  SCF converged
<Jan28-2022> <11:20:35>     14      0.00000000      0.00000000      0.0
<Jan28-2022> <11:20:35>  >>>> POPAN
<Jan28-2022> <11:20:35>  >>>> DEBYE
<Jan28-2022> <11:20:35>  DIRAC 2021.102  RunTime: Jan28-2022 11:20:35  ShM Nodes: 1  Procs: 1
<Jan28-2022> <11:20:35>  Oxygen (TZ2P)
<Jan28-2022> <11:20:35>  Net Charge: 0 (Nuclei minus Electrons)
<Jan28-2022> <11:20:35>  Symmetry  : ATOM
<Jan28-2022> <11:20:36>  Coordinates
<Jan28-2022> <11:20:36>     Atom         X           Y           Z   (Angstrom)
<Jan28-2022> <11:20:36>     1.O         0.000000    0.000000    0.000000
<Jan28-2022> <11:20:36>  >>>> CORORT
<Jan28-2022> <11:20:36>  >>>> CLSMAT
<Jan28-2022> <11:20:36>  >>>> ORTHON
<Jan28-2022> <11:20:36>  >>>> GENPT
<Jan28-2022> <11:20:36>  Block Length=  68
<Jan28-2022> <11:20:36>  >>>> PTBAS
<Jan28-2022> <11:20:36>  >>>> CYCLE
<Jan28-2022> <11:20:36>              |Error|         MaxErr       Wt(A-DIIS)
<Jan28-2022> <11:20:36>      1      0.00000000      0.00000000
<Jan28-2022> <11:20:36>      2      8.77210307      5.53374266    100.0
<Jan28-2022> <11:20:36>      3      3.60058093      2.49154808    100.0
<Jan28-2022> <11:20:36>      4      1.20505529      0.62472425    100.0
<Jan28-2022> <11:20:36>      5      1.46502638      0.81213311    100.0
<Jan28-2022> <11:20:36>      6      0.15089362      0.09131786     91.2
<Jan28-2022> <11:20:36>      7      0.14397311      0.08251182     82.3
<Jan28-2022> <11:20:36>      8      0.00183259      0.00123681      0.2
<Jan28-2022> <11:20:36>      9      0.00015629      0.00008105      0.0
<Jan28-2022> <11:20:36>     10      0.00001324      0.00000629      0.0
<Jan28-2022> <11:20:36>     11      0.00000006      0.00000003      0.0
<Jan28-2022> <11:20:36>     12      0.00000000      0.00000000      0.0
<Jan28-2022> <11:20:36>  SCF converged
<Jan28-2022> <11:20:36>     13      0.00000000      0.00000000      0.0
<Jan28-2022> <11:20:36>  >>>> POPAN
<Jan28-2022> <11:20:36>  >>>> DEBYE
<Jan28-2022> <11:20:37>  DIRAC 2021.102  RunTime: Jan28-2022 11:20:37  ShM Nodes: 1  Procs: 1
<Jan28-2022> <11:20:38>  Tin (TZ2P, all electron)
<Jan28-2022> <11:20:38>  Net Charge: 0 (Nuclei minus Electrons)
<Jan28-2022> <11:20:38>  Symmetry  : ATOM
<Jan28-2022> <11:20:38>  Coordinates
<Jan28-2022> <11:20:38>     Atom         X           Y           Z   (Angstrom)
<Jan28-2022> <11:20:38>     1.Sn        0.000000    0.000000    0.000000
<Jan28-2022> <11:20:38>  >>>> CORORT
<Jan28-2022> <11:20:38>  >>>> CLSMAT
<Jan28-2022> <11:20:38>  >>>> ORTHON
<Jan28-2022> <11:20:38>  >>>> GENPT
<Jan28-2022> <11:20:38>  Block Length=  94
<Jan28-2022> <11:20:38>  >>>> PTBAS
<Jan28-2022> <11:20:38>  >>>> CYCLE
<Jan28-2022> <11:20:39>              |Error|         MaxErr       Wt(A-DIIS)
<Jan28-2022> <11:20:39>      1      0.00000000      0.00000000
<Jan28-2022> <11:20:39>      2    277.78646077     36.34955503    100.0
<Jan28-2022> <11:20:39>      3    108.37475236     33.32898342    100.0
<Jan28-2022> <11:20:39>      4     16.29148072      2.69481417    100.0
<Jan28-2022> <11:20:40>      5     14.42472249      3.02472417    100.0
<Jan28-2022> <11:20:40>      6      3.42801373      0.63340044    100.0
<Jan28-2022> <11:20:40>      7      3.94254662      0.85735153    100.0
<Jan28-2022> <11:20:40>      8      0.32774411      0.05271405     52.2
<Jan28-2022> <11:20:40>      9      0.09237148      0.01803841     17.2
<Jan28-2022> <11:20:40>     10      0.02628512      0.00591655      5.0
<Jan28-2022> <11:20:41>     11      0.00221235      0.00047931      0.0
<Jan28-2022> <11:20:41>     12      0.00004474      0.00000960      0.0
<Jan28-2022> <11:20:41>     13      0.00000334      0.00000092      0.0
<Jan28-2022> <11:20:41>     14      0.00000017      0.00000003      0.0
<Jan28-2022> <11:20:41>     15      0.00000001      0.00000000      0.0
<Jan28-2022> <11:20:41>  SCF converged
<Jan28-2022> <11:20:41>     16      0.00000000      0.00000000      0.0
<Jan28-2022> <11:20:42>  >>>> POPAN
<Jan28-2022> <11:20:42>  >>>> DEBYE
<Jan28-2022> <11:20:42>  DIRAC 2021.102  RunTime: Jan28-2022 11:20:42  ShM Nodes: 1  Procs: 1
<Jan28-2022> <11:20:42>  Chlorine (TZ2P)
<Jan28-2022> <11:20:43>  Net Charge: 0 (Nuclei minus Electrons)
<Jan28-2022> <11:20:43>  Symmetry  : ATOM
<Jan28-2022> <11:20:43>  Coordinates
<Jan28-2022> <11:20:43>     Atom         X           Y           Z   (Angstrom)
<Jan28-2022> <11:20:43>     1.Cl        0.000000    0.000000    0.000000
<Jan28-2022> <11:20:43>  >>>> CORORT
<Jan28-2022> <11:20:43>  >>>> CLSMAT
<Jan28-2022> <11:20:43>  >>>> ORTHON
<Jan28-2022> <11:20:43>  >>>> GENPT
<Jan28-2022> <11:20:43>  Block Length=  93
<Jan28-2022> <11:20:43>  >>>> PTBAS
<Jan28-2022> <11:20:43>  >>>> CYCLE
<Jan28-2022> <11:20:43>              |Error|         MaxErr       Wt(A-DIIS)
<Jan28-2022> <11:20:43>      1      0.00000000      0.00000000
<Jan28-2022> <11:20:43>      2     37.97178129     10.81368001    100.0
<Jan28-2022> <11:20:43>      3     20.81592691      7.10099309    100.0
<Jan28-2022> <11:20:43>      4      5.86634430      1.99760405    100.0
<Jan28-2022> <11:20:43>      5      3.97516517      1.71800842    100.0
<Jan28-2022> <11:20:43>      6      0.27245054      0.10336241    100.0
<Jan28-2022> <11:20:43>      7      0.22638168      0.09827309     98.3
<Jan28-2022> <11:20:43>      8      0.05690956      0.02098624     20.2
<Jan28-2022> <11:20:43>      9      0.00664419      0.00263308      1.6
<Jan28-2022> <11:20:43>     10      0.00015446      0.00006612      0.0
<Jan28-2022> <11:20:44>     11      0.00000385      0.00000160      0.0
<Jan28-2022> <11:20:44>     12      0.00000007      0.00000003      0.0
<Jan28-2022> <11:20:44>     13      0.00000000      0.00000000      0.0
<Jan28-2022> <11:20:44>  SCF converged
<Jan28-2022> <11:20:44>     14      0.00000000      0.00000000      0.0
<Jan28-2022> <11:20:44>  >>>> POPAN
<Jan28-2022> <11:20:44>  >>>> DEBYE
<Jan28-2022> <11:20:44>  *** GOStep1 ***
<Jan28-2022> <11:20:44>  >>>> FRAGM
<Jan28-2022> <11:20:44>  Coordinates
<Jan28-2022> <11:20:44>     Atom         X           Y           Z   (Angstrom)
<Jan28-2022> <11:20:44>     1.H         0.193697   -1.853611   -0.245162
<Jan28-2022> <11:20:44>     2.C        -0.920578   -0.122929    0.281838
<Jan28-2022> <11:20:44>     3.C         0.213684   -0.778464   -0.069585
<Jan28-2022> <11:20:44>     4.C         1.521684   -0.130599   -0.228054
<Jan28-2022> <11:20:44>     5.O         2.570844   -0.680222   -0.543138
<Jan28-2022> <11:20:44>     6.H        -0.931174    0.957499    0.373467
<Jan28-2022> <11:20:44>     7.H        -1.166779   -1.147952    3.012814
<Jan28-2022> <11:20:44>     8.H        -2.104965    0.457309    2.860416
<Jan28-2022> <11:20:44>     9.H        -0.247146    0.475465    3.025892
<Jan28-2022> <11:20:44>    10.C        -1.161974   -0.076751    2.852975
<Jan28-2022> <11:20:44>    11.C        -2.706178   -1.131981   -1.133075
<Jan28-2022> <11:20:44>    12.C        -2.277740   -0.850187    0.310242
<Jan28-2022> <11:20:44>    13.C        -3.298145    0.056233    1.005447
<Jan28-2022> <11:20:44>    14.C        -2.108576   -2.160550    1.085138
<Jan28-2022> <11:20:44>    15.H        -1.779935   -1.957381    2.104979
<Jan28-2022> <11:20:44>    16.H        -3.667289   -1.648476   -1.153788
<Jan28-2022> <11:20:44>    17.H        -1.965340   -1.757364   -1.632490
<Jan28-2022> <11:20:44>    18.H        -2.801934   -0.198356   -1.688534
<Jan28-2022> <11:20:44>    19.H        -4.275898   -0.426858    1.044854
<Jan28-2022> <11:20:44>    20.H        -3.397980    0.998047    0.464725
<Jan28-2022> <11:20:44>    21.H        -2.977702    0.274679    2.024739
<Jan28-2022> <11:20:44>    22.H        -3.052887   -2.705962    1.126786
<Jan28-2022> <11:20:44>    23.H        -1.363620   -2.793022    0.601010
<Jan28-2022> <11:20:44>    24.H         1.517415    0.923521   -0.044439
<Jan28-2022> <11:20:44>    25.Sn        3.936918    0.313962   -0.731395
<Jan28-2022> <11:20:44>    26.Cl        4.648120   -1.009857   -2.561676
<Jan28-2022> <11:20:44>    27.Cl        5.153891   -1.078043    0.748311
<Jan28-2022> <11:20:44>    28.Cl        3.225715    1.637781    1.098886
<Jan28-2022> <11:20:44>    29.Cl        2.719944    1.705968   -2.211101
<Jan28-2022> <11:20:45>  >>>> CORORT
<Jan28-2022> <11:20:45>  >>>> CLSMAT
<Jan28-2022> <11:20:45>  >>>> ORTHON
<Jan28-2022> <11:20:45>  >>>> GENPT
<Jan28-2022> <11:20:46>  Block Length= 128
<Jan28-2022> <11:20:50>  >>>> PTBAS
<Jan28-2022> <11:22:44>  >>>> CYCLE
<Jan28-2022> <11:27:36>              |Error|         MaxErr       Wt(A-DIIS)
<Jan28-2022> <11:27:36>      1      9.62483674      0.56164735
<Jan28-2022> <11:31:44>      2      1.55698232      0.08136668    100.0
<Jan28-2022> <11:35:51>      3      0.83174841      0.05160616    100.0
<Jan28-2022> <11:40:10>      4      1.88372826      0.11293243    100.0
<Jan28-2022> <11:44:26>      5      0.55466555      0.02230106     21.5
