<Jan20-2022> <02:55:17>  AMS 2021.102  RunTime: Jan20-2022 02:55:17  ShM Nodes: 1  Procs: 1
<Jan20-2022> <02:55:17>  ADF 2021.102  RunTime: Jan20-2022 02:55:17  ShM Nodes: 1  Procs: 1
<Jan20-2022> <02:55:17>  *** (NO TITLE) ***
<Jan20-2022> <02:55:17>  Iteration 1
<Jan20-2022> <02:55:17>  DIRAC 2021.102  RunTime: Jan20-2022 02:55:17  ShM Nodes: 1  Procs: 1
<Jan20-2022> <02:55:17>  Hydrogen (TZ2P)
<Jan20-2022> <02:55:17>  Net Charge: 0 (Nuclei minus Electrons)
<Jan20-2022> <02:55:17>  Symmetry  : ATOM
<Jan20-2022> <02:55:17>  Coordinates
<Jan20-2022> <02:55:17>     Atom         X           Y           Z   (Angstrom)
<Jan20-2022> <02:55:17>     1.H         0.000000    0.000000    0.000000
<Jan20-2022> <02:55:17>  >>>> CORORT
<Jan20-2022> <02:55:17>  >>>> CLSMAT
<Jan20-2022> <02:55:17>  >>>> ORTHON
<Jan20-2022> <02:55:17>  >>>> GENPT
<Jan20-2022> <02:55:17>  Block Length=  64
<Jan20-2022> <02:55:17>  >>>> PTBAS
<Jan20-2022> <02:55:17>  >>>> CYCLE
<Jan20-2022> <02:55:17>              |Error|         MaxErr       Wt(A-DIIS)
<Jan20-2022> <02:55:17>      1      0.00000000      0.00000000
<Jan20-2022> <02:55:17>      2      0.03080019      0.02591482
<Jan20-2022> <02:55:17>      3      0.01140383      0.01135775    100.0
<Jan20-2022> <02:55:17>      4      0.00327656      0.00327407      2.3
<Jan20-2022> <02:55:17>      5      0.00010041      0.00009754      0.0
<Jan20-2022> <02:55:17>      6      0.00000525      0.00000504      0.0
<Jan20-2022> <02:55:18>      7      0.00000007      0.00000007      0.0
<Jan20-2022> <02:55:18>      8      0.00000000      0.00000000      0.0
<Jan20-2022> <02:55:18>  SCF converged
<Jan20-2022> <02:55:18>      9      0.00000000      0.00000000      0.0
<Jan20-2022> <02:55:18>  >>>> POPAN
<Jan20-2022> <02:55:18>  >>>> DEBYE
<Jan20-2022> <02:55:18>  DIRAC 2021.102  RunTime: Jan20-2022 02:55:18  ShM Nodes: 1  Procs: 1
<Jan20-2022> <02:55:18>  Carbon (TZ2P)
<Jan20-2022> <02:55:18>  Net Charge: 0 (Nuclei minus Electrons)
<Jan20-2022> <02:55:18>  Symmetry  : ATOM
<Jan20-2022> <02:55:18>  Coordinates
<Jan20-2022> <02:55:18>     Atom         X           Y           Z   (Angstrom)
<Jan20-2022> <02:55:18>     1.C         0.000000    0.000000    0.000000
<Jan20-2022> <02:55:18>  >>>> CORORT
<Jan20-2022> <02:55:18>  >>>> CLSMAT
<Jan20-2022> <02:55:18>  >>>> ORTHON
<Jan20-2022> <02:55:18>  >>>> GENPT
<Jan20-2022> <02:55:18>  Block Length=  72
<Jan20-2022> <02:55:18>  >>>> PTBAS
<Jan20-2022> <02:55:18>  >>>> CYCLE
<Jan20-2022> <02:55:18>              |Error|         MaxErr       Wt(A-DIIS)
<Jan20-2022> <02:55:18>      1      0.00000000      0.00000000
<Jan20-2022> <02:55:18>      2      4.48405934      3.32161898    100.0
<Jan20-2022> <02:55:18>      3      1.60718414      1.28408746    100.0
<Jan20-2022> <02:55:18>      4      0.76426456      0.62272052    100.0
<Jan20-2022> <02:55:18>      5      0.36119063      0.28553990    100.0
<Jan20-2022> <02:55:18>      6      0.14821424      0.11559867    100.0
<Jan20-2022> <02:55:18>      7      0.10108424      0.07867111     78.5
<Jan20-2022> <02:55:18>      8      0.01786531      0.01387049     13.0
<Jan20-2022> <02:55:18>      9      0.00195746      0.00153262      0.5
<Jan20-2022> <02:55:18>     10      0.00001058      0.00000730      0.0
<Jan20-2022> <02:55:18>     11      0.00000047      0.00000027      0.0
<Jan20-2022> <02:55:18>     12      0.00000003      0.00000002      0.0
<Jan20-2022> <02:55:18>     13      0.00000000      0.00000000      0.0
<Jan20-2022> <02:55:18>  SCF converged
<Jan20-2022> <02:55:18>     14      0.00000000      0.00000000      0.0
<Jan20-2022> <02:55:18>  >>>> POPAN
<Jan20-2022> <02:55:18>  >>>> DEBYE
<Jan20-2022> <02:55:18>  *** GOStep1 ***
<Jan20-2022> <02:55:18>  >>>> FRAGM
<Jan20-2022> <02:55:19>  Coordinates
<Jan20-2022> <02:55:19>     Atom         X           Y           Z   (Angstrom)
<Jan20-2022> <02:55:19>     1.H         2.053570   -0.803441    0.000000
<Jan20-2022> <02:55:19>     2.C         0.972937   -0.695741    0.000000
<Jan20-2022> <02:55:19>     3.H         0.663467   -0.150351    0.886617
<Jan20-2022> <02:55:19>     4.H         0.663467    0.150351   -0.886617
<Jan20-2022> <02:55:19>  >>>> CORORT
<Jan20-2022> <02:55:19>  >>>> CLSMAT
<Jan20-2022> <02:55:19>  >>>> ORTHON
<Jan20-2022> <02:55:19>  >>>> GENPT
<Jan20-2022> <02:55:19>  Block Length= 128
<Jan20-2022> <02:55:19>  >>>> PTBAS
<Jan20-2022> <02:55:19>  >>>> CYCLE
<Jan20-2022> <02:55:27>              |Error|         MaxErr       Wt(A-DIIS)
<Jan20-2022> <02:55:27>      1      1.82550844      0.37604047
<Jan20-2022> <02:55:32>      2      0.43473674      0.04919750    100.0
<Jan20-2022> <02:55:37>      3      0.41343507      0.05953285    100.0
<Jan20-2022> <02:55:42>      4      0.05484385      0.00563789      4.7
<Jan20-2022> <02:55:48>      5      0.01218287      0.00187576      0.9
<Jan20-2022> <02:55:53>      6      0.00143899      0.00017142      0.0
<Jan20-2022> <02:55:58>      7      0.00043138      0.00004931      0.0
<Jan20-2022> <02:56:04>      8      0.00015256      0.00001901      0.0
<Jan20-2022> <02:56:09>      9      0.00003797      0.00000480      0.0
<Jan20-2022> <02:56:14>     10      0.00000591      0.00000095      0.0
<Jan20-2022> <02:56:15>  SCF converged
<Jan20-2022> <02:56:20>     11      0.00000154      0.00000025      0.0
<Jan20-2022> <02:56:21>  >>>> TOTEN
<Jan20-2022> <02:56:27>  >>>> POPAN
<Jan20-2022> <02:56:27>  >>>> DEBYE
<Jan20-2022> <02:56:27>  >>>> ENGRAD
<Jan20-2022> <02:56:31>  current energy                               -0.61784933 Hartree
<Jan20-2022> <02:56:31>  energy change                      -0.61784933     0.00004000    F
<Jan20-2022> <02:56:31>  constrained gradient max            0.16087428     0.00100000    F
<Jan20-2022> <02:56:31>  constrained gradient rms            0.06525784     0.00066667    F
<Jan20-2022> <02:56:31>  gradient max                        0.16087428
<Jan20-2022> <02:56:31>  gradient rms                        0.06525784
<Jan20-2022> <02:56:31>  cart. step max                      0.03789453     0.01000000    F
<Jan20-2022> <02:56:31>  cart. step rms                      0.01692117     0.00666667    F
<Jan20-2022> <02:56:31>  Iteration 2
<Jan20-2022> <02:56:31>  *** GOStep2 ***
<Jan20-2022> <02:56:31>  >>>> FRAGM
<Jan20-2022> <02:56:31>  Coordinates
<Jan20-2022> <02:56:31>     Atom         X           Y           Z   (Angstrom)
<Jan20-2022> <02:56:31>     1.H         2.052753   -0.808464   -0.016502
<Jan20-2022> <02:56:31>     2.C         0.973431   -0.657847   -0.010312
<Jan20-2022> <02:56:31>     3.H         0.648892   -0.155785    0.903096
<Jan20-2022> <02:56:31>     4.H         0.678365    0.122913   -0.876282
<Jan20-2022> <02:56:31>  >>>> CORORT
<Jan20-2022> <02:56:31>  >>>> CLSMAT
<Jan20-2022> <02:56:31>  >>>> ORTHON
<Jan20-2022> <02:56:31>  >>>> GENPT
<Jan20-2022> <02:56:31>  Block Length= 128
<Jan20-2022> <02:56:32>  >>>> PTBAS
<Jan20-2022> <02:56:32>  >>>> CYCLE
<Jan20-2022> <02:56:35>  using orbital data from restart file
<Jan20-2022> <02:56:40>              |Error|         MaxErr       Wt(A-DIIS)
<Jan20-2022> <02:56:40>      1      0.11646284      0.03030531
<Jan20-2022> <02:56:45>      2      0.02424311      0.00276688    100.0
<Jan20-2022> <02:56:51>      3      0.01459030      0.00188405    100.0
<Jan20-2022> <02:56:56>      4      0.01504940      0.00172223      0.7
<Jan20-2022> <02:57:02>      5      0.00038842      0.00005526      0.0
<Jan20-2022> <02:57:07>      6      0.00009391      0.00000934      0.0
<Jan20-2022> <02:57:12>      7      0.00001481      0.00000173      0.0
<Jan20-2022> <02:57:18>      8      0.00000527      0.00000074      0.0
<Jan20-2022> <02:57:19>  SCF converged
<Jan20-2022> <02:57:23>      9      0.00000081      0.00000010      0.0
<Jan20-2022> <02:57:24>  >>>> TOTEN
<Jan20-2022> <02:57:31>  >>>> POPAN
<Jan20-2022> <02:57:31>  >>>> DEBYE
<Jan20-2022> <02:57:31>  >>>> ENGRAD
<Jan20-2022> <02:57:35>  current energy                               -0.62853719 Hartree
<Jan20-2022> <02:57:35>  energy change                      -0.01068786     0.00004000    F
<Jan20-2022> <02:57:35>  constrained gradient max            0.13347270     0.00100000    F
<Jan20-2022> <02:57:35>  constrained gradient rms            0.05213982     0.00066667    F
<Jan20-2022> <02:57:35>  gradient max                        0.13347270
<Jan20-2022> <02:57:35>  gradient rms                        0.05213982
<Jan20-2022> <02:57:35>  cart. step max                      0.07281860     0.01000000    F
<Jan20-2022> <02:57:35>  cart. step rms                      0.03354442     0.00666667    F
<Jan20-2022> <02:57:35>  Iteration 3
<Jan20-2022> <02:57:35>  *** GOStep3 ***
<Jan20-2022> <02:57:35>  >>>> FRAGM
<Jan20-2022> <02:57:35>  Coordinates
<Jan20-2022> <02:57:35>     Atom         X           Y           Z   (Angstrom)
<Jan20-2022> <02:57:35>     1.H         2.040892   -0.811882   -0.042127
<Jan20-2022> <02:57:35>     2.C         0.972147   -0.585028   -0.037269
<Jan20-2022> <02:57:35>     3.H         0.630782   -0.166253    0.915368
<Jan20-2022> <02:57:35>     4.H         0.709620    0.063981   -0.835972
<Jan20-2022> <02:57:35>  >>>> CORORT
<Jan20-2022> <02:57:35>  >>>> CLSMAT
<Jan20-2022> <02:57:35>  >>>> ORTHON
<Jan20-2022> <02:57:35>  >>>> GENPT
<Jan20-2022> <02:57:35>  Block Length= 128
<Jan20-2022> <02:57:35>  >>>> PTBAS
<Jan20-2022> <02:57:36>  >>>> CYCLE
<Jan20-2022> <02:57:39>  using orbital data from restart file
<Jan20-2022> <02:57:43>              |Error|         MaxErr       Wt(A-DIIS)
<Jan20-2022> <02:57:43>      1      0.30478414      0.08077309
<Jan20-2022> <02:57:49>      2      0.04288924      0.00506841    100.0
<Jan20-2022> <02:57:54>      3      0.02632068      0.00344924    100.0
<Jan20-2022> <02:58:00>      4      0.02595773      0.00279750      1.8
<Jan20-2022> <02:58:05>      5      0.00090493      0.00014295      0.0
<Jan20-2022> <02:58:11>      6      0.00016321      0.00002220      0.0
<Jan20-2022> <02:58:16>      7      0.00004639      0.00000616      0.0
<Jan20-2022> <02:58:21>      8      0.00001183      0.00000197      0.0
<Jan20-2022> <02:58:27>      9      0.00000138      0.00000015      0.0
<Jan20-2022> <02:58:28>  SCF converged
<Jan20-2022> <02:58:32>     10      0.00000030      0.00000004      0.0
<Jan20-2022> <02:58:33>  >>>> TOTEN
<Jan20-2022> <02:58:40>  >>>> POPAN
<Jan20-2022> <02:58:40>  >>>> DEBYE
<Jan20-2022> <02:58:40>  >>>> ENGRAD
<Jan20-2022> <02:58:44>  current energy                               -0.63918818 Hartree
<Jan20-2022> <02:58:44>  energy change                      -0.01065098     0.00004000    F
<Jan20-2022> <02:58:44>  constrained gradient max            0.04017636     0.00100000    F
<Jan20-2022> <02:58:44>  constrained gradient rms            0.02447855     0.00066667    F
<Jan20-2022> <02:58:44>  gradient max                        0.04017636
<Jan20-2022> <02:58:44>  gradient rms                        0.02447855
<Jan20-2022> <02:58:44>  cart. step max                      0.05066219     0.01000000    F
<Jan20-2022> <02:58:44>  cart. step rms                      0.02572289     0.00666667    F
<Jan20-2022> <02:58:44>  Iteration 4
<Jan20-2022> <02:58:44>  *** GOStep4 ***
<Jan20-2022> <02:58:44>  >>>> FRAGM
<Jan20-2022> <02:58:44>  Coordinates
<Jan20-2022> <02:58:44>     Atom         X           Y           Z   (Angstrom)
<Jan20-2022> <02:58:44>     1.H         2.043652   -0.836604   -0.027403
<Jan20-2022> <02:58:44>     2.C         0.995916   -0.534366   -0.030120
<Jan20-2022> <02:58:44>     3.H         0.629889   -0.191278    0.939054
<Jan20-2022> <02:58:44>     4.H         0.683984    0.063066   -0.881531
<Jan20-2022> <02:58:44>  >>>> CORORT
<Jan20-2022> <02:58:44>  >>>> CLSMAT
<Jan20-2022> <02:58:44>  >>>> ORTHON
<Jan20-2022> <02:58:44>  >>>> GENPT
<Jan20-2022> <02:58:44>  Block Length= 128
<Jan20-2022> <02:58:44>  >>>> PTBAS
<Jan20-2022> <02:58:45>  >>>> CYCLE
<Jan20-2022> <02:58:48>  using orbital data from restart file
<Jan20-2022> <02:58:52>              |Error|         MaxErr       Wt(A-DIIS)
<Jan20-2022> <02:58:52>      1      0.08283935      0.01529630
<Jan20-2022> <02:58:58>      2      0.02452429      0.00349152    100.0
<Jan20-2022> <02:59:03>      3      0.01982268      0.00285660    100.0
<Jan20-2022> <02:59:08>      4      0.01947520      0.00280745      1.8
<Jan20-2022> <02:59:13>      5      0.00603874      0.00110285      0.1
<Jan20-2022> <02:59:19>      6      0.00033788      0.00004610      0.0
<Jan20-2022> <02:59:25>      7      0.00022010      0.00003014      0.0
<Jan20-2022> <02:59:30>      8      0.00002610      0.00000315      0.0
<Jan20-2022> <02:59:36>      9      0.00000197      0.00000022      0.0
<Jan20-2022> <02:59:36>  SCF converged
<Jan20-2022> <02:59:41>     10      0.00000060      0.00000008      0.0
<Jan20-2022> <02:59:42>  >>>> TOTEN
<Jan20-2022> <02:59:48>  >>>> POPAN
<Jan20-2022> <02:59:48>  >>>> DEBYE
<Jan20-2022> <02:59:48>  >>>> ENGRAD
<Jan20-2022> <02:59:52>  current energy                               -0.64388726 Hartree
<Jan20-2022> <02:59:52>  energy change                      -0.00469909     0.00004000    F
<Jan20-2022> <02:59:52>  constrained gradient max            0.03084097     0.00100000    F
<Jan20-2022> <02:59:52>  constrained gradient rms            0.01331012     0.00066667    F
<Jan20-2022> <02:59:52>  gradient max                        0.03084097
<Jan20-2022> <02:59:52>  gradient rms                        0.01331012
<Jan20-2022> <02:59:52>  cart. step max                      0.06275230     0.01000000    F
<Jan20-2022> <02:59:52>  cart. step rms                      0.02425708     0.00666667    F
<Jan20-2022> <02:59:52>  Iteration 5
<Jan20-2022> <02:59:52>  *** GOStep5 ***
<Jan20-2022> <02:59:52>  >>>> FRAGM
<Jan20-2022> <02:59:52>  Coordinates
<Jan20-2022> <02:59:52>     Atom         X           Y           Z   (Angstrom)
<Jan20-2022> <02:59:52>     1.H         2.039870   -0.860261   -0.027170
<Jan20-2022> <02:59:52>     2.C         1.025241   -0.471614   -0.022404
<Jan20-2022> <02:59:52>     3.H         0.619102   -0.213787    0.950603
<Jan20-2022> <02:59:52>     4.H         0.669227    0.046480   -0.901029
<Jan20-2022> <02:59:52>  >>>> CORORT
<Jan20-2022> <02:59:52>  >>>> CLSMAT
<Jan20-2022> <02:59:52>  >>>> ORTHON
<Jan20-2022> <02:59:52>  >>>> GENPT
<Jan20-2022> <02:59:52>  Block Length= 128
<Jan20-2022> <02:59:53>  >>>> PTBAS
<Jan20-2022> <02:59:53>  >>>> CYCLE
<Jan20-2022> <02:59:56>  using orbital data from restart file
<Jan20-2022> <03:00:01>              |Error|         MaxErr       Wt(A-DIIS)
<Jan20-2022> <03:00:01>      1      0.07635390      0.01438340
<Jan20-2022> <03:00:06>      2      0.03006205      0.00412399    100.0
<Jan20-2022> <03:00:12>      3      0.02022295      0.00289184    100.0
<Jan20-2022> <03:00:17>      4      0.01399375      0.00237423      1.4
<Jan20-2022> <03:00:23>      5      0.00080389      0.00012994      0.0
<Jan20-2022> <03:00:28>      6      0.00009647      0.00001115      0.0
<Jan20-2022> <03:00:34>      7      0.00001489      0.00000189      0.0
<Jan20-2022> <03:00:39>      8      0.00000481      0.00000054      0.0
<Jan20-2022> <03:00:40>  SCF converged
<Jan20-2022> <03:00:44>      9      0.00000280      0.00000039      0.0
<Jan20-2022> <03:00:45>  >>>> TOTEN
<Jan20-2022> <03:00:52>  >>>> POPAN
<Jan20-2022> <03:00:52>  >>>> DEBYE
<Jan20-2022> <03:00:52>  >>>> ENGRAD
<Jan20-2022> <03:00:56>  current energy                               -0.64641295 Hartree
<Jan20-2022> <03:00:56>  energy change                      -0.00252569     0.00004000    F
<Jan20-2022> <03:00:56>  constrained gradient max            0.01615978     0.00100000    F
<Jan20-2022> <03:00:56>  constrained gradient rms            0.00749094     0.00066667    F
<Jan20-2022> <03:00:56>  gradient max                        0.01615978
<Jan20-2022> <03:00:56>  gradient rms                        0.00749094
<Jan20-2022> <03:00:56>  cart. step max                      0.04256834     0.01000000    F
<Jan20-2022> <03:00:56>  cart. step rms                      0.01843417     0.00666667    F
<Jan20-2022> <03:00:56>  Iteration 6
<Jan20-2022> <03:00:56>  *** GOStep6 ***
<Jan20-2022> <03:00:56>  >>>> FRAGM
<Jan20-2022> <03:00:56>  Coordinates
<Jan20-2022> <03:00:56>     Atom         X           Y           Z   (Angstrom)
<Jan20-2022> <03:00:56>     1.H         2.039777   -0.879320   -0.036492
<Jan20-2022> <03:00:56>     2.C         1.054742   -0.429045   -0.008936
<Jan20-2022> <03:00:56>     3.H         0.600811   -0.224324    0.951521
<Jan20-2022> <03:00:56>     4.H         0.658110    0.033507   -0.906093
<Jan20-2022> <03:00:56>  >>>> CORORT
<Jan20-2022> <03:00:56>  >>>> CLSMAT
<Jan20-2022> <03:00:56>  >>>> ORTHON
<Jan20-2022> <03:00:56>  >>>> GENPT
<Jan20-2022> <03:00:56>  Block Length= 128
<Jan20-2022> <03:00:56>  >>>> PTBAS
<Jan20-2022> <03:00:57>  >>>> CYCLE
<Jan20-2022> <03:01:00>  using orbital data from restart file
<Jan20-2022> <03:01:05>              |Error|         MaxErr       Wt(A-DIIS)
<Jan20-2022> <03:01:05>      1      0.06087989      0.00841819
<Jan20-2022> <03:01:10>      2      0.02598846      0.00350248    100.0
<Jan20-2022> <03:01:16>      3      0.01732409      0.00246977    100.0
<Jan20-2022> <03:01:21>      4      0.01241464      0.00203599      1.0
<Jan20-2022> <03:01:27>      5      0.00067785      0.00010582      0.0
<Jan20-2022> <03:01:32>      6      0.00010035      0.00001120      0.0
<Jan20-2022> <03:01:37>      7      0.00001348      0.00000170      0.0
<Jan20-2022> <03:01:43>      8      0.00000189      0.00000023      0.0
<Jan20-2022> <03:01:44>  SCF converged
<Jan20-2022> <03:01:48>      9      0.00000054      0.00000006      0.0
<Jan20-2022> <03:01:49>  >>>> TOTEN
<Jan20-2022> <03:01:56>  >>>> POPAN
<Jan20-2022> <03:01:56>  >>>> DEBYE
<Jan20-2022> <03:01:56>  >>>> ENGRAD
<Jan20-2022> <03:01:59>  current energy                               -0.64742785 Hartree
<Jan20-2022> <03:01:59>  energy change                      -0.00101490     0.00004000    F
<Jan20-2022> <03:01:59>  constrained gradient max            0.00646149     0.00100000    F
<Jan20-2022> <03:01:59>  constrained gradient rms            0.00309945     0.00066667    F
<Jan20-2022> <03:01:59>  gradient max                        0.00646149
<Jan20-2022> <03:01:59>  gradient rms                        0.00309945
<Jan20-2022> <03:01:59>  cart. step max                      0.03559794     0.01000000    F
<Jan20-2022> <03:01:59>  cart. step rms                      0.01468663     0.00666667    F
<Jan20-2022> <03:01:59>  Iteration 7
<Jan20-2022> <03:02:00>  *** GOStep7 ***
<Jan20-2022> <03:02:00>  >>>> FRAGM
<Jan20-2022> <03:02:00>  Coordinates
<Jan20-2022> <03:02:00>     Atom         X           Y           Z   (Angstrom)
<Jan20-2022> <03:02:00>     1.H         2.037000   -0.893655   -0.041939
<Jan20-2022> <03:02:00>     2.C         1.078404   -0.393447   -0.001919
<Jan20-2022> <03:02:00>     3.H         0.588224   -0.233455    0.948488
<Jan20-2022> <03:02:00>     4.H         0.649813    0.021376   -0.904630
<Jan20-2022> <03:02:00>  >>>> CORORT
<Jan20-2022> <03:02:00>  >>>> CLSMAT
<Jan20-2022> <03:02:00>  >>>> ORTHON
<Jan20-2022> <03:02:00>  >>>> GENPT
<Jan20-2022> <03:02:00>  Block Length= 128
<Jan20-2022> <03:02:00>  >>>> PTBAS
<Jan20-2022> <03:02:01>  >>>> CYCLE
<Jan20-2022> <03:02:04>  using orbital data from restart file
<Jan20-2022> <03:02:08>              |Error|         MaxErr       Wt(A-DIIS)
<Jan20-2022> <03:02:08>      1      0.04805587      0.00831315
<Jan20-2022> <03:02:14>      2      0.02203599      0.00293151    100.0
<Jan20-2022> <03:02:19>      3      0.02085833      0.00279847    100.0
<Jan20-2022> <03:02:25>      4      0.02084032      0.00279544      1.8
<Jan20-2022> <03:02:30>      5      0.01345740      0.00215958      1.2
<Jan20-2022> <03:02:36>      6      0.00127651      0.00013519      0.0
<Jan20-2022> <03:02:41>      7      0.00129000      0.00016993      0.0
<Jan20-2022> <03:02:46>      8      0.00004228      0.00000445      0.0
<Jan20-2022> <03:02:52>      9      0.00001871      0.00000243      0.0
<Jan20-2022> <03:02:57>     10      0.00001716      0.00000260      0.0
<Jan20-2022> <03:03:02>     11      0.00001668      0.00000247      0.0
<Jan20-2022> <03:03:07>     12      0.00001671      0.00000249      0.0
<Jan20-2022> <03:03:13>     13      0.00001662      0.00000248      0.0
<Jan20-2022> <03:03:19>     14      0.00000049      0.00000009      0.0
<Jan20-2022> <03:03:20>  SCF converged
<Jan20-2022> <03:03:24>     15      0.00000009      0.00000001      0.0
<Jan20-2022> <03:03:25>  >>>> TOTEN
<Jan20-2022> <03:03:32>  >>>> POPAN
<Jan20-2022> <03:03:32>  >>>> DEBYE
<Jan20-2022> <03:03:32>  >>>> ENGRAD
<Jan20-2022> <03:03:36>  current energy                               -0.64774195 Hartree
<Jan20-2022> <03:03:36>  energy change                      -0.00031410     0.00004000    F
<Jan20-2022> <03:03:36>  constrained gradient max            0.00226492     0.00100000    F
<Jan20-2022> <03:03:36>  constrained gradient rms            0.00126838     0.00066667    F
<Jan20-2022> <03:03:36>  gradient max                        0.00226492
<Jan20-2022> <03:03:36>  gradient rms                        0.00126838
<Jan20-2022> <03:03:36>  cart. step max                      0.01558833     0.01000000    F
<Jan20-2022> <03:03:36>  cart. step rms                      0.00604972     0.00666667    T
<Jan20-2022> <03:03:36>  Iteration 8
<Jan20-2022> <03:03:36>  *** GOStep8 ***
<Jan20-2022> <03:03:36>  >>>> FRAGM
<Jan20-2022> <03:03:36>  Coordinates
<Jan20-2022> <03:03:36>     Atom         X           Y           Z   (Angstrom)
<Jan20-2022> <03:03:36>     1.H         2.034691   -0.899350   -0.041821
<Jan20-2022> <03:03:36>     2.C         1.087344   -0.377859   -0.000160
<Jan20-2022> <03:03:36>     3.H         0.585440   -0.238849    0.948484
<Jan20-2022> <03:03:36>     4.H         0.645966    0.016876   -0.906504
<Jan20-2022> <03:03:36>  >>>> CORORT
<Jan20-2022> <03:03:36>  >>>> CLSMAT
<Jan20-2022> <03:03:36>  >>>> ORTHON
<Jan20-2022> <03:03:36>  >>>> GENPT
<Jan20-2022> <03:03:36>  Block Length= 128
<Jan20-2022> <03:03:36>  >>>> PTBAS
<Jan20-2022> <03:03:37>  >>>> CYCLE
<Jan20-2022> <03:03:40>  using orbital data from restart file
<Jan20-2022> <03:03:44>              |Error|         MaxErr       Wt(A-DIIS)
<Jan20-2022> <03:03:44>      1      0.02007454      0.00326762
<Jan20-2022> <03:03:49>      2      0.00935288      0.00129529    100.0
<Jan20-2022> <03:03:55>      3      0.00683813      0.00111704    100.0
<Jan20-2022> <03:04:00>      4      0.00242198      0.00031725      0.0
<Jan20-2022> <03:04:05>      5      0.00061739      0.00008079      0.0
<Jan20-2022> <03:04:11>      6      0.00002036      0.00000230      0.0
<Jan20-2022> <03:04:16>      7      0.00000120      0.00000021      0.0
<Jan20-2022> <03:04:17>  SCF converged
<Jan20-2022> <03:04:22>      8      0.00000022      0.00000003      0.0
<Jan20-2022> <03:04:23>  >>>> TOTEN
<Jan20-2022> <03:04:29>  >>>> POPAN
<Jan20-2022> <03:04:29>  >>>> DEBYE
<Jan20-2022> <03:04:29>  >>>> ENGRAD
<Jan20-2022> <03:04:33>  current energy                               -0.64778042 Hartree
<Jan20-2022> <03:04:33>  energy change                      -0.00003847     0.00004000    T
<Jan20-2022> <03:04:33>  constrained gradient max            0.00100384     0.00100000    F
<Jan20-2022> <03:04:33>  constrained gradient rms            0.00051469     0.00066667    T
<Jan20-2022> <03:04:33>  gradient max                        0.00100384
<Jan20-2022> <03:04:33>  gradient rms                        0.00051469
<Jan20-2022> <03:04:33>  cart. step max                      0.00311587     0.01000000    T
<Jan20-2022> <03:04:33>  cart. step rms                      0.00118216     0.00666667    T
<Jan20-2022> <03:04:33>  Iteration 9
<Jan20-2022> <03:04:33>  *** GOStep9 ***
<Jan20-2022> <03:04:33>  >>>> FRAGM
<Jan20-2022> <03:04:33>  Coordinates
<Jan20-2022> <03:04:33>     Atom         X           Y           Z   (Angstrom)
<Jan20-2022> <03:04:33>     1.H         2.034149   -0.900317   -0.041762
<Jan20-2022> <03:04:33>     2.C         1.088481   -0.374743    0.000065
<Jan20-2022> <03:04:33>     3.H         0.585207   -0.240112    0.949313
<Jan20-2022> <03:04:33>     4.H         0.645604    0.015990   -0.907615
<Jan20-2022> <03:04:33>  >>>> CORORT
<Jan20-2022> <03:04:33>  >>>> CLSMAT
<Jan20-2022> <03:04:33>  >>>> ORTHON
<Jan20-2022> <03:04:33>  >>>> GENPT
<Jan20-2022> <03:04:34>  Block Length= 128
<Jan20-2022> <03:04:34>  >>>> PTBAS
<Jan20-2022> <03:04:34>  >>>> CYCLE
<Jan20-2022> <03:04:38>  using orbital data from restart file
<Jan20-2022> <03:04:42>              |Error|         MaxErr       Wt(A-DIIS)
<Jan20-2022> <03:04:42>      1      0.00401846      0.00069905
<Jan20-2022> <03:04:48>      2      0.00172804      0.00023913    100.0
<Jan20-2022> <03:04:53>      3      0.00129939      0.00020666    100.0
<Jan20-2022> <03:04:59>      4      0.00049452      0.00005126      0.0
<Jan20-2022> <03:05:04>      5      0.00010455      0.00001334      0.0
<Jan20-2022> <03:05:10>      6      0.00000711      0.00000081      0.0
<Jan20-2022> <03:05:10>  SCF converged
<Jan20-2022> <03:05:15>      7      0.00000061      0.00000011      0.0
<Jan20-2022> <03:05:16>  >>>> TOTEN
<Jan20-2022> <03:05:22>  >>>> POPAN
<Jan20-2022> <03:05:22>  >>>> DEBYE
<Jan20-2022> <03:05:22>  >>>> ENGRAD
<Jan20-2022> <03:05:26>  current energy                               -0.64778253 Hartree
<Jan20-2022> <03:05:26>  energy change                      -0.00000211     0.00004000    T
<Jan20-2022> <03:05:26>  constrained gradient max            0.00026933     0.00100000    T
<Jan20-2022> <03:05:26>  constrained gradient rms            0.00012627     0.00066667    T
<Jan20-2022> <03:05:26>  gradient max                        0.00026933
<Jan20-2022> <03:05:26>  gradient rms                        0.00012627
<Jan20-2022> <03:05:26>  cart. step max                      0.00013068     0.01000000    T
<Jan20-2022> <03:05:26>  cart. step rms                      0.00007016     0.00666667    T
<Jan20-2022> <03:05:26>  Geometry optimization converged
<Jan20-2022> <03:05:26>  *** adf ***
<Jan20-2022> <03:05:26>  Net Charge: 0 (Nuclei minus Electrons)
<Jan20-2022> <03:05:26>  Spin polar: 1 (Spin_A minus Spin_B electrons)
<Jan20-2022> <03:05:26>  Symmetry  : NOSYM
<Jan20-2022> <03:05:26>  >>>> FRAGM
<Jan20-2022> <03:05:26>  Coordinates
<Jan20-2022> <03:05:26>     Atom         X           Y           Z   (Angstrom)
<Jan20-2022> <03:05:27>     1.H         2.034149   -0.900317   -0.041762
<Jan20-2022> <03:05:27>     2.C         1.088481   -0.374743    0.000065
<Jan20-2022> <03:05:27>     3.H         0.585207   -0.240112    0.949313
<Jan20-2022> <03:05:27>     4.H         0.645604    0.015990   -0.907615
<Jan20-2022> <03:05:27>  >>>> CORORT
<Jan20-2022> <03:05:27>  >>>> CLSMAT
<Jan20-2022> <03:05:27>  >>>> ORTHON
<Jan20-2022> <03:05:27>  >>>> GENPT
<Jan20-2022> <03:05:27>  Block Length= 128
<Jan20-2022> <03:05:27>  >>>> PTBAS
<Jan20-2022> <03:05:27>  >>>> CYCLE
<Jan20-2022> <03:05:31>  using orbital data from restart file
<Jan20-2022> <03:05:35>              |Error|         MaxErr       Wt(A-DIIS)
<Jan20-2022> <03:05:35>      1      0.00000005      0.00000001
<Jan20-2022> <03:05:41>      2      0.00000004      0.00000001    100.0
<Jan20-2022> <03:05:42>  SCF converged
<Jan20-2022> <03:05:46>      3      0.00000002      0.00000000    100.0
<Jan20-2022> <03:05:51>  >>>> TOTEN
<Jan20-2022> <03:06:02>  >>>> POPAN
<Jan20-2022> <03:06:02>  >>>> DEBYE
<Jan20-2022> <03:06:02>  >>>> AMETS
<Jan20-2022> <03:06:02>   Bond Energy          -0.64778253 a.u.
<Jan20-2022> <03:06:02>   Bond Energy         -17.62705951 eV
<Jan20-2022> <03:06:02>   Bond Energy        -406.49       kcal/mol
<Jan20-2022> <03:06:02>  >>>> POPUL
<Jan20-2022> <03:06:02>  >>>> ENGRAD
<Jan20-2022> <03:06:05>  >>>> ENHESS
<Jan20-2022> <03:06:07>  === NUCLEUS:     1
<Jan20-2022> <03:07:56>  === NUCLEUS:     2
<Jan20-2022> <03:09:40>  === NUCLEUS:     3
<Jan20-2022> <03:11:26>  === NUCLEUS:     4
<Jan20-2022> <03:13:04>  >>>> CALC_HESS_PMAT
<Jan20-2022> <03:13:12>  >>>> CALC_HESS_WMAT
<Jan20-2022> <03:13:13>  PES point character: Geometry corresponds to a local minimum on the PES.
<Jan20-2022> <03:13:13>  Geometry optimization successful!
<Jan20-2022> <03:13:13>  NORMAL TERMINATION
