<Jan23-2022> <02:41:52>  AMS 2021.102  RunTime: Jan23-2022 02:41:52  ShM Nodes: 1  Procs: 4
<Jan23-2022> <02:41:53>  ADF 2021.102  RunTime: Jan23-2022 02:41:53  ShM Nodes: 1  Procs: 4
<Jan23-2022> <02:41:53>  *** (NO TITLE) ***
<Jan23-2022> <02:41:53>  NOTE: Linear angle. Re-run optimization in Cartesian coordinates in case of convergence problems.
<Jan23-2022> <02:41:53>  Iteration 1
<Jan23-2022> <02:41:53>  DIRAC 2021.102  RunTime: Jan23-2022 02:41:53  ShM Nodes: 1  Procs: 1
<Jan23-2022> <02:41:53>  Hydrogen (TZ2P)
<Jan23-2022> <02:41:54>  Net Charge: 0 (Nuclei minus Electrons)
<Jan23-2022> <02:41:54>  Symmetry  : ATOM
<Jan23-2022> <02:41:54>  Coordinates
<Jan23-2022> <02:41:54>     Atom         X           Y           Z   (Angstrom)
<Jan23-2022> <02:41:54>     1.H         0.000000    0.000000    0.000000
<Jan23-2022> <02:41:54>  >>>> CORORT
<Jan23-2022> <02:41:54>  >>>> CLSMAT
<Jan23-2022> <02:41:54>  >>>> ORTHON
<Jan23-2022> <02:41:54>  >>>> GENPT
<Jan23-2022> <02:41:54>  Block Length=  64
<Jan23-2022> <02:41:54>  >>>> PTBAS
<Jan23-2022> <02:41:54>  >>>> CYCLE
<Jan23-2022> <02:41:54>              |Error|         MaxErr       Wt(A-DIIS)
<Jan23-2022> <02:41:54>      1      0.00000000      0.00000000
<Jan23-2022> <02:41:54>      2      0.03080019      0.02591482
<Jan23-2022> <02:41:54>      3      0.01140383      0.01135775    100.0
<Jan23-2022> <02:41:54>      4      0.00327656      0.00327407      2.3
<Jan23-2022> <02:41:54>      5      0.00010041      0.00009754      0.0
<Jan23-2022> <02:41:54>      6      0.00000525      0.00000504      0.0
<Jan23-2022> <02:41:54>      7      0.00000007      0.00000007      0.0
<Jan23-2022> <02:41:54>      8      0.00000000      0.00000000      0.0
<Jan23-2022> <02:41:54>  SCF converged
<Jan23-2022> <02:41:54>      9      0.00000000      0.00000000      0.0
<Jan23-2022> <02:41:54>  >>>> POPAN
<Jan23-2022> <02:41:54>  >>>> DEBYE
<Jan23-2022> <02:41:54>  DIRAC 2021.102  RunTime: Jan23-2022 02:41:54  ShM Nodes: 1  Procs: 1
<Jan23-2022> <02:41:55>  Carbon (TZ2P)
<Jan23-2022> <02:41:55>  Net Charge: 0 (Nuclei minus Electrons)
<Jan23-2022> <02:41:55>  Symmetry  : ATOM
<Jan23-2022> <02:41:55>  Coordinates
<Jan23-2022> <02:41:55>     Atom         X           Y           Z   (Angstrom)
<Jan23-2022> <02:41:55>     1.C         0.000000    0.000000    0.000000
<Jan23-2022> <02:41:55>  >>>> CORORT
<Jan23-2022> <02:41:55>  >>>> CLSMAT
<Jan23-2022> <02:41:55>  >>>> ORTHON
<Jan23-2022> <02:41:55>  >>>> GENPT
<Jan23-2022> <02:41:55>  Block Length=  72
<Jan23-2022> <02:41:55>  >>>> PTBAS
<Jan23-2022> <02:41:55>  >>>> CYCLE
<Jan23-2022> <02:41:55>              |Error|         MaxErr       Wt(A-DIIS)
<Jan23-2022> <02:41:55>      1      0.00000000      0.00000000
<Jan23-2022> <02:41:55>      2      4.48405934      3.32161898    100.0
<Jan23-2022> <02:41:55>      3      1.60718414      1.28408746    100.0
<Jan23-2022> <02:41:55>      4      0.76426456      0.62272052    100.0
<Jan23-2022> <02:41:55>      5      0.36119063      0.28553990    100.0
<Jan23-2022> <02:41:55>      6      0.14821424      0.11559867    100.0
<Jan23-2022> <02:41:55>      7      0.10108424      0.07867111     78.5
<Jan23-2022> <02:41:55>      8      0.01786531      0.01387049     13.0
<Jan23-2022> <02:41:55>      9      0.00195746      0.00153262      0.5
<Jan23-2022> <02:41:55>     10      0.00001058      0.00000730      0.0
<Jan23-2022> <02:41:55>     11      0.00000047      0.00000027      0.0
<Jan23-2022> <02:41:55>     12      0.00000003      0.00000002      0.0
<Jan23-2022> <02:41:55>     13      0.00000000      0.00000000      0.0
<Jan23-2022> <02:41:55>  SCF converged
<Jan23-2022> <02:41:56>     14      0.00000000      0.00000000      0.0
<Jan23-2022> <02:41:56>  >>>> POPAN
<Jan23-2022> <02:41:56>  >>>> DEBYE
<Jan23-2022> <02:41:56>  DIRAC 2021.102  RunTime: Jan23-2022 02:41:56  ShM Nodes: 1  Procs: 1
<Jan23-2022> <02:41:56>  Oxygen (TZ2P)
<Jan23-2022> <02:41:56>  Net Charge: 0 (Nuclei minus Electrons)
<Jan23-2022> <02:41:56>  Symmetry  : ATOM
<Jan23-2022> <02:41:56>  Coordinates
<Jan23-2022> <02:41:56>     Atom         X           Y           Z   (Angstrom)
<Jan23-2022> <02:41:56>     1.O         0.000000    0.000000    0.000000
<Jan23-2022> <02:41:56>  >>>> CORORT
<Jan23-2022> <02:41:56>  >>>> CLSMAT
<Jan23-2022> <02:41:56>  >>>> ORTHON
<Jan23-2022> <02:41:56>  >>>> GENPT
<Jan23-2022> <02:41:56>  Block Length=  68
<Jan23-2022> <02:41:56>  >>>> PTBAS
<Jan23-2022> <02:41:56>  >>>> CYCLE
<Jan23-2022> <02:41:57>              |Error|         MaxErr       Wt(A-DIIS)
<Jan23-2022> <02:41:57>      1      0.00000000      0.00000000
<Jan23-2022> <02:41:57>      2      8.77210307      5.53374266    100.0
<Jan23-2022> <02:41:57>      3      3.60058093      2.49154808    100.0
<Jan23-2022> <02:41:57>      4      1.20505529      0.62472425    100.0
<Jan23-2022> <02:41:57>      5      1.46502638      0.81213311    100.0
<Jan23-2022> <02:41:57>      6      0.15089362      0.09131786     91.2
<Jan23-2022> <02:41:57>      7      0.14397311      0.08251182     82.3
<Jan23-2022> <02:41:57>      8      0.00183259      0.00123681      0.2
<Jan23-2022> <02:41:57>      9      0.00015629      0.00008105      0.0
<Jan23-2022> <02:41:57>     10      0.00001324      0.00000629      0.0
<Jan23-2022> <02:41:57>     11      0.00000006      0.00000003      0.0
<Jan23-2022> <02:41:57>     12      0.00000000      0.00000000      0.0
<Jan23-2022> <02:41:57>  SCF converged
<Jan23-2022> <02:41:57>     13      0.00000000      0.00000000      0.0
<Jan23-2022> <02:41:57>  >>>> POPAN
<Jan23-2022> <02:41:57>  >>>> DEBYE
<Jan23-2022> <02:41:57>  DIRAC 2021.102  RunTime: Jan23-2022 02:41:57  ShM Nodes: 1  Procs: 1
<Jan23-2022> <02:41:58>  Iodine (TZ2P, all electron)
<Jan23-2022> <02:41:58>  Net Charge: 0 (Nuclei minus Electrons)
<Jan23-2022> <02:41:58>  Symmetry  : ATOM
<Jan23-2022> <02:41:58>  Coordinates
<Jan23-2022> <02:41:58>     Atom         X           Y           Z   (Angstrom)
<Jan23-2022> <02:41:58>     1.I         0.000000    0.000000    0.000000
<Jan23-2022> <02:41:58>  >>>> CORORT
<Jan23-2022> <02:41:58>  >>>> CLSMAT
<Jan23-2022> <02:41:58>  >>>> ORTHON
<Jan23-2022> <02:41:58>  >>>> GENPT
<Jan23-2022> <02:41:58>  Block Length=  88
<Jan23-2022> <02:41:58>  >>>> PTBAS
<Jan23-2022> <02:41:58>  >>>> CYCLE
<Jan23-2022> <02:41:59>              |Error|         MaxErr       Wt(A-DIIS)
<Jan23-2022> <02:41:59>      1      0.00000000      0.00000000
<Jan23-2022> <02:41:59>      2    302.16835523     40.96243619    100.0
<Jan23-2022> <02:42:00>      3    115.45084873     32.05895485    100.0
<Jan23-2022> <02:42:00>      4     16.57298611      2.67421947    100.0
<Jan23-2022> <02:42:00>      5     19.84924009      6.00369154    100.0
<Jan23-2022> <02:42:00>      6      3.53444971      0.75082635    100.0
<Jan23-2022> <02:42:00>      7      3.91287540      0.80211300    100.0
<Jan23-2022> <02:42:00>      8      0.25898904      0.05024736     49.7
<Jan23-2022> <02:42:01>      9      0.05079462      0.01041659      9.5
<Jan23-2022> <02:42:01>     10      0.00447325      0.00089953      0.0
<Jan23-2022> <02:42:01>     11      0.00037467      0.00008194      0.0
<Jan23-2022> <02:42:01>     12      0.00000877      0.00000176      0.0
<Jan23-2022> <02:42:01>     13      0.00000011      0.00000002      0.0
<Jan23-2022> <02:42:01>     14      0.00000000      0.00000000      0.0
<Jan23-2022> <02:42:01>  SCF converged
<Jan23-2022> <02:42:02>     15      0.00000000      0.00000000      0.0
<Jan23-2022> <02:42:02>  >>>> POPAN
<Jan23-2022> <02:42:02>  >>>> DEBYE
<Jan23-2022> <02:42:02>  *** GOStep1 ***
<Jan23-2022> <02:42:02>  >>>> FRAGM
<Jan23-2022> <02:42:02>  Coordinates
<Jan23-2022> <02:42:02>     Atom         X           Y           Z   (Angstrom)
<Jan23-2022> <02:42:02>     1.H         0.308836   -1.713227    0.348451
<Jan23-2022> <02:42:02>     2.C        -0.859332    0.073256    0.953616
<Jan23-2022> <02:42:02>     3.C         0.305667   -0.622080    0.356973
<Jan23-2022> <02:42:02>     4.C         1.443635    0.022461   -0.230052
<Jan23-2022> <02:42:02>     5.O         1.615923    1.249926   -0.302136
<Jan23-2022> <02:42:02>     6.H        -0.691953    1.152837    0.944283
<Jan23-2022> <02:42:02>     7.H        -1.408495   -1.487467    2.394752
<Jan23-2022> <02:42:02>     8.C        -1.207068   -0.411253    2.373451
<Jan23-2022> <02:42:02>     9.H        -0.387774   -0.204925    3.068992
<Jan23-2022> <02:42:02>    10.H        -2.099499    0.106838    2.737885
<Jan23-2022> <02:42:02>    11.H        -1.705685   -0.109554    0.324994
<Jan23-2022> <02:42:02>    12.H         2.185845   -0.635773   -0.630990
<Jan23-2022> <02:42:02>    13.I         2.055903    4.518945   -0.202479
<Jan23-2022> <02:42:02>    14.I         2.425086    7.261949   -0.118858
<Jan23-2022> <02:42:02>  >>>> CORORT
<Jan23-2022> <02:42:02>  >>>> CLSMAT
<Jan23-2022> <02:42:02>  >>>> ORTHON
<Jan23-2022> <02:42:02>  >>>> GENPT
<Jan23-2022> <02:42:03>  Block Length= 128
<Jan23-2022> <02:42:04>  >>>> PTBAS
<Jan23-2022> <02:42:19>  >>>> CYCLE
<Jan23-2022> <02:43:19>              |Error|         MaxErr       Wt(A-DIIS)
<Jan23-2022> <02:43:19>      1      5.81205274      0.50412176
<Jan23-2022> <02:44:05>      2      1.23819453      0.12711451    100.0
<Jan23-2022> <02:44:50>      3      0.45305970      0.03163927    100.0
<Jan23-2022> <02:45:36>      4      0.73711254      0.06739307    100.0
<Jan23-2022> <02:46:22>      5      0.18336675      0.02263430     21.9
<Jan23-2022> <02:47:07>      6      0.20408891      0.02582781     21.9
<Jan23-2022> <02:47:52>      7      0.03128227      0.00401491      3.0
<Jan23-2022> <02:48:37>      8      0.01678067      0.00298145      2.0
<Jan23-2022> <02:49:24>      9      0.00602009      0.00082193      0.0
<Jan23-2022> <02:50:10>     10      0.00172519      0.00014293      0.0
<Jan23-2022> <02:50:56>     11      0.00099066      0.00009095      0.0
<Jan23-2022> <02:51:42>     12      0.00026691      0.00002802      0.0
<Jan23-2022> <02:52:27>     13      0.00015657      0.00001226      0.0
<Jan23-2022> <02:53:13>     14      0.00003654      0.00000329      0.0
<Jan23-2022> <02:53:58>     15      0.00002589      0.00000252      0.0
<Jan23-2022> <02:54:44>     16      0.00000986      0.00000084      0.0
<Jan23-2022> <02:55:01>  SCF converged
<Jan23-2022> <02:55:29>     17      0.00000465      0.00000042      0.0
<Jan23-2022> <02:55:44>  >>>> TOTEN
<Jan23-2022> <02:56:32>  >>>> POPAN
<Jan23-2022> <02:56:32>  >>>> DEBYE
<Jan23-2022> <02:56:32>  >>>> ENGRAD
<Jan23-2022> <02:57:48>  current energy                               -2.47032159 Hartree
<Jan23-2022> <02:57:48>  energy change                      -2.47032159     0.00014000    F
<Jan23-2022> <02:57:48>  constrained gradient max            0.03411036     0.00100000    F
<Jan23-2022> <02:57:48>  constrained gradient rms            0.01415319     0.00066667    F
<Jan23-2022> <02:57:48>  gradient max                        0.03410855
<Jan23-2022> <02:57:48>  gradient rms                        0.01415319
<Jan23-2022> <02:57:48>  cart. step max                      0.06242597     0.01000000    F
<Jan23-2022> <02:57:48>  cart. step rms                      0.02309645     0.00666667    F
<Jan23-2022> <02:57:48>  Iteration 2
<Jan23-2022> <02:57:49>  *** GOStep2 ***
<Jan23-2022> <02:57:49>  >>>> FRAGM
<Jan23-2022> <02:57:49>  Coordinates
<Jan23-2022> <02:57:49>     Atom         X           Y           Z   (Angstrom)
<Jan23-2022> <02:57:49>     1.H         0.293918   -1.724203    0.348362
<Jan23-2022> <02:57:49>     2.C        -0.848834    0.084267    0.945098
<Jan23-2022> <02:57:49>     3.C         0.305755   -0.632978    0.352614
<Jan23-2022> <02:57:49>     4.C         1.451519   -0.003120   -0.235280
<Jan23-2022> <02:57:49>     5.O         1.620959    1.226544   -0.302885
<Jan23-2022> <02:57:49>     6.H        -0.658508    1.160887    0.927087
<Jan23-2022> <02:57:49>     7.H        -1.416424   -1.453514    2.404188
<Jan23-2022> <02:57:49>     8.C        -1.196043   -0.381302    2.372345
<Jan23-2022> <02:57:49>     9.H        -0.369677   -0.183830    3.061934
<Jan23-2022> <02:57:49>    10.H        -2.077354    0.155242    2.737220
<Jan23-2022> <02:57:49>    11.H        -1.719070   -0.092481    0.308746
<Jan23-2022> <02:57:49>    12.H         2.209750   -0.681274   -0.646207
<Jan23-2022> <02:57:49>    13.I         2.022438    4.500633   -0.183511
<Jan23-2022> <02:57:49>    14.I         2.362660    7.227062   -0.070829
<Jan23-2022> <02:57:49>  >>>> CORORT
<Jan23-2022> <02:57:49>  >>>> CLSMAT
<Jan23-2022> <02:57:49>  >>>> ORTHON
<Jan23-2022> <02:57:49>  >>>> GENPT
<Jan23-2022> <02:57:50>  Block Length= 128
<Jan23-2022> <02:57:51>  >>>> PTBAS
<Jan23-2022> <02:58:06>  >>>> CYCLE
<Jan23-2022> <02:58:37>  using orbital data from restart file
<Jan23-2022> <02:59:06>              |Error|         MaxErr       Wt(A-DIIS)
<Jan23-2022> <02:59:06>      1      0.12564705      0.01837465
<Jan23-2022> <02:59:53>      2      0.01723690      0.00134816    100.0
<Jan23-2022> <03:00:39>      3      0.02947356      0.00303740    100.0
<Jan23-2022> <03:01:24>      4      0.00739070      0.00077341      0.0
<Jan23-2022> <03:02:10>      5      0.00294372      0.00032504      0.0
<Jan23-2022> <03:02:55>      6      0.00095513      0.00015731      0.0
<Jan23-2022> <03:03:40>      7      0.00032405      0.00005633      0.0
<Jan23-2022> <03:04:26>      8      0.00005941      0.00000636      0.0
<Jan23-2022> <03:05:11>      9      0.00002727      0.00000199      0.0
<Jan23-2022> <03:05:57>     10      0.00000634      0.00000038      0.0
<Jan23-2022> <03:06:13>  SCF converged
<Jan23-2022> <03:06:42>     11      0.00000210      0.00000012      0.0
<Jan23-2022> <03:06:59>  >>>> TOTEN
<Jan23-2022> <03:07:46>  >>>> POPAN
<Jan23-2022> <03:07:46>  >>>> DEBYE
<Jan23-2022> <03:07:46>  >>>> ENGRAD
<Jan23-2022> <03:09:01>  current energy                               -2.47224601 Hartree
<Jan23-2022> <03:09:01>  energy change                      -0.00192442     0.00014000    F
<Jan23-2022> <03:09:01>  constrained gradient max            0.01933636     0.00100000    F
<Jan23-2022> <03:09:01>  constrained gradient rms            0.00622694     0.00066667    F
<Jan23-2022> <03:09:01>  gradient max                        0.01933638
<Jan23-2022> <03:09:01>  gradient rms                        0.00622694
<Jan23-2022> <03:09:01>  cart. step max                      0.04064335     0.01000000    F
<Jan23-2022> <03:09:01>  cart. step rms                      0.01511599     0.00666667    F
<Jan23-2022> <03:09:01>  Iteration 3
<Jan23-2022> <03:09:02>  *** GOStep3 ***
<Jan23-2022> <03:09:02>  >>>> FRAGM
<Jan23-2022> <03:09:02>  Coordinates
<Jan23-2022> <03:09:02>     Atom         X           Y           Z   (Angstrom)
<Jan23-2022> <03:09:02>     1.H         0.285943   -1.730581    0.349604
<Jan23-2022> <03:09:02>     2.C        -0.842883    0.090384    0.939173
<Jan23-2022> <03:09:02>     3.C         0.304444   -0.639337    0.347950
<Jan23-2022> <03:09:02>     4.C         1.452117   -0.014480   -0.240954
<Jan23-2022> <03:09:02>     5.O         1.625950    1.212660   -0.307713
<Jan23-2022> <03:09:02>     6.H        -0.644829    1.165593    0.909491
<Jan23-2022> <03:09:02>     7.H        -1.415639   -1.431339    2.414158
<Jan23-2022> <03:09:02>     8.C        -1.187895   -0.361023    2.371897
<Jan23-2022> <03:09:02>     9.H        -0.356881   -0.163223    3.055666
<Jan23-2022> <03:09:02>    10.H        -2.063813    0.184853    2.735931
<Jan23-2022> <03:09:02>    11.H        -1.727271   -0.088682    0.300541
<Jan23-2022> <03:09:02>    12.H         2.222854   -0.705676   -0.649710
<Jan23-2022> <03:09:02>    13.I         2.006976    4.490191   -0.174209
<Jan23-2022> <03:09:02>    14.I         2.322017    7.192594   -0.032943
<Jan23-2022> <03:09:02>  >>>> CORORT
<Jan23-2022> <03:09:02>  >>>> CLSMAT
<Jan23-2022> <03:09:02>  >>>> ORTHON
<Jan23-2022> <03:09:02>  >>>> GENPT
<Jan23-2022> <03:09:03>  Block Length= 128
<Jan23-2022> <03:09:04>  >>>> PTBAS
<Jan23-2022> <03:09:20>  >>>> CYCLE
<Jan23-2022> <03:09:51>  using orbital data from restart file
<Jan23-2022> <03:10:20>              |Error|         MaxErr       Wt(A-DIIS)
<Jan23-2022> <03:10:20>      1      0.10968068      0.01116321
<Jan23-2022> <03:11:07>      2      0.01663732      0.00160683    100.0
<Jan23-2022> <03:11:52>      3      0.00819260      0.00082328    100.0
<Jan23-2022> <03:12:38>      4      0.01201050      0.00122004    100.0
<Jan23-2022> <03:13:23>      5      0.00214600      0.00022223      0.0
<Jan23-2022> <03:14:10>      6      0.00059665      0.00010186      0.0
<Jan23-2022> <03:14:56>      7      0.00026317      0.00004645      0.0
<Jan23-2022> <03:15:41>      8      0.00005420      0.00000577      0.0
<Jan23-2022> <03:16:26>      9      0.00003501      0.00000263      0.0
<Jan23-2022> <03:17:13>     10      0.00001474      0.00000117      0.0
<Jan23-2022> <03:17:58>     11      0.00000336      0.00000024      0.0
<Jan23-2022> <03:18:16>  SCF converged
<Jan23-2022> <03:18:44>     12      0.00000152      0.00000009      0.0
<Jan23-2022> <03:19:01>  >>>> TOTEN
<Jan23-2022> <03:19:48>  >>>> POPAN
<Jan23-2022> <03:19:48>  >>>> DEBYE
<Jan23-2022> <03:19:49>  >>>> ENGRAD
<Jan23-2022> <03:21:03>  current energy                               -2.47280211 Hartree
<Jan23-2022> <03:21:03>  energy change                      -0.00055609     0.00014000    F
<Jan23-2022> <03:21:03>  constrained gradient max            0.01162178     0.00100000    F
<Jan23-2022> <03:21:03>  constrained gradient rms            0.00257136     0.00066667    F
<Jan23-2022> <03:21:03>  gradient max                        0.01162182
<Jan23-2022> <03:21:03>  gradient rms                        0.00257136
<Jan23-2022> <03:21:03>  cart. step max                      0.02853399     0.01000000    F
<Jan23-2022> <03:21:03>  cart. step rms                      0.01080545     0.00666667    F
<Jan23-2022> <03:21:03>  Iteration 4
<Jan23-2022> <03:21:04>  *** GOStep4 ***
<Jan23-2022> <03:21:04>  >>>> FRAGM
<Jan23-2022> <03:21:04>  Coordinates
<Jan23-2022> <03:21:04>     Atom         X           Y           Z   (Angstrom)
<Jan23-2022> <03:21:04>     1.H         0.275621   -1.728601    0.339745
<Jan23-2022> <03:21:04>     2.C        -0.833198    0.099552    0.944496
<Jan23-2022> <03:21:04>     3.C         0.307683   -0.637887    0.350755
<Jan23-2022> <03:21:04>     4.C         1.465584   -0.018975   -0.225122
<Jan23-2022> <03:21:04>     5.O         1.643802    1.206395   -0.301538
<Jan23-2022> <03:21:04>     6.H        -0.624753    1.172815    0.923362
<Jan23-2022> <03:21:04>     7.H        -1.430106   -1.428086    2.403583
<Jan23-2022> <03:21:04>     8.C        -1.190671   -0.360017    2.371475
<Jan23-2022> <03:21:04>     9.H        -0.360617   -0.176827    3.060500
<Jan23-2022> <03:21:04>    10.H        -2.062274    0.192416    2.735907
<Jan23-2022> <03:21:04>    11.H        -1.718869   -0.065539    0.298992
<Jan23-2022> <03:21:04>    12.H         2.216527   -0.717500   -0.668047
<Jan23-2022> <03:21:04>    13.I         1.998878    4.489121   -0.179927
<Jan23-2022> <03:21:04>    14.I         2.293483    7.175068   -0.035296
<Jan23-2022> <03:21:04>  >>>> CORORT
<Jan23-2022> <03:21:04>  >>>> CLSMAT
<Jan23-2022> <03:21:05>  >>>> ORTHON
<Jan23-2022> <03:21:05>  >>>> GENPT
<Jan23-2022> <03:21:05>  Block Length= 128
<Jan23-2022> <03:21:06>  >>>> PTBAS
<Jan23-2022> <03:21:22>  >>>> CYCLE
<Jan23-2022> <03:21:52>  using orbital data from restart file
<Jan23-2022> <03:22:21>              |Error|         MaxErr       Wt(A-DIIS)
<Jan23-2022> <03:22:21>      1      0.07779671      0.00855670
<Jan23-2022> <03:23:08>      2      0.01216433      0.00117395    100.0
<Jan23-2022> <03:23:54>      3      0.00645414      0.00059310    100.0
<Jan23-2022> <03:24:41>      4      0.00853042      0.00088795      0.0
<Jan23-2022> <03:25:28>      5      0.00211454      0.00027353      0.0
<Jan23-2022> <03:26:14>      6      0.00061669      0.00007972      0.0
<Jan23-2022> <03:26:59>      7      0.00045359      0.00008150      0.0
<Jan23-2022> <03:27:45>      8      0.00011083      0.00001589      0.0
<Jan23-2022> <03:28:31>      9      0.00002267      0.00000169      0.0
<Jan23-2022> <03:29:17>     10      0.00000955      0.00000062      0.0
<Jan23-2022> <03:29:35>  SCF converged
<Jan23-2022> <03:30:04>     11      0.00000592      0.00000049      0.0
<Jan23-2022> <03:30:21>  >>>> TOTEN
<Jan23-2022> <03:31:08>  >>>> POPAN
<Jan23-2022> <03:31:08>  >>>> DEBYE
<Jan23-2022> <03:31:08>  >>>> ENGRAD
<Jan23-2022> <03:32:24>  current energy                               -2.47285546 Hartree
<Jan23-2022> <03:32:24>  energy change                      -0.00005335     0.00014000    T
<Jan23-2022> <03:32:24>  constrained gradient max            0.00966144     0.00100000    F
<Jan23-2022> <03:32:24>  constrained gradient rms            0.00252024     0.00066667    F
<Jan23-2022> <03:32:24>  gradient max                        0.00966262
<Jan23-2022> <03:32:24>  gradient rms                        0.00252024
<Jan23-2022> <03:32:24>  cart. step max                      0.06466653     0.01000000    F
<Jan23-2022> <03:32:24>  cart. step rms                      0.02224075     0.00666667    F
<Jan23-2022> <03:32:24>  Iteration 5
<Jan23-2022> <03:32:24>  *** GOStep5 ***
<Jan23-2022> <03:32:25>  >>>> FRAGM
<Jan23-2022> <03:32:25>  Coordinates
<Jan23-2022> <03:32:25>     Atom         X           Y           Z   (Angstrom)
<Jan23-2022> <03:32:25>     1.H         0.277137   -1.736153    0.353050
<Jan23-2022> <03:32:25>     2.C        -0.834669    0.098143    0.931475
<Jan23-2022> <03:32:25>     3.C         0.304441   -0.645607    0.342855
<Jan23-2022> <03:32:25>     4.C         1.453886   -0.031777   -0.256450
<Jan23-2022> <03:32:25>     5.O         1.647812    1.191117   -0.326180
<Jan23-2022> <03:32:25>     6.H        -0.636602    1.172067    0.881605
<Jan23-2022> <03:32:25>     7.H        -1.409096   -1.398910    2.430240
<Jan23-2022> <03:32:25>     8.C        -1.177829   -0.330261    2.371359
<Jan23-2022> <03:32:25>     9.H        -0.343157   -0.124988    3.048586
<Jan23-2022> <03:32:25>    10.H        -2.050229    0.224607    2.730008
<Jan23-2022> <03:32:25>    11.H        -1.725599   -0.089157    0.297617
<Jan23-2022> <03:32:25>    12.H         2.224956   -0.740062   -0.652688
<Jan23-2022> <03:32:25>    13.I         1.990681    4.476403   -0.161964
<Jan23-2022> <03:32:25>    14.I         2.259358    7.136513    0.029370
<Jan23-2022> <03:32:25>  >>>> CORORT
<Jan23-2022> <03:32:26>  >>>> CLSMAT
<Jan23-2022> <03:32:26>  >>>> ORTHON
<Jan23-2022> <03:32:26>  >>>> GENPT
<Jan23-2022> <03:32:26>  Block Length= 128
<Jan23-2022> <03:32:27>  >>>> PTBAS
<Jan23-2022> <03:32:43>  >>>> CYCLE
<Jan23-2022> <03:33:14>  using orbital data from restart file
<Jan23-2022> <03:33:43>              |Error|         MaxErr       Wt(A-DIIS)
<Jan23-2022> <03:33:43>      1      0.13079678      0.01280564
<Jan23-2022> <03:34:29>      2      0.01651387      0.00158569    100.0
<Jan23-2022> <03:35:14>      3      0.00907931      0.00079478    100.0
<Jan23-2022> <03:36:00>      4      0.01142962      0.00118072    100.0
<Jan23-2022> <03:36:46>      5      0.00204260      0.00017039      0.0
<Jan23-2022> <03:37:31>      6      0.00089477      0.00009866      0.0
<Jan23-2022> <03:38:18>      7      0.00057863      0.00010184      0.0
<Jan23-2022> <03:39:04>      8      0.00020332      0.00003144      0.0
<Jan23-2022> <03:39:50>      9      0.00002984      0.00000193      0.0
<Jan23-2022> <03:40:37>     10      0.00001544      0.00000111      0.0
<Jan23-2022> <03:41:24>     11      0.00000760      0.00000045      0.0
<Jan23-2022> <03:41:41>  SCF converged
<Jan23-2022> <03:42:10>     12      0.00000186      0.00000009      0.0
<Jan23-2022> <03:42:27>  >>>> TOTEN
<Jan23-2022> <03:43:13>  >>>> POPAN
<Jan23-2022> <03:43:13>  >>>> DEBYE
<Jan23-2022> <03:43:14>  >>>> ENGRAD
<Jan23-2022> <03:44:29>  current energy                               -2.47288140 Hartree
<Jan23-2022> <03:44:29>  energy change                      -0.00002594     0.00014000    T
<Jan23-2022> <03:44:29>  constrained gradient max            0.00843340     0.00100000    F
<Jan23-2022> <03:44:29>  constrained gradient rms            0.00276800     0.00066667    F
<Jan23-2022> <03:44:29>  gradient max                        0.00843233
<Jan23-2022> <03:44:29>  gradient rms                        0.00276800
<Jan23-2022> <03:44:29>  cart. step max                      0.00779159     0.01000000    T
<Jan23-2022> <03:44:29>  cart. step rms                      0.00324002     0.00666667    T
<Jan23-2022> <03:44:29>  Iteration 6
<Jan23-2022> <03:44:30>  *** GOStep6 ***
<Jan23-2022> <03:44:30>  >>>> FRAGM
<Jan23-2022> <03:44:31>  Coordinates
<Jan23-2022> <03:44:31>     Atom         X           Y           Z   (Angstrom)
<Jan23-2022> <03:44:31>     1.H         0.274541   -1.735458    0.350317
<Jan23-2022> <03:44:31>     2.C        -0.833451    0.099842    0.932633
<Jan23-2022> <03:44:31>     3.C         0.304783   -0.644891    0.343419
<Jan23-2022> <03:44:31>     4.C         1.457517   -0.034358   -0.252356
<Jan23-2022> <03:44:31>     5.O         1.651199    1.188735   -0.323942
<Jan23-2022> <03:44:31>     6.H        -0.632147    1.173470    0.887451
<Jan23-2022> <03:44:31>     7.H        -1.413176   -1.400812    2.425595
<Jan23-2022> <03:44:31>     8.C        -1.178983   -0.332564    2.370712
<Jan23-2022> <03:44:31>     9.H        -0.344775   -0.132033    3.049934
<Jan23-2022> <03:44:31>    10.H        -2.050340    0.223350    2.730263
<Jan23-2022> <03:44:31>    11.H        -1.721168   -0.082173    0.298966
<Jan23-2022> <03:44:31>    12.H         2.220710   -0.740421   -0.654242
<Jan23-2022> <03:44:31>    13.I         1.988347    4.474943   -0.163063
<Jan23-2022> <03:44:31>    14.I         2.258033    7.144305    0.023197
<Jan23-2022> <03:44:31>  >>>> CORORT
<Jan23-2022> <03:44:31>  >>>> CLSMAT
<Jan23-2022> <03:44:31>  >>>> ORTHON
<Jan23-2022> <03:44:31>  >>>> GENPT
<Jan23-2022> <03:44:31>  Block Length= 128
<Jan23-2022> <03:44:32>  >>>> PTBAS
<Jan23-2022> <03:44:48>  >>>> CYCLE
<Jan23-2022> <03:45:18>  using orbital data from restart file
<Jan23-2022> <03:45:48>              |Error|         MaxErr       Wt(A-DIIS)
<Jan23-2022> <03:45:48>      1      0.03682381      0.00413803
<Jan23-2022> <03:46:34>      2      0.00605372      0.00059037    100.0
<Jan23-2022> <03:47:18>      3      0.00295673      0.00030040    100.0
<Jan23-2022> <03:48:04>      4      0.00441142      0.00044484      0.0
<Jan23-2022> <03:48:51>      5      0.00080602      0.00009341      0.0
<Jan23-2022> <03:49:37>      6      0.00025691      0.00003906      0.0
<Jan23-2022> <03:50:23>      7      0.00014149      0.00002399      0.0
<Jan23-2022> <03:51:09>      8      0.00003990      0.00000504      0.0
<Jan23-2022> <03:51:55>      9      0.00002400      0.00000173      0.0
<Jan23-2022> <03:52:41>     10      0.00000546      0.00000052      0.0
<Jan23-2022> <03:52:58>  SCF converged
<Jan23-2022> <03:53:26>     11      0.00000134      0.00000012      0.0
<Jan23-2022> <03:53:46>  >>>> TOTEN
<Jan23-2022> <03:54:33>  >>>> POPAN
<Jan23-2022> <03:54:33>  >>>> DEBYE
<Jan23-2022> <03:54:33>  >>>> ENGRAD
<Jan23-2022> <03:55:50>  current energy                               -2.47297680 Hartree
<Jan23-2022> <03:55:50>  energy change                      -0.00009540     0.00014000    T
<Jan23-2022> <03:55:50>  constrained gradient max            0.00362450     0.00100000    F
<Jan23-2022> <03:55:50>  constrained gradient rms            0.00118882     0.00066667    F
<Jan23-2022> <03:55:50>  gradient max                        0.00362343
<Jan23-2022> <03:55:50>  gradient rms                        0.00118882
<Jan23-2022> <03:55:50>  cart. step max                      0.02303002     0.01000000    F
<Jan23-2022> <03:55:50>  cart. step rms                      0.00778783     0.00666667    F
<Jan23-2022> <03:55:50>  Iteration 7
<Jan23-2022> <03:55:51>  *** GOStep7 ***
<Jan23-2022> <03:55:51>  >>>> FRAGM
<Jan23-2022> <03:55:51>  Coordinates
<Jan23-2022> <03:55:51>     Atom         X           Y           Z   (Angstrom)
<Jan23-2022> <03:55:51>     1.H         0.265918   -1.736257    0.346989
<Jan23-2022> <03:55:51>     2.C        -0.828208    0.106232    0.932345
<Jan23-2022> <03:55:51>     3.C         0.305112   -0.645865    0.342963
<Jan23-2022> <03:55:51>     4.C         1.465017   -0.044621   -0.248147
<Jan23-2022> <03:55:51>     5.O         1.664686    1.177668   -0.324042
<Jan23-2022> <03:55:51>     6.H        -0.617176    1.178237    0.891779
<Jan23-2022> <03:55:51>     7.H        -1.420947   -1.394061    2.420506
<Jan23-2022> <03:55:51>     8.C        -1.177804   -0.327625    2.369010
<Jan23-2022> <03:55:51>     9.H        -0.342599   -0.136216    3.049637
<Jan23-2022> <03:55:51>    10.H        -2.044805    0.234374    2.729631
<Jan23-2022> <03:55:51>    11.H        -1.714820   -0.065922    0.298537
<Jan23-2022> <03:55:51>    12.H         2.215557   -0.753536   -0.659412
<Jan23-2022> <03:55:51>    13.I         1.976155    4.467828   -0.159103
<Jan23-2022> <03:55:51>    14.I         2.235003    7.141698    0.028190
<Jan23-2022> <03:55:51>  >>>> CORORT
<Jan23-2022> <03:55:51>  >>>> CLSMAT
<Jan23-2022> <03:55:51>  >>>> ORTHON
<Jan23-2022> <03:55:52>  >>>> GENPT
<Jan23-2022> <03:55:52>  Block Length= 128
<Jan23-2022> <03:55:53>  >>>> PTBAS
<Jan23-2022> <03:56:09>  >>>> CYCLE
<Jan23-2022> <03:56:40>  using orbital data from restart file
<Jan23-2022> <03:57:09>              |Error|         MaxErr       Wt(A-DIIS)
<Jan23-2022> <03:57:09>      1      0.03361743      0.00460798
<Jan23-2022> <03:57:54>      2      0.00408861      0.00029603    100.0
<Jan23-2022> <03:58:40>      3      0.00232476      0.00015458    100.0
<Jan23-2022> <03:59:26>      4      0.00261240      0.00019180      0.0
<Jan23-2022> <04:00:10>      5      0.00099080      0.00012391      0.0
<Jan23-2022> <04:00:57>      6      0.00028273      0.00003342      0.0
<Jan23-2022> <04:01:43>      7      0.00016307      0.00002708      0.0
<Jan23-2022> <04:02:29>      8      0.00006244      0.00000942      0.0
<Jan23-2022> <04:03:15>      9      0.00002365      0.00000187      0.0
<Jan23-2022> <04:04:01>     10      0.00000695      0.00000050      0.0
<Jan23-2022> <04:04:18>  SCF converged
<Jan23-2022> <04:04:47>     11      0.00000177      0.00000010      0.0
<Jan23-2022> <04:05:04>  >>>> TOTEN
<Jan23-2022> <04:05:52>  >>>> POPAN
<Jan23-2022> <04:05:52>  >>>> DEBYE
<Jan23-2022> <04:05:52>  >>>> ENGRAD
<Jan23-2022> <04:07:09>  current energy                               -2.47300461 Hartree
<Jan23-2022> <04:07:09>  energy change                      -0.00002782     0.00014000    T
<Jan23-2022> <04:07:09>  constrained gradient max            0.00085493     0.00100000    T
<Jan23-2022> <04:07:09>  constrained gradient rms            0.00024528     0.00066667    T
<Jan23-2022> <04:07:09>  gradient max                        0.00085476
<Jan23-2022> <04:07:09>  gradient rms                        0.00024528
<Jan23-2022> <04:07:09>  cart. step max                      0.02649595     0.01000000    F
<Jan23-2022> <04:07:09>  cart. step rms                      0.00868457     0.00666667    F
<Jan23-2022> <04:07:09>  Iteration 8
<Jan23-2022> <04:07:10>  *** GOStep8 ***
<Jan23-2022> <04:07:10>  >>>> FRAGM
<Jan23-2022> <04:07:10>  Coordinates
<Jan23-2022> <04:07:10>     Atom         X           Y           Z   (Angstrom)
<Jan23-2022> <04:07:10>     1.H         0.258347   -1.738452    0.346438
<Jan23-2022> <04:07:10>     2.C        -0.823329    0.111932    0.929926
<Jan23-2022> <04:07:10>     3.C         0.304956   -0.648309    0.341255
<Jan23-2022> <04:07:10>     4.C         1.469161   -0.055998   -0.250312
<Jan23-2022> <04:07:10>     5.O         1.677007    1.164884   -0.328279
<Jan23-2022> <04:07:10>     6.H        -0.604731    1.182399    0.888554
<Jan23-2022> <04:07:10>     7.H        -1.424745   -1.382641    2.420493
<Jan23-2022> <04:07:10>     8.C        -1.174480   -0.317916    2.367473
<Jan23-2022> <04:07:10>     9.H        -0.337479   -0.131292    3.047202
<Jan23-2022> <04:07:10>    10.H        -2.037431    0.250275    2.728137
<Jan23-2022> <04:07:10>    11.H        -1.711042   -0.054848    0.297241
<Jan23-2022> <04:07:10>    12.H         2.213784   -0.769853   -0.661481
<Jan23-2022> <04:07:10>    13.I         1.962564    4.458460   -0.150950
<Jan23-2022> <04:07:10>    14.I         2.208507    7.133294    0.043185
<Jan23-2022> <04:07:10>  >>>> CORORT
<Jan23-2022> <04:07:10>  >>>> CLSMAT
<Jan23-2022> <04:07:11>  >>>> ORTHON
<Jan23-2022> <04:07:11>  >>>> GENPT
<Jan23-2022> <04:07:11>  Block Length= 128
<Jan23-2022> <04:07:12>  >>>> PTBAS
<Jan23-2022> <04:07:28>  >>>> CYCLE
<Jan23-2022> <04:07:59>  using orbital data from restart file
<Jan23-2022> <04:08:28>              |Error|         MaxErr       Wt(A-DIIS)
<Jan23-2022> <04:08:28>      1      0.03059524      0.00541502
<Jan23-2022> <04:09:14>      2      0.00214009      0.00014547    100.0
<Jan23-2022> <04:10:01>      3      0.00134854      0.00010567    100.0
<Jan23-2022> <04:10:47>      4      0.00120007      0.00007577      0.0
<Jan23-2022> <04:11:32>      5      0.00027025      0.00003396      0.0
<Jan23-2022> <04:12:17>      6      0.00009089      0.00000949      0.0
<Jan23-2022> <04:13:02>      7      0.00005443      0.00000604      0.0
<Jan23-2022> <04:13:48>      8      0.00002461      0.00000332      0.0
<Jan23-2022> <04:14:34>      9      0.00000956      0.00000093      0.0
<Jan23-2022> <04:14:51>  SCF converged
<Jan23-2022> <04:15:20>     10      0.00000188      0.00000012      0.0
<Jan23-2022> <04:15:37>  >>>> TOTEN
<Jan23-2022> <04:16:25>  >>>> POPAN
<Jan23-2022> <04:16:25>  >>>> DEBYE
<Jan23-2022> <04:16:25>  >>>> ENGRAD
<Jan23-2022> <04:17:42>  current energy                               -2.47300963 Hartree
<Jan23-2022> <04:17:42>  energy change                      -0.00000502     0.00014000    T
<Jan23-2022> <04:17:42>  constrained gradient max            0.00161033     0.00100000    F
<Jan23-2022> <04:17:42>  constrained gradient rms            0.00040730     0.00066667    T
<Jan23-2022> <04:17:42>  gradient max                        0.00161151
<Jan23-2022> <04:17:42>  gradient rms                        0.00040731
<Jan23-2022> <04:17:42>  cart. step max                      0.08883438     0.01000000    F
<Jan23-2022> <04:17:42>  cart. step rms                      0.02926893     0.00666667    F
<Jan23-2022> <04:17:42>  Iteration 9
<Jan23-2022> <04:17:42>  *** GOStep9 ***
<Jan23-2022> <04:17:42>  >>>> FRAGM
<Jan23-2022> <04:17:43>  Coordinates
<Jan23-2022> <04:17:43>     Atom         X           Y           Z   (Angstrom)
<Jan23-2022> <04:17:43>     1.H         0.233888   -1.745162    0.345933
<Jan23-2022> <04:17:43>     2.C        -0.806614    0.131018    0.921648
<Jan23-2022> <04:17:43>     3.C         0.304617   -0.656204    0.335696
<Jan23-2022> <04:17:43>     4.C         1.481686   -0.093522   -0.259012
<Jan23-2022> <04:17:43>     5.O         1.717004    1.122146   -0.344164
<Jan23-2022> <04:17:43>     6.H        -0.563771    1.196101    0.876417
<Jan23-2022> <04:17:43>     7.H        -1.436350   -1.343400    2.421109
<Jan23-2022> <04:17:43>     8.C        -1.162953   -0.284643    2.362333
<Jan23-2022> <04:17:43>     9.H        -0.320345   -0.113167    3.039041
<Jan23-2022> <04:17:43>    10.H        -2.012438    0.303843    2.722545
<Jan23-2022> <04:17:43>    11.H        -1.698246   -0.018901    0.292435
<Jan23-2022> <04:17:43>    12.H         2.208312   -0.824270   -0.667641
<Jan23-2022> <04:17:43>    13.I         1.916626    4.425560   -0.122636
<Jan23-2022> <04:17:43>    14.I         2.119673    7.102534    0.095180
<Jan23-2022> <04:17:43>  >>>> CORORT
<Jan23-2022> <04:17:43>  >>>> CLSMAT
<Jan23-2022> <04:17:43>  >>>> ORTHON
<Jan23-2022> <04:17:43>  >>>> GENPT
<Jan23-2022> <04:17:44>  Block Length= 128
<Jan23-2022> <04:17:45>  >>>> PTBAS
<Jan23-2022> <04:18:01>  >>>> CYCLE
<Jan23-2022> <04:18:31>  using orbital data from restart file
<Jan23-2022> <04:19:00>              |Error|         MaxErr       Wt(A-DIIS)
<Jan23-2022> <04:19:00>      1      0.10184055      0.01795419
<Jan23-2022> <04:19:45>      2      0.00671301      0.00049139    100.0
<Jan23-2022> <04:20:31>      3      0.00430648      0.00035626    100.0
<Jan23-2022> <04:21:17>      4      0.00357831      0.00022234      0.0
<Jan23-2022> <04:22:03>      5      0.00179657      0.00024409      0.0
<Jan23-2022> <04:22:48>      6      0.00026328      0.00002834      0.0
<Jan23-2022> <04:23:34>      7      0.00010789      0.00001178      0.0
<Jan23-2022> <04:24:21>      8      0.00004997      0.00000794      0.0
<Jan23-2022> <04:25:04>      9      0.00002350      0.00000344      0.0
<Jan23-2022> <04:25:49>     10      0.00000611      0.00000041      0.0
<Jan23-2022> <04:26:06>  SCF converged
<Jan23-2022> <04:26:35>     11      0.00000242      0.00000014      0.0
<Jan23-2022> <04:26:52>  >>>> TOTEN
<Jan23-2022> <04:27:39>  >>>> POPAN
<Jan23-2022> <04:27:39>  >>>> DEBYE
<Jan23-2022> <04:27:40>  >>>> ENGRAD
<Jan23-2022> <04:28:56>  current energy                               -2.47302973 Hartree
<Jan23-2022> <04:28:56>  energy change                      -0.00002010     0.00014000    T
<Jan23-2022> <04:28:56>  constrained gradient max            0.00321409     0.00100000    F
<Jan23-2022> <04:28:56>  constrained gradient rms            0.00095401     0.00066667    F
<Jan23-2022> <04:28:56>  gradient max                        0.00321533
<Jan23-2022> <04:28:56>  gradient rms                        0.00095401
<Jan23-2022> <04:28:56>  cart. step max                      0.08796224     0.01000000    F
<Jan23-2022> <04:28:56>  cart. step rms                      0.02926349     0.00666667    F
<Jan23-2022> <04:28:56>  Iteration 10
<Jan23-2022> <04:28:57>  *** GOStep10 ***
<Jan23-2022> <04:28:57>  >>>> FRAGM
<Jan23-2022> <04:28:57>  Coordinates
<Jan23-2022> <04:28:57>     Atom         X           Y           Z   (Angstrom)
<Jan23-2022> <04:28:57>     1.H         0.210651   -1.750928    0.347108
<Jan23-2022> <04:28:57>     2.C        -0.790138    0.149795    0.912598
<Jan23-2022> <04:28:57>     3.C         0.304311   -0.663581    0.330352
<Jan23-2022> <04:28:57>     4.C         1.492722   -0.130309   -0.268486
<Jan23-2022> <04:28:57>     5.O         1.754802    1.079613   -0.361383
<Jan23-2022> <04:28:57>     6.H        -0.524158    1.209141    0.862543
<Jan23-2022> <04:28:57>     7.H        -1.446067   -1.303177    2.422503
<Jan23-2022> <04:28:57>     8.C        -1.150696   -0.250688    2.356866
<Jan23-2022> <04:28:57>     9.H        -0.302826   -0.093052    3.030250
<Jan23-2022> <04:28:57>    10.H        -1.986816    0.357298    2.716140
<Jan23-2022> <04:28:57>    11.H        -1.685408    0.015343    0.287058
<Jan23-2022> <04:28:57>    12.H         2.202615   -0.877217   -0.672349
<Jan23-2022> <04:28:57>    13.I         1.870387    4.390679   -0.093007
<Jan23-2022> <04:28:57>    14.I         2.031711    7.069015    0.148691
<Jan23-2022> <04:28:57>  >>>> CORORT
<Jan23-2022> <04:28:57>  >>>> CLSMAT
<Jan23-2022> <04:28:57>  >>>> ORTHON
<Jan23-2022> <04:28:57>  >>>> GENPT
<Jan23-2022> <04:28:58>  Block Length= 128
<Jan23-2022> <04:28:59>  >>>> PTBAS
<Jan23-2022> <04:29:15>  >>>> CYCLE
<Jan23-2022> <04:29:45>  using orbital data from restart file
<Jan23-2022> <04:30:15>              |Error|         MaxErr       Wt(A-DIIS)
<Jan23-2022> <04:30:15>      1      0.09996709      0.01737378
<Jan23-2022> <04:31:00>      2      0.00662689      0.00048265    100.0
<Jan23-2022> <04:31:46>      3      0.00422099      0.00034962    100.0
<Jan23-2022> <04:32:32>      4      0.00353244      0.00021543      0.0
<Jan23-2022> <04:33:19>      5      0.00212063      0.00029829      0.0
<Jan23-2022> <04:34:05>      6      0.00021362      0.00001461      0.0
<Jan23-2022> <04:34:51>      7      0.00009272      0.00000900      0.0
<Jan23-2022> <04:35:37>      8      0.00003973      0.00000607      0.0
<Jan23-2022> <04:36:23>      9      0.00001971      0.00000308      0.0
<Jan23-2022> <04:37:09>     10      0.00000555      0.00000051      0.0
<Jan23-2022> <04:37:24>  SCF converged
<Jan23-2022> <04:37:53>     11      0.00000219      0.00000014      0.0
<Jan23-2022> <04:38:11>  >>>> TOTEN
<Jan23-2022> <04:38:59>  >>>> POPAN
<Jan23-2022> <04:38:59>  >>>> DEBYE
<Jan23-2022> <04:39:00>  >>>> ENGRAD
<Jan23-2022> <04:40:16>  current energy                               -2.47304967 Hartree
<Jan23-2022> <04:40:16>  energy change                      -0.00001994     0.00014000    T
<Jan23-2022> <04:40:16>  constrained gradient max            0.00439138     0.00100000    F
<Jan23-2022> <04:40:16>  constrained gradient rms            0.00151116     0.00066667    F
<Jan23-2022> <04:40:16>  gradient max                        0.00439170
<Jan23-2022> <04:40:16>  gradient rms                        0.00151116
<Jan23-2022> <04:40:16>  cart. step max                      0.07482601     0.01000000    F
<Jan23-2022> <04:40:16>  cart. step rms                      0.02631091     0.00666667    F
<Jan23-2022> <04:40:16>  Iteration 11
<Jan23-2022> <04:40:17>  *** GOStep11 ***
<Jan23-2022> <04:40:17>  >>>> FRAGM
<Jan23-2022> <04:40:17>  Coordinates
<Jan23-2022> <04:40:17>     Atom         X           Y           Z   (Angstrom)
<Jan23-2022> <04:40:17>     1.H         0.193733   -1.757275    0.354875
<Jan23-2022> <04:40:17>     2.C        -0.777900    0.164137    0.901476
<Jan23-2022> <04:40:17>     3.C         0.303847   -0.671349    0.325951
<Jan23-2022> <04:40:17>     4.C         1.499031   -0.163498   -0.280773
<Jan23-2022> <04:40:17>     5.O         1.783115    1.041059   -0.384343
<Jan23-2022> <04:40:17>     6.H        -0.495214    1.218688    0.842025
<Jan23-2022> <04:40:17>     7.H        -1.448888   -1.264941    2.429112
<Jan23-2022> <04:40:17>     8.C        -1.138012   -0.217629    2.351644
<Jan23-2022> <04:40:17>     9.H        -0.284970   -0.066084    3.019643
<Jan23-2022> <04:40:17>    10.H        -1.963655    0.406054    2.708628
<Jan23-2022> <04:40:17>    11.H        -1.677295    0.037172    0.281161
<Jan23-2022> <04:40:17>    12.H         2.198903   -0.924077   -0.672979
<Jan23-2022> <04:40:17>    13.I         1.831509    4.360319   -0.061538
<Jan23-2022> <04:40:17>    14.I         1.956884    7.039357    0.204001
<Jan23-2022> <04:40:17>  >>>> CORORT
<Jan23-2022> <04:40:17>  >>>> CLSMAT
<Jan23-2022> <04:40:18>  >>>> ORTHON
<Jan23-2022> <04:40:18>  >>>> GENPT
<Jan23-2022> <04:40:18>  Block Length= 128
<Jan23-2022> <04:40:19>  >>>> PTBAS
<Jan23-2022> <04:40:35>  >>>> CYCLE
<Jan23-2022> <04:41:06>  using orbital data from restart file
<Jan23-2022> <04:41:35>              |Error|         MaxErr       Wt(A-DIIS)
<Jan23-2022> <04:41:35>      1      0.08832843      0.01433598
<Jan23-2022> <04:42:21>      2      0.00591766      0.00041458    100.0
<Jan23-2022> <04:43:07>      3      0.00375365      0.00029976    100.0
<Jan23-2022> <04:43:55>      4      0.00308548      0.00016376      0.0
<Jan23-2022> <04:44:43>      5      0.00177285      0.00024609      0.0
<Jan23-2022> <04:45:29>      6      0.00019949      0.00001164      0.0
<Jan23-2022> <04:46:16>      7      0.00008022      0.00000608      0.0
<Jan23-2022> <04:47:02>      8      0.00004088      0.00000547      0.0
<Jan23-2022> <04:47:48>      9      0.00001958      0.00000313      0.0
<Jan23-2022> <04:48:33>     10      0.00000835      0.00000119      0.0
<Jan23-2022> <04:49:19>     11      0.00000243      0.00000014      0.0
<Jan23-2022> <04:49:36>  SCF converged
<Jan23-2022> <04:50:05>     12      0.00000076      0.00000006      0.0
<Jan23-2022> <04:50:21>  >>>> TOTEN
<Jan23-2022> <04:51:09>  >>>> POPAN
<Jan23-2022> <04:51:09>  >>>> DEBYE
<Jan23-2022> <04:51:10>  >>>> ENGRAD
<Jan23-2022> <04:52:26>  current energy                               -2.47306618 Hartree
<Jan23-2022> <04:52:26>  energy change                      -0.00001651     0.00014000    T
<Jan23-2022> <04:52:26>  constrained gradient max            0.00620989     0.00100000    F
<Jan23-2022> <04:52:26>  constrained gradient rms            0.00191357     0.00066667    F
<Jan23-2022> <04:52:26>  gradient max                        0.00621024
<Jan23-2022> <04:52:26>  gradient rms                        0.00191357
<Jan23-2022> <04:52:26>  cart. step max                      0.09090453     0.01000000    F
<Jan23-2022> <04:52:26>  cart. step rms                      0.02929834     0.00666667    F
<Jan23-2022> <04:52:26>  Iteration 12
<Jan23-2022> <04:52:27>  *** GOStep12 ***
<Jan23-2022> <04:52:27>  >>>> FRAGM
<Jan23-2022> <04:52:27>  Coordinates
<Jan23-2022> <04:52:27>     Atom         X           Y           Z   (Angstrom)
<Jan23-2022> <04:52:27>     1.H         0.169770   -1.759524    0.353154
<Jan23-2022> <04:52:27>     2.C        -0.759431    0.183982    0.894129
<Jan23-2022> <04:52:27>     3.C         0.303932   -0.676450    0.321213
<Jan23-2022> <04:52:27>     4.C         1.510940   -0.197933   -0.285763
<Jan23-2022> <04:52:27>     5.O         1.820154    0.999698   -0.397879
<Jan23-2022> <04:52:27>     6.H        -0.453568    1.231799    0.831876
<Jan23-2022> <04:52:27>     7.H        -1.459376   -1.224728    2.427489
<Jan23-2022> <04:52:27>     8.C        -1.125961   -0.184688    2.346143
<Jan23-2022> <04:52:27>     9.H        -0.269180   -0.049232    3.012831
<Jan23-2022> <04:52:27>    10.H        -1.937576    0.457961    2.701606
<Jan23-2022> <04:52:27>    11.H        -1.661024    0.074555    0.275440
<Jan23-2022> <04:52:27>    12.H         2.189898   -0.974407   -0.680269
<Jan23-2022> <04:52:27>    13.I         1.786531    4.321783   -0.036278
<Jan23-2022> <04:52:27>    14.I         1.865980    6.999118    0.255190
<Jan23-2022> <04:52:27>  >>>> CORORT
<Jan23-2022> <04:52:28>  >>>> CLSMAT
<Jan23-2022> <04:52:28>  >>>> ORTHON
<Jan23-2022> <04:52:28>  >>>> GENPT
<Jan23-2022> <04:52:28>  Block Length= 128
<Jan23-2022> <04:52:29>  >>>> PTBAS
<Jan23-2022> <04:52:45>  >>>> CYCLE
<Jan23-2022> <04:53:15>  using orbital data from restart file
<Jan23-2022> <04:53:44>              |Error|         MaxErr       Wt(A-DIIS)
<Jan23-2022> <04:53:44>      1      0.10346474      0.01643836
<Jan23-2022> <04:54:31>      2      0.00688545      0.00051478    100.0
<Jan23-2022> <04:55:17>      3      0.00434876      0.00037263    100.0
<Jan23-2022> <04:56:04>      4      0.00348127      0.00021042      0.0
<Jan23-2022> <04:56:50>      5      0.00195763      0.00025261      0.0
<Jan23-2022> <04:57:37>      6      0.00022238      0.00001063      0.0
<Jan23-2022> <04:58:23>      7      0.00010993      0.00000972      0.0
<Jan23-2022> <04:59:09>      8      0.00005685      0.00000801      0.0
<Jan23-2022> <04:59:56>      9      0.00002834      0.00000462      0.0
<Jan23-2022> <05:00:43>     10      0.00000884      0.00000096      0.0
<Jan23-2022> <05:01:00>  SCF converged
<Jan23-2022> <05:01:29>     11      0.00000298      0.00000017      0.0
<Jan23-2022> <05:01:46>  >>>> TOTEN
<Jan23-2022> <05:02:33>  >>>> POPAN
<Jan23-2022> <05:02:33>  >>>> DEBYE
<Jan23-2022> <05:02:34>  >>>> ENGRAD
<Jan23-2022> <05:03:50>  current energy                               -2.47307456 Hartree
<Jan23-2022> <05:03:50>  energy change                      -0.00000838     0.00014000    T
<Jan23-2022> <05:03:50>  constrained gradient max            0.00726159     0.00100000    F
<Jan23-2022> <05:03:50>  constrained gradient rms            0.00229374     0.00066667    F
<Jan23-2022> <05:03:50>  gradient max                        0.00726189
<Jan23-2022> <05:03:50>  gradient rms                        0.00229374
<Jan23-2022> <05:03:50>  cart. step max                      0.03436758     0.01000000    F
<Jan23-2022> <05:03:50>  cart. step rms                      0.01089142     0.00666667    F
<Jan23-2022> <05:03:50>  Iteration 13
<Jan23-2022> <05:03:51>  *** GOStep13 ***
<Jan23-2022> <05:03:51>  >>>> FRAGM
<Jan23-2022> <05:03:51>  Coordinates
<Jan23-2022> <05:03:51>     Atom         X           Y           Z   (Angstrom)
<Jan23-2022> <05:03:51>     1.H         0.176449   -1.764594    0.368916
<Jan23-2022> <05:03:51>     2.C        -0.758228    0.180351    0.890382
<Jan23-2022> <05:03:51>     3.C         0.306868   -0.682104    0.324489
<Jan23-2022> <05:03:51>     4.C         1.510426   -0.207065   -0.291791
<Jan23-2022> <05:03:51>     5.O         1.814188    0.989122   -0.425089
<Jan23-2022> <05:03:51>     6.H        -0.458189    1.228583    0.815952
<Jan23-2022> <05:03:51>     7.H        -1.453562   -1.212523    2.438991
<Jan23-2022> <05:03:51>     8.C        -1.124285   -0.172260    2.346656
<Jan23-2022> <05:03:51>     9.H        -0.268153   -0.025510    3.011971
<Jan23-2022> <05:03:51>    10.H        -1.938468    0.471420    2.693889
<Jan23-2022> <05:03:51>    11.H        -1.660610    0.059829    0.272185
<Jan23-2022> <05:03:51>    12.H         2.187946   -0.989833   -0.685317
<Jan23-2022> <05:03:51>    13.I         1.795233    4.327310   -0.031910
<Jan23-2022> <05:03:51>    14.I         1.851474    6.999209    0.289558
<Jan23-2022> <05:03:51>  >>>> CORORT
<Jan23-2022> <05:03:51>  >>>> CLSMAT
<Jan23-2022> <05:03:51>  >>>> ORTHON
<Jan23-2022> <05:03:52>  >>>> GENPT
<Jan23-2022> <05:03:52>  Block Length= 128
<Jan23-2022> <05:03:53>  >>>> PTBAS
<Jan23-2022> <05:04:09>  >>>> CYCLE
<Jan23-2022> <05:04:40>  using orbital data from restart file
<Jan23-2022> <05:05:09>              |Error|         MaxErr       Wt(A-DIIS)
<Jan23-2022> <05:05:09>      1      0.07494862      0.01354180
<Jan23-2022> <05:05:55>      2      0.00530167      0.00053278    100.0
<Jan23-2022> <05:06:42>      3      0.00689888      0.00076648    100.0
<Jan23-2022> <05:07:27>      4      0.00245384      0.00027825      0.0
<Jan23-2022> <05:08:12>      5      0.00098684      0.00011918      0.0
<Jan23-2022> <05:08:59>      6      0.00053685      0.00005923      0.0
<Jan23-2022> <05:09:44>      7      0.00020468      0.00002563      0.0
<Jan23-2022> <05:10:29>      8      0.00005777      0.00000583      0.0
<Jan23-2022> <05:11:15>      9      0.00001531      0.00000105      0.0
<Jan23-2022> <05:12:02>     10      0.00000560      0.00000034      0.0
<Jan23-2022> <05:12:19>  SCF converged
<Jan23-2022> <05:12:48>     11      0.00000194      0.00000011      0.0
<Jan23-2022> <05:13:05>  >>>> TOTEN
<Jan23-2022> <05:13:52>  >>>> POPAN
<Jan23-2022> <05:13:52>  >>>> DEBYE
<Jan23-2022> <05:13:52>  >>>> ENGRAD
<Jan23-2022> <05:15:06>  current energy                               -2.47310378 Hartree
<Jan23-2022> <05:15:06>  energy change                      -0.00002922     0.00014000    T
<Jan23-2022> <05:15:06>  constrained gradient max            0.00439098     0.00100000    F
<Jan23-2022> <05:15:06>  constrained gradient rms            0.00154131     0.00066667    F
<Jan23-2022> <05:15:06>  gradient max                        0.00439262
<Jan23-2022> <05:15:06>  gradient rms                        0.00154131
<Jan23-2022> <05:15:06>  cart. step max                      0.14169377     0.01000000    F
<Jan23-2022> <05:15:06>  cart. step rms                      0.05035937     0.00666667    F
<Jan23-2022> <05:15:06>  Iteration 14
<Jan23-2022> <05:15:06>  *** GOStep14 ***
<Jan23-2022> <05:15:07>  >>>> FRAGM
<Jan23-2022> <05:15:07>  Coordinates
<Jan23-2022> <05:15:07>     Atom         X           Y           Z   (Angstrom)
<Jan23-2022> <05:15:07>     1.H         0.152015   -1.774640    0.391016
<Jan23-2022> <05:15:07>     2.C        -0.736997    0.202321    0.867850
<Jan23-2022> <05:15:07>     3.C         0.306494   -0.696654    0.318452
<Jan23-2022> <05:15:07>     4.C         1.518072   -0.266453   -0.314615
<Jan23-2022> <05:15:07>     5.O         1.855959    0.917665   -0.475261
<Jan23-2022> <05:15:07>     6.H        -0.416481    1.241901    0.765145
<Jan23-2022> <05:15:07>     7.H        -1.447305   -1.135804    2.458631
<Jan23-2022> <05:15:07>     8.C        -1.098063   -0.105161    2.336180
<Jan23-2022> <05:15:07>     9.H        -0.233748    0.041927    2.990587
<Jan23-2022> <05:15:07>    10.H        -1.896500    0.563716    2.672275
<Jan23-2022> <05:15:07>    11.H        -1.646363    0.084042    0.260301
<Jan23-2022> <05:15:07>    12.H         2.176288   -1.075067   -0.686253
<Jan23-2022> <05:15:07>    13.I         1.737938    4.269319    0.022882
<Jan23-2022> <05:15:07>    14.I         1.709780    6.934822    0.411693
<Jan23-2022> <05:15:07>  >>>> CORORT
<Jan23-2022> <05:15:07>  >>>> CLSMAT
<Jan23-2022> <05:15:07>  >>>> ORTHON
<Jan23-2022> <05:15:07>  >>>> GENPT
<Jan23-2022> <05:15:08>  Block Length= 128
<Jan23-2022> <05:15:09>  >>>> PTBAS
<Jan23-2022> <05:15:25>  >>>> CYCLE
<Jan23-2022> <05:15:55>  using orbital data from restart file
<Jan23-2022> <05:16:25>              |Error|         MaxErr       Wt(A-DIIS)
<Jan23-2022> <05:16:25>      1      0.19121342      0.02348124
<Jan23-2022> <05:17:11>      2      0.01243252      0.00089582    100.0
<Jan23-2022> <05:17:58>      3      0.00794871      0.00064723    100.0
<Jan23-2022> <05:18:45>      4      0.00601224      0.00030008      0.0
<Jan23-2022> <05:19:31>      5      0.00320751      0.00037479      0.0
<Jan23-2022> <05:20:17>      6      0.00058215      0.00008135      0.0
<Jan23-2022> <05:21:04>      7      0.00029046      0.00004628      0.0
<Jan23-2022> <05:21:50>      8      0.00010064      0.00001424      0.0
<Jan23-2022> <05:22:37>      9      0.00003940      0.00000347      0.0
<Jan23-2022> <05:23:23>     10      0.00001150      0.00000065      0.0
<Jan23-2022> <05:24:09>     11      0.00000464      0.00000030      0.0
<Jan23-2022> <05:24:25>  SCF converged
<Jan23-2022> <05:24:54>     12      0.00000156      0.00000010      0.0
<Jan23-2022> <05:25:11>  >>>> TOTEN
<Jan23-2022> <05:25:57>  >>>> POPAN
<Jan23-2022> <05:25:57>  >>>> DEBYE
<Jan23-2022> <05:25:58>  >>>> ENGRAD
<Jan23-2022> <05:27:12>  current energy                               -2.47312869 Hartree
<Jan23-2022> <05:27:12>  energy change                      -0.00002491     0.00014000    T
<Jan23-2022> <05:27:12>  constrained gradient max            0.00513151     0.00100000    F
<Jan23-2022> <05:27:12>  constrained gradient rms            0.00163347     0.00066667    F
<Jan23-2022> <05:27:12>  gradient max                        0.00513164
<Jan23-2022> <05:27:12>  gradient rms                        0.00163347
<Jan23-2022> <05:27:12>  cart. step max                      0.05034642     0.01000000    F
<Jan23-2022> <05:27:12>  cart. step rms                      0.01783868     0.00666667    F
<Jan23-2022> <05:27:12>  Iteration 15
<Jan23-2022> <05:27:13>  *** GOStep15 ***
<Jan23-2022> <05:27:13>  >>>> FRAGM
<Jan23-2022> <05:27:13>  Coordinates
<Jan23-2022> <05:27:13>     Atom         X           Y           Z   (Angstrom)
<Jan23-2022> <05:27:13>     1.H         0.169358   -1.784165    0.419455
<Jan23-2022> <05:27:13>     2.C        -0.741613    0.190933    0.860603
<Jan23-2022> <05:27:13>     3.C         0.309732   -0.706135    0.324283
<Jan23-2022> <05:27:13>     4.C         1.510685   -0.273095   -0.327622
<Jan23-2022> <05:27:13>     5.O         1.835905    0.910940   -0.511177
<Jan23-2022> <05:27:13>     6.H        -0.438862    1.232832    0.731218
<Jan23-2022> <05:27:13>     7.H        -1.429762   -1.122736    2.480818
<Jan23-2022> <05:27:13>     8.C        -1.095616   -0.090108    2.335577
<Jan23-2022> <05:27:13>     9.H        -0.231962    0.083192    2.984492
<Jan23-2022> <05:27:13>    10.H        -1.902442    0.574819    2.658900
<Jan23-2022> <05:27:13>    11.H        -1.652733    0.045883    0.258032
<Jan23-2022> <05:27:13>    12.H         2.178356   -1.084796   -0.684288
<Jan23-2022> <05:27:13>    13.I         1.758453    4.282733    0.026550
<Jan23-2022> <05:27:13>    14.I         1.711590    6.941638    0.462039
<Jan23-2022> <05:27:13>  >>>> CORORT
<Jan23-2022> <05:27:13>  >>>> CLSMAT
<Jan23-2022> <05:27:13>  >>>> ORTHON
<Jan23-2022> <05:27:14>  >>>> GENPT
<Jan23-2022> <05:27:14>  Block Length= 128
<Jan23-2022> <05:27:15>  >>>> PTBAS
<Jan23-2022> <05:27:31>  >>>> CYCLE
<Jan23-2022> <05:28:01>  using orbital data from restart file
<Jan23-2022> <05:28:31>              |Error|         MaxErr       Wt(A-DIIS)
<Jan23-2022> <05:28:31>      1      0.10195852      0.01558294
<Jan23-2022> <05:29:18>      2      0.00722293      0.00061653    100.0
<Jan23-2022> <05:30:04>      3      0.00981040      0.00129842    100.0
<Jan23-2022> <05:30:51>      4      0.00303542      0.00039910      0.0
<Jan23-2022> <05:31:38>      5      0.00124847      0.00015203      0.0
<Jan23-2022> <05:32:24>      6      0.00074100      0.00009594      0.0
<Jan23-2022> <05:33:11>      7      0.00041897      0.00004919      0.0
<Jan23-2022> <05:33:58>      8      0.00008109      0.00000796      0.0
<Jan23-2022> <05:34:44>      9      0.00002986      0.00000195      0.0
<Jan23-2022> <05:35:31>     10      0.00000962      0.00000054      0.0
<Jan23-2022> <05:35:47>  SCF converged
<Jan23-2022> <05:36:17>     11      0.00000332      0.00000032      0.0
<Jan23-2022> <05:36:34>  >>>> TOTEN
<Jan23-2022> <05:37:21>  >>>> POPAN
<Jan23-2022> <05:37:21>  >>>> DEBYE
<Jan23-2022> <05:37:21>  >>>> ENGRAD
<Jan23-2022> <05:38:37>  current energy                               -2.47314911 Hartree
<Jan23-2022> <05:38:37>  energy change                      -0.00002042     0.00014000    T
<Jan23-2022> <05:38:37>  constrained gradient max            0.00231913     0.00100000    F
<Jan23-2022> <05:38:37>  constrained gradient rms            0.00069511     0.00066667    F
<Jan23-2022> <05:38:37>  gradient max                        0.00232122
<Jan23-2022> <05:38:37>  gradient rms                        0.00069511
<Jan23-2022> <05:38:37>  cart. step max                      0.02579210     0.01000000    F
<Jan23-2022> <05:38:37>  cart. step rms                      0.00923675     0.00666667    F
<Jan23-2022> <05:38:37>  Iteration 16
<Jan23-2022> <05:38:38>  *** GOStep16 ***
<Jan23-2022> <05:38:38>  >>>> FRAGM
<Jan23-2022> <05:38:38>  Coordinates
<Jan23-2022> <05:38:38>     Atom         X           Y           Z   (Angstrom)
<Jan23-2022> <05:38:38>     1.H         0.164715   -1.785991    0.422628
<Jan23-2022> <05:38:38>     2.C        -0.736279    0.195060    0.857984
<Jan23-2022> <05:38:38>     3.C         0.310078   -0.708954    0.324122
<Jan23-2022> <05:38:38>     4.C         1.513010   -0.283362   -0.329640
<Jan23-2022> <05:38:38>     5.O         1.842568    0.898456   -0.517864
<Jan23-2022> <05:38:38>     6.H        -0.429419    1.235106    0.722849
<Jan23-2022> <05:38:38>     7.H        -1.429730   -1.108445    2.483252
<Jan23-2022> <05:38:38>     8.C        -1.091176   -0.077892    2.333670
<Jan23-2022> <05:38:38>     9.H        -0.226691    0.094099    2.981924
<Jan23-2022> <05:38:38>    10.H        -1.894848    0.591964    2.654562
<Jan23-2022> <05:38:38>    11.H        -1.648290    0.051441    0.256123
<Jan23-2022> <05:38:38>    12.H         2.174942   -1.099690   -0.686684
<Jan23-2022> <05:38:38>    13.I         1.746412    4.272859    0.028497
<Jan23-2022> <05:38:38>    14.I         1.685798    6.927285    0.487460
<Jan23-2022> <05:38:38>  >>>> CORORT
<Jan23-2022> <05:38:38>  >>>> CLSMAT
<Jan23-2022> <05:38:38>  >>>> ORTHON
<Jan23-2022> <05:38:41>  >>>> GENPT
<Jan23-2022> <05:38:41>  Block Length= 128
<Jan23-2022> <05:38:42>  >>>> PTBAS
<Jan23-2022> <05:38:58>  >>>> CYCLE
<Jan23-2022> <05:39:30>  using orbital data from restart file
<Jan23-2022> <05:39:59>              |Error|         MaxErr       Wt(A-DIIS)
<Jan23-2022> <05:39:59>      1      0.04273769      0.00576378
<Jan23-2022> <05:40:46>      2      0.00261566      0.00021087    100.0
<Jan23-2022> <05:41:33>      3      0.00173045      0.00015318    100.0
<Jan23-2022> <05:42:19>      4      0.00111822      0.00008236      0.0
<Jan23-2022> <05:43:06>      5      0.00051588      0.00005913      0.0
<Jan23-2022> <05:43:51>      6      0.00008556      0.00000469      0.0
<Jan23-2022> <05:44:37>      7      0.00002513      0.00000213      0.0
<Jan23-2022> <05:45:23>      8      0.00001276      0.00000079      0.0
<Jan23-2022> <05:46:09>      9      0.00000350      0.00000027      0.0
<Jan23-2022> <05:46:27>  SCF converged
<Jan23-2022> <05:46:56>     10      0.00000259      0.00000035      0.0
<Jan23-2022> <05:47:14>  >>>> TOTEN
<Jan23-2022> <05:48:01>  >>>> POPAN
<Jan23-2022> <05:48:01>  >>>> DEBYE
<Jan23-2022> <05:48:02>  >>>> ENGRAD
<Jan23-2022> <05:49:18>  current energy                               -2.47315095 Hartree
<Jan23-2022> <05:49:18>  energy change                      -0.00000183     0.00014000    T
<Jan23-2022> <05:49:18>  constrained gradient max            0.00160296     0.00100000    F
<Jan23-2022> <05:49:18>  constrained gradient rms            0.00056426     0.00066667    T
<Jan23-2022> <05:49:18>  gradient max                        0.00160438
<Jan23-2022> <05:49:18>  gradient rms                        0.00056426
<Jan23-2022> <05:49:18>  cart. step max                      0.00855732     0.01000000    T
<Jan23-2022> <05:49:18>  cart. step rms                      0.00249961     0.00666667    T
<Jan23-2022> <05:49:18>  Iteration 17
<Jan23-2022> <05:49:18>  *** GOStep17 ***
<Jan23-2022> <05:49:18>  >>>> FRAGM
<Jan23-2022> <05:49:19>  Coordinates
<Jan23-2022> <05:49:19>     Atom         X           Y           Z   (Angstrom)
<Jan23-2022> <05:49:19>     1.H         0.165720   -1.786146    0.421820
<Jan23-2022> <05:49:19>     2.C        -0.737045    0.193880    0.859291
<Jan23-2022> <05:49:19>     3.C         0.309894   -0.708801    0.324483
<Jan23-2022> <05:49:19>     4.C         1.512869   -0.280776   -0.328194
<Jan23-2022> <05:49:19>     5.O         1.840596    0.901693   -0.514930
<Jan23-2022> <05:49:19>     6.H        -0.430860    1.234253    0.724404
<Jan23-2022> <05:49:19>     7.H        -1.430367   -1.111597    2.482374
<Jan23-2022> <05:49:19>     8.C        -1.092404   -0.080654    2.334008
<Jan23-2022> <05:49:19>     9.H        -0.228381    0.090843    2.983081
<Jan23-2022> <05:49:19>    10.H        -1.896519    0.588306    2.655695
<Jan23-2022> <05:49:19>    11.H        -1.648840    0.050351    0.256559
<Jan23-2022> <05:49:19>    12.H         2.176038   -1.095877   -0.685783
<Jan23-2022> <05:49:19>    13.I         1.747335    4.276574    0.019940
<Jan23-2022> <05:49:19>    14.I         1.693052    6.929884    0.486136
<Jan23-2022> <05:49:19>  >>>> CORORT
<Jan23-2022> <05:49:19>  >>>> CLSMAT
<Jan23-2022> <05:49:19>  >>>> ORTHON
<Jan23-2022> <05:49:20>  >>>> GENPT
<Jan23-2022> <05:49:20>  Block Length= 128
<Jan23-2022> <05:49:21>  >>>> PTBAS
<Jan23-2022> <05:49:37>  >>>> CYCLE
<Jan23-2022> <05:50:08>  using orbital data from restart file
<Jan23-2022> <05:50:37>              |Error|         MaxErr       Wt(A-DIIS)
<Jan23-2022> <05:50:37>      1      0.01491208      0.00175787
<Jan23-2022> <05:51:22>      2      0.00086226      0.00006237    100.0
<Jan23-2022> <05:52:07>      3      0.00074842      0.00004139    100.0
<Jan23-2022> <05:52:54>      4      0.00049862      0.00003294      0.0
<Jan23-2022> <05:53:42>      5      0.00010050      0.00001055      0.0
<Jan23-2022> <05:54:28>      6      0.00005309      0.00000676      0.0
<Jan23-2022> <05:55:14>      7      0.00001163      0.00000133      0.0
<Jan23-2022> <05:56:00>      8      0.00000781      0.00000101      0.0
<Jan23-2022> <05:56:46>      9      0.00000265      0.00000037      0.0
<Jan23-2022> <05:57:04>  SCF converged
<Jan23-2022> <05:57:33>     10      0.00000121      0.00000011      0.0
<Jan23-2022> <05:57:51>  >>>> TOTEN
<Jan23-2022> <05:58:38>  >>>> POPAN
<Jan23-2022> <05:58:38>  >>>> DEBYE
<Jan23-2022> <05:58:38>  >>>> ENGRAD
<Jan23-2022> <05:59:55>  current energy                               -2.47315261 Hartree
<Jan23-2022> <05:59:55>  energy change                      -0.00000166     0.00014000    T
<Jan23-2022> <05:59:55>  constrained gradient max            0.00149786     0.00100000    F
<Jan23-2022> <05:59:55>  constrained gradient rms            0.00049045     0.00066667    T
<Jan23-2022> <05:59:55>  gradient max                        0.00149954
<Jan23-2022> <05:59:55>  gradient rms                        0.00049045
<Jan23-2022> <05:59:55>  cart. step max                      0.00475292     0.01000000    T
<Jan23-2022> <05:59:55>  cart. step rms                      0.00138591     0.00666667    T
<Jan23-2022> <05:59:55>  Iteration 18
<Jan23-2022> <05:59:56>  *** GOStep18 ***
<Jan23-2022> <05:59:57>  >>>> FRAGM
<Jan23-2022> <05:59:57>  Coordinates
<Jan23-2022> <05:59:57>     Atom         X           Y           Z   (Angstrom)
<Jan23-2022> <05:59:57>     1.H         0.164301   -1.785811    0.420241
<Jan23-2022> <05:59:57>     2.C        -0.736542    0.194795    0.859806
<Jan23-2022> <05:59:57>     3.C         0.309564   -0.708460    0.324155
<Jan23-2022> <05:59:57>     4.C         1.513377   -0.280897   -0.327523
<Jan23-2022> <05:59:57>     5.O         1.842413    0.901443   -0.512891
<Jan23-2022> <05:59:57>     6.H        -0.428787    1.234891    0.726100
<Jan23-2022> <05:59:57>     7.H        -1.431826   -1.111672    2.481033
<Jan23-2022> <05:59:57>     8.C        -1.092353   -0.081017    2.333858
<Jan23-2022> <05:59:57>     9.H        -0.228207    0.088257    2.983387
<Jan23-2022> <05:59:57>    10.H        -1.895526    0.588581    2.656656
<Jan23-2022> <05:59:57>    11.H        -1.648437    0.053349    0.256525
<Jan23-2022> <05:59:57>    12.H         2.176483   -1.096050   -0.684705
<Jan23-2022> <05:59:57>    13.I         1.744368    4.276043    0.015187
<Jan23-2022> <05:59:57>    14.I         1.692264    6.928481    0.487054
<Jan23-2022> <05:59:57>  >>>> CORORT
<Jan23-2022> <05:59:57>  >>>> CLSMAT
<Jan23-2022> <05:59:57>  >>>> ORTHON
<Jan23-2022> <05:59:57>  >>>> GENPT
<Jan23-2022> <05:59:58>  Block Length= 128
<Jan23-2022> <05:59:59>  >>>> PTBAS
<Jan23-2022> <06:00:15>  >>>> CYCLE
<Jan23-2022> <06:00:45>  using orbital data from restart file
<Jan23-2022> <06:01:15>              |Error|         MaxErr       Wt(A-DIIS)
<Jan23-2022> <06:01:15>      1      0.01011103      0.00136653
<Jan23-2022> <06:02:01>      2      0.00062703      0.00004779    100.0
<Jan23-2022> <06:02:47>      3      0.00041717      0.00003527    100.0
<Jan23-2022> <06:03:33>      4      0.00029420      0.00002332      0.0
<Jan23-2022> <06:04:20>      5      0.00014585      0.00001975      0.0
<Jan23-2022> <06:05:05>      6      0.00004913      0.00000528      0.0
<Jan23-2022> <06:05:52>      7      0.00001889      0.00000247      0.0
<Jan23-2022> <06:06:39>      8      0.00000882      0.00000091      0.0
<Jan23-2022> <06:06:56>  SCF converged
<Jan23-2022> <06:07:25>      9      0.00000165      0.00000012      0.0
<Jan23-2022> <06:07:42>  >>>> TOTEN
<Jan23-2022> <06:08:29>  >>>> POPAN
<Jan23-2022> <06:08:29>  >>>> DEBYE
<Jan23-2022> <06:08:30>  >>>> ENGRAD
<Jan23-2022> <06:09:47>  current energy                               -2.47315306 Hartree
<Jan23-2022> <06:09:47>  energy change                      -0.00000045     0.00014000    T
<Jan23-2022> <06:09:47>  constrained gradient max            0.00154735     0.00100000    F
<Jan23-2022> <06:09:47>  constrained gradient rms            0.00049772     0.00066667    T
<Jan23-2022> <06:09:47>  gradient max                        0.00154856
<Jan23-2022> <06:09:47>  gradient rms                        0.00049772
<Jan23-2022> <06:09:47>  cart. step max                      0.00343412     0.01000000    T
<Jan23-2022> <06:09:47>  cart. step rms                      0.00129641     0.00666667    T
<Jan23-2022> <06:09:47>  Iteration 19
<Jan23-2022> <06:09:47>  *** GOStep19 ***
<Jan23-2022> <06:09:48>  >>>> FRAGM
<Jan23-2022> <06:09:49>  Coordinates
<Jan23-2022> <06:09:49>     Atom         X           Y           Z   (Angstrom)
<Jan23-2022> <06:09:49>     1.H         0.163134   -1.785125    0.418592
<Jan23-2022> <06:09:49>     2.C        -0.736131    0.195735    0.860502
<Jan23-2022> <06:09:49>     3.C         0.309358   -0.707788    0.323865
<Jan23-2022> <06:09:49>     4.C         1.513762   -0.280624   -0.326916
<Jan23-2022> <06:09:49>     5.O         1.844101    0.901584   -0.511002
<Jan23-2022> <06:09:49>     6.H        -0.427051    1.235670    0.728732
<Jan23-2022> <06:09:49>     7.H        -1.433477   -1.112540    2.479416
<Jan23-2022> <06:09:49>     8.C        -1.092613   -0.082080    2.333908
<Jan23-2022> <06:09:49>     9.H        -0.228439    0.084994    2.983988
<Jan23-2022> <06:09:49>    10.H        -1.895034    0.587939    2.657763
<Jan23-2022> <06:09:49>    11.H        -1.647983    0.056383    0.256559
<Jan23-2022> <06:09:49>    12.H         2.176749   -1.095945   -0.684022
<Jan23-2022> <06:09:49>    13.I         1.742948    4.275830    0.011753
<Jan23-2022> <06:09:49>    14.I         1.691766    6.927902    0.485745
<Jan23-2022> <06:09:49>  >>>> CORORT
<Jan23-2022> <06:09:49>  >>>> CLSMAT
<Jan23-2022> <06:09:49>  >>>> ORTHON
<Jan23-2022> <06:09:49>  >>>> GENPT
<Jan23-2022> <06:09:49>  Block Length= 128
<Jan23-2022> <06:09:50>  >>>> PTBAS
<Jan23-2022> <06:10:06>  >>>> CYCLE
<Jan23-2022> <06:10:36>  using orbital data from restart file
<Jan23-2022> <06:11:06>              |Error|         MaxErr       Wt(A-DIIS)
<Jan23-2022> <06:11:06>      1      0.00608401      0.00087126
<Jan23-2022> <06:11:52>      2      0.00039885      0.00004470    100.0
<Jan23-2022> <06:12:38>      3      0.00026570      0.00002880    100.0
<Jan23-2022> <06:13:24>      4      0.00019260      0.00002160      0.0
<Jan23-2022> <06:14:10>      5      0.00008976      0.00001225      0.0
<Jan23-2022> <06:14:57>      6      0.00004924      0.00000569      0.0
<Jan23-2022> <06:15:43>      7      0.00001508      0.00000147      0.0
<Jan23-2022> <06:16:29>      8      0.00000565      0.00000040      0.0
<Jan23-2022> <06:16:46>  SCF converged
<Jan23-2022> <06:17:15>      9      0.00000125      0.00000010      0.0
<Jan23-2022> <06:17:32>  >>>> TOTEN
<Jan23-2022> <06:18:18>  >>>> POPAN
<Jan23-2022> <06:18:18>  >>>> DEBYE
<Jan23-2022> <06:18:19>  >>>> ENGRAD
<Jan23-2022> <06:19:35>  current energy                               -2.47315355 Hartree
<Jan23-2022> <06:19:35>  energy change                      -0.00000049     0.00014000    T
<Jan23-2022> <06:19:35>  constrained gradient max            0.00149458     0.00100000    F
<Jan23-2022> <06:19:35>  constrained gradient rms            0.00048499     0.00066667    T
<Jan23-2022> <06:19:35>  gradient max                        0.00149467
<Jan23-2022> <06:19:35>  gradient rms                        0.00048499
<Jan23-2022> <06:19:35>  cart. step max                      0.00848729     0.01000000    T
<Jan23-2022> <06:19:35>  cart. step rms                      0.00332453     0.00666667    T
<Jan23-2022> <06:19:35>  Iteration 20
<Jan23-2022> <06:19:36>  *** GOStep20 ***
<Jan23-2022> <06:19:36>  >>>> FRAGM
<Jan23-2022> <06:19:36>  Coordinates
<Jan23-2022> <06:19:36>     Atom         X           Y           Z   (Angstrom)
<Jan23-2022> <06:19:36>     1.H         0.159999   -1.783165    0.414315
<Jan23-2022> <06:19:36>     2.C        -0.734672    0.198408    0.862410
<Jan23-2022> <06:19:36>     3.C         0.308988   -0.705931    0.323160
<Jan23-2022> <06:19:36>     4.C         1.514777   -0.280033   -0.325538
<Jan23-2022> <06:19:36>     5.O         1.848638    0.901776   -0.506241
<Jan23-2022> <06:19:36>     6.H        -0.422216    1.237930    0.735885
<Jan23-2022> <06:19:36>     7.H        -1.437901   -1.114773    2.475003
<Jan23-2022> <06:19:36>     8.C        -1.093380   -0.084841    2.334185
<Jan23-2022> <06:19:36>     9.H        -0.229272    0.076507    2.985815
<Jan23-2022> <06:19:36>    10.H        -1.893907    0.586330    2.660420
<Jan23-2022> <06:19:36>    11.H        -1.646255    0.064545    0.256736
<Jan23-2022> <06:19:36>    12.H         2.176667   -1.096073   -0.683500
<Jan23-2022> <06:19:36>    13.I         1.740686    4.274665    0.005808
<Jan23-2022> <06:19:36>    14.I         1.688941    6.926590    0.480426
<Jan23-2022> <06:19:36>  >>>> CORORT
<Jan23-2022> <06:19:36>  >>>> CLSMAT
<Jan23-2022> <06:19:36>  >>>> ORTHON
<Jan23-2022> <06:19:36>  >>>> GENPT
<Jan23-2022> <06:19:37>  Block Length= 128
<Jan23-2022> <06:19:38>  >>>> PTBAS
<Jan23-2022> <06:19:54>  >>>> CYCLE
<Jan23-2022> <06:20:24>  using orbital data from restart file
<Jan23-2022> <06:20:53>              |Error|         MaxErr       Wt(A-DIIS)
<Jan23-2022> <06:20:53>      1      0.01350236      0.00226343
<Jan23-2022> <06:21:40>      2      0.00085053      0.00010749    100.0
<Jan23-2022> <06:22:25>      3      0.00057210      0.00007026    100.0
<Jan23-2022> <06:23:12>      4      0.00040748      0.00004928      0.0
<Jan23-2022> <06:23:58>      5      0.00020499      0.00002791      0.0
<Jan23-2022> <06:24:43>      6      0.00012858      0.00001571      0.0
<Jan23-2022> <06:25:29>      7      0.00003834      0.00000330      0.0
<Jan23-2022> <06:26:16>      8      0.00001166      0.00000089      0.0
<Jan23-2022> <06:27:02>      9      0.00000315      0.00000025      0.0
<Jan23-2022> <06:27:19>  SCF converged
<Jan23-2022> <06:27:48>     10      0.00000102      0.00000007      0.0
<Jan23-2022> <06:28:05>  >>>> TOTEN
<Jan23-2022> <06:28:53>  >>>> POPAN
<Jan23-2022> <06:28:53>  >>>> DEBYE
<Jan23-2022> <06:28:53>  >>>> ENGRAD
<Jan23-2022> <06:30:10>  current energy                               -2.47315469 Hartree
<Jan23-2022> <06:30:10>  energy change                      -0.00000114     0.00014000    T
<Jan23-2022> <06:30:10>  constrained gradient max            0.00153256     0.00100000    F
<Jan23-2022> <06:30:10>  constrained gradient rms            0.00045744     0.00066667    T
<Jan23-2022> <06:30:10>  gradient max                        0.00153265
<Jan23-2022> <06:30:10>  gradient rms                        0.00045744
<Jan23-2022> <06:30:10>  cart. step max                      0.01669855     0.01000000    F
<Jan23-2022> <06:30:10>  cart. step rms                      0.00669431     0.00666667    F
<Jan23-2022> <06:30:10>  Iteration 21
<Jan23-2022> <06:30:11>  *** GOStep21 ***
<Jan23-2022> <06:30:11>  >>>> FRAGM
<Jan23-2022> <06:30:12>  Coordinates
<Jan23-2022> <06:30:12>     Atom         X           Y           Z   (Angstrom)
<Jan23-2022> <06:30:12>     1.H         0.153450   -1.779175    0.405707
<Jan23-2022> <06:30:12>     2.C        -0.731140    0.203967    0.866365
<Jan23-2022> <06:30:12>     3.C         0.308377   -0.702243    0.321782
<Jan23-2022> <06:30:12>     4.C         1.516869   -0.279100   -0.323074
<Jan23-2022> <06:30:12>     5.O         1.857902    0.901823   -0.496649
<Jan23-2022> <06:30:12>     6.H        -0.411906    1.242541    0.750139
<Jan23-2022> <06:30:12>     7.H        -1.446823   -1.118758    2.465976
<Jan23-2022> <06:30:12>     8.C        -1.094922   -0.090018    2.334839
<Jan23-2022> <06:30:12>     9.H        -0.231160    0.059808    2.989677
<Jan23-2022> <06:30:12>    10.H        -1.891652    0.583605    2.665372
<Jan23-2022> <06:30:12>    11.H        -1.642057    0.081194    0.257317
<Jan23-2022> <06:30:12>    12.H         2.175478   -1.096755   -0.684197
<Jan23-2022> <06:30:12>    13.I         1.737759    4.271183   -0.002138
<Jan23-2022> <06:30:12>    14.I         1.680914    6.923861    0.467765
<Jan23-2022> <06:30:13>  >>>> CORORT
<Jan23-2022> <06:30:13>  >>>> CLSMAT
<Jan23-2022> <06:30:13>  >>>> ORTHON
<Jan23-2022> <06:30:13>  >>>> GENPT
<Jan23-2022> <06:30:13>  Block Length= 128
<Jan23-2022> <06:30:14>  >>>> PTBAS
<Jan23-2022> <06:30:30>  >>>> CYCLE
<Jan23-2022> <06:30:59>  using orbital data from restart file
<Jan23-2022> <06:31:28>              |Error|         MaxErr       Wt(A-DIIS)
<Jan23-2022> <06:31:28>      1      0.02908270      0.00467815
<Jan23-2022> <06:32:16>      2      0.00174220      0.00020494    100.0
<Jan23-2022> <06:33:02>      3      0.00118562      0.00013584    100.0
<Jan23-2022> <06:33:48>      4      0.00080459      0.00008943      0.0
<Jan23-2022> <06:34:34>      5      0.00044922      0.00006027      0.0
<Jan23-2022> <06:35:21>      6      0.00024144      0.00002972      0.0
<Jan23-2022> <06:36:07>      7      0.00008722      0.00000796      0.0
<Jan23-2022> <06:36:53>      8      0.00002357      0.00000232      0.0
<Jan23-2022> <06:37:40>      9      0.00000642      0.00000048      0.0
<Jan23-2022> <06:37:57>  SCF converged
<Jan23-2022> <06:38:26>     10      0.00000228      0.00000013      0.0
<Jan23-2022> <06:38:44>  >>>> TOTEN
<Jan23-2022> <06:39:32>  >>>> POPAN
<Jan23-2022> <06:39:32>  >>>> DEBYE
<Jan23-2022> <06:39:32>  >>>> ENGRAD
<Jan23-2022> <06:40:49>  current energy                               -2.47315683 Hartree
<Jan23-2022> <06:40:49>  energy change                      -0.00000214     0.00014000    T
<Jan23-2022> <06:40:49>  constrained gradient max            0.00152042     0.00100000    F
<Jan23-2022> <06:40:49>  constrained gradient rms            0.00043895     0.00066667    T
<Jan23-2022> <06:40:49>  gradient max                        0.00152051
<Jan23-2022> <06:40:49>  gradient rms                        0.00043895
<Jan23-2022> <06:40:49>  cart. step max                      0.03923324     0.01000000    F
<Jan23-2022> <06:40:49>  cart. step rms                      0.01554182     0.00666667    F
<Jan23-2022> <06:40:49>  Iteration 22
<Jan23-2022> <06:40:50>  *** GOStep22 ***
<Jan23-2022> <06:40:50>  >>>> FRAGM
<Jan23-2022> <06:40:50>  Coordinates
<Jan23-2022> <06:40:50>     Atom         X           Y           Z   (Angstrom)
<Jan23-2022> <06:40:50>     1.H         0.137563   -1.769787    0.385887
<Jan23-2022> <06:40:50>     2.C        -0.721729    0.217269    0.875506
<Jan23-2022> <06:40:50>     3.C         0.307085   -0.693970    0.318568
<Jan23-2022> <06:40:50>     4.C         1.521902   -0.278049   -0.318071
<Jan23-2022> <06:40:50>     5.O         1.880032    0.900314   -0.474770
<Jan23-2022> <06:40:50>     6.H        -0.386486    1.252934    0.782047
<Jan23-2022> <06:40:50>     7.H        -1.467205   -1.125426    2.445095
<Jan23-2022> <06:40:50>     8.C        -1.098033   -0.100149    2.336121
<Jan23-2022> <06:40:50>     9.H        -0.235462    0.022936    2.998054
<Jan23-2022> <06:40:50>    10.H        -1.885689    0.579532    2.675937
<Jan23-2022> <06:40:50>    11.H        -1.630943    0.120427    0.259255
<Jan23-2022> <06:40:50>    12.H         2.171135   -1.099698   -0.688355
<Jan23-2022> <06:40:50>    13.I         1.732332    4.260073   -0.014272
<Jan23-2022> <06:40:50>    14.I         1.656590    6.915527    0.437879
<Jan23-2022> <06:40:50>  >>>> CORORT
<Jan23-2022> <06:40:51>  >>>> CLSMAT
<Jan23-2022> <06:40:51>  >>>> ORTHON
<Jan23-2022> <06:40:51>  >>>> GENPT
<Jan23-2022> <06:40:51>  Block Length= 128
<Jan23-2022> <06:40:52>  >>>> PTBAS
<Jan23-2022> <06:41:08>  >>>> CYCLE
<Jan23-2022> <06:41:38>  using orbital data from restart file
<Jan23-2022> <06:42:08>              |Error|         MaxErr       Wt(A-DIIS)
<Jan23-2022> <06:42:08>      1      0.07386842      0.01091817
<Jan23-2022> <06:42:54>      2      0.00451463      0.00044351    100.0
<Jan23-2022> <06:43:40>      3      0.00452873      0.00038922    100.0
<Jan23-2022> <06:44:25>      4      0.00301672      0.00035752      0.0
<Jan23-2022> <06:45:12>      5      0.00128934      0.00016680      0.0
<Jan23-2022> <06:45:57>      6      0.00048368      0.00006107      0.0
<Jan23-2022> <06:46:44>      7      0.00023449      0.00002967      0.0
<Jan23-2022> <06:47:31>      8      0.00006285      0.00000834      0.0
<Jan23-2022> <06:48:18>      9      0.00001956      0.00000143      0.0
<Jan23-2022> <06:49:05>     10      0.00000560      0.00000036      0.0
<Jan23-2022> <06:49:23>  SCF converged
<Jan23-2022> <06:49:52>     11      0.00000205      0.00000015      0.0
<Jan23-2022> <06:50:10>  >>>> TOTEN
<Jan23-2022> <06:50:57>  >>>> POPAN
<Jan23-2022> <06:50:57>  >>>> DEBYE
<Jan23-2022> <06:50:58>  >>>> ENGRAD
<Jan23-2022> <06:52:15>  current energy                               -2.47316170 Hartree
<Jan23-2022> <06:52:15>  energy change                      -0.00000487     0.00014000    T
<Jan23-2022> <06:52:15>  constrained gradient max            0.00165797     0.00100000    F
<Jan23-2022> <06:52:15>  constrained gradient rms            0.00046968     0.00066667    T
<Jan23-2022> <06:52:15>  gradient max                        0.00165788
<Jan23-2022> <06:52:15>  gradient rms                        0.00046968
<Jan23-2022> <06:52:15>  cart. step max                      0.02833726     0.01000000    F
<Jan23-2022> <06:52:15>  cart. step rms                      0.01127672     0.00666667    F
<Jan23-2022> <06:52:15>  Iteration 23
<Jan23-2022> <06:52:16>  *** GOStep23 ***
<Jan23-2022> <06:52:17>  >>>> FRAGM
<Jan23-2022> <06:52:17>  Coordinates
<Jan23-2022> <06:52:17>     Atom         X           Y           Z   (Angstrom)
<Jan23-2022> <06:52:17>     1.H         0.125763   -1.763050    0.372408
<Jan23-2022> <06:52:17>     2.C        -0.713795    0.227128    0.881989
<Jan23-2022> <06:52:17>     3.C         0.306289   -0.688418    0.316316
<Jan23-2022> <06:52:17>     4.C         1.525422   -0.278496   -0.315676
<Jan23-2022> <06:52:17>     5.O         1.896507    0.897435   -0.460009
<Jan23-2022> <06:52:17>     6.H        -0.367087    1.260172    0.803364
<Jan23-2022> <06:52:17>     7.H        -1.481417   -1.127547    2.430510
<Jan23-2022> <06:52:17>     8.C        -1.099835   -0.105347    2.336884
<Jan23-2022> <06:52:17>     9.H        -0.238496   -0.001170    3.003630
<Jan23-2022> <06:52:17>    10.H        -1.880800    0.579075    2.682478
<Jan23-2022> <06:52:17>    11.H        -1.621775    0.148765    0.260992
<Jan23-2022> <06:52:17>    12.H         2.166343   -1.103494   -0.694145
<Jan23-2022> <06:52:17>    13.I         1.731723    4.249373   -0.016243
<Jan23-2022> <06:52:17>    14.I         1.632248    6.907509    0.416385
<Jan23-2022> <06:52:17>  >>>> CORORT
<Jan23-2022> <06:52:17>  >>>> CLSMAT
<Jan23-2022> <06:52:17>  >>>> ORTHON
<Jan23-2022> <06:52:17>  >>>> GENPT
<Jan23-2022> <06:52:18>  Block Length= 128
<Jan23-2022> <06:52:19>  >>>> PTBAS
<Jan23-2022> <06:52:34>  >>>> CYCLE
<Jan23-2022> <06:53:05>  using orbital data from restart file
<Jan23-2022> <06:53:34>              |Error|         MaxErr       Wt(A-DIIS)
<Jan23-2022> <06:53:34>      1      0.06350152      0.00817112
<Jan23-2022> <06:54:21>      2      0.00360345      0.00031650    100.0
<Jan23-2022> <06:55:07>      3      0.00336791      0.00035156    100.0
<Jan23-2022> <06:55:54>      4      0.00333361      0.00039763      0.0
<Jan23-2022> <06:56:40>      5      0.00093312      0.00012168      0.0
<Jan23-2022> <06:57:26>      6      0.00033998      0.00003791      0.0
<Jan23-2022> <06:58:15>      7      0.00016761      0.00002062      0.0
<Jan23-2022> <06:59:02>      8      0.00004707      0.00000569      0.0
<Jan23-2022> <06:59:48>      9      0.00001273      0.00000091      0.0
<Jan23-2022> <07:00:35>     10      0.00000466      0.00000030      0.0
<Jan23-2022> <07:00:51>  SCF converged
<Jan23-2022> <07:01:21>     11      0.00000147      0.00000011      0.0
<Jan23-2022> <07:01:39>  >>>> TOTEN
<Jan23-2022> <07:02:27>  >>>> POPAN
<Jan23-2022> <07:02:27>  >>>> DEBYE
<Jan23-2022> <07:02:27>  >>>> ENGRAD
<Jan23-2022> <07:03:44>  current energy                               -2.47316660 Hartree
<Jan23-2022> <07:03:44>  energy change                      -0.00000490     0.00014000    T
<Jan23-2022> <07:03:44>  constrained gradient max            0.00133750     0.00100000    F
<Jan23-2022> <07:03:44>  constrained gradient rms            0.00043442     0.00066667    T
<Jan23-2022> <07:03:44>  gradient max                        0.00133739
<Jan23-2022> <07:03:44>  gradient rms                        0.00043442
<Jan23-2022> <07:03:44>  cart. step max                      0.07864683     0.01000000    F
<Jan23-2022> <07:03:44>  cart. step rms                      0.03165846     0.00666667    F
<Jan23-2022> <07:03:44>  Iteration 24
<Jan23-2022> <07:03:45>  *** GOStep24 ***
<Jan23-2022> <07:03:45>  >>>> FRAGM
<Jan23-2022> <07:03:45>  Coordinates
<Jan23-2022> <07:03:45>     Atom         X           Y           Z   (Angstrom)
<Jan23-2022> <07:03:45>     1.H         0.092194   -1.743106    0.334233
<Jan23-2022> <07:03:45>     2.C        -0.690928    0.254248    0.899952
<Jan23-2022> <07:03:45>     3.C         0.303678   -0.672949    0.309726
<Jan23-2022> <07:03:45>     4.C         1.535280   -0.280082   -0.309168
<Jan23-2022> <07:03:45>     5.O         1.941019    0.887945   -0.419788
<Jan23-2022> <07:03:45>     6.H        -0.312165    1.278182    0.860482
<Jan23-2022> <07:03:45>     7.H        -1.519231   -1.129122    2.390129
<Jan23-2022> <07:03:45>     8.C        -1.104017   -0.117255    2.338118
<Jan23-2022> <07:03:45>     9.H        -0.247122   -0.065371    3.016567
<Jan23-2022> <07:03:45>    10.H        -1.866049    0.579799    2.699961
<Jan23-2022> <07:03:45>    11.H        -1.594759    0.227412    0.267794
<Jan23-2022> <07:03:45>    12.H         2.152101   -1.112785   -0.711429
<Jan23-2022> <07:03:45>    13.I         1.732601    4.215145   -0.012769
<Jan23-2022> <07:03:45>    14.I         1.558488    6.879873    0.355076
<Jan23-2022> <07:03:45>  >>>> CORORT
<Jan23-2022> <07:03:45>  >>>> CLSMAT
<Jan23-2022> <07:03:45>  >>>> ORTHON
<Jan23-2022> <07:03:45>  >>>> GENPT
<Jan23-2022> <07:03:46>  Block Length= 128
<Jan23-2022> <07:03:47>  >>>> PTBAS
<Jan23-2022> <07:04:03>  >>>> CYCLE
<Jan23-2022> <07:04:34>  using orbital data from restart file
<Jan23-2022> <07:05:03>              |Error|         MaxErr       Wt(A-DIIS)
<Jan23-2022> <07:05:03>      1      0.18801307      0.02211099
<Jan23-2022> <07:05:49>      2      0.01235345      0.00076385    100.0
<Jan23-2022> <07:06:35>      3      0.01279741      0.00067538    100.0
<Jan23-2022> <07:07:20>      4      0.00609365      0.00035518      0.0
<Jan23-2022> <07:08:06>      5      0.00332074      0.00046379      0.0
<Jan23-2022> <07:08:53>      6      0.00089185      0.00012044      0.0
<Jan23-2022> <07:09:41>      7      0.00042257      0.00003766      0.0
<Jan23-2022> <07:10:26>      8      0.00013856      0.00002249      0.0
<Jan23-2022> <07:11:15>      9      0.00005966      0.00000852      0.0
<Jan23-2022> <07:12:02>     10      0.00001309      0.00000092      0.0
<Jan23-2022> <07:12:49>     11      0.00000550      0.00000037      0.0
<Jan23-2022> <07:13:06>  SCF converged
<Jan23-2022> <07:13:36>     12      0.00000216      0.00000015      0.0
<Jan23-2022> <07:13:52>  >>>> TOTEN
<Jan23-2022> <07:14:39>  >>>> POPAN
<Jan23-2022> <07:14:39>  >>>> DEBYE
<Jan23-2022> <07:14:39>  >>>> ENGRAD
<Jan23-2022> <07:15:55>  current energy                               -2.47316920 Hartree
<Jan23-2022> <07:15:55>  energy change                      -0.00000259     0.00014000    T
<Jan23-2022> <07:15:55>  constrained gradient max            0.00096790     0.00100000    T
<Jan23-2022> <07:15:55>  constrained gradient rms            0.00030562     0.00066667    T
<Jan23-2022> <07:15:55>  gradient max                        0.00096632
<Jan23-2022> <07:15:55>  gradient rms                        0.00030562
<Jan23-2022> <07:15:55>  cart. step max                      0.02664251     0.01000000    F
<Jan23-2022> <07:15:55>  cart. step rms                      0.00790842     0.00666667    F
<Jan23-2022> <07:15:55>  Iteration 25
<Jan23-2022> <07:15:56>  *** GOStep25 ***
<Jan23-2022> <07:15:57>  >>>> FRAGM
<Jan23-2022> <07:15:57>  Coordinates
<Jan23-2022> <07:15:57>     Atom         X           Y           Z   (Angstrom)
<Jan23-2022> <07:15:57>     1.H         0.083363   -1.739356    0.326532
<Jan23-2022> <07:15:57>     2.C        -0.684828    0.261033    0.902052
<Jan23-2022> <07:15:57>     3.C         0.302757   -0.670623    0.307722
<Jan23-2022> <07:15:57>     4.C         1.537757   -0.283694   -0.308963
<Jan23-2022> <07:15:57>     5.O         1.952242    0.881763   -0.413382
<Jan23-2022> <07:15:57>     6.H        -0.298259    1.282315    0.867675
<Jan23-2022> <07:15:57>     7.H        -1.525450   -1.123822    2.383299
<Jan23-2022> <07:15:57>     8.C        -1.102838   -0.114740    2.337439
<Jan23-2022> <07:15:57>     9.H        -0.246689   -0.073002    3.017555
<Jan23-2022> <07:15:57>    10.H        -1.860186    0.586002    2.701858
<Jan23-2022> <07:15:57>    11.H        -1.588186    0.244839    0.268563
<Jan23-2022> <07:15:57>    12.H         2.147654   -1.118721   -0.716172
<Jan23-2022> <07:15:57>    13.I         1.731908    4.202096   -0.002075
<Jan23-2022> <07:15:57>    14.I         1.531845    6.867844    0.346780
<Jan23-2022> <07:15:57>  >>>> CORORT
<Jan23-2022> <07:15:57>  >>>> CLSMAT
<Jan23-2022> <07:15:57>  >>>> ORTHON
<Jan23-2022> <07:15:57>  >>>> GENPT
<Jan23-2022> <07:15:57>  Block Length= 128
<Jan23-2022> <07:15:58>  >>>> PTBAS
<Jan23-2022> <07:16:15>  >>>> CYCLE
<Jan23-2022> <07:16:44>  using orbital data from restart file
<Jan23-2022> <07:17:14>              |Error|         MaxErr       Wt(A-DIIS)
<Jan23-2022> <07:17:14>      1      0.05290909      0.00628523
<Jan23-2022> <07:18:00>      2      0.00300760      0.00024865    100.0
<Jan23-2022> <07:18:46>      3      0.00204324      0.00017998    100.0
<Jan23-2022> <07:19:32>      4      0.00125455      0.00009363      0.0
<Jan23-2022> <07:20:19>      5      0.00074124      0.00009503      0.0
<Jan23-2022> <07:21:05>      6      0.00020499      0.00002479      0.0
<Jan23-2022> <07:21:50>      7      0.00010969      0.00001361      0.0
<Jan23-2022> <07:22:37>      8      0.00003661      0.00000424      0.0
<Jan23-2022> <07:23:23>      9      0.00000952      0.00000062      0.0
<Jan23-2022> <07:23:41>  SCF converged
<Jan23-2022> <07:24:11>     10      0.00000367      0.00000023      0.0
<Jan23-2022> <07:24:28>  >>>> TOTEN
<Jan23-2022> <07:25:16>  >>>> POPAN
<Jan23-2022> <07:25:16>  >>>> DEBYE
<Jan23-2022> <07:25:17>  >>>> ENGRAD
<Jan23-2022> <07:26:34>  current energy                               -2.47316767 Hartree
<Jan23-2022> <07:26:34>  energy change                       0.00000152     0.00014000    T
<Jan23-2022> <07:26:34>  constrained gradient max            0.00068127     0.00100000    T
<Jan23-2022> <07:26:34>  constrained gradient rms            0.00017373     0.00066667    T
<Jan23-2022> <07:26:34>  gradient max                        0.00068016
<Jan23-2022> <07:26:34>  gradient rms                        0.00017374
<Jan23-2022> <07:26:34>  cart. step max                      0.00542969     0.01000000    T
<Jan23-2022> <07:26:34>  cart. step rms                      0.00207997     0.00666667    T
<Jan23-2022> <07:26:34>  Geometry optimization converged
<Jan23-2022> <07:26:35>  *** adf ***
<Jan23-2022> <07:26:35>  Net Charge: 0 (Nuclei minus Electrons)
<Jan23-2022> <07:26:35>  Spin polar: 1 (Spin_A minus Spin_B electrons)
<Jan23-2022> <07:26:35>  Symmetry  : NOSYM
<Jan23-2022> <07:26:35>  >>>> FRAGM
<Jan23-2022> <07:26:35>  Coordinates
<Jan23-2022> <07:26:35>     Atom         X           Y           Z   (Angstrom)
<Jan23-2022> <07:26:35>     1.H         0.083363   -1.739356    0.326532
<Jan23-2022> <07:26:35>     2.C        -0.684828    0.261033    0.902052
<Jan23-2022> <07:26:35>     3.C         0.302757   -0.670623    0.307722
<Jan23-2022> <07:26:35>     4.C         1.537757   -0.283694   -0.308963
<Jan23-2022> <07:26:35>     5.O         1.952242    0.881763   -0.413382
<Jan23-2022> <07:26:35>     6.H        -0.298259    1.282315    0.867675
<Jan23-2022> <07:26:35>     7.H        -1.525450   -1.123822    2.383299
<Jan23-2022> <07:26:35>     8.C        -1.102838   -0.114740    2.337439
<Jan23-2022> <07:26:35>     9.H        -0.246689   -0.073002    3.017555
<Jan23-2022> <07:26:35>    10.H        -1.860186    0.586002    2.701858
<Jan23-2022> <07:26:35>    11.H        -1.588186    0.244839    0.268563
<Jan23-2022> <07:26:35>    12.H         2.147654   -1.118721   -0.716172
<Jan23-2022> <07:26:35>    13.I         1.731908    4.202096   -0.002075
<Jan23-2022> <07:26:35>    14.I         1.531845    6.867844    0.346780
<Jan23-2022> <07:26:35>  >>>> CORORT
<Jan23-2022> <07:26:35>  >>>> CLSMAT
<Jan23-2022> <07:26:35>  >>>> ORTHON
<Jan23-2022> <07:26:36>  >>>> GENPT
<Jan23-2022> <07:26:36>  Block Length= 128
<Jan23-2022> <07:26:37>  >>>> PTBAS
<Jan23-2022> <07:26:53>  >>>> CYCLE
<Jan23-2022> <07:27:24>  using orbital data from restart file
<Jan23-2022> <07:27:54>              |Error|         MaxErr       Wt(A-DIIS)
<Jan23-2022> <07:27:54>      1      0.00000102      0.00000009
<Jan23-2022> <07:28:40>      2      0.00000152      0.00000021    100.0
<Jan23-2022> <07:28:57>  SCF converged
<Jan23-2022> <07:29:26>      3      0.00000060      0.00000006    100.0
<Jan23-2022> <07:30:07>  >>>> TOTEN
<Jan23-2022> <07:31:46>  >>>> POPAN
<Jan23-2022> <07:31:46>  >>>> DEBYE
<Jan23-2022> <07:31:46>  >>>> AMETS
<Jan23-2022> <07:31:48>   Bond Energy          -2.47316767 a.u.
<Jan23-2022> <07:31:48>   Bond Energy         -67.29831654 eV
<Jan23-2022> <07:31:48>   Bond Energy       -1551.94       kcal/mol
<Jan23-2022> <07:31:48>  >>>> POPUL
<Jan23-2022> <07:31:49>  >>>> ENGRAD
<Jan23-2022> <07:33:04>  >>>> ENHESS
<Jan23-2022> <07:33:33>  === NUCLEUS:     1
<Jan23-2022> <07:58:31>  === NUCLEUS:     2
<Jan23-2022> <08:21:35>  === NUCLEUS:     3
<Jan23-2022> <08:45:13>  === NUCLEUS:     4
<Jan23-2022> <09:07:03>  === NUCLEUS:     5
<Jan23-2022> <09:29:26>  === NUCLEUS:     6
<Jan23-2022> <09:53:01>  === NUCLEUS:     7
<Jan23-2022> <10:15:58>  === NUCLEUS:     8
<Jan23-2022> <10:41:27>  === NUCLEUS:     9
<Jan23-2022> <11:07:30>  === NUCLEUS:    10
<Jan23-2022> <11:34:16>  === NUCLEUS:    11
<Jan23-2022> <11:58:34>  === NUCLEUS:    12
<Jan23-2022> <12:23:53>  === NUCLEUS:    13
<Jan23-2022> <12:46:34>  === NUCLEUS:    14
<Jan23-2022> <13:08:24>  >>>> CALC_HESS_PMAT
<Jan23-2022> <13:11:55>  >>>> CALC_HESS_WMAT
<Jan23-2022> <13:12:20>  Scanning mode: 7
<Jan23-2022> <13:12:20>  *** SCANMODE_forward_adf_ScanMode_7 ***
<Jan23-2022> <13:12:21>  >>>> FRAGM
<Jan23-2022> <13:12:21>  Coordinates
<Jan23-2022> <13:12:21>     Atom         X           Y           Z   (Angstrom)
<Jan23-2022> <13:12:21>     1.H         0.083289   -1.739371    0.326387
<Jan23-2022> <13:12:21>     2.C        -0.684825    0.260994    0.902096
<Jan23-2022> <13:12:21>     3.C         0.302717   -0.670644    0.307665
<Jan23-2022> <13:12:21>     4.C         1.537716   -0.283701   -0.309014
<Jan23-2022> <13:12:21>     5.O         1.952233    0.881753   -0.413345
<Jan23-2022> <13:12:21>     6.H        -0.298210    1.282263    0.867823
<Jan23-2022> <13:12:21>     7.H        -1.525505   -1.123976    2.383202
<Jan23-2022> <13:12:21>     8.C        -1.102847   -0.114908    2.337445
<Jan23-2022> <13:12:21>     9.H        -0.246694   -0.073281    3.017563
<Jan23-2022> <13:12:21>    10.H        -1.860161    0.585830    2.701940
<Jan23-2022> <13:12:21>    11.H        -1.588185    0.244907    0.268608
<Jan23-2022> <13:12:21>    12.H         2.147579   -1.118712   -0.716304
<Jan23-2022> <13:12:21>    13.I         1.731912    4.202107   -0.002047
<Jan23-2022> <13:12:21>    14.I         1.531852    6.867862    0.346753
<Jan23-2022> <13:12:21>  >>>> CORORT
<Jan23-2022> <13:12:21>  >>>> CLSMAT
<Jan23-2022> <13:12:21>  >>>> ORTHON
<Jan23-2022> <13:12:21>  >>>> GENPT
<Jan23-2022> <13:12:22>  Block Length= 128
<Jan23-2022> <13:12:23>  >>>> PTBAS
<Jan23-2022> <13:12:55>  >>>> CYCLE
<Jan23-2022> <13:13:44>  using orbital data from restart file
<Jan23-2022> <13:14:43>              |Error|         MaxErr       Wt(A-DIIS)
<Jan23-2022> <13:14:43>      1      0.00027794      0.00005159
<Jan23-2022> <13:16:15>      2      0.00001639      0.00000149    100.0
<Jan23-2022> <13:17:47>      3      0.00001426      0.00000081    100.0
<Jan23-2022> <13:19:19>      4      0.00001477      0.00000160      0.0
<Jan23-2022> <13:20:52>      5      0.00000540      0.00000076      0.0
<Jan23-2022> <13:21:25>  SCF converged
<Jan23-2022> <13:22:24>      6      0.00000151      0.00000015      0.0
<Jan23-2022> <13:22:58>  >>>> TOTEN
<Jan23-2022> <13:24:32>  >>>> POPAN
<Jan23-2022> <13:24:32>  >>>> DEBYE
<Jan23-2022> <13:24:32>  >>>> ENGRAD
<Jan23-2022> <13:43:36>  Scanning mode: 8
<Jan23-2022> <13:43:37>  *** SCANMODE_forward_adf_ScanMode_8 ***
<Jan23-2022> <13:43:37>  >>>> FRAGM
<Jan23-2022> <13:43:38>  Coordinates
<Jan23-2022> <13:43:38>     Atom         X           Y           Z   (Angstrom)
<Jan23-2022> <13:43:38>     1.H         0.083499   -1.739476    0.326652
<Jan23-2022> <13:43:38>     2.C        -0.684854    0.260896    0.902017
<Jan23-2022> <13:43:38>     3.C         0.302815   -0.670728    0.307776
<Jan23-2022> <13:43:38>     4.C         1.537804   -0.283748   -0.308902
<Jan23-2022> <13:43:38>     5.O         1.952204    0.881733   -0.413382
<Jan23-2022> <13:43:38>     6.H        -0.298363    1.282206    0.867568
<Jan23-2022> <13:43:38>     7.H        -1.525392   -1.123911    2.383356
<Jan23-2022> <13:43:38>     8.C        -1.102859   -0.114798    2.337425
<Jan23-2022> <13:43:38>     9.H        -0.246726   -0.072940    3.017553
<Jan23-2022> <13:43:38>    10.H        -1.860269    0.585911    2.701777
<Jan23-2022> <13:43:38>    11.H        -1.588200    0.244582    0.268513
<Jan23-2022> <13:43:38>    12.H         2.147771   -1.118756   -0.716042
<Jan23-2022> <13:43:38>    13.I         1.731873    4.202117   -0.002089
<Jan23-2022> <13:43:38>    14.I         1.531879    6.867866    0.346787
<Jan23-2022> <13:43:38>  >>>> CORORT
<Jan23-2022> <13:43:38>  >>>> CLSMAT
<Jan23-2022> <13:43:38>  >>>> ORTHON
<Jan23-2022> <13:43:38>  >>>> GENPT
<Jan23-2022> <13:43:38>  Block Length= 128
<Jan23-2022> <13:43:40>  >>>> PTBAS
<Jan23-2022> <13:44:12>  >>>> CYCLE
<Jan23-2022> <13:45:02>  using orbital data from restart file
<Jan23-2022> <13:46:00>              |Error|         MaxErr       Wt(A-DIIS)
<Jan23-2022> <13:46:00>      1      0.00030823      0.00005171
<Jan23-2022> <13:47:33>      2      0.00001836      0.00000155    100.0
<Jan23-2022> <13:49:06>      3      0.00001995      0.00000235    100.0
<Jan23-2022> <13:50:37>      4      0.00001650      0.00000240      0.0
<Jan23-2022> <13:52:08>      5      0.00000583      0.00000077      0.0
<Jan23-2022> <13:52:43>  SCF converged
<Jan23-2022> <13:53:41>      6      0.00000254      0.00000032      0.0
<Jan23-2022> <13:54:15>  >>>> TOTEN
<Jan23-2022> <13:55:49>  >>>> POPAN
<Jan23-2022> <13:55:49>  >>>> DEBYE
<Jan23-2022> <13:55:49>  >>>> ENGRAD
<Jan23-2022> <14:14:57>  PES point character: Geometry corresponds to a local minimum on the PES.
<Jan23-2022> <14:14:57>  Geometry optimization successful!
<Jan23-2022> <14:14:57>  WARNING: total elapsed time is much higher than the (CPU+system) time.
<Jan23-2022> <14:14:57>  Make sure the machine is not oversubscribed and has enough memory, SCM_TMPDIR points to a fast file system, and the network is fast enough.
<Jan23-2022> <14:14:57>  NORMAL TERMINATION
