<Jan27-2022> <12:30:37>  AMS 2021.102  RunTime: Jan27-2022 12:30:37  ShM Nodes: 1  Procs: 4
<Jan27-2022> <12:30:38>  ADF 2021.102  RunTime: Jan27-2022 12:30:38  ShM Nodes: 1  Procs: 4
<Jan27-2022> <12:30:38>  *** (NO TITLE) ***
<Jan27-2022> <12:30:38>  Iteration 1
<Jan27-2022> <12:30:38>  DIRAC 2021.102  RunTime: Jan27-2022 12:30:38  ShM Nodes: 1  Procs: 1
<Jan27-2022> <12:30:38>  Hydrogen (TZ2P)
<Jan27-2022> <12:30:38>  Net Charge: 0 (Nuclei minus Electrons)
<Jan27-2022> <12:30:38>  Symmetry  : ATOM
<Jan27-2022> <12:30:38>  Coordinates
<Jan27-2022> <12:30:38>     Atom         X           Y           Z   (Angstrom)
<Jan27-2022> <12:30:38>     1.H         0.000000    0.000000    0.000000
<Jan27-2022> <12:30:38>  >>>> CORORT
<Jan27-2022> <12:30:39>  >>>> CLSMAT
<Jan27-2022> <12:30:39>  >>>> ORTHON
<Jan27-2022> <12:30:39>  >>>> GENPT
<Jan27-2022> <12:30:39>  Block Length=  64
<Jan27-2022> <12:30:39>  >>>> PTBAS
<Jan27-2022> <12:30:39>  >>>> CYCLE
<Jan27-2022> <12:30:39>              |Error|         MaxErr       Wt(A-DIIS)
<Jan27-2022> <12:30:39>      1      0.00000000      0.00000000
<Jan27-2022> <12:30:39>      2      0.03080019      0.02591482
<Jan27-2022> <12:30:39>      3      0.01140383      0.01135775    100.0
<Jan27-2022> <12:30:39>      4      0.00327656      0.00327407      2.3
<Jan27-2022> <12:30:39>      5      0.00010041      0.00009754      0.0
<Jan27-2022> <12:30:39>      6      0.00000525      0.00000504      0.0
<Jan27-2022> <12:30:39>      7      0.00000007      0.00000007      0.0
<Jan27-2022> <12:30:39>      8      0.00000000      0.00000000      0.0
<Jan27-2022> <12:30:39>  SCF converged
<Jan27-2022> <12:30:39>      9      0.00000000      0.00000000      0.0
<Jan27-2022> <12:30:39>  >>>> POPAN
<Jan27-2022> <12:30:39>  >>>> DEBYE
<Jan27-2022> <12:30:39>  DIRAC 2021.102  RunTime: Jan27-2022 12:30:39  ShM Nodes: 1  Procs: 1
<Jan27-2022> <12:30:40>  Carbon (TZ2P)
<Jan27-2022> <12:30:40>  Net Charge: 0 (Nuclei minus Electrons)
<Jan27-2022> <12:30:40>  Symmetry  : ATOM
<Jan27-2022> <12:30:40>  Coordinates
<Jan27-2022> <12:30:40>     Atom         X           Y           Z   (Angstrom)
<Jan27-2022> <12:30:40>     1.C         0.000000    0.000000    0.000000
<Jan27-2022> <12:30:40>  >>>> CORORT
<Jan27-2022> <12:30:40>  >>>> CLSMAT
<Jan27-2022> <12:30:40>  >>>> ORTHON
<Jan27-2022> <12:30:40>  >>>> GENPT
<Jan27-2022> <12:30:40>  Block Length=  72
<Jan27-2022> <12:30:40>  >>>> PTBAS
<Jan27-2022> <12:30:40>  >>>> CYCLE
<Jan27-2022> <12:30:40>              |Error|         MaxErr       Wt(A-DIIS)
<Jan27-2022> <12:30:40>      1      0.00000000      0.00000000
<Jan27-2022> <12:30:40>      2      4.48405934      3.32161898    100.0
<Jan27-2022> <12:30:40>      3      1.60718414      1.28408746    100.0
<Jan27-2022> <12:30:40>      4      0.76426456      0.62272052    100.0
<Jan27-2022> <12:30:40>      5      0.36119063      0.28553990    100.0
<Jan27-2022> <12:30:40>      6      0.14821424      0.11559867    100.0
<Jan27-2022> <12:30:40>      7      0.10108424      0.07867111     78.5
<Jan27-2022> <12:30:40>      8      0.01786531      0.01387049     13.0
<Jan27-2022> <12:30:40>      9      0.00195746      0.00153262      0.5
<Jan27-2022> <12:30:40>     10      0.00001058      0.00000730      0.0
<Jan27-2022> <12:30:40>     11      0.00000047      0.00000027      0.0
<Jan27-2022> <12:30:40>     12      0.00000003      0.00000002      0.0
<Jan27-2022> <12:30:41>     13      0.00000000      0.00000000      0.0
<Jan27-2022> <12:30:41>  SCF converged
<Jan27-2022> <12:30:41>     14      0.00000000      0.00000000      0.0
<Jan27-2022> <12:30:41>  >>>> POPAN
<Jan27-2022> <12:30:41>  >>>> DEBYE
<Jan27-2022> <12:30:41>  DIRAC 2021.102  RunTime: Jan27-2022 12:30:41  ShM Nodes: 1  Procs: 1
<Jan27-2022> <12:30:41>  Oxygen (TZ2P)
<Jan27-2022> <12:30:41>  Net Charge: 0 (Nuclei minus Electrons)
<Jan27-2022> <12:30:41>  Symmetry  : ATOM
<Jan27-2022> <12:30:41>  Coordinates
<Jan27-2022> <12:30:41>     Atom         X           Y           Z   (Angstrom)
<Jan27-2022> <12:30:41>     1.O         0.000000    0.000000    0.000000
<Jan27-2022> <12:30:41>  >>>> CORORT
<Jan27-2022> <12:30:41>  >>>> CLSMAT
<Jan27-2022> <12:30:41>  >>>> ORTHON
<Jan27-2022> <12:30:41>  >>>> GENPT
<Jan27-2022> <12:30:41>  Block Length=  68
<Jan27-2022> <12:30:41>  >>>> PTBAS
<Jan27-2022> <12:30:41>  >>>> CYCLE
<Jan27-2022> <12:30:42>              |Error|         MaxErr       Wt(A-DIIS)
<Jan27-2022> <12:30:42>      1      0.00000000      0.00000000
<Jan27-2022> <12:30:42>      2      8.77210307      5.53374266    100.0
<Jan27-2022> <12:30:42>      3      3.60058093      2.49154808    100.0
<Jan27-2022> <12:30:42>      4      1.20505529      0.62472425    100.0
<Jan27-2022> <12:30:42>      5      1.46502638      0.81213311    100.0
<Jan27-2022> <12:30:42>      6      0.15089362      0.09131786     91.2
<Jan27-2022> <12:30:42>      7      0.14397311      0.08251182     82.3
<Jan27-2022> <12:30:42>      8      0.00183259      0.00123681      0.2
<Jan27-2022> <12:30:42>      9      0.00015629      0.00008105      0.0
<Jan27-2022> <12:30:42>     10      0.00001324      0.00000629      0.0
<Jan27-2022> <12:30:42>     11      0.00000006      0.00000003      0.0
<Jan27-2022> <12:30:42>     12      0.00000000      0.00000000      0.0
<Jan27-2022> <12:30:42>  SCF converged
<Jan27-2022> <12:30:42>     13      0.00000000      0.00000000      0.0
<Jan27-2022> <12:30:42>  >>>> POPAN
<Jan27-2022> <12:30:42>  >>>> DEBYE
<Jan27-2022> <12:30:42>  *** GOStep1 ***
<Jan27-2022> <12:30:42>  >>>> FRAGM
<Jan27-2022> <12:30:43>  Coordinates
<Jan27-2022> <12:30:43>     Atom         X           Y           Z   (Angstrom)
<Jan27-2022> <12:30:43>     1.H         0.090394   -1.809885   -0.515559
<Jan27-2022> <12:30:43>     2.C        -0.907818   -0.007713   -0.049435
<Jan27-2022> <12:30:43>     3.C         0.182665   -0.752196   -0.265123
<Jan27-2022> <12:30:43>     4.C         1.559289   -0.220140   -0.182914
<Jan27-2022> <12:30:43>     5.O         2.583976   -0.852705   -0.383666
<Jan27-2022> <12:30:43>     6.H        -0.824316    1.044913    0.202426
<Jan27-2022> <12:30:43>     7.C        -4.891755   -1.709302   -0.325787
<Jan27-2022> <12:30:43>     8.C        -4.116377   -1.924500    0.820406
<Jan27-2022> <12:30:43>     9.C        -2.831088   -1.375537    0.909562
<Jan27-2022> <12:30:43>    10.C        -2.321176   -0.611376   -0.147475
<Jan27-2022> <12:30:43>    11.C        -3.096553   -0.396178   -1.293667
<Jan27-2022> <12:30:43>    12.C        -4.381843   -0.945141   -1.382824
<Jan27-2022> <12:30:43>    13.H        -4.506575   -2.509256    1.629278
<Jan27-2022> <12:30:43>    14.H        -2.237748   -1.540212    1.786659
<Jan27-2022> <12:30:43>    15.H        -2.706355    0.188578   -2.102540
<Jan27-2022> <12:30:43>    16.H        -4.975182   -0.780466   -2.259921
<Jan27-2022> <12:30:43>    17.H        -5.875292   -2.129384   -0.394012
<Jan27-2022> <12:30:43>    18.H         1.618468    0.815477    0.079567
<Jan27-2022> <12:30:43>  >>>> CORORT
<Jan27-2022> <12:30:43>  >>>> CLSMAT
<Jan27-2022> <12:30:43>  >>>> ORTHON
<Jan27-2022> <12:30:43>  >>>> GENPT
<Jan27-2022> <12:30:43>  Block Length= 128
<Jan27-2022> <12:30:45>  >>>> PTBAS
<Jan27-2022> <12:31:14>  >>>> CYCLE
<Jan27-2022> <12:32:22>              |Error|         MaxErr       Wt(A-DIIS)
<Jan27-2022> <12:32:22>      1      7.57487941      1.05170399
<Jan27-2022> <12:33:06>      2      1.09085694      0.17307490    100.0
<Jan27-2022> <12:33:50>      3      0.62149405      0.07301907    100.0
<Jan27-2022> <12:34:37>      4      0.82514326      0.11271856    100.0
<Jan27-2022> <12:35:22>      5      0.14117381      0.03550546     34.9
<Jan27-2022> <12:36:07>      6      0.17595418      0.05301466    100.0
<Jan27-2022> <12:36:52>      7      0.04770383      0.01142344     10.5
<Jan27-2022> <12:37:37>      8      0.01544135      0.00284749      1.9
<Jan27-2022> <12:38:22>      9      0.00385049      0.00051702      0.0
<Jan27-2022> <12:39:07>     10      0.00058736      0.00006180      0.0
<Jan27-2022> <12:39:52>     11      0.00020207      0.00002449      0.0
<Jan27-2022> <12:40:37>     12      0.00007636      0.00000871      0.0
<Jan27-2022> <12:41:22>     13      0.00003439      0.00000368      0.0
<Jan27-2022> <12:42:05>     14      0.00000553      0.00000085      0.0
<Jan27-2022> <12:42:20>  SCF converged
<Jan27-2022> <12:42:51>     15      0.00000336      0.00000031      0.0
<Jan27-2022> <12:43:06>  >>>> TOTEN
<Jan27-2022> <12:44:02>  >>>> POPAN
<Jan27-2022> <12:44:02>  >>>> DEBYE
<Jan27-2022> <12:44:02>  >>>> ENGRAD
<Jan27-2022> <12:45:57>  current energy                               -4.10575044 Hartree
<Jan27-2022> <12:45:57>  energy change                      -4.10575044     0.00018000    F
<Jan27-2022> <12:45:57>  constrained gradient max            0.05392037     0.00100000    F
<Jan27-2022> <12:45:57>  constrained gradient rms            0.01808021     0.00066667    F
<Jan27-2022> <12:45:57>  gradient max                        0.05392037
<Jan27-2022> <12:45:57>  gradient rms                        0.01808021
<Jan27-2022> <12:45:57>  cart. step max                      0.09209044     0.01000000    F
<Jan27-2022> <12:45:57>  cart. step rms                      0.03032046     0.00666667    F
<Jan27-2022> <12:45:57>  Iteration 2
<Jan27-2022> <12:45:58>  *** GOStep2 ***
<Jan27-2022> <12:45:58>  >>>> FRAGM
<Jan27-2022> <12:45:58>  Coordinates
<Jan27-2022> <12:45:58>     Atom         X           Y           Z   (Angstrom)
<Jan27-2022> <12:45:58>     1.H         0.146463   -1.862208   -0.451139
<Jan27-2022> <12:45:58>     2.C        -0.909583   -0.056634   -0.082455
<Jan27-2022> <12:45:58>     3.C         0.201576   -0.793638   -0.244015
<Jan27-2022> <12:45:58>     4.C         1.549471   -0.201385   -0.163236
<Jan27-2022> <12:45:58>     5.O         2.584564   -0.826920   -0.319301
<Jan27-2022> <12:45:58>     6.H        -0.829661    1.012955    0.110336
<Jan27-2022> <12:45:58>     7.C        -4.896550   -1.690592   -0.317897
<Jan27-2022> <12:45:58>     8.C        -4.110199   -1.924044    0.811709
<Jan27-2022> <12:45:58>     9.C        -2.819851   -1.394738    0.891120
<Jan27-2022> <12:45:58>    10.C        -2.308833   -0.627746   -0.162512
<Jan27-2022> <12:45:58>    11.C        -3.106827   -0.378381   -1.285492
<Jan27-2022> <12:45:58>    12.C        -4.391662   -0.919632   -1.366903
<Jan27-2022> <12:45:58>    13.H        -4.497958   -2.521299    1.627566
<Jan27-2022> <12:45:58>    14.H        -2.211851   -1.580992    1.767001
<Jan27-2022> <12:45:58>    15.H        -2.719040    0.217178   -2.102181
<Jan27-2022> <12:45:58>    16.H        -4.996073   -0.741032   -2.247522
<Jan27-2022> <12:45:58>    17.H        -5.894742   -2.105820   -0.380333
<Jan27-2022> <12:45:58>    18.H         1.573469    0.879905    0.040231
<Jan27-2022> <12:45:58>  >>>> CORORT
<Jan27-2022> <12:45:58>  >>>> CLSMAT
<Jan27-2022> <12:45:58>  >>>> ORTHON
<Jan27-2022> <12:46:00>  >>>> GENPT
<Jan27-2022> <12:46:01>  Block Length= 128
<Jan27-2022> <12:46:02>  >>>> PTBAS
<Jan27-2022> <12:46:31>  >>>> CYCLE
<Jan27-2022> <12:47:06>  using orbital data from restart file
<Jan27-2022> <12:47:36>              |Error|         MaxErr       Wt(A-DIIS)
<Jan27-2022> <12:47:36>      1      0.21078003      0.03977382
<Jan27-2022> <12:48:22>      2      0.02689066      0.00378851    100.0
<Jan27-2022> <12:49:06>      3      0.03678082      0.00469779    100.0
<Jan27-2022> <12:49:51>      4      0.00804769      0.00130188      0.3
<Jan27-2022> <12:50:35>      5      0.00501339      0.00101248      0.0
<Jan27-2022> <12:51:21>      6      0.00096881      0.00022125      0.0
<Jan27-2022> <12:52:06>      7      0.00046371      0.00010550      0.0
<Jan27-2022> <12:52:52>      8      0.00016164      0.00002911      0.0
<Jan27-2022> <12:53:38>      9      0.00008151      0.00001992      0.0
<Jan27-2022> <12:54:23>     10      0.00002355      0.00000512      0.0
<Jan27-2022> <12:55:10>     11      0.00000606      0.00000087      0.0
<Jan27-2022> <12:55:25>  SCF converged
<Jan27-2022> <12:55:56>     12      0.00000183      0.00000018      0.0
<Jan27-2022> <12:56:12>  >>>> TOTEN
<Jan27-2022> <12:57:10>  >>>> POPAN
<Jan27-2022> <12:57:10>  >>>> DEBYE
<Jan27-2022> <12:57:10>  >>>> ENGRAD
<Jan27-2022> <12:59:08>  current energy                               -4.10972826 Hartree
<Jan27-2022> <12:59:08>  energy change                      -0.00397783     0.00018000    F
<Jan27-2022> <12:59:08>  constrained gradient max            0.03062728     0.00100000    F
<Jan27-2022> <12:59:08>  constrained gradient rms            0.00833379     0.00066667    F
<Jan27-2022> <12:59:08>  gradient max                        0.03062728
<Jan27-2022> <12:59:08>  gradient rms                        0.00833379
<Jan27-2022> <12:59:08>  cart. step max                      0.21179454     0.01000000    F
<Jan27-2022> <12:59:08>  cart. step rms                      0.06775349     0.00666667    F
<Jan27-2022> <12:59:08>  Iteration 3
<Jan27-2022> <12:59:08>  *** GOStep3 ***
<Jan27-2022> <12:59:08>  >>>> FRAGM
<Jan27-2022> <12:59:09>  Coordinates
<Jan27-2022> <12:59:09>     Atom         X           Y           Z   (Angstrom)
<Jan27-2022> <12:59:09>     1.H         0.211229   -1.918108   -0.243480
<Jan27-2022> <12:59:09>     2.C        -0.912923   -0.108307   -0.162911
<Jan27-2022> <12:59:09>     3.C         0.222136   -0.831262   -0.188737
<Jan27-2022> <12:59:09>     4.C         1.539052   -0.177799   -0.144486
<Jan27-2022> <12:59:09>     5.O         2.597645   -0.781559   -0.125482
<Jan27-2022> <12:59:09>     6.H        -0.836139    0.981168   -0.101459
<Jan27-2022> <12:59:09>     7.C        -4.910106   -1.658183   -0.295878
<Jan27-2022> <12:59:09>     8.C        -4.083216   -1.949007    0.787170
<Jan27-2022> <12:59:09>     9.C        -2.779042   -1.457078    0.829195
<Jan27-2022> <12:59:09>    10.C        -2.288175   -0.656700   -0.211500
<Jan27-2022> <12:59:09>    11.C        -3.127568   -0.366471   -1.296511
<Jan27-2022> <12:59:09>    12.C        -4.427872   -0.865809   -1.336781
<Jan27-2022> <12:59:09>    13.H        -4.454857   -2.561226    1.610259
<Jan27-2022> <12:59:09>    14.H        -2.139066   -1.685699    1.681371
<Jan27-2022> <12:59:09>    15.H        -2.761740    0.258169   -2.112179
<Jan27-2022> <12:59:09>    16.H        -5.068494   -0.632493   -2.188580
<Jan27-2022> <12:59:09>    17.H        -5.929052   -2.046270   -0.328367
<Jan27-2022> <12:59:09>    18.H         1.510899    0.941614   -0.046667
<Jan27-2022> <12:59:09>  >>>> CORORT
<Jan27-2022> <12:59:09>  >>>> CLSMAT
<Jan27-2022> <12:59:09>  >>>> ORTHON
<Jan27-2022> <12:59:09>  >>>> GENPT
<Jan27-2022> <12:59:10>  Block Length= 128
<Jan27-2022> <12:59:11>  >>>> PTBAS
<Jan27-2022> <12:59:40>  >>>> CYCLE
<Jan27-2022> <13:00:16>  using orbital data from restart file
<Jan27-2022> <13:00:47>              |Error|         MaxErr       Wt(A-DIIS)
<Jan27-2022> <13:00:47>      1      0.48294579      0.17592586
<Jan27-2022> <13:01:32>      2      0.09238372      0.01575796    100.0
<Jan27-2022> <13:02:19>      3      0.16973798      0.03686698    100.0
<Jan27-2022> <13:03:04>      4      0.04185183      0.00663073      5.7
<Jan27-2022> <13:03:51>      5      0.02027618      0.00548022      4.5
<Jan27-2022> <13:04:38>      6      0.00751473      0.00153213      0.5
<Jan27-2022> <13:05:24>      7      0.00111576      0.00024191      0.0
<Jan27-2022> <13:06:10>      8      0.00067069      0.00009516      0.0
<Jan27-2022> <13:06:56>      9      0.00016278      0.00001374      0.0
<Jan27-2022> <13:07:42>     10      0.00005269      0.00000599      0.0
<Jan27-2022> <13:08:28>     11      0.00001231      0.00000126      0.0
<Jan27-2022> <13:09:15>     12      0.00000621      0.00000070      0.0
<Jan27-2022> <13:09:30>  SCF converged
<Jan27-2022> <13:10:01>     13      0.00000220      0.00000026      0.0
<Jan27-2022> <13:10:15>  >>>> TOTEN
<Jan27-2022> <13:11:13>  >>>> POPAN
<Jan27-2022> <13:11:13>  >>>> DEBYE
<Jan27-2022> <13:11:13>  >>>> ENGRAD
<Jan27-2022> <13:13:10>  current energy                               -4.11151667 Hartree
<Jan27-2022> <13:13:10>  energy change                      -0.00178841     0.00018000    F
<Jan27-2022> <13:13:10>  constrained gradient max            0.01789811     0.00100000    F
<Jan27-2022> <13:13:10>  constrained gradient rms            0.00424881     0.00066667    F
<Jan27-2022> <13:13:10>  gradient max                        0.01789811
<Jan27-2022> <13:13:10>  gradient rms                        0.00424881
<Jan27-2022> <13:13:10>  cart. step max                      0.20900156     0.01000000    F
<Jan27-2022> <13:13:10>  cart. step rms                      0.05899096     0.00666667    F
<Jan27-2022> <13:13:10>  Iteration 4
<Jan27-2022> <13:13:11>  *** GOStep4 ***
<Jan27-2022> <13:13:11>  >>>> FRAGM
<Jan27-2022> <13:13:11>  Coordinates
<Jan27-2022> <13:13:11>     Atom         X           Y           Z   (Angstrom)
<Jan27-2022> <13:13:11>     1.H         0.244269   -1.936762   -0.034479
<Jan27-2022> <13:13:11>     2.C        -0.914408   -0.149608   -0.214307
<Jan27-2022> <13:13:11>     3.C         0.231264   -0.852281   -0.110153
<Jan27-2022> <13:13:11>     4.C         1.528192   -0.164825   -0.086378
<Jan27-2022> <13:13:11>     5.O         2.601716   -0.736078   -0.010281
<Jan27-2022> <13:13:11>     6.H        -0.829941    0.941360   -0.288695
<Jan27-2022> <13:13:11>     7.C        -4.916846   -1.638269   -0.285443
<Jan27-2022> <13:13:11>     8.C        -4.064892   -1.976448    0.762088
<Jan27-2022> <13:13:11>     9.C        -2.753627   -1.507018    0.783373
<Jan27-2022> <13:13:11>    10.C        -2.273805   -0.674729   -0.240106
<Jan27-2022> <13:13:11>    11.C        -3.144031   -0.339706   -1.290379
<Jan27-2022> <13:13:11>    12.C        -4.449923   -0.819305   -1.311521
<Jan27-2022> <13:13:11>    13.H        -4.423443   -2.610550    1.580762
<Jan27-2022> <13:13:11>    14.H        -2.093028   -1.772994    1.614389
<Jan27-2022> <13:13:11>    15.H        -2.792188    0.310539   -2.098495
<Jan27-2022> <13:13:11>    16.H        -5.111169   -0.545201   -2.141258
<Jan27-2022> <13:13:11>    17.H        -5.947072   -2.010200   -0.301611
<Jan27-2022> <13:13:11>    18.H         1.471647    0.967051   -0.202528
<Jan27-2022> <13:13:11>  >>>> CORORT
<Jan27-2022> <13:13:11>  >>>> CLSMAT
<Jan27-2022> <13:13:11>  >>>> ORTHON
<Jan27-2022> <13:13:11>  >>>> GENPT
<Jan27-2022> <13:13:12>  Block Length= 128
<Jan27-2022> <13:13:13>  >>>> PTBAS
<Jan27-2022> <13:13:42>  >>>> CYCLE
<Jan27-2022> <13:14:18>  using orbital data from restart file
<Jan27-2022> <13:14:49>              |Error|         MaxErr       Wt(A-DIIS)
<Jan27-2022> <13:14:49>      1      0.31127078      0.05953549
<Jan27-2022> <13:15:36>      2      0.06071340      0.00890021    100.0
<Jan27-2022> <13:16:22>      3      0.11009520      0.02664883    100.0
<Jan27-2022> <13:17:08>      4      0.02548800      0.00600988      5.1
<Jan27-2022> <13:17:53>      5      0.01358772      0.00321542      2.2
<Jan27-2022> <13:18:40>      6      0.00561254      0.00151474      0.5
<Jan27-2022> <13:19:25>      7      0.00104766      0.00016405      0.0
<Jan27-2022> <13:20:11>      8      0.00048476      0.00004790      0.0
<Jan27-2022> <13:20:57>      9      0.00015161      0.00001231      0.0
<Jan27-2022> <13:21:43>     10      0.00004428      0.00000456      0.0
<Jan27-2022> <13:22:29>     11      0.00001325      0.00000135      0.0
<Jan27-2022> <13:23:15>     12      0.00000633      0.00000059      0.0
<Jan27-2022> <13:23:30>  SCF converged
<Jan27-2022> <13:24:01>     13      0.00000220      0.00000030      0.0
<Jan27-2022> <13:24:16>  >>>> TOTEN
<Jan27-2022> <13:25:14>  >>>> POPAN
<Jan27-2022> <13:25:14>  >>>> DEBYE
<Jan27-2022> <13:25:14>  >>>> ENGRAD
<Jan27-2022> <13:27:13>  current energy                               -4.11268725 Hartree
<Jan27-2022> <13:27:13>  energy change                      -0.00117058     0.00018000    F
<Jan27-2022> <13:27:13>  constrained gradient max            0.02006501     0.00100000    F
<Jan27-2022> <13:27:13>  constrained gradient rms            0.00736415     0.00066667    F
<Jan27-2022> <13:27:13>  gradient max                        0.02006501
<Jan27-2022> <13:27:13>  gradient rms                        0.00736415
<Jan27-2022> <13:27:13>  cart. step max                      0.21301821     0.01000000    F
<Jan27-2022> <13:27:13>  cart. step rms                      0.05769585     0.00666667    F
<Jan27-2022> <13:27:13>  Iteration 5
<Jan27-2022> <13:27:14>  *** GOStep5 ***
<Jan27-2022> <13:27:14>  >>>> FRAGM
<Jan27-2022> <13:27:14>  Coordinates
<Jan27-2022> <13:27:14>     Atom         X           Y           Z   (Angstrom)
<Jan27-2022> <13:27:14>     1.H         0.244627   -1.919344    0.178539
<Jan27-2022> <13:27:14>     2.C        -0.912611   -0.173465   -0.263821
<Jan27-2022> <13:27:14>     3.C         0.230447   -0.853533   -0.033991
<Jan27-2022> <13:27:14>     4.C         1.523995   -0.163812   -0.070984
<Jan27-2022> <13:27:14>     5.O         2.597673   -0.708296    0.115575
<Jan27-2022> <13:27:14>     6.H        -0.809323    0.893963   -0.499058
<Jan27-2022> <13:27:14>     7.C        -4.918197   -1.633171   -0.279426
<Jan27-2022> <13:27:14>     8.C        -4.044173   -2.007288    0.737285
<Jan27-2022> <13:27:14>     9.C        -2.732080   -1.542238    0.744726
<Jan27-2022> <13:27:14>    10.C        -2.267829   -0.677900   -0.261912
<Jan27-2022> <13:27:14>    11.C        -3.169626   -0.293222   -1.270564
<Jan27-2022> <13:27:14>    12.C        -4.472271   -0.778588   -1.285977
<Jan27-2022> <13:27:14>    13.H        -4.384619   -2.670967    1.541738
<Jan27-2022> <13:27:14>    14.H        -2.053588   -1.837788    1.552442
<Jan27-2022> <13:27:14>    15.H        -2.833844    0.382309   -2.066462
<Jan27-2022> <13:27:14>    16.H        -5.149257   -0.478482   -2.095363
<Jan27-2022> <13:27:14>    17.H        -5.950425   -2.003126   -0.285696
<Jan27-2022> <13:27:14>    18.H         1.463814    0.949925   -0.332074
<Jan27-2022> <13:27:14>  >>>> CORORT
<Jan27-2022> <13:27:14>  >>>> CLSMAT
<Jan27-2022> <13:27:14>  >>>> ORTHON
<Jan27-2022> <13:27:15>  >>>> GENPT
<Jan27-2022> <13:27:15>  Block Length= 128
<Jan27-2022> <13:27:17>  >>>> PTBAS
<Jan27-2022> <13:27:45>  >>>> CYCLE
<Jan27-2022> <13:28:21>  using orbital data from restart file
<Jan27-2022> <13:28:52>              |Error|         MaxErr       Wt(A-DIIS)
<Jan27-2022> <13:28:52>      1      0.34995356      0.10723806
<Jan27-2022> <13:29:38>      2      0.06799228      0.00838363    100.0
<Jan27-2022> <13:30:24>      3      0.11953812      0.01561976    100.0
<Jan27-2022> <13:31:11>      4      0.02498306      0.00438005      3.4
<Jan27-2022> <13:31:57>      5      0.00973732      0.00237846      1.4
<Jan27-2022> <13:32:43>      6      0.00532987      0.00130511      0.3
<Jan27-2022> <13:33:30>      7      0.00111431      0.00020509      0.0
<Jan27-2022> <13:34:15>      8      0.00042194      0.00005490      0.0
<Jan27-2022> <13:35:02>      9      0.00015223      0.00001545      0.0
<Jan27-2022> <13:35:48>     10      0.00005205      0.00000549      0.0
<Jan27-2022> <13:36:34>     11      0.00001345      0.00000133      0.0
<Jan27-2022> <13:37:20>     12      0.00000609      0.00000074      0.0
<Jan27-2022> <13:37:36>  SCF converged
<Jan27-2022> <13:38:07>     13      0.00000247      0.00000026      0.0
<Jan27-2022> <13:38:23>  >>>> TOTEN
<Jan27-2022> <13:39:21>  >>>> POPAN
<Jan27-2022> <13:39:21>  >>>> DEBYE
<Jan27-2022> <13:39:21>  >>>> ENGRAD
<Jan27-2022> <13:41:19>  current energy                               -4.11420637 Hartree
<Jan27-2022> <13:41:19>  energy change                      -0.00151912     0.00018000    F
<Jan27-2022> <13:41:19>  constrained gradient max            0.02438824     0.00100000    F
<Jan27-2022> <13:41:19>  constrained gradient rms            0.00894710     0.00066667    F
<Jan27-2022> <13:41:19>  gradient max                        0.02438824
<Jan27-2022> <13:41:20>  gradient rms                        0.00894710
<Jan27-2022> <13:41:20>  cart. step max                      0.21770366     0.01000000    F
<Jan27-2022> <13:41:20>  cart. step rms                      0.05855970     0.00666667    F
<Jan27-2022> <13:41:20>  Iteration 6
<Jan27-2022> <13:41:20>  *** GOStep6 ***
<Jan27-2022> <13:41:20>  >>>> FRAGM
<Jan27-2022> <13:41:20>  Coordinates
<Jan27-2022> <13:41:20>     Atom         X           Y           Z   (Angstrom)
<Jan27-2022> <13:41:20>     1.H         0.227376   -1.860900    0.396243
<Jan27-2022> <13:41:20>     2.C        -0.907560   -0.187867   -0.314103
<Jan27-2022> <13:41:20>     3.C         0.225886   -0.833796    0.039692
<Jan27-2022> <13:41:20>     4.C         1.526876   -0.166947   -0.060823
<Jan27-2022> <13:41:20>     5.O         2.592718   -0.676650    0.237477
<Jan27-2022> <13:41:20>     6.H        -0.783992    0.832343   -0.698335
<Jan27-2022> <13:41:20>     7.C        -4.919888   -1.633366   -0.276063
<Jan27-2022> <13:41:20>     8.C        -4.024183   -2.044294    0.709421
<Jan27-2022> <13:41:20>     9.C        -2.712595   -1.579212    0.705589
<Jan27-2022> <13:41:20>    10.C        -2.266173   -0.681251   -0.282771
<Jan27-2022> <13:41:20>    11.C        -3.194228   -0.253634   -1.252560
<Jan27-2022> <13:41:20>    12.C        -4.496612   -0.739427   -1.259830
<Jan27-2022> <13:41:20>    13.H        -4.348021   -2.732960    1.496161
<Jan27-2022> <13:41:20>    14.H        -2.020877   -1.897969    1.489659
<Jan27-2022> <13:41:20>    15.H        -2.875912    0.450632   -2.027461
<Jan27-2022> <13:41:20>    16.H        -5.189855   -0.409605   -2.039997
<Jan27-2022> <13:41:20>    17.H        -5.950358   -2.000955   -0.272732
<Jan27-2022> <13:41:20>    18.H         1.480110    0.900837   -0.464591
<Jan27-2022> <13:41:20>  >>>> CORORT
<Jan27-2022> <13:41:21>  >>>> CLSMAT
<Jan27-2022> <13:41:21>  >>>> ORTHON
<Jan27-2022> <13:41:21>  >>>> GENPT
<Jan27-2022> <13:41:21>  Block Length= 128
<Jan27-2022> <13:41:23>  >>>> PTBAS
<Jan27-2022> <13:41:52>  >>>> CYCLE
<Jan27-2022> <13:42:28>  using orbital data from restart file
<Jan27-2022> <13:42:59>              |Error|         MaxErr       Wt(A-DIIS)
<Jan27-2022> <13:42:59>      1      0.35436842      0.10715620
<Jan27-2022> <13:43:45>      2      0.07441032      0.00833908    100.0
<Jan27-2022> <13:44:32>      3      0.14119408      0.01694952    100.0
<Jan27-2022> <13:45:18>      4      0.03002080      0.00410064      3.1
<Jan27-2022> <13:46:04>      5      0.00851853      0.00146136      0.5
<Jan27-2022> <13:46:50>      6      0.00366779      0.00068887      0.0
<Jan27-2022> <13:47:37>      7      0.00119749      0.00022630      0.0
<Jan27-2022> <13:48:23>      8      0.00050193      0.00010175      0.0
<Jan27-2022> <13:49:10>      9      0.00015449      0.00001758      0.0
<Jan27-2022> <13:49:56>     10      0.00005038      0.00000556      0.0
<Jan27-2022> <13:50:41>     11      0.00001246      0.00000122      0.0
<Jan27-2022> <13:51:27>     12      0.00000575      0.00000064      0.0
<Jan27-2022> <13:51:42>  SCF converged
<Jan27-2022> <13:52:14>     13      0.00000233      0.00000030      0.0
<Jan27-2022> <13:52:29>  >>>> TOTEN
<Jan27-2022> <13:53:26>  >>>> POPAN
<Jan27-2022> <13:53:27>  >>>> DEBYE
<Jan27-2022> <13:53:27>  >>>> ENGRAD
<Jan27-2022> <13:55:24>  current energy                               -4.11610835 Hartree
<Jan27-2022> <13:55:24>  energy change                      -0.00190198     0.00018000    F
<Jan27-2022> <13:55:24>  constrained gradient max            0.02098934     0.00100000    F
<Jan27-2022> <13:55:24>  constrained gradient rms            0.00742382     0.00066667    F
<Jan27-2022> <13:55:24>  gradient max                        0.02098934
<Jan27-2022> <13:55:24>  gradient rms                        0.00742382
<Jan27-2022> <13:55:24>  cart. step max                      0.22105295     0.01000000    F
<Jan27-2022> <13:55:24>  cart. step rms                      0.06335127     0.00666667    F
<Jan27-2022> <13:55:24>  Iteration 7
<Jan27-2022> <13:55:24>  *** GOStep7 ***
<Jan27-2022> <13:55:24>  >>>> FRAGM
<Jan27-2022> <13:55:24>  Coordinates
<Jan27-2022> <13:55:24>     Atom         X           Y           Z   (Angstrom)
<Jan27-2022> <13:55:24>     1.H         0.210840   -1.760324    0.617296
<Jan27-2022> <13:55:24>     2.C        -0.898762   -0.211722   -0.368448
<Jan27-2022> <13:55:24>     3.C         0.222859   -0.797116    0.112164
<Jan27-2022> <13:55:24>     4.C         1.531194   -0.159921   -0.049148
<Jan27-2022> <13:55:24>     5.O         2.585706   -0.616661    0.358792
<Jan27-2022> <13:55:24>     6.H        -0.758380    0.733290   -0.903337
<Jan27-2022> <13:55:24>     7.C        -4.926237   -1.625395   -0.269493
<Jan27-2022> <13:55:24>     8.C        -4.009745   -2.083107    0.678981
<Jan27-2022> <13:55:24>     9.C        -2.695842   -1.627552    0.663100
<Jan27-2022> <13:55:24>    10.C        -2.263553   -0.696995   -0.304170
<Jan27-2022> <13:55:24>    11.C        -3.212234   -0.223657   -1.233876
<Jan27-2022> <13:55:24>    12.C        -4.520760   -0.694165   -1.227163
<Jan27-2022> <13:55:24>    13.H        -4.320980   -2.797780    1.441592
<Jan27-2022> <13:55:24>    14.H        -1.994647   -1.978128    1.419072
<Jan27-2022> <13:55:24>    15.H        -2.905901    0.506198   -1.984336
<Jan27-2022> <13:55:24>    16.H        -5.229253   -0.327316   -1.970504
<Jan27-2022> <13:55:24>    17.H        -5.955172   -1.985384   -0.256754
<Jan27-2022> <13:55:24>    18.H         1.503579    0.830713   -0.598793
<Jan27-2022> <13:55:24>  >>>> CORORT
<Jan27-2022> <13:55:25>  >>>> CLSMAT
<Jan27-2022> <13:55:25>  >>>> ORTHON
<Jan27-2022> <13:55:25>  >>>> GENPT
<Jan27-2022> <13:55:25>  Block Length= 128
<Jan27-2022> <13:55:27>  >>>> PTBAS
<Jan27-2022> <13:55:55>  >>>> CYCLE
<Jan27-2022> <13:56:32>  using orbital data from restart file
<Jan27-2022> <13:57:02>              |Error|         MaxErr       Wt(A-DIIS)
<Jan27-2022> <13:57:02>      1      0.37785929      0.10205453
<Jan27-2022> <13:57:48>      2      0.08503434      0.00893127    100.0
<Jan27-2022> <13:58:34>      3      0.16642966      0.01901625    100.0
<Jan27-2022> <13:59:20>      4      0.03683516      0.00456280      3.6
<Jan27-2022> <14:00:07>      5      0.00966754      0.00148517      0.5
<Jan27-2022> <14:00:53>      6      0.00412463      0.00059180      0.0
<Jan27-2022> <14:01:39>      7      0.00137820      0.00026702      0.0
<Jan27-2022> <14:02:25>      8      0.00057501      0.00012439      0.0
<Jan27-2022> <14:03:11>      9      0.00018074      0.00002146      0.0
<Jan27-2022> <14:03:56>     10      0.00005379      0.00000565      0.0
<Jan27-2022> <14:04:43>     11      0.00001469      0.00000159      0.0
<Jan27-2022> <14:05:27>     12      0.00000528      0.00000054      0.0
<Jan27-2022> <14:05:43>  SCF converged
<Jan27-2022> <14:06:14>     13      0.00000226      0.00000028      0.0
<Jan27-2022> <14:06:29>  >>>> TOTEN
<Jan27-2022> <14:07:27>  >>>> POPAN
<Jan27-2022> <14:07:27>  >>>> DEBYE
<Jan27-2022> <14:07:27>  >>>> ENGRAD
<Jan27-2022> <14:09:25>  current energy                               -4.11764694 Hartree
<Jan27-2022> <14:09:25>  energy change                      -0.00153859     0.00018000    F
<Jan27-2022> <14:09:25>  constrained gradient max            0.01305442     0.00100000    F
<Jan27-2022> <14:09:25>  constrained gradient rms            0.00443010     0.00066667    F
<Jan27-2022> <14:09:25>  gradient max                        0.01305442
<Jan27-2022> <14:09:25>  gradient rms                        0.00443010
<Jan27-2022> <14:09:25>  cart. step max                      0.21793675     0.01000000    F
<Jan27-2022> <14:09:25>  cart. step rms                      0.06620289     0.00666667    F
<Jan27-2022> <14:09:25>  Iteration 8
<Jan27-2022> <14:09:25>  *** GOStep8 ***
<Jan27-2022> <14:09:26>  >>>> FRAGM
<Jan27-2022> <14:09:26>  Coordinates
<Jan27-2022> <14:09:26>     Atom         X           Y           Z   (Angstrom)
<Jan27-2022> <14:09:26>     1.H         0.203071   -1.619509    0.835233
<Jan27-2022> <14:09:26>     2.C        -0.886762   -0.257503   -0.418656
<Jan27-2022> <14:09:26>     3.C         0.223389   -0.751792    0.179783
<Jan27-2022> <14:09:26>     4.C         1.532847   -0.138430   -0.041466
<Jan27-2022> <14:09:26>     5.O         2.576579   -0.516299    0.466069
<Jan27-2022> <14:09:26>     6.H        -0.735907    0.604987   -1.073053
<Jan27-2022> <14:09:26>     7.C        -4.937286   -1.606250   -0.259766
<Jan27-2022> <14:09:26>     8.C        -4.004648   -2.120630    0.645349
<Jan27-2022> <14:09:26>     9.C        -2.683684   -1.690381    0.614560
<Jan27-2022> <14:09:26>    10.C        -2.256557   -0.729952   -0.327092
<Jan27-2022> <14:09:26>    11.C        -3.218779   -0.206467   -1.215871
<Jan27-2022> <14:09:26>    12.C        -4.538353   -0.646118   -1.190930
<Jan27-2022> <14:09:26>    13.H        -4.311776   -2.858140    1.384264
<Jan27-2022> <14:09:26>    14.H        -1.975791   -2.088024    1.336694
<Jan27-2022> <14:09:26>    15.H        -2.915904    0.544758   -1.943264
<Jan27-2022> <14:09:26>    16.H        -5.258303   -0.234995   -1.895735
<Jan27-2022> <14:09:26>    17.H        -5.970809   -1.945319   -0.232591
<Jan27-2022> <14:09:26>    18.H         1.521384    0.745043   -0.738553
<Jan27-2022> <14:09:26>  >>>> CORORT
<Jan27-2022> <14:09:26>  >>>> CLSMAT
<Jan27-2022> <14:09:26>  >>>> ORTHON
<Jan27-2022> <14:09:26>  >>>> GENPT
<Jan27-2022> <14:09:27>  Block Length= 128
<Jan27-2022> <14:09:29>  >>>> PTBAS
<Jan27-2022> <14:09:58>  >>>> CYCLE
<Jan27-2022> <14:10:35>  using orbital data from restart file
<Jan27-2022> <14:11:05>              |Error|         MaxErr       Wt(A-DIIS)
<Jan27-2022> <14:11:05>      1      0.39486261      0.08924326
<Jan27-2022> <14:11:52>      2      0.08851983      0.00948254    100.0
<Jan27-2022> <14:12:37>      3      0.17427281      0.02000055    100.0
<Jan27-2022> <14:13:24>      4      0.03910108      0.00430408      3.3
<Jan27-2022> <14:14:11>      5      0.00949488      0.00108263      0.1
<Jan27-2022> <14:14:56>      6      0.00391349      0.00053838      0.0
<Jan27-2022> <14:15:43>      7      0.00116876      0.00021772      0.0
<Jan27-2022> <14:16:28>      8      0.00063166      0.00011392      0.0
<Jan27-2022> <14:17:14>      9      0.00019233      0.00003410      0.0
<Jan27-2022> <14:18:00>     10      0.00006260      0.00000987      0.0
<Jan27-2022> <14:18:46>     11      0.00001667      0.00000182      0.0
<Jan27-2022> <14:19:31>     12      0.00000590      0.00000056      0.0
<Jan27-2022> <14:19:46>  SCF converged
<Jan27-2022> <14:20:17>     13      0.00000300      0.00000028      0.0
<Jan27-2022> <14:20:33>  >>>> TOTEN
<Jan27-2022> <14:21:29>  >>>> POPAN
<Jan27-2022> <14:21:29>  >>>> DEBYE
<Jan27-2022> <14:21:29>  >>>> ENGRAD
<Jan27-2022> <14:23:27>  current energy                               -4.11835796 Hartree
<Jan27-2022> <14:23:27>  energy change                      -0.00071103     0.00018000    F
<Jan27-2022> <14:23:27>  constrained gradient max            0.01005251     0.00100000    F
<Jan27-2022> <14:23:27>  constrained gradient rms            0.00264240     0.00066667    F
<Jan27-2022> <14:23:27>  gradient max                        0.01005251
<Jan27-2022> <14:23:27>  gradient rms                        0.00264240
<Jan27-2022> <14:23:27>  cart. step max                      0.12207044     0.01000000    F
<Jan27-2022> <14:23:27>  cart. step rms                      0.04561249     0.00666667    F
<Jan27-2022> <14:23:27>  Iteration 9
<Jan27-2022> <14:23:27>  *** GOStep9 ***
<Jan27-2022> <14:23:27>  >>>> FRAGM
<Jan27-2022> <14:23:27>  Coordinates
<Jan27-2022> <14:23:27>     Atom         X           Y           Z   (Angstrom)
<Jan27-2022> <14:23:27>     1.H         0.197819   -1.511206    0.957303
<Jan27-2022> <14:23:27>     2.C        -0.874546   -0.292672   -0.452458
<Jan27-2022> <14:23:27>     3.C         0.224226   -0.715598    0.216316
<Jan27-2022> <14:23:27>     4.C         1.534415   -0.114417   -0.031484
<Jan27-2022> <14:23:27>     5.O         2.567992   -0.435324    0.535100
<Jan27-2022> <14:23:27>     6.H        -0.716845    0.496330   -1.189843
<Jan27-2022> <14:23:27>     7.C        -4.949265   -1.581261   -0.241529
<Jan27-2022> <14:23:27>     8.C        -4.006311   -2.139974    0.628084
<Jan27-2022> <14:23:27>     9.C        -2.678088   -1.735673    0.580549
<Jan27-2022> <14:23:27>    10.C        -2.253183   -0.757181   -0.343230
<Jan27-2022> <14:23:27>    11.C        -3.219138   -0.205543   -1.209811
<Jan27-2022> <14:23:27>    12.C        -4.550265   -0.610491   -1.160909
<Jan27-2022> <14:23:27>    13.H        -4.311602   -2.897953    1.343702
<Jan27-2022> <14:23:27>    14.H        -1.964985   -2.184751    1.262952
<Jan27-2022> <14:23:27>    15.H        -2.913768    0.549356   -1.929286
<Jan27-2022> <14:23:28>    16.H        -5.275011   -0.171878   -1.840593
<Jan27-2022> <14:23:28>    17.H        -5.985490   -1.904539   -0.203248
<Jan27-2022> <14:23:28>    18.H         1.536758    0.697755   -0.796638
<Jan27-2022> <14:23:28>  >>>> CORORT
<Jan27-2022> <14:23:28>  >>>> CLSMAT
<Jan27-2022> <14:23:28>  >>>> ORTHON
<Jan27-2022> <14:23:28>  >>>> GENPT
<Jan27-2022> <14:23:28>  Block Length= 128
<Jan27-2022> <14:23:30>  >>>> PTBAS
<Jan27-2022> <14:23:58>  >>>> CYCLE
<Jan27-2022> <14:24:36>  using orbital data from restart file
<Jan27-2022> <14:25:06>              |Error|         MaxErr       Wt(A-DIIS)
<Jan27-2022> <14:25:06>      1      0.26811091      0.06314822
<Jan27-2022> <14:25:52>      2      0.04379702      0.00538801    100.0
<Jan27-2022> <14:26:38>      3      0.07142592      0.00694181    100.0
<Jan27-2022> <14:27:24>      4      0.01624243      0.00243278      1.4
<Jan27-2022> <14:28:10>      5      0.00770551      0.00166766      0.7
<Jan27-2022> <14:28:56>      6      0.00354307      0.00071138      0.0
<Jan27-2022> <14:29:41>      7      0.00088479      0.00012903      0.0
<Jan27-2022> <14:30:28>      8      0.00028845      0.00003849      0.0
<Jan27-2022> <14:31:14>      9      0.00007659      0.00000743      0.0
<Jan27-2022> <14:32:00>     10      0.00004179      0.00000414      0.0
<Jan27-2022> <14:32:46>     11      0.00000949      0.00000102      0.0
<Jan27-2022> <14:33:31>     12      0.00000331      0.00000033      0.0
<Jan27-2022> <14:33:46>  SCF converged
<Jan27-2022> <14:34:17>     13      0.00000121      0.00000014      0.0
<Jan27-2022> <14:34:32>  >>>> TOTEN
<Jan27-2022> <14:35:30>  >>>> POPAN
<Jan27-2022> <14:35:30>  >>>> DEBYE
<Jan27-2022> <14:35:31>  >>>> ENGRAD
<Jan27-2022> <14:37:28>  current energy                               -4.11856610 Hartree
<Jan27-2022> <14:37:28>  energy change                      -0.00020814     0.00018000    F
<Jan27-2022> <14:37:28>  constrained gradient max            0.00207184     0.00100000    F
<Jan27-2022> <14:37:28>  constrained gradient rms            0.00106232     0.00066667    F
<Jan27-2022> <14:37:28>  gradient max                        0.00207184
<Jan27-2022> <14:37:28>  gradient rms                        0.00106232
<Jan27-2022> <14:37:28>  cart. step max                      0.07385453     0.01000000    F
<Jan27-2022> <14:37:28>  cart. step rms                      0.02497573     0.00666667    F
<Jan27-2022> <14:37:28>  Iteration 10
<Jan27-2022> <14:37:29>  *** GOStep10 ***
<Jan27-2022> <14:37:29>  >>>> FRAGM
<Jan27-2022> <14:37:29>  Coordinates
<Jan27-2022> <14:37:29>     Atom         X           Y           Z   (Angstrom)
<Jan27-2022> <14:37:29>     1.H         0.181658   -1.439645    1.031158
<Jan27-2022> <14:37:29>     2.C        -0.870290   -0.313212   -0.468695
<Jan27-2022> <14:37:29>     3.C         0.218137   -0.694958    0.239649
<Jan27-2022> <14:37:29>     4.C         1.531144   -0.107910   -0.026800
<Jan27-2022> <14:37:29>     5.O         2.556523   -0.397786    0.570644
<Jan27-2022> <14:37:29>     6.H        -0.707842    0.452393   -1.229940
<Jan27-2022> <14:37:29>     7.C        -4.949905   -1.575574   -0.236989
<Jan27-2022> <14:37:29>     8.C        -4.001410   -2.154953    0.612284
<Jan27-2022> <14:37:29>     9.C        -2.670153   -1.762456    0.553650
<Jan27-2022> <14:37:29>    10.C        -2.248459   -0.773403   -0.359404
<Jan27-2022> <14:37:29>    11.C        -3.219501   -0.201270   -1.206152
<Jan27-2022> <14:37:29>    12.C        -4.553013   -0.596658   -1.147954
<Jan27-2022> <14:37:29>    13.H        -4.306460   -2.916159    1.326259
<Jan27-2022> <14:37:29>    14.H        -1.954088   -2.224832    1.225707
<Jan27-2022> <14:37:29>    15.H        -2.916800    0.564335   -1.916893
<Jan27-2022> <14:37:29>    16.H        -5.283026   -0.139038   -1.811008
<Jan27-2022> <14:37:29>    17.H        -5.990827   -1.885110   -0.184586
<Jan27-2022> <14:37:29>    18.H         1.547025    0.651213   -0.845952
<Jan27-2022> <14:37:29>  >>>> CORORT
<Jan27-2022> <14:37:29>  >>>> CLSMAT
<Jan27-2022> <14:37:29>  >>>> ORTHON
<Jan27-2022> <14:37:29>  >>>> GENPT
<Jan27-2022> <14:37:30>  Block Length= 128
<Jan27-2022> <14:37:31>  >>>> PTBAS
<Jan27-2022> <14:38:00>  >>>> CYCLE
<Jan27-2022> <14:38:36>  using orbital data from restart file
<Jan27-2022> <14:39:06>              |Error|         MaxErr       Wt(A-DIIS)
<Jan27-2022> <14:39:06>      1      0.14811791      0.02968358
<Jan27-2022> <14:39:52>      2      0.01785787      0.00250596    100.0
<Jan27-2022> <14:40:37>      3      0.02280649      0.00262569    100.0
<Jan27-2022> <14:41:22>      4      0.00796724      0.00096945      0.0
<Jan27-2022> <14:42:09>      5      0.00225741      0.00030075      0.0
<Jan27-2022> <14:42:55>      6      0.00105293      0.00018651      0.0
<Jan27-2022> <14:43:41>      7      0.00040012      0.00010046      0.0
<Jan27-2022> <14:44:26>      8      0.00013798      0.00002050      0.0
<Jan27-2022> <14:45:11>      9      0.00003796      0.00000425      0.0
<Jan27-2022> <14:45:57>     10      0.00001861      0.00000224      0.0
<Jan27-2022> <14:46:43>     11      0.00000327      0.00000033      0.0
<Jan27-2022> <14:46:58>  SCF converged
<Jan27-2022> <14:47:29>     12      0.00000192      0.00000020      0.0
<Jan27-2022> <14:47:45>  >>>> TOTEN
<Jan27-2022> <14:48:41>  >>>> POPAN
<Jan27-2022> <14:48:41>  >>>> DEBYE
<Jan27-2022> <14:48:42>  >>>> ENGRAD
<Jan27-2022> <14:50:37>  current energy                               -4.11859718 Hartree
<Jan27-2022> <14:50:37>  energy change                      -0.00003107     0.00018000    T
<Jan27-2022> <14:50:37>  constrained gradient max            0.00219563     0.00100000    F
<Jan27-2022> <14:50:37>  constrained gradient rms            0.00057540     0.00066667    T
<Jan27-2022> <14:50:37>  gradient max                        0.00219563
<Jan27-2022> <14:50:37>  gradient rms                        0.00057540
<Jan27-2022> <14:50:37>  cart. step max                      0.02490664     0.01000000    F
<Jan27-2022> <14:50:37>  cart. step rms                      0.00902279     0.00666667    F
<Jan27-2022> <14:50:37>  Iteration 11
<Jan27-2022> <14:50:38>  *** GOStep11 ***
<Jan27-2022> <14:50:38>  >>>> FRAGM
<Jan27-2022> <14:50:38>  Coordinates
<Jan27-2022> <14:50:38>     Atom         X           Y           Z   (Angstrom)
<Jan27-2022> <14:50:38>     1.H         0.178651   -1.464184    1.006251
<Jan27-2022> <14:50:38>     2.C        -0.871536   -0.304232   -0.467783
<Jan27-2022> <14:50:38>     3.C         0.216677   -0.702129    0.231413
<Jan27-2022> <14:50:38>     4.C         1.531590   -0.113082   -0.023834
<Jan27-2022> <14:50:38>     5.O         2.556936   -0.418833    0.565442
<Jan27-2022> <14:50:38>     6.H        -0.709129    0.470024   -1.220430
<Jan27-2022> <14:50:38>     7.C        -4.948256   -1.578052   -0.235975
<Jan27-2022> <14:50:38>     8.C        -3.999113   -2.149027    0.617967
<Jan27-2022> <14:50:38>     9.C        -2.669375   -1.750058    0.560063
<Jan27-2022> <14:50:38>    10.C        -2.250688   -0.765015   -0.358220
<Jan27-2022> <14:50:38>    11.C        -3.221830   -0.201543   -1.210185
<Jan27-2022> <14:50:38>    12.C        -4.553935   -0.601700   -1.151057
<Jan27-2022> <14:50:38>    13.H        -4.301482   -2.910125    1.333253
<Jan27-2022> <14:50:38>    14.H        -1.951036   -2.207534    1.233230
<Jan27-2022> <14:50:38>    15.H        -2.920900    0.559913   -1.926139
<Jan27-2022> <14:50:38>    16.H        -5.284282   -0.152055   -1.819254
<Jan27-2022> <14:50:38>    17.H        -5.987451   -1.893757   -0.185830
<Jan27-2022> <14:50:38>    18.H         1.547872    0.666366   -0.823935
<Jan27-2022> <14:50:38>  >>>> CORORT
<Jan27-2022> <14:50:38>  >>>> CLSMAT
<Jan27-2022> <14:50:38>  >>>> ORTHON
<Jan27-2022> <14:50:39>  >>>> GENPT
<Jan27-2022> <14:50:39>  Block Length= 128
<Jan27-2022> <14:50:40>  >>>> PTBAS
<Jan27-2022> <14:51:09>  >>>> CYCLE
<Jan27-2022> <14:51:46>  using orbital data from restart file
<Jan27-2022> <14:52:17>              |Error|         MaxErr       Wt(A-DIIS)
<Jan27-2022> <14:52:17>      1      0.05348331      0.01660518
<Jan27-2022> <14:53:02>      2      0.00589543      0.00084115    100.0
<Jan27-2022> <14:53:47>      3      0.00760872      0.00088996    100.0
<Jan27-2022> <14:54:32>      4      0.00282390      0.00039879      0.0
<Jan27-2022> <14:55:16>      5      0.00093681      0.00009179      0.0
<Jan27-2022> <14:56:03>      6      0.00046020      0.00010661      0.0
<Jan27-2022> <14:56:48>      7      0.00013090      0.00003213      0.0
<Jan27-2022> <14:57:34>      8      0.00004022      0.00000389      0.0
<Jan27-2022> <14:58:19>      9      0.00001630      0.00000172      0.0
<Jan27-2022> <14:59:04>     10      0.00000465      0.00000044      0.0
<Jan27-2022> <14:59:19>  SCF converged
<Jan27-2022> <14:59:50>     11      0.00000124      0.00000011      0.0
<Jan27-2022> <15:00:04>  >>>> TOTEN
<Jan27-2022> <15:01:01>  >>>> POPAN
<Jan27-2022> <15:01:02>  >>>> DEBYE
<Jan27-2022> <15:01:02>  >>>> ENGRAD
<Jan27-2022> <15:02:59>  current energy                               -4.11861278 Hartree
<Jan27-2022> <15:02:59>  energy change                      -0.00001560     0.00018000    T
<Jan27-2022> <15:02:59>  constrained gradient max            0.00061870     0.00100000    T
<Jan27-2022> <15:02:59>  constrained gradient rms            0.00019816     0.00066667    T
<Jan27-2022> <15:02:59>  gradient max                        0.00061870
<Jan27-2022> <15:02:59>  gradient rms                        0.00019816
<Jan27-2022> <15:02:59>  cart. step max                      0.00561694     0.01000000    T
<Jan27-2022> <15:02:59>  cart. step rms                      0.00182119     0.00666667    T
<Jan27-2022> <15:02:59>  Geometry optimization converged
<Jan27-2022> <15:03:00>  *** adf ***
<Jan27-2022> <15:03:00>  Net Charge: 0 (Nuclei minus Electrons)
<Jan27-2022> <15:03:00>  Symmetry  : NOSYM
<Jan27-2022> <15:03:00>  >>>> FRAGM
<Jan27-2022> <15:03:00>  Coordinates
<Jan27-2022> <15:03:00>     Atom         X           Y           Z   (Angstrom)
<Jan27-2022> <15:03:00>     1.H         0.178651   -1.464184    1.006251
<Jan27-2022> <15:03:00>     2.C        -0.871536   -0.304232   -0.467783
<Jan27-2022> <15:03:00>     3.C         0.216677   -0.702129    0.231413
<Jan27-2022> <15:03:00>     4.C         1.531590   -0.113082   -0.023834
<Jan27-2022> <15:03:00>     5.O         2.556936   -0.418833    0.565442
<Jan27-2022> <15:03:00>     6.H        -0.709129    0.470024   -1.220430
<Jan27-2022> <15:03:00>     7.C        -4.948256   -1.578052   -0.235975
<Jan27-2022> <15:03:00>     8.C        -3.999113   -2.149027    0.617967
<Jan27-2022> <15:03:00>     9.C        -2.669375   -1.750058    0.560063
<Jan27-2022> <15:03:00>    10.C        -2.250688   -0.765015   -0.358220
<Jan27-2022> <15:03:00>    11.C        -3.221830   -0.201543   -1.210185
<Jan27-2022> <15:03:00>    12.C        -4.553935   -0.601700   -1.151057
<Jan27-2022> <15:03:00>    13.H        -4.301482   -2.910125    1.333253
<Jan27-2022> <15:03:00>    14.H        -1.951036   -2.207534    1.233230
<Jan27-2022> <15:03:00>    15.H        -2.920900    0.559913   -1.926139
<Jan27-2022> <15:03:00>    16.H        -5.284282   -0.152055   -1.819254
<Jan27-2022> <15:03:00>    17.H        -5.987451   -1.893757   -0.185830
<Jan27-2022> <15:03:00>    18.H         1.547872    0.666366   -0.823935
<Jan27-2022> <15:03:01>  >>>> CORORT
<Jan27-2022> <15:03:01>  >>>> CLSMAT
<Jan27-2022> <15:03:01>  >>>> ORTHON
<Jan27-2022> <15:03:01>  >>>> GENPT
<Jan27-2022> <15:03:02>  Block Length= 128
<Jan27-2022> <15:03:03>  >>>> PTBAS
<Jan27-2022> <15:03:31>  >>>> CYCLE
<Jan27-2022> <15:04:07>  using orbital data from restart file
<Jan27-2022> <15:04:37>              |Error|         MaxErr       Wt(A-DIIS)
<Jan27-2022> <15:04:37>      1      0.00000065      0.00000013
<Jan27-2022> <15:05:22>      2      0.00000153      0.00000031    100.0
<Jan27-2022> <15:05:35>  SCF converged
<Jan27-2022> <15:06:04>      3      0.00000387      0.00000073    100.0
<Jan27-2022> <15:06:41>  >>>> TOTEN
<Jan27-2022> <15:08:19>  >>>> POPAN
<Jan27-2022> <15:08:19>  >>>> DEBYE
<Jan27-2022> <15:08:20>  >>>> AMETS
<Jan27-2022> <15:08:20>   Bond Energy          -4.11861278 a.u.
<Jan27-2022> <15:08:20>   Bond Energy        -112.07315598 eV
<Jan27-2022> <15:08:20>   Bond Energy       -2584.47       kcal/mol
<Jan27-2022> <15:08:20>  >>>> POPUL
<Jan27-2022> <15:08:20>  >>>> ENGRAD
<Jan27-2022> <15:10:06>  >>>> ENHESS
<Jan27-2022> <15:10:32>  === NUCLEUS:     1
<Jan27-2022> <15:31:42>  === NUCLEUS:     2
<Jan27-2022> <15:50:58>  === NUCLEUS:     3
<Jan27-2022> <16:10:09>  === NUCLEUS:     4
<Jan27-2022> <16:29:58>  === NUCLEUS:     5
<Jan27-2022> <16:50:30>  === NUCLEUS:     6
<Jan27-2022> <17:11:04>  === NUCLEUS:     7
<Jan27-2022> <17:31:05>  === NUCLEUS:     8
<Jan27-2022> <17:51:41>  === NUCLEUS:     9
<Jan27-2022> <18:14:20>  === NUCLEUS:    10
<Jan27-2022> <18:36:21>  === NUCLEUS:    11
<Jan27-2022> <18:57:34>  === NUCLEUS:    12
<Jan27-2022> <19:19:11>  === NUCLEUS:    13
<Jan27-2022> <19:40:14>  === NUCLEUS:    14
<Jan27-2022> <20:01:22>  === NUCLEUS:    15
<Jan27-2022> <20:22:27>  === NUCLEUS:    16
<Jan27-2022> <20:43:33>  === NUCLEUS:    17
<Jan27-2022> <21:04:38>  === NUCLEUS:    18
<Jan27-2022> <21:24:26>  >>>> CALC_HESS_PMAT
<Jan27-2022> <21:29:05>  >>>> CALC_HESS_WMAT
<Jan27-2022> <21:29:46>  PES point character: Geometry corresponds to a local minimum on the PES.
<Jan27-2022> <21:29:46>  Geometry optimization successful!
<Jan27-2022> <21:29:46>  WARNING: total elapsed time is much higher than the (CPU+system) time.
<Jan27-2022> <21:29:46>  Make sure the machine is not oversubscribed and has enough memory, SCM_TMPDIR points to a fast file system, and the network is fast enough.
<Jan27-2022> <21:29:46>  NORMAL TERMINATION
