<Jan28-2022> <10:52:14>  AMS 2021.102  RunTime: Jan28-2022 10:52:14  ShM Nodes: 1  Procs: 4
<Jan28-2022> <10:52:15>  ADF 2021.102  RunTime: Jan28-2022 10:52:15  ShM Nodes: 1  Procs: 4
<Jan28-2022> <10:52:15>  *** (NO TITLE) ***
<Jan28-2022> <10:52:15>  Iteration 1
<Jan28-2022> <10:52:15>  DIRAC 2021.102  RunTime: Jan28-2022 10:52:15  ShM Nodes: 1  Procs: 1
<Jan28-2022> <10:52:15>  Hydrogen (TZ2P)
<Jan28-2022> <10:52:15>  Net Charge: 0 (Nuclei minus Electrons)
<Jan28-2022> <10:52:15>  Symmetry  : ATOM
<Jan28-2022> <10:52:15>  Coordinates
<Jan28-2022> <10:52:15>     Atom         X           Y           Z   (Angstrom)
<Jan28-2022> <10:52:15>     1.H         0.000000    0.000000    0.000000
<Jan28-2022> <10:52:15>  >>>> CORORT
<Jan28-2022> <10:52:15>  >>>> CLSMAT
<Jan28-2022> <10:52:15>  >>>> ORTHON
<Jan28-2022> <10:52:15>  >>>> GENPT
<Jan28-2022> <10:52:15>  Block Length=  64
<Jan28-2022> <10:52:15>  >>>> PTBAS
<Jan28-2022> <10:52:15>  >>>> CYCLE
<Jan28-2022> <10:52:15>              |Error|         MaxErr       Wt(A-DIIS)
<Jan28-2022> <10:52:15>      1      0.00000000      0.00000000
<Jan28-2022> <10:52:15>      2      0.03080019      0.02591482
<Jan28-2022> <10:52:15>      3      0.01140383      0.01135775    100.0
<Jan28-2022> <10:52:15>      4      0.00327656      0.00327407      2.3
<Jan28-2022> <10:52:15>      5      0.00010041      0.00009754      0.0
<Jan28-2022> <10:52:15>      6      0.00000525      0.00000504      0.0
<Jan28-2022> <10:52:16>      7      0.00000007      0.00000007      0.0
<Jan28-2022> <10:52:16>      8      0.00000000      0.00000000      0.0
<Jan28-2022> <10:52:16>  SCF converged
<Jan28-2022> <10:52:16>      9      0.00000000      0.00000000      0.0
<Jan28-2022> <10:52:16>  >>>> POPAN
<Jan28-2022> <10:52:16>  >>>> DEBYE
<Jan28-2022> <10:52:16>  DIRAC 2021.102  RunTime: Jan28-2022 10:52:16  ShM Nodes: 1  Procs: 1
<Jan28-2022> <10:52:16>  Carbon (TZ2P)
<Jan28-2022> <10:52:16>  Net Charge: 0 (Nuclei minus Electrons)
<Jan28-2022> <10:52:16>  Symmetry  : ATOM
<Jan28-2022> <10:52:16>  Coordinates
<Jan28-2022> <10:52:16>     Atom         X           Y           Z   (Angstrom)
<Jan28-2022> <10:52:16>     1.C         0.000000    0.000000    0.000000
<Jan28-2022> <10:52:16>  >>>> CORORT
<Jan28-2022> <10:52:16>  >>>> CLSMAT
<Jan28-2022> <10:52:16>  >>>> ORTHON
<Jan28-2022> <10:52:16>  >>>> GENPT
<Jan28-2022> <10:52:16>  Block Length=  72
<Jan28-2022> <10:52:16>  >>>> PTBAS
<Jan28-2022> <10:52:16>  >>>> CYCLE
<Jan28-2022> <10:52:17>              |Error|         MaxErr       Wt(A-DIIS)
<Jan28-2022> <10:52:17>      1      0.00000000      0.00000000
<Jan28-2022> <10:52:17>      2      4.48405934      3.32161898    100.0
<Jan28-2022> <10:52:17>      3      1.60718414      1.28408746    100.0
<Jan28-2022> <10:52:17>      4      0.76426456      0.62272052    100.0
<Jan28-2022> <10:52:17>      5      0.36119063      0.28553990    100.0
<Jan28-2022> <10:52:17>      6      0.14821424      0.11559867    100.0
<Jan28-2022> <10:52:17>      7      0.10108424      0.07867111     78.5
<Jan28-2022> <10:52:17>      8      0.01786531      0.01387049     13.0
<Jan28-2022> <10:52:17>      9      0.00195746      0.00153262      0.5
<Jan28-2022> <10:52:17>     10      0.00001058      0.00000730      0.0
<Jan28-2022> <10:52:17>     11      0.00000047      0.00000027      0.0
<Jan28-2022> <10:52:17>     12      0.00000003      0.00000002      0.0
<Jan28-2022> <10:52:17>     13      0.00000000      0.00000000      0.0
<Jan28-2022> <10:52:17>  SCF converged
<Jan28-2022> <10:52:17>     14      0.00000000      0.00000000      0.0
<Jan28-2022> <10:52:17>  >>>> POPAN
<Jan28-2022> <10:52:17>  >>>> DEBYE
<Jan28-2022> <10:52:17>  DIRAC 2021.102  RunTime: Jan28-2022 10:52:17  ShM Nodes: 1  Procs: 1
<Jan28-2022> <10:52:18>  Oxygen (TZ2P)
<Jan28-2022> <10:52:18>  Net Charge: 0 (Nuclei minus Electrons)
<Jan28-2022> <10:52:18>  Symmetry  : ATOM
<Jan28-2022> <10:52:18>  Coordinates
<Jan28-2022> <10:52:18>     Atom         X           Y           Z   (Angstrom)
<Jan28-2022> <10:52:18>     1.O         0.000000    0.000000    0.000000
<Jan28-2022> <10:52:18>  >>>> CORORT
<Jan28-2022> <10:52:18>  >>>> CLSMAT
<Jan28-2022> <10:52:18>  >>>> ORTHON
<Jan28-2022> <10:52:18>  >>>> GENPT
<Jan28-2022> <10:52:18>  Block Length=  68
<Jan28-2022> <10:52:18>  >>>> PTBAS
<Jan28-2022> <10:52:18>  >>>> CYCLE
<Jan28-2022> <10:52:18>              |Error|         MaxErr       Wt(A-DIIS)
<Jan28-2022> <10:52:18>      1      0.00000000      0.00000000
<Jan28-2022> <10:52:18>      2      8.77210307      5.53374266    100.0
<Jan28-2022> <10:52:18>      3      3.60058093      2.49154808    100.0
<Jan28-2022> <10:52:18>      4      1.20505529      0.62472425    100.0
<Jan28-2022> <10:52:18>      5      1.46502638      0.81213311    100.0
<Jan28-2022> <10:52:18>      6      0.15089362      0.09131786     91.2
<Jan28-2022> <10:52:18>      7      0.14397311      0.08251182     82.3
<Jan28-2022> <10:52:18>      8      0.00183259      0.00123681      0.2
<Jan28-2022> <10:52:18>      9      0.00015629      0.00008105      0.0
<Jan28-2022> <10:52:18>     10      0.00001324      0.00000629      0.0
<Jan28-2022> <10:52:18>     11      0.00000006      0.00000003      0.0
<Jan28-2022> <10:52:18>     12      0.00000000      0.00000000      0.0
<Jan28-2022> <10:52:18>  SCF converged
<Jan28-2022> <10:52:18>     13      0.00000000      0.00000000      0.0
<Jan28-2022> <10:52:19>  >>>> POPAN
<Jan28-2022> <10:52:19>  >>>> DEBYE
<Jan28-2022> <10:52:19>  *** GOStep1 ***
<Jan28-2022> <10:52:19>  >>>> FRAGM
<Jan28-2022> <10:52:19>  Coordinates
<Jan28-2022> <10:52:19>     Atom         X           Y           Z   (Angstrom)
<Jan28-2022> <10:52:19>     1.H         0.090394   -1.809885   -0.515559
<Jan28-2022> <10:52:19>     2.C        -0.907818   -0.007713   -0.049435
<Jan28-2022> <10:52:19>     3.C         0.182665   -0.752196   -0.265123
<Jan28-2022> <10:52:19>     4.C         1.559289   -0.220140   -0.182914
<Jan28-2022> <10:52:19>     5.O         2.583976   -0.852705   -0.383666
<Jan28-2022> <10:52:19>     6.H        -0.824316    1.044913    0.202426
<Jan28-2022> <10:52:19>     7.C        -3.323745    0.413635    0.391358
<Jan28-2022> <10:52:19>     8.C        -2.321176   -0.611376   -0.147475
<Jan28-2022> <10:52:19>     9.C        -2.359818   -1.892023    0.691919
<Jan28-2022> <10:52:19>    10.C        -2.612631   -0.924938   -1.618143
<Jan28-2022> <10:52:19>    11.H        -1.882309   -1.636325   -2.005335
<Jan28-2022> <10:52:19>    12.H        -4.340294    0.020309    0.337946
<Jan28-2022> <10:52:19>    13.H        -3.276229    1.332985   -0.193363
<Jan28-2022> <10:52:19>    14.H        -3.098432    0.652858    1.431245
<Jan28-2022> <10:52:19>    15.H        -3.349268   -2.350169    0.646957
<Jan28-2022> <10:52:19>    16.H        -2.127862   -1.668690    1.733878
<Jan28-2022> <10:52:19>    17.H        -1.627754   -2.610075    0.320647
<Jan28-2022> <10:52:19>    18.H        -3.609188   -1.355896   -1.728047
<Jan28-2022> <10:52:19>    19.H        -2.560214   -0.014813   -2.216712
<Jan28-2022> <10:52:19>    20.H         1.618468    0.815477    0.079567
<Jan28-2022> <10:52:19>  >>>> CORORT
<Jan28-2022> <10:52:19>  >>>> CLSMAT
<Jan28-2022> <10:52:19>  >>>> ORTHON
<Jan28-2022> <10:52:20>  >>>> GENPT
<Jan28-2022> <10:52:21>  Block Length= 128
<Jan28-2022> <10:52:22>  >>>> PTBAS
<Jan28-2022> <10:52:56>  >>>> CYCLE
<Jan28-2022> <10:54:10>              |Error|         MaxErr       Wt(A-DIIS)
<Jan28-2022> <10:54:10>      1      7.02732950      1.05004222
<Jan28-2022> <10:55:04>      2      1.22644939      0.17393493    100.0
<Jan28-2022> <10:55:59>      3      0.65302419      0.07724880    100.0
<Jan28-2022> <10:56:56>      4      0.98223912      0.12289985    100.0
<Jan28-2022> <10:57:53>      5      0.16087615      0.02038777     19.6
<Jan28-2022> <10:58:50>      6      0.11991635      0.02553357     19.6
<Jan28-2022> <10:59:47>      7      0.03820431      0.00920140      8.3
<Jan28-2022> <11:00:44>      8      0.01105050      0.00312585      2.1
<Jan28-2022> <11:01:40>      9      0.00446443      0.00101066      0.0
<Jan28-2022> <11:02:37>     10      0.00050206      0.00010303      0.0
<Jan28-2022> <11:03:33>     11      0.00018329      0.00002143      0.0
<Jan28-2022> <11:04:29>     12      0.00003719      0.00000460      0.0
<Jan28-2022> <11:05:26>     13      0.00001643      0.00000195      0.0
<Jan28-2022> <11:06:24>     14      0.00000402      0.00000088      0.0
<Jan28-2022> <11:06:42>  SCF converged
<Jan28-2022> <11:07:21>     15      0.00000082      0.00000008      0.0
<Jan28-2022> <11:07:39>  >>>> TOTEN
<Jan28-2022> <11:08:49>  >>>> POPAN
<Jan28-2022> <11:08:49>  >>>> DEBYE
<Jan28-2022> <11:08:49>  >>>> ENGRAD
<Jan28-2022> <11:11:08>  current energy                               -4.01954790 Hartree
<Jan28-2022> <11:11:08>  energy change                      -4.01954790     0.00020000    F
<Jan28-2022> <11:11:08>  constrained gradient max            0.05391789     0.00100000    F
<Jan28-2022> <11:11:08>  constrained gradient rms            0.01184989     0.00066667    F
<Jan28-2022> <11:11:08>  gradient max                        0.05391789
<Jan28-2022> <11:11:08>  gradient rms                        0.01184989
<Jan28-2022> <11:11:08>  cart. step max                      0.17787474     0.01000000    F
<Jan28-2022> <11:11:08>  cart. step rms                      0.06294480     0.00666667    F
<Jan28-2022> <11:11:08>  Iteration 2
<Jan28-2022> <11:11:09>  *** GOStep2 ***
<Jan28-2022> <11:11:09>  >>>> FRAGM
<Jan28-2022> <11:11:09>  Coordinates
<Jan28-2022> <11:11:09>     Atom         X           Y           Z   (Angstrom)
<Jan28-2022> <11:11:09>     1.H         0.268269   -1.823681   -0.543333
<Jan28-2022> <11:11:09>     2.C        -0.872153   -0.090887   -0.056842
<Jan28-2022> <11:11:09>     3.C         0.268856   -0.768244   -0.278326
<Jan28-2022> <11:11:09>     4.C         1.590117   -0.124662   -0.187882
<Jan28-2022> <11:11:09>     5.O         2.652927   -0.689770   -0.395035
<Jan28-2022> <11:11:09>     6.H        -0.799886    0.967223    0.189712
<Jan28-2022> <11:11:09>     7.C        -3.268161    0.422447    0.395994
<Jan28-2022> <11:11:09>     8.C        -2.305840   -0.649898   -0.143222
<Jan28-2022> <11:11:09>     9.C        -2.455568   -1.929433    0.702249
<Jan28-2022> <11:11:09>    10.C        -2.634693   -0.944971   -1.619228
<Jan28-2022> <11:11:09>    11.H        -1.960050   -1.698784   -2.030130
<Jan28-2022> <11:11:09>    12.H        -4.304691    0.078711    0.342474
<Jan28-2022> <11:11:09>    13.H        -3.188233    1.345272   -0.184962
<Jan28-2022> <11:11:09>    14.H        -3.044245    0.657930    1.439889
<Jan28-2022> <11:11:09>    15.H        -3.482105   -2.302802    0.645338
<Jan28-2022> <11:11:09>    16.H        -2.224163   -1.731904    1.751817
<Jan28-2022> <11:11:09>    17.H        -1.793398   -2.723085    0.354196
<Jan28-2022> <11:11:09>    18.H        -3.659255   -1.316518   -1.714211
<Jan28-2022> <11:11:09>    19.H        -2.543418   -0.042326   -2.229024
<Jan28-2022> <11:11:09>    20.H         1.569430    0.938617    0.090700
<Jan28-2022> <11:11:10>  >>>> CORORT
<Jan28-2022> <11:11:10>  >>>> CLSMAT
<Jan28-2022> <11:11:10>  >>>> ORTHON
<Jan28-2022> <11:11:10>  >>>> GENPT
<Jan28-2022> <11:11:10>  Block Length= 128
<Jan28-2022> <11:11:12>  >>>> PTBAS
<Jan28-2022> <11:11:46>  >>>> CYCLE
<Jan28-2022> <11:12:25>  using orbital data from restart file
<Jan28-2022> <11:13:03>              |Error|         MaxErr       Wt(A-DIIS)
<Jan28-2022> <11:13:03>      1      0.25363352      0.07960092
<Jan28-2022> <11:13:58>      2      0.05467855      0.01020588    100.0
<Jan28-2022> <11:14:55>      3      0.13967585      0.03112575    100.0
<Jan28-2022> <11:15:51>      4      0.03760593      0.00672918      5.8
<Jan28-2022> <11:16:47>      5      0.01077291      0.00306485      2.1
<Jan28-2022> <11:17:44>      6      0.00403025      0.00093824      0.0
<Jan28-2022> <11:18:40>      7      0.00057861      0.00011099      0.0
<Jan28-2022> <11:19:35>      8      0.00016272      0.00001909      0.0
<Jan28-2022> <11:20:30>      9      0.00003174      0.00000328      0.0
<Jan28-2022> <11:21:24>     10      0.00001028      0.00000113      0.0
<Jan28-2022> <11:22:19>     11      0.00000354      0.00000036      0.0
<Jan28-2022> <11:22:37>  SCF converged
<Jan28-2022> <11:23:15>     12      0.00000065      0.00000010      0.0
<Jan28-2022> <11:23:32>  >>>> TOTEN
<Jan28-2022> <11:24:41>  >>>> POPAN
<Jan28-2022> <11:24:41>  >>>> DEBYE
<Jan28-2022> <11:24:41>  >>>> ENGRAD
<Jan28-2022> <11:26:58>  current energy                               -4.02380205 Hartree
<Jan28-2022> <11:26:58>  energy change                      -0.00425415     0.00020000    F
<Jan28-2022> <11:26:58>  constrained gradient max            0.01935672     0.00100000    F
<Jan28-2022> <11:26:58>  constrained gradient rms            0.00511219     0.00066667    F
<Jan28-2022> <11:26:58>  gradient max                        0.01935672
<Jan28-2022> <11:26:58>  gradient rms                        0.00511219
<Jan28-2022> <11:26:58>  cart. step max                      0.08345909     0.01000000    F
<Jan28-2022> <11:26:58>  cart. step rms                      0.02147186     0.00666667    F
<Jan28-2022> <11:26:58>  Iteration 3
<Jan28-2022> <11:26:59>  *** GOStep3 ***
<Jan28-2022> <11:26:59>  >>>> FRAGM
<Jan28-2022> <11:26:59>  Coordinates
<Jan28-2022> <11:26:59>     Atom         X           Y           Z   (Angstrom)
<Jan28-2022> <11:26:59>     1.H         0.304146   -1.859562   -0.459874
<Jan28-2022> <11:26:59>     2.C        -0.866886   -0.112638   -0.069384
<Jan28-2022> <11:26:59>     3.C         0.279494   -0.791141   -0.255282
<Jan28-2022> <11:26:59>     4.C         1.582549   -0.117790   -0.181569
<Jan28-2022> <11:26:59>     5.O         2.655442   -0.673790   -0.349855
<Jan28-2022> <11:26:59>     6.H        -0.781173    0.951444    0.159229
<Jan28-2022> <11:26:59>     7.C        -3.262772    0.430361    0.402851
<Jan28-2022> <11:26:59>     8.C        -2.301609   -0.644935   -0.146453
<Jan28-2022> <11:26:59>     9.C        -2.447082   -1.936415    0.687900
<Jan28-2022> <11:26:59>    10.C        -2.647894   -0.936203   -1.625068
<Jan28-2022> <11:26:59>    11.H        -1.990869   -1.700569   -2.048357
<Jan28-2022> <11:26:59>    12.H        -4.301229    0.088357    0.354141
<Jan28-2022> <11:26:59>    13.H        -3.192094    1.359297   -0.172800
<Jan28-2022> <11:26:59>    14.H        -3.039192    0.665365    1.448684
<Jan28-2022> <11:26:59>    15.H        -3.478572   -2.300321    0.637579
<Jan28-2022> <11:26:59>    16.H        -2.203409   -1.757414    1.739462
<Jan28-2022> <11:26:59>    17.H        -1.797067   -2.736556    0.325540
<Jan28-2022> <11:26:59>    18.H        -3.680125   -1.293393   -1.708252
<Jan28-2022> <11:26:59>    19.H        -2.553447   -0.036544   -2.241322
<Jan28-2022> <11:26:59>    20.H         1.535529    0.975685    0.033002
<Jan28-2022> <11:26:59>  >>>> CORORT
<Jan28-2022> <11:26:59>  >>>> CLSMAT
<Jan28-2022> <11:26:59>  >>>> ORTHON
<Jan28-2022> <11:26:59>  >>>> GENPT
<Jan28-2022> <11:27:00>  Block Length= 128
<Jan28-2022> <11:27:01>  >>>> PTBAS
<Jan28-2022> <11:27:34>  >>>> CYCLE
<Jan28-2022> <11:28:12>  using orbital data from restart file
<Jan28-2022> <11:28:50>              |Error|         MaxErr       Wt(A-DIIS)
<Jan28-2022> <11:28:50>      1      0.12634442      0.03532226
<Jan28-2022> <11:29:47>      2      0.01573256      0.00265423    100.0
<Jan28-2022> <11:30:45>      3      0.02493575      0.00480998    100.0
<Jan28-2022> <11:31:41>      4      0.00800660      0.00186612      0.9
<Jan28-2022> <11:32:37>      5      0.00353108      0.00077179      0.0
<Jan28-2022> <11:33:33>      6      0.00109480      0.00027358      0.0
<Jan28-2022> <11:34:29>      7      0.00029920      0.00006684      0.0
<Jan28-2022> <11:35:24>      8      0.00007811      0.00001023      0.0
<Jan28-2022> <11:36:20>      9      0.00001520      0.00000202      0.0
<Jan28-2022> <11:37:16>     10      0.00000425      0.00000038      0.0
<Jan28-2022> <11:37:35>  SCF converged
<Jan28-2022> <11:38:12>     11      0.00000151      0.00000013      0.0
<Jan28-2022> <11:38:31>  >>>> TOTEN
<Jan28-2022> <11:39:39>  >>>> POPAN
<Jan28-2022> <11:39:39>  >>>> DEBYE
<Jan28-2022> <11:39:40>  >>>> ENGRAD
<Jan28-2022> <11:41:58>  current energy                               -4.02435776 Hartree
<Jan28-2022> <11:41:58>  energy change                      -0.00055571     0.00020000    F
<Jan28-2022> <11:41:58>  constrained gradient max            0.01035242     0.00100000    F
<Jan28-2022> <11:41:58>  constrained gradient rms            0.00227712     0.00066667    F
<Jan28-2022> <11:41:58>  gradient max                        0.01035242
<Jan28-2022> <11:41:58>  gradient rms                        0.00227712
<Jan28-2022> <11:41:58>  cart. step max                      0.07679094     0.01000000    F
<Jan28-2022> <11:41:58>  cart. step rms                      0.01417319     0.00666667    F
<Jan28-2022> <11:41:58>  Iteration 4
<Jan28-2022> <11:41:59>  *** GOStep4 ***
<Jan28-2022> <11:42:00>  >>>> FRAGM
<Jan28-2022> <11:42:00>  Coordinates
<Jan28-2022> <11:42:00>     Atom         X           Y           Z   (Angstrom)
<Jan28-2022> <11:42:00>     1.H         0.315170   -1.868437   -0.450289
<Jan28-2022> <11:42:00>     2.C        -0.868138   -0.118422   -0.085153
<Jan28-2022> <11:42:00>     3.C         0.279423   -0.799454   -0.250067
<Jan28-2022> <11:42:00>     4.C         1.575464   -0.115867   -0.178366
<Jan28-2022> <11:42:00>     5.O         2.656203   -0.665638   -0.308875
<Jan28-2022> <11:42:00>     6.H        -0.774403    0.958091    0.082438
<Jan28-2022> <11:42:00>     7.C        -3.255805    0.432462    0.409240
<Jan28-2022> <11:42:00>     8.C        -2.296801   -0.643212   -0.146644
<Jan28-2022> <11:42:00>     9.C        -2.440788   -1.939736    0.683419
<Jan28-2022> <11:42:00>    10.C        -2.656427   -0.933745   -1.625683
<Jan28-2022> <11:42:00>    11.H        -2.009596   -1.705381   -2.053121
<Jan28-2022> <11:42:00>    12.H        -4.294198    0.088214    0.366724
<Jan28-2022> <11:42:00>    13.H        -3.191882    1.362469   -0.166795
<Jan28-2022> <11:42:00>    14.H        -3.028116    0.669131    1.454619
<Jan28-2022> <11:42:00>    15.H        -3.475501   -2.297315    0.643111
<Jan28-2022> <11:42:00>    16.H        -2.183841   -1.769665    1.733917
<Jan28-2022> <11:42:00>    17.H        -1.800163   -2.742873    0.308129
<Jan28-2022> <11:42:00>    18.H        -3.693336   -1.281103   -1.699301
<Jan28-2022> <11:42:00>    19.H        -2.559260   -0.036225   -2.245749
<Jan28-2022> <11:42:00>    20.H         1.515734    0.979941    0.058618
<Jan28-2022> <11:42:00>  >>>> CORORT
<Jan28-2022> <11:42:00>  >>>> CLSMAT
<Jan28-2022> <11:42:00>  >>>> ORTHON
<Jan28-2022> <11:42:00>  >>>> GENPT
<Jan28-2022> <11:42:01>  Block Length= 128
<Jan28-2022> <11:42:02>  >>>> PTBAS
<Jan28-2022> <11:42:36>  >>>> CYCLE
<Jan28-2022> <11:43:14>  using orbital data from restart file
<Jan28-2022> <11:43:52>              |Error|         MaxErr       Wt(A-DIIS)
<Jan28-2022> <11:43:52>      1      0.10017839      0.04055316
<Jan28-2022> <11:44:49>      2      0.01082981      0.00222147    100.0
<Jan28-2022> <11:45:44>      3      0.00967205      0.00147010    100.0
<Jan28-2022> <11:46:38>      4      0.00493022      0.00131168      0.3
<Jan28-2022> <11:47:33>      5      0.00180757      0.00049115      0.0
<Jan28-2022> <11:48:30>      6      0.00044025      0.00007615      0.0
<Jan28-2022> <11:49:25>      7      0.00018499      0.00005309      0.0
<Jan28-2022> <11:50:20>      8      0.00006318      0.00001676      0.0
<Jan28-2022> <11:51:17>      9      0.00001420      0.00000146      0.0
<Jan28-2022> <11:52:13>     10      0.00000254      0.00000028      0.0
<Jan28-2022> <11:52:30>  SCF converged
<Jan28-2022> <11:53:07>     11      0.00000104      0.00000010      0.0
<Jan28-2022> <11:53:26>  >>>> TOTEN
<Jan28-2022> <11:54:37>  >>>> POPAN
<Jan28-2022> <11:54:37>  >>>> DEBYE
<Jan28-2022> <11:54:37>  >>>> ENGRAD
<Jan28-2022> <11:56:55>  current energy                               -4.02445093 Hartree
<Jan28-2022> <11:56:55>  energy change                      -0.00009316     0.00020000    T
<Jan28-2022> <11:56:55>  constrained gradient max            0.00934521     0.00100000    F
<Jan28-2022> <11:56:55>  constrained gradient rms            0.00195929     0.00066667    F
<Jan28-2022> <11:56:55>  gradient max                        0.00934521
<Jan28-2022> <11:56:55>  gradient rms                        0.00195929
<Jan28-2022> <11:56:55>  cart. step max                      0.08045062     0.01000000    F
<Jan28-2022> <11:56:55>  cart. step rms                      0.02126619     0.00666667    F
<Jan28-2022> <11:56:55>  Iteration 5
<Jan28-2022> <11:56:56>  *** GOStep5 ***
<Jan28-2022> <11:56:56>  >>>> FRAGM
<Jan28-2022> <11:56:56>  Coordinates
<Jan28-2022> <11:56:56>     Atom         X           Y           Z   (Angstrom)
<Jan28-2022> <11:56:56>     1.H         0.324293   -1.883986   -0.369839
<Jan28-2022> <11:56:56>     2.C        -0.871259   -0.121545   -0.093062
<Jan28-2022> <11:56:56>     3.C         0.278571   -0.808443   -0.210796
<Jan28-2022> <11:56:56>     4.C         1.570613   -0.117472   -0.148819
<Jan28-2022> <11:56:56>     5.O         2.657361   -0.652618   -0.288176
<Jan28-2022> <11:56:56>     6.H        -0.771602    0.964508    0.002153
<Jan28-2022> <11:56:56>     7.C        -3.247307    0.427891    0.420580
<Jan28-2022> <11:56:56>     8.C        -2.290925   -0.644459   -0.145525
<Jan28-2022> <11:56:56>     9.C        -2.442788   -1.949031    0.672511
<Jan28-2022> <11:56:56>    10.C        -2.658754   -0.922032   -1.628005
<Jan28-2022> <11:56:56>    11.H        -2.020408   -1.698498   -2.060127
<Jan28-2022> <11:56:56>    12.H        -4.285341    0.082217    0.378649
<Jan28-2022> <11:56:56>    13.H        -3.185125    1.361220   -0.150677
<Jan28-2022> <11:56:56>    14.H        -3.016532    0.658446    1.467010
<Jan28-2022> <11:56:56>    15.H        -3.481257   -2.296784    0.637436
<Jan28-2022> <11:56:56>    16.H        -2.174943   -1.793066    1.722699
<Jan28-2022> <11:56:56>    17.H        -1.812882   -2.753475    0.280974
<Jan28-2022> <11:56:56>    18.H        -3.700140   -1.256806   -1.699119
<Jan28-2022> <11:56:56>    19.H        -2.553521   -0.021637   -2.243060
<Jan28-2022> <11:56:56>    20.H         1.495684    0.998804   -0.014636
<Jan28-2022> <11:56:56>  >>>> CORORT
<Jan28-2022> <11:56:56>  >>>> CLSMAT
<Jan28-2022> <11:56:56>  >>>> ORTHON
<Jan28-2022> <11:56:56>  >>>> GENPT
<Jan28-2022> <11:56:57>  Block Length= 128
<Jan28-2022> <11:56:58>  >>>> PTBAS
<Jan28-2022> <11:57:32>  >>>> CYCLE
<Jan28-2022> <11:58:09>  using orbital data from restart file
<Jan28-2022> <11:58:47>              |Error|         MaxErr       Wt(A-DIIS)
<Jan28-2022> <11:58:47>      1      0.10293643      0.02190886
<Jan28-2022> <11:59:43>      2      0.02094577      0.00419974    100.0
<Jan28-2022> <12:00:37>      3      0.03071856      0.00830586    100.0
<Jan28-2022> <12:01:32>      4      0.01408767      0.00398658      3.0
<Jan28-2022> <12:02:27>      5      0.00375657      0.00077177      0.0
<Jan28-2022> <12:03:23>      6      0.00175992      0.00050716      0.0
<Jan28-2022> <12:04:21>      7      0.00032066      0.00006525      0.0
<Jan28-2022> <12:05:17>      8      0.00008619      0.00001001      0.0
<Jan28-2022> <12:06:10>      9      0.00001576      0.00000181      0.0
<Jan28-2022> <12:07:07>     10      0.00000467      0.00000053      0.0
<Jan28-2022> <12:07:26>  SCF converged
<Jan28-2022> <12:08:03>     11      0.00000106      0.00000010      0.0
<Jan28-2022> <12:08:21>  >>>> TOTEN
<Jan28-2022> <12:09:30>  >>>> POPAN
<Jan28-2022> <12:09:30>  >>>> DEBYE
<Jan28-2022> <12:09:30>  >>>> ENGRAD
<Jan28-2022> <12:11:46>  current energy                               -4.02445650 Hartree
<Jan28-2022> <12:11:46>  energy change                      -0.00000557     0.00020000    T
<Jan28-2022> <12:11:46>  constrained gradient max            0.01282848     0.00100000    F
<Jan28-2022> <12:11:46>  constrained gradient rms            0.00299805     0.00066667    F
<Jan28-2022> <12:11:46>  gradient max                        0.01282848
<Jan28-2022> <12:11:46>  gradient rms                        0.00299805
<Jan28-2022> <12:11:46>  cart. step max                      0.02834570     0.01000000    F
<Jan28-2022> <12:11:46>  cart. step rms                      0.00592780     0.00666667    T
<Jan28-2022> <12:11:46>  Iteration 6
<Jan28-2022> <12:11:47>  *** GOStep6 ***
<Jan28-2022> <12:11:48>  >>>> FRAGM
<Jan28-2022> <12:11:48>  Coordinates
<Jan28-2022> <12:11:48>     Atom         X           Y           Z   (Angstrom)
<Jan28-2022> <12:11:48>     1.H         0.318562   -1.883393   -0.341493
<Jan28-2022> <12:11:48>     2.C        -0.872589   -0.115871   -0.095087
<Jan28-2022> <12:11:48>     3.C         0.277805   -0.804563   -0.204987
<Jan28-2022> <12:11:48>     4.C         1.573934   -0.117093   -0.160001
<Jan28-2022> <12:11:48>     5.O         2.658856   -0.661652   -0.276933
<Jan28-2022> <12:11:48>     6.H        -0.777279    0.969453    0.000484
<Jan28-2022> <12:11:48>     7.C        -3.249121    0.424187    0.422007
<Jan28-2022> <12:11:48>     8.C        -2.292504   -0.644746   -0.147244
<Jan28-2022> <12:11:48>     9.C        -2.441432   -1.949115    0.669111
<Jan28-2022> <12:11:48>    10.C        -2.660642   -0.919272   -1.629244
<Jan28-2022> <12:11:48>    11.H        -2.019657   -1.692771   -2.061425
<Jan28-2022> <12:11:48>    12.H        -4.286354    0.077171    0.381205
<Jan28-2022> <12:11:48>    13.H        -3.187508    1.357589   -0.148007
<Jan28-2022> <12:11:48>    14.H        -3.015156    0.652008    1.467662
<Jan28-2022> <12:11:48>    15.H        -3.478755   -2.298435    0.634720
<Jan28-2022> <12:11:48>    16.H        -2.172544   -1.791878    1.718300
<Jan28-2022> <12:11:48>    17.H        -1.810385   -2.750930    0.276184
<Jan28-2022> <12:11:48>    18.H        -3.700681   -1.256211   -1.701411
<Jan28-2022> <12:11:48>    19.H        -2.556813   -0.016723   -2.240434
<Jan28-2022> <12:11:48>    20.H         1.506003    0.995478   -0.033235
<Jan28-2022> <12:11:48>  >>>> CORORT
<Jan28-2022> <12:11:48>  >>>> CLSMAT
<Jan28-2022> <12:11:48>  >>>> ORTHON
<Jan28-2022> <12:11:48>  >>>> GENPT
<Jan28-2022> <12:11:49>  Block Length= 128
<Jan28-2022> <12:11:50>  >>>> PTBAS
<Jan28-2022> <12:12:24>  >>>> CYCLE
<Jan28-2022> <12:13:02>  using orbital data from restart file
<Jan28-2022> <12:13:39>              |Error|         MaxErr       Wt(A-DIIS)
<Jan28-2022> <12:13:39>      1      0.05675548      0.02246146
<Jan28-2022> <12:14:35>      2      0.00640593      0.00101949    100.0
<Jan28-2022> <12:15:29>      3      0.00340798      0.00064425    100.0
<Jan28-2022> <12:16:26>      4      0.00352559      0.00057452      0.0
<Jan28-2022> <12:17:21>      5      0.00116077      0.00029187      0.0
<Jan28-2022> <12:18:15>      6      0.00050038      0.00011569      0.0
<Jan28-2022> <12:19:10>      7      0.00011866      0.00001608      0.0
<Jan28-2022> <12:20:07>      8      0.00001943      0.00000218      0.0
<Jan28-2022> <12:21:02>      9      0.00000510      0.00000047      0.0
<Jan28-2022> <12:21:19>  SCF converged
<Jan28-2022> <12:21:57>     10      0.00000170      0.00000020      0.0
<Jan28-2022> <12:22:15>  >>>> TOTEN
<Jan28-2022> <12:23:25>  >>>> POPAN
<Jan28-2022> <12:23:25>  >>>> DEBYE
<Jan28-2022> <12:23:25>  >>>> ENGRAD
<Jan28-2022> <12:25:42>  current energy                               -4.02473083 Hartree
<Jan28-2022> <12:25:42>  energy change                      -0.00027433     0.00020000    F
<Jan28-2022> <12:25:42>  constrained gradient max            0.00631502     0.00100000    F
<Jan28-2022> <12:25:42>  constrained gradient rms            0.00156156     0.00066667    F
<Jan28-2022> <12:25:42>  gradient max                        0.00631502
<Jan28-2022> <12:25:42>  gradient rms                        0.00156156
<Jan28-2022> <12:25:42>  cart. step max                      0.07671459     0.01000000    F
<Jan28-2022> <12:25:42>  cart. step rms                      0.01516375     0.00666667    F
<Jan28-2022> <12:25:42>  Iteration 7
<Jan28-2022> <12:25:43>  *** GOStep7 ***
<Jan28-2022> <12:25:43>  >>>> FRAGM
<Jan28-2022> <12:25:44>  Coordinates
<Jan28-2022> <12:25:44>     Atom         X           Y           Z   (Angstrom)
<Jan28-2022> <12:25:44>     1.H         0.318932   -1.888263   -0.264778
<Jan28-2022> <12:25:44>     2.C        -0.874438   -0.113835   -0.108056
<Jan28-2022> <12:25:44>     3.C         0.278025   -0.803856   -0.184945
<Jan28-2022> <12:25:44>     4.C         1.574268   -0.113744   -0.167559
<Jan28-2022> <12:25:44>     5.O         2.659111   -0.665952   -0.241957
<Jan28-2022> <12:25:44>     6.H        -0.783470    0.973135   -0.037671
<Jan28-2022> <12:25:44>     7.C        -3.245623    0.419913    0.429257
<Jan28-2022> <12:25:44>     8.C        -2.293290   -0.646712   -0.150918
<Jan28-2022> <12:25:44>     9.C        -2.438523   -1.954266    0.658998
<Jan28-2022> <12:25:44>    10.C        -2.667202   -0.911445   -1.633512
<Jan28-2022> <12:25:44>    11.H        -2.026974   -1.682302   -2.070668
<Jan28-2022> <12:25:44>    12.H        -4.283056    0.073797    0.393690
<Jan28-2022> <12:25:44>    13.H        -3.185960    1.355396   -0.136801
<Jan28-2022> <12:25:44>    14.H        -3.003466    0.642200    1.473815
<Jan28-2022> <12:25:44>    15.H        -3.476159   -2.301405    0.629276
<Jan28-2022> <12:25:44>    16.H        -2.162475   -1.801605    1.706632
<Jan28-2022> <12:25:44>    17.H        -1.811995   -2.755052    0.258208
<Jan28-2022> <12:25:44>    18.H        -3.707369   -1.247009   -1.703920
<Jan28-2022> <12:25:44>    19.H        -2.564198   -0.004988   -2.238442
<Jan28-2022> <12:25:44>    20.H         1.507602    0.999226   -0.080476
<Jan28-2022> <12:25:44>  >>>> CORORT
<Jan28-2022> <12:25:44>  >>>> CLSMAT
<Jan28-2022> <12:25:44>  >>>> ORTHON
<Jan28-2022> <12:25:44>  >>>> GENPT
<Jan28-2022> <12:25:44>  Block Length= 128
<Jan28-2022> <12:25:46>  >>>> PTBAS
<Jan28-2022> <12:26:20>  >>>> CYCLE
<Jan28-2022> <12:26:58>  using orbital data from restart file
<Jan28-2022> <12:27:35>              |Error|         MaxErr       Wt(A-DIIS)
<Jan28-2022> <12:27:35>      1      0.10865298      0.04169804
<Jan28-2022> <12:28:30>      2      0.01206436      0.00267486    100.0
<Jan28-2022> <12:29:25>      3      0.01741054      0.00401438    100.0
<Jan28-2022> <12:30:21>      4      0.00646847      0.00126147      0.3
<Jan28-2022> <12:31:15>      5      0.00253801      0.00065028      0.0
<Jan28-2022> <12:32:10>      6      0.00100397      0.00024233      0.0
<Jan28-2022> <12:33:06>      7      0.00018983      0.00003263      0.0
<Jan28-2022> <12:34:01>      8      0.00005505      0.00000597      0.0
<Jan28-2022> <12:34:55>      9      0.00001245      0.00000160      0.0
<Jan28-2022> <12:35:49>     10      0.00000284      0.00000037      0.0
<Jan28-2022> <12:36:07>  SCF converged
<Jan28-2022> <12:36:44>     11      0.00000086      0.00000012      0.0
<Jan28-2022> <12:37:01>  >>>> TOTEN
<Jan28-2022> <12:38:08>  >>>> POPAN
<Jan28-2022> <12:38:08>  >>>> DEBYE
<Jan28-2022> <12:38:08>  >>>> ENGRAD
<Jan28-2022> <12:40:22>  current energy                               -4.02495931 Hartree
<Jan28-2022> <12:40:22>  energy change                      -0.00022848     0.00020000    F
<Jan28-2022> <12:40:22>  constrained gradient max            0.00226193     0.00100000    F
<Jan28-2022> <12:40:22>  constrained gradient rms            0.00062960     0.00066667    T
<Jan28-2022> <12:40:22>  gradient max                        0.00226193
<Jan28-2022> <12:40:22>  gradient rms                        0.00062960
<Jan28-2022> <12:40:22>  cart. step max                      0.14306677     0.01000000    F
<Jan28-2022> <12:40:22>  cart. step rms                      0.02974158     0.00666667    F
<Jan28-2022> <12:40:22>  Iteration 8
<Jan28-2022> <12:40:23>  *** GOStep8 ***
<Jan28-2022> <12:40:25>  >>>> FRAGM
<Jan28-2022> <12:40:25>  Coordinates
<Jan28-2022> <12:40:25>     Atom         X           Y           Z   (Angstrom)
<Jan28-2022> <12:40:25>     1.H         0.324202   -1.891087   -0.121712
<Jan28-2022> <12:40:25>     2.C        -0.876074   -0.114722   -0.130163
<Jan28-2022> <12:40:25>     3.C         0.279676   -0.804202   -0.138972
<Jan28-2022> <12:40:25>     4.C         1.574221   -0.110291   -0.168685
<Jan28-2022> <12:40:25>     5.O         2.661341   -0.663257   -0.178982
<Jan28-2022> <12:40:25>     6.H        -0.788744    0.974679   -0.132349
<Jan28-2022> <12:40:25>     7.C        -3.237093    0.412741    0.443855
<Jan28-2022> <12:40:25>     8.C        -2.292185   -0.649700   -0.156562
<Jan28-2022> <12:40:25>     9.C        -2.434046   -1.965126    0.639040
<Jan28-2022> <12:40:25>    10.C        -2.680573   -0.895935   -1.640019
<Jan28-2022> <12:40:25>    11.H        -2.045807   -1.664376   -2.088807
<Jan28-2022> <12:40:25>    12.H        -4.275024    0.067830    0.416615
<Jan28-2022> <12:40:25>    13.H        -3.181740    1.353041   -0.114168
<Jan28-2022> <12:40:25>    14.H        -2.982149    0.624826    1.487274
<Jan28-2022> <12:40:25>    15.H        -3.473618   -2.305829    0.618357
<Jan28-2022> <12:40:25>    16.H        -2.143570   -1.825532    1.684375
<Jan28-2022> <12:40:25>    17.H        -1.818427   -2.765111    0.220701
<Jan28-2022> <12:40:25>    18.H        -3.722659   -1.225886   -1.704795
<Jan28-2022> <12:40:25>    19.H        -2.578198    0.016901   -2.235072
<Jan28-2022> <12:40:25>    20.H         1.504206    1.004271   -0.169756
<Jan28-2022> <12:40:25>  >>>> CORORT
<Jan28-2022> <12:40:25>  >>>> CLSMAT
<Jan28-2022> <12:40:25>  >>>> ORTHON
<Jan28-2022> <12:40:26>  >>>> GENPT
<Jan28-2022> <12:40:26>  Block Length= 128
<Jan28-2022> <12:40:28>  >>>> PTBAS
<Jan28-2022> <12:41:02>  >>>> CYCLE
<Jan28-2022> <12:41:40>  using orbital data from restart file
<Jan28-2022> <12:42:18>              |Error|         MaxErr       Wt(A-DIIS)
<Jan28-2022> <12:42:18>      1      0.18076788      0.06137785
<Jan28-2022> <12:43:13>      2      0.02615501      0.00467540    100.0
<Jan28-2022> <12:44:07>      3      0.03646359      0.00817684    100.0
<Jan28-2022> <12:45:03>      4      0.01025026      0.00253967      1.6
<Jan28-2022> <12:45:57>      5      0.00432165      0.00090822      0.0
<Jan28-2022> <12:46:52>      6      0.00152332      0.00036352      0.0
<Jan28-2022> <12:47:47>      7      0.00054363      0.00015994      0.0
<Jan28-2022> <12:48:43>      8      0.00013888      0.00002612      0.0
<Jan28-2022> <12:49:40>      9      0.00001915      0.00000248      0.0
<Jan28-2022> <12:50:35>     10      0.00000448      0.00000067      0.0
<Jan28-2022> <12:50:53>  SCF converged
<Jan28-2022> <12:51:30>     11      0.00000179      0.00000022      0.0
<Jan28-2022> <12:51:49>  >>>> TOTEN
<Jan28-2022> <12:52:56>  >>>> POPAN
<Jan28-2022> <12:52:56>  >>>> DEBYE
<Jan28-2022> <12:52:56>  >>>> ENGRAD
<Jan28-2022> <12:55:10>  current energy                               -4.02527798 Hartree
<Jan28-2022> <12:55:10>  energy change                      -0.00031867     0.00020000    F
<Jan28-2022> <12:55:10>  constrained gradient max            0.00378475     0.00100000    F
<Jan28-2022> <12:55:10>  constrained gradient rms            0.00104426     0.00066667    F
<Jan28-2022> <12:55:10>  gradient max                        0.00378475
<Jan28-2022> <12:55:10>  gradient rms                        0.00104426
<Jan28-2022> <12:55:10>  cart. step max                      0.21215148     0.01000000    F
<Jan28-2022> <12:55:10>  cart. step rms                      0.04501802     0.00666667    F
<Jan28-2022> <12:55:10>  Iteration 9
<Jan28-2022> <12:55:11>  *** GOStep9 ***
<Jan28-2022> <12:55:11>  >>>> FRAGM
<Jan28-2022> <12:55:11>  Coordinates
<Jan28-2022> <12:55:11>     Atom         X           Y           Z   (Angstrom)
<Jan28-2022> <12:55:11>     1.H         0.328653   -1.872466    0.090440
<Jan28-2022> <12:55:11>     2.C        -0.877462   -0.119902   -0.166395
<Jan28-2022> <12:55:11>     3.C         0.281647   -0.797907   -0.070802
<Jan28-2022> <12:55:11>     4.C         1.574622   -0.105659   -0.166381
<Jan28-2022> <12:55:11>     5.O         2.663027   -0.649983   -0.080545
<Jan28-2022> <12:55:11>     6.H        -0.796151    0.963692   -0.281044
<Jan28-2022> <12:55:11>     7.C        -3.221304    0.402328    0.465840
<Jan28-2022> <12:55:11>     8.C        -2.291022   -0.656103   -0.165886
<Jan28-2022> <12:55:11>     9.C        -2.427941   -1.982421    0.608293
<Jan28-2022> <12:55:11>    10.C        -2.702700   -0.873899   -1.649375
<Jan28-2022> <12:55:11>    11.H        -2.077287   -1.638550   -2.116867
<Jan28-2022> <12:55:11>    12.H        -4.260708    0.061589    0.452688
<Jan28-2022> <12:55:11>    13.H        -3.171118    1.349725   -0.079963
<Jan28-2022> <12:55:11>    14.H        -2.945468    0.598759    1.506715
<Jan28-2022> <12:55:11>    15.H        -3.470431   -2.312833    0.602374
<Jan28-2022> <12:55:11>    16.H        -2.115107   -1.862782    1.649357
<Jan28-2022> <12:55:11>    17.H        -1.830419   -2.781747    0.163822
<Jan28-2022> <12:55:11>    18.H        -3.747692   -1.195343   -1.704452
<Jan28-2022> <12:55:11>    19.H        -2.601663    0.048288   -2.229633
<Jan28-2022> <12:55:11>    20.H         1.502262    0.998449   -0.298012
<Jan28-2022> <12:55:11>  >>>> CORORT
<Jan28-2022> <12:55:11>  >>>> CLSMAT
<Jan28-2022> <12:55:11>  >>>> ORTHON
<Jan28-2022> <12:55:12>  >>>> GENPT
<Jan28-2022> <12:55:13>  Block Length= 128
<Jan28-2022> <12:55:14>  >>>> PTBAS
<Jan28-2022> <12:55:47>  >>>> CYCLE
<Jan28-2022> <12:56:24>  using orbital data from restart file
<Jan28-2022> <12:57:01>              |Error|         MaxErr       Wt(A-DIIS)
<Jan28-2022> <12:57:01>      1      0.27302546      0.09170372
<Jan28-2022> <12:57:58>      2      0.05052582      0.00708215    100.0
<Jan28-2022> <12:58:53>      3      0.07816140      0.01605703    100.0
<Jan28-2022> <12:59:48>      4      0.01824425      0.00295225      2.0
<Jan28-2022> <13:00:41>      5      0.00694280      0.00126232      0.3
<Jan28-2022> <13:01:37>      6      0.00157281      0.00024365      0.0
<Jan28-2022> <13:02:32>      7      0.00084555      0.00021443      0.0
<Jan28-2022> <13:03:25>      8      0.00031112      0.00008237      0.0
<Jan28-2022> <13:04:20>      9      0.00002844      0.00000400      0.0
<Jan28-2022> <13:05:15>     10      0.00000878      0.00000095      0.0
<Jan28-2022> <13:05:32>  SCF converged
<Jan28-2022> <13:06:08>     11      0.00000352      0.00000052      0.0
<Jan28-2022> <13:06:26>  >>>> TOTEN
<Jan28-2022> <13:07:33>  >>>> POPAN
<Jan28-2022> <13:07:33>  >>>> DEBYE
<Jan28-2022> <13:07:34>  >>>> ENGRAD
<Jan28-2022> <13:09:51>  current energy                               -4.02576776 Hartree
<Jan28-2022> <13:09:51>  energy change                      -0.00048978     0.00020000    F
<Jan28-2022> <13:09:51>  constrained gradient max            0.00885661     0.00100000    F
<Jan28-2022> <13:09:51>  constrained gradient rms            0.00187061     0.00066667    F
<Jan28-2022> <13:09:51>  gradient max                        0.00885661
<Jan28-2022> <13:09:51>  gradient rms                        0.00187061
<Jan28-2022> <13:09:51>  cart. step max                      0.21246433     0.01000000    F
<Jan28-2022> <13:09:51>  cart. step rms                      0.04755312     0.00666667    F
<Jan28-2022> <13:09:51>  Iteration 10
<Jan28-2022> <13:09:52>  *** GOStep10 ***
<Jan28-2022> <13:09:52>  >>>> FRAGM
<Jan28-2022> <13:09:52>  Coordinates
<Jan28-2022> <13:09:52>     Atom         X           Y           Z   (Angstrom)
<Jan28-2022> <13:09:52>     1.H         0.325927   -1.825423    0.302904
<Jan28-2022> <13:09:52>     2.C        -0.876499   -0.130962   -0.208935
<Jan28-2022> <13:09:52>     3.C         0.283039   -0.782535   -0.001124
<Jan28-2022> <13:09:52>     4.C         1.576402   -0.100647   -0.155238
<Jan28-2022> <13:09:52>     5.O         2.661711   -0.627639    0.028959
<Jan28-2022> <13:09:52>     6.H        -0.805009    0.933598   -0.443332
<Jan28-2022> <13:09:52>     7.C        -3.201101    0.393080    0.488610
<Jan28-2022> <13:09:52>     8.C        -2.291547   -0.665156   -0.177821
<Jan28-2022> <13:09:52>     9.C        -2.419903   -2.000829    0.574487
<Jan28-2022> <13:09:52>    10.C        -2.730691   -0.853066   -1.658730
<Jan28-2022> <13:09:52>    11.H        -2.116223   -1.612133   -2.149132
<Jan28-2022> <13:09:52>    12.H        -4.243252    0.060578    0.492755
<Jan28-2022> <13:09:52>    13.H        -3.154545    1.348124   -0.043675
<Jan28-2022> <13:09:52>    14.H        -2.900733    0.572198    1.525600
<Jan28-2022> <13:09:52>    15.H        -3.464657   -2.322474    0.585150
<Jan28-2022> <13:09:52>    16.H        -2.084196   -1.901879    1.610462
<Jan28-2022> <13:09:52>    17.H        -1.840856   -2.799034    0.103906
<Jan28-2022> <13:09:52>    18.H        -3.778083   -1.168082   -1.701398
<Jan28-2022> <13:09:52>    19.H        -2.634401    0.078834   -2.223741
<Jan28-2022> <13:09:52>    20.H         1.508358    0.976682   -0.419537
<Jan28-2022> <13:09:52>  >>>> CORORT
<Jan28-2022> <13:09:52>  >>>> CLSMAT
<Jan28-2022> <13:09:52>  >>>> ORTHON
<Jan28-2022> <13:09:53>  >>>> GENPT
<Jan28-2022> <13:09:53>  Block Length= 128
<Jan28-2022> <13:09:55>  >>>> PTBAS
<Jan28-2022> <13:10:28>  >>>> CYCLE
<Jan28-2022> <13:11:08>  using orbital data from restart file
<Jan28-2022> <13:11:44>              |Error|         MaxErr       Wt(A-DIIS)
<Jan28-2022> <13:11:44>      1      0.28712179      0.09346138
<Jan28-2022> <13:12:39>      2      0.05472619      0.00735962    100.0
<Jan28-2022> <13:13:33>      3      0.08210760      0.01398258    100.0
<Jan28-2022> <13:14:30>      4      0.01976338      0.00377299      2.8
<Jan28-2022> <13:15:24>      5      0.00817076      0.00161599      0.6
<Jan28-2022> <13:16:19>      6      0.00192296      0.00046941      0.0
<Jan28-2022> <13:17:15>      7      0.00090030      0.00017976      0.0
<Jan28-2022> <13:18:11>      8      0.00033961      0.00007381      0.0
<Jan28-2022> <13:19:05>      9      0.00003288      0.00000448      0.0
<Jan28-2022> <13:20:02>     10      0.00001011      0.00000112      0.0
<Jan28-2022> <13:20:57>     11      0.00000382      0.00000055      0.0
<Jan28-2022> <13:21:14>  SCF converged
<Jan28-2022> <13:21:51>     12      0.00000047      0.00000008      0.0
<Jan28-2022> <13:22:10>  >>>> TOTEN
<Jan28-2022> <13:23:19>  >>>> POPAN
<Jan28-2022> <13:23:19>  >>>> DEBYE
<Jan28-2022> <13:23:19>  >>>> ENGRAD
<Jan28-2022> <13:25:35>  current energy                               -4.02622763 Hartree
<Jan28-2022> <13:25:35>  energy change                      -0.00045987     0.00020000    F
<Jan28-2022> <13:25:35>  constrained gradient max            0.01347053     0.00100000    F
<Jan28-2022> <13:25:35>  constrained gradient rms            0.00258459     0.00066667    F
<Jan28-2022> <13:25:35>  gradient max                        0.01347053
<Jan28-2022> <13:25:35>  gradient rms                        0.00258459
<Jan28-2022> <13:25:35>  cart. step max                      0.21985612     0.01000000    F
<Jan28-2022> <13:25:35>  cart. step rms                      0.05166312     0.00666667    F
<Jan28-2022> <13:25:35>  Iteration 11
<Jan28-2022> <13:25:35>  *** GOStep11 ***
<Jan28-2022> <13:25:35>  >>>> FRAGM
<Jan28-2022> <13:25:36>  Coordinates
<Jan28-2022> <13:25:36>     Atom         X           Y           Z   (Angstrom)
<Jan28-2022> <13:25:36>     1.H         0.314193   -1.746338    0.522760
<Jan28-2022> <13:25:36>     2.C        -0.875350   -0.144711   -0.248946
<Jan28-2022> <13:25:36>     3.C         0.279282   -0.756204    0.075652
<Jan28-2022> <13:25:36>     4.C         1.576142   -0.097939   -0.140443
<Jan28-2022> <13:25:36>     5.O         2.656996   -0.587903    0.145279
<Jan28-2022> <13:25:36>     6.H        -0.802865    0.883424   -0.611761
<Jan28-2022> <13:25:36>     7.C        -3.174702    0.380756    0.511744
<Jan28-2022> <13:25:36>     8.C        -2.287976   -0.674465   -0.191852
<Jan28-2022> <13:25:36>     9.C        -2.413156   -2.020361    0.537690
<Jan28-2022> <13:25:36>    10.C        -2.761271   -0.830652   -1.667614
<Jan28-2022> <13:25:36>    11.H        -2.164001   -1.586659   -2.183470
<Jan28-2022> <13:25:36>    12.H        -4.218971    0.055302    0.530933
<Jan28-2022> <13:25:36>    13.H        -3.130819    1.344328   -0.004945
<Jan28-2022> <13:25:36>    14.H        -2.850766    0.539141    1.544916
<Jan28-2022> <13:25:36>    15.H        -3.460297   -2.332771    0.565737
<Jan28-2022> <13:25:36>    16.H        -2.054655   -1.945112    1.568032
<Jan28-2022> <13:25:36>    17.H        -1.852360   -2.814629    0.038595
<Jan28-2022> <13:25:36>    18.H        -3.812295   -1.135036   -1.693527
<Jan28-2022> <13:25:36>    19.H        -2.667848    0.110630   -2.217185
<Jan28-2022> <13:25:36>    20.H         1.514459    0.932437   -0.551423
<Jan28-2022> <13:25:36>  >>>> CORORT
<Jan28-2022> <13:25:36>  >>>> CLSMAT
<Jan28-2022> <13:25:36>  >>>> ORTHON
<Jan28-2022> <13:25:36>  >>>> GENPT
<Jan28-2022> <13:25:36>  Block Length= 128
<Jan28-2022> <13:25:38>  >>>> PTBAS
<Jan28-2022> <13:26:11>  >>>> CYCLE
<Jan28-2022> <13:26:48>  using orbital data from restart file
<Jan28-2022> <13:27:26>              |Error|         MaxErr       Wt(A-DIIS)
<Jan28-2022> <13:27:26>      1      0.30981858      0.09468140
<Jan28-2022> <13:28:20>      2      0.06300800      0.00768591    100.0
<Jan28-2022> <13:29:14>      3      0.10119439      0.01710484    100.0
<Jan28-2022> <13:30:09>      4      0.02324899      0.00437683      3.4
<Jan28-2022> <13:31:04>      5      0.00832413      0.00158964      0.6
<Jan28-2022> <13:31:58>      6      0.00200523      0.00041808      0.0
<Jan28-2022> <13:32:53>      7      0.00090968      0.00017406      0.0
<Jan28-2022> <13:33:48>      8      0.00040179      0.00008939      0.0
<Jan28-2022> <13:34:44>      9      0.00003508      0.00000521      0.0
<Jan28-2022> <13:35:38>     10      0.00001095      0.00000131      0.0
<Jan28-2022> <13:36:34>     11      0.00000409      0.00000057      0.0
<Jan28-2022> <13:36:52>  SCF converged
<Jan28-2022> <13:37:29>     12      0.00000044      0.00000007      0.0
<Jan28-2022> <13:37:45>  >>>> TOTEN
<Jan28-2022> <13:38:53>  >>>> POPAN
<Jan28-2022> <13:38:53>  >>>> DEBYE
<Jan28-2022> <13:38:53>  >>>> ENGRAD
<Jan28-2022> <13:41:10>  current energy                               -4.02652982 Hartree
<Jan28-2022> <13:41:10>  energy change                      -0.00030219     0.00020000    F
<Jan28-2022> <13:41:10>  constrained gradient max            0.01688518     0.00100000    F
<Jan28-2022> <13:41:10>  constrained gradient rms            0.00303402     0.00066667    F
<Jan28-2022> <13:41:10>  gradient max                        0.01688518
<Jan28-2022> <13:41:10>  gradient rms                        0.00303402
<Jan28-2022> <13:41:10>  cart. step max                      0.13137975     0.01000000    F
<Jan28-2022> <13:41:10>  cart. step rms                      0.03715840     0.00666667    F
<Jan28-2022> <13:41:10>  Iteration 12
<Jan28-2022> <13:41:10>  *** GOStep12 ***
<Jan28-2022> <13:41:10>  >>>> FRAGM
<Jan28-2022> <13:41:10>  Coordinates
<Jan28-2022> <13:41:10>     Atom         X           Y           Z   (Angstrom)
<Jan28-2022> <13:41:10>     1.H         0.297040   -1.697858    0.623353
<Jan28-2022> <13:41:10>     2.C        -0.867722   -0.166922   -0.301853
<Jan28-2022> <13:41:10>     3.C         0.278149   -0.741215    0.108086
<Jan28-2022> <13:41:10>     4.C         1.577599   -0.086032   -0.099278
<Jan28-2022> <13:41:10>     5.O         2.646756   -0.553118    0.260904
<Jan28-2022> <13:41:10>     6.H        -0.801374    0.830169   -0.743141
<Jan28-2022> <13:41:10>     7.C        -3.144152    0.380670    0.523984
<Jan28-2022> <13:41:10>     8.C        -2.289957   -0.683613   -0.212566
<Jan28-2022> <13:41:10>     9.C        -2.399158   -2.030507    0.509903
<Jan28-2022> <13:41:10>    10.C        -2.804957   -0.824318   -1.674337
<Jan28-2022> <13:41:10>    11.H        -2.224209   -1.574210   -2.217966
<Jan28-2022> <13:41:10>    12.H        -4.192740    0.070375    0.566194
<Jan28-2022> <13:41:10>    13.H        -3.100052    1.349575    0.017158
<Jan28-2022> <13:41:10>    14.H        -2.791409    0.523832    1.549829
<Jan28-2022> <13:41:10>    15.H        -3.445525   -2.344281    0.554478
<Jan28-2022> <13:41:10>    16.H        -2.025758   -1.964204    1.535791
<Jan28-2022> <13:41:10>    17.H        -1.844904   -2.821794   -0.002530
<Jan28-2022> <13:41:10>    18.H        -3.855857   -1.130727   -1.675211
<Jan28-2022> <13:41:10>    19.H        -2.728589    0.122760   -2.216404
<Jan28-2022> <13:41:10>    20.H         1.530558    0.914655   -0.576223
<Jan28-2022> <13:41:10>  >>>> CORORT
<Jan28-2022> <13:41:11>  >>>> CLSMAT
<Jan28-2022> <13:41:11>  >>>> ORTHON
<Jan28-2022> <13:41:11>  >>>> GENPT
<Jan28-2022> <13:41:11>  Block Length= 128
<Jan28-2022> <13:41:13>  >>>> PTBAS
<Jan28-2022> <13:41:47>  >>>> CYCLE
<Jan28-2022> <13:42:26>  using orbital data from restart file
<Jan28-2022> <13:43:03>              |Error|         MaxErr       Wt(A-DIIS)
<Jan28-2022> <13:43:03>      1      0.22795794      0.07601800
<Jan28-2022> <13:44:00>      2      0.03084928      0.00495283    100.0
<Jan28-2022> <13:44:55>      3      0.03631179      0.00390766    100.0
<Jan28-2022> <13:45:49>      4      0.00846280      0.00182744      0.8
<Jan28-2022> <13:46:44>      5      0.00699814      0.00190484      0.8
<Jan28-2022> <13:47:39>      6      0.00131361      0.00020935      0.0
<Jan28-2022> <13:48:33>      7      0.00039051      0.00008741      0.0
<Jan28-2022> <13:49:27>      8      0.00019558      0.00003468      0.0
<Jan28-2022> <13:50:22>      9      0.00002648      0.00000339      0.0
<Jan28-2022> <13:51:16>     10      0.00000621      0.00000068      0.0
<Jan28-2022> <13:51:36>  SCF converged
<Jan28-2022> <13:52:14>     11      0.00000241      0.00000031      0.0
<Jan28-2022> <13:52:31>  >>>> TOTEN
<Jan28-2022> <13:53:39>  >>>> POPAN
<Jan28-2022> <13:53:39>  >>>> DEBYE
<Jan28-2022> <13:53:40>  >>>> ENGRAD
<Jan28-2022> <13:55:56>  current energy                               -4.02677727 Hartree
<Jan28-2022> <13:55:56>  energy change                      -0.00024745     0.00020000    F
<Jan28-2022> <13:55:56>  constrained gradient max            0.01644949     0.00100000    F
<Jan28-2022> <13:55:56>  constrained gradient rms            0.00344418     0.00066667    F
<Jan28-2022> <13:55:56>  gradient max                        0.01644949
<Jan28-2022> <13:55:56>  gradient rms                        0.00344418
<Jan28-2022> <13:55:56>  cart. step max                      0.06927721     0.01000000    F
<Jan28-2022> <13:55:56>  cart. step rms                      0.02097463     0.00666667    F
<Jan28-2022> <13:55:56>  Iteration 13
<Jan28-2022> <13:55:56>  *** GOStep13 ***
<Jan28-2022> <13:55:57>  >>>> FRAGM
<Jan28-2022> <13:55:57>  Coordinates
<Jan28-2022> <13:55:57>     Atom         X           Y           Z   (Angstrom)
<Jan28-2022> <13:55:57>     1.H         0.284043   -1.668480    0.683895
<Jan28-2022> <13:55:57>     2.C        -0.865398   -0.170055   -0.315445
<Jan28-2022> <13:55:57>     3.C         0.271025   -0.727460    0.139709
<Jan28-2022> <13:55:57>     4.C         1.573836   -0.083869   -0.075567
<Jan28-2022> <13:55:57>     5.O         2.639968   -0.532447    0.313963
<Jan28-2022> <13:55:57>     6.H        -0.783581    0.800235   -0.812418
<Jan28-2022> <13:55:57>     7.C        -3.126858    0.378439    0.530156
<Jan28-2022> <13:55:57>     8.C        -2.285734   -0.683956   -0.224335
<Jan28-2022> <13:55:57>     9.C        -2.391620   -2.034706    0.494208
<Jan28-2022> <13:55:57>    10.C        -2.826743   -0.818321   -1.675786
<Jan28-2022> <13:55:57>    11.H        -2.257225   -1.564490   -2.237354
<Jan28-2022> <13:55:57>    12.H        -4.176607    0.071147    0.574442
<Jan28-2022> <13:55:57>    13.H        -3.082082    1.352319    0.032407
<Jan28-2022> <13:55:57>    14.H        -2.766648    0.508600    1.555311
<Jan28-2022> <13:55:57>    15.H        -3.436423   -2.356480    0.537568
<Jan28-2022> <13:55:57>    16.H        -2.022206   -1.974496    1.522293
<Jan28-2022> <13:55:57>    17.H        -1.827393   -2.816604   -0.022932
<Jan28-2022> <13:55:57>    18.H        -3.876728   -1.128198   -1.660516
<Jan28-2022> <13:55:57>    19.H        -2.763230    0.132379   -2.213709
<Jan28-2022> <13:55:57>    20.H         1.533344    0.889677   -0.615720
<Jan28-2022> <13:55:57>  >>>> CORORT
<Jan28-2022> <13:55:57>  >>>> CLSMAT
<Jan28-2022> <13:55:57>  >>>> ORTHON
<Jan28-2022> <13:55:57>  >>>> GENPT
<Jan28-2022> <13:55:58>  Block Length= 128
<Jan28-2022> <13:56:00>  >>>> PTBAS
<Jan28-2022> <13:56:33>  >>>> CYCLE
<Jan28-2022> <13:57:11>  using orbital data from restart file
<Jan28-2022> <13:57:48>              |Error|         MaxErr       Wt(A-DIIS)
<Jan28-2022> <13:57:48>      1      0.11356649      0.02826034
<Jan28-2022> <13:58:43>      2      0.01432551      0.00280583    100.0
<Jan28-2022> <13:59:37>      3      0.01908095      0.00342693    100.0
<Jan28-2022> <14:00:32>      4      0.00857983      0.00188325      0.9
<Jan28-2022> <14:01:29>      5      0.00257783      0.00066940      0.0
<Jan28-2022> <14:02:23>      6      0.00117420      0.00020752      0.0
<Jan28-2022> <14:03:17>      7      0.00022301      0.00003486      0.0
<Jan28-2022> <14:04:13>      8      0.00006180      0.00000700      0.0
<Jan28-2022> <14:05:08>      9      0.00001461      0.00000132      0.0
<Jan28-2022> <14:06:02>     10      0.00000335      0.00000038      0.0
<Jan28-2022> <14:06:21>  SCF converged
<Jan28-2022> <14:06:58>     11      0.00000112      0.00000012      0.0
<Jan28-2022> <14:07:17>  >>>> TOTEN
<Jan28-2022> <14:08:25>  >>>> POPAN
<Jan28-2022> <14:08:25>  >>>> DEBYE
<Jan28-2022> <14:08:26>  >>>> ENGRAD
<Jan28-2022> <14:10:43>  current energy                               -4.02711917 Hartree
<Jan28-2022> <14:10:43>  energy change                      -0.00034191     0.00020000    F
<Jan28-2022> <14:10:43>  constrained gradient max            0.00925930     0.00100000    F
<Jan28-2022> <14:10:43>  constrained gradient rms            0.00189011     0.00066667    F
<Jan28-2022> <14:10:43>  gradient max                        0.00925930
<Jan28-2022> <14:10:43>  gradient rms                        0.00189011
<Jan28-2022> <14:10:43>  cart. step max                      0.03205110     0.01000000    F
<Jan28-2022> <14:10:43>  cart. step rms                      0.01083684     0.00666667    F
<Jan28-2022> <14:10:43>  Iteration 14
<Jan28-2022> <14:10:44>  *** GOStep14 ***
<Jan28-2022> <14:10:44>  >>>> FRAGM
<Jan28-2022> <14:10:44>  Coordinates
<Jan28-2022> <14:10:44>     Atom         X           Y           Z   (Angstrom)
<Jan28-2022> <14:10:44>     1.H         0.290296   -1.689299    0.651843
<Jan28-2022> <14:10:44>     2.C        -0.863867   -0.175008   -0.325218
<Jan28-2022> <14:10:44>     3.C         0.270971   -0.736780    0.127813
<Jan28-2022> <14:10:44>     4.C         1.568550   -0.074516   -0.054736
<Jan28-2022> <14:10:44>     5.O         2.637218   -0.517168    0.331900
<Jan28-2022> <14:10:44>     6.H        -0.769407    0.790159   -0.831112
<Jan28-2022> <14:10:44>     7.C        -3.114615    0.382999    0.528190
<Jan28-2022> <14:10:44>     8.C        -2.283284   -0.684403   -0.229518
<Jan28-2022> <14:10:44>     9.C        -2.393281   -2.035000    0.495624
<Jan28-2022> <14:10:44>    10.C        -2.835756   -0.821655   -1.672644
<Jan28-2022> <14:10:44>    11.H        -2.273082   -1.568115   -2.241733
<Jan28-2022> <14:10:44>    12.H        -4.166429    0.081699    0.571348
<Jan28-2022> <14:10:44>    13.H        -3.064697    1.357134    0.030934
<Jan28-2022> <14:10:44>    14.H        -2.753847    0.508802    1.553700
<Jan28-2022> <14:10:44>    15.H        -3.437481   -2.361300    0.531444
<Jan28-2022> <14:10:44>    16.H        -2.034545   -1.971945    1.527540
<Jan28-2022> <14:10:44>    17.H        -1.818931   -2.813919   -0.015229
<Jan28-2022> <14:10:44>    18.H        -3.884835   -1.134000   -1.647284
<Jan28-2022> <14:10:44>    19.H        -2.780202    0.128497   -2.213342
<Jan28-2022> <14:10:44>    20.H         1.520964    0.907053   -0.589349
<Jan28-2022> <14:10:46>  >>>> CORORT
<Jan28-2022> <14:10:46>  >>>> CLSMAT
<Jan28-2022> <14:10:46>  >>>> ORTHON
<Jan28-2022> <14:10:46>  >>>> GENPT
<Jan28-2022> <14:10:46>  Block Length= 128
<Jan28-2022> <14:10:48>  >>>> PTBAS
<Jan28-2022> <14:11:22>  >>>> CYCLE
<Jan28-2022> <14:12:00>  using orbital data from restart file
<Jan28-2022> <14:12:38>              |Error|         MaxErr       Wt(A-DIIS)
<Jan28-2022> <14:12:38>      1      0.05011325      0.01274295
<Jan28-2022> <14:13:32>      2      0.00580842      0.00087742    100.0
<Jan28-2022> <14:14:29>      3      0.00958721      0.00208670    100.0
<Jan28-2022> <14:15:22>      4      0.00255474      0.00058651      0.0
<Jan28-2022> <14:16:16>      5      0.00136600      0.00024126      0.0
<Jan28-2022> <14:17:11>      6      0.00048421      0.00009824      0.0
<Jan28-2022> <14:18:06>      7      0.00011773      0.00002216      0.0
<Jan28-2022> <14:19:00>      8      0.00001823      0.00000172      0.0
<Jan28-2022> <14:19:56>      9      0.00000693      0.00000069      0.0
<Jan28-2022> <14:20:13>  SCF converged
<Jan28-2022> <14:20:51>     10      0.00000179      0.00000016      0.0
<Jan28-2022> <14:21:09>  >>>> TOTEN
<Jan28-2022> <14:22:16>  >>>> POPAN
<Jan28-2022> <14:22:16>  >>>> DEBYE
<Jan28-2022> <14:22:16>  >>>> ENGRAD
<Jan28-2022> <14:24:32>  current energy                               -4.02727039 Hartree
<Jan28-2022> <14:24:32>  energy change                      -0.00015121     0.00020000    T
<Jan28-2022> <14:24:32>  constrained gradient max            0.00159364     0.00100000    F
<Jan28-2022> <14:24:32>  constrained gradient rms            0.00046991     0.00066667    T
<Jan28-2022> <14:24:32>  gradient max                        0.00159364
<Jan28-2022> <14:24:32>  gradient rms                        0.00046991
<Jan28-2022> <14:24:32>  cart. step max                      0.01619966     0.01000000    F
<Jan28-2022> <14:24:32>  cart. step rms                      0.00420959     0.00666667    T
<Jan28-2022> <14:24:32>  Iteration 15
<Jan28-2022> <14:24:33>  *** GOStep15 ***
<Jan28-2022> <14:24:34>  >>>> FRAGM
<Jan28-2022> <14:24:34>  Coordinates
<Jan28-2022> <14:24:34>     Atom         X           Y           Z   (Angstrom)
<Jan28-2022> <14:24:34>     1.H         0.292255   -1.684581    0.661407
<Jan28-2022> <14:24:34>     2.C        -0.865431   -0.174774   -0.319368
<Jan28-2022> <14:24:34>     3.C         0.270399   -0.732821    0.136276
<Jan28-2022> <14:24:34>     4.C         1.568192   -0.074143   -0.059912
<Jan28-2022> <14:24:34>     5.O         2.638170   -0.516021    0.324070
<Jan28-2022> <14:24:34>     6.H        -0.770563    0.785102   -0.834822
<Jan28-2022> <14:24:34>     7.C        -3.117172    0.382151    0.530291
<Jan28-2022> <14:24:34>     8.C        -2.284309   -0.684566   -0.226652
<Jan28-2022> <14:24:34>     9.C        -2.395382   -2.036870    0.495750
<Jan28-2022> <14:24:34>    10.C        -2.830445   -0.819074   -1.671677
<Jan28-2022> <14:24:34>    11.H        -2.265171   -1.564423   -2.239519
<Jan28-2022> <14:24:34>    12.H        -4.169276    0.081559    0.570000
<Jan28-2022> <14:24:34>    13.H        -3.065345    1.356923    0.034693
<Jan28-2022> <14:24:34>    14.H        -2.759591    0.506058    1.557005
<Jan28-2022> <14:24:34>    15.H        -3.439811   -2.361876    0.528162
<Jan28-2022> <14:24:34>    16.H        -2.037928   -1.974938    1.528088
<Jan28-2022> <14:24:34>    17.H        -1.821768   -2.815755   -0.015655
<Jan28-2022> <14:24:34>    18.H        -3.879602   -1.131317   -1.651273
<Jan28-2022> <14:24:34>    19.H        -2.773017    0.131696   -2.211144
<Jan28-2022> <14:24:34>    20.H         1.519535    0.900906   -0.605548
<Jan28-2022> <14:24:34>  >>>> CORORT
<Jan28-2022> <14:24:34>  >>>> CLSMAT
<Jan28-2022> <14:24:34>  >>>> ORTHON
<Jan28-2022> <14:24:35>  >>>> GENPT
<Jan28-2022> <14:24:36>  Block Length= 128
<Jan28-2022> <14:24:37>  >>>> PTBAS
<Jan28-2022> <14:25:10>  >>>> CYCLE
<Jan28-2022> <14:25:48>  using orbital data from restart file
<Jan28-2022> <14:26:26>              |Error|         MaxErr       Wt(A-DIIS)
<Jan28-2022> <14:26:26>      1      0.02005511      0.00462469
<Jan28-2022> <14:27:22>      2      0.00359052      0.00052388    100.0
<Jan28-2022> <14:28:17>      3      0.00219164      0.00032501    100.0
<Jan28-2022> <14:29:11>      4      0.00212495      0.00029276      0.0
<Jan28-2022> <14:30:07>      5      0.00027172      0.00005870      0.0
<Jan28-2022> <14:31:04>      6      0.00021844      0.00005296      0.0
<Jan28-2022> <14:31:58>      7      0.00002411      0.00000422      0.0
<Jan28-2022> <14:32:54>      8      0.00001944      0.00000421      0.0
<Jan28-2022> <14:33:50>      9      0.00000314      0.00000041      0.0
<Jan28-2022> <14:34:07>  SCF converged
<Jan28-2022> <14:34:44>     10      0.00000111      0.00000015      0.0
<Jan28-2022> <14:35:03>  >>>> TOTEN
<Jan28-2022> <14:36:11>  >>>> POPAN
<Jan28-2022> <14:36:11>  >>>> DEBYE
<Jan28-2022> <14:36:11>  >>>> ENGRAD
<Jan28-2022> <14:38:28>  current energy                               -4.02728006 Hartree
<Jan28-2022> <14:38:28>  energy change                      -0.00000967     0.00020000    T
<Jan28-2022> <14:38:28>  constrained gradient max            0.00093913     0.00100000    T
<Jan28-2022> <14:38:28>  constrained gradient rms            0.00024123     0.00066667    T
<Jan28-2022> <14:38:28>  gradient max                        0.00093913
<Jan28-2022> <14:38:28>  gradient rms                        0.00024123
<Jan28-2022> <14:38:28>  cart. step max                      0.00510901     0.01000000    T
<Jan28-2022> <14:38:28>  cart. step rms                      0.00125198     0.00666667    T
<Jan28-2022> <14:38:28>  Geometry optimization converged
<Jan28-2022> <14:38:29>  *** adf ***
<Jan28-2022> <14:38:29>  Net Charge: 0 (Nuclei minus Electrons)
<Jan28-2022> <14:38:29>  Symmetry  : NOSYM
<Jan28-2022> <14:38:29>  >>>> FRAGM
<Jan28-2022> <14:38:29>  Coordinates
<Jan28-2022> <14:38:29>     Atom         X           Y           Z   (Angstrom)
<Jan28-2022> <14:38:29>     1.H         0.292255   -1.684581    0.661407
<Jan28-2022> <14:38:29>     2.C        -0.865431   -0.174774   -0.319368
<Jan28-2022> <14:38:29>     3.C         0.270399   -0.732821    0.136276
<Jan28-2022> <14:38:29>     4.C         1.568192   -0.074143   -0.059912
<Jan28-2022> <14:38:29>     5.O         2.638170   -0.516021    0.324070
<Jan28-2022> <14:38:29>     6.H        -0.770563    0.785102   -0.834822
<Jan28-2022> <14:38:29>     7.C        -3.117172    0.382151    0.530291
<Jan28-2022> <14:38:29>     8.C        -2.284309   -0.684566   -0.226652
<Jan28-2022> <14:38:29>     9.C        -2.395382   -2.036870    0.495750
<Jan28-2022> <14:38:29>    10.C        -2.830445   -0.819074   -1.671677
<Jan28-2022> <14:38:29>    11.H        -2.265171   -1.564423   -2.239519
<Jan28-2022> <14:38:29>    12.H        -4.169276    0.081559    0.570000
<Jan28-2022> <14:38:29>    13.H        -3.065345    1.356923    0.034693
<Jan28-2022> <14:38:29>    14.H        -2.759591    0.506058    1.557005
<Jan28-2022> <14:38:29>    15.H        -3.439811   -2.361876    0.528162
<Jan28-2022> <14:38:29>    16.H        -2.037928   -1.974938    1.528088
<Jan28-2022> <14:38:29>    17.H        -1.821768   -2.815755   -0.015655
<Jan28-2022> <14:38:29>    18.H        -3.879602   -1.131317   -1.651273
<Jan28-2022> <14:38:29>    19.H        -2.773017    0.131696   -2.211144
<Jan28-2022> <14:38:29>    20.H         1.519535    0.900906   -0.605548
<Jan28-2022> <14:38:29>  >>>> CORORT
<Jan28-2022> <14:38:29>  >>>> CLSMAT
<Jan28-2022> <14:38:29>  >>>> ORTHON
<Jan28-2022> <14:38:29>  >>>> GENPT
<Jan28-2022> <14:38:30>  Block Length= 128
<Jan28-2022> <14:38:31>  >>>> PTBAS
<Jan28-2022> <14:39:04>  >>>> CYCLE
<Jan28-2022> <14:39:43>  using orbital data from restart file
<Jan28-2022> <14:40:20>              |Error|         MaxErr       Wt(A-DIIS)
<Jan28-2022> <14:40:20>      1      0.00000021      0.00000006
<Jan28-2022> <14:41:14>      2      0.00000026      0.00000008    100.0
<Jan28-2022> <14:41:33>  SCF converged
<Jan28-2022> <14:42:10>      3      0.00000043      0.00000012    100.0
<Jan28-2022> <14:42:59>  >>>> TOTEN
<Jan28-2022> <14:45:02>  >>>> POPAN
<Jan28-2022> <14:45:02>  >>>> DEBYE
<Jan28-2022> <14:45:03>  >>>> AMETS
<Jan28-2022> <14:45:03>   Bond Energy          -4.02728006 a.u.
<Jan28-2022> <14:45:03>   Bond Energy        -109.58786635 eV
<Jan28-2022> <14:45:03>   Bond Energy       -2527.16       kcal/mol
<Jan28-2022> <14:45:03>  >>>> POPUL
<Jan28-2022> <14:45:05>  >>>> ENGRAD
<Jan28-2022> <14:47:21>  >>>> ENHESS
<Jan28-2022> <14:47:56>  === NUCLEUS:     1
<Jan28-2022> <15:12:48>  === NUCLEUS:     2
<Jan28-2022> <15:35:28>  === NUCLEUS:     3
<Jan28-2022> <15:58:53>  === NUCLEUS:     4
<Jan28-2022> <16:21:40>  === NUCLEUS:     5
<Jan28-2022> <16:45:09>  === NUCLEUS:     6
<Jan28-2022> <17:08:10>  === NUCLEUS:     7
<Jan28-2022> <17:31:03>  === NUCLEUS:     8
<Jan28-2022> <17:53:53>  === NUCLEUS:     9
<Jan28-2022> <18:17:30>  === NUCLEUS:    10
<Jan28-2022> <18:39:24>  === NUCLEUS:    11
<Jan28-2022> <19:02:52>  === NUCLEUS:    12
<Jan28-2022> <19:25:23>  === NUCLEUS:    13
<Jan28-2022> <19:49:41>  === NUCLEUS:    14
<Jan28-2022> <20:13:57>  === NUCLEUS:    15
<Jan28-2022> <20:38:50>  === NUCLEUS:    16
<Jan28-2022> <21:03:18>  === NUCLEUS:    17
<Jan28-2022> <21:27:01>  === NUCLEUS:    18
<Jan28-2022> <21:50:49>  === NUCLEUS:    19
<Jan28-2022> <22:14:25>  === NUCLEUS:    20
<Jan28-2022> <22:38:07>  >>>> CALC_HESS_PMAT
<Jan28-2022> <22:43:42>  >>>> CALC_HESS_WMAT
<Jan28-2022> <22:44:31>  PES point character: Geometry corresponds to a local minimum on the PES.
<Jan28-2022> <22:44:31>  Geometry optimization successful!
<Jan28-2022> <22:44:31>  WARNING: total elapsed time is much higher than the (CPU+system) time.
<Jan28-2022> <22:44:31>  Make sure the machine is not oversubscribed and has enough memory, SCM_TMPDIR points to a fast file system, and the network is fast enough.
<Jan28-2022> <22:44:31>  NORMAL TERMINATION
