<Jan31-2022> <17:34:39>  AMS 2021.102  RunTime: Jan31-2022 17:34:39  ShM Nodes: 1  Procs: 16
<Jan31-2022> <17:34:40>  ADF 2021.102  RunTime: Jan31-2022 17:34:40  ShM Nodes: 1  Procs: 16
<Jan31-2022> <17:34:40>  *** (NO TITLE) ***
<Jan31-2022> <17:34:40>  Iteration 1
<Jan31-2022> <17:34:40>  DIRAC 2021.102  RunTime: Jan31-2022 17:34:40  ShM Nodes: 1  Procs: 1
<Jan31-2022> <17:34:40>  Hydrogen (TZ2P)
<Jan31-2022> <17:34:41>  Net Charge: 0 (Nuclei minus Electrons)
<Jan31-2022> <17:34:41>  Symmetry  : ATOM
<Jan31-2022> <17:34:41>  Coordinates
<Jan31-2022> <17:34:41>     Atom         X           Y           Z   (Angstrom)
<Jan31-2022> <17:34:41>     1.H         0.000000    0.000000    0.000000
<Jan31-2022> <17:34:41>  >>>> CORORT
<Jan31-2022> <17:34:41>  >>>> CLSMAT
<Jan31-2022> <17:34:41>  >>>> ORTHON
<Jan31-2022> <17:34:41>  >>>> GENPT
<Jan31-2022> <17:34:41>  Block Length=  64
<Jan31-2022> <17:34:41>  >>>> PTBAS
<Jan31-2022> <17:34:41>  >>>> CYCLE
<Jan31-2022> <17:34:41>              |Error|         MaxErr       Wt(A-DIIS)
<Jan31-2022> <17:34:41>      1      0.00000000      0.00000000
<Jan31-2022> <17:34:41>      2      0.03080019      0.02591482
<Jan31-2022> <17:34:41>      3      0.01140383      0.01135775    100.0
<Jan31-2022> <17:34:41>      4      0.00327656      0.00327407      2.3
<Jan31-2022> <17:34:41>      5      0.00010041      0.00009754      0.0
<Jan31-2022> <17:34:41>      6      0.00000525      0.00000504      0.0
<Jan31-2022> <17:34:41>      7      0.00000007      0.00000007      0.0
<Jan31-2022> <17:34:41>      8      0.00000000      0.00000000      0.0
<Jan31-2022> <17:34:41>  SCF converged
<Jan31-2022> <17:34:41>      9      0.00000000      0.00000000      0.0
<Jan31-2022> <17:34:41>  >>>> POPAN
<Jan31-2022> <17:34:41>  >>>> DEBYE
<Jan31-2022> <17:34:41>  DIRAC 2021.102  RunTime: Jan31-2022 17:34:41  ShM Nodes: 1  Procs: 1
<Jan31-2022> <17:34:41>  Carbon (TZ2P)
<Jan31-2022> <17:34:42>  Net Charge: 0 (Nuclei minus Electrons)
<Jan31-2022> <17:34:42>  Symmetry  : ATOM
<Jan31-2022> <17:34:42>  Coordinates
<Jan31-2022> <17:34:42>     Atom         X           Y           Z   (Angstrom)
<Jan31-2022> <17:34:42>     1.C         0.000000    0.000000    0.000000
<Jan31-2022> <17:34:42>  >>>> CORORT
<Jan31-2022> <17:34:42>  >>>> CLSMAT
<Jan31-2022> <17:34:42>  >>>> ORTHON
<Jan31-2022> <17:34:42>  >>>> GENPT
<Jan31-2022> <17:34:42>  Block Length=  72
<Jan31-2022> <17:34:42>  >>>> PTBAS
<Jan31-2022> <17:34:42>  >>>> CYCLE
<Jan31-2022> <17:34:42>              |Error|         MaxErr       Wt(A-DIIS)
<Jan31-2022> <17:34:42>      1      0.00000000      0.00000000
<Jan31-2022> <17:34:42>      2      4.48405934      3.32161898    100.0
<Jan31-2022> <17:34:42>      3      1.60718414      1.28408746    100.0
<Jan31-2022> <17:34:42>      4      0.76426456      0.62272052    100.0
<Jan31-2022> <17:34:42>      5      0.36119063      0.28553990    100.0
<Jan31-2022> <17:34:42>      6      0.14821424      0.11559867    100.0
<Jan31-2022> <17:34:42>      7      0.10108424      0.07867111     78.5
<Jan31-2022> <17:34:42>      8      0.01786531      0.01387049     13.0
<Jan31-2022> <17:34:42>      9      0.00195746      0.00153262      0.5
<Jan31-2022> <17:34:42>     10      0.00001058      0.00000730      0.0
<Jan31-2022> <17:34:42>     11      0.00000047      0.00000027      0.0
<Jan31-2022> <17:34:42>     12      0.00000003      0.00000002      0.0
<Jan31-2022> <17:34:42>     13      0.00000000      0.00000000      0.0
<Jan31-2022> <17:34:42>  SCF converged
<Jan31-2022> <17:34:42>     14      0.00000000      0.00000000      0.0
<Jan31-2022> <17:34:42>  >>>> POPAN
<Jan31-2022> <17:34:42>  >>>> DEBYE
<Jan31-2022> <17:34:43>  DIRAC 2021.102  RunTime: Jan31-2022 17:34:43  ShM Nodes: 1  Procs: 1
<Jan31-2022> <17:34:43>  Oxygen (TZ2P)
<Jan31-2022> <17:34:43>  Net Charge: 0 (Nuclei minus Electrons)
<Jan31-2022> <17:34:43>  Symmetry  : ATOM
<Jan31-2022> <17:34:43>  Coordinates
<Jan31-2022> <17:34:43>     Atom         X           Y           Z   (Angstrom)
<Jan31-2022> <17:34:43>     1.O         0.000000    0.000000    0.000000
<Jan31-2022> <17:34:43>  >>>> CORORT
<Jan31-2022> <17:34:43>  >>>> CLSMAT
<Jan31-2022> <17:34:43>  >>>> ORTHON
<Jan31-2022> <17:34:43>  >>>> GENPT
<Jan31-2022> <17:34:43>  Block Length=  68
<Jan31-2022> <17:34:43>  >>>> PTBAS
<Jan31-2022> <17:34:43>  >>>> CYCLE
<Jan31-2022> <17:34:43>              |Error|         MaxErr       Wt(A-DIIS)
<Jan31-2022> <17:34:43>      1      0.00000000      0.00000000
<Jan31-2022> <17:34:43>      2      8.77210307      5.53374266    100.0
<Jan31-2022> <17:34:43>      3      3.60058093      2.49154808    100.0
<Jan31-2022> <17:34:43>      4      1.20505529      0.62472425    100.0
<Jan31-2022> <17:34:43>      5      1.46502638      0.81213311    100.0
<Jan31-2022> <17:34:43>      6      0.15089362      0.09131786     91.2
<Jan31-2022> <17:34:43>      7      0.14397311      0.08251182     82.3
<Jan31-2022> <17:34:43>      8      0.00183259      0.00123681      0.2
<Jan31-2022> <17:34:43>      9      0.00015629      0.00008105      0.0
<Jan31-2022> <17:34:43>     10      0.00001324      0.00000629      0.0
<Jan31-2022> <17:34:43>     11      0.00000006      0.00000003      0.0
<Jan31-2022> <17:34:44>     12      0.00000000      0.00000000      0.0
<Jan31-2022> <17:34:44>  SCF converged
<Jan31-2022> <17:34:44>     13      0.00000000      0.00000000      0.0
<Jan31-2022> <17:34:44>  >>>> POPAN
<Jan31-2022> <17:34:44>  >>>> DEBYE
<Jan31-2022> <17:34:44>  DIRAC 2021.102  RunTime: Jan31-2022 17:34:44  ShM Nodes: 1  Procs: 1
<Jan31-2022> <17:34:45>  Iodine (TZ2P, all electron)
<Jan31-2022> <17:34:45>  Net Charge: 0 (Nuclei minus Electrons)
<Jan31-2022> <17:34:45>  Symmetry  : ATOM
<Jan31-2022> <17:34:45>  Coordinates
<Jan31-2022> <17:34:45>     Atom         X           Y           Z   (Angstrom)
<Jan31-2022> <17:34:45>     1.I         0.000000    0.000000    0.000000
<Jan31-2022> <17:34:45>  >>>> CORORT
<Jan31-2022> <17:34:45>  >>>> CLSMAT
<Jan31-2022> <17:34:45>  >>>> ORTHON
<Jan31-2022> <17:34:45>  >>>> GENPT
<Jan31-2022> <17:34:45>  Block Length=  88
<Jan31-2022> <17:34:45>  >>>> PTBAS
<Jan31-2022> <17:34:45>  >>>> CYCLE
<Jan31-2022> <17:34:46>              |Error|         MaxErr       Wt(A-DIIS)
<Jan31-2022> <17:34:46>      1      0.00000000      0.00000000
<Jan31-2022> <17:34:46>      2    302.16835523     40.96243619    100.0
<Jan31-2022> <17:34:46>      3    115.45084873     32.05895485    100.0
<Jan31-2022> <17:34:46>      4     16.57298611      2.67421947    100.0
<Jan31-2022> <17:34:46>      5     19.84924009      6.00369154    100.0
<Jan31-2022> <17:34:46>      6      3.53444971      0.75082635    100.0
<Jan31-2022> <17:34:46>      7      3.91287540      0.80211300    100.0
<Jan31-2022> <17:34:47>      8      0.25898904      0.05024736     49.7
<Jan31-2022> <17:34:47>      9      0.05079462      0.01041659      9.5
<Jan31-2022> <17:34:47>     10      0.00447325      0.00089953      0.0
<Jan31-2022> <17:34:47>     11      0.00037467      0.00008194      0.0
<Jan31-2022> <17:34:47>     12      0.00000877      0.00000176      0.0
<Jan31-2022> <17:34:47>     13      0.00000011      0.00000002      0.0
<Jan31-2022> <17:34:47>     14      0.00000000      0.00000000      0.0
<Jan31-2022> <17:34:48>  SCF converged
<Jan31-2022> <17:34:48>     15      0.00000000      0.00000000      0.0
<Jan31-2022> <17:34:48>  >>>> POPAN
<Jan31-2022> <17:34:48>  >>>> DEBYE
<Jan31-2022> <17:34:48>  *** GOStep1 ***
<Jan31-2022> <17:34:51>  >>>> FRAGM
<Jan31-2022> <17:34:51>  Coordinates
<Jan31-2022> <17:34:51>     Atom         X           Y           Z   (Angstrom)
<Jan31-2022> <17:34:51>     1.H         0.308836   -1.713227    0.348451
<Jan31-2022> <17:34:51>     2.C        -0.859332    0.073256    0.953616
<Jan31-2022> <17:34:51>     3.C         0.305667   -0.622080    0.356973
<Jan31-2022> <17:34:51>     4.C         1.443635    0.022461   -0.230052
<Jan31-2022> <17:34:51>     5.O         2.419916   -0.559288   -0.730045
<Jan31-2022> <17:34:51>     6.H        -0.691953    1.152837    0.944283
<Jan31-2022> <17:34:51>     7.H        -2.099499    0.106838    2.737885
<Jan31-2022> <17:34:51>     8.H        -0.387774   -0.204925    3.068992
<Jan31-2022> <17:34:51>     9.C        -1.207068   -0.411253    2.373451
<Jan31-2022> <17:34:51>    10.H        -1.408495   -1.487467    2.394752
<Jan31-2022> <17:34:51>    11.C        -1.709375    0.203542   -1.384969
<Jan31-2022> <17:34:51>    12.C        -2.077448   -0.189854    0.048870
<Jan31-2022> <17:34:51>    13.C        -3.248077    0.658872    0.554263
<Jan31-2022> <17:34:51>    14.C        -2.423461   -1.680065    0.124222
<Jan31-2022> <17:34:51>    15.H        -2.661217   -1.961928    1.150568
<Jan31-2022> <17:34:51>    16.H        -2.550858    0.030607   -2.057970
<Jan31-2022> <17:34:51>    17.H        -0.860079   -0.385562   -1.732838
<Jan31-2022> <17:34:51>    18.H        -1.440011    1.259353   -1.430401
<Jan31-2022> <17:34:51>    19.H        -4.132818    0.498738   -0.064220
<Jan31-2022> <17:34:51>    20.H        -2.989317    1.717821    0.522196
<Jan31-2022> <17:34:51>    21.H        -3.491516    0.393128    1.583573
<Jan31-2022> <17:34:51>    22.H        -3.285019   -1.905954   -0.506351
<Jan31-2022> <17:34:51>    23.H        -1.579087   -2.282150   -0.213246
<Jan31-2022> <17:34:51>    24.H         2.131759   -0.633405   -0.721198
<Jan31-2022> <17:34:51>    25.I         1.540627    0.824565   -0.280820
<Jan31-2022> <17:34:51>    26.I         0.108422    3.078617    0.450888
<Jan31-2022> <17:34:56>  >>>> CORORT
<Jan31-2022> <17:34:57>  >>>> CLSMAT
<Jan31-2022> <17:34:57>  >>>> ORTHON
<Jan31-2022> <17:34:57>  >>>> GENPT
<Jan31-2022> <17:34:58>  Block Length= 128
<Jan31-2022> <17:34:59>  >>>> PTBAS
<Jan31-2022> <17:35:20>  >>>> CYCLE
<Jan31-2022> <17:36:26>              |Error|         MaxErr       Wt(A-DIIS)
<Jan31-2022> <17:36:26>      1     29.11573579      3.78735398
<Jan31-2022> <17:37:14>      2      4.12891350      0.35168497    100.0
<Jan31-2022> <17:38:03>      3      1.40875907      0.13342872    100.0
<Jan31-2022> <17:38:51>      4      2.50203503      0.18103111    100.0
<Jan31-2022> <17:39:41>      5      0.55734805      0.03554065     34.9
<Jan31-2022> <17:40:26>      6      0.42160224      0.02611462     25.4
<Jan31-2022> <17:41:46>      7      0.37715744      0.02376905     23.0
<Jan31-2022> <17:42:28>      8      0.07111046      0.00340112      2.4
<Jan31-2022> <17:43:12>      9      0.01985956      0.00093172      0.0
<Jan31-2022> <17:44:01>     10      0.00818688      0.00040568      0.0
<Jan31-2022> <17:44:50>     11      0.00314085      0.00019740      0.0
<Jan31-2022> <17:45:44>     12      0.00110092      0.00005996      0.0
<Jan31-2022> <17:46:44>     13      0.00093690      0.00004453      0.0
<Jan31-2022> <17:47:30>     14      0.00071445      0.00004364      0.0
<Jan31-2022> <17:48:16>     15      0.00056075      0.00003951      0.0
<Jan31-2022> <17:49:02>     16      0.00016549      0.00001243      0.0
<Jan31-2022> <17:49:53>     17      0.00012192      0.00000505      0.0
<Jan31-2022> <17:50:45>     18      0.00013424      0.00000666      0.0
<Jan31-2022> <17:51:39>     19      0.00007353      0.00000528      0.0
<Jan31-2022> <17:52:35>     20      0.00002904      0.00000132      0.0
<Jan31-2022> <17:53:36>     21      0.00001694      0.00000088      0.0
<Jan31-2022> <17:54:24>     22      0.00000456      0.00000018      0.0
<Jan31-2022> <17:54:46>  SCF converged
<Jan31-2022> <17:55:11>     23      0.00000478      0.00000025      0.0
<Jan31-2022> <17:55:32>  >>>> TOTEN
<Jan31-2022> <17:56:13>  >>>> POPAN
<Jan31-2022> <17:56:13>  >>>> DEBYE
<Jan31-2022> <17:56:14>  >>>> ENGRAD
<Jan31-2022> <17:57:43>  current energy                                5.47124764 Hartree
<Jan31-2022> <17:57:43>  energy change                       5.47124764     0.00026000    F
<Jan31-2022> <17:57:43>  constrained gradient max           29.78854903     0.00100000    F
<Jan31-2022> <17:57:43>  constrained gradient rms            6.25855231     0.00066667    F
<Jan31-2022> <17:57:43>  gradient max                       29.78854903
<Jan31-2022> <17:57:43>  gradient rms                        6.25855231
<Jan31-2022> <17:57:43>  cart. step max                      0.03218380     0.01000000    F
<Jan31-2022> <17:57:43>  cart. step rms                      0.00658082     0.00666667    T
<Jan31-2022> <17:57:43>  Iteration 2
<Jan31-2022> <17:57:43>  *** GOStep2 ***
<Jan31-2022> <17:57:48>  >>>> FRAGM
<Jan31-2022> <17:57:48>  Coordinates
<Jan31-2022> <17:57:48>     Atom         X           Y           Z   (Angstrom)
<Jan31-2022> <17:57:48>     1.H         0.308109   -1.715618    0.348373
<Jan31-2022> <17:57:48>     2.C        -0.858661    0.071725    0.953248
<Jan31-2022> <17:57:48>     3.C         0.305880   -0.624391    0.356492
<Jan31-2022> <17:57:48>     4.C         1.438102    0.002379   -0.227906
<Jan31-2022> <17:57:48>     5.O         2.447806   -0.550788   -0.729383
<Jan31-2022> <17:57:48>     6.H        -0.690812    1.151156    0.943750
<Jan31-2022> <17:57:48>     7.H        -2.097865    0.106070    2.738256
<Jan31-2022> <17:57:48>     8.H        -0.386130   -0.206332    3.068465
<Jan31-2022> <17:57:48>     9.C        -1.205882   -0.412431    2.373393
<Jan31-2022> <17:57:48>    10.H        -1.407730   -1.488523    2.395028
<Jan31-2022> <17:57:48>    11.C        -1.709355    0.202319   -1.385464
<Jan31-2022> <17:57:48>    12.C        -2.077426   -0.190814    0.048507
<Jan31-2022> <17:57:48>    13.C        -3.247530    0.658668    0.554055
<Jan31-2022> <17:57:48>    14.C        -2.424477   -1.680872    0.123842
<Jan31-2022> <17:57:48>    15.H        -2.662328   -1.962713    1.150154
<Jan31-2022> <17:57:48>    16.H        -2.551062    0.029886   -2.058342
<Jan31-2022> <17:57:48>    17.H        -0.860476   -0.387339   -1.733499
<Jan31-2022> <17:57:48>    18.H        -1.439350    1.257967   -1.431023
<Jan31-2022> <17:57:48>    19.H        -4.132454    0.499043   -0.064328
<Jan31-2022> <17:57:48>    20.H        -2.988171    1.717482    0.521925
<Jan31-2022> <17:57:48>    21.H        -3.491085    0.393162    1.583385
<Jan31-2022> <17:57:48>    22.H        -3.286294   -1.906118   -0.506642
<Jan31-2022> <17:57:48>    23.H        -1.580609   -2.283584   -0.213781
<Jan31-2022> <17:57:48>    24.H         2.099575   -0.642084   -0.716750
<Jan31-2022> <17:57:48>    25.I         1.543180    0.845556   -0.282474
<Jan31-2022> <17:57:48>    26.I         0.111505    3.099674    0.451593
<Jan31-2022> <17:57:48>  >>>> CORORT
<Jan31-2022> <17:57:48>  >>>> CLSMAT
<Jan31-2022> <17:57:48>  >>>> ORTHON
<Jan31-2022> <17:57:49>  >>>> GENPT
<Jan31-2022> <17:57:49>  Block Length= 128
<Jan31-2022> <17:57:51>  >>>> PTBAS
<Jan31-2022> <17:58:12>  >>>> CYCLE
<Jan31-2022> <17:58:51>  using orbital data from restart file
<Jan31-2022> <17:59:17>              |Error|         MaxErr       Wt(A-DIIS)
<Jan31-2022> <17:59:17>      1      9.79496952      1.24040861
<Jan31-2022> <18:00:03>      2      1.97179164      0.10481188    100.0
<Jan31-2022> <18:00:58>      3      0.33824647      0.02427022    100.0
<Jan31-2022> <18:01:43>      4      0.90466640      0.04698004    100.0
<Jan31-2022> <18:02:26>      5      0.28070991      0.01588712     15.0
<Jan31-2022> <18:03:13>      6      0.05197291      0.00342208      2.4
<Jan31-2022> <18:04:06>      7      0.01619411      0.00080809      0.0
<Jan31-2022> <18:05:09>      8      0.00750861      0.00030931      0.0
<Jan31-2022> <18:05:50>      9      0.00242213      0.00012553      0.0
<Jan31-2022> <18:06:35>     10      0.00070124      0.00005436      0.0
<Jan31-2022> <18:07:20>     11      0.00034175      0.00002009      0.0
<Jan31-2022> <18:08:09>     12      0.00014346      0.00000756      0.0
<Jan31-2022> <18:08:58>     13      0.00015539      0.00000966      0.0
<Jan31-2022> <18:09:51>     14      0.00009150      0.00000747      0.0
<Jan31-2022> <18:10:40>     15      0.00004303      0.00000172      0.0
<Jan31-2022> <18:11:24>     16      0.00004955      0.00000333      0.0
<Jan31-2022> <18:12:08>     17      0.00001995      0.00000156      0.0
<Jan31-2022> <18:12:52>     18      0.00000934      0.00000059      0.0
<Jan31-2022> <18:13:20>  SCF converged
<Jan31-2022> <18:13:44>     19      0.00000457      0.00000020      0.0
<Jan31-2022> <18:14:12>  >>>> TOTEN
<Jan31-2022> <18:14:51>  >>>> POPAN
<Jan31-2022> <18:14:52>  >>>> DEBYE
<Jan31-2022> <18:14:53>  >>>> ENGRAD
<Jan31-2022> <18:16:21>  current energy                                3.05843719 Hartree
<Jan31-2022> <18:16:21>  energy change                      -2.41281045     0.00026000    F
<Jan31-2022> <18:16:21>  constrained gradient max           20.82769559     0.00100000    F
<Jan31-2022> <18:16:21>  constrained gradient rms            4.35504913     0.00066667    F
<Jan31-2022> <18:16:21>  gradient max                       20.82769559
<Jan31-2022> <18:16:21>  gradient rms                        4.35504913
<Jan31-2022> <18:16:21>  cart. step max                      0.06191457     0.01000000    F
<Jan31-2022> <18:16:21>  cart. step rms                      0.01400184     0.00666667    F
<Jan31-2022> <18:16:21>  Iteration 3
<Jan31-2022> <18:16:21>  *** GOStep3 ***
<Jan31-2022> <18:16:24>  >>>> FRAGM
<Jan31-2022> <18:16:24>  Coordinates
<Jan31-2022> <18:16:24>     Atom         X           Y           Z   (Angstrom)
<Jan31-2022> <18:16:24>     1.H         0.306461   -1.721623    0.348773
<Jan31-2022> <18:16:24>     2.C        -0.856704    0.067693    0.952712
<Jan31-2022> <18:16:24>     3.C         0.306911   -0.630119    0.355672
<Jan31-2022> <18:16:24>     4.C         1.422143   -0.051457   -0.220507
<Jan31-2022> <18:16:24>     5.O         2.480605   -0.541404   -0.726515
<Jan31-2022> <18:16:24>     6.H        -0.688042    1.146704    0.943022
<Jan31-2022> <18:16:24>     7.H        -2.092841    0.103200    2.740134
<Jan31-2022> <18:16:24>     8.H        -0.380896   -0.210171    3.067365
<Jan31-2022> <18:16:24>     9.C        -1.201980   -0.415915    2.373749
<Jan31-2022> <18:16:24>    10.H        -1.404444   -1.491733    2.396224
<Jan31-2022> <18:16:24>    11.C        -1.709142    0.199470   -1.386763
<Jan31-2022> <18:16:24>    12.C        -2.077369   -0.193482    0.047456
<Jan31-2022> <18:16:24>    13.C        -3.246439    0.657617    0.553441
<Jan31-2022> <18:16:24>    14.C        -2.427023   -1.683308    0.122079
<Jan31-2022> <18:16:24>    15.H        -2.665354   -1.965642    1.148077
<Jan31-2022> <18:16:24>    16.H        -2.551297    0.028392   -2.059532
<Jan31-2022> <18:16:24>    17.H        -0.861191   -0.391393   -1.735330
<Jan31-2022> <18:16:24>    18.H        -1.437657    1.254757   -1.432371
<Jan31-2022> <18:16:24>    19.H        -4.131678    0.499314   -0.064949
<Jan31-2022> <18:16:24>    20.H        -2.985767    1.716164    0.521523
<Jan31-2022> <18:16:24>    21.H        -3.490579    0.392453    1.582670
<Jan31-2022> <18:16:24>    22.H        -3.289376   -1.906683   -0.508457
<Jan31-2022> <18:16:24>    23.H        -1.584408   -2.287509   -0.216026
<Jan31-2022> <18:16:24>    24.H         2.050201   -0.659249   -0.705298
<Jan31-2022> <18:16:24>    25.I         1.551171    0.905812   -0.286816
<Jan31-2022> <18:16:24>    26.I         0.121153    3.161589    0.450538
<Jan31-2022> <18:16:24>  >>>> CORORT
<Jan31-2022> <18:16:24>  >>>> CLSMAT
<Jan31-2022> <18:16:24>  >>>> ORTHON
<Jan31-2022> <18:16:33>  >>>> GENPT
<Jan31-2022> <18:16:33>  Block Length= 128
<Jan31-2022> <18:16:35>  >>>> PTBAS
<Jan31-2022> <18:16:56>  >>>> CYCLE
<Jan31-2022> <18:17:34>  using orbital data from restart file
<Jan31-2022> <18:17:58>              |Error|         MaxErr       Wt(A-DIIS)
<Jan31-2022> <18:17:58>      1     20.43389296      2.46343382
<Jan31-2022> <18:18:41>      2      4.24644482      0.20867315    100.0
<Jan31-2022> <18:19:29>      3      0.74834533      0.04494422    100.0
<Jan31-2022> <18:20:13>      4      1.35845908      0.06043620    100.0
<Jan31-2022> <18:20:57>      5      0.44165496      0.02217553     21.4
<Jan31-2022> <18:21:43>      6      0.39812901      0.02827515     21.4
<Jan31-2022> <18:22:26>      7      0.09976092      0.00595994      5.0
<Jan31-2022> <18:23:11>      8      0.03220138      0.00222262      1.2
<Jan31-2022> <18:23:58>      9      0.01366073      0.00085775      0.0
<Jan31-2022> <18:24:48>     10      0.00316811      0.00014202      0.0
<Jan31-2022> <18:25:34>     11      0.00092117      0.00005573      0.0
<Jan31-2022> <18:26:18>     12      0.00030533      0.00001306      0.0
<Jan31-2022> <18:27:01>     13      0.00014334      0.00000918      0.0
<Jan31-2022> <18:27:46>     14      0.00008444      0.00000567      0.0
<Jan31-2022> <18:28:32>     15      0.00006282      0.00000453      0.0
<Jan31-2022> <18:29:18>     16      0.00002708      0.00000202      0.0
<Jan31-2022> <18:30:04>     17      0.00001101      0.00000064      0.0
<Jan31-2022> <18:30:48>     18      0.00000579      0.00000029      0.0
<Jan31-2022> <18:31:16>  SCF converged
<Jan31-2022> <18:31:41>     19      0.00000542      0.00000041      0.0
<Jan31-2022> <18:32:04>  >>>> TOTEN
<Jan31-2022> <18:32:44>  >>>> POPAN
<Jan31-2022> <18:32:45>  >>>> DEBYE
<Jan31-2022> <18:32:45>  >>>> ENGRAD
<Jan31-2022> <18:34:13>  current energy                                0.02630271 Hartree
<Jan31-2022> <18:34:13>  energy change                      -3.03213448     0.00026000    F
<Jan31-2022> <18:34:13>  constrained gradient max           13.23425619     0.00100000    F
<Jan31-2022> <18:34:13>  constrained gradient rms            2.52558756     0.00066667    F
<Jan31-2022> <18:34:13>  gradient max                       13.23425619
<Jan31-2022> <18:34:13>  gradient rms                        2.52558756
<Jan31-2022> <18:34:13>  cart. step max                      0.20951823     0.01000000    F
<Jan31-2022> <18:34:13>  cart. step rms                      0.03769579     0.00666667    F
<Jan31-2022> <18:34:13>  Iteration 4
<Jan31-2022> <18:34:14>  *** GOStep4 ***
<Jan31-2022> <18:34:20>  >>>> FRAGM
<Jan31-2022> <18:34:20>  Coordinates
<Jan31-2022> <18:34:20>     Atom         X           Y           Z   (Angstrom)
<Jan31-2022> <18:34:20>     1.H         0.301740   -1.725466    0.366815
<Jan31-2022> <18:34:20>     2.C        -0.860339    0.060707    0.960999
<Jan31-2022> <18:34:20>     3.C         0.310302   -0.632654    0.365750
<Jan31-2022> <18:34:20>     4.C         1.382258   -0.145551   -0.185396
<Jan31-2022> <18:34:20>     5.O         2.495212   -0.575386   -0.719929
<Jan31-2022> <18:34:20>     6.H        -0.700515    1.139467    0.953980
<Jan31-2022> <18:34:20>     7.H        -2.077503    0.081389    2.764112
<Jan31-2022> <18:34:20>     8.H        -0.360684   -0.215564    3.071621
<Jan31-2022> <18:34:20>     9.C        -1.187126   -0.428276    2.386364
<Jan31-2022> <18:34:20>    10.H        -1.378562   -1.504922    2.411585
<Jan31-2022> <18:34:20>    11.C        -1.719107    0.199541   -1.387838
<Jan31-2022> <18:34:20>    12.C        -2.089128   -0.202627    0.045353
<Jan31-2022> <18:34:20>    13.C        -3.263458    0.643988    0.552908
<Jan31-2022> <18:34:20>    14.C        -2.441267   -1.695334    0.105829
<Jan31-2022> <18:34:20>    15.H        -2.684850   -1.989854    1.126647
<Jan31-2022> <18:34:20>    16.H        -2.559911    0.031024   -2.063713
<Jan31-2022> <18:34:20>    17.H        -0.869721   -0.388163   -1.740233
<Jan31-2022> <18:34:20>    18.H        -1.449537    1.255735   -1.428639
<Jan31-2022> <18:34:20>    19.H        -4.146246    0.487077   -0.070258
<Jan31-2022> <18:34:20>    20.H        -3.006219    1.703969    0.528069
<Jan31-2022> <18:34:20>    21.H        -3.514048    0.374558    1.579098
<Jan31-2022> <18:34:20>    22.H        -3.302264   -1.911372   -0.530028
<Jan31-2022> <18:34:20>    23.H        -1.600060   -2.299892   -0.235298
<Jan31-2022> <18:34:20>    24.H         2.046792   -0.707260   -0.683737
<Jan31-2022> <18:34:20>    25.I         1.606685    1.057240   -0.306374
<Jan31-2022> <18:34:20>    26.I         0.224013    3.371107    0.393184
<Jan31-2022> <18:34:20>  >>>> CORORT
<Jan31-2022> <18:34:20>  >>>> CLSMAT
<Jan31-2022> <18:34:20>  >>>> ORTHON
<Jan31-2022> <18:34:20>  >>>> GENPT
<Jan31-2022> <18:34:21>  Block Length= 128
<Jan31-2022> <18:34:22>  >>>> PTBAS
<Jan31-2022> <18:34:43>  >>>> CYCLE
<Jan31-2022> <18:35:22>  using orbital data from restart file
<Jan31-2022> <18:35:47>              |Error|         MaxErr       Wt(A-DIIS)
<Jan31-2022> <18:35:47>      1     16.57862721      2.42064888
<Jan31-2022> <18:36:39>      2      4.39436791      0.24245047    100.0
<Jan31-2022> <18:37:28>      3      0.74486487      0.05534677    100.0
<Jan31-2022> <18:38:12>      4      1.24976947      0.06044236    100.0
<Jan31-2022> <18:38:58>      5      0.31224112      0.01338748     12.5
<Jan31-2022> <18:39:45>      6      0.20402351      0.01348826     12.5
<Jan31-2022> <18:40:33>      7      0.06139800      0.00307759      2.1
<Jan31-2022> <18:41:17>      8      0.01912189      0.00120096      0.2
<Jan31-2022> <18:42:00>      9      0.00734581      0.00047385      0.0
<Jan31-2022> <18:42:48>     10      0.00165929      0.00009448      0.0
<Jan31-2022> <18:43:35>     11      0.00044520      0.00001969      0.0
<Jan31-2022> <18:44:19>     12      0.00020119      0.00001090      0.0
<Jan31-2022> <18:45:08>     13      0.00008426      0.00000404      0.0
<Jan31-2022> <18:45:58>     14      0.00003263      0.00000155      0.0
<Jan31-2022> <18:46:51>     15      0.00002115      0.00000141      0.0
<Jan31-2022> <18:47:38>     16      0.00000758      0.00000052      0.0
<Jan31-2022> <18:47:57>  SCF converged
<Jan31-2022> <18:48:21>     17      0.00000373      0.00000022      0.0
<Jan31-2022> <18:48:42>  >>>> TOTEN
<Jan31-2022> <18:49:22>  >>>> POPAN
<Jan31-2022> <18:49:22>  >>>> DEBYE
<Jan31-2022> <18:49:23>  >>>> ENGRAD
<Jan31-2022> <18:50:50>  current energy                               -2.36656485 Hartree
<Jan31-2022> <18:50:50>  energy change                      -2.39286757     0.00026000    F
<Jan31-2022> <18:50:50>  constrained gradient max            7.63829468     0.00100000    F
<Jan31-2022> <18:50:50>  constrained gradient rms            1.43804766     0.00066667    F
<Jan31-2022> <18:50:50>  gradient max                        7.63829468
<Jan31-2022> <18:50:50>  gradient rms                        1.43804766
<Jan31-2022> <18:50:50>  cart. step max                      0.21158186     0.01000000    F
<Jan31-2022> <18:50:50>  cart. step rms                      0.03836073     0.00666667    F
<Jan31-2022> <18:50:50>  Iteration 5
<Jan31-2022> <18:50:51>  *** GOStep5 ***
<Jan31-2022> <18:50:54>  >>>> FRAGM
<Jan31-2022> <18:50:54>  Coordinates
<Jan31-2022> <18:50:54>     Atom         X           Y           Z   (Angstrom)
<Jan31-2022> <18:50:54>     1.H         0.300219   -1.726325    0.389362
<Jan31-2022> <18:50:54>     2.C        -0.870162    0.056891    0.970302
<Jan31-2022> <18:50:54>     3.C         0.311920   -0.631940    0.380676
<Jan31-2022> <18:50:54>     4.C         1.371110   -0.146862   -0.159875
<Jan31-2022> <18:50:54>     5.O         2.706794   -0.533169   -0.742134
<Jan31-2022> <18:50:54>     6.H        -0.719800    1.136700    0.964378
<Jan31-2022> <18:50:54>     7.H        -2.069865    0.062430    2.786570
<Jan31-2022> <18:50:54>     8.H        -0.348730   -0.216113    3.077188
<Jan31-2022> <18:50:54>     9.C        -1.179220   -0.437070    2.399254
<Jan31-2022> <18:50:54>    10.H        -1.358427   -1.514617    2.427029
<Jan31-2022> <18:50:54>    11.C        -1.738932    0.200306   -1.389331
<Jan31-2022> <18:50:54>    12.C        -2.108522   -0.210180    0.043883
<Jan31-2022> <18:50:54>    13.C        -3.287874    0.632325    0.553555
<Jan31-2022> <18:50:54>    14.C        -2.462036   -1.706191    0.092295
<Jan31-2022> <18:50:54>    15.H        -2.709563   -2.011997    1.108484
<Jan31-2022> <18:50:54>    16.H        -2.579546    0.033251   -2.066700
<Jan31-2022> <18:50:54>    17.H        -0.888542   -0.383398   -1.747170
<Jan31-2022> <18:50:54>    18.H        -1.471992    1.257634   -1.426587
<Jan31-2022> <18:50:54>    19.H        -4.168931    0.476023   -0.073260
<Jan31-2022> <18:50:54>    20.H        -3.034379    1.693884    0.534467
<Jan31-2022> <18:50:54>    21.H        -3.543883    0.359726    1.577316
<Jan31-2022> <18:50:54>    22.H        -3.322220   -1.916153   -0.547663
<Jan31-2022> <18:50:54>    23.H        -1.622410   -2.311429   -0.252157
<Jan31-2022> <18:50:54>    24.H         1.938535   -0.773416   -0.652739
<Jan31-2022> <18:50:54>    25.I         1.671159    1.107415   -0.325841
<Jan31-2022> <18:50:54>    26.I         0.341754    3.485752    0.339574
<Jan31-2022> <18:50:54>  >>>> CORORT
<Jan31-2022> <18:50:54>  >>>> CLSMAT
<Jan31-2022> <18:50:54>  >>>> ORTHON
<Jan31-2022> <18:50:55>  >>>> GENPT
<Jan31-2022> <18:50:55>  Block Length= 128
<Jan31-2022> <18:50:57>  >>>> PTBAS
<Jan31-2022> <18:51:18>  >>>> CYCLE
<Jan31-2022> <18:51:57>  using orbital data from restart file
<Jan31-2022> <18:52:24>              |Error|         MaxErr       Wt(A-DIIS)
<Jan31-2022> <18:52:24>      1      4.37640438      1.22442328
<Jan31-2022> <18:53:04>      2      1.60391714      0.17080190    100.0
<Jan31-2022> <18:53:57>      3      1.14972896      0.11896447    100.0
<Jan31-2022> <18:54:43>      4      1.12236543      0.11689831    100.0
<Jan31-2022> <18:55:38>      5      4.40543994      0.35687541    100.0
<Jan31-2022> <18:56:23>      6      2.15161167      0.21565855    100.0
<Jan31-2022> <18:57:20>      7      0.60291272      0.04068806     40.1
<Jan31-2022> <18:58:20>      8      0.43400502      0.02759473     26.9
<Jan31-2022> <18:59:03>      9      0.24228644      0.01387582     13.0
<Jan31-2022> <18:59:55>     10      0.06520026      0.00472746      3.8
<Jan31-2022> <19:00:40>     11      0.01494226      0.00093640      0.0
<Jan31-2022> <19:01:28>     12      0.00473725      0.00024409      0.0
<Jan31-2022> <19:02:17>     13      0.00178451      0.00010261      0.0
<Jan31-2022> <19:03:03>     14      0.00095906      0.00006728      0.0
<Jan31-2022> <19:03:47>     15      0.00044004      0.00003345      0.0
<Jan31-2022> <19:04:31>     16      0.00007065      0.00000366      0.0
<Jan31-2022> <19:05:15>     17      0.00004310      0.00000296      0.0
<Jan31-2022> <19:06:03>     18      0.00001769      0.00000096      0.0
<Jan31-2022> <19:06:55>     19      0.00000851      0.00000062      0.0
<Jan31-2022> <19:07:13>  SCF converged
<Jan31-2022> <19:07:39>     20      0.00000604      0.00000051      0.0
<Jan31-2022> <19:08:02>  >>>> TOTEN
<Jan31-2022> <19:08:42>  >>>> POPAN
<Jan31-2022> <19:08:43>  >>>> DEBYE
<Jan31-2022> <19:08:43>  >>>> ENGRAD
<Jan31-2022> <19:10:14>  current energy                               -3.67838134 Hartree
<Jan31-2022> <19:10:14>  energy change                      -1.31181649     0.00026000    F
<Jan31-2022> <19:10:14>  constrained gradient max            3.49113685     0.00100000    F
<Jan31-2022> <19:10:14>  constrained gradient rms            0.54500123     0.00066667    F
<Jan31-2022> <19:10:14>  gradient max                        3.49113685
<Jan31-2022> <19:10:14>  gradient rms                        0.54500123
<Jan31-2022> <19:10:14>  cart. step max                      0.21186259     0.01000000    F
<Jan31-2022> <19:10:14>  cart. step rms                      0.08714933     0.00666667    F
<Jan31-2022> <19:10:14>  Iteration 6
<Jan31-2022> <19:10:14>  *** GOStep6 ***
<Jan31-2022> <19:10:16>  >>>> FRAGM
<Jan31-2022> <19:10:16>  Coordinates
<Jan31-2022> <19:10:16>     Atom         X           Y           Z   (Angstrom)
<Jan31-2022> <19:10:16>     1.H         0.349778   -1.742383    0.487099
<Jan31-2022> <19:10:16>     2.C        -0.889334    0.008538    0.961640
<Jan31-2022> <19:10:16>     3.C         0.355208   -0.646783    0.441797
<Jan31-2022> <19:10:16>     4.C         1.415949   -0.123239   -0.034416
<Jan31-2022> <19:10:16>     5.O         2.918657   -0.483549   -0.624664
<Jan31-2022> <19:10:16>     6.H        -0.750558    1.091619    0.948684
<Jan31-2022> <19:10:16>     7.H        -1.927360    0.043869    2.880664
<Jan31-2022> <19:10:16>     8.H        -0.182947   -0.147497    3.022333
<Jan31-2022> <19:10:16>     9.C        -1.057614   -0.435947    2.430469
<Jan31-2022> <19:10:16>    10.H        -1.174501   -1.516801    2.523553
<Jan31-2022> <19:10:16>    11.C        -1.840443    0.177627   -1.410660
<Jan31-2022> <19:10:16>    12.C        -2.159085   -0.251598    0.033165
<Jan31-2022> <19:10:16>    13.C        -3.328037    0.616428    0.534821
<Jan31-2022> <19:10:16>    14.C        -2.602645   -1.729185    0.014117
<Jan31-2022> <19:10:16>    15.H        -2.887251   -2.079683    1.006013
<Jan31-2022> <19:10:16>    16.H        -2.715680    0.041193   -2.051822
<Jan31-2022> <19:10:16>    17.H        -1.027531   -0.417471   -1.831951
<Jan31-2022> <19:10:16>    18.H        -1.556759    1.231302   -1.451750
<Jan31-2022> <19:10:16>    19.H        -4.199866    0.485711   -0.112302
<Jan31-2022> <19:10:16>    20.H        -3.057681    1.675295    0.527856
<Jan31-2022> <19:10:16>    21.H        -3.627275    0.348273    1.548105
<Jan31-2022> <19:10:16>    22.H        -3.471724   -1.849547   -0.638438
<Jan31-2022> <19:10:16>    23.H        -1.813867   -2.381535   -0.364950
<Jan31-2022> <19:10:16>    24.H         2.119510   -0.789015   -0.569164
<Jan31-2022> <19:10:16>    25.I         1.838409    1.218028   -0.279485
<Jan31-2022> <19:10:16>    26.I         0.429104    3.639829    0.270159
<Jan31-2022> <19:10:16>  >>>> CORORT
<Jan31-2022> <19:10:16>  >>>> CLSMAT
<Jan31-2022> <19:10:16>  >>>> ORTHON
<Jan31-2022> <19:10:18>  >>>> GENPT
<Jan31-2022> <19:10:18>  Block Length= 128
<Jan31-2022> <19:10:19>  >>>> PTBAS
<Jan31-2022> <19:10:39>  >>>> CYCLE
<Jan31-2022> <19:11:18>  using orbital data from restart file
<Jan31-2022> <19:11:44>              |Error|         MaxErr       Wt(A-DIIS)
<Jan31-2022> <19:11:44>      1      1.94034713      0.21621597
<Jan31-2022> <19:12:26>      2      0.32319566      0.02297103    100.0
<Jan31-2022> <19:13:10>      3      0.73456653      0.04161415    100.0
<Jan31-2022> <19:13:53>      4      0.22792555      0.01442417     13.6
<Jan31-2022> <19:14:37>      5      0.14173355      0.01642871     13.6
<Jan31-2022> <19:15:20>      6      0.04149927      0.00484645      3.9
<Jan31-2022> <19:16:04>      7      0.01460450      0.00115079      0.2
<Jan31-2022> <19:16:48>      8      0.00516308      0.00036080      0.0
<Jan31-2022> <19:17:38>      9      0.00134122      0.00006551      0.0
<Jan31-2022> <19:18:27>     10      0.00059207      0.00003236      0.0
<Jan31-2022> <19:19:20>     11      0.00024369      0.00002083      0.0
<Jan31-2022> <19:20:07>     12      0.00010351      0.00001076      0.0
<Jan31-2022> <19:20:54>     13      0.00003875      0.00000153      0.0
<Jan31-2022> <19:21:47>     14      0.00001795      0.00000087      0.0
<Jan31-2022> <19:22:31>     15      0.00000965      0.00000056      0.0
<Jan31-2022> <19:22:49>  SCF converged
<Jan31-2022> <19:23:14>     16      0.00000572      0.00000033      0.0
<Jan31-2022> <19:23:34>  >>>> TOTEN
<Jan31-2022> <19:24:14>  >>>> POPAN
<Jan31-2022> <19:24:14>  >>>> DEBYE
<Jan31-2022> <19:24:15>  >>>> ENGRAD
<Jan31-2022> <19:25:46>  current energy                               -4.14406403 Hartree
<Jan31-2022> <19:25:46>  energy change                      -0.46568269     0.00026000    F
<Jan31-2022> <19:25:46>  constrained gradient max            1.92437105     0.00100000    F
<Jan31-2022> <19:25:46>  constrained gradient rms            0.31186689     0.00066667    F
<Jan31-2022> <19:25:46>  gradient max                        1.92437105
<Jan31-2022> <19:25:46>  gradient rms                        0.31186689
<Jan31-2022> <19:25:46>  cart. step max                      0.21083162     0.01000000    F
<Jan31-2022> <19:25:46>  cart. step rms                      0.05064544     0.00666667    F
<Jan31-2022> <19:25:46>  Iteration 7
<Jan31-2022> <19:25:47>  *** GOStep7 ***
<Jan31-2022> <19:25:52>  >>>> FRAGM
<Jan31-2022> <19:25:52>  Coordinates
<Jan31-2022> <19:25:52>     Atom         X           Y           Z   (Angstrom)
<Jan31-2022> <19:25:52>     1.H         0.281273   -1.777750    0.472061
<Jan31-2022> <19:25:52>     2.C        -0.916301    0.007241    0.961336
<Jan31-2022> <19:25:52>     3.C         0.324283   -0.680918    0.435850
<Jan31-2022> <19:25:52>     4.C         1.373448   -0.116482   -0.012772
<Jan31-2022> <19:25:52>     5.O         3.095881   -0.441793   -0.719502
<Jan31-2022> <19:25:52>     6.H        -0.755173    1.092589    0.955645
<Jan31-2022> <19:25:52>     7.H        -2.011416    0.040513    2.856732
<Jan31-2022> <19:25:52>     8.H        -0.272051   -0.181192    3.033021
<Jan31-2022> <19:25:52>     9.C        -1.137146   -0.447960    2.418440
<Jan31-2022> <19:25:52>    10.H        -1.278214   -1.530326    2.490865
<Jan31-2022> <19:25:52>    11.C        -1.843081    0.171244   -1.411011
<Jan31-2022> <19:25:52>    12.C        -2.176411   -0.247277    0.037167
<Jan31-2022> <19:25:52>    13.C        -3.342260    0.626242    0.548123
<Jan31-2022> <19:25:52>    14.C        -2.589833   -1.732824    0.061062
<Jan31-2022> <19:25:52>    15.H        -2.861442   -2.066785    1.067278
<Jan31-2022> <19:25:52>    16.H        -2.716020    0.025661   -2.053938
<Jan31-2022> <19:25:52>    17.H        -1.025755   -0.423711   -1.829458
<Jan31-2022> <19:25:52>    18.H        -1.560416    1.225702   -1.469833
<Jan31-2022> <19:25:52>    19.H        -4.219710    0.489385   -0.091058
<Jan31-2022> <19:25:52>    20.H        -3.079919    1.688434    0.533700
<Jan31-2022> <19:25:52>    21.H        -3.637398    0.366642    1.568564
<Jan31-2022> <19:25:52>    22.H        -3.461037   -1.884974   -0.582732
<Jan31-2022> <19:25:52>    23.H        -1.792377   -2.386349   -0.306965
<Jan31-2022> <19:25:52>    24.H         2.249684   -0.806981   -0.680037
<Jan31-2022> <19:25:52>    25.I         2.049241    1.317092   -0.343449
<Jan31-2022> <19:25:52>    26.I         0.458611    3.658056    0.321782
<Jan31-2022> <19:25:52>  >>>> CORORT
<Jan31-2022> <19:25:52>  >>>> CLSMAT
<Jan31-2022> <19:25:52>  >>>> ORTHON
<Jan31-2022> <19:25:52>  >>>> GENPT
<Jan31-2022> <19:25:53>  Block Length= 128
<Jan31-2022> <19:25:54>  >>>> PTBAS
<Jan31-2022> <19:26:14>  >>>> CYCLE
<Jan31-2022> <19:26:52>  using orbital data from restart file
<Jan31-2022> <19:27:18>              |Error|         MaxErr       Wt(A-DIIS)
<Jan31-2022> <19:27:18>      1      2.05251680      0.24151863
<Jan31-2022> <19:28:01>      2      0.19248206      0.01401658    100.0
<Jan31-2022> <19:28:45>      3      0.40064996      0.03076438    100.0
<Jan31-2022> <19:29:27>      4      0.11385362      0.00717388      6.2
<Jan31-2022> <19:30:13>      5      0.06715534      0.00732545      6.2
<Jan31-2022> <19:30:56>      6      0.02381532      0.00177928      0.8
<Jan31-2022> <19:31:40>      7      0.00635967      0.00044991      0.0
<Jan31-2022> <19:32:23>      8      0.00263209      0.00017728      0.0
<Jan31-2022> <19:33:07>      9      0.00091452      0.00005316      0.0
<Jan31-2022> <19:33:49>     10      0.00043860      0.00002661      0.0
<Jan31-2022> <19:34:33>     11      0.00032492      0.00002516      0.0
<Jan31-2022> <19:35:16>     12      0.00011244      0.00000997      0.0
<Jan31-2022> <19:36:00>     13      0.00005404      0.00000337      0.0
<Jan31-2022> <19:36:42>     14      0.00002541      0.00000208      0.0
<Jan31-2022> <19:37:32>     15      0.00001583      0.00000138      0.0
<Jan31-2022> <19:38:22>     16      0.00000425      0.00000026      0.0
<Jan31-2022> <19:38:44>  SCF converged
<Jan31-2022> <19:39:08>     17      0.00000143      0.00000015      0.0
<Jan31-2022> <19:39:30>  >>>> TOTEN
<Jan31-2022> <19:40:09>  >>>> POPAN
<Jan31-2022> <19:40:09>  >>>> DEBYE
<Jan31-2022> <19:40:09>  >>>> ENGRAD
<Jan31-2022> <19:41:37>  current energy                               -4.49009625 Hartree
<Jan31-2022> <19:41:37>  energy change                      -0.34603222     0.00026000    F
<Jan31-2022> <19:41:37>  constrained gradient max            0.71312443     0.00100000    F
<Jan31-2022> <19:41:37>  constrained gradient rms            0.12426425     0.00066667    F
<Jan31-2022> <19:41:37>  gradient max                        0.71312443
<Jan31-2022> <19:41:37>  gradient rms                        0.12426425
<Jan31-2022> <19:41:37>  cart. step max                      0.21135033     0.01000000    F
<Jan31-2022> <19:41:37>  cart. step rms                      0.04583278     0.00666667    F
<Jan31-2022> <19:41:37>  Iteration 8
<Jan31-2022> <19:41:37>  *** GOStep8 ***
<Jan31-2022> <19:41:41>  >>>> FRAGM
<Jan31-2022> <19:41:41>  Coordinates
<Jan31-2022> <19:41:41>     Atom         X           Y           Z   (Angstrom)
<Jan31-2022> <19:41:41>     1.H         0.220224   -1.769442    0.417158
<Jan31-2022> <19:41:41>     2.C        -0.946026    0.015182    0.949149
<Jan31-2022> <19:41:41>     3.C         0.301420   -0.675890    0.416424
<Jan31-2022> <19:41:41>     4.C         1.380415   -0.106144    0.022666
<Jan31-2022> <19:41:41>     5.O         3.244598   -0.417349   -0.765840
<Jan31-2022> <19:41:41>     6.H        -0.779977    1.097542    0.935233
<Jan31-2022> <19:41:41>     7.H        -2.013906    0.074803    2.865421
<Jan31-2022> <19:41:41>     8.H        -0.272696   -0.142852    3.011339
<Jan31-2022> <19:41:41>     9.C        -1.148146   -0.418464    2.415657
<Jan31-2022> <19:41:41>    10.H        -1.285739   -1.500029    2.507255
<Jan31-2022> <19:41:41>    11.C        -1.882054    0.146824   -1.421487
<Jan31-2022> <19:41:41>    12.C        -2.209473   -0.257428    0.032841
<Jan31-2022> <19:41:41>    13.C        -3.379379    0.611785    0.545273
<Jan31-2022> <19:41:41>    14.C        -2.610041   -1.746189    0.078148
<Jan31-2022> <19:41:41>    15.H        -2.873983   -2.074367    1.088773
<Jan31-2022> <19:41:41>    16.H        -2.759641   -0.005471   -2.057715
<Jan31-2022> <19:41:41>    17.H        -1.067749   -0.450489   -1.842906
<Jan31-2022> <19:41:41>    18.H        -1.601336    1.201224   -1.495600
<Jan31-2022> <19:41:41>    19.H        -4.255377    0.471017   -0.096117
<Jan31-2022> <19:41:41>    20.H        -3.125216    1.676331    0.530236
<Jan31-2022> <19:41:41>    21.H        -3.680932    0.352043    1.564202
<Jan31-2022> <19:41:41>    22.H        -3.485160   -1.913749   -0.557497
<Jan31-2022> <19:41:41>    23.H        -1.814025   -2.401766   -0.291285
<Jan31-2022> <19:41:41>    24.H         2.363892   -0.789177   -0.751132
<Jan31-2022> <19:41:41>    25.I         2.260591    1.350870   -0.294233
<Jan31-2022> <19:41:41>    26.I         0.576176    3.654663    0.454909
<Jan31-2022> <19:41:46>  >>>> CORORT
<Jan31-2022> <19:41:46>  >>>> CLSMAT
<Jan31-2022> <19:41:46>  >>>> ORTHON
<Jan31-2022> <19:41:46>  >>>> GENPT
<Jan31-2022> <19:41:47>  Block Length= 128
<Jan31-2022> <19:41:48>  >>>> PTBAS
<Jan31-2022> <19:42:08>  >>>> CYCLE
<Jan31-2022> <19:42:48>  using orbital data from restart file
<Jan31-2022> <19:43:12>              |Error|         MaxErr       Wt(A-DIIS)
<Jan31-2022> <19:43:12>      1      1.02870350      0.10330062
<Jan31-2022> <19:44:05>      2      0.11512376      0.00975685    100.0
<Jan31-2022> <19:44:49>      3      0.29549726      0.02955872    100.0
<Jan31-2022> <19:45:32>      4      0.08263810      0.00718167      6.2
<Jan31-2022> <19:46:16>      5      0.03201812      0.00380326      2.8
<Jan31-2022> <19:46:58>      6      0.01734399      0.00245121      1.5
<Jan31-2022> <19:47:42>      7      0.00290453      0.00016212      0.0
<Jan31-2022> <19:48:25>      8      0.00138244      0.00012223      0.0
<Jan31-2022> <19:49:09>      9      0.00109771      0.00007019      0.0
<Jan31-2022> <19:49:52>     10      0.00024426      0.00001390      0.0
<Jan31-2022> <19:50:36>     11      0.00010095      0.00000433      0.0
<Jan31-2022> <19:51:18>     12      0.00005289      0.00000236      0.0
<Jan31-2022> <19:52:02>     13      0.00001647      0.00000099      0.0
<Jan31-2022> <19:52:45>     14      0.00001026      0.00000065      0.0
<Jan31-2022> <19:53:38>     15      0.00000400      0.00000034      0.0
<Jan31-2022> <19:53:57>  SCF converged
<Jan31-2022> <19:54:22>     16      0.00000201      0.00000013      0.0
<Jan31-2022> <19:54:41>  >>>> TOTEN
<Jan31-2022> <19:55:21>  >>>> POPAN
<Jan31-2022> <19:55:21>  >>>> DEBYE
<Jan31-2022> <19:55:22>  >>>> ENGRAD
<Jan31-2022> <19:56:46>  current energy                               -4.58653078 Hartree
<Jan31-2022> <19:56:46>  energy change                      -0.09643453     0.00026000    F
<Jan31-2022> <19:56:46>  constrained gradient max            0.37246642     0.00100000    F
<Jan31-2022> <19:56:46>  constrained gradient rms            0.06683810     0.00066667    F
<Jan31-2022> <19:56:46>  gradient max                        0.37246642
<Jan31-2022> <19:56:46>  gradient rms                        0.06683810
<Jan31-2022> <19:56:46>  cart. step max                      0.21141065     0.01000000    F
<Jan31-2022> <19:56:46>  cart. step rms                      0.05909901     0.00666667    F
<Jan31-2022> <19:56:46>  Iteration 9
<Jan31-2022> <19:56:47>  *** GOStep9 ***
<Jan31-2022> <19:56:47>  >>>> FRAGM
<Jan31-2022> <19:56:47>  Coordinates
<Jan31-2022> <19:56:47>     Atom         X           Y           Z   (Angstrom)
<Jan31-2022> <19:56:47>     1.H         0.212833   -1.764323    0.399853
<Jan31-2022> <19:56:47>     2.C        -0.981501    0.001305    0.945533
<Jan31-2022> <19:56:47>     3.C         0.287531   -0.673923    0.416613
<Jan31-2022> <19:56:47>     4.C         1.402561   -0.094147    0.067576
<Jan31-2022> <19:56:47>     5.O         3.454418   -0.355228   -0.768576
<Jan31-2022> <19:56:47>     6.H        -0.804782    1.077797    0.905758
<Jan31-2022> <19:56:47>     7.H        -1.951834    0.116245    2.907135
<Jan31-2022> <19:56:47>     8.H        -0.203596   -0.065283    2.973460
<Jan31-2022> <19:56:47>     9.C        -1.101920   -0.381614    2.434642
<Jan31-2022> <19:56:47>    10.H        -1.210387   -1.459833    2.582367
<Jan31-2022> <19:56:47>    11.C        -1.944410    0.117474   -1.419410
<Jan31-2022> <19:56:47>    12.C        -2.250769   -0.288825    0.037216
<Jan31-2022> <19:56:47>    13.C        -3.420040    0.591554    0.528560
<Jan31-2022> <19:56:47>    14.C        -2.697610   -1.764966    0.055944
<Jan31-2022> <19:56:47>    15.H        -2.981426   -2.102397    1.056651
<Jan31-2022> <19:56:47>    16.H        -2.836107   -0.012905   -2.042297
<Jan31-2022> <19:56:47>    17.H        -1.148866   -0.490953   -1.858462
<Jan31-2022> <19:56:47>    18.H        -1.644118    1.167088   -1.489736
<Jan31-2022> <19:56:47>    19.H        -4.282247    0.469831   -0.136205
<Jan31-2022> <19:56:47>    20.H        -3.150460    1.652403    0.527967
<Jan31-2022> <19:56:47>    21.H        -3.752055    0.325897    1.535432
<Jan31-2022> <19:56:47>    22.H        -3.574229   -1.896679   -0.587329
<Jan31-2022> <19:56:47>    23.H        -1.925861   -2.442211   -0.324293
<Jan31-2022> <19:56:47>    24.H         2.550621   -0.757938   -0.774607
<Jan31-2022> <19:56:47>    25.I         2.472002    1.392997   -0.263033
<Jan31-2022> <19:56:47>    26.I         0.638711    3.622112    0.550114
<Jan31-2022> <19:56:47>  >>>> CORORT
<Jan31-2022> <19:56:47>  >>>> CLSMAT
<Jan31-2022> <19:56:47>  >>>> ORTHON
<Jan31-2022> <19:56:48>  >>>> GENPT
<Jan31-2022> <19:56:49>  Block Length= 128
<Jan31-2022> <19:56:50>  >>>> PTBAS
<Jan31-2022> <19:57:10>  >>>> CYCLE
<Jan31-2022> <19:57:48>  using orbital data from restart file
<Jan31-2022> <19:58:15>              |Error|         MaxErr       Wt(A-DIIS)
<Jan31-2022> <19:58:15>      1      0.93110566      0.08918937
<Jan31-2022> <19:59:02>      2      0.15434646      0.01382967    100.0
<Jan31-2022> <19:59:47>      3      0.44080953      0.04548157    100.0
<Jan31-2022> <20:00:31>      4      0.13611211      0.01208226     11.2
<Jan31-2022> <20:01:18>      5      0.03314803      0.00406727      3.1
<Jan31-2022> <20:02:01>      6      0.02399428      0.00352939      2.6
<Jan31-2022> <20:02:45>      7      0.00585274      0.00038745      0.0
<Jan31-2022> <20:03:28>      8      0.00378734      0.00030469      0.0
<Jan31-2022> <20:04:11>      9      0.00120177      0.00011694      0.0
<Jan31-2022> <20:04:54>     10      0.00080067      0.00006127      0.0
<Jan31-2022> <20:05:38>     11      0.00024084      0.00001501      0.0
<Jan31-2022> <20:06:20>     12      0.00009843      0.00000450      0.0
<Jan31-2022> <20:07:04>     13      0.00003020      0.00000175      0.0
<Jan31-2022> <20:07:46>     14      0.00002148      0.00000106      0.0
<Jan31-2022> <20:08:31>     15      0.00000867      0.00000101      0.0
<Jan31-2022> <20:09:13>     16      0.00000936      0.00000119      0.0
<Jan31-2022> <20:09:56>     17      0.00000605      0.00000085      0.0
<Jan31-2022> <20:10:14>  SCF converged
<Jan31-2022> <20:10:39>     18      0.00000192      0.00000026      0.0
<Jan31-2022> <20:10:58>  >>>> TOTEN
<Jan31-2022> <20:11:37>  >>>> POPAN
<Jan31-2022> <20:11:37>  >>>> DEBYE
<Jan31-2022> <20:11:38>  >>>> ENGRAD
<Jan31-2022> <20:13:05>  current energy                               -4.64096363 Hartree
<Jan31-2022> <20:13:05>  energy change                      -0.05443285     0.00026000    F
<Jan31-2022> <20:13:05>  constrained gradient max            0.16061349     0.00100000    F
<Jan31-2022> <20:13:05>  constrained gradient rms            0.02922218     0.00066667    F
<Jan31-2022> <20:13:05>  gradient max                        0.16061349
<Jan31-2022> <20:13:05>  gradient rms                        0.02922218
<Jan31-2022> <20:13:05>  cart. step max                      0.21210786     0.01000000    F
<Jan31-2022> <20:13:05>  cart. step rms                      0.04980185     0.00666667    F
<Jan31-2022> <20:13:05>  Iteration 10
<Jan31-2022> <20:13:06>  *** GOStep10 ***
<Jan31-2022> <20:13:06>  >>>> FRAGM
<Jan31-2022> <20:13:06>  Coordinates
<Jan31-2022> <20:13:06>     Atom         X           Y           Z   (Angstrom)
<Jan31-2022> <20:13:06>     1.H         0.183094   -1.736603    0.348250
<Jan31-2022> <20:13:06>     2.C        -1.014322    0.029362    0.925248
<Jan31-2022> <20:13:06>     3.C         0.257753   -0.647489    0.389915
<Jan31-2022> <20:13:06>     4.C         1.401073   -0.091875    0.065920
<Jan31-2022> <20:13:06>     5.O         3.581973   -0.367215   -0.795872
<Jan31-2022> <20:13:06>     6.H        -0.862756    1.109640    0.852010
<Jan31-2022> <20:13:06>     7.H        -2.031976    0.127744    2.858394
<Jan31-2022> <20:13:06>     8.H        -0.282113   -0.033881    2.967546
<Jan31-2022> <20:13:06>     9.C        -1.163654   -0.360618    2.408680
<Jan31-2022> <20:13:06>    10.H        -1.266097   -1.440472    2.553268
<Jan31-2022> <20:13:06>    11.C        -1.985488    0.116457   -1.429820
<Jan31-2022> <20:13:06>    12.C        -2.277291   -0.288109    0.031051
<Jan31-2022> <20:13:06>    13.C        -3.453241    0.568520    0.550851
<Jan31-2022> <20:13:06>    14.C        -2.668881   -1.777791    0.086517
<Jan31-2022> <20:13:06>    15.H        -2.919121   -2.105117    1.099805
<Jan31-2022> <20:13:06>    16.H        -2.879109   -0.028860   -2.045877
<Jan31-2022> <20:13:06>    17.H        -1.183581   -0.481786   -1.871672
<Jan31-2022> <20:13:06>    18.H        -1.698635    1.169524   -1.506081
<Jan31-2022> <20:13:06>    19.H        -4.325403    0.436205   -0.098204
<Jan31-2022> <20:13:06>    20.H        -3.202540    1.633860    0.553850
<Jan31-2022> <20:13:06>    21.H        -3.759783    0.289231    1.562493
<Jan31-2022> <20:13:06>    22.H        -3.552822   -1.951473   -0.536049
<Jan31-2022> <20:13:06>    23.H        -1.881143   -2.434892   -0.296854
<Jan31-2022> <20:13:06>    24.H         2.661802   -0.773431   -0.813760
<Jan31-2022> <20:13:06>    25.I         2.627901    1.380598   -0.260283
<Jan31-2022> <20:13:06>    26.I         0.850819    3.641950    0.661546
<Jan31-2022> <20:13:06>  >>>> CORORT
<Jan31-2022> <20:13:07>  >>>> CLSMAT
<Jan31-2022> <20:13:07>  >>>> ORTHON
<Jan31-2022> <20:13:07>  >>>> GENPT
<Jan31-2022> <20:13:07>  Block Length= 128
<Jan31-2022> <20:13:09>  >>>> PTBAS
<Jan31-2022> <20:13:28>  >>>> CYCLE
<Jan31-2022> <20:14:16>  using orbital data from restart file
<Jan31-2022> <20:14:42>              |Error|         MaxErr       Wt(A-DIIS)
<Jan31-2022> <20:14:42>      1      0.58351980      0.04484387
<Jan31-2022> <20:15:24>      2      0.10881386      0.01121415    100.0
<Jan31-2022> <20:16:07>      3      0.33073324      0.03851642    100.0
<Jan31-2022> <20:16:48>      4      0.10807973      0.01111888     10.2
<Jan31-2022> <20:17:30>      5      0.03188327      0.00450103      3.5
<Jan31-2022> <20:18:18>      6      0.01379804      0.00193411      0.9
<Jan31-2022> <20:19:00>      7      0.00393865      0.00030734      0.0
<Jan31-2022> <20:19:48>      8      0.00230723      0.00017580      0.0
<Jan31-2022> <20:20:33>      9      0.00076003      0.00006576      0.0
<Jan31-2022> <20:21:24>     10      0.00056869      0.00005161      0.0
<Jan31-2022> <20:22:08>     11      0.00015932      0.00000960      0.0
<Jan31-2022> <20:22:50>     12      0.00005814      0.00000407      0.0
<Jan31-2022> <20:23:34>     13      0.00001912      0.00000091      0.0
<Jan31-2022> <20:24:17>     14      0.00001442      0.00000114      0.0
<Jan31-2022> <20:25:00>     15      0.00000386      0.00000033      0.0
<Jan31-2022> <20:25:18>  SCF converged
<Jan31-2022> <20:25:43>     16      0.00000539      0.00000062      0.0
<Jan31-2022> <20:26:02>  >>>> TOTEN
<Jan31-2022> <20:26:41>  >>>> POPAN
<Jan31-2022> <20:26:41>  >>>> DEBYE
<Jan31-2022> <20:26:41>  >>>> ENGRAD
<Jan31-2022> <20:28:05>  current energy                               -4.65699550 Hartree
<Jan31-2022> <20:28:05>  energy change                      -0.01603187     0.00026000    F
<Jan31-2022> <20:28:05>  constrained gradient max            0.08473842     0.00100000    F
<Jan31-2022> <20:28:05>  constrained gradient rms            0.01583587     0.00066667    F
<Jan31-2022> <20:28:05>  gradient max                        0.08473842
<Jan31-2022> <20:28:05>  gradient rms                        0.01583587
<Jan31-2022> <20:28:05>  cart. step max                      0.07482555     0.01000000    F
<Jan31-2022> <20:28:05>  cart. step rms                      0.02456248     0.00666667    F
<Jan31-2022> <20:28:05>  Iteration 11
<Jan31-2022> <20:28:06>  *** GOStep11 ***
<Jan31-2022> <20:28:07>  >>>> FRAGM
<Jan31-2022> <20:28:07>  Coordinates
<Jan31-2022> <20:28:07>     Atom         X           Y           Z   (Angstrom)
<Jan31-2022> <20:28:07>     1.H         0.191999   -1.728282    0.343274
<Jan31-2022> <20:28:07>     2.C        -1.034740    0.027117    0.928014
<Jan31-2022> <20:28:07>     3.C         0.245473   -0.638232    0.396122
<Jan31-2022> <20:28:07>     4.C         1.394712   -0.090416    0.074471
<Jan31-2022> <20:28:07>     5.O         3.655405   -0.351121   -0.806305
<Jan31-2022> <20:28:07>     6.H        -0.878950    1.105705    0.851782
<Jan31-2022> <20:28:07>     7.H        -2.002243    0.141484    2.884520
<Jan31-2022> <20:28:07>     8.H        -0.248874    0.001802    2.951645
<Jan31-2022> <20:28:07>     9.C        -1.140057   -0.342370    2.419380
<Jan31-2022> <20:28:07>    10.H        -1.225153   -1.421051    2.579238
<Jan31-2022> <20:28:07>    11.C        -2.006406    0.109020   -1.422232
<Jan31-2022> <20:28:07>    12.C        -2.298340   -0.297568    0.037265
<Jan31-2022> <20:28:07>    13.C        -3.485707    0.554961    0.538461
<Jan31-2022> <20:28:07>    14.C        -2.698329   -1.785219    0.076610
<Jan31-2022> <20:28:07>    15.H        -2.958517   -2.119294    1.084593
<Jan31-2022> <20:28:07>    16.H        -2.899555   -0.031456   -2.039891
<Jan31-2022> <20:28:07>    17.H        -1.205138   -0.490348   -1.863504
<Jan31-2022> <20:28:07>    18.H        -1.715331    1.161371   -1.494139
<Jan31-2022> <20:28:07>    19.H        -4.343963    0.427577   -0.129721
<Jan31-2022> <20:28:07>    20.H        -3.234878    1.620187    0.553835
<Jan31-2022> <20:28:07>    21.H        -3.813389    0.268212    1.540730
<Jan31-2022> <20:28:07>    22.H        -3.577911   -1.950253   -0.554560
<Jan31-2022> <20:28:07>    23.H        -1.910672   -2.442271   -0.306352
<Jan31-2022> <20:28:07>    24.H         2.736536   -0.778409   -0.821882
<Jan31-2022> <20:28:07>    25.I         2.684845    1.384179   -0.264739
<Jan31-2022> <20:28:07>    26.I         0.925644    3.648155    0.704256
<Jan31-2022> <20:28:07>  >>>> CORORT
<Jan31-2022> <20:28:08>  >>>> CLSMAT
<Jan31-2022> <20:28:08>  >>>> ORTHON
<Jan31-2022> <20:28:09>  >>>> GENPT
<Jan31-2022> <20:28:09>  Block Length= 128
<Jan31-2022> <20:28:11>  >>>> PTBAS
<Jan31-2022> <20:28:30>  >>>> CYCLE
<Jan31-2022> <20:29:16>  using orbital data from restart file
<Jan31-2022> <20:29:41>              |Error|         MaxErr       Wt(A-DIIS)
<Jan31-2022> <20:29:41>      1      0.25516175      0.01967297
<Jan31-2022> <20:30:25>      2      0.04949678      0.00523403    100.0
<Jan31-2022> <20:31:08>      3      0.15647044      0.01845564    100.0
<Jan31-2022> <20:31:52>      4      0.05236168      0.00556955      4.6
<Jan31-2022> <20:32:34>      5      0.01606760      0.00229672      1.3
<Jan31-2022> <20:33:17>      6      0.00464723      0.00059391      0.0
<Jan31-2022> <20:34:01>      7      0.00166611      0.00012379      0.0
<Jan31-2022> <20:34:44>      8      0.00104429      0.00008176      0.0
<Jan31-2022> <20:35:28>      9      0.00029875      0.00002787      0.0
<Jan31-2022> <20:36:10>     10      0.00020945      0.00001499      0.0
<Jan31-2022> <20:36:53>     11      0.00009456      0.00000853      0.0
<Jan31-2022> <20:37:35>     12      0.00003290      0.00000186      0.0
<Jan31-2022> <20:38:23>     13      0.00000961      0.00000052      0.0
<Jan31-2022> <20:38:46>  SCF converged
<Jan31-2022> <20:39:10>     14      0.00000736      0.00000044      0.0
<Jan31-2022> <20:39:30>  >>>> TOTEN
<Jan31-2022> <20:40:08>  >>>> POPAN
<Jan31-2022> <20:40:09>  >>>> DEBYE
<Jan31-2022> <20:40:09>  >>>> ENGRAD
<Jan31-2022> <20:41:32>  current energy                               -4.66237802 Hartree
<Jan31-2022> <20:41:32>  energy change                      -0.00538252     0.00026000    F
<Jan31-2022> <20:41:32>  constrained gradient max            0.05767996     0.00100000    F
<Jan31-2022> <20:41:32>  constrained gradient rms            0.01176357     0.00066667    F
<Jan31-2022> <20:41:32>  gradient max                        0.05767996
<Jan31-2022> <20:41:32>  gradient rms                        0.01176357
<Jan31-2022> <20:41:32>  cart. step max                      0.13648818     0.01000000    F
<Jan31-2022> <20:41:32>  cart. step rms                      0.03952318     0.00666667    F
<Jan31-2022> <20:41:32>  Iteration 12
<Jan31-2022> <20:41:32>  *** GOStep12 ***
<Jan31-2022> <20:41:33>  >>>> FRAGM
<Jan31-2022> <20:41:33>  Coordinates
<Jan31-2022> <20:41:33>     Atom         X           Y           Z   (Angstrom)
<Jan31-2022> <20:41:33>     1.H         0.204418   -1.713871    0.339033
<Jan31-2022> <20:41:33>     2.C        -1.057349    0.033182    0.937368
<Jan31-2022> <20:41:33>     3.C         0.225398   -0.621450    0.403303
<Jan31-2022> <20:41:33>     4.C         1.387705   -0.102746    0.076203
<Jan31-2022> <20:41:33>     5.O         3.779388   -0.357717   -0.836390
<Jan31-2022> <20:41:33>     6.H        -0.916734    1.112905    0.882561
<Jan31-2022> <20:41:33>     7.H        -2.078437    0.144539    2.865051
<Jan31-2022> <20:41:33>     8.H        -0.325227    0.019283    2.980683
<Jan31-2022> <20:41:33>     9.C        -1.198585   -0.332695    2.425728
<Jan31-2022> <20:41:33>    10.H        -1.281504   -1.411746    2.583356
<Jan31-2022> <20:41:33>    11.C        -2.027525    0.136647   -1.410875
<Jan31-2022> <20:41:33>    12.C        -2.309404   -0.298473    0.043101
<Jan31-2022> <20:41:33>    13.C        -3.504494    0.528748    0.569059
<Jan31-2022> <20:41:33>    14.C        -2.684515   -1.792653    0.064642
<Jan31-2022> <20:41:33>    15.H        -2.932127   -2.143095    1.070241
<Jan31-2022> <20:41:33>    16.H        -2.920800   -0.000278   -2.028254
<Jan31-2022> <20:41:33>    17.H        -1.221511   -0.446632   -1.864773
<Jan31-2022> <20:41:33>    18.H        -1.745238    1.192814   -1.464204
<Jan31-2022> <20:41:33>    19.H        -4.361792    0.411548   -0.101344
<Jan31-2022> <20:41:33>    20.H        -3.263379    1.595558    0.614423
<Jan31-2022> <20:41:33>    21.H        -3.825448    0.210634    1.564222
<Jan31-2022> <20:41:33>    22.H        -3.564540   -1.964538   -0.563620
<Jan31-2022> <20:41:33>    23.H        -1.887062   -2.430217   -0.330274
<Jan31-2022> <20:41:33>    24.H         2.867038   -0.823332   -0.843240
<Jan31-2022> <20:41:33>    25.I         2.784203    1.365246   -0.282892
<Jan31-2022> <20:41:33>    26.I         1.013982    3.671818    0.567768
<Jan31-2022> <20:41:34>  >>>> CORORT
<Jan31-2022> <20:41:35>  >>>> CLSMAT
<Jan31-2022> <20:41:35>  >>>> ORTHON
<Jan31-2022> <20:41:44>  >>>> GENPT
<Jan31-2022> <20:41:45>  Block Length= 128
<Jan31-2022> <20:41:46>  >>>> PTBAS
<Jan31-2022> <20:42:05>  >>>> CYCLE
<Jan31-2022> <20:42:42>  using orbital data from restart file
<Jan31-2022> <20:43:07>              |Error|         MaxErr       Wt(A-DIIS)
<Jan31-2022> <20:43:07>      1      0.38802936      0.02944460
<Jan31-2022> <20:43:50>      2      0.08884975      0.00947682    100.0
<Jan31-2022> <20:44:32>      3      0.28122177      0.03365820    100.0
<Jan31-2022> <20:45:16>      4      0.09498651      0.01015266      9.2
<Jan31-2022> <20:45:58>      5      0.02146179      0.00311635      2.1
<Jan31-2022> <20:46:42>      6      0.00819180      0.00104306      0.0
<Jan31-2022> <20:47:25>      7      0.00314254      0.00027979      0.0
<Jan31-2022> <20:48:08>      8      0.00126618      0.00009071      0.0
<Jan31-2022> <20:48:50>      9      0.00046215      0.00003930      0.0
<Jan31-2022> <20:49:34>     10      0.00041151      0.00003783      0.0
<Jan31-2022> <20:50:16>     11      0.00011350      0.00000827      0.0
<Jan31-2022> <20:50:59>     12      0.00004224      0.00000368      0.0
<Jan31-2022> <20:51:42>     13      0.00001303      0.00000060      0.0
<Jan31-2022> <20:52:26>     14      0.00001047      0.00000082      0.0
<Jan31-2022> <20:53:09>     15      0.00000277      0.00000018      0.0
<Jan31-2022> <20:53:27>  SCF converged
<Jan31-2022> <20:53:51>     16      0.00000368      0.00000040      0.0
<Jan31-2022> <20:54:09>  >>>> TOTEN
<Jan31-2022> <20:54:47>  >>>> POPAN
<Jan31-2022> <20:54:47>  >>>> DEBYE
<Jan31-2022> <20:54:48>  >>>> ENGRAD
<Jan31-2022> <20:56:08>  current energy                               -4.66660778 Hartree
<Jan31-2022> <20:56:08>  energy change                      -0.00422975     0.00026000    F
<Jan31-2022> <20:56:08>  constrained gradient max            0.06538673     0.00100000    F
<Jan31-2022> <20:56:08>  constrained gradient rms            0.01120382     0.00066667    F
<Jan31-2022> <20:56:08>  gradient max                        0.06538673
<Jan31-2022> <20:56:08>  gradient rms                        0.01120382
<Jan31-2022> <20:56:08>  cart. step max                      0.16971770     0.01000000    F
<Jan31-2022> <20:56:08>  cart. step rms                      0.03295019     0.00666667    F
<Jan31-2022> <20:56:08>  Iteration 13
<Jan31-2022> <20:56:09>  *** GOStep13 ***
<Jan31-2022> <20:56:10>  >>>> FRAGM
<Jan31-2022> <20:56:10>  Coordinates
<Jan31-2022> <20:56:10>     Atom         X           Y           Z   (Angstrom)
<Jan31-2022> <20:56:10>     1.H         0.208231   -1.703367    0.334150
<Jan31-2022> <20:56:10>     2.C        -1.076478    0.038581    0.924619
<Jan31-2022> <20:56:10>     3.C         0.209472   -0.609180    0.404482
<Jan31-2022> <20:56:10>     4.C         1.378652   -0.108439    0.069539
<Jan31-2022> <20:56:10>     5.O         3.843086   -0.333897   -0.835437
<Jan31-2022> <20:56:10>     6.H        -0.927387    1.119594    0.845976
<Jan31-2022> <20:56:10>     7.H        -2.037294    0.159400    2.882816
<Jan31-2022> <20:56:10>     8.H        -0.280837    0.052388    2.944772
<Jan31-2022> <20:56:10>     9.C        -1.167706   -0.313973    2.421216
<Jan31-2022> <20:56:10>    10.H        -1.234036   -1.391837    2.594109
<Jan31-2022> <20:56:10>    11.C        -2.059152    0.118755   -1.418028
<Jan31-2022> <20:56:10>    12.C        -2.334368   -0.301759    0.041650
<Jan31-2022> <20:56:10>    13.C        -3.539777    0.523219    0.549383
<Jan31-2022> <20:56:10>    14.C        -2.705794   -1.796811    0.073204
<Jan31-2022> <20:56:10>    15.H        -2.951447   -2.141722    1.081143
<Jan31-2022> <20:56:10>    16.H        -2.953457   -0.028815   -2.031199
<Jan31-2022> <20:56:10>    17.H        -1.251781   -0.466289   -1.867177
<Jan31-2022> <20:56:10>    18.H        -1.781189    1.175315   -1.483594
<Jan31-2022> <20:56:10>    19.H        -4.388065    0.399366   -0.130936
<Jan31-2022> <20:56:10>    20.H        -3.303696    1.591369    0.591809
<Jan31-2022> <20:56:10>    21.H        -3.872510    0.208994    1.541511
<Jan31-2022> <20:56:10>    22.H        -3.585692   -1.974723   -0.553243
<Jan31-2022> <20:56:10>    23.H        -1.906091   -2.433636   -0.318010
<Jan31-2022> <20:56:10>    24.H         2.951097   -0.832341   -0.841936
<Jan31-2022> <20:56:10>    25.I         2.797232    1.373022   -0.297431
<Jan31-2022> <20:56:10>    26.I         1.125447    3.660265    0.737486
<Jan31-2022> <20:56:10>  >>>> CORORT
<Jan31-2022> <20:56:10>  >>>> CLSMAT
<Jan31-2022> <20:56:10>  >>>> ORTHON
<Jan31-2022> <20:56:10>  >>>> GENPT
<Jan31-2022> <20:56:11>  Block Length= 128
<Jan31-2022> <20:56:12>  >>>> PTBAS
<Jan31-2022> <20:56:31>  >>>> CYCLE
<Jan31-2022> <20:57:11>  using orbital data from restart file
<Jan31-2022> <20:57:36>              |Error|         MaxErr       Wt(A-DIIS)
<Jan31-2022> <20:57:36>      1      0.23086169      0.02834086
<Jan31-2022> <20:58:24>      2      0.03640394      0.00332626    100.0
<Jan31-2022> <20:59:06>      3      0.11560790      0.01255042    100.0
<Jan31-2022> <20:59:50>      4      0.03806155      0.00362436      2.7
<Jan31-2022> <21:00:32>      5      0.01219509      0.00175254      0.8
<Jan31-2022> <21:01:17>      6      0.00367129      0.00037033      0.0
<Jan31-2022> <21:01:59>      7      0.00141707      0.00010468      0.0
<Jan31-2022> <21:02:43>      8      0.00046419      0.00003330      0.0
<Jan31-2022> <21:03:26>      9      0.00017944      0.00001243      0.0
<Jan31-2022> <21:04:09>     10      0.00009808      0.00000498      0.0
<Jan31-2022> <21:04:51>     11      0.00004519      0.00000403      0.0
<Jan31-2022> <21:05:35>     12      0.00002627      0.00000150      0.0
<Jan31-2022> <21:06:17>     13      0.00000680      0.00000034      0.0
<Jan31-2022> <21:06:36>  SCF converged
<Jan31-2022> <21:07:00>     14      0.00000481      0.00000031      0.0
<Jan31-2022> <21:07:19>  >>>> TOTEN
<Jan31-2022> <21:07:58>  >>>> POPAN
<Jan31-2022> <21:07:58>  >>>> DEBYE
<Jan31-2022> <21:07:59>  >>>> ENGRAD
<Jan31-2022> <21:09:20>  current energy                               -4.66826112 Hartree
<Jan31-2022> <21:09:20>  energy change                      -0.00165334     0.00026000    F
<Jan31-2022> <21:09:20>  constrained gradient max            0.06574640     0.00100000    F
<Jan31-2022> <21:09:20>  constrained gradient rms            0.01132160     0.00066667    F
<Jan31-2022> <21:09:20>  gradient max                        0.06574640
<Jan31-2022> <21:09:20>  gradient rms                        0.01132160
<Jan31-2022> <21:09:20>  cart. step max                      0.11779316     0.01000000    F
<Jan31-2022> <21:09:20>  cart. step rms                      0.02249926     0.00666667    F
<Jan31-2022> <21:09:20>  Iteration 14
<Jan31-2022> <21:09:20>  *** GOStep14 ***
<Jan31-2022> <21:09:23>  >>>> FRAGM
<Jan31-2022> <21:09:23>  Coordinates
<Jan31-2022> <21:09:23>     Atom         X           Y           Z   (Angstrom)
<Jan31-2022> <21:09:23>     1.H         0.211890   -1.703814    0.343099
<Jan31-2022> <21:09:23>     2.C        -1.082038    0.030602    0.945406
<Jan31-2022> <21:09:23>     3.C         0.195980   -0.607793    0.419301
<Jan31-2022> <21:09:23>     4.C         1.366912   -0.131156    0.059398
<Jan31-2022> <21:09:23>     5.O         3.887435   -0.311174   -0.862934
<Jan31-2022> <21:09:23>     6.H        -0.929466    1.109891    0.899021
<Jan31-2022> <21:09:23>     7.H        -2.042606    0.151777    2.906843
<Jan31-2022> <21:09:23>     8.H        -0.286762    0.040025    2.966776
<Jan31-2022> <21:09:23>     9.C        -1.175251   -0.323133    2.443561
<Jan31-2022> <21:09:23>    10.H        -1.243310   -1.400889    2.615446
<Jan31-2022> <21:09:23>    11.C        -2.045896    0.130327   -1.401026
<Jan31-2022> <21:09:23>    12.C        -2.336070   -0.300510    0.052785
<Jan31-2022> <21:09:23>    13.C        -3.547944    0.523293    0.547638
<Jan31-2022> <21:09:23>    14.C        -2.716326   -1.794388    0.061033
<Jan31-2022> <21:09:23>    15.H        -2.974578   -2.150851    1.061659
<Jan31-2022> <21:09:23>    16.H        -2.933503   -0.014460   -2.024388
<Jan31-2022> <21:09:23>    17.H        -1.232852   -0.450887   -1.844883
<Jan31-2022> <21:09:23>    18.H        -1.768997    1.187738   -1.456359
<Jan31-2022> <21:09:23>    19.H        -4.383661    0.409932   -0.149656
<Jan31-2022> <21:09:23>    20.H        -3.309008    1.590221    0.605610
<Jan31-2022> <21:09:23>    21.H        -3.900621    0.200057    1.529683
<Jan31-2022> <21:09:23>    22.H        -3.590351   -1.959907   -0.576750
<Jan31-2022> <21:09:23>    23.H        -1.915049   -2.429457   -0.329383
<Jan31-2022> <21:09:23>    24.H         3.025760   -0.852513   -0.861850
<Jan31-2022> <21:09:23>    25.I         2.786212    1.374710   -0.308852
<Jan31-2022> <21:09:23>    26.I         1.096560    3.665838    0.619693
<Jan31-2022> <21:09:25>  >>>> CORORT
<Jan31-2022> <21:09:25>  >>>> CLSMAT
<Jan31-2022> <21:09:25>  >>>> ORTHON
<Jan31-2022> <21:09:25>  >>>> GENPT
<Jan31-2022> <21:09:26>  Block Length= 128
<Jan31-2022> <21:09:27>  >>>> PTBAS
<Jan31-2022> <21:09:46>  >>>> CYCLE
<Jan31-2022> <21:10:24>  using orbital data from restart file
<Jan31-2022> <21:10:49>              |Error|         MaxErr       Wt(A-DIIS)
<Jan31-2022> <21:10:49>      1      0.18133535      0.01300244
<Jan31-2022> <21:11:31>      2      0.03408099      0.00278453    100.0
<Jan31-2022> <21:12:15>      3      0.12423773      0.00988558    100.0
<Jan31-2022> <21:12:57>      4      0.04122405      0.00340524    100.0
<Jan31-2022> <21:13:40>      5      0.00640861      0.00058162      0.0
<Jan31-2022> <21:14:20>      6      0.00296940      0.00029020      0.0
<Jan31-2022> <21:15:04>      7      0.00129077      0.00012992      0.0
<Jan31-2022> <21:15:45>      8      0.00036099      0.00002942      0.0
<Jan31-2022> <21:16:26>      9      0.00018596      0.00001323      0.0
<Jan31-2022> <21:17:08>     10      0.00009312      0.00000651      0.0
<Jan31-2022> <21:17:51>     11      0.00003835      0.00000386      0.0
<Jan31-2022> <21:18:34>     12      0.00001603      0.00000114      0.0
<Jan31-2022> <21:19:17>     13      0.00000458      0.00000050      0.0
<Jan31-2022> <21:19:35>  SCF converged
<Jan31-2022> <21:19:59>     14      0.00000401      0.00000039      0.0
<Jan31-2022> <21:20:20>  >>>> TOTEN
<Jan31-2022> <21:20:58>  >>>> POPAN
<Jan31-2022> <21:20:59>  >>>> DEBYE
<Jan31-2022> <21:20:59>  >>>> ENGRAD
<Jan31-2022> <21:22:20>  current energy                               -4.67019354 Hartree
<Jan31-2022> <21:22:20>  energy change                      -0.00193242     0.00026000    F
<Jan31-2022> <21:22:20>  constrained gradient max            0.06322119     0.00100000    F
<Jan31-2022> <21:22:20>  constrained gradient rms            0.01098661     0.00066667    F
<Jan31-2022> <21:22:20>  gradient max                        0.06322119
<Jan31-2022> <21:22:20>  gradient rms                        0.01098661
<Jan31-2022> <21:22:20>  cart. step max                      0.18631688     0.01000000    F
<Jan31-2022> <21:22:20>  cart. step rms                      0.03044216     0.00666667    F
<Jan31-2022> <21:22:20>  Iteration 15
<Jan31-2022> <21:22:21>  *** GOStep15 ***
<Jan31-2022> <21:22:24>  >>>> FRAGM
<Jan31-2022> <21:22:24>  Coordinates
<Jan31-2022> <21:22:24>     Atom         X           Y           Z   (Angstrom)
<Jan31-2022> <21:22:24>     1.H         0.196671   -1.703705    0.325201
<Jan31-2022> <21:22:24>     2.C        -1.085919    0.033763    0.936600
<Jan31-2022> <21:22:24>     3.C         0.174541   -0.604271    0.414026
<Jan31-2022> <21:22:24>     4.C         1.357897   -0.188165    0.020998
<Jan31-2022> <21:22:24>     5.O         3.995781   -0.253158   -0.863062
<Jan31-2022> <21:22:24>     6.H        -0.943682    1.117314    0.865184
<Jan31-2022> <21:22:24>     7.H        -2.067549    0.159537    2.891552
<Jan31-2022> <21:22:24>     8.H        -0.311451    0.046562    2.967594
<Jan31-2022> <21:22:24>     9.C        -1.196443   -0.318492    2.439110
<Jan31-2022> <21:22:24>    10.H        -1.265807   -1.395491    2.616303
<Jan31-2022> <21:22:24>    11.C        -2.069970    0.127530   -1.407189
<Jan31-2022> <21:22:24>    12.C        -2.345531   -0.299390    0.051928
<Jan31-2022> <21:22:24>    13.C        -3.547771    0.528600    0.562301
<Jan31-2022> <21:22:24>    14.C        -2.724415   -1.794972    0.070337
<Jan31-2022> <21:22:24>    15.H        -2.969536   -2.148423    1.075550
<Jan31-2022> <21:22:24>    16.H        -2.961638   -0.030802   -2.021409
<Jan31-2022> <21:22:24>    17.H        -1.255053   -0.447172   -1.855381
<Jan31-2022> <21:22:24>    18.H        -1.806297    1.187722   -1.470736
<Jan31-2022> <21:22:24>    19.H        -4.392088    0.417656   -0.124650
<Jan31-2022> <21:22:24>    20.H        -3.304695    1.594943    0.616965
<Jan31-2022> <21:22:24>    21.H        -3.889360    0.207359    1.549211
<Jan31-2022> <21:22:24>    22.H        -3.606568   -1.962226   -0.555213
<Jan31-2022> <21:22:24>    23.H        -1.927064   -2.430071   -0.327559
<Jan31-2022> <21:22:24>    24.H         3.212077   -0.873061   -0.889591
<Jan31-2022> <21:22:24>    25.I         2.768398    1.375855   -0.261141
<Jan31-2022> <21:22:24>    26.I         1.121930    3.636038    0.633944
<Jan31-2022> <21:22:26>  >>>> CORORT
<Jan31-2022> <21:22:26>  >>>> CLSMAT
<Jan31-2022> <21:22:26>  >>>> ORTHON
<Jan31-2022> <21:22:26>  >>>> GENPT
<Jan31-2022> <21:22:27>  Block Length= 128
<Jan31-2022> <21:22:28>  >>>> PTBAS
<Jan31-2022> <21:22:47>  >>>> CYCLE
<Jan31-2022> <21:23:24>  using orbital data from restart file
<Jan31-2022> <21:23:49>              |Error|         MaxErr       Wt(A-DIIS)
<Jan31-2022> <21:23:49>      1      0.33154115      0.02461815
<Jan31-2022> <21:24:31>      2      0.09384972      0.00767291    100.0
<Jan31-2022> <21:25:12>      3      0.37245788      0.03946664    100.0
<Jan31-2022> <21:25:58>      4      0.12610643      0.00950457    100.0
<Jan31-2022> <21:26:40>      5      0.02614135      0.00304400      2.1
<Jan31-2022> <21:27:23>      6      0.00796397      0.00082247      0.0
<Jan31-2022> <21:28:06>      7      0.00294608      0.00022104      0.0
<Jan31-2022> <21:28:50>      8      0.00072802      0.00006748      0.0
<Jan31-2022> <21:29:32>      9      0.00051315      0.00003299      0.0
<Jan31-2022> <21:30:16>     10      0.00024479      0.00002062      0.0
<Jan31-2022> <21:30:58>     11      0.00008823      0.00000693      0.0
<Jan31-2022> <21:31:41>     12      0.00002829      0.00000278      0.0
<Jan31-2022> <21:32:22>     13      0.00001177      0.00000105      0.0
<Jan31-2022> <21:33:15>     14      0.00000759      0.00000068      0.0
<Jan31-2022> <21:33:35>  SCF converged
<Jan31-2022> <21:33:59>     15      0.00000439      0.00000038      0.0
<Jan31-2022> <21:34:19>  >>>> TOTEN
<Jan31-2022> <21:34:57>  >>>> POPAN
<Jan31-2022> <21:34:57>  >>>> DEBYE
<Jan31-2022> <21:34:58>  >>>> ENGRAD
<Jan31-2022> <21:36:19>  current energy                               -4.67347540 Hartree
<Jan31-2022> <21:36:19>  energy change                      -0.00328186     0.00026000    F
<Jan31-2022> <21:36:19>  constrained gradient max            0.04849846     0.00100000    F
<Jan31-2022> <21:36:19>  constrained gradient rms            0.00903715     0.00066667    F
<Jan31-2022> <21:36:19>  gradient max                        0.04849846
<Jan31-2022> <21:36:19>  gradient rms                        0.00903715
<Jan31-2022> <21:36:19>  cart. step max                      0.12043519     0.01000000    F
<Jan31-2022> <21:36:19>  cart. step rms                      0.02548077     0.00666667    F
<Jan31-2022> <21:36:19>  Iteration 16
<Jan31-2022> <21:36:20>  *** GOStep16 ***
<Jan31-2022> <21:36:20>  >>>> FRAGM
<Jan31-2022> <21:36:20>  Coordinates
<Jan31-2022> <21:36:20>     Atom         X           Y           Z   (Angstrom)
<Jan31-2022> <21:36:20>     1.H         0.179794   -1.731316    0.326208
<Jan31-2022> <21:36:20>     2.C        -1.072803    0.022018    0.929526
<Jan31-2022> <21:36:20>     3.C         0.176400   -0.630064    0.402812
<Jan31-2022> <21:36:20>     4.C         1.356877   -0.231505   -0.006008
<Jan31-2022> <21:36:20>     5.O         4.023254   -0.205319   -0.823363
<Jan31-2022> <21:36:20>     6.H        -0.911539    1.099885    0.877730
<Jan31-2022> <21:36:20>     7.H        -2.054147    0.168470    2.882924
<Jan31-2022> <21:36:20>     8.H        -0.299941    0.020254    2.961667
<Jan31-2022> <21:36:20>     9.C        -1.191758   -0.326559    2.432046
<Jan31-2022> <21:36:20>    10.H        -1.282031   -1.402538    2.604697
<Jan31-2022> <21:36:20>    11.C        -2.069568    0.131741   -1.411521
<Jan31-2022> <21:36:20>    12.C        -2.342636   -0.294204    0.048317
<Jan31-2022> <21:36:20>    13.C        -3.529904    0.545775    0.572250
<Jan31-2022> <21:36:20>    14.C        -2.734873   -1.786134    0.072652
<Jan31-2022> <21:36:20>    15.H        -2.974692   -2.135604    1.080657
<Jan31-2022> <21:36:20>    16.H        -2.964886   -0.021691   -2.021926
<Jan31-2022> <21:36:20>    17.H        -1.259772   -0.446890   -1.863681
<Jan31-2022> <21:36:20>    18.H        -1.801102    1.190702   -1.476092
<Jan31-2022> <21:36:20>    19.H        -4.384638    0.441767   -0.103162
<Jan31-2022> <21:36:20>    20.H        -3.276310    1.609798    0.621890
<Jan31-2022> <21:36:20>    21.H        -3.861825    0.229421    1.564198
<Jan31-2022> <21:36:20>    22.H        -3.623941   -1.945750   -0.545200
<Jan31-2022> <21:36:20>    23.H        -1.947144   -2.429569   -0.331226
<Jan31-2022> <21:36:20>    24.H         3.295779   -0.869595   -0.870247
<Jan31-2022> <21:36:20>    25.I         2.706369    1.382394   -0.235801
<Jan31-2022> <21:36:20>    26.I         1.001494    3.597991    0.571525
<Jan31-2022> <21:36:20>  >>>> CORORT
<Jan31-2022> <21:36:20>  >>>> CLSMAT
<Jan31-2022> <21:36:20>  >>>> ORTHON
<Jan31-2022> <21:36:21>  >>>> GENPT
<Jan31-2022> <21:36:21>  Block Length= 128
<Jan31-2022> <21:36:23>  >>>> PTBAS
<Jan31-2022> <21:36:42>  >>>> CYCLE
<Jan31-2022> <21:37:21>  using orbital data from restart file
<Jan31-2022> <21:37:45>              |Error|         MaxErr       Wt(A-DIIS)
<Jan31-2022> <21:37:45>      1      0.22611818      0.01681935
<Jan31-2022> <21:38:26>      2      0.04027441      0.00346994    100.0
<Jan31-2022> <21:39:10>      3      0.01450005      0.00146779    100.0
<Jan31-2022> <21:39:51>      4      0.02627521      0.00295740    100.0
<Jan31-2022> <21:40:35>      5      0.00963204      0.00068381      0.0
<Jan31-2022> <21:41:17>      6      0.00362334      0.00038324      0.0
<Jan31-2022> <21:42:02>      7      0.00065658      0.00004608      0.0
<Jan31-2022> <21:42:44>      8      0.00029594      0.00002152      0.0
<Jan31-2022> <21:43:28>      9      0.00019947      0.00001866      0.0
<Jan31-2022> <21:44:11>     10      0.00006458      0.00000420      0.0
<Jan31-2022> <21:44:54>     11      0.00002785      0.00000192      0.0
<Jan31-2022> <21:45:37>     12      0.00001380      0.00000100      0.0
<Jan31-2022> <21:46:20>     13      0.00000981      0.00000082      0.0
<Jan31-2022> <21:46:38>  SCF converged
<Jan31-2022> <21:47:02>     14      0.00000371      0.00000030      0.0
<Jan31-2022> <21:47:23>  >>>> TOTEN
<Jan31-2022> <21:48:01>  >>>> POPAN
<Jan31-2022> <21:48:01>  >>>> DEBYE
<Jan31-2022> <21:48:02>  >>>> ENGRAD
<Jan31-2022> <21:49:24>  current energy                               -4.67494736 Hartree
<Jan31-2022> <21:49:24>  energy change                      -0.00147196     0.00026000    F
<Jan31-2022> <21:49:24>  constrained gradient max            0.03362544     0.00100000    F
<Jan31-2022> <21:49:24>  constrained gradient rms            0.00715159     0.00066667    F
<Jan31-2022> <21:49:24>  gradient max                        0.03362544
<Jan31-2022> <21:49:24>  gradient rms                        0.00715159
<Jan31-2022> <21:49:24>  cart. step max                      0.10703784     0.01000000    F
<Jan31-2022> <21:49:24>  cart. step rms                      0.02077211     0.00666667    F
<Jan31-2022> <21:49:24>  Iteration 17
<Jan31-2022> <21:49:24>  *** GOStep17 ***
<Jan31-2022> <21:49:25>  >>>> FRAGM
<Jan31-2022> <21:49:25>  Coordinates
<Jan31-2022> <21:49:25>     Atom         X           Y           Z   (Angstrom)
<Jan31-2022> <21:49:25>     1.H         0.146475   -1.758498    0.320520
<Jan31-2022> <21:49:25>     2.C        -1.058102    0.018213    0.918871
<Jan31-2022> <21:49:25>     3.C         0.183143   -0.658465    0.382662
<Jan31-2022> <21:49:25>     4.C         1.361004   -0.260685   -0.026007
<Jan31-2022> <21:49:25>     5.O         4.021686   -0.171242   -0.783089
<Jan31-2022> <21:49:25>     6.H        -0.891638    1.094370    0.853047
<Jan31-2022> <21:49:25>     7.H        -2.030887    0.177694    2.872810
<Jan31-2022> <21:49:25>     8.H        -0.279188    0.003400    2.948204
<Jan31-2022> <21:49:25>     9.C        -1.176731   -0.329908    2.419978
<Jan31-2022> <21:49:25>    10.H        -1.282851   -1.404690    2.590927
<Jan31-2022> <21:49:25>    11.C        -2.068615    0.130428   -1.414961
<Jan31-2022> <21:49:25>    12.C        -2.338111   -0.289270    0.046203
<Jan31-2022> <21:49:25>    13.C        -3.513728    0.561234    0.577245
<Jan31-2022> <21:49:25>    14.C        -2.739604   -1.777574    0.079724
<Jan31-2022> <21:49:25>    15.H        -2.974643   -2.121012    1.090830
<Jan31-2022> <21:49:25>    16.H        -2.967503   -0.018722   -2.021530
<Jan31-2022> <21:49:25>    17.H        -1.264198   -0.454462   -1.868723
<Jan31-2022> <21:49:25>    18.H        -1.793643    1.187465   -1.483252
<Jan31-2022> <21:49:25>    19.H        -4.377501    0.456901   -0.087064
<Jan31-2022> <21:49:25>    20.H        -3.254031    1.623993    0.615949
<Jan31-2022> <21:49:25>    21.H        -3.835705    0.253464    1.575169
<Jan31-2022> <21:49:25>    22.H        -3.634176   -1.934003   -0.531425
<Jan31-2022> <21:49:25>    23.H        -1.959852   -2.428611   -0.327850
<Jan31-2022> <21:49:25>    24.H         3.334547   -0.861727   -0.851810
<Jan31-2022> <21:49:25>    25.I         2.655856    1.384258   -0.203683
<Jan31-2022> <21:49:25>    26.I         0.894456    3.560928    0.568127
<Jan31-2022> <21:49:25>  >>>> CORORT
<Jan31-2022> <21:49:25>  >>>> CLSMAT
<Jan31-2022> <21:49:25>  >>>> ORTHON
<Jan31-2022> <21:49:25>  >>>> GENPT
<Jan31-2022> <21:49:26>  Block Length= 128
<Jan31-2022> <21:49:28>  >>>> PTBAS
<Jan31-2022> <21:49:46>  >>>> CYCLE
<Jan31-2022> <21:50:25>  using orbital data from restart file
<Jan31-2022> <21:50:50>              |Error|         MaxErr       Wt(A-DIIS)
<Jan31-2022> <21:50:50>      1      0.17709983      0.01379652
<Jan31-2022> <21:51:31>      2      0.02162362      0.00185969    100.0
<Jan31-2022> <21:52:18>      3      0.00862823      0.00083911    100.0
<Jan31-2022> <21:53:02>      4      0.01173854      0.00092083      0.0
<Jan31-2022> <21:53:45>      5      0.00577328      0.00066872      0.0
<Jan31-2022> <21:54:26>      6      0.00341842      0.00028237      0.0
<Jan31-2022> <21:55:11>      7      0.00116979      0.00010233      0.0
<Jan31-2022> <21:55:53>      8      0.00038918      0.00003189      0.0
<Jan31-2022> <21:56:37>      9      0.00014062      0.00000895      0.0
<Jan31-2022> <21:57:20>     10      0.00009321      0.00000781      0.0
<Jan31-2022> <21:58:04>     11      0.00003590      0.00000263      0.0
<Jan31-2022> <21:58:45>     12      0.00001342      0.00000080      0.0
<Jan31-2022> <21:59:29>     13      0.00000581      0.00000047      0.0
<Jan31-2022> <21:59:47>  SCF converged
<Jan31-2022> <22:00:12>     14      0.00000215      0.00000011      0.0
<Jan31-2022> <22:00:31>  >>>> TOTEN
<Jan31-2022> <22:01:09>  >>>> POPAN
<Jan31-2022> <22:01:10>  >>>> DEBYE
<Jan31-2022> <22:01:10>  >>>> ENGRAD
<Jan31-2022> <22:02:32>  current energy                               -4.67596616 Hartree
<Jan31-2022> <22:02:32>  energy change                      -0.00101880     0.00026000    F
<Jan31-2022> <22:02:32>  constrained gradient max            0.01961337     0.00100000    F
<Jan31-2022> <22:02:32>  constrained gradient rms            0.00536214     0.00066667    F
<Jan31-2022> <22:02:32>  gradient max                        0.01961337
<Jan31-2022> <22:02:32>  gradient rms                        0.00536214
<Jan31-2022> <22:02:32>  cart. step max                      0.06455307     0.01000000    F
<Jan31-2022> <22:02:32>  cart. step rms                      0.01764233     0.00666667    F
<Jan31-2022> <22:02:32>  Iteration 18
<Jan31-2022> <22:02:32>  *** GOStep18 ***
<Jan31-2022> <22:02:37>  >>>> FRAGM
<Jan31-2022> <22:02:37>  Coordinates
<Jan31-2022> <22:02:37>     Atom         X           Y           Z   (Angstrom)
<Jan31-2022> <22:02:37>     1.H         0.119917   -1.777129    0.307467
<Jan31-2022> <22:02:37>     2.C        -1.049626    0.013728    0.904128
<Jan31-2022> <22:02:37>     3.C         0.191023   -0.681144    0.361912
<Jan31-2022> <22:02:37>     4.C         1.369067   -0.271523   -0.030401
<Jan31-2022> <22:02:37>     5.O         4.024113   -0.139972   -0.736244
<Jan31-2022> <22:02:37>     6.H        -0.872954    1.087213    0.827413
<Jan31-2022> <22:02:37>     7.H        -2.004169    0.186197    2.862526
<Jan31-2022> <22:02:37>     8.H        -0.254341   -0.005974    2.926039
<Jan31-2022> <22:02:37>     9.C        -1.158321   -0.330695    2.403910
<Jan31-2022> <22:02:37>    10.H        -1.275152   -1.404001    2.577045
<Jan31-2022> <22:02:37>    11.C        -2.078738    0.121870   -1.423629
<Jan31-2022> <22:02:37>    12.C        -2.337689   -0.289907    0.041037
<Jan31-2022> <22:02:37>    13.C        -3.499373    0.572371    0.582360
<Jan31-2022> <22:02:37>    14.C        -2.751700   -1.773673    0.085211
<Jan31-2022> <22:02:37>    15.H        -2.980047   -2.110580    1.099998
<Jan31-2022> <22:02:37>    16.H        -2.984606   -0.019668   -2.021713
<Jan31-2022> <22:02:37>    17.H        -1.284625   -0.472609   -1.883140
<Jan31-2022> <22:02:37>    18.H        -1.793198    1.175601   -1.498401
<Jan31-2022> <22:02:37>    19.H        -4.372595    0.470185   -0.070004
<Jan31-2022> <22:02:37>    20.H        -3.231688    1.633299    0.611404
<Jan31-2022> <22:02:37>    21.H        -3.810148    0.272401    1.586258
<Jan31-2022> <22:02:37>    22.H        -3.653622   -1.925500   -0.516567
<Jan31-2022> <22:02:37>    23.H        -1.982820   -2.434310   -0.327673
<Jan31-2022> <22:02:37>    24.H         3.366266   -0.851395   -0.818792
<Jan31-2022> <22:02:37>    25.I         2.631581    1.390490   -0.179938
<Jan31-2022> <22:02:37>    26.I         0.829903    3.548202    0.590669
<Jan31-2022> <22:02:37>  >>>> CORORT
<Jan31-2022> <22:02:37>  >>>> CLSMAT
<Jan31-2022> <22:02:37>  >>>> ORTHON
<Jan31-2022> <22:02:37>  >>>> GENPT
<Jan31-2022> <22:02:38>  Block Length= 128
<Jan31-2022> <22:02:39>  >>>> PTBAS
<Jan31-2022> <22:02:58>  >>>> CYCLE
<Jan31-2022> <22:03:36>  using orbital data from restart file
<Jan31-2022> <22:03:59>              |Error|         MaxErr       Wt(A-DIIS)
<Jan31-2022> <22:03:59>      1      0.12937630      0.01072445
<Jan31-2022> <22:04:43>      2      0.01888973      0.00176434    100.0
<Jan31-2022> <22:05:24>      3      0.00726922      0.00054042    100.0
<Jan31-2022> <22:06:08>      4      0.01457796      0.00171733    100.0
<Jan31-2022> <22:06:51>      5      0.00369067      0.00030254      0.0
<Jan31-2022> <22:07:33>      6      0.00222458      0.00019233      0.0
<Jan31-2022> <22:08:15>      7      0.00072976      0.00007149      0.0
<Jan31-2022> <22:08:59>      8      0.00025807      0.00001751      0.0
<Jan31-2022> <22:09:51>      9      0.00016015      0.00000989      0.0
<Jan31-2022> <22:10:40>     10      0.00005195      0.00000484      0.0
<Jan31-2022> <22:11:24>     11      0.00001658      0.00000133      0.0
<Jan31-2022> <22:12:07>     12      0.00000586      0.00000034      0.0
<Jan31-2022> <22:12:24>  SCF converged
<Jan31-2022> <22:12:48>     13      0.00000268      0.00000015      0.0
<Jan31-2022> <22:13:09>  >>>> TOTEN
<Jan31-2022> <22:13:36>  ERROR: Process received SIGTERM
