
 *******************************************************************************
 *                                                                             *
 *  --------------------------------                                           *
 *   Amsterdam Modeling Suite (AMS)              2021.102                      *
 *  --------------------------------                                           *
 *                                               r95042 2021-06-07             *
 *                                                                             *
 *                                                                             *
 *                              =================                              *
 *                              |               |                              *
 *                              |     A M S     |                              *
 *                              |               |                              *
 *                              =================                              *
 *                                                                             *
 *                                                                             *
 *   Online information and documentation:  https://www.scm.com/support/       *
 *   E-mail:  support@scm.com   info@scm.com                                   *
 *                                                                             *
 *   Scientific publications using AMS results must be properly referenced     *
 *   See the User Manuals (or the web site) for recommended citations          *
 *   The terms and conditions of the End User License Agreement apply to       *
 *   the use of AMS, https://www.scm.com/license-terms/                        *
 *                                                                             *
 **********************  x86_64_linux_intel / intelmpi  ************************
 
 Licensed to: VU/FEW (+ SARA) / ALGEMEEN / Amsterdam / THE NETHERLANDS
 SCM User ID: u7668
  
 AMS 2021.102  RunTime: Jan31-2022 17:34:39  ShM Nodes: 1  Procs: 16

 AMS jobname: 56.achiral_catalyst.H_tBu_I2.P1
 AMS jobid  : 1878620086

 Start   directory: /scistor/tc/yhk800/MasterProject/calculations/achiral_catalyst_H_tBu_I2/56.achiral_catalyst.H_tBu_I2.P1/
 Results directory: /scistor/tc/yhk800/MasterProject/calculations/achiral_catalyst_H_tBu_I2/56.achiral_catalyst.H_tBu_I2.P1/
 Scratch directory: /scratch/6205/amstmp_56.achiral_catalyst.H_tBu_I2.P1_kid9.1878620086/




                     *************************************************************************
                     *  ADF 2021.102  RunTime: Jan31-2022 17:34:40  ShM Nodes: 1  Procs: 16  *
                     *************************************************************************
  
       ***************************
       *  GEOMETRY OPTIMIZATION  *
       ***************************

Optimization Method                    Quasi Newton
Optimization Coordinates               Delocalized Coordinates
Optimize lattice                       F
 
 ------------------------------------------------------
 Convergence criteria (Hartree,Angstrom)
 ------------------------------------------------------
 Maximum gradient               0.001000000000
 Maximum rms gradient           0.000666666667
 Maximum step allowed           0.010000000000
 Maximum rms step allowed       0.006666666667
 Maximum energy change allowe   0.000260000000
 Maximum stress energy allowe   0.000500000000
 
Initial model Hessian                  Automatic Hessian
 
------------------------------------
Quasi-Newton Optimizer Parameters
------------------------------------
Hessian Update Method                  BFGS
Maximum number of steps                  250
First GDIIS cycle                          0
Maximum GDIIS vectors                      0
Trust radius (bohr)                        0.200000
Trust radius varies                        T
Constraints converged at all steps         T
Use projector                              T
 
 Rigid motions settings for: old optimizer
 Atomic rotations (x,y,z):     T T T
 Atomic translations (x,y,z):  T T T
 Tolerance:                   1.000000000000000E-006
 
--------
Geometry
--------
Formula: C8H15I2O
Atoms
  Index Symbol   x (angstrom)   y (angstrom)   z (angstrom)
      1      H     0.30883566    -1.71322737     0.34845077
      2      C    -0.85933175     0.07325638     0.95361639
      3      C     0.30566658    -0.62207952     0.35697327
      4      C     1.44363467     0.02246096    -0.23005168
      5      O     2.41991567    -0.55928782    -0.73004528
      6      H    -0.69195270     1.15283717     0.94428296
      7      H    -2.09949902     0.10683830     2.73788510
      8      H    -0.38777363    -0.20492454     3.06899219
      9      C    -1.20706757    -0.41125312     2.37345100
     10      H    -1.40849480    -1.48746718     2.39475159
     11      C    -1.70937506     0.20354156    -1.38496935
     12      C    -2.07744753    -0.18985427     0.04886961
     13      C    -3.24807681     0.65887181     0.55426345
     14      C    -2.42346101    -1.68006514     0.12422237
     15      H    -2.66121687    -1.96192776     1.15056780
     16      H    -2.55085832     0.03060734    -2.05797047
     17      H    -0.86007945    -0.38556238    -1.73283836
     18      H    -1.44001103     1.25935324    -1.43040126
     19      H    -4.13281786     0.49873837    -0.06421966
     20      H    -2.98931684     1.71782142     0.52219591
     21      H    -3.49151556     0.39312814     1.58357255
     22      H    -3.28501950    -1.90595353    -0.50635057
     23      H    -1.57908657    -2.28215009    -0.21324594
     24      H     2.13175883    -0.63340533    -0.72119785
     25      I     1.54062743     0.82456511    -0.28082009
     26      I     0.10842206     3.07861732     0.45088846
 
Total System Charge             0.00000
 
 
----------------
ADF Engine Input
----------------
 
 NumericalQuality VeryGood
 SCF
 Converge 1.0e-6
 Iterations 99
 End
 SYMMETRY NOSYM
 SpinPolarization 1.0
 Unrestricted Yes
 XC
 GGA OLYP
 End
 basis
 core None
 type TZ2P
 End
 

 Title: *** (NO TITLE) ***

 Using automatic Hessian for delocalized coordinates.
 *** GOStep1 ***

 Energy gradients wrt nuclear displacements
 ==========================================

     Atom      Cartesian (a.u./angstrom)
                 X         Y         Z
 ----------------------------------------
     1 H     0.004251  0.019228 -0.003024
     2 C     0.001940  0.031167 -0.018383
     3 C     0.005971  0.312413 -0.043794
     4 C     3.741136 23.719894 -2.031623
     5 O   -29.788606 -6.859022  1.004205
     6 H     0.010063  0.018101 -0.014982
     7 H    -0.009597  0.002414 -0.004252
     8 H     0.000792  0.000040 -0.001535
     9 C    -0.026254 -0.005522 -0.018788
    10 H    -0.008514 -0.007948 -0.006479
    11 C     0.012784 -0.005768  0.000856
    12 C     0.015817  0.007189  0.014764
    13 C     0.002880  0.000177  0.005276
    14 C     0.012977  0.000958  0.010375
    15 H     0.008154  0.007202  0.008485
    16 H     0.000570  0.000208  0.006504
    17 H    -0.002167  0.006185  0.006770
    18 H     0.003718 -0.002109  0.004924
    19 H     0.004748 -0.000540  0.001620
    20 H     0.003741 -0.004100 -0.000670
    21 H     0.010851 -0.003363  0.005102
    22 H     0.003594  0.003246  0.002414
    23 H     0.004539  0.006286  0.002024
    24 H    28.885071  7.980940 -0.462468
    25 I    -2.894212-25.098049  1.542604
    26 I    -0.004249 -0.129229 -0.009926
 ----------------------------------------
 Mulliken charges used for AMS results%charges...
 
----------------------------------------------------------------------
Geometry Convergence after Step   1       (Hartree/Angstrom,Angstrom)
----------------------------------------------------------------------
current energy                                5.47124764 Hartree
energy change                       5.47124764     0.00026000    F
constrained gradient max           29.78854903     0.00100000    F
constrained gradient rms            6.25855231     0.00066667    F
gradient max                       29.78854903
gradient rms                        6.25855231
cart. step max                      0.03218380     0.01000000    F
cart. step rms                      0.00658082     0.00666667    T
 
 
--------
Geometry
--------
Formula: C8H15I2O
Atoms
  Index Symbol   x (angstrom)   y (angstrom)   z (angstrom)
      1      H     0.30810915    -1.71561833     0.34837256
      2      C    -0.85866145     0.07172524     0.95324822
      3      C     0.30587959    -0.62439113     0.35649170
      4      C     1.43810203     0.00237876    -0.22790567
      5      O     2.44780618    -0.55078829    -0.72938288
      6      H    -0.69081223     1.15115573     0.94374976
      7      H    -2.09786454     0.10606998     2.73825638
      8      H    -0.38612996    -0.20633180     3.06846477
      9      C    -1.20588195    -0.41243087     2.37339296
     10      H    -1.40773030    -1.48852321     2.39502782
     11      C    -1.70935453     0.20231897    -1.38546403
     12      C    -2.07742616    -0.19081352     0.04850716
     13      C    -3.24753022     0.65866770     0.55405503
     14      C    -2.42447729    -1.68087232     0.12384159
     15      H    -2.66232774    -1.96271261     1.15015372
     16      H    -2.55106158     0.02988590    -2.05834172
     17      H    -0.86047646    -0.38733913    -1.73349921
     18      H    -1.43934957     1.25796677    -1.43102338
     19      H    -4.13245442     0.49904257    -0.06432843
     20      H    -2.98817128     1.71748168     0.52192511
     21      H    -3.49108536     0.39316248     1.58338503
     22      H    -3.28629372    -1.90611772    -0.50664173
     23      H    -1.58060923    -2.28358356    -0.21378058
     24      H     2.09957503    -0.64208434    -0.71675028
     25      I     1.54318019     0.84555566    -0.28247432
     26      I     0.11150485     3.09967446     0.45159334
 
Total System Charge             0.00000
 
 *** GOStep2 ***

 Energy gradients wrt nuclear displacements
 ==========================================

     Atom      Cartesian (a.u./angstrom)
                 X         Y         Z
 ----------------------------------------
     1 H     0.008785  0.018418 -0.004032
     2 C     0.002571  0.030495 -0.018425
     3 C    -0.013054  0.307765 -0.033945
     4 C     3.307399 19.467311 -1.804809
     5 O   -17.806650 -3.905221  0.743619
     6 H     0.009489  0.018070 -0.014657
     7 H    -0.009680  0.002414 -0.004194
     8 H     0.000699  0.000056 -0.001514
     9 C    -0.025882 -0.005545 -0.018405
    10 H    -0.008568 -0.007962 -0.006308
    11 C     0.012320 -0.005461  0.000975
    12 C     0.015860  0.007214  0.014166
    13 C     0.002739  0.000265  0.005360
    14 C     0.012761  0.000953  0.010420
    15 H     0.008094  0.007168  0.008460
    16 H     0.000476  0.000131  0.006453
    17 H    -0.001957  0.006024  0.006835
    18 H     0.003666 -0.002142  0.005035
    19 H     0.004619 -0.000531  0.001639
    20 H     0.003653 -0.004091 -0.000624
    21 H     0.010759 -0.003357  0.005091
    22 H     0.003484  0.003180  0.002418
    23 H     0.004602  0.006233  0.002051
    24 H    16.926467  5.003184 -0.209584
    25 I    -2.470814-20.827877  1.314858
    26 I    -0.001837 -0.116696 -0.010884
 ----------------------------------------
 Mulliken charges used for AMS results%charges...

 dE(predicted):    -0.29173E+01, dE(actual):    -0.24128E+01, Trust radius:    0.400000, all in a.u.
 
----------------------------------------------------------------------
Geometry Convergence after Step   2       (Hartree/Angstrom,Angstrom)
----------------------------------------------------------------------
current energy                                3.05843719 Hartree
energy change                      -2.41281045     0.00026000    F
constrained gradient max           20.82769559     0.00100000    F
constrained gradient rms            4.35504913     0.00066667    F
gradient max                       20.82769559
gradient rms                        4.35504913
cart. step max                      0.06191457     0.01000000    F
cart. step rms                      0.01400184     0.00666667    F
 
 
--------
Geometry
--------
Formula: C8H15I2O
Atoms
  Index Symbol   x (angstrom)   y (angstrom)   z (angstrom)
      1      H     0.30646144    -1.72162304     0.34877283
      2      C    -0.85670425     0.06769310     0.95271228
      3      C     0.30691110    -0.63011867     0.35567175
      4      C     1.42214283    -0.05145688    -0.22050659
      5      O     2.48060521    -0.54140401    -0.72651539
      6      H    -0.68804222     1.14670425     0.94302209
      7      H    -2.09284055     0.10320009     2.74013367
      8      H    -0.38089639    -0.21017146     3.06736524
      9      C    -1.20197986    -0.41591495     2.37374873
     10      H    -1.40444400    -1.49173254     2.39622407
     11      C    -1.70914249     0.19947003    -1.38676309
     12      C    -2.07736950    -0.19348213     0.04745585
     13      C    -3.24643904     0.65761731     0.55344065
     14      C    -2.42702258    -1.68330758     0.12207934
     15      H    -2.66535398    -1.96564221     1.14807713
     16      H    -2.55129679     0.02839243    -2.05953160
     17      H    -0.86119084    -0.39139271    -1.73532978
     18      H    -1.43765657     1.25475664    -1.43237059
     19      H    -4.13167814     0.49931393    -0.06494858
     20      H    -2.98576720     1.71616441     0.52152345
     21      H    -3.49057856     0.39245292     1.58266954
     22      H    -3.28937598    -1.90668259    -0.50845699
     23      H    -1.58440801    -2.28750924    -0.21602608
     24      H     2.05020139    -0.65924922    -0.70529789
     25      I     1.55117091     0.90581214    -0.28681556
     26      I     0.12115310     3.16158904     0.45053842
 
Total System Charge             0.00000
 
 *** GOStep3 ***

 Energy gradients wrt nuclear displacements
 ==========================================

     Atom      Cartesian (a.u./angstrom)
                 X         Y         Z
 ----------------------------------------
     1 H     0.014573  0.014432 -0.005974
     2 C     0.008504  0.030108 -0.016904
     3 C    -0.026326  0.286192 -0.023540
     4 C     2.370508 11.944329 -1.349611
     5 O    -9.218535 -1.869895  0.518016
     6 H     0.007940  0.014892 -0.013747
     7 H    -0.009761  0.002228 -0.004036
     8 H     0.000645  0.000057 -0.001769
     9 C    -0.025527 -0.005129 -0.017172
    10 H    -0.008378 -0.007688 -0.006110
    11 C     0.011670 -0.004705  0.001011
    12 C     0.015587  0.006362  0.012317
    13 C     0.002603  0.000368  0.005599
    14 C     0.012308  0.000563  0.010053
    15 H     0.008060  0.007120  0.008123
    16 H     0.000429  0.000054  0.006087
    17 H    -0.000959  0.005500  0.007054
    18 H     0.003517 -0.002236  0.004908
    19 H     0.004485 -0.000488  0.001452
    20 H     0.003476 -0.003962 -0.000676
    21 H     0.010638 -0.003262  0.004804
    22 H     0.003195  0.003139  0.002265
    23 H     0.004773  0.006409  0.002146
    24 H     8.448278  2.915868 -0.018781
    25 I    -1.658305-13.234456  0.894097
    26 I     0.016603 -0.105800 -0.019611
 ----------------------------------------
 Mulliken charges used for AMS results%charges...

 dE(predicted):    -0.34513E+01, dE(actual):    -0.30321E+01, Trust radius:    0.800000, all in a.u.
 
----------------------------------------------------------------------
Geometry Convergence after Step   3       (Hartree/Angstrom,Angstrom)
----------------------------------------------------------------------
current energy                                0.02630271 Hartree
energy change                      -3.03213448     0.00026000    F
constrained gradient max           13.23425619     0.00100000    F
constrained gradient rms            2.52558756     0.00066667    F
gradient max                       13.23425619
gradient rms                        2.52558756
cart. step max                      0.20951823     0.01000000    F
cart. step rms                      0.03769579     0.00666667    F
 
 
--------
Geometry
--------
Formula: C8H15I2O
Atoms
  Index Symbol   x (angstrom)   y (angstrom)   z (angstrom)
      1      H     0.30174027    -1.72546650     0.36681499
      2      C    -0.86033859     0.06070731     0.96099902
      3      C     0.31030172    -0.63265443     0.36574963
      4      C     1.38225848    -0.14555104    -0.18539559
      5      O     2.49521209    -0.57538601    -0.71992872
      6      H    -0.70051462     1.13946698     0.95398024
      7      H    -2.07750332     0.08138897     2.76411242
      8      H    -0.36068378    -0.21556411     3.07162141
      9      C    -1.18712568    -0.42827620     2.38636390
     10      H    -1.37856186    -1.50492232     2.41158533
     11      C    -1.71910716     0.19954141    -1.38783803
     12      C    -2.08912772    -0.20262676     0.04535342
     13      C    -3.26345769     0.64398798     0.55290794
     14      C    -2.44126717    -1.69533420     0.10582931
     15      H    -2.68485021    -1.98985402     1.12664738
     16      H    -2.55991086     0.03102350    -2.06371331
     17      H    -0.86972092    -0.38816309    -1.74023261
     18      H    -1.44953678     1.25573508    -1.42863896
     19      H    -4.14624597     0.48707656    -0.07025834
     20      H    -3.00621866     1.70396896     0.52806899
     21      H    -3.51404784     0.37455840     1.57909786
     22      H    -3.30226445    -1.91137232    -0.53002762
     23      H    -1.60005985    -2.29989214    -0.23529819
     24      H     2.04679178    -0.70726001    -0.68373682
     25      I     1.60668491     1.05723980    -0.30637430
     26      I     0.22401289     3.37110727     0.39318359
 
Total System Charge             0.00000
 
 *** GOStep4 ***

 Energy gradients wrt nuclear displacements
 ==========================================

     Atom      Cartesian (a.u./angstrom)
                 X         Y         Z
 ----------------------------------------
     1 H     0.016697  0.010565 -0.013115
     2 C     0.024872  0.020123 -0.005631
     3 C     0.041539  0.259878 -0.049036
     4 C     1.193203  3.849346 -0.789293
     5 O    -7.638268 -1.830015  0.599069
     6 H     0.001442  0.003613 -0.010114
     7 H    -0.008431  0.000774 -0.002693
     8 H     0.000511 -0.000206 -0.001773
     9 C    -0.025018 -0.004762 -0.011515
    10 H    -0.006811 -0.005454 -0.004553
    11 C     0.010383 -0.003053 -0.000155
    12 C     0.009245  0.004534  0.006538
    13 C     0.000503  0.000578  0.005821
    14 C     0.009762 -0.002386  0.008213
    15 H     0.007189  0.006365  0.005642
    16 H     0.000526 -0.000007  0.004629
    17 H     0.001592  0.003218  0.007036
    18 H     0.002491 -0.002162  0.004178
    19 H     0.003612 -0.000533  0.000974
    20 H     0.002926 -0.003710 -0.000548
    21 H     0.009504 -0.002507  0.003126
    22 H     0.002106  0.002678  0.001792
    23 H     0.004338  0.006572  0.002599
    24 H     7.107471  2.660545 -0.199915
    25 I    -0.811302 -4.877721  0.464293
    26 I     0.039917 -0.096274 -0.025567
 ----------------------------------------
 Mulliken charges used for AMS results%charges...

 dE(predicted):    -0.23761E+01, dE(actual):    -0.23929E+01, Trust radius:    1.000000, all in a.u.
 
----------------------------------------------------------------------
Geometry Convergence after Step   4       (Hartree/Angstrom,Angstrom)
----------------------------------------------------------------------
current energy                               -2.36656485 Hartree
energy change                      -2.39286757     0.00026000    F
constrained gradient max            7.63829468     0.00100000    F
constrained gradient rms            1.43804766     0.00066667    F
gradient max                        7.63829468
gradient rms                        1.43804766
cart. step max                      0.21158186     0.01000000    F
cart. step rms                      0.03836073     0.00666667    F
 
 
--------
Geometry
--------
Formula: C8H15I2O
Atoms
  Index Symbol   x (angstrom)   y (angstrom)   z (angstrom)
      1      H     0.30021878    -1.72632462     0.38936234
      2      C    -0.87016219     0.05689148     0.97030165
      3      C     0.31192048    -0.63193982     0.38067582
      4      C     1.37111048    -0.14686186    -0.15987453
      5      O     2.70679395    -0.53316935    -0.74213445
      6      H    -0.71980012     1.13670002     0.96437787
      7      H    -2.06986489     0.06243033     2.78656976
      8      H    -0.34872977    -0.21611272     3.07718826
      9      C    -1.17922023    -0.43706979     2.39925351
     10      H    -1.35842733    -1.51461666     2.42702905
     11      C    -1.73893223     0.20030620    -1.38933114
     12      C    -2.10852158    -0.21017959     0.04388290
     13      C    -3.28787363     0.63232471     0.55355485
     14      C    -2.46203577    -1.70619081     0.09229486
     15      H    -2.70956275    -2.01199667     1.10848395
     16      H    -2.57954634     0.03325102    -2.06670033
     17      H    -0.88854175    -0.38339809    -1.74717033
     18      H    -1.47199160     1.25763431    -1.42658727
     19      H    -4.16893078     0.47602281    -0.07325960
     20      H    -3.03437890     1.69388383     0.53446703
     21      H    -3.54388323     0.35972554     1.57731554
     22      H    -3.32222012    -1.91615295    -0.54766299
     23      H    -1.62240952    -2.31142858    -0.25215713
     24      H     1.93853451    -0.77341634    -0.65273947
     25      I     1.67115907     1.10741515    -0.32584149
     26      I     0.34175449     3.48575152     0.33957425
 
Total System Charge             0.00000
 
 *** GOStep5 ***

 Energy gradients wrt nuclear displacements
 ==========================================

     Atom      Cartesian (a.u./angstrom)
                 X         Y         Z
 ----------------------------------------
     1 H     0.017268  0.005592 -0.010630
     2 C     0.027093  0.020298 -0.003192
     3 C     0.080779  0.225092 -0.070384
     4 C     1.109213  2.668102 -0.706473
     5 O    -0.844551  0.078602  0.141372
     6 H    -0.001788  0.000831 -0.007883
     7 H    -0.005988 -0.000040 -0.002851
     8 H     0.000474 -0.000314 -0.001055
     9 C    -0.021468 -0.006702 -0.007729
    10 H    -0.005595 -0.003456 -0.003047
    11 C     0.008977 -0.001953 -0.001691
    12 C     0.002815  0.004723  0.002156
    13 C    -0.001798  0.000908  0.005904
    14 C     0.007206 -0.004774  0.007115
    15 H     0.006434  0.005435  0.003779
    16 H     0.000434 -0.000229  0.003669
    17 H     0.002106  0.002204  0.006497
    18 H     0.002066 -0.002132  0.003993
    19 H     0.002719 -0.000600  0.000920
    20 H     0.002742 -0.003491 -0.000205
    21 H     0.008303 -0.001780  0.001995
    22 H     0.001490  0.002028  0.001529
    23 H     0.003732  0.005773  0.002797
    24 H     0.355071  0.565055  0.199699
    25 I    -0.793153 -3.491147  0.454465
    26 I     0.035419 -0.068025 -0.020748
 ----------------------------------------
 Mulliken charges used for AMS results%charges...

 dE(predicted):    -0.23394E+01, dE(actual):    -0.13118E+01, Trust radius:    1.000000, all in a.u.
 
----------------------------------------------------------------------
Geometry Convergence after Step   5       (Hartree/Angstrom,Angstrom)
----------------------------------------------------------------------
current energy                               -3.67838134 Hartree
energy change                      -1.31181649     0.00026000    F
constrained gradient max            3.49113685     0.00100000    F
constrained gradient rms            0.54500123     0.00066667    F
gradient max                        3.49113685
gradient rms                        0.54500123
cart. step max                      0.21186259     0.01000000    F
cart. step rms                      0.08714933     0.00666667    F
 
 
--------
Geometry
--------
Formula: C8H15I2O
Atoms
  Index Symbol   x (angstrom)   y (angstrom)   z (angstrom)
      1      H     0.34977790    -1.74238313     0.48709874
      2      C    -0.88933420     0.00853799     0.96164007
      3      C     0.35520823    -0.64678319     0.44179704
      4      C     1.41594934    -0.12323898    -0.03441643
      5      O     2.91865654    -0.48354912    -0.62466418
      6      H    -0.75055847     1.09161941     0.94868394
      7      H    -1.92735952     0.04386854     2.88066411
      8      H    -0.18294678    -0.14749708     3.02233267
      9      C    -1.05761400    -0.43594651     2.43046919
     10      H    -1.17450055    -1.51680112     2.52355277
     11      C    -1.84044329     0.17762716    -1.41066007
     12      C    -2.15908517    -0.25159753     0.03316518
     13      C    -3.32803657     0.61642788     0.53482089
     14      C    -2.60264484    -1.72918462     0.01411654
     15      H    -2.88725143    -2.07968307     1.00601268
     16      H    -2.71567977     0.04119284    -2.05182213
     17      H    -1.02753094    -0.41747144    -1.83195091
     18      H    -1.55675904     1.23130159    -1.45174955
     19      H    -4.19986636     0.48571061    -0.11230165
     20      H    -3.05768090     1.67529542     0.52785590
     21      H    -3.62727481     0.34827315     1.54810545
     22      H    -3.47172378    -1.84954700    -0.63843757
     23      H    -1.81386661    -2.38153525    -0.36494965
     24      H     2.11951029    -0.78901463    -0.56916449
     25      I     1.83840930     1.21802819    -0.27948478
     26      I     0.42910446     3.63982894     0.27015916
 
Total System Charge             0.00000
 
 *** GOStep6 ***

 Energy gradients wrt nuclear displacements
 ==========================================

     Atom      Cartesian (a.u./angstrom)
                 X         Y         Z
 ----------------------------------------
     1 H     0.009375  0.002524 -0.004958
     2 C     0.017757  0.006994 -0.000509
     3 C     0.097005  0.170602 -0.047883
     4 C     0.799135  1.408056 -0.475928
     5 O    -0.587679  0.028353  0.083820
     6 H    -0.000958 -0.000518 -0.002242
     7 H     0.001067 -0.000475 -0.002857
     8 H     0.000167 -0.000726  0.001146
     9 C     0.000810 -0.005578  0.000523
    10 H    -0.000000  0.002245  0.000153
    11 C    -0.003280 -0.001981 -0.002349
    12 C     0.001640  0.005006 -0.000263
    13 C    -0.003542 -0.001059 -0.002030
    14 C    -0.004614 -0.004788 -0.002987
    15 H     0.001968  0.002935 -0.003257
    16 H     0.000611 -0.000022  0.000323
    17 H    -0.001296  0.001074  0.003385
    18 H    -0.000094 -0.001261  0.002711
    19 H     0.000649 -0.000257  0.000653
    20 H     0.001656 -0.001944 -0.000607
    21 H     0.003591  0.000102 -0.002524
    22 H     0.000377  0.000119  0.000745
    23 H    -0.000956  0.003557  0.001445
    24 H     0.221840  0.346381  0.122223
    25 I    -0.580413 -1.924443  0.342620
    26 I     0.025184 -0.034897 -0.011352
 ----------------------------------------
 Mulliken charges used for AMS results%charges...
 Rebuilding optimization coordinates

 dE(predicted):    -0.38527E+00, dE(actual):    -0.46568E+00, Trust radius:    1.000000, all in a.u.
 
----------------------------------------------------------------------
Geometry Convergence after Step   6       (Hartree/Angstrom,Angstrom)
----------------------------------------------------------------------
current energy                               -4.14406403 Hartree
energy change                      -0.46568269     0.00026000    F
constrained gradient max            1.92437105     0.00100000    F
constrained gradient rms            0.31186689     0.00066667    F
gradient max                        1.92437105
gradient rms                        0.31186689
cart. step max                      0.21083162     0.01000000    F
cart. step rms                      0.05064544     0.00666667    F
 
 
--------
Geometry
--------
Formula: C8H15I2O
Atoms
  Index Symbol   x (angstrom)   y (angstrom)   z (angstrom)
      1      H     0.28127278    -1.77775027     0.47206082
      2      C    -0.91630146     0.00724113     0.96133607
      3      C     0.32428291    -0.68091799     0.43585037
      4      C     1.37344796    -0.11648194    -0.01277249
      5      O     3.09588109    -0.44179346    -0.71950212
      6      H    -0.75517342     1.09258928     0.95564529
      7      H    -2.01141612     0.04051340     2.85673163
      8      H    -0.27205102    -0.18119232     3.03302149
      9      C    -1.13714560    -0.44795959     2.41843998
     10      H    -1.27821376    -1.53032614     2.49086530
     11      C    -1.84308092     0.17124427    -1.41101068
     12      C    -2.17641078    -0.24727735     0.03716672
     13      C    -3.34226007     0.62624165     0.54812309
     14      C    -2.58983318    -1.73282399     0.06106198
     15      H    -2.86144175    -2.06678485     1.06727841
     16      H    -2.71602009     0.02566145    -2.05393765
     17      H    -1.02575506    -0.42371114    -1.82945821
     18      H    -1.56041621     1.22570226    -1.46983250
     19      H    -4.21971033     0.48938525    -0.09105773
     20      H    -3.07991899     1.68843411     0.53370010
     21      H    -3.63739829     0.36664170     1.56856379
     22      H    -3.46103710    -1.88497437    -0.58273222
     23      H    -1.79237728    -2.38634850    -0.30696472
     24      H     2.24968373    -0.80698087    -0.68003719
     25      I     2.04924091     1.31709172    -0.34344909
     26      I     0.45861107     3.65805564     0.32178247
 
Total System Charge             0.00000
 
 *** GOStep7 ***

 Energy gradients wrt nuclear displacements
 ==========================================

     Atom      Cartesian (a.u./angstrom)
                 X         Y         Z
 ----------------------------------------
     1 H    -0.001622 -0.004446  0.000004
     2 C     0.019082  0.003378 -0.005150
     3 C     0.094079  0.086882 -0.044700
     4 C     0.397649  0.476380 -0.206370
     5 O    -0.301253  0.003921  0.055469
     6 H    -0.001318  0.007932 -0.001656
     7 H    -0.002527  0.000586 -0.000516
     8 H    -0.000110  0.000336 -0.000712
     9 C    -0.005156 -0.004616 -0.002491
    10 H    -0.001957 -0.001818 -0.001505
    11 C     0.003144  0.001561 -0.000992
    12 C    -0.006245  0.002096 -0.002173
    13 C    -0.000178  0.001423  0.000969
    14 C     0.002661 -0.002041  0.001224
    15 H     0.001584 -0.000035  0.003384
    16 H     0.000836 -0.000366  0.001223
    17 H     0.001508  0.000127  0.000279
    18 H     0.000513  0.000064 -0.000167
    19 H     0.000941 -0.000510  0.000535
    20 H     0.000193  0.000182  0.000292
    21 H     0.001788  0.000048  0.002636
    22 H     0.000632  0.001640  0.000573
    23 H     0.002035  0.000153  0.000927
    24 H     0.098225  0.151917  0.053569
    25 I    -0.311840 -0.713143  0.149176
    26 I     0.007336 -0.011651 -0.003829
 ----------------------------------------
 Mulliken charges used for AMS results%charges...

 dE(predicted):    -0.33119E+00, dE(actual):    -0.34603E+00, Trust radius:    1.000000, all in a.u.
 
----------------------------------------------------------------------
Geometry Convergence after Step   7       (Hartree/Angstrom,Angstrom)
----------------------------------------------------------------------
current energy                               -4.49009625 Hartree
energy change                      -0.34603222     0.00026000    F
constrained gradient max            0.71312443     0.00100000    F
constrained gradient rms            0.12426425     0.00066667    F
gradient max                        0.71312443
gradient rms                        0.12426425
cart. step max                      0.21135033     0.01000000    F
cart. step rms                      0.04583278     0.00666667    F
 
 
--------
Geometry
--------
Formula: C8H15I2O
Atoms
  Index Symbol   x (angstrom)   y (angstrom)   z (angstrom)
      1      H     0.22022442    -1.76944155     0.41715793
      2      C    -0.94602601     0.01518236     0.94914865
      3      C     0.30142034    -0.67588952     0.41642438
      4      C     1.38041472    -0.10614352     0.02266635
      5      O     3.24459833    -0.41734947    -0.76583978
      6      H    -0.77997696     1.09754163     0.93523349
      7      H    -2.01390599     0.07480328     2.86542095
      8      H    -0.27269618    -0.14285236     3.01133899
      9      C    -1.14814609    -0.41846377     2.41565673
     10      H    -1.28573936    -1.50002867     2.50725477
     11      C    -1.88205432     0.14682411    -1.42148682
     12      C    -2.20947262    -0.25742788     0.03284076
     13      C    -3.37937906     0.61178532     0.54527270
     14      C    -2.61004130    -1.74618928     0.07814791
     15      H    -2.87398288    -2.07436673     1.08877309
     16      H    -2.75964132    -0.00547087    -2.05771500
     17      H    -1.06774941    -0.45048891    -1.84290606
     18      H    -1.60133595     1.20122440    -1.49560044
     19      H    -4.25537744     0.47101696    -0.09611750
     20      H    -3.12521573     1.67633058     0.53023635
     21      H    -3.68093208     0.35204271     1.56420191
     22      H    -3.48515962    -1.91374935    -0.55749654
     23      H    -1.81402511    -2.40176630    -0.29128501
     24      H     2.36389178    -0.78917685    -0.75113166
     25      I     2.26059124     1.35086990    -0.29423267
     26      I     0.57617562     3.65466285     0.45490943
 
Total System Charge             0.00000
 
 *** GOStep8 ***

 Energy gradients wrt nuclear displacements
 ==========================================

     Atom      Cartesian (a.u./angstrom)
                 X         Y         Z
 ----------------------------------------
     1 H    -0.007996 -0.003404  0.002778
     2 C     0.015774  0.001397 -0.003905
     3 C     0.076246  0.045255 -0.032593
     4 C     0.236120  0.231628 -0.100705
     5 O    -0.171842  0.008318  0.036826
     6 H    -0.000544  0.005725  0.000180
     7 H    -0.001869  0.000073  0.001048
     8 H    -0.000018  0.000296 -0.000664
     9 C    -0.006751 -0.001755 -0.001807
    10 H    -0.001613 -0.001679 -0.001605
    11 C     0.005685  0.001222 -0.000192
    12 C    -0.009968  0.002135 -0.005331
    13 C     0.001189  0.001156  0.003016
    14 C     0.004351 -0.000678  0.002649
    15 H     0.000906 -0.000915  0.003472
    16 H     0.000474 -0.000376  0.000912
    17 H     0.001321 -0.000116 -0.000925
    18 H    -0.000032  0.000090 -0.000975
    19 H     0.000486 -0.000497  0.000504
    20 H    -0.000457  0.000617  0.000275
    21 H     0.000109  0.000446  0.002696
    22 H     0.000334  0.001242  0.000428
    23 H     0.002031 -0.000696  0.000543
    24 H     0.044704  0.086871  0.034162
    25 I    -0.187722 -0.372493  0.060183
    26 I    -0.000918 -0.003862 -0.000970
 ----------------------------------------
 Mulliken charges used for AMS results%charges...

 dE(predicted):    -0.74431E-01, dE(actual):    -0.96435E-01, Trust radius:    1.000000, all in a.u.
 
----------------------------------------------------------------------
Geometry Convergence after Step   8       (Hartree/Angstrom,Angstrom)
----------------------------------------------------------------------
current energy                               -4.58653078 Hartree
energy change                      -0.09643453     0.00026000    F
constrained gradient max            0.37246642     0.00100000    F
constrained gradient rms            0.06683810     0.00066667    F
gradient max                        0.37246642
gradient rms                        0.06683810
cart. step max                      0.21141065     0.01000000    F
cart. step rms                      0.05909901     0.00666667    F
 
 
--------
Geometry
--------
Formula: C8H15I2O
Atoms
  Index Symbol   x (angstrom)   y (angstrom)   z (angstrom)
      1      H     0.21283333    -1.76432339     0.39985348
      2      C    -0.98150122     0.00130519     0.94553274
      3      C     0.28753060    -0.67392254     0.41661294
      4      C     1.40256119    -0.09414656     0.06757558
      5      O     3.45441810    -0.35522826    -0.76857620
      6      H    -0.80478242     1.07779681     0.90575805
      7      H    -1.95183366     0.11624523     2.90713541
      8      H    -0.20359627    -0.06528288     2.97346009
      9      C    -1.10192010    -0.38161392     2.43464170
     10      H    -1.21038657    -1.45983253     2.58236744
     11      C    -1.94441027     0.11747353    -1.41941011
     12      C    -2.25076892    -0.28882478     0.03721580
     13      C    -3.42004010     0.59155418     0.52855988
     14      C    -2.69761019    -1.76496567     0.05594444
     15      H    -2.98142614    -2.10239698     1.05665055
     16      H    -2.83610716    -0.01290480    -2.04229697
     17      H    -1.14886607    -0.49095275    -1.85846243
     18      H    -1.64411762     1.16708778    -1.48973594
     19      H    -4.28224655     0.46983069    -0.13620500
     20      H    -3.15045957     1.65240271     0.52796660
     21      H    -3.75205500     0.32589736     1.53543162
     22      H    -3.57422917    -1.89667940    -0.58732852
     23      H    -1.92586086    -2.44221108    -0.32429298
     24      H     2.55062104    -0.75793840    -0.77460669
     25      I     2.47200189     1.39299730    -0.26303252
     26      I     0.63871075     3.62211224     0.55011397
 
Total System Charge             0.00000
 
 *** GOStep9 ***

 Energy gradients wrt nuclear displacements
 ==========================================

     Atom      Cartesian (a.u./angstrom)
                 X         Y         Z
 ----------------------------------------
     1 H    -0.010400  0.000939  0.004280
     2 C     0.002505  0.002321  0.001039
     3 C     0.032023  0.001324 -0.012262
     4 C     0.125293  0.098750 -0.043676
     5 O    -0.064581  0.013001  0.021697
     6 H     0.003620  0.000773  0.001943
     7 H     0.001145 -0.000114  0.000594
     8 H     0.000451 -0.000114  0.000689
     9 C     0.001233  0.000942  0.000507
    10 H     0.000553  0.000512 -0.000088
    11 C    -0.000535 -0.000497  0.001626
    12 C    -0.002304 -0.000874 -0.001970
    13 C     0.001373 -0.001118 -0.001662
    14 C    -0.001953  0.000773 -0.001732
    15 H    -0.000521 -0.000152 -0.000445
    16 H    -0.000664 -0.000072 -0.000749
    17 H    -0.000264  0.000120  0.000034
    18 H    -0.000371  0.000320 -0.000193
    19 H    -0.000777 -0.000087 -0.000236
    20 H    -0.000091  0.000471 -0.000395
    21 H    -0.000334  0.000268 -0.000398
    22 H    -0.000559 -0.000795 -0.000240
    23 H    -0.000420 -0.000217 -0.000368
    24 H    -0.008892  0.043943  0.018289
    25 I    -0.068542 -0.160695  0.012286
    26 I    -0.006987  0.000278  0.001433
 ----------------------------------------
 Mulliken charges used for AMS results%charges...
 Rebuilding optimization coordinates

 dE(predicted):    -0.48291E-01, dE(actual):    -0.54433E-01, Trust radius:    1.000000, all in a.u.
 
----------------------------------------------------------------------
Geometry Convergence after Step   9       (Hartree/Angstrom,Angstrom)
----------------------------------------------------------------------
current energy                               -4.64096363 Hartree
energy change                      -0.05443285     0.00026000    F
constrained gradient max            0.16061349     0.00100000    F
constrained gradient rms            0.02922218     0.00066667    F
gradient max                        0.16061349
gradient rms                        0.02922218
cart. step max                      0.21210786     0.01000000    F
cart. step rms                      0.04980185     0.00666667    F
 
 
--------
Geometry
--------
Formula: C8H15I2O
Atoms
  Index Symbol   x (angstrom)   y (angstrom)   z (angstrom)
      1      H     0.18309420    -1.73660265     0.34824994
      2      C    -1.01432239     0.02936193     0.92524817
      3      C     0.25775314    -0.64748853     0.38991517
      4      C     1.40107265    -0.09187458     0.06592005
      5      O     3.58197335    -0.36721547    -0.79587177
      6      H    -0.86275575     1.10964026     0.85201043
      7      H    -2.03197632     0.12774382     2.85839425
      8      H    -0.28211295    -0.03388091     2.96754590
      9      C    -1.16365375    -0.36061756     2.40867966
     10      H    -1.26609680    -1.44047198     2.55326775
     11      C    -1.98548773     0.11645693    -1.42982019
     12      C    -2.27729071    -0.28810939     0.03105128
     13      C    -3.45324053     0.56851979     0.55085097
     14      C    -2.66888103    -1.77779149     0.08651709
     15      H    -2.91912107    -2.10511664     1.09980519
     16      H    -2.87910913    -0.02886013    -2.04587738
     17      H    -1.18358145    -0.48178628    -1.87167205
     18      H    -1.69863533     1.16952390    -1.50608107
     19      H    -4.32540295     0.43620483    -0.09820409
     20      H    -3.20253992     1.63386007     0.55384985
     21      H    -3.75978297     0.28923068     1.56249298
     22      H    -3.55282175    -1.95147335    -0.53604853
     23      H    -1.88114285    -2.43489175    -0.29685362
     24      H     2.66180171    -0.77343101    -0.81376015
     25      I     2.62790075     1.38059849    -0.26028323
     26      I     0.85081861     3.64195008     0.66154631
 
Total System Charge             0.00000
 
 *** GOStep10 ***

 Energy gradients wrt nuclear displacements
 ==========================================

     Atom      Cartesian (a.u./angstrom)
                 X         Y         Z
 ----------------------------------------
     1 H    -0.009012  0.001504  0.003651
     2 C     0.001942  0.004413  0.006228
     3 C     0.014773 -0.017658 -0.012053
     4 C     0.071801  0.049074 -0.020278
     5 O    -0.011358  0.018132  0.016042
     6 H    -0.001330  0.002928 -0.004608
     7 H    -0.001146  0.000363  0.000242
     8 H     0.000222  0.000189 -0.000654
     9 C    -0.004673 -0.004095 -0.001300
    10 H    -0.000744 -0.001288  0.000889
    11 C     0.003333  0.000947  0.000055
    12 C    -0.005507  0.001031 -0.004258
    13 C     0.002820  0.000969  0.002572
    14 C     0.003253  0.000251  0.002680
    15 H     0.000116 -0.000556  0.001292
    16 H    -0.000231 -0.000258  0.000155
    17 H     0.000134  0.000147 -0.000599
    18 H    -0.000025 -0.000068 -0.000520
    19 H    -0.000085 -0.000292  0.000033
    20 H    -0.000312  0.000082  0.000005
    21 H     0.000026  0.000035  0.001483
    22 H     0.000061  0.000490 -0.000003
    23 H     0.000318 -0.000739 -0.000017
    24 H    -0.035629  0.025867  0.012237
    25 I    -0.021882 -0.084781 -0.006111
    26 I    -0.006866  0.003315  0.002839
 ----------------------------------------
 Mulliken charges used for AMS results%charges...

 dE(predicted):    -0.14478E-01, dE(actual):    -0.16032E-01, Trust radius:    1.000000, all in a.u.
 
----------------------------------------------------------------------
Geometry Convergence after Step  10       (Hartree/Angstrom,Angstrom)
----------------------------------------------------------------------
current energy                               -4.65699550 Hartree
energy change                      -0.01603187     0.00026000    F
constrained gradient max            0.08473842     0.00100000    F
constrained gradient rms            0.01583587     0.00066667    F
gradient max                        0.08473842
gradient rms                        0.01583587
cart. step max                      0.07482555     0.01000000    F
cart. step rms                      0.02456248     0.00666667    F
 
 
--------
Geometry
--------
Formula: C8H15I2O
Atoms
  Index Symbol   x (angstrom)   y (angstrom)   z (angstrom)
      1      H     0.19199903    -1.72828166     0.34327408
      2      C    -1.03474021     0.02711654     0.92801357
      3      C     0.24547260    -0.63823229     0.39612202
      4      C     1.39471188    -0.09041577     0.07447112
      5      O     3.65540495    -0.35112073    -0.80630504
      6      H    -0.87895034     1.10570462     0.85178192
      7      H    -2.00224251     0.14148434     2.88451984
      8      H    -0.24887357     0.00180208     2.95164490
      9      C    -1.14005679    -0.34236987     2.41938018
     10      H    -1.22515288    -1.42105132     2.57923838
     11      C    -2.00640631     0.10902020    -1.42223179
     12      C    -2.29834038    -0.29756776     0.03726454
     13      C    -3.48570731     0.55496094     0.53846127
     14      C    -2.69832934    -1.78521914     0.07660974
     15      H    -2.95851724    -2.11929417     1.08459344
     16      H    -2.89955454    -0.03145605    -2.03989083
     17      H    -1.20513833    -0.49034811    -1.86350429
     18      H    -1.71533149     1.16137116    -1.49413884
     19      H    -4.34396315     0.42757745    -0.12972059
     20      H    -3.23487832     1.62018705     0.55383548
     21      H    -3.81338925     0.26821171     1.54073047
     22      H    -3.57791087    -1.95025337    -0.55456002
     23      H    -1.91067228    -2.44227142    -0.30635198
     24      H     2.73653646    -0.77840928    -0.82188186
     25      I     2.68484506     1.38417923    -0.26473918
     26      I     0.92564416     3.64815470     0.70425640
 
Total System Charge             0.00000
 
 *** GOStep11 ***

 Energy gradients wrt nuclear displacements
 ==========================================

     Atom      Cartesian (a.u./angstrom)
                 X         Y         Z
 ----------------------------------------
     1 H    -0.006595  0.002171  0.002305
     2 C    -0.004338  0.002827  0.005446
     3 C     0.009737 -0.020156 -0.006265
     4 C     0.044096  0.031132 -0.011023
     5 O     0.013713  0.020915  0.012960
     6 H     0.000748  0.000928 -0.002384
     7 H     0.000549  0.000116 -0.000106
     8 H     0.000323 -0.000036  0.000220
     9 C     0.001127 -0.001724 -0.000728
    10 H     0.000143 -0.000061  0.000332
    11 C     0.000434  0.000025  0.001013
    12 C    -0.002023  0.000405 -0.001565
    13 C     0.000434 -0.000070 -0.000221
    14 C     0.000356  0.000764  0.000391
    15 H    -0.000202 -0.000045 -0.000196
    16 H    -0.000350 -0.000097 -0.000179
    17 H    -0.000009  0.000001 -0.000045
    18 H    -0.000002 -0.000100  0.000008
    19 H    -0.000493  0.000029 -0.000095
    20 H    -0.000080 -0.000084 -0.000213
    21 H    -0.000261  0.000088 -0.000377
    22 H    -0.000204 -0.000174 -0.000203
    23 H    -0.000164 -0.000284 -0.000263
    24 H    -0.048485  0.017001  0.010002
    25 I    -0.002217 -0.057731 -0.012141
    26 I    -0.006235  0.004160  0.003328
 ----------------------------------------
 Mulliken charges used for AMS results%charges...

 dE(predicted):    -0.35551E-02, dE(actual):    -0.53825E-02, Trust radius:    1.000000, all in a.u.
 
----------------------------------------------------------------------
Geometry Convergence after Step  11       (Hartree/Angstrom,Angstrom)
----------------------------------------------------------------------
current energy                               -4.66237802 Hartree
energy change                      -0.00538252     0.00026000    F
constrained gradient max            0.05767996     0.00100000    F
constrained gradient rms            0.01176357     0.00066667    F
gradient max                        0.05767996
gradient rms                        0.01176357
cart. step max                      0.13648818     0.01000000    F
cart. step rms                      0.03952318     0.00666667    F
 
 
--------
Geometry
--------
Formula: C8H15I2O
Atoms
  Index Symbol   x (angstrom)   y (angstrom)   z (angstrom)
      1      H     0.20441803    -1.71387084     0.33903266
      2      C    -1.05734879     0.03318188     0.93736838
      3      C     0.22539761    -0.62145006     0.40330314
      4      C     1.38770461    -0.10274550     0.07620253
      5      O     3.77938790    -0.35771677    -0.83639049
      6      H    -0.91673407     1.11290503     0.88256072
      7      H    -2.07843714     0.14453877     2.86505075
      8      H    -0.32522737     0.01928330     2.98068257
      9      C    -1.19858517    -0.33269488     2.42572835
     10      H    -1.28150436    -1.41174605     2.58335592
     11      C    -2.02752458     0.13664721    -1.41087492
     12      C    -2.30940419    -0.29847312     0.04310085
     13      C    -3.50449409     0.52874773     0.56905864
     14      C    -2.68451489    -1.79265251     0.06464195
     15      H    -2.93212701    -2.14309517     1.07024092
     16      H    -2.92079965    -0.00027788    -2.02825435
     17      H    -1.22151135    -0.44663250    -1.86477336
     18      H    -1.74523831     1.19281369    -1.46420428
     19      H    -4.36179246     0.41154788    -0.10134369
     20      H    -3.26337863     1.59555818     0.61442287
     21      H    -3.82544825     0.21063371     1.56422196
     22      H    -3.56454015    -1.96453788    -0.56362033
     23      H    -1.88706173    -2.43021730    -0.33027448
     24      H     2.86703774    -0.82333163    -0.84323976
     25      I     2.78420327     1.36524584    -0.28289185
     26      I     1.01398204     3.67181794     0.56776822
 
Total System Charge             0.00000
 
 *** GOStep12 ***

 Energy gradients wrt nuclear displacements
 ==========================================

     Atom      Cartesian (a.u./angstrom)
                 X         Y         Z
 ----------------------------------------
     1 H    -0.001318  0.001415  0.000849
     2 C    -0.003186  0.004908  0.002622
     3 C     0.001736 -0.023708 -0.007812
     4 C     0.008358  0.011809  0.000557
     5 O     0.046952  0.027256  0.004873
     6 H    -0.002339 -0.001687  0.002046
     7 H    -0.001434  0.000290  0.000391
     8 H    -0.000541  0.000100 -0.000388
     9 C    -0.001928  0.001778 -0.001445
    10 H    -0.000405 -0.000024 -0.000738
    11 C     0.000383 -0.000287 -0.000075
    12 C     0.000598 -0.001664 -0.000131
    13 C     0.001444  0.000488  0.001390
    14 C     0.000528  0.000437  0.000630
    15 H     0.000089  0.000171  0.000219
    16 H     0.000134  0.000185  0.000083
    17 H     0.000032  0.000087 -0.000086
    18 H     0.000227  0.000247 -0.000010
    19 H     0.000249 -0.000103 -0.000035
    20 H     0.000075  0.000000  0.000148
    21 H     0.000456 -0.000100  0.000864
    22 H    -0.000015 -0.000062 -0.000081
    23 H    -0.000048 -0.000112  0.000001
    24 H    -0.065397  0.002294  0.008173
    25 I     0.021350 -0.028982 -0.013866
    26 I    -0.006000  0.005265  0.001820
 ----------------------------------------
 Mulliken charges used for AMS results%charges...

 dE(predicted):    -0.36614E-02, dE(actual):    -0.42298E-02, Trust radius:    1.000000, all in a.u.
 
----------------------------------------------------------------------
Geometry Convergence after Step  12       (Hartree/Angstrom,Angstrom)
----------------------------------------------------------------------
current energy                               -4.66660778 Hartree
energy change                      -0.00422975     0.00026000    F
constrained gradient max            0.06538673     0.00100000    F
constrained gradient rms            0.01120382     0.00066667    F
gradient max                        0.06538673
gradient rms                        0.01120382
cart. step max                      0.16971770     0.01000000    F
cart. step rms                      0.03295019     0.00666667    F
 
 
--------
Geometry
--------
Formula: C8H15I2O
Atoms
  Index Symbol   x (angstrom)   y (angstrom)   z (angstrom)
      1      H     0.20823085    -1.70336668     0.33414972
      2      C    -1.07647838     0.03858082     0.92461936
      3      C     0.20947228    -0.60917990     0.40448180
      4      C     1.37865176    -0.10843880     0.06953935
      5      O     3.84308558    -0.33389732    -0.83543678
      6      H    -0.92738714     1.11959357     0.84597559
      7      H    -2.03729383     0.15940019     2.88281609
      8      H    -0.28083741     0.05238816     2.94477215
      9      C    -1.16770628    -0.31397302     2.42121605
     10      H    -1.23403638    -1.39183715     2.59410886
     11      C    -2.05915182     0.11875483    -1.41802821
     12      C    -2.33436772    -0.30175933     0.04164978
     13      C    -3.53977691     0.52321906     0.54938312
     14      C    -2.70579413    -1.79681075     0.07320402
     15      H    -2.95144675    -2.14172153     1.08114285
     16      H    -2.95345666    -0.02881542    -2.03119911
     17      H    -1.25178087    -0.46628945    -1.86717679
     18      H    -1.78118891     1.17531532    -1.48359386
     19      H    -4.38806515     0.39936574    -0.13093637
     20      H    -3.30369636     1.59136937     0.59180894
     21      H    -3.87251000     0.20899428     1.54151140
     22      H    -3.58569216    -1.97472322    -0.55324332
     23      H    -1.90609150    -2.43363599    -0.31801031
     24      H     2.95109748    -0.83234094    -0.84193600
     25      I     2.79723206     1.37302229    -0.29743134
     26      I     1.12544738     3.66026495     0.73748593
 
Total System Charge             0.00000
 
 *** GOStep13 ***

 Energy gradients wrt nuclear displacements
 ==========================================

     Atom      Cartesian (a.u./angstrom)
                 X         Y         Z
 ----------------------------------------
     1 H     0.001233  0.000747 -0.001219
     2 C    -0.008614 -0.001545  0.001748
     3 C    -0.004936 -0.018813  0.003019
     4 C    -0.000075  0.006303  0.001682
     5 O     0.055128  0.027056  0.005125
     6 H     0.001045  0.001629 -0.000915
     7 H     0.000645 -0.000093 -0.000481
     8 H     0.000036 -0.000108  0.000314
     9 C     0.003762 -0.000477 -0.001310
    10 H     0.000104  0.000163  0.000231
    11 C    -0.001537 -0.000085 -0.000032
    12 C     0.001828  0.000761  0.001029
    13 C    -0.001561 -0.000276 -0.001093
    14 C    -0.000299  0.000625 -0.000136
    15 H    -0.000029  0.000110 -0.000250
    16 H     0.000097  0.000143 -0.000074
    17 H    -0.000107 -0.000065  0.000150
    18 H     0.000208 -0.000131  0.000144
    19 H    -0.000037  0.000226  0.000027
    20 H     0.000095 -0.000084 -0.000047
    21 H    -0.000089 -0.000010 -0.000652
    22 H     0.000034  0.000064 -0.000044
    23 H    -0.000086  0.000132 -0.000001
    24 H    -0.065759 -0.001193  0.007898
    25 I     0.022158 -0.019408 -0.018835
    26 I    -0.003245  0.004328  0.003721
 ----------------------------------------
 Mulliken charges used for AMS results%charges...

 dE(predicted):    -0.13446E-02, dE(actual):    -0.16533E-02, Trust radius:    1.000000, all in a.u.
 
----------------------------------------------------------------------
Geometry Convergence after Step  13       (Hartree/Angstrom,Angstrom)
----------------------------------------------------------------------
current energy                               -4.66826112 Hartree
energy change                      -0.00165334     0.00026000    F
constrained gradient max            0.06574640     0.00100000    F
constrained gradient rms            0.01132160     0.00066667    F
gradient max                        0.06574640
gradient rms                        0.01132160
cart. step max                      0.11779316     0.01000000    F
cart. step rms                      0.02249926     0.00666667    F
 
 
--------
Geometry
--------
Formula: C8H15I2O
Atoms
  Index Symbol   x (angstrom)   y (angstrom)   z (angstrom)
      1      H     0.21188990    -1.70381365     0.34309884
      2      C    -1.08203785     0.03060219     0.94540640
      3      C     0.19598010    -0.60779349     0.41930086
      4      C     1.36691166    -0.13115607     0.05939826
      5      O     3.88743483    -0.31117377    -0.86293381
      6      H    -0.92946591     1.10989101     0.89902128
      7      H    -2.04260601     0.15177659     2.90684322
      8      H    -0.28676236     0.04002492     2.96677623
      9      C    -1.17525138    -0.32313340     2.44356092
     10      H    -1.24330955    -1.40088912     2.61544641
     11      C    -2.04589576     0.13032681    -1.40102632
     12      C    -2.33606978    -0.30050971     0.05278456
     13      C    -3.54794443     0.52329256     0.54763816
     14      C    -2.71632597    -1.79438772     0.06103341
     15      H    -2.97457758    -2.15085054     1.06165894
     16      H    -2.93350310    -0.01445991    -2.02438764
     17      H    -1.23285200    -0.45088672    -1.84488261
     18      H    -1.76899739     1.18773848    -1.45635898
     19      H    -4.38366137     0.40993191    -0.14965607
     20      H    -3.30900817     1.59022068     0.60560982
     21      H    -3.90062104     0.20005704     1.52968319
     22      H    -3.59035058    -1.95990744    -0.57675041
     23      H    -1.91504919    -2.42945672    -0.32938305
     24      H     3.02576016    -0.85251286    -0.86184994
     25      I     2.78621191     1.37471026    -0.30885151
     26      I     1.09655988     3.66583773     0.61969276
 
Total System Charge             0.00000
 
 *** GOStep14 ***

 Energy gradients wrt nuclear displacements
 ==========================================

     Atom      Cartesian (a.u./angstrom)
                 X         Y         Z
 ----------------------------------------
     1 H     0.004626 -0.000018 -0.002376
     2 C    -0.004813 -0.001432 -0.004781
     3 C    -0.011611 -0.011190  0.005785
     4 C    -0.006166 -0.000826  0.001945
     5 O     0.057766  0.026381  0.000346
     6 H     0.001551 -0.002245  0.004730
     7 H     0.001347 -0.000420 -0.000024
     8 H    -0.000098 -0.000210  0.000567
     9 C     0.003884  0.003543 -0.000116
    10 H     0.000435  0.000674 -0.000301
    11 C    -0.001936 -0.000530  0.000622
    12 C     0.003857 -0.000694  0.003343
    13 C    -0.002663 -0.000770 -0.002261
    14 C    -0.001972  0.000241 -0.001850
    15 H    -0.000125  0.000274 -0.000734
    16 H     0.000091  0.000168 -0.000083
    17 H     0.000148 -0.000290  0.000339
    18 H     0.000080 -0.000021  0.000250
    19 H    -0.000082  0.000332  0.000010
    20 H     0.000173  0.000051 -0.000075
    21 H    -0.000186  0.000145 -0.001344
    22 H    -0.000106 -0.000329  0.000022
    23 H    -0.000127  0.000420 -0.000015
    24 H    -0.063233 -0.006498  0.008136
    25 I     0.021079 -0.009757 -0.013919
    26 I    -0.001917  0.003001  0.001784
 ----------------------------------------
 Mulliken charges used for AMS results%charges...

 dE(predicted):    -0.12547E-02, dE(actual):    -0.19324E-02, Trust radius:    1.000000, all in a.u.
 
----------------------------------------------------------------------
Geometry Convergence after Step  14       (Hartree/Angstrom,Angstrom)
----------------------------------------------------------------------
current energy                               -4.67019354 Hartree
energy change                      -0.00193242     0.00026000    F
constrained gradient max            0.06322119     0.00100000    F
constrained gradient rms            0.01098661     0.00066667    F
gradient max                        0.06322119
gradient rms                        0.01098661
cart. step max                      0.18631688     0.01000000    F
cart. step rms                      0.03044216     0.00666667    F
 
 
--------
Geometry
--------
Formula: C8H15I2O
Atoms
  Index Symbol   x (angstrom)   y (angstrom)   z (angstrom)
      1      H     0.19667135    -1.70370524     0.32520111
      2      C    -1.08591938     0.03376253     0.93659983
      3      C     0.17454098    -0.60427112     0.41402639
      4      C     1.35789707    -0.18816460     0.02099834
      5      O     3.99578076    -0.25315829    -0.86306173
      6      H    -0.94368157     1.11731438     0.86518405
      7      H    -2.06754947     0.15953739     2.89155249
      8      H    -0.31145081     0.04656205     2.96759413
      9      C    -1.19644321    -0.31849220     2.43910980
     10      H    -1.26580709    -1.39549149     2.61630282
     11      C    -2.06996956     0.12752977    -1.40718886
     12      C    -2.34553092    -0.29938953     0.05192758
     13      C    -3.54777091     0.52859966     0.56230107
     14      C    -2.72441462    -1.79497180     0.07033689
     15      H    -2.96953563    -2.14842269     1.07554977
     16      H    -2.96163809    -0.03080172    -2.02140933
     17      H    -1.25505262    -0.44717193    -1.85538122
     18      H    -1.80629664     1.18772163    -1.47073625
     19      H    -4.39208835     0.41765638    -0.12464991
     20      H    -3.30469488     1.59494316     0.61696466
     21      H    -3.88936045     0.20735901     1.54921095
     22      H    -3.60656754    -1.96222639    -0.55521256
     23      H    -1.92706374    -2.43007142    -0.32755881
     24      H     3.21207704    -0.87306134    -0.88959064
     25      I     2.76839778     1.37585496    -0.26114116
     26      I     1.12192951     3.63603790     0.63394350
 
Total System Charge             0.00000
 
 *** GOStep15 ***

 Energy gradients wrt nuclear displacements
 ==========================================

     Atom      Cartesian (a.u./angstrom)
                 X         Y         Z
 ----------------------------------------
     1 H     0.009373 -0.001484 -0.004074
     2 C     0.005691 -0.007436 -0.007310
     3 C    -0.025838  0.005487  0.013813
     4 C    -0.006365 -0.013418 -0.003291
     5 O     0.048493  0.015741 -0.003229
     6 H     0.000008  0.002729 -0.000686
     7 H     0.000685 -0.000375  0.000039
     8 H     0.000264 -0.000014  0.000100
     9 C    -0.000074 -0.001097  0.002291
    10 H     0.000244  0.000049  0.001244
    11 C    -0.000801  0.000244 -0.000812
    12 C     0.004145  0.000876  0.003362
    13 C    -0.001544 -0.000054 -0.001022
    14 C    -0.001403 -0.001369 -0.001708
    15 H    -0.000106  0.000029 -0.000301
    16 H     0.000086 -0.000053  0.000040
    17 H    -0.000071 -0.000171  0.000172
    18 H    -0.000156 -0.000213  0.000127
    19 H     0.000352  0.000139  0.000035
    20 H     0.000152  0.000218  0.000072
    21 H    -0.000132  0.000143 -0.000511
    22 H     0.000054  0.000025  0.000293
    23 H    -0.000060  0.000375  0.000223
    24 H    -0.045164 -0.007223  0.006491
    25 I     0.008536  0.009404 -0.004237
    26 I     0.003629 -0.002554 -0.001121
 ----------------------------------------
 Mulliken charges used for AMS results%charges...

 dE(predicted):    -0.25923E-02, dE(actual):    -0.32819E-02, Trust radius:    1.000000, all in a.u.
 
----------------------------------------------------------------------
Geometry Convergence after Step  15       (Hartree/Angstrom,Angstrom)
----------------------------------------------------------------------
current energy                               -4.67347540 Hartree
energy change                      -0.00328186     0.00026000    F
constrained gradient max            0.04849846     0.00100000    F
constrained gradient rms            0.00903715     0.00066667    F
gradient max                        0.04849846
gradient rms                        0.00903715
cart. step max                      0.12043519     0.01000000    F
cart. step rms                      0.02548077     0.00666667    F
 
 
--------
Geometry
--------
Formula: C8H15I2O
Atoms
  Index Symbol   x (angstrom)   y (angstrom)   z (angstrom)
      1      H     0.17979447    -1.73131634     0.32620789
      2      C    -1.07280276     0.02201797     0.92952615
      3      C     0.17640021    -0.63006356     0.40281237
      4      C     1.35687706    -0.23150452    -0.00600812
      5      O     4.02325417    -0.20531912    -0.82336282
      6      H    -0.91153864     1.09988513     0.87773005
      7      H    -2.05414687     0.16846973     2.88292407
      8      H    -0.29994061     0.02025410     2.96166750
      9      C    -1.19175840    -0.32655852     2.43204640
     10      H    -1.28203142    -1.40253825     2.60469729
     11      C    -2.06956774     0.13174072    -1.41152122
     12      C    -2.34263555    -0.29420429     0.04831703
     13      C    -3.52990442     0.54577520     0.57225033
     14      C    -2.73487303    -1.78613375     0.07265161
     15      H    -2.97469183    -2.13560353     1.08065667
     16      H    -2.96488642    -0.02169132    -2.02192619
     17      H    -1.25977194    -0.44689013    -1.86368096
     18      H    -1.80110242     1.19070174    -1.47609234
     19      H    -4.38463763     0.44176692    -0.10316184
     20      H    -3.27630980     1.60979761     0.62188992
     21      H    -3.86182500     0.22942118     1.56419845
     22      H    -3.62394087    -1.94574952    -0.54520017
     23      H    -1.94714391    -2.42956915    -0.33122600
     24      H     3.29577925    -0.86959457    -0.87024713
     25      I     2.70636881     1.38239387    -0.23580107
     26      I     1.00149432     3.59799146     0.57152503
 
Total System Charge             0.00000
 
 *** GOStep16 ***

 Energy gradients wrt nuclear displacements
 ==========================================

     Atom      Cartesian (a.u./angstrom)
                 X         Y         Z
 ----------------------------------------
     1 H     0.008929 -0.002061 -0.003269
     2 C     0.008407 -0.006142 -0.010367
     3 C    -0.020482  0.014674  0.012425
     4 C    -0.005096 -0.019343 -0.005572
     5 O     0.033627  0.004042 -0.004417
     6 H     0.000977 -0.001683  0.003580
     7 H     0.000280 -0.000193  0.000127
     8 H     0.000407  0.000077  0.000098
     9 C    -0.001273  0.001890  0.002685
    10 H     0.000307  0.000132 -0.000231
    11 C     0.000223  0.000214 -0.001027
    12 C     0.000955 -0.000240  0.001124
    13 C    -0.000650 -0.000192 -0.000300
    14 C    -0.001016 -0.001373 -0.000854
    15 H    -0.000053 -0.000078  0.000026
    16 H     0.000047 -0.000075  0.000094
    17 H    -0.000079 -0.000004 -0.000010
    18 H    -0.000162  0.000031 -0.000071
    19 H     0.000184  0.000100  0.000074
    20 H     0.000108  0.000208  0.000080
    21 H    -0.000105  0.000144 -0.000051
    22 H     0.000064  0.000103  0.000242
    23 H     0.000030  0.000209  0.000197
    24 H    -0.029184 -0.000938  0.005466
    25 I    -0.002347  0.016712  0.002592
    26 I     0.005900 -0.006214 -0.002641
 ----------------------------------------
 Mulliken charges used for AMS results%charges...

 dE(predicted):    -0.10750E-02, dE(actual):    -0.14720E-02, Trust radius:    1.000000, all in a.u.
 
----------------------------------------------------------------------
Geometry Convergence after Step  16       (Hartree/Angstrom,Angstrom)
----------------------------------------------------------------------
current energy                               -4.67494736 Hartree
energy change                      -0.00147196     0.00026000    F
constrained gradient max            0.03362544     0.00100000    F
constrained gradient rms            0.00715159     0.00066667    F
gradient max                        0.03362544
gradient rms                        0.00715159
cart. step max                      0.10703784     0.01000000    F
cart. step rms                      0.02077211     0.00666667    F
 
 
--------
Geometry
--------
Formula: C8H15I2O
Atoms
  Index Symbol   x (angstrom)   y (angstrom)   z (angstrom)
      1      H     0.14647461    -1.75849831     0.32051993
      2      C    -1.05810231     0.01821283     0.91887089
      3      C     0.18314312    -0.65846524     0.38266247
      4      C     1.36100396    -0.26068457    -0.02600680
      5      O     4.02168562    -0.17124162    -0.78308936
      6      H    -0.89163817     1.09437049     0.85304687
      7      H    -2.03088689     0.17769359     2.87280983
      8      H    -0.27918822     0.00340011     2.94820391
      9      C    -1.17673095    -0.32990839     2.41997839
     10      H    -1.28285065    -1.40469035     2.59092735
     11      C    -2.06861531     0.13042827    -1.41496083
     12      C    -2.33811149    -0.28926953     0.04620267
     13      C    -3.51372753     0.56123388     0.57724504
     14      C    -2.73960410    -1.77757404     0.07972405
     15      H    -2.97464338    -2.12101207     1.09083046
     16      H    -2.96750290    -0.01872202    -2.02153009
     17      H    -1.26419808    -0.45446241    -1.86872303
     18      H    -1.79364308     1.18746466    -1.48325196
     19      H    -4.37750138     0.45690149    -0.08706388
     20      H    -3.25403080     1.62399343     0.61594905
     21      H    -3.83570466     0.25346387     1.57516922
     22      H    -3.63417558    -1.93400280    -0.53142508
     23      H    -1.95985225    -2.42861132    -0.32785009
     24      H     3.33454667    -0.86172701    -0.85181004
     25      I     2.65585629     1.38425831    -0.20368280
     26      I     0.89445648     3.56092782     0.56812674
 
Total System Charge             0.00000
 
 *** GOStep17 ***

 Energy gradients wrt nuclear displacements
 ==========================================

     Atom      Cartesian (a.u./angstrom)
                 X         Y         Z
 ----------------------------------------
     1 H     0.005236 -0.002314 -0.001249
     2 C     0.008058 -0.003545 -0.006307
     3 C    -0.008234  0.015041  0.006748
     4 C    -0.002592 -0.019598 -0.006795
     5 O     0.019612 -0.005846 -0.004740
     6 H    -0.000448 -0.000647  0.001524
     7 H     0.000048 -0.000016 -0.000087
     8 H     0.000199  0.000095 -0.000179
     9 C    -0.002049  0.000542  0.002739
    10 H     0.000144 -0.000039 -0.000358
    11 C     0.000862  0.000054 -0.000213
    12 C    -0.001502  0.000606  0.000056
    13 C     0.000146 -0.000091 -0.000040
    14 C     0.000086 -0.000710  0.000136
    15 H     0.000041  0.000038  0.000117
    16 H    -0.000092 -0.000110  0.000122
    17 H     0.000034  0.000027  0.000013
    18 H    -0.000101  0.000143  0.000023
    19 H    -0.000128  0.000042  0.000044
    20 H     0.000012  0.000056 -0.000017
    21 H    -0.000007  0.000033  0.000079
    22 H     0.000005  0.000182  0.000045
    23 H     0.000166  0.000047  0.000074
    24 H    -0.016723  0.006202  0.005247
    25 I    -0.008545  0.017386  0.005849
    26 I     0.005773 -0.007580 -0.002831
 ----------------------------------------
 Mulliken charges used for AMS results%charges...

 dE(predicted):    -0.74726E-03, dE(actual):    -0.10188E-02, Trust radius:    1.000000, all in a.u.
 
----------------------------------------------------------------------
Geometry Convergence after Step  17       (Hartree/Angstrom,Angstrom)
----------------------------------------------------------------------
current energy                               -4.67596616 Hartree
energy change                      -0.00101880     0.00026000    F
constrained gradient max            0.01961337     0.00100000    F
constrained gradient rms            0.00536214     0.00066667    F
gradient max                        0.01961337
gradient rms                        0.00536214
cart. step max                      0.06455307     0.01000000    F
cart. step rms                      0.01764233     0.00666667    F
 
 
--------
Geometry
--------
Formula: C8H15I2O
Atoms
  Index Symbol   x (angstrom)   y (angstrom)   z (angstrom)
      1      H     0.11991673    -1.77712864     0.30746717
      2      C    -1.04962637     0.01372839     0.90412790
      3      C     0.19102298    -0.68114356     0.36191165
      4      C     1.36906736    -0.27152268    -0.03040112
      5      O     4.02411281    -0.13997218    -0.73624392
      6      H    -0.87295440     1.08721320     0.82741275
      7      H    -2.00416916     0.18619720     2.86252594
      8      H    -0.25434100    -0.00597430     2.92603894
      9      C    -1.15832084    -0.33069473     2.40390953
     10      H    -1.27515228    -1.40400069     2.57704539
     11      C    -2.07873824     0.12186965    -1.42362893
     12      C    -2.33768867    -0.28990712     0.04103677
     13      C    -3.49937308     0.57237121     0.58235975
     14      C    -2.75169970    -1.77367333     0.08521100
     15      H    -2.98004656    -2.11058016     1.09999752
     16      H    -2.98460551    -0.01966819    -2.02171282
     17      H    -1.28462481    -0.47260879    -1.88314022
     18      H    -1.79319771     1.17560126    -1.49840111
     19      H    -4.37259500     0.47018503    -0.07000403
     20      H    -3.23168817     1.63329852     0.61140374
     21      H    -3.81014809     0.27240105     1.58625849
     22      H    -3.65362193    -1.92550025    -0.51656701
     23      H    -1.98281970    -2.43430951    -0.32767344
     24      H     3.36626640    -0.85139457    -0.81879224
     25      I     2.63158057     1.39049035    -0.17993754
     26      I     0.82990340     3.54820191     0.59066873
 
Total System Charge             0.00000
 
 *** GOStep18 ***
 
 ============
 Timer stack:
 ------------
  1643646879.08  AMS
  1643662952.12  ADFEngine%Solve
  1643663589.26  Toten
  1643663589.26  pSCF
  1643663599.57  pp
  1643663616.80  exact
  1643663616.81  density
 ============

Process received SIGTERM
 WARNING: Nr of shared arrays in use at the end:           17
 Names of the Shared Arrays that have not been deleted
 projCoeff
 projCoeff
 projCoeff
 projCoeff
 activefrag%initialMOs%A%_A%eigbas
 activefrag%initialMOs%A%_B%eigbas
 activefrag%initialMOs%A%_A%eigbas
 activefrag%initialMOs%A%_B%eigbas
 grid%coords
 grid%w
 grid%distance2atoms
 grid%neighbors
 projCoeff
 fullGrid
 atoten:eigo
 atoten:eigf
 toten:pmatbas
