<Jan20-2022> <13:33:50>  AMS 2021.102  RunTime: Jan20-2022 13:33:50  ShM Nodes: 1  Procs: 1
<Jan20-2022> <13:33:51>  ADF 2021.102  RunTime: Jan20-2022 13:33:51  ShM Nodes: 1  Procs: 1
<Jan20-2022> <13:33:51>  *** (NO TITLE) ***
<Jan20-2022> <13:33:51>  Symmetry detected: C(S)
<Jan20-2022> <13:33:51>  Iteration 1
<Jan20-2022> <13:33:51>  DIRAC 2021.102  RunTime: Jan20-2022 13:33:51  ShM Nodes: 1  Procs: 1
<Jan20-2022> <13:33:51>  Carbon (TZ2P)
<Jan20-2022> <13:33:51>  Net Charge: 0 (Nuclei minus Electrons)
<Jan20-2022> <13:33:51>  Symmetry  : ATOM
<Jan20-2022> <13:33:51>  Coordinates
<Jan20-2022> <13:33:51>     Atom         X           Y           Z   (Angstrom)
<Jan20-2022> <13:33:51>     1.C         0.000000    0.000000    0.000000
<Jan20-2022> <13:33:51>  >>>> CORORT
<Jan20-2022> <13:33:51>  >>>> CLSMAT
<Jan20-2022> <13:33:51>  >>>> ORTHON
<Jan20-2022> <13:33:51>  >>>> GENPT
<Jan20-2022> <13:33:51>  Block Length=  72
<Jan20-2022> <13:33:51>  >>>> PTBAS
<Jan20-2022> <13:33:51>  >>>> CYCLE
<Jan20-2022> <13:33:51>              |Error|         MaxErr       Wt(A-DIIS)
<Jan20-2022> <13:33:51>      1      0.00000000      0.00000000
<Jan20-2022> <13:33:51>      2      4.48405934      3.32161898    100.0
<Jan20-2022> <13:33:51>      3      1.60718414      1.28408746    100.0
<Jan20-2022> <13:33:51>      4      0.76426456      0.62272052    100.0
<Jan20-2022> <13:33:51>      5      0.36119063      0.28553990    100.0
<Jan20-2022> <13:33:51>      6      0.14821424      0.11559867    100.0
<Jan20-2022> <13:33:51>      7      0.10108424      0.07867111     78.5
<Jan20-2022> <13:33:51>      8      0.01786531      0.01387049     13.0
<Jan20-2022> <13:33:51>      9      0.00195746      0.00153262      0.5
<Jan20-2022> <13:33:51>     10      0.00001058      0.00000730      0.0
<Jan20-2022> <13:33:51>     11      0.00000047      0.00000027      0.0
<Jan20-2022> <13:33:51>     12      0.00000003      0.00000002      0.0
<Jan20-2022> <13:33:51>     13      0.00000000      0.00000000      0.0
<Jan20-2022> <13:33:51>  SCF converged
<Jan20-2022> <13:33:51>     14      0.00000000      0.00000000      0.0
<Jan20-2022> <13:33:51>  >>>> POPAN
<Jan20-2022> <13:33:51>  >>>> DEBYE
<Jan20-2022> <13:33:51>  DIRAC 2021.102  RunTime: Jan20-2022 13:33:51  ShM Nodes: 1  Procs: 1
<Jan20-2022> <13:33:52>  Hydrogen (TZ2P)
<Jan20-2022> <13:33:52>  Net Charge: 0 (Nuclei minus Electrons)
<Jan20-2022> <13:33:52>  Symmetry  : ATOM
<Jan20-2022> <13:33:52>  Coordinates
<Jan20-2022> <13:33:52>     Atom         X           Y           Z   (Angstrom)
<Jan20-2022> <13:33:52>     1.H         0.000000    0.000000    0.000000
<Jan20-2022> <13:33:52>  >>>> CORORT
<Jan20-2022> <13:33:52>  >>>> CLSMAT
<Jan20-2022> <13:33:52>  >>>> ORTHON
<Jan20-2022> <13:33:52>  >>>> GENPT
<Jan20-2022> <13:33:52>  Block Length=  64
<Jan20-2022> <13:33:52>  >>>> PTBAS
<Jan20-2022> <13:33:52>  >>>> CYCLE
<Jan20-2022> <13:33:52>              |Error|         MaxErr       Wt(A-DIIS)
<Jan20-2022> <13:33:52>      1      0.00000000      0.00000000
<Jan20-2022> <13:33:52>      2      0.03080019      0.02591482
<Jan20-2022> <13:33:52>      3      0.01140383      0.01135775    100.0
<Jan20-2022> <13:33:52>      4      0.00327656      0.00327407      2.3
<Jan20-2022> <13:33:52>      5      0.00010041      0.00009754      0.0
<Jan20-2022> <13:33:52>      6      0.00000525      0.00000504      0.0
<Jan20-2022> <13:33:52>      7      0.00000007      0.00000007      0.0
<Jan20-2022> <13:33:52>      8      0.00000000      0.00000000      0.0
<Jan20-2022> <13:33:52>  SCF converged
<Jan20-2022> <13:33:52>      9      0.00000000      0.00000000      0.0
<Jan20-2022> <13:33:52>  >>>> POPAN
<Jan20-2022> <13:33:52>  >>>> DEBYE
<Jan20-2022> <13:33:52>  DIRAC 2021.102  RunTime: Jan20-2022 13:33:52  ShM Nodes: 1  Procs: 1
<Jan20-2022> <13:33:52>  Oxygen (TZ2P)
<Jan20-2022> <13:33:52>  Net Charge: 0 (Nuclei minus Electrons)
<Jan20-2022> <13:33:52>  Symmetry  : ATOM
<Jan20-2022> <13:33:52>  Coordinates
<Jan20-2022> <13:33:52>     Atom         X           Y           Z   (Angstrom)
<Jan20-2022> <13:33:52>     1.O         0.000000    0.000000    0.000000
<Jan20-2022> <13:33:52>  >>>> CORORT
<Jan20-2022> <13:33:52>  >>>> CLSMAT
<Jan20-2022> <13:33:52>  >>>> ORTHON
<Jan20-2022> <13:33:52>  >>>> GENPT
<Jan20-2022> <13:33:52>  Block Length=  68
<Jan20-2022> <13:33:52>  >>>> PTBAS
<Jan20-2022> <13:33:52>  >>>> CYCLE
<Jan20-2022> <13:33:52>              |Error|         MaxErr       Wt(A-DIIS)
<Jan20-2022> <13:33:52>      1      0.00000000      0.00000000
<Jan20-2022> <13:33:52>      2      8.77210307      5.53374266    100.0
<Jan20-2022> <13:33:52>      3      3.60058093      2.49154808    100.0
<Jan20-2022> <13:33:52>      4      1.20505529      0.62472425    100.0
<Jan20-2022> <13:33:53>      5      1.46502638      0.81213311    100.0
<Jan20-2022> <13:33:53>      6      0.15089362      0.09131786     91.2
<Jan20-2022> <13:33:53>      7      0.14397311      0.08251182     82.3
<Jan20-2022> <13:33:53>      8      0.00183259      0.00123681      0.2
<Jan20-2022> <13:33:53>      9      0.00015629      0.00008105      0.0
<Jan20-2022> <13:33:53>     10      0.00001324      0.00000629      0.0
<Jan20-2022> <13:33:53>     11      0.00000006      0.00000003      0.0
<Jan20-2022> <13:33:53>     12      0.00000000      0.00000000      0.0
<Jan20-2022> <13:33:53>  SCF converged
<Jan20-2022> <13:33:53>     13      0.00000000      0.00000000      0.0
<Jan20-2022> <13:33:53>  >>>> POPAN
<Jan20-2022> <13:33:53>  >>>> DEBYE
<Jan20-2022> <13:33:53>  DIRAC 2021.102  RunTime: Jan20-2022 13:33:53  ShM Nodes: 1  Procs: 1
<Jan20-2022> <13:33:53>  Fluorine (TZ2P)
<Jan20-2022> <13:33:53>  Net Charge: 0 (Nuclei minus Electrons)
<Jan20-2022> <13:33:53>  Symmetry  : ATOM
<Jan20-2022> <13:33:53>  Coordinates
<Jan20-2022> <13:33:53>     Atom         X           Y           Z   (Angstrom)
<Jan20-2022> <13:33:53>     1.F         0.000000    0.000000    0.000000
<Jan20-2022> <13:33:53>  >>>> CORORT
<Jan20-2022> <13:33:53>  >>>> CLSMAT
<Jan20-2022> <13:33:53>  >>>> ORTHON
<Jan20-2022> <13:33:53>  >>>> GENPT
<Jan20-2022> <13:33:53>  Block Length=  76
<Jan20-2022> <13:33:53>  >>>> PTBAS
<Jan20-2022> <13:33:53>  >>>> CYCLE
<Jan20-2022> <13:33:53>              |Error|         MaxErr       Wt(A-DIIS)
<Jan20-2022> <13:33:53>      1      0.00000000      0.00000000
<Jan20-2022> <13:33:53>      2     11.39970762      4.85721148    100.0
<Jan20-2022> <13:33:53>      3      5.17310012      3.16632108    100.0
<Jan20-2022> <13:33:53>      4      1.04882283      0.49392043    100.0
<Jan20-2022> <13:33:53>      5      1.72142161      0.84736739    100.0
<Jan20-2022> <13:33:53>      6      0.21842580      0.10780687    100.0
<Jan20-2022> <13:33:53>      7      0.28524155      0.13554881    100.0
<Jan20-2022> <13:33:53>      8      0.02856437      0.01389479     13.0
<Jan20-2022> <13:33:53>      9      0.00489297      0.00234741      1.4
<Jan20-2022> <13:33:53>     10      0.00009261      0.00004462      0.0
<Jan20-2022> <13:33:53>     11      0.00000010      0.00000005      0.0
<Jan20-2022> <13:33:53>     12      0.00000000      0.00000000      0.0
<Jan20-2022> <13:33:53>  SCF converged
<Jan20-2022> <13:33:53>     13      0.00000000      0.00000000      0.0
<Jan20-2022> <13:33:53>  >>>> POPAN
<Jan20-2022> <13:33:53>  >>>> DEBYE
<Jan20-2022> <13:33:53>  *** GOStep1 ***
<Jan20-2022> <13:33:54>  >>>> FRAGM
<Jan20-2022> <13:33:54>  Coordinates
<Jan20-2022> <13:33:54>     Atom         X           Y           Z   (Angstrom)
<Jan20-2022> <13:33:54>     1.C         0.312247    0.445199    0.000000
<Jan20-2022> <13:33:54>     2.C         0.983914   -0.714308    0.000000
<Jan20-2022> <13:33:54>     3.H         0.458423   -1.668047    0.000000
<Jan20-2022> <13:33:54>     4.C        -1.162784    0.485254    0.000000
<Jan20-2022> <13:33:54>     5.H         0.823132    1.407065    0.000000
<Jan20-2022> <13:33:54>     6.O        -1.824058    1.507291    0.000000
<Jan20-2022> <13:33:54>     7.F         2.393057   -0.763447    0.000000
<Jan20-2022> <13:33:54>     8.H        -1.635503   -0.474661    0.000000
<Jan20-2022> <13:33:54>  >>>> CORORT
<Jan20-2022> <13:33:54>  >>>> CLSMAT
<Jan20-2022> <13:33:54>  >>>> ORTHON
<Jan20-2022> <13:33:54>  >>>> GENPT
<Jan20-2022> <13:33:54>  Block Length= 128
<Jan20-2022> <13:33:54>  >>>> PTBAS
<Jan20-2022> <13:34:01>  >>>> CYCLE
<Jan20-2022> <13:34:19>              |Error|         MaxErr       Wt(A-DIIS)
<Jan20-2022> <13:34:19>      1      4.80921955      1.05980148
<Jan20-2022> <13:34:32>      2      0.80129006      0.18567762    100.0
<Jan20-2022> <13:34:45>      3      0.37636405      0.07094543    100.0
<Jan20-2022> <13:34:58>      4      0.54354261      0.13133014    100.0
<Jan20-2022> <13:35:11>      5      0.19645386      0.04504789     44.5
<Jan20-2022> <13:35:24>      6      0.27523061      0.07580510    100.0
<Jan20-2022> <13:35:38>      7      0.04019855      0.00735159      6.4
<Jan20-2022> <13:35:51>      8      0.01053834      0.00267617      1.7
<Jan20-2022> <13:36:05>      9      0.00287373      0.00052222      0.0
<Jan20-2022> <13:36:18>     10      0.00053285      0.00011794      0.0
<Jan20-2022> <13:36:31>     11      0.00030362      0.00008309      0.0
<Jan20-2022> <13:36:44>     12      0.00003354      0.00000534      0.0
<Jan20-2022> <13:36:57>     13      0.00000442      0.00000076      0.0
<Jan20-2022> <13:37:01>  SCF converged
<Jan20-2022> <13:37:10>     14      0.00000108      0.00000015      0.0
<Jan20-2022> <13:37:14>  >>>> TOTEN
<Jan20-2022> <13:37:33>  >>>> POPAN
<Jan20-2022> <13:37:33>  >>>> DEBYE
<Jan20-2022> <13:37:33>  >>>> ENGRAD
<Jan20-2022> <13:38:04>  current energy                               -1.69168386 Hartree
<Jan20-2022> <13:38:04>  energy change                      -1.69168386     0.00008000    F
<Jan20-2022> <13:38:04>  constrained gradient max            0.08859163     0.00100000    F
<Jan20-2022> <13:38:04>  constrained gradient rms            0.02581167     0.00066667    F
<Jan20-2022> <13:38:04>  gradient max                        0.08859163
<Jan20-2022> <13:38:04>  gradient rms                        0.02581167
<Jan20-2022> <13:38:04>  cart. step max                      0.05887266     0.01000000    F
<Jan20-2022> <13:38:04>  cart. step rms                      0.01689322     0.00666667    F
<Jan20-2022> <13:38:04>  Iteration 2
<Jan20-2022> <13:38:04>  *** GOStep2 ***
<Jan20-2022> <13:38:04>  >>>> FRAGM
<Jan20-2022> <13:38:04>  Coordinates
<Jan20-2022> <13:38:04>     Atom         X           Y           Z   (Angstrom)
<Jan20-2022> <13:38:04>     1.C         0.318191    0.459678    0.000000
<Jan20-2022> <13:38:04>     2.C         0.972473   -0.702931    0.000000
<Jan20-2022> <13:38:04>     3.H         0.495442   -1.680676    0.000000
<Jan20-2022> <13:38:04>     4.C        -1.154962    0.484278    0.000000
<Jan20-2022> <13:38:04>     5.H         0.838234    1.415713    0.000000
<Jan20-2022> <13:38:04>     6.O        -1.809109    1.512488    0.000000
<Jan20-2022> <13:38:04>     7.F         2.334185   -0.764636    0.000000
<Jan20-2022> <13:38:04>     8.H        -1.646025   -0.499568    0.000000
<Jan20-2022> <13:38:04>  >>>> CORORT
<Jan20-2022> <13:38:04>  >>>> CLSMAT
<Jan20-2022> <13:38:04>  >>>> ORTHON
<Jan20-2022> <13:38:04>  >>>> GENPT
<Jan20-2022> <13:38:04>  Block Length= 128
<Jan20-2022> <13:38:05>  >>>> PTBAS
<Jan20-2022> <13:38:12>  >>>> CYCLE
<Jan20-2022> <13:38:20>  using orbital data from restart file
<Jan20-2022> <13:38:29>              |Error|         MaxErr       Wt(A-DIIS)
<Jan20-2022> <13:38:29>      1      0.18138413      0.06672113
<Jan20-2022> <13:38:42>      2      0.06388966      0.01449466    100.0
<Jan20-2022> <13:38:56>      3      0.02352762      0.00615061    100.0
<Jan20-2022> <13:39:09>      4      0.03931241      0.00952763    100.0
<Jan20-2022> <13:39:22>      5      0.00928177      0.00177607      0.8
<Jan20-2022> <13:39:36>      6      0.00324329      0.00073087      0.0
<Jan20-2022> <13:39:49>      7      0.00073519      0.00019382      0.0
<Jan20-2022> <13:40:02>      8      0.00027179      0.00008015      0.0
<Jan20-2022> <13:40:14>      9      0.00005179      0.00001029      0.0
<Jan20-2022> <13:40:28>     10      0.00000999      0.00000165      0.0
<Jan20-2022> <13:40:41>     11      0.00000287      0.00000077      0.0
<Jan20-2022> <13:40:45>  SCF converged
<Jan20-2022> <13:40:54>     12      0.00000044      0.00000010      0.0
<Jan20-2022> <13:40:58>  >>>> TOTEN
