<Jan28-2022> <10:52:59>  AMS 2021.102  RunTime: Jan28-2022 10:52:59  ShM Nodes: 1  Procs: 4
<Jan28-2022> <10:53:00>  ADF 2021.102  RunTime: Jan28-2022 10:53:00  ShM Nodes: 1  Procs: 4
<Jan28-2022> <10:53:00>  *** (NO TITLE) ***
<Jan28-2022> <10:53:00>  Atom coordinates do not satisfy full symmetry (probably due to orientation).
<Jan28-2022> <10:53:00>  Symmetry detected: C(4V)
<Jan28-2022> <10:53:00>  Iteration 1
<Jan28-2022> <10:53:01>  DIRAC 2021.102  RunTime: Jan28-2022 10:53:01  ShM Nodes: 1  Procs: 1
<Jan28-2022> <10:53:02>  Tin (TZ2P, all electron)
<Jan28-2022> <10:53:02>  Net Charge: 0 (Nuclei minus Electrons)
<Jan28-2022> <10:53:02>  Symmetry  : ATOM
<Jan28-2022> <10:53:02>  Coordinates
<Jan28-2022> <10:53:02>     Atom         X           Y           Z   (Angstrom)
<Jan28-2022> <10:53:02>     1.Sn        0.000000    0.000000    0.000000
<Jan28-2022> <10:53:02>  >>>> CORORT
<Jan28-2022> <10:53:02>  >>>> CLSMAT
<Jan28-2022> <10:53:02>  >>>> ORTHON
<Jan28-2022> <10:53:02>  >>>> GENPT
<Jan28-2022> <10:53:02>  Block Length=  94
<Jan28-2022> <10:53:02>  >>>> PTBAS
<Jan28-2022> <10:53:02>  >>>> CYCLE
<Jan28-2022> <10:53:03>              |Error|         MaxErr       Wt(A-DIIS)
<Jan28-2022> <10:53:03>      1      0.00000000      0.00000000
<Jan28-2022> <10:53:03>      2    277.78646077     36.34955503    100.0
<Jan28-2022> <10:53:03>      3    108.37475236     33.32898342    100.0
<Jan28-2022> <10:53:03>      4     16.29148072      2.69481417    100.0
<Jan28-2022> <10:53:03>      5     14.42472249      3.02472417    100.0
<Jan28-2022> <10:53:04>      6      3.42801373      0.63340044    100.0
<Jan28-2022> <10:53:04>      7      3.94254662      0.85735153    100.0
<Jan28-2022> <10:53:04>      8      0.32774411      0.05271405     52.2
<Jan28-2022> <10:53:04>      9      0.09237148      0.01803841     17.2
<Jan28-2022> <10:53:04>     10      0.02628512      0.00591655      5.0
<Jan28-2022> <10:53:04>     11      0.00221235      0.00047931      0.0
<Jan28-2022> <10:53:04>     12      0.00004474      0.00000960      0.0
<Jan28-2022> <10:53:05>     13      0.00000334      0.00000092      0.0
<Jan28-2022> <10:53:05>     14      0.00000017      0.00000003      0.0
<Jan28-2022> <10:53:05>     15      0.00000001      0.00000000      0.0
<Jan28-2022> <10:53:05>  SCF converged
<Jan28-2022> <10:53:05>     16      0.00000000      0.00000000      0.0
<Jan28-2022> <10:53:05>  >>>> POPAN
<Jan28-2022> <10:53:05>  >>>> DEBYE
<Jan28-2022> <10:53:06>  DIRAC 2021.102  RunTime: Jan28-2022 10:53:06  ShM Nodes: 1  Procs: 1
<Jan28-2022> <10:53:06>  Chlorine (TZ2P)
<Jan28-2022> <10:53:06>  Net Charge: 0 (Nuclei minus Electrons)
<Jan28-2022> <10:53:06>  Symmetry  : ATOM
<Jan28-2022> <10:53:06>  Coordinates
<Jan28-2022> <10:53:06>     Atom         X           Y           Z   (Angstrom)
<Jan28-2022> <10:53:06>     1.Cl        0.000000    0.000000    0.000000
<Jan28-2022> <10:53:06>  >>>> CORORT
<Jan28-2022> <10:53:06>  >>>> CLSMAT
<Jan28-2022> <10:53:06>  >>>> ORTHON
<Jan28-2022> <10:53:06>  >>>> GENPT
<Jan28-2022> <10:53:06>  Block Length=  93
<Jan28-2022> <10:53:06>  >>>> PTBAS
<Jan28-2022> <10:53:06>  >>>> CYCLE
<Jan28-2022> <10:53:07>              |Error|         MaxErr       Wt(A-DIIS)
<Jan28-2022> <10:53:07>      1      0.00000000      0.00000000
<Jan28-2022> <10:53:07>      2     37.97178129     10.81368001    100.0
<Jan28-2022> <10:53:07>      3     20.81592691      7.10099309    100.0
<Jan28-2022> <10:53:07>      4      5.86634430      1.99760405    100.0
<Jan28-2022> <10:53:07>      5      3.97516517      1.71800842    100.0
<Jan28-2022> <10:53:07>      6      0.27245054      0.10336241    100.0
<Jan28-2022> <10:53:07>      7      0.22638168      0.09827309     98.3
<Jan28-2022> <10:53:07>      8      0.05690956      0.02098624     20.2
<Jan28-2022> <10:53:07>      9      0.00664419      0.00263308      1.6
<Jan28-2022> <10:53:07>     10      0.00015446      0.00006612      0.0
<Jan28-2022> <10:53:07>     11      0.00000385      0.00000160      0.0
<Jan28-2022> <10:53:07>     12      0.00000007      0.00000003      0.0
<Jan28-2022> <10:53:07>     13      0.00000000      0.00000000      0.0
<Jan28-2022> <10:53:07>  SCF converged
<Jan28-2022> <10:53:07>     14      0.00000000      0.00000000      0.0
<Jan28-2022> <10:53:07>  >>>> POPAN
<Jan28-2022> <10:53:07>  >>>> DEBYE
<Jan28-2022> <10:53:08>  *** GOStep1 ***
<Jan28-2022> <10:53:08>  >>>> FRAGM
<Jan28-2022> <10:53:08>  Coordinates
<Jan28-2022> <10:53:08>     Atom         X           Y           Z   (Angstrom)
<Jan28-2022> <10:53:08>     1.Sn        1.920000    0.000000    0.000000
<Jan28-2022> <10:53:08>     2.Cl        1.920000    0.612928   -2.287478
<Jan28-2022> <10:53:08>     3.Cl        1.920000   -2.287478   -0.612928
<Jan28-2022> <10:53:08>     4.Cl        1.920000   -0.612928    2.287478
<Jan28-2022> <10:53:08>     5.Cl        1.920000    2.287478    0.612928
<Jan28-2022> <10:53:08>  >>>> CORORT
<Jan28-2022> <10:53:08>  >>>> CLSMAT
<Jan28-2022> <10:53:08>  >>>> ORTHON
<Jan28-2022> <10:53:08>  >>>> GENPT
<Jan28-2022> <10:53:08>  Block Length= 128
<Jan28-2022> <10:53:09>  >>>> PTBAS
<Jan28-2022> <10:53:13>  >>>> CYCLE
<Jan28-2022> <10:53:23>              |Error|         MaxErr       Wt(A-DIIS)
<Jan28-2022> <10:53:23>      1      4.05941836      0.85239638
<Jan28-2022> <10:53:29>      2      0.52019174      0.07646252    100.0
<Jan28-2022> <10:53:36>      3      0.24251166      0.03370196    100.0
<Jan28-2022> <10:53:42>      4      0.49987155      0.06763591    100.0
<Jan28-2022> <10:53:49>      5      0.08693335      0.01170615     10.8
<Jan28-2022> <10:53:56>      6      0.02112562      0.00343659      2.5
<Jan28-2022> <10:54:03>      7      0.00436709      0.00084856      0.0
<Jan28-2022> <10:54:12>      8      0.00078247      0.00012830      0.0
<Jan28-2022> <10:54:19>      9      0.00016402      0.00003175      0.0
<Jan28-2022> <10:54:25>     10      0.00001049      0.00000243      0.0
<Jan28-2022> <10:54:32>     11      0.00000020      0.00000003      0.0
<Jan28-2022> <10:54:34>  SCF converged
<Jan28-2022> <10:54:38>     12      0.00000005      0.00000001      0.0
<Jan28-2022> <10:54:41>  >>>> TOTEN
<Jan28-2022> <10:54:50>  >>>> POPAN
<Jan28-2022> <10:54:50>  >>>> DEBYE
<Jan28-2022> <10:54:50>  >>>> ENGRAD
<Jan28-2022> <10:55:06>  current energy                               -0.48855192 Hartree
<Jan28-2022> <10:55:06>  energy change                      -0.48855192     0.00005000    F
<Jan28-2022> <10:55:06>  constrained gradient max            0.00166949     0.00100000    F
<Jan28-2022> <10:55:06>  constrained gradient rms            0.00089253     0.00066667    F
<Jan28-2022> <10:55:06>  gradient max                        0.00166949
<Jan28-2022> <10:55:06>  gradient rms                        0.00089253
<Jan28-2022> <10:55:06>  cart. step max                      0.00092269     0.01000000    T
<Jan28-2022> <10:55:06>  cart. step rms                      0.00049328     0.00666667    T
<Jan28-2022> <10:55:06>  Iteration 2
<Jan28-2022> <10:55:07>  *** GOStep2 ***
<Jan28-2022> <10:55:08>  >>>> FRAGM
<Jan28-2022> <10:55:08>  Coordinates
<Jan28-2022> <10:55:08>     Atom         X           Y           Z   (Angstrom)
<Jan28-2022> <10:55:08>     1.Sn        1.920000   -0.000000    0.000000
<Jan28-2022> <10:55:08>     2.Cl        1.920000    0.612681   -2.286555
<Jan28-2022> <10:55:08>     3.Cl        1.920000   -2.286555   -0.612681
<Jan28-2022> <10:55:08>     4.Cl        1.920000   -0.612681    2.286555
<Jan28-2022> <10:55:08>     5.Cl        1.920000    2.286555    0.612681
<Jan28-2022> <10:55:08>  >>>> CORORT
<Jan28-2022> <10:55:08>  >>>> CLSMAT
<Jan28-2022> <10:55:08>  >>>> ORTHON
<Jan28-2022> <10:55:08>  >>>> GENPT
<Jan28-2022> <10:55:08>  Block Length= 128
<Jan28-2022> <10:55:09>  >>>> PTBAS
<Jan28-2022> <10:55:13>  >>>> CYCLE
<Jan28-2022> <10:55:19>  using orbital data from restart file
<Jan28-2022> <10:55:23>              |Error|         MaxErr       Wt(A-DIIS)
<Jan28-2022> <10:55:23>      1      0.00454173      0.00108803
<Jan28-2022> <10:55:30>      2      0.00125054      0.00022710    100.0
<Jan28-2022> <10:55:36>      3      0.00050214      0.00009050    100.0
<Jan28-2022> <10:55:43>      4      0.00099233      0.00017967      0.0
<Jan28-2022> <10:55:50>      5      0.00001933      0.00000291      0.0
<Jan28-2022> <10:55:56>      6      0.00000601      0.00000137      0.0
<Jan28-2022> <10:56:03>      7      0.00000125      0.00000017      0.0
<Jan28-2022> <10:56:06>  SCF converged
<Jan28-2022> <10:56:10>      8      0.00000042      0.00000006      0.0
<Jan28-2022> <10:56:13>  >>>> TOTEN
<Jan28-2022> <10:56:22>  >>>> POPAN
<Jan28-2022> <10:56:22>  >>>> DEBYE
<Jan28-2022> <10:56:23>  >>>> ENGRAD
<Jan28-2022> <10:56:41>  current energy                               -0.48855685 Hartree
<Jan28-2022> <10:56:41>  energy change                      -0.00000493     0.00005000    T
<Jan28-2022> <10:56:41>  constrained gradient max            0.00123688     0.00100000    F
<Jan28-2022> <10:56:41>  constrained gradient rms            0.00066126     0.00066667    T
<Jan28-2022> <10:56:41>  gradient max                        0.00123688
<Jan28-2022> <10:56:41>  gradient rms                        0.00066126
<Jan28-2022> <10:56:41>  cart. step max                      0.00263811     0.01000000    T
<Jan28-2022> <10:56:41>  cart. step rms                      0.00141037     0.00666667    T
<Jan28-2022> <10:56:41>  Iteration 3
<Jan28-2022> <10:56:42>  *** GOStep3 ***
<Jan28-2022> <10:56:42>  >>>> FRAGM
<Jan28-2022> <10:56:42>  Coordinates
<Jan28-2022> <10:56:42>     Atom         X           Y           Z   (Angstrom)
<Jan28-2022> <10:56:42>     1.Sn        1.920000    0.000000   -0.000000
<Jan28-2022> <10:56:42>     2.Cl        1.920000    0.611974   -2.283917
<Jan28-2022> <10:56:42>     3.Cl        1.920000   -2.283917   -0.611974
<Jan28-2022> <10:56:42>     4.Cl        1.920000   -0.611974    2.283917
<Jan28-2022> <10:56:42>     5.Cl        1.920000    2.283917    0.611974
<Jan28-2022> <10:56:42>  >>>> CORORT
<Jan28-2022> <10:56:42>  >>>> CLSMAT
<Jan28-2022> <10:56:42>  >>>> ORTHON
<Jan28-2022> <10:56:42>  >>>> GENPT
<Jan28-2022> <10:56:42>  Block Length= 128
<Jan28-2022> <10:56:43>  >>>> PTBAS
<Jan28-2022> <10:56:47>  >>>> CYCLE
<Jan28-2022> <10:56:54>  using orbital data from restart file
<Jan28-2022> <10:56:57>              |Error|         MaxErr       Wt(A-DIIS)
<Jan28-2022> <10:56:57>      1      0.01303514      0.00312563
<Jan28-2022> <10:57:04>      2      0.00357035      0.00064860    100.0
<Jan28-2022> <10:57:11>      3      0.00143574      0.00025869    100.0
<Jan28-2022> <10:57:18>      4      0.00283529      0.00051338      0.0
<Jan28-2022> <10:57:25>      5      0.00005494      0.00000823      0.0
<Jan28-2022> <10:57:32>      6      0.00001697      0.00000386      0.0
<Jan28-2022> <10:57:39>      7      0.00000361      0.00000049      0.0
<Jan28-2022> <10:57:41>  SCF converged
<Jan28-2022> <10:57:46>      8      0.00000121      0.00000016      0.0
<Jan28-2022> <10:57:48>  >>>> TOTEN
<Jan28-2022> <10:57:58>  >>>> POPAN
<Jan28-2022> <10:57:58>  >>>> DEBYE
<Jan28-2022> <10:57:58>  >>>> ENGRAD
<Jan28-2022> <10:58:17>  current energy                               -0.48856145 Hartree
<Jan28-2022> <10:58:17>  energy change                      -0.00000460     0.00005000    T
<Jan28-2022> <10:58:17>  constrained gradient max            0.00001176     0.00100000    T
<Jan28-2022> <10:58:17>  constrained gradient rms            0.00000629     0.00066667    T
<Jan28-2022> <10:58:17>  gradient max                        0.00001176
<Jan28-2022> <10:58:17>  gradient rms                        0.00000629
<Jan28-2022> <10:58:17>  cart. step max                      0.00002485     0.01000000    T
<Jan28-2022> <10:58:17>  cart. step rms                      0.00001329     0.00666667    T
<Jan28-2022> <10:58:17>  Geometry optimization converged
<Jan28-2022> <10:58:17>  *** adf ***
<Jan28-2022> <10:58:17>  Net Charge: 0 (Nuclei minus Electrons)
<Jan28-2022> <10:58:17>  Symmetry  : NOSYM
<Jan28-2022> <10:58:17>  >>>> FRAGM
<Jan28-2022> <10:58:17>  Coordinates
<Jan28-2022> <10:58:17>     Atom         X           Y           Z   (Angstrom)
<Jan28-2022> <10:58:17>     1.Sn        1.920000    0.000000   -0.000000
<Jan28-2022> <10:58:17>     2.Cl        1.920000    0.611974   -2.283917
<Jan28-2022> <10:58:17>     3.Cl        1.920000   -2.283917   -0.611974
<Jan28-2022> <10:58:17>     4.Cl        1.920000   -0.611974    2.283917
<Jan28-2022> <10:58:17>     5.Cl        1.920000    2.283917    0.611974
<Jan28-2022> <10:58:17>  >>>> CORORT
<Jan28-2022> <10:58:17>  >>>> CLSMAT
<Jan28-2022> <10:58:17>  >>>> ORTHON
<Jan28-2022> <10:58:18>  >>>> GENPT
<Jan28-2022> <10:58:18>  Block Length= 128
<Jan28-2022> <10:58:18>  >>>> PTBAS
<Jan28-2022> <10:58:23>  >>>> CYCLE
<Jan28-2022> <10:58:29>  using orbital data from restart file
<Jan28-2022> <10:58:33>              |Error|         MaxErr       Wt(A-DIIS)
<Jan28-2022> <10:58:33>      1      0.00000009      0.00000002
<Jan28-2022> <10:58:40>      2      0.00000019      0.00000004    100.0
<Jan28-2022> <10:58:43>  SCF converged
<Jan28-2022> <10:58:48>      3      0.00000048      0.00000009    100.0
<Jan28-2022> <10:58:54>  >>>> TOTEN
<Jan28-2022> <10:59:13>  >>>> POPAN
<Jan28-2022> <10:59:13>  >>>> DEBYE
<Jan28-2022> <10:59:13>  >>>> AMETS
<Jan28-2022> <10:59:14>   Bond Energy          -0.48856145 a.u.
<Jan28-2022> <10:59:14>   Bond Energy         -13.29443335 eV
<Jan28-2022> <10:59:14>   Bond Energy        -306.58       kcal/mol
<Jan28-2022> <10:59:14>  >>>> POPUL
<Jan28-2022> <10:59:14>  >>>> ENGRAD
<Jan28-2022> <10:59:32>  >>>> ENHESS
<Jan28-2022> <10:59:37>  === NUCLEUS:     1
<Jan28-2022> <11:02:57>  === NUCLEUS:     2
<Jan28-2022> <11:06:04>  === NUCLEUS:     3
<Jan28-2022> <11:09:11>  === NUCLEUS:     4
<Jan28-2022> <11:12:18>  === NUCLEUS:     5
<Jan28-2022> <11:15:25>  >>>> CALC_HESS_PMAT
<Jan28-2022> <11:16:08>  >>>> CALC_HESS_WMAT
<Jan28-2022> <11:16:14>  Scanning mode: 7
<Jan28-2022> <11:16:15>  *** SCANMODE_forward_adf_ScanMode_7 ***
<Jan28-2022> <11:16:15>  >>>> FRAGM
<Jan28-2022> <11:16:15>  Coordinates
<Jan28-2022> <11:16:15>     Atom         X           Y           Z   (Angstrom)
<Jan28-2022> <11:16:15>     1.Sn        1.920000   -0.000000   -0.000000
<Jan28-2022> <11:16:15>     2.Cl        1.920265    0.611974   -2.283917
<Jan28-2022> <11:16:15>     3.Cl        1.919735   -2.283917   -0.611974
<Jan28-2022> <11:16:15>     4.Cl        1.920265   -0.611974    2.283917
<Jan28-2022> <11:16:15>     5.Cl        1.919735    2.283917    0.611974
<Jan28-2022> <11:16:15>  >>>> CORORT
<Jan28-2022> <11:16:15>  >>>> CLSMAT
<Jan28-2022> <11:16:15>  >>>> ORTHON
<Jan28-2022> <11:16:15>  >>>> GENPT
<Jan28-2022> <11:16:16>  Block Length= 128
<Jan28-2022> <11:16:16>  >>>> PTBAS
<Jan28-2022> <11:16:25>  >>>> CYCLE
<Jan28-2022> <11:16:37>  using orbital data from restart file
<Jan28-2022> <11:16:46>              |Error|         MaxErr       Wt(A-DIIS)
<Jan28-2022> <11:16:46>      1      0.00064445      0.00014340
<Jan28-2022> <11:17:01>      2      0.00002040      0.00000451    100.0
<Jan28-2022> <11:17:15>      3      0.00002066      0.00000427    100.0
<Jan28-2022> <11:17:30>      4      0.00000685      0.00000103      0.0
<Jan28-2022> <11:17:44>      5      0.00000127      0.00000017      0.0
<Jan28-2022> <11:17:49>  SCF converged
<Jan28-2022> <11:17:59>      6      0.00000045      0.00000006      0.0
<Jan28-2022> <11:18:04>  >>>> TOTEN
<Jan28-2022> <11:18:24>  >>>> POPAN
<Jan28-2022> <11:18:24>  >>>> DEBYE
<Jan28-2022> <11:18:25>  >>>> ENGRAD
<Jan28-2022> <11:20:30>  PES point character: Geometry corresponds to a transition state.
<Jan28-2022> <11:20:30>  ERROR: Geometry optimization failed! (Converged, but did not find a minimum on the PES.)
<Jan28-2022> <11:20:30>  WARNING: total elapsed time is much higher than the (CPU+system) time.
<Jan28-2022> <11:20:30>  Make sure the machine is not oversubscribed and has enough memory, SCM_TMPDIR points to a fast file system, and the network is fast enough.
<Jan28-2022> <11:20:30>  NORMAL TERMINATION
