forrtl: Input/output error
forrtl: severe (28): CLOSE error, unit -4705, file "Unknown"
Image              PC                Routine            Line        Source             
ams.exe            000000000CBB7A42  Unknown               Unknown  Unknown
ams.exe            000000000CBA9C9F  Unknown               Unknown  Unknown
ams.exe            0000000009B9B67C  Unknown               Unknown  Unknown
ams.exe            00000000004153C1  Unknown               Unknown  Unknown
ams.exe            0000000001788FE3  Unknown               Unknown  Unknown
ams.exe            0000000002862562  Unknown               Unknown  Unknown
ams.exe            0000000001492F4F  Unknown               Unknown  Unknown
ams.exe            0000000001486C2A  Unknown               Unknown  Unknown
ams.exe            0000000001377F1A  Unknown               Unknown  Unknown
ams.exe            00000000012EDD5F  Unknown               Unknown  Unknown
ams.exe            0000000001218436  Unknown               Unknown  Unknown
ams.exe            00000000011FFBFB  Unknown               Unknown  Unknown
ams.exe            00000000011EAE7E  Unknown               Unknown  Unknown
ams.exe            00000000004ABB61  Unknown               Unknown  Unknown
ams.exe            000000000043DBB0  Unknown               Unknown  Unknown
ams.exe            00000000007EF3E1  Unknown               Unknown  Unknown
ams.exe            0000000000491A9F  Unknown               Unknown  Unknown
ams.exe            000000000043E9D5  Unknown               Unknown  Unknown
ams.exe            00000000006D78DB  Unknown               Unknown  Unknown
ams.exe            0000000000414802  Unknown               Unknown  Unknown
ams.exe            0000000000412272  Unknown               Unknown  Unknown
libc-2.28.so       00001555474BB493  __libc_start_main     Unknown  Unknown
ams.exe            0000000000412101  Unknown               Unknown  Unknown
srun: error: node120: task 0: Exited with exit code 28
