<Jan18-2022> <14:21:50>  AMS 2021.102  RunTime: Jan18-2022 14:21:50  ShM Nodes: 1  Procs: 4
<Jan18-2022> <14:21:50>  ADF 2021.102  RunTime: Jan18-2022 14:21:50  ShM Nodes: 1  Procs: 4
<Jan18-2022> <14:21:50>  *** (NO TITLE) ***
<Jan18-2022> <14:21:50>  Symmetry detected: C(S)
<Jan18-2022> <14:21:50>  Iteration 1
<Jan18-2022> <14:21:51>  DIRAC 2021.102  RunTime: Jan18-2022 14:21:51  ShM Nodes: 1  Procs: 1
<Jan18-2022> <14:21:51>  Carbon (TZ2P)
<Jan18-2022> <14:21:51>  Net Charge: 0 (Nuclei minus Electrons)
<Jan18-2022> <14:21:51>  Symmetry  : ATOM
<Jan18-2022> <14:21:51>  Coordinates
<Jan18-2022> <14:21:51>     Atom         X           Y           Z   (Angstrom)
<Jan18-2022> <14:21:51>     1.C         0.000000    0.000000    0.000000
<Jan18-2022> <14:21:51>  >>>> CORORT
<Jan18-2022> <14:21:51>  >>>> CLSMAT
<Jan18-2022> <14:21:51>  >>>> ORTHON
<Jan18-2022> <14:21:51>  >>>> GENPT
<Jan18-2022> <14:21:51>  Block Length=  72
<Jan18-2022> <14:21:51>  >>>> PTBAS
<Jan18-2022> <14:21:51>  >>>> CYCLE
<Jan18-2022> <14:21:51>              |Error|         MaxErr       Wt(A-DIIS)
<Jan18-2022> <14:21:51>      1      0.00000000      0.00000000
<Jan18-2022> <14:21:51>      2      4.48405934      3.32161898    100.0
<Jan18-2022> <14:21:51>      3      1.60718414      1.28408746    100.0
<Jan18-2022> <14:21:51>      4      0.76426456      0.62272052    100.0
<Jan18-2022> <14:21:51>      5      0.36119063      0.28553990    100.0
<Jan18-2022> <14:21:51>      6      0.14821424      0.11559867    100.0
<Jan18-2022> <14:21:51>      7      0.10108424      0.07867111     78.5
<Jan18-2022> <14:21:51>      8      0.01786531      0.01387049     13.0
<Jan18-2022> <14:21:51>      9      0.00195746      0.00153262      0.5
<Jan18-2022> <14:21:51>     10      0.00001058      0.00000730      0.0
<Jan18-2022> <14:21:51>     11      0.00000047      0.00000027      0.0
<Jan18-2022> <14:21:51>     12      0.00000003      0.00000002      0.0
<Jan18-2022> <14:21:51>     13      0.00000000      0.00000000      0.0
<Jan18-2022> <14:21:51>  SCF converged
<Jan18-2022> <14:21:51>     14      0.00000000      0.00000000      0.0
<Jan18-2022> <14:21:51>  >>>> POPAN
<Jan18-2022> <14:21:51>  >>>> DEBYE
<Jan18-2022> <14:21:51>  DIRAC 2021.102  RunTime: Jan18-2022 14:21:51  ShM Nodes: 1  Procs: 1
<Jan18-2022> <14:21:51>  Hydrogen (TZ2P)
<Jan18-2022> <14:21:51>  Net Charge: 0 (Nuclei minus Electrons)
<Jan18-2022> <14:21:51>  Symmetry  : ATOM
<Jan18-2022> <14:21:52>  Coordinates
<Jan18-2022> <14:21:52>     Atom         X           Y           Z   (Angstrom)
<Jan18-2022> <14:21:52>     1.H         0.000000    0.000000    0.000000
<Jan18-2022> <14:21:52>  >>>> CORORT
<Jan18-2022> <14:21:52>  >>>> CLSMAT
<Jan18-2022> <14:21:52>  >>>> ORTHON
<Jan18-2022> <14:21:52>  >>>> GENPT
<Jan18-2022> <14:21:52>  Block Length=  64
<Jan18-2022> <14:21:52>  >>>> PTBAS
<Jan18-2022> <14:21:52>  >>>> CYCLE
<Jan18-2022> <14:21:52>              |Error|         MaxErr       Wt(A-DIIS)
<Jan18-2022> <14:21:52>      1      0.00000000      0.00000000
<Jan18-2022> <14:21:52>      2      0.03080019      0.02591482
<Jan18-2022> <14:21:52>      3      0.01140383      0.01135775    100.0
<Jan18-2022> <14:21:52>      4      0.00327656      0.00327407      2.3
<Jan18-2022> <14:21:52>      5      0.00010041      0.00009754      0.0
<Jan18-2022> <14:21:52>      6      0.00000525      0.00000504      0.0
<Jan18-2022> <14:21:52>      7      0.00000007      0.00000007      0.0
<Jan18-2022> <14:21:52>      8      0.00000000      0.00000000      0.0
<Jan18-2022> <14:21:52>  SCF converged
<Jan18-2022> <14:21:52>      9      0.00000000      0.00000000      0.0
<Jan18-2022> <14:21:52>  >>>> POPAN
<Jan18-2022> <14:21:52>  >>>> DEBYE
<Jan18-2022> <14:21:52>  DIRAC 2021.102  RunTime: Jan18-2022 14:21:52  ShM Nodes: 1  Procs: 1
<Jan18-2022> <14:21:52>  Oxygen (TZ2P)
<Jan18-2022> <14:21:52>  Net Charge: 0 (Nuclei minus Electrons)
<Jan18-2022> <14:21:52>  Symmetry  : ATOM
<Jan18-2022> <14:21:52>  Coordinates
<Jan18-2022> <14:21:52>     Atom         X           Y           Z   (Angstrom)
<Jan18-2022> <14:21:52>     1.O         0.000000    0.000000    0.000000
<Jan18-2022> <14:21:52>  >>>> CORORT
<Jan18-2022> <14:21:52>  >>>> CLSMAT
<Jan18-2022> <14:21:52>  >>>> ORTHON
<Jan18-2022> <14:21:52>  >>>> GENPT
<Jan18-2022> <14:21:52>  Block Length=  68
<Jan18-2022> <14:21:52>  >>>> PTBAS
<Jan18-2022> <14:21:52>  >>>> CYCLE
<Jan18-2022> <14:21:52>              |Error|         MaxErr       Wt(A-DIIS)
<Jan18-2022> <14:21:52>      1      0.00000000      0.00000000
<Jan18-2022> <14:21:52>      2      8.77210307      5.53374266    100.0
<Jan18-2022> <14:21:52>      3      3.60058093      2.49154808    100.0
<Jan18-2022> <14:21:52>      4      1.20505529      0.62472425    100.0
<Jan18-2022> <14:21:52>      5      1.46502638      0.81213311    100.0
<Jan18-2022> <14:21:52>      6      0.15089362      0.09131786     91.2
<Jan18-2022> <14:21:52>      7      0.14397311      0.08251182     82.3
<Jan18-2022> <14:21:52>      8      0.00183259      0.00123681      0.2
<Jan18-2022> <14:21:53>      9      0.00015629      0.00008105      0.0
<Jan18-2022> <14:21:53>     10      0.00001324      0.00000629      0.0
<Jan18-2022> <14:21:53>     11      0.00000006      0.00000003      0.0
<Jan18-2022> <14:21:53>     12      0.00000000      0.00000000      0.0
<Jan18-2022> <14:21:53>  SCF converged
<Jan18-2022> <14:21:53>     13      0.00000000      0.00000000      0.0
<Jan18-2022> <14:21:53>  >>>> POPAN
<Jan18-2022> <14:21:53>  >>>> DEBYE
<Jan18-2022> <14:21:53>  *** GOStep1 ***
<Jan18-2022> <14:21:53>  >>>> FRAGM
<Jan18-2022> <14:21:53>  Coordinates
<Jan18-2022> <14:21:53>     Atom         X           Y           Z   (Angstrom)
<Jan18-2022> <14:21:53>     1.C         0.312247    0.445199    0.000000
<Jan18-2022> <14:21:53>     2.C         0.983914   -0.714308    0.000000
<Jan18-2022> <14:21:53>     3.H         0.458423   -1.668047    0.000000
<Jan18-2022> <14:21:53>     4.C        -1.162784    0.485254    0.000000
<Jan18-2022> <14:21:53>     5.H         0.823132    1.407065    0.000000
<Jan18-2022> <14:21:53>     6.H         2.069932   -0.752179    0.000000
<Jan18-2022> <14:21:53>     7.O        -1.824058    1.507291    0.000000
<Jan18-2022> <14:21:53>     8.H        -1.656382   -0.517059    0.000000
<Jan18-2022> <14:21:53>  >>>> CORORT
<Jan18-2022> <14:21:53>  >>>> CLSMAT
<Jan18-2022> <14:21:53>  >>>> ORTHON
<Jan18-2022> <14:21:53>  >>>> GENPT
<Jan18-2022> <14:21:53>  Block Length= 128
<Jan18-2022> <14:21:53>  >>>> PTBAS
<Jan18-2022> <14:21:55>  >>>> CYCLE
<Jan18-2022> <14:22:00>              |Error|         MaxErr       Wt(A-DIIS)
<Jan18-2022> <14:22:01>      1      4.59469396      1.05934330
<Jan18-2022> <14:22:04>      2      0.78512892      0.17568240    100.0
<Jan18-2022> <14:22:07>      3      0.40795041      0.07506307    100.0
<Jan18-2022> <14:22:10>      4      0.58598766      0.12890328    100.0
<Jan18-2022> <14:22:13>      5      0.13509631      0.03908119     38.5
<Jan18-2022> <14:22:16>      6      0.19767483      0.06193863    100.0
<Jan18-2022> <14:22:19>      7      0.03809159      0.00579527      4.8
<Jan18-2022> <14:22:22>      8      0.00914117      0.00294844      2.0
<Jan18-2022> <14:22:25>      9      0.00235255      0.00056621      0.0
<Jan18-2022> <14:22:28>     10      0.00019067      0.00002568      0.0
<Jan18-2022> <14:22:32>     11      0.00003386      0.00000677      0.0
<Jan18-2022> <14:22:35>     12      0.00000657      0.00000144      0.0
<Jan18-2022> <14:22:38>     13      0.00000121      0.00000021      0.0
<Jan18-2022> <14:22:39>  SCF converged
<Jan18-2022> <14:22:41>     14      0.00000016      0.00000003      0.0
<Jan18-2022> <14:22:42>  >>>> TOTEN
<Jan18-2022> <14:22:47>  >>>> POPAN
<Jan18-2022> <14:22:47>  >>>> DEBYE
<Jan18-2022> <14:22:47>  >>>> ENGRAD
<Jan18-2022> <14:22:53>  current energy                               -1.68728297 Hartree
<Jan18-2022> <14:22:53>  energy change                      -1.68728297     0.00008000    F
<Jan18-2022> <14:22:53>  constrained gradient max            0.00000459     0.00100000    T
<Jan18-2022> <14:22:53>  constrained gradient rms            0.00000190     0.00066667    T
<Jan18-2022> <14:22:53>  gradient max                        0.00000459
<Jan18-2022> <14:22:53>  gradient rms                        0.00000190
<Jan18-2022> <14:22:53>  cart. step max                      0.00000888     0.01000000    T
<Jan18-2022> <14:22:53>  cart. step rms                      0.00000306     0.00666667    T
<Jan18-2022> <14:22:53>  Geometry optimization converged
<Jan18-2022> <14:22:53>  *** adf ***
<Jan18-2022> <14:22:53>  Net Charge: 0 (Nuclei minus Electrons)
<Jan18-2022> <14:22:53>  Symmetry  : NOSYM
<Jan18-2022> <14:22:53>  >>>> FRAGM
<Jan18-2022> <14:22:53>  Coordinates
<Jan18-2022> <14:22:53>     Atom         X           Y           Z   (Angstrom)
<Jan18-2022> <14:22:53>     1.C         0.312247    0.445199    0.000000
<Jan18-2022> <14:22:53>     2.C         0.983914   -0.714308    0.000000
<Jan18-2022> <14:22:53>     3.H         0.458423   -1.668047    0.000000
<Jan18-2022> <14:22:53>     4.C        -1.162784    0.485254    0.000000
<Jan18-2022> <14:22:53>     5.H         0.823132    1.407065    0.000000
<Jan18-2022> <14:22:53>     6.H         2.069932   -0.752179    0.000000
<Jan18-2022> <14:22:53>     7.O        -1.824058    1.507291    0.000000
<Jan18-2022> <14:22:53>     8.H        -1.656382   -0.517059    0.000000
<Jan18-2022> <14:22:53>  >>>> CORORT
<Jan18-2022> <14:22:53>  >>>> CLSMAT
<Jan18-2022> <14:22:53>  >>>> ORTHON
<Jan18-2022> <14:22:53>  >>>> GENPT
<Jan18-2022> <14:22:53>  Block Length= 128
<Jan18-2022> <14:22:54>  >>>> PTBAS
<Jan18-2022> <14:22:55>  >>>> CYCLE
<Jan18-2022> <14:22:59>  using orbital data from restart file
<Jan18-2022> <14:23:01>              |Error|         MaxErr       Wt(A-DIIS)
<Jan18-2022> <14:23:01>      1      0.00000003      0.00000001
<Jan18-2022> <14:23:04>      2      0.00000005      0.00000002    100.0
<Jan18-2022> <14:23:05>  SCF converged
<Jan18-2022> <14:23:07>      3      0.00000014      0.00000006    100.0
<Jan18-2022> <14:23:10>  >>>> TOTEN
<Jan18-2022> <14:23:17>  >>>> POPAN
<Jan18-2022> <14:23:17>  >>>> DEBYE
<Jan18-2022> <14:23:17>  >>>> AMETS
<Jan18-2022> <14:23:18>   Bond Energy          -1.68728297 a.u.
<Jan18-2022> <14:23:18>   Bond Energy         -45.91330568 eV
<Jan18-2022> <14:23:18>   Bond Energy       -1058.79       kcal/mol
<Jan18-2022> <14:23:18>  >>>> POPUL
<Jan18-2022> <14:23:18>  >>>> ENGRAD
<Jan18-2022> <14:23:24>  >>>> ENHESS
<Jan18-2022> <14:23:26>  === NUCLEUS:     1
<Jan18-2022> <14:24:46>  === NUCLEUS:     2
<Jan18-2022> <14:26:04>  === NUCLEUS:     3
<Jan18-2022> <14:27:21>  === NUCLEUS:     4
<Jan18-2022> <14:28:35>  === NUCLEUS:     5
<Jan18-2022> <14:29:45>  === NUCLEUS:     6
<Jan18-2022> <14:30:54>  === NUCLEUS:     7
<Jan18-2022> <14:32:06>  === NUCLEUS:     8
<Jan18-2022> <14:33:18>  >>>> CALC_HESS_PMAT
<Jan18-2022> <14:33:33>  >>>> CALC_HESS_WMAT
<Jan18-2022> <14:33:35>  PES point character: Geometry corresponds to a local minimum on the PES.
<Jan18-2022> <14:33:35>  Geometry optimization successful!
<Jan18-2022> <14:33:35>  NORMAL TERMINATION
