<Jan20-2022> <02:54:59>  AMS 2021.102  RunTime: Jan20-2022 02:54:59  ShM Nodes: 1  Procs: 1
<Jan20-2022> <02:54:59>  ADF 2021.102  RunTime: Jan20-2022 02:54:59  ShM Nodes: 1  Procs: 1
<Jan20-2022> <02:54:59>  *** (NO TITLE) ***
<Jan20-2022> <02:54:59>  Iteration 1
<Jan20-2022> <02:54:59>  DIRAC 2021.102  RunTime: Jan20-2022 02:54:59  ShM Nodes: 1  Procs: 1
<Jan20-2022> <02:54:59>  Carbon (TZ2P)
<Jan20-2022> <02:54:59>  Net Charge: 0 (Nuclei minus Electrons)
<Jan20-2022> <02:54:59>  Symmetry  : ATOM
<Jan20-2022> <02:54:59>  Coordinates
<Jan20-2022> <02:54:59>     Atom         X           Y           Z   (Angstrom)
<Jan20-2022> <02:54:59>     1.C         0.000000    0.000000    0.000000
<Jan20-2022> <02:54:59>  >>>> CORORT
<Jan20-2022> <02:54:59>  >>>> CLSMAT
<Jan20-2022> <02:54:59>  >>>> ORTHON
<Jan20-2022> <02:54:59>  >>>> GENPT
<Jan20-2022> <02:54:59>  Block Length=  72
<Jan20-2022> <02:54:59>  >>>> PTBAS
<Jan20-2022> <02:54:59>  >>>> CYCLE
<Jan20-2022> <02:55:00>              |Error|         MaxErr       Wt(A-DIIS)
<Jan20-2022> <02:55:00>      1      0.00000000      0.00000000
<Jan20-2022> <02:55:00>      2      4.48405934      3.32161898    100.0
<Jan20-2022> <02:55:00>      3      1.60718414      1.28408746    100.0
<Jan20-2022> <02:55:00>      4      0.76426456      0.62272052    100.0
<Jan20-2022> <02:55:00>      5      0.36119063      0.28553990    100.0
<Jan20-2022> <02:55:00>      6      0.14821424      0.11559867    100.0
<Jan20-2022> <02:55:00>      7      0.10108424      0.07867111     78.5
<Jan20-2022> <02:55:00>      8      0.01786531      0.01387049     13.0
<Jan20-2022> <02:55:00>      9      0.00195746      0.00153262      0.5
<Jan20-2022> <02:55:00>     10      0.00001058      0.00000730      0.0
<Jan20-2022> <02:55:00>     11      0.00000047      0.00000027      0.0
<Jan20-2022> <02:55:00>     12      0.00000003      0.00000002      0.0
<Jan20-2022> <02:55:00>     13      0.00000000      0.00000000      0.0
<Jan20-2022> <02:55:00>  SCF converged
<Jan20-2022> <02:55:00>     14      0.00000000      0.00000000      0.0
<Jan20-2022> <02:55:00>  >>>> POPAN
<Jan20-2022> <02:55:00>  >>>> DEBYE
<Jan20-2022> <02:55:00>  DIRAC 2021.102  RunTime: Jan20-2022 02:55:00  ShM Nodes: 1  Procs: 1
<Jan20-2022> <02:55:00>  Hydrogen (TZ2P)
<Jan20-2022> <02:55:00>  Net Charge: 0 (Nuclei minus Electrons)
<Jan20-2022> <02:55:00>  Symmetry  : ATOM
<Jan20-2022> <02:55:00>  Coordinates
<Jan20-2022> <02:55:00>     Atom         X           Y           Z   (Angstrom)
<Jan20-2022> <02:55:00>     1.H         0.000000    0.000000    0.000000
<Jan20-2022> <02:55:00>  >>>> CORORT
<Jan20-2022> <02:55:00>  >>>> CLSMAT
<Jan20-2022> <02:55:00>  >>>> ORTHON
<Jan20-2022> <02:55:00>  >>>> GENPT
<Jan20-2022> <02:55:00>  Block Length=  64
<Jan20-2022> <02:55:00>  >>>> PTBAS
<Jan20-2022> <02:55:00>  >>>> CYCLE
<Jan20-2022> <02:55:00>              |Error|         MaxErr       Wt(A-DIIS)
<Jan20-2022> <02:55:00>      1      0.00000000      0.00000000
<Jan20-2022> <02:55:00>      2      0.03080019      0.02591482
<Jan20-2022> <02:55:00>      3      0.01140383      0.01135775    100.0
<Jan20-2022> <02:55:00>      4      0.00327656      0.00327407      2.3
<Jan20-2022> <02:55:00>      5      0.00010041      0.00009754      0.0
<Jan20-2022> <02:55:00>      6      0.00000525      0.00000504      0.0
<Jan20-2022> <02:55:00>      7      0.00000007      0.00000007      0.0
<Jan20-2022> <02:55:00>      8      0.00000000      0.00000000      0.0
<Jan20-2022> <02:55:00>  SCF converged
<Jan20-2022> <02:55:00>      9      0.00000000      0.00000000      0.0
<Jan20-2022> <02:55:00>  >>>> POPAN
<Jan20-2022> <02:55:00>  >>>> DEBYE
<Jan20-2022> <02:55:01>  DIRAC 2021.102  RunTime: Jan20-2022 02:55:01  ShM Nodes: 1  Procs: 1
<Jan20-2022> <02:55:01>  Oxygen (TZ2P)
<Jan20-2022> <02:55:01>  Net Charge: 0 (Nuclei minus Electrons)
<Jan20-2022> <02:55:01>  Symmetry  : ATOM
<Jan20-2022> <02:55:01>  Coordinates
<Jan20-2022> <02:55:01>     Atom         X           Y           Z   (Angstrom)
<Jan20-2022> <02:55:01>     1.O         0.000000    0.000000    0.000000
<Jan20-2022> <02:55:01>  >>>> CORORT
<Jan20-2022> <02:55:01>  >>>> CLSMAT
<Jan20-2022> <02:55:01>  >>>> ORTHON
<Jan20-2022> <02:55:01>  >>>> GENPT
<Jan20-2022> <02:55:01>  Block Length=  68
<Jan20-2022> <02:55:01>  >>>> PTBAS
<Jan20-2022> <02:55:01>  >>>> CYCLE
<Jan20-2022> <02:55:01>              |Error|         MaxErr       Wt(A-DIIS)
<Jan20-2022> <02:55:01>      1      0.00000000      0.00000000
<Jan20-2022> <02:55:01>      2      8.77210307      5.53374266    100.0
<Jan20-2022> <02:55:01>      3      3.60058093      2.49154808    100.0
<Jan20-2022> <02:55:01>      4      1.20505529      0.62472425    100.0
<Jan20-2022> <02:55:01>      5      1.46502638      0.81213311    100.0
<Jan20-2022> <02:55:01>      6      0.15089362      0.09131786     91.2
<Jan20-2022> <02:55:01>      7      0.14397311      0.08251182     82.3
<Jan20-2022> <02:55:01>      8      0.00183259      0.00123681      0.2
<Jan20-2022> <02:55:01>      9      0.00015629      0.00008105      0.0
<Jan20-2022> <02:55:01>     10      0.00001324      0.00000629      0.0
<Jan20-2022> <02:55:01>     11      0.00000006      0.00000003      0.0
<Jan20-2022> <02:55:01>     12      0.00000000      0.00000000      0.0
<Jan20-2022> <02:55:01>  SCF converged
<Jan20-2022> <02:55:01>     13      0.00000000      0.00000000      0.0
<Jan20-2022> <02:55:01>  >>>> POPAN
<Jan20-2022> <02:55:01>  >>>> DEBYE
<Jan20-2022> <02:55:01>  DIRAC 2021.102  RunTime: Jan20-2022 02:55:01  ShM Nodes: 1  Procs: 1
<Jan20-2022> <02:55:01>  Fluorine (TZ2P)
<Jan20-2022> <02:55:02>  Net Charge: 0 (Nuclei minus Electrons)
<Jan20-2022> <02:55:02>  Symmetry  : ATOM
<Jan20-2022> <02:55:02>  Coordinates
<Jan20-2022> <02:55:02>     Atom         X           Y           Z   (Angstrom)
<Jan20-2022> <02:55:02>     1.F         0.000000    0.000000    0.000000
<Jan20-2022> <02:55:02>  >>>> CORORT
<Jan20-2022> <02:55:02>  >>>> CLSMAT
<Jan20-2022> <02:55:02>  >>>> ORTHON
<Jan20-2022> <02:55:02>  >>>> GENPT
<Jan20-2022> <02:55:02>  Block Length=  76
<Jan20-2022> <02:55:02>  >>>> PTBAS
<Jan20-2022> <02:55:02>  >>>> CYCLE
<Jan20-2022> <02:55:02>              |Error|         MaxErr       Wt(A-DIIS)
<Jan20-2022> <02:55:02>      1      0.00000000      0.00000000
<Jan20-2022> <02:55:02>      2     11.39970762      4.85721148    100.0
<Jan20-2022> <02:55:02>      3      5.17310012      3.16632108    100.0
<Jan20-2022> <02:55:02>      4      1.04882283      0.49392043    100.0
<Jan20-2022> <02:55:02>      5      1.72142161      0.84736739    100.0
<Jan20-2022> <02:55:02>      6      0.21842580      0.10780687    100.0
<Jan20-2022> <02:55:02>      7      0.28524155      0.13554881    100.0
<Jan20-2022> <02:55:02>      8      0.02856437      0.01389479     13.0
<Jan20-2022> <02:55:02>      9      0.00489297      0.00234741      1.4
<Jan20-2022> <02:55:02>     10      0.00009261      0.00004462      0.0
<Jan20-2022> <02:55:02>     11      0.00000010      0.00000005      0.0
<Jan20-2022> <02:55:02>     12      0.00000000      0.00000000      0.0
<Jan20-2022> <02:55:02>  SCF converged
<Jan20-2022> <02:55:02>     13      0.00000000      0.00000000      0.0
<Jan20-2022> <02:55:02>  >>>> POPAN
<Jan20-2022> <02:55:02>  >>>> DEBYE
<Jan20-2022> <02:55:02>  *** GOStep1 ***
<Jan20-2022> <02:55:02>  >>>> FRAGM
<Jan20-2022> <02:55:02>  Coordinates
<Jan20-2022> <02:55:02>     Atom         X           Y           Z   (Angstrom)
<Jan20-2022> <02:55:02>     1.C         0.072379    0.458490    0.147016
<Jan20-2022> <02:55:02>     2.C         0.881364   -0.769627    0.345434
<Jan20-2022> <02:55:02>     3.H         0.320085   -1.649370    0.008484
<Jan20-2022> <02:55:02>     4.C        -1.244537    0.481405   -0.412106
<Jan20-2022> <02:55:02>     5.H         0.491509    1.421715    0.440204
<Jan20-2022> <02:55:02>     6.O        -1.908801    1.513970   -0.583638
<Jan20-2022> <02:55:02>     7.C         1.357984   -0.971567    1.798392
<Jan20-2022> <02:55:02>     8.H         1.975789   -1.872162    1.871864
<Jan20-2022> <02:55:02>     9.H         0.508075   -1.083701    2.478485
<Jan20-2022> <02:55:02>    10.H         1.956137   -0.121560    2.141940
<Jan20-2022> <02:55:02>    11.H         1.748706   -0.707949   -0.278116
<Jan20-2022> <02:55:02>    12.F        -1.779758   -0.771167   -0.776389
<Jan20-2022> <02:55:02>  >>>> CORORT
<Jan20-2022> <02:55:02>  >>>> CLSMAT
<Jan20-2022> <02:55:02>  >>>> ORTHON
<Jan20-2022> <02:55:02>  >>>> GENPT
<Jan20-2022> <02:55:03>  Block Length= 128
<Jan20-2022> <02:55:04>  >>>> PTBAS
<Jan20-2022> <02:55:23>  >>>> CYCLE
<Jan20-2022> <02:56:34>              |Error|         MaxErr       Wt(A-DIIS)
<Jan20-2022> <02:56:34>      1      5.46579731      0.49807703
<Jan20-2022> <02:57:36>      2      1.00939194      0.09499566    100.0
<Jan20-2022> <02:58:38>      3      0.48726802      0.03259760    100.0
<Jan20-2022> <02:59:41>      4      0.73802962      0.05812640    100.0
<Jan20-2022> <03:00:44>      5      0.14283739      0.01541102     14.6
<Jan20-2022> <03:01:47>      6      0.09901145      0.01280037     11.9
<Jan20-2022> <03:02:49>      7      0.02556616      0.00277994      1.8
<Jan20-2022> <03:03:52>      8      0.00878281      0.00122409      0.2
<Jan20-2022> <03:04:55>      9      0.00236687      0.00029861      0.0
<Jan20-2022> <03:05:57>     10      0.00098654      0.00010663      0.0
<Jan20-2022> <03:07:00>     11      0.00030908      0.00004072      0.0
<Jan20-2022> <03:08:02>     12      0.00014948      0.00001098      0.0
<Jan20-2022> <03:09:05>     13      0.00005196      0.00000387      0.0
<Jan20-2022> <03:10:07>     14      0.00001848      0.00000121      0.0
<Jan20-2022> <03:11:09>     15      0.00000576      0.00000048      0.0
<Jan20-2022> <03:11:26>  SCF converged
<Jan20-2022> <03:12:11>     16      0.00000391      0.00000028      0.0
<Jan20-2022> <03:12:29>  >>>> TOTEN
<Jan20-2022> <03:13:26>  >>>> POPAN
<Jan20-2022> <03:13:26>  >>>> DEBYE
<Jan20-2022> <03:13:26>  >>>> ENGRAD
<Jan20-2022> <03:14:18>  current energy                               -2.41414311 Hartree
<Jan20-2022> <03:14:18>  energy change                      -2.41414311     0.00012000    F
<Jan20-2022> <03:14:18>  constrained gradient max            0.07250398     0.00100000    F
<Jan20-2022> <03:14:18>  constrained gradient rms            0.02212060     0.00066667    F
<Jan20-2022> <03:14:18>  gradient max                        0.07250398
<Jan20-2022> <03:14:18>  gradient rms                        0.02212060
<Jan20-2022> <03:14:18>  cart. step max                      0.04708648     0.01000000    F
<Jan20-2022> <03:14:18>  cart. step rms                      0.01302046     0.00666667    F
<Jan20-2022> <03:14:18>  Iteration 2
<Jan20-2022> <03:14:18>  *** GOStep2 ***
<Jan20-2022> <03:14:18>  >>>> FRAGM
<Jan20-2022> <03:14:18>  Coordinates
<Jan20-2022> <03:14:18>     Atom         X           Y           Z   (Angstrom)
<Jan20-2022> <03:14:18>     1.C         0.065510    0.439231    0.144389
<Jan20-2022> <03:14:18>     2.C         0.882864   -0.785032    0.343777
<Jan20-2022> <03:14:18>     3.H         0.329686   -1.668465    0.012451
<Jan20-2022> <03:14:18>     4.C        -1.250869    0.508232   -0.409948
<Jan20-2022> <03:14:18>     5.H         0.478597    1.401251    0.438894
<Jan20-2022> <03:14:18>     6.O        -1.914233    1.497439   -0.581551
<Jan20-2022> <03:14:18>     7.C         1.357610   -0.968348    1.800595
<Jan20-2022> <03:14:18>     8.H         1.984761   -1.861669    1.879232
<Jan20-2022> <03:14:18>     9.H         0.507733   -1.086787    2.479457
<Jan20-2022> <03:14:18>    10.H         1.946665   -0.110428    2.141082
<Jan20-2022> <03:14:18>    11.H         1.769519   -0.712869   -0.290115
<Jan20-2022> <03:14:18>    12.F        -1.778912   -0.724080   -0.776692
<Jan20-2022> <03:14:18>  >>>> CORORT
<Jan20-2022> <03:14:18>  >>>> CLSMAT
<Jan20-2022> <03:14:18>  >>>> ORTHON
<Jan20-2022> <03:14:18>  >>>> GENPT
<Jan20-2022> <03:14:18>  Block Length= 128
<Jan20-2022> <03:14:19>  >>>> PTBAS
<Jan20-2022> <03:14:31>  >>>> CYCLE
<Jan20-2022> <03:14:45>  using orbital data from restart file
<Jan20-2022> <03:15:25>              |Error|         MaxErr       Wt(A-DIIS)
<Jan20-2022> <03:15:25>      1      0.20985000      0.03689629
<Jan20-2022> <03:16:24>      2      0.05897563      0.00439317    100.0
<Jan20-2022> <03:17:24>      3      0.02756976      0.00247062    100.0
<Jan20-2022> <03:18:23>      4      0.04497255      0.00318011    100.0
<Jan20-2022> <03:19:22>      5      0.00753271      0.00066930      0.0
<Jan20-2022> <03:20:21>      6      0.00287631      0.00042478      0.0
<Jan20-2022> <03:21:21>      7      0.00084076      0.00009462      0.0
<Jan20-2022> <03:22:20>      8      0.00048234      0.00003378      0.0
<Jan20-2022> <03:23:19>      9      0.00009838      0.00000860      0.0
<Jan20-2022> <03:24:19>     10      0.00003505      0.00000215      0.0
<Jan20-2022> <03:25:19>     11      0.00001536      0.00000105      0.0
<Jan20-2022> <03:26:17>     12      0.00000337      0.00000032      0.0
<Jan20-2022> <03:26:34>  SCF converged
<Jan20-2022> <03:27:19>     13      0.00000134      0.00000011      0.0
<Jan20-2022> <03:27:36>  >>>> TOTEN
<Jan20-2022> <03:28:41>  >>>> POPAN
<Jan20-2022> <03:28:41>  >>>> DEBYE
<Jan20-2022> <03:28:41>  >>>> ENGRAD
<Jan20-2022> <03:30:10>  current energy                               -2.41738187 Hartree
<Jan20-2022> <03:30:10>  energy change                      -0.00323876     0.00012000    F
<Jan20-2022> <03:30:10>  constrained gradient max            0.01175128     0.00100000    F
<Jan20-2022> <03:30:10>  constrained gradient rms            0.00493349     0.00066667    F
<Jan20-2022> <03:30:10>  gradient max                        0.01175128
<Jan20-2022> <03:30:10>  gradient rms                        0.00493349
<Jan20-2022> <03:30:10>  cart. step max                      0.01015739     0.01000000    F
<Jan20-2022> <03:30:10>  cart. step rms                      0.00431292     0.00666667    T
<Jan20-2022> <03:30:10>  Iteration 3
<Jan20-2022> <03:30:11>  *** GOStep3 ***
<Jan20-2022> <03:30:11>  >>>> FRAGM
<Jan20-2022> <03:30:11>  Coordinates
<Jan20-2022> <03:30:11>     Atom         X           Y           Z   (Angstrom)
<Jan20-2022> <03:30:11>     1.C         0.064992    0.432601    0.143561
<Jan20-2022> <03:30:11>     2.C         0.881837   -0.790736    0.344494
<Jan20-2022> <03:30:11>     3.H         0.331506   -1.675007    0.014498
<Jan20-2022> <03:30:11>     4.C        -1.254661    0.516324   -0.414385
<Jan20-2022> <03:30:11>     5.H         0.476196    1.394562    0.440376
<Jan20-2022> <03:30:11>     6.O        -1.923788    1.507596   -0.582279
<Jan20-2022> <03:30:11>     7.C         1.358046   -0.968100    1.801772
<Jan20-2022> <03:30:11>     8.H         1.988750   -1.858813    1.881699
<Jan20-2022> <03:30:11>     9.H         0.508609   -1.088988    2.480647
<Jan20-2022> <03:30:11>    10.H         1.943844   -0.107189    2.140138
<Jan20-2022> <03:30:11>    11.H         1.774710   -0.714291   -0.294476
<Jan20-2022> <03:30:11>    12.F        -1.771111   -0.719483   -0.774473
<Jan20-2022> <03:30:11>  >>>> CORORT
<Jan20-2022> <03:30:11>  >>>> CLSMAT
<Jan20-2022> <03:30:11>  >>>> ORTHON
<Jan20-2022> <03:30:11>  >>>> GENPT
<Jan20-2022> <03:30:12>  Block Length= 128
<Jan20-2022> <03:30:13>  >>>> PTBAS
<Jan20-2022> <03:30:31>  >>>> CYCLE
<Jan20-2022> <03:30:55>  using orbital data from restart file
<Jan20-2022> <03:31:38>              |Error|         MaxErr       Wt(A-DIIS)
<Jan20-2022> <03:31:38>      1      0.04477150      0.00544271
<Jan20-2022> <03:32:37>      2      0.00872104      0.00057835    100.0
<Jan20-2022> <03:33:37>      3      0.01484472      0.00124762    100.0
<Jan20-2022> <03:34:36>      4      0.00288272      0.00035892      0.0
<Jan20-2022> <03:35:35>      5      0.00162895      0.00021421      0.0
<Jan20-2022> <03:36:35>      6      0.00072284      0.00008951      0.0
<Jan20-2022> <03:37:34>      7      0.00013783      0.00001612      0.0
<Jan20-2022> <03:38:33>      8      0.00005389      0.00000503      0.0
<Jan20-2022> <03:39:33>      9      0.00002047      0.00000205      0.0
<Jan20-2022> <03:40:33>     10      0.00000594      0.00000046      0.0
<Jan20-2022> <03:40:49>  SCF converged
<Jan20-2022> <03:41:32>     11      0.00000257      0.00000020      0.0
<Jan20-2022> <03:41:49>  >>>> TOTEN
<Jan20-2022> <03:42:52>  >>>> POPAN
<Jan20-2022> <03:42:52>  >>>> DEBYE
<Jan20-2022> <03:42:52>  >>>> ENGRAD
<Jan20-2022> <03:44:20>  current energy                               -2.41757994 Hartree
<Jan20-2022> <03:44:20>  energy change                      -0.00019807     0.00012000    F
<Jan20-2022> <03:44:20>  constrained gradient max            0.00535721     0.00100000    F
<Jan20-2022> <03:44:20>  constrained gradient rms            0.00163579     0.00066667    F
<Jan20-2022> <03:44:20>  gradient max                        0.00535721
<Jan20-2022> <03:44:20>  gradient rms                        0.00163579
<Jan20-2022> <03:44:20>  cart. step max                      0.02744676     0.01000000    F
<Jan20-2022> <03:44:20>  cart. step rms                      0.00703404     0.00666667    F
<Jan20-2022> <03:44:20>  Iteration 4
<Jan20-2022> <03:44:21>  *** GOStep4 ***
<Jan20-2022> <03:44:21>  >>>> FRAGM
<Jan20-2022> <03:44:21>  Coordinates
<Jan20-2022> <03:44:21>     Atom         X           Y           Z   (Angstrom)
<Jan20-2022> <03:44:21>     1.C         0.060193    0.429045    0.150783
<Jan20-2022> <03:44:21>     2.C         0.876157   -0.793843    0.349351
<Jan20-2022> <03:44:21>     3.H         0.325586   -1.678971    0.023700
<Jan20-2022> <03:44:21>     4.C        -1.262925    0.516177   -0.405959
<Jan20-2022> <03:44:21>     5.H         0.472336    1.391476    0.446448
<Jan20-2022> <03:44:21>     6.O        -1.919874    1.512309   -0.590879
<Jan20-2022> <03:44:21>     7.C         1.363179   -0.967553    1.803435
<Jan20-2022> <03:44:21>     8.H         1.996359   -1.856801    1.880415
<Jan20-2022> <03:44:21>     9.H         0.518397   -1.089360    2.487885
<Jan20-2022> <03:44:21>    10.H         1.949239   -0.104726    2.136025
<Jan20-2022> <03:44:21>    11.H         1.766901   -0.716028   -0.297715
<Jan20-2022> <03:44:21>    12.F        -1.766616   -0.713247   -0.801919
<Jan20-2022> <03:44:21>  >>>> CORORT
<Jan20-2022> <03:44:21>  >>>> CLSMAT
<Jan20-2022> <03:44:21>  >>>> ORTHON
<Jan20-2022> <03:44:21>  >>>> GENPT
<Jan20-2022> <03:44:21>  Block Length= 128
<Jan20-2022> <03:44:22>  >>>> PTBAS
<Jan20-2022> <03:44:41>  >>>> CYCLE
<Jan20-2022> <03:45:04>  using orbital data from restart file
<Jan20-2022> <03:45:47>              |Error|         MaxErr       Wt(A-DIIS)
<Jan20-2022> <03:45:47>      1      0.06847086      0.01240076
<Jan20-2022> <03:46:47>      2      0.00767440      0.00086811    100.0
<Jan20-2022> <03:47:46>      3      0.00840903      0.00073518    100.0
<Jan20-2022> <03:48:45>      4      0.00318437      0.00033762      0.0
<Jan20-2022> <03:49:44>      5      0.00102424      0.00014767      0.0
<Jan20-2022> <03:50:44>      6      0.00077223      0.00008131      0.0
<Jan20-2022> <03:51:43>      7      0.00017592      0.00002222      0.0
<Jan20-2022> <03:52:42>      8      0.00004884      0.00000355      0.0
<Jan20-2022> <03:53:43>      9      0.00002235      0.00000139      0.0
<Jan20-2022> <03:54:36>     10      0.00000656      0.00000049      0.0
<Jan20-2022> <03:54:45>  SCF converged
<Jan20-2022> <03:55:11>     11      0.00000168      0.00000017      0.0
<Jan20-2022> <03:55:20>  >>>> TOTEN
<Jan20-2022> <03:55:59>  >>>> POPAN
<Jan20-2022> <03:55:59>  >>>> DEBYE
<Jan20-2022> <03:55:59>  >>>> ENGRAD
<Jan20-2022> <03:56:50>  current energy                               -2.41751866 Hartree
<Jan20-2022> <03:56:50>  energy change                       0.00006129     0.00012000    T
<Jan20-2022> <03:56:50>  constrained gradient max            0.00914891     0.00100000    F
<Jan20-2022> <03:56:50>  constrained gradient rms            0.00186802     0.00066667    F
<Jan20-2022> <03:56:50>  gradient max                        0.00914891
<Jan20-2022> <03:56:50>  gradient rms                        0.00186802
<Jan20-2022> <03:56:50>  cart. step max                      0.00543609     0.01000000    T
<Jan20-2022> <03:56:50>  cart. step rms                      0.00177618     0.00666667    T
<Jan20-2022> <03:56:50>  Iteration 5
<Jan20-2022> <03:56:50>  *** GOStep5 ***
<Jan20-2022> <03:56:50>  >>>> FRAGM
<Jan20-2022> <03:56:50>  Coordinates
<Jan20-2022> <03:56:50>     Atom         X           Y           Z   (Angstrom)
<Jan20-2022> <03:56:50>     1.C         0.061922    0.429573    0.149019
<Jan20-2022> <03:56:50>     2.C         0.877005   -0.793151    0.348830
<Jan20-2022> <03:56:50>     3.H         0.327036   -1.678200    0.021969
<Jan20-2022> <03:56:50>     4.C        -1.260602    0.515726   -0.410439
<Jan20-2022> <03:56:50>     5.H         0.473230    1.392247    0.445697
<Jan20-2022> <03:56:50>     6.O        -1.919699    1.511042   -0.587580
<Jan20-2022> <03:56:50>     7.C         1.362246   -0.967625    1.803359
<Jan20-2022> <03:56:50>     8.H         1.995291   -1.856940    1.880823
<Jan20-2022> <03:56:50>     9.H         0.516492   -1.089697    2.486572
<Jan20-2022> <03:56:50>    10.H         1.947846   -0.104954    2.136978
<Jan20-2022> <03:56:50>    11.H         1.768578   -0.715118   -0.297174
<Jan20-2022> <03:56:50>    12.F        -1.770414   -0.714427   -0.796483
<Jan20-2022> <03:56:50>  >>>> CORORT
<Jan20-2022> <03:56:50>  >>>> CLSMAT
<Jan20-2022> <03:56:50>  >>>> ORTHON
<Jan20-2022> <03:56:50>  >>>> GENPT
<Jan20-2022> <03:56:51>  Block Length= 128
<Jan20-2022> <03:56:51>  >>>> PTBAS
<Jan20-2022> <03:57:03>  >>>> CYCLE
<Jan20-2022> <03:57:17>  using orbital data from restart file
<Jan20-2022> <03:57:43>              |Error|         MaxErr       Wt(A-DIIS)
<Jan20-2022> <03:57:43>      1      0.02296789      0.00434178
<Jan20-2022> <03:58:18>      2      0.00233692      0.00024376    100.0
<Jan20-2022> <03:58:53>      3      0.00150250      0.00015865    100.0
<Jan20-2022> <03:59:28>      4      0.00125105      0.00013181      0.0
<Jan20-2022> <04:00:03>      5      0.00023835      0.00002463      0.0
<Jan20-2022> <04:00:38>      6      0.00019403      0.00002379      0.0
<Jan20-2022> <04:01:12>      7      0.00005909      0.00000681      0.0
<Jan20-2022> <04:01:47>      8      0.00002505      0.00000241      0.0
<Jan20-2022> <04:02:22>      9      0.00000695      0.00000066      0.0
<Jan20-2022> <04:02:31>  SCF converged
<Jan20-2022> <04:02:57>     10      0.00000182      0.00000020      0.0
<Jan20-2022> <04:03:06>  >>>> TOTEN
<Jan20-2022> <04:03:45>  >>>> POPAN
<Jan20-2022> <04:03:45>  >>>> DEBYE
<Jan20-2022> <04:03:45>  >>>> ENGRAD
<Jan20-2022> <04:04:35>  current energy                               -2.41757736 Hartree
<Jan20-2022> <04:04:35>  energy change                      -0.00005871     0.00012000    T
<Jan20-2022> <04:04:35>  constrained gradient max            0.00510397     0.00100000    F
<Jan20-2022> <04:04:35>  constrained gradient rms            0.00105452     0.00066667    F
<Jan20-2022> <04:04:35>  gradient max                        0.00510397
<Jan20-2022> <04:04:35>  gradient rms                        0.00105452
<Jan20-2022> <04:04:35>  cart. step max                      0.00728344     0.01000000    T
<Jan20-2022> <04:04:35>  cart. step rms                      0.00169337     0.00666667    T
<Jan20-2022> <04:04:35>  Iteration 6
<Jan20-2022> <04:04:36>  *** GOStep6 ***
<Jan20-2022> <04:04:36>  >>>> FRAGM
<Jan20-2022> <04:04:36>  Coordinates
<Jan20-2022> <04:04:36>     Atom         X           Y           Z   (Angstrom)
<Jan20-2022> <04:04:36>     1.C         0.062858    0.430538    0.148053
<Jan20-2022> <04:04:36>     2.C         0.876592   -0.792417    0.349076
<Jan20-2022> <04:04:36>     3.H         0.326502   -1.677335    0.021719
<Jan20-2022> <04:04:36>     4.C        -1.257098    0.515995   -0.417723
<Jan20-2022> <04:04:36>     5.H         0.471911    1.393211    0.447833
<Jan20-2022> <04:04:36>     6.O        -1.920391    1.510206   -0.585316
<Jan20-2022> <04:04:36>     7.C         1.362212   -0.967806    1.803257
<Jan20-2022> <04:04:36>     8.H         1.994984   -1.857325    1.880457
<Jan20-2022> <04:04:36>     9.H         0.516431   -1.089814    2.486479
<Jan20-2022> <04:04:36>    10.H         1.947984   -0.105365    2.137032
<Jan20-2022> <04:04:36>    11.H         1.768039   -0.715700   -0.296840
<Jan20-2022> <04:04:36>    12.F        -1.771093   -0.715711   -0.792457
<Jan20-2022> <04:04:36>  >>>> CORORT
<Jan20-2022> <04:04:36>  >>>> CLSMAT
<Jan20-2022> <04:04:36>  >>>> ORTHON
<Jan20-2022> <04:04:36>  >>>> GENPT
<Jan20-2022> <04:04:36>  Block Length= 128
<Jan20-2022> <04:04:37>  >>>> PTBAS
<Jan20-2022> <04:04:49>  >>>> CYCLE
<Jan20-2022> <04:05:03>  using orbital data from restart file
<Jan20-2022> <04:05:28>              |Error|         MaxErr       Wt(A-DIIS)
<Jan20-2022> <04:05:28>      1      0.02716386      0.00522355
<Jan20-2022> <04:06:03>      2      0.00265676      0.00029097    100.0
<Jan20-2022> <04:06:38>      3      0.00171363      0.00018222    100.0
<Jan20-2022> <04:07:12>      4      0.00137519      0.00015300      0.0
<Jan20-2022> <04:07:47>      5      0.00038696      0.00004554      0.0
<Jan20-2022> <04:08:22>      6      0.00022259      0.00002046      0.0
<Jan20-2022> <04:08:57>      7      0.00005525      0.00000704      0.0
<Jan20-2022> <04:09:31>      8      0.00002547      0.00000237      0.0
<Jan20-2022> <04:10:06>      9      0.00000727      0.00000043      0.0
<Jan20-2022> <04:10:15>  SCF converged
<Jan20-2022> <04:10:41>     10      0.00000143      0.00000008      0.0
<Jan20-2022> <04:10:51>  >>>> TOTEN
<Jan20-2022> <04:11:29>  >>>> POPAN
<Jan20-2022> <04:11:29>  >>>> DEBYE
<Jan20-2022> <04:11:30>  >>>> ENGRAD
<Jan20-2022> <04:12:20>  current energy                               -2.41760611 Hartree
<Jan20-2022> <04:12:20>  energy change                      -0.00002874     0.00012000    T
<Jan20-2022> <04:12:20>  constrained gradient max            0.00029482     0.00100000    T
<Jan20-2022> <04:12:20>  constrained gradient rms            0.00009961     0.00066667    T
<Jan20-2022> <04:12:20>  gradient max                        0.00029482
<Jan20-2022> <04:12:20>  gradient rms                        0.00009961
<Jan20-2022> <04:12:20>  cart. step max                      0.00570115     0.01000000    T
<Jan20-2022> <04:12:20>  cart. step rms                      0.00180667     0.00666667    T
<Jan20-2022> <04:12:20>  Geometry optimization converged
<Jan20-2022> <04:12:20>  *** adf ***
<Jan20-2022> <04:12:21>  Net Charge: 0 (Nuclei minus Electrons)
<Jan20-2022> <04:12:21>  Spin polar: 1 (Spin_A minus Spin_B electrons)
<Jan20-2022> <04:12:21>  Symmetry  : NOSYM
<Jan20-2022> <04:12:21>  >>>> FRAGM
<Jan20-2022> <04:12:21>  Coordinates
<Jan20-2022> <04:12:21>     Atom         X           Y           Z   (Angstrom)
<Jan20-2022> <04:12:21>     1.C         0.062858    0.430538    0.148053
<Jan20-2022> <04:12:21>     2.C         0.876592   -0.792417    0.349076
<Jan20-2022> <04:12:21>     3.H         0.326502   -1.677335    0.021719
<Jan20-2022> <04:12:21>     4.C        -1.257098    0.515995   -0.417723
<Jan20-2022> <04:12:21>     5.H         0.471911    1.393211    0.447833
<Jan20-2022> <04:12:21>     6.O        -1.920391    1.510206   -0.585316
<Jan20-2022> <04:12:21>     7.C         1.362212   -0.967806    1.803257
<Jan20-2022> <04:12:21>     8.H         1.994984   -1.857325    1.880457
<Jan20-2022> <04:12:21>     9.H         0.516431   -1.089814    2.486479
<Jan20-2022> <04:12:21>    10.H         1.947984   -0.105365    2.137032
<Jan20-2022> <04:12:21>    11.H         1.768039   -0.715700   -0.296840
<Jan20-2022> <04:12:21>    12.F        -1.771093   -0.715711   -0.792457
<Jan20-2022> <04:12:21>  >>>> CORORT
<Jan20-2022> <04:12:21>  >>>> CLSMAT
<Jan20-2022> <04:12:21>  >>>> ORTHON
<Jan20-2022> <04:12:21>  >>>> GENPT
<Jan20-2022> <04:12:21>  Block Length= 128
<Jan20-2022> <04:12:22>  >>>> PTBAS
<Jan20-2022> <04:12:34>  >>>> CYCLE
<Jan20-2022> <04:12:48>  using orbital data from restart file
<Jan20-2022> <04:13:13>              |Error|         MaxErr       Wt(A-DIIS)
<Jan20-2022> <04:13:13>      1      0.00000074      0.00000009
<Jan20-2022> <04:13:48>      2      0.00000111      0.00000014    100.0
<Jan20-2022> <04:13:57>  SCF converged
<Jan20-2022> <04:14:23>      3      0.00000054      0.00000007    100.0
<Jan20-2022> <04:14:54>  >>>> TOTEN
<Jan20-2022> <04:15:57>  >>>> POPAN
<Jan20-2022> <04:15:57>  >>>> DEBYE
<Jan20-2022> <04:15:57>  >>>> AMETS
<Jan20-2022> <04:15:57>   Bond Energy          -2.41760611 a.u.
<Jan20-2022> <04:15:57>   Bond Energy         -65.78640939 eV
<Jan20-2022> <04:15:57>   Bond Energy       -1517.07       kcal/mol
<Jan20-2022> <04:15:57>  >>>> POPUL
<Jan20-2022> <04:15:58>  >>>> ENGRAD
<Jan20-2022> <04:16:48>  >>>> ENHESS
<Jan20-2022> <04:17:04>  === NUCLEUS:     1
<Jan20-2022> <04:35:02>  === NUCLEUS:     2
<Jan20-2022> <04:50:57>  === NUCLEUS:     3
<Jan20-2022> <05:07:49>  === NUCLEUS:     4
<Jan20-2022> <05:22:43>  === NUCLEUS:     5
<Jan20-2022> <05:36:16>  === NUCLEUS:     6
<Jan20-2022> <05:50:35>  === NUCLEUS:     7
<Jan20-2022> <06:04:05>  === NUCLEUS:     8
<Jan20-2022> <06:17:17>  === NUCLEUS:     9
<Jan20-2022> <06:30:05>  === NUCLEUS:    10
<Jan20-2022> <06:43:37>  === NUCLEUS:    11
<Jan20-2022> <06:59:56>  === NUCLEUS:    12
<Jan20-2022> <07:15:04>  >>>> CALC_HESS_PMAT
<Jan20-2022> <07:17:25>  >>>> CALC_HESS_WMAT
<Jan20-2022> <07:17:41>  Scanning mode: 7
<Jan20-2022> <07:17:41>  *** SCANMODE_forward_adf_ScanMode_7 ***
<Jan20-2022> <07:17:41>  >>>> FRAGM
<Jan20-2022> <07:17:41>  Coordinates
<Jan20-2022> <07:17:41>     Atom         X           Y           Z   (Angstrom)
<Jan20-2022> <07:17:41>     1.C         0.062905    0.430570    0.147987
<Jan20-2022> <07:17:41>     2.C         0.876658   -0.792371    0.349021
<Jan20-2022> <07:17:41>     3.H         0.326637   -1.677286    0.021543
<Jan20-2022> <07:17:41>     4.C        -1.257084    0.515995   -0.417718
<Jan20-2022> <07:17:41>     5.H         0.471958    1.393257    0.447725
<Jan20-2022> <07:17:41>     6.O        -1.920395    1.510193   -0.585311
<Jan20-2022> <07:17:41>     7.C         1.362098   -0.967843    1.803257
<Jan20-2022> <07:17:41>     8.H         1.994893   -1.857344    1.880473
<Jan20-2022> <07:17:41>     9.H         0.516232   -1.089929    2.486360
<Jan20-2022> <07:17:41>    10.H         1.947794   -0.105403    2.137166
<Jan20-2022> <07:17:41>    11.H         1.768185   -0.715573   -0.296770
<Jan20-2022> <07:17:41>    12.F        -1.771089   -0.715729   -0.792378
<Jan20-2022> <07:17:41>  >>>> CORORT
<Jan20-2022> <07:17:41>  >>>> CLSMAT
<Jan20-2022> <07:17:41>  >>>> ORTHON
<Jan20-2022> <07:17:41>  >>>> GENPT
<Jan20-2022> <07:17:42>  Block Length= 128
<Jan20-2022> <07:17:42>  >>>> PTBAS
<Jan20-2022> <07:17:54>  >>>> CYCLE
<Jan20-2022> <07:18:08>  using orbital data from restart file
<Jan20-2022> <07:18:33>              |Error|         MaxErr       Wt(A-DIIS)
<Jan20-2022> <07:18:33>      1      0.00023301      0.00003196
<Jan20-2022> <07:19:06>      2      0.00001914      0.00000166    100.0
<Jan20-2022> <07:19:40>      3      0.00001244      0.00000112    100.0
<Jan20-2022> <07:20:14>      4      0.00000989      0.00000071      0.0
<Jan20-2022> <07:20:23>  SCF converged
<Jan20-2022> <07:20:48>      5      0.00000455      0.00000058      0.0
<Jan20-2022> <07:20:57>  >>>> TOTEN
<Jan20-2022> <07:21:35>  >>>> POPAN
<Jan20-2022> <07:21:35>  >>>> DEBYE
<Jan20-2022> <07:21:35>  >>>> ENGRAD
<Jan20-2022> <07:22:25>  *** SCANMODE_backward_adf_ScanMode_7 ***
<Jan20-2022> <07:22:25>  >>>> FRAGM
<Jan20-2022> <07:22:25>  Coordinates
<Jan20-2022> <07:22:25>     Atom         X           Y           Z   (Angstrom)
<Jan20-2022> <07:22:25>     1.C         0.062811    0.430506    0.148119
<Jan20-2022> <07:22:25>     2.C         0.876527   -0.792464    0.349132
<Jan20-2022> <07:22:25>     3.H         0.326367   -1.677384    0.021895
<Jan20-2022> <07:22:25>     4.C        -1.257112    0.515995   -0.417728
<Jan20-2022> <07:22:25>     5.H         0.471863    1.393166    0.447941
<Jan20-2022> <07:22:25>     6.O        -1.920387    1.510218   -0.585321
<Jan20-2022> <07:22:25>     7.C         1.362327   -0.967770    1.803258
<Jan20-2022> <07:22:25>     8.H         1.995076   -1.857306    1.880441
<Jan20-2022> <07:22:25>     9.H         0.516630   -1.089698    2.486599
<Jan20-2022> <07:22:25>    10.H         1.948174   -0.105327    2.136898
<Jan20-2022> <07:22:25>    11.H         1.767892   -0.715826   -0.296909
<Jan20-2022> <07:22:25>    12.F        -1.771097   -0.715692   -0.792537
<Jan20-2022> <07:22:25>  >>>> CORORT
<Jan20-2022> <07:22:25>  >>>> CLSMAT
<Jan20-2022> <07:22:25>  >>>> ORTHON
<Jan20-2022> <07:22:25>  >>>> GENPT
<Jan20-2022> <07:22:25>  Block Length= 128
<Jan20-2022> <07:22:26>  >>>> PTBAS
<Jan20-2022> <07:22:38>  >>>> CYCLE
<Jan20-2022> <07:22:51>  using orbital data from restart file
<Jan20-2022> <07:23:16>              |Error|         MaxErr       Wt(A-DIIS)
<Jan20-2022> <07:23:16>      1      0.00023302      0.00003195
<Jan20-2022> <07:23:50>      2      0.00001975      0.00000166    100.0
<Jan20-2022> <07:24:23>      3      0.00002067      0.00000123    100.0
<Jan20-2022> <07:24:57>      4      0.00001032      0.00000112      0.0
<Jan20-2022> <07:25:30>      5      0.00000484      0.00000062      0.0
<Jan20-2022> <07:25:39>  SCF converged
<Jan20-2022> <07:26:04>      6      0.00000110      0.00000009      0.0
<Jan20-2022> <07:26:13>  >>>> TOTEN
<Jan20-2022> <07:26:51>  >>>> POPAN
<Jan20-2022> <07:26:51>  >>>> DEBYE
<Jan20-2022> <07:26:51>  >>>> ENGRAD
<Jan20-2022> <07:27:40>  PES point character: Geometry corresponds to a transition state.
<Jan20-2022> <07:27:40>  ERROR: Geometry optimization failed! (Converged, but did not find a minimum on the PES.)
<Jan20-2022> <07:27:40>  NORMAL TERMINATION
