<Jan18-2022> <15:53:31>  AMS 2021.102  RunTime: Jan18-2022 15:53:31  ShM Nodes: 1  Procs: 16
<Jan18-2022> <15:53:32>  ADF 2021.102  RunTime: Jan18-2022 15:53:32  ShM Nodes: 1  Procs: 16
<Jan18-2022> <15:53:32>  *** (NO TITLE) ***
<Jan18-2022> <15:53:32>  Iteration 1
<Jan18-2022> <15:53:32>  DIRAC 2021.102  RunTime: Jan18-2022 15:53:32  ShM Nodes: 1  Procs: 1
<Jan18-2022> <15:53:32>  Carbon (TZ2P)
<Jan18-2022> <15:53:32>  Net Charge: 0 (Nuclei minus Electrons)
<Jan18-2022> <15:53:32>  Symmetry  : ATOM
<Jan18-2022> <15:53:32>  Coordinates
<Jan18-2022> <15:53:32>     Atom         X           Y           Z   (Angstrom)
<Jan18-2022> <15:53:32>     1.C         0.000000    0.000000    0.000000
<Jan18-2022> <15:53:32>  >>>> CORORT
<Jan18-2022> <15:53:32>  >>>> CLSMAT
<Jan18-2022> <15:53:32>  >>>> ORTHON
<Jan18-2022> <15:53:32>  >>>> GENPT
<Jan18-2022> <15:53:32>  Block Length=  72
<Jan18-2022> <15:53:32>  >>>> PTBAS
<Jan18-2022> <15:53:32>  >>>> CYCLE
<Jan18-2022> <15:53:32>              |Error|         MaxErr       Wt(A-DIIS)
<Jan18-2022> <15:53:32>      1      0.00000000      0.00000000
<Jan18-2022> <15:53:32>      2      4.48405934      3.32161898    100.0
<Jan18-2022> <15:53:32>      3      1.60718414      1.28408746    100.0
<Jan18-2022> <15:53:32>      4      0.76426456      0.62272052    100.0
<Jan18-2022> <15:53:32>      5      0.36119063      0.28553990    100.0
<Jan18-2022> <15:53:32>      6      0.14821424      0.11559867    100.0
<Jan18-2022> <15:53:32>      7      0.10108424      0.07867111     78.5
<Jan18-2022> <15:53:32>      8      0.01786531      0.01387049     13.0
<Jan18-2022> <15:53:32>      9      0.00195746      0.00153262      0.5
<Jan18-2022> <15:53:32>     10      0.00001058      0.00000730      0.0
<Jan18-2022> <15:53:32>     11      0.00000047      0.00000027      0.0
<Jan18-2022> <15:53:32>     12      0.00000003      0.00000002      0.0
<Jan18-2022> <15:53:32>     13      0.00000000      0.00000000      0.0
<Jan18-2022> <15:53:32>  SCF converged
<Jan18-2022> <15:53:32>     14      0.00000000      0.00000000      0.0
<Jan18-2022> <15:53:33>  >>>> POPAN
<Jan18-2022> <15:53:33>  >>>> DEBYE
<Jan18-2022> <15:53:33>  DIRAC 2021.102  RunTime: Jan18-2022 15:53:33  ShM Nodes: 1  Procs: 1
<Jan18-2022> <15:53:33>  Hydrogen (TZ2P)
<Jan18-2022> <15:53:33>  Net Charge: 0 (Nuclei minus Electrons)
<Jan18-2022> <15:53:33>  Symmetry  : ATOM
<Jan18-2022> <15:53:33>  Coordinates
<Jan18-2022> <15:53:33>     Atom         X           Y           Z   (Angstrom)
<Jan18-2022> <15:53:33>     1.H         0.000000    0.000000    0.000000
<Jan18-2022> <15:53:33>  >>>> CORORT
<Jan18-2022> <15:53:33>  >>>> CLSMAT
<Jan18-2022> <15:53:33>  >>>> ORTHON
<Jan18-2022> <15:53:33>  >>>> GENPT
<Jan18-2022> <15:53:33>  Block Length=  64
<Jan18-2022> <15:53:33>  >>>> PTBAS
<Jan18-2022> <15:53:33>  >>>> CYCLE
<Jan18-2022> <15:53:33>              |Error|         MaxErr       Wt(A-DIIS)
<Jan18-2022> <15:53:33>      1      0.00000000      0.00000000
<Jan18-2022> <15:53:33>      2      0.03080019      0.02591482
<Jan18-2022> <15:53:33>      3      0.01140383      0.01135775    100.0
<Jan18-2022> <15:53:33>      4      0.00327656      0.00327407      2.3
<Jan18-2022> <15:53:33>      5      0.00010041      0.00009754      0.0
<Jan18-2022> <15:53:33>      6      0.00000525      0.00000504      0.0
<Jan18-2022> <15:53:33>      7      0.00000007      0.00000007      0.0
<Jan18-2022> <15:53:33>      8      0.00000000      0.00000000      0.0
<Jan18-2022> <15:53:33>  SCF converged
<Jan18-2022> <15:53:33>      9      0.00000000      0.00000000      0.0
<Jan18-2022> <15:53:33>  >>>> POPAN
<Jan18-2022> <15:53:33>  >>>> DEBYE
<Jan18-2022> <15:53:33>  DIRAC 2021.102  RunTime: Jan18-2022 15:53:33  ShM Nodes: 1  Procs: 1
<Jan18-2022> <15:53:34>  Oxygen (TZ2P)
<Jan18-2022> <15:53:34>  Net Charge: 0 (Nuclei minus Electrons)
<Jan18-2022> <15:53:34>  Symmetry  : ATOM
<Jan18-2022> <15:53:34>  Coordinates
<Jan18-2022> <15:53:34>     Atom         X           Y           Z   (Angstrom)
<Jan18-2022> <15:53:34>     1.O         0.000000    0.000000    0.000000
<Jan18-2022> <15:53:34>  >>>> CORORT
<Jan18-2022> <15:53:34>  >>>> CLSMAT
<Jan18-2022> <15:53:34>  >>>> ORTHON
<Jan18-2022> <15:53:34>  >>>> GENPT
<Jan18-2022> <15:53:34>  Block Length=  68
<Jan18-2022> <15:53:34>  >>>> PTBAS
<Jan18-2022> <15:53:34>  >>>> CYCLE
<Jan18-2022> <15:53:34>              |Error|         MaxErr       Wt(A-DIIS)
<Jan18-2022> <15:53:34>      1      0.00000000      0.00000000
<Jan18-2022> <15:53:34>      2      8.77210307      5.53374266    100.0
<Jan18-2022> <15:53:34>      3      3.60058093      2.49154808    100.0
<Jan18-2022> <15:53:34>      4      1.20505529      0.62472425    100.0
<Jan18-2022> <15:53:34>      5      1.46502638      0.81213311    100.0
<Jan18-2022> <15:53:34>      6      0.15089362      0.09131786     91.2
<Jan18-2022> <15:53:34>      7      0.14397311      0.08251182     82.3
<Jan18-2022> <15:53:34>      8      0.00183259      0.00123681      0.2
<Jan18-2022> <15:53:34>      9      0.00015629      0.00008105      0.0
<Jan18-2022> <15:53:34>     10      0.00001324      0.00000629      0.0
<Jan18-2022> <15:53:34>     11      0.00000006      0.00000003      0.0
<Jan18-2022> <15:53:34>     12      0.00000000      0.00000000      0.0
<Jan18-2022> <15:53:34>  SCF converged
<Jan18-2022> <15:53:34>     13      0.00000000      0.00000000      0.0
<Jan18-2022> <15:53:34>  >>>> POPAN
<Jan18-2022> <15:53:34>  >>>> DEBYE
<Jan18-2022> <15:53:34>  *** GOStep1 ***
<Jan18-2022> <15:53:34>  >>>> FRAGM
<Jan18-2022> <15:53:34>  Coordinates
<Jan18-2022> <15:53:34>     Atom         X           Y           Z   (Angstrom)
<Jan18-2022> <15:53:34>     1.C         0.072379    0.458490    0.147016
<Jan18-2022> <15:53:34>     2.C         0.881364   -0.769627    0.345434
<Jan18-2022> <15:53:34>     3.H         0.320085   -1.649370    0.008484
<Jan18-2022> <15:53:34>     4.C        -1.244537    0.481405   -0.412106
<Jan18-2022> <15:53:34>     5.H         0.491509    1.421715    0.440204
<Jan18-2022> <15:53:34>     6.H         1.775520   -0.706042   -0.297393
<Jan18-2022> <15:53:34>     7.O        -1.908801    1.513970   -0.583638
<Jan18-2022> <15:53:34>     8.H        -1.667620   -0.508731   -0.700065
<Jan18-2022> <15:53:34>     9.C         1.357984   -0.971567    1.798392
<Jan18-2022> <15:53:34>    10.H         1.975789   -1.872162    1.871864
<Jan18-2022> <15:53:34>    11.H         0.508075   -1.083701    2.478485
<Jan18-2022> <15:53:34>    12.H         1.956137   -0.121560    2.141940
<Jan18-2022> <15:53:34>  >>>> CORORT
<Jan18-2022> <15:53:34>  >>>> CLSMAT
<Jan18-2022> <15:53:34>  >>>> ORTHON
<Jan18-2022> <15:53:34>  >>>> GENPT
<Jan18-2022> <15:53:35>  Block Length= 128
<Jan18-2022> <15:53:35>  >>>> PTBAS
<Jan18-2022> <15:53:36>  >>>> CYCLE
<Jan18-2022> <15:53:44>              |Error|         MaxErr       Wt(A-DIIS)
<Jan18-2022> <15:53:44>      1      5.28021837      0.50848562
<Jan18-2022> <15:53:48>      2      0.92528362      0.09181505    100.0
<Jan18-2022> <15:53:53>      3      0.48188678      0.03672157    100.0
<Jan18-2022> <15:53:57>      4      0.70290776      0.06384098    100.0
<Jan18-2022> <15:54:02>      5      0.11786959      0.01531970     14.5
<Jan18-2022> <15:54:06>      6      0.08968380      0.01290126     12.0
<Jan18-2022> <15:54:10>      7      0.01696675      0.00242936      1.4
<Jan18-2022> <15:54:15>      8      0.00569505      0.00070569      0.0
<Jan18-2022> <15:54:19>      9      0.00156254      0.00014507      0.0
<Jan18-2022> <15:54:23>     10      0.00093595      0.00007893      0.0
<Jan18-2022> <15:54:28>     11      0.00030116      0.00002492      0.0
<Jan18-2022> <15:54:32>     12      0.00010788      0.00001150      0.0
<Jan18-2022> <15:54:36>     13      0.00002539      0.00000159      0.0
<Jan18-2022> <15:54:40>     14      0.00001307      0.00000088      0.0
<Jan18-2022> <15:54:45>     15      0.00000560      0.00000045      0.0
<Jan18-2022> <15:54:46>  SCF converged
<Jan18-2022> <15:54:49>     16      0.00000256      0.00000024      0.0
<Jan18-2022> <15:54:51>  >>>> TOTEN
<Jan18-2022> <15:54:55>  >>>> POPAN
<Jan18-2022> <15:54:55>  >>>> DEBYE
<Jan18-2022> <15:54:55>  >>>> ENGRAD
<Jan18-2022> <15:55:01>  current energy                               -2.38373078 Hartree
<Jan18-2022> <15:55:01>  energy change                      -2.38373078     0.00012000    F
<Jan18-2022> <15:55:01>  constrained gradient max            0.00000722     0.00100000    T
<Jan18-2022> <15:55:01>  constrained gradient rms            0.00000170     0.00066667    T
<Jan18-2022> <15:55:01>  gradient max                        0.00000722
<Jan18-2022> <15:55:01>  gradient rms                        0.00000170
<Jan18-2022> <15:55:01>  cart. step max                      0.00001005     0.01000000    T
<Jan18-2022> <15:55:01>  cart. step rms                      0.00000478     0.00666667    T
<Jan18-2022> <15:55:01>  Geometry optimization converged
<Jan18-2022> <15:55:02>  *** adf ***
<Jan18-2022> <15:55:02>  Net Charge: 0 (Nuclei minus Electrons)
<Jan18-2022> <15:55:02>  Spin polar: 1 (Spin_A minus Spin_B electrons)
<Jan18-2022> <15:55:02>  Symmetry  : NOSYM
<Jan18-2022> <15:55:02>  >>>> FRAGM
<Jan18-2022> <15:55:02>  Coordinates
<Jan18-2022> <15:55:02>     Atom         X           Y           Z   (Angstrom)
<Jan18-2022> <15:55:02>     1.C         0.072379    0.458490    0.147016
<Jan18-2022> <15:55:02>     2.C         0.881364   -0.769627    0.345434
<Jan18-2022> <15:55:02>     3.H         0.320085   -1.649370    0.008484
<Jan18-2022> <15:55:02>     4.C        -1.244537    0.481405   -0.412106
<Jan18-2022> <15:55:02>     5.H         0.491509    1.421715    0.440204
<Jan18-2022> <15:55:02>     6.H         1.775520   -0.706042   -0.297393
<Jan18-2022> <15:55:02>     7.O        -1.908801    1.513970   -0.583638
<Jan18-2022> <15:55:02>     8.H        -1.667620   -0.508731   -0.700065
<Jan18-2022> <15:55:02>     9.C         1.357984   -0.971567    1.798392
<Jan18-2022> <15:55:02>    10.H         1.975789   -1.872162    1.871864
<Jan18-2022> <15:55:02>    11.H         0.508075   -1.083701    2.478485
<Jan18-2022> <15:55:02>    12.H         1.956137   -0.121560    2.141940
<Jan18-2022> <15:55:02>  >>>> CORORT
<Jan18-2022> <15:55:02>  >>>> CLSMAT
<Jan18-2022> <15:55:02>  >>>> ORTHON
<Jan18-2022> <15:55:02>  >>>> GENPT
<Jan18-2022> <15:55:02>  Block Length= 128
<Jan18-2022> <15:55:02>  >>>> PTBAS
<Jan18-2022> <15:55:03>  >>>> CYCLE
<Jan18-2022> <15:55:09>  using orbital data from restart file
<Jan18-2022> <15:55:11>              |Error|         MaxErr       Wt(A-DIIS)
<Jan18-2022> <15:55:11>      1      0.00000110      0.00000015
<Jan18-2022> <15:55:16>      2      0.00000268      0.00000052    100.0
<Jan18-2022> <15:55:17>  SCF converged
<Jan18-2022> <15:55:20>      3      0.00000833      0.00000165    100.0
<Jan18-2022> <15:55:24>  >>>> TOTEN
<Jan18-2022> <15:55:31>  >>>> POPAN
<Jan18-2022> <15:55:31>  >>>> DEBYE
<Jan18-2022> <15:55:31>  >>>> AMETS
<Jan18-2022> <15:55:31>   Bond Energy          -2.38373078 a.u.
<Jan18-2022> <15:55:31>   Bond Energy         -64.86461489 eV
<Jan18-2022> <15:55:31>   Bond Energy       -1495.81       kcal/mol
<Jan18-2022> <15:55:31>  >>>> POPUL
<Jan18-2022> <15:55:31>  >>>> ENGRAD
<Jan18-2022> <15:55:37>  >>>> ENHESS
<Jan18-2022> <15:55:40>  === NUCLEUS:     1
<Jan18-2022> <15:58:17>  === NUCLEUS:     2
<Jan18-2022> <16:00:41>  === NUCLEUS:     3
<Jan18-2022> <16:03:15>  === NUCLEUS:     4
<Jan18-2022> <16:05:39>  === NUCLEUS:     5
<Jan18-2022> <16:07:52>  === NUCLEUS:     6
<Jan18-2022> <16:10:11>  === NUCLEUS:     7
<Jan18-2022> <16:12:24>  === NUCLEUS:     8
<Jan18-2022> <16:14:33>  === NUCLEUS:     9
<Jan18-2022> <16:16:46>  === NUCLEUS:    10
<Jan18-2022> <16:18:52>  === NUCLEUS:    11
<Jan18-2022> <16:21:01>  === NUCLEUS:    12
<Jan18-2022> <16:23:28>  >>>> CALC_HESS_PMAT
<Jan18-2022> <16:23:43>  >>>> CALC_HESS_WMAT
<Jan18-2022> <16:23:45>  PES point character: Geometry corresponds to a local minimum on the PES.
<Jan18-2022> <16:23:45>  Geometry optimization successful!
<Jan18-2022> <16:23:45>  NORMAL TERMINATION
