<Jan22-2022> <23:24:51>  AMS 2021.102  RunTime: Jan22-2022 23:24:51  ShM Nodes: 1  Procs: 4
<Jan22-2022> <23:24:52>  ADF 2021.102  RunTime: Jan22-2022 23:24:52  ShM Nodes: 1  Procs: 4
<Jan22-2022> <23:24:52>  *** (NO TITLE) ***
<Jan22-2022> <23:24:52>  Iteration 1
<Jan22-2022> <23:24:52>  DIRAC 2021.102  RunTime: Jan22-2022 23:24:52  ShM Nodes: 1  Procs: 1
<Jan22-2022> <23:24:52>  Hydrogen (TZ2P)
<Jan22-2022> <23:24:52>  Net Charge: 0 (Nuclei minus Electrons)
<Jan22-2022> <23:24:52>  Symmetry  : ATOM
<Jan22-2022> <23:24:52>  Coordinates
<Jan22-2022> <23:24:52>     Atom         X           Y           Z   (Angstrom)
<Jan22-2022> <23:24:52>     1.H         0.000000    0.000000    0.000000
<Jan22-2022> <23:24:52>  >>>> CORORT
<Jan22-2022> <23:24:52>  >>>> CLSMAT
<Jan22-2022> <23:24:52>  >>>> ORTHON
<Jan22-2022> <23:24:52>  >>>> GENPT
<Jan22-2022> <23:24:52>  Block Length=  64
<Jan22-2022> <23:24:52>  >>>> PTBAS
<Jan22-2022> <23:24:52>  >>>> CYCLE
<Jan22-2022> <23:24:53>              |Error|         MaxErr       Wt(A-DIIS)
<Jan22-2022> <23:24:53>      1      0.00000000      0.00000000
<Jan22-2022> <23:24:53>      2      0.03080019      0.02591482
<Jan22-2022> <23:24:53>      3      0.01140383      0.01135775    100.0
<Jan22-2022> <23:24:53>      4      0.00327656      0.00327407      2.3
<Jan22-2022> <23:24:53>      5      0.00010041      0.00009754      0.0
<Jan22-2022> <23:24:53>      6      0.00000525      0.00000504      0.0
<Jan22-2022> <23:24:53>      7      0.00000007      0.00000007      0.0
<Jan22-2022> <23:24:53>      8      0.00000000      0.00000000      0.0
<Jan22-2022> <23:24:53>  SCF converged
<Jan22-2022> <23:24:53>      9      0.00000000      0.00000000      0.0
<Jan22-2022> <23:24:53>  >>>> POPAN
<Jan22-2022> <23:24:53>  >>>> DEBYE
<Jan22-2022> <23:24:53>  DIRAC 2021.102  RunTime: Jan22-2022 23:24:53  ShM Nodes: 1  Procs: 1
<Jan22-2022> <23:24:53>  Carbon (TZ2P)
<Jan22-2022> <23:24:53>  Net Charge: 0 (Nuclei minus Electrons)
<Jan22-2022> <23:24:53>  Symmetry  : ATOM
<Jan22-2022> <23:24:53>  Coordinates
<Jan22-2022> <23:24:53>     Atom         X           Y           Z   (Angstrom)
<Jan22-2022> <23:24:53>     1.C         0.000000    0.000000    0.000000
<Jan22-2022> <23:24:53>  >>>> CORORT
<Jan22-2022> <23:24:53>  >>>> CLSMAT
<Jan22-2022> <23:24:53>  >>>> ORTHON
<Jan22-2022> <23:24:53>  >>>> GENPT
<Jan22-2022> <23:24:54>  Block Length=  72
<Jan22-2022> <23:24:54>  >>>> PTBAS
<Jan22-2022> <23:24:54>  >>>> CYCLE
<Jan22-2022> <23:24:54>              |Error|         MaxErr       Wt(A-DIIS)
<Jan22-2022> <23:24:54>      1      0.00000000      0.00000000
<Jan22-2022> <23:24:54>      2      4.48405934      3.32161898    100.0
<Jan22-2022> <23:24:54>      3      1.60718414      1.28408746    100.0
<Jan22-2022> <23:24:54>      4      0.76426456      0.62272052    100.0
<Jan22-2022> <23:24:54>      5      0.36119063      0.28553990    100.0
<Jan22-2022> <23:24:54>      6      0.14821424      0.11559867    100.0
<Jan22-2022> <23:24:54>      7      0.10108424      0.07867111     78.5
<Jan22-2022> <23:24:54>      8      0.01786531      0.01387049     13.0
<Jan22-2022> <23:24:54>      9      0.00195746      0.00153262      0.5
<Jan22-2022> <23:24:54>     10      0.00001058      0.00000730      0.0
<Jan22-2022> <23:24:54>     11      0.00000047      0.00000027      0.0
<Jan22-2022> <23:24:54>     12      0.00000003      0.00000002      0.0
<Jan22-2022> <23:24:54>     13      0.00000000      0.00000000      0.0
<Jan22-2022> <23:24:54>  SCF converged
<Jan22-2022> <23:24:54>     14      0.00000000      0.00000000      0.0
<Jan22-2022> <23:24:54>  >>>> POPAN
<Jan22-2022> <23:24:54>  >>>> DEBYE
<Jan22-2022> <23:24:54>  DIRAC 2021.102  RunTime: Jan22-2022 23:24:54  ShM Nodes: 1  Procs: 1
<Jan22-2022> <23:24:55>  Oxygen (TZ2P)
<Jan22-2022> <23:24:55>  Net Charge: 0 (Nuclei minus Electrons)
<Jan22-2022> <23:24:55>  Symmetry  : ATOM
<Jan22-2022> <23:24:55>  Coordinates
<Jan22-2022> <23:24:55>     Atom         X           Y           Z   (Angstrom)
<Jan22-2022> <23:24:55>     1.O         0.000000    0.000000    0.000000
<Jan22-2022> <23:24:55>  >>>> CORORT
<Jan22-2022> <23:24:55>  >>>> CLSMAT
<Jan22-2022> <23:24:55>  >>>> ORTHON
<Jan22-2022> <23:24:55>  >>>> GENPT
<Jan22-2022> <23:24:55>  Block Length=  68
<Jan22-2022> <23:24:55>  >>>> PTBAS
<Jan22-2022> <23:24:55>  >>>> CYCLE
<Jan22-2022> <23:24:55>              |Error|         MaxErr       Wt(A-DIIS)
<Jan22-2022> <23:24:55>      1      0.00000000      0.00000000
<Jan22-2022> <23:24:55>      2      8.77210307      5.53374266    100.0
<Jan22-2022> <23:24:55>      3      3.60058093      2.49154808    100.0
<Jan22-2022> <23:24:55>      4      1.20505529      0.62472425    100.0
<Jan22-2022> <23:24:55>      5      1.46502638      0.81213311    100.0
<Jan22-2022> <23:24:55>      6      0.15089362      0.09131786     91.2
<Jan22-2022> <23:24:55>      7      0.14397311      0.08251182     82.3
<Jan22-2022> <23:24:55>      8      0.00183259      0.00123681      0.2
<Jan22-2022> <23:24:55>      9      0.00015629      0.00008105      0.0
<Jan22-2022> <23:24:55>     10      0.00001324      0.00000629      0.0
<Jan22-2022> <23:24:55>     11      0.00000006      0.00000003      0.0
<Jan22-2022> <23:24:55>     12      0.00000000      0.00000000      0.0
<Jan22-2022> <23:24:55>  SCF converged
<Jan22-2022> <23:24:56>     13      0.00000000      0.00000000      0.0
<Jan22-2022> <23:24:56>  >>>> POPAN
<Jan22-2022> <23:24:56>  >>>> DEBYE
<Jan22-2022> <23:24:56>  *** GOStep1 ***
<Jan22-2022> <23:24:56>  >>>> FRAGM
<Jan22-2022> <23:24:56>  Coordinates
<Jan22-2022> <23:24:56>     Atom         X           Y           Z   (Angstrom)
<Jan22-2022> <23:24:56>     1.H         0.090394   -1.809885   -0.515559
<Jan22-2022> <23:24:56>     2.C        -0.907818   -0.007713   -0.049435
<Jan22-2022> <23:24:56>     3.C         0.182665   -0.752196   -0.265123
<Jan22-2022> <23:24:56>     4.C         1.559289   -0.220140   -0.182914
<Jan22-2022> <23:24:56>     5.O         1.866357    0.933659    0.071805
<Jan22-2022> <23:24:56>     6.H        -0.824316    1.044913    0.202426
<Jan22-2022> <23:24:56>     7.H        -1.889827   -0.427141   -0.117553
<Jan22-2022> <23:24:56>     8.H         2.325141   -0.943334   -0.370959
<Jan22-2022> <23:24:56>  >>>> CORORT
<Jan22-2022> <23:24:56>  >>>> CLSMAT
<Jan22-2022> <23:24:56>  >>>> ORTHON
<Jan22-2022> <23:24:56>  >>>> GENPT
<Jan22-2022> <23:24:56>  Block Length= 128
<Jan22-2022> <23:24:57>  >>>> PTBAS
<Jan22-2022> <23:24:59>  >>>> CYCLE
<Jan22-2022> <23:25:11>              |Error|         MaxErr       Wt(A-DIIS)
<Jan22-2022> <23:25:11>      1      4.62859652      1.05113090
<Jan22-2022> <23:25:17>      2      0.79124441      0.18016397    100.0
<Jan22-2022> <23:25:24>      3      0.41306902      0.08109870    100.0
<Jan22-2022> <23:25:31>      4      0.59458374      0.13315319    100.0
<Jan22-2022> <23:25:37>      5      0.13571860      0.03813322     37.5
<Jan22-2022> <23:25:44>      6      0.19099455      0.05822814    100.0
<Jan22-2022> <23:25:51>      7      0.03841577      0.00794330      7.0
<Jan22-2022> <23:25:58>      8      0.01236245      0.00369515      2.7
<Jan22-2022> <23:26:04>      9      0.00251967      0.00062450      0.0
<Jan22-2022> <23:26:11>     10      0.00030593      0.00004620      0.0
<Jan22-2022> <23:26:18>     11      0.00004733      0.00000959      0.0
<Jan22-2022> <23:26:25>     12      0.00000663      0.00000112      0.0
<Jan22-2022> <23:26:33>     13      0.00000120      0.00000026      0.0
<Jan22-2022> <23:26:34>  SCF converged
<Jan22-2022> <23:26:40>     14      0.00000013      0.00000003      0.0
<Jan22-2022> <23:26:41>  >>>> TOTEN
<Jan22-2022> <23:26:51>  >>>> POPAN
<Jan22-2022> <23:26:51>  >>>> DEBYE
<Jan22-2022> <23:26:51>  >>>> ENGRAD
<Jan22-2022> <23:27:03>  current energy                               -1.68211643 Hartree
<Jan22-2022> <23:27:03>  energy change                      -1.68211643     0.00008000    F
<Jan22-2022> <23:27:03>  constrained gradient max            0.03843768     0.00100000    F
<Jan22-2022> <23:27:03>  constrained gradient rms            0.01553533     0.00066667    F
<Jan22-2022> <23:27:03>  gradient max                        0.03843768
<Jan22-2022> <23:27:03>  gradient rms                        0.01553533
<Jan22-2022> <23:27:03>  cart. step max                      0.02870889     0.01000000    F
<Jan22-2022> <23:27:03>  cart. step rms                      0.00800847     0.00666667    F
<Jan22-2022> <23:27:03>  Iteration 2
<Jan22-2022> <23:27:04>  *** GOStep2 ***
<Jan22-2022> <23:27:04>  >>>> FRAGM
<Jan22-2022> <23:27:04>  Coordinates
<Jan22-2022> <23:27:04>     Atom         X           Y           Z   (Angstrom)
<Jan22-2022> <23:27:04>     1.H         0.090067   -1.807920   -0.514995
<Jan22-2022> <23:27:04>     2.C        -0.912168   -0.005524   -0.048313
<Jan22-2022> <23:27:04>     3.C         0.181274   -0.750329   -0.265389
<Jan22-2022> <23:27:04>     4.C         1.562972   -0.218133   -0.184317
<Jan22-2022> <23:27:04>     5.O         1.856982    0.936453    0.076848
<Jan22-2022> <23:27:04>     6.H        -0.824786    1.049012    0.199294
<Jan22-2022> <23:27:04>     7.H        -1.906304   -0.427797   -0.114300
<Jan22-2022> <23:27:04>     8.H         2.353850   -0.957596   -0.376140
<Jan22-2022> <23:27:04>  >>>> CORORT
<Jan22-2022> <23:27:04>  >>>> CLSMAT
<Jan22-2022> <23:27:04>  >>>> ORTHON
<Jan22-2022> <23:27:04>  >>>> GENPT
<Jan22-2022> <23:27:04>  Block Length= 128
<Jan22-2022> <23:27:04>  >>>> PTBAS
<Jan22-2022> <23:27:07>  >>>> CYCLE
<Jan22-2022> <23:27:14>  using orbital data from restart file
<Jan22-2022> <23:27:20>              |Error|         MaxErr       Wt(A-DIIS)
<Jan22-2022> <23:27:20>      1      0.09348396      0.04000336
<Jan22-2022> <23:27:27>      2      0.01341544      0.00402565    100.0
<Jan22-2022> <23:27:35>      3      0.03807817      0.01164009    100.0
<Jan22-2022> <23:27:42>      4      0.00994045      0.00302718      2.0
<Jan22-2022> <23:27:49>      5      0.00106373      0.00020499      0.0
<Jan22-2022> <23:27:57>      6      0.00035665      0.00005045      0.0
<Jan22-2022> <23:28:04>      7      0.00017599      0.00005349      0.0
<Jan22-2022> <23:28:12>      8      0.00003259      0.00000806      0.0
<Jan22-2022> <23:28:19>      9      0.00000853      0.00000128      0.0
<Jan22-2022> <23:28:26>     10      0.00000103      0.00000019      0.0
<Jan22-2022> <23:28:28>  SCF converged
<Jan22-2022> <23:28:34>     11      0.00000016      0.00000002      0.0
<Jan22-2022> <23:28:36>  >>>> TOTEN
<Jan22-2022> <23:28:45>  >>>> POPAN
<Jan22-2022> <23:28:45>  >>>> DEBYE
<Jan22-2022> <23:28:45>  >>>> ENGRAD
<Jan22-2022> <23:28:58>  current energy                               -1.68338775 Hartree
<Jan22-2022> <23:28:58>  energy change                      -0.00127132     0.00008000    F
<Jan22-2022> <23:28:58>  constrained gradient max            0.01765667     0.00100000    F
<Jan22-2022> <23:28:58>  constrained gradient rms            0.00580259     0.00066667    F
<Jan22-2022> <23:28:58>  gradient max                        0.01765667
<Jan22-2022> <23:28:58>  gradient rms                        0.00580259
<Jan22-2022> <23:28:58>  cart. step max                      0.01307428     0.01000000    F
<Jan22-2022> <23:28:58>  cart. step rms                      0.00503652     0.00666667    T
<Jan22-2022> <23:28:58>  Iteration 3
<Jan22-2022> <23:28:58>  *** GOStep3 ***
<Jan22-2022> <23:28:58>  >>>> FRAGM
<Jan22-2022> <23:28:59>  Coordinates
<Jan22-2022> <23:28:59>     Atom         X           Y           Z   (Angstrom)
<Jan22-2022> <23:28:59>     1.H         0.089741   -1.809022   -0.510591
<Jan22-2022> <23:28:59>     2.C        -0.912885   -0.004422   -0.051949
<Jan22-2022> <23:28:59>     3.C         0.179704   -0.751325   -0.261432
<Jan22-2022> <23:28:59>     4.C         1.562939   -0.216620   -0.171242
<Jan22-2022> <23:28:59>     5.O         1.855097    0.939717    0.072386
<Jan22-2022> <23:28:59>     6.H        -0.823077    1.048306    0.204776
<Jan22-2022> <23:28:59>     7.H        -1.912101   -0.426753   -0.121455
<Jan22-2022> <23:28:59>     8.H         2.362468   -0.961718   -0.387804
<Jan22-2022> <23:28:59>  >>>> CORORT
<Jan22-2022> <23:28:59>  >>>> CLSMAT
<Jan22-2022> <23:28:59>  >>>> ORTHON
<Jan22-2022> <23:28:59>  >>>> GENPT
<Jan22-2022> <23:28:59>  Block Length= 128
<Jan22-2022> <23:28:59>  >>>> PTBAS
<Jan22-2022> <23:29:02>  >>>> CYCLE
<Jan22-2022> <23:29:09>  using orbital data from restart file
<Jan22-2022> <23:29:15>              |Error|         MaxErr       Wt(A-DIIS)
<Jan22-2022> <23:29:15>      1      0.05733207      0.01867201
<Jan22-2022> <23:29:23>      2      0.00999526      0.00290569    100.0
<Jan22-2022> <23:29:30>      3      0.02812164      0.00868432    100.0
<Jan22-2022> <23:29:38>      4      0.00704043      0.00210779      1.1
<Jan22-2022> <23:29:45>      5      0.00081716      0.00014048      0.0
<Jan22-2022> <23:29:52>      6      0.00032768      0.00008470      0.0
<Jan22-2022> <23:29:59>      7      0.00015777      0.00004988      0.0
<Jan22-2022> <23:30:07>      8      0.00001957      0.00000314      0.0
<Jan22-2022> <23:30:14>      9      0.00000389      0.00000063      0.0
<Jan22-2022> <23:30:16>  SCF converged
<Jan22-2022> <23:30:21>     10      0.00000118      0.00000014      0.0
<Jan22-2022> <23:30:23>  >>>> TOTEN
<Jan22-2022> <23:30:33>  >>>> POPAN
<Jan22-2022> <23:30:33>  >>>> DEBYE
<Jan22-2022> <23:30:33>  >>>> ENGRAD
<Jan22-2022> <23:30:46>  current energy                               -1.68349539 Hartree
<Jan22-2022> <23:30:46>  energy change                      -0.00010764     0.00008000    F
<Jan22-2022> <23:30:46>  constrained gradient max            0.00751086     0.00100000    F
<Jan22-2022> <23:30:46>  constrained gradient rms            0.00214705     0.00066667    F
<Jan22-2022> <23:30:46>  gradient max                        0.00751086
<Jan22-2022> <23:30:46>  gradient rms                        0.00214705
<Jan22-2022> <23:30:46>  cart. step max                      0.03168707     0.01000000    F
<Jan22-2022> <23:30:46>  cart. step rms                      0.00934102     0.00666667    F
<Jan22-2022> <23:30:46>  Iteration 4
<Jan22-2022> <23:30:46>  *** GOStep4 ***
<Jan22-2022> <23:30:48>  >>>> FRAGM
<Jan22-2022> <23:30:48>  Coordinates
<Jan22-2022> <23:30:48>     Atom         X           Y           Z   (Angstrom)
<Jan22-2022> <23:30:48>     1.H         0.089727   -1.809086   -0.512481
<Jan22-2022> <23:30:48>     2.C        -0.913137   -0.005653   -0.046524
<Jan22-2022> <23:30:48>     3.C         0.177398   -0.750418   -0.267444
<Jan22-2022> <23:30:48>     4.C         1.561031   -0.203219   -0.202930
<Jan22-2022> <23:30:48>     5.O         1.854140    0.939429    0.086010
<Jan22-2022> <23:30:48>     6.H        -0.821274    1.049911    0.200125
<Jan22-2022> <23:30:48>     7.H        -1.917460   -0.429159   -0.113390
<Jan22-2022> <23:30:48>     8.H         2.371461   -0.973641   -0.370677
<Jan22-2022> <23:30:48>  >>>> CORORT
<Jan22-2022> <23:30:48>  >>>> CLSMAT
<Jan22-2022> <23:30:48>  >>>> ORTHON
<Jan22-2022> <23:30:49>  >>>> GENPT
<Jan22-2022> <23:30:49>  Block Length= 128
<Jan22-2022> <23:30:49>  >>>> PTBAS
<Jan22-2022> <23:30:52>  >>>> CYCLE
<Jan22-2022> <23:30:59>  using orbital data from restart file
<Jan22-2022> <23:31:05>              |Error|         MaxErr       Wt(A-DIIS)
<Jan22-2022> <23:31:05>      1      0.11381900      0.05060528
<Jan22-2022> <23:31:13>      2      0.01551515      0.00380323    100.0
<Jan22-2022> <23:31:21>      3      0.03310908      0.01012418    100.0
<Jan22-2022> <23:31:29>      4      0.00638129      0.00141676      0.4
<Jan22-2022> <23:31:36>      5      0.00162667      0.00035258      0.0
<Jan22-2022> <23:31:44>      6      0.00083916      0.00023899      0.0
<Jan22-2022> <23:31:52>      7      0.00028201      0.00008187      0.0
<Jan22-2022> <23:31:59>      8      0.00003890      0.00000487      0.0
<Jan22-2022> <23:32:07>      9      0.00001073      0.00000141      0.0
<Jan22-2022> <23:32:15>     10      0.00000182      0.00000022      0.0
<Jan22-2022> <23:32:16>  SCF converged
<Jan22-2022> <23:32:22>     11      0.00000038      0.00000006      0.0
<Jan22-2022> <23:32:24>  >>>> TOTEN
<Jan22-2022> <23:32:34>  >>>> POPAN
<Jan22-2022> <23:32:34>  >>>> DEBYE
<Jan22-2022> <23:32:34>  >>>> ENGRAD
<Jan22-2022> <23:32:47>  current energy                               -1.68318083 Hartree
<Jan22-2022> <23:32:47>  energy change                       0.00031456     0.00008000    F
<Jan22-2022> <23:32:47>  constrained gradient max            0.01873034     0.00100000    F
<Jan22-2022> <23:32:47>  constrained gradient rms            0.00648981     0.00066667    F
<Jan22-2022> <23:32:47>  gradient max                        0.01873034
<Jan22-2022> <23:32:47>  gradient rms                        0.00648981
<Jan22-2022> <23:32:47>  cart. step max                      0.00649291     0.01000000    T
<Jan22-2022> <23:32:47>  cart. step rms                      0.00255397     0.00666667    T
<Jan22-2022> <23:32:47>  Iteration 5
<Jan22-2022> <23:32:47>  *** GOStep5 ***
<Jan22-2022> <23:32:47>  >>>> FRAGM
<Jan22-2022> <23:32:48>  Coordinates
<Jan22-2022> <23:32:48>     Atom         X           Y           Z   (Angstrom)
<Jan22-2022> <23:32:48>     1.H         0.090613   -1.809355   -0.512450
<Jan22-2022> <23:32:48>     2.C        -0.913124   -0.005651   -0.047208
<Jan22-2022> <23:32:48>     3.C         0.178360   -0.751043   -0.266050
<Jan22-2022> <23:32:48>     4.C         1.561484   -0.207419   -0.196437
<Jan22-2022> <23:32:48>     5.O         1.855522    0.939368    0.083376
<Jan22-2022> <23:32:48>     6.H        -0.822459    1.049376    0.200361
<Jan22-2022> <23:32:48>     7.H        -1.914062   -0.427949   -0.114886
<Jan22-2022> <23:32:48>     8.H         2.365551   -0.969164   -0.374017
<Jan22-2022> <23:32:48>  >>>> CORORT
<Jan22-2022> <23:32:48>  >>>> CLSMAT
<Jan22-2022> <23:32:48>  >>>> ORTHON
<Jan22-2022> <23:32:48>  >>>> GENPT
<Jan22-2022> <23:32:48>  Block Length= 128
<Jan22-2022> <23:32:48>  >>>> PTBAS
<Jan22-2022> <23:32:51>  >>>> CYCLE
<Jan22-2022> <23:32:59>  using orbital data from restart file
<Jan22-2022> <23:33:04>              |Error|         MaxErr       Wt(A-DIIS)
<Jan22-2022> <23:33:04>      1      0.03384117      0.01154434
<Jan22-2022> <23:33:12>      2      0.00666262      0.00200884    100.0
<Jan22-2022> <23:33:20>      3      0.00237766      0.00043195    100.0
<Jan22-2022> <23:33:28>      4      0.00353176      0.00104098    100.0
<Jan22-2022> <23:33:35>      5      0.00172017      0.00045534      0.0
<Jan22-2022> <23:33:43>      6      0.00010629      0.00001170      0.0
<Jan22-2022> <23:33:51>      7      0.00003347      0.00000894      0.0
<Jan22-2022> <23:33:58>      8      0.00002053      0.00000655      0.0
<Jan22-2022> <23:34:06>      9      0.00000173      0.00000036      0.0
<Jan22-2022> <23:34:08>  SCF converged
<Jan22-2022> <23:34:13>     10      0.00000055      0.00000010      0.0
<Jan22-2022> <23:34:15>  >>>> TOTEN
<Jan22-2022> <23:34:25>  >>>> POPAN
<Jan22-2022> <23:34:25>  >>>> DEBYE
<Jan22-2022> <23:34:25>  >>>> ENGRAD
<Jan22-2022> <23:34:37>  current energy                               -1.68342401 Hartree
<Jan22-2022> <23:34:37>  energy change                      -0.00024317     0.00008000    F
<Jan22-2022> <23:34:37>  constrained gradient max            0.01065064     0.00100000    F
<Jan22-2022> <23:34:37>  constrained gradient rms            0.00339711     0.00066667    F
<Jan22-2022> <23:34:37>  gradient max                        0.01065064
<Jan22-2022> <23:34:37>  gradient rms                        0.00339711
<Jan22-2022> <23:34:37>  cart. step max                      0.01557184     0.01000000    F
<Jan22-2022> <23:34:37>  cart. step rms                      0.00463692     0.00666667    T
<Jan22-2022> <23:34:37>  Iteration 6
<Jan22-2022> <23:34:38>  *** GOStep6 ***
<Jan22-2022> <23:34:38>  >>>> FRAGM
<Jan22-2022> <23:34:39>  Coordinates
<Jan22-2022> <23:34:39>     Atom         X           Y           Z   (Angstrom)
<Jan22-2022> <23:34:39>     1.H         0.091327   -1.808815   -0.513826
<Jan22-2022> <23:34:39>     2.C        -0.912980   -0.005533   -0.047910
<Jan22-2022> <23:34:39>     3.C         0.178988   -0.751398   -0.263806
<Jan22-2022> <23:34:39>     4.C         1.562329   -0.212859   -0.180865
<Jan22-2022> <23:34:39>     5.O         1.855487    0.937874    0.083392
<Jan22-2022> <23:34:39>     6.H        -0.823214    1.050916    0.192821
<Jan22-2022> <23:34:39>     7.H        -1.911971   -0.428059   -0.112136
<Jan22-2022> <23:34:39>     8.H         2.361921   -0.963962   -0.384983
<Jan22-2022> <23:34:39>  >>>> CORORT
<Jan22-2022> <23:34:39>  >>>> CLSMAT
<Jan22-2022> <23:34:39>  >>>> ORTHON
<Jan22-2022> <23:34:40>  >>>> GENPT
<Jan22-2022> <23:34:40>  Block Length= 128
<Jan22-2022> <23:34:40>  >>>> PTBAS
<Jan22-2022> <23:34:43>  >>>> CYCLE
<Jan22-2022> <23:34:50>  using orbital data from restart file
<Jan22-2022> <23:34:56>              |Error|         MaxErr       Wt(A-DIIS)
<Jan22-2022> <23:34:56>      1      0.04023943      0.01708239
<Jan22-2022> <23:35:05>      2      0.00599156      0.00133753    100.0
<Jan22-2022> <23:35:12>      3      0.00306255      0.00073967    100.0
<Jan22-2022> <23:35:20>      4      0.00336389      0.00072017      0.0
<Jan22-2022> <23:35:28>      5      0.00039962      0.00007038      0.0
<Jan22-2022> <23:35:36>      6      0.00025440      0.00005837      0.0
<Jan22-2022> <23:35:43>      7      0.00010273      0.00003215      0.0
<Jan22-2022> <23:35:51>      8      0.00001391      0.00000263      0.0
<Jan22-2022> <23:35:58>      9      0.00000176      0.00000030      0.0
<Jan22-2022> <23:36:00>  SCF converged
<Jan22-2022> <23:36:05>     10      0.00000066      0.00000008      0.0
<Jan22-2022> <23:36:07>  >>>> TOTEN
<Jan22-2022> <23:36:17>  >>>> POPAN
<Jan22-2022> <23:36:17>  >>>> DEBYE
<Jan22-2022> <23:36:17>  >>>> ENGRAD
<Jan22-2022> <23:36:30>  current energy                               -1.68355854 Hartree
<Jan22-2022> <23:36:30>  energy change                      -0.00013454     0.00008000    F
<Jan22-2022> <23:36:30>  constrained gradient max            0.00126707     0.00100000    F
<Jan22-2022> <23:36:30>  constrained gradient rms            0.00044408     0.00066667    T
<Jan22-2022> <23:36:30>  gradient max                        0.00126707
<Jan22-2022> <23:36:30>  gradient rms                        0.00044408
<Jan22-2022> <23:36:30>  cart. step max                      0.01345051     0.01000000    F
<Jan22-2022> <23:36:30>  cart. step rms                      0.00389092     0.00666667    T
<Jan22-2022> <23:36:30>  Iteration 7
<Jan22-2022> <23:36:30>  *** GOStep7 ***
<Jan22-2022> <23:36:31>  >>>> FRAGM
<Jan22-2022> <23:36:31>  Coordinates
<Jan22-2022> <23:36:31>     Atom         X           Y           Z   (Angstrom)
<Jan22-2022> <23:36:31>     1.H         0.091544   -1.810034   -0.508602
<Jan22-2022> <23:36:31>     2.C        -0.913268   -0.004189   -0.053685
<Jan22-2022> <23:36:31>     3.C         0.178967   -0.751229   -0.264338
<Jan22-2022> <23:36:31>     4.C         1.562462   -0.212895   -0.181639
<Jan22-2022> <23:36:31>     5.O         1.855795    0.939805    0.076814
<Jan22-2022> <23:36:31>     6.H        -0.823126    1.047649    0.206272
<Jan22-2022> <23:36:31>     7.H        -1.912132   -0.426389   -0.119325
<Jan22-2022> <23:36:31>     8.H         2.361644   -0.964555   -0.382807
<Jan22-2022> <23:36:31>  >>>> CORORT
<Jan22-2022> <23:36:31>  >>>> CLSMAT
<Jan22-2022> <23:36:31>  >>>> ORTHON
<Jan22-2022> <23:36:31>  >>>> GENPT
<Jan22-2022> <23:36:31>  Block Length= 128
<Jan22-2022> <23:36:31>  >>>> PTBAS
<Jan22-2022> <23:36:34>  >>>> CYCLE
<Jan22-2022> <23:36:42>  using orbital data from restart file
<Jan22-2022> <23:36:47>              |Error|         MaxErr       Wt(A-DIIS)
<Jan22-2022> <23:36:47>      1      0.01790525      0.00628800
<Jan22-2022> <23:36:55>      2      0.00212841      0.00042579    100.0
<Jan22-2022> <23:37:02>      3      0.00249934      0.00053966    100.0
<Jan22-2022> <23:37:10>      4      0.00169601      0.00044566      0.0
<Jan22-2022> <23:37:17>      5      0.00022317      0.00006575      0.0
<Jan22-2022> <23:37:25>      6      0.00010621      0.00002465      0.0
<Jan22-2022> <23:37:33>      7      0.00004758      0.00001402      0.0
<Jan22-2022> <23:37:40>      8      0.00000634      0.00000102      0.0
<Jan22-2022> <23:37:48>      9      0.00000128      0.00000020      0.0
<Jan22-2022> <23:37:50>  SCF converged
<Jan22-2022> <23:37:56>     10      0.00000056      0.00000007      0.0
<Jan22-2022> <23:37:58>  >>>> TOTEN
<Jan22-2022> <23:38:08>  >>>> POPAN
<Jan22-2022> <23:38:08>  >>>> DEBYE
<Jan22-2022> <23:38:08>  >>>> ENGRAD
<Jan22-2022> <23:38:21>  current energy                               -1.68355116 Hartree
<Jan22-2022> <23:38:21>  energy change                       0.00000739     0.00008000    T
<Jan22-2022> <23:38:21>  constrained gradient max            0.00218454     0.00100000    F
<Jan22-2022> <23:38:21>  constrained gradient rms            0.00062436     0.00066667    T
<Jan22-2022> <23:38:21>  gradient max                        0.00218454
<Jan22-2022> <23:38:21>  gradient rms                        0.00062436
<Jan22-2022> <23:38:21>  cart. step max                      0.00582067     0.01000000    T
<Jan22-2022> <23:38:21>  cart. step rms                      0.00176101     0.00666667    T
<Jan22-2022> <23:38:21>  Iteration 8
<Jan22-2022> <23:38:21>  *** GOStep8 ***
<Jan22-2022> <23:38:22>  >>>> FRAGM
<Jan22-2022> <23:38:22>  Coordinates
<Jan22-2022> <23:38:22>     Atom         X           Y           Z   (Angstrom)
<Jan22-2022> <23:38:22>     1.H         0.091477   -1.809670   -0.510255
<Jan22-2022> <23:38:22>     2.C        -0.913174   -0.005188   -0.049527
<Jan22-2022> <23:38:22>     3.C         0.178929   -0.751597   -0.262821
<Jan22-2022> <23:38:22>     4.C         1.562445   -0.212717   -0.181414
<Jan22-2022> <23:38:22>     5.O         1.855918    0.939241    0.079705
<Jan22-2022> <23:38:22>     6.H        -0.823326    1.049121    0.200451
<Jan22-2022> <23:38:22>     7.H        -1.912379   -0.426650   -0.118433
<Jan22-2022> <23:38:22>     8.H         2.361997   -0.964375   -0.385017
<Jan22-2022> <23:38:22>  >>>> CORORT
<Jan22-2022> <23:38:22>  >>>> CLSMAT
<Jan22-2022> <23:38:22>  >>>> ORTHON
<Jan22-2022> <23:38:22>  >>>> GENPT
<Jan22-2022> <23:38:22>  Block Length= 128
<Jan22-2022> <23:38:23>  >>>> PTBAS
<Jan22-2022> <23:38:26>  >>>> CYCLE
<Jan22-2022> <23:38:33>  using orbital data from restart file
<Jan22-2022> <23:38:39>              |Error|         MaxErr       Wt(A-DIIS)
<Jan22-2022> <23:38:39>      1      0.00894041      0.00264737
<Jan22-2022> <23:38:46>      2      0.00158447      0.00034669    100.0
<Jan22-2022> <23:38:54>      3      0.00191047      0.00043392    100.0
<Jan22-2022> <23:39:01>      4      0.00137088      0.00040763      0.0
<Jan22-2022> <23:39:09>      5      0.00008821      0.00001848      0.0
<Jan22-2022> <23:39:16>      6      0.00004288      0.00000901      0.0
<Jan22-2022> <23:39:24>      7      0.00002352      0.00000712      0.0
<Jan22-2022> <23:39:31>      8      0.00000476      0.00000106      0.0
<Jan22-2022> <23:39:39>      9      0.00000051      0.00000012      0.0
<Jan22-2022> <23:39:41>  SCF converged
<Jan22-2022> <23:39:47>     10      0.00000012      0.00000002      0.0
<Jan22-2022> <23:39:49>  >>>> TOTEN
<Jan22-2022> <23:39:59>  >>>> POPAN
<Jan22-2022> <23:39:59>  >>>> DEBYE
<Jan22-2022> <23:39:59>  >>>> ENGRAD
<Jan22-2022> <23:40:11>  current energy                               -1.68356191 Hartree
<Jan22-2022> <23:40:11>  energy change                      -0.00001075     0.00008000    T
<Jan22-2022> <23:40:11>  constrained gradient max            0.00029407     0.00100000    T
<Jan22-2022> <23:40:11>  constrained gradient rms            0.00010948     0.00066667    T
<Jan22-2022> <23:40:12>  gradient max                        0.00029407
<Jan22-2022> <23:40:12>  gradient rms                        0.00010948
<Jan22-2022> <23:40:12>  cart. step max                      0.00598538     0.01000000    T
<Jan22-2022> <23:40:12>  cart. step rms                      0.00186829     0.00666667    T
<Jan22-2022> <23:40:12>  Geometry optimization converged
<Jan22-2022> <23:40:12>  *** adf ***
<Jan22-2022> <23:40:13>  Net Charge: 0 (Nuclei minus Electrons)
<Jan22-2022> <23:40:13>  Symmetry  : NOSYM
<Jan22-2022> <23:40:13>  >>>> FRAGM
<Jan22-2022> <23:40:13>  Coordinates
<Jan22-2022> <23:40:13>     Atom         X           Y           Z   (Angstrom)
<Jan22-2022> <23:40:13>     1.H         0.091477   -1.809670   -0.510255
<Jan22-2022> <23:40:13>     2.C        -0.913174   -0.005188   -0.049527
<Jan22-2022> <23:40:13>     3.C         0.178929   -0.751597   -0.262821
<Jan22-2022> <23:40:13>     4.C         1.562445   -0.212717   -0.181414
<Jan22-2022> <23:40:13>     5.O         1.855918    0.939241    0.079705
<Jan22-2022> <23:40:13>     6.H        -0.823326    1.049121    0.200451
<Jan22-2022> <23:40:13>     7.H        -1.912379   -0.426650   -0.118433
<Jan22-2022> <23:40:13>     8.H         2.361997   -0.964375   -0.385017
<Jan22-2022> <23:40:13>  >>>> CORORT
<Jan22-2022> <23:40:13>  >>>> CLSMAT
<Jan22-2022> <23:40:13>  >>>> ORTHON
<Jan22-2022> <23:40:13>  >>>> GENPT
<Jan22-2022> <23:40:13>  Block Length= 128
<Jan22-2022> <23:40:13>  >>>> PTBAS
<Jan22-2022> <23:40:16>  >>>> CYCLE
<Jan22-2022> <23:40:24>  using orbital data from restart file
<Jan22-2022> <23:40:29>              |Error|         MaxErr       Wt(A-DIIS)
<Jan22-2022> <23:40:29>      1      0.00000004      0.00000001
<Jan22-2022> <23:40:37>      2      0.00000006      0.00000002    100.0
<Jan22-2022> <23:40:38>  SCF converged
<Jan22-2022> <23:40:44>      3      0.00000003      0.00000001    100.0
<Jan22-2022> <23:40:51>  >>>> TOTEN
<Jan22-2022> <23:41:08>  >>>> POPAN
<Jan22-2022> <23:41:08>  >>>> DEBYE
<Jan22-2022> <23:41:08>  >>>> AMETS
<Jan22-2022> <23:41:09>   Bond Energy          -1.68356191 a.u.
<Jan22-2022> <23:41:09>   Bond Energy         -45.81205041 eV
<Jan22-2022> <23:41:09>   Bond Energy       -1056.45       kcal/mol
<Jan22-2022> <23:41:09>  >>>> POPUL
<Jan22-2022> <23:41:09>  >>>> ENGRAD
<Jan22-2022> <23:41:21>  >>>> ENHESS
<Jan22-2022> <23:41:25>  === NUCLEUS:     1
<Jan22-2022> <23:44:44>  === NUCLEUS:     2
<Jan22-2022> <23:47:44>  === NUCLEUS:     3
<Jan22-2022> <23:50:52>  === NUCLEUS:     4
<Jan22-2022> <23:53:59>  === NUCLEUS:     5
<Jan22-2022> <23:57:21>  === NUCLEUS:     6
<Jan23-2022> <00:00:35>  === NUCLEUS:     7
<Jan23-2022> <00:03:49>  === NUCLEUS:     8
<Jan23-2022> <00:07:02>  >>>> CALC_HESS_PMAT
<Jan23-2022> <00:07:29>  >>>> CALC_HESS_WMAT
<Jan23-2022> <00:07:34>  PES point character: Geometry corresponds to a local minimum on the PES.
<Jan23-2022> <00:07:34>  Geometry optimization successful!
<Jan23-2022> <00:07:34>  WARNING: total elapsed time is much higher than the (CPU+system) time.
<Jan23-2022> <00:07:34>  Make sure the machine is not oversubscribed and has enough memory, SCM_TMPDIR points to a fast file system, and the network is fast enough.
<Jan23-2022> <00:07:34>  NORMAL TERMINATION
