<Jan20-2022> <02:55:17>  AMS 2021.102  RunTime: Jan20-2022 02:55:17  ShM Nodes: 1  Procs: 1
<Jan20-2022> <02:55:17>  ADF 2021.102  RunTime: Jan20-2022 02:55:17  ShM Nodes: 1  Procs: 1
<Jan20-2022> <02:55:17>  *** (NO TITLE) ***
<Jan20-2022> <02:55:17>  Iteration 1
<Jan20-2022> <02:55:17>  DIRAC 2021.102  RunTime: Jan20-2022 02:55:17  ShM Nodes: 1  Procs: 1
<Jan20-2022> <02:55:17>  Carbon (TZ2P)
<Jan20-2022> <02:55:17>  Net Charge: 0 (Nuclei minus Electrons)
<Jan20-2022> <02:55:17>  Symmetry  : ATOM
<Jan20-2022> <02:55:17>  Coordinates
<Jan20-2022> <02:55:17>     Atom         X           Y           Z   (Angstrom)
<Jan20-2022> <02:55:17>     1.C         0.000000    0.000000    0.000000
<Jan20-2022> <02:55:17>  >>>> CORORT
<Jan20-2022> <02:55:17>  >>>> CLSMAT
<Jan20-2022> <02:55:17>  >>>> ORTHON
<Jan20-2022> <02:55:17>  >>>> GENPT
<Jan20-2022> <02:55:17>  Block Length=  72
<Jan20-2022> <02:55:17>  >>>> PTBAS
<Jan20-2022> <02:55:17>  >>>> CYCLE
<Jan20-2022> <02:55:18>              |Error|         MaxErr       Wt(A-DIIS)
<Jan20-2022> <02:55:18>      1      0.00000000      0.00000000
<Jan20-2022> <02:55:18>      2      4.48405934      3.32161898    100.0
<Jan20-2022> <02:55:18>      3      1.60718414      1.28408746    100.0
<Jan20-2022> <02:55:18>      4      0.76426456      0.62272052    100.0
<Jan20-2022> <02:55:18>      5      0.36119063      0.28553990    100.0
<Jan20-2022> <02:55:18>      6      0.14821424      0.11559867    100.0
<Jan20-2022> <02:55:18>      7      0.10108424      0.07867111     78.5
<Jan20-2022> <02:55:18>      8      0.01786531      0.01387049     13.0
<Jan20-2022> <02:55:18>      9      0.00195746      0.00153262      0.5
<Jan20-2022> <02:55:18>     10      0.00001058      0.00000730      0.0
<Jan20-2022> <02:55:18>     11      0.00000047      0.00000027      0.0
<Jan20-2022> <02:55:18>     12      0.00000003      0.00000002      0.0
<Jan20-2022> <02:55:18>     13      0.00000000      0.00000000      0.0
<Jan20-2022> <02:55:18>  SCF converged
<Jan20-2022> <02:55:18>     14      0.00000000      0.00000000      0.0
<Jan20-2022> <02:55:18>  >>>> POPAN
<Jan20-2022> <02:55:18>  >>>> DEBYE
<Jan20-2022> <02:55:18>  DIRAC 2021.102  RunTime: Jan20-2022 02:55:18  ShM Nodes: 1  Procs: 1
<Jan20-2022> <02:55:18>  Hydrogen (TZ2P)
<Jan20-2022> <02:55:18>  Net Charge: 0 (Nuclei minus Electrons)
<Jan20-2022> <02:55:18>  Symmetry  : ATOM
<Jan20-2022> <02:55:18>  Coordinates
<Jan20-2022> <02:55:18>     Atom         X           Y           Z   (Angstrom)
<Jan20-2022> <02:55:18>     1.H         0.000000    0.000000    0.000000
<Jan20-2022> <02:55:18>  >>>> CORORT
<Jan20-2022> <02:55:18>  >>>> CLSMAT
<Jan20-2022> <02:55:18>  >>>> ORTHON
<Jan20-2022> <02:55:18>  >>>> GENPT
<Jan20-2022> <02:55:18>  Block Length=  64
<Jan20-2022> <02:55:18>  >>>> PTBAS
<Jan20-2022> <02:55:18>  >>>> CYCLE
<Jan20-2022> <02:55:18>              |Error|         MaxErr       Wt(A-DIIS)
<Jan20-2022> <02:55:18>      1      0.00000000      0.00000000
<Jan20-2022> <02:55:18>      2      0.03080019      0.02591482
<Jan20-2022> <02:55:18>      3      0.01140383      0.01135775    100.0
<Jan20-2022> <02:55:18>      4      0.00327656      0.00327407      2.3
<Jan20-2022> <02:55:18>      5      0.00010041      0.00009754      0.0
<Jan20-2022> <02:55:18>      6      0.00000525      0.00000504      0.0
<Jan20-2022> <02:55:18>      7      0.00000007      0.00000007      0.0
<Jan20-2022> <02:55:18>      8      0.00000000      0.00000000      0.0
<Jan20-2022> <02:55:18>  SCF converged
<Jan20-2022> <02:55:18>      9      0.00000000      0.00000000      0.0
<Jan20-2022> <02:55:18>  >>>> POPAN
<Jan20-2022> <02:55:18>  >>>> DEBYE
<Jan20-2022> <02:55:19>  DIRAC 2021.102  RunTime: Jan20-2022 02:55:19  ShM Nodes: 1  Procs: 1
<Jan20-2022> <02:55:19>  Oxygen (TZ2P)
<Jan20-2022> <02:55:19>  Net Charge: 0 (Nuclei minus Electrons)
<Jan20-2022> <02:55:19>  Symmetry  : ATOM
<Jan20-2022> <02:55:19>  Coordinates
<Jan20-2022> <02:55:19>     Atom         X           Y           Z   (Angstrom)
<Jan20-2022> <02:55:19>     1.O         0.000000    0.000000    0.000000
<Jan20-2022> <02:55:19>  >>>> CORORT
<Jan20-2022> <02:55:19>  >>>> CLSMAT
<Jan20-2022> <02:55:19>  >>>> ORTHON
<Jan20-2022> <02:55:19>  >>>> GENPT
<Jan20-2022> <02:55:19>  Block Length=  68
<Jan20-2022> <02:55:19>  >>>> PTBAS
<Jan20-2022> <02:55:19>  >>>> CYCLE
<Jan20-2022> <02:55:19>              |Error|         MaxErr       Wt(A-DIIS)
<Jan20-2022> <02:55:19>      1      0.00000000      0.00000000
<Jan20-2022> <02:55:19>      2      8.77210307      5.53374266    100.0
<Jan20-2022> <02:55:19>      3      3.60058093      2.49154808    100.0
<Jan20-2022> <02:55:19>      4      1.20505529      0.62472425    100.0
<Jan20-2022> <02:55:19>      5      1.46502638      0.81213311    100.0
<Jan20-2022> <02:55:19>      6      0.15089362      0.09131786     91.2
<Jan20-2022> <02:55:19>      7      0.14397311      0.08251182     82.3
<Jan20-2022> <02:55:19>      8      0.00183259      0.00123681      0.2
<Jan20-2022> <02:55:19>      9      0.00015629      0.00008105      0.0
<Jan20-2022> <02:55:19>     10      0.00001324      0.00000629      0.0
<Jan20-2022> <02:55:19>     11      0.00000006      0.00000003      0.0
<Jan20-2022> <02:55:19>     12      0.00000000      0.00000000      0.0
<Jan20-2022> <02:55:19>  SCF converged
<Jan20-2022> <02:55:19>     13      0.00000000      0.00000000      0.0
<Jan20-2022> <02:55:19>  >>>> POPAN
<Jan20-2022> <02:55:19>  >>>> DEBYE
<Jan20-2022> <02:55:19>  DIRAC 2021.102  RunTime: Jan20-2022 02:55:19  ShM Nodes: 1  Procs: 1
<Jan20-2022> <02:55:20>  Fluorine (TZ2P)
<Jan20-2022> <02:55:20>  Net Charge: 0 (Nuclei minus Electrons)
<Jan20-2022> <02:55:20>  Symmetry  : ATOM
<Jan20-2022> <02:55:20>  Coordinates
<Jan20-2022> <02:55:20>     Atom         X           Y           Z   (Angstrom)
<Jan20-2022> <02:55:20>     1.F         0.000000    0.000000    0.000000
<Jan20-2022> <02:55:20>  >>>> CORORT
<Jan20-2022> <02:55:20>  >>>> CLSMAT
<Jan20-2022> <02:55:20>  >>>> ORTHON
<Jan20-2022> <02:55:20>  >>>> GENPT
<Jan20-2022> <02:55:20>  Block Length=  76
<Jan20-2022> <02:55:20>  >>>> PTBAS
<Jan20-2022> <02:55:20>  >>>> CYCLE
<Jan20-2022> <02:55:20>              |Error|         MaxErr       Wt(A-DIIS)
<Jan20-2022> <02:55:20>      1      0.00000000      0.00000000
<Jan20-2022> <02:55:20>      2     11.39970762      4.85721148    100.0
<Jan20-2022> <02:55:20>      3      5.17310012      3.16632108    100.0
<Jan20-2022> <02:55:20>      4      1.04882283      0.49392043    100.0
<Jan20-2022> <02:55:20>      5      1.72142161      0.84736739    100.0
<Jan20-2022> <02:55:20>      6      0.21842580      0.10780687    100.0
<Jan20-2022> <02:55:20>      7      0.28524155      0.13554881    100.0
<Jan20-2022> <02:55:20>      8      0.02856437      0.01389479     13.0
<Jan20-2022> <02:55:20>      9      0.00489297      0.00234741      1.4
<Jan20-2022> <02:55:20>     10      0.00009261      0.00004462      0.0
<Jan20-2022> <02:55:20>     11      0.00000010      0.00000005      0.0
<Jan20-2022> <02:55:20>     12      0.00000000      0.00000000      0.0
<Jan20-2022> <02:55:20>  SCF converged
<Jan20-2022> <02:55:20>     13      0.00000000      0.00000000      0.0
<Jan20-2022> <02:55:20>  >>>> POPAN
<Jan20-2022> <02:55:20>  >>>> DEBYE
<Jan20-2022> <02:55:20>  *** GOStep1 ***
<Jan20-2022> <02:55:20>  >>>> FRAGM
<Jan20-2022> <02:55:20>  Coordinates
<Jan20-2022> <02:55:20>     Atom         X           Y           Z   (Angstrom)
<Jan20-2022> <02:55:20>     1.C         0.072379    0.458490    0.147016
<Jan20-2022> <02:55:20>     2.C         0.881364   -0.769627    0.345434
<Jan20-2022> <02:55:20>     3.H         0.320085   -1.649370    0.008484
<Jan20-2022> <02:55:20>     4.C        -1.244537    0.481405   -0.412106
<Jan20-2022> <02:55:20>     5.H         0.491509    1.421715    0.440204
<Jan20-2022> <02:55:20>     6.O        -1.908801    1.513970   -0.583638
<Jan20-2022> <02:55:20>     7.C         1.357984   -0.971567    1.798392
<Jan20-2022> <02:55:20>     8.H         1.975789   -1.872162    1.871864
<Jan20-2022> <02:55:20>     9.H         0.508075   -1.083701    2.478485
<Jan20-2022> <02:55:20>    10.H         1.956137   -0.121560    2.141940
<Jan20-2022> <02:55:20>    11.F         2.024310   -0.688350   -0.476253
<Jan20-2022> <02:55:20>    12.H        -1.650698   -0.469128   -0.688547
<Jan20-2022> <02:55:20>  >>>> CORORT
<Jan20-2022> <02:55:20>  >>>> CLSMAT
<Jan20-2022> <02:55:20>  >>>> ORTHON
<Jan20-2022> <02:55:20>  >>>> GENPT
<Jan20-2022> <02:55:21>  Block Length= 128
<Jan20-2022> <02:55:22>  >>>> PTBAS
<Jan20-2022> <02:55:42>  >>>> CYCLE
<Jan20-2022> <02:56:55>              |Error|         MaxErr       Wt(A-DIIS)
<Jan20-2022> <02:56:55>      1      5.49152457      0.50877000
<Jan20-2022> <02:57:58>      2      0.87403782      0.08891431    100.0
<Jan20-2022> <02:59:01>      3      0.45620610      0.03409912    100.0
<Jan20-2022> <03:00:06>      4      0.60789650      0.05569866    100.0
<Jan20-2022> <03:01:10>      5      0.12463826      0.01839703     17.6
<Jan20-2022> <03:02:14>      6      0.10601452      0.01500562     14.1
<Jan20-2022> <03:03:18>      7      0.01274378      0.00143792      0.4
<Jan20-2022> <03:04:21>      8      0.00459868      0.00032953      0.0
<Jan20-2022> <03:05:25>      9      0.00181804      0.00020629      0.0
<Jan20-2022> <03:06:29>     10      0.00134067      0.00015161      0.0
<Jan20-2022> <03:07:32>     11      0.00029432      0.00003790      0.0
<Jan20-2022> <03:08:36>     12      0.00016401      0.00001759      0.0
<Jan20-2022> <03:09:40>     13      0.00003919      0.00000473      0.0
<Jan20-2022> <03:10:42>     14      0.00001507      0.00000133      0.0
<Jan20-2022> <03:11:46>     15      0.00000935      0.00000075      0.0
<Jan20-2022> <03:12:04>  SCF converged
<Jan20-2022> <03:12:50>     16      0.00000379      0.00000026      0.0
<Jan20-2022> <03:13:07>  >>>> TOTEN
<Jan20-2022> <03:14:02>  >>>> POPAN
<Jan20-2022> <03:14:02>  >>>> DEBYE
<Jan20-2022> <03:14:02>  >>>> ENGRAD
<Jan20-2022> <03:14:55>  current energy                               -2.38682396 Hartree
<Jan20-2022> <03:14:55>  energy change                      -2.38682396     0.00012000    F
<Jan20-2022> <03:14:55>  constrained gradient max            0.04489841     0.00100000    F
<Jan20-2022> <03:14:55>  constrained gradient rms            0.01216256     0.00066667    F
<Jan20-2022> <03:14:55>  gradient max                        0.04489841
<Jan20-2022> <03:14:55>  gradient rms                        0.01216256
<Jan20-2022> <03:14:55>  cart. step max                      0.03210764     0.01000000    F
<Jan20-2022> <03:14:55>  cart. step rms                      0.01303997     0.00666667    F
<Jan20-2022> <03:14:55>  Iteration 2
<Jan20-2022> <03:14:55>  *** GOStep2 ***
<Jan20-2022> <03:14:55>  >>>> FRAGM
<Jan20-2022> <03:14:55>  Coordinates
<Jan20-2022> <03:14:55>     Atom         X           Y           Z   (Angstrom)
<Jan20-2022> <03:14:55>     1.C         0.082367    0.465179    0.151815
<Jan20-2022> <03:14:55>     2.C         0.888678   -0.768176    0.348440
<Jan20-2022> <03:14:55>     3.H         0.330247   -1.650082    0.008635
<Jan20-2022> <03:14:55>     4.C        -1.241708    0.476789   -0.395008
<Jan20-2022> <03:14:55>     5.H         0.522620    1.428427    0.410188
<Jan20-2022> <03:14:55>     6.O        -1.904570    1.512353   -0.551530
<Jan20-2022> <03:14:55>     7.C         1.346845   -0.968897    1.797442
<Jan20-2022> <03:14:55>     8.H         1.962133   -1.871183    1.866288
<Jan20-2022> <03:14:55>     9.H         0.485223   -1.084587    2.462660
<Jan20-2022> <03:14:55>    10.H         1.937396   -0.113334    2.138867
<Jan20-2022> <03:14:55>    11.F         2.033515   -0.680408   -0.478704
<Jan20-2022> <03:14:55>    12.H        -1.659151   -0.495967   -0.687818
<Jan20-2022> <03:14:55>  >>>> CORORT
<Jan20-2022> <03:14:55>  >>>> CLSMAT
<Jan20-2022> <03:14:55>  >>>> ORTHON
<Jan20-2022> <03:14:55>  >>>> GENPT
<Jan20-2022> <03:14:56>  Block Length= 128
<Jan20-2022> <03:14:57>  >>>> PTBAS
<Jan20-2022> <03:15:15>  >>>> CYCLE
<Jan20-2022> <03:15:29>  using orbital data from restart file
<Jan20-2022> <03:15:56>              |Error|         MaxErr       Wt(A-DIIS)
<Jan20-2022> <03:15:56>      1      0.09545323      0.01907990
<Jan20-2022> <03:16:31>      2      0.01405995      0.00091622    100.0
<Jan20-2022> <03:17:06>      3      0.02010885      0.00185153    100.0
<Jan20-2022> <03:17:42>      4      0.00388283      0.00047165      0.0
<Jan20-2022> <03:18:17>      5      0.00349712      0.00049431      0.0
<Jan20-2022> <03:18:52>      6      0.00071862      0.00006235      0.0
<Jan20-2022> <03:19:27>      7      0.00029019      0.00002296      0.0
<Jan20-2022> <03:20:03>      8      0.00008371      0.00000746      0.0
<Jan20-2022> <03:21:02>      9      0.00003901      0.00000409      0.0
<Jan20-2022> <03:22:04>     10      0.00001269      0.00000162      0.0
<Jan20-2022> <03:22:42>     11      0.00000470      0.00000046      0.0
<Jan20-2022> <03:22:51>  SCF converged
<Jan20-2022> <03:23:23>     12      0.00000185      0.00000026      0.0
<Jan20-2022> <03:23:40>  >>>> TOTEN
<Jan20-2022> <03:24:46>  >>>> POPAN
<Jan20-2022> <03:24:46>  >>>> DEBYE
<Jan20-2022> <03:24:46>  >>>> ENGRAD
<Jan20-2022> <03:26:17>  current energy                               -2.38818778 Hartree
<Jan20-2022> <03:26:17>  energy change                      -0.00136383     0.00012000    F
<Jan20-2022> <03:26:17>  constrained gradient max            0.01657108     0.00100000    F
<Jan20-2022> <03:26:17>  constrained gradient rms            0.00473112     0.00066667    F
<Jan20-2022> <03:26:17>  gradient max                        0.01657108
<Jan20-2022> <03:26:17>  gradient rms                        0.00473112
<Jan20-2022> <03:26:17>  cart. step max                      0.04631815     0.01000000    F
<Jan20-2022> <03:26:17>  cart. step rms                      0.01708837     0.00666667    F
<Jan20-2022> <03:26:17>  Iteration 3
<Jan20-2022> <03:26:17>  *** GOStep3 ***
<Jan20-2022> <03:26:17>  >>>> FRAGM
<Jan20-2022> <03:26:17>  Coordinates
<Jan20-2022> <03:26:17>     Atom         X           Y           Z   (Angstrom)
<Jan20-2022> <03:26:17>     1.C         0.096685    0.471157    0.133101
<Jan20-2022> <03:26:17>     2.C         0.899127   -0.765182    0.345380
<Jan20-2022> <03:26:17>     3.H         0.349030   -1.647344   -0.008313
<Jan20-2022> <03:26:17>     4.C        -1.237369    0.478715   -0.390728
<Jan20-2022> <03:26:17>     5.H         0.549252    1.432715    0.372140
<Jan20-2022> <03:26:17>     6.O        -1.912861    1.507939   -0.520442
<Jan20-2022> <03:26:17>     7.C         1.334442   -0.968277    1.793991
<Jan20-2022> <03:26:17>     8.H         1.948596   -1.870799    1.867637
<Jan20-2022> <03:26:17>     9.H         0.458406   -1.089613    2.438902
<Jan20-2022> <03:26:17>    10.H         1.914855   -0.110718    2.146149
<Jan20-2022> <03:26:17>    11.F         2.059956   -0.675476   -0.465042
<Jan20-2022> <03:26:17>    12.H        -1.676524   -0.513003   -0.641500
<Jan20-2022> <03:26:17>  >>>> CORORT
<Jan20-2022> <03:26:17>  >>>> CLSMAT
<Jan20-2022> <03:26:17>  >>>> ORTHON
<Jan20-2022> <03:26:17>  >>>> GENPT
<Jan20-2022> <03:26:18>  Block Length= 128
<Jan20-2022> <03:26:19>  >>>> PTBAS
<Jan20-2022> <03:26:37>  >>>> CYCLE
<Jan20-2022> <03:27:02>  using orbital data from restart file
<Jan20-2022> <03:27:45>              |Error|         MaxErr       Wt(A-DIIS)
<Jan20-2022> <03:27:45>      1      0.09322563      0.01942335
<Jan20-2022> <03:28:47>      2      0.01550916      0.00112722    100.0
<Jan20-2022> <03:29:49>      3      0.02252116      0.00257976    100.0
<Jan20-2022> <03:30:50>      4      0.00803194      0.00107665      0.1
<Jan20-2022> <03:31:43>      5      0.00359786      0.00044105      0.0
<Jan20-2022> <03:32:19>      6      0.00124073      0.00011108      0.0
<Jan20-2022> <03:32:55>      7      0.00054518      0.00006968      0.0
<Jan20-2022> <03:33:31>      8      0.00022963      0.00002672      0.0
<Jan20-2022> <03:34:07>      9      0.00006905      0.00000642      0.0
<Jan20-2022> <03:34:43>     10      0.00003261      0.00000193      0.0
<Jan20-2022> <03:35:28>     11      0.00000815      0.00000047      0.0
<Jan20-2022> <03:35:45>  SCF converged
<Jan20-2022> <03:36:28>     12      0.00000317      0.00000017      0.0
<Jan20-2022> <03:36:45>  >>>> TOTEN
<Jan20-2022> <03:37:49>  >>>> POPAN
<Jan20-2022> <03:37:49>  >>>> DEBYE
<Jan20-2022> <03:37:49>  >>>> ENGRAD
<Jan20-2022> <03:39:18>  current energy                               -2.38836715 Hartree
<Jan20-2022> <03:39:18>  energy change                      -0.00017937     0.00012000    F
<Jan20-2022> <03:39:18>  constrained gradient max            0.00841117     0.00100000    F
<Jan20-2022> <03:39:18>  constrained gradient rms            0.00197084     0.00066667    F
<Jan20-2022> <03:39:18>  gradient max                        0.00841117
<Jan20-2022> <03:39:18>  gradient rms                        0.00197084
<Jan20-2022> <03:39:18>  cart. step max                      0.04719297     0.01000000    F
<Jan20-2022> <03:39:18>  cart. step rms                      0.01374900     0.00666667    F
<Jan20-2022> <03:39:18>  Iteration 4
<Jan20-2022> <03:39:19>  *** GOStep4 ***
<Jan20-2022> <03:39:19>  >>>> FRAGM
<Jan20-2022> <03:39:19>  Coordinates
<Jan20-2022> <03:39:19>     Atom         X           Y           Z   (Angstrom)
<Jan20-2022> <03:39:19>     1.C         0.103049    0.475745    0.124727
<Jan20-2022> <03:39:19>     2.C         0.903968   -0.762849    0.348449
<Jan20-2022> <03:39:19>     3.H         0.360995   -1.644763   -0.017576
<Jan20-2022> <03:39:19>     4.C        -1.251977    0.479167   -0.343535
<Jan20-2022> <03:39:19>     5.H         0.574083    1.435067    0.330416
<Jan20-2022> <03:39:19>     6.O        -1.913435    1.508318   -0.519160
<Jan20-2022> <03:39:19>     7.C         1.328057   -0.969124    1.792097
<Jan20-2022> <03:39:19>     8.H         1.943780   -1.870363    1.865791
<Jan20-2022> <03:39:19>     9.H         0.443225   -1.099595    2.422931
<Jan20-2022> <03:39:19>    10.H         1.898404   -0.109319    2.153331
<Jan20-2022> <03:39:19>    11.F         2.074826   -0.668558   -0.454355
<Jan20-2022> <03:39:19>    12.H        -1.681378   -0.523610   -0.631842
<Jan20-2022> <03:39:19>  >>>> CORORT
<Jan20-2022> <03:39:19>  >>>> CLSMAT
<Jan20-2022> <03:39:19>  >>>> ORTHON
<Jan20-2022> <03:39:19>  >>>> GENPT
<Jan20-2022> <03:39:19>  Block Length= 128
<Jan20-2022> <03:39:21>  >>>> PTBAS
<Jan20-2022> <03:39:40>  >>>> CYCLE
<Jan20-2022> <03:40:04>  using orbital data from restart file
<Jan20-2022> <03:40:31>              |Error|         MaxErr       Wt(A-DIIS)
<Jan20-2022> <03:40:31>      1      0.12357977      0.02195960
<Jan20-2022> <03:41:07>      2      0.01701859      0.00142714    100.0
<Jan20-2022> <03:41:42>      3      0.02580181      0.00328485    100.0
<Jan20-2022> <03:42:18>      4      0.00887443      0.00119001      0.2
<Jan20-2022> <03:42:54>      5      0.00395457      0.00054793      0.0
<Jan20-2022> <03:43:29>      6      0.00141293      0.00011034      0.0
<Jan20-2022> <03:44:05>      7      0.00046838      0.00002994      0.0
<Jan20-2022> <03:44:41>      8      0.00025558      0.00003187      0.0
<Jan20-2022> <03:45:16>      9      0.00010415      0.00001630      0.0
<Jan20-2022> <03:45:52>     10      0.00004225      0.00000467      0.0
<Jan20-2022> <03:46:28>     11      0.00001236      0.00000069      0.0
<Jan20-2022> <03:47:04>     12      0.00000422      0.00000027      0.0
<Jan20-2022> <03:47:20>  SCF converged
<Jan20-2022> <03:48:04>     13      0.00000129      0.00000009      0.0
<Jan20-2022> <03:48:20>  >>>> TOTEN
<Jan20-2022> <03:49:09>  >>>> POPAN
<Jan20-2022> <03:49:09>  >>>> DEBYE
<Jan20-2022> <03:49:09>  >>>> ENGRAD
<Jan20-2022> <03:50:01>  current energy                               -2.38813707 Hartree
<Jan20-2022> <03:50:01>  energy change                       0.00023008     0.00012000    F
<Jan20-2022> <03:50:01>  constrained gradient max            0.01669181     0.00100000    F
<Jan20-2022> <03:50:01>  constrained gradient rms            0.00478325     0.00066667    F
<Jan20-2022> <03:50:01>  gradient max                        0.01669181
<Jan20-2022> <03:50:01>  gradient rms                        0.00478325
<Jan20-2022> <03:50:01>  cart. step max                      0.01239003     0.01000000    F
<Jan20-2022> <03:50:01>  cart. step rms                      0.00403207     0.00666667    T
<Jan20-2022> <03:50:01>  Iteration 5
<Jan20-2022> <03:50:02>  *** GOStep5 ***
<Jan20-2022> <03:50:02>  >>>> FRAGM
<Jan20-2022> <03:50:02>  Coordinates
<Jan20-2022> <03:50:02>     Atom         X           Y           Z   (Angstrom)
<Jan20-2022> <03:50:02>     1.C         0.105510    0.473911    0.119980
<Jan20-2022> <03:50:02>     2.C         0.905764   -0.763026    0.342801
<Jan20-2022> <03:50:02>     3.H         0.362804   -1.644272   -0.024017
<Jan20-2022> <03:50:02>     4.C        -1.247377    0.477460   -0.352829
<Jan20-2022> <03:50:02>     5.H         0.573574    1.435103    0.327199
<Jan20-2022> <03:50:02>     6.O        -1.916489    1.505840   -0.509983
<Jan20-2022> <03:50:02>     7.C         1.324949   -0.968871    1.792372
<Jan20-2022> <03:50:02>     8.H         1.941601   -1.869190    1.870146
<Jan20-2022> <03:50:02>     9.H         0.440768   -1.098972    2.424512
<Jan20-2022> <03:50:02>    10.H         1.894991   -0.109936    2.156928
<Jan20-2022> <03:50:02>    11.F         2.077036   -0.668537   -0.456381
<Jan20-2022> <03:50:02>    12.H        -1.679534   -0.519397   -0.619452
<Jan20-2022> <03:50:02>  >>>> CORORT
<Jan20-2022> <03:50:02>  >>>> CLSMAT
<Jan20-2022> <03:50:02>  >>>> ORTHON
<Jan20-2022> <03:50:02>  >>>> GENPT
<Jan20-2022> <03:50:02>  Block Length= 128
<Jan20-2022> <03:50:03>  >>>> PTBAS
<Jan20-2022> <03:50:22>  >>>> CYCLE
<Jan20-2022> <03:50:47>  using orbital data from restart file
<Jan20-2022> <03:51:31>              |Error|         MaxErr       Wt(A-DIIS)
<Jan20-2022> <03:51:31>      1      0.04974048      0.01044063
<Jan20-2022> <03:52:10>      2      0.00739093      0.00082889    100.0
<Jan20-2022> <03:52:45>      3      0.00403463      0.00031730    100.0
<Jan20-2022> <03:53:20>      4      0.00411703      0.00041329      0.0
<Jan20-2022> <03:53:56>      5      0.00131126      0.00012883      0.0
<Jan20-2022> <03:54:31>      6      0.00044870      0.00003283      0.0
<Jan20-2022> <03:55:06>      7      0.00022423      0.00002871      0.0
<Jan20-2022> <03:55:41>      8      0.00010885      0.00001457      0.0
<Jan20-2022> <03:56:16>      9      0.00002774      0.00000294      0.0
<Jan20-2022> <03:56:51>     10      0.00001238      0.00000082      0.0
<Jan20-2022> <03:57:26>     11      0.00000337      0.00000021      0.0
<Jan20-2022> <03:57:35>  SCF converged
<Jan20-2022> <03:58:01>     12      0.00000076      0.00000005      0.0
<Jan20-2022> <03:58:10>  >>>> TOTEN
<Jan20-2022> <03:58:49>  >>>> POPAN
<Jan20-2022> <03:58:49>  >>>> DEBYE
<Jan20-2022> <03:58:49>  >>>> ENGRAD
<Jan20-2022> <03:59:40>  current energy                               -2.38844026 Hartree
<Jan20-2022> <03:59:40>  energy change                      -0.00030319     0.00012000    F
<Jan20-2022> <03:59:40>  constrained gradient max            0.00752876     0.00100000    F
<Jan20-2022> <03:59:40>  constrained gradient rms            0.00197808     0.00066667    F
<Jan20-2022> <03:59:40>  gradient max                        0.00752876
<Jan20-2022> <03:59:40>  gradient rms                        0.00197808
<Jan20-2022> <03:59:40>  cart. step max                      0.03933472     0.01000000    F
<Jan20-2022> <03:59:40>  cart. step rms                      0.01110253     0.00666667    F
<Jan20-2022> <03:59:40>  Iteration 6
<Jan20-2022> <03:59:41>  *** GOStep6 ***
<Jan20-2022> <03:59:41>  >>>> FRAGM
<Jan20-2022> <03:59:41>  Coordinates
<Jan20-2022> <03:59:41>     Atom         X           Y           Z   (Angstrom)
<Jan20-2022> <03:59:41>     1.C         0.112708    0.474318    0.108428
<Jan20-2022> <03:59:41>     2.C         0.912818   -0.760770    0.334778
<Jan20-2022> <03:59:41>     3.H         0.374025   -1.641667   -0.038580
<Jan20-2022> <03:59:41>     4.C        -1.243943    0.475411   -0.352232
<Jan20-2022> <03:59:41>     5.H         0.584403    1.437119    0.300967
<Jan20-2022> <03:59:41>     6.O        -1.918929    1.502470   -0.495010
<Jan20-2022> <03:59:41>     7.C         1.315513   -0.969601    1.790380
<Jan20-2022> <03:59:41>     8.H         1.935071   -1.867524    1.873725
<Jan20-2022> <03:59:41>     9.H         0.425932   -1.104136    2.414121
<Jan20-2022> <03:59:41>    10.H         1.878978   -0.110499    2.164867
<Jan20-2022> <03:59:41>    11.F         2.092645   -0.663741   -0.450052
<Jan20-2022> <03:59:41>    12.H        -1.685625   -0.521265   -0.580117
<Jan20-2022> <03:59:41>  >>>> CORORT
<Jan20-2022> <03:59:41>  >>>> CLSMAT
<Jan20-2022> <03:59:41>  >>>> ORTHON
<Jan20-2022> <03:59:41>  >>>> GENPT
<Jan20-2022> <03:59:41>  Block Length= 128
<Jan20-2022> <03:59:42>  >>>> PTBAS
<Jan20-2022> <03:59:54>  >>>> CYCLE
<Jan20-2022> <04:00:08>  using orbital data from restart file
<Jan20-2022> <04:00:34>              |Error|         MaxErr       Wt(A-DIIS)
<Jan20-2022> <04:00:34>      1      0.04850552      0.01020999
<Jan20-2022> <04:01:09>      2      0.00724177      0.00067892    100.0
<Jan20-2022> <04:01:44>      3      0.00476284      0.00048194    100.0
<Jan20-2022> <04:02:18>      4      0.00341377      0.00036369      0.0
<Jan20-2022> <04:02:53>      5      0.00115668      0.00012572      0.0
<Jan20-2022> <04:03:28>      6      0.00051947      0.00004464      0.0
<Jan20-2022> <04:04:03>      7      0.00018689      0.00001488      0.0
<Jan20-2022> <04:04:37>      8      0.00007416      0.00000823      0.0
<Jan20-2022> <04:05:12>      9      0.00003994      0.00000566      0.0
<Jan20-2022> <04:05:46>     10      0.00001045      0.00000125      0.0
<Jan20-2022> <04:06:21>     11      0.00000514      0.00000044      0.0
<Jan20-2022> <04:06:30>  SCF converged
<Jan20-2022> <04:06:56>     12      0.00000119      0.00000008      0.0
<Jan20-2022> <04:07:05>  >>>> TOTEN
<Jan20-2022> <04:07:43>  >>>> POPAN
<Jan20-2022> <04:07:43>  >>>> DEBYE
<Jan20-2022> <04:07:43>  >>>> ENGRAD
<Jan20-2022> <04:08:34>  current energy                               -2.38853580 Hartree
<Jan20-2022> <04:08:34>  energy change                      -0.00009554     0.00012000    T
<Jan20-2022> <04:08:34>  constrained gradient max            0.00105322     0.00100000    F
<Jan20-2022> <04:08:34>  constrained gradient rms            0.00036170     0.00066667    T
<Jan20-2022> <04:08:34>  gradient max                        0.00105322
<Jan20-2022> <04:08:34>  gradient rms                        0.00036170
<Jan20-2022> <04:08:34>  cart. step max                      0.02391458     0.01000000    F
<Jan20-2022> <04:08:34>  cart. step rms                      0.00772413     0.00666667    F
<Jan20-2022> <04:08:34>  Iteration 7
<Jan20-2022> <04:08:34>  *** GOStep7 ***
<Jan20-2022> <04:08:34>  >>>> FRAGM
<Jan20-2022> <04:08:34>  Coordinates
<Jan20-2022> <04:08:34>     Atom         X           Y           Z   (Angstrom)
<Jan20-2022> <04:08:34>     1.C         0.117771    0.474996    0.100509
<Jan20-2022> <04:08:34>     2.C         0.917885   -0.759161    0.330444
<Jan20-2022> <04:08:34>     3.H         0.382536   -1.640057   -0.047978
<Jan20-2022> <04:08:34>     4.C        -1.244008    0.474268   -0.344503
<Jan20-2022> <04:08:34>     5.H         0.593456    1.438357    0.279965
<Jan20-2022> <04:08:34>     6.O        -1.919842    1.501022   -0.486709
<Jan20-2022> <04:08:34>     7.C         1.309173   -0.970208    1.789085
<Jan20-2022> <04:08:34>     8.H         1.930910   -1.866381    1.875417
<Jan20-2022> <04:08:34>     9.H         0.415256   -1.108613    2.405719
<Jan20-2022> <04:08:34>    10.H         1.867299   -0.110578    2.170337
<Jan20-2022> <04:08:34>    11.F         2.103394   -0.659900   -0.444808
<Jan20-2022> <04:08:34>    12.H        -1.690235   -0.523628   -0.556203
<Jan20-2022> <04:08:34>  >>>> CORORT
<Jan20-2022> <04:08:34>  >>>> CLSMAT
<Jan20-2022> <04:08:34>  >>>> ORTHON
<Jan20-2022> <04:08:34>  >>>> GENPT
<Jan20-2022> <04:08:35>  Block Length= 128
<Jan20-2022> <04:08:35>  >>>> PTBAS
<Jan20-2022> <04:08:48>  >>>> CYCLE
<Jan20-2022> <04:09:02>  using orbital data from restart file
<Jan20-2022> <04:09:28>              |Error|         MaxErr       Wt(A-DIIS)
<Jan20-2022> <04:09:28>      1      0.02615501      0.00504651
<Jan20-2022> <04:10:02>      2      0.00318150      0.00032521    100.0
<Jan20-2022> <04:10:37>      3      0.00226602      0.00024942    100.0
<Jan20-2022> <04:11:12>      4      0.00124561      0.00014512      0.0
<Jan20-2022> <04:11:47>      5      0.00074358      0.00010566      0.0
<Jan20-2022> <04:12:22>      6      0.00035574      0.00005411      0.0
<Jan20-2022> <04:12:57>      7      0.00007199      0.00000676      0.0
<Jan20-2022> <04:13:31>      8      0.00002664      0.00000273      0.0
<Jan20-2022> <04:14:06>      9      0.00001164      0.00000139      0.0
<Jan20-2022> <04:14:40>     10      0.00000493      0.00000068      0.0
<Jan20-2022> <04:14:50>  SCF converged
<Jan20-2022> <04:15:15>     11      0.00000339      0.00000035      0.0
<Jan20-2022> <04:15:24>  >>>> TOTEN
<Jan20-2022> <04:16:03>  >>>> POPAN
<Jan20-2022> <04:16:03>  >>>> DEBYE
<Jan20-2022> <04:16:03>  >>>> ENGRAD
<Jan20-2022> <04:16:54>  current energy                               -2.38855291 Hartree
<Jan20-2022> <04:16:54>  energy change                      -0.00001711     0.00012000    T
<Jan20-2022> <04:16:54>  constrained gradient max            0.00156338     0.00100000    F
<Jan20-2022> <04:16:54>  constrained gradient rms            0.00044117     0.00066667    T
<Jan20-2022> <04:16:54>  gradient max                        0.00156338
<Jan20-2022> <04:16:54>  gradient rms                        0.00044117
<Jan20-2022> <04:16:54>  cart. step max                      0.04070029     0.01000000    F
<Jan20-2022> <04:16:54>  cart. step rms                      0.01386206     0.00666667    F
<Jan20-2022> <04:16:54>  Iteration 8
<Jan20-2022> <04:16:54>  *** GOStep8 ***
<Jan20-2022> <04:16:54>  >>>> FRAGM
<Jan20-2022> <04:16:54>  Coordinates
<Jan20-2022> <04:16:54>     Atom         X           Y           Z   (Angstrom)
<Jan20-2022> <04:16:54>     1.C         0.126605    0.475917    0.086052
<Jan20-2022> <04:16:54>     2.C         0.927099   -0.756328    0.322479
<Jan20-2022> <04:16:54>     3.H         0.398262   -1.637719   -0.064381
<Jan20-2022> <04:16:54>     4.C        -1.244665    0.472174   -0.327953
<Jan20-2022> <04:16:54>     5.H         0.609123    1.440046    0.241236
<Jan20-2022> <04:16:54>     6.O        -1.921086    1.498642   -0.470922
<Jan20-2022> <04:16:54>     7.C         1.297840   -0.971097    1.786710
<Jan20-2022> <04:16:54>     8.H         1.923510   -1.864096    1.878340
<Jan20-2022> <04:16:54>     9.H         0.396012   -1.116405    2.389914
<Jan20-2022> <04:16:54>    10.H         1.846024   -0.110267    2.179658
<Jan20-2022> <04:16:54>    11.F         2.122633   -0.653621   -0.434355
<Jan20-2022> <04:16:54>    12.H        -1.697762   -0.527132   -0.515502
<Jan20-2022> <04:16:54>  >>>> CORORT
<Jan20-2022> <04:16:54>  >>>> CLSMAT
<Jan20-2022> <04:16:54>  >>>> ORTHON
<Jan20-2022> <04:16:54>  >>>> GENPT
<Jan20-2022> <04:16:55>  Block Length= 128
<Jan20-2022> <04:16:55>  >>>> PTBAS
<Jan20-2022> <04:17:07>  >>>> CYCLE
<Jan20-2022> <04:17:22>  using orbital data from restart file
<Jan20-2022> <04:17:48>              |Error|         MaxErr       Wt(A-DIIS)
<Jan20-2022> <04:17:48>      1      0.04887877      0.00987460
<Jan20-2022> <04:18:22>      2      0.00539013      0.00053829    100.0
<Jan20-2022> <04:18:58>      3      0.00358898      0.00031539    100.0
<Jan20-2022> <04:19:32>      4      0.00433062      0.00031788      0.0
<Jan20-2022> <04:20:07>      5      0.00108475      0.00016415      0.0
<Jan20-2022> <04:20:42>      6      0.00062217      0.00008893      0.0
<Jan20-2022> <04:21:16>      7      0.00014509      0.00001520      0.0
<Jan20-2022> <04:21:51>      8      0.00005243      0.00000747      0.0
<Jan20-2022> <04:22:26>      9      0.00001665      0.00000188      0.0
<Jan20-2022> <04:23:01>     10      0.00000631      0.00000042      0.0
<Jan20-2022> <04:23:10>  SCF converged
<Jan20-2022> <04:23:35>     11      0.00000394      0.00000032      0.0
<Jan20-2022> <04:23:44>  >>>> TOTEN
<Jan20-2022> <04:24:23>  >>>> POPAN
<Jan20-2022> <04:24:23>  >>>> DEBYE
<Jan20-2022> <04:24:23>  >>>> ENGRAD
<Jan20-2022> <04:25:14>  current energy                               -2.38858087 Hartree
<Jan20-2022> <04:25:14>  energy change                      -0.00002796     0.00012000    T
<Jan20-2022> <04:25:14>  constrained gradient max            0.00117452     0.00100000    F
<Jan20-2022> <04:25:14>  constrained gradient rms            0.00036170     0.00066667    T
<Jan20-2022> <04:25:14>  gradient max                        0.00117452
<Jan20-2022> <04:25:14>  gradient rms                        0.00036170
<Jan20-2022> <04:25:14>  cart. step max                      0.07913114     0.01000000    F
<Jan20-2022> <04:25:14>  cart. step rms                      0.02763148     0.00666667    F
<Jan20-2022> <04:25:14>  Iteration 9
<Jan20-2022> <04:25:14>  *** GOStep9 ***
<Jan20-2022> <04:25:14>  >>>> FRAGM
<Jan20-2022> <04:25:14>  Coordinates
<Jan20-2022> <04:25:14>     Atom         X           Y           Z   (Angstrom)
<Jan20-2022> <04:25:14>     1.C         0.143711    0.476843    0.056974
<Jan20-2022> <04:25:14>     2.C         0.945496   -0.751344    0.307169
<Jan20-2022> <04:25:14>     3.H         0.430769   -1.634315   -0.095984
<Jan20-2022> <04:25:14>     4.C        -1.244440    0.468592   -0.294249
<Jan20-2022> <04:25:14>     5.H         0.638048    1.441551    0.162784
<Jan20-2022> <04:25:14>     6.O        -1.922707    1.494253   -0.435404
<Jan20-2022> <04:25:14>     7.C         1.275015   -0.972328    1.781874
<Jan20-2022> <04:25:14>     8.H         1.907816   -1.859170    1.884451
<Jan20-2022> <04:25:14>     9.H         0.357502   -1.131251    2.356939
<Jan20-2022> <04:25:14>    10.H         1.802254   -0.108408    2.196233
<Jan20-2022> <04:25:14>    11.F         2.159755   -0.641277   -0.413141
<Jan20-2022> <04:25:14>    12.H        -1.709625   -0.533031   -0.436371
<Jan20-2022> <04:25:14>  >>>> CORORT
<Jan20-2022> <04:25:14>  >>>> CLSMAT
<Jan20-2022> <04:25:14>  >>>> ORTHON
<Jan20-2022> <04:25:14>  >>>> GENPT
<Jan20-2022> <04:25:14>  Block Length= 128
<Jan20-2022> <04:25:15>  >>>> PTBAS
<Jan20-2022> <04:25:27>  >>>> CYCLE
<Jan20-2022> <04:25:42>  using orbital data from restart file
<Jan20-2022> <04:26:07>              |Error|         MaxErr       Wt(A-DIIS)
<Jan20-2022> <04:26:07>      1      0.09795077      0.02045418
<Jan20-2022> <04:26:42>      2      0.01162324      0.00113519    100.0
<Jan20-2022> <04:27:17>      3      0.01370411      0.00180583    100.0
<Jan20-2022> <04:27:52>      4      0.01198244      0.00186241      0.9
<Jan20-2022> <04:28:26>      5      0.00248987      0.00033269      0.0
<Jan20-2022> <04:29:01>      6      0.00074678      0.00008402      0.0
<Jan20-2022> <04:29:36>      7      0.00042160      0.00006597      0.0
<Jan20-2022> <04:30:11>      8      0.00012535      0.00001554      0.0
<Jan20-2022> <04:30:46>      9      0.00003479      0.00000245      0.0
<Jan20-2022> <04:31:21>     10      0.00001220      0.00000105      0.0
<Jan20-2022> <04:31:55>     11      0.00000538      0.00000055      0.0
<Jan20-2022> <04:32:04>  SCF converged
<Jan20-2022> <04:32:30>     12      0.00000220      0.00000019      0.0
<Jan20-2022> <04:32:39>  >>>> TOTEN
<Jan20-2022> <04:33:18>  >>>> POPAN
<Jan20-2022> <04:33:18>  >>>> DEBYE
<Jan20-2022> <04:33:18>  >>>> ENGRAD
<Jan20-2022> <04:34:09>  current energy                               -2.38860689 Hartree
<Jan20-2022> <04:34:09>  energy change                      -0.00002602     0.00012000    T
<Jan20-2022> <04:34:09>  constrained gradient max            0.00077305     0.00100000    T
<Jan20-2022> <04:34:09>  constrained gradient rms            0.00018484     0.00066667    T
<Jan20-2022> <04:34:09>  gradient max                        0.00077305
<Jan20-2022> <04:34:09>  gradient rms                        0.00018484
<Jan20-2022> <04:34:09>  cart. step max                      0.00466987     0.01000000    T
<Jan20-2022> <04:34:09>  cart. step rms                      0.00151258     0.00666667    T
<Jan20-2022> <04:34:09>  Geometry optimization converged
<Jan20-2022> <04:34:09>  *** adf ***
<Jan20-2022> <04:34:10>  Net Charge: 0 (Nuclei minus Electrons)
<Jan20-2022> <04:34:10>  Spin polar: 1 (Spin_A minus Spin_B electrons)
<Jan20-2022> <04:34:10>  Symmetry  : NOSYM
<Jan20-2022> <04:34:10>  >>>> FRAGM
<Jan20-2022> <04:34:10>  Coordinates
<Jan20-2022> <04:34:10>     Atom         X           Y           Z   (Angstrom)
<Jan20-2022> <04:34:10>     1.C         0.143711    0.476843    0.056974
<Jan20-2022> <04:34:10>     2.C         0.945496   -0.751344    0.307169
<Jan20-2022> <04:34:10>     3.H         0.430769   -1.634315   -0.095984
<Jan20-2022> <04:34:10>     4.C        -1.244440    0.468592   -0.294249
<Jan20-2022> <04:34:10>     5.H         0.638048    1.441551    0.162784
<Jan20-2022> <04:34:10>     6.O        -1.922707    1.494253   -0.435404
<Jan20-2022> <04:34:10>     7.C         1.275015   -0.972328    1.781874
<Jan20-2022> <04:34:10>     8.H         1.907816   -1.859170    1.884451
<Jan20-2022> <04:34:10>     9.H         0.357502   -1.131251    2.356939
<Jan20-2022> <04:34:10>    10.H         1.802254   -0.108408    2.196233
<Jan20-2022> <04:34:10>    11.F         2.159755   -0.641277   -0.413141
<Jan20-2022> <04:34:10>    12.H        -1.709625   -0.533031   -0.436371
<Jan20-2022> <04:34:10>  >>>> CORORT
<Jan20-2022> <04:34:10>  >>>> CLSMAT
<Jan20-2022> <04:34:10>  >>>> ORTHON
<Jan20-2022> <04:34:10>  >>>> GENPT
<Jan20-2022> <04:34:10>  Block Length= 128
<Jan20-2022> <04:34:11>  >>>> PTBAS
<Jan20-2022> <04:34:22>  >>>> CYCLE
<Jan20-2022> <04:34:37>  using orbital data from restart file
<Jan20-2022> <04:35:03>              |Error|         MaxErr       Wt(A-DIIS)
<Jan20-2022> <04:35:03>      1      0.00000107      0.00000016
<Jan20-2022> <04:35:38>      2      0.00000167      0.00000029    100.0
<Jan20-2022> <04:35:47>  SCF converged
<Jan20-2022> <04:36:13>      3      0.00000313      0.00000054    100.0
<Jan20-2022> <04:36:44>  >>>> TOTEN
<Jan20-2022> <04:37:48>  >>>> POPAN
<Jan20-2022> <04:37:48>  >>>> DEBYE
<Jan20-2022> <04:37:48>  >>>> AMETS
<Jan20-2022> <04:37:48>   Bond Energy          -2.38860689 a.u.
<Jan20-2022> <04:37:48>   Bond Energy         -64.99730058 eV
<Jan20-2022> <04:37:48>   Bond Energy       -1498.87       kcal/mol
<Jan20-2022> <04:37:48>  >>>> POPUL
<Jan20-2022> <04:37:48>  >>>> ENGRAD
<Jan20-2022> <04:38:39>  >>>> ENHESS
<Jan20-2022> <04:38:54>  === NUCLEUS:     1
<Jan20-2022> <04:56:51>  === NUCLEUS:     2
<Jan20-2022> <05:13:45>  === NUCLEUS:     3
<Jan20-2022> <05:31:04>  === NUCLEUS:     4
<Jan20-2022> <05:47:59>  === NUCLEUS:     5
<Jan20-2022> <06:03:27>  === NUCLEUS:     6
<Jan20-2022> <06:18:32>  === NUCLEUS:     7
<Jan20-2022> <06:34:00>  === NUCLEUS:     8
<Jan20-2022> <06:49:08>  === NUCLEUS:     9
<Jan20-2022> <07:04:14>  === NUCLEUS:    10
<Jan20-2022> <07:19:43>  === NUCLEUS:    11
<Jan20-2022> <07:35:59>  === NUCLEUS:    12
<Jan20-2022> <07:51:47>  >>>> CALC_HESS_PMAT
<Jan20-2022> <07:54:09>  >>>> CALC_HESS_WMAT
<Jan20-2022> <07:54:25>  PES point character: Geometry corresponds to a local minimum on the PES.
<Jan20-2022> <07:54:25>  Geometry optimization successful!
<Jan20-2022> <07:54:25>  NORMAL TERMINATION
