<Jan20-2022> <13:33:44>  AMS 2021.102  RunTime: Jan20-2022 13:33:44  ShM Nodes: 1  Procs: 1
<Jan20-2022> <13:33:45>  ADF 2021.102  RunTime: Jan20-2022 13:33:45  ShM Nodes: 1  Procs: 1
<Jan20-2022> <13:33:45>  *** (NO TITLE) ***
<Jan20-2022> <13:33:45>  Symmetry detected: C(S)
<Jan20-2022> <13:33:45>  Iteration 1
<Jan20-2022> <13:33:45>  DIRAC 2021.102  RunTime: Jan20-2022 13:33:45  ShM Nodes: 1  Procs: 1
<Jan20-2022> <13:33:45>  Carbon (TZ2P)
<Jan20-2022> <13:33:45>  Net Charge: 0 (Nuclei minus Electrons)
<Jan20-2022> <13:33:45>  Symmetry  : ATOM
<Jan20-2022> <13:33:45>  Coordinates
<Jan20-2022> <13:33:45>     Atom         X           Y           Z   (Angstrom)
<Jan20-2022> <13:33:45>     1.C         0.000000    0.000000    0.000000
<Jan20-2022> <13:33:45>  >>>> CORORT
<Jan20-2022> <13:33:45>  >>>> CLSMAT
<Jan20-2022> <13:33:45>  >>>> ORTHON
<Jan20-2022> <13:33:45>  >>>> GENPT
<Jan20-2022> <13:33:45>  Block Length=  72
<Jan20-2022> <13:33:45>  >>>> PTBAS
<Jan20-2022> <13:33:45>  >>>> CYCLE
<Jan20-2022> <13:33:45>              |Error|         MaxErr       Wt(A-DIIS)
<Jan20-2022> <13:33:45>      1      0.00000000      0.00000000
<Jan20-2022> <13:33:45>      2      4.48405934      3.32161898    100.0
<Jan20-2022> <13:33:45>      3      1.60718414      1.28408746    100.0
<Jan20-2022> <13:33:45>      4      0.76426456      0.62272052    100.0
<Jan20-2022> <13:33:45>      5      0.36119063      0.28553990    100.0
<Jan20-2022> <13:33:45>      6      0.14821424      0.11559867    100.0
<Jan20-2022> <13:33:45>      7      0.10108424      0.07867111     78.5
<Jan20-2022> <13:33:45>      8      0.01786531      0.01387049     13.0
<Jan20-2022> <13:33:45>      9      0.00195746      0.00153262      0.5
<Jan20-2022> <13:33:45>     10      0.00001058      0.00000730      0.0
<Jan20-2022> <13:33:45>     11      0.00000047      0.00000027      0.0
<Jan20-2022> <13:33:45>     12      0.00000003      0.00000002      0.0
<Jan20-2022> <13:33:45>     13      0.00000000      0.00000000      0.0
<Jan20-2022> <13:33:45>  SCF converged
<Jan20-2022> <13:33:45>     14      0.00000000      0.00000000      0.0
<Jan20-2022> <13:33:45>  >>>> POPAN
<Jan20-2022> <13:33:45>  >>>> DEBYE
<Jan20-2022> <13:33:45>  DIRAC 2021.102  RunTime: Jan20-2022 13:33:45  ShM Nodes: 1  Procs: 1
<Jan20-2022> <13:33:46>  Hydrogen (TZ2P)
<Jan20-2022> <13:33:46>  Net Charge: 0 (Nuclei minus Electrons)
<Jan20-2022> <13:33:46>  Symmetry  : ATOM
<Jan20-2022> <13:33:46>  Coordinates
<Jan20-2022> <13:33:46>     Atom         X           Y           Z   (Angstrom)
<Jan20-2022> <13:33:46>     1.H         0.000000    0.000000    0.000000
<Jan20-2022> <13:33:46>  >>>> CORORT
<Jan20-2022> <13:33:46>  >>>> CLSMAT
<Jan20-2022> <13:33:46>  >>>> ORTHON
<Jan20-2022> <13:33:46>  >>>> GENPT
<Jan20-2022> <13:33:46>  Block Length=  64
<Jan20-2022> <13:33:46>  >>>> PTBAS
<Jan20-2022> <13:33:46>  >>>> CYCLE
<Jan20-2022> <13:33:46>              |Error|         MaxErr       Wt(A-DIIS)
<Jan20-2022> <13:33:46>      1      0.00000000      0.00000000
<Jan20-2022> <13:33:46>      2      0.03080019      0.02591482
<Jan20-2022> <13:33:46>      3      0.01140383      0.01135775    100.0
<Jan20-2022> <13:33:46>      4      0.00327656      0.00327407      2.3
<Jan20-2022> <13:33:46>      5      0.00010041      0.00009754      0.0
<Jan20-2022> <13:33:46>      6      0.00000525      0.00000504      0.0
<Jan20-2022> <13:33:46>      7      0.00000007      0.00000007      0.0
<Jan20-2022> <13:33:46>      8      0.00000000      0.00000000      0.0
<Jan20-2022> <13:33:46>  SCF converged
<Jan20-2022> <13:33:46>      9      0.00000000      0.00000000      0.0
<Jan20-2022> <13:33:46>  >>>> POPAN
<Jan20-2022> <13:33:46>  >>>> DEBYE
<Jan20-2022> <13:33:46>  DIRAC 2021.102  RunTime: Jan20-2022 13:33:46  ShM Nodes: 1  Procs: 1
<Jan20-2022> <13:33:46>  Oxygen (TZ2P)
<Jan20-2022> <13:33:46>  Net Charge: 0 (Nuclei minus Electrons)
<Jan20-2022> <13:33:46>  Symmetry  : ATOM
<Jan20-2022> <13:33:46>  Coordinates
<Jan20-2022> <13:33:46>     Atom         X           Y           Z   (Angstrom)
<Jan20-2022> <13:33:46>     1.O         0.000000    0.000000    0.000000
<Jan20-2022> <13:33:46>  >>>> CORORT
<Jan20-2022> <13:33:46>  >>>> CLSMAT
<Jan20-2022> <13:33:46>  >>>> ORTHON
<Jan20-2022> <13:33:46>  >>>> GENPT
<Jan20-2022> <13:33:46>  Block Length=  68
<Jan20-2022> <13:33:46>  >>>> PTBAS
<Jan20-2022> <13:33:46>  >>>> CYCLE
<Jan20-2022> <13:33:46>              |Error|         MaxErr       Wt(A-DIIS)
<Jan20-2022> <13:33:46>      1      0.00000000      0.00000000
<Jan20-2022> <13:33:46>      2      8.77210307      5.53374266    100.0
<Jan20-2022> <13:33:46>      3      3.60058093      2.49154808    100.0
<Jan20-2022> <13:33:46>      4      1.20505529      0.62472425    100.0
<Jan20-2022> <13:33:46>      5      1.46502638      0.81213311    100.0
<Jan20-2022> <13:33:46>      6      0.15089362      0.09131786     91.2
<Jan20-2022> <13:33:46>      7      0.14397311      0.08251182     82.3
<Jan20-2022> <13:33:47>      8      0.00183259      0.00123681      0.2
<Jan20-2022> <13:33:47>      9      0.00015629      0.00008105      0.0
<Jan20-2022> <13:33:47>     10      0.00001324      0.00000629      0.0
<Jan20-2022> <13:33:47>     11      0.00000006      0.00000003      0.0
<Jan20-2022> <13:33:47>     12      0.00000000      0.00000000      0.0
<Jan20-2022> <13:33:47>  SCF converged
<Jan20-2022> <13:33:47>     13      0.00000000      0.00000000      0.0
<Jan20-2022> <13:33:47>  >>>> POPAN
<Jan20-2022> <13:33:47>  >>>> DEBYE
<Jan20-2022> <13:33:47>  DIRAC 2021.102  RunTime: Jan20-2022 13:33:47  ShM Nodes: 1  Procs: 1
<Jan20-2022> <13:33:47>  Fluorine (TZ2P)
<Jan20-2022> <13:33:47>  Net Charge: 0 (Nuclei minus Electrons)
<Jan20-2022> <13:33:47>  Symmetry  : ATOM
<Jan20-2022> <13:33:47>  Coordinates
<Jan20-2022> <13:33:47>     Atom         X           Y           Z   (Angstrom)
<Jan20-2022> <13:33:47>     1.F         0.000000    0.000000    0.000000
<Jan20-2022> <13:33:47>  >>>> CORORT
<Jan20-2022> <13:33:47>  >>>> CLSMAT
<Jan20-2022> <13:33:47>  >>>> ORTHON
<Jan20-2022> <13:33:47>  >>>> GENPT
<Jan20-2022> <13:33:47>  Block Length=  76
<Jan20-2022> <13:33:47>  >>>> PTBAS
<Jan20-2022> <13:33:47>  >>>> CYCLE
<Jan20-2022> <13:33:47>              |Error|         MaxErr       Wt(A-DIIS)
<Jan20-2022> <13:33:47>      1      0.00000000      0.00000000
<Jan20-2022> <13:33:47>      2     11.39970762      4.85721148    100.0
<Jan20-2022> <13:33:47>      3      5.17310012      3.16632108    100.0
<Jan20-2022> <13:33:47>      4      1.04882283      0.49392043    100.0
<Jan20-2022> <13:33:47>      5      1.72142161      0.84736739    100.0
<Jan20-2022> <13:33:47>      6      0.21842580      0.10780687    100.0
<Jan20-2022> <13:33:47>      7      0.28524155      0.13554881    100.0
<Jan20-2022> <13:33:47>      8      0.02856437      0.01389479     13.0
<Jan20-2022> <13:33:47>      9      0.00489297      0.00234741      1.4
<Jan20-2022> <13:33:47>     10      0.00009261      0.00004462      0.0
<Jan20-2022> <13:33:47>     11      0.00000010      0.00000005      0.0
<Jan20-2022> <13:33:47>     12      0.00000000      0.00000000      0.0
<Jan20-2022> <13:33:47>  SCF converged
<Jan20-2022> <13:33:47>     13      0.00000000      0.00000000      0.0
<Jan20-2022> <13:33:47>  >>>> POPAN
<Jan20-2022> <13:33:47>  >>>> DEBYE
<Jan20-2022> <13:33:47>  *** GOStep1 ***
<Jan20-2022> <13:33:47>  >>>> FRAGM
<Jan20-2022> <13:33:48>  Coordinates
<Jan20-2022> <13:33:48>     Atom         X           Y           Z   (Angstrom)
<Jan20-2022> <13:33:48>     1.C         0.312247    0.445199    0.000000
<Jan20-2022> <13:33:48>     2.C         0.983914   -0.714308    0.000000
<Jan20-2022> <13:33:48>     3.H         0.458423   -1.668047    0.000000
<Jan20-2022> <13:33:48>     4.C        -1.162784    0.485254    0.000000
<Jan20-2022> <13:33:48>     5.H         0.823132    1.407065    0.000000
<Jan20-2022> <13:33:48>     6.O        -1.824058    1.507291    0.000000
<Jan20-2022> <13:33:48>     7.F         2.393057   -0.763447    0.000000
<Jan20-2022> <13:33:48>     8.F        -1.785712   -0.779681    0.000000
<Jan20-2022> <13:33:48>  >>>> CORORT
<Jan20-2022> <13:33:48>  >>>> CLSMAT
<Jan20-2022> <13:33:48>  >>>> ORTHON
<Jan20-2022> <13:33:48>  >>>> GENPT
<Jan20-2022> <13:33:48>  Block Length= 128
<Jan20-2022> <13:33:48>  >>>> PTBAS
<Jan20-2022> <13:33:57>  >>>> CYCLE
<Jan20-2022> <13:34:16>              |Error|         MaxErr       Wt(A-DIIS)
<Jan20-2022> <13:34:16>      1      4.95653393      1.03903700
<Jan20-2022> <13:34:30>      2      0.88388746      0.19447630    100.0
<Jan20-2022> <13:34:44>      3      0.38733154      0.06222519    100.0
<Jan20-2022> <13:34:58>      4      0.62921724      0.14650549    100.0
<Jan20-2022> <13:35:12>      5      0.19308462      0.03777229     37.1
<Jan20-2022> <13:35:27>      6      0.25095752      0.06486692    100.0
<Jan20-2022> <13:35:41>      7      0.06281780      0.01400168     13.1
<Jan20-2022> <13:35:56>      8      0.01978663      0.00467983      3.7
<Jan20-2022> <13:36:10>      9      0.00362127      0.00073231      0.0
<Jan20-2022> <13:36:25>     10      0.00123715      0.00031766      0.0
<Jan20-2022> <13:36:39>     11      0.00027301      0.00006505      0.0
<Jan20-2022> <13:36:53>     12      0.00012078      0.00003004      0.0
<Jan20-2022> <13:37:07>     13      0.00001440      0.00000306      0.0
<Jan20-2022> <13:37:22>     14      0.00000209      0.00000030      0.0
<Jan20-2022> <13:37:26>  SCF converged
<Jan20-2022> <13:37:36>     15      0.00000052      0.00000007      0.0
<Jan20-2022> <13:37:41>  >>>> TOTEN
<Jan20-2022> <13:38:01>  >>>> POPAN
<Jan20-2022> <13:38:01>  >>>> DEBYE
<Jan20-2022> <13:38:01>  >>>> ENGRAD
<Jan20-2022> <13:38:36>  current energy                               -1.72619068 Hartree
<Jan20-2022> <13:38:36>  energy change                      -1.72619068     0.00008000    F
<Jan20-2022> <13:38:36>  constrained gradient max            0.09344732     0.00100000    F
<Jan20-2022> <13:38:36>  constrained gradient rms            0.03087678     0.00066667    F
<Jan20-2022> <13:38:36>  gradient max                        0.09344732
<Jan20-2022> <13:38:36>  gradient rms                        0.03087678
<Jan20-2022> <13:38:36>  cart. step max                      0.06332689     0.01000000    F
<Jan20-2022> <13:38:36>  cart. step rms                      0.02124519     0.00666667    F
<Jan20-2022> <13:38:36>  Iteration 2
<Jan20-2022> <13:38:36>  *** GOStep2 ***
<Jan20-2022> <13:38:36>  >>>> FRAGM
<Jan20-2022> <13:38:36>  Coordinates
<Jan20-2022> <13:38:36>     Atom         X           Y           Z   (Angstrom)
<Jan20-2022> <13:38:36>     1.C         0.308460    0.442044    0.000000
<Jan20-2022> <13:38:36>     2.C         0.969626   -0.718867    0.000000
<Jan20-2022> <13:38:36>     3.H         0.504175   -1.700439    0.000000
<Jan20-2022> <13:38:36>     4.C        -1.155918    0.507512    0.000000
<Jan20-2022> <13:38:36>     5.H         0.822614    1.398646    0.000000
<Jan20-2022> <13:38:36>     6.O        -1.823810    1.484127    0.000000
<Jan20-2022> <13:38:36>     7.F         2.329731   -0.749083    0.000000
<Jan20-2022> <13:38:36>     8.F        -1.756658   -0.744614    0.000000
<Jan20-2022> <13:38:36>  >>>> CORORT
<Jan20-2022> <13:38:36>  >>>> CLSMAT
<Jan20-2022> <13:38:36>  >>>> ORTHON
<Jan20-2022> <13:38:36>  >>>> GENPT
<Jan20-2022> <13:38:36>  Block Length= 128
<Jan20-2022> <13:38:37>  >>>> PTBAS
<Jan20-2022> <13:38:45>  >>>> CYCLE
<Jan20-2022> <13:38:55>  using orbital data from restart file
<Jan20-2022> <13:39:05>              |Error|         MaxErr       Wt(A-DIIS)
<Jan20-2022> <13:39:05>      1      0.25842310      0.08041430
<Jan20-2022> <13:39:20>      2      0.06887666      0.01218852    100.0
<Jan20-2022> <13:39:35>      3      0.03349528      0.00708464    100.0
<Jan20-2022> <13:39:49>      4      0.04976311      0.00873455    100.0
<Jan20-2022> <13:40:03>      5      0.00883966      0.00158015      0.6
<Jan20-2022> <13:40:17>      6      0.00302740      0.00072291      0.0
<Jan20-2022> <13:40:31>      7      0.00114551      0.00021659      0.0
<Jan20-2022> <13:40:46>      8      0.00037570      0.00008499      0.0
<Jan20-2022> <13:41:00>      9      0.00008683      0.00001326      0.0
