<Feb04-2022> <13:02:37>  AMS 2021.102  RunTime: Feb04-2022 13:02:37  ShM Nodes: 1  Procs: 32
<Feb04-2022> <13:02:37>  ADF 2021.102  RunTime: Feb04-2022 13:02:37  ShM Nodes: 1  Procs: 32
<Feb04-2022> <13:02:37>  *** (NO TITLE) ***
<Feb04-2022> <13:02:37>  Iteration 1
<Feb04-2022> <13:02:37>  DIRAC 2021.102  RunTime: Feb04-2022 13:02:37  ShM Nodes: 1  Procs: 1
<Feb04-2022> <13:02:38>  Carbon (TZ2P)
<Feb04-2022> <13:02:38>  Net Charge: 0 (Nuclei minus Electrons)
<Feb04-2022> <13:02:38>  Symmetry  : ATOM
<Feb04-2022> <13:02:38>  Coordinates
<Feb04-2022> <13:02:38>     Atom         X           Y           Z   (Angstrom)
<Feb04-2022> <13:02:38>     1.C         0.000000    0.000000    0.000000
<Feb04-2022> <13:02:38>  >>>> CORORT
<Feb04-2022> <13:02:38>  >>>> CLSMAT
<Feb04-2022> <13:02:38>  >>>> ORTHON
<Feb04-2022> <13:02:38>  >>>> GENPT
<Feb04-2022> <13:02:38>  Block Length=  72
<Feb04-2022> <13:02:38>  >>>> PTBAS
<Feb04-2022> <13:02:38>  >>>> CYCLE
<Feb04-2022> <13:02:38>              |Error|         MaxErr       Wt(A-DIIS)
<Feb04-2022> <13:02:38>      1      0.00000000      0.00000000
<Feb04-2022> <13:02:38>      2      4.48405934      3.32161898    100.0
<Feb04-2022> <13:02:38>      3      1.60718414      1.28408746    100.0
<Feb04-2022> <13:02:38>      4      0.76426456      0.62272052    100.0
<Feb04-2022> <13:02:38>      5      0.36119063      0.28553990    100.0
<Feb04-2022> <13:02:38>      6      0.14821424      0.11559867    100.0
<Feb04-2022> <13:02:38>      7      0.10108424      0.07867111     78.5
<Feb04-2022> <13:02:38>      8      0.01786531      0.01387049     13.0
<Feb04-2022> <13:02:38>      9      0.00195746      0.00153262      0.5
<Feb04-2022> <13:02:39>     10      0.00001058      0.00000730      0.0
<Feb04-2022> <13:02:39>     11      0.00000047      0.00000027      0.0
<Feb04-2022> <13:02:39>     12      0.00000003      0.00000002      0.0
<Feb04-2022> <13:02:39>     13      0.00000000      0.00000000      0.0
<Feb04-2022> <13:02:39>  SCF converged
<Feb04-2022> <13:02:39>     14      0.00000000      0.00000000      0.0
<Feb04-2022> <13:02:39>  >>>> POPAN
<Feb04-2022> <13:02:39>  >>>> DEBYE
<Feb04-2022> <13:02:39>  DIRAC 2021.102  RunTime: Feb04-2022 13:02:39  ShM Nodes: 1  Procs: 1
<Feb04-2022> <13:02:39>  Oxygen (TZ2P)
<Feb04-2022> <13:02:39>  Net Charge: 0 (Nuclei minus Electrons)
<Feb04-2022> <13:02:39>  Symmetry  : ATOM
<Feb04-2022> <13:02:39>  Coordinates
<Feb04-2022> <13:02:39>     Atom         X           Y           Z   (Angstrom)
<Feb04-2022> <13:02:39>     1.O         0.000000    0.000000    0.000000
<Feb04-2022> <13:02:39>  >>>> CORORT
<Feb04-2022> <13:02:40>  >>>> CLSMAT
<Feb04-2022> <13:02:40>  >>>> ORTHON
<Feb04-2022> <13:02:40>  >>>> GENPT
<Feb04-2022> <13:02:40>  Block Length=  68
<Feb04-2022> <13:02:40>  >>>> PTBAS
<Feb04-2022> <13:02:40>  >>>> CYCLE
<Feb04-2022> <13:02:40>              |Error|         MaxErr       Wt(A-DIIS)
<Feb04-2022> <13:02:40>      1      0.00000000      0.00000000
<Feb04-2022> <13:02:40>      2      8.77210307      5.53374266    100.0
<Feb04-2022> <13:02:40>      3      3.60058093      2.49154808    100.0
<Feb04-2022> <13:02:40>      4      1.20505529      0.62472425    100.0
<Feb04-2022> <13:02:40>      5      1.46502638      0.81213311    100.0
<Feb04-2022> <13:02:40>      6      0.15089362      0.09131786     91.2
<Feb04-2022> <13:02:40>      7      0.14397311      0.08251182     82.3
<Feb04-2022> <13:02:40>      8      0.00183259      0.00123681      0.2
<Feb04-2022> <13:02:40>      9      0.00015629      0.00008105      0.0
<Feb04-2022> <13:02:40>     10      0.00001324      0.00000629      0.0
<Feb04-2022> <13:02:40>     11      0.00000006      0.00000003      0.0
<Feb04-2022> <13:02:40>     12      0.00000000      0.00000000      0.0
<Feb04-2022> <13:02:40>  SCF converged
<Feb04-2022> <13:02:40>     13      0.00000000      0.00000000      0.0
<Feb04-2022> <13:02:40>  >>>> POPAN
<Feb04-2022> <13:02:40>  >>>> DEBYE
<Feb04-2022> <13:02:41>  DIRAC 2021.102  RunTime: Feb04-2022 13:02:41  ShM Nodes: 1  Procs: 1
<Feb04-2022> <13:02:41>  Hydrogen (TZ2P)
<Feb04-2022> <13:02:41>  Net Charge: 0 (Nuclei minus Electrons)
<Feb04-2022> <13:02:41>  Symmetry  : ATOM
<Feb04-2022> <13:02:41>  Coordinates
<Feb04-2022> <13:02:41>     Atom         X           Y           Z   (Angstrom)
<Feb04-2022> <13:02:41>     1.H         0.000000    0.000000    0.000000
<Feb04-2022> <13:02:41>  >>>> CORORT
<Feb04-2022> <13:02:41>  >>>> CLSMAT
<Feb04-2022> <13:02:41>  >>>> ORTHON
<Feb04-2022> <13:02:41>  >>>> GENPT
<Feb04-2022> <13:02:41>  Block Length=  64
<Feb04-2022> <13:02:41>  >>>> PTBAS
<Feb04-2022> <13:02:41>  >>>> CYCLE
<Feb04-2022> <13:02:41>              |Error|         MaxErr       Wt(A-DIIS)
<Feb04-2022> <13:02:41>      1      0.00000000      0.00000000
<Feb04-2022> <13:02:41>      2      0.03080019      0.02591482
<Feb04-2022> <13:02:41>      3      0.01140383      0.01135775    100.0
<Feb04-2022> <13:02:41>      4      0.00327656      0.00327407      2.3
<Feb04-2022> <13:02:41>      5      0.00010041      0.00009754      0.0
<Feb04-2022> <13:02:41>      6      0.00000525      0.00000504      0.0
<Feb04-2022> <13:02:41>      7      0.00000007      0.00000007      0.0
<Feb04-2022> <13:02:42>      8      0.00000000      0.00000000      0.0
<Feb04-2022> <13:02:42>  SCF converged
<Feb04-2022> <13:02:42>      9      0.00000000      0.00000000      0.0
<Feb04-2022> <13:02:42>  >>>> POPAN
<Feb04-2022> <13:02:42>  >>>> DEBYE
<Feb04-2022> <13:02:42>  *** GOStep1 ***
<Feb04-2022> <13:02:42>  >>>> FRAGM
<Feb04-2022> <13:02:42>  Coordinates
<Feb04-2022> <13:02:42>     Atom         X           Y           Z   (Angstrom)
<Feb04-2022> <13:02:42>     1.C        -2.247394   -0.152751    0.001537
<Feb04-2022> <13:02:42>     2.C        -1.015343   -0.653372    0.001231
<Feb04-2022> <13:02:42>     3.C         0.181430    0.206927   -0.000510
<Feb04-2022> <13:02:42>     4.O         1.305947   -0.217853    0.000571
<Feb04-2022> <13:02:42>     5.H        -2.429844    0.915125   -0.001716
<Feb04-2022> <13:02:42>     6.H        -0.830811   -1.723070    0.000969
<Feb04-2022> <13:02:42>     7.C        -5.779492   -2.676172   -0.010742
<Feb04-2022> <13:02:42>     8.C        -5.216401   -2.265691    1.204046
<Feb04-2022> <13:02:42>     9.C        -4.076883   -1.451590    1.208008
<Feb04-2022> <13:02:42>    10.C        -3.500456   -1.047970   -0.002819
<Feb04-2022> <13:02:42>    11.C        -4.063547   -1.458452   -1.217608
<Feb04-2022> <13:02:42>    12.C        -5.203066   -2.272553   -1.221569
<Feb04-2022> <13:02:42>    13.H        -5.657498   -2.574551    2.130603
<Feb04-2022> <13:02:42>    14.H        -3.645990   -1.137478    2.137596
<Feb04-2022> <13:02:42>    15.H        -3.622450   -1.149591   -2.144165
<Feb04-2022> <13:02:42>    16.H        -5.633958   -2.586664   -2.151158
<Feb04-2022> <13:02:42>    17.H        -6.651482   -3.299144   -0.013774
<Feb04-2022> <13:02:42>    18.H        -0.032199    1.255384   -0.000039
<Feb04-2022> <13:02:44>  >>>> CORORT
<Feb04-2022> <13:02:44>  >>>> CLSMAT
<Feb04-2022> <13:02:44>  >>>> ORTHON
<Feb04-2022> <13:02:45>  >>>> GENPT
<Feb04-2022> <13:02:46>  Block Length= 128
<Feb04-2022> <13:02:48>  >>>> PTBAS
<Feb04-2022> <13:02:51>  >>>> CYCLE
<Feb04-2022> <13:03:30>              |Error|         MaxErr       Wt(A-DIIS)
<Feb04-2022> <13:03:30>      1      7.63618445      1.08845949
<Feb04-2022> <13:03:37>      2      1.09857199      0.17641535    100.0
<Feb04-2022> <13:03:44>      3      0.62901655      0.08135463    100.0
<Feb04-2022> <13:03:51>      4      0.83706314      0.12550039    100.0
<Feb04-2022> <13:03:57>      5      0.14310209      0.03831775     37.7
<Feb04-2022> <13:04:04>      6      0.18531292      0.05960180    100.0
<Feb04-2022> <13:04:13>      7      0.04466938      0.01157735     10.7
<Feb04-2022> <13:04:34>      8      0.01486916      0.00275019      1.8
<Feb04-2022> <13:04:56>      9      0.00384861      0.00056660      0.0
<Feb04-2022> <13:05:14>     10      0.00059910      0.00006714      0.0
<Feb04-2022> <13:05:34>     11      0.00019117      0.00002081      0.0
<Feb04-2022> <13:05:51>     12      0.00006785      0.00001003      0.0
<Feb04-2022> <13:06:12>     13      0.00001608      0.00000370      0.0
<Feb04-2022> <13:06:29>     14      0.00000691      0.00000153      0.0
<Feb04-2022> <13:06:47>     15      0.00000231      0.00000023      0.0
<Feb04-2022> <13:06:51>  SCF converged
<Feb04-2022> <13:06:57>     16      0.00000052      0.00000006      0.0
<Feb04-2022> <13:07:06>  >>>> TOTEN
<Feb04-2022> <13:07:15>  >>>> POPAN
<Feb04-2022> <13:07:16>  >>>> DEBYE
<Feb04-2022> <13:07:17>  >>>> ENGRAD
<Feb04-2022> <13:07:36>  current energy                               -4.10510293 Hartree
<Feb04-2022> <13:07:36>  energy change                      -4.10510293     0.00018000    F
<Feb04-2022> <13:07:36>  constrained gradient max            0.06356092     0.00100000    F
<Feb04-2022> <13:07:36>  constrained gradient rms            0.02090256     0.00066667    F
<Feb04-2022> <13:07:36>  gradient max                        0.06356092
<Feb04-2022> <13:07:36>  gradient rms                        0.02090256
<Feb04-2022> <13:07:36>  cart. step max                      0.04582900     0.01000000    F
<Feb04-2022> <13:07:36>  cart. step rms                      0.01633803     0.00666667    F
<Feb04-2022> <13:07:36>  Iteration 2
<Feb04-2022> <13:07:37>  *** GOStep2 ***
<Feb04-2022> <13:07:45>  >>>> FRAGM
<Feb04-2022> <13:07:45>  Coordinates
<Feb04-2022> <13:07:45>     Atom         X           Y           Z   (Angstrom)
<Feb04-2022> <13:07:45>     1.C        -2.249920   -0.193372   -0.004799
<Feb04-2022> <13:07:45>     2.C        -0.996621   -0.673605   -0.000944
<Feb04-2022> <13:07:45>     3.C         0.180875    0.219058    0.009075
<Feb04-2022> <13:07:45>     4.O         1.342891   -0.172024    0.006103
<Feb04-2022> <13:07:45>     5.H        -2.427729    0.881313    0.000725
<Feb04-2022> <13:07:45>     6.H        -0.791612   -1.741936   -0.002228
<Feb04-2022> <13:07:45>     7.C        -5.791608   -2.662387   -0.009600
<Feb04-2022> <13:07:45>     8.C        -5.222550   -2.256065    1.198765
<Feb04-2022> <13:07:45>     9.C        -4.078378   -1.454672    1.202191
<Feb04-2022> <13:07:45>    10.C        -3.489817   -1.063663   -0.006223
<Feb04-2022> <13:07:45>    11.C        -4.068825   -1.463222   -1.216429
<Feb04-2022> <13:07:45>    12.C        -5.213285   -2.264217   -1.216278
<Feb04-2022> <13:07:45>    13.H        -5.665176   -2.566268    2.137179
<Feb04-2022> <13:07:45>    14.H        -3.638414   -1.145252    2.141648
<Feb04-2022> <13:07:45>    15.H        -3.621490   -1.160425   -2.154557
<Feb04-2022> <13:07:45>    16.H        -5.648713   -2.580770   -2.155935
<Feb04-2022> <13:07:45>    17.H        -6.677440   -3.285306   -0.010897
<Feb04-2022> <13:07:45>    18.H        -0.061627    1.293345    0.002664
<Feb04-2022> <13:07:46>  >>>> CORORT
<Feb04-2022> <13:07:46>  >>>> CLSMAT
<Feb04-2022> <13:07:47>  >>>> ORTHON
<Feb04-2022> <13:07:47>  >>>> GENPT
<Feb04-2022> <13:07:47>  Block Length= 128
<Feb04-2022> <13:07:47>  >>>> PTBAS
<Feb04-2022> <13:07:51>  >>>> CYCLE
<Feb04-2022> <13:08:26>  using orbital data from restart file
<Feb04-2022> <13:08:31>              |Error|         MaxErr       Wt(A-DIIS)
<Feb04-2022> <13:08:31>      1      0.19810158      0.06268422
<Feb04-2022> <13:08:51>      2      0.04248008      0.00704063    100.0
<Feb04-2022> <13:09:08>      3      0.09908746      0.02366445    100.0
<Feb04-2022> <13:09:29>      4      0.02586497      0.00395817      3.0
<Feb04-2022> <13:09:46>      5      0.00836295      0.00257268      1.6
<Feb04-2022> <13:10:07>      6      0.00404602      0.00097769      0.0
<Feb04-2022> <13:10:24>      7      0.00078659      0.00012513      0.0
<Feb04-2022> <13:10:46>      8      0.00030646      0.00004552      0.0
<Feb04-2022> <13:11:02>      9      0.00008445      0.00000921      0.0
<Feb04-2022> <13:11:24>     10      0.00001879      0.00000315      0.0
<Feb04-2022> <13:11:41>     11      0.00000754      0.00000083      0.0
<Feb04-2022> <13:11:57>  SCF converged
<Feb04-2022> <13:12:02>     12      0.00000164      0.00000034      0.0
<Feb04-2022> <13:12:15>  >>>> TOTEN
<Feb04-2022> <13:12:25>  >>>> POPAN
<Feb04-2022> <13:12:25>  >>>> DEBYE
<Feb04-2022> <13:12:26>  >>>> ENGRAD
<Feb04-2022> <13:12:46>  current energy                               -4.10884867 Hartree
<Feb04-2022> <13:12:46>  energy change                      -0.00374574     0.00018000    F
<Feb04-2022> <13:12:46>  constrained gradient max            0.02720473     0.00100000    F
<Feb04-2022> <13:12:46>  constrained gradient rms            0.00919267     0.00066667    F
<Feb04-2022> <13:12:46>  gradient max                        0.02720473
<Feb04-2022> <13:12:46>  gradient rms                        0.00919267
<Feb04-2022> <13:12:46>  cart. step max                      0.05108280     0.01000000    F
<Feb04-2022> <13:12:46>  cart. step rms                      0.01875048     0.00666667    F
<Feb04-2022> <13:12:46>  Iteration 3
<Feb04-2022> <13:12:47>  *** GOStep3 ***
<Feb04-2022> <13:12:53>  >>>> FRAGM
<Feb04-2022> <13:12:53>  Coordinates
<Feb04-2022> <13:12:53>     Atom         X           Y           Z   (Angstrom)
<Feb04-2022> <13:12:53>     1.C        -2.248391   -0.230058   -0.000622
<Feb04-2022> <13:12:53>     2.C        -0.983394   -0.688556   -0.007901
<Feb04-2022> <13:12:53>     3.C         0.166697    0.233987   -0.024561
<Feb04-2022> <13:12:53>     4.O         1.333097   -0.120941    0.013599
<Feb04-2022> <13:12:53>     5.H        -2.418014    0.850401   -0.002398
<Feb04-2022> <13:12:53>     6.H        -0.758509   -1.754227   -0.008665
<Feb04-2022> <13:12:53>     7.C        -5.803505   -2.643542   -0.009392
<Feb04-2022> <13:12:53>     8.C        -5.226738   -2.248304    1.196669
<Feb04-2022> <13:12:53>     9.C        -4.067293   -1.473047    1.201918
<Feb04-2022> <13:12:53>    10.C        -3.471046   -1.082295   -0.004139
<Feb04-2022> <13:12:53>    11.C        -4.054863   -1.483711   -1.212843
<Feb04-2022> <13:12:53>    12.C        -5.214157   -2.259276   -1.212865
<Feb04-2022> <13:12:53>    13.H        -5.680771   -2.544190    2.141827
<Feb04-2022> <13:12:53>    14.H        -3.623971   -1.167097    2.148187
<Feb04-2022> <13:12:53>    15.H        -3.601854   -1.185866   -2.157085
<Feb04-2022> <13:12:53>    16.H        -5.658547   -2.563376   -2.160004
<Feb04-2022> <13:12:53>    17.H        -6.708878   -3.249277   -0.011364
<Feb04-2022> <13:12:53>    18.H        -0.099303    1.319906    0.030101
<Feb04-2022> <13:12:56>  >>>> CORORT
<Feb04-2022> <13:12:56>  >>>> CLSMAT
<Feb04-2022> <13:12:56>  >>>> ORTHON
<Feb04-2022> <13:12:56>  >>>> GENPT
<Feb04-2022> <13:12:56>  Block Length= 128
<Feb04-2022> <13:12:56>  >>>> PTBAS
<Feb04-2022> <13:13:01>  >>>> CYCLE
<Feb04-2022> <13:13:35>  using orbital data from restart file
<Feb04-2022> <13:13:40>              |Error|         MaxErr       Wt(A-DIIS)
<Feb04-2022> <13:13:40>      1      0.16997671      0.04390342
<Feb04-2022> <13:14:01>      2      0.02217514      0.00281353    100.0
<Feb04-2022> <13:14:18>      3      0.01153436      0.00175385    100.0
<Feb04-2022> <13:14:40>      4      0.01372070      0.00171593    100.0
<Feb04-2022> <13:14:50>      5      0.00487855      0.00066305      0.0
<Feb04-2022> <13:14:59>      6      0.00158187      0.00048925      0.0
<Feb04-2022> <13:15:14>      7      0.00060626      0.00015165      0.0
<Feb04-2022> <13:15:22>      8      0.00008792      0.00001814      0.0
<Feb04-2022> <13:15:45>      9      0.00004718      0.00000810      0.0
<Feb04-2022> <13:16:04>     10      0.00001243      0.00000178      0.0
<Feb04-2022> <13:16:34>     11      0.00000470      0.00000055      0.0
<Feb04-2022> <13:16:59>  SCF converged
<Feb04-2022> <13:17:03>     12      0.00000119      0.00000013      0.0
<Feb04-2022> <13:17:09>  >>>> TOTEN
<Feb04-2022> <13:17:21>  >>>> POPAN
<Feb04-2022> <13:17:21>  >>>> DEBYE
<Feb04-2022> <13:17:21>  >>>> ENGRAD
<Feb04-2022> <13:17:38>  current energy                               -4.10929442 Hartree
<Feb04-2022> <13:17:38>  energy change                      -0.00044574     0.00018000    F
<Feb04-2022> <13:17:38>  constrained gradient max            0.02251364     0.00100000    F
<Feb04-2022> <13:17:38>  constrained gradient rms            0.00431128     0.00066667    F
<Feb04-2022> <13:17:38>  gradient max                        0.02251364
<Feb04-2022> <13:17:38>  gradient rms                        0.00431128
<Feb04-2022> <13:17:38>  cart. step max                      0.04590225     0.01000000    F
<Feb04-2022> <13:17:38>  cart. step rms                      0.01517868     0.00666667    F
<Feb04-2022> <13:17:38>  Iteration 4
<Feb04-2022> <13:17:39>  *** GOStep4 ***
<Feb04-2022> <13:17:39>  >>>> FRAGM
<Feb04-2022> <13:17:39>  Coordinates
<Feb04-2022> <13:17:39>     Atom         X           Y           Z   (Angstrom)
<Feb04-2022> <13:17:39>     1.C        -2.246976   -0.255700    0.009974
<Feb04-2022> <13:17:39>     2.C        -0.976886   -0.701357    0.004933
<Feb04-2022> <13:17:39>     3.C         0.154235    0.238287    0.015699
<Feb04-2022> <13:17:39>     4.O         1.320287   -0.089523   -0.028459
<Feb04-2022> <13:17:39>     5.H        -2.402247    0.830044    0.013835
<Feb04-2022> <13:17:39>     6.H        -0.740588   -1.765151   -0.006298
<Feb04-2022> <13:17:39>     7.C        -5.808576   -2.633067   -0.013270
<Feb04-2022> <13:17:39>     8.C        -5.232043   -2.244197    1.194147
<Feb04-2022> <13:17:39>     9.C        -4.067268   -1.479203    1.204747
<Feb04-2022> <13:17:39>    10.C        -3.459003   -1.088518    0.002450
<Feb04-2022> <13:17:39>    11.C        -4.045362   -1.487870   -1.207772
<Feb04-2022> <13:17:39>    12.C        -5.210418   -2.252557   -1.212749
<Feb04-2022> <13:17:39>    13.H        -5.691549   -2.537148    2.141541
<Feb04-2022> <13:17:39>    14.H        -3.624340   -1.178256    2.156573
<Feb04-2022> <13:17:39>    15.H        -3.585275   -1.193518   -2.153481
<Feb04-2022> <13:17:39>    16.H        -5.652985   -2.551849   -2.166203
<Feb04-2022> <13:17:39>    17.H        -6.722116   -3.232293   -0.019406
<Feb04-2022> <13:17:39>    18.H        -0.128329    1.332408   -0.015802
<Feb04-2022> <13:17:39>  >>>> CORORT
<Feb04-2022> <13:17:39>  >>>> CLSMAT
<Feb04-2022> <13:17:39>  >>>> ORTHON
<Feb04-2022> <13:17:39>  >>>> GENPT
<Feb04-2022> <13:17:40>  Block Length= 128
<Feb04-2022> <13:17:41>  >>>> PTBAS
<Feb04-2022> <13:17:45>  >>>> CYCLE
<Feb04-2022> <13:18:12>  using orbital data from restart file
<Feb04-2022> <13:18:16>              |Error|         MaxErr       Wt(A-DIIS)
<Feb04-2022> <13:18:16>      1      0.20659904      0.08876244
<Feb04-2022> <13:18:23>      2      0.02607474      0.00520798    100.0
<Feb04-2022> <13:18:30>      3      0.01348986      0.00326156    100.0
<Feb04-2022> <13:18:37>      4      0.01480724      0.00282005      1.8
<Feb04-2022> <13:18:43>      5      0.00359742      0.00072533      0.0
<Feb04-2022> <13:18:50>      6      0.00123317      0.00025420      0.0
<Feb04-2022> <13:18:59>      7      0.00064650      0.00011283      0.0
<Feb04-2022> <13:19:18>      8      0.00011174      0.00001450      0.0
<Feb04-2022> <13:19:40>      9      0.00005042      0.00000706      0.0
<Feb04-2022> <13:19:57>     10      0.00001745      0.00000193      0.0
<Feb04-2022> <13:20:19>     11      0.00000457      0.00000056      0.0
<Feb04-2022> <13:20:30>  SCF converged
<Feb04-2022> <13:20:35>     12      0.00000130      0.00000014      0.0
<Feb04-2022> <13:20:52>  >>>> TOTEN
<Feb04-2022> <13:21:04>  >>>> POPAN
<Feb04-2022> <13:21:04>  >>>> DEBYE
<Feb04-2022> <13:21:05>  >>>> ENGRAD
<Feb04-2022> <13:21:23>  current energy                               -4.10918519 Hartree
<Feb04-2022> <13:21:23>  energy change                       0.00010923     0.00018000    T
<Feb04-2022> <13:21:23>  constrained gradient max            0.01719132     0.00100000    F
<Feb04-2022> <13:21:23>  constrained gradient rms            0.00652955     0.00066667    F
<Feb04-2022> <13:21:23>  gradient max                        0.01719132
<Feb04-2022> <13:21:23>  gradient rms                        0.00652955
<Feb04-2022> <13:21:23>  cart. step max                      0.01198660     0.01000000    F
<Feb04-2022> <13:21:23>  cart. step rms                      0.00525166     0.00666667    T
<Feb04-2022> <13:21:23>  Iteration 5
<Feb04-2022> <13:21:24>  *** GOStep5 ***
<Feb04-2022> <13:21:29>  >>>> FRAGM
<Feb04-2022> <13:21:29>  Coordinates
<Feb04-2022> <13:21:29>     Atom         X           Y           Z   (Angstrom)
<Feb04-2022> <13:21:29>     1.C        -2.245591   -0.243713    0.007399
<Feb04-2022> <13:21:29>     2.C        -0.979220   -0.694113    0.001930
<Feb04-2022> <13:21:29>     3.C         0.160496    0.237015    0.009460
<Feb04-2022> <13:21:29>     4.O         1.330343   -0.100698   -0.019347
<Feb04-2022> <13:21:29>     5.H        -2.402984    0.839750    0.012134
<Feb04-2022> <13:21:29>     6.H        -0.747745   -1.758180   -0.008105
<Feb04-2022> <13:21:29>     7.C        -5.808573   -2.638572   -0.012327
<Feb04-2022> <13:21:29>     8.C        -5.232294   -2.246752    1.195803
<Feb04-2022> <13:21:29>     9.C        -4.069634   -1.476415    1.204341
<Feb04-2022> <13:21:29>    10.C        -3.464499   -1.085602    0.000478
<Feb04-2022> <13:21:29>    11.C        -4.050091   -1.486041   -1.209884
<Feb04-2022> <13:21:29>    12.C        -5.213027   -2.256084   -1.214036
<Feb04-2022> <13:21:29>    13.H        -5.688110   -2.540911    2.140118
<Feb04-2022> <13:21:29>    14.H        -3.627411   -1.174419    2.151919
<Feb04-2022> <13:21:29>    15.H        -3.592637   -1.191343   -2.152491
<Feb04-2022> <13:21:29>    16.H        -5.653847   -2.557324   -2.163229
<Feb04-2022> <13:21:29>    17.H        -6.716394   -3.239497   -0.017256
<Feb04-2022> <13:21:29>    18.H        -0.118219    1.323432   -0.006444
<Feb04-2022> <13:21:29>  >>>> CORORT
<Feb04-2022> <13:21:29>  >>>> CLSMAT
<Feb04-2022> <13:21:29>  >>>> ORTHON
<Feb04-2022> <13:21:29>  >>>> GENPT
<Feb04-2022> <13:21:29>  Block Length= 128
<Feb04-2022> <13:21:31>  >>>> PTBAS
<Feb04-2022> <13:21:36>  >>>> CYCLE
<Feb04-2022> <13:22:08>  using orbital data from restart file
<Feb04-2022> <13:22:13>              |Error|         MaxErr       Wt(A-DIIS)
<Feb04-2022> <13:22:13>      1      0.06861840      0.01713082
<Feb04-2022> <13:22:31>      2      0.01163470      0.00151863    100.0
<Feb04-2022> <13:22:52>      3      0.02307014      0.00466590    100.0
<Feb04-2022> <13:23:09>      4      0.00511458      0.00071566      0.0
<Feb04-2022> <13:23:31>      5      0.00242288      0.00073181      0.0
<Feb04-2022> <13:23:48>      6      0.00076933      0.00007708      0.0
<Feb04-2022> <13:24:09>      7      0.00027745      0.00006200      0.0
<Feb04-2022> <13:24:26>      8      0.00007984      0.00002466      0.0
<Feb04-2022> <13:24:47>      9      0.00002817      0.00000535      0.0
<Feb04-2022> <13:25:05>     10      0.00000730      0.00000086      0.0
<Feb04-2022> <13:25:21>  SCF converged
<Feb04-2022> <13:25:26>     11      0.00000220      0.00000019      0.0
<Feb04-2022> <13:25:37>  >>>> TOTEN
<Feb04-2022> <13:25:46>  >>>> POPAN
<Feb04-2022> <13:25:47>  >>>> DEBYE
<Feb04-2022> <13:25:48>  >>>> ENGRAD
<Feb04-2022> <13:26:07>  current energy                               -4.10967245 Hartree
<Feb04-2022> <13:26:07>  energy change                      -0.00048726     0.00018000    F
<Feb04-2022> <13:26:07>  constrained gradient max            0.01045781     0.00100000    F
<Feb04-2022> <13:26:07>  constrained gradient rms            0.00208871     0.00066667    F
<Feb04-2022> <13:26:07>  gradient max                        0.01045781
<Feb04-2022> <13:26:07>  gradient rms                        0.00208871
<Feb04-2022> <13:26:07>  cart. step max                      0.02530120     0.01000000    F
<Feb04-2022> <13:26:07>  cart. step rms                      0.00884237     0.00666667    F
<Feb04-2022> <13:26:07>  Iteration 6
<Feb04-2022> <13:26:08>  *** GOStep6 ***
<Feb04-2022> <13:26:15>  >>>> FRAGM
<Feb04-2022> <13:26:15>  Coordinates
<Feb04-2022> <13:26:15>     Atom         X           Y           Z   (Angstrom)
<Feb04-2022> <13:26:15>     1.C        -2.247189   -0.236531   -0.001882
<Feb04-2022> <13:26:15>     2.C        -0.983288   -0.694135   -0.008831
<Feb04-2022> <13:26:15>     3.C         0.162368    0.229593    0.002093
<Feb04-2022> <13:26:15>     4.O         1.330207   -0.116304   -0.001719
<Feb04-2022> <13:26:15>     5.H        -2.400327    0.846857    0.015785
<Feb04-2022> <13:26:15>     6.H        -0.757261   -1.759194   -0.020250
<Feb04-2022> <13:26:15>     7.C        -5.802838   -2.644996   -0.009719
<Feb04-2022> <13:26:15>     8.C        -5.228738   -2.244410    1.196906
<Feb04-2022> <13:26:15>     9.C        -4.074691   -1.460903    1.201469
<Feb04-2022> <13:26:15>    10.C        -3.470705   -1.075797   -0.004679
<Feb04-2022> <13:26:15>    11.C        -4.059390   -1.475713   -1.213498
<Feb04-2022> <13:26:15>    12.C        -5.214053   -2.258403   -1.213794
<Feb04-2022> <13:26:15>    13.H        -5.675885   -2.545925    2.141460
<Feb04-2022> <13:26:15>    14.H        -3.630826   -1.157065    2.146257
<Feb04-2022> <13:26:15>    15.H        -3.603676   -1.183241   -2.156206
<Feb04-2022> <13:26:15>    16.H        -5.649734   -2.570833   -2.160154
<Feb04-2022> <13:26:15>    17.H        -6.702263   -3.256046   -0.011636
<Feb04-2022> <13:26:15>    18.H        -0.111151    1.313579    0.018857
<Feb04-2022> <13:26:17>  >>>> CORORT
<Feb04-2022> <13:26:17>  >>>> CLSMAT
<Feb04-2022> <13:26:17>  >>>> ORTHON
<Feb04-2022> <13:26:17>  >>>> GENPT
<Feb04-2022> <13:26:17>  Block Length= 128
<Feb04-2022> <13:26:18>  >>>> PTBAS
<Feb04-2022> <13:26:22>  >>>> CYCLE
<Feb04-2022> <13:26:56>  using orbital data from restart file
<Feb04-2022> <13:27:01>              |Error|         MaxErr       Wt(A-DIIS)
<Feb04-2022> <13:27:01>      1      0.06973442      0.02772757
<Feb04-2022> <13:27:22>      2      0.00931174      0.00168349    100.0
<Feb04-2022> <13:27:39>      3      0.01141967      0.00156047    100.0
<Feb04-2022> <13:27:59>      4      0.00397761      0.00043858      0.0
<Feb04-2022> <13:28:16>      5      0.00080422      0.00010987      0.0
<Feb04-2022> <13:28:28>      6      0.00037370      0.00006263      0.0
<Feb04-2022> <13:28:43>      7      0.00012933      0.00003400      0.0
<Feb04-2022> <13:29:11>      8      0.00005653      0.00001007      0.0
<Feb04-2022> <13:29:41>      9      0.00002185      0.00000558      0.0
<Feb04-2022> <13:29:51>     10      0.00000701      0.00000189      0.0
<Feb04-2022> <13:30:05>     11      0.00000198      0.00000035      0.0
<Feb04-2022> <13:30:14>  SCF converged
<Feb04-2022> <13:30:17>     12      0.00000060      0.00000008      0.0
<Feb04-2022> <13:30:22>  >>>> TOTEN
<Feb04-2022> <13:30:32>  >>>> POPAN
<Feb04-2022> <13:30:32>  >>>> DEBYE
<Feb04-2022> <13:30:33>  >>>> ENGRAD
<Feb04-2022> <13:30:52>  current energy                               -4.10978413 Hartree
<Feb04-2022> <13:30:52>  energy change                      -0.00011168     0.00018000    T
<Feb04-2022> <13:30:52>  constrained gradient max            0.00135833     0.00100000    F
<Feb04-2022> <13:30:52>  constrained gradient rms            0.00045191     0.00066667    T
<Feb04-2022> <13:30:52>  gradient max                        0.00135833
<Feb04-2022> <13:30:52>  gradient rms                        0.00045191
<Feb04-2022> <13:30:52>  cart. step max                      0.01896688     0.01000000    F
<Feb04-2022> <13:30:52>  cart. step rms                      0.00630306     0.00666667    T
<Feb04-2022> <13:30:52>  Iteration 7
<Feb04-2022> <13:30:53>  *** GOStep7 ***
<Feb04-2022> <13:30:53>  >>>> FRAGM
<Feb04-2022> <13:30:53>  Coordinates
<Feb04-2022> <13:30:53>     Atom         X           Y           Z   (Angstrom)
<Feb04-2022> <13:30:53>     1.C        -2.246904   -0.237775    0.009299
<Feb04-2022> <13:30:53>     2.C        -0.982173   -0.692543   -0.009994
<Feb04-2022> <13:30:53>     3.C         0.161772    0.233433   -0.005478
<Feb04-2022> <13:30:53>     4.O         1.330629   -0.110424   -0.020686
<Feb04-2022> <13:30:53>     5.H        -2.402500    0.845211    0.027461
<Feb04-2022> <13:30:53>     6.H        -0.753867   -1.756939   -0.031789
<Feb04-2022> <13:30:53>     7.C        -5.804948   -2.642847   -0.011792
<Feb04-2022> <13:30:53>     8.C        -5.234031   -2.243924    1.196959
<Feb04-2022> <13:30:53>     9.C        -4.074800   -1.468098    1.205814
<Feb04-2022> <13:30:53>    10.C        -3.467866   -1.081196    0.001717
<Feb04-2022> <13:30:53>    11.C        -4.049151   -1.485608   -1.209214
<Feb04-2022> <13:30:53>    12.C        -5.208881   -2.260871   -1.213762
<Feb04-2022> <13:30:53>    13.H        -5.690039   -2.537232    2.139590
<Feb04-2022> <13:30:53>    14.H        -3.636729   -1.160675    2.151909
<Feb04-2022> <13:30:53>    15.H        -3.591230   -1.191354   -2.150045
<Feb04-2022> <13:30:53>    16.H        -5.645554   -2.566816   -2.161520
<Feb04-2022> <13:30:53>    17.H        -6.708350   -3.247583   -0.016966
<Feb04-2022> <13:30:53>    18.H        -0.114818    1.315774    0.018957
<Feb04-2022> <13:30:53>  >>>> CORORT
<Feb04-2022> <13:30:53>  >>>> CLSMAT
<Feb04-2022> <13:30:54>  >>>> ORTHON
<Feb04-2022> <13:30:54>  >>>> GENPT
<Feb04-2022> <13:30:54>  Block Length= 128
<Feb04-2022> <13:30:55>  >>>> PTBAS
<Feb04-2022> <13:30:59>  >>>> CYCLE
<Feb04-2022> <13:31:20>  using orbital data from restart file
<Feb04-2022> <13:31:24>              |Error|         MaxErr       Wt(A-DIIS)
<Feb04-2022> <13:31:24>      1      0.04105231      0.01199746
<Feb04-2022> <13:31:31>      2      0.00506279      0.00065568    100.0
<Feb04-2022> <13:31:41>      3      0.00735187      0.00135520    100.0
<Feb04-2022> <13:31:55>      4      0.00251751      0.00040775      0.0
<Feb04-2022> <13:32:16>      5      0.00091029      0.00019598      0.0
<Feb04-2022> <13:32:33>      6      0.00035741      0.00006880      0.0
<Feb04-2022> <13:32:54>      7      0.00009660      0.00001231      0.0
<Feb04-2022> <13:33:11>      8      0.00002622      0.00000228      0.0
<Feb04-2022> <13:33:32>      9      0.00001133      0.00000105      0.0
<Feb04-2022> <13:33:49>     10      0.00000303      0.00000042      0.0
<Feb04-2022> <13:34:06>  SCF converged
<Feb04-2022> <13:34:11>     11      0.00000142      0.00000022      0.0
<Feb04-2022> <13:34:23>  >>>> TOTEN
<Feb04-2022> <13:34:33>  >>>> POPAN
<Feb04-2022> <13:34:34>  >>>> DEBYE
<Feb04-2022> <13:34:34>  >>>> ENGRAD
<Feb04-2022> <13:34:54>  current energy                               -4.10979575 Hartree
<Feb04-2022> <13:34:54>  energy change                      -0.00001163     0.00018000    T
<Feb04-2022> <13:34:54>  constrained gradient max            0.00125567     0.00100000    F
<Feb04-2022> <13:34:54>  constrained gradient rms            0.00039518     0.00066667    T
<Feb04-2022> <13:34:54>  gradient max                        0.00125567
<Feb04-2022> <13:34:54>  gradient rms                        0.00039518
<Feb04-2022> <13:34:54>  cart. step max                      0.01759546     0.01000000    F
<Feb04-2022> <13:34:54>  cart. step rms                      0.00481550     0.00666667    T
<Feb04-2022> <13:34:54>  Iteration 8
<Feb04-2022> <13:34:55>  *** GOStep8 ***
<Feb04-2022> <13:35:02>  >>>> FRAGM
<Feb04-2022> <13:35:02>  Coordinates
<Feb04-2022> <13:35:02>     Atom         X           Y           Z   (Angstrom)
<Feb04-2022> <13:35:02>     1.C        -2.247114   -0.237575    0.013379
<Feb04-2022> <13:35:02>     2.C        -0.982739   -0.692536   -0.016429
<Feb04-2022> <13:35:02>     3.C         0.161511    0.232920   -0.007036
<Feb04-2022> <13:35:02>     4.O         1.330033   -0.111042   -0.032921
<Feb04-2022> <13:35:02>     5.H        -2.401542    0.845333    0.045057
<Feb04-2022> <13:35:02>     6.H        -0.754964   -1.756782   -0.048995
<Feb04-2022> <13:35:02>     7.C        -5.804853   -2.642615   -0.012426
<Feb04-2022> <13:35:02>     8.C        -5.237291   -2.241079    1.197054
<Feb04-2022> <13:35:02>     9.C        -4.078840   -1.464136    1.207439
<Feb04-2022> <13:35:02>    10.C        -3.468042   -1.080263    0.004218
<Feb04-2022> <13:35:02>    11.C        -4.045981   -1.487549   -1.207429
<Feb04-2022> <13:35:02>    12.C        -5.205384   -2.263329   -1.213527
<Feb04-2022> <13:35:02>    13.H        -5.695229   -2.533428    2.139095
<Feb04-2022> <13:35:02>    14.H        -3.642877   -1.155439    2.154139
<Feb04-2022> <13:35:02>    15.H        -3.584617   -1.196422   -2.147580
<Feb04-2022> <13:35:02>    16.H        -5.638687   -2.572428   -2.161854
<Feb04-2022> <13:35:02>    17.H        -6.707761   -3.248145   -0.018792
<Feb04-2022> <13:35:02>    18.H        -0.115061    1.315046    0.027067
<Feb04-2022> <13:35:04>  >>>> CORORT
<Feb04-2022> <13:35:04>  >>>> CLSMAT
<Feb04-2022> <13:35:04>  >>>> ORTHON
<Feb04-2022> <13:35:04>  >>>> GENPT
<Feb04-2022> <13:35:04>  Block Length= 128
<Feb04-2022> <13:35:04>  >>>> PTBAS
<Feb04-2022> <13:35:09>  >>>> CYCLE
<Feb04-2022> <13:35:43>  using orbital data from restart file
<Feb04-2022> <13:35:48>              |Error|         MaxErr       Wt(A-DIIS)
<Feb04-2022> <13:35:48>      1      0.03070740      0.01056688
<Feb04-2022> <13:36:09>      2      0.00296600      0.00067047    100.0
<Feb04-2022> <13:36:27>      3      0.00192120      0.00037513    100.0
<Feb04-2022> <13:36:48>      4      0.00163519      0.00031547      0.0
<Feb04-2022> <13:37:05>      5      0.00028893      0.00006799      0.0
<Feb04-2022> <13:37:26>      6      0.00009470      0.00001348      0.0
<Feb04-2022> <13:37:43>      7      0.00004375      0.00000876      0.0
<Feb04-2022> <13:38:05>      8      0.00001781      0.00000412      0.0
<Feb04-2022> <13:38:22>      9      0.00000604      0.00000120      0.0
<Feb04-2022> <13:38:44>     10      0.00000190      0.00000024      0.0
<Feb04-2022> <13:38:55>  SCF converged
<Feb04-2022> <13:39:00>     11      0.00000054      0.00000007      0.0
<Feb04-2022> <13:39:17>  >>>> TOTEN
<Feb04-2022> <13:39:29>  >>>> POPAN
<Feb04-2022> <13:39:29>  >>>> DEBYE
<Feb04-2022> <13:39:30>  >>>> ENGRAD
<Feb04-2022> <13:39:49>  current energy                               -4.10981292 Hartree
<Feb04-2022> <13:39:49>  energy change                      -0.00001717     0.00018000    T
<Feb04-2022> <13:39:49>  constrained gradient max            0.00073325     0.00100000    T
<Feb04-2022> <13:39:49>  constrained gradient rms            0.00023480     0.00066667    T
<Feb04-2022> <13:39:49>  gradient max                        0.00073325
<Feb04-2022> <13:39:49>  gradient rms                        0.00023480
<Feb04-2022> <13:39:49>  cart. step max                      0.05739296     0.01000000    F
<Feb04-2022> <13:39:49>  cart. step rms                      0.01509467     0.00666667    F
<Feb04-2022> <13:39:49>  Iteration 9
<Feb04-2022> <13:39:49>  *** GOStep9 ***
<Feb04-2022> <13:39:53>  >>>> FRAGM
<Feb04-2022> <13:39:53>  Coordinates
<Feb04-2022> <13:39:53>     Atom         X           Y           Z   (Angstrom)
<Feb04-2022> <13:39:53>     1.C        -2.247061   -0.238235    0.026888
<Feb04-2022> <13:39:53>     2.C        -0.983429   -0.692549   -0.036407
<Feb04-2022> <13:39:53>     3.C         0.161564    0.231819   -0.014586
<Feb04-2022> <13:39:53>     4.O         1.329054   -0.111317   -0.069328
<Feb04-2022> <13:39:53>     5.H        -2.399178    0.843438    0.094081
<Feb04-2022> <13:39:53>     6.H        -0.757118   -1.755336   -0.106388
<Feb04-2022> <13:39:53>     7.C        -5.803615   -2.643867   -0.013983
<Feb04-2022> <13:39:53>     8.C        -5.247710   -2.232063    1.197545
<Feb04-2022> <13:39:53>     9.C        -4.091362   -1.452394    1.212467
<Feb04-2022> <13:39:53>    10.C        -3.468388   -1.079108    0.011997
<Feb04-2022> <13:39:53>    11.C        -4.036304   -1.494334   -1.201720
<Feb04-2022> <13:39:53>    12.C        -5.194612   -2.271788   -1.212395
<Feb04-2022> <13:39:53>    13.H        -5.712638   -2.519644    2.137705
<Feb04-2022> <13:39:53>    14.H        -3.663952   -1.136706    2.160884
<Feb04-2022> <13:39:53>    15.H        -3.566339   -1.209923   -2.139688
<Feb04-2022> <13:39:53>    16.H        -5.618743   -2.588968   -2.162277
<Feb04-2022> <13:39:53>    17.H        -6.705698   -3.250707   -0.023853
<Feb04-2022> <13:39:53>    18.H        -0.113909    1.312214    0.059519
<Feb04-2022> <13:39:53>  >>>> CORORT
<Feb04-2022> <13:39:53>  >>>> CLSMAT
<Feb04-2022> <13:39:53>  >>>> ORTHON
<Feb04-2022> <13:39:54>  >>>> GENPT
<Feb04-2022> <13:39:54>  Block Length= 128
<Feb04-2022> <13:39:56>  >>>> PTBAS
<Feb04-2022> <13:40:01>  >>>> CYCLE
<Feb04-2022> <13:40:33>  using orbital data from restart file
<Feb04-2022> <13:40:39>              |Error|         MaxErr       Wt(A-DIIS)
<Feb04-2022> <13:40:39>      1      0.09003868      0.02803044
<Feb04-2022> <13:40:55>      2      0.00952539      0.00201250    100.0
<Feb04-2022> <13:41:15>      3      0.00820618      0.00143391    100.0
<Feb04-2022> <13:41:31>      4      0.00779465      0.00213198      1.1
<Feb04-2022> <13:41:41>      5      0.00165814      0.00044039      0.0
<Feb04-2022> <13:41:58>      6      0.00059998      0.00017093      0.0
<Feb04-2022> <13:42:27>      7      0.00014934      0.00003518      0.0
<Feb04-2022> <13:42:57>      8      0.00005811      0.00000747      0.0
<Feb04-2022> <13:43:07>      9      0.00002308      0.00000314      0.0
<Feb04-2022> <13:43:21>     10      0.00000846      0.00000082      0.0
<Feb04-2022> <13:43:30>  SCF converged
<Feb04-2022> <13:43:33>     11      0.00000143      0.00000014      0.0
<Feb04-2022> <13:43:37>  >>>> TOTEN
<Feb04-2022> <13:43:46>  >>>> POPAN
<Feb04-2022> <13:43:47>  >>>> DEBYE
<Feb04-2022> <13:43:47>  >>>> ENGRAD
<Feb04-2022> <13:44:06>  current energy                               -4.10988792 Hartree
<Feb04-2022> <13:44:06>  energy change                      -0.00007499     0.00018000    T
<Feb04-2022> <13:44:06>  constrained gradient max            0.00130426     0.00100000    F
<Feb04-2022> <13:44:06>  constrained gradient rms            0.00033465     0.00066667    T
<Feb04-2022> <13:44:06>  gradient max                        0.00130426
<Feb04-2022> <13:44:06>  gradient rms                        0.00033465
<Feb04-2022> <13:44:06>  cart. step max                      0.10304797     0.01000000    F
<Feb04-2022> <13:44:06>  cart. step rms                      0.02864798     0.00666667    F
<Feb04-2022> <13:44:06>  Iteration 10
<Feb04-2022> <13:44:07>  *** GOStep10 ***
<Feb04-2022> <13:44:07>  >>>> FRAGM
<Feb04-2022> <13:44:07>  Coordinates
<Feb04-2022> <13:44:07>     Atom         X           Y           Z   (Angstrom)
<Feb04-2022> <13:44:07>     1.C        -2.245933   -0.241202    0.054893
<Feb04-2022> <13:44:07>     2.C        -0.984961   -0.689577   -0.073250
<Feb04-2022> <13:44:07>     3.C         0.160645    0.233434   -0.032426
<Feb04-2022> <13:44:07>     4.O         1.325936   -0.104583   -0.141143
<Feb04-2022> <13:44:07>     5.H        -2.394300    0.833681    0.197129
<Feb04-2022> <13:44:07>     6.H        -0.761262   -1.746754   -0.207324
<Feb04-2022> <13:44:07>     7.C        -5.804972   -2.641503   -0.018122
<Feb04-2022> <13:44:07>     8.C        -5.268243   -2.215831    1.197543
<Feb04-2022> <13:44:07>     9.C        -4.111886   -1.436955    1.221901
<Feb04-2022> <13:44:07>    10.C        -3.467447   -1.080549    0.027299
<Feb04-2022> <13:44:07>    11.C        -4.013216   -1.513992   -1.190168
<Feb04-2022> <13:44:07>    12.C        -5.174180   -2.287575   -1.210543
<Feb04-2022> <13:44:07>    13.H        -5.749734   -2.490404    2.133243
<Feb04-2022> <13:44:07>    14.H        -3.700756   -1.109094    2.173484
<Feb04-2022> <13:44:07>    15.H        -3.526045   -1.242999   -2.123210
<Feb04-2022> <13:44:07>    16.H        -5.583227   -2.615710   -2.163310
<Feb04-2022> <13:44:07>    17.H        -6.707586   -3.247398   -0.035280
<Feb04-2022> <13:44:07>    18.H        -0.112272    1.307542    0.109746
<Feb04-2022> <13:44:09>  >>>> CORORT
<Feb04-2022> <13:44:09>  >>>> CLSMAT
<Feb04-2022> <13:44:09>  >>>> ORTHON
<Feb04-2022> <13:44:09>  >>>> GENPT
<Feb04-2022> <13:44:09>  Block Length= 128
<Feb04-2022> <13:44:10>  >>>> PTBAS
<Feb04-2022> <13:44:13>  >>>> CYCLE
<Feb04-2022> <13:44:35>  using orbital data from restart file
<Feb04-2022> <13:44:39>              |Error|         MaxErr       Wt(A-DIIS)
<Feb04-2022> <13:44:39>      1      0.17068329      0.05283851
<Feb04-2022> <13:44:46>      2      0.02108450      0.00409365    100.0
<Feb04-2022> <13:44:55>      3      0.02457488      0.00357803    100.0
<Feb04-2022> <13:45:11>      4      0.01227631      0.00283889      1.9
<Feb04-2022> <13:45:33>      5      0.00487998      0.00126208      0.3
<Feb04-2022> <13:45:50>      6      0.00155781      0.00039660      0.0
<Feb04-2022> <13:46:11>      7      0.00029834      0.00004767      0.0
<Feb04-2022> <13:46:28>      8      0.00011651      0.00001237      0.0
<Feb04-2022> <13:46:41>      9      0.00002716      0.00000344      0.0
<Feb04-2022> <13:46:50>     10      0.00001587      0.00000155      0.0
<Feb04-2022> <13:47:06>     11      0.00000407      0.00000049      0.0
<Feb04-2022> <13:47:23>  SCF converged
<Feb04-2022> <13:47:28>     12      0.00000173      0.00000023      0.0
<Feb04-2022> <13:47:40>  >>>> TOTEN
<Feb04-2022> <13:47:50>  >>>> POPAN
<Feb04-2022> <13:47:50>  >>>> DEBYE
<Feb04-2022> <13:47:51>  >>>> ENGRAD
<Feb04-2022> <13:48:11>  current energy                               -4.11018133 Hartree
<Feb04-2022> <13:48:11>  energy change                      -0.00029341     0.00018000    F
<Feb04-2022> <13:48:11>  constrained gradient max            0.00168609     0.00100000    F
<Feb04-2022> <13:48:11>  constrained gradient rms            0.00050919     0.00066667    T
<Feb04-2022> <13:48:11>  gradient max                        0.00168609
<Feb04-2022> <13:48:11>  gradient rms                        0.00050919
<Feb04-2022> <13:48:11>  cart. step max                      0.21191299     0.01000000    F
<Feb04-2022> <13:48:11>  cart. step rms                      0.05658971     0.00666667    F
<Feb04-2022> <13:48:11>  Iteration 11
<Feb04-2022> <13:48:12>  *** GOStep11 ***
<Feb04-2022> <13:48:19>  >>>> FRAGM
<Feb04-2022> <13:48:19>  Coordinates
<Feb04-2022> <13:48:19>     Atom         X           Y           Z   (Angstrom)
<Feb04-2022> <13:48:19>     1.C        -2.240585   -0.252801    0.110131
<Feb04-2022> <13:48:19>     2.C        -0.990762   -0.679789   -0.144244
<Feb04-2022> <13:48:19>     3.C         0.159162    0.234701   -0.063122
<Feb04-2022> <13:48:19>     4.O         1.314616   -0.084814   -0.280329
<Feb04-2022> <13:48:19>     5.H        -2.377121    0.800685    0.372407
<Feb04-2022> <13:48:19>     6.H        -0.780569   -1.712147   -0.419237
<Feb04-2022> <13:48:19>     7.C        -5.803721   -2.641690   -0.024747
<Feb04-2022> <13:48:19>     8.C        -5.309301   -2.182528    1.197245
<Feb04-2022> <13:48:19>     9.C        -4.154409   -1.403305    1.240280
<Feb04-2022> <13:48:19>    10.C        -3.464664   -1.084640    0.059516
<Feb04-2022> <13:48:19>    11.C        -3.970873   -1.547628   -1.164056
<Feb04-2022> <13:48:19>    12.C        -5.132937   -2.319054   -1.203833
<Feb04-2022> <13:48:19>    13.H        -5.822811   -2.432685    2.122783
<Feb04-2022> <13:48:19>    14.H        -3.776255   -1.050485    2.196829
<Feb04-2022> <13:48:19>    15.H        -3.450967   -1.301596   -2.086179
<Feb04-2022> <13:48:19>    16.H        -5.511111   -2.670027   -2.161266
<Feb04-2022> <13:48:19>    17.H        -6.707913   -3.244735   -0.056796
<Feb04-2022> <13:48:19>    18.H        -0.099215    1.283071    0.225079
<Feb04-2022> <13:48:21>  >>>> CORORT
<Feb04-2022> <13:48:21>  >>>> CLSMAT
<Feb04-2022> <13:48:21>  >>>> ORTHON
<Feb04-2022> <13:48:21>  >>>> GENPT
<Feb04-2022> <13:48:21>  Block Length= 128
<Feb04-2022> <13:48:21>  >>>> PTBAS
<Feb04-2022> <13:48:26>  >>>> CYCLE
<Feb04-2022> <13:48:53>  using orbital data from restart file
<Feb04-2022> <13:48:58>              |Error|         MaxErr       Wt(A-DIIS)
<Feb04-2022> <13:48:58>      1      0.34128528      0.10473640
<Feb04-2022> <13:49:06>      2      0.06069484      0.00768241    100.0
<Feb04-2022> <13:49:27>      3      0.09285083      0.01235941    100.0
<Feb04-2022> <13:49:44>      4      0.02364469      0.00569281      4.7
<Feb04-2022> <13:50:05>      5      0.01275391      0.00342114      2.4
<Feb04-2022> <13:50:23>      6      0.00561901      0.00121586      0.2
<Feb04-2022> <13:50:44>      7      0.00084768      0.00013282      0.0
<Feb04-2022> <13:51:01>      8      0.00035638      0.00004239      0.0
<Feb04-2022> <13:51:22>      9      0.00013158      0.00001917      0.0
<Feb04-2022> <13:51:39>     10      0.00004708      0.00000571      0.0
<Feb04-2022> <13:52:01>     11      0.00000963      0.00000090      0.0
<Feb04-2022> <13:52:13>  SCF converged
<Feb04-2022> <13:52:17>     12      0.00000404      0.00000045      0.0
<Feb04-2022> <13:52:35>  >>>> TOTEN
<Feb04-2022> <13:52:47>  >>>> POPAN
<Feb04-2022> <13:52:47>  >>>> DEBYE
<Feb04-2022> <13:52:48>  >>>> ENGRAD
<Feb04-2022> <13:53:07>  current energy                               -4.11113886 Hartree
<Feb04-2022> <13:53:07>  energy change                      -0.00095753     0.00018000    F
<Feb04-2022> <13:53:07>  constrained gradient max            0.00460651     0.00100000    F
<Feb04-2022> <13:53:07>  constrained gradient rms            0.00118322     0.00066667    F
<Feb04-2022> <13:53:07>  gradient max                        0.00460651
<Feb04-2022> <13:53:07>  gradient rms                        0.00118322
<Feb04-2022> <13:53:07>  cart. step max                      0.21716387     0.01000000    F
<Feb04-2022> <13:53:07>  cart. step rms                      0.06198729     0.00666667    F
<Feb04-2022> <13:53:07>  Iteration 12
<Feb04-2022> <13:53:08>  *** GOStep12 ***
<Feb04-2022> <13:53:12>  >>>> FRAGM
<Feb04-2022> <13:53:12>  Coordinates
<Feb04-2022> <13:53:12>     Atom         X           Y           Z   (Angstrom)
<Feb04-2022> <13:53:12>     1.C        -2.231246   -0.274421    0.169791
<Feb04-2022> <13:53:12>     2.C        -1.001422   -0.660629   -0.218140
<Feb04-2022> <13:53:12>     3.C         0.153717    0.241987   -0.101978
<Feb04-2022> <13:53:12>     4.O         1.292269   -0.043365   -0.430370
<Feb04-2022> <13:53:12>     5.H        -2.342345    0.729594    0.589571
<Feb04-2022> <13:53:12>     6.H        -0.811465   -1.653212   -0.623299
<Feb04-2022> <13:53:12>     7.C        -5.805951   -2.635194   -0.033967
<Feb04-2022> <13:53:12>     8.C        -5.352232   -2.145473    1.192615
<Feb04-2022> <13:53:12>     9.C        -4.195196   -1.372217    1.255395
<Feb04-2022> <13:53:12>    10.C        -3.458302   -1.093700    0.091938
<Feb04-2022> <13:53:12>    11.C        -3.920823   -1.593210   -1.135141
<Feb04-2022> <13:53:12>    12.C        -5.089281   -2.353291   -1.196267
<Feb04-2022> <13:53:12>    13.H        -5.903010   -2.363423    2.104831
<Feb04-2022> <13:53:12>    14.H        -3.852236   -0.991067    2.214584
<Feb04-2022> <13:53:12>    15.H        -3.367402   -1.373747   -2.044258
<Feb04-2022> <13:53:12>    16.H        -5.438032   -2.724869   -2.157160
<Feb04-2022> <13:53:12>    17.H        -6.714072   -3.231376   -0.081926
<Feb04-2022> <13:53:12>    18.H        -0.082411    1.248146    0.324243
<Feb04-2022> <13:53:12>  >>>> CORORT
<Feb04-2022> <13:53:12>  >>>> CLSMAT
<Feb04-2022> <13:53:12>  >>>> ORTHON
<Feb04-2022> <13:53:12>  >>>> GENPT
<Feb04-2022> <13:53:13>  Block Length= 128
<Feb04-2022> <13:53:13>  >>>> PTBAS
<Feb04-2022> <13:53:17>  >>>> CYCLE
<Feb04-2022> <13:53:44>  using orbital data from restart file
<Feb04-2022> <13:53:49>              |Error|         MaxErr       Wt(A-DIIS)
<Feb04-2022> <13:53:49>      1      0.36901204      0.10720006
<Feb04-2022> <13:54:01>      2      0.07028060      0.00901330    100.0
<Feb04-2022> <13:54:31>      3      0.11081281      0.01290697    100.0
<Feb04-2022> <13:55:00>      4      0.02688807      0.00613472      5.2
<Feb04-2022> <13:55:21>      5      0.01435945      0.00377224      2.8
<Feb04-2022> <13:55:35>      6      0.00641617      0.00115462      0.2
<Feb04-2022> <13:55:42>      7      0.00102318      0.00013065      0.0
<Feb04-2022> <13:56:09>      8      0.00037813      0.00004651      0.0
<Feb04-2022> <13:56:16>      9      0.00012538      0.00001273      0.0
<Feb04-2022> <13:56:23>     10      0.00005607      0.00000577      0.0
<Feb04-2022> <13:56:29>     11      0.00001297      0.00000146      0.0
<Feb04-2022> <13:56:36>     12      0.00000539      0.00000060      0.0
<Feb04-2022> <13:56:39>  SCF converged
<Feb04-2022> <13:56:43>     13      0.00000251      0.00000031      0.0
<Feb04-2022> <13:56:46>  >>>> TOTEN
<Feb04-2022> <13:56:55>  >>>> POPAN
<Feb04-2022> <13:56:56>  >>>> DEBYE
<Feb04-2022> <13:56:57>  >>>> ENGRAD
<Feb04-2022> <13:57:15>  current energy                               -4.11284146 Hartree
<Feb04-2022> <13:57:15>  energy change                      -0.00170260     0.00018000    F
<Feb04-2022> <13:57:15>  constrained gradient max            0.00392983     0.00100000    F
<Feb04-2022> <13:57:15>  constrained gradient rms            0.00143621     0.00066667    F
<Feb04-2022> <13:57:15>  gradient max                        0.00392983
<Feb04-2022> <13:57:15>  gradient rms                        0.00143621
<Feb04-2022> <13:57:15>  cart. step max                      0.22188099     0.01000000    F
<Feb04-2022> <13:57:15>  cart. step rms                      0.06381314     0.00666667    F
<Feb04-2022> <13:57:15>  Iteration 13
<Feb04-2022> <13:57:16>  *** GOStep13 ***
<Feb04-2022> <13:57:22>  >>>> FRAGM
<Feb04-2022> <13:57:22>  Coordinates
<Feb04-2022> <13:57:22>     Atom         X           Y           Z   (Angstrom)
<Feb04-2022> <13:57:22>     1.C        -2.219156   -0.303121    0.222008
<Feb04-2022> <13:57:22>     2.C        -1.017496   -0.630906   -0.293421
<Feb04-2022> <13:57:22>     3.C         0.149211    0.246214   -0.127108
<Feb04-2022> <13:57:22>     4.O         1.262666    0.011073   -0.565182
<Feb04-2022> <13:57:22>     5.H        -2.297270    0.637831    0.773369
<Feb04-2022> <13:57:22>     6.H        -0.861443   -1.556338   -0.845180
<Feb04-2022> <13:57:22>     7.C        -5.805659   -2.631860   -0.038850
<Feb04-2022> <13:57:22>     8.C        -5.393151   -2.103871    1.186893
<Feb04-2022> <13:57:22>     9.C        -4.234753   -1.335421    1.264754
<Feb04-2022> <13:57:22>    10.C        -3.451105   -1.103037    0.120273
<Feb04-2022> <13:57:22>    11.C        -3.876778   -1.637297   -1.106666
<Feb04-2022> <13:57:22>    12.C        -5.047524   -2.391145   -1.184373
<Feb04-2022> <13:57:22>    13.H        -5.978013   -2.288605    2.085188
<Feb04-2022> <13:57:22>    14.H        -3.923290   -0.925062    2.222842
<Feb04-2022> <13:57:22>    15.H        -3.292029   -1.448061   -2.002804
<Feb04-2022> <13:57:22>    16.H        -5.367322   -2.788750   -2.144985
<Feb04-2022> <13:57:22>    17.H        -6.716840   -3.222328   -0.099835
<Feb04-2022> <13:57:22>    18.H        -0.049488    1.181217    0.453536
<Feb04-2022> <13:57:27>  >>>> CORORT
<Feb04-2022> <13:57:27>  >>>> CLSMAT
<Feb04-2022> <13:57:27>  >>>> ORTHON
<Feb04-2022> <13:57:27>  >>>> GENPT
<Feb04-2022> <13:57:28>  Block Length= 128
<Feb04-2022> <13:57:29>  >>>> PTBAS
<Feb04-2022> <13:57:34>  >>>> CYCLE
<Feb04-2022> <13:58:06>  using orbital data from restart file
<Feb04-2022> <13:58:12>              |Error|         MaxErr       Wt(A-DIIS)
<Feb04-2022> <13:58:12>      1      0.38133300      0.10256360
<Feb04-2022> <13:58:29>      2      0.07928798      0.00948180    100.0
<Feb04-2022> <13:58:50>      3      0.13743386      0.01638935    100.0
<Feb04-2022> <13:59:07>      4      0.02850196      0.00480284      3.8
<Feb04-2022> <13:59:29>      5      0.00960383      0.00201739      1.0
<Feb04-2022> <13:59:45>      6      0.00421357      0.00080887      0.0
<Feb04-2022> <14:00:06>      7      0.00120353      0.00022312      0.0
<Feb04-2022> <14:00:23>      8      0.00052545      0.00010013      0.0
<Feb04-2022> <14:00:44>      9      0.00020330      0.00002003      0.0
<Feb04-2022> <14:01:01>     10      0.00005194      0.00000526      0.0
<Feb04-2022> <14:01:23>     11      0.00001653      0.00000178      0.0
<Feb04-2022> <14:01:39>     12      0.00000650      0.00000067      0.0
<Feb04-2022> <14:01:55>  SCF converged
<Feb04-2022> <14:02:00>     13      0.00000287      0.00000039      0.0
<Feb04-2022> <14:02:12>  >>>> TOTEN
<Feb04-2022> <14:02:22>  >>>> POPAN
<Feb04-2022> <14:02:22>  >>>> DEBYE
<Feb04-2022> <14:02:23>  >>>> ENGRAD
<Feb04-2022> <14:02:43>  current energy                               -4.11466826 Hartree
<Feb04-2022> <14:02:43>  energy change                      -0.00182680     0.00018000    F
<Feb04-2022> <14:02:43>  constrained gradient max            0.00492845     0.00100000    F
<Feb04-2022> <14:02:43>  constrained gradient rms            0.00164418     0.00066667    F
<Feb04-2022> <14:02:43>  gradient max                        0.00492845
<Feb04-2022> <14:02:43>  gradient rms                        0.00164418
<Feb04-2022> <14:02:43>  cart. step max                      0.22257853     0.01000000    F
<Feb04-2022> <14:02:43>  cart. step rms                      0.07281740     0.00666667    F
<Feb04-2022> <14:02:43>  Iteration 14
<Feb04-2022> <14:02:44>  *** GOStep14 ***
<Feb04-2022> <14:02:51>  >>>> FRAGM
<Feb04-2022> <14:02:51>  Coordinates
<Feb04-2022> <14:02:51>     Atom         X           Y           Z   (Angstrom)
<Feb04-2022> <14:02:51>     1.C        -2.199172   -0.350708    0.276042
<Feb04-2022> <14:02:51>     2.C        -1.036503   -0.586365   -0.369532
<Feb04-2022> <14:02:51>     3.C         0.142111    0.259204   -0.151887
<Feb04-2022> <14:02:51>     4.O         1.220701    0.103779   -0.701021
<Feb04-2022> <14:02:51>     5.H        -2.228440    0.487515    0.976304
<Feb04-2022> <14:02:51>     6.H        -0.922960   -1.413611   -1.067758
<Feb04-2022> <14:02:51>     7.C        -5.809910   -2.623190   -0.043469
<Feb04-2022> <14:02:51>     8.C        -5.437066   -2.052552    1.176144
<Feb04-2022> <14:02:51>     9.C        -4.271693   -1.297687    1.267417
<Feb04-2022> <14:02:51>    10.C        -3.437568   -1.123229    0.146555
<Feb04-2022> <14:02:51>    11.C        -3.829291   -1.696652   -1.076143
<Feb04-2022> <14:02:51>    12.C        -5.006754   -2.435884   -1.169051
<Feb04-2022> <14:02:51>    13.H        -6.059936   -2.192356    2.056844
<Feb04-2022> <14:02:51>    14.H        -3.991329   -0.852478    2.219700
<Feb04-2022> <14:02:51>    15.H        -3.214252   -1.543326   -1.958608
<Feb04-2022> <14:02:51>    16.H        -5.300254   -2.861087   -2.126258
<Feb04-2022> <14:02:51>    17.H        -6.728427   -3.200863   -0.117035
<Feb04-2022> <14:02:51>    18.H        -0.008694    1.090021    0.582218
<Feb04-2022> <14:02:52>  >>>> CORORT
<Feb04-2022> <14:02:52>  >>>> CLSMAT
<Feb04-2022> <14:02:52>  >>>> ORTHON
<Feb04-2022> <14:02:52>  >>>> GENPT
<Feb04-2022> <14:02:53>  Block Length= 128
<Feb04-2022> <14:02:53>  >>>> PTBAS
<Feb04-2022> <14:02:57>  >>>> CYCLE
<Feb04-2022> <14:03:28>  using orbital data from restart file
<Feb04-2022> <14:03:32>              |Error|         MaxErr       Wt(A-DIIS)
<Feb04-2022> <14:03:32>      1      0.43572113      0.10112906
<Feb04-2022> <14:03:41>      2      0.10297987      0.01147676    100.0
<Feb04-2022> <14:03:58>      3      0.19214312      0.02185875    100.0
<Feb04-2022> <14:04:15>      4      0.04148490      0.00590593      5.0
<Feb04-2022> <14:04:36>      5      0.01123929      0.00184430      0.9
<Feb04-2022> <14:04:53>      6      0.00466686      0.00062204      0.0
<Feb04-2022> <14:05:13>      7      0.00134780      0.00024589      0.0
<Feb04-2022> <14:05:35>      8      0.00068345      0.00015630      0.0
<Feb04-2022> <14:05:47>      9      0.00024161      0.00003413      0.0
<Feb04-2022> <14:05:57>     10      0.00006730      0.00000690      0.0
<Feb04-2022> <14:06:10>     11      0.00002160      0.00000261      0.0
<Feb04-2022> <14:06:40>     12      0.00000766      0.00000070      0.0
<Feb04-2022> <14:06:57>  SCF converged
<Feb04-2022> <14:07:03>     13      0.00000381      0.00000048      0.0
<Feb04-2022> <14:07:13>  >>>> TOTEN
<Feb04-2022> <14:07:24>  >>>> POPAN
<Feb04-2022> <14:07:24>  >>>> DEBYE
<Feb04-2022> <14:07:24>  >>>> ENGRAD
<Feb04-2022> <14:07:41>  current energy                               -4.11657449 Hartree
<Feb04-2022> <14:07:41>  energy change                      -0.00190623     0.00018000    F
<Feb04-2022> <14:07:41>  constrained gradient max            0.00407648     0.00100000    F
<Feb04-2022> <14:07:41>  constrained gradient rms            0.00136290     0.00066667    F
<Feb04-2022> <14:07:41>  gradient max                        0.00407648
<Feb04-2022> <14:07:41>  gradient rms                        0.00136290
<Feb04-2022> <14:07:41>  cart. step max                      0.20631497     0.01000000    F
<Feb04-2022> <14:07:41>  cart. step rms                      0.07712521     0.00666667    F
<Feb04-2022> <14:07:41>  Iteration 15
<Feb04-2022> <14:07:41>  *** GOStep15 ***
<Feb04-2022> <14:07:49>  >>>> FRAGM
<Feb04-2022> <14:07:49>  Coordinates
<Feb04-2022> <14:07:49>     Atom         X           Y           Z   (Angstrom)
<Feb04-2022> <14:07:49>     1.C        -2.171747   -0.415349    0.312408
<Feb04-2022> <14:07:49>     2.C        -1.052266   -0.523245   -0.440442
<Feb04-2022> <14:07:49>     3.C         0.135722    0.284174   -0.157780
<Feb04-2022> <14:07:49>     4.O         1.175990    0.239893   -0.795937
<Feb04-2022> <14:07:49>     5.H        -2.143870    0.285276    1.149261
<Feb04-2022> <14:07:49>     6.H        -0.979407   -1.218509   -1.274073
<Feb04-2022> <14:07:49>     7.C        -5.824826   -2.606185   -0.043082
<Feb04-2022> <14:07:49>     8.C        -5.477311   -1.990429    1.161450
<Feb04-2022> <14:07:49>     9.C        -4.294229   -1.264829    1.257142
<Feb04-2022> <14:07:49>    10.C        -3.417861   -1.157624    0.158378
<Feb04-2022> <14:07:49>    11.C        -3.792047   -1.772034   -1.052955
<Feb04-2022> <14:07:49>    12.C        -4.981423   -2.487413   -1.150079
<Feb04-2022> <14:07:49>    13.H        -6.132884   -2.073463    2.025249
<Feb04-2022> <14:07:49>    14.H        -4.032163   -0.784469    2.197465
<Feb04-2022> <14:07:49>    15.H        -3.154692   -1.666724   -1.926053
<Feb04-2022> <14:07:49>    16.H        -5.256969   -2.946735   -2.096666
<Feb04-2022> <14:07:49>    17.H        -6.754179   -3.165543   -0.121336
<Feb04-2022> <14:07:49>    18.H         0.034722    0.973739    0.717511
<Feb04-2022> <14:07:53>  >>>> CORORT
<Feb04-2022> <14:07:54>  >>>> CLSMAT
<Feb04-2022> <14:07:54>  >>>> ORTHON
<Feb04-2022> <14:08:07>  >>>> GENPT
<Feb04-2022> <14:08:07>  Block Length= 128
<Feb04-2022> <14:08:08>  >>>> PTBAS
<Feb04-2022> <14:08:12>  >>>> CYCLE
<Feb04-2022> <14:08:32>  using orbital data from restart file
<Feb04-2022> <14:08:36>              |Error|         MaxErr       Wt(A-DIIS)
<Feb04-2022> <14:08:36>      1      0.45612614      0.11727555
<Feb04-2022> <14:08:43>      2      0.11527175      0.01228731    100.0
<Feb04-2022> <14:08:50>      3      0.22625003      0.02479360    100.0
<Feb04-2022> <14:09:00>      4      0.05087398      0.00636299      5.4
<Feb04-2022> <14:09:13>      5      0.01251945      0.00210682      1.1
<Feb04-2022> <14:09:35>      6      0.00580009      0.00090680      0.0
<Feb04-2022> <14:09:51>      7      0.00187828      0.00037693      0.0
<Feb04-2022> <14:10:13>      8      0.00077827      0.00016588      0.0
<Feb04-2022> <14:10:29>      9      0.00027042      0.00002461      0.0
<Feb04-2022> <14:10:51>     10      0.00007115      0.00000774      0.0
<Feb04-2022> <14:11:07>     11      0.00002364      0.00000277      0.0
<Feb04-2022> <14:11:28>     12      0.00000744      0.00000077      0.0
<Feb04-2022> <14:11:40>  SCF converged
<Feb04-2022> <14:11:45>     13      0.00000421      0.00000045      0.0
<Feb04-2022> <14:12:01>  >>>> TOTEN
<Feb04-2022> <14:12:13>  >>>> POPAN
<Feb04-2022> <14:12:14>  >>>> DEBYE
<Feb04-2022> <14:12:15>  >>>> ENGRAD
<Feb04-2022> <14:12:33>  current energy                               -4.11790151 Hartree
<Feb04-2022> <14:12:33>  energy change                      -0.00132702     0.00018000    F
<Feb04-2022> <14:12:33>  constrained gradient max            0.00340433     0.00100000    F
<Feb04-2022> <14:12:33>  constrained gradient rms            0.00107535     0.00066667    F
<Feb04-2022> <14:12:33>  gradient max                        0.00340433
<Feb04-2022> <14:12:33>  gradient rms                        0.00107535
<Feb04-2022> <14:12:33>  cart. step max                      0.20783170     0.01000000    F
<Feb04-2022> <14:12:33>  cart. step rms                      0.07093940     0.00666667    F
<Feb04-2022> <14:12:33>  Iteration 16
<Feb04-2022> <14:12:33>  *** GOStep16 ***
<Feb04-2022> <14:12:37>  >>>> FRAGM
<Feb04-2022> <14:12:37>  Coordinates
<Feb04-2022> <14:12:37>     Atom         X           Y           Z   (Angstrom)
<Feb04-2022> <14:12:37>     1.C        -2.139130   -0.487322    0.330812
<Feb04-2022> <14:12:37>     2.C        -1.062184   -0.458370   -0.490645
<Feb04-2022> <14:12:37>     3.C         0.128662    0.317820   -0.149399
<Feb04-2022> <14:12:37>     4.O         1.132429    0.393640   -0.841870
<Feb04-2022> <14:12:37>     5.H        -2.059640    0.079171    1.260157
<Feb04-2022> <14:12:37>     6.H        -1.022970   -1.010677   -1.426439
<Feb04-2022> <14:12:37>     7.C        -5.848389   -2.580025   -0.041715
<Feb04-2022> <14:12:37>     8.C        -5.507079   -1.930932    1.145739
<Feb04-2022> <14:12:37>     9.C        -4.301485   -1.242575    1.239744
<Feb04-2022> <14:12:37>    10.C        -3.397777   -1.198370    0.157887
<Feb04-2022> <14:12:37>    11.C        -3.767485   -1.851143   -1.037135
<Feb04-2022> <14:12:37>    12.C        -4.975095   -2.531656   -1.132588
<Feb04-2022> <14:12:37>    13.H        -6.183963   -1.958224    1.996148
<Feb04-2022> <14:12:37>    14.H        -4.042068   -0.737935    2.167757
<Feb04-2022> <14:12:37>    15.H        -3.108595   -1.814510   -1.898959
<Feb04-2022> <14:12:37>    16.H        -5.241197   -3.026857   -2.063330
<Feb04-2022> <14:12:37>    17.H        -6.791715   -3.115011   -0.120074
<Feb04-2022> <14:12:37>    18.H         0.068241    0.863508    0.824369
<Feb04-2022> <14:12:37>  >>>> CORORT
<Feb04-2022> <14:12:37>  >>>> CLSMAT
<Feb04-2022> <14:12:37>  >>>> ORTHON
<Feb04-2022> <14:12:37>  >>>> GENPT
<Feb04-2022> <14:12:38>  Block Length= 128
<Feb04-2022> <14:12:40>  >>>> PTBAS
<Feb04-2022> <14:12:45>  >>>> CYCLE
<Feb04-2022> <14:13:16>  using orbital data from restart file
<Feb04-2022> <14:13:21>              |Error|         MaxErr       Wt(A-DIIS)
<Feb04-2022> <14:13:21>      1      0.41854157      0.12659659
<Feb04-2022> <14:13:38>      2      0.09561503      0.01005249    100.0
<Feb04-2022> <14:13:59>      3      0.18510403      0.01986332    100.0
<Feb04-2022> <14:14:16>      4      0.04158676      0.00534354      4.4
<Feb04-2022> <14:14:37>      5      0.01139936      0.00211034      1.1
<Feb04-2022> <14:14:53>      6      0.00579909      0.00109562      0.1
<Feb04-2022> <14:15:14>      7      0.00183204      0.00034575      0.0
<Feb04-2022> <14:15:31>      8      0.00060395      0.00010760      0.0
<Feb04-2022> <14:15:53>      9      0.00019959      0.00001906      0.0
<Feb04-2022> <14:16:08>     10      0.00006534      0.00000683      0.0
<Feb04-2022> <14:16:29>     11      0.00001882      0.00000204      0.0
<Feb04-2022> <14:16:46>     12      0.00000549      0.00000058      0.0
<Feb04-2022> <14:16:55>  SCF converged
<Feb04-2022> <14:17:00>     13      0.00000271      0.00000033      0.0
<Feb04-2022> <14:17:03>  >>>> TOTEN
<Feb04-2022> <14:17:13>  >>>> POPAN
<Feb04-2022> <14:17:14>  >>>> DEBYE
<Feb04-2022> <14:17:15>  >>>> ENGRAD
<Feb04-2022> <14:17:34>  current energy                               -4.11848314 Hartree
<Feb04-2022> <14:17:34>  energy change                      -0.00058163     0.00018000    F
<Feb04-2022> <14:17:34>  constrained gradient max            0.00498655     0.00100000    F
<Feb04-2022> <14:17:34>  constrained gradient rms            0.00129053     0.00066667    F
<Feb04-2022> <14:17:34>  gradient max                        0.00498655
<Feb04-2022> <14:17:34>  gradient rms                        0.00129053
<Feb04-2022> <14:17:34>  cart. step max                      0.12612723     0.01000000    F
<Feb04-2022> <14:17:34>  cart. step rms                      0.03981721     0.00666667    F
<Feb04-2022> <14:17:34>  Iteration 17
<Feb04-2022> <14:17:34>  *** GOStep17 ***
<Feb04-2022> <14:17:42>  >>>> FRAGM
<Feb04-2022> <14:17:42>  Coordinates
<Feb04-2022> <14:17:42>     Atom         X           Y           Z   (Angstrom)
<Feb04-2022> <14:17:42>     1.C        -2.120603   -0.523318    0.339770
<Feb04-2022> <14:17:42>     2.C        -1.074990   -0.419166   -0.513935
<Feb04-2022> <14:17:42>     3.C         0.122481    0.336182   -0.148837
<Feb04-2022> <14:17:42>     4.O         1.100936    0.478170   -0.866479
<Feb04-2022> <14:17:42>     5.H        -2.010380   -0.025572    1.304912
<Feb04-2022> <14:17:42>     6.H        -1.063729   -0.884550   -1.496502
<Feb04-2022> <14:17:42>     7.C        -5.862856   -2.559013   -0.046394
<Feb04-2022> <14:17:42>     8.C        -5.524704   -1.896922    1.134032
<Feb04-2022> <14:17:42>     9.C        -4.301350   -1.240793    1.236460
<Feb04-2022> <14:17:42>    10.C        -3.384870   -1.227455    0.164990
<Feb04-2022> <14:17:42>    11.C        -3.748209   -1.899501   -1.021151
<Feb04-2022> <14:17:42>    12.C        -4.967996   -2.556352   -1.121523
<Feb04-2022> <14:17:42>    13.H        -6.213804   -1.893610    1.974737
<Feb04-2022> <14:17:42>    14.H        -4.044160   -0.725342    2.158901
<Feb04-2022> <14:17:42>    15.H        -3.073472   -1.906343   -1.871190
<Feb04-2022> <14:17:42>    16.H        -5.228422   -3.068548   -2.044418
<Feb04-2022> <14:17:42>    17.H        -6.815962   -3.075055   -0.130526
<Feb04-2022> <14:17:42>    18.H         0.092652    0.797719    0.867614
<Feb04-2022> <14:17:44>  >>>> CORORT
<Feb04-2022> <14:17:44>  >>>> CLSMAT
<Feb04-2022> <14:17:44>  >>>> ORTHON
<Feb04-2022> <14:18:05>  >>>> GENPT
<Feb04-2022> <14:18:06>  Block Length= 128
<Feb04-2022> <14:18:08>  >>>> PTBAS
<Feb04-2022> <14:18:12>  >>>> CYCLE
<Feb04-2022> <14:18:49>  using orbital data from restart file
<Feb04-2022> <14:18:54>              |Error|         MaxErr       Wt(A-DIIS)
<Feb04-2022> <14:18:54>      1      0.23724871      0.06766235
<Feb04-2022> <14:19:09>      2      0.03396242      0.00400319    100.0
<Feb04-2022> <14:19:21>      3      0.05172730      0.00536812    100.0
<Feb04-2022> <14:19:29>      4      0.01271899      0.00199258      1.0
<Feb04-2022> <14:19:58>      5      0.00572991      0.00131788      0.3
<Feb04-2022> <14:20:05>      6      0.00271004      0.00054904      0.0
<Feb04-2022> <14:20:12>      7      0.00066571      0.00008687      0.0
<Feb04-2022> <14:20:19>      8      0.00024956      0.00002863      0.0
<Feb04-2022> <14:20:26>      9      0.00005749      0.00000538      0.0
<Feb04-2022> <14:20:33>     10      0.00003492      0.00000357      0.0
<Feb04-2022> <14:20:40>     11      0.00000606      0.00000070      0.0
<Feb04-2022> <14:20:43>  SCF converged
<Feb04-2022> <14:20:48>     12      0.00000278      0.00000029      0.0
<Feb04-2022> <14:20:59>  >>>> TOTEN
<Feb04-2022> <14:21:09>  >>>> POPAN
<Feb04-2022> <14:21:09>  >>>> DEBYE
<Feb04-2022> <14:21:10>  >>>> ENGRAD
<Feb04-2022> <14:21:29>  current energy                               -4.11858841 Hartree
<Feb04-2022> <14:21:29>  energy change                      -0.00010527     0.00018000    T
<Feb04-2022> <14:21:30>  constrained gradient max            0.00245474     0.00100000    F
<Feb04-2022> <14:21:30>  constrained gradient rms            0.00075844     0.00066667    F
<Feb04-2022> <14:21:30>  gradient max                        0.00245474
<Feb04-2022> <14:21:30>  gradient rms                        0.00075844
<Feb04-2022> <14:21:30>  cart. step max                      0.03795076     0.01000000    F
<Feb04-2022> <14:21:30>  cart. step rms                      0.01468297     0.00666667    F
<Feb04-2022> <14:21:30>  Iteration 18
<Feb04-2022> <14:21:30>  *** GOStep18 ***
<Feb04-2022> <14:21:38>  >>>> FRAGM
<Feb04-2022> <14:21:38>  Coordinates
<Feb04-2022> <14:21:38>     Atom         X           Y           Z   (Angstrom)
<Feb04-2022> <14:21:38>     1.C        -2.109917   -0.543491    0.350558
<Feb04-2022> <14:21:38>     2.C        -1.081063   -0.411676   -0.518331
<Feb04-2022> <14:21:38>     3.C         0.118012    0.343753   -0.154811
<Feb04-2022> <14:21:38>     4.O         1.083074    0.509949   -0.884931
<Feb04-2022> <14:21:38>     5.H        -1.988363   -0.063385    1.323685
<Feb04-2022> <14:21:38>     6.H        -1.085084   -0.846599   -1.514951
<Feb04-2022> <14:21:38>     7.C        -5.866595   -2.550813   -0.050970
<Feb04-2022> <14:21:38>     8.C        -5.531205   -1.887337    1.129320
<Feb04-2022> <14:21:38>     9.C        -4.304483   -1.237863    1.237133
<Feb04-2022> <14:21:38>    10.C        -3.380124   -1.238853    0.173191
<Feb04-2022> <14:21:38>    11.C        -3.737331   -1.916535   -1.010919
<Feb04-2022> <14:21:38>    12.C        -4.963763   -2.560236   -1.119313
<Feb04-2022> <14:21:38>    13.H        -6.226759   -1.872791    1.964726
<Feb04-2022> <14:21:38>    14.H        -4.048802   -0.722756    2.160268
<Feb04-2022> <14:21:38>    15.H        -3.053513   -1.939568   -1.853645
<Feb04-2022> <14:21:38>    16.H        -5.220435   -3.076620   -2.041074
<Feb04-2022> <14:21:38>    17.H        -6.824598   -3.056751   -0.141635
<Feb04-2022> <14:21:38>    18.H         0.101512    0.782106    0.872159
<Feb04-2022> <14:21:38>  >>>> CORORT
<Feb04-2022> <14:21:38>  >>>> CLSMAT
<Feb04-2022> <14:21:38>  >>>> ORTHON
<Feb04-2022> <14:21:38>  >>>> GENPT
<Feb04-2022> <14:21:39>  Block Length= 128
<Feb04-2022> <14:21:39>  >>>> PTBAS
<Feb04-2022> <14:21:43>  >>>> CYCLE
<Feb04-2022> <14:22:16>  using orbital data from restart file
<Feb04-2022> <14:22:21>              |Error|         MaxErr       Wt(A-DIIS)
<Feb04-2022> <14:22:21>      1      0.09438082      0.02462890
<Feb04-2022> <14:22:42>      2      0.00964736      0.00151241    100.0
<Feb04-2022> <14:22:59>      3      0.00935694      0.00089045    100.0
<Feb04-2022> <14:23:20>      4      0.00613732      0.00077521      0.0
<Feb04-2022> <14:23:36>      5      0.00098933      0.00023013      0.0
<Feb04-2022> <14:23:57>      6      0.00052346      0.00012515      0.0
<Feb04-2022> <14:24:14>      7      0.00019117      0.00002953      0.0
<Feb04-2022> <14:24:36>      8      0.00005370      0.00000597      0.0
<Feb04-2022> <14:24:52>      9      0.00001797      0.00000194      0.0
<Feb04-2022> <14:25:14>     10      0.00000686      0.00000073      0.0
<Feb04-2022> <14:25:25>  SCF converged
<Feb04-2022> <14:25:30>     11      0.00000193      0.00000019      0.0
<Feb04-2022> <14:25:47>  >>>> TOTEN
<Feb04-2022> <14:25:59>  >>>> POPAN
<Feb04-2022> <14:26:00>  >>>> DEBYE
<Feb04-2022> <14:26:00>  >>>> ENGRAD
<Feb04-2022> <14:26:18>  current energy                               -4.11860622 Hartree
<Feb04-2022> <14:26:18>  energy change                      -0.00001782     0.00018000    T
<Feb04-2022> <14:26:18>  constrained gradient max            0.00082432     0.00100000    T
<Feb04-2022> <14:26:18>  constrained gradient rms            0.00034309     0.00066667    T
<Feb04-2022> <14:26:18>  gradient max                        0.00082432
<Feb04-2022> <14:26:18>  gradient rms                        0.00034309
<Feb04-2022> <14:26:18>  cart. step max                      0.01291296     0.01000000    F
<Feb04-2022> <14:26:18>  cart. step rms                      0.00405227     0.00666667    T
<Feb04-2022> <14:26:18>  Iteration 19
<Feb04-2022> <14:26:19>  *** GOStep19 ***
<Feb04-2022> <14:26:23>  >>>> FRAGM
<Feb04-2022> <14:26:23>  Coordinates
<Feb04-2022> <14:26:23>     Atom         X           Y           Z   (Angstrom)
<Feb04-2022> <14:26:23>     1.C        -2.111742   -0.539735    0.351628
<Feb04-2022> <14:26:23>     2.C        -1.086312   -0.405631   -0.520829
<Feb04-2022> <14:26:23>     3.C         0.118898    0.340657   -0.156556
<Feb04-2022> <14:26:23>     4.O         1.082220    0.506531   -0.888891
<Feb04-2022> <14:26:23>     5.H        -1.985875   -0.064765    1.326915
<Feb04-2022> <14:26:23>     6.H        -1.096473   -0.833686   -1.520434
<Feb04-2022> <14:26:23>     7.C        -5.865538   -2.551438   -0.051974
<Feb04-2022> <14:26:23>     8.C        -5.533123   -1.885344    1.127746
<Feb04-2022> <14:26:23>     9.C        -4.305468   -1.238144    1.238717
<Feb04-2022> <14:26:23>    10.C        -3.380743   -1.237839    0.175458
<Feb04-2022> <14:26:23>    11.C        -3.734997   -1.916907   -1.008478
<Feb04-2022> <14:26:23>    12.C        -4.960140   -2.563449   -1.117885
<Feb04-2022> <14:26:23>    13.H        -6.230095   -1.870071    1.962174
<Feb04-2022> <14:26:23>    14.H        -4.052574   -0.720579    2.161385
<Feb04-2022> <14:26:23>    15.H        -3.049321   -1.939842   -1.849889
<Feb04-2022> <14:26:23>    16.H        -5.214820   -3.080847   -2.039817
<Feb04-2022> <14:26:23>    17.H        -6.822956   -3.058603   -0.143569
<Feb04-2022> <14:26:23>    18.H         0.109620    0.770226    0.874763
<Feb04-2022> <14:26:23>  >>>> CORORT
<Feb04-2022> <14:26:23>  >>>> CLSMAT
<Feb04-2022> <14:26:23>  >>>> ORTHON
<Feb04-2022> <14:26:23>  >>>> GENPT
<Feb04-2022> <14:26:23>  Block Length= 128
<Feb04-2022> <14:26:25>  >>>> PTBAS
<Feb04-2022> <14:26:30>  >>>> CYCLE
<Feb04-2022> <14:27:01>  using orbital data from restart file
<Feb04-2022> <14:27:07>              |Error|         MaxErr       Wt(A-DIIS)
<Feb04-2022> <14:27:07>      1      0.01937820      0.00328667
<Feb04-2022> <14:27:23>      2      0.00272595      0.00033922    100.0
<Feb04-2022> <14:27:42>      3      0.00437734      0.00071357    100.0
<Feb04-2022> <14:28:01>      4      0.00090575      0.00012893      0.0
<Feb04-2022> <14:28:20>      5      0.00043223      0.00005518      0.0
<Feb04-2022> <14:28:45>      6      0.00019534      0.00004526      0.0
<Feb04-2022> <14:29:03>      7      0.00006724      0.00001561      0.0
<Feb04-2022> <14:29:32>      8      0.00001931      0.00000179      0.0
<Feb04-2022> <14:30:03>      9      0.00000736      0.00000062      0.0
<Feb04-2022> <14:30:17>  SCF converged
<Feb04-2022> <14:30:22>     10      0.00000205      0.00000018      0.0
<Feb04-2022> <14:30:30>  >>>> TOTEN
<Feb04-2022> <14:30:39>  >>>> POPAN
<Feb04-2022> <14:30:39>  >>>> DEBYE
<Feb04-2022> <14:30:40>  >>>> ENGRAD
<Feb04-2022> <14:30:59>  current energy                               -4.11861204 Hartree
<Feb04-2022> <14:30:59>  energy change                      -0.00000582     0.00018000    T
<Feb04-2022> <14:30:59>  constrained gradient max            0.00052618     0.00100000    T
<Feb04-2022> <14:30:59>  constrained gradient rms            0.00017307     0.00066667    T
<Feb04-2022> <14:30:59>  gradient max                        0.00052618
<Feb04-2022> <14:30:59>  gradient rms                        0.00017307
<Feb04-2022> <14:30:59>  cart. step max                      0.00117771     0.01000000    T
<Feb04-2022> <14:30:59>  cart. step rms                      0.00055414     0.00666667    T
<Feb04-2022> <14:30:59>  Geometry optimization converged
<Feb04-2022> <14:31:00>  *** adf ***
<Feb04-2022> <14:31:03>  Net Charge: 0 (Nuclei minus Electrons)
<Feb04-2022> <14:31:03>  Symmetry  : NOSYM
<Feb04-2022> <14:31:03>  >>>> FRAGM
<Feb04-2022> <14:31:03>  Coordinates
<Feb04-2022> <14:31:03>     Atom         X           Y           Z   (Angstrom)
<Feb04-2022> <14:31:03>     1.C        -2.111742   -0.539735    0.351628
<Feb04-2022> <14:31:03>     2.C        -1.086312   -0.405631   -0.520829
<Feb04-2022> <14:31:03>     3.C         0.118898    0.340657   -0.156556
<Feb04-2022> <14:31:03>     4.O         1.082220    0.506531   -0.888891
<Feb04-2022> <14:31:03>     5.H        -1.985875   -0.064765    1.326915
<Feb04-2022> <14:31:03>     6.H        -1.096473   -0.833686   -1.520434
<Feb04-2022> <14:31:03>     7.C        -5.865538   -2.551438   -0.051974
<Feb04-2022> <14:31:03>     8.C        -5.533123   -1.885344    1.127746
<Feb04-2022> <14:31:03>     9.C        -4.305468   -1.238144    1.238717
<Feb04-2022> <14:31:03>    10.C        -3.380743   -1.237839    0.175458
<Feb04-2022> <14:31:03>    11.C        -3.734997   -1.916907   -1.008478
<Feb04-2022> <14:31:03>    12.C        -4.960140   -2.563449   -1.117885
<Feb04-2022> <14:31:03>    13.H        -6.230095   -1.870071    1.962174
<Feb04-2022> <14:31:03>    14.H        -4.052574   -0.720579    2.161385
<Feb04-2022> <14:31:03>    15.H        -3.049321   -1.939842   -1.849889
<Feb04-2022> <14:31:03>    16.H        -5.214820   -3.080847   -2.039817
<Feb04-2022> <14:31:03>    17.H        -6.822956   -3.058603   -0.143569
<Feb04-2022> <14:31:03>    18.H         0.109620    0.770226    0.874763
<Feb04-2022> <14:31:04>  >>>> CORORT
<Feb04-2022> <14:31:04>  >>>> CLSMAT
<Feb04-2022> <14:31:04>  >>>> ORTHON
<Feb04-2022> <14:31:04>  >>>> GENPT
<Feb04-2022> <14:31:04>  Block Length= 128
<Feb04-2022> <14:31:06>  >>>> PTBAS
<Feb04-2022> <14:31:09>  >>>> CYCLE
<Feb04-2022> <14:31:31>  using orbital data from restart file
<Feb04-2022> <14:31:35>              |Error|         MaxErr       Wt(A-DIIS)
<Feb04-2022> <14:31:35>      1      0.00000077      0.00000012
<Feb04-2022> <14:31:41>      2      0.00000164      0.00000025    100.0
<Feb04-2022> <14:31:44>  SCF converged
<Feb04-2022> <14:31:48>      3      0.00000058      0.00000009    100.0
<Feb04-2022> <14:31:57>  >>>> TOTEN
<Feb04-2022> <14:32:17>  >>>> POPAN
<Feb04-2022> <14:32:17>  >>>> DEBYE
<Feb04-2022> <14:32:18>  >>>> AMETS
<Feb04-2022> <14:32:21>   Bond Energy          -4.11861204 a.u.
<Feb04-2022> <14:32:21>   Bond Energy        -112.07313599 eV
<Feb04-2022> <14:32:21>   Bond Energy       -2584.47       kcal/mol
<Feb04-2022> <14:32:21>  >>>> POPUL
<Feb04-2022> <14:32:24>  >>>> ENGRAD
<Feb04-2022> <14:32:42>  >>>> ENHESS
<Feb04-2022> <14:32:52>  === NUCLEUS:     1
<Feb04-2022> <14:38:45>  === NUCLEUS:     2
<Feb04-2022> <14:43:44>  === NUCLEUS:     3
<Feb04-2022> <14:49:01>  === NUCLEUS:     4
<Feb04-2022> <14:54:19>  === NUCLEUS:     5
<Feb04-2022> <14:59:19>  === NUCLEUS:     6
<Feb04-2022> <15:04:34>  === NUCLEUS:     7
<Feb04-2022> <15:09:28>  === NUCLEUS:     8
<Feb04-2022> <15:14:47>  === NUCLEUS:     9
<Feb04-2022> <15:19:45>  === NUCLEUS:    10
<Feb04-2022> <15:24:43>  === NUCLEUS:    11
<Feb04-2022> <15:29:37>  === NUCLEUS:    12
<Feb04-2022> <15:34:21>  === NUCLEUS:    13
<Feb04-2022> <15:39:27>  === NUCLEUS:    14
<Feb04-2022> <15:44:16>  === NUCLEUS:    15
<Feb04-2022> <15:49:23>  === NUCLEUS:    16
<Feb04-2022> <15:54:04>  === NUCLEUS:    17
<Feb04-2022> <15:59:12>  === NUCLEUS:    18
<Feb04-2022> <16:04:01>  >>>> CALC_HESS_PMAT
<Feb04-2022> <16:04:39>  >>>> CALC_HESS_WMAT
<Feb04-2022> <16:04:44>  PES point character: Geometry corresponds to a local minimum on the PES.
<Feb04-2022> <16:04:45>  Geometry optimization successful!
<Feb04-2022> <16:04:45>  WARNING: total elapsed time is much higher than the (CPU+system) time.
<Feb04-2022> <16:04:45>  Make sure the machine is not oversubscribed and has enough memory, SCM_TMPDIR points to a fast file system, and the network is fast enough.
<Feb04-2022> <16:04:45>  NORMAL TERMINATION
